2018-10-23 19:54:36 (16474843161593) INFO  - START: Middleware listening on address 10.0.0.7:8888.
2018-10-23 19:55:59 (16557620537681) STATS -  5.00, 2808, 0, 0.351231, 1.084130, 1.524176, 0.000000, 1.524176, 0.000000, 0, 14044, 0, 1.00, 0.00, 0
2018-10-23 19:55:59 (16557824680105) STATS - 10.00, 3288, 0, 0.194197, 0.944420, 1.194948, 0.000000, 1.194948, 0.000000, 0, 16442, 0, 1.00, 0.00, 0
2018-10-23 19:55:59 (16557911620523) STATS - 15.00, 3313, 0, 0.214082, 0.904499, 1.187526, 0.000000, 1.187526, 0.000000, 0, 16568, 0, 1.00, 0.00, 0
2018-10-23 19:56:00 (16557990309017) STATS - 20.00, 3248, 0, 0.198569, 0.945598, 1.199044, 0.000000, 1.199044, 0.000000, 0, 16243, 0, 1.00, 0.00, 0
2018-10-23 19:56:00 (16558065956191) STATS - 25.00, 3190, 0, 0.221936, 0.998801, 1.278216, 0.000000, 1.278216, 0.000000, 0, 15954, 0, 1.00, 0.00, 0
2018-10-23 19:56:00 (16558134157772) STATS - 30.00, 3186, 0, 0.215801, 0.965141, 1.240220, 0.000000, 1.240220, 0.000000, 0, 15932, 0, 1.00, 0.00, 0
2018-10-23 19:56:00 (16558200875695) STATS - 35.00, 3154, 0, 0.204324, 1.055873, 1.317769, 0.000000, 1.317769, 0.000000, 0, 15771, 0, 1.00, 0.00, 0
2018-10-23 19:56:00 (16558259180888) STATS - 40.00, 3225, 0, 0.213033, 1.007293, 1.280031, 0.000000, 1.280031, 0.000000, 0, 16127, 0, 1.00, 0.00, 0
2018-10-23 19:56:00 (16558316281932) STATS - 45.00, 3247, 0, 0.198916, 0.972845, 1.223634, 0.000000, 1.223634, 0.000000, 0, 16238, 0, 1.00, 0.00, 0
2018-10-23 19:56:00 (16558364697536) STATS - 50.00, 3226, 0, 0.190615, 0.980521, 1.235195, 0.000000, 1.235195, 0.000000, 0, 16134, 0, 1.00, 0.00, 0
2018-10-23 19:56:00 (16558412462514) STATS - 55.00, 3251, 0, 0.204443, 0.959480, 1.219122, 0.000000, 1.219122, 0.000000, 0, 16257, 0, 1.00, 0.00, 0
2018-10-23 19:56:00 (16558459572666) STATS - 60.00, 3265, 0, 0.194626, 0.944753, 1.196226, 0.000000, 1.196226, 0.000000, 0, 16328, 0, 1.00, 0.00, 0
2018-10-23 19:56:00 (16558500268966) STATS - 65.00, 3258, 0, 0.219047, 0.981486, 1.264697, 0.000000, 1.264697, 0.000000, 0, 16293, 0, 1.00, 0.00, 0
2018-10-23 19:56:00 (16558537057012) STATS - 70.00, 3269, 0, 0.197457, 0.959642, 1.211982, 0.000000, 1.211982, 0.000000, 0, 16346, 0, 1.00, 0.00, 0
2018-10-23 19:56:00 (16558538789881) STATS - 70.00, 23, 0, 0.109117, 1.273020, 1.457686, 0.000000, 1.457686, 0.000000, 0, 115, 0, 1.00, 0.00, 0
2018-10-23 19:56:00 (16558904958977) STATS - Interval, Responses
2018-10-23 19:56:00 (16558905333292) STATS - 0.1, 0
2018-10-23 19:56:00 (16558905579201) STATS - 0.2, 0
2018-10-23 19:56:00 (16558905748308) STATS - 0.3, 0
2018-10-23 19:56:00 (16558905905514) STATS - 0.4, 485
2018-10-23 19:56:00 (16558906082521) STATS - 0.5, 8406
2018-10-23 19:56:00 (16558906254928) STATS - 0.6, 22594
2018-10-23 19:56:00 (16558906409934) STATS - 0.7, 31499
2018-10-23 19:56:00 (16558906572440) STATS - 0.8, 34598
2018-10-23 19:56:00 (16558906754548) STATS - 0.9, 31846
2018-10-23 19:56:00 (16558906907454) STATS - 1.0, 24355
2018-10-23 19:56:00 (16558907069360) STATS - 1.1, 16471
2018-10-23 19:56:00 (16558907248267) STATS - 1.2, 10621
2018-10-23 19:56:00 (16558914389748) STATS - 1.3, 7151
2018-10-23 19:56:00 (16558914556654) STATS - 1.4, 5123
2018-10-23 19:56:00 (16558914707460) STATS - 1.5, 3761
2018-10-23 19:56:00 (16558914881567) STATS - 1.6, 2756
2018-10-23 19:56:00 (16558915033673) STATS - 1.7, 2115
2018-10-23 19:56:00 (16558915180279) STATS - 1.8, 1626
2018-10-23 19:56:00 (16558915349085) STATS - 1.9, 1278
2018-10-23 19:56:00 (16558915500191) STATS - 2.0, 1058
2018-10-23 19:56:00 (16558915659498) STATS - 2.1, 850
2018-10-23 19:56:00 (16558915809604) STATS - 2.2, 658
2018-10-23 19:56:00 (16558915957009) STATS - 2.3, 591
2018-10-23 19:56:00 (16558916157417) STATS - 2.4, 508
2018-10-23 19:56:00 (16558916306523) STATS - 2.5, 419
2018-10-23 19:56:00 (16558916476130) STATS - 2.6, 377
2018-10-23 19:56:00 (16558916682838) STATS - 2.7, 439
2018-10-23 19:56:00 (16558916832144) STATS - 2.8, 456
2018-10-23 19:56:00 (16558916981050) STATS - 2.9, 369
2018-10-23 19:56:00 (16558924136431) STATS - 3.0, 365
2018-10-23 19:56:00 (16558924335739) STATS - 3.1, 295
2018-10-23 19:56:00 (16558925800796) STATS - 3.2, 266
2018-10-23 19:56:00 (16558926516124) STATS - 3.3, 245
2018-10-23 19:56:00 (16558926681231) STATS - 3.4, 199
2018-10-23 19:56:00 (16558926820036) STATS - 3.5, 216
2018-10-23 19:56:00 (16558926962442) STATS - 3.6, 184
2018-10-23 19:56:00 (16558927147849) STATS - 3.7, 203
2018-10-23 19:56:00 (16558927483463) STATS - 3.8, 236
2018-10-23 19:56:00 (16558927650969) STATS - 3.9, 175
2018-10-23 19:56:00 (16558927801475) STATS - 4.0, 180
2018-10-23 19:56:00 (16558927935880) STATS - 4.1, 169
2018-10-23 19:56:00 (16558928108687) STATS - 4.2, 161
2018-10-23 19:56:00 (16558928241892) STATS - 4.3, 166
2018-10-23 19:56:00 (16558928376398) STATS - 4.4, 161
2018-10-23 19:56:00 (16558928558005) STATS - 4.5, 185
2018-10-23 19:56:00 (16558933846313) STATS - 4.6, 167
2018-10-23 19:56:00 (16558934009619) STATS - 4.7, 180
2018-10-23 19:56:00 (16558934186826) STATS - 4.8, 179
2018-10-23 19:56:00 (16558934339232) STATS - 4.9, 173
2018-10-23 19:56:00 (16558934466137) STATS - 5.0, 154
2018-10-23 19:56:00 (16558934614243) STATS - 5.1, 185
2018-10-23 19:56:00 (16558934743548) STATS - 5.2, 162
2018-10-23 19:56:00 (16558934893654) STATS - 5.3, 154
2018-10-23 19:56:00 (16558935022259) STATS - 5.4, 151
2018-10-23 19:56:00 (16558935350072) STATS - 5.5, 195
2018-10-23 19:56:00 (16558935815890) STATS - 5.6, 175
2018-10-23 19:56:00 (16558935981197) STATS - 5.7, 206
2018-10-23 19:56:00 (16558936310510) STATS - 5.8, 205
2018-10-23 19:56:00 (16558936447015) STATS - 5.9, 185
2018-10-23 19:56:00 (16558936584520) STATS - 6.0, 197
2018-10-23 19:56:00 (16558936745127) STATS - 6.1, 226
2018-10-23 19:56:00 (16558936870232) STATS - 6.2, 272
2018-10-23 19:56:00 (16558937019737) STATS - 6.3, 303
2018-10-23 19:56:00 (16558943564595) STATS - 6.4, 298
2018-10-23 19:56:00 (16558943736102) STATS - 6.5, 335
2018-10-23 19:56:00 (16558943864307) STATS - 6.6, 373
2018-10-23 19:56:00 (16558944211520) STATS - 6.7, 354
2018-10-23 19:56:00 (16558944398728) STATS - 6.8, 379
2018-10-23 19:56:00 (16558944550034) STATS - 6.9, 353
2018-10-23 19:56:00 (16558944747341) STATS - 7.0, 461
2018-10-23 19:56:00 (16558944897147) STATS - 7.1, 496
2018-10-23 19:56:00 (16558945041253) STATS - 7.2, 493
2018-10-23 19:56:00 (16558945185659) STATS - 7.3, 457
2018-10-23 19:56:00 (16558945341465) STATS - 7.4, 480
2018-10-23 19:56:00 (16558945488970) STATS - 7.5, 368
2018-10-23 19:56:00 (16558945664977) STATS - 7.6, 287
2018-10-23 19:56:00 (16558945789682) STATS - 7.7, 229
2018-10-23 19:56:00 (16558945902887) STATS - 7.8, 163
2018-10-23 19:56:00 (16558946017391) STATS - 7.9, 146
2018-10-23 19:56:00 (16558946126896) STATS - 8.0, 125
2018-10-23 19:56:00 (16558946241400) STATS - 8.1, 121
2018-10-23 19:56:00 (16558946354904) STATS - 8.2, 83
2018-10-23 19:56:00 (16558946490410) STATS - 8.3, 99
2018-10-23 19:56:00 (16558953309778) STATS - 8.4, 76
2018-10-23 19:56:00 (16558953443883) STATS - 8.5, 56
2018-10-23 19:56:00 (16558953575588) STATS - 8.6, 70
2018-10-23 19:56:00 (16558953683793) STATS - 8.7, 48
2018-10-23 19:56:00 (16558953791097) STATS - 8.8, 42
2018-10-23 19:56:00 (16558953899901) STATS - 8.9, 45
2018-10-23 19:56:00 (16558954051507) STATS - 9.0, 39
2018-10-23 19:56:00 (16558954162111) STATS - 9.1, 55
2018-10-23 19:56:00 (16558954278616) STATS - 9.2, 27
2018-10-23 19:56:00 (16558954411421) STATS - 9.3, 37
2018-10-23 19:56:00 (16558954514825) STATS - 9.4, 37
2018-10-23 19:56:00 (16558954618629) STATS - 9.5, 31
2018-10-23 19:56:00 (16558954722533) STATS - 9.6, 50
2018-10-23 19:56:00 (16558954840838) STATS - 9.7, 35
2018-10-23 19:56:00 (16558954989444) STATS - 9.8, 49
2018-10-23 19:56:00 (16558955112649) STATS - 9.9, 70
2018-10-23 19:56:00 (16558955237054) STATS - 10.0, 59
2018-10-23 19:56:00 (16558955362559) STATS - 10.1, 18
2018-10-23 19:56:00 (16558955493064) STATS - 10.2, 11
2018-10-23 19:56:00 (16558955599868) STATS - 10.3, 12
2018-10-23 19:56:00 (16558955711172) STATS - 10.4, 22
2018-10-23 19:56:00 (16558955818377) STATS - 10.5, 15
2018-10-23 19:56:00 (16558956131189) STATS - 10.6, 12
2018-10-23 19:56:00 (16558962999759) STATS - 10.7, 13
2018-10-23 19:56:00 (16558963175666) STATS - 10.8, 15
2018-10-23 19:56:00 (16558963404775) STATS - 10.9, 18
2018-10-23 19:56:00 (16558963552281) STATS - 11.0, 22
2018-10-23 19:56:00 (16558963716487) STATS - 11.1, 16
2018-10-23 19:56:00 (16558963861493) STATS - 11.2, 3
2018-10-23 19:56:00 (16558963991298) STATS - 11.3, 13
2018-10-23 19:56:00 (16558964121503) STATS - 11.4, 11
2018-10-23 19:56:00 (16558964230607) STATS - 11.5, 11
2018-10-23 19:56:00 (16558964339912) STATS - 11.6, 13
2018-10-23 19:56:00 (16558964449716) STATS - 11.7, 6
2018-10-23 19:56:00 (16558964585221) STATS - 11.8, 10
2018-10-23 19:56:00 (16558964921034) STATS - 11.9, 4
2018-10-23 19:56:00 (16558965033139) STATS - 12.0, 7
2018-10-23 19:56:00 (16558965143943) STATS - 12.1, 4
2018-10-23 19:56:00 (16558965252347) STATS - 12.2, 7
2018-10-23 19:56:00 (16558965359952) STATS - 12.3, 8
2018-10-23 19:56:00 (16558965472156) STATS - 12.4, 7
2018-10-23 19:56:00 (16558965581660) STATS - 12.5, 10
2018-10-23 19:56:00 (16558965691165) STATS - 12.6, 7
2018-10-23 19:56:01 (16558972611037) STATS - 12.7, 7
2018-10-23 19:56:01 (16558972783744) STATS - 12.8, 7
2018-10-23 19:56:01 (16558972896548) STATS - 12.9, 0
2018-10-23 19:56:01 (16558973005652) STATS - 13.0, 6
2018-10-23 19:56:01 (16558973118657) STATS - 13.1, 2
2018-10-23 19:56:01 (16558973225761) STATS - 13.2, 2
2018-10-23 19:56:01 (16558973333765) STATS - 13.3, 3
2018-10-23 19:56:01 (16558973440269) STATS - 13.4, 7
2018-10-23 19:56:01 (16558973545974) STATS - 13.5, 10
2018-10-23 19:56:01 (16558973659378) STATS - 13.6, 8
2018-10-23 19:56:01 (16558973779283) STATS - 13.7, 19
2018-10-23 19:56:01 (16558973883287) STATS - 13.8, 11
2018-10-23 19:56:01 (16558973987591) STATS - 13.9, 5
2018-10-23 19:56:01 (16558974106296) STATS - 14.0, 4
2018-10-23 19:56:01 (16558974214300) STATS - 14.1, 2
2018-10-23 19:56:01 (16558974322104) STATS - 14.2, 8
2018-10-23 19:56:01 (16558974428508) STATS - 14.3, 8
2018-10-23 19:56:01 (16558974535212) STATS - 14.4, 5
2018-10-23 19:56:01 (16558974678618) STATS - 14.5, 8
2018-10-23 19:56:01 (16558974792323) STATS - 14.6, 7
2018-10-23 19:56:01 (16558974899927) STATS - 14.7, 4
2018-10-23 19:56:01 (16558975218739) STATS - 14.8, 2
2018-10-23 19:56:01 (16558975326644) STATS - 14.9, 9
2018-10-23 19:56:01 (16558975430248) STATS - 15.0, 7
2018-10-23 19:56:01 (16558975535552) STATS - 15.1, 7
2018-10-23 19:56:01 (16558982379221) STATS - 15.2, 2
2018-10-23 19:56:01 (16558982506026) STATS - 15.3, 6
2018-10-23 19:56:01 (16558982622330) STATS - 15.4, 4
2018-10-23 19:56:01 (16558982965044) STATS - 15.5, 5
2018-10-23 19:56:01 (16558983091449) STATS - 15.6, 1
2018-10-23 19:56:01 (16558983205953) STATS - 15.7, 3
2018-10-23 19:56:01 (16558983318458) STATS - 15.8, 1
2018-10-23 19:56:01 (16558983428262) STATS - 15.9, 3
2018-10-23 19:56:01 (16558983571568) STATS - 16.0, 6
2018-10-23 19:56:01 (16558983693373) STATS - 16.1, 6
2018-10-23 19:56:01 (16558983809977) STATS - 16.2, 3
2018-10-23 19:56:01 (16558983959483) STATS - 16.3, 0
2018-10-23 19:56:01 (16558984088788) STATS - 16.4, 0
2018-10-23 19:56:01 (16558984200593) STATS - 16.5, 0
2018-10-23 19:56:01 (16558984308397) STATS - 16.6, 1
2018-10-23 19:56:01 (16558984416701) STATS - 16.7, 3
2018-10-23 19:56:01 (16558984563607) STATS - 16.8, 4
2018-10-23 19:56:01 (16558984671711) STATS - 16.9, 4
2018-10-23 19:56:01 (16558984775315) STATS - 17.0, 2
2018-10-23 19:56:01 (16558984879419) STATS - 17.1, 1
2018-10-23 19:56:01 (16558984984823) STATS - 17.2, 3
2018-10-23 19:56:01 (16558991899595) STATS - 17.3, 3
2018-10-23 19:56:01 (16558992076702) STATS - 17.4, 3
2018-10-23 19:56:01 (16558992203507) STATS - 17.5, 2
2018-10-23 19:56:01 (16558992317812) STATS - 17.6, 0
2018-10-23 19:56:01 (16558992423716) STATS - 17.7, 0
2018-10-23 19:56:01 (16558992527220) STATS - 17.8, 0
2018-10-23 19:56:01 (16558992670926) STATS - 17.9, 0
2018-10-23 19:56:01 (16558992773030) STATS - 18.0, 0
2018-10-23 19:56:01 (16558992879334) STATS - 18.1, 0
2018-10-23 19:56:01 (16558992983038) STATS - 18.2, 0
2018-10-23 19:56:01 (16558993126343) STATS - 18.3, 1
2018-10-23 19:56:01 (16558993232748) STATS - 18.4, 6
2018-10-23 19:56:01 (16558993364853) STATS - 18.5, 0
2018-10-23 19:56:01 (16558993469957) STATS - 18.6, 2
2018-10-23 19:56:01 (16558993657964) STATS - 18.7, 1
2018-10-23 19:56:01 (16558993794770) STATS - 18.8, 1
2018-10-23 19:56:01 (16558993903774) STATS - 18.9, 0
2018-10-23 19:56:01 (16558994004678) STATS - 19.0, 1
2018-10-23 19:56:01 (16558994151584) STATS - 19.1, 1
2018-10-23 19:56:01 (16558994258588) STATS - 19.2, 2
2018-10-23 19:56:01 (16558994362792) STATS - 19.3, 2
2018-10-23 19:56:01 (16558994465596) STATS - 19.4, 1
2018-10-23 19:56:01 (16558994567500) STATS - 19.5, 2
2018-10-23 19:56:01 (16558994670704) STATS - 19.6, 3
2018-10-23 19:56:01 (16558994773208) STATS - 19.7, 1
2018-10-23 19:56:01 (16559001728082) STATS - 19.8, 2
2018-10-23 19:56:01 (16559001841086) STATS - 19.9, 1
2018-10-23 19:56:01 (16559001956791) STATS - 20.0, 2
2018-10-23 19:56:01 (16559002056595) STATS - 20.1, 0
2018-10-23 19:56:01 (16559002155999) STATS - 20.2, 0
2018-10-23 19:56:01 (16559002269703) STATS - 20.3, 1
2018-10-23 19:56:01 (16559002374307) STATS - 20.4, 4
2018-10-23 19:56:01 (16559002475411) STATS - 20.5, 1
2018-10-23 19:56:01 (16559002575815) STATS - 20.6, 1
2018-10-23 19:56:01 (16559002676519) STATS - 20.7, 0
2018-10-23 19:56:01 (16559002899428) STATS - 20.8, 0
2018-10-23 19:56:01 (16559003013432) STATS - 20.9, 0
2018-10-23 19:56:01 (16559003119936) STATS - 21.0, 0
2018-10-23 19:56:01 (16559003274143) STATS - 21.1, 0
2018-10-23 19:56:01 (16559003395547) STATS - 21.2, 0
2018-10-23 19:56:01 (16559003500051) STATS - 21.3, 1
2018-10-23 19:56:01 (16559003601155) STATS - 21.4, 0
2018-10-23 19:56:01 (16559003723560) STATS - 21.5, 0
2018-10-23 19:56:01 (16559003869466) STATS - 21.6, 0
2018-10-23 19:56:01 (16559004147577) STATS - 21.7, 0
2018-10-23 19:56:01 (16559004273782) STATS - 21.8, 0
2018-10-23 19:56:01 (16559004374686) STATS - 21.9, 1
2018-10-23 19:56:01 (16559004473890) STATS - 22.0, 1
2018-10-23 19:56:01 (16559011370761) STATS - 22.1, 0
2018-10-23 19:56:01 (16559011490366) STATS - 22.2, 0
2018-10-23 19:56:01 (16559011593070) STATS - 22.3, 0
2018-10-23 19:56:01 (16559011705174) STATS - 22.4, 0
2018-10-23 19:56:01 (16559011813878) STATS - 22.5, 0
2018-10-23 19:56:01 (16559011920482) STATS - 22.6, 0
2018-10-23 19:56:01 (16559012073889) STATS - 22.7, 0
2018-10-23 19:56:01 (16559012196593) STATS - 22.8, 0
2018-10-23 19:56:01 (16559012300797) STATS - 22.9, 0
2018-10-23 19:56:01 (16559012421102) STATS - 23.0, 0
2018-10-23 19:56:01 (16559012519706) STATS - 23.1, 0
2018-10-23 19:56:01 (16559012673912) STATS - 23.2, 0
2018-10-23 19:56:01 (16559012798517) STATS - 23.3, 0
2018-10-23 19:56:01 (16559012914022) STATS - 23.4, 0
2018-10-23 19:56:01 (16559013383340) STATS - 23.5, 0
2018-10-23 19:56:01 (16559013489944) STATS - 23.6, 0
2018-10-23 19:56:01 (16559013795756) STATS - 23.7, 0
2018-10-23 19:56:01 (16559013933662) STATS - 23.8, 0
2018-10-23 19:56:01 (16559014059567) STATS - 23.9, 0
2018-10-23 19:56:01 (16559021421356) STATS - 24.0, 0
2018-10-23 19:56:01 (16559021597363) STATS - 24.1, 0
2018-10-23 19:56:01 (16559021702167) STATS - 24.2, 0
2018-10-23 19:56:01 (16559021840673) STATS - 24.3, 0
2018-10-23 19:56:01 (16559021942877) STATS - 24.4, 0
2018-10-23 19:56:01 (16559022043781) STATS - 24.5, 0
2018-10-23 19:56:01 (16559022255889) STATS - 24.6, 0
2018-10-23 19:56:01 (16559022373794) STATS - 24.7, 0
2018-10-23 19:56:01 (16559022518399) STATS - 24.8, 0
2018-10-23 19:56:01 (16559022651304) STATS - 24.9, 0
2018-10-23 19:56:01 (16559022774009) STATS - 25.0, 0
2018-10-23 19:56:01 (16559022870713) STATS - 25.1, 4
2018-10-23 19:56:01 (16559022966217) STATS - 25.2, 4
2018-10-23 19:56:01 (16559023065121) STATS - 25.3, 2
2018-10-23 19:56:01 (16559023161225) STATS - 25.4, 0
2018-10-23 19:56:01 (16559023261028) STATS - 25.5, 0
2018-10-23 19:56:01 (16559023360832) STATS - 25.6, 0
2018-10-23 19:56:01 (16559023457536) STATS - 25.7, 0
2018-10-23 19:56:01 (16559023553440) STATS - 25.8, 1
2018-10-23 19:56:01 (16559023675545) STATS - 25.9, 0
2018-10-23 19:56:01 (16559023768648) STATS - 26.0, 0
2018-10-23 19:56:01 (16559023861952) STATS - 26.1, 0
2018-10-23 19:56:01 (16559030758623) STATS - 26.2, 0
2018-10-23 19:56:01 (16559030905329) STATS - 26.3, 0
2018-10-23 19:56:01 (16559031002533) STATS - 26.4, 0
2018-10-23 19:56:01 (16559031104237) STATS - 26.5, 0
2018-10-23 19:56:01 (16559031195840) STATS - 26.6, 0
2018-10-23 19:56:01 (16559031286944) STATS - 26.7, 0
2018-10-23 19:56:01 (16559031381448) STATS - 26.8, 0
2018-10-23 19:56:01 (16559031494652) STATS - 26.9, 0
2018-10-23 19:56:01 (16559031586256) STATS - 27.0, 0
2018-10-23 19:56:01 (16559031777463) STATS - 27.1, 0
2018-10-23 19:56:01 (16559031942670) STATS - 27.2, 0
2018-10-23 19:56:01 (16559032050274) STATS - 27.3, 0
2018-10-23 19:56:01 (16559032142978) STATS - 27.4, 0
2018-10-23 19:56:01 (16559032232681) STATS - 27.5, 0
2018-10-23 19:56:01 (16559032357586) STATS - 27.6, 0
2018-10-23 19:56:01 (16559032472591) STATS - 27.7, 0
2018-10-23 19:56:01 (16559032595995) STATS - 27.8, 0
2018-10-23 19:56:01 (16559032758502) STATS - 27.9, 0
2018-10-23 19:56:01 (16559032854006) STATS - 28.0, 0
2018-10-23 19:56:01 (16559032942309) STATS - 28.1, 0
2018-10-23 19:56:01 (16559033034813) STATS - 28.2, 0
2018-10-23 19:56:01 (16559033140217) STATS - 28.3, 0
2018-10-23 19:56:01 (16559033232020) STATS - 28.4, 0
2018-10-23 19:56:01 (16559033321424) STATS - 28.5, 0
2018-10-23 19:56:01 (16559033413128) STATS - 28.6, 0
2018-10-23 19:56:01 (16559033502731) STATS - 28.7, 0
2018-10-23 19:56:01 (16559040242496) STATS - 28.8, 0
2018-10-23 19:56:01 (16559040408203) STATS - 28.9, 0
2018-10-23 19:56:01 (16559040563609) STATS - 29.0, 0
2018-10-23 19:56:01 (16559040742916) STATS - 29.1, 0
2018-10-23 19:56:01 (16559040873121) STATS - 29.2, 0
2018-10-23 19:56:01 (16559040972425) STATS - 29.3, 0
2018-10-23 19:56:01 (16559041066829) STATS - 29.4, 0
2018-10-23 19:56:01 (16559041158832) STATS - 29.5, 0
2018-10-23 19:56:01 (16559041251936) STATS - 29.6, 0
2018-10-23 19:56:01 (16559041341939) STATS - 29.7, 0
2018-10-23 19:56:01 (16559041433643) STATS - 29.8, 0
2018-10-23 19:56:01 (16559041523347) STATS - 29.9, 0
2018-10-23 19:56:01 (16559041611250) STATS - 30.0, 0
2018-10-23 19:56:01 (16559041742655) STATS - 30.1, 0
2018-10-23 19:56:01 (16559041839559) STATS - 30.2, 0
2018-10-23 19:56:01 (16559041934263) STATS - 30.3, 0
2018-10-23 19:56:01 (16559042070868) STATS - 30.4, 0
2018-10-23 19:56:01 (16559042161572) STATS - 30.5, 0
2018-10-23 19:56:01 (16559042247975) STATS - 30.6, 0
2018-10-23 19:56:01 (16559042334278) STATS - 30.7, 0
2018-10-23 19:56:01 (16559042419682) STATS - 30.8, 0
2018-10-23 19:56:01 (16559042507485) STATS - 30.9, 0
2018-10-23 19:56:01 (16559042608189) STATS - 31.0, 0
2018-10-23 19:56:01 (16559042695593) STATS - 31.1, 0
2018-10-23 19:56:01 (16559042781996) STATS - 31.2, 0
2018-10-23 19:56:01 (16559042866899) STATS - 31.3, 0
2018-10-23 19:56:01 (16559042966603) STATS - 31.4, 0
2018-10-23 19:56:01 (16559043071807) STATS - 31.5, 0
2018-10-23 19:56:01 (16559049878775) STATS - 31.6, 0
2018-10-23 19:56:01 (16559050026481) STATS - 31.7, 0
2018-10-23 19:56:01 (16559050128185) STATS - 31.8, 0
2018-10-23 19:56:01 (16559050223189) STATS - 31.9, 0
2018-10-23 19:56:01 (16559050312892) STATS - 32.0, 0
2018-10-23 19:56:01 (16559050393995) STATS - 32.1, 0
2018-10-23 19:56:01 (16559050475499) STATS - 32.2, 0
2018-10-23 19:56:01 (16559050570402) STATS - 32.3, 0
2018-10-23 19:56:01 (16559050654906) STATS - 32.4, 0
2018-10-23 19:56:01 (16559050742809) STATS - 32.5, 0
2018-10-23 19:56:01 (16559050836713) STATS - 32.6, 0
2018-10-23 19:56:01 (16559050919116) STATS - 32.7, 0
2018-10-23 19:56:01 (16559051001919) STATS - 32.8, 0
2018-10-23 19:56:01 (16559051086623) STATS - 32.9, 0
2018-10-23 19:56:01 (16559051167326) STATS - 33.0, 0
2018-10-23 19:56:01 (16559051251429) STATS - 33.1, 0
2018-10-23 19:56:01 (16559051422836) STATS - 33.2, 0
2018-10-23 19:56:01 (16559051514839) STATS - 33.3, 0
2018-10-23 19:56:01 (16559051598543) STATS - 33.4, 0
2018-10-23 19:56:01 (16559051681046) STATS - 33.5, 0
2018-10-23 19:56:01 (16559051765849) STATS - 33.6, 0
2018-10-23 19:56:01 (16559051867453) STATS - 33.7, 0
2018-10-23 19:56:01 (16559051951257) STATS - 33.8, 0
2018-10-23 19:56:01 (16559052055361) STATS - 33.9, 0
2018-10-23 19:56:01 (16559052140564) STATS - 34.0, 0
2018-10-23 19:56:01 (16559052225467) STATS - 34.1, 0
2018-10-23 19:56:01 (16559052309571) STATS - 34.2, 0
2018-10-23 19:56:01 (16559052391074) STATS - 34.3, 0
2018-10-23 19:56:01 (16559052473777) STATS - 34.4, 0
2018-10-23 19:56:01 (16559052555480) STATS - 34.5, 0
2018-10-23 19:56:01 (16559052671585) STATS - 34.6, 0
2018-10-23 19:56:01 (16559052752388) STATS - 34.7, 0
2018-10-23 19:56:01 (16559059627258) STATS - 34.8, 0
2018-10-23 19:56:01 (16559059739363) STATS - 34.9, 0
2018-10-23 19:56:01 (16559059820666) STATS - 35.0, 0
2018-10-23 19:56:01 (16559059897369) STATS - 35.1, 0
2018-10-23 19:56:01 (16559059974172) STATS - 35.2, 0
2018-10-23 19:56:01 (16559060081176) STATS - 35.3, 0
2018-10-23 19:56:01 (16559060159179) STATS - 35.4, 0
2018-10-23 19:56:01 (16559060249483) STATS - 35.5, 0
2018-10-23 19:56:01 (16559060330686) STATS - 35.6, 0
2018-10-23 19:56:01 (16559060408989) STATS - 35.7, 0
2018-10-23 19:56:01 (16559060488692) STATS - 35.8, 0
2018-10-23 19:56:01 (16559060568195) STATS - 35.9, 0
2018-10-23 19:56:01 (16559060678700) STATS - 36.0, 0
2018-10-23 19:56:01 (16559060755103) STATS - 36.1, 0
2018-10-23 19:56:01 (16559060834006) STATS - 36.2, 0
2018-10-23 19:56:01 (16559060911509) STATS - 36.3, 0
2018-10-23 19:56:01 (16559060987912) STATS - 36.4, 0
2018-10-23 19:56:01 (16559061112717) STATS - 36.5, 0
2018-10-23 19:56:01 (16559061195420) STATS - 36.6, 0
2018-10-23 19:56:01 (16559061304424) STATS - 36.7, 0
2018-10-23 19:56:01 (16559061398428) STATS - 36.8, 0
2018-10-23 19:56:01 (16559061477031) STATS - 36.9, 0
2018-10-23 19:56:01 (16559061550534) STATS - 37.0, 0
2018-10-23 19:56:01 (16559061625037) STATS - 37.1, 0
2018-10-23 19:56:01 (16559061708340) STATS - 37.2, 0
2018-10-23 19:56:01 (16559061850746) STATS - 37.3, 0
2018-10-23 19:56:01 (16559061957250) STATS - 37.4, 0
2018-10-23 19:56:01 (16559062037253) STATS - 37.5, 0
2018-10-23 19:56:01 (16559062124657) STATS - 37.6, 0
2018-10-23 19:56:01 (16559062200560) STATS - 37.7, 0
2018-10-23 19:56:01 (16559062273862) STATS - 37.8, 0
2018-10-23 19:56:01 (16559062351066) STATS - 37.9, 0
2018-10-23 19:56:01 (16559069142933) STATS - 38.0, 0
2018-10-23 19:56:01 (16559069221636) STATS - 38.1, 0
2018-10-23 19:56:01 (16559069294839) STATS - 38.2, 0
2018-10-23 19:56:01 (16559069372042) STATS - 38.3, 0
2018-10-23 19:56:01 (16559069448145) STATS - 38.4, 0
2018-10-23 19:56:01 (16559069520547) STATS - 38.5, 0
2018-10-23 19:56:01 (16559069591550) STATS - 38.6, 0
2018-10-23 19:56:01 (16559069663553) STATS - 38.7, 0
2018-10-23 19:56:01 (16559069736056) STATS - 38.8, 0
2018-10-23 19:56:01 (16559069808459) STATS - 38.9, 0
2018-10-23 19:56:01 (16559069878361) STATS - 39.0, 0
2018-10-23 19:56:01 (16559069949664) STATS - 39.1, 0
2018-10-23 19:56:01 (16559070020067) STATS - 39.2, 0
2018-10-23 19:56:01 (16559070090970) STATS - 39.3, 0
2018-10-23 19:56:01 (16559070161873) STATS - 39.4, 0
2018-10-23 19:56:01 (16559070233175) STATS - 39.5, 0
2018-10-23 19:56:01 (16559070307578) STATS - 39.6, 0
2018-10-23 19:56:01 (16559070380381) STATS - 39.7, 0
2018-10-23 19:56:01 (16559070452484) STATS - 39.8, 0
2018-10-23 19:56:01 (16559070523787) STATS - 39.9, 0
2018-10-23 19:56:01 (16559070599890) STATS - 40.0, 0
2018-10-23 19:56:01 (16559070671093) STATS - 40.1, 0
2018-10-23 19:56:01 (16559070742995) STATS - 40.2, 0
2018-10-23 19:56:01 (16559070912402) STATS - 40.3, 0
2018-10-23 19:56:01 (16559070988605) STATS - 40.4, 0
2018-10-23 19:56:01 (16559071064508) STATS - 40.5, 0
2018-10-23 19:56:01 (16559071136611) STATS - 40.6, 0
2018-10-23 19:56:01 (16559071208214) STATS - 40.7, 0
2018-10-23 19:56:01 (16559071280617) STATS - 40.8, 0
2018-10-23 19:56:01 (16559071352519) STATS - 40.9, 0
2018-10-23 19:56:01 (16559071504225) STATS - 41.0, 0
2018-10-23 19:56:01 (16559071582929) STATS - 41.1, 0
2018-10-23 19:56:01 (16559071655131) STATS - 41.2, 0
2018-10-23 19:56:01 (16559071731434) STATS - 41.3, 0
2018-10-23 19:56:01 (16559071834038) STATS - 41.4, 0
2018-10-23 19:56:01 (16559071911841) STATS - 41.5, 0
2018-10-23 19:56:01 (16559078565603) STATS - 41.6, 0
2018-10-23 19:56:01 (16559078678608) STATS - 41.7, 0
2018-10-23 19:56:01 (16559078834114) STATS - 41.8, 0
2018-10-23 19:56:01 (16559079027921) STATS - 41.9, 0
2018-10-23 19:56:01 (16559079540141) STATS - 42.0, 0
2018-10-23 19:56:01 (16559079728849) STATS - 42.1, 0
2018-10-23 19:56:01 (16559079812552) STATS - 42.2, 0
2018-10-23 19:56:01 (16559079890155) STATS - 42.3, 0
2018-10-23 19:56:01 (16559079966458) STATS - 42.4, 0
2018-10-23 19:56:01 (16559080056962) STATS - 42.5, 0
2018-10-23 19:56:01 (16559080131065) STATS - 42.6, 0
2018-10-23 19:56:01 (16559080283971) STATS - 42.7, 0
2018-10-23 19:56:01 (16559080364474) STATS - 42.8, 0
2018-10-23 19:56:01 (16559080484079) STATS - 42.9, 0
2018-10-23 19:56:01 (16559080556381) STATS - 43.0, 0
2018-10-23 19:56:01 (16559080629684) STATS - 43.1, 0
2018-10-23 19:56:01 (16559080708987) STATS - 43.2, 0
2018-10-23 19:56:01 (16559080781690) STATS - 43.3, 0
2018-10-23 19:56:01 (16559081867833) STATS - 43.4, 0
2018-10-23 19:56:01 (16559082550060) STATS - 43.5, 0
2018-10-23 19:56:01 (16559082629163) STATS - 43.6, 0
2018-10-23 19:56:01 (16559082747868) STATS - 43.7, 0
2018-10-23 19:56:01 (16559082819870) STATS - 43.8, 0
2018-10-23 19:56:01 (16559082884373) STATS - 43.9, 0
2018-10-23 19:56:01 (16559082945875) STATS - 44.0, 0
2018-10-23 19:56:01 (16559083009778) STATS - 44.1, 0
2018-10-23 19:56:01 (16559087998374) STATS - 44.2, 0
2018-10-23 19:56:01 (16559088123779) STATS - 44.3, 0
2018-10-23 19:56:01 (16559088192182) STATS - 44.4, 0
2018-10-23 19:56:01 (16559088255584) STATS - 44.5, 0
2018-10-23 19:56:01 (16559088317987) STATS - 44.6, 0
2018-10-23 19:56:01 (16559088379089) STATS - 44.7, 0
2018-10-23 19:56:01 (16559088440791) STATS - 44.8, 0
2018-10-23 19:56:01 (16559088502794) STATS - 44.9, 0
2018-10-23 19:56:01 (16559088562796) STATS - 45.0, 0
2018-10-23 19:56:01 (16559088624499) STATS - 45.1, 0
2018-10-23 19:56:01 (16559088684701) STATS - 45.2, 0
2018-10-23 19:56:01 (16559088746203) STATS - 45.3, 0
2018-10-23 19:56:01 (16559088808806) STATS - 45.4, 0
2018-10-23 19:56:01 (16559088882009) STATS - 45.5, 0
2018-10-23 19:56:01 (16559088941511) STATS - 45.6, 0
2018-10-23 19:56:01 (16559089001713) STATS - 45.7, 0
2018-10-23 19:56:01 (16559089062716) STATS - 45.8, 0
2018-10-23 19:56:01 (16559089128518) STATS - 45.9, 0
2018-10-23 19:56:01 (16559089189521) STATS - 46.0, 0
2018-10-23 19:56:01 (16559089249123) STATS - 46.1, 0
2018-10-23 19:56:01 (16559089323326) STATS - 46.2, 0
2018-10-23 19:56:01 (16559089386229) STATS - 46.3, 0
2018-10-23 19:56:01 (16559089450331) STATS - 46.4, 0
2018-10-23 19:56:01 (16559089511934) STATS - 46.5, 0
2018-10-23 19:56:01 (16559089573736) STATS - 46.6, 0
2018-10-23 19:56:01 (16559089662039) STATS - 46.7, 0
2018-10-23 19:56:01 (16559089725342) STATS - 46.8, 0
2018-10-23 19:56:01 (16559089792745) STATS - 46.9, 0
2018-10-23 19:56:01 (16559089853747) STATS - 47.0, 0
2018-10-23 19:56:01 (16559089914949) STATS - 47.1, 0
2018-10-23 19:56:01 (16559090025654) STATS - 47.2, 0
2018-10-23 19:56:01 (16559090095556) STATS - 47.3, 0
2018-10-23 19:56:01 (16559090160959) STATS - 47.4, 0
2018-10-23 19:56:01 (16559090225162) STATS - 47.5, 0
2018-10-23 19:56:01 (16559090295864) STATS - 47.6, 0
2018-10-23 19:56:01 (16559090676679) STATS - 47.7, 0
2018-10-23 19:56:01 (16559090754782) STATS - 47.8, 0
2018-10-23 19:56:01 (16559090819285) STATS - 47.9, 0
2018-10-23 19:56:01 (16559090892488) STATS - 48.0, 0
2018-10-23 19:56:01 (16559090952290) STATS - 48.1, 0
2018-10-23 19:56:01 (16559097494047) STATS - 48.2, 0
2018-10-23 19:56:01 (16559097638153) STATS - 48.3, 0
2018-10-23 19:56:01 (16559097711656) STATS - 48.4, 0
2018-10-23 19:56:01 (16559097772058) STATS - 48.5, 0
2018-10-23 19:56:01 (16559097830061) STATS - 48.6, 0
2018-10-23 19:56:01 (16559097888163) STATS - 48.7, 0
2018-10-23 19:56:01 (16559097944765) STATS - 48.8, 0
2018-10-23 19:56:01 (16559098001867) STATS - 48.9, 0
2018-10-23 19:56:01 (16559098056970) STATS - 49.0, 0
2018-10-23 19:56:01 (16559098117772) STATS - 49.1, 0
2018-10-23 19:56:01 (16559098260178) STATS - 49.2, 0
2018-10-23 19:56:01 (16559098375082) STATS - 49.3, 0
2018-10-23 19:56:01 (16559098463586) STATS - 49.4, 0
2018-10-23 19:56:01 (16559098654393) STATS - 49.5, 0
2018-10-23 19:56:01 (16559098811899) STATS - 49.6, 0
2018-10-23 19:56:01 (16559098891502) STATS - 49.7, 0
2018-10-23 19:56:01 (16559098951005) STATS - 49.8, 0
2018-10-23 19:56:01 (16559099008807) STATS - 49.9, 0
2018-10-23 19:56:01 (16559099081310) STATS - 50.0, 0
2018-10-23 19:56:01 (16559099149612) STATS - 50.1, 0
2018-10-23 19:56:01 (16559099209715) STATS - 50.2, 0
2018-10-23 19:56:01 (16559099266017) STATS - 50.3, 0
2018-10-23 19:56:01 (16559099323419) STATS - 50.4, 0
2018-10-23 19:56:01 (16559099381922) STATS - 50.5, 0
2018-10-23 19:56:01 (16559099457825) STATS - 50.6, 0
2018-10-23 19:56:01 (16559099516427) STATS - 50.7, 0
2018-10-23 19:56:01 (16559099574929) STATS - 50.8, 0
2018-10-23 19:56:01 (16559099633031) STATS - 50.9, 0
2018-10-23 19:56:01 (16559099686734) STATS - 51.0, 0
2018-10-23 19:56:01 (16559099766437) STATS - 51.1, 0
2018-10-23 19:56:01 (16559099846640) STATS - 51.2, 0
2018-10-23 19:56:01 (16559099908442) STATS - 51.3, 0
2018-10-23 19:56:01 (16559099965645) STATS - 51.4, 0
2018-10-23 19:56:01 (16559100039147) STATS - 51.5, 0
2018-10-23 19:56:01 (16559100103450) STATS - 51.6, 0
2018-10-23 19:56:01 (16559100164052) STATS - 51.7, 0
2018-10-23 19:56:01 (16559100222055) STATS - 51.8, 0
2018-10-23 19:56:01 (16559107031922) STATS - 51.9, 0
2018-10-23 19:56:01 (16559107114626) STATS - 52.0, 0
2018-10-23 19:56:01 (16559107167228) STATS - 52.1, 0
2018-10-23 19:56:01 (16559107218030) STATS - 52.2, 0
2018-10-23 19:56:01 (16559107268032) STATS - 52.3, 0
2018-10-23 19:56:01 (16559108902596) STATS - 52.4, 0
2018-10-23 19:56:01 (16559108975099) STATS - 52.5, 0
2018-10-23 19:56:01 (16559109027001) STATS - 52.6, 0
2018-10-23 19:56:01 (16559109076703) STATS - 52.7, 0
2018-10-23 19:56:01 (16559109125405) STATS - 52.8, 0
2018-10-23 19:56:01 (16559109174007) STATS - 52.9, 0
2018-10-23 19:56:01 (16559109223109) STATS - 53.0, 0
2018-10-23 19:56:01 (16559109288411) STATS - 53.1, 0
2018-10-23 19:56:01 (16559109338213) STATS - 53.2, 0
2018-10-23 19:56:01 (16559109386615) STATS - 53.3, 0
2018-10-23 19:56:01 (16559109437017) STATS - 53.4, 0
2018-10-23 19:56:01 (16559109483419) STATS - 53.5, 0
2018-10-23 19:56:01 (16559109529021) STATS - 53.6, 0
2018-10-23 19:56:01 (16559109574822) STATS - 53.7, 0
2018-10-23 19:56:01 (16559109621024) STATS - 53.8, 0
2018-10-23 19:56:01 (16559109667626) STATS - 53.9, 0
2018-10-23 19:56:01 (16559109711328) STATS - 54.0, 0
2018-10-23 19:56:01 (16559109756330) STATS - 54.1, 0
2018-10-23 19:56:01 (16559109802931) STATS - 54.2, 0
2018-10-23 19:56:01 (16559109849133) STATS - 54.3, 0
2018-10-23 19:56:01 (16559109895135) STATS - 54.4, 0
2018-10-23 19:56:01 (16559109940637) STATS - 54.5, 0
2018-10-23 19:56:01 (16559109986539) STATS - 54.6, 0
2018-10-23 19:56:01 (16559110034040) STATS - 54.7, 0
2018-10-23 19:56:01 (16559110080342) STATS - 54.8, 0
2018-10-23 19:56:01 (16559110158545) STATS - 54.9, 0
2018-10-23 19:56:01 (16559110209247) STATS - 55.0, 0
2018-10-23 19:56:01 (16559110260949) STATS - 55.1, 0
2018-10-23 19:56:01 (16559110309551) STATS - 55.2, 0
2018-10-23 19:56:01 (16559110361753) STATS - 55.3, 0
2018-10-23 19:56:01 (16559110409355) STATS - 55.4, 0
2018-10-23 19:56:01 (16559110454957) STATS - 55.5, 0
2018-10-23 19:56:01 (16559110499459) STATS - 55.6, 0
2018-10-23 19:56:01 (16559110543561) STATS - 55.7, 0
2018-10-23 19:56:01 (16559110590262) STATS - 55.8, 0
2018-10-23 19:56:01 (16559110635964) STATS - 55.9, 0
2018-10-23 19:56:01 (16559110713667) STATS - 56.0, 0
2018-10-23 19:56:01 (16559110761669) STATS - 56.1, 0
2018-10-23 19:56:01 (16559110806071) STATS - 56.2, 0
2018-10-23 19:56:01 (16559110850873) STATS - 56.3, 0
2018-10-23 19:56:01 (16559110895674) STATS - 56.4, 0
2018-10-23 19:56:01 (16559110942976) STATS - 56.5, 0
2018-10-23 19:56:01 (16559110988178) STATS - 56.6, 0
2018-10-23 19:56:01 (16559111032780) STATS - 56.7, 0
2018-10-23 19:56:01 (16559111077982) STATS - 56.8, 0
2018-10-23 19:56:01 (16559111123483) STATS - 56.9, 0
2018-10-23 19:56:01 (16559111165885) STATS - 57.0, 0
2018-10-23 19:56:01 (16559111215087) STATS - 57.1, 0
2018-10-23 19:56:01 (16559111262189) STATS - 57.2, 0
2018-10-23 19:56:01 (16559116798106) STATS - 57.3, 0
2018-10-23 19:56:01 (16559116852709) STATS - 57.4, 0
2018-10-23 19:56:01 (16559116899610) STATS - 57.5, 0
2018-10-23 19:56:01 (16559116944712) STATS - 57.6, 0
2018-10-23 19:56:01 (16559117001714) STATS - 57.7, 0
2018-10-23 19:56:01 (16559117046016) STATS - 57.8, 0
2018-10-23 19:56:01 (16559117089518) STATS - 57.9, 0
2018-10-23 19:56:01 (16559117142520) STATS - 58.0, 0
2018-10-23 19:56:01 (16559117184022) STATS - 58.1, 0
2018-10-23 19:56:01 (16559117225923) STATS - 58.2, 0
2018-10-23 19:56:01 (16559117268425) STATS - 58.3, 0
2018-10-23 19:56:01 (16559117313827) STATS - 58.4, 0
2018-10-23 19:56:01 (16559117356128) STATS - 58.5, 0
2018-10-23 19:56:01 (16559117397730) STATS - 58.6, 0
2018-10-23 19:56:01 (16559117439032) STATS - 58.7, 0
2018-10-23 19:56:01 (16559117480233) STATS - 58.8, 0
2018-10-23 19:56:01 (16559117521235) STATS - 58.9, 0
2018-10-23 19:56:01 (16559117560936) STATS - 59.0, 0
2018-10-23 19:56:01 (16559117602038) STATS - 59.1, 0
2018-10-23 19:56:01 (16559117642940) STATS - 59.2, 0
2018-10-23 19:56:01 (16559117696342) STATS - 59.3, 0
2018-10-23 19:56:01 (16559117739643) STATS - 59.4, 0
2018-10-23 19:56:01 (16559117782445) STATS - 59.5, 0
2018-10-23 19:56:01 (16559117827447) STATS - 59.6, 0
2018-10-23 19:56:01 (16559117870249) STATS - 59.7, 0
2018-10-23 19:56:01 (16559117925551) STATS - 59.8, 0
2018-10-23 19:56:01 (16559117969653) STATS - 59.9, 0
2018-10-23 19:56:01 (16559118012654) STATS - 60.0, 0
2018-10-23 19:56:01 (16559118057256) STATS - 60.1, 0
2018-10-23 19:56:01 (16559118101758) STATS - 60.2, 0
2018-10-23 19:56:01 (16559118145759) STATS - 60.3, 0
2018-10-23 19:56:01 (16559118193061) STATS - 60.4, 0
2018-10-23 19:56:01 (16559118262664) STATS - 60.5, 0
2018-10-23 19:56:01 (16559118306666) STATS - 60.6, 0
2018-10-23 19:56:01 (16559118350467) STATS - 60.7, 0
2018-10-23 19:56:01 (16559118394469) STATS - 60.8, 0
2018-10-23 19:56:01 (16559118438471) STATS - 60.9, 0
2018-10-23 19:56:01 (16559118480473) STATS - 61.0, 0
2018-10-23 19:56:01 (16559118525674) STATS - 61.1, 0
2018-10-23 19:56:01 (16559118569776) STATS - 61.2, 0
2018-10-23 19:56:01 (16559118614078) STATS - 61.3, 0
2018-10-23 19:56:01 (16559118658380) STATS - 61.4, 0
2018-10-23 19:56:01 (16559118702681) STATS - 61.5, 0
2018-10-23 19:56:01 (16559118746583) STATS - 61.6, 0
2018-10-23 19:56:01 (16559118791085) STATS - 61.7, 0
2018-10-23 19:56:01 (16559118835487) STATS - 61.8, 0
2018-10-23 19:56:01 (16559118882088) STATS - 61.9, 0
2018-10-23 19:56:01 (16559118925190) STATS - 62.0, 0
2018-10-23 19:56:01 (16559118968892) STATS - 62.1, 0
2018-10-23 19:56:01 (16559119015194) STATS - 62.2, 0
2018-10-23 19:56:01 (16559119075396) STATS - 62.3, 0
2018-10-23 19:56:01 (16559119133798) STATS - 62.4, 0
2018-10-23 19:56:01 (16559119181800) STATS - 62.5, 0
2018-10-23 19:56:01 (16559119231302) STATS - 62.6, 0
2018-10-23 19:56:01 (16559119277804) STATS - 62.7, 0
2018-10-23 19:56:01 (16559119321806) STATS - 62.8, 0
2018-10-23 19:56:01 (16559119367407) STATS - 62.9, 0
2018-10-23 19:56:01 (16559119414209) STATS - 63.0, 0
2018-10-23 19:56:01 (16559119458411) STATS - 63.1, 0
2018-10-23 19:56:01 (16559119503913) STATS - 63.2, 0
2018-10-23 19:56:01 (16559126472187) STATS - 63.3, 0
2018-10-23 19:56:01 (16559126560490) STATS - 63.4, 0
2018-10-23 19:56:01 (16559126605092) STATS - 63.5, 0
2018-10-23 19:56:01 (16559126646194) STATS - 63.6, 0
2018-10-23 19:56:01 (16559126685295) STATS - 63.7, 0
2018-10-23 19:56:01 (16559126728797) STATS - 63.8, 0
2018-10-23 19:56:01 (16559126774799) STATS - 63.9, 0
2018-10-23 19:56:01 (16559126828501) STATS - 64.0, 0
2018-10-23 19:56:01 (16559126872103) STATS - 64.1, 0
2018-10-23 19:56:01 (16559126912104) STATS - 64.2, 0
2018-10-23 19:56:01 (16559126955506) STATS - 64.3, 0
2018-10-23 19:56:01 (16559126995707) STATS - 64.4, 0
2018-10-23 19:56:01 (16559127034509) STATS - 64.5, 0
2018-10-23 19:56:01 (16559127074011) STATS - 64.6, 0
2018-10-23 19:56:01 (16559127112812) STATS - 64.7, 0
2018-10-23 19:56:01 (16559127152014) STATS - 64.8, 0
2018-10-23 19:56:01 (16559127191415) STATS - 64.9, 0
2018-10-23 19:56:01 (16559127229917) STATS - 65.0, 0
2018-10-23 19:56:01 (16559127268618) STATS - 65.1, 0
2018-10-23 19:56:01 (16559127344221) STATS - 65.2, 0
2018-10-23 19:56:01 (16559127389323) STATS - 65.3, 0
2018-10-23 19:56:01 (16559127428424) STATS - 65.4, 0
2018-10-23 19:56:01 (16559127468126) STATS - 65.5, 0
2018-10-23 19:56:01 (16559127507128) STATS - 65.6, 0
2018-10-23 19:56:01 (16559127546329) STATS - 65.7, 0
2018-10-23 19:56:01 (16559127585731) STATS - 65.8, 0
2018-10-23 19:56:01 (16559127625232) STATS - 65.9, 0
2018-10-23 19:56:01 (16559127663834) STATS - 66.0, 0
2018-10-23 19:56:01 (16559127702435) STATS - 66.1, 0
2018-10-23 19:56:01 (16559127740937) STATS - 66.2, 0
2018-10-23 19:56:01 (16559128403863) STATS - 66.3, 0
2018-10-23 19:56:01 (16559128456065) STATS - 66.4, 0
2018-10-23 19:56:01 (16559128497466) STATS - 66.5, 0
2018-10-23 19:56:01 (16559128537868) STATS - 66.6, 0
2018-10-23 19:56:01 (16559128580170) STATS - 66.7, 0
2018-10-23 19:56:01 (16559129331899) STATS - 66.8, 0
2018-10-23 19:56:01 (16559129389802) STATS - 66.9, 0
2018-10-23 19:56:01 (16559129432103) STATS - 67.0, 0
2018-10-23 19:56:01 (16559129473605) STATS - 67.1, 0
2018-10-23 19:56:01 (16559129513706) STATS - 67.2, 0
2018-10-23 19:56:01 (16559129558308) STATS - 67.3, 0
2018-10-23 19:56:01 (16559129628711) STATS - 67.4, 0
2018-10-23 19:56:01 (16559129735415) STATS - 67.5, 0
2018-10-23 19:56:01 (16559129781117) STATS - 67.6, 0
2018-10-23 19:56:01 (16559129824519) STATS - 67.7, 0
2018-10-23 19:56:01 (16559129868120) STATS - 67.8, 0
2018-10-23 19:56:01 (16559129910322) STATS - 67.9, 0
2018-10-23 19:56:01 (16559129951624) STATS - 68.0, 0
2018-10-23 19:56:01 (16559129991525) STATS - 68.1, 0
2018-10-23 19:56:01 (16559130031027) STATS - 68.2, 0
2018-10-23 19:56:01 (16559130070828) STATS - 68.3, 0
2018-10-23 19:56:01 (16559130110730) STATS - 68.4, 0
2018-10-23 19:56:01 (16559130149531) STATS - 68.5, 0
2018-10-23 19:56:01 (16559130188833) STATS - 68.6, 0
2018-10-23 19:56:01 (16559130226934) STATS - 68.7, 0
2018-10-23 19:56:01 (16559130268836) STATS - 68.8, 0
2018-10-23 19:56:01 (16559130307938) STATS - 68.9, 0
2018-10-23 19:56:01 (16559130453443) STATS - 69.0, 0
2018-10-23 19:56:01 (16559130495845) STATS - 69.1, 0
2018-10-23 19:56:01 (16559130534747) STATS - 69.2, 0
2018-10-23 19:56:01 (16559136220870) STATS - 69.3, 0
2018-10-23 19:56:01 (16559136337075) STATS - 69.4, 0
2018-10-23 19:56:01 (16559136379476) STATS - 69.5, 0
2018-10-23 19:56:01 (16559136417278) STATS - 69.6, 0
2018-10-23 19:56:01 (16559136453579) STATS - 69.7, 0
2018-10-23 19:56:01 (16559136489181) STATS - 69.8, 0
2018-10-23 19:56:01 (16559136523482) STATS - 69.9, 0
2018-10-23 19:56:01 (16559136563484) STATS - 70.0, 0
2018-10-23 19:56:01 (16559136604685) STATS - 70.1, 0
2018-10-23 19:56:01 (16559136640687) STATS - 70.2, 0
2018-10-23 19:56:01 (16559136675788) STATS - 70.3, 0
2018-10-23 19:56:01 (16559136709889) STATS - 70.4, 0
2018-10-23 19:56:01 (16559136744091) STATS - 70.5, 0
2018-10-23 19:56:01 (16559136778592) STATS - 70.6, 0
2018-10-23 19:56:01 (16559136812693) STATS - 70.7, 0
2018-10-23 19:56:01 (16559136847295) STATS - 70.8, 0
2018-10-23 19:56:01 (16559136881896) STATS - 70.9, 0
2018-10-23 19:56:01 (16559136916498) STATS - 71.0, 0
2018-10-23 19:56:01 (16559136951999) STATS - 71.1, 0
2018-10-23 19:56:01 (16559136989500) STATS - 71.2, 0
2018-10-23 19:56:01 (16559137024802) STATS - 71.3, 0
2018-10-23 19:56:01 (16559137062503) STATS - 71.4, 0
2018-10-23 19:56:01 (16559137098505) STATS - 71.5, 0
2018-10-23 19:56:01 (16559137133106) STATS - 71.6, 0
2018-10-23 19:56:01 (16559137172408) STATS - 71.7, 0
2018-10-23 19:56:01 (16559137207109) STATS - 71.8, 0
2018-10-23 19:56:01 (16559137240610) STATS - 71.9, 0
2018-10-23 19:56:01 (16559137274512) STATS - 72.0, 0
2018-10-23 19:56:01 (16559137309613) STATS - 72.1, 0
2018-10-23 19:56:01 (16559137349115) STATS - 72.2, 0
2018-10-23 19:56:01 (16559137383716) STATS - 72.3, 0
2018-10-23 19:56:01 (16559137417417) STATS - 72.4, 0
2018-10-23 19:56:01 (16559137451519) STATS - 72.5, 0
2018-10-23 19:56:01 (16559137486120) STATS - 72.6, 0
2018-10-23 19:56:01 (16559137555423) STATS - 72.7, 0
2018-10-23 19:56:01 (16559137593324) STATS - 72.8, 0
2018-10-23 19:56:01 (16559137627926) STATS - 72.9, 0
2018-10-23 19:56:01 (16559137662227) STATS - 73.0, 0
2018-10-23 19:56:01 (16559137697028) STATS - 73.1, 0
2018-10-23 19:56:01 (16559137759631) STATS - 73.2, 0
2018-10-23 19:56:01 (16559137802132) STATS - 73.3, 0
2018-10-23 19:56:01 (16559137837434) STATS - 73.4, 0
2018-10-23 19:56:01 (16559137872635) STATS - 73.5, 0
2018-10-23 19:56:01 (16559137907136) STATS - 73.6, 0
2018-10-23 19:56:01 (16559137941238) STATS - 73.7, 0
2018-10-23 19:56:01 (16559137975339) STATS - 73.8, 0
2018-10-23 19:56:01 (16559138360254) STATS - 73.9, 0
2018-10-23 19:56:01 (16559138396156) STATS - 74.0, 0
2018-10-23 19:56:01 (16559138430557) STATS - 74.1, 0
2018-10-23 19:56:01 (16559138464858) STATS - 74.2, 0
2018-10-23 19:56:01 (16559138499460) STATS - 74.3, 0
2018-10-23 19:56:01 (16559138536761) STATS - 74.4, 0
2018-10-23 19:56:01 (16559138571063) STATS - 74.5, 0
2018-10-23 19:56:01 (16559138606764) STATS - 74.6, 0
2018-10-23 19:56:01 (16559138641865) STATS - 74.7, 0
2018-10-23 19:56:01 (16559138675867) STATS - 74.8, 0
2018-10-23 19:56:01 (16559138722069) STATS - 74.9, 0
2018-10-23 19:56:01 (16559138784471) STATS - 75.0, 0
2018-10-23 19:56:01 (16559138873074) STATS - 75.1, 0
2018-10-23 19:56:01 (16559138958678) STATS - 75.2, 0
2018-10-23 19:56:01 (16559138997979) STATS - 75.3, 0
2018-10-23 19:56:01 (16559139035381) STATS - 75.4, 0
2018-10-23 19:56:01 (16559145991854) STATS - 75.5, 0
2018-10-23 19:56:01 (16559146042756) STATS - 75.6, 0
2018-10-23 19:56:01 (16559146103659) STATS - 75.7, 0
2018-10-23 19:56:01 (16559146148961) STATS - 75.8, 0
2018-10-23 19:56:01 (16559146183262) STATS - 75.9, 0
2018-10-23 19:56:01 (16559146235764) STATS - 76.0, 0
2018-10-23 19:56:01 (16559146274165) STATS - 76.1, 0
2018-10-23 19:56:01 (16559146308067) STATS - 76.2, 0
2018-10-23 19:56:01 (16559146341068) STATS - 76.3, 0
2018-10-23 19:56:01 (16559146374569) STATS - 76.4, 0
2018-10-23 19:56:01 (16559146407471) STATS - 76.5, 0
2018-10-23 19:56:01 (16559146440672) STATS - 76.6, 0
2018-10-23 19:56:01 (16559146494274) STATS - 76.7, 0
2018-10-23 19:56:01 (16559146553876) STATS - 76.8, 0
2018-10-23 19:56:01 (16559146592178) STATS - 76.9, 0
2018-10-23 19:56:01 (16559146637180) STATS - 77.0, 0
2018-10-23 19:56:01 (16559146678281) STATS - 77.1, 0
2018-10-23 19:56:01 (16559146711583) STATS - 77.2, 0
2018-10-23 19:56:01 (16559146744084) STATS - 77.3, 0
2018-10-23 19:56:01 (16559146776485) STATS - 77.4, 0
2018-10-23 19:56:01 (16559146809187) STATS - 77.5, 0
2018-10-23 19:56:01 (16559146847788) STATS - 77.6, 0
2018-10-23 19:56:01 (16559146880089) STATS - 77.7, 0
2018-10-23 19:56:01 (16559146911891) STATS - 77.8, 0
2018-10-23 19:56:01 (16559146943692) STATS - 77.9, 0
2018-10-23 19:56:01 (16559146975793) STATS - 78.0, 0
2018-10-23 19:56:01 (16559147010394) STATS - 78.1, 0
2018-10-23 19:56:01 (16559147043896) STATS - 78.2, 0
2018-10-23 19:56:01 (16559147076597) STATS - 78.3, 0
2018-10-23 19:56:01 (16559147108498) STATS - 78.4, 0
2018-10-23 19:56:01 (16559147142000) STATS - 78.5, 0
2018-10-23 19:56:01 (16559147174801) STATS - 78.6, 0
2018-10-23 19:56:01 (16559147206502) STATS - 78.7, 0
2018-10-23 19:56:01 (16559147239003) STATS - 78.8, 0
2018-10-23 19:56:01 (16559147308506) STATS - 78.9, 0
2018-10-23 19:56:01 (16559147342508) STATS - 79.0, 0
2018-10-23 19:56:01 (16559147375409) STATS - 79.1, 0
2018-10-23 19:56:01 (16559147408910) STATS - 79.2, 0
2018-10-23 19:56:01 (16559147440911) STATS - 79.3, 0
2018-10-23 19:56:01 (16559147472813) STATS - 79.4, 0
2018-10-23 19:56:01 (16559147504514) STATS - 79.5, 0
2018-10-23 19:56:01 (16559147537015) STATS - 79.6, 0
2018-10-23 19:56:01 (16559147569116) STATS - 79.7, 0
2018-10-23 19:56:01 (16559147601218) STATS - 79.8, 0
2018-10-23 19:56:01 (16559147632719) STATS - 79.9, 0
2018-10-23 19:56:01 (16559147665620) STATS - 80.0, 0
2018-10-23 19:56:01 (16559147716122) STATS - 80.1, 0
2018-10-23 19:56:01 (16559147749524) STATS - 80.2, 0
2018-10-23 19:56:01 (16559147783725) STATS - 80.3, 0
2018-10-23 19:56:01 (16559147816526) STATS - 80.4, 0
2018-10-23 19:56:01 (16559147848527) STATS - 80.5, 0
2018-10-23 19:56:01 (16559147881429) STATS - 80.6, 0
2018-10-23 19:56:01 (16559147919530) STATS - 80.7, 0
2018-10-23 19:56:01 (16559147957032) STATS - 80.8, 0
2018-10-23 19:56:01 (16559147999433) STATS - 80.9, 0
2018-10-23 19:56:01 (16559148061936) STATS - 81.0, 0
2018-10-23 19:56:01 (16559148100137) STATS - 81.1, 0
2018-10-23 19:56:01 (16559148133339) STATS - 81.2, 0
2018-10-23 19:56:01 (16559148166440) STATS - 81.3, 0
2018-10-23 19:56:01 (16559148198441) STATS - 81.4, 0
2018-10-23 19:56:01 (16559148230442) STATS - 81.5, 0
2018-10-23 19:56:01 (16559148306645) STATS - 81.6, 0
2018-10-23 19:56:01 (16559148343547) STATS - 81.7, 0
2018-10-23 19:56:01 (16559148376748) STATS - 81.8, 0
2018-10-23 19:56:01 (16559148408449) STATS - 81.9, 0
2018-10-23 19:56:01 (16559148439751) STATS - 82.0, 0
2018-10-23 19:56:01 (16559148473852) STATS - 82.1, 0
2018-10-23 19:56:01 (16559148505153) STATS - 82.2, 0
2018-10-23 19:56:01 (16559148536354) STATS - 82.3, 0
2018-10-23 19:56:01 (16559148567256) STATS - 82.4, 0
2018-10-23 19:56:01 (16559148598057) STATS - 82.5, 0
2018-10-23 19:56:01 (16559148628858) STATS - 82.6, 0
2018-10-23 19:56:01 (16559148659559) STATS - 82.7, 0
2018-10-23 19:56:01 (16559148690461) STATS - 82.8, 0
2018-10-23 19:56:01 (16559148720962) STATS - 82.9, 0
2018-10-23 19:56:01 (16559148754763) STATS - 83.0, 0
2018-10-23 19:56:01 (16559155652734) STATS - 83.1, 0
2018-10-23 19:56:01 (16559155782539) STATS - 83.2, 0
2018-10-23 19:56:01 (16559155838942) STATS - 83.3, 0
2018-10-23 19:56:01 (16559155874643) STATS - 83.4, 0
2018-10-23 19:56:01 (16559155911444) STATS - 83.5, 0
2018-10-23 19:56:01 (16559155944046) STATS - 83.6, 0
2018-10-23 19:56:01 (16559155992348) STATS - 83.7, 0
2018-10-23 19:56:01 (16559156059550) STATS - 83.8, 0
2018-10-23 19:56:01 (16559156091852) STATS - 83.9, 0
2018-10-23 19:56:01 (16559156122953) STATS - 84.0, 0
2018-10-23 19:56:01 (16559156158854) STATS - 84.1, 0
2018-10-23 19:56:01 (16559156189155) STATS - 84.2, 0
2018-10-23 19:56:01 (16559156243358) STATS - 84.3, 0
2018-10-23 19:56:01 (16559156271959) STATS - 84.4, 0
2018-10-23 19:56:01 (16559156300460) STATS - 84.5, 0
2018-10-23 19:56:01 (16559156329261) STATS - 84.6, 0
2018-10-23 19:56:01 (16559156357262) STATS - 84.7, 0
2018-10-23 19:56:01 (16559156385263) STATS - 84.8, 0
2018-10-23 19:56:01 (16559156424265) STATS - 84.9, 0
2018-10-23 19:56:01 (16559156452766) STATS - 85.0, 0
2018-10-23 19:56:01 (16559156481767) STATS - 85.1, 0
2018-10-23 19:56:01 (16559156513568) STATS - 85.2, 0
2018-10-23 19:56:01 (16559156542769) STATS - 85.3, 0
2018-10-23 19:56:01 (16559156582971) STATS - 85.4, 0
2018-10-23 19:56:01 (16559156612572) STATS - 85.5, 0
2018-10-23 19:56:01 (16559156642273) STATS - 85.6, 0
2018-10-23 19:56:01 (16559156671774) STATS - 85.7, 0
2018-10-23 19:56:01 (16559156701976) STATS - 85.8, 0
2018-10-23 19:56:01 (16559156731677) STATS - 85.9, 0
2018-10-23 19:56:01 (16559156761278) STATS - 86.0, 0
2018-10-23 19:56:01 (16559156791579) STATS - 86.1, 0
2018-10-23 19:56:01 (16559156821580) STATS - 86.2, 0
2018-10-23 19:56:01 (16559156852181) STATS - 86.3, 0
2018-10-23 19:56:01 (16559156881983) STATS - 86.4, 0
2018-10-23 19:56:01 (16559156911784) STATS - 86.5, 0
2018-10-23 19:56:01 (16559156941985) STATS - 86.6, 0
2018-10-23 19:56:01 (16559156971386) STATS - 86.7, 0
2018-10-23 19:56:01 (16559157000887) STATS - 86.8, 0
2018-10-23 19:56:01 (16559157030988) STATS - 86.9, 0
2018-10-23 19:56:01 (16559157060190) STATS - 87.0, 0
2018-10-23 19:56:01 (16559157091991) STATS - 87.1, 0
2018-10-23 19:56:01 (16559157121592) STATS - 87.2, 0
2018-10-23 19:56:01 (16559157151593) STATS - 87.3, 0
2018-10-23 19:56:01 (16559157181094) STATS - 87.4, 0
2018-10-23 19:56:01 (16559157210896) STATS - 87.5, 0
2018-10-23 19:56:01 (16559157240697) STATS - 87.6, 0
2018-10-23 19:56:01 (16559157270598) STATS - 87.7, 0
2018-10-23 19:56:01 (16559157302099) STATS - 87.8, 0
2018-10-23 19:56:01 (16559157358001) STATS - 87.9, 0
2018-10-23 19:56:01 (16559157403103) STATS - 88.0, 0
2018-10-23 19:56:01 (16559157439005) STATS - 88.1, 0
2018-10-23 19:56:01 (16559157499707) STATS - 88.2, 0
2018-10-23 19:56:01 (16559157538108) STATS - 88.3, 0
2018-10-23 19:56:01 (16559157569110) STATS - 88.4, 0
2018-10-23 19:56:01 (16559157599511) STATS - 88.5, 0
2018-10-23 19:56:01 (16559157630312) STATS - 88.6, 0
2018-10-23 19:56:01 (16559157660213) STATS - 88.7, 0
2018-10-23 19:56:01 (16559157690914) STATS - 88.8, 0
2018-10-23 19:56:01 (16559157720316) STATS - 88.9, 0
2018-10-23 19:56:01 (16559157749817) STATS - 89.0, 0
2018-10-23 19:56:01 (16559157779318) STATS - 89.1, 0
2018-10-23 19:56:01 (16559157808319) STATS - 89.2, 0
2018-10-23 19:56:01 (16559157837520) STATS - 89.3, 0
2018-10-23 19:56:01 (16559157866321) STATS - 89.4, 0
2018-10-23 19:56:01 (16559157895122) STATS - 89.5, 0
2018-10-23 19:56:01 (16559157926024) STATS - 89.6, 0
2018-10-23 19:56:01 (16559157954525) STATS - 89.7, 0
2018-10-23 19:56:01 (16559157983226) STATS - 89.8, 0
2018-10-23 19:56:01 (16559158011427) STATS - 89.9, 0
2018-10-23 19:56:01 (16559158047128) STATS - 90.0, 0
2018-10-23 19:56:01 (16559158079130) STATS - 90.1, 0
2018-10-23 19:56:01 (16559158108031) STATS - 90.2, 0
2018-10-23 19:56:01 (16559158138632) STATS - 90.3, 0
2018-10-23 19:56:01 (16559158167733) STATS - 90.4, 0
2018-10-23 19:56:01 (16559158196434) STATS - 90.5, 0
2018-10-23 19:56:01 (16559158225535) STATS - 90.6, 0
2018-10-23 19:56:01 (16559158253737) STATS - 90.7, 0
2018-10-23 19:56:01 (16559158282838) STATS - 90.8, 0
2018-10-23 19:56:01 (16559158311139) STATS - 90.9, 0
2018-10-23 19:56:01 (16559158339740) STATS - 91.0, 0
2018-10-23 19:56:01 (16559158368541) STATS - 91.1, 0
2018-10-23 19:56:01 (16559158429543) STATS - 91.2, 0
2018-10-23 19:56:01 (16559158459245) STATS - 91.3, 0
2018-10-23 19:56:01 (16559158488346) STATS - 91.4, 0
2018-10-23 19:56:01 (16559158517547) STATS - 91.5, 0
2018-10-23 19:56:01 (16559165510122) STATS - 91.6, 0
2018-10-23 19:56:01 (16559165634827) STATS - 91.7, 0
2018-10-23 19:56:01 (16559165674028) STATS - 91.8, 0
2018-10-23 19:56:01 (16559165703529) STATS - 91.9, 0
2018-10-23 19:56:01 (16559165732331) STATS - 92.0, 0
2018-10-23 19:56:01 (16559165760432) STATS - 92.1, 0
2018-10-23 19:56:01 (16559165787933) STATS - 92.2, 0
2018-10-23 19:56:01 (16559166023942) STATS - 92.3, 0
2018-10-23 19:56:01 (16559166067844) STATS - 92.4, 0
2018-10-23 19:56:01 (16559166097845) STATS - 92.5, 0
2018-10-23 19:56:01 (16559166125946) STATS - 92.6, 0
2018-10-23 19:56:01 (16559166183648) STATS - 92.7, 0
2018-10-23 19:56:01 (16559166217850) STATS - 92.8, 0
2018-10-23 19:56:01 (16559166244451) STATS - 92.9, 0
2018-10-23 19:56:01 (16559166274852) STATS - 93.0, 0
2018-10-23 19:56:01 (16559166340855) STATS - 93.1, 0
2018-10-23 19:56:01 (16559166378056) STATS - 93.2, 0
2018-10-23 19:56:01 (16559166405457) STATS - 93.3, 0
2018-10-23 19:56:01 (16559166432058) STATS - 93.4, 0
2018-10-23 19:56:01 (16559166457759) STATS - 93.5, 0
2018-10-23 19:56:01 (16559166510761) STATS - 93.6, 0
2018-10-23 19:56:01 (16559166540762) STATS - 93.7, 0
2018-10-23 19:56:01 (16559166567763) STATS - 93.8, 0
2018-10-23 19:56:01 (16559166594265) STATS - 93.9, 0
2018-10-23 19:56:01 (16559166620566) STATS - 94.0, 0
2018-10-23 19:56:01 (16559166646867) STATS - 94.1, 0
2018-10-23 19:56:01 (16559166672768) STATS - 94.2, 0
2018-10-23 19:56:01 (16559166698569) STATS - 94.3, 0
2018-10-23 19:56:01 (16559166724570) STATS - 94.4, 0
2018-10-23 19:56:01 (16559166749771) STATS - 94.5, 0
2018-10-23 19:56:01 (16559166775172) STATS - 94.6, 0
2018-10-23 19:56:01 (16559166800773) STATS - 94.7, 0
2018-10-23 19:56:01 (16559166826474) STATS - 94.8, 0
2018-10-23 19:56:01 (16559166852175) STATS - 94.9, 0
2018-10-23 19:56:01 (16559166877476) STATS - 95.0, 0
2018-10-23 19:56:01 (16559166903377) STATS - 95.1, 0
2018-10-23 19:56:01 (16559166928578) STATS - 95.2, 0
2018-10-23 19:56:01 (16559166954079) STATS - 95.3, 0
2018-10-23 19:56:01 (16559166979280) STATS - 95.4, 0
2018-10-23 19:56:01 (16559167028182) STATS - 95.5, 0
2018-10-23 19:56:01 (16559167053583) STATS - 95.6, 0
2018-10-23 19:56:01 (16559167079084) STATS - 95.7, 0
2018-10-23 19:56:01 (16559167104485) STATS - 95.8, 0
2018-10-23 19:56:01 (16559167129786) STATS - 95.9, 0
2018-10-23 19:56:01 (16559167154887) STATS - 96.0, 0
2018-10-23 19:56:01 (16559167212789) STATS - 96.1, 0
2018-10-23 19:56:01 (16559167246190) STATS - 96.2, 0
2018-10-23 19:56:01 (16559167275491) STATS - 96.3, 0
2018-10-23 19:56:01 (16559167301792) STATS - 96.4, 0
2018-10-23 19:56:01 (16559167326593) STATS - 96.5, 0
2018-10-23 19:56:01 (16559167351594) STATS - 96.6, 0
2018-10-23 19:56:01 (16559167380795) STATS - 96.7, 0
2018-10-23 19:56:01 (16559167407296) STATS - 96.8, 0
2018-10-23 19:56:01 (16559167432197) STATS - 96.9, 0
2018-10-23 19:56:01 (16559167457398) STATS - 97.0, 0
2018-10-23 19:56:01 (16559167482599) STATS - 97.1, 0
2018-10-23 19:56:01 (16559167550102) STATS - 97.2, 0
2018-10-23 19:56:01 (16559167598504) STATS - 97.3, 0
2018-10-23 19:56:01 (16559167625605) STATS - 97.4, 0
2018-10-23 19:56:01 (16559167651306) STATS - 97.5, 0
2018-10-23 19:56:01 (16559167676807) STATS - 97.6, 0
2018-10-23 19:56:01 (16559167701908) STATS - 97.7, 0
2018-10-23 19:56:01 (16559167727309) STATS - 97.8, 0
2018-10-23 19:56:01 (16559167751810) STATS - 97.9, 0
2018-10-23 19:56:01 (16559167776511) STATS - 98.0, 0
2018-10-23 19:56:01 (16559167803112) STATS - 98.1, 0
2018-10-23 19:56:01 (16559167829313) STATS - 98.2, 0
2018-10-23 19:56:01 (16559167854014) STATS - 98.3, 0
2018-10-23 19:56:01 (16559167878615) STATS - 98.4, 0
2018-10-23 19:56:01 (16559167902516) STATS - 98.5, 0
2018-10-23 19:56:01 (16559167927017) STATS - 98.6, 0
2018-10-23 19:56:01 (16559167951118) STATS - 98.7, 0
2018-10-23 19:56:01 (16559167975419) STATS - 98.8, 0
2018-10-23 19:56:01 (16559167999420) STATS - 98.9, 0
2018-10-23 19:56:01 (16559168045122) STATS - 99.0, 0
2018-10-23 19:56:01 (16559168070423) STATS - 99.1, 0
2018-10-23 19:56:01 (16559168095124) STATS - 99.2, 0
2018-10-23 19:56:01 (16559168119324) STATS - 99.3, 0
2018-10-23 19:56:01 (16559168143325) STATS - 99.4, 0
2018-10-23 19:56:01 (16559168167626) STATS - 99.5, 0
2018-10-23 19:56:01 (16559168191827) STATS - 99.6, 0
2018-10-23 19:56:01 (16559168216028) STATS - 99.7, 0
2018-10-23 19:56:01 (16559168240129) STATS - 99.8, 0
2018-10-23 19:56:01 (16559168263730) STATS - 99.9, 0
2018-10-23 19:56:01 (16559175410111) STATS - 100.0, 0
2018-10-23 19:56:01 (16559175476614) STATS - 100.1, 0
2018-10-23 19:56:01 (16559175512915) STATS - 100.2, 0
2018-10-23 19:56:01 (16559175543016) STATS - 100.3, 0
2018-10-23 19:56:01 (16559175897230) STATS - 100.4, 0
2018-10-23 19:56:01 (16559175942732) STATS - 100.5, 0
2018-10-23 19:56:01 (16559175994334) STATS - 100.6, 0
2018-10-23 19:56:01 (16559176075737) STATS - 100.7, 0
2018-10-23 19:56:01 (16559176123039) STATS - 100.8, 0
2018-10-23 19:56:01 (16559176152240) STATS - 100.9, 0
2018-10-23 19:56:01 (16559176180841) STATS - 101.0, 0
2018-10-23 19:56:01 (16559176207943) STATS - 101.1, 0
2018-10-23 19:56:01 (16559176234644) STATS - 101.2, 0
2018-10-23 19:56:01 (16559176260845) STATS - 101.3, 0
2018-10-23 19:56:01 (16559176287046) STATS - 101.4, 0
2018-10-23 19:56:01 (16559176318747) STATS - 101.5, 0
2018-10-23 19:56:01 (16559176345948) STATS - 101.6, 0
2018-10-23 19:56:01 (16559176371849) STATS - 101.7, 0
2018-10-23 19:56:01 (16559176397650) STATS - 101.8, 0
2018-10-23 19:56:01 (16559176422951) STATS - 101.9, 0
2018-10-23 19:56:01 (16559176451452) STATS - 102.0, 0
2018-10-23 19:56:01 (16559176477853) STATS - 102.1, 0
2018-10-23 19:56:01 (16559176503254) STATS - 102.2, 0
2018-10-23 19:56:01 (16559176528455) STATS - 102.3, 0
2018-10-23 19:56:01 (16559176556256) STATS - 102.4, 0
2018-10-23 19:56:01 (16559176587257) STATS - 102.5, 0
2018-10-23 19:56:01 (16559176614559) STATS - 102.6, 0
2018-10-23 19:56:01 (16559176640060) STATS - 102.7, 0
2018-10-23 19:56:01 (16559176665561) STATS - 102.8, 0
2018-10-23 19:56:01 (16559176690962) STATS - 102.9, 0
2018-10-23 19:56:01 (16559176716963) STATS - 103.0, 0
2018-10-23 19:56:01 (16559176742664) STATS - 103.1, 0
2018-10-23 19:56:01 (16559176768265) STATS - 103.2, 0
2018-10-23 19:56:01 (16559176793766) STATS - 103.3, 0
2018-10-23 19:56:01 (16559176819267) STATS - 103.4, 0
2018-10-23 19:56:01 (16559176844068) STATS - 103.5, 0
2018-10-23 19:56:01 (16559176908570) STATS - 103.6, 0
2018-10-23 19:56:01 (16559176967472) STATS - 103.7, 0
2018-10-23 19:56:01 (16559176996674) STATS - 103.8, 0
2018-10-23 19:56:01 (16559177022375) STATS - 103.9, 0
2018-10-23 19:56:01 (16559177049276) STATS - 104.0, 0
2018-10-23 19:56:01 (16559177091877) STATS - 104.1, 0
2018-10-23 19:56:01 (16559177123179) STATS - 104.2, 0
2018-10-23 19:56:01 (16559177148180) STATS - 104.3, 0
2018-10-23 19:56:01 (16559177172080) STATS - 104.4, 0
2018-10-23 19:56:01 (16559177196181) STATS - 104.5, 0
2018-10-23 19:56:01 (16559177220182) STATS - 104.6, 0
2018-10-23 19:56:01 (16559177244383) STATS - 104.7, 0
2018-10-23 19:56:01 (16559177268884) STATS - 104.8, 0
2018-10-23 19:56:01 (16559177292785) STATS - 104.9, 0
2018-10-23 19:56:01 (16559177317986) STATS - 105.0, 0
2018-10-23 19:56:01 (16559177346987) STATS - 105.1, 0
2018-10-23 19:56:01 (16559177372488) STATS - 105.2, 0
2018-10-23 19:56:01 (16559177396489) STATS - 105.3, 0
2018-10-23 19:56:01 (16559177446191) STATS - 105.4, 0
2018-10-23 19:56:01 (16559177477892) STATS - 105.5, 0
2018-10-23 19:56:01 (16559177503193) STATS - 105.6, 0
2018-10-23 19:56:01 (16559177527494) STATS - 105.7, 0
2018-10-23 19:56:01 (16559177551195) STATS - 105.8, 0
2018-10-23 19:56:01 (16559177578396) STATS - 105.9, 0
2018-10-23 19:56:01 (16559177603097) STATS - 106.0, 0
2018-10-23 19:56:01 (16559177627498) STATS - 106.1, 0
2018-10-23 19:56:01 (16559177651099) STATS - 106.2, 0
2018-10-23 19:56:01 (16559177676200) STATS - 106.3, 0
2018-10-23 19:56:01 (16559177701501) STATS - 106.4, 0
2018-10-23 19:56:01 (16559177725402) STATS - 106.5, 0
2018-10-23 19:56:01 (16559177749503) STATS - 106.6, 0
2018-10-23 19:56:01 (16559177773304) STATS - 106.7, 0
2018-10-23 19:56:01 (16559177796805) STATS - 106.8, 0
2018-10-23 19:56:01 (16559177820306) STATS - 106.9, 0
2018-10-23 19:56:01 (16559177844307) STATS - 107.0, 0
2018-10-23 19:56:01 (16559177868308) STATS - 107.1, 0
2018-10-23 19:56:01 (16559177891809) STATS - 107.2, 0
2018-10-23 19:56:01 (16559177915510) STATS - 107.3, 0
2018-10-23 19:56:01 (16559177938711) STATS - 107.4, 0
2018-10-23 19:56:01 (16559177961812) STATS - 107.5, 0
2018-10-23 19:56:01 (16559178002013) STATS - 107.6, 0
2018-10-23 19:56:01 (16559178042515) STATS - 107.7, 0
2018-10-23 19:56:01 (16559178070616) STATS - 107.8, 0
2018-10-23 19:56:01 (16559178095017) STATS - 107.9, 0
2018-10-23 19:56:01 (16559178118818) STATS - 108.0, 0
2018-10-23 19:56:01 (16559178142419) STATS - 108.1, 0
2018-10-23 19:56:01 (16559178165520) STATS - 108.2, 0
2018-10-23 19:56:01 (16559178189220) STATS - 108.3, 0
2018-10-23 19:56:01 (16559185123293) STATS - 108.4, 0
2018-10-23 19:56:01 (16559185160295) STATS - 108.5, 0
2018-10-23 19:56:01 (16559185187796) STATS - 108.6, 0
2018-10-23 19:56:01 (16559185213097) STATS - 108.7, 0
2018-10-23 19:56:01 (16559185241898) STATS - 108.8, 0
2018-10-23 19:56:01 (16559185266199) STATS - 108.9, 0
2018-10-23 19:56:01 (16559185292600) STATS - 109.0, 0
2018-10-23 19:56:01 (16559185319501) STATS - 109.1, 0
2018-10-23 19:56:01 (16559185344902) STATS - 109.2, 0
2018-10-23 19:56:01 (16559185369303) STATS - 109.3, 0
2018-10-23 19:56:01 (16559185392904) STATS - 109.4, 0
2018-10-23 19:56:01 (16559185416505) STATS - 109.5, 0
2018-10-23 19:56:01 (16559185439706) STATS - 109.6, 0
2018-10-23 19:56:01 (16559185463006) STATS - 109.7, 0
2018-10-23 19:56:01 (16559185486607) STATS - 109.8, 0
2018-10-23 19:56:01 (16559185510108) STATS - 109.9, 0
2018-10-23 19:56:01 (16559185534509) STATS - 110.0, 0
2018-10-23 19:56:01 (16559185558210) STATS - 110.1, 0
2018-10-23 19:56:01 (16559185581711) STATS - 110.2, 0
2018-10-23 19:56:01 (16559185605512) STATS - 110.3, 0
2018-10-23 19:56:01 (16559185628913) STATS - 110.4, 0
2018-10-23 19:56:01 (16559185652514) STATS - 110.5, 0
2018-10-23 19:56:01 (16559185676315) STATS - 110.6, 0
2018-10-23 19:56:01 (16559185699816) STATS - 110.7, 0
2018-10-23 19:56:01 (16559185725817) STATS - 110.8, 0
2018-10-23 19:56:01 (16559185750418) STATS - 110.9, 0
2018-10-23 19:56:01 (16559185774819) STATS - 111.0, 0
2018-10-23 19:56:01 (16559185798520) STATS - 111.1, 0
2018-10-23 19:56:01 (16559185822521) STATS - 111.2, 0
2018-10-23 19:56:01 (16559185846722) STATS - 111.3, 0
2018-10-23 19:56:01 (16559185870823) STATS - 111.4, 0
2018-10-23 19:56:01 (16559185894423) STATS - 111.5, 0
2018-10-23 19:56:01 (16559185917724) STATS - 111.6, 0
2018-10-23 19:56:01 (16559185940925) STATS - 111.7, 0
2018-10-23 19:56:01 (16559185964326) STATS - 111.8, 0
2018-10-23 19:56:01 (16559185987627) STATS - 111.9, 0
2018-10-23 19:56:01 (16559186011428) STATS - 112.0, 0
2018-10-23 19:56:01 (16559186035829) STATS - 112.1, 0
2018-10-23 19:56:01 (16559186059430) STATS - 112.2, 0
2018-10-23 19:56:01 (16559186083031) STATS - 112.3, 0
2018-10-23 19:56:01 (16559186106732) STATS - 112.4, 0
2018-10-23 19:56:01 (16559186130233) STATS - 112.5, 0
2018-10-23 19:56:01 (16559186154334) STATS - 112.6, 0
2018-10-23 19:56:01 (16559186177735) STATS - 112.7, 0
2018-10-23 19:56:01 (16559186201636) STATS - 112.8, 0
2018-10-23 19:56:01 (16559186225036) STATS - 112.9, 0
2018-10-23 19:56:01 (16559186248837) STATS - 113.0, 0
2018-10-23 19:56:01 (16559186272238) STATS - 113.1, 0
2018-10-23 19:56:01 (16559186295339) STATS - 113.2, 0
2018-10-23 19:56:01 (16559186318740) STATS - 113.3, 0
2018-10-23 19:56:01 (16559186342041) STATS - 113.4, 0
2018-10-23 19:56:01 (16559186389343) STATS - 113.5, 0
2018-10-23 19:56:01 (16559186430345) STATS - 113.6, 0
2018-10-23 19:56:01 (16559186458846) STATS - 113.7, 0
2018-10-23 19:56:01 (16559186482947) STATS - 113.8, 0
2018-10-23 19:56:01 (16559186506147) STATS - 113.9, 0
2018-10-23 19:56:01 (16559186530248) STATS - 114.0, 0
2018-10-23 19:56:01 (16559186554149) STATS - 114.1, 0
2018-10-23 19:56:01 (16559186591351) STATS - 114.2, 0
2018-10-23 19:56:01 (16559186619652) STATS - 114.3, 0
2018-10-23 19:56:01 (16559186643853) STATS - 114.4, 0
2018-10-23 19:56:01 (16559186667454) STATS - 114.5, 0
2018-10-23 19:56:01 (16559186691155) STATS - 114.6, 0
2018-10-23 19:56:01 (16559186715356) STATS - 114.7, 0
2018-10-23 19:56:01 (16559186738957) STATS - 114.8, 0
2018-10-23 19:56:01 (16559186762758) STATS - 114.9, 0
2018-10-23 19:56:01 (16559186787059) STATS - 115.0, 0
2018-10-23 19:56:01 (16559186812860) STATS - 115.1, 0
2018-10-23 19:56:01 (16559186838061) STATS - 115.2, 0
2018-10-23 19:56:01 (16559186862261) STATS - 115.3, 0
2018-10-23 19:56:01 (16559186886362) STATS - 115.4, 0
2018-10-23 19:56:01 (16559186909963) STATS - 115.5, 1
2018-10-23 19:56:01 (16559186933664) STATS - 115.6, 0
2018-10-23 19:56:01 (16559186957065) STATS - 115.7, 0
2018-10-23 19:56:01 (16559186980666) STATS - 115.8, 0
2018-10-23 19:56:01 (16559187004067) STATS - 115.9, 0
2018-10-23 19:56:01 (16559187027968) STATS - 116.0, 0
2018-10-23 19:56:01 (16559187051369) STATS - 116.1, 1
2018-10-23 19:56:01 (16559187074670) STATS - 116.2, 0
2018-10-23 19:56:01 (16559187098071) STATS - 116.3, 0
2018-10-23 19:56:01 (16559187121472) STATS - 116.4, 0
2018-10-23 19:56:01 (16559187144773) STATS - 116.5, 0
2018-10-23 19:56:01 (16559187168174) STATS - 116.6, 0
2018-10-23 19:56:01 (16559187191674) STATS - 116.7, 0
2018-10-23 19:56:01 (16559187215375) STATS - 116.8, 0
2018-10-23 19:56:01 (16559187238676) STATS - 116.9, 0
2018-10-23 19:56:01 (16559187262377) STATS - 117.0, 0
2018-10-23 19:56:01 (16559187285878) STATS - 117.1, 0
2018-10-23 19:56:01 (16559187309079) STATS - 117.2, 0
2018-10-23 19:56:01 (16559187332680) STATS - 117.3, 0
2018-10-23 19:56:01 (16559187355781) STATS - 117.4, 0
2018-10-23 19:56:01 (16559187381682) STATS - 117.5, 0
2018-10-23 19:56:01 (16559187425184) STATS - 117.6, 0
2018-10-23 19:56:01 (16559187468685) STATS - 117.7, 0
2018-10-23 19:56:01 (16559187493786) STATS - 117.8, 0
2018-10-23 19:56:01 (16559187537288) STATS - 117.9, 0
2018-10-23 19:56:01 (16559187562189) STATS - 118.0, 0
2018-10-23 19:56:01 (16559187585990) STATS - 118.1, 0
2018-10-23 19:56:01 (16559187609091) STATS - 118.2, 0
2018-10-23 19:56:01 (16559187632692) STATS - 118.3, 0
2018-10-23 19:56:01 (16559187657293) STATS - 118.4, 0
2018-10-23 19:56:01 (16559187680694) STATS - 118.5, 0
2018-10-23 19:56:01 (16559187706495) STATS - 118.6, 0
2018-10-23 19:56:01 (16559187760497) STATS - 118.7, 0
2018-10-23 19:56:01 (16559187788398) STATS - 118.8, 0
2018-10-23 19:56:01 (16559187811799) STATS - 118.9, 0
2018-10-23 19:56:01 (16559187835200) STATS - 119.0, 0
2018-10-23 19:56:01 (16559187858701) STATS - 119.1, 0
2018-10-23 19:56:01 (16559187881702) STATS - 119.2, 0
2018-10-23 19:56:01 (16559187904702) STATS - 119.3, 0
2018-10-23 19:56:01 (16559187930403) STATS - 119.4, 0
2018-10-23 19:56:01 (16559194897277) STATS - 119.5, 0
2018-10-23 19:56:01 (16559195018782) STATS - 119.6, 0
2018-10-23 19:56:01 (16559195049283) STATS - 119.7, 0
2018-10-23 19:56:01 (16559195072884) STATS - 119.8, 0
2018-10-23 19:56:01 (16559195095285) STATS - 119.9, 0
2018-10-23 19:56:01 (16559195118686) STATS - 120.0, 0
2018-10-23 19:56:01 (16559195140987) STATS - 120.1, 0
2018-10-23 19:56:01 (16559195162588) STATS - 120.2, 0
2018-10-23 19:56:01 (16559195190589) STATS - 120.3, 0
2018-10-23 19:56:01 (16559195216490) STATS - 120.4, 0
2018-10-23 19:56:01 (16559195238091) STATS - 120.5, 0
2018-10-23 19:56:01 (16559195259592) STATS - 120.6, 0
2018-10-23 19:56:01 (16559195280593) STATS - 120.7, 0
2018-10-23 19:56:01 (16559195301893) STATS - 120.8, 0
2018-10-23 19:56:01 (16559195322594) STATS - 120.9, 0
2018-10-23 19:56:01 (16559195347095) STATS - 121.0, 0
2018-10-23 19:56:01 (16559195369196) STATS - 121.1, 0
2018-10-23 19:56:01 (16559195401497) STATS - 121.2, 0
2018-10-23 19:56:01 (16559195429898) STATS - 121.3, 1
2018-10-23 19:56:01 (16559195451799) STATS - 121.4, 0
2018-10-23 19:56:01 (16559195477800) STATS - 121.5, 0
2018-10-23 19:56:01 (16559195500001) STATS - 121.6, 0
2018-10-23 19:56:01 (16559195521402) STATS - 121.7, 0
2018-10-23 19:56:01 (16559195543003) STATS - 121.8, 0
2018-10-23 19:56:01 (16559195564304) STATS - 121.9, 0
2018-10-23 19:56:01 (16559195586505) STATS - 122.0, 0
2018-10-23 19:56:01 (16559195608005) STATS - 122.1, 0
2018-10-23 19:56:01 (16559195629306) STATS - 122.2, 0
2018-10-23 19:56:01 (16559195651207) STATS - 122.3, 0
2018-10-23 19:56:01 (16559195672608) STATS - 122.4, 0
2018-10-23 19:56:01 (16559195696009) STATS - 122.5, 0
2018-10-23 19:56:01 (16559195717510) STATS - 122.6, 0
2018-10-23 19:56:01 (16559195738411) STATS - 122.7, 0
2018-10-23 19:56:01 (16559195759711) STATS - 122.8, 0
2018-10-23 19:56:01 (16559195781412) STATS - 122.9, 0
2018-10-23 19:56:01 (16559195803213) STATS - 123.0, 0
2018-10-23 19:56:01 (16559195824714) STATS - 123.1, 0
2018-10-23 19:56:01 (16559195846415) STATS - 123.2, 0
2018-10-23 19:56:01 (16559195868516) STATS - 123.3, 0
2018-10-23 19:56:01 (16559195889916) STATS - 123.4, 0
2018-10-23 19:56:01 (16559195911117) STATS - 123.5, 0
2018-10-23 19:56:01 (16559195932718) STATS - 123.6, 0
2018-10-23 19:56:01 (16559195954519) STATS - 123.7, 0
2018-10-23 19:56:01 (16559195976020) STATS - 123.8, 0
2018-10-23 19:56:01 (16559195997221) STATS - 123.9, 0
2018-10-23 19:56:01 (16559196041122) STATS - 124.0, 0
2018-10-23 19:56:01 (16559196064123) STATS - 124.1, 0
2018-10-23 19:56:01 (16559196085824) STATS - 124.2, 0
2018-10-23 19:56:01 (16559196107125) STATS - 124.3, 0
2018-10-23 19:56:01 (16559196128026) STATS - 124.4, 0
2018-10-23 19:56:01 (16559196149127) STATS - 124.5, 0
2018-10-23 19:56:01 (16559196174728) STATS - 124.6, 0
2018-10-23 19:56:01 (16559196195629) STATS - 124.7, 0
2018-10-23 19:56:01 (16559196216929) STATS - 124.8, 0
2018-10-23 19:56:01 (16559196238030) STATS - 124.9, 0
2018-10-23 19:56:01 (16559196259331) STATS - 125.0, 0
2018-10-23 19:56:01 (16559196280732) STATS - 125.1, 0
2018-10-23 19:56:01 (16559196349535) STATS - 125.2, 0
2018-10-23 19:56:01 (16559196378936) STATS - 125.3, 0
2018-10-23 19:56:01 (16559196400437) STATS - 125.4, 0
2018-10-23 19:56:01 (16559196428638) STATS - 125.5, 0
2018-10-23 19:56:01 (16559196456439) STATS - 125.6, 0
2018-10-23 19:56:01 (16559196479540) STATS - 125.7, 1
2018-10-23 19:56:01 (16559196498940) STATS - 125.8, 0
2018-10-23 19:56:01 (16559196518241) STATS - 125.9, 0
2018-10-23 19:56:01 (16559196538442) STATS - 126.0, 0
2018-10-23 19:56:01 (16559196571243) STATS - 126.1, 0
2018-10-23 19:56:01 (16559196593544) STATS - 126.2, 0
2018-10-23 19:56:01 (16559196620445) STATS - 126.3, 0
2018-10-23 19:56:01 (16559196670347) STATS - 126.4, 0
2018-10-23 19:56:01 (16559196693348) STATS - 126.5, 0
2018-10-23 19:56:01 (16559196713349) STATS - 126.6, 0
2018-10-23 19:56:01 (16559196732550) STATS - 126.7, 0
2018-10-23 19:56:01 (16559196752050) STATS - 126.8, 0
2018-10-23 19:56:01 (16559196771351) STATS - 126.9, 0
2018-10-23 19:56:01 (16559196793552) STATS - 127.0, 0
2018-10-23 19:56:01 (16559196813953) STATS - 127.1, 0
2018-10-23 19:56:01 (16559196833654) STATS - 127.2, 0
2018-10-23 19:56:01 (16559196853354) STATS - 127.3, 0
2018-10-23 19:56:01 (16559196873055) STATS - 127.4, 0
2018-10-23 19:56:01 (16559196892556) STATS - 127.5, 0
2018-10-23 19:56:01 (16559196912157) STATS - 127.6, 0
2018-10-23 19:56:01 (16559196931857) STATS - 127.7, 0
2018-10-23 19:56:01 (16559196950958) STATS - 127.8, 0
2018-10-23 19:56:01 (16559196970059) STATS - 127.9, 0
2018-10-23 19:56:01 (16559196990860) STATS - 128.0, 0
2018-10-23 19:56:01 (16559197025061) STATS - 128.1, 0
2018-10-23 19:56:01 (16559197045762) STATS - 128.2, 0
2018-10-23 19:56:01 (16559197066063) STATS - 128.3, 0
2018-10-23 19:56:01 (16559197085363) STATS - 128.4, 0
2018-10-23 19:56:01 (16559197104964) STATS - 128.5, 0
2018-10-23 19:56:01 (16559197124065) STATS - 128.6, 0
2018-10-23 19:56:01 (16559197143266) STATS - 128.7, 0
2018-10-23 19:56:01 (16559197162067) STATS - 128.8, 0
2018-10-23 19:56:01 (16559197181367) STATS - 128.9, 0
2018-10-23 19:56:01 (16559197200968) STATS - 129.0, 0
2018-10-23 19:56:01 (16559197220069) STATS - 129.1, 0
2018-10-23 19:56:01 (16559197239170) STATS - 129.2, 0
2018-10-23 19:56:01 (16559197261070) STATS - 129.3, 0
2018-10-23 19:56:01 (16559197280471) STATS - 129.4, 0
2018-10-23 19:56:01 (16559197299472) STATS - 129.5, 0
2018-10-23 19:56:01 (16559197318873) STATS - 129.6, 0
2018-10-23 19:56:01 (16559197338173) STATS - 129.7, 0
2018-10-23 19:56:01 (16559197357374) STATS - 129.8, 0
2018-10-23 19:56:01 (16559197376575) STATS - 129.9, 0
2018-10-23 19:56:01 (16559197396076) STATS - 130.0, 0
2018-10-23 19:56:01 (16559197415176) STATS - 130.1, 0
2018-10-23 19:56:01 (16559197434577) STATS - 130.2, 0
2018-10-23 19:56:01 (16559197454178) STATS - 130.3, 0
2018-10-23 19:56:01 (16559197480079) STATS - 130.4, 0
2018-10-23 19:56:01 (16559197500480) STATS - 130.5, 0
2018-10-23 19:56:01 (16559197519881) STATS - 130.6, 0
2018-10-23 19:56:01 (16559197539481) STATS - 130.7, 0
2018-10-23 19:56:01 (16559197558182) STATS - 130.8, 0
2018-10-23 19:56:01 (16559197576883) STATS - 130.9, 0
2018-10-23 19:56:01 (16559197598484) STATS - 131.0, 0
2018-10-23 19:56:01 (16559197618284) STATS - 131.1, 0
2018-10-23 19:56:01 (16559197637485) STATS - 131.2, 0
2018-10-23 19:56:01 (16559197657886) STATS - 131.3, 0
2018-10-23 19:56:01 (16559197677187) STATS - 131.4, 0
2018-10-23 19:56:01 (16559197696288) STATS - 131.5, 0
2018-10-23 19:56:01 (16559197715088) STATS - 131.6, 0
2018-10-23 19:56:01 (16559197733889) STATS - 131.7, 0
2018-10-23 19:56:01 (16559197752890) STATS - 131.8, 0
2018-10-23 19:56:01 (16559197771790) STATS - 131.9, 0
2018-10-23 19:56:01 (16559204747165) STATS - 132.0, 0
2018-10-23 19:56:01 (16559204825068) STATS - 132.1, 0
2018-10-23 19:56:01 (16559204854469) STATS - 132.2, 0
2018-10-23 19:56:01 (16559204875470) STATS - 132.3, 0
2018-10-23 19:56:01 (16559204894671) STATS - 132.4, 0
2018-10-23 19:56:01 (16559204913571) STATS - 132.5, 0
2018-10-23 19:56:01 (16559204932672) STATS - 132.6, 0
2018-10-23 19:56:01 (16559204951673) STATS - 132.7, 0
2018-10-23 19:56:01 (16559204970474) STATS - 132.8, 0
2018-10-23 19:56:01 (16559204989074) STATS - 132.9, 0
2018-10-23 19:56:01 (16559205009175) STATS - 133.0, 0
2018-10-23 19:56:01 (16559205028876) STATS - 133.1, 0
2018-10-23 19:56:01 (16559205048077) STATS - 133.2, 0
2018-10-23 19:56:01 (16559205071178) STATS - 133.3, 0
2018-10-23 19:56:01 (16559205109879) STATS - 133.4, 0
2018-10-23 19:56:01 (16559205129980) STATS - 133.5, 0
2018-10-23 19:56:01 (16559205149181) STATS - 133.6, 0
2018-10-23 19:56:01 (16559205168081) STATS - 133.7, 0
2018-10-23 19:56:01 (16559205186682) STATS - 133.8, 0
2018-10-23 19:56:01 (16559205252985) STATS - 133.9, 0
2018-10-23 19:56:01 (16559205281886) STATS - 134.0, 0
2018-10-23 19:56:01 (16559205309387) STATS - 134.1, 0
2018-10-23 19:56:01 (16559205332888) STATS - 134.2, 0
2018-10-23 19:56:01 (16559205351889) STATS - 134.3, 0
2018-10-23 19:56:01 (16559205369789) STATS - 134.4, 0
2018-10-23 19:56:01 (16559205390690) STATS - 134.5, 0
2018-10-23 19:56:01 (16559205409491) STATS - 134.6, 0
2018-10-23 19:56:01 (16559205429192) STATS - 134.7, 0
2018-10-23 19:56:01 (16559205447492) STATS - 134.8, 0
2018-10-23 19:56:01 (16559205465293) STATS - 134.9, 0
2018-10-23 19:56:01 (16559205486994) STATS - 135.0, 0
2018-10-23 19:56:01 (16559205505595) STATS - 135.1, 0
2018-10-23 19:56:01 (16559205523995) STATS - 135.2, 0
2018-10-23 19:56:01 (16559205542796) STATS - 135.3, 0
2018-10-23 19:56:01 (16559205561097) STATS - 135.4, 0
2018-10-23 19:56:01 (16559205579097) STATS - 135.5, 0
2018-10-23 19:56:01 (16559205597298) STATS - 135.6, 0
2018-10-23 19:56:01 (16559205617399) STATS - 135.7, 0
2018-10-23 19:56:01 (16559205636100) STATS - 135.8, 0
2018-10-23 19:56:01 (16559205654100) STATS - 135.9, 0
2018-10-23 19:56:01 (16559205672401) STATS - 136.0, 0
2018-10-23 19:56:01 (16559205691002) STATS - 136.1, 0
2018-10-23 19:56:01 (16559205709603) STATS - 136.2, 0
2018-10-23 19:56:01 (16559205729203) STATS - 136.3, 0
2018-10-23 19:56:01 (16559205748604) STATS - 136.4, 0
2018-10-23 19:56:01 (16559205767205) STATS - 136.5, 0
2018-10-23 19:56:01 (16559205785706) STATS - 136.6, 0
2018-10-23 19:56:01 (16559205807606) STATS - 136.7, 0
2018-10-23 19:56:01 (16559205826207) STATS - 136.8, 0
2018-10-23 19:56:01 (16559205844308) STATS - 136.9, 0
2018-10-23 19:56:01 (16559205862809) STATS - 137.0, 0
2018-10-23 19:56:01 (16559205889610) STATS - 137.1, 0
2018-10-23 19:56:01 (16559205912811) STATS - 137.2, 0
2018-10-23 19:56:01 (16559205931711) STATS - 137.3, 0
2018-10-23 19:56:01 (16559205950112) STATS - 137.4, 0
2018-10-23 19:56:01 (16559205968713) STATS - 137.5, 0
2018-10-23 19:56:01 (16559205987314) STATS - 137.6, 0
2018-10-23 19:56:01 (16559206006414) STATS - 137.7, 0
2018-10-23 19:56:01 (16559206025415) STATS - 137.8, 0
2018-10-23 19:56:01 (16559206044016) STATS - 137.9, 0
2018-10-23 19:56:01 (16559206063217) STATS - 138.0, 0
2018-10-23 19:56:01 (16559206082617) STATS - 138.1, 0
2018-10-23 19:56:01 (16559206101718) STATS - 138.2, 0
2018-10-23 19:56:01 (16559206122019) STATS - 138.3, 0
2018-10-23 19:56:01 (16559206140520) STATS - 138.4, 0
2018-10-23 19:56:01 (16559206164120) STATS - 138.5, 0
2018-10-23 19:56:01 (16559206182621) STATS - 138.6, 0
2018-10-23 19:56:01 (16559206200922) STATS - 138.7, 0
2018-10-23 19:56:01 (16559206219223) STATS - 138.8, 0
2018-10-23 19:56:01 (16559206237223) STATS - 138.9, 0
2018-10-23 19:56:01 (16559206255524) STATS - 139.0, 0
2018-10-23 19:56:01 (16559206275125) STATS - 139.1, 0
2018-10-23 19:56:01 (16559206307026) STATS - 139.2, 0
2018-10-23 19:56:01 (16559206329527) STATS - 139.3, 0
2018-10-23 19:56:01 (16559206348328) STATS - 139.4, 0
2018-10-23 19:56:01 (16559206366528) STATS - 139.5, 0
2018-10-23 19:56:01 (16559206385029) STATS - 139.6, 0
2018-10-23 19:56:01 (16559206405330) STATS - 139.7, 0
2018-10-23 19:56:01 (16559206424431) STATS - 139.8, 0
2018-10-23 19:56:01 (16559206442731) STATS - 139.9, 0
2018-10-23 19:56:01 (16559206462432) STATS - 140.0, 0
2018-10-23 19:56:01 (16559206481233) STATS - 140.1, 0
2018-10-23 19:56:01 (16559206499634) STATS - 140.2, 0
2018-10-23 19:56:01 (16559206532635) STATS - 140.3, 0
2018-10-23 19:56:01 (16559206551836) STATS - 140.4, 0
2018-10-23 19:56:01 (16559206570036) STATS - 140.5, 0
2018-10-23 19:56:01 (16559206588237) STATS - 140.6, 0
2018-10-23 19:56:01 (16559206606538) STATS - 140.7, 0
2018-10-23 19:56:01 (16559206626339) STATS - 140.8, 0
2018-10-23 19:56:01 (16559206644639) STATS - 140.9, 0
2018-10-23 19:56:01 (16559206663140) STATS - 141.0, 0
2018-10-23 19:56:01 (16559206681741) STATS - 141.1, 0
2018-10-23 19:56:01 (16559206700042) STATS - 141.2, 0
2018-10-23 19:56:01 (16559206717942) STATS - 141.3, 0
2018-10-23 19:56:01 (16559206754144) STATS - 141.4, 0
2018-10-23 19:56:01 (16559206773644) STATS - 141.5, 0
2018-10-23 19:56:01 (16559206792145) STATS - 141.6, 0
2018-10-23 19:56:01 (16559206810646) STATS - 141.7, 0
2018-10-23 19:56:01 (16559206828547) STATS - 141.8, 0
2018-10-23 19:56:01 (16559206848447) STATS - 141.9, 0
2018-10-23 19:56:01 (16559206882749) STATS - 142.0, 0
2018-10-23 19:56:01 (16559206903150) STATS - 142.1, 0
2018-10-23 19:56:01 (16559206921550) STATS - 142.2, 0
2018-10-23 19:56:01 (16559206939451) STATS - 142.3, 0
2018-10-23 19:56:01 (16559206957252) STATS - 142.4, 0
2018-10-23 19:56:01 (16559206974852) STATS - 142.5, 0
2018-10-23 19:56:01 (16559206992553) STATS - 142.6, 0
2018-10-23 19:56:01 (16559207014054) STATS - 142.7, 0
2018-10-23 19:56:01 (16559207032155) STATS - 142.8, 0
2018-10-23 19:56:01 (16559207049755) STATS - 142.9, 0
2018-10-23 19:56:01 (16559207067556) STATS - 143.0, 0
2018-10-23 19:56:01 (16559207085257) STATS - 143.1, 0
2018-10-23 19:56:01 (16559207103257) STATS - 143.2, 0
2018-10-23 19:56:01 (16559207124758) STATS - 143.3, 0
2018-10-23 19:56:01 (16559207143059) STATS - 143.4, 0
2018-10-23 19:56:01 (16559207160660) STATS - 143.5, 0
2018-10-23 19:56:01 (16559207178260) STATS - 143.6, 0
2018-10-23 19:56:01 (16559207195861) STATS - 143.7, 0
2018-10-23 19:56:01 (16559207213562) STATS - 143.8, 0
2018-10-23 19:56:01 (16559207236163) STATS - 143.9, 0
2018-10-23 19:56:01 (16559207253963) STATS - 144.0, 0
2018-10-23 19:56:01 (16559207271664) STATS - 144.1, 0
2018-10-23 19:56:01 (16559207310266) STATS - 144.2, 0
2018-10-23 19:56:01 (16559207329366) STATS - 144.3, 0
2018-10-23 19:56:01 (16559207346867) STATS - 144.4, 0
2018-10-23 19:56:01 (16559207365968) STATS - 144.5, 0
2018-10-23 19:56:01 (16559207384068) STATS - 144.6, 0
2018-10-23 19:56:01 (16559207401969) STATS - 144.7, 0
2018-10-23 19:56:01 (16559207419070) STATS - 144.8, 0
2018-10-23 19:56:01 (16559207436271) STATS - 144.9, 0
2018-10-23 19:56:01 (16559207453771) STATS - 145.0, 0
2018-10-23 19:56:01 (16559207471072) STATS - 145.1, 0
2018-10-23 19:56:01 (16559207492673) STATS - 145.2, 0
2018-10-23 19:56:01 (16559207510373) STATS - 145.3, 0
2018-10-23 19:56:01 (16559207527474) STATS - 145.4, 0
2018-10-23 19:56:01 (16559207544975) STATS - 145.5, 0
2018-10-23 19:56:01 (16559207564276) STATS - 145.6, 0
2018-10-23 19:56:01 (16559207581676) STATS - 145.7, 0
2018-10-23 19:56:01 (16559207598977) STATS - 145.8, 0
2018-10-23 19:56:01 (16559207615978) STATS - 145.9, 0
2018-10-23 19:56:01 (16559214559451) STATS - 146.0, 0
2018-10-23 19:56:01 (16559214609153) STATS - 146.1, 0
2018-10-23 19:56:01 (16559214627253) STATS - 146.2, 0
2018-10-23 19:56:01 (16559214642054) STATS - 146.3, 0
2018-10-23 19:56:01 (16559214655954) STATS - 146.4, 0
2018-10-23 19:56:01 (16559214670355) STATS - 146.5, 0
2018-10-23 19:56:01 (16559214684656) STATS - 146.6, 0
2018-10-23 19:56:01 (16559214699056) STATS - 146.7, 0
2018-10-23 19:56:01 (16559214713257) STATS - 146.8, 0
2018-10-23 19:56:01 (16559214727257) STATS - 146.9, 0
2018-10-23 19:56:01 (16559214742058) STATS - 147.0, 0
2018-10-23 19:56:01 (16559214756558) STATS - 147.1, 0
2018-10-23 19:56:01 (16559214771059) STATS - 147.2, 0
2018-10-23 19:56:01 (16559214785359) STATS - 147.3, 0
2018-10-23 19:56:01 (16559214799360) STATS - 147.4, 0
2018-10-23 19:56:01 (16559214813361) STATS - 147.5, 0
2018-10-23 19:56:01 (16559214827661) STATS - 147.6, 0
2018-10-23 19:56:01 (16559214841962) STATS - 147.7, 0
2018-10-23 19:56:01 (16559214868063) STATS - 147.8, 0
2018-10-23 19:56:01 (16559214883463) STATS - 147.9, 0
2018-10-23 19:56:01 (16559214897664) STATS - 148.0, 0
2018-10-23 19:56:01 (16559214912164) STATS - 148.1, 0
2018-10-23 19:56:01 (16559214926165) STATS - 148.2, 0
2018-10-23 19:56:01 (16559214940266) STATS - 148.3, 0
2018-10-23 19:56:01 (16559214953966) STATS - 148.4, 0
2018-10-23 19:56:01 (16559214967967) STATS - 148.5, 0
2018-10-23 19:56:01 (16559214981967) STATS - 148.6, 0
2018-10-23 19:56:01 (16559214996068) STATS - 148.7, 0
2018-10-23 19:56:01 (16559215009768) STATS - 148.8, 0
2018-10-23 19:56:01 (16559215024269) STATS - 148.9, 0
2018-10-23 19:56:01 (16559215038369) STATS - 149.0, 0
2018-10-23 19:56:01 (16559215087671) STATS - 149.1, 0
2018-10-23 19:56:01 (16559215107372) STATS - 149.2, 0
2018-10-23 19:56:01 (16559215133073) STATS - 149.3, 0
2018-10-23 19:56:01 (16559215149574) STATS - 149.4, 0
2018-10-23 19:56:01 (16559215163174) STATS - 149.5, 0
2018-10-23 19:56:01 (16559215177175) STATS - 149.6, 0
2018-10-23 19:56:01 (16559215190575) STATS - 149.7, 0
2018-10-23 19:56:01 (16559215203876) STATS - 149.8, 0
2018-10-23 19:56:01 (16559215222677) STATS - 149.9, 0
2018-10-23 19:56:01 (16559215237277) STATS - 150.0, 0
2018-10-23 19:56:01 (16559215250978) STATS - 150.1, 0
2018-10-23 19:56:01 (16559215269779) STATS - 150.2, 0
2018-10-23 19:56:01 (16559215283179) STATS - 150.3, 0
2018-10-23 19:56:01 (16559215296280) STATS - 150.4, 0
2018-10-23 19:56:01 (16559215309380) STATS - 150.5, 0
2018-10-23 19:56:01 (16559215322781) STATS - 150.6, 0
2018-10-23 19:56:01 (16559215407284) STATS - 150.7, 0
2018-10-23 19:56:01 (16559215430585) STATS - 150.8, 0
2018-10-23 19:56:01 (16559215445885) STATS - 150.9, 0
2018-10-23 19:56:01 (16559215460386) STATS - 151.0, 0
2018-10-23 19:56:01 (16559215473787) STATS - 151.1, 0
2018-10-23 19:56:01 (16559215486787) STATS - 151.2, 0
2018-10-23 19:56:01 (16559215499788) STATS - 151.3, 0
2018-10-23 19:56:01 (16559215512988) STATS - 151.4, 0
2018-10-23 19:56:01 (16559215525989) STATS - 151.5, 0
2018-10-23 19:56:01 (16559215539189) STATS - 151.6, 0
2018-10-23 19:56:01 (16559215552390) STATS - 151.7, 0
2018-10-23 19:56:01 (16559215567390) STATS - 151.8, 0
2018-10-23 19:56:01 (16559215596191) STATS - 151.9, 0
2018-10-23 19:56:01 (16559215624392) STATS - 152.0, 0
2018-10-23 19:56:01 (16559215649093) STATS - 152.1, 0
2018-10-23 19:56:01 (16559215698995) STATS - 152.2, 0
2018-10-23 19:56:01 (16559215734397) STATS - 152.3, 0
2018-10-23 19:56:01 (16559215757298) STATS - 152.4, 0
2018-10-23 19:56:01 (16559215773798) STATS - 152.5, 0
2018-10-23 19:56:01 (16559215787899) STATS - 152.6, 0
2018-10-23 19:56:01 (16559215811500) STATS - 152.7, 0
2018-10-23 19:56:01 (16559215833401) STATS - 152.8, 0
2018-10-23 19:56:01 (16559215847201) STATS - 152.9, 0
2018-10-23 19:56:01 (16559215861402) STATS - 153.0, 0
2018-10-23 19:56:01 (16559215875902) STATS - 153.1, 0
2018-10-23 19:56:01 (16559215889703) STATS - 153.2, 1
2018-10-23 19:56:01 (16559215903303) STATS - 153.3, 1
2018-10-23 19:56:01 (16559215916504) STATS - 153.4, 0
2018-10-23 19:56:01 (16559215931505) STATS - 153.5, 3
2018-10-23 19:56:01 (16559215946605) STATS - 153.6, 1
2018-10-23 19:56:01 (16559215960506) STATS - 153.7, 0
2018-10-23 19:56:01 (16559215974106) STATS - 153.8, 0
2018-10-23 19:56:01 (16559215987407) STATS - 153.9, 0
2018-10-23 19:56:01 (16559216018508) STATS - 154.0, 0
2018-10-23 19:56:01 (16559216035309) STATS - 154.1, 0
2018-10-23 19:56:01 (16559216051409) STATS - 154.2, 0
2018-10-23 19:56:01 (16559216065010) STATS - 154.3, 0
2018-10-23 19:56:01 (16559216078110) STATS - 154.4, 0
2018-10-23 19:56:01 (16559216091411) STATS - 154.5, 0
2018-10-23 19:56:01 (16559216104811) STATS - 154.6, 0
2018-10-23 19:56:01 (16559216118112) STATS - 154.7, 0
2018-10-23 19:56:01 (16559216131112) STATS - 154.8, 0
2018-10-23 19:56:01 (16559216144113) STATS - 154.9, 0
2018-10-23 19:56:01 (16559216157613) STATS - 155.0, 0
2018-10-23 19:56:01 (16559216170914) STATS - 155.1, 0
2018-10-23 19:56:01 (16559216184515) STATS - 155.2, 0
2018-10-23 19:56:01 (16559216231416) STATS - 155.3, 0
2018-10-23 19:56:01 (16559216294019) STATS - 155.4, 0
2018-10-23 19:56:01 (16559216310319) STATS - 155.5, 0
2018-10-23 19:56:01 (16559216324220) STATS - 155.6, 0
2018-10-23 19:56:01 (16559216337521) STATS - 155.7, 0
2018-10-23 19:56:01 (16559216351021) STATS - 155.8, 0
2018-10-23 19:56:01 (16559216364622) STATS - 155.9, 0
2018-10-23 19:56:01 (16559216379422) STATS - 156.0, 0
2018-10-23 19:56:01 (16559216392923) STATS - 156.1, 0
2018-10-23 19:56:01 (16559216406323) STATS - 156.2, 0
2018-10-23 19:56:01 (16559216419524) STATS - 156.3, 0
2018-10-23 19:56:01 (16559216432824) STATS - 156.4, 0
2018-10-23 19:56:01 (16559216491327) STATS - 156.5, 0
2018-10-23 19:56:01 (16559216505627) STATS - 156.6, 0
2018-10-23 19:56:01 (16559216519028) STATS - 156.7, 0
2018-10-23 19:56:01 (16559216534428) STATS - 156.8, 0
2018-10-23 19:56:01 (16559216547529) STATS - 156.9, 0
2018-10-23 19:56:01 (16559216562029) STATS - 157.0, 0
2018-10-23 19:56:01 (16559216575930) STATS - 157.1, 0
2018-10-23 19:56:01 (16559216589330) STATS - 157.2, 0
2018-10-23 19:56:01 (16559216602731) STATS - 157.3, 0
2018-10-23 19:56:01 (16559216615931) STATS - 157.4, 0
2018-10-23 19:56:01 (16559216629532) STATS - 157.5, 0
2018-10-23 19:56:01 (16559216642733) STATS - 157.6, 0
2018-10-23 19:56:01 (16559216656133) STATS - 157.7, 0
2018-10-23 19:56:01 (16559216669134) STATS - 157.8, 0
2018-10-23 19:56:01 (16559216682634) STATS - 157.9, 0
2018-10-23 19:56:01 (16559216696235) STATS - 158.0, 0
2018-10-23 19:56:01 (16559216709535) STATS - 158.1, 0
2018-10-23 19:56:01 (16559216722936) STATS - 158.2, 0
2018-10-23 19:56:01 (16559216736236) STATS - 158.3, 0
2018-10-23 19:56:01 (16559216749537) STATS - 158.4, 0
2018-10-23 19:56:01 (16559216762637) STATS - 158.5, 0
2018-10-23 19:56:01 (16559216776038) STATS - 158.6, 0
2018-10-23 19:56:01 (16559216789338) STATS - 158.7, 0
2018-10-23 19:56:01 (16559216802939) STATS - 158.8, 0
2018-10-23 19:56:01 (16559216818339) STATS - 158.9, 0
2018-10-23 19:56:01 (16559216831940) STATS - 159.0, 0
2018-10-23 19:56:01 (16559216845340) STATS - 159.1, 0
2018-10-23 19:56:01 (16559216858541) STATS - 159.2, 0
2018-10-23 19:56:01 (16559216871742) STATS - 159.3, 0
2018-10-23 19:56:01 (16559216885342) STATS - 159.4, 0
2018-10-23 19:56:01 (16559216898643) STATS - 159.5, 0
2018-10-23 19:56:01 (16559216912043) STATS - 159.6, 0
2018-10-23 19:56:01 (16559216926144) STATS - 159.7, 0
2018-10-23 19:56:01 (16559216939544) STATS - 159.8, 0
2018-10-23 19:56:01 (16559216952845) STATS - 159.9, 0
2018-10-23 19:56:01 (16559216967745) STATS - 160.0, 0
2018-10-23 19:56:01 (16559216981446) STATS - 160.1, 0
2018-10-23 19:56:01 (16559216995146) STATS - 160.2, 0
2018-10-23 19:56:01 (16559217008347) STATS - 160.3, 0
2018-10-23 19:56:01 (16559217022147) STATS - 160.4, 0
2018-10-23 19:56:01 (16559217035648) STATS - 160.5, 0
2018-10-23 19:56:01 (16559217049649) STATS - 160.6, 0
2018-10-23 19:56:01 (16559217063049) STATS - 160.7, 0
2018-10-23 19:56:01 (16559217076550) STATS - 160.8, 0
2018-10-23 19:56:01 (16559217090250) STATS - 160.9, 0
2018-10-23 19:56:01 (16559217103451) STATS - 161.0, 0
2018-10-23 19:56:01 (16559217116651) STATS - 161.1, 0
2018-10-23 19:56:01 (16559217130752) STATS - 161.2, 1
2018-10-23 19:56:01 (16559217143952) STATS - 161.3, 0
2018-10-23 19:56:01 (16559217159153) STATS - 161.4, 0
2018-10-23 19:56:01 (16559217172453) STATS - 161.5, 0
2018-10-23 19:56:01 (16559217186054) STATS - 161.6, 0
2018-10-23 19:56:01 (16559217199554) STATS - 161.7, 0
2018-10-23 19:56:01 (16559217212755) STATS - 161.8, 0
2018-10-23 19:56:01 (16559217225755) STATS - 161.9, 0
2018-10-23 19:56:01 (16559217240956) STATS - 162.0, 0
2018-10-23 19:56:01 (16559217254157) STATS - 162.1, 1
2018-10-23 19:56:01 (16559217279858) INFO  - END: Middleware stopped.
