2018-10-23 18:29:58 (11396761813390) INFO  - START: Middleware listening on address 10.0.0.7:8888.
2018-10-23 18:31:21 (11479331138646) STATS -  5.00, 826, 0, 0.160132, 1.162953, 1.409067, 0.000000, 1.409067, 0.000000, 0, 4132, 0, 1.00, 0.00, 0
2018-10-23 18:31:21 (11479370803458) STATS - 10.00, 869, 0, 0.096286, 1.179927, 1.348156, 0.000000, 1.348156, 0.000000, 0, 4349, 0, 1.00, 0.00, 0
2018-10-23 18:31:21 (11479441545811) STATS - 15.00, 931, 0, 0.095877, 1.060660, 1.204537, 0.000000, 1.204537, 0.000000, 0, 4656, 0, 1.00, 0.00, 0
2018-10-23 18:31:21 (11479510462085) STATS - 20.00, 902, 0, 0.100388, 1.068349, 1.227305, 0.000000, 1.227305, 0.000000, 0, 4511, 0, 1.00, 0.00, 0
2018-10-23 18:31:21 (11479578882637) STATS - 25.00, 948, 0, 0.101572, 1.018107, 1.178863, 0.000000, 1.178863, 0.000000, 0, 4741, 0, 1.00, 0.00, 0
2018-10-23 18:31:21 (11479644281859) STATS - 30.00, 938, 0, 0.101835, 1.031939, 1.194648, 0.000000, 1.194648, 0.000000, 0, 4693, 0, 1.00, 0.00, 0
2018-10-23 18:31:21 (11479655990264) STATS - 35.00, 897, 0, 0.107585, 1.088937, 1.260772, 0.000000, 1.260772, 0.000000, 0, 4487, 0, 1.00, 0.00, 0
2018-10-23 18:31:21 (11479674052444) STATS - 40.00, 933, 0, 0.124073, 1.061357, 1.248506, 0.000000, 1.248506, 0.000000, 0, 4666, 0, 1.00, 0.00, 0
2018-10-23 18:31:21 (11479684737805) STATS - 45.00, 948, 0, 0.096875, 1.025986, 1.179170, 0.000000, 1.179170, 0.000000, 0, 4740, 0, 1.00, 0.00, 0
2018-10-23 18:31:21 (11479702014450) STATS - 50.00, 927, 0, 0.091913, 1.071978, 1.224472, 0.000000, 1.224472, 0.000000, 0, 4638, 0, 1.00, 0.00, 0
2018-10-23 18:31:21 (11479711600064) STATS - 55.00, 913, 0, 0.093521, 1.086548, 1.237396, 0.000000, 1.237396, 0.000000, 0, 4567, 0, 1.00, 0.00, 0
2018-10-23 18:31:21 (11479721024871) STATS - 60.00, 946, 0, 0.096157, 1.053231, 1.211041, 0.000000, 1.211041, 0.000000, 0, 4732, 0, 1.00, 0.00, 0
2018-10-23 18:31:21 (11479723184764) STATS - 65.00, 937, 0, 0.105207, 1.077302, 1.250412, 0.000000, 1.250412, 0.000000, 0, 4686, 0, 1.00, 0.00, 0
2018-10-23 18:31:21 (11479732014045) STATS - 70.00, 950, 0, 0.097419, 1.050334, 1.211740, 0.000000, 1.211740, 0.000000, 0, 4750, 0, 1.00, 0.00, 0
2018-10-23 18:31:21 (11479733055890) STATS - 70.00, 22, 0, 0.062324, 1.295237, 1.404911, 0.000000, 1.404911, 0.000000, 0, 112, 0, 1.00, 0.00, 0
2018-10-23 18:31:21 (11479881359790) STATS - Interval, Responses
2018-10-23 18:31:21 (11479888613403) STATS - 0.1, 0
2018-10-23 18:31:21 (11479888847913) STATS - 0.2, 0
2018-10-23 18:31:21 (11479889059922) STATS - 0.3, 0
2018-10-23 18:31:21 (11479889218029) STATS - 0.4, 3
2018-10-23 18:31:21 (11479889397236) STATS - 0.5, 399
2018-10-23 18:31:21 (11479889573944) STATS - 0.6, 3244
2018-10-23 18:31:21 (11479889724851) STATS - 0.7, 8444
2018-10-23 18:31:21 (11479889874457) STATS - 0.8, 12157
2018-10-23 18:31:21 (11479890052665) STATS - 0.9, 11029
2018-10-23 18:31:21 (11479890203371) STATS - 1.0, 7512
2018-10-23 18:31:21 (11479890375079) STATS - 1.1, 5181
2018-10-23 18:31:21 (11479890576987) STATS - 1.2, 3447
2018-10-23 18:31:21 (11479890768796) STATS - 1.3, 2338
2018-10-23 18:31:21 (11479890931703) STATS - 1.4, 1755
2018-10-23 18:31:21 (11479891107110) STATS - 1.5, 1217
2018-10-23 18:31:21 (11479891268317) STATS - 1.6, 909
2018-10-23 18:31:21 (11479891415324) STATS - 1.7, 625
2018-10-23 18:31:21 (11479898597333) STATS - 1.8, 449
2018-10-23 18:31:21 (11479898787942) STATS - 1.9, 389
2018-10-23 18:31:21 (11479898931948) STATS - 2.0, 267
2018-10-23 18:31:21 (11479899107455) STATS - 2.1, 211
2018-10-23 18:31:21 (11479899251062) STATS - 2.2, 151
2018-10-23 18:31:21 (11479899392268) STATS - 2.3, 132
2018-10-23 18:31:21 (11479899560075) STATS - 2.4, 114
2018-10-23 18:31:21 (11479899707481) STATS - 2.5, 123
2018-10-23 18:31:21 (11479899889189) STATS - 2.6, 97
2018-10-23 18:31:21 (11479900095598) STATS - 2.7, 82
2018-10-23 18:31:21 (11479900238104) STATS - 2.8, 85
2018-10-23 18:31:21 (11479900391311) STATS - 2.9, 91
2018-10-23 18:31:21 (11479900529317) STATS - 3.0, 64
2018-10-23 18:31:21 (11479900668923) STATS - 3.1, 82
2018-10-23 18:31:21 (11479900803929) STATS - 3.2, 68
2018-10-23 18:31:21 (11479900971436) STATS - 3.3, 65
2018-10-23 18:31:21 (11479908357555) STATS - 3.4, 77
2018-10-23 18:31:21 (11479908586064) STATS - 3.5, 58
2018-10-23 18:31:21 (11479908736671) STATS - 3.6, 65
2018-10-23 18:31:21 (11479908887777) STATS - 3.7, 57
2018-10-23 18:31:21 (11479909050585) STATS - 3.8, 61
2018-10-23 18:31:21 (11479909190091) STATS - 3.9, 77
2018-10-23 18:31:21 (11479909341097) STATS - 4.0, 70
2018-10-23 18:31:21 (11479909489603) STATS - 4.1, 51
2018-10-23 18:31:21 (11479910073129) STATS - 4.2, 71
2018-10-23 18:31:21 (11479910262437) STATS - 4.3, 72
2018-10-23 18:31:21 (11479910412543) STATS - 4.4, 69
2018-10-23 18:31:21 (11479910684855) STATS - 4.5, 59
2018-10-23 18:31:21 (11479911666297) STATS - 4.6, 94
2018-10-23 18:31:21 (11479911844005) STATS - 4.7, 89
2018-10-23 18:31:21 (11479912026913) STATS - 4.8, 79
2018-10-23 18:31:21 (11479912183220) STATS - 4.9, 77
2018-10-23 18:31:21 (11479918185579) STATS - 5.0, 76
2018-10-23 18:31:21 (11479918343286) STATS - 5.1, 73
2018-10-23 18:31:21 (11479918471591) STATS - 5.2, 83
2018-10-23 18:31:21 (11479918596696) STATS - 5.3, 86
2018-10-23 18:31:21 (11479918766104) STATS - 5.4, 104
2018-10-23 18:31:21 (11479918912810) STATS - 5.5, 72
2018-10-23 18:31:21 (11479919060216) STATS - 5.6, 72
2018-10-23 18:31:21 (11479919303227) STATS - 5.7, 69
2018-10-23 18:31:21 (11479919435133) STATS - 5.8, 97
2018-10-23 18:31:21 (11479919840450) STATS - 5.9, 95
2018-10-23 18:31:21 (11479919968356) STATS - 6.0, 79
2018-10-23 18:31:21 (11479920143663) STATS - 6.1, 75
2018-10-23 18:31:21 (11479920265268) STATS - 6.2, 84
2018-10-23 18:31:21 (11479920401874) STATS - 6.3, 76
2018-10-23 18:31:21 (11479920536580) STATS - 6.4, 80
2018-10-23 18:31:21 (11479920658985) STATS - 6.5, 89
2018-10-23 18:31:21 (11479920811192) STATS - 6.6, 106
2018-10-23 18:31:21 (11479920930697) STATS - 6.7, 87
2018-10-23 18:31:21 (11479928067705) STATS - 6.8, 75
2018-10-23 18:31:21 (11479928330016) STATS - 6.9, 69
2018-10-23 18:31:21 (11479928520425) STATS - 7.0, 85
2018-10-23 18:31:21 (11479928647130) STATS - 7.1, 79
2018-10-23 18:31:21 (11479928765435) STATS - 7.2, 87
2018-10-23 18:31:21 (11479928882940) STATS - 7.3, 67
2018-10-23 18:31:21 (11479929007446) STATS - 7.4, 59
2018-10-23 18:31:21 (11479929160952) STATS - 7.5, 55
2018-10-23 18:31:21 (11479929278657) STATS - 7.6, 66
2018-10-23 18:31:21 (11479929393862) STATS - 7.7, 48
2018-10-23 18:31:21 (11479929510067) STATS - 7.8, 43
2018-10-23 18:31:21 (11479929628272) STATS - 7.9, 23
2018-10-23 18:31:21 (11479929740777) STATS - 8.0, 23
2018-10-23 18:31:21 (11479929880083) STATS - 8.1, 28
2018-10-23 18:31:21 (11479929996888) STATS - 8.2, 19
2018-10-23 18:31:21 (11479930115193) STATS - 8.3, 6
2018-10-23 18:31:21 (11479930229998) STATS - 8.4, 8
2018-10-23 18:31:21 (11479930346203) STATS - 8.5, 15
2018-10-23 18:31:21 (11479930467509) STATS - 8.6, 8
2018-10-23 18:31:21 (11479930637216) STATS - 8.7, 9
2018-10-23 18:31:21 (11479930756421) STATS - 8.8, 9
2018-10-23 18:31:21 (11479937838427) STATS - 8.9, 6
2018-10-23 18:31:21 (11479938038935) STATS - 9.0, 12
2018-10-23 18:31:21 (11479938160341) STATS - 9.1, 5
2018-10-23 18:31:21 (11479938274646) STATS - 9.2, 5
2018-10-23 18:31:21 (11479938387550) STATS - 9.3, 8
2018-10-23 18:31:21 (11479938500755) STATS - 9.4, 8
2018-10-23 18:31:21 (11479938615960) STATS - 9.5, 11
2018-10-23 18:31:21 (11479938727265) STATS - 9.6, 19
2018-10-23 18:31:21 (11479938844270) STATS - 9.7, 11
2018-10-23 18:31:21 (11479939002377) STATS - 9.8, 7
2018-10-23 18:31:21 (11479939146283) STATS - 9.9, 20
2018-10-23 18:31:21 (11479939275889) STATS - 10.0, 19
2018-10-23 18:31:21 (11479939391594) STATS - 10.1, 3
2018-10-23 18:31:21 (11479939504999) STATS - 10.2, 3
2018-10-23 18:31:21 (11479939623004) STATS - 10.3, 2
2018-10-23 18:31:21 (11479939740309) STATS - 10.4, 0
2018-10-23 18:31:21 (11479939851314) STATS - 10.5, 4
2018-10-23 18:31:21 (11479939963518) STATS - 10.6, 3
2018-10-23 18:31:21 (11479940132026) STATS - 10.7, 3
2018-10-23 18:31:21 (11479940511842) STATS - 10.8, 2
2018-10-23 18:31:21 (11479940672249) STATS - 10.9, 2
2018-10-23 18:31:21 (11479947906461) STATS - 11.0, 0
2018-10-23 18:31:21 (11479948184473) STATS - 11.1, 5
2018-10-23 18:31:21 (11479948334280) STATS - 11.2, 2
2018-10-23 18:31:21 (11479948472586) STATS - 11.3, 4
2018-10-23 18:31:21 (11479948579390) STATS - 11.4, 4
2018-10-23 18:31:21 (11479948683695) STATS - 11.5, 1
2018-10-23 18:31:21 (11479948788299) STATS - 11.6, 1
2018-10-23 18:31:21 (11479948893804) STATS - 11.7, 0
2018-10-23 18:31:21 (11479949039110) STATS - 11.8, 0
2018-10-23 18:31:21 (11479949147115) STATS - 11.9, 1
2018-10-23 18:31:21 (11479949252219) STATS - 12.0, 2
2018-10-23 18:31:21 (11479949357424) STATS - 12.1, 0
2018-10-23 18:31:21 (11479949461728) STATS - 12.2, 1
2018-10-23 18:31:21 (11479949566133) STATS - 12.3, 1
2018-10-23 18:31:21 (11479949672337) STATS - 12.4, 4
2018-10-23 18:31:21 (11479949776842) STATS - 12.5, 1
2018-10-23 18:31:21 (11479949882246) STATS - 12.6, 1
2018-10-23 18:31:21 (11479949993951) STATS - 12.7, 2
2018-10-23 18:31:21 (11479950134057) STATS - 12.8, 1
2018-10-23 18:31:21 (11479950243262) STATS - 12.9, 1
2018-10-23 18:31:21 (11479950348267) STATS - 13.0, 2
2018-10-23 18:31:21 (11479950454071) STATS - 13.1, 3
2018-10-23 18:31:21 (11479950559776) STATS - 13.2, 0
2018-10-23 18:31:21 (11479958323111) STATS - 13.3, 1
2018-10-23 18:31:21 (11479958774130) STATS - 13.4, 0
2018-10-23 18:31:21 (11479958892535) STATS - 13.5, 0
2018-10-23 18:31:21 (11479958997140) STATS - 13.6, 2
2018-10-23 18:31:21 (11479959103344) STATS - 13.7, 2
2018-10-23 18:31:21 (11479959206149) STATS - 13.8, 1
2018-10-23 18:31:21 (11479959307653) STATS - 13.9, 1
2018-10-23 18:31:21 (11479959407858) STATS - 14.0, 0
2018-10-23 18:31:21 (11479959513162) STATS - 14.1, 4
2018-10-23 18:31:21 (11479959615767) STATS - 14.2, 1
2018-10-23 18:31:21 (11479959718271) STATS - 14.3, 1
2018-10-23 18:31:21 (11479959819275) STATS - 14.4, 1
2018-10-23 18:31:21 (11479959922280) STATS - 14.5, 0
2018-10-23 18:31:21 (11479960045485) STATS - 14.6, 2
2018-10-23 18:31:21 (11479960152890) STATS - 14.7, 1
2018-10-23 18:31:21 (11479960283695) STATS - 14.8, 1
2018-10-23 18:31:21 (11479960388900) STATS - 14.9, 0
2018-10-23 18:31:21 (11479960489204) STATS - 15.0, 0
2018-10-23 18:31:21 (11479960589909) STATS - 15.1, 1
2018-10-23 18:31:21 (11479960693713) STATS - 15.2, 0
2018-10-23 18:31:21 (11479960797017) STATS - 15.3, 0
2018-10-23 18:31:21 (11479960924223) STATS - 15.4, 1
2018-10-23 18:31:22 (11479967690215) STATS - 15.5, 0
2018-10-23 18:31:22 (11479967815320) STATS - 15.6, 0
2018-10-23 18:31:22 (11479967924725) STATS - 15.7, 0
2018-10-23 18:31:22 (11479968045930) STATS - 15.8, 0
2018-10-23 18:31:22 (11479968154435) STATS - 15.9, 0
2018-10-23 18:31:22 (11479968256839) STATS - 16.0, 0
2018-10-23 18:31:22 (11479968363344) STATS - 16.1, 0
2018-10-23 18:31:22 (11479968503750) STATS - 16.2, 1
2018-10-23 18:31:22 (11479968607455) STATS - 16.3, 0
2018-10-23 18:31:22 (11479968710359) STATS - 16.4, 0
2018-10-23 18:31:22 (11479968816664) STATS - 16.5, 0
2018-10-23 18:31:22 (11479968918968) STATS - 16.6, 1
2018-10-23 18:31:22 (11479969020572) STATS - 16.7, 0
2018-10-23 18:31:22 (11479969126377) STATS - 16.8, 0
2018-10-23 18:31:22 (11479969228381) STATS - 16.9, 2
2018-10-23 18:31:22 (11479969328486) STATS - 17.0, 0
2018-10-23 18:31:22 (11479969435490) STATS - 17.1, 0
2018-10-23 18:31:22 (11479969538895) STATS - 17.2, 0
2018-10-23 18:31:22 (11479969651200) STATS - 17.3, 0
2018-10-23 18:31:22 (11479969755804) STATS - 17.4, 0
2018-10-23 18:31:22 (11479969862009) STATS - 17.5, 0
2018-10-23 18:31:22 (11479969970313) STATS - 17.6, 1
2018-10-23 18:31:22 (11479970077318) STATS - 17.7, 1
2018-10-23 18:31:22 (11479970178722) STATS - 17.8, 0
2018-10-23 18:31:22 (11479977288829) STATS - 17.9, 0
2018-10-23 18:31:22 (11479977418335) STATS - 18.0, 0
2018-10-23 18:31:22 (11479977521739) STATS - 18.1, 0
2018-10-23 18:31:22 (11479977624144) STATS - 18.2, 0
2018-10-23 18:31:22 (11479977767450) STATS - 18.3, 0
2018-10-23 18:31:22 (11479977892655) STATS - 18.4, 0
2018-10-23 18:31:22 (11479978021861) STATS - 18.5, 1
2018-10-23 18:31:22 (11479978130265) STATS - 18.6, 0
2018-10-23 18:31:22 (11479978236970) STATS - 18.7, 0
2018-10-23 18:31:22 (11479978362775) STATS - 18.8, 0
2018-10-23 18:31:22 (11479978491381) STATS - 18.9, 0
2018-10-23 18:31:22 (11479978590285) STATS - 19.0, 0
2018-10-23 18:31:22 (11479978691490) STATS - 19.1, 0
2018-10-23 18:31:22 (11479978791494) STATS - 19.2, 0
2018-10-23 18:31:22 (11479978891898) STATS - 19.3, 0
2018-10-23 18:31:22 (11479979013804) STATS - 19.4, 0
2018-10-23 18:31:22 (11479979120208) STATS - 19.5, 0
2018-10-23 18:31:22 (11479979220912) STATS - 19.6, 1
2018-10-23 18:31:22 (11479979320817) STATS - 19.7, 0
2018-10-23 18:31:22 (11479979464323) STATS - 19.8, 0
2018-10-23 18:31:22 (11479979568527) STATS - 19.9, 0
2018-10-23 18:31:22 (11479979666632) STATS - 20.0, 0
2018-10-23 18:31:22 (11479979789937) STATS - 20.1, 0
2018-10-23 18:31:22 (11479979887641) STATS - 20.2, 0
2018-10-23 18:31:22 (11479979988046) STATS - 20.3, 0
2018-10-23 18:31:22 (11479987142854) STATS - 20.4, 0
2018-10-23 18:31:22 (11479987287261) STATS - 20.5, 0
2018-10-23 18:31:22 (11479987387165) STATS - 20.6, 0
2018-10-23 18:31:22 (11479987486469) STATS - 20.7, 0
2018-10-23 18:31:22 (11479987589974) STATS - 20.8, 0
2018-10-23 18:31:22 (11479987687178) STATS - 20.9, 0
2018-10-23 18:31:22 (11479987782882) STATS - 21.0, 0
2018-10-23 18:31:22 (11479987879186) STATS - 21.1, 0
2018-10-23 18:31:22 (11479988061594) STATS - 21.2, 0
2018-10-23 18:31:22 (11479988181699) STATS - 21.3, 0
2018-10-23 18:31:22 (11479988279303) STATS - 21.4, 0
2018-10-23 18:31:22 (11479988375408) STATS - 21.5, 0
2018-10-23 18:31:22 (11479988495913) STATS - 21.6, 0
2018-10-23 18:31:22 (11479988596417) STATS - 21.7, 0
2018-10-23 18:31:22 (11479988880629) STATS - 21.8, 0
2018-10-23 18:31:22 (11479989019435) STATS - 21.9, 0
2018-10-23 18:31:22 (11479989117040) STATS - 22.0, 0
2018-10-23 18:31:22 (11479989645862) STATS - 22.1, 0
2018-10-23 18:31:22 (11479989906974) STATS - 22.2, 0
2018-10-23 18:31:22 (11479990107882) STATS - 22.3, 0
2018-10-23 18:31:22 (11479990256789) STATS - 22.4, 0
2018-10-23 18:31:22 (11479990505999) STATS - 22.5, 0
2018-10-23 18:31:22 (11479996982779) STATS - 22.6, 0
2018-10-23 18:31:22 (11479997145986) STATS - 22.7, 0
2018-10-23 18:31:22 (11479997244290) STATS - 22.8, 0
2018-10-23 18:31:22 (11479997362995) STATS - 22.9, 0
2018-10-23 18:31:22 (11479997466800) STATS - 23.0, 0
2018-10-23 18:31:22 (11479997563104) STATS - 23.1, 0
2018-10-23 18:31:22 (11479997851516) STATS - 23.2, 0
2018-10-23 18:31:22 (11479998023124) STATS - 23.3, 0
2018-10-23 18:31:22 (11479998156230) STATS - 23.4, 0
2018-10-23 18:31:22 (11479998249634) STATS - 23.5, 0
2018-10-23 18:31:22 (11479998391240) STATS - 23.6, 0
2018-10-23 18:31:22 (11479998681052) STATS - 23.7, 0
2018-10-23 18:31:22 (11479998792557) STATS - 23.8, 0
2018-10-23 18:31:22 (11479998979465) STATS - 23.9, 0
2018-10-23 18:31:22 (11479999137872) STATS - 24.0, 0
2018-10-23 18:31:22 (11479999297579) STATS - 24.1, 0
2018-10-23 18:31:22 (11479999397583) STATS - 24.2, 0
2018-10-23 18:31:22 (11479999490487) STATS - 24.3, 0
2018-10-23 18:31:22 (11479999587091) STATS - 24.4, 0
2018-10-23 18:31:22 (11479999680795) STATS - 24.5, 0
2018-10-23 18:31:22 (11479999772799) STATS - 24.6, 0
2018-10-23 18:31:22 (11479999866503) STATS - 24.7, 0
2018-10-23 18:31:22 (11480006786102) STATS - 24.8, 0
2018-10-23 18:31:22 (11480006986011) STATS - 24.9, 0
2018-10-23 18:31:22 (11480007083915) STATS - 25.0, 0
2018-10-23 18:31:22 (11480007176719) STATS - 25.1, 0
2018-10-23 18:31:22 (11480007268423) STATS - 25.2, 0
2018-10-23 18:31:22 (11480007359627) STATS - 25.3, 0
2018-10-23 18:31:22 (11480007451131) STATS - 25.4, 0
2018-10-23 18:31:22 (11480007551335) STATS - 25.5, 0
2018-10-23 18:31:22 (11480007647439) STATS - 25.6, 0
2018-10-23 18:31:22 (11480007739543) STATS - 25.7, 0
2018-10-23 18:31:22 (11480007831947) STATS - 25.8, 0
2018-10-23 18:31:22 (11480007925751) STATS - 25.9, 0
2018-10-23 18:31:22 (11480008032956) STATS - 26.0, 0
2018-10-23 18:31:22 (11480008130060) STATS - 26.1, 0
2018-10-23 18:31:22 (11480008225164) STATS - 26.2, 0
2018-10-23 18:31:22 (11480008318468) STATS - 26.3, 0
2018-10-23 18:31:22 (11480008411572) STATS - 26.4, 0
2018-10-23 18:31:22 (11480008503476) STATS - 26.5, 0
2018-10-23 18:31:22 (11480008637682) STATS - 26.6, 0
2018-10-23 18:31:22 (11480008734786) STATS - 26.7, 0
2018-10-23 18:31:22 (11480008826990) STATS - 26.8, 0
2018-10-23 18:31:22 (11480008923694) STATS - 26.9, 0
2018-10-23 18:31:22 (11480009013298) STATS - 27.0, 0
2018-10-23 18:31:22 (11480009111002) STATS - 27.1, 0
2018-10-23 18:31:22 (11480009209007) STATS - 27.2, 0
2018-10-23 18:31:22 (11480009303411) STATS - 27.3, 0
2018-10-23 18:31:22 (11480009398415) STATS - 27.4, 0
2018-10-23 18:31:22 (11480009491619) STATS - 27.5, 0
2018-10-23 18:31:22 (11480016511522) STATS - 27.6, 0
2018-10-23 18:31:22 (11480016672429) STATS - 27.7, 0
2018-10-23 18:31:22 (11480016774633) STATS - 27.8, 0
2018-10-23 18:31:22 (11480016869637) STATS - 27.9, 0
2018-10-23 18:31:22 (11480016972842) STATS - 28.0, 0
2018-10-23 18:31:22 (11480017070446) STATS - 28.1, 0
2018-10-23 18:31:22 (11480017163950) STATS - 28.2, 0
2018-10-23 18:31:22 (11480017305756) STATS - 28.3, 0
2018-10-23 18:31:22 (11480017404860) STATS - 28.4, 0
2018-10-23 18:31:22 (11480017503564) STATS - 28.5, 0
2018-10-23 18:31:22 (11480017595368) STATS - 28.6, 0
2018-10-23 18:31:22 (11480017688972) STATS - 28.7, 0
2018-10-23 18:31:22 (11480017784877) STATS - 28.8, 0
2018-10-23 18:31:22 (11480017880481) STATS - 28.9, 0
2018-10-23 18:31:22 (11480017970385) STATS - 29.0, 0
2018-10-23 18:31:22 (11480018070589) STATS - 29.1, 0
2018-10-23 18:31:22 (11480018171993) STATS - 29.2, 0
2018-10-23 18:31:22 (11480018269097) STATS - 29.3, 0
2018-10-23 18:31:22 (11480018362502) STATS - 29.4, 0
2018-10-23 18:31:22 (11480018454605) STATS - 29.5, 0
2018-10-23 18:31:22 (11480018615212) STATS - 29.6, 0
2018-10-23 18:31:22 (11480018705916) STATS - 29.7, 0
2018-10-23 18:31:22 (11480018790820) STATS - 29.8, 0
2018-10-23 18:31:22 (11480018900825) STATS - 29.9, 0
2018-10-23 18:31:22 (11480018987328) STATS - 30.0, 0
2018-10-23 18:31:22 (11480019114134) STATS - 30.1, 0
2018-10-23 18:31:22 (11480019201038) STATS - 30.2, 0
2018-10-23 18:31:22 (11480026416049) STATS - 30.3, 0
2018-10-23 18:31:22 (11480026610457) STATS - 30.4, 0
2018-10-23 18:31:22 (11480026702961) STATS - 30.5, 0
2018-10-23 18:31:22 (11480026787565) STATS - 30.6, 0
2018-10-23 18:31:22 (11480026870469) STATS - 30.7, 0
2018-10-23 18:31:22 (11480026951372) STATS - 30.8, 0
2018-10-23 18:31:22 (11480027032976) STATS - 30.9, 0
2018-10-23 18:31:22 (11480027117679) STATS - 31.0, 0
2018-10-23 18:31:22 (11480027198983) STATS - 31.1, 0
2018-10-23 18:31:22 (11480027281386) STATS - 31.2, 0
2018-10-23 18:31:22 (11480027373490) STATS - 31.3, 0
2018-10-23 18:31:22 (11480027456294) STATS - 31.4, 0
2018-10-23 18:31:22 (11480027537997) STATS - 31.5, 0
2018-10-23 18:31:22 (11480027622901) STATS - 31.6, 0
2018-10-23 18:31:22 (11480027709105) STATS - 31.7, 0
2018-10-23 18:31:22 (11480027791108) STATS - 31.8, 0
2018-10-23 18:31:22 (11480027909613) STATS - 31.9, 0
2018-10-23 18:31:22 (11480027993717) STATS - 32.0, 0
2018-10-23 18:31:22 (11480028096622) STATS - 32.1, 0
2018-10-23 18:31:22 (11480028214927) STATS - 32.2, 0
2018-10-23 18:31:22 (11480028328232) STATS - 32.3, 0
2018-10-23 18:31:22 (11480028411035) STATS - 32.4, 0
2018-10-23 18:31:22 (11480028493239) STATS - 32.5, 0
2018-10-23 18:31:22 (11480028638145) STATS - 32.6, 0
2018-10-23 18:31:22 (11480028749350) STATS - 32.7, 0
2018-10-23 18:31:22 (11480028830853) STATS - 32.8, 0
2018-10-23 18:31:22 (11480028920757) STATS - 32.9, 0
2018-10-23 18:31:22 (11480028997460) STATS - 33.0, 0
2018-10-23 18:31:22 (11480029090364) STATS - 33.1, 0
2018-10-23 18:31:22 (11480036181370) STATS - 33.2, 0
2018-10-23 18:31:22 (11480036379779) STATS - 33.3, 0
2018-10-23 18:31:22 (11480036465083) STATS - 33.4, 0
2018-10-23 18:31:22 (11480036762095) STATS - 33.5, 0
2018-10-23 18:31:22 (11480036845099) STATS - 33.6, 0
2018-10-23 18:31:22 (11480036929003) STATS - 33.7, 0
2018-10-23 18:31:22 (11480037012106) STATS - 33.8, 0
2018-10-23 18:31:22 (11480037174013) STATS - 33.9, 0
2018-10-23 18:31:22 (11480037291818) STATS - 34.0, 0
2018-10-23 18:31:22 (11480037380522) STATS - 34.1, 0
2018-10-23 18:31:22 (11480037457525) STATS - 34.2, 0
2018-10-23 18:31:22 (11480037534829) STATS - 34.3, 0
2018-10-23 18:31:22 (11480037635833) STATS - 34.4, 0
2018-10-23 18:31:22 (11480037714737) STATS - 34.5, 0
2018-10-23 18:31:22 (11480037791640) STATS - 34.6, 0
2018-10-23 18:31:22 (11480037893044) STATS - 34.7, 0
2018-10-23 18:31:22 (11480037973848) STATS - 34.8, 0
2018-10-23 18:31:22 (11480038053851) STATS - 34.9, 0
2018-10-23 18:31:22 (11480038205758) STATS - 35.0, 0
2018-10-23 18:31:22 (11480038288061) STATS - 35.1, 0
2018-10-23 18:31:22 (11480038363565) STATS - 35.2, 0
2018-10-23 18:31:22 (11480038440468) STATS - 35.3, 0
2018-10-23 18:31:22 (11480038558373) STATS - 35.4, 0
2018-10-23 18:31:22 (11480038637876) STATS - 35.5, 0
2018-10-23 18:31:22 (11480038714580) STATS - 35.6, 0
2018-10-23 18:31:22 (11480038791983) STATS - 35.7, 0
2018-10-23 18:31:22 (11480038868986) STATS - 35.8, 0
2018-10-23 18:31:22 (11480038943390) STATS - 35.9, 0
2018-10-23 18:31:22 (11480039046194) STATS - 36.0, 0
2018-10-23 18:31:22 (11480039140198) STATS - 36.1, 0
2018-10-23 18:31:22 (11480039214101) STATS - 36.2, 0
2018-10-23 18:31:22 (11480039285704) STATS - 36.3, 0
2018-10-23 18:31:22 (11480046169301) STATS - 36.4, 0
2018-10-23 18:31:22 (11480046302207) STATS - 36.5, 0
2018-10-23 18:31:22 (11480046390111) STATS - 36.6, 0
2018-10-23 18:31:22 (11480046491915) STATS - 36.7, 0
2018-10-23 18:31:22 (11480046581819) STATS - 36.8, 0
2018-10-23 18:31:22 (11480046678723) STATS - 36.9, 0
2018-10-23 18:31:22 (11480046749626) STATS - 37.0, 0
2018-10-23 18:31:22 (11480046820029) STATS - 37.1, 0
2018-10-23 18:31:22 (11480046893333) STATS - 37.2, 0
2018-10-23 18:31:22 (11480046973836) STATS - 37.3, 0
2018-10-23 18:31:22 (11480047056740) STATS - 37.4, 0
2018-10-23 18:31:22 (11480047128743) STATS - 37.5, 0
2018-10-23 18:31:22 (11480047211546) STATS - 37.6, 0
2018-10-23 18:31:22 (11480047283549) STATS - 37.7, 0
2018-10-23 18:31:22 (11480047353653) STATS - 37.8, 0
2018-10-23 18:31:22 (11480047423156) STATS - 37.9, 0
2018-10-23 18:31:22 (11480047490958) STATS - 38.0, 0
2018-10-23 18:31:22 (11480047573562) STATS - 38.1, 0
2018-10-23 18:31:22 (11480047642365) STATS - 38.2, 0
2018-10-23 18:31:22 (11480047726269) STATS - 38.3, 0
2018-10-23 18:31:22 (11480047796972) STATS - 38.4, 0
2018-10-23 18:31:22 (11480047867475) STATS - 38.5, 0
2018-10-23 18:31:22 (11480047935578) STATS - 38.6, 0
2018-10-23 18:31:22 (11480048017981) STATS - 38.7, 0
2018-10-23 18:31:22 (11480048099285) STATS - 38.8, 0
2018-10-23 18:31:22 (11480048166288) STATS - 38.9, 0
2018-10-23 18:31:22 (11480048230690) STATS - 39.0, 0
2018-10-23 18:31:22 (11480048297393) STATS - 39.1, 0
2018-10-23 18:31:22 (11480048363596) STATS - 39.2, 0
2018-10-23 18:31:22 (11480048434799) STATS - 39.3, 0
2018-10-23 18:31:22 (11480048502902) STATS - 39.4, 0
2018-10-23 18:31:22 (11480048570305) STATS - 39.5, 0
2018-10-23 18:31:22 (11480048636508) STATS - 39.6, 0
2018-10-23 18:31:22 (11480048704811) STATS - 39.7, 0
2018-10-23 18:31:22 (11480048770614) STATS - 39.8, 0
2018-10-23 18:31:22 (11480048836316) STATS - 39.9, 0
2018-10-23 18:31:22 (11480055874120) STATS - 40.0, 0
2018-10-23 18:31:22 (11480056079229) STATS - 40.1, 0
2018-10-23 18:31:22 (11480056170933) STATS - 40.2, 0
2018-10-23 18:31:22 (11480056249636) STATS - 40.3, 0
2018-10-23 18:31:22 (11480056325440) STATS - 40.4, 0
2018-10-23 18:31:22 (11480056401543) STATS - 40.5, 0
2018-10-23 18:31:22 (11480056475746) STATS - 40.6, 0
2018-10-23 18:31:22 (11480056549449) STATS - 40.7, 0
2018-10-23 18:31:22 (11480056624153) STATS - 40.8, 0
2018-10-23 18:31:22 (11480056698856) STATS - 40.9, 0
2018-10-23 18:31:22 (11480056770759) STATS - 41.0, 0
2018-10-23 18:31:22 (11480056859363) STATS - 41.1, 0
2018-10-23 18:31:22 (11480056933766) STATS - 41.2, 0
2018-10-23 18:31:22 (11480057007469) STATS - 41.3, 0
2018-10-23 18:31:22 (11480057081572) STATS - 41.4, 0
2018-10-23 18:31:22 (11480057154775) STATS - 41.5, 0
2018-10-23 18:31:22 (11480057227979) STATS - 41.6, 0
2018-10-23 18:31:22 (11480057300882) STATS - 41.7, 0
2018-10-23 18:31:22 (11480057374185) STATS - 41.8, 0
2018-10-23 18:31:22 (11480057452788) STATS - 41.9, 0
2018-10-23 18:31:22 (11480057631596) STATS - 42.0, 0
2018-10-23 18:31:22 (11480057886707) STATS - 42.1, 0
2018-10-23 18:31:22 (11480057974511) STATS - 42.2, 0
2018-10-23 18:31:22 (11480058059814) STATS - 42.3, 0
2018-10-23 18:31:22 (11480058142418) STATS - 42.4, 0
2018-10-23 18:31:22 (11480058217921) STATS - 42.5, 0
2018-10-23 18:31:22 (11480058290924) STATS - 42.6, 0
2018-10-23 18:31:22 (11480058363128) STATS - 42.7, 0
2018-10-23 18:31:22 (11480065118219) STATS - 42.8, 0
2018-10-23 18:31:22 (11480065469934) STATS - 42.9, 0
2018-10-23 18:31:22 (11480065550138) STATS - 43.0, 0
2018-10-23 18:31:22 (11480065634041) STATS - 43.1, 0
2018-10-23 18:31:22 (11480065717245) STATS - 43.2, 0
2018-10-23 18:31:22 (11480065792148) STATS - 43.3, 0
2018-10-23 18:31:22 (11480065865851) STATS - 43.4, 0
2018-10-23 18:31:22 (11480065945055) STATS - 43.5, 0
2018-10-23 18:31:22 (11480066018058) STATS - 43.6, 0
2018-10-23 18:31:22 (11480066090761) STATS - 43.7, 0
2018-10-23 18:31:22 (11480066163664) STATS - 43.8, 0
2018-10-23 18:31:22 (11480066237067) STATS - 43.9, 0
2018-10-23 18:31:22 (11480066306870) STATS - 44.0, 0
2018-10-23 18:31:22 (11480066378973) STATS - 44.1, 0
2018-10-23 18:31:22 (11480066450677) STATS - 44.2, 0
2018-10-23 18:31:22 (11480066522980) STATS - 44.3, 0
2018-10-23 18:31:22 (11480066594783) STATS - 44.4, 0
2018-10-23 18:31:22 (11480066668286) STATS - 44.5, 0
2018-10-23 18:31:22 (11480066741089) STATS - 44.6, 0
2018-10-23 18:31:22 (11480066814292) STATS - 44.7, 0
2018-10-23 18:31:22 (11480066887395) STATS - 44.8, 0
2018-10-23 18:31:22 (11480066960999) STATS - 44.9, 0
2018-10-23 18:31:22 (11480068568168) STATS - 45.0, 0
2018-10-23 18:31:22 (11480068652172) STATS - 45.1, 0
2018-10-23 18:31:22 (11480068727375) STATS - 45.2, 0
2018-10-23 18:31:22 (11480068801478) STATS - 45.3, 0
2018-10-23 18:31:22 (11480068883082) STATS - 45.4, 0
2018-10-23 18:31:22 (11480069087590) STATS - 45.5, 0
2018-10-23 18:31:22 (11480069164694) STATS - 45.6, 0
2018-10-23 18:31:22 (11480069238197) STATS - 45.7, 0
2018-10-23 18:31:22 (11480074426521) STATS - 45.8, 0
2018-10-23 18:31:22 (11480074654631) STATS - 45.9, 0
2018-10-23 18:31:22 (11480074733434) STATS - 46.0, 0
2018-10-23 18:31:22 (11480074809137) STATS - 46.1, 0
2018-10-23 18:31:22 (11480074884441) STATS - 46.2, 0
2018-10-23 18:31:22 (11480074957844) STATS - 46.3, 0
2018-10-23 18:31:22 (11480075030747) STATS - 46.4, 0
2018-10-23 18:31:22 (11480075103150) STATS - 46.5, 0
2018-10-23 18:31:22 (11480075178553) STATS - 46.6, 0
2018-10-23 18:31:22 (11480075259457) STATS - 46.7, 0
2018-10-23 18:31:22 (11480075333360) STATS - 46.8, 0
2018-10-23 18:31:22 (11480075414663) STATS - 46.9, 0
2018-10-23 18:31:22 (11480075486566) STATS - 47.0, 0
2018-10-23 18:31:22 (11480075559470) STATS - 47.1, 0
2018-10-23 18:31:22 (11480075632573) STATS - 47.2, 0
2018-10-23 18:31:22 (11480075706076) STATS - 47.3, 0
2018-10-23 18:31:22 (11480075784679) STATS - 47.4, 0
2018-10-23 18:31:22 (11480075859083) STATS - 47.5, 0
2018-10-23 18:31:22 (11480075932786) STATS - 47.6, 0
2018-10-23 18:31:22 (11480076020290) STATS - 47.7, 0
2018-10-23 18:31:22 (11480076180696) STATS - 47.8, 0
2018-10-23 18:31:22 (11480076261200) STATS - 47.9, 0
2018-10-23 18:31:22 (11480076331903) STATS - 48.0, 0
2018-10-23 18:31:22 (11480076405106) STATS - 48.1, 0
2018-10-23 18:31:22 (11480076497010) STATS - 48.2, 0
2018-10-23 18:31:22 (11480076610515) STATS - 48.3, 0
2018-10-23 18:31:22 (11480076688018) STATS - 48.4, 0
2018-10-23 18:31:22 (11480076758221) STATS - 48.5, 0
2018-10-23 18:31:22 (11480076827324) STATS - 48.6, 0
2018-10-23 18:31:22 (11480076922928) STATS - 48.7, 0
2018-10-23 18:31:22 (11480076996332) STATS - 48.8, 0
2018-10-23 18:31:22 (11480077067435) STATS - 48.9, 0
2018-10-23 18:31:22 (11480083898129) STATS - 49.0, 0
2018-10-23 18:31:22 (11480084194142) STATS - 49.1, 0
2018-10-23 18:31:22 (11480084325048) STATS - 49.2, 0
2018-10-23 18:31:22 (11480084470054) STATS - 49.3, 0
2018-10-23 18:31:22 (11480084568458) STATS - 49.4, 0
2018-10-23 18:31:22 (11480084974976) STATS - 49.5, 0
2018-10-23 18:31:22 (11480085138883) STATS - 49.6, 0
2018-10-23 18:31:22 (11480085232687) STATS - 49.7, 0
2018-10-23 18:31:22 (11480085302890) STATS - 49.8, 0
2018-10-23 18:31:22 (11480085371793) STATS - 49.9, 0
2018-10-23 18:31:22 (11480085441196) STATS - 50.0, 0
2018-10-23 18:31:22 (11480085510499) STATS - 50.1, 0
2018-10-23 18:31:22 (11480085581602) STATS - 50.2, 0
2018-10-23 18:31:22 (11480085685007) STATS - 50.3, 0
2018-10-23 18:31:22 (11480085752809) STATS - 50.4, 0
2018-10-23 18:31:22 (11480085859014) STATS - 50.5, 0
2018-10-23 18:31:22 (11480085923817) STATS - 50.6, 0
2018-10-23 18:31:22 (11480085986720) STATS - 50.7, 0
2018-10-23 18:31:22 (11480086052722) STATS - 50.8, 0
2018-10-23 18:31:22 (11480086116325) STATS - 50.9, 0
2018-10-23 18:31:22 (11480086178428) STATS - 51.0, 0
2018-10-23 18:31:22 (11480086271532) STATS - 51.1, 0
2018-10-23 18:31:22 (11480086365136) STATS - 51.2, 0
2018-10-23 18:31:22 (11480086436339) STATS - 51.3, 0
2018-10-23 18:31:22 (11480086501842) STATS - 51.4, 0
2018-10-23 18:31:22 (11480086566445) STATS - 51.5, 0
2018-10-23 18:31:22 (11480086629347) STATS - 51.6, 0
2018-10-23 18:31:22 (11480093046824) STATS - 51.7, 0
2018-10-23 18:31:22 (11480093305235) STATS - 51.8, 0
2018-10-23 18:31:22 (11480093378939) STATS - 51.9, 0
2018-10-23 18:31:22 (11480093444141) STATS - 52.0, 0
2018-10-23 18:31:22 (11480093507144) STATS - 52.1, 0
2018-10-23 18:31:22 (11480093569147) STATS - 52.2, 0
2018-10-23 18:31:22 (11480093632149) STATS - 52.3, 0
2018-10-23 18:31:22 (11480093694852) STATS - 52.4, 0
2018-10-23 18:31:22 (11480093762955) STATS - 52.5, 0
2018-10-23 18:31:22 (11480093824858) STATS - 52.6, 0
2018-10-23 18:31:22 (11480093890861) STATS - 52.7, 0
2018-10-23 18:31:22 (11480093954963) STATS - 52.8, 0
2018-10-23 18:31:22 (11480094018266) STATS - 52.9, 0
2018-10-23 18:31:22 (11480094081869) STATS - 53.0, 0
2018-10-23 18:31:22 (11480094143172) STATS - 53.1, 0
2018-10-23 18:31:22 (11480094204374) STATS - 53.2, 0
2018-10-23 18:31:22 (11480094267277) STATS - 53.3, 0
2018-10-23 18:31:22 (11480094329480) STATS - 53.4, 0
2018-10-23 18:31:22 (11480094391582) STATS - 53.5, 0
2018-10-23 18:31:22 (11480094452685) STATS - 53.6, 0
2018-10-23 18:31:22 (11480094514888) STATS - 53.7, 0
2018-10-23 18:31:22 (11480094576590) STATS - 53.8, 0
2018-10-23 18:31:22 (11480094638793) STATS - 53.9, 0
2018-10-23 18:31:22 (11480094699596) STATS - 54.0, 0
2018-10-23 18:31:22 (11480094760598) STATS - 54.1, 0
2018-10-23 18:31:22 (11480094821201) STATS - 54.2, 0
2018-10-23 18:31:22 (11480094881803) STATS - 54.3, 0
2018-10-23 18:31:22 (11480094943906) STATS - 54.4, 0
2018-10-23 18:31:22 (11480095005009) STATS - 54.5, 0
2018-10-23 18:31:22 (11480095067011) STATS - 54.6, 0
2018-10-23 18:31:22 (11480095128014) STATS - 54.7, 0
2018-10-23 18:31:22 (11480095190517) STATS - 54.8, 0
2018-10-23 18:31:22 (11480095257220) STATS - 54.9, 0
2018-10-23 18:31:22 (11480095345323) STATS - 55.0, 0
2018-10-23 18:31:22 (11480095405626) STATS - 55.1, 0
2018-10-23 18:31:22 (11480095465829) STATS - 55.2, 0
2018-10-23 18:31:22 (11480095526331) STATS - 55.3, 0
2018-10-23 18:31:22 (11480095586734) STATS - 55.4, 0
2018-10-23 18:31:22 (11480095649037) STATS - 55.5, 0
2018-10-23 18:31:22 (11480095709639) STATS - 55.6, 0
2018-10-23 18:31:22 (11480102506432) STATS - 55.7, 0
2018-10-23 18:31:22 (11480102603337) STATS - 55.8, 0
2018-10-23 18:31:22 (11480102703141) STATS - 55.9, 0
2018-10-23 18:31:22 (11480102814346) STATS - 56.0, 0
2018-10-23 18:31:22 (11480102876648) STATS - 56.1, 0
2018-10-23 18:31:22 (11480102938651) STATS - 56.2, 0
2018-10-23 18:31:22 (11480103002054) STATS - 56.3, 0
2018-10-23 18:31:22 (11480103062856) STATS - 56.4, 0
2018-10-23 18:31:22 (11480103121459) STATS - 56.5, 0
2018-10-23 18:31:22 (11480103179161) STATS - 56.6, 0
2018-10-23 18:31:22 (11480103236864) STATS - 56.7, 0
2018-10-23 18:31:22 (11480103297667) STATS - 56.8, 0
2018-10-23 18:31:22 (11480103357469) STATS - 56.9, 0
2018-10-23 18:31:22 (11480103415372) STATS - 57.0, 0
2018-10-23 18:31:22 (11480103474874) STATS - 57.1, 0
2018-10-23 18:31:22 (11480103533077) STATS - 57.2, 0
2018-10-23 18:31:22 (11480103593579) STATS - 57.3, 0
2018-10-23 18:31:22 (11480103653082) STATS - 57.4, 0
2018-10-23 18:31:22 (11480103750786) STATS - 57.5, 0
2018-10-23 18:31:22 (11480103812589) STATS - 57.6, 0
2018-10-23 18:31:22 (11480103874391) STATS - 57.7, 0
2018-10-23 18:31:22 (11480103931994) STATS - 57.8, 0
2018-10-23 18:31:22 (11480103993197) STATS - 57.9, 0
2018-10-23 18:31:22 (11480104071100) STATS - 58.0, 0
2018-10-23 18:31:22 (11480104130703) STATS - 58.1, 0
2018-10-23 18:31:22 (11480104189405) STATS - 58.2, 0
2018-10-23 18:31:22 (11480104248008) STATS - 58.3, 0
2018-10-23 18:31:22 (11480104307610) STATS - 58.4, 0
2018-10-23 18:31:22 (11480104365713) STATS - 58.5, 0
2018-10-23 18:31:22 (11480104423615) STATS - 58.6, 0
2018-10-23 18:31:22 (11480104481718) STATS - 58.7, 0
2018-10-23 18:31:22 (11480104539420) STATS - 58.8, 0
2018-10-23 18:31:22 (11480104597923) STATS - 58.9, 0
2018-10-23 18:31:22 (11480104655825) STATS - 59.0, 0
2018-10-23 18:31:22 (11480104713628) STATS - 59.1, 0
2018-10-23 18:31:22 (11480104775630) STATS - 59.2, 0
2018-10-23 18:31:22 (11480104833633) STATS - 59.3, 0
2018-10-23 18:31:22 (11480104891635) STATS - 59.4, 0
2018-10-23 18:31:22 (11480104949738) STATS - 59.5, 0
2018-10-23 18:31:22 (11480105006640) STATS - 59.6, 0
2018-10-23 18:31:22 (11480105064143) STATS - 59.7, 0
2018-10-23 18:31:22 (11480111786533) STATS - 59.8, 0
2018-10-23 18:31:22 (11480112286454) STATS - 59.9, 0
2018-10-23 18:31:22 (11480112362158) STATS - 60.0, 0
2018-10-23 18:31:22 (11480112418260) STATS - 60.1, 0
2018-10-23 18:31:22 (11480112472362) STATS - 60.2, 0
2018-10-23 18:31:22 (11480112524965) STATS - 60.3, 0
2018-10-23 18:31:22 (11480112577167) STATS - 60.4, 0
2018-10-23 18:31:22 (11480112629169) STATS - 60.5, 0
2018-10-23 18:31:22 (11480112680971) STATS - 60.6, 0
2018-10-23 18:31:22 (11480112796876) STATS - 60.7, 0
2018-10-23 18:31:22 (11480112857279) STATS - 60.8, 0
2018-10-23 18:31:22 (11480112911581) STATS - 60.9, 0
2018-10-23 18:31:22 (11480112961484) STATS - 61.0, 0
2018-10-23 18:31:22 (11480113019786) STATS - 61.1, 0
2018-10-23 18:31:22 (11480113073988) STATS - 61.2, 0
2018-10-23 18:31:22 (11480113125891) STATS - 61.3, 0
2018-10-23 18:31:22 (11480113176993) STATS - 61.4, 0
2018-10-23 18:31:22 (11480113230195) STATS - 61.5, 0
2018-10-23 18:31:22 (11480113281597) STATS - 61.6, 0
2018-10-23 18:31:22 (11480113331800) STATS - 61.7, 0
2018-10-23 18:31:22 (11480113383202) STATS - 61.8, 0
2018-10-23 18:31:22 (11480113439404) STATS - 61.9, 0
2018-10-23 18:31:22 (11480113494907) STATS - 62.0, 0
2018-10-23 18:31:22 (11480113551809) STATS - 62.1, 0
2018-10-23 18:31:22 (11480113606611) STATS - 62.2, 0
2018-10-23 18:31:22 (11480113677514) STATS - 62.3, 0
2018-10-23 18:31:22 (11480113781319) STATS - 62.4, 0
2018-10-23 18:31:22 (11480113838621) STATS - 62.5, 0
2018-10-23 18:31:22 (11480114569653) STATS - 62.6, 0
2018-10-23 18:31:22 (11480114905667) STATS - 62.7, 0
2018-10-23 18:31:22 (11480114967470) STATS - 62.8, 0
2018-10-23 18:31:22 (11480115027573) STATS - 62.9, 0
2018-10-23 18:31:22 (11480115085075) STATS - 63.0, 0
2018-10-23 18:31:22 (11480115137877) STATS - 63.1, 0
2018-10-23 18:31:22 (11480123694747) STATS - 63.2, 0
2018-10-23 18:31:22 (11480123918356) STATS - 63.3, 0
2018-10-23 18:31:22 (11480123971659) STATS - 63.4, 0
2018-10-23 18:31:22 (11480124037862) STATS - 63.5, 0
2018-10-23 18:31:22 (11480124088564) STATS - 63.6, 0
2018-10-23 18:31:22 (11480124132766) STATS - 63.7, 0
2018-10-23 18:31:22 (11480124181068) STATS - 63.8, 0
2018-10-23 18:31:22 (11480124229770) STATS - 63.9, 0
2018-10-23 18:31:22 (11480124344975) STATS - 64.0, 0
2018-10-23 18:31:22 (11480124393577) STATS - 64.1, 0
2018-10-23 18:31:22 (11480124442779) STATS - 64.2, 0
2018-10-23 18:31:22 (11480124488481) STATS - 64.3, 0
2018-10-23 18:31:22 (11480124532283) STATS - 64.4, 0
2018-10-23 18:31:22 (11480124575985) STATS - 64.5, 0
2018-10-23 18:31:22 (11480124620087) STATS - 64.6, 0
2018-10-23 18:31:22 (11480124691390) STATS - 64.7, 0
2018-10-23 18:31:22 (11480124750492) STATS - 64.8, 0
2018-10-23 18:31:22 (11480124794294) STATS - 64.9, 0
2018-10-23 18:31:22 (11480124836896) STATS - 65.0, 0
2018-10-23 18:31:22 (11480124879998) STATS - 65.1, 0
2018-10-23 18:31:22 (11480124922200) STATS - 65.2, 0
2018-10-23 18:31:22 (11480125029904) STATS - 65.3, 0
2018-10-23 18:31:22 (11480125077906) STATS - 65.4, 0
2018-10-23 18:31:22 (11480125121508) STATS - 65.5, 0
2018-10-23 18:31:22 (11480125163910) STATS - 65.6, 0
2018-10-23 18:31:22 (11480125209512) STATS - 65.7, 0
2018-10-23 18:31:22 (11480125298816) STATS - 65.8, 0
2018-10-23 18:31:22 (11480125342818) STATS - 65.9, 0
2018-10-23 18:31:22 (11480125384420) STATS - 66.0, 0
2018-10-23 18:31:22 (11480125427121) STATS - 66.1, 0
2018-10-23 18:31:22 (11480125469223) STATS - 66.2, 0
2018-10-23 18:31:22 (11480125530526) STATS - 66.3, 0
2018-10-23 18:31:22 (11480125578528) STATS - 66.4, 0
2018-10-23 18:31:22 (11480125621530) STATS - 66.5, 0
2018-10-23 18:31:22 (11480125664332) STATS - 66.6, 0
2018-10-23 18:31:22 (11480125710634) STATS - 66.7, 0
2018-10-23 18:31:22 (11480125753636) STATS - 66.8, 0
2018-10-23 18:31:22 (11480125795537) STATS - 66.9, 0
2018-10-23 18:31:22 (11480125836839) STATS - 67.0, 0
2018-10-23 18:31:22 (11480125879341) STATS - 67.1, 0
2018-10-23 18:31:22 (11480125956244) STATS - 67.2, 0
2018-10-23 18:31:22 (11480125998446) STATS - 67.3, 0
2018-10-23 18:31:22 (11480126067549) STATS - 67.4, 0
2018-10-23 18:31:22 (11480126116051) STATS - 67.5, 0
2018-10-23 18:31:22 (11480126158853) STATS - 67.6, 0
2018-10-23 18:31:22 (11480126202355) STATS - 67.7, 0
2018-10-23 18:31:22 (11480130358034) STATS - 67.8, 0
2018-10-23 18:31:22 (11480130531942) STATS - 67.9, 0
2018-10-23 18:31:22 (11480130580344) STATS - 68.0, 0
2018-10-23 18:31:22 (11480130620746) STATS - 68.1, 0
2018-10-23 18:31:22 (11480130658347) STATS - 68.2, 0
2018-10-23 18:31:22 (11480130700649) STATS - 68.3, 0
2018-10-23 18:31:22 (11480130737651) STATS - 68.4, 0
2018-10-23 18:31:22 (11480130801853) STATS - 68.5, 0
2018-10-23 18:31:22 (11480130839655) STATS - 68.6, 0
2018-10-23 18:31:22 (11480130876357) STATS - 68.7, 0
2018-10-23 18:31:22 (11480130912358) STATS - 68.8, 0
2018-10-23 18:31:22 (11480130948060) STATS - 68.9, 0
2018-10-23 18:31:22 (11480130983661) STATS - 69.0, 0
2018-10-23 18:31:22 (11480131044964) STATS - 69.1, 0
2018-10-23 18:31:22 (11480131083666) STATS - 69.2, 0
2018-10-23 18:31:22 (11480131119967) STATS - 69.3, 0
2018-10-23 18:31:22 (11480131156669) STATS - 69.4, 0
2018-10-23 18:31:22 (11480131192370) STATS - 69.5, 0
2018-10-23 18:31:22 (11480131228072) STATS - 69.6, 0
2018-10-23 18:31:22 (11480131289574) STATS - 69.7, 0
2018-10-23 18:31:22 (11480131330876) STATS - 69.8, 0
2018-10-23 18:31:22 (11480131369578) STATS - 69.9, 0
2018-10-23 18:31:22 (11480131407280) STATS - 70.0, 0
2018-10-23 18:31:22 (11480131485483) STATS - 70.1, 0
2018-10-23 18:31:22 (11480131526685) STATS - 70.2, 0
2018-10-23 18:31:22 (11480131564186) STATS - 70.3, 0
2018-10-23 18:31:22 (11480131600688) STATS - 70.4, 0
2018-10-23 18:31:22 (11480131661190) STATS - 70.5, 0
2018-10-23 18:31:22 (11480131698392) STATS - 70.6, 0
2018-10-23 18:31:22 (11480131756995) STATS - 70.7, 0
2018-10-23 18:31:22 (11480131794796) STATS - 70.8, 0
2018-10-23 18:31:22 (11480131830198) STATS - 70.9, 0
2018-10-23 18:31:22 (11480131865799) STATS - 71.0, 0
2018-10-23 18:31:22 (11480131921502) STATS - 71.1, 0
2018-10-23 18:31:22 (11480131962403) STATS - 71.2, 0
2018-10-23 18:31:22 (11480132015106) STATS - 71.3, 0
2018-10-23 18:31:22 (11480132056108) STATS - 71.4, 0
2018-10-23 18:31:22 (11480132096309) STATS - 71.5, 0
2018-10-23 18:31:22 (11480132135311) STATS - 71.6, 0
2018-10-23 18:31:22 (11480132171012) STATS - 71.7, 0
2018-10-23 18:31:22 (11480132206914) STATS - 71.8, 0
2018-10-23 18:31:22 (11480132242816) STATS - 71.9, 0
2018-10-23 18:31:22 (11480132278417) STATS - 72.0, 0
2018-10-23 18:31:22 (11480132314319) STATS - 72.1, 0
2018-10-23 18:31:22 (11480132349120) STATS - 72.2, 0
2018-10-23 18:31:22 (11480132384122) STATS - 72.3, 0
2018-10-23 18:31:22 (11480132419523) STATS - 72.4, 0
2018-10-23 18:31:22 (11480132455025) STATS - 72.5, 0
2018-10-23 18:31:22 (11480132490026) STATS - 72.6, 0
2018-10-23 18:31:22 (11480132525428) STATS - 72.7, 0
2018-10-23 18:31:22 (11480132560429) STATS - 72.8, 0
2018-10-23 18:31:22 (11480132595531) STATS - 72.9, 0
2018-10-23 18:31:22 (11480132673834) STATS - 73.0, 0
2018-10-23 18:31:22 (11480132713136) STATS - 73.1, 0
2018-10-23 18:31:22 (11480132749137) STATS - 73.2, 0
2018-10-23 18:31:22 (11480132784639) STATS - 73.3, 0
2018-10-23 18:31:22 (11480132853842) STATS - 73.4, 0
2018-10-23 18:31:22 (11480132890344) STATS - 73.5, 0
2018-10-23 18:31:22 (11480132926145) STATS - 73.6, 0
2018-10-23 18:31:22 (11480132961547) STATS - 73.7, 0
2018-10-23 18:31:22 (11480132997548) STATS - 73.8, 0
2018-10-23 18:31:22 (11480133055051) STATS - 73.9, 0
2018-10-23 18:31:22 (11480133096852) STATS - 74.0, 0
2018-10-23 18:31:22 (11480133133354) STATS - 74.1, 0
2018-10-23 18:31:22 (11480139675936) STATS - 74.2, 0
2018-10-23 18:31:22 (11480139834143) STATS - 74.3, 0
2018-10-23 18:31:22 (11480139901346) STATS - 74.4, 0
2018-10-23 18:31:22 (11480139939348) STATS - 74.5, 0
2018-10-23 18:31:22 (11480140091154) STATS - 74.6, 0
2018-10-23 18:31:22 (11480140153557) STATS - 74.7, 0
2018-10-23 18:31:22 (11480140191359) STATS - 74.8, 0
2018-10-23 18:31:22 (11480140237161) STATS - 74.9, 0
2018-10-23 18:31:22 (11480140293963) STATS - 75.0, 0
2018-10-23 18:31:22 (11480140368966) STATS - 75.1, 0
2018-10-23 18:31:22 (11480140444369) STATS - 75.2, 0
2018-10-23 18:31:22 (11480140482171) STATS - 75.3, 0
2018-10-23 18:31:22 (11480140514473) STATS - 75.4, 0
2018-10-23 18:31:22 (11480140546574) STATS - 75.5, 0
2018-10-23 18:31:22 (11480140577975) STATS - 75.6, 0
2018-10-23 18:31:22 (11480140610077) STATS - 75.7, 0
2018-10-23 18:31:22 (11480140679480) STATS - 75.8, 0
2018-10-23 18:31:22 (11480140715281) STATS - 75.9, 0
2018-10-23 18:31:22 (11480140749983) STATS - 76.0, 0
2018-10-23 18:31:22 (11480140782484) STATS - 76.1, 0
2018-10-23 18:31:22 (11480140813585) STATS - 76.2, 0
2018-10-23 18:31:22 (11480140844487) STATS - 76.3, 0
2018-10-23 18:31:22 (11480140874988) STATS - 76.4, 0
2018-10-23 18:31:22 (11480140905189) STATS - 76.5, 0
2018-10-23 18:31:22 (11480140935991) STATS - 76.6, 0
2018-10-23 18:31:22 (11480140968292) STATS - 76.7, 0
2018-10-23 18:31:22 (11480141002394) STATS - 76.8, 0
2018-10-23 18:31:22 (11480141034895) STATS - 76.9, 0
2018-10-23 18:31:22 (11480141066396) STATS - 77.0, 0
2018-10-23 18:31:22 (11480141097098) STATS - 77.1, 0
2018-10-23 18:31:22 (11480141127399) STATS - 77.2, 0
2018-10-23 18:31:22 (11480141158100) STATS - 77.3, 0
2018-10-23 18:31:22 (11480141188402) STATS - 77.4, 0
2018-10-23 18:31:22 (11480141219003) STATS - 77.5, 0
2018-10-23 18:31:22 (11480141249804) STATS - 77.6, 0
2018-10-23 18:31:22 (11480141280406) STATS - 77.7, 0
2018-10-23 18:31:22 (11480141311007) STATS - 77.8, 0
2018-10-23 18:31:22 (11480141341408) STATS - 77.9, 0
2018-10-23 18:31:22 (11480141372010) STATS - 78.0, 0
2018-10-23 18:31:22 (11480141402811) STATS - 78.1, 0
2018-10-23 18:31:22 (11480141433312) STATS - 78.2, 0
2018-10-23 18:31:22 (11480141466014) STATS - 78.3, 0
2018-10-23 18:31:22 (11480141497315) STATS - 78.4, 0
2018-10-23 18:31:22 (11480141528116) STATS - 78.5, 0
2018-10-23 18:31:22 (11480141560918) STATS - 78.6, 0
2018-10-23 18:31:22 (11480141591719) STATS - 78.7, 0
2018-10-23 18:31:22 (11480141650522) STATS - 78.8, 0
2018-10-23 18:31:22 (11480141685023) STATS - 78.9, 0
2018-10-23 18:31:22 (11480141716824) STATS - 79.0, 0
2018-10-23 18:31:22 (11480141748326) STATS - 79.1, 0
2018-10-23 18:31:22 (11480141779027) STATS - 79.2, 0
2018-10-23 18:31:22 (11480141810528) STATS - 79.3, 0
2018-10-23 18:31:22 (11480141841530) STATS - 79.4, 0
2018-10-23 18:31:22 (11480141874331) STATS - 79.5, 0
2018-10-23 18:31:22 (11480141906033) STATS - 79.6, 0
2018-10-23 18:31:22 (11480141936734) STATS - 79.7, 0
2018-10-23 18:31:22 (11480141967435) STATS - 79.8, 0
2018-10-23 18:31:22 (11480141997737) STATS - 79.9, 0
2018-10-23 18:31:22 (11480142038138) STATS - 80.0, 0
2018-10-23 18:31:22 (11480142084340) STATS - 80.1, 0
2018-10-23 18:31:22 (11480142115642) STATS - 80.2, 0
2018-10-23 18:31:22 (11480142146243) STATS - 80.3, 0
2018-10-23 18:31:22 (11480142181144) STATS - 80.4, 0
2018-10-23 18:31:22 (11480142213946) STATS - 80.5, 0
2018-10-23 18:31:22 (11480159971712) STATS - 80.6, 0
2018-10-23 18:31:22 (11480160031815) STATS - 80.7, 0
2018-10-23 18:31:22 (11480160071716) STATS - 80.8, 0
2018-10-23 18:31:22 (11480160106518) STATS - 80.9, 0
2018-10-23 18:31:22 (11480160142920) STATS - 81.0, 0
2018-10-23 18:31:22 (11480160177321) STATS - 81.1, 0
2018-10-23 18:31:22 (11480160217923) STATS - 81.2, 0
2018-10-23 18:31:22 (11480160272725) STATS - 81.3, 0
2018-10-23 18:31:22 (11480160324727) STATS - 81.4, 0
2018-10-23 18:31:22 (11480160359729) STATS - 81.5, 0
2018-10-23 18:31:22 (11480160391430) STATS - 81.6, 0
2018-10-23 18:31:22 (11480160422232) STATS - 81.7, 0
2018-10-23 18:31:22 (11480160472634) STATS - 81.8, 0
2018-10-23 18:31:22 (11480160517136) STATS - 81.9, 0
2018-10-23 18:31:22 (11480160568038) STATS - 82.0, 0
2018-10-23 18:31:22 (11480160609740) STATS - 82.1, 0
2018-10-23 18:31:22 (11480160641541) STATS - 82.2, 0
2018-10-23 18:31:22 (11480160672742) STATS - 82.3, 0
2018-10-23 18:31:22 (11480160703844) STATS - 82.4, 0
2018-10-23 18:31:22 (11480161249067) STATS - 82.5, 0
2018-10-23 18:31:22 (11480161300969) STATS - 82.6, 0
2018-10-23 18:31:22 (11480161333871) STATS - 82.7, 0
2018-10-23 18:31:22 (11480161396074) STATS - 82.8, 0
2018-10-23 18:31:22 (11480161428075) STATS - 82.9, 0
2018-10-23 18:31:22 (11480161466977) STATS - 83.0, 0
2018-10-23 18:31:22 (11480161565581) STATS - 83.1, 0
2018-10-23 18:31:22 (11480161598882) STATS - 83.2, 0
2018-10-23 18:31:22 (11480161629784) STATS - 83.3, 0
2018-10-23 18:31:22 (11480161661285) STATS - 83.4, 0
2018-10-23 18:31:22 (11480161695687) STATS - 83.5, 0
2018-10-23 18:31:22 (11480161726788) STATS - 83.6, 0
2018-10-23 18:31:22 (11480161775390) STATS - 83.7, 0
2018-10-23 18:31:22 (11480161824592) STATS - 83.8, 0
2018-10-23 18:31:22 (11480161855393) STATS - 83.9, 0
2018-10-23 18:31:22 (11480162202108) STATS - 84.0, 0
2018-10-23 18:31:22 (11480162235110) STATS - 84.1, 0
2018-10-23 18:31:22 (11480162265811) STATS - 84.2, 0
2018-10-23 18:31:22 (11480162296112) STATS - 84.3, 0
2018-10-23 18:31:22 (11480162325914) STATS - 84.4, 0
2018-10-23 18:31:22 (11480162359015) STATS - 84.5, 0
2018-10-23 18:31:22 (11480162389716) STATS - 84.6, 0
2018-10-23 18:31:22 (11480162424318) STATS - 84.7, 0
2018-10-23 18:31:22 (11480162456819) STATS - 84.8, 0
2018-10-23 18:31:22 (11480162486921) STATS - 84.9, 0
2018-10-23 18:31:22 (11480162517522) STATS - 85.0, 0
2018-10-23 18:31:22 (11480162547923) STATS - 85.1, 0
2018-10-23 18:31:22 (11480162594625) STATS - 85.2, 0
2018-10-23 18:31:22 (11480162625427) STATS - 85.3, 0
2018-10-23 18:31:22 (11480162655128) STATS - 85.4, 0
2018-10-23 18:31:22 (11480162684229) STATS - 85.5, 0
2018-10-23 18:31:22 (11480162716131) STATS - 85.6, 0
2018-10-23 18:31:22 (11480162746232) STATS - 85.7, 0
2018-10-23 18:31:22 (11480162776433) STATS - 85.8, 0
2018-10-23 18:31:22 (11480162805634) STATS - 85.9, 0
2018-10-23 18:31:22 (11480162835836) STATS - 86.0, 0
2018-10-23 18:31:22 (11480162865737) STATS - 86.1, 0
2018-10-23 18:31:22 (11480162895638) STATS - 86.2, 0
2018-10-23 18:31:22 (11480162925140) STATS - 86.3, 0
2018-10-23 18:31:22 (11480162954241) STATS - 86.4, 0
2018-10-23 18:31:22 (11480162983742) STATS - 86.5, 0
2018-10-23 18:31:22 (11480163013243) STATS - 86.6, 0
2018-10-23 18:31:22 (11480163045045) STATS - 86.7, 0
2018-10-23 18:31:22 (11480163075546) STATS - 86.8, 0
2018-10-23 18:31:22 (11480163107047) STATS - 86.9, 0
2018-10-23 18:31:22 (11480163137549) STATS - 87.0, 0
2018-10-23 18:31:22 (11480163167050) STATS - 87.1, 0
2018-10-23 18:31:22 (11480163196651) STATS - 87.2, 0
2018-10-23 18:31:22 (11480163228753) STATS - 87.3, 0
2018-10-23 18:31:22 (11480163286855) STATS - 87.4, 0
2018-10-23 18:31:22 (11480163316556) STATS - 87.5, 0
2018-10-23 18:31:22 (11480163345958) STATS - 87.6, 0
2018-10-23 18:31:22 (11480163377359) STATS - 87.7, 0
2018-10-23 18:31:22 (11480163408360) STATS - 87.8, 0
2018-10-23 18:31:22 (11480163517465) STATS - 87.9, 0
2018-10-23 18:31:22 (11480163594068) STATS - 88.0, 0
2018-10-23 18:31:22 (11480163631470) STATS - 88.1, 0
2018-10-23 18:31:22 (11480163661471) STATS - 88.2, 0
2018-10-23 18:31:22 (11480163690873) STATS - 88.3, 0
2018-10-23 18:31:22 (11480163771176) STATS - 88.4, 0
2018-10-23 18:31:22 (11480163813078) STATS - 88.5, 0
2018-10-23 18:31:22 (11480163845779) STATS - 88.6, 0
2018-10-23 18:31:22 (11480163877481) STATS - 88.7, 0
2018-10-23 18:31:22 (11480163907482) STATS - 88.8, 0
2018-10-23 18:31:22 (11480163935983) STATS - 88.9, 0
2018-10-23 18:31:22 (11480163966485) STATS - 89.0, 0
2018-10-23 18:31:22 (11480164032287) STATS - 89.1, 0
2018-10-23 18:31:22 (11480164065089) STATS - 89.2, 0
2018-10-23 18:31:22 (11480164094290) STATS - 89.3, 0
2018-10-23 18:31:22 (11480164142492) STATS - 89.4, 0
2018-10-23 18:31:22 (11480164235996) STATS - 89.5, 0
2018-10-23 18:31:22 (11480164296199) STATS - 89.6, 0
2018-10-23 18:31:22 (11480164330700) STATS - 89.7, 0
2018-10-23 18:31:22 (11480164360702) STATS - 89.8, 0
2018-10-23 18:31:22 (11480164389503) STATS - 89.9, 0
2018-10-23 18:31:22 (11480164420004) STATS - 90.0, 0
2018-10-23 18:31:22 (11480164449105) STATS - 90.1, 0
2018-10-23 18:31:22 (11480164477607) STATS - 90.2, 0
2018-10-23 18:31:22 (11480164509008) STATS - 90.3, 0
2018-10-23 18:31:22 (11480164538009) STATS - 90.4, 0
2018-10-23 18:31:22 (11480164568610) STATS - 90.5, 0
2018-10-23 18:31:22 (11480164599012) STATS - 90.6, 0
2018-10-23 18:31:22 (11480164627213) STATS - 90.7, 0
2018-10-23 18:31:22 (11480164655114) STATS - 90.8, 0
2018-10-23 18:31:22 (11480164682115) STATS - 90.9, 0
2018-10-23 18:31:22 (11480164710517) STATS - 91.0, 0
2018-10-23 18:31:22 (11480164738618) STATS - 91.1, 0
2018-10-23 18:31:22 (11480164765919) STATS - 91.2, 0
2018-10-23 18:31:22 (11480164793620) STATS - 91.3, 0
2018-10-23 18:31:22 (11480164821121) STATS - 91.4, 0
2018-10-23 18:31:22 (11480164860023) STATS - 91.5, 0
2018-10-23 18:31:22 (11480164892124) STATS - 91.6, 0
2018-10-23 18:31:22 (11480164919926) STATS - 91.7, 0
2018-10-23 18:31:22 (11480164947627) STATS - 91.8, 0
2018-10-23 18:31:22 (11480164976128) STATS - 91.9, 0
2018-10-23 18:31:22 (11480165003929) STATS - 92.0, 0
2018-10-23 18:31:22 (11480165031530) STATS - 92.1, 0
2018-10-23 18:31:22 (11480165087333) STATS - 92.2, 0
2018-10-23 18:31:22 (11480165118934) STATS - 92.3, 0
2018-10-23 18:31:22 (11480165146335) STATS - 92.4, 0
2018-10-23 18:31:22 (11480165174037) STATS - 92.5, 0
2018-10-23 18:31:22 (11480165201938) STATS - 92.6, 0
2018-10-23 18:31:22 (11480165229439) STATS - 92.7, 0
2018-10-23 18:31:22 (11480165256940) STATS - 92.8, 0
2018-10-23 18:31:22 (11480165284241) STATS - 92.9, 0
2018-10-23 18:31:22 (11480165314843) STATS - 93.0, 0
2018-10-23 18:31:22 (11480165343944) STATS - 93.1, 0
2018-10-23 18:31:22 (11480165370645) STATS - 93.2, 0
2018-10-23 18:31:22 (11480172278943) STATS - 93.3, 0
2018-10-23 18:31:22 (11480172436550) STATS - 93.4, 0
2018-10-23 18:31:22 (11480172471151) STATS - 93.5, 0
2018-10-23 18:31:22 (11480172499753) STATS - 93.6, 0
2018-10-23 18:31:22 (11480172527254) STATS - 93.7, 0
2018-10-23 18:31:22 (11480172554255) STATS - 93.8, 0
2018-10-23 18:31:22 (11480172580956) STATS - 93.9, 0
2018-10-23 18:31:22 (11480172608557) STATS - 94.0, 0
2018-10-23 18:31:22 (11480172635459) STATS - 94.1, 0
2018-10-23 18:31:22 (11480172661660) STATS - 94.2, 0
2018-10-23 18:31:22 (11480172688261) STATS - 94.3, 0
2018-10-23 18:31:22 (11480172714362) STATS - 94.4, 0
2018-10-23 18:31:22 (11480172753864) STATS - 94.5, 0
2018-10-23 18:31:22 (11480172786265) STATS - 94.6, 0
2018-10-23 18:31:22 (11480172813066) STATS - 94.7, 0
2018-10-23 18:31:22 (11480172839467) STATS - 94.8, 0
2018-10-23 18:31:22 (11480172872969) STATS - 94.9, 0
2018-10-23 18:31:22 (11480172902570) STATS - 95.0, 0
2018-10-23 18:31:22 (11480172929171) STATS - 95.1, 0
2018-10-23 18:31:22 (11480172955072) STATS - 95.2, 0
2018-10-23 18:31:22 (11480172981274) STATS - 95.3, 0
2018-10-23 18:31:22 (11480173006875) STATS - 95.4, 0
2018-10-23 18:31:22 (11480173032876) STATS - 95.5, 0
2018-10-23 18:31:22 (11480173058177) STATS - 95.6, 0
2018-10-23 18:31:22 (11480173083278) STATS - 95.7, 0
2018-10-23 18:31:22 (11480173109179) STATS - 95.8, 0
2018-10-23 18:31:22 (11480173134480) STATS - 95.9, 0
2018-10-23 18:31:22 (11480173160381) STATS - 96.0, 0
2018-10-23 18:31:22 (11480173185882) STATS - 96.1, 0
2018-10-23 18:31:22 (11480173211083) STATS - 96.2, 0
2018-10-23 18:31:22 (11480173236885) STATS - 96.3, 0
2018-10-23 18:31:22 (11480173261886) STATS - 96.4, 0
2018-10-23 18:31:22 (11480173287087) STATS - 96.5, 1
2018-10-23 18:31:22 (11480173312288) STATS - 96.6, 0
2018-10-23 18:31:22 (11480173336989) STATS - 96.7, 0
2018-10-23 18:31:22 (11480173362490) STATS - 96.8, 0
2018-10-23 18:31:22 (11480173387491) STATS - 96.9, 0
2018-10-23 18:31:22 (11480173412892) STATS - 97.0, 0
2018-10-23 18:31:22 (11480173451794) STATS - 97.1, 0
2018-10-23 18:31:22 (11480173479395) STATS - 97.2, 0
2018-10-23 18:31:22 (11480173505296) STATS - 97.3, 0
2018-10-23 18:31:22 (11480173530797) STATS - 97.4, 0
2018-10-23 18:31:22 (11480173555898) STATS - 97.5, 0
2018-10-23 18:31:22 (11480173581399) STATS - 97.6, 0
2018-10-23 18:31:22 (11480173606600) STATS - 97.7, 0
2018-10-23 18:31:22 (11480173631902) STATS - 97.8, 0
2018-10-23 18:31:22 (11480173657503) STATS - 97.9, 0
2018-10-23 18:31:22 (11480173683304) STATS - 98.0, 0
2018-10-23 18:31:22 (11480173708805) STATS - 98.1, 0
2018-10-23 18:31:22 (11480173758707) STATS - 98.2, 0
2018-10-23 18:31:22 (11480173786108) STATS - 98.3, 0
2018-10-23 18:31:22 (11480173812409) STATS - 98.4, 0
2018-10-23 18:31:22 (11480173838110) STATS - 98.5, 0
2018-10-23 18:31:22 (11480173864912) STATS - 98.6, 0
2018-10-23 18:31:22 (11480173890713) STATS - 98.7, 0
2018-10-23 18:31:22 (11480173916714) STATS - 98.8, 0
2018-10-23 18:31:22 (11480173942115) STATS - 98.9, 0
2018-10-23 18:31:22 (11480173967916) STATS - 99.0, 0
2018-10-23 18:31:22 (11480173994017) STATS - 99.1, 0
2018-10-23 18:31:22 (11480174019018) STATS - 99.2, 0
2018-10-23 18:31:22 (11480174062820) STATS - 99.3, 0
2018-10-23 18:31:22 (11480174093521) STATS - 99.4, 0
2018-10-23 18:31:22 (11480174125823) STATS - 99.5, 0
2018-10-23 18:31:22 (11480174153024) STATS - 99.6, 0
2018-10-23 18:31:22 (11480174177525) STATS - 99.7, 0
2018-10-23 18:31:22 (11480174205226) STATS - 99.8, 0
2018-10-23 18:31:22 (11480174230127) STATS - 99.9, 0
2018-10-23 18:31:22 (11480174266629) STATS - 100.0, 0
2018-10-23 18:31:22 (11480174294630) STATS - 100.1, 0
2018-10-23 18:31:22 (11480174330832) STATS - 100.2, 0
2018-10-23 18:31:22 (11480174357633) STATS - 100.3, 0
2018-10-23 18:31:22 (11480174384934) STATS - 100.4, 0
2018-10-23 18:31:22 (11480174408935) STATS - 100.5, 0
2018-10-23 18:31:22 (11480174437836) STATS - 100.6, 0
2018-10-23 18:31:22 (11480174491639) STATS - 100.7, 0
2018-10-23 18:31:22 (11480174532040) STATS - 100.8, 0
2018-10-23 18:31:22 (11480174559242) STATS - 100.9, 0
2018-10-23 18:31:22 (11480174584743) STATS - 101.0, 0
2018-10-23 18:31:22 (11480174610044) STATS - 101.1, 0
2018-10-23 18:31:22 (11480174634045) STATS - 101.2, 0
2018-10-23 18:31:22 (11480174658146) STATS - 101.3, 0
2018-10-23 18:31:22 (11480174681947) STATS - 101.4, 0
2018-10-23 18:31:22 (11480174717348) STATS - 101.5, 0
2018-10-23 18:31:22 (11480174743850) STATS - 101.6, 0
2018-10-23 18:31:22 (11480174767251) STATS - 101.7, 0
2018-10-23 18:31:22 (11480174794752) STATS - 101.8, 0
2018-10-23 18:31:22 (11480174819453) STATS - 101.9, 0
2018-10-23 18:31:22 (11480174845454) STATS - 102.0, 0
2018-10-23 18:31:22 (11480174869555) STATS - 102.1, 0
2018-10-23 18:31:22 (11480174893556) STATS - 102.2, 0
2018-10-23 18:31:22 (11480174917557) STATS - 102.3, 0
2018-10-23 18:31:22 (11480174947458) STATS - 102.4, 0
2018-10-23 18:31:22 (11480174973759) STATS - 102.5, 0
2018-10-23 18:31:22 (11480174997761) STATS - 102.6, 0
2018-10-23 18:31:22 (11480175021162) STATS - 102.7, 0
2018-10-23 18:31:22 (11480175044763) STATS - 102.8, 0
2018-10-23 18:31:22 (11480175081564) STATS - 102.9, 0
2018-10-23 18:31:22 (11480175109465) STATS - 103.0, 0
2018-10-23 18:31:22 (11480175133366) STATS - 103.1, 0
2018-10-23 18:31:22 (11480175157667) STATS - 103.2, 0
2018-10-23 18:31:22 (11480175181368) STATS - 103.3, 0
2018-10-23 18:31:22 (11480182124168) STATS - 103.4, 0
2018-10-23 18:31:22 (11480182161370) STATS - 103.5, 0
2018-10-23 18:31:22 (11480182188771) STATS - 103.6, 0
2018-10-23 18:31:22 (11480182212572) STATS - 103.7, 0
2018-10-23 18:31:22 (11480182273374) STATS - 103.8, 0
2018-10-23 18:31:22 (11480182299776) STATS - 103.9, 0
2018-10-23 18:31:22 (11480182329377) STATS - 104.0, 0
2018-10-23 18:31:22 (11480182352578) STATS - 104.1, 0
2018-10-23 18:31:22 (11480182404280) STATS - 104.2, 0
2018-10-23 18:31:22 (11480182432081) STATS - 104.3, 0
2018-10-23 18:31:22 (11480182454782) STATS - 104.4, 0
2018-10-23 18:31:22 (11480182476483) STATS - 104.5, 0
2018-10-23 18:31:22 (11480182498384) STATS - 104.6, 0
2018-10-23 18:31:22 (11480182519885) STATS - 104.7, 0
2018-10-23 18:31:22 (11480182542086) STATS - 104.8, 0
2018-10-23 18:31:22 (11480182564287) STATS - 104.9, 0
2018-10-23 18:31:22 (11480182587088) STATS - 105.0, 0
2018-10-23 18:31:22 (11480182609689) STATS - 105.1, 0
2018-10-23 18:31:22 (11480182631890) STATS - 105.2, 0
2018-10-23 18:31:22 (11480182653791) STATS - 105.3, 0
2018-10-23 18:31:22 (11480182675692) STATS - 105.4, 0
2018-10-23 18:31:22 (11480182697393) STATS - 105.5, 0
2018-10-23 18:31:22 (11480182719894) STATS - 105.6, 0
2018-10-23 18:31:22 (11480182741395) STATS - 105.7, 0
2018-10-23 18:31:22 (11480182763196) STATS - 105.8, 0
2018-10-23 18:31:22 (11480182784797) STATS - 105.9, 0
2018-10-23 18:31:22 (11480182806897) STATS - 106.0, 0
2018-10-23 18:31:22 (11480182828498) STATS - 106.1, 0
2018-10-23 18:31:22 (11480182850099) STATS - 106.2, 0
2018-10-23 18:31:22 (11480182872000) STATS - 106.3, 0
2018-10-23 18:31:22 (11480182893501) STATS - 106.4, 0
2018-10-23 18:31:22 (11480182919002) STATS - 106.5, 0
2018-10-23 18:31:22 (11480182941503) STATS - 106.6, 0
2018-10-23 18:31:22 (11480182963604) STATS - 106.7, 0
2018-10-23 18:31:22 (11480182985605) STATS - 106.8, 0
2018-10-23 18:31:22 (11480183007106) STATS - 106.9, 0
2018-10-23 18:31:22 (11480183031807) STATS - 107.0, 0
2018-10-23 18:31:22 (11480183057508) STATS - 107.1, 0
2018-10-23 18:31:22 (11480183100710) STATS - 107.2, 0
2018-10-23 18:31:22 (11480183128011) STATS - 107.3, 0
2018-10-23 18:31:22 (11480183156613) STATS - 107.4, 0
2018-10-23 18:31:22 (11480183179414) STATS - 107.5, 0
2018-10-23 18:31:22 (11480183201115) STATS - 107.6, 0
2018-10-23 18:31:22 (11480183222415) STATS - 107.7, 0
2018-10-23 18:31:22 (11480183299819) STATS - 107.8, 0
2018-10-23 18:31:22 (11480183329720) STATS - 107.9, 0
2018-10-23 18:31:22 (11480183352621) STATS - 108.0, 0
2018-10-23 18:31:22 (11480183376322) STATS - 108.1, 0
2018-10-23 18:31:22 (11480183397823) STATS - 108.2, 0
2018-10-23 18:31:22 (11480183419124) STATS - 108.3, 0
2018-10-23 18:31:22 (11480183442725) STATS - 108.4, 0
2018-10-23 18:31:22 (11480183477426) STATS - 108.5, 0
2018-10-23 18:31:22 (11480183501927) STATS - 108.6, 0
2018-10-23 18:31:22 (11480183523728) STATS - 108.7, 0
2018-10-23 18:31:22 (11480183545029) STATS - 108.8, 0
2018-10-23 18:31:22 (11480183565630) STATS - 108.9, 0
2018-10-23 18:31:22 (11480183587231) STATS - 109.0, 0
2018-10-23 18:31:22 (11480183608532) STATS - 109.1, 0
2018-10-23 18:31:22 (11480183631433) STATS - 109.2, 0
2018-10-23 18:31:22 (11480183652634) STATS - 109.3, 0
2018-10-23 18:31:22 (11480183675035) STATS - 109.4, 0
2018-10-23 18:31:22 (11480183695736) STATS - 109.5, 0
2018-10-23 18:31:22 (11480183716737) STATS - 109.6, 0
2018-10-23 18:31:22 (11480183737638) STATS - 109.7, 0
2018-10-23 18:31:22 (11480183758339) STATS - 109.8, 0
2018-10-23 18:31:22 (11480183779539) STATS - 109.9, 0
2018-10-23 18:31:22 (11480183803741) STATS - 110.0, 0
2018-10-23 18:31:22 (11480183825041) STATS - 110.1, 0
2018-10-23 18:31:22 (11480183845942) STATS - 110.2, 0
2018-10-23 18:31:22 (11480183867143) STATS - 110.3, 0
2018-10-23 18:31:22 (11480183887844) STATS - 110.4, 0
2018-10-23 18:31:22 (11480183908945) STATS - 110.5, 0
2018-10-23 18:31:22 (11480183930246) STATS - 110.6, 0
2018-10-23 18:31:22 (11480183971048) STATS - 110.7, 0
2018-10-23 18:31:22 (11480183996449) STATS - 110.8, 0
2018-10-23 18:31:22 (11480184040051) STATS - 110.9, 0
2018-10-23 18:31:22 (11480184066352) STATS - 111.0, 0
2018-10-23 18:31:22 (11480184090753) STATS - 111.1, 0
2018-10-23 18:31:22 (11480184113654) STATS - 111.2, 0
2018-10-23 18:31:22 (11480184134955) STATS - 111.3, 0
2018-10-23 18:31:22 (11480184155956) STATS - 111.4, 0
2018-10-23 18:31:22 (11480184176257) STATS - 111.5, 0
2018-10-23 18:31:22 (11480184197257) STATS - 111.6, 0
2018-10-23 18:31:22 (11480184217358) STATS - 111.7, 0
2018-10-23 18:31:22 (11480184238159) STATS - 111.8, 0
2018-10-23 18:31:22 (11480184258960) STATS - 111.9, 0
2018-10-23 18:31:22 (11480184280161) STATS - 112.0, 0
2018-10-23 18:31:22 (11480184301062) STATS - 112.1, 0
2018-10-23 18:31:22 (11480184321463) STATS - 112.2, 0
2018-10-23 18:31:22 (11480184342364) STATS - 112.3, 0
2018-10-23 18:31:22 (11480184363065) STATS - 112.4, 0
2018-10-23 18:31:22 (11480184382865) STATS - 112.5, 0
2018-10-23 18:31:22 (11480184403166) STATS - 112.6, 0
2018-10-23 18:31:22 (11480184423567) STATS - 112.7, 0
2018-10-23 18:31:22 (11480184444868) STATS - 112.8, 0
2018-10-23 18:31:22 (11480184465269) STATS - 112.9, 0
2018-10-23 18:31:22 (11480184485870) STATS - 113.0, 0
2018-10-23 18:31:22 (11480184506971) STATS - 113.1, 0
2018-10-23 18:31:22 (11480184530072) STATS - 113.2, 0
2018-10-23 18:31:22 (11480184553373) STATS - 113.3, 0
2018-10-23 18:31:22 (11480184574274) STATS - 113.4, 0
2018-10-23 18:31:22 (11480184615176) STATS - 113.5, 0
2018-10-23 18:31:22 (11480184659577) STATS - 113.6, 0
2018-10-23 18:31:22 (11480184682378) STATS - 113.7, 0
2018-10-23 18:31:22 (11480184703579) STATS - 113.8, 0
2018-10-23 18:31:22 (11480184724180) STATS - 113.9, 0
2018-10-23 18:31:22 (11480184744981) STATS - 114.0, 0
2018-10-23 18:31:22 (11480184793783) STATS - 114.1, 0
2018-10-23 18:31:22 (11480184824285) STATS - 114.2, 0
2018-10-23 18:31:22 (11480184846486) STATS - 114.3, 0
2018-10-23 18:31:22 (11480184867286) STATS - 114.4, 0
2018-10-23 18:31:22 (11480184887987) STATS - 114.5, 0
2018-10-23 18:31:22 (11480192228304) STATS - 114.6, 0
2018-10-23 18:31:22 (11480192312208) STATS - 114.7, 0
2018-10-23 18:31:22 (11480192340009) STATS - 114.8, 0
2018-10-23 18:31:22 (11480192364410) STATS - 114.9, 0
2018-10-23 18:31:22 (11480192392511) STATS - 115.0, 0
2018-10-23 18:31:22 (11480192415712) STATS - 115.1, 0
2018-10-23 18:31:22 (11480192437613) STATS - 115.2, 0
2018-10-23 18:31:22 (11480192458714) STATS - 115.3, 0
2018-10-23 18:31:22 (11480192479815) STATS - 115.4, 0
2018-10-23 18:31:22 (11480192501116) STATS - 115.5, 0
2018-10-23 18:31:22 (11480192536317) STATS - 115.6, 0
2018-10-23 18:31:22 (11480192559118) STATS - 115.7, 0
2018-10-23 18:31:22 (11480192582219) STATS - 115.8, 0
2018-10-23 18:31:22 (11480192604020) STATS - 115.9, 0
2018-10-23 18:31:22 (11480192695124) STATS - 116.0, 0
2018-10-23 18:31:22 (11480192740826) STATS - 116.1, 0
2018-10-23 18:31:22 (11480192765827) STATS - 116.2, 0
2018-10-23 18:31:22 (11480192788028) STATS - 116.3, 0
2018-10-23 18:31:22 (11480192809529) STATS - 116.4, 0
2018-10-23 18:31:22 (11480192831130) STATS - 116.5, 0
2018-10-23 18:31:22 (11480192853931) STATS - 116.6, 0
2018-10-23 18:31:22 (11480192917934) STATS - 116.7, 0
2018-10-23 18:31:22 (11480192941135) STATS - 116.8, 0
2018-10-23 18:31:22 (11480192963036) STATS - 116.9, 0
2018-10-23 18:31:22 (11480192984537) STATS - 117.0, 0
2018-10-23 18:31:22 (11480193006738) STATS - 117.1, 0
2018-10-23 18:31:22 (11480193027839) STATS - 117.2, 0
2018-10-23 18:31:22 (11480193048139) STATS - 117.3, 0
2018-10-23 18:31:22 (11480193068240) STATS - 117.4, 0
2018-10-23 18:31:22 (11480193087841) STATS - 117.5, 0
2018-10-23 18:31:22 (11480193142143) STATS - 117.6, 0
2018-10-23 18:31:22 (11480193165544) STATS - 117.7, 0
2018-10-23 18:31:22 (11480193185945) STATS - 117.8, 0
2018-10-23 18:31:22 (11480193233947) STATS - 117.9, 0
2018-10-23 18:31:22 (11480193255448) STATS - 118.0, 0
2018-10-23 18:31:22 (11480193276049) STATS - 118.1, 0
2018-10-23 18:31:22 (11480193295450) STATS - 118.2, 0
2018-10-23 18:31:22 (11480193316351) STATS - 118.3, 0
2018-10-23 18:31:22 (11480193337252) STATS - 118.4, 0
2018-10-23 18:31:22 (11480193356953) STATS - 118.5, 0
2018-10-23 18:31:22 (11480193382654) STATS - 118.6, 0
2018-10-23 18:31:22 (11480193407255) STATS - 118.7, 0
2018-10-23 18:31:22 (11480193427856) STATS - 118.8, 0
2018-10-23 18:31:22 (11480193448157) STATS - 118.9, 0
2018-10-23 18:31:22 (11480193537461) STATS - 119.0, 0
2018-10-23 18:31:22 (11480193561762) STATS - 119.1, 0
2018-10-23 18:31:22 (11480193581962) STATS - 119.2, 0
2018-10-23 18:31:22 (11480193602563) STATS - 119.3, 0
2018-10-23 18:31:22 (11480193622264) STATS - 119.4, 0
2018-10-23 18:31:22 (11480193642665) STATS - 119.5, 0
2018-10-23 18:31:22 (11480193663166) STATS - 119.6, 0
2018-10-23 18:31:22 (11480193683467) STATS - 119.7, 0
2018-10-23 18:31:22 (11480193703368) STATS - 119.8, 0
2018-10-23 18:31:22 (11480193722969) STATS - 119.9, 0
2018-10-23 18:31:22 (11480193744269) STATS - 120.0, 0
2018-10-23 18:31:22 (11480193764570) STATS - 120.1, 0
2018-10-23 18:31:22 (11480193784171) STATS - 120.2, 0
2018-10-23 18:31:22 (11480193803372) STATS - 120.3, 0
2018-10-23 18:31:22 (11480193822373) STATS - 120.4, 0
2018-10-23 18:31:22 (11480193841674) STATS - 120.5, 0
2018-10-23 18:31:22 (11480193861675) STATS - 120.6, 0
2018-10-23 18:31:22 (11480193882475) STATS - 120.7, 0
2018-10-23 18:31:22 (11480193903876) STATS - 120.8, 0
2018-10-23 18:31:22 (11480193923977) STATS - 120.9, 0
2018-10-23 18:31:22 (11480193944078) STATS - 121.0, 0
2018-10-23 18:31:22 (11480193979480) STATS - 121.1, 0
2018-10-23 18:31:22 (11480194000581) STATS - 121.2, 0
2018-10-23 18:31:22 (11480194021881) STATS - 121.3, 0
2018-10-23 18:31:22 (11480194040882) STATS - 121.4, 0
2018-10-23 18:31:22 (11480194060683) STATS - 121.5, 0
2018-10-23 18:31:22 (11480194080184) STATS - 121.6, 0
2018-10-23 18:31:22 (11480194099885) STATS - 121.7, 0
2018-10-23 18:31:22 (11480194122886) STATS - 121.8, 0
2018-10-23 18:31:22 (11480194142487) STATS - 121.9, 0
2018-10-23 18:31:22 (11480194169088) STATS - 122.0, 0
2018-10-23 18:31:22 (11480194189689) STATS - 122.1, 0
2018-10-23 18:31:22 (11480194209090) STATS - 122.2, 0
2018-10-23 18:31:22 (11480194229390) STATS - 122.3, 0
2018-10-23 18:31:22 (11480194248991) STATS - 122.4, 0
2018-10-23 18:31:22 (11480194267992) STATS - 122.5, 0
2018-10-23 18:31:22 (11480194287293) STATS - 122.6, 0
2018-10-23 18:31:22 (11480194309294) STATS - 122.7, 0
2018-10-23 18:31:22 (11480194328595) STATS - 122.8, 0
2018-10-23 18:31:22 (11480194347996) STATS - 122.9, 0
2018-10-23 18:31:22 (11480194367496) STATS - 123.0, 0
2018-10-23 18:31:22 (11480194387797) STATS - 123.1, 0
2018-10-23 18:31:22 (11480194407998) STATS - 123.2, 0
2018-10-23 18:31:22 (11480194428399) STATS - 123.3, 0
2018-10-23 18:31:22 (11480194448200) STATS - 123.4, 0
2018-10-23 18:31:22 (11480194468101) STATS - 123.5, 0
2018-10-23 18:31:22 (11480194488002) STATS - 123.6, 0
2018-10-23 18:31:22 (11480194508202) STATS - 123.7, 0
2018-10-23 18:31:22 (11480194527803) STATS - 123.8, 0
2018-10-23 18:31:22 (11480194547404) STATS - 123.9, 0
2018-10-23 18:31:22 (11480194566805) STATS - 124.0, 0
2018-10-23 18:31:22 (11480194586306) STATS - 124.1, 0
2018-10-23 18:31:22 (11480194606207) STATS - 124.2, 0
2018-10-23 18:31:22 (11480194626208) STATS - 124.3, 0
2018-10-23 18:31:22 (11480194645608) STATS - 124.4, 0
2018-10-23 18:31:22 (11480194665409) STATS - 124.5, 0
2018-10-23 18:31:22 (11480194691410) STATS - 124.6, 0
2018-10-23 18:31:22 (11480194718912) STATS - 124.7, 0
2018-10-23 18:31:22 (11480194738312) STATS - 124.8, 0
2018-10-23 18:31:22 (11480194757413) STATS - 124.9, 0
2018-10-23 18:31:22 (11480201461802) STATS - 125.0, 0
2018-10-23 18:31:22 (11480201603009) STATS - 125.1, 0
2018-10-23 18:31:22 (11480201625010) STATS - 125.2, 0
2018-10-23 18:31:22 (11480201644610) STATS - 125.3, 0
2018-10-23 18:31:22 (11480201663911) STATS - 125.4, 0
2018-10-23 18:31:22 (11480201682412) STATS - 125.5, 0
2018-10-23 18:31:22 (11480201711513) STATS - 125.6, 0
2018-10-23 18:31:22 (11480201730714) STATS - 125.7, 0
2018-10-23 18:31:22 (11480201751115) STATS - 125.8, 0
2018-10-23 18:31:22 (11480201770216) STATS - 125.9, 0
2018-10-23 18:31:22 (11480201793117) STATS - 126.0, 0
2018-10-23 18:31:22 (11480201827318) STATS - 126.1, 0
2018-10-23 18:31:22 (11480201847019) STATS - 126.2, 0
2018-10-23 18:31:22 (11480201877820) STATS - 126.3, 0
2018-10-23 18:31:22 (11480201935623) STATS - 126.4, 0
2018-10-23 18:31:22 (11480201957524) STATS - 126.5, 0
2018-10-23 18:31:22 (11480201977025) STATS - 126.6, 0
2018-10-23 18:31:22 (11480201996126) STATS - 126.7, 0
2018-10-23 18:31:22 (11480202014726) STATS - 126.8, 0
2018-10-23 18:31:22 (11480202033027) STATS - 126.9, 0
2018-10-23 18:31:22 (11480202052128) STATS - 127.0, 0
2018-10-23 18:31:22 (11480202070829) STATS - 127.1, 0
2018-10-23 18:31:22 (11480202088830) STATS - 127.2, 0
2018-10-23 18:31:22 (11480202107230) STATS - 127.3, 0
2018-10-23 18:31:22 (11480202125531) STATS - 127.4, 0
2018-10-23 18:31:22 (11480202143532) STATS - 127.5, 0
2018-10-23 18:31:22 (11480202161833) STATS - 127.6, 0
2018-10-23 18:31:22 (11480202180033) STATS - 127.7, 0
2018-10-23 18:31:22 (11480202198034) STATS - 127.8, 0
2018-10-23 18:31:22 (11480202215935) STATS - 127.9, 0
2018-10-23 18:31:22 (11480202234536) STATS - 128.0, 0
2018-10-23 18:31:22 (11480202253037) STATS - 128.1, 0
2018-10-23 18:31:22 (11480202271337) STATS - 128.2, 0
2018-10-23 18:31:22 (11480202289438) STATS - 128.3, 0
2018-10-23 18:31:22 (11480202307739) STATS - 128.4, 0
2018-10-23 18:31:22 (11480202326140) STATS - 128.5, 0
2018-10-23 18:31:22 (11480202344641) STATS - 128.6, 0
2018-10-23 18:31:22 (11480202363241) STATS - 128.7, 0
2018-10-23 18:31:22 (11480202385042) STATS - 128.8, 0
2018-10-23 18:31:22 (11480202430844) STATS - 128.9, 0
2018-10-23 18:31:22 (11480202470046) STATS - 129.0, 0
2018-10-23 18:31:22 (11480202489647) STATS - 129.1, 0
2018-10-23 18:31:22 (11480202508948) STATS - 129.2, 0
2018-10-23 18:31:22 (11480202527748) STATS - 129.3, 0
2018-10-23 18:31:22 (11480202545749) STATS - 129.4, 0
2018-10-23 18:31:22 (11480202564350) STATS - 129.5, 0
2018-10-23 18:31:22 (11480202583051) STATS - 129.6, 0
2018-10-23 18:31:22 (11480202612952) STATS - 129.7, 0
2018-10-23 18:31:22 (11480202632353) STATS - 129.8, 0
2018-10-23 18:31:22 (11480202650254) STATS - 129.9, 0
2018-10-23 18:31:22 (11480202669055) STATS - 130.0, 0
2018-10-23 18:31:22 (11480202688055) STATS - 130.1, 0
2018-10-23 18:31:22 (11480202706156) STATS - 130.2, 0
2018-10-23 18:31:22 (11480202742158) STATS - 130.3, 0
2018-10-23 18:31:22 (11480202761059) STATS - 130.4, 0
2018-10-23 18:31:22 (11480202779459) STATS - 130.5, 0
2018-10-23 18:31:22 (11480202797560) STATS - 130.6, 0
2018-10-23 18:31:22 (11480202815461) STATS - 130.7, 0
2018-10-23 18:31:22 (11480202833462) STATS - 130.8, 0
2018-10-23 18:31:22 (11480202871663) STATS - 130.9, 0
2018-10-23 18:31:22 (11480202892664) STATS - 131.0, 0
2018-10-23 18:31:22 (11480202910465) STATS - 131.1, 0
2018-10-23 18:31:22 (11480202928066) STATS - 131.2, 0
2018-10-23 18:31:22 (11480202959467) STATS - 131.3, 0
2018-10-23 18:31:22 (11480202977068) STATS - 131.4, 0
2018-10-23 18:31:22 (11480202993869) STATS - 131.5, 0
2018-10-23 18:31:22 (11480203011669) STATS - 131.6, 0
2018-10-23 18:31:22 (11480203029270) STATS - 131.7, 0
2018-10-23 18:31:22 (11480203049671) STATS - 131.8, 0
2018-10-23 18:31:22 (11480203066572) STATS - 131.9, 0
2018-10-23 18:31:22 (11480203083772) STATS - 132.0, 0
2018-10-23 18:31:22 (11480203101373) STATS - 132.1, 0
2018-10-23 18:31:22 (11480203118074) STATS - 132.2, 0
2018-10-23 18:31:22 (11480203134975) STATS - 132.3, 0
2018-10-23 18:31:22 (11480203151775) STATS - 132.4, 0
2018-10-23 18:31:22 (11480203168976) STATS - 132.5, 0
2018-10-23 18:31:22 (11480203189077) STATS - 132.6, 0
2018-10-23 18:31:22 (11480203206078) STATS - 132.7, 0
2018-10-23 18:31:22 (11480203222778) STATS - 132.8, 0
2018-10-23 18:31:22 (11480203245279) STATS - 132.9, 0
2018-10-23 18:31:22 (11480203262280) STATS - 133.0, 0
2018-10-23 18:31:22 (11480203279581) STATS - 133.1, 0
2018-10-23 18:31:22 (11480203296682) STATS - 133.2, 0
2018-10-23 18:31:22 (11480203313582) STATS - 133.3, 0
2018-10-23 18:31:22 (11480203336683) STATS - 133.4, 0
2018-10-23 18:31:22 (11480203353284) STATS - 133.5, 0
2018-10-23 18:31:22 (11480203369985) STATS - 133.6, 0
2018-10-23 18:31:22 (11480203387286) STATS - 133.7, 0
2018-10-23 18:31:22 (11480203405486) STATS - 133.8, 0
2018-10-23 18:31:22 (11480203422587) STATS - 133.9, 0
2018-10-23 18:31:22 (11480203461289) STATS - 134.0, 0
2018-10-23 18:31:22 (11480203517291) STATS - 134.1, 0
2018-10-23 18:31:22 (11480203536992) STATS - 134.2, 0
2018-10-23 18:31:22 (11480203553593) STATS - 134.3, 0
2018-10-23 18:31:22 (11480203569893) STATS - 134.4, 0
2018-10-23 18:31:22 (11480203586194) STATS - 134.5, 0
2018-10-23 18:31:22 (11480203602295) STATS - 134.6, 0
2018-10-23 18:31:22 (11480203622196) STATS - 134.7, 0
2018-10-23 18:31:22 (11480203638996) STATS - 134.8, 0
2018-10-23 18:31:22 (11480203655397) STATS - 134.9, 0
2018-10-23 18:31:22 (11480203674698) STATS - 135.0, 0
2018-10-23 18:31:22 (11480203691299) STATS - 135.1, 0
2018-10-23 18:31:22 (11480203707799) STATS - 135.2, 0
2018-10-23 18:31:22 (11480203724100) STATS - 135.3, 0
2018-10-23 18:31:22 (11480203742101) STATS - 135.4, 0
2018-10-23 18:31:22 (11480203758602) STATS - 135.5, 0
2018-10-23 18:31:22 (11480203775102) STATS - 135.6, 0
2018-10-23 18:31:22 (11480203791603) STATS - 135.7, 0
2018-10-23 18:31:22 (11480203807604) STATS - 135.8, 0
2018-10-23 18:31:22 (11480203824104) STATS - 135.9, 0
2018-10-23 18:31:22 (11480203842805) STATS - 136.0, 0
2018-10-23 18:31:22 (11480203859206) STATS - 136.1, 0
2018-10-23 18:31:22 (11480203875307) STATS - 136.2, 0
2018-10-23 18:31:22 (11480203891207) STATS - 136.3, 0
2018-10-23 18:31:22 (11480203907208) STATS - 136.4, 0
2018-10-23 18:31:22 (11480203923009) STATS - 136.5, 0
2018-10-23 18:31:22 (11480203939309) STATS - 136.6, 0
2018-10-23 18:31:22 (11480203955410) STATS - 136.7, 0
2018-10-23 18:31:22 (11480203973211) STATS - 136.8, 0
2018-10-23 18:31:22 (11480203989612) STATS - 136.9, 0
2018-10-23 18:31:22 (11480204021513) STATS - 137.0, 0
2018-10-23 18:31:22 (11480204041814) STATS - 137.1, 0
2018-10-23 18:31:22 (11480204058715) STATS - 137.2, 0
2018-10-23 18:31:22 (11480204076615) STATS - 137.3, 0
2018-10-23 18:31:22 (11480204093116) STATS - 137.4, 0
2018-10-23 18:31:22 (11480204109217) STATS - 137.5, 0
2018-10-23 18:31:22 (11480204125717) STATS - 137.6, 0
2018-10-23 18:31:22 (11480204142118) STATS - 137.7, 0
2018-10-23 18:31:22 (11480204158219) STATS - 137.8, 0
2018-10-23 18:31:22 (11480204174620) STATS - 137.9, 0
2018-10-23 18:31:22 (11480204191320) STATS - 138.0, 0
2018-10-23 18:31:22 (11480204212621) STATS - 138.1, 0
2018-10-23 18:31:22 (11480204229322) STATS - 138.2, 0
2018-10-23 18:31:22 (11480204245623) STATS - 138.3, 0
2018-10-23 18:31:22 (11480204263823) STATS - 138.4, 0
2018-10-23 18:31:22 (11480204280424) STATS - 138.5, 0
2018-10-23 18:31:22 (11480204296925) STATS - 138.6, 0
2018-10-23 18:31:22 (11480204313426) STATS - 138.7, 0
2018-10-23 18:31:22 (11480211090718) STATS - 138.8, 0
2018-10-23 18:31:22 (11480211119319) STATS - 138.9, 0
2018-10-23 18:31:22 (11480211140320) STATS - 139.0, 0
2018-10-23 18:31:22 (11480211165421) STATS - 139.1, 0
2018-10-23 18:31:22 (11480211199423) STATS - 139.2, 0
2018-10-23 18:31:22 (11480211219524) STATS - 139.3, 0
2018-10-23 18:31:22 (11480211236724) STATS - 139.4, 0
2018-10-23 18:31:22 (11480211253125) STATS - 139.5, 0
2018-10-23 18:31:22 (11480211269826) STATS - 139.6, 0
2018-10-23 18:31:22 (11480211288226) STATS - 139.7, 0
2018-10-23 18:31:22 (11480211305527) STATS - 139.8, 0
2018-10-23 18:31:22 (11480211322428) STATS - 139.9, 0
2018-10-23 18:31:22 (11480211341229) STATS - 140.0, 0
2018-10-23 18:31:22 (11480211360430) STATS - 140.1, 0
2018-10-23 18:31:22 (11480211377530) STATS - 140.2, 0
2018-10-23 18:31:22 (11480211393831) STATS - 140.3, 0
2018-10-23 18:31:22 (11480211410032) STATS - 140.4, 1
2018-10-23 18:31:22 (11480211475935) INFO  - END: Middleware stopped.
