2018-10-23 17:26:48 (7606721342884) INFO  - START: Middleware listening on address 10.0.0.7:8888.
2018-10-23 17:28:13 (7691186673333) STATS -  5.00, 2230, 0, 0.343534, 1.392697, 1.859334, 1.859334, 0.000000, 0.000000, 11151, 0, 0, 0.00, 0.00, 0
2018-10-23 17:28:13 (7691362116198) STATS - 10.00, 2409, 0, 0.186458, 1.645827, 1.923304, 1.923304, 0.000000, 0.000000, 12047, 0, 0, 0.00, 0.00, 0
2018-10-23 17:28:13 (7691468503603) STATS - 15.00, 2700, 0, 0.180958, 1.190922, 1.457959, 1.457959, 0.000000, 0.000000, 13504, 0, 0, 0.00, 0.00, 0
2018-10-23 17:28:13 (7691537247350) STATS - 20.00, 2649, 0, 0.186075, 1.216763, 1.491024, 1.491024, 0.000000, 0.000000, 13249, 0, 0, 0.00, 0.00, 0
2018-10-23 17:28:13 (7691597628750) STATS - 25.00, 2661, 0, 0.184047, 1.194288, 1.495642, 1.495642, 0.000000, 0.000000, 13307, 0, 0, 0.00, 0.00, 0
2018-10-23 17:28:13 (7691647119499) STATS - 30.00, 2632, 0, 0.201804, 1.199406, 1.497029, 1.497029, 0.000000, 0.000000, 13161, 0, 0, 0.00, 0.00, 0
2018-10-23 17:28:13 (7691703419130) STATS - 35.00, 2651, 0, 0.189879, 1.197648, 1.481191, 1.481191, 0.000000, 0.000000, 13255, 0, 0, 0.00, 0.00, 0
2018-10-23 17:28:13 (7691752183349) STATS - 40.00, 2654, 0, 0.210496, 1.231289, 1.518824, 1.518824, 0.000000, 0.000000, 13272, 0, 0, 0.00, 0.00, 0
2018-10-23 17:28:13 (7691792892935) STATS - 45.00, 2709, 0, 0.203900, 1.172606, 1.458626, 1.458626, 0.000000, 0.000000, 13545, 0, 0, 0.00, 0.00, 0
2018-10-23 17:28:13 (7691831060515) STATS - 50.00, 2666, 0, 0.174196, 1.180917, 1.446938, 1.446938, 0.000000, 0.000000, 13332, 0, 0, 0.00, 0.00, 0
2018-10-23 17:28:13 (7691861751286) STATS - 55.00, 2687, 0, 0.203676, 1.177308, 1.474954, 1.474954, 0.000000, 0.000000, 13439, 0, 0, 0.00, 0.00, 0
2018-10-23 17:28:13 (7691899017629) STATS - 60.00, 2676, 0, 0.196409, 1.177501, 1.454668, 1.454668, 0.000000, 0.000000, 13380, 0, 0, 0.00, 0.00, 0
2018-10-23 17:28:13 (7691928307742) STATS - 65.00, 2669, 0, 0.184281, 1.185459, 1.452938, 1.452938, 0.000000, 0.000000, 13349, 0, 0, 0.00, 0.00, 0
2018-10-23 17:28:13 (7691957469750) STATS - 70.00, 2701, 0, 0.174350, 1.176277, 1.451186, 1.451186, 0.000000, 0.000000, 13509, 0, 0, 0.00, 0.00, 0
2018-10-23 17:28:13 (7691958878608) STATS - 70.00, 29, 0, 0.096283, 1.678326, 1.900419, 1.900419, 0.000000, 0.000000, 146, 0, 0, 0.00, 0.00, 0
2018-10-23 17:28:14 (7692275410014) STATS - Interval, Responses
2018-10-23 17:28:14 (7692275763429) STATS - 0.1, 0
2018-10-23 17:28:14 (7692275927835) STATS - 0.2, 0
2018-10-23 17:28:14 (7692276989379) STATS - 0.3, 0
2018-10-23 17:28:14 (7692280215413) STATS - 0.4, 10
2018-10-23 17:28:14 (7692280434522) STATS - 0.5, 1446
2018-10-23 17:28:14 (7692280616730) STATS - 0.6, 8234
2018-10-23 17:28:14 (7692280790737) STATS - 0.7, 16209
2018-10-23 17:28:14 (7692280990745) STATS - 0.8, 22501
2018-10-23 17:28:14 (7692281184353) STATS - 0.9, 25189
2018-10-23 17:28:14 (7692281361160) STATS - 1.0, 23921
2018-10-23 17:28:14 (7692281528867) STATS - 1.1, 19937
2018-10-23 17:28:14 (7692281721675) STATS - 1.2, 14404
2018-10-23 17:28:14 (7692281918083) STATS - 1.3, 10169
2018-10-23 17:28:14 (7692282113791) STATS - 1.4, 6881
2018-10-23 17:28:14 (7692282316100) STATS - 1.5, 4881
2018-10-23 17:28:14 (7692282505808) STATS - 1.6, 3381
2018-10-23 17:28:14 (7692282672515) STATS - 1.7, 2560
2018-10-23 17:28:14 (7692282834321) STATS - 1.8, 1943
2018-10-23 17:28:14 (7692289876113) STATS - 1.9, 1478
2018-10-23 17:28:14 (7692290049620) STATS - 2.0, 1153
2018-10-23 17:28:14 (7692290199826) STATS - 2.1, 853
2018-10-23 17:28:14 (7692290356233) STATS - 2.2, 714
2018-10-23 17:28:14 (7692290498439) STATS - 2.3, 546
2018-10-23 17:28:14 (7692290717948) STATS - 2.4, 498
2018-10-23 17:28:14 (7692290862854) STATS - 2.5, 430
2018-10-23 17:28:14 (7692291025960) STATS - 2.6, 405
2018-10-23 17:28:14 (7692291218268) STATS - 2.7, 350
2018-10-23 17:28:14 (7692291361974) STATS - 2.8, 310
2018-10-23 17:28:14 (7692291507580) STATS - 2.9, 214
2018-10-23 17:28:14 (7692291661687) STATS - 3.0, 235
2018-10-23 17:28:14 (7692291819993) STATS - 3.1, 236
2018-10-23 17:28:14 (7692291988900) STATS - 3.2, 185
2018-10-23 17:28:14 (7692292177908) STATS - 3.3, 192
2018-10-23 17:28:14 (7692292344915) STATS - 3.4, 155
2018-10-23 17:28:14 (7692292489421) STATS - 3.5, 160
2018-10-23 17:28:14 (7692299552814) STATS - 3.6, 121
2018-10-23 17:28:14 (7692299769523) STATS - 3.7, 123
2018-10-23 17:28:14 (7692299957930) STATS - 3.8, 123
2018-10-23 17:28:14 (7692300136638) STATS - 3.9, 123
2018-10-23 17:28:14 (7692300293644) STATS - 4.0, 105
2018-10-23 17:28:14 (7692300450751) STATS - 4.1, 116
2018-10-23 17:28:14 (7692300606757) STATS - 4.2, 87
2018-10-23 17:28:14 (7692300764964) STATS - 4.3, 123
2018-10-23 17:28:14 (7692300946971) STATS - 4.4, 119
2018-10-23 17:28:14 (7692301133479) STATS - 4.5, 105
2018-10-23 17:28:14 (7692301308786) STATS - 4.6, 116
2018-10-23 17:28:14 (7692301490394) STATS - 4.7, 129
2018-10-23 17:28:14 (7692301653201) STATS - 4.8, 119
2018-10-23 17:28:14 (7692301820907) STATS - 4.9, 118
2018-10-23 17:28:14 (7692301965513) STATS - 5.0, 113
2018-10-23 17:28:14 (7692302119420) STATS - 5.1, 123
2018-10-23 17:28:14 (7692309090408) STATS - 5.2, 101
2018-10-23 17:28:14 (7692309310518) STATS - 5.3, 97
2018-10-23 17:28:14 (7692309443123) STATS - 5.4, 95
2018-10-23 17:28:14 (7692309576229) STATS - 5.5, 88
2018-10-23 17:28:14 (7692309731535) STATS - 5.6, 104
2018-10-23 17:28:14 (7692309899542) STATS - 5.7, 123
2018-10-23 17:28:14 (7692310046648) STATS - 5.8, 101
2018-10-23 17:28:14 (7692310178153) STATS - 5.9, 90
2018-10-23 17:28:14 (7692310325860) STATS - 6.0, 126
2018-10-23 17:28:14 (7692310497067) STATS - 6.1, 113
2018-10-23 17:28:14 (7692310626072) STATS - 6.2, 152
2018-10-23 17:28:14 (7692310769278) STATS - 6.3, 151
2018-10-23 17:28:14 (7692310894483) STATS - 6.4, 179
2018-10-23 17:28:14 (7692311024089) STATS - 6.5, 194
2018-10-23 17:28:14 (7692311161394) STATS - 6.6, 249
2018-10-23 17:28:14 (7692311308900) STATS - 6.7, 262
2018-10-23 17:28:14 (7692311467707) STATS - 6.8, 328
2018-10-23 17:28:14 (7692311673815) STATS - 6.9, 410
2018-10-23 17:28:14 (7692311840422) STATS - 7.0, 487
2018-10-23 17:28:14 (7692318865813) STATS - 7.1, 610
2018-10-23 17:28:14 (7692319043021) STATS - 7.2, 742
2018-10-23 17:28:14 (7692319193427) STATS - 7.3, 708
2018-10-23 17:28:14 (7692319336733) STATS - 7.4, 681
2018-10-23 17:28:14 (7692319498439) STATS - 7.5, 667
2018-10-23 17:28:14 (7692319635545) STATS - 7.6, 678
2018-10-23 17:28:14 (7692319763050) STATS - 7.7, 664
2018-10-23 17:28:14 (7692319913957) STATS - 7.8, 590
2018-10-23 17:28:14 (7692320075563) STATS - 7.9, 493
2018-10-23 17:28:14 (7692320204069) STATS - 8.0, 415
2018-10-23 17:28:14 (7692320378176) STATS - 8.1, 371
2018-10-23 17:28:14 (7692320504981) STATS - 8.2, 290
2018-10-23 17:28:14 (7692320623286) STATS - 8.3, 182
2018-10-23 17:28:14 (7692320750691) STATS - 8.4, 125
2018-10-23 17:28:14 (7692320879097) STATS - 8.5, 87
2018-10-23 17:28:14 (7692321020902) STATS - 8.6, 66
2018-10-23 17:28:14 (7692321133307) STATS - 8.7, 63
2018-10-23 17:28:14 (7692321243912) STATS - 8.8, 34
2018-10-23 17:28:14 (7692321356416) STATS - 8.9, 31
2018-10-23 17:28:14 (7692321465921) STATS - 9.0, 32
2018-10-23 17:28:14 (7692321590226) STATS - 9.1, 29
2018-10-23 17:28:14 (7692328666619) STATS - 9.2, 32
2018-10-23 17:28:14 (7692328839926) STATS - 9.3, 33
2018-10-23 17:28:14 (7692328969932) STATS - 9.4, 22
2018-10-23 17:28:14 (7692329100537) STATS - 9.5, 29
2018-10-23 17:28:14 (7692329231342) STATS - 9.6, 63
2018-10-23 17:28:14 (7692329417150) STATS - 9.7, 82
2018-10-23 17:28:14 (7692329553056) STATS - 9.8, 103
2018-10-23 17:28:14 (7692329687361) STATS - 9.9, 151
2018-10-23 17:28:14 (7692329825867) STATS - 10.0, 44
2018-10-23 17:28:14 (7692329955472) STATS - 10.1, 19
2018-10-23 17:28:14 (7692330090578) STATS - 10.2, 22
2018-10-23 17:28:14 (7692330273686) STATS - 10.3, 10
2018-10-23 17:28:14 (7692330410191) STATS - 10.4, 9
2018-10-23 17:28:14 (7692330538397) STATS - 10.5, 7
2018-10-23 17:28:14 (7692330693703) STATS - 10.6, 8
2018-10-23 17:28:14 (7692330851309) STATS - 10.7, 4
2018-10-23 17:28:14 (7692331019516) STATS - 10.8, 8
2018-10-23 17:28:14 (7692331224625) STATS - 10.9, 6
2018-10-23 17:28:14 (7692331376931) STATS - 11.0, 8
2018-10-23 17:28:14 (7692338398922) STATS - 11.1, 2
2018-10-23 17:28:14 (7692339114652) STATS - 11.2, 4
2018-10-23 17:28:14 (7692339263558) STATS - 11.3, 6
2018-10-23 17:28:14 (7692339388763) STATS - 11.4, 2
2018-10-23 17:28:14 (7692339512868) STATS - 11.5, 4
2018-10-23 17:28:14 (7692339729477) STATS - 11.6, 2
2018-10-23 17:28:14 (7692340133994) STATS - 11.7, 4
2018-10-23 17:28:14 (7692340494609) STATS - 11.8, 4
2018-10-23 17:28:14 (7692340897725) STATS - 11.9, 5
2018-10-23 17:28:14 (7692341045232) STATS - 12.0, 3
2018-10-23 17:28:14 (7692341172237) STATS - 12.1, 3
2018-10-23 17:28:14 (7692341360645) STATS - 12.2, 11
2018-10-23 17:28:14 (7692341491550) STATS - 12.3, 9
2018-10-23 17:28:14 (7692341613255) STATS - 12.4, 2
2018-10-23 17:28:14 (7692341733660) STATS - 12.5, 2
2018-10-23 17:28:14 (7692341851865) STATS - 12.6, 0
2018-10-23 17:28:14 (7692348114824) STATS - 12.7, 2
2018-10-23 17:28:14 (7692348265230) STATS - 12.8, 1
2018-10-23 17:28:14 (7692348384435) STATS - 12.9, 4
2018-10-23 17:28:14 (7692348499940) STATS - 13.0, 5
2018-10-23 17:28:14 (7692348615345) STATS - 13.1, 3
2018-10-23 17:28:14 (7692348757951) STATS - 13.2, 1
2018-10-23 17:28:14 (7692348898357) STATS - 13.3, 2
2018-10-23 17:28:14 (7692349016762) STATS - 13.4, 3
2018-10-23 17:28:14 (7692349131066) STATS - 13.5, 5
2018-10-23 17:28:14 (7692349244471) STATS - 13.6, 7
2018-10-23 17:28:14 (7692349362576) STATS - 13.7, 6
2018-10-23 17:28:14 (7692349474681) STATS - 13.8, 5
2018-10-23 17:28:14 (7692349586285) STATS - 13.9, 3
2018-10-23 17:28:14 (7692349695690) STATS - 14.0, 0
2018-10-23 17:28:14 (7692349807494) STATS - 14.1, 2
2018-10-23 17:28:14 (7692349924899) STATS - 14.2, 3
2018-10-23 17:28:14 (7692350038804) STATS - 14.3, 1
2018-10-23 17:28:14 (7692350152809) STATS - 14.4, 1
2018-10-23 17:28:14 (7692350267213) STATS - 14.5, 0
2018-10-23 17:28:14 (7692350380718) STATS - 14.6, 0
2018-10-23 17:28:14 (7692350493523) STATS - 14.7, 0
2018-10-23 17:28:14 (7692350606027) STATS - 14.8, 1
2018-10-23 17:28:14 (7692350722132) STATS - 14.9, 3
2018-10-23 17:28:14 (7692350831637) STATS - 15.0, 3
2018-10-23 17:28:14 (7692357760424) STATS - 15.1, 3
2018-10-23 17:28:14 (7692357956932) STATS - 15.2, 3
2018-10-23 17:28:14 (7692358081537) STATS - 15.3, 2
2018-10-23 17:28:14 (7692358195642) STATS - 15.4, 4
2018-10-23 17:28:14 (7692358861569) STATS - 15.5, 0
2018-10-23 17:28:14 (7692359007175) STATS - 15.6, 2
2018-10-23 17:28:14 (7692359132980) STATS - 15.7, 1
2018-10-23 17:28:14 (7692359250885) STATS - 15.8, 0
2018-10-23 17:28:14 (7692359401192) STATS - 15.9, 3
2018-10-23 17:28:14 (7692359514096) STATS - 16.0, 2
2018-10-23 17:28:14 (7692359633401) STATS - 16.1, 4
2018-10-23 17:28:14 (7692359747206) STATS - 16.2, 4
2018-10-23 17:28:14 (7692359861211) STATS - 16.3, 2
2018-10-23 17:28:14 (7692359978315) STATS - 16.4, 2
2018-10-23 17:28:14 (7692360097520) STATS - 16.5, 1
2018-10-23 17:28:14 (7692360209325) STATS - 16.6, 1
2018-10-23 17:28:14 (7692360321730) STATS - 16.7, 2
2018-10-23 17:28:14 (7692360442135) STATS - 16.8, 0
2018-10-23 17:28:14 (7692360554139) STATS - 16.9, 0
2018-10-23 17:28:14 (7692360667444) STATS - 17.0, 1
2018-10-23 17:28:14 (7692367423124) STATS - 17.1, 3
2018-10-23 17:28:14 (7692367589731) STATS - 17.2, 0
2018-10-23 17:28:14 (7692367709336) STATS - 17.3, 0
2018-10-23 17:28:14 (7692367846741) STATS - 17.4, 1
2018-10-23 17:28:14 (7692367958146) STATS - 17.5, 2
2018-10-23 17:28:14 (7692368110452) STATS - 17.6, 0
2018-10-23 17:28:14 (7692368215557) STATS - 17.7, 1
2018-10-23 17:28:14 (7692368317961) STATS - 17.8, 1
2018-10-23 17:28:14 (7692368418665) STATS - 17.9, 1
2018-10-23 17:28:14 (7692368517769) STATS - 18.0, 1
2018-10-23 17:28:14 (7692368620373) STATS - 18.1, 1
2018-10-23 17:28:14 (7692368722378) STATS - 18.2, 4
2018-10-23 17:28:14 (7692369054891) STATS - 18.3, 4
2018-10-23 17:28:14 (7692369163196) STATS - 18.4, 0
2018-10-23 17:28:14 (7692369266700) STATS - 18.5, 2
2018-10-23 17:28:14 (7692369370204) STATS - 18.6, 1
2018-10-23 17:28:14 (7692369472109) STATS - 18.7, 0
2018-10-23 17:28:14 (7692369600314) STATS - 18.8, 0
2018-10-23 17:28:14 (7692369708318) STATS - 18.9, 3
2018-10-23 17:28:14 (7692369808222) STATS - 19.0, 1
2018-10-23 17:28:14 (7692370466150) STATS - 19.1, 0
2018-10-23 17:28:14 (7692370924069) STATS - 19.2, 0
2018-10-23 17:28:14 (7692371027473) STATS - 19.3, 0
2018-10-23 17:28:14 (7692377380536) STATS - 19.4, 3
2018-10-23 17:28:14 (7692377512841) STATS - 19.5, 3
2018-10-23 17:28:14 (7692377628546) STATS - 19.6, 4
2018-10-23 17:28:14 (7692377742251) STATS - 19.7, 0
2018-10-23 17:28:14 (7692377914958) STATS - 19.8, 0
2018-10-23 17:28:14 (7692378031863) STATS - 19.9, 0
2018-10-23 17:28:14 (7692378161168) STATS - 20.0, 0
2018-10-23 17:28:14 (7692378273673) STATS - 20.1, 0
2018-10-23 17:28:14 (7692378385278) STATS - 20.2, 0
2018-10-23 17:28:14 (7692378496482) STATS - 20.3, 0
2018-10-23 17:28:14 (7692378661689) STATS - 20.4, 0
2018-10-23 17:28:14 (7692378790194) STATS - 20.5, 1
2018-10-23 17:28:14 (7692378902599) STATS - 20.6, 1
2018-10-23 17:28:14 (7692379013104) STATS - 20.7, 2
2018-10-23 17:28:14 (7692379129808) STATS - 20.8, 5
2018-10-23 17:28:14 (7692379239813) STATS - 20.9, 2
2018-10-23 17:28:14 (7692379345817) STATS - 21.0, 1
2018-10-23 17:28:14 (7692379453922) STATS - 21.1, 2
2018-10-23 17:28:14 (7692379611028) STATS - 21.2, 1
2018-10-23 17:28:14 (7692379785236) STATS - 21.3, 1
2018-10-23 17:28:14 (7692379904040) STATS - 21.4, 2
2018-10-23 17:28:14 (7692380041746) STATS - 21.5, 1
2018-10-23 17:28:14 (7692386940732) STATS - 21.6, 1
2018-10-23 17:28:14 (7692387106639) STATS - 21.7, 0
2018-10-23 17:28:14 (7692387253645) STATS - 21.8, 0
2018-10-23 17:28:14 (7692387370450) STATS - 21.9, 1
2018-10-23 17:28:14 (7692387476654) STATS - 22.0, 0
2018-10-23 17:28:14 (7692387749565) STATS - 22.1, 1
2018-10-23 17:28:14 (7692387879771) STATS - 22.2, 0
2018-10-23 17:28:14 (7692387994975) STATS - 22.3, 0
2018-10-23 17:28:14 (7692388128381) STATS - 22.4, 2
2018-10-23 17:28:14 (7692388239686) STATS - 22.5, 1
2018-10-23 17:28:14 (7692388364991) STATS - 22.6, 1
2018-10-23 17:28:14 (7692388514897) STATS - 22.7, 2
2018-10-23 17:28:14 (7692388657103) STATS - 22.8, 2
2018-10-23 17:28:14 (7692388766807) STATS - 22.9, 1
2018-10-23 17:28:14 (7692388870012) STATS - 23.0, 0
2018-10-23 17:28:14 (7692388976116) STATS - 23.1, 2
2018-10-23 17:28:14 (7692389148723) STATS - 23.2, 0
2018-10-23 17:28:14 (7692389256728) STATS - 23.3, 0
2018-10-23 17:28:14 (7692389392233) STATS - 23.4, 0
2018-10-23 17:28:14 (7692389500438) STATS - 23.5, 0
2018-10-23 17:28:14 (7692389633343) STATS - 23.6, 0
2018-10-23 17:28:14 (7692396779739) STATS - 23.7, 1
2018-10-23 17:28:14 (7692396923245) STATS - 23.8, 2
2018-10-23 17:28:14 (7692397063151) STATS - 23.9, 2
2018-10-23 17:28:14 (7692397227858) STATS - 24.0, 1
2018-10-23 17:28:14 (7692397409765) STATS - 24.1, 1
2018-10-23 17:28:14 (7692397525570) STATS - 24.2, 1
2018-10-23 17:28:14 (7692397634075) STATS - 24.3, 3
2018-10-23 17:28:14 (7692397741279) STATS - 24.4, 4
2018-10-23 17:28:14 (7692397847583) STATS - 24.5, 1
2018-10-23 17:28:14 (7692397959888) STATS - 24.6, 2
2018-10-23 17:28:14 (7692398071193) STATS - 24.7, 1
2018-10-23 17:28:14 (7692398177097) STATS - 24.8, 2
2018-10-23 17:28:14 (7692398282301) STATS - 24.9, 0
2018-10-23 17:28:14 (7692398382906) STATS - 25.0, 0
2018-10-23 17:28:14 (7692398486610) STATS - 25.1, 0
2018-10-23 17:28:14 (7692398592014) STATS - 25.2, 0
2018-10-23 17:28:14 (7692398698319) STATS - 25.3, 1
2018-10-23 17:28:14 (7692398804823) STATS - 25.4, 0
2018-10-23 17:28:14 (7692398916028) STATS - 25.5, 0
2018-10-23 17:28:14 (7692399026732) STATS - 25.6, 0
2018-10-23 17:28:14 (7692399136237) STATS - 25.7, 0
2018-10-23 17:28:14 (7692399243341) STATS - 25.8, 1
2018-10-23 17:28:14 (7692399391847) STATS - 25.9, 1
2018-10-23 17:28:14 (7692406369236) STATS - 26.0, 0
2018-10-23 17:28:14 (7692406505142) STATS - 26.1, 0
2018-10-23 17:28:14 (7692406603146) STATS - 26.2, 0
2018-10-23 17:28:14 (7692406698350) STATS - 26.3, 0
2018-10-23 17:28:14 (7692406802254) STATS - 26.4, 0
2018-10-23 17:28:14 (7692406896958) STATS - 26.5, 0
2018-10-23 17:28:14 (7692406990262) STATS - 26.6, 0
2018-10-23 17:28:14 (7692407086566) STATS - 26.7, 0
2018-10-23 17:28:14 (7692407179370) STATS - 26.8, 0
2018-10-23 17:28:14 (7692407311475) STATS - 26.9, 0
2018-10-23 17:28:14 (7692407412279) STATS - 27.0, 0
2018-10-23 17:28:14 (7692407506483) STATS - 27.1, 0
2018-10-23 17:28:14 (7692407602187) STATS - 27.2, 0
2018-10-23 17:28:14 (7692407697691) STATS - 27.3, 0
2018-10-23 17:28:14 (7692407794895) STATS - 27.4, 0
2018-10-23 17:28:14 (7692407889499) STATS - 27.5, 0
2018-10-23 17:28:14 (7692407984503) STATS - 27.6, 0
2018-10-23 17:28:14 (7692408101408) STATS - 27.7, 0
2018-10-23 17:28:14 (7692408196112) STATS - 27.8, 0
2018-10-23 17:28:14 (7692408291216) STATS - 27.9, 0
2018-10-23 17:28:14 (7692408383820) STATS - 28.0, 0
2018-10-23 17:28:14 (7692408477224) STATS - 28.1, 0
2018-10-23 17:28:14 (7692408573228) STATS - 28.2, 1
2018-10-23 17:28:14 (7692408763135) STATS - 28.3, 0
2018-10-23 17:28:14 (7692408861539) STATS - 28.4, 0
2018-10-23 17:28:14 (7692408948443) STATS - 28.5, 0
2018-10-23 17:28:14 (7692409033847) STATS - 28.6, 0
2018-10-23 17:28:14 (7692409122950) STATS - 28.7, 0
2018-10-23 17:28:14 (7692416097839) STATS - 28.8, 0
2018-10-23 17:28:14 (7692416255146) STATS - 28.9, 0
2018-10-23 17:28:14 (7692416340549) STATS - 29.0, 0
2018-10-23 17:28:14 (7692416432253) STATS - 29.1, 0
2018-10-23 17:28:14 (7692416519157) STATS - 29.2, 0
2018-10-23 17:28:14 (7692416667563) STATS - 29.3, 0
2018-10-23 17:28:14 (7692416767467) STATS - 29.4, 0
2018-10-23 17:28:14 (7692416857371) STATS - 29.5, 0
2018-10-23 17:28:14 (7692416950874) STATS - 29.6, 0
2018-10-23 17:28:14 (7692417043778) STATS - 29.7, 0
2018-10-23 17:28:14 (7692417131482) STATS - 29.8, 1
2018-10-23 17:28:14 (7692417214085) STATS - 29.9, 0
2018-10-23 17:28:14 (7692417295889) STATS - 30.0, 0
2018-10-23 17:28:14 (7692417389093) STATS - 30.1, 2
2018-10-23 17:28:14 (7692417470896) STATS - 30.2, 0
2018-10-23 17:28:14 (7692417602101) STATS - 30.3, 1
2018-10-23 17:28:14 (7692417693105) STATS - 30.4, 0
2018-10-23 17:28:14 (7692417774709) STATS - 30.5, 1
2018-10-23 17:28:14 (7692417854712) STATS - 30.6, 2
2018-10-23 17:28:14 (7692417933715) STATS - 30.7, 1
2018-10-23 17:28:14 (7692418729448) STATS - 30.8, 0
2018-10-23 17:28:14 (7692418814952) STATS - 30.9, 0
2018-10-23 17:28:14 (7692419187267) STATS - 31.0, 0
2018-10-23 17:28:14 (7692419286771) STATS - 31.1, 0
2018-10-23 17:28:14 (7692419366674) STATS - 31.2, 0
2018-10-23 17:28:14 (7692419465679) STATS - 31.3, 0
2018-10-23 17:28:14 (7692425677036) STATS - 31.4, 0
2018-10-23 17:28:14 (7692425820042) STATS - 31.5, 0
2018-10-23 17:28:14 (7692425904745) STATS - 31.6, 0
2018-10-23 17:28:14 (7692425983248) STATS - 31.7, 0
2018-10-23 17:28:14 (7692426060852) STATS - 31.8, 0
2018-10-23 17:28:14 (7692426139355) STATS - 31.9, 0
2018-10-23 17:28:14 (7692426224058) STATS - 32.0, 0
2018-10-23 17:28:14 (7692426312662) STATS - 32.1, 0
2018-10-23 17:28:14 (7692426387865) STATS - 32.2, 0
2018-10-23 17:28:14 (7692426467968) STATS - 32.3, 0
2018-10-23 17:28:14 (7692426543972) STATS - 32.4, 0
2018-10-23 17:28:14 (7692426629275) STATS - 32.5, 0
2018-10-23 17:28:14 (7692426758580) STATS - 32.6, 0
2018-10-23 17:28:14 (7692426834684) STATS - 32.7, 0
2018-10-23 17:28:14 (7692426908787) STATS - 32.8, 0
2018-10-23 17:28:14 (7692426982690) STATS - 32.9, 0
2018-10-23 17:28:14 (7692427054093) STATS - 33.0, 0
2018-10-23 17:28:14 (7692427128396) STATS - 33.1, 0
2018-10-23 17:28:14 (7692427201499) STATS - 33.2, 0
2018-10-23 17:28:14 (7692427276002) STATS - 33.3, 0
2018-10-23 17:28:14 (7692427368606) STATS - 33.4, 0
2018-10-23 17:28:14 (7692427442909) STATS - 33.5, 0
2018-10-23 17:28:14 (7692427516212) STATS - 33.6, 0
2018-10-23 17:28:14 (7692427589815) STATS - 33.7, 2
2018-10-23 17:28:14 (7692427663518) STATS - 33.8, 0
2018-10-23 17:28:14 (7692427736521) STATS - 33.9, 2
2018-10-23 17:28:14 (7692427806524) STATS - 34.0, 2
2018-10-23 17:28:14 (7692427878527) STATS - 34.1, 1
2018-10-23 17:28:14 (7692427981731) STATS - 34.2, 1
2018-10-23 17:28:14 (7692428072535) STATS - 34.3, 0
2018-10-23 17:28:14 (7692428145838) STATS - 34.4, 0
2018-10-23 17:28:14 (7692428248442) STATS - 34.5, 0
2018-10-23 17:28:14 (7692428338146) STATS - 34.6, 0
2018-10-23 17:28:14 (7692428413549) STATS - 34.7, 1
2018-10-23 17:28:14 (7692428507753) STATS - 34.8, 1
2018-10-23 17:28:14 (7692435496242) STATS - 34.9, 0
2018-10-23 17:28:14 (7692435604947) STATS - 35.0, 0
2018-10-23 17:28:14 (7692435689150) STATS - 35.1, 0
2018-10-23 17:28:14 (7692435795355) STATS - 35.2, 0
2018-10-23 17:28:14 (7692435879658) STATS - 35.3, 1
2018-10-23 17:28:14 (7692435964462) STATS - 35.4, 0
2018-10-23 17:28:14 (7692436092767) STATS - 35.5, 0
2018-10-23 17:28:14 (7692436178771) STATS - 35.6, 0
2018-10-23 17:28:14 (7692436257974) STATS - 35.7, 0
2018-10-23 17:28:14 (7692436338377) STATS - 35.8, 0
2018-10-23 17:28:14 (7692436442781) STATS - 35.9, 0
2018-10-23 17:28:14 (7692436521985) STATS - 36.0, 0
2018-10-23 17:28:14 (7692436601388) STATS - 36.1, 0
2018-10-23 17:28:14 (7692436744494) STATS - 36.2, 0
2018-10-23 17:28:14 (7692436827697) STATS - 36.3, 1
2018-10-23 17:28:14 (7692436931502) STATS - 36.4, 0
2018-10-23 17:28:14 (7692437056807) STATS - 36.5, 0
2018-10-23 17:28:14 (7692437140310) STATS - 36.6, 0
2018-10-23 17:28:14 (7692437289617) STATS - 36.7, 0
2018-10-23 17:28:14 (7692437435623) STATS - 36.8, 0
2018-10-23 17:28:14 (7692437519426) STATS - 36.9, 0
2018-10-23 17:28:14 (7692437595429) STATS - 37.0, 0
2018-10-23 17:28:14 (7692437672232) STATS - 37.1, 0
2018-10-23 17:28:14 (7692437747936) STATS - 37.2, 0
2018-10-23 17:28:14 (7692438428264) STATS - 37.3, 0
2018-10-23 17:28:14 (7692438548669) STATS - 37.4, 0
2018-10-23 17:28:14 (7692438636272) STATS - 37.5, 0
2018-10-23 17:28:14 (7692444499315) STATS - 37.6, 0
2018-10-23 17:28:14 (7692444612620) STATS - 37.7, 0
2018-10-23 17:28:14 (7692444695323) STATS - 37.8, 0
2018-10-23 17:28:14 (7692444778927) STATS - 37.9, 0
2018-10-23 17:28:14 (7692444858030) STATS - 38.0, 0
2018-10-23 17:28:14 (7692444936233) STATS - 38.1, 0
2018-10-23 17:28:14 (7692445014836) STATS - 38.2, 0
2018-10-23 17:28:14 (7692445144342) STATS - 38.3, 0
2018-10-23 17:28:14 (7692445225845) STATS - 38.4, 0
2018-10-23 17:28:14 (7692445306348) STATS - 38.5, 0
2018-10-23 17:28:14 (7692445380752) STATS - 38.6, 0
2018-10-23 17:28:14 (7692445454555) STATS - 38.7, 0
2018-10-23 17:28:14 (7692445527658) STATS - 38.8, 0
2018-10-23 17:28:14 (7692445601461) STATS - 38.9, 0
2018-10-23 17:28:14 (7692445671464) STATS - 39.0, 0
2018-10-23 17:28:14 (7692445762667) STATS - 39.1, 0
2018-10-23 17:28:14 (7692445836570) STATS - 39.2, 0
2018-10-23 17:28:14 (7692445911974) STATS - 39.3, 0
2018-10-23 17:28:14 (7692445984677) STATS - 39.4, 0
2018-10-23 17:28:14 (7692446057680) STATS - 39.5, 0
2018-10-23 17:28:14 (7692446128382) STATS - 39.6, 0
2018-10-23 17:28:14 (7692446198785) STATS - 39.7, 0
2018-10-23 17:28:14 (7692446304790) STATS - 39.8, 0
2018-10-23 17:28:14 (7692446376993) STATS - 39.9, 0
2018-10-23 17:28:14 (7692446445996) STATS - 40.0, 0
2018-10-23 17:28:14 (7692446517099) STATS - 40.1, 0
2018-10-23 17:28:14 (7692446587201) STATS - 40.2, 0
2018-10-23 17:28:14 (7692446657304) STATS - 40.3, 0
2018-10-23 17:28:14 (7692446727607) STATS - 40.4, 0
2018-10-23 17:28:14 (7692446800310) STATS - 40.5, 0
2018-10-23 17:28:14 (7692446890414) STATS - 40.6, 0
2018-10-23 17:28:14 (7692446961017) STATS - 40.7, 0
2018-10-23 17:28:14 (7692447029620) STATS - 40.8, 0
2018-10-23 17:28:14 (7692447098123) STATS - 40.9, 0
2018-10-23 17:28:14 (7692453583391) STATS - 41.0, 0
2018-10-23 17:28:14 (7692453696996) STATS - 41.1, 0
2018-10-23 17:28:14 (7692453771799) STATS - 41.2, 0
2018-10-23 17:28:14 (7692453842902) STATS - 41.3, 0
2018-10-23 17:28:14 (7692453912605) STATS - 41.4, 0
2018-10-23 17:28:14 (7692453982108) STATS - 41.5, 0
2018-10-23 17:28:14 (7692454091412) STATS - 41.6, 0
2018-10-23 17:28:14 (7692454162015) STATS - 41.7, 0
2018-10-23 17:28:14 (7692454231618) STATS - 41.8, 0
2018-10-23 17:28:14 (7692454302121) STATS - 41.9, 0
2018-10-23 17:28:14 (7692454367524) STATS - 42.0, 0
2018-10-23 17:28:14 (7692454434126) STATS - 42.1, 0
2018-10-23 17:28:14 (7692454501729) STATS - 42.2, 0
2018-10-23 17:28:14 (7692454572032) STATS - 42.3, 0
2018-10-23 17:28:14 (7692454640335) STATS - 42.4, 0
2018-10-23 17:28:14 (7692454709638) STATS - 42.5, 0
2018-10-23 17:28:14 (7692454777341) STATS - 42.6, 0
2018-10-23 17:28:14 (7692454916446) STATS - 42.7, 0
2018-10-23 17:28:14 (7692454994050) STATS - 42.8, 0
2018-10-23 17:28:14 (7692455118655) STATS - 42.9, 0
2018-10-23 17:28:14 (7692455185858) STATS - 43.0, 0
2018-10-23 17:28:14 (7692455253260) STATS - 43.1, 0
2018-10-23 17:28:14 (7692455329863) STATS - 43.2, 0
2018-10-23 17:28:14 (7692455400266) STATS - 43.3, 0
2018-10-23 17:28:14 (7692455496770) STATS - 43.4, 0
2018-10-23 17:28:14 (7692455564673) STATS - 43.5, 0
2018-10-23 17:28:14 (7692455628776) STATS - 43.6, 0
2018-10-23 17:28:14 (7692455692679) STATS - 43.7, 0
2018-10-23 17:28:14 (7692455757081) STATS - 43.8, 0
2018-10-23 17:28:14 (7692455825384) STATS - 43.9, 0
2018-10-23 17:28:14 (7692455887287) STATS - 44.0, 0
2018-10-23 17:28:14 (7692455949389) STATS - 44.1, 0
2018-10-23 17:28:14 (7692456035793) STATS - 44.2, 0
2018-10-23 17:28:14 (7692456101995) STATS - 44.3, 0
2018-10-23 17:28:14 (7692456163298) STATS - 44.4, 0
2018-10-23 17:28:14 (7692462648367) STATS - 44.5, 0
2018-10-23 17:28:14 (7692462742270) STATS - 44.6, 0
2018-10-23 17:28:14 (7692462808473) STATS - 44.7, 0
2018-10-23 17:28:14 (7692462872576) STATS - 44.8, 0
2018-10-23 17:28:14 (7692462936978) STATS - 44.9, 0
2018-10-23 17:28:14 (7692462995081) STATS - 45.0, 0
2018-10-23 17:28:14 (7692463056983) STATS - 45.1, 0
2018-10-23 17:28:14 (7692463117686) STATS - 45.2, 0
2018-10-23 17:28:14 (7692463186289) STATS - 45.3, 0
2018-10-23 17:28:14 (7692463248991) STATS - 45.4, 0
2018-10-23 17:28:14 (7692463310494) STATS - 45.5, 0
2018-10-23 17:28:14 (7692463372096) STATS - 45.6, 0
2018-10-23 17:28:14 (7692463432899) STATS - 45.7, 0
2018-10-23 17:28:14 (7692463495202) STATS - 45.8, 0
2018-10-23 17:28:14 (7692463560704) STATS - 45.9, 0
2018-10-23 17:28:14 (7692463807014) STATS - 46.0, 0
2018-10-23 17:28:14 (7692463872017) STATS - 46.1, 0
2018-10-23 17:28:14 (7692463935620) STATS - 46.2, 0
2018-10-23 17:28:14 (7692463998322) STATS - 46.3, 0
2018-10-23 17:28:14 (7692464080826) STATS - 46.4, 0
2018-10-23 17:28:14 (7692464142428) STATS - 46.5, 0
2018-10-23 17:28:14 (7692464203231) STATS - 46.6, 0
2018-10-23 17:28:14 (7692464263833) STATS - 46.7, 0
2018-10-23 17:28:14 (7692464327436) STATS - 46.8, 0
2018-10-23 17:28:14 (7692464422540) STATS - 46.9, 0
2018-10-23 17:28:14 (7692464498643) STATS - 47.0, 0
2018-10-23 17:28:14 (7692464562646) STATS - 47.1, 0
2018-10-23 17:28:14 (7692464624348) STATS - 47.2, 0
2018-10-23 17:28:14 (7692464685151) STATS - 47.3, 0
2018-10-23 17:28:14 (7692464779355) STATS - 47.4, 0
2018-10-23 17:28:14 (7692464874659) STATS - 47.5, 0
2018-10-23 17:28:14 (7692464943162) STATS - 47.6, 0
2018-10-23 17:28:14 (7692465003264) STATS - 47.7, 0
2018-10-23 17:28:14 (7692465099968) STATS - 47.8, 0
2018-10-23 17:28:14 (7692465167271) STATS - 47.9, 0
2018-10-23 17:28:14 (7692465223473) STATS - 48.0, 0
2018-10-23 17:28:14 (7692465281076) STATS - 48.1, 0
2018-10-23 17:28:14 (7692465337578) STATS - 48.2, 0
2018-10-23 17:28:14 (7692471764044) STATS - 48.3, 0
2018-10-23 17:28:14 (7692471921550) STATS - 48.4, 0
2018-10-23 17:28:14 (7692471988153) STATS - 48.5, 0
2018-10-23 17:28:14 (7692472067757) STATS - 48.6, 0
2018-10-23 17:28:14 (7692472127859) STATS - 48.7, 0
2018-10-23 17:28:14 (7692472271965) STATS - 48.8, 0
2018-10-23 17:28:14 (7692472345168) STATS - 48.9, 0
2018-10-23 17:28:14 (7692472400070) STATS - 49.0, 0
2018-10-23 17:28:14 (7692472454973) STATS - 49.1, 0
2018-10-23 17:28:14 (7692472542276) STATS - 49.2, 0
2018-10-23 17:28:14 (7692472628480) STATS - 49.3, 0
2018-10-23 17:28:14 (7692472717283) STATS - 49.4, 0
2018-10-23 17:28:14 (7692472895091) STATS - 49.5, 0
2018-10-23 17:28:14 (7692473027196) STATS - 49.6, 0
2018-10-23 17:28:14 (7692473106800) STATS - 49.7, 0
2018-10-23 17:28:14 (7692473166402) STATS - 49.8, 0
2018-10-23 17:28:14 (7692473223804) STATS - 49.9, 0
2018-10-23 17:28:14 (7692473279707) STATS - 50.0, 0
2018-10-23 17:28:14 (7692473349010) STATS - 50.1, 0
2018-10-23 17:28:14 (7692473408812) STATS - 50.2, 0
2018-10-23 17:28:14 (7692473465714) STATS - 50.3, 0
2018-10-23 17:28:14 (7692473521717) STATS - 50.4, 0
2018-10-23 17:28:14 (7692473577719) STATS - 50.5, 0
2018-10-23 17:28:14 (7692473633121) STATS - 50.6, 0
2018-10-23 17:28:14 (7692473688824) STATS - 50.7, 0
2018-10-23 17:28:14 (7692473747326) STATS - 50.8, 0
2018-10-23 17:28:14 (7692473810729) STATS - 50.9, 0
2018-10-23 17:28:14 (7692473864031) STATS - 51.0, 0
2018-10-23 17:28:14 (7692473945734) STATS - 51.1, 0
2018-10-23 17:28:14 (7692474026338) STATS - 51.2, 0
2018-10-23 17:28:14 (7692474087840) STATS - 51.3, 0
2018-10-23 17:28:14 (7692474146343) STATS - 51.4, 0
2018-10-23 17:28:14 (7692474202945) STATS - 51.5, 0
2018-10-23 17:28:14 (7692474259147) STATS - 51.6, 0
2018-10-23 17:28:14 (7692474314650) STATS - 51.7, 0
2018-10-23 17:28:14 (7692474370652) STATS - 51.8, 0
2018-10-23 17:28:14 (7692474426154) STATS - 51.9, 0
2018-10-23 17:28:14 (7692474482757) STATS - 52.0, 0
2018-10-23 17:28:14 (7692474539759) STATS - 52.1, 0
2018-10-23 17:28:14 (7692481071929) STATS - 52.2, 0
2018-10-23 17:28:14 (7692481141232) STATS - 52.3, 0
2018-10-23 17:28:14 (7692481197335) STATS - 52.4, 0
2018-10-23 17:28:14 (7692481251837) STATS - 52.5, 0
2018-10-23 17:28:14 (7692481309139) STATS - 52.6, 0
2018-10-23 17:28:14 (7692481364941) STATS - 52.7, 0
2018-10-23 17:28:14 (7692481417244) STATS - 52.8, 0
2018-10-23 17:28:14 (7692481470846) STATS - 52.9, 0
2018-10-23 17:28:14 (7692481520848) STATS - 53.0, 0
2018-10-23 17:28:14 (7692481571650) STATS - 53.1, 0
2018-10-23 17:28:14 (7692481622552) STATS - 53.2, 0
2018-10-23 17:28:14 (7692481678354) STATS - 53.3, 0
2018-10-23 17:28:14 (7692481730957) STATS - 53.4, 0
2018-10-23 17:28:14 (7692481782859) STATS - 53.5, 0
2018-10-23 17:28:14 (7692481834261) STATS - 53.6, 0
2018-10-23 17:28:14 (7692481890963) STATS - 53.7, 0
2018-10-23 17:28:14 (7692481942765) STATS - 53.8, 0
2018-10-23 17:28:14 (7692481994868) STATS - 53.9, 0
2018-10-23 17:28:14 (7692482130573) STATS - 54.0, 0
2018-10-23 17:28:14 (7692482188176) STATS - 54.1, 0
2018-10-23 17:28:14 (7692482241178) STATS - 54.2, 0
2018-10-23 17:28:14 (7692482296680) STATS - 54.3, 0
2018-10-23 17:28:14 (7692482352082) STATS - 54.4, 0
2018-10-23 17:28:14 (7692482405085) STATS - 54.5, 0
2018-10-23 17:28:14 (7692482457887) STATS - 54.6, 0
2018-10-23 17:28:14 (7692482550891) STATS - 54.7, 0
2018-10-23 17:28:14 (7692482677796) STATS - 54.8, 0
2018-10-23 17:28:14 (7692482795501) STATS - 54.9, 0
2018-10-23 17:28:14 (7692482853403) STATS - 55.0, 0
2018-10-23 17:28:14 (7692482905405) STATS - 55.1, 0
2018-10-23 17:28:14 (7692482957007) STATS - 55.2, 0
2018-10-23 17:28:14 (7692483124714) STATS - 55.3, 0
2018-10-23 17:28:14 (7692483189817) STATS - 55.4, 0
2018-10-23 17:28:14 (7692483242319) STATS - 55.5, 0
2018-10-23 17:28:14 (7692483293521) STATS - 55.6, 0
2018-10-23 17:28:14 (7692483463528) STATS - 55.7, 0
2018-10-23 17:28:14 (7692483521731) STATS - 55.8, 0
2018-10-23 17:28:14 (7692483804742) STATS - 55.9, 0
2018-10-23 17:28:14 (7692483908347) STATS - 56.0, 0
2018-10-23 17:28:14 (7692484017751) STATS - 56.1, 0
2018-10-23 17:28:14 (7692484078654) STATS - 56.2, 0
2018-10-23 17:28:14 (7692484131856) STATS - 56.3, 0
2018-10-23 17:28:14 (7692484183458) STATS - 56.4, 0
2018-10-23 17:28:14 (7692490184007) STATS - 56.5, 0
2018-10-23 17:28:14 (7692490267610) STATS - 56.6, 0
2018-10-23 17:28:14 (7692490314212) STATS - 56.7, 0
2018-10-23 17:28:14 (7692490360714) STATS - 56.8, 0
2018-10-23 17:28:14 (7692490404216) STATS - 56.9, 0
2018-10-23 17:28:14 (7692490443517) STATS - 57.0, 0
2018-10-23 17:28:14 (7692490485219) STATS - 57.1, 0
2018-10-23 17:28:14 (7692490525421) STATS - 57.2, 0
2018-10-23 17:28:14 (7692490566322) STATS - 57.3, 0
2018-10-23 17:28:14 (7692490606924) STATS - 57.4, 0
2018-10-23 17:28:14 (7692490647526) STATS - 57.5, 0
2018-10-23 17:28:14 (7692490691928) STATS - 57.6, 0
2018-10-23 17:28:14 (7692490732429) STATS - 57.7, 0
2018-10-23 17:28:14 (7692490772931) STATS - 57.8, 0
2018-10-23 17:28:14 (7692490818733) STATS - 57.9, 0
2018-10-23 17:28:14 (7692490862035) STATS - 58.0, 0
2018-10-23 17:28:14 (7692490902836) STATS - 58.1, 0
2018-10-23 17:28:14 (7692490943038) STATS - 58.2, 0
2018-10-23 17:28:14 (7692490983640) STATS - 58.3, 0
2018-10-23 17:28:14 (7692491062543) STATS - 58.4, 0
2018-10-23 17:28:14 (7692491106845) STATS - 58.5, 0
2018-10-23 17:28:14 (7692491147146) STATS - 58.6, 0
2018-10-23 17:28:14 (7692491187248) STATS - 58.7, 0
2018-10-23 17:28:14 (7692491227350) STATS - 58.8, 0
2018-10-23 17:28:14 (7692491267251) STATS - 58.9, 0
2018-10-23 17:28:14 (7692491305353) STATS - 59.0, 0
2018-10-23 17:28:14 (7692491345155) STATS - 59.1, 0
2018-10-23 17:28:14 (7692491387356) STATS - 59.2, 0
2018-10-23 17:28:14 (7692491427358) STATS - 59.3, 0
2018-10-23 17:28:14 (7692491467060) STATS - 59.4, 0
2018-10-23 17:28:14 (7692491505861) STATS - 59.5, 0
2018-10-23 17:28:14 (7692491544463) STATS - 59.6, 0
2018-10-23 17:28:14 (7692491584165) STATS - 59.7, 0
2018-10-23 17:28:14 (7692491623666) STATS - 59.8, 0
2018-10-23 17:28:14 (7692491663568) STATS - 59.9, 0
2018-10-23 17:28:14 (7692491702469) STATS - 60.0, 0
2018-10-23 17:28:14 (7692491741871) STATS - 60.1, 0
2018-10-23 17:28:14 (7692491782173) STATS - 60.2, 0
2018-10-23 17:28:14 (7692491824375) STATS - 60.3, 0
2018-10-23 17:28:14 (7692491867276) STATS - 60.4, 0
2018-10-23 17:28:14 (7692491907978) STATS - 60.5, 0
2018-10-23 17:28:14 (7692491949880) STATS - 60.6, 0
2018-10-23 17:28:14 (7692491993882) STATS - 60.7, 0
2018-10-23 17:28:14 (7692492051584) STATS - 60.8, 0
2018-10-23 17:28:14 (7692492094286) STATS - 60.9, 0
2018-10-23 17:28:14 (7692492134187) STATS - 61.0, 0
2018-10-23 17:28:14 (7692492174889) STATS - 61.1, 0
2018-10-23 17:28:14 (7692492259893) STATS - 61.2, 0
2018-10-23 17:28:14 (7692492301894) STATS - 61.3, 0
2018-10-23 17:28:14 (7692492342796) STATS - 61.4, 0
2018-10-23 17:28:14 (7692492382498) STATS - 61.5, 0
2018-10-23 17:28:14 (7692492422399) STATS - 61.6, 0
2018-10-23 17:28:14 (7692492461901) STATS - 61.7, 0
2018-10-23 17:28:14 (7692492501403) STATS - 61.8, 0
2018-10-23 17:28:14 (7692492547304) STATS - 61.9, 0
2018-10-23 17:28:14 (7692492588506) STATS - 62.0, 0
2018-10-23 17:28:14 (7692492635508) STATS - 62.1, 0
2018-10-23 17:28:14 (7692492678510) STATS - 62.2, 0
2018-10-23 17:28:14 (7692492732812) STATS - 62.3, 0
2018-10-23 17:28:14 (7692492786614) STATS - 62.4, 0
2018-10-23 17:28:14 (7692492829316) STATS - 62.5, 0
2018-10-23 17:28:14 (7692499545994) STATS - 62.6, 0
2018-10-23 17:28:14 (7692499612197) STATS - 62.7, 0
2018-10-23 17:28:14 (7692499658799) STATS - 62.8, 0
2018-10-23 17:28:14 (7692499703101) STATS - 62.9, 0
2018-10-23 17:28:14 (7692499748303) STATS - 63.0, 0
2018-10-23 17:28:14 (7692499790604) STATS - 63.1, 0
2018-10-23 17:28:14 (7692499831506) STATS - 63.2, 0
2018-10-23 17:28:14 (7692499873508) STATS - 63.3, 0
2018-10-23 17:28:14 (7692499915510) STATS - 63.4, 0
2018-10-23 17:28:14 (7692499957311) STATS - 63.5, 0
2018-10-23 17:28:14 (7692500017714) STATS - 63.6, 0
2018-10-23 17:28:14 (7692500067616) STATS - 63.7, 0
2018-10-23 17:28:14 (7692500717243) STATS - 63.8, 0
2018-10-23 17:28:14 (7692500819447) STATS - 63.9, 0
2018-10-23 17:28:14 (7692500876849) STATS - 64.0, 1
2018-10-23 17:28:14 (7692500926351) STATS - 64.1, 0
2018-10-23 17:28:14 (7692500970153) STATS - 64.2, 0
2018-10-23 17:28:14 (7692501017055) STATS - 64.3, 0
2018-10-23 17:28:14 (7692501058657) STATS - 64.4, 0
2018-10-23 17:28:14 (7692501134960) STATS - 64.5, 0
2018-10-23 17:28:14 (7692501184962) STATS - 64.6, 0
2018-10-23 17:28:14 (7692501226564) STATS - 64.7, 0
2018-10-23 17:28:14 (7692501268566) STATS - 64.8, 5
2018-10-23 17:28:14 (7692501309467) STATS - 64.9, 1
2018-10-23 17:28:14 (7692501348769) STATS - 65.0, 1
2018-10-23 17:28:14 (7692501390271) STATS - 65.1, 1
2018-10-23 17:28:14 (7692501431872) STATS - 65.2, 0
2018-10-23 17:28:14 (7692501472974) STATS - 65.3, 0
2018-10-23 17:28:14 (7692501548177) STATS - 65.4, 0
2018-10-23 17:28:14 (7692501594179) STATS - 65.5, 0
2018-10-23 17:28:14 (7692501635381) STATS - 65.6, 0
2018-10-23 17:28:14 (7692501699683) STATS - 65.7, 0
2018-10-23 17:28:14 (7692501783587) STATS - 65.8, 0
2018-10-23 17:28:14 (7692501827689) STATS - 65.9, 0
2018-10-23 17:28:14 (7692501867290) STATS - 66.0, 0
2018-10-23 17:28:14 (7692501913392) STATS - 66.1, 0
2018-10-23 17:28:14 (7692501955894) STATS - 66.2, 0
2018-10-23 17:28:14 (7692501997696) STATS - 66.3, 0
2018-10-23 17:28:14 (7692502042198) STATS - 66.4, 0
2018-10-23 17:28:14 (7692502084699) STATS - 66.5, 0
2018-10-23 17:28:14 (7692502126301) STATS - 66.6, 0
2018-10-23 17:28:14 (7692502171003) STATS - 66.7, 0
2018-10-23 17:28:14 (7692502212605) STATS - 66.8, 0
2018-10-23 17:28:14 (7692502253206) STATS - 66.9, 0
2018-10-23 17:28:14 (7692502294308) STATS - 67.0, 0
2018-10-23 17:28:14 (7692502335610) STATS - 67.1, 0
2018-10-23 17:28:14 (7692502404613) STATS - 67.2, 0
2018-10-23 17:28:14 (7692502450715) STATS - 67.3, 0
2018-10-23 17:28:14 (7692508535266) STATS - 67.4, 0
2018-10-23 17:28:14 (7692508649171) STATS - 67.5, 0
2018-10-23 17:28:14 (7692508693773) STATS - 67.6, 0
2018-10-23 17:28:14 (7692508731375) STATS - 67.7, 0
2018-10-23 17:28:14 (7692508768476) STATS - 67.8, 0
2018-10-23 17:28:14 (7692508804678) STATS - 67.9, 0
2018-10-23 17:28:14 (7692508842979) STATS - 68.0, 0
2018-10-23 17:28:14 (7692508880781) STATS - 68.1, 0
2018-10-23 17:28:14 (7692508916182) STATS - 68.2, 0
2018-10-23 17:28:14 (7692508954384) STATS - 68.3, 0
2018-10-23 17:28:14 (7692508989985) STATS - 68.4, 0
2018-10-23 17:28:14 (7692509025387) STATS - 68.5, 0
2018-10-23 17:28:14 (7692509060988) STATS - 68.6, 0
2018-10-23 17:28:14 (7692509096590) STATS - 68.7, 0
2018-10-23 17:28:14 (7692509132091) STATS - 68.8, 0
2018-10-23 17:28:14 (7692509166693) STATS - 68.9, 0
2018-10-23 17:28:14 (7692509200294) STATS - 69.0, 3
2018-10-23 17:28:14 (7692509236195) STATS - 69.1, 0
2018-10-23 17:28:14 (7692509271597) STATS - 69.2, 0
2018-10-23 17:28:14 (7692509307198) STATS - 69.3, 0
2018-10-23 17:28:14 (7692509342700) STATS - 69.4, 0
2018-10-23 17:28:14 (7692509377901) STATS - 69.5, 0
2018-10-23 17:28:14 (7692509415103) STATS - 69.6, 0
2018-10-23 17:28:14 (7692509451204) STATS - 69.7, 0
2018-10-23 17:28:14 (7692509493506) STATS - 69.8, 0
2018-10-23 17:28:14 (7692509530708) STATS - 69.9, 0
2018-10-23 17:28:14 (7692509565009) STATS - 70.0, 0
2018-10-23 17:28:14 (7692509600111) STATS - 70.1, 0
2018-10-23 17:28:14 (7692509634612) STATS - 70.2, 0
2018-10-23 17:28:14 (7692509670513) STATS - 70.3, 0
2018-10-23 17:28:14 (7692509705715) STATS - 70.4, 0
2018-10-23 17:28:14 (7692509741816) STATS - 70.5, 0
2018-10-23 17:28:14 (7692509777618) STATS - 70.6, 0
2018-10-23 17:28:14 (7692509812919) STATS - 70.7, 0
2018-10-23 17:28:14 (7692509848921) STATS - 70.8, 0
2018-10-23 17:28:14 (7692509884322) STATS - 70.9, 0
2018-10-23 17:28:14 (7692509918624) STATS - 71.0, 0
2018-10-23 17:28:14 (7692509954025) STATS - 71.1, 0
2018-10-23 17:28:14 (7692509989427) STATS - 71.2, 0
2018-10-23 17:28:14 (7692510025428) STATS - 71.3, 0
2018-10-23 17:28:14 (7692510060330) STATS - 71.4, 0
2018-10-23 17:28:14 (7692510095031) STATS - 71.5, 0
2018-10-23 17:28:14 (7692510131033) STATS - 71.6, 0
2018-10-23 17:28:14 (7692510165634) STATS - 71.7, 0
2018-10-23 17:28:14 (7692510200935) STATS - 71.8, 0
2018-10-23 17:28:14 (7692510241737) STATS - 71.9, 0
2018-10-23 17:28:14 (7692510280339) STATS - 72.0, 0
2018-10-23 17:28:14 (7692510316040) STATS - 72.1, 0
2018-10-23 17:28:14 (7692510350742) STATS - 72.2, 0
2018-10-23 17:28:14 (7692510385743) STATS - 72.3, 0
2018-10-23 17:28:14 (7692510420845) STATS - 72.4, 0
2018-10-23 17:28:14 (7692510456146) STATS - 72.5, 0
2018-10-23 17:28:14 (7692510544250) STATS - 72.6, 0
2018-10-23 17:28:14 (7692510593452) STATS - 72.7, 0
2018-10-23 17:28:14 (7692510632553) STATS - 72.8, 0
2018-10-23 17:28:14 (7692510668055) STATS - 72.9, 0
2018-10-23 17:28:14 (7692510702356) STATS - 73.0, 0
2018-10-23 17:28:14 (7692510739758) STATS - 73.1, 0
2018-10-23 17:28:14 (7692510774959) STATS - 73.2, 0
2018-10-23 17:28:14 (7692510809861) STATS - 73.3, 0
2018-10-23 17:28:14 (7692510844562) STATS - 73.4, 0
2018-10-23 17:28:14 (7692510878963) STATS - 73.5, 0
2018-10-23 17:28:14 (7692510913565) STATS - 73.6, 0
2018-10-23 17:28:14 (7692510947466) STATS - 73.7, 0
2018-10-23 17:28:14 (7692510983068) STATS - 73.8, 0
2018-10-23 17:28:14 (7692511022169) STATS - 73.9, 0
2018-10-23 17:28:14 (7692511058971) STATS - 74.0, 0
2018-10-23 17:28:14 (7692511095172) STATS - 74.1, 0
2018-10-23 17:28:14 (7692511165575) STATS - 74.2, 0
2018-10-23 17:28:14 (7692511206777) STATS - 74.3, 0
2018-10-23 17:28:14 (7692511244279) STATS - 74.4, 3
2018-10-23 17:28:14 (7692511279480) STATS - 74.5, 0
2018-10-23 17:28:14 (7692518005459) STATS - 74.6, 1
2018-10-23 17:28:14 (7692518116863) STATS - 74.7, 2
2018-10-23 17:28:14 (7692518185166) STATS - 74.8, 1
2018-10-23 17:28:14 (7692518238168) STATS - 74.9, 0
2018-10-23 17:28:14 (7692518313471) STATS - 75.0, 0
2018-10-23 17:28:14 (7692518382374) STATS - 75.1, 1
2018-10-23 17:28:14 (7692518462778) STATS - 75.2, 0
2018-10-23 17:28:14 (7692518534780) STATS - 75.3, 0
2018-10-23 17:28:14 (7692518570682) STATS - 75.4, 0
2018-10-23 17:28:14 (7692518632285) STATS - 75.5, 0
2018-10-23 17:28:14 (7692518670686) STATS - 75.6, 0
2018-10-23 17:28:14 (7692518705288) STATS - 75.7, 0
2018-10-23 17:28:14 (7692518739689) STATS - 75.8, 0
2018-10-23 17:28:14 (7692518773190) STATS - 75.9, 0
2018-10-23 17:28:14 (7692518806792) STATS - 76.0, 0
2018-10-23 17:28:14 (7692518840493) STATS - 76.1, 0
2018-10-23 17:28:14 (7692518873495) STATS - 76.2, 0
2018-10-23 17:28:14 (7692518906696) STATS - 76.3, 0
2018-10-23 17:28:14 (7692518939497) STATS - 76.4, 0
2018-10-23 17:28:14 (7692518972499) STATS - 76.5, 0
2018-10-23 17:28:14 (7692519005600) STATS - 76.6, 0
2018-10-23 17:28:14 (7692519040501) STATS - 76.7, 0
2018-10-23 17:28:14 (7692519076403) STATS - 76.8, 0
2018-10-23 17:28:14 (7692519110404) STATS - 76.9, 0
2018-10-23 17:28:14 (7692519143106) STATS - 77.0, 0
2018-10-23 17:28:14 (7692519176307) STATS - 77.1, 0
2018-10-23 17:28:14 (7692519208408) STATS - 77.2, 0
2018-10-23 17:28:14 (7692519241310) STATS - 77.3, 0
2018-10-23 17:28:14 (7692519273411) STATS - 77.4, 0
2018-10-23 17:28:14 (7692519306312) STATS - 77.5, 0
2018-10-23 17:28:14 (7692519343314) STATS - 77.6, 0
2018-10-23 17:28:14 (7692519376115) STATS - 77.7, 0
2018-10-23 17:28:14 (7692519409317) STATS - 77.8, 0
2018-10-23 17:28:14 (7692519441718) STATS - 77.9, 0
2018-10-23 17:28:14 (7692519474119) STATS - 78.0, 0
2018-10-23 17:28:14 (7692519507021) STATS - 78.1, 0
2018-10-23 17:28:14 (7692519539622) STATS - 78.2, 0
2018-10-23 17:28:14 (7692519574824) STATS - 78.3, 0
2018-10-23 17:28:14 (7692519608125) STATS - 78.4, 0
2018-10-23 17:28:14 (7692519643626) STATS - 78.5, 0
2018-10-23 17:28:14 (7692519677528) STATS - 78.6, 0
2018-10-23 17:28:14 (7692519710129) STATS - 78.7, 0
2018-10-23 17:28:14 (7692519742931) STATS - 78.8, 0
2018-10-23 17:28:14 (7692519801333) STATS - 78.9, 0
2018-10-23 17:28:14 (7692519835834) STATS - 79.0, 4
2018-10-23 17:28:14 (7692519868836) STATS - 79.1, 0
2018-10-23 17:28:14 (7692519901437) STATS - 79.2, 0
2018-10-23 17:28:14 (7692519935038) STATS - 79.3, 0
2018-10-23 17:28:14 (7692519967940) STATS - 79.4, 0
2018-10-23 17:28:14 (7692520042043) STATS - 79.5, 0
2018-10-23 17:28:14 (7692520080544) STATS - 79.6, 0
2018-10-23 17:28:14 (7692520113546) STATS - 79.7, 0
2018-10-23 17:28:14 (7692520146347) STATS - 79.8, 0
2018-10-23 17:28:14 (7692520178949) STATS - 79.9, 0
2018-10-23 17:28:14 (7692520212650) STATS - 80.0, 0
2018-10-23 17:28:14 (7692520250852) STATS - 80.1, 0
2018-10-23 17:28:14 (7692520283553) STATS - 80.2, 0
2018-10-23 17:28:14 (7692520316054) STATS - 80.3, 0
2018-10-23 17:28:14 (7692520348456) STATS - 80.4, 0
2018-10-23 17:28:14 (7692520380857) STATS - 80.5, 0
2018-10-23 17:28:14 (7692520413458) STATS - 80.6, 0
2018-10-23 17:28:14 (7692520445660) STATS - 80.7, 0
2018-10-23 17:28:14 (7692520478461) STATS - 80.8, 0
2018-10-23 17:28:14 (7692520510662) STATS - 80.9, 0
2018-10-23 17:28:14 (7692520543364) STATS - 81.0, 0
2018-10-23 17:28:14 (7692527459950) STATS - 81.1, 0
2018-10-23 17:28:14 (7692527565254) STATS - 81.2, 0
2018-10-23 17:28:14 (7692527600056) STATS - 81.3, 0
2018-10-23 17:28:14 (7692527629157) STATS - 81.4, 0
2018-10-23 17:28:14 (7692527656058) STATS - 81.5, 0
2018-10-23 17:28:14 (7692527682859) STATS - 81.6, 0
2018-10-23 17:28:14 (7692527709360) STATS - 81.7, 0
2018-10-23 17:28:14 (7692527795664) STATS - 81.8, 0
2018-10-23 17:28:14 (7692527825165) STATS - 81.9, 0
2018-10-23 17:28:14 (7692527852566) STATS - 82.0, 0
2018-10-23 17:28:14 (7692527947770) STATS - 82.1, 0
2018-10-23 17:28:14 (7692527982372) STATS - 82.2, 0
2018-10-23 17:28:14 (7692528050374) STATS - 82.3, 0
2018-10-23 17:28:14 (7692528249583) STATS - 82.4, 0
2018-10-23 17:28:14 (7692528279384) STATS - 82.5, 0
2018-10-23 17:28:14 (7692528389089) STATS - 82.6, 0
2018-10-23 17:28:14 (7692528425390) STATS - 82.7, 0
2018-10-23 17:28:14 (7692528453391) STATS - 82.8, 0
2018-10-23 17:28:14 (7692528480192) STATS - 82.9, 0
2018-10-23 17:28:14 (7692528530194) STATS - 83.0, 0
2018-10-23 17:28:14 (7692528562496) STATS - 83.1, 0
2018-10-23 17:28:14 (7692528592997) STATS - 83.2, 0
2018-10-23 17:28:14 (7692528620898) STATS - 83.3, 0
2018-10-23 17:28:14 (7692528647199) STATS - 83.4, 0
2018-10-23 17:28:14 (7692528675700) STATS - 83.5, 0
2018-10-23 17:28:14 (7692528702201) STATS - 83.6, 0
2018-10-23 17:28:14 (7692528729503) STATS - 83.7, 0
2018-10-23 17:28:14 (7692528850908) STATS - 83.8, 0
2018-10-23 17:28:14 (7692528880009) STATS - 83.9, 0
2018-10-23 17:28:14 (7692528907010) STATS - 84.0, 0
2018-10-23 17:28:14 (7692528934111) STATS - 84.1, 0
2018-10-23 17:28:14 (7692528960012) STATS - 84.2, 0
2018-10-23 17:28:14 (7692528985813) STATS - 84.3, 0
2018-10-23 17:28:14 (7692529011214) STATS - 84.4, 0
2018-10-23 17:28:14 (7692529037015) STATS - 84.5, 0
2018-10-23 17:28:14 (7692529062816) STATS - 84.6, 0
2018-10-23 17:28:14 (7692529088017) STATS - 84.7, 0
2018-10-23 17:28:14 (7692529113719) STATS - 84.8, 0
2018-10-23 17:28:14 (7692529139420) STATS - 84.9, 0
2018-10-23 17:28:14 (7692529165021) STATS - 85.0, 0
2018-10-23 17:28:14 (7692529190822) STATS - 85.1, 0
2018-10-23 17:28:14 (7692529215623) STATS - 85.2, 0
2018-10-23 17:28:14 (7692529240824) STATS - 85.3, 0
2018-10-23 17:28:14 (7692529265525) STATS - 85.4, 0
2018-10-23 17:28:14 (7692529290626) STATS - 85.5, 0
2018-10-23 17:28:14 (7692529315827) STATS - 85.6, 0
2018-10-23 17:28:14 (7692529340728) STATS - 85.7, 0
2018-10-23 17:28:14 (7692529365929) STATS - 85.8, 0
2018-10-23 17:28:14 (7692529390830) STATS - 85.9, 0
2018-10-23 17:28:14 (7692529419431) STATS - 86.0, 0
2018-10-23 17:28:14 (7692529447232) STATS - 86.1, 0
2018-10-23 17:28:14 (7692529474733) STATS - 86.2, 0
2018-10-23 17:28:14 (7692529500135) STATS - 86.3, 0
2018-10-23 17:28:14 (7692529525436) STATS - 86.4, 0
2018-10-23 17:28:14 (7692529550637) STATS - 86.5, 0
2018-10-23 17:28:14 (7692529575838) STATS - 86.6, 0
2018-10-23 17:28:14 (7692529600639) STATS - 86.7, 0
2018-10-23 17:28:14 (7692529627740) STATS - 86.8, 0
2018-10-23 17:28:14 (7692529653141) STATS - 86.9, 0
2018-10-23 17:28:14 (7692529678642) STATS - 87.0, 0
2018-10-23 17:28:14 (7692529704243) STATS - 87.1, 0
2018-10-23 17:28:14 (7692529729544) STATS - 87.2, 0
2018-10-23 17:28:14 (7692529757445) STATS - 87.3, 0
2018-10-23 17:28:14 (7692529783346) STATS - 87.4, 0
2018-10-23 17:28:14 (7692529808847) STATS - 87.5, 0
2018-10-23 17:28:14 (7692529834448) STATS - 87.6, 0
2018-10-23 17:28:14 (7692529862049) STATS - 87.7, 0
2018-10-23 17:28:14 (7692529888151) STATS - 87.8, 0
2018-10-23 17:28:14 (7692529942453) STATS - 87.9, 0
2018-10-23 17:28:14 (7692529982854) STATS - 88.0, 0
2018-10-23 17:28:14 (7692530011756) STATS - 88.1, 0
2018-10-23 17:28:14 (7692530038857) STATS - 88.2, 0
2018-10-23 17:28:14 (7692530065958) STATS - 88.3, 0
2018-10-23 17:28:14 (7692530092459) STATS - 88.4, 0
2018-10-23 17:28:14 (7692530118660) STATS - 88.5, 0
2018-10-23 17:28:14 (7692530145161) STATS - 88.6, 0
2018-10-23 17:28:14 (7692530171162) STATS - 88.7, 0
2018-10-23 17:28:14 (7692530199463) STATS - 88.8, 0
2018-10-23 17:28:14 (7692530225965) STATS - 88.9, 0
2018-10-23 17:28:14 (7692530251866) STATS - 89.0, 0
2018-10-23 17:28:14 (7692530278167) STATS - 89.1, 0
2018-10-23 17:28:14 (7692530303668) STATS - 89.2, 0
2018-10-23 17:28:14 (7692530329269) STATS - 89.3, 0
2018-10-23 17:28:14 (7692530354770) STATS - 89.4, 0
2018-10-23 17:28:14 (7692536464823) STATS - 89.5, 0
2018-10-23 17:28:14 (7692536515625) STATS - 89.6, 0
2018-10-23 17:28:14 (7692536547026) STATS - 89.7, 0
2018-10-23 17:28:14 (7692536575927) STATS - 89.8, 0
2018-10-23 17:28:14 (7692536659331) STATS - 89.9, 0
2018-10-23 17:28:14 (7692536701233) STATS - 90.0, 0
2018-10-23 17:28:14 (7692536735434) STATS - 90.1, 0
2018-10-23 17:28:14 (7692536763335) STATS - 90.2, 0
2018-10-23 17:28:14 (7692536789736) STATS - 90.3, 0
2018-10-23 17:28:14 (7692536816137) STATS - 90.4, 0
2018-10-23 17:28:14 (7692536841938) STATS - 90.5, 0
2018-10-23 17:28:14 (7692536868040) STATS - 90.6, 0
2018-10-23 17:28:14 (7692536894241) STATS - 90.7, 0
2018-10-23 17:28:14 (7692536920442) STATS - 90.8, 0
2018-10-23 17:28:14 (7692536946943) STATS - 90.9, 0
2018-10-23 17:28:14 (7692536973444) STATS - 91.0, 0
2018-10-23 17:28:14 (7692536999645) STATS - 91.1, 0
2018-10-23 17:28:14 (7692537025146) STATS - 91.2, 0
2018-10-23 17:28:14 (7692537051247) STATS - 91.3, 0
2018-10-23 17:28:14 (7692537077048) STATS - 91.4, 0
2018-10-23 17:28:14 (7692537102649) STATS - 91.5, 0
2018-10-23 17:28:14 (7692537128550) STATS - 91.6, 0
2018-10-23 17:28:14 (7692537165852) STATS - 91.7, 0
2018-10-23 17:28:14 (7692537195253) STATS - 91.8, 0
2018-10-23 17:28:14 (7692537221154) STATS - 91.9, 0
2018-10-23 17:28:14 (7692537247155) STATS - 92.0, 0
2018-10-23 17:28:14 (7692537272556) STATS - 92.1, 0
2018-10-23 17:28:14 (7692537297457) STATS - 92.2, 0
2018-10-23 17:28:14 (7692537322458) STATS - 92.3, 0
2018-10-23 17:28:14 (7692537347859) STATS - 92.4, 0
2018-10-23 17:28:14 (7692537373060) STATS - 92.5, 0
2018-10-23 17:28:14 (7692537398162) STATS - 92.6, 0
2018-10-23 17:28:14 (7692537427863) STATS - 92.7, 0
2018-10-23 17:28:14 (7692537456164) STATS - 92.8, 0
2018-10-23 17:28:14 (7692537481065) STATS - 92.9, 0
2018-10-23 17:28:14 (7692537506066) STATS - 93.0, 0
2018-10-23 17:28:14 (7692537531267) STATS - 93.1, 0
2018-10-23 17:28:14 (7692537555868) STATS - 93.2, 0
2018-10-23 17:28:14 (7692537580869) STATS - 93.3, 0
2018-10-23 17:28:14 (7692537605370) STATS - 93.4, 0
2018-10-23 17:28:14 (7692537631771) STATS - 93.5, 0
2018-10-23 17:28:14 (7692537657572) STATS - 93.6, 0
2018-10-23 17:28:14 (7692537682573) STATS - 93.7, 0
2018-10-23 17:28:14 (7692537707674) STATS - 93.8, 0
2018-10-23 17:28:14 (7692537734875) STATS - 93.9, 0
2018-10-23 17:28:14 (7692537760077) STATS - 94.0, 0
2018-10-23 17:28:14 (7692537785578) STATS - 94.1, 0
2018-10-23 17:28:14 (7692537810979) STATS - 94.2, 0
2018-10-23 17:28:14 (7692537836080) STATS - 94.3, 0
2018-10-23 17:28:14 (7692537861181) STATS - 94.4, 0
2018-10-23 17:28:14 (7692537885882) STATS - 94.5, 0
2018-10-23 17:28:14 (7692537911083) STATS - 94.6, 0
2018-10-23 17:28:14 (7692537935784) STATS - 94.7, 0
2018-10-23 17:28:14 (7692537960785) STATS - 94.8, 0
2018-10-23 17:28:14 (7692537985686) STATS - 94.9, 0
2018-10-23 17:28:14 (7692538010987) STATS - 95.0, 0
2018-10-23 17:28:14 (7692538036688) STATS - 95.1, 0
2018-10-23 17:28:14 (7692538061689) STATS - 95.2, 0
2018-10-23 17:28:14 (7692538086690) STATS - 95.3, 0
2018-10-23 17:28:14 (7692538111391) STATS - 95.4, 0
2018-10-23 17:28:14 (7692538135992) STATS - 95.5, 0
2018-10-23 17:28:14 (7692538161093) STATS - 95.6, 0
2018-10-23 17:28:14 (7692538185794) STATS - 95.7, 0
2018-10-23 17:28:14 (7692538210595) STATS - 95.8, 0
2018-10-23 17:28:14 (7692538234796) STATS - 95.9, 0
2018-10-23 17:28:14 (7692538258997) STATS - 96.0, 0
2018-10-23 17:28:14 (7692538283798) STATS - 96.1, 0
2018-10-23 17:28:14 (7692538308099) STATS - 96.2, 0
2018-10-23 17:28:14 (7692538333300) STATS - 96.3, 0
2018-10-23 17:28:14 (7692538357701) STATS - 96.4, 0
2018-10-23 17:28:14 (7692538382202) STATS - 96.5, 1
2018-10-23 17:28:14 (7692538406803) STATS - 96.6, 0
2018-10-23 17:28:14 (7692538431204) STATS - 96.7, 0
2018-10-23 17:28:14 (7692538456105) STATS - 96.8, 0
2018-10-23 17:28:14 (7692538480806) STATS - 96.9, 0
2018-10-23 17:28:14 (7692538505307) STATS - 97.0, 0
2018-10-23 17:28:14 (7692538544309) STATS - 97.1, 0
2018-10-23 17:28:14 (7692538579810) STATS - 97.2, 0
2018-10-23 17:28:14 (7692538608412) STATS - 97.3, 0
2018-10-23 17:28:14 (7692545448895) STATS - 97.4, 0
2018-10-23 17:28:14 (7692545538199) STATS - 97.5, 0
2018-10-23 17:28:14 (7692545592601) STATS - 97.6, 0
2018-10-23 17:28:14 (7692545619102) STATS - 97.7, 0
2018-10-23 17:28:14 (7692545641203) STATS - 97.8, 0
2018-10-23 17:28:14 (7692545667604) STATS - 97.9, 0
2018-10-23 17:28:14 (7692545690605) STATS - 98.0, 0
2018-10-23 17:28:14 (7692545711806) STATS - 98.1, 0
2018-10-23 17:28:14 (7692545732507) STATS - 98.2, 0
2018-10-23 17:28:14 (7692545753107) STATS - 98.3, 0
2018-10-23 17:28:14 (7692545773208) STATS - 98.4, 0
2018-10-23 17:28:14 (7692545793309) STATS - 98.5, 0
2018-10-23 17:28:14 (7692545814210) STATS - 98.6, 0
2018-10-23 17:28:14 (7692545834411) STATS - 98.7, 2
2018-10-23 17:28:14 (7692545854612) STATS - 98.8, 1
2018-10-23 17:28:14 (7692545874912) STATS - 98.9, 0
2018-10-23 17:28:14 (7692545895813) STATS - 99.0, 0
2018-10-23 17:28:14 (7692545916314) STATS - 99.1, 0
2018-10-23 17:28:14 (7692545936215) STATS - 99.2, 0
2018-10-23 17:28:14 (7692545963116) STATS - 99.3, 0
2018-10-23 17:28:14 (7692545992917) STATS - 99.4, 0
2018-10-23 17:28:14 (7692546014318) STATS - 99.5, 0
2018-10-23 17:28:14 (7692546034919) STATS - 99.6, 0
2018-10-23 17:28:14 (7692546055220) STATS - 99.7, 0
2018-10-23 17:28:14 (7692546075521) STATS - 99.8, 0
2018-10-23 17:28:14 (7692546095622) STATS - 99.9, 0
2018-10-23 17:28:14 (7692546117323) STATS - 100.0, 0
2018-10-23 17:28:14 (7692546138523) STATS - 100.1, 0
2018-10-23 17:28:14 (7692546158824) STATS - 100.2, 0
2018-10-23 17:28:14 (7692546179325) STATS - 100.3, 0
2018-10-23 17:28:14 (7692546199426) STATS - 100.4, 0
2018-10-23 17:28:14 (7692546219527) STATS - 100.5, 0
2018-10-23 17:28:14 (7692546251628) STATS - 100.6, 0
2018-10-23 17:28:14 (7692546295630) STATS - 100.7, 0
2018-10-23 17:28:14 (7692546335132) STATS - 100.8, 0
2018-10-23 17:28:14 (7692546357932) STATS - 100.9, 0
2018-10-23 17:28:14 (7692546379533) STATS - 101.0, 0
2018-10-23 17:28:14 (7692546400434) STATS - 101.1, 0
2018-10-23 17:28:14 (7692546420835) STATS - 101.2, 0
2018-10-23 17:28:14 (7692546441336) STATS - 101.3, 0
2018-10-23 17:28:14 (7692546461737) STATS - 101.4, 0
2018-10-23 17:28:14 (7692546481938) STATS - 101.5, 0
2018-10-23 17:28:14 (7692546502038) STATS - 101.6, 0
2018-10-23 17:28:14 (7692546522339) STATS - 101.7, 0
2018-10-23 17:28:14 (7692546542640) STATS - 101.8, 0
2018-10-23 17:28:14 (7692546562641) STATS - 101.9, 0
2018-10-23 17:28:14 (7692546585042) STATS - 102.0, 0
2018-10-23 17:28:14 (7692546606043) STATS - 102.1, 0
2018-10-23 17:28:14 (7692546626344) STATS - 102.2, 0
2018-10-23 17:28:14 (7692546646444) STATS - 102.3, 0
2018-10-23 17:28:14 (7692546666345) STATS - 102.4, 0
2018-10-23 17:28:14 (7692546690246) STATS - 102.5, 0
2018-10-23 17:28:14 (7692546712447) STATS - 102.6, 0
2018-10-23 17:28:14 (7692546732948) STATS - 102.7, 0
2018-10-23 17:28:14 (7692546753449) STATS - 102.8, 0
2018-10-23 17:28:14 (7692546773550) STATS - 102.9, 0
2018-10-23 17:28:14 (7692546794251) STATS - 103.0, 0
2018-10-23 17:28:14 (7692546814251) STATS - 103.1, 0
2018-10-23 17:28:14 (7692546833852) STATS - 103.2, 0
2018-10-23 17:28:14 (7692546854153) STATS - 103.3, 0
2018-10-23 17:28:14 (7692546873854) STATS - 103.4, 0
2018-10-23 17:28:14 (7692546894055) STATS - 103.5, 0
2018-10-23 17:28:14 (7692546914256) STATS - 103.6, 0
2018-10-23 17:28:14 (7692546934156) STATS - 103.7, 0
2018-10-23 17:28:14 (7692546954357) STATS - 103.8, 0
2018-10-23 17:28:14 (7692546983758) STATS - 103.9, 0
2018-10-23 17:28:14 (7692547005559) STATS - 104.0, 0
2018-10-23 17:28:14 (7692547026560) STATS - 104.1, 0
2018-10-23 17:28:14 (7692547046861) STATS - 104.2, 0
2018-10-23 17:28:14 (7692547067162) STATS - 104.3, 0
2018-10-23 17:28:14 (7692547087163) STATS - 104.4, 0
2018-10-23 17:28:14 (7692547109064) STATS - 104.5, 0
2018-10-23 17:28:14 (7692547130064) STATS - 104.6, 0
2018-10-23 17:28:14 (7692547150165) STATS - 104.7, 0
2018-10-23 17:28:14 (7692547170366) STATS - 104.8, 0
2018-10-23 17:28:14 (7692547190667) STATS - 104.9, 0
2018-10-23 17:28:14 (7692547211668) STATS - 105.0, 0
2018-10-23 17:28:14 (7692547232069) STATS - 105.1, 0
2018-10-23 17:28:14 (7692547252270) STATS - 105.2, 0
2018-10-23 17:28:14 (7692547272570) STATS - 105.3, 0
2018-10-23 17:28:14 (7692547292771) STATS - 105.4, 0
2018-10-23 17:28:14 (7692547313072) STATS - 105.5, 0
2018-10-23 17:28:14 (7692547368174) STATS - 105.6, 0
2018-10-23 17:28:14 (7692547393575) STATS - 105.7, 0
2018-10-23 17:28:14 (7692547414276) STATS - 105.8, 0
2018-10-23 17:28:14 (7692547434077) STATS - 105.9, 0
2018-10-23 17:28:14 (7692547454878) STATS - 106.0, 0
2018-10-23 17:28:14 (7692547474979) STATS - 106.1, 0
2018-10-23 17:28:14 (7692547494880) STATS - 106.2, 0
2018-10-23 17:28:14 (7692547515080) STATS - 106.3, 0
2018-10-23 17:28:14 (7692547534681) STATS - 106.4, 0
2018-10-23 17:28:14 (7692547554682) STATS - 106.5, 0
2018-10-23 17:28:14 (7692547574883) STATS - 106.6, 0
2018-10-23 17:28:14 (7692547594784) STATS - 106.7, 0
2018-10-23 17:28:14 (7692547615285) STATS - 106.8, 0
2018-10-23 17:28:14 (7692547635385) STATS - 106.9, 0
2018-10-23 17:28:14 (7692547655686) STATS - 107.0, 0
2018-10-23 17:28:14 (7692547675787) STATS - 107.1, 0
2018-10-23 17:28:14 (7692547695688) STATS - 107.2, 0
2018-10-23 17:28:14 (7692547715889) STATS - 107.3, 0
2018-10-23 17:28:14 (7692547735690) STATS - 107.4, 0
2018-10-23 17:28:14 (7692547755790) STATS - 107.5, 0
2018-10-23 17:28:14 (7692547775691) STATS - 107.6, 0
2018-10-23 17:28:14 (7692547795792) STATS - 107.7, 0
2018-10-23 17:28:14 (7692547816393) STATS - 107.8, 0
2018-10-23 17:28:14 (7692547836294) STATS - 107.9, 0
2018-10-23 17:28:14 (7692547857795) STATS - 108.0, 0
2018-10-23 17:28:14 (7692547879896) STATS - 108.1, 0
2018-10-23 17:28:14 (7692547900696) STATS - 108.2, 0
2018-10-23 17:28:14 (7692547921097) STATS - 108.3, 0
2018-10-23 17:28:14 (7692547940998) STATS - 108.4, 0
2018-10-23 17:28:14 (7692547963199) STATS - 108.5, 0
2018-10-23 17:28:14 (7692547984000) STATS - 108.6, 0
2018-10-23 17:28:14 (7692548016901) STATS - 108.7, 0
2018-10-23 17:28:14 (7692548040702) STATS - 108.8, 0
2018-10-23 17:28:14 (7692548060903) STATS - 108.9, 0
2018-10-23 17:28:14 (7692548081604) STATS - 109.0, 0
2018-10-23 17:28:14 (7692548102005) STATS - 109.1, 0
2018-10-23 17:28:14 (7692548122406) STATS - 109.2, 0
2018-10-23 17:28:14 (7692548145206) STATS - 109.3, 0
2018-10-23 17:28:14 (7692548165907) STATS - 109.4, 0
2018-10-23 17:28:14 (7692554863385) STATS - 109.5, 0
2018-10-23 17:28:14 (7692554948988) STATS - 109.6, 0
2018-10-23 17:28:14 (7692554978989) STATS - 109.7, 0
2018-10-23 17:28:14 (7692555007691) STATS - 109.8, 0
2018-10-23 17:28:14 (7692555031392) STATS - 109.9, 0
2018-10-23 17:28:14 (7692555054793) STATS - 110.0, 0
2018-10-23 17:28:14 (7692555076393) STATS - 110.1, 0
2018-10-23 17:28:14 (7692555097394) STATS - 110.2, 0
2018-10-23 17:28:14 (7692555118795) STATS - 110.3, 0
2018-10-23 17:28:14 (7692555139796) STATS - 110.4, 0
2018-10-23 17:28:14 (7692555160997) STATS - 110.5, 0
2018-10-23 17:28:14 (7692555185198) STATS - 110.6, 0
2018-10-23 17:28:14 (7692555206899) STATS - 110.7, 0
2018-10-23 17:28:14 (7692555228200) STATS - 110.8, 0
2018-10-23 17:28:14 (7692555249301) STATS - 110.9, 0
2018-10-23 17:28:14 (7692555270902) STATS - 111.0, 0
2018-10-23 17:28:14 (7692555291902) STATS - 111.1, 0
2018-10-23 17:28:14 (7692555313203) STATS - 111.2, 0
2018-10-23 17:28:14 (7692555334604) STATS - 111.3, 0
2018-10-23 17:28:14 (7692555355805) STATS - 111.4, 0
2018-10-23 17:28:14 (7692555377006) STATS - 111.5, 0
2018-10-23 17:28:14 (7692555402007) STATS - 111.6, 0
2018-10-23 17:28:14 (7692555423208) STATS - 111.7, 0
2018-10-23 17:28:14 (7692555446609) STATS - 111.8, 0
2018-10-23 17:28:14 (7692555468110) STATS - 111.9, 0
2018-10-23 17:28:14 (7692555489711) STATS - 112.0, 0
2018-10-23 17:28:14 (7692555511311) STATS - 112.1, 0
2018-10-23 17:28:14 (7692555532512) STATS - 112.2, 0
2018-10-23 17:28:14 (7692555554113) STATS - 112.3, 0
2018-10-23 17:28:14 (7692555575014) STATS - 112.4, 0
2018-10-23 17:28:14 (7692555596115) STATS - 112.5, 0
2018-10-23 17:28:14 (7692555617216) STATS - 112.6, 0
2018-10-23 17:28:14 (7692555638317) STATS - 112.7, 0
2018-10-23 17:28:14 (7692555659918) STATS - 112.8, 0
2018-10-23 17:28:14 (7692555681319) STATS - 112.9, 0
2018-10-23 17:28:14 (7692555702819) STATS - 113.0, 0
2018-10-23 17:28:14 (7692555724120) STATS - 113.1, 0
2018-10-23 17:28:14 (7692555749521) STATS - 113.2, 0
2018-10-23 17:28:14 (7692555774922) STATS - 113.3, 0
2018-10-23 17:28:14 (7692555796923) STATS - 113.4, 0
2018-10-23 17:28:14 (7692555822724) STATS - 113.5, 0
2018-10-23 17:28:14 (7692555867726) STATS - 113.6, 0
2018-10-23 17:28:14 (7692555890927) STATS - 113.7, 0
2018-10-23 17:28:14 (7692555912128) STATS - 113.8, 0
2018-10-23 17:28:14 (7692555932929) STATS - 113.9, 0
2018-10-23 17:28:14 (7692555954330) STATS - 114.0, 0
2018-10-23 17:28:14 (7692555977831) STATS - 114.1, 0
2018-10-23 17:28:14 (7692556014332) STATS - 114.2, 0
2018-10-23 17:28:14 (7692556040533) STATS - 114.3, 0
2018-10-23 17:28:14 (7692556061834) STATS - 114.4, 0
2018-10-23 17:28:14 (7692556083035) STATS - 114.5, 0
2018-10-23 17:28:14 (7692556104036) STATS - 114.6, 0
2018-10-23 17:28:14 (7692556125137) STATS - 114.7, 0
2018-10-23 17:28:14 (7692556161438) STATS - 114.8, 0
2018-10-23 17:28:14 (7692556188940) STATS - 114.9, 0
2018-10-23 17:28:14 (7692556211540) STATS - 115.0, 0
2018-10-23 17:28:14 (7692556235041) STATS - 115.1, 0
2018-10-23 17:28:14 (7692556257242) STATS - 115.2, 0
2018-10-23 17:28:14 (7692556280043) STATS - 115.3, 0
2018-10-23 17:28:14 (7692556301844) STATS - 115.4, 0
2018-10-23 17:28:14 (7692556322945) STATS - 115.5, 0
2018-10-23 17:28:14 (7692556346146) STATS - 115.6, 0
2018-10-23 17:28:14 (7692556367547) STATS - 115.7, 0
2018-10-23 17:28:14 (7692556388848) STATS - 115.8, 0
2018-10-23 17:28:14 (7692556409649) STATS - 115.9, 0
2018-10-23 17:28:14 (7692556431150) STATS - 116.0, 0
2018-10-23 17:28:14 (7692556452350) STATS - 116.1, 0
2018-10-23 17:28:14 (7692556473251) STATS - 116.2, 0
2018-10-23 17:28:14 (7692556494652) STATS - 116.3, 0
2018-10-23 17:28:14 (7692556515253) STATS - 116.4, 0
2018-10-23 17:28:14 (7692556536354) STATS - 116.5, 0
2018-10-23 17:28:14 (7692556557555) STATS - 116.6, 0
2018-10-23 17:28:14 (7692556578356) STATS - 116.7, 0
2018-10-23 17:28:14 (7692556599257) STATS - 116.8, 0
2018-10-23 17:28:14 (7692556619957) STATS - 116.9, 0
2018-10-23 17:28:14 (7692556641458) STATS - 117.0, 0
2018-10-23 17:28:14 (7692556662759) STATS - 117.1, 0
2018-10-23 17:28:14 (7692556683660) STATS - 117.2, 2
2018-10-23 17:28:14 (7692556704461) STATS - 117.3, 0
2018-10-23 17:28:14 (7692556725362) STATS - 117.4, 0
2018-10-23 17:28:14 (7692556746363) STATS - 117.5, 1
2018-10-23 17:28:14 (7692556768864) STATS - 117.6, 0
2018-10-23 17:28:14 (7692556790464) STATS - 117.7, 4
2018-10-23 17:28:14 (7692556811865) STATS - 117.8, 1
2018-10-23 17:28:14 (7692556852967) STATS - 117.9, 0
2018-10-23 17:28:14 (7692556875468) STATS - 118.0, 0
2018-10-23 17:28:14 (7692556897269) STATS - 118.1, 0
2018-10-23 17:28:14 (7692556918670) STATS - 118.2, 0
2018-10-23 17:28:14 (7692556944371) STATS - 118.3, 0
2018-10-23 17:28:14 (7692556965272) STATS - 118.4, 0
2018-10-23 17:28:14 (7692556986373) STATS - 118.5, 0
2018-10-23 17:28:14 (7692557009474) STATS - 118.6, 0
2018-10-23 17:28:14 (7692557036775) STATS - 118.7, 4
2018-10-23 17:28:14 (7692557058476) STATS - 118.8, 0
2018-10-23 17:28:14 (7692557079476) STATS - 118.9, 0
2018-10-23 17:28:14 (7692557100677) STATS - 119.0, 0
2018-10-23 17:28:14 (7692557122078) STATS - 119.1, 0
2018-10-23 17:28:14 (7692557142879) STATS - 119.2, 0
2018-10-23 17:28:14 (7692557163880) STATS - 119.3, 0
2018-10-23 17:28:14 (7692557184681) STATS - 119.4, 0
2018-10-23 17:28:14 (7692557205682) STATS - 119.5, 0
2018-10-23 17:28:14 (7692557226683) STATS - 119.6, 0
2018-10-23 17:28:14 (7692557247583) STATS - 119.7, 0
2018-10-23 17:28:14 (7692557268684) STATS - 119.8, 0
2018-10-23 17:28:14 (7692557289585) STATS - 119.9, 0
2018-10-23 17:28:14 (7692557310886) STATS - 120.0, 0
2018-10-23 17:28:14 (7692557332187) STATS - 120.1, 0
2018-10-23 17:28:14 (7692557353188) STATS - 120.2, 0
2018-10-23 17:28:14 (7692557380689) STATS - 120.3, 0
2018-10-23 17:28:14 (7692557402290) STATS - 120.4, 0
2018-10-23 17:28:14 (7692557425091) STATS - 120.5, 0
2018-10-23 17:28:14 (7692557446592) STATS - 120.6, 0
2018-10-23 17:28:14 (7692563883958) STATS - 120.7, 0
2018-10-23 17:28:14 (7692563925160) STATS - 120.8, 0
2018-10-23 17:28:14 (7692563947161) STATS - 120.9, 0
2018-10-23 17:28:14 (7692564025564) STATS - 121.0, 0
2018-10-23 17:28:14 (7692564052265) STATS - 121.1, 0
2018-10-23 17:28:14 (7692564070766) STATS - 121.2, 0
2018-10-23 17:28:14 (7692564089167) STATS - 121.3, 0
2018-10-23 17:28:14 (7692564107167) STATS - 121.4, 0
2018-10-23 17:28:14 (7692564124968) STATS - 121.5, 0
2018-10-23 17:28:14 (7692564142669) STATS - 121.6, 0
2018-10-23 17:28:14 (7692564160470) STATS - 121.7, 0
2018-10-23 17:28:14 (7692564178470) STATS - 121.8, 0
2018-10-23 17:28:14 (7692564196271) STATS - 121.9, 0
2018-10-23 17:28:14 (7692564214772) STATS - 122.0, 0
2018-10-23 17:28:14 (7692564232973) STATS - 122.1, 0
2018-10-23 17:28:14 (7692564250773) STATS - 122.2, 0
2018-10-23 17:28:14 (7692564268874) STATS - 122.3, 0
2018-10-23 17:28:14 (7692564286975) STATS - 122.4, 0
2018-10-23 17:28:14 (7692564304976) STATS - 122.5, 0
2018-10-23 17:28:14 (7692564330577) STATS - 122.6, 0
2018-10-23 17:28:14 (7692564349177) STATS - 122.7, 0
2018-10-23 17:28:14 (7692564371078) STATS - 122.8, 0
2018-10-23 17:28:14 (7692564389079) STATS - 122.9, 0
2018-10-23 17:28:14 (7692564407380) STATS - 123.0, 0
2018-10-23 17:28:14 (7692564425881) STATS - 123.1, 0
2018-10-23 17:28:14 (7692564443981) STATS - 123.2, 0
2018-10-23 17:28:14 (7692564462282) STATS - 123.3, 0
2018-10-23 17:28:14 (7692564486383) STATS - 123.4, 0
2018-10-23 17:28:14 (7692564503984) STATS - 123.5, 0
2018-10-23 17:28:14 (7692564521985) STATS - 123.6, 0
2018-10-23 17:28:14 (7692564539785) STATS - 123.7, 0
2018-10-23 17:28:14 (7692564557986) STATS - 123.8, 0
2018-10-23 17:28:14 (7692564575987) STATS - 123.9, 0
2018-10-23 17:28:14 (7692564594188) STATS - 124.0, 0
2018-10-23 17:28:14 (7692564612188) STATS - 124.1, 0
2018-10-23 17:28:14 (7692564630189) STATS - 124.2, 0
2018-10-23 17:28:14 (7692564648190) STATS - 124.3, 0
2018-10-23 17:28:14 (7692564665991) STATS - 124.4, 0
2018-10-23 17:28:14 (7692564683691) STATS - 124.5, 0
2018-10-23 17:28:14 (7692564701592) STATS - 124.6, 0
2018-10-23 17:28:14 (7692564719293) STATS - 124.7, 0
2018-10-23 17:28:14 (7692564737193) STATS - 124.8, 0
2018-10-23 17:28:14 (7692564755194) STATS - 124.9, 0
2018-10-23 17:28:14 (7692564773195) STATS - 125.0, 0
2018-10-23 17:28:14 (7692564793696) STATS - 125.1, 0
2018-10-23 17:28:14 (7692564811897) STATS - 125.2, 0
2018-10-23 17:28:14 (7692564829697) STATS - 125.3, 0
2018-10-23 17:28:14 (7692564847798) STATS - 125.4, 0
2018-10-23 17:28:14 (7692564867199) STATS - 125.5, 0
2018-10-23 17:28:14 (7692564886800) STATS - 125.6, 0
2018-10-23 17:28:14 (7692564904800) STATS - 125.7, 0
2018-10-23 17:28:14 (7692564922801) STATS - 125.8, 0
2018-10-23 17:28:14 (7692564941102) STATS - 125.9, 0
2018-10-23 17:28:14 (7692564960703) STATS - 126.0, 0
2018-10-23 17:28:14 (7692564990204) STATS - 126.1, 0
2018-10-23 17:28:14 (7692565008905) STATS - 126.2, 0
2018-10-23 17:28:14 (7692565056007) STATS - 126.3, 0
2018-10-23 17:28:14 (7692565102509) STATS - 126.4, 0
2018-10-23 17:28:14 (7692565124410) STATS - 126.5, 0
2018-10-23 17:28:14 (7692565148311) STATS - 126.6, 0
2018-10-23 17:28:14 (7692565166611) STATS - 126.7, 0
2018-10-23 17:28:14 (7692565184612) STATS - 126.8, 0
2018-10-23 17:28:14 (7692565202713) STATS - 126.9, 0
2018-10-23 17:28:14 (7692565221114) STATS - 127.0, 0
2018-10-23 17:28:14 (7692565239214) STATS - 127.1, 0
2018-10-23 17:28:14 (7692565257315) STATS - 127.2, 0
2018-10-23 17:28:14 (7692565275516) STATS - 127.3, 0
2018-10-23 17:28:14 (7692565293317) STATS - 127.4, 0
2018-10-23 17:28:14 (7692565311117) STATS - 127.5, 0
2018-10-23 17:28:14 (7692565329118) STATS - 127.6, 0
2018-10-23 17:28:14 (7692565347019) STATS - 127.7, 0
2018-10-23 17:28:14 (7692565365219) STATS - 127.8, 0
2018-10-23 17:28:14 (7692565383120) STATS - 127.9, 0
2018-10-23 17:28:14 (7692565400821) STATS - 128.0, 0
2018-10-23 17:28:14 (7692565418722) STATS - 128.1, 0
2018-10-23 17:28:14 (7692565436622) STATS - 128.2, 0
2018-10-23 17:28:14 (7692565454523) STATS - 128.3, 0
2018-10-23 17:28:14 (7692565472524) STATS - 128.4, 0
2018-10-23 17:28:14 (7692565489925) STATS - 128.5, 0
2018-10-23 17:28:14 (7692565508125) STATS - 128.6, 0
2018-10-23 17:28:14 (7692565526026) STATS - 128.7, 0
2018-10-23 17:28:14 (7692565548727) STATS - 128.8, 0
2018-10-23 17:28:14 (7692565566228) STATS - 128.9, 0
2018-10-23 17:28:14 (7692565584129) STATS - 129.0, 0
2018-10-23 17:28:14 (7692565602329) STATS - 129.1, 0
2018-10-23 17:28:14 (7692565620130) STATS - 129.2, 0
2018-10-23 17:28:14 (7692565637731) STATS - 129.3, 0
2018-10-23 17:28:14 (7692565655332) STATS - 129.4, 0
2018-10-23 17:28:14 (7692565673032) STATS - 129.5, 0
2018-10-23 17:28:14 (7692565690733) STATS - 129.6, 0
2018-10-23 17:28:14 (7692565708634) STATS - 129.7, 0
2018-10-23 17:28:14 (7692565726434) STATS - 129.8, 0
2018-10-23 17:28:14 (7692565743935) STATS - 129.9, 0
2018-10-23 17:28:14 (7692565762036) STATS - 130.0, 0
2018-10-23 17:28:14 (7692565780137) STATS - 130.1, 0
2018-10-23 17:28:14 (7692565800438) STATS - 130.2, 0
2018-10-23 17:28:14 (7692565846439) STATS - 130.3, 0
2018-10-23 17:28:14 (7692565871840) STATS - 130.4, 0
2018-10-23 17:28:14 (7692565893541) STATS - 130.5, 0
2018-10-23 17:28:14 (7692565912342) STATS - 130.6, 0
2018-10-23 17:28:14 (7692565930643) STATS - 130.7, 0
2018-10-23 17:28:14 (7692565948344) STATS - 130.8, 0
2018-10-23 17:28:14 (7692565965944) STATS - 130.9, 0
2018-10-23 17:28:14 (7692565983845) STATS - 131.0, 0
2018-10-23 17:28:14 (7692566003546) STATS - 131.1, 0
2018-10-23 17:28:14 (7692566024447) STATS - 131.2, 0
2018-10-23 17:28:14 (7692566044548) STATS - 131.3, 0
2018-10-23 17:28:14 (7692566062448) STATS - 131.4, 0
2018-10-23 17:28:14 (7692566082449) STATS - 131.5, 0
2018-10-23 17:28:14 (7692566100450) STATS - 131.6, 0
2018-10-23 17:28:14 (7692566118251) STATS - 131.7, 0
2018-10-23 17:28:14 (7692566135851) STATS - 131.8, 0
2018-10-23 17:28:14 (7692566153552) STATS - 131.9, 0
2018-10-23 17:28:14 (7692566171253) STATS - 132.0, 0
2018-10-23 17:28:14 (7692566189154) STATS - 132.1, 0
2018-10-23 17:28:14 (7692566207054) STATS - 132.2, 0
2018-10-23 17:28:14 (7692566224755) STATS - 132.3, 0
2018-10-23 17:28:14 (7692566242556) STATS - 132.4, 0
2018-10-23 17:28:14 (7692566260057) STATS - 132.5, 0
2018-10-23 17:28:14 (7692566277857) STATS - 132.6, 0
2018-10-23 17:28:14 (7692566295658) STATS - 132.7, 0
2018-10-23 17:28:14 (7692566313459) STATS - 132.8, 0
2018-10-23 17:28:14 (7692566331059) STATS - 132.9, 0
2018-10-23 17:28:14 (7692566348660) STATS - 133.0, 0
2018-10-23 17:28:14 (7692566366661) STATS - 133.1, 0
2018-10-23 17:28:14 (7692566384462) STATS - 133.2, 0
2018-10-23 17:28:14 (7692566402062) STATS - 133.3, 0
2018-10-23 17:28:14 (7692566420063) STATS - 133.4, 0
2018-10-23 17:28:14 (7692566437664) STATS - 133.5, 0
2018-10-23 17:28:14 (7692566455465) STATS - 133.6, 0
2018-10-23 17:28:14 (7692566473265) STATS - 133.7, 0
2018-10-23 17:28:14 (7692566490966) STATS - 133.8, 0
2018-10-23 17:28:14 (7692566510167) STATS - 133.9, 0
2018-10-23 17:28:14 (7692566527768) STATS - 134.0, 0
2018-10-23 17:28:14 (7692566545568) STATS - 134.1, 0
2018-10-23 17:28:14 (7692566563369) STATS - 134.2, 0
2018-10-23 17:28:14 (7692566580870) STATS - 134.3, 0
2018-10-23 17:28:14 (7692566598771) STATS - 134.4, 0
2018-10-23 17:28:14 (7692574072680) STATS - 134.5, 0
2018-10-23 17:28:14 (7692574132282) STATS - 134.6, 0
2018-10-23 17:28:14 (7692574154483) STATS - 134.7, 0
2018-10-23 17:28:14 (7692574170384) STATS - 134.8, 0
2018-10-23 17:28:14 (7692574185085) STATS - 134.9, 0
2018-10-23 17:28:14 (7692574205586) STATS - 135.0, 0
2018-10-23 17:28:14 (7692574221286) STATS - 135.1, 0
2018-10-23 17:28:14 (7692574238487) STATS - 135.2, 0
2018-10-23 17:28:14 (7692574253888) STATS - 135.3, 0
2018-10-23 17:28:14 (7692574268288) STATS - 135.4, 0
2018-10-23 17:28:14 (7692574283089) STATS - 135.5, 0
2018-10-23 17:28:14 (7692574297789) STATS - 135.6, 0
2018-10-23 17:28:14 (7692574314290) STATS - 135.7, 0
2018-10-23 17:28:14 (7692574349892) STATS - 135.8, 0
2018-10-23 17:28:14 (7692574367992) STATS - 135.9, 0
2018-10-23 17:28:14 (7692574383893) STATS - 136.0, 0
2018-10-23 17:28:14 (7692574399594) STATS - 136.1, 0
2018-10-23 17:28:14 (7692574415094) STATS - 136.2, 0
2018-10-23 17:28:14 (7692574430395) STATS - 136.3, 0
2018-10-23 17:28:14 (7692574445695) STATS - 136.4, 0
2018-10-23 17:28:14 (7692574493797) STATS - 136.5, 0
2018-10-23 17:28:14 (7692574512898) STATS - 136.6, 0
2018-10-23 17:28:14 (7692574528299) STATS - 136.7, 0
2018-10-23 17:28:14 (7692574542899) STATS - 136.8, 0
2018-10-23 17:28:14 (7692574562000) STATS - 136.9, 0
2018-10-23 17:28:14 (7692574579901) STATS - 137.0, 0
2018-10-23 17:28:14 (7692574595502) STATS - 137.1, 0
2018-10-23 17:28:14 (7692574612202) STATS - 137.2, 0
2018-10-23 17:28:14 (7692574627103) STATS - 137.3, 0
2018-10-23 17:28:14 (7692574643104) STATS - 137.4, 0
2018-10-23 17:28:14 (7692574657904) STATS - 137.5, 0
2018-10-23 17:28:14 (7692574672805) STATS - 137.6, 0
2018-10-23 17:28:14 (7692574690006) STATS - 137.7, 0
2018-10-23 17:28:14 (7692574705106) STATS - 137.8, 0
2018-10-23 17:28:14 (7692574720107) STATS - 137.9, 0
2018-10-23 17:28:14 (7692574735807) STATS - 138.0, 0
2018-10-23 17:28:14 (7692574750808) STATS - 138.1, 0
2018-10-23 17:28:14 (7692574765709) STATS - 138.2, 0
2018-10-23 17:28:14 (7692574780409) STATS - 138.3, 0
2018-10-23 17:28:14 (7692574795310) STATS - 138.4, 0
2018-10-23 17:28:14 (7692574809911) STATS - 138.5, 0
2018-10-23 17:28:14 (7692574824711) STATS - 138.6, 0
2018-10-23 17:28:14 (7692574839412) STATS - 138.7, 0
2018-10-23 17:28:14 (7692574854212) STATS - 138.8, 0
2018-10-23 17:28:14 (7692574870413) STATS - 138.9, 0
2018-10-23 17:28:14 (7692574885414) STATS - 139.0, 0
2018-10-23 17:28:14 (7692574901414) STATS - 139.1, 0
2018-10-23 17:28:14 (7692574925615) STATS - 139.2, 0
2018-10-23 17:28:14 (7692574944216) STATS - 139.3, 0
2018-10-23 17:28:14 (7692574959317) STATS - 139.4, 0
2018-10-23 17:28:14 (7692574974117) STATS - 139.5, 0
2018-10-23 17:28:14 (7692574988818) STATS - 139.6, 0
2018-10-23 17:28:14 (7692575003619) STATS - 139.7, 0
2018-10-23 17:28:14 (7692575018319) STATS - 139.8, 0
2018-10-23 17:28:14 (7692575036820) STATS - 139.9, 0
2018-10-23 17:28:14 (7692575053421) STATS - 140.0, 0
2018-10-23 17:28:14 (7692575068621) STATS - 140.1, 0
2018-10-23 17:28:14 (7692575083822) STATS - 140.2, 0
2018-10-23 17:28:14 (7692575098723) STATS - 140.3, 0
2018-10-23 17:28:14 (7692575113323) STATS - 140.4, 0
2018-10-23 17:28:14 (7692575127824) STATS - 140.5, 0
2018-10-23 17:28:14 (7692575142224) STATS - 140.6, 0
2018-10-23 17:28:14 (7692575157025) STATS - 140.7, 0
2018-10-23 17:28:14 (7692575171526) STATS - 140.8, 0
2018-10-23 17:28:14 (7692575185926) STATS - 140.9, 0
2018-10-23 17:28:14 (7692575200527) STATS - 141.0, 0
2018-10-23 17:28:14 (7692575215327) STATS - 141.1, 0
2018-10-23 17:28:14 (7692575230328) STATS - 141.2, 0
2018-10-23 17:28:14 (7692575245029) STATS - 141.3, 0
2018-10-23 17:28:14 (7692575259829) STATS - 141.4, 0
2018-10-23 17:28:14 (7692575274430) STATS - 141.5, 0
2018-10-23 17:28:14 (7692575289030) STATS - 141.6, 0
2018-10-23 17:28:14 (7692575303931) STATS - 141.7, 0
2018-10-23 17:28:14 (7692575319332) STATS - 141.8, 0
2018-10-23 17:28:14 (7692575333832) STATS - 141.9, 0
2018-10-23 17:28:14 (7692575348533) STATS - 142.0, 0
2018-10-23 17:28:14 (7692575363233) STATS - 142.1, 0
2018-10-23 17:28:14 (7692575377934) STATS - 142.2, 0
2018-10-23 17:28:14 (7692575392635) STATS - 142.3, 0
2018-10-23 17:28:14 (7692575407235) STATS - 142.4, 0
2018-10-23 17:28:14 (7692575421836) STATS - 142.5, 0
2018-10-23 17:28:14 (7692575436536) STATS - 142.6, 0
2018-10-23 17:28:14 (7692575451337) STATS - 142.7, 0
2018-10-23 17:28:14 (7692575466538) STATS - 142.8, 0
2018-10-23 17:28:14 (7692575481538) STATS - 142.9, 0
2018-10-23 17:28:14 (7692575495939) STATS - 143.0, 0
2018-10-23 17:28:14 (7692575510940) STATS - 143.1, 0
2018-10-23 17:28:14 (7692575527740) STATS - 143.2, 0
2018-10-23 17:28:14 (7692575542641) STATS - 143.3, 0
2018-10-23 17:28:14 (7692575558042) STATS - 143.4, 0
2018-10-23 17:28:14 (7692575573542) STATS - 143.5, 0
2018-10-23 17:28:14 (7692575588243) STATS - 143.6, 0
2018-10-23 17:28:14 (7692575603043) STATS - 143.7, 0
2018-10-23 17:28:14 (7692575617844) STATS - 143.8, 0
2018-10-23 17:28:14 (7692575632345) STATS - 143.9, 0
2018-10-23 17:28:14 (7692575647445) STATS - 144.0, 0
2018-10-23 17:28:14 (7692575662546) STATS - 144.1, 0
2018-10-23 17:28:14 (7692575677346) STATS - 144.2, 0
2018-10-23 17:28:14 (7692575692247) STATS - 144.3, 0
2018-10-23 17:28:14 (7692575707048) STATS - 144.4, 0
2018-10-23 17:28:14 (7692575721948) STATS - 144.5, 0
2018-10-23 17:28:14 (7692575736549) STATS - 144.6, 0
2018-10-23 17:28:14 (7692575751350) STATS - 144.7, 0
2018-10-23 17:28:14 (7692575766350) STATS - 144.8, 0
2018-10-23 17:28:14 (7692575780851) STATS - 144.9, 0
2018-10-23 17:28:14 (7692575795251) STATS - 145.0, 0
2018-10-23 17:28:14 (7692575810152) STATS - 145.1, 0
2018-10-23 17:28:14 (7692575824753) STATS - 145.2, 0
2018-10-23 17:28:14 (7692575839453) STATS - 145.3, 0
2018-10-23 17:28:14 (7692575853754) STATS - 145.4, 0
2018-10-23 17:28:14 (7692575868554) STATS - 145.5, 0
2018-10-23 17:28:14 (7692575883455) STATS - 145.6, 0
2018-10-23 17:28:14 (7692575898456) STATS - 145.7, 0
2018-10-23 17:28:14 (7692575913256) STATS - 145.8, 0
2018-10-23 17:28:14 (7692575927757) STATS - 145.9, 0
2018-10-23 17:28:14 (7692575942357) STATS - 146.0, 0
2018-10-23 17:28:14 (7692575957058) STATS - 146.1, 0
2018-10-23 17:28:14 (7692575971659) STATS - 146.2, 0
2018-10-23 17:28:14 (7692575986359) STATS - 146.3, 0
2018-10-23 17:28:14 (7692576014960) STATS - 146.4, 0
2018-10-23 17:28:14 (7692576034361) STATS - 146.5, 0
2018-10-23 17:28:14 (7692576050162) STATS - 146.6, 0
2018-10-23 17:28:14 (7692576065063) STATS - 146.7, 0
2018-10-23 17:28:14 (7692576079863) STATS - 146.8, 0
2018-10-23 17:28:14 (7692576094764) STATS - 146.9, 0
2018-10-23 17:28:14 (7692576109664) STATS - 147.0, 0
2018-10-23 17:28:14 (7692576125065) STATS - 147.1, 0
2018-10-23 17:28:14 (7692576140066) STATS - 147.2, 0
2018-10-23 17:28:14 (7692576154666) STATS - 147.3, 0
2018-10-23 17:28:14 (7692576169167) STATS - 147.4, 0
2018-10-23 17:28:14 (7692576183667) STATS - 147.5, 0
2018-10-23 17:28:14 (7692576198768) STATS - 147.6, 0
2018-10-23 17:28:14 (7692576213569) STATS - 147.7, 0
2018-10-23 17:28:14 (7692576228169) STATS - 147.8, 0
2018-10-23 17:28:14 (7692576242570) STATS - 147.9, 0
2018-10-23 17:28:14 (7692576257270) STATS - 148.0, 0
2018-10-23 17:28:14 (7692576271971) STATS - 148.1, 0
2018-10-23 17:28:14 (7692576286672) STATS - 148.2, 0
2018-10-23 17:28:14 (7692576301472) STATS - 148.3, 0
2018-10-23 17:28:14 (7692576315873) STATS - 148.4, 0
2018-10-23 17:28:14 (7692576330274) STATS - 148.5, 0
2018-10-23 17:28:14 (7692576344874) STATS - 148.6, 0
2018-10-23 17:28:14 (7692576359675) STATS - 148.7, 0
2018-10-23 17:28:14 (7692576374275) STATS - 148.8, 0
2018-10-23 17:28:14 (7692576389076) STATS - 148.9, 0
2018-10-23 17:28:14 (7692576403477) STATS - 149.0, 0
2018-10-23 17:28:14 (7692576418077) STATS - 149.1, 0
2018-10-23 17:28:14 (7692576433078) STATS - 149.2, 0
2018-10-23 17:28:14 (7692576447878) STATS - 149.3, 0
2018-10-23 17:28:14 (7692576462279) STATS - 149.4, 0
2018-10-23 17:28:14 (7692576476880) STATS - 149.5, 0
2018-10-23 17:28:14 (7692576491580) STATS - 149.6, 0
2018-10-23 17:28:14 (7692576509881) STATS - 149.7, 0
2018-10-23 17:28:14 (7692576524682) STATS - 149.8, 0
2018-10-23 17:28:14 (7692576538982) STATS - 149.9, 0
2018-10-23 17:28:14 (7692583553273) STATS - 150.0, 0
2018-10-23 17:28:14 (7692583601875) STATS - 150.1, 0
2018-10-23 17:28:14 (7692583622375) STATS - 150.2, 0
2018-10-23 17:28:14 (7692583637876) STATS - 150.3, 0
2018-10-23 17:28:14 (7692583652677) STATS - 150.4, 0
2018-10-23 17:28:14 (7692583667377) STATS - 150.5, 0
2018-10-23 17:28:14 (7692583682078) STATS - 150.6, 0
2018-10-23 17:28:14 (7692583698879) STATS - 150.7, 0
2018-10-23 17:28:14 (7692583713379) STATS - 150.8, 0
2018-10-23 17:28:14 (7692583734780) STATS - 150.9, 0
2018-10-23 17:28:14 (7692583752381) STATS - 151.0, 0
2018-10-23 17:28:14 (7692583767381) STATS - 151.1, 0
2018-10-23 17:28:14 (7692583781882) STATS - 151.2, 0
2018-10-23 17:28:14 (7692583796283) STATS - 151.3, 0
2018-10-23 17:28:14 (7692583810483) STATS - 151.4, 0
2018-10-23 17:28:14 (7692583824884) STATS - 151.5, 0
2018-10-23 17:28:14 (7692583839384) STATS - 151.6, 0
2018-10-23 17:28:14 (7692583853885) STATS - 151.7, 0
2018-10-23 17:28:14 (7692583871986) STATS - 151.8, 0
2018-10-23 17:28:14 (7692583935988) STATS - 151.9, 0
2018-10-23 17:28:14 (7692584019092) STATS - 152.0, 0
2018-10-23 17:28:14 (7692584060094) STATS - 152.1, 0
2018-10-23 17:28:14 (7692584075394) STATS - 152.2, 0
2018-10-23 17:28:14 (7692584089795) STATS - 152.3, 0
2018-10-23 17:28:14 (7692584124596) STATS - 152.4, 0
2018-10-23 17:28:14 (7692584157598) STATS - 152.5, 0
2018-10-23 17:28:14 (7692584180999) STATS - 152.6, 0
2018-10-23 17:28:14 (7692584198499) STATS - 152.7, 0
2018-10-23 17:28:14 (7692584213000) STATS - 152.8, 0
2018-10-23 17:28:14 (7692584227200) STATS - 152.9, 0
2018-10-23 17:28:14 (7692584242601) STATS - 153.0, 0
2018-10-23 17:28:14 (7692584257002) STATS - 153.1, 0
2018-10-23 17:28:14 (7692584271702) STATS - 153.2, 0
2018-10-23 17:28:14 (7692584285903) STATS - 153.3, 0
2018-10-23 17:28:14 (7692584300203) STATS - 153.4, 0
2018-10-23 17:28:14 (7692584316804) STATS - 153.5, 0
2018-10-23 17:28:14 (7692584333605) STATS - 153.6, 0
2018-10-23 17:28:14 (7692584348405) STATS - 153.7, 0
2018-10-23 17:28:14 (7692584362606) STATS - 153.8, 0
2018-10-23 17:28:14 (7692584380307) STATS - 153.9, 0
2018-10-23 17:28:14 (7692584394907) STATS - 154.0, 0
2018-10-23 17:28:14 (7692584409508) STATS - 154.1, 0
2018-10-23 17:28:14 (7692584424009) STATS - 154.2, 0
2018-10-23 17:28:14 (7692584438409) STATS - 154.3, 0
2018-10-23 17:28:14 (7692584609416) STATS - 154.4, 0
2018-10-23 17:28:14 (7692584630317) STATS - 154.5, 0
2018-10-23 17:28:14 (7692584788424) STATS - 154.6, 0
2018-10-23 17:28:14 (7692584819325) STATS - 154.7, 0
2018-10-23 17:28:14 (7692584834626) STATS - 154.8, 0
2018-10-23 17:28:14 (7692584849026) STATS - 154.9, 0
2018-10-23 17:28:14 (7692584865927) STATS - 155.0, 0
2018-10-23 17:28:14 (7692584884128) STATS - 155.1, 3
2018-10-23 17:28:14 (7692584898828) STATS - 155.2, 0
2018-10-23 17:28:14 (7692584912729) STATS - 155.3, 1
2018-10-23 17:28:14 (7692584926629) STATS - 155.4, 0
2018-10-23 17:28:14 (7692584941130) STATS - 155.5, 0
2018-10-23 17:28:14 (7692584955531) STATS - 155.6, 0
2018-10-23 17:28:14 (7692584969731) STATS - 155.7, 1
2018-10-23 17:28:14 (7692584983932) STATS - 155.8, 2
2018-10-23 17:28:14 (7692584998132) STATS - 155.9, 1
2018-10-23 17:28:14 (7692585013433) STATS - 156.0, 0
2018-10-23 17:28:14 (7692585028334) STATS - 156.1, 0
2018-10-23 17:28:14 (7692585042934) STATS - 156.2, 1
2018-10-23 17:28:14 (7692585057135) STATS - 156.3, 0
2018-10-23 17:28:14 (7692585071635) STATS - 156.4, 0
2018-10-23 17:28:14 (7692585085836) STATS - 156.5, 4
2018-10-23 17:28:14 (7692585099937) STATS - 156.6, 1
2018-10-23 17:28:14 (7692585114137) STATS - 156.7, 0
2018-10-23 17:28:14 (7692585128438) STATS - 156.8, 0
2018-10-23 17:28:14 (7692585142738) STATS - 156.9, 0
2018-10-23 17:28:14 (7692585157339) STATS - 157.0, 0
2018-10-23 17:28:14 (7692585171840) STATS - 157.1, 0
2018-10-23 17:28:14 (7692585186240) STATS - 157.2, 0
2018-10-23 17:28:14 (7692585200541) STATS - 157.3, 0
2018-10-23 17:28:14 (7692585214741) STATS - 157.4, 0
2018-10-23 17:28:14 (7692585229042) STATS - 157.5, 0
2018-10-23 17:28:14 (7692585243443) STATS - 157.6, 0
2018-10-23 17:28:14 (7692585257443) STATS - 157.7, 0
2018-10-23 17:28:14 (7692585271544) STATS - 157.8, 0
2018-10-23 17:28:14 (7692585285444) STATS - 157.9, 0
2018-10-23 17:28:14 (7692585299845) STATS - 158.0, 0
2018-10-23 17:28:14 (7692585314245) STATS - 158.1, 1
2018-10-23 17:28:14 (7692585328246) STATS - 158.2, 0
2018-10-23 17:28:14 (7692585343047) STATS - 158.3, 0
2018-10-23 17:28:14 (7692585357047) STATS - 158.4, 0
2018-10-23 17:28:14 (7692585370948) STATS - 158.5, 0
2018-10-23 17:28:14 (7692585384848) STATS - 158.6, 0
2018-10-23 17:28:14 (7692585399149) STATS - 158.7, 0
2018-10-23 17:28:14 (7692585413150) STATS - 158.8, 0
2018-10-23 17:28:14 (7692585427550) STATS - 158.9, 0
2018-10-23 17:28:14 (7692585441651) STATS - 159.0, 0
2018-10-23 17:28:14 (7692585455951) STATS - 159.1, 0
2018-10-23 17:28:14 (7692585470052) STATS - 159.2, 0
2018-10-23 17:28:14 (7692585484253) STATS - 159.3, 0
2018-10-23 17:28:14 (7692585553955) STATS - 159.4, 0
2018-10-23 17:28:14 (7692585570156) STATS - 159.5, 0
2018-10-23 17:28:14 (7692585584357) STATS - 159.6, 0
2018-10-23 17:28:14 (7692585598557) STATS - 159.7, 0
2018-10-23 17:28:14 (7692585612358) STATS - 159.8, 0
2018-10-23 17:28:14 (7692585626458) STATS - 159.9, 0
2018-10-23 17:28:14 (7692585642159) STATS - 160.0, 0
2018-10-23 17:28:14 (7692585656760) STATS - 160.1, 0
2018-10-23 17:28:14 (7692585670960) STATS - 160.2, 0
2018-10-23 17:28:14 (7692585685061) STATS - 160.3, 0
2018-10-23 17:28:14 (7692585699161) STATS - 160.4, 0
2018-10-23 17:28:14 (7692585713162) STATS - 160.5, 0
2018-10-23 17:28:14 (7692585726963) STATS - 160.6, 0
2018-10-23 17:28:14 (7692585750964) STATS - 160.7, 0
2018-10-23 17:28:14 (7692585803166) STATS - 160.8, 0
2018-10-23 17:28:14 (7692585820466) STATS - 160.9, 0
2018-10-23 17:28:14 (7692585835867) STATS - 161.0, 0
2018-10-23 17:28:14 (7692585850968) STATS - 161.1, 0
2018-10-23 17:28:14 (7692585865668) STATS - 161.2, 0
2018-10-23 17:28:14 (7692585879669) STATS - 161.3, 0
2018-10-23 17:28:14 (7692585893869) STATS - 161.4, 0
2018-10-23 17:28:14 (7692585908170) STATS - 161.5, 0
2018-10-23 17:28:14 (7692585922471) STATS - 161.6, 0
2018-10-23 17:28:14 (7692585936871) STATS - 161.7, 0
2018-10-23 17:28:14 (7692585951072) STATS - 161.8, 0
2018-10-23 17:28:14 (7692585965372) STATS - 161.9, 0
2018-10-23 17:28:14 (7692585979873) STATS - 162.0, 0
2018-10-23 17:28:14 (7692585994474) STATS - 162.1, 0
2018-10-23 17:28:14 (7692586008874) STATS - 162.2, 0
2018-10-23 17:28:14 (7692586023575) STATS - 162.3, 0
2018-10-23 17:28:14 (7692586037675) STATS - 162.4, 0
2018-10-23 17:28:14 (7692586051976) STATS - 162.5, 0
2018-10-23 17:28:14 (7692586069877) STATS - 162.6, 0
2018-10-23 17:28:14 (7692586084477) STATS - 162.7, 0
2018-10-23 17:28:14 (7692586101178) STATS - 162.8, 0
2018-10-23 17:28:14 (7692586115979) STATS - 162.9, 0
2018-10-23 17:28:14 (7692586132079) STATS - 163.0, 0
2018-10-23 17:28:14 (7692586147080) STATS - 163.1, 0
2018-10-23 17:28:14 (7692586161581) STATS - 163.2, 1
2018-10-23 17:28:14 (7692586176181) STATS - 163.3, 0
2018-10-23 17:28:14 (7692586190682) STATS - 163.4, 0
2018-10-23 17:28:14 (7692586214983) STATS - 163.5, 0
2018-10-23 17:28:14 (7692586228383) STATS - 163.6, 0
2018-10-23 17:28:14 (7692586241584) STATS - 163.7, 0
2018-10-23 17:28:14 (7692586255984) STATS - 163.8, 0
2018-10-23 17:28:14 (7692586269585) STATS - 163.9, 0
2018-10-23 17:28:14 (7692586283086) STATS - 164.0, 0
2018-10-23 17:28:14 (7692586296386) STATS - 164.1, 0
2018-10-23 17:28:14 (7692586309587) STATS - 164.2, 0
2018-10-23 17:28:14 (7692586322587) STATS - 164.3, 1
2018-10-23 17:28:14 (7692586335688) STATS - 164.4, 0
2018-10-23 17:28:14 (7692586350588) STATS - 164.5, 0
2018-10-23 17:28:14 (7692592964162) STATS - 164.6, 0
2018-10-23 17:28:14 (7692592989563) STATS - 164.7, 0
2018-10-23 17:28:14 (7692593004064) STATS - 164.8, 0
2018-10-23 17:28:14 (7692593016964) STATS - 164.9, 0
2018-10-23 17:28:14 (7692593032665) STATS - 165.0, 0
2018-10-23 17:28:14 (7692593045866) STATS - 165.1, 0
2018-10-23 17:28:14 (7692593058366) STATS - 165.2, 0
2018-10-23 17:28:14 (7692593070867) STATS - 165.3, 0
2018-10-23 17:28:14 (7692593083567) STATS - 165.4, 0
2018-10-23 17:28:14 (7692593095968) STATS - 165.5, 0
2018-10-23 17:28:14 (7692593108368) STATS - 165.6, 0
2018-10-23 17:28:14 (7692593120869) STATS - 165.7, 0
2018-10-23 17:28:14 (7692593133369) STATS - 165.8, 0
2018-10-23 17:28:14 (7692593145770) STATS - 165.9, 0
2018-10-23 17:28:14 (7692593161570) STATS - 166.0, 0
2018-10-23 17:28:14 (7692593180071) STATS - 166.1, 0
2018-10-23 17:28:14 (7692593192872) STATS - 166.2, 0
2018-10-23 17:28:14 (7692593205372) STATS - 166.3, 0
2018-10-23 17:28:14 (7692593217773) STATS - 166.4, 0
2018-10-23 17:28:14 (7692593230173) STATS - 166.5, 0
2018-10-23 17:28:14 (7692593243074) STATS - 166.6, 0
2018-10-23 17:28:14 (7692593255374) STATS - 166.7, 0
2018-10-23 17:28:14 (7692593267775) STATS - 166.8, 0
2018-10-23 17:28:14 (7692593280275) STATS - 166.9, 0
2018-10-23 17:28:14 (7692593293376) STATS - 167.0, 0
2018-10-23 17:28:14 (7692593305876) STATS - 167.1, 0
2018-10-23 17:28:14 (7692593318377) STATS - 167.2, 0
2018-10-23 17:28:14 (7692593330777) STATS - 167.3, 0
2018-10-23 17:28:14 (7692593375779) STATS - 167.4, 0
2018-10-23 17:28:14 (7692593391880) STATS - 167.5, 0
2018-10-23 17:28:14 (7692593404480) STATS - 167.6, 0
2018-10-23 17:28:14 (7692593417181) STATS - 167.7, 0
2018-10-23 17:28:14 (7692593429381) STATS - 167.8, 0
2018-10-23 17:28:14 (7692593441682) STATS - 167.9, 0
2018-10-23 17:28:14 (7692593454883) STATS - 168.0, 0
2018-10-23 17:28:14 (7692593467583) STATS - 168.1, 0
2018-10-23 17:28:14 (7692593479984) STATS - 168.2, 0
2018-10-23 17:28:14 (7692593491984) STATS - 168.3, 0
2018-10-23 17:28:14 (7692593504185) STATS - 168.4, 0
2018-10-23 17:28:14 (7692593516385) STATS - 168.5, 0
2018-10-23 17:28:14 (7692593528686) STATS - 168.6, 0
2018-10-23 17:28:14 (7692593540886) STATS - 168.7, 0
2018-10-23 17:28:14 (7692593553087) STATS - 168.8, 0
2018-10-23 17:28:14 (7692593565387) STATS - 168.9, 0
2018-10-23 17:28:14 (7692593577888) STATS - 169.0, 0
2018-10-23 17:28:14 (7692593594288) STATS - 169.1, 0
2018-10-23 17:28:14 (7692593606989) STATS - 169.2, 0
2018-10-23 17:28:14 (7692593619489) STATS - 169.3, 0
2018-10-23 17:28:14 (7692593631690) STATS - 169.4, 0
2018-10-23 17:28:14 (7692593643890) STATS - 169.5, 0
2018-10-23 17:28:14 (7692593655891) STATS - 169.6, 0
2018-10-23 17:28:14 (7692593669391) STATS - 169.7, 0
2018-10-23 17:28:14 (7692593683292) STATS - 169.8, 0
2018-10-23 17:28:14 (7692593695993) STATS - 169.9, 0
2018-10-23 17:28:14 (7692593710693) STATS - 170.0, 0
2018-10-23 17:28:14 (7692593723494) STATS - 170.1, 0
2018-10-23 17:28:14 (7692593739894) STATS - 170.2, 0
2018-10-23 17:28:14 (7692593753395) STATS - 170.3, 0
2018-10-23 17:28:14 (7692593765695) STATS - 170.4, 0
2018-10-23 17:28:14 (7692593778096) STATS - 170.5, 0
2018-10-23 17:28:14 (7692593790396) STATS - 170.6, 0
2018-10-23 17:28:14 (7692593802697) STATS - 170.7, 0
2018-10-23 17:28:14 (7692593814997) STATS - 170.8, 0
2018-10-23 17:28:14 (7692593827498) STATS - 170.9, 0
2018-10-23 17:28:14 (7692593840499) STATS - 171.0, 0
2018-10-23 17:28:14 (7692593853199) STATS - 171.1, 0
2018-10-23 17:28:14 (7692593865400) STATS - 171.2, 0
2018-10-23 17:28:14 (7692593877900) STATS - 171.3, 0
2018-10-23 17:28:14 (7692593890301) STATS - 171.4, 0
2018-10-23 17:28:14 (7692593902601) STATS - 171.5, 0
2018-10-23 17:28:14 (7692593915002) STATS - 171.6, 0
2018-10-23 17:28:14 (7692593927402) STATS - 171.7, 0
2018-10-23 17:28:14 (7692593940103) STATS - 171.8, 0
2018-10-23 17:28:14 (7692593952403) STATS - 171.9, 0
2018-10-23 17:28:14 (7692593964804) STATS - 172.0, 0
2018-10-23 17:28:14 (7692593977904) STATS - 172.1, 0
2018-10-23 17:28:14 (7692593991605) STATS - 172.2, 0
2018-10-23 17:28:14 (7692594003505) STATS - 172.3, 0
2018-10-23 17:28:14 (7692594015706) STATS - 172.4, 0
2018-10-23 17:28:14 (7692594028006) STATS - 172.5, 0
2018-10-23 17:28:14 (7692594040507) STATS - 172.6, 0
2018-10-23 17:28:14 (7692594052607) STATS - 172.7, 0
2018-10-23 17:28:14 (7692594065008) STATS - 172.8, 1
2018-10-23 17:28:14 (7692594077208) STATS - 172.9, 0
2018-10-23 17:28:14 (7692594089709) STATS - 173.0, 0
2018-10-23 17:28:14 (7692594102409) STATS - 173.1, 0
2018-10-23 17:28:14 (7692594114710) STATS - 173.2, 0
2018-10-23 17:28:14 (7692594127110) STATS - 173.3, 0
2018-10-23 17:28:14 (7692594139511) STATS - 173.4, 0
2018-10-23 17:28:14 (7692594157612) STATS - 173.5, 0
2018-10-23 17:28:14 (7692594170212) STATS - 173.6, 0
2018-10-23 17:28:14 (7692594182713) STATS - 173.7, 0
2018-10-23 17:28:14 (7692594195013) STATS - 173.8, 0
2018-10-23 17:28:14 (7692594207514) STATS - 173.9, 0
2018-10-23 17:28:14 (7692594220114) STATS - 174.0, 1
2018-10-23 17:28:14 (7692594232815) STATS - 174.1, 0
2018-10-23 17:28:14 (7692594245515) STATS - 174.2, 0
2018-10-23 17:28:14 (7692594257816) STATS - 174.3, 1
2018-10-23 17:28:14 (7692594302218) INFO  - END: Middleware stopped.
