2018-10-23 17:19:12 (7150069484042) INFO  - START: Middleware listening on address 10.0.0.7:8888.
2018-10-23 17:20:34 (7232672560848) STATS -  5.00, 3398, 8, 1.604200, 1.265886, 2.949013, 2.949013, 0.000000, 0.000000, 16990, 0, 0, 0.00, 0.00, 0
2018-10-23 17:20:34 (7232877857435) STATS - 10.00, 3811, 8, 1.215022, 1.154590, 2.433665, 2.433665, 0.000000, 0.000000, 19055, 0, 0, 0.00, 0.00, 0
2018-10-23 17:20:35 (7232984287790) STATS - 15.00, 3812, 8, 1.216707, 1.223453, 2.508847, 2.508847, 0.000000, 0.000000, 19062, 0, 0, 0.00, 0.00, 0
2018-10-23 17:20:35 (7233073263797) STATS - 20.00, 3852, 9, 1.240923, 1.166617, 2.485761, 2.485761, 0.000000, 0.000000, 19262, 0, 0, 0.00, 0.00, 0
2018-10-23 17:20:35 (7233151470244) STATS - 25.00, 3999, 9, 1.239305, 1.014469, 2.327338, 2.327338, 0.000000, 0.000000, 19996, 0, 0, 0.00, 0.00, 0
2018-10-23 17:20:35 (7233220406494) STATS - 30.00, 3839, 9, 1.290179, 1.225775, 2.596882, 2.596882, 0.000000, 0.000000, 19195, 0, 0, 0.00, 0.00, 0
2018-10-23 17:20:35 (7233280330158) STATS - 35.00, 3759, 9, 1.357368, 1.140440, 2.577589, 2.577589, 0.000000, 0.000000, 18796, 0, 0, 0.00, 0.00, 0
2018-10-23 17:20:35 (7233339488590) STATS - 40.00, 3755, 9, 1.359020, 1.142486, 2.574594, 2.574594, 0.000000, 0.000000, 18775, 0, 0, 0.00, 0.00, 0
2018-10-23 17:20:35 (7233397727382) STATS - 45.00, 3870, 9, 1.387332, 1.047922, 2.504766, 2.504766, 0.000000, 0.000000, 19354, 0, 0, 0.00, 0.00, 0
2018-10-23 17:20:35 (7233454813325) STATS - 50.00, 3804, 9, 1.380918, 1.118325, 2.565763, 2.565763, 0.000000, 0.000000, 19020, 0, 0, 0.00, 0.00, 0
2018-10-23 17:20:35 (7233504071233) STATS - 55.00, 3783, 9, 1.360453, 1.208770, 2.644716, 2.644716, 0.000000, 0.000000, 18916, 0, 0, 0.00, 0.00, 0
2018-10-23 17:20:35 (7233552073787) STATS - 60.00, 3888, 8, 1.361171, 1.124315, 2.567285, 2.567285, 0.000000, 0.000000, 19444, 0, 0, 0.00, 0.00, 0
2018-10-23 17:20:35 (7233591048755) STATS - 65.00, 3700, 9, 1.405049, 1.045183, 2.524873, 2.524873, 0.000000, 0.000000, 18500, 0, 0, 0.00, 0.00, 0
2018-10-23 17:20:35 (7233619978493) STATS - 70.00, 3841, 9, 1.294621, 1.026890, 2.397583, 2.397583, 0.000000, 0.000000, 19207, 0, 0, 0.00, 0.00, 0
2018-10-23 17:20:35 (7233621892275) STATS - 70.00, 71, 2, 0.454516, 1.158907, 1.729628, 1.729628, 0.000000, 0.000000, 356, 0, 0, 0.00, 0.00, 0
2018-10-23 17:20:36 (7234010621810) STATS - Interval, Responses
2018-10-23 17:20:36 (7234011003626) STATS - 0.1, 0
2018-10-23 17:20:36 (7234011205135) STATS - 0.2, 0
2018-10-23 17:20:36 (7234011407643) STATS - 0.3, 0
2018-10-23 17:20:36 (7234011567550) STATS - 0.4, 0
2018-10-23 17:20:36 (7234011749358) STATS - 0.5, 32
2018-10-23 17:20:36 (7234011919165) STATS - 0.6, 739
2018-10-23 17:20:36 (7234012091973) STATS - 0.7, 3131
2018-10-23 17:20:36 (7234012245379) STATS - 0.8, 6954
2018-10-23 17:20:36 (7234012425887) STATS - 0.9, 9771
2018-10-23 17:20:36 (7234012581594) STATS - 1.0, 9508
2018-10-23 17:20:36 (7234012734100) STATS - 1.1, 7775
2018-10-23 17:20:36 (7234012915208) STATS - 1.2, 6366
2018-10-23 17:20:36 (7234013095516) STATS - 1.3, 6635
2018-10-23 17:20:36 (7234013268123) STATS - 1.4, 8234
2018-10-23 17:20:36 (7234020346926) STATS - 1.5, 10405
2018-10-23 17:20:36 (7234020604537) STATS - 1.6, 11859
2018-10-23 17:20:36 (7234020768344) STATS - 1.7, 13244
2018-10-23 17:20:36 (7234020914150) STATS - 1.8, 13410
2018-10-23 17:20:36 (7234021132660) STATS - 1.9, 13224
2018-10-23 17:20:36 (7234021302967) STATS - 2.0, 12943
2018-10-23 17:20:36 (7234021456773) STATS - 2.1, 12437
2018-10-23 17:20:36 (7234021617980) STATS - 2.2, 11865
2018-10-23 17:20:36 (7234021769187) STATS - 2.3, 11442
2018-10-23 17:20:36 (7234021973896) STATS - 2.4, 10445
2018-10-23 17:20:36 (7234022370413) STATS - 2.5, 9118
2018-10-23 17:20:36 (7234023146646) STATS - 2.6, 8245
2018-10-23 17:20:36 (7234023648167) STATS - 2.7, 7015
2018-10-23 17:20:36 (7234030259450) STATS - 2.8, 5913
2018-10-23 17:20:36 (7234030434258) STATS - 2.9, 4921
2018-10-23 17:20:36 (7234030577564) STATS - 3.0, 4010
2018-10-23 17:20:36 (7234030726570) STATS - 3.1, 3405
2018-10-23 17:20:36 (7234030872776) STATS - 3.2, 2953
2018-10-23 17:20:36 (7234031062184) STATS - 3.3, 2473
2018-10-23 17:20:36 (7234031213091) STATS - 3.4, 2071
2018-10-23 17:20:36 (7234031401199) STATS - 3.5, 1680
2018-10-23 17:20:36 (7234031552005) STATS - 3.6, 1458
2018-10-23 17:20:36 (7234031696412) STATS - 3.7, 1158
2018-10-23 17:20:36 (7234031864819) STATS - 3.8, 1022
2018-10-23 17:20:36 (7234032027926) STATS - 3.9, 858
2018-10-23 17:20:36 (7234032201033) STATS - 4.0, 755
2018-10-23 17:20:36 (7234032370440) STATS - 4.1, 700
2018-10-23 17:20:36 (7234032545348) STATS - 4.2, 586
2018-10-23 17:20:36 (7234032667653) STATS - 4.3, 575
2018-10-23 17:20:36 (7234032804559) STATS - 4.4, 443
2018-10-23 17:20:36 (7234032952365) STATS - 4.5, 415
2018-10-23 17:20:36 (7234040086571) STATS - 4.6, 333
2018-10-23 17:20:36 (7234040242677) STATS - 4.7, 379
2018-10-23 17:20:36 (7234040412985) STATS - 4.8, 332
2018-10-23 17:20:36 (7234040596592) STATS - 4.9, 343
2018-10-23 17:20:36 (7234040782200) STATS - 5.0, 310
2018-10-23 17:20:36 (7234040941007) STATS - 5.1, 329
2018-10-23 17:20:36 (7234041093314) STATS - 5.2, 365
2018-10-23 17:20:36 (7234041221819) STATS - 5.3, 346
2018-10-23 17:20:36 (7234041348525) STATS - 5.4, 293
2018-10-23 17:20:36 (7234041502931) STATS - 5.5, 377
2018-10-23 17:20:36 (7234041654838) STATS - 5.6, 304
2018-10-23 17:20:36 (7234041821045) STATS - 5.7, 237
2018-10-23 17:20:36 (7234041955251) STATS - 5.8, 279
2018-10-23 17:20:36 (7234042104857) STATS - 5.9, 262
2018-10-23 17:20:36 (7234042261664) STATS - 6.0, 304
2018-10-23 17:20:36 (7234042393169) STATS - 6.1, 303
2018-10-23 17:20:36 (7234042518575) STATS - 6.2, 252
2018-10-23 17:20:36 (7234042644380) STATS - 6.3, 278
2018-10-23 17:20:36 (7234042778086) STATS - 6.4, 280
2018-10-23 17:20:36 (7234049898390) STATS - 6.5, 308
2018-10-23 17:20:36 (7234050095199) STATS - 6.6, 284
2018-10-23 17:20:36 (7234050218904) STATS - 6.7, 284
2018-10-23 17:20:36 (7234050338609) STATS - 6.8, 250
2018-10-23 17:20:36 (7234050486216) STATS - 6.9, 272
2018-10-23 17:20:36 (7234050639422) STATS - 7.0, 271
2018-10-23 17:20:36 (7234050763427) STATS - 7.1, 289
2018-10-23 17:20:36 (7234050880732) STATS - 7.2, 297
2018-10-23 17:20:36 (7234050997137) STATS - 7.3, 335
2018-10-23 17:20:36 (7234051124443) STATS - 7.4, 391
2018-10-23 17:20:36 (7234051244748) STATS - 7.5, 379
2018-10-23 17:20:36 (7234051361753) STATS - 7.6, 460
2018-10-23 17:20:36 (7234051483558) STATS - 7.7, 494
2018-10-23 17:20:36 (7234051602563) STATS - 7.8, 585
2018-10-23 17:20:36 (7234051719268) STATS - 7.9, 569
2018-10-23 17:20:36 (7234051833473) STATS - 8.0, 607
2018-10-23 17:20:36 (7234051951878) STATS - 8.1, 739
2018-10-23 17:20:36 (7234052100885) STATS - 8.2, 773
2018-10-23 17:20:36 (7234052229690) STATS - 8.3, 775
2018-10-23 17:20:36 (7234052347795) STATS - 8.4, 756
2018-10-23 17:20:36 (7234052465800) STATS - 8.5, 679
2018-10-23 17:20:36 (7234059571804) STATS - 8.6, 687
2018-10-23 17:20:36 (7234059779313) STATS - 8.7, 655
2018-10-23 17:20:36 (7234059898218) STATS - 8.8, 624
2018-10-23 17:20:36 (7234060043925) STATS - 8.9, 515
2018-10-23 17:20:36 (7234060162730) STATS - 9.0, 558
2018-10-23 17:20:36 (7234060276334) STATS - 9.1, 498
2018-10-23 17:20:36 (7234060389139) STATS - 9.2, 513
2018-10-23 17:20:36 (7234060507844) STATS - 9.3, 519
2018-10-23 17:20:36 (7234060625949) STATS - 9.4, 563
2018-10-23 17:20:36 (7234060745055) STATS - 9.5, 592
2018-10-23 17:20:36 (7234060859359) STATS - 9.6, 704
2018-10-23 17:20:36 (7234060974464) STATS - 9.7, 603
2018-10-23 17:20:36 (7234061120971) STATS - 9.8, 408
2018-10-23 17:20:36 (7234061241376) STATS - 9.9, 332
2018-10-23 17:20:36 (7234061367181) STATS - 10.0, 205
2018-10-23 17:20:36 (7234061528788) STATS - 10.1, 135
2018-10-23 17:20:36 (7234061650793) STATS - 10.2, 122
2018-10-23 17:20:36 (7234061790899) STATS - 10.3, 104
2018-10-23 17:20:36 (7234061909804) STATS - 10.4, 90
2018-10-23 17:20:36 (7234062035210) STATS - 10.5, 90
2018-10-23 17:20:36 (7234062185616) STATS - 10.6, 67
2018-10-23 17:20:36 (7234062345123) STATS - 10.7, 57
2018-10-23 17:20:36 (7234069976550) STATS - 10.8, 43
2018-10-23 17:20:36 (7234070448070) STATS - 10.9, 45
2018-10-23 17:20:36 (7234070587276) STATS - 11.0, 49
2018-10-23 17:20:36 (7234070882288) STATS - 11.1, 57
2018-10-23 17:20:36 (7234071042295) STATS - 11.2, 50
2018-10-23 17:20:36 (7234071175101) STATS - 11.3, 33
2018-10-23 17:20:36 (7234071285606) STATS - 11.4, 26
2018-10-23 17:20:36 (7234071394710) STATS - 11.5, 32
2018-10-23 17:20:36 (7234071505215) STATS - 11.6, 24
2018-10-23 17:20:36 (7234071615720) STATS - 11.7, 29
2018-10-23 17:20:36 (7234071743725) STATS - 11.8, 22
2018-10-23 17:20:36 (7234071857530) STATS - 11.9, 15
2018-10-23 17:20:36 (7234071968735) STATS - 12.0, 28
2018-10-23 17:20:36 (7234072122341) STATS - 12.1, 23
2018-10-23 17:20:36 (7234072246847) STATS - 12.2, 20
2018-10-23 17:20:36 (7234072363552) STATS - 12.3, 13
2018-10-23 17:20:36 (7234072474656) STATS - 12.4, 29
2018-10-23 17:20:36 (7234072584361) STATS - 12.5, 11
2018-10-23 17:20:36 (7234072692466) STATS - 12.6, 15
2018-10-23 17:20:36 (7234079103740) STATS - 12.7, 15
2018-10-23 17:20:36 (7234079241946) STATS - 12.8, 26
2018-10-23 17:20:36 (7234079351551) STATS - 12.9, 23
2018-10-23 17:20:36 (7234079459555) STATS - 13.0, 21
2018-10-23 17:20:36 (7234079588061) STATS - 13.1, 9
2018-10-23 17:20:36 (7234079740667) STATS - 13.2, 12
2018-10-23 17:20:36 (7234079856072) STATS - 13.3, 11
2018-10-23 17:20:36 (7234079963477) STATS - 13.4, 9
2018-10-23 17:20:36 (7234080092582) STATS - 13.5, 8
2018-10-23 17:20:36 (7234080201887) STATS - 13.6, 11
2018-10-23 17:20:36 (7234080310792) STATS - 13.7, 11
2018-10-23 17:20:36 (7234080418396) STATS - 13.8, 19
2018-10-23 17:20:36 (7234080561402) STATS - 13.9, 13
2018-10-23 17:20:36 (7234080674307) STATS - 14.0, 7
2018-10-23 17:20:36 (7234080775412) STATS - 14.1, 10
2018-10-23 17:20:36 (7234080877716) STATS - 14.2, 9
2018-10-23 17:20:36 (7234080981120) STATS - 14.3, 5
2018-10-23 17:20:36 (7234081085625) STATS - 14.4, 10
2018-10-23 17:20:36 (7234081245232) STATS - 14.5, 7
2018-10-23 17:20:36 (7234081375837) STATS - 14.6, 7
2018-10-23 17:20:36 (7234081486742) STATS - 14.7, 9
2018-10-23 17:20:36 (7234081595047) STATS - 14.8, 12
2018-10-23 17:20:36 (7234081703851) STATS - 14.9, 13
2018-10-23 17:20:36 (7234081860558) STATS - 15.0, 7
2018-10-23 17:20:36 (7234088908360) STATS - 15.1, 3
2018-10-23 17:20:36 (7234089068366) STATS - 15.2, 3
2018-10-23 17:20:36 (7234089182371) STATS - 15.3, 5
2018-10-23 17:20:36 (7234089289676) STATS - 15.4, 2
2018-10-23 17:20:36 (7234089564788) STATS - 15.5, 5
2018-10-23 17:20:36 (7234089686093) STATS - 15.6, 2
2018-10-23 17:20:36 (7234089843800) STATS - 15.7, 3
2018-10-23 17:20:36 (7234089964805) STATS - 15.8, 8
2018-10-23 17:20:36 (7234090088610) STATS - 15.9, 11
2018-10-23 17:20:36 (7234090195715) STATS - 16.0, 9
2018-10-23 17:20:36 (7234090333521) STATS - 16.1, 7
2018-10-23 17:20:36 (7234090677735) STATS - 16.2, 5
2018-10-23 17:20:36 (7234090803641) STATS - 16.3, 3
2018-10-23 17:20:36 (7234090922346) STATS - 16.4, 7
2018-10-23 17:20:36 (7234091064352) STATS - 16.5, 6
2018-10-23 17:20:36 (7234091215658) STATS - 16.6, 0
2018-10-23 17:20:36 (7234091321763) STATS - 16.7, 5
2018-10-23 17:20:36 (7234091465869) STATS - 16.8, 11
2018-10-23 17:20:36 (7234091574574) STATS - 16.9, 8
2018-10-23 17:20:36 (7234091681278) STATS - 17.0, 9
2018-10-23 17:20:36 (7234098881886) STATS - 17.1, 5
2018-10-23 17:20:36 (7234099008892) STATS - 17.2, 4
2018-10-23 17:20:36 (7234099162298) STATS - 17.3, 5
2018-10-23 17:20:36 (7234099273103) STATS - 17.4, 3
2018-10-23 17:20:36 (7234099410209) STATS - 17.5, 2
2018-10-23 17:20:36 (7234099530414) STATS - 17.6, 7
2018-10-23 17:20:36 (7234099637019) STATS - 17.7, 13
2018-10-23 17:20:36 (7234099743823) STATS - 17.8, 9
2018-10-23 17:20:36 (7234099850328) STATS - 17.9, 11
2018-10-23 17:20:36 (7234099956732) STATS - 18.0, 11
2018-10-23 17:20:36 (7234100084738) STATS - 18.1, 4
2018-10-23 17:20:36 (7234100216143) STATS - 18.2, 8
2018-10-23 17:20:36 (7234100388151) STATS - 18.3, 3
2018-10-23 17:20:36 (7234100506856) STATS - 18.4, 14
2018-10-23 17:20:36 (7234100774967) STATS - 18.5, 10
2018-10-23 17:20:36 (7234100948875) STATS - 18.6, 7
2018-10-23 17:20:36 (7234101062380) STATS - 18.7, 5
2018-10-23 17:20:36 (7234101194485) STATS - 18.8, 11
2018-10-23 17:20:36 (7234101308190) STATS - 18.9, 9
2018-10-23 17:20:36 (7234101411795) STATS - 19.0, 6
2018-10-23 17:20:36 (7234101515999) STATS - 19.1, 4
2018-10-23 17:20:36 (7234101621704) STATS - 19.2, 3
2018-10-23 17:20:36 (7234108461396) STATS - 19.3, 6
2018-10-23 17:20:36 (7234108687206) STATS - 19.4, 2
2018-10-23 17:20:36 (7234108824512) STATS - 19.5, 3
2018-10-23 17:20:36 (7234108940217) STATS - 19.6, 3
2018-10-23 17:20:36 (7234109038621) STATS - 19.7, 2
2018-10-23 17:20:36 (7234109257130) STATS - 19.8, 0
2018-10-23 17:20:36 (7234109364435) STATS - 19.9, 2
2018-10-23 17:20:36 (7234109467639) STATS - 20.0, 5
2018-10-23 17:20:36 (7234109579844) STATS - 20.1, 2
2018-10-23 17:20:36 (7234109679048) STATS - 20.2, 3
2018-10-23 17:20:36 (7234109776253) STATS - 20.3, 12
2018-10-23 17:20:36 (7234109877157) STATS - 20.4, 9
2018-10-23 17:20:36 (7234109985961) STATS - 20.5, 7
2018-10-23 17:20:36 (7234110099666) STATS - 20.6, 3
2018-10-23 17:20:36 (7234110230372) STATS - 20.7, 3
2018-10-23 17:20:36 (7234110336877) STATS - 20.8, 1
2018-10-23 17:20:36 (7234110440081) STATS - 20.9, 7
2018-10-23 17:20:36 (7234110560786) STATS - 21.0, 1
2018-10-23 17:20:36 (7234110660990) STATS - 21.1, 2
2018-10-23 17:20:36 (7234110764095) STATS - 21.2, 3
2018-10-23 17:20:36 (7234110866899) STATS - 21.3, 3
2018-10-23 17:20:36 (7234110967703) STATS - 21.4, 2
2018-10-23 17:20:36 (7234111071708) STATS - 21.5, 1
2018-10-23 17:20:36 (7234111339319) STATS - 21.6, 0
2018-10-23 17:20:36 (7234118321518) STATS - 21.7, 3
2018-10-23 17:20:36 (7234118467124) STATS - 21.8, 3
2018-10-23 17:20:36 (7234118595830) STATS - 21.9, 4
2018-10-23 17:20:36 (7234118694434) STATS - 22.0, 0
2018-10-23 17:20:36 (7234118793338) STATS - 22.1, 0
2018-10-23 17:20:36 (7234118908743) STATS - 22.2, 1
2018-10-23 17:20:36 (7234119027448) STATS - 22.3, 1
2018-10-23 17:20:36 (7234119117952) STATS - 22.4, 0
2018-10-23 17:20:36 (7234119224857) STATS - 22.5, 8
2018-10-23 17:20:36 (7234119324661) STATS - 22.6, 2
2018-10-23 17:20:36 (7234119427665) STATS - 22.7, 3
2018-10-23 17:20:36 (7234119546771) STATS - 22.8, 5
2018-10-23 17:20:36 (7234119636274) STATS - 22.9, 1
2018-10-23 17:20:36 (7234119774980) STATS - 23.0, 3
2018-10-23 17:20:36 (7234119891685) STATS - 23.1, 1
2018-10-23 17:20:36 (7234120076493) STATS - 23.2, 5
2018-10-23 17:20:36 (7234120180798) STATS - 23.3, 5
2018-10-23 17:20:36 (7234120290702) STATS - 23.4, 6
2018-10-23 17:20:36 (7234120393007) STATS - 23.5, 11
2018-10-23 17:20:36 (7234120494311) STATS - 23.6, 7
2018-10-23 17:20:36 (7234120800824) STATS - 23.7, 5
2018-10-23 17:20:36 (7234120920729) STATS - 23.8, 1
2018-10-23 17:20:36 (7234121046335) STATS - 23.9, 0
2018-10-23 17:20:36 (7234128232342) STATS - 24.0, 0
2018-10-23 17:20:36 (7234128406150) STATS - 24.1, 7
2018-10-23 17:20:36 (7234128535155) STATS - 24.2, 3
2018-10-23 17:20:36 (7234128634959) STATS - 24.3, 2
2018-10-23 17:20:36 (7234128744464) STATS - 24.4, 1
2018-10-23 17:20:36 (7234128852069) STATS - 24.5, 2
2018-10-23 17:20:36 (7234128944173) STATS - 24.6, 0
2018-10-23 17:20:36 (7234129036277) STATS - 24.7, 1
2018-10-23 17:20:36 (7234129144281) STATS - 24.8, 4
2018-10-23 17:20:36 (7234129256586) STATS - 24.9, 2
2018-10-23 17:20:36 (7234129352290) STATS - 25.0, 3
2018-10-23 17:20:36 (7234129448994) STATS - 25.1, 3
2018-10-23 17:20:36 (7234129554499) STATS - 25.2, 3
2018-10-23 17:20:36 (7234129660703) STATS - 25.3, 3
2018-10-23 17:20:36 (7234129767808) STATS - 25.4, 3
2018-10-23 17:20:36 (7234129867412) STATS - 25.5, 3
2018-10-23 17:20:36 (7234129966516) STATS - 25.6, 2
2018-10-23 17:20:36 (7234130069721) STATS - 25.7, 4
2018-10-23 17:20:36 (7234130211127) STATS - 25.8, 2
2018-10-23 17:20:36 (7234130323732) STATS - 25.9, 0
2018-10-23 17:20:36 (7234130434836) STATS - 26.0, 1
2018-10-23 17:20:36 (7234130550641) STATS - 26.1, 0
2018-10-23 17:20:36 (7234130645645) STATS - 26.2, 0
2018-10-23 17:20:36 (7234130739350) STATS - 26.3, 1
2018-10-23 17:20:36 (7234130833854) STATS - 26.4, 0
2018-10-23 17:20:36 (7234130928058) STATS - 26.5, 0
2018-10-23 17:20:36 (7234137982759) STATS - 26.6, 1
2018-10-23 17:20:36 (7234138190068) STATS - 26.7, 0
2018-10-23 17:20:36 (7234138348775) STATS - 26.8, 0
2018-10-23 17:20:36 (7234138448479) STATS - 26.9, 0
2018-10-23 17:20:36 (7234138537883) STATS - 27.0, 3
2018-10-23 17:20:36 (7234138632087) STATS - 27.1, 3
2018-10-23 17:20:36 (7234138735892) STATS - 27.2, 2
2018-10-23 17:20:36 (7234138824095) STATS - 27.3, 0
2018-10-23 17:20:36 (7234138912799) STATS - 27.4, 0
2018-10-23 17:20:36 (7234139047405) STATS - 27.5, 0
2018-10-23 17:20:36 (7234139142809) STATS - 27.6, 2
2018-10-23 17:20:36 (7234139234013) STATS - 27.7, 2
2018-10-23 17:20:36 (7234139364019) STATS - 27.8, 1
2018-10-23 17:20:36 (7234139458723) STATS - 27.9, 0
2018-10-23 17:20:36 (7234139547126) STATS - 28.0, 0
2018-10-23 17:20:36 (7234139637930) STATS - 28.1, 1
2018-10-23 17:20:36 (7234139728934) STATS - 28.2, 0
2018-10-23 17:20:36 (7234139878441) STATS - 28.3, 0
2018-10-23 17:20:36 (7234139977045) STATS - 28.4, 0
2018-10-23 17:20:36 (7234140118951) STATS - 28.5, 5
2018-10-23 17:20:36 (7234140212255) STATS - 28.6, 4
2018-10-23 17:20:36 (7234140303959) STATS - 28.7, 1
2018-10-23 17:20:36 (7234140395363) STATS - 28.8, 0
2018-10-23 17:20:36 (7234140493867) STATS - 28.9, 0
2018-10-23 17:20:36 (7234140581471) STATS - 29.0, 0
2018-10-23 17:20:36 (7234140677675) STATS - 29.1, 2
2018-10-23 17:20:36 (7234140773379) STATS - 29.2, 0
2018-10-23 17:20:36 (7234148067291) STATS - 29.3, 0
2018-10-23 17:20:36 (7234148182496) STATS - 29.4, 0
2018-10-23 17:20:36 (7234148276400) STATS - 29.5, 0
2018-10-23 17:20:36 (7234148374404) STATS - 29.6, 2
2018-10-23 17:20:36 (7234148465708) STATS - 29.7, 0
2018-10-23 17:20:36 (7234148590013) STATS - 29.8, 4
2018-10-23 17:20:36 (7234148672617) STATS - 29.9, 0
2018-10-23 17:20:36 (7234148755120) STATS - 30.0, 4
2018-10-23 17:20:36 (7234148845524) STATS - 30.1, 0
2018-10-23 17:20:36 (7234148928928) STATS - 30.2, 0
2018-10-23 17:20:36 (7234149015332) STATS - 30.3, 1
2018-10-23 17:20:36 (7234149103135) STATS - 30.4, 0
2018-10-23 17:20:36 (7234149182939) STATS - 30.5, 1
2018-10-23 17:20:36 (7234149284543) STATS - 30.6, 0
2018-10-23 17:20:36 (7234149375947) STATS - 30.7, 0
2018-10-23 17:20:36 (7234149469151) STATS - 30.8, 0
2018-10-23 17:20:36 (7234149570855) STATS - 30.9, 1
2018-10-23 17:20:36 (7234149652959) STATS - 31.0, 1
2018-10-23 17:20:36 (7234149736562) STATS - 31.1, 2
2018-10-23 17:20:36 (7234149847967) STATS - 31.2, 0
2018-10-23 17:20:36 (7234149938271) STATS - 31.3, 0
2018-10-23 17:20:36 (7234150030475) STATS - 31.4, 0
2018-10-23 17:20:36 (7234150137680) STATS - 31.5, 0
2018-10-23 17:20:36 (7234150237984) STATS - 31.6, 0
2018-10-23 17:20:36 (7234150364289) STATS - 31.7, 0
2018-10-23 17:20:36 (7234150454993) STATS - 31.8, 1
2018-10-23 17:20:36 (7234150545297) STATS - 31.9, 0
2018-10-23 17:20:36 (7234150631601) STATS - 32.0, 0
2018-10-23 17:20:36 (7234150733205) STATS - 32.1, 0
2018-10-23 17:20:36 (7234157624600) STATS - 32.2, 0
2018-10-23 17:20:36 (7234157783707) STATS - 32.3, 0
2018-10-23 17:20:36 (7234157865510) STATS - 32.4, 0
2018-10-23 17:20:36 (7234157953514) STATS - 32.5, 0
2018-10-23 17:20:36 (7234158097220) STATS - 32.6, 0
2018-10-23 17:20:36 (7234158194224) STATS - 32.7, 1
2018-10-23 17:20:36 (7234158274328) STATS - 32.8, 0
2018-10-23 17:20:36 (7234158355031) STATS - 32.9, 0
2018-10-23 17:20:36 (7234158431434) STATS - 33.0, 0
2018-10-23 17:20:36 (7234158535039) STATS - 33.1, 0
2018-10-23 17:20:36 (7234158606642) STATS - 33.2, 0
2018-10-23 17:20:36 (7234158679145) STATS - 33.3, 0
2018-10-23 17:20:36 (7234158762749) STATS - 33.4, 0
2018-10-23 17:20:36 (7234158861953) STATS - 33.5, 0
2018-10-23 17:20:36 (7234158941656) STATS - 33.6, 0
2018-10-23 17:20:36 (7234159022060) STATS - 33.7, 0
2018-10-23 17:20:36 (7234159101363) STATS - 33.8, 0
2018-10-23 17:20:36 (7234159180466) STATS - 33.9, 0
2018-10-23 17:20:36 (7234159259370) STATS - 34.0, 0
2018-10-23 17:20:36 (7234159337673) STATS - 34.1, 0
2018-10-23 17:20:36 (7234159444878) STATS - 34.2, 0
2018-10-23 17:20:36 (7234159536582) STATS - 34.3, 0
2018-10-23 17:20:36 (7234159612185) STATS - 34.4, 0
2018-10-23 17:20:36 (7234159687488) STATS - 34.5, 0
2018-10-23 17:20:36 (7234159762491) STATS - 34.6, 0
2018-10-23 17:20:36 (7234159855495) STATS - 34.7, 0
2018-10-23 17:20:36 (7234159931299) STATS - 34.8, 0
2018-10-23 17:20:36 (7234160023403) STATS - 34.9, 0
2018-10-23 17:20:36 (7234160131407) STATS - 35.0, 0
2018-10-23 17:20:36 (7234160209911) STATS - 35.1, 0
2018-10-23 17:20:36 (7234160290214) STATS - 35.2, 1
2018-10-23 17:20:36 (7234160369317) STATS - 35.3, 0
2018-10-23 17:20:36 (7234160450821) STATS - 35.4, 0
2018-10-23 17:20:36 (7234167580026) STATS - 35.5, 0
2018-10-23 17:20:36 (7234167718632) STATS - 35.6, 0
2018-10-23 17:20:36 (7234167795135) STATS - 35.7, 0
2018-10-23 17:20:36 (7234167868838) STATS - 35.8, 0
2018-10-23 17:20:36 (7234167951942) STATS - 35.9, 0
2018-10-23 17:20:36 (7234168077347) STATS - 36.0, 0
2018-10-23 17:20:36 (7234168150450) STATS - 36.1, 0
2018-10-23 17:20:36 (7234168249055) STATS - 36.2, 0
2018-10-23 17:20:36 (7234168322658) STATS - 36.3, 0
2018-10-23 17:20:36 (7234168393561) STATS - 36.4, 0
2018-10-23 17:20:36 (7234168479764) STATS - 36.5, 0
2018-10-23 17:20:36 (7234168568368) STATS - 36.6, 0
2018-10-23 17:20:36 (7234168663872) STATS - 36.7, 0
2018-10-23 17:20:36 (7234168762876) STATS - 36.8, 0
2018-10-23 17:20:36 (7234168860281) STATS - 36.9, 0
2018-10-23 17:20:36 (7234168925183) STATS - 37.0, 0
2018-10-23 17:20:36 (7234169003187) STATS - 37.1, 0
2018-10-23 17:20:36 (7234169087390) STATS - 37.2, 0
2018-10-23 17:20:36 (7234169156793) STATS - 37.3, 0
2018-10-23 17:20:36 (7234169237397) STATS - 37.4, 0
2018-10-23 17:20:36 (7234169307700) STATS - 37.5, 0
2018-10-23 17:20:36 (7234169392103) STATS - 37.6, 0
2018-10-23 17:20:36 (7234169466507) STATS - 37.7, 0
2018-10-23 17:20:36 (7234169559911) STATS - 37.8, 0
2018-10-23 17:20:36 (7234169630814) STATS - 37.9, 0
2018-10-23 17:20:36 (7234169696516) STATS - 38.0, 0
2018-10-23 17:20:36 (7234169762619) STATS - 38.1, 0
2018-10-23 17:20:36 (7234169840723) STATS - 38.2, 0
2018-10-23 17:20:36 (7234169907725) STATS - 38.3, 0
2018-10-23 17:20:36 (7234169975928) STATS - 38.4, 0
2018-10-23 17:20:36 (7234170058032) STATS - 38.5, 0
2018-10-23 17:20:36 (7234170129635) STATS - 38.6, 0
2018-10-23 17:20:36 (7234170210938) STATS - 38.7, 0
2018-10-23 17:20:36 (7234170279941) STATS - 38.8, 0
2018-10-23 17:20:36 (7234177155236) STATS - 38.9, 0
2018-10-23 17:20:36 (7234177276241) STATS - 39.0, 0
2018-10-23 17:20:36 (7234177350444) STATS - 39.1, 0
2018-10-23 17:20:36 (7234177420347) STATS - 39.2, 0
2018-10-23 17:20:36 (7234177505451) STATS - 39.3, 0
2018-10-23 17:20:36 (7234177572353) STATS - 39.4, 0
2018-10-23 17:20:36 (7234177636856) STATS - 39.5, 0
2018-10-23 17:20:36 (7234177700759) STATS - 39.6, 0
2018-10-23 17:20:36 (7234177764662) STATS - 39.7, 0
2018-10-23 17:20:36 (7234177828764) STATS - 39.8, 0
2018-10-23 17:20:36 (7234177909368) STATS - 39.9, 0
2018-10-23 17:20:36 (7234177974671) STATS - 40.0, 0
2018-10-23 17:20:36 (7234178039973) STATS - 40.1, 0
2018-10-23 17:20:36 (7234178104476) STATS - 40.2, 0
2018-10-23 17:20:36 (7234178183680) STATS - 40.3, 0
2018-10-23 17:20:36 (7234178262483) STATS - 40.4, 0
2018-10-23 17:20:36 (7234178329786) STATS - 40.5, 0
2018-10-23 17:20:36 (7234178398489) STATS - 40.6, 0
2018-10-23 17:20:36 (7234178467692) STATS - 40.7, 0
2018-10-23 17:20:36 (7234178547895) STATS - 40.8, 0
2018-10-23 17:20:36 (7234178614898) STATS - 40.9, 0
2018-10-23 17:20:36 (7234178678401) STATS - 41.0, 0
2018-10-23 17:20:36 (7234178796706) STATS - 41.1, 0
2018-10-23 17:20:36 (7234179424533) STATS - 41.2, 0
2018-10-23 17:20:36 (7234179540138) STATS - 41.3, 0
2018-10-23 17:20:36 (7234179610741) STATS - 41.4, 0
2018-10-23 17:20:36 (7234179678844) STATS - 41.5, 0
2018-10-23 17:20:36 (7234179747447) STATS - 41.6, 0
2018-10-23 17:20:36 (7234179815849) STATS - 41.7, 0
2018-10-23 17:20:36 (7234179885352) STATS - 41.8, 0
2018-10-23 17:20:36 (7234179974656) STATS - 41.9, 0
2018-10-23 17:20:36 (7234180058360) STATS - 42.0, 0
2018-10-23 17:20:36 (7234180125263) STATS - 42.1, 0
2018-10-23 17:20:36 (7234186672043) STATS - 42.2, 0
2018-10-23 17:20:36 (7234186840650) STATS - 42.3, 0
2018-10-23 17:20:36 (7234186911053) STATS - 42.4, 0
2018-10-23 17:20:36 (7234187037358) STATS - 42.5, 0
2018-10-23 17:20:36 (7234187109862) STATS - 42.6, 0
2018-10-23 17:20:36 (7234187173864) STATS - 42.7, 0
2018-10-23 17:20:36 (7234187241567) STATS - 42.8, 0
2018-10-23 17:20:36 (7234187387173) STATS - 42.9, 0
2018-10-23 17:20:36 (7234187453876) STATS - 43.0, 0
2018-10-23 17:20:36 (7234187525779) STATS - 43.1, 0
2018-10-23 17:20:36 (7234187598682) STATS - 43.2, 0
2018-10-23 17:20:36 (7234187662285) STATS - 43.3, 0
2018-10-23 17:20:36 (7234187725188) STATS - 43.4, 0
2018-10-23 17:20:36 (7234187787591) STATS - 43.5, 0
2018-10-23 17:20:36 (7234187965198) STATS - 43.6, 0
2018-10-23 17:20:36 (7234188061802) STATS - 43.7, 0
2018-10-23 17:20:36 (7234188139806) STATS - 43.8, 0
2018-10-23 17:20:36 (7234188204608) STATS - 43.9, 0
2018-10-23 17:20:36 (7234188266011) STATS - 44.0, 0
2018-10-23 17:20:36 (7234188330014) STATS - 44.1, 0
2018-10-23 17:20:36 (7234188393116) STATS - 44.2, 0
2018-10-23 17:20:36 (7234188462019) STATS - 44.3, 0
2018-10-23 17:20:36 (7234188526122) STATS - 44.4, 0
2018-10-23 17:20:36 (7234188591225) STATS - 44.5, 0
2018-10-23 17:20:36 (7234188654728) STATS - 44.6, 0
2018-10-23 17:20:36 (7234188717930) STATS - 44.7, 0
2018-10-23 17:20:36 (7234188781233) STATS - 44.8, 0
2018-10-23 17:20:36 (7234188845336) STATS - 44.9, 0
2018-10-23 17:20:36 (7234188905338) STATS - 45.0, 0
2018-10-23 17:20:36 (7234188968141) STATS - 45.1, 0
2018-10-23 17:20:36 (7234189031044) STATS - 45.2, 0
2018-10-23 17:20:36 (7234189105047) STATS - 45.3, 0
2018-10-23 17:20:36 (7234189204351) STATS - 45.4, 0
2018-10-23 17:20:36 (7234189270154) STATS - 45.5, 0
2018-10-23 17:20:36 (7234189337057) STATS - 45.6, 0
2018-10-23 17:20:36 (7234189401260) STATS - 45.7, 0
2018-10-23 17:20:36 (7234189465462) STATS - 45.8, 0
2018-10-23 17:20:36 (7234196368758) STATS - 45.9, 0
2018-10-23 17:20:36 (7234196504664) STATS - 46.0, 0
2018-10-23 17:20:36 (7234196589367) STATS - 46.1, 0
2018-10-23 17:20:36 (7234196970983) STATS - 46.2, 0
2018-10-23 17:20:36 (7234197044387) STATS - 46.3, 0
2018-10-23 17:20:36 (7234197239195) STATS - 46.4, 0
2018-10-23 17:20:36 (7234197316598) STATS - 46.5, 0
2018-10-23 17:20:36 (7234197376101) STATS - 46.6, 0
2018-10-23 17:20:36 (7234197434703) STATS - 46.7, 0
2018-10-23 17:20:36 (7234197493606) STATS - 46.8, 0
2018-10-23 17:20:36 (7234197603211) STATS - 46.9, 0
2018-10-23 17:20:36 (7234197692714) STATS - 47.0, 0
2018-10-23 17:20:36 (7234197751317) STATS - 47.1, 0
2018-10-23 17:20:36 (7234197807619) STATS - 47.2, 0
2018-10-23 17:20:36 (7234197864922) STATS - 47.3, 0
2018-10-23 17:20:36 (7234197926324) STATS - 47.4, 0
2018-10-23 17:20:36 (7234197984327) STATS - 47.5, 0
2018-10-23 17:20:36 (7234198053330) STATS - 47.6, 0
2018-10-23 17:20:36 (7234198122133) STATS - 47.7, 0
2018-10-23 17:20:36 (7234198179235) STATS - 47.8, 0
2018-10-23 17:20:36 (7234198273839) STATS - 47.9, 0
2018-10-23 17:20:36 (7234198335442) STATS - 48.0, 0
2018-10-23 17:20:36 (7234198393544) STATS - 48.1, 0
2018-10-23 17:20:36 (7234198450247) STATS - 48.2, 0
2018-10-23 17:20:36 (7234198518350) STATS - 48.3, 0
2018-10-23 17:20:36 (7234198579352) STATS - 48.4, 0
2018-10-23 17:20:36 (7234198662156) STATS - 48.5, 0
2018-10-23 17:20:36 (7234198721558) STATS - 48.6, 0
2018-10-23 17:20:36 (7234198777361) STATS - 48.7, 0
2018-10-23 17:20:36 (7234198833263) STATS - 48.8, 0
2018-10-23 17:20:36 (7234198917267) STATS - 48.9, 0
2018-10-23 17:20:36 (7234198976269) STATS - 49.0, 0
2018-10-23 17:20:36 (7234199044672) STATS - 49.1, 0
2018-10-23 17:20:36 (7234199178378) STATS - 49.2, 0
2018-10-23 17:20:36 (7234199411788) STATS - 49.3, 0
2018-10-23 17:20:36 (7234199524693) STATS - 49.4, 0
2018-10-23 17:20:36 (7234206046672) STATS - 49.5, 0
2018-10-23 17:20:36 (7234206271081) STATS - 49.6, 0
2018-10-23 17:20:36 (7234206349885) STATS - 49.7, 0
2018-10-23 17:20:36 (7234206408287) STATS - 49.8, 0
2018-10-23 17:20:36 (7234206463890) STATS - 49.9, 0
2018-10-23 17:20:36 (7234206517192) STATS - 50.0, 0
2018-10-23 17:20:36 (7234206582895) STATS - 50.1, 0
2018-10-23 17:20:36 (7234206662298) STATS - 50.2, 0
2018-10-23 17:20:36 (7234206713300) STATS - 50.3, 0
2018-10-23 17:20:36 (7234206765903) STATS - 50.4, 0
2018-10-23 17:20:36 (7234206840106) STATS - 50.5, 0
2018-10-23 17:20:36 (7234206894808) STATS - 50.6, 0
2018-10-23 17:20:36 (7234206946210) STATS - 50.7, 0
2018-10-23 17:20:36 (7234206999313) STATS - 50.8, 0
2018-10-23 17:20:36 (7234207051515) STATS - 50.9, 0
2018-10-23 17:20:36 (7234207099117) STATS - 51.0, 0
2018-10-23 17:20:36 (7234207184621) STATS - 51.1, 0
2018-10-23 17:20:36 (7234207269824) STATS - 51.2, 0
2018-10-23 17:20:36 (7234207328827) STATS - 51.3, 0
2018-10-23 17:20:36 (7234207383829) STATS - 51.4, 0
2018-10-23 17:20:36 (7234207438331) STATS - 51.5, 0
2018-10-23 17:20:36 (7234207492334) STATS - 51.6, 0
2018-10-23 17:20:36 (7234207556336) STATS - 51.7, 0
2018-10-23 17:20:36 (7234207620939) STATS - 51.8, 0
2018-10-23 17:20:36 (7234207674041) STATS - 51.9, 0
2018-10-23 17:20:36 (7234207725744) STATS - 52.0, 0
2018-10-23 17:20:36 (7234207777846) STATS - 52.1, 0
2018-10-23 17:20:36 (7234207846249) STATS - 52.2, 0
2018-10-23 17:20:36 (7234207913252) STATS - 52.3, 0
2018-10-23 17:20:36 (7234207979255) STATS - 52.4, 0
2018-10-23 17:20:36 (7234208052558) STATS - 52.5, 0
2018-10-23 17:20:36 (7234208118660) STATS - 52.6, 0
2018-10-23 17:20:36 (7234208177063) STATS - 52.7, 0
2018-10-23 17:20:36 (7234208242966) STATS - 52.8, 0
2018-10-23 17:20:36 (7234208334070) STATS - 52.9, 0
2018-10-23 17:20:36 (7234208387472) STATS - 53.0, 0
2018-10-23 17:20:36 (7234208441374) STATS - 53.1, 0
2018-10-23 17:20:36 (7234208495077) STATS - 53.2, 0
2018-10-23 17:20:36 (7234208604281) STATS - 53.3, 0
2018-10-23 17:20:36 (7234208673384) STATS - 53.4, 0
2018-10-23 17:20:36 (7234208729187) STATS - 53.5, 0
2018-10-23 17:20:36 (7234208782089) STATS - 53.6, 0
2018-10-23 17:20:36 (7234208834991) STATS - 53.7, 0
2018-10-23 17:20:36 (7234208889193) STATS - 53.8, 0
2018-10-23 17:20:36 (7234208943096) STATS - 53.9, 0
2018-10-23 17:20:36 (7234215932795) STATS - 54.0, 0
2018-10-23 17:20:36 (7234215995198) STATS - 54.1, 0
2018-10-23 17:20:36 (7234216078501) STATS - 54.2, 0
2018-10-23 17:20:36 (7234216131403) STATS - 54.3, 0
2018-10-23 17:20:36 (7234216183006) STATS - 54.4, 0
2018-10-23 17:20:36 (7234216234708) STATS - 54.5, 0
2018-10-23 17:20:36 (7234216284810) STATS - 54.6, 0
2018-10-23 17:20:36 (7234216334412) STATS - 54.7, 0
2018-10-23 17:20:36 (7234216385514) STATS - 54.8, 0
2018-10-23 17:20:36 (7234216436416) STATS - 54.9, 0
2018-10-23 17:20:36 (7234216484818) STATS - 55.0, 0
2018-10-23 17:20:36 (7234216534421) STATS - 55.1, 0
2018-10-23 17:20:36 (7234216583923) STATS - 55.2, 0
2018-10-23 17:20:36 (7234216634925) STATS - 55.3, 0
2018-10-23 17:20:36 (7234216685227) STATS - 55.4, 0
2018-10-23 17:20:36 (7234216735829) STATS - 55.5, 0
2018-10-23 17:20:36 (7234216791332) STATS - 55.6, 0
2018-10-23 17:20:36 (7234216846434) STATS - 55.7, 0
2018-10-23 17:20:36 (7234216898136) STATS - 55.8, 0
2018-10-23 17:20:36 (7234216949938) STATS - 55.9, 0
2018-10-23 17:20:36 (7234217049043) STATS - 56.0, 1
2018-10-23 17:20:36 (7234217128146) STATS - 56.1, 0
2018-10-23 17:20:36 (7234217181648) STATS - 56.2, 2
2018-10-23 17:20:36 (7234217246751) STATS - 56.3, 0
2018-10-23 17:20:36 (7234217303453) STATS - 56.4, 1
2018-10-23 17:20:36 (7234217354956) STATS - 56.5, 0
2018-10-23 17:20:36 (7234217405158) STATS - 56.6, 0
2018-10-23 17:20:36 (7234217454960) STATS - 56.7, 0
2018-10-23 17:20:36 (7234217505262) STATS - 56.8, 0
2018-10-23 17:20:36 (7234217557164) STATS - 56.9, 0
2018-10-23 17:20:36 (7234217622867) STATS - 57.0, 0
2018-10-23 17:20:36 (7234217673469) STATS - 57.1, 0
2018-10-23 17:20:36 (7234217721371) STATS - 57.2, 0
2018-10-23 17:20:36 (7234217770773) STATS - 57.3, 1
2018-10-23 17:20:36 (7234217830776) STATS - 57.4, 0
2018-10-23 17:20:36 (7234217878778) STATS - 57.5, 1
2018-10-23 17:20:36 (7234217925180) STATS - 57.6, 0
2018-10-23 17:20:36 (7234217971482) STATS - 57.7, 0
2018-10-23 17:20:36 (7234218017884) STATS - 57.8, 0
2018-10-23 17:20:36 (7234218064386) STATS - 57.9, 0
2018-10-23 17:20:36 (7234218120588) STATS - 58.0, 0
2018-10-23 17:20:36 (7234218169491) STATS - 58.1, 0
2018-10-23 17:20:36 (7234218214992) STATS - 58.2, 2
2018-10-23 17:20:36 (7234218318697) STATS - 58.3, 0
2018-10-23 17:20:36 (7234218385700) STATS - 58.4, 0
2018-10-23 17:20:36 (7234218432902) STATS - 58.5, 0
2018-10-23 17:20:36 (7234218478704) STATS - 58.6, 0
2018-10-23 17:20:36 (7234218524106) STATS - 58.7, 0
2018-10-23 17:20:36 (7234218568908) STATS - 58.8, 0
2018-10-23 17:20:36 (7234225449902) STATS - 58.9, 0
2018-10-23 17:20:36 (7234225519505) STATS - 59.0, 0
2018-10-23 17:20:36 (7234225567807) STATS - 59.1, 0
2018-10-23 17:20:36 (7234225612609) STATS - 59.2, 0
2018-10-23 17:20:36 (7234226288238) STATS - 59.3, 0
2018-10-23 17:20:36 (7234226335440) STATS - 59.4, 0
2018-10-23 17:20:36 (7234226380142) STATS - 59.5, 0
2018-10-23 17:20:36 (7234226423344) STATS - 59.6, 0
2018-10-23 17:20:36 (7234226479146) STATS - 59.7, 0
2018-10-23 17:20:36 (7234226527648) STATS - 59.8, 0
2018-10-23 17:20:36 (7234226576550) STATS - 59.9, 0
2018-10-23 17:20:36 (7234226619452) STATS - 60.0, 0
2018-10-23 17:20:36 (7234226663454) STATS - 60.1, 0
2018-10-23 17:20:36 (7234226706956) STATS - 60.2, 0
2018-10-23 17:20:36 (7234226749558) STATS - 60.3, 0
2018-10-23 17:20:36 (7234226822861) STATS - 60.4, 0
2018-10-23 17:20:36 (7234226881163) STATS - 60.5, 0
2018-10-23 17:20:36 (7234226928165) STATS - 60.6, 0
2018-10-23 17:20:36 (7234226972567) STATS - 60.7, 0
2018-10-23 17:20:36 (7234227014069) STATS - 60.8, 0
2018-10-23 17:20:36 (7234227054771) STATS - 60.9, 0
2018-10-23 17:20:36 (7234227093572) STATS - 61.0, 0
2018-10-23 17:20:36 (7234227165675) STATS - 61.1, 0
2018-10-23 17:20:36 (7234227215978) STATS - 61.2, 0
2018-10-23 17:20:36 (7234227258079) STATS - 61.3, 0
2018-10-23 17:20:36 (7234227298681) STATS - 61.4, 0
2018-10-23 17:20:36 (7234227339083) STATS - 61.5, 0
2018-10-23 17:20:36 (7234227379385) STATS - 61.6, 0
2018-10-23 17:20:36 (7234227419686) STATS - 61.7, 0
2018-10-23 17:20:36 (7234227459988) STATS - 61.8, 0
2018-10-23 17:20:36 (7234227573193) STATS - 61.9, 0
2018-10-23 17:20:36 (7234227750200) STATS - 62.0, 0
2018-10-23 17:20:36 (7234227798403) STATS - 62.1, 0
2018-10-23 17:20:36 (7234227864505) STATS - 62.2, 0
2018-10-23 17:20:36 (7234227927908) STATS - 62.3, 0
2018-10-23 17:20:36 (7234227999811) STATS - 62.4, 0
2018-10-23 17:20:36 (7234228066714) STATS - 62.5, 0
2018-10-23 17:20:36 (7234228108716) STATS - 62.6, 0
2018-10-23 17:20:36 (7234228149618) STATS - 62.7, 0
2018-10-23 17:20:36 (7234228209820) STATS - 62.8, 0
2018-10-23 17:20:36 (7234228252922) STATS - 62.9, 0
2018-10-23 17:20:36 (7234228294524) STATS - 63.0, 0
2018-10-23 17:20:36 (7234228335526) STATS - 63.1, 0
2018-10-23 17:20:36 (7234228400628) STATS - 63.2, 0
2018-10-23 17:20:36 (7234228448730) STATS - 63.3, 0
2018-10-23 17:20:36 (7234228500933) STATS - 63.4, 0
2018-10-23 17:20:36 (7234228826947) STATS - 63.5, 0
2018-10-23 17:20:36 (7234228876649) STATS - 63.6, 0
2018-10-23 17:20:36 (7234228916950) STATS - 63.7, 0
2018-10-23 17:20:36 (7234235268822) STATS - 63.8, 0
2018-10-23 17:20:36 (7234235371827) STATS - 63.9, 0
2018-10-23 17:20:36 (7234235423729) STATS - 64.0, 0
2018-10-23 17:20:36 (7234235466631) STATS - 64.1, 0
2018-10-23 17:20:36 (7234235507132) STATS - 64.2, 0
2018-10-23 17:20:36 (7234235551634) STATS - 64.3, 0
2018-10-23 17:20:36 (7234235590436) STATS - 64.4, 0
2018-10-23 17:20:36 (7234235629138) STATS - 64.5, 0
2018-10-23 17:20:36 (7234235668039) STATS - 64.6, 0
2018-10-23 17:20:36 (7234235766143) STATS - 64.7, 0
2018-10-23 17:20:36 (7234235818146) STATS - 64.8, 0
2018-10-23 17:20:36 (7234235856947) STATS - 64.9, 0
2018-10-23 17:20:36 (7234235896449) STATS - 65.0, 0
2018-10-23 17:20:36 (7234235936051) STATS - 65.1, 0
2018-10-23 17:20:36 (7234235974852) STATS - 65.2, 0
2018-10-23 17:20:36 (7234236028355) STATS - 65.3, 0
2018-10-23 17:20:36 (7234236071357) STATS - 65.4, 0
2018-10-23 17:20:36 (7234236151660) STATS - 65.5, 0
2018-10-23 17:20:36 (7234236196562) STATS - 65.6, 0
2018-10-23 17:20:36 (7234236245364) STATS - 65.7, 0
2018-10-23 17:20:36 (7234236287266) STATS - 65.8, 0
2018-10-23 17:20:36 (7234236325167) STATS - 65.9, 0
2018-10-23 17:20:36 (7234236361369) STATS - 66.0, 0
2018-10-23 17:20:36 (7234236399671) STATS - 66.1, 0
2018-10-23 17:20:36 (7234236463673) STATS - 66.2, 0
2018-10-23 17:20:36 (7234236508875) STATS - 66.3, 0
2018-10-23 17:20:36 (7234236548577) STATS - 66.4, 0
2018-10-23 17:20:36 (7234236586779) STATS - 66.5, 0
2018-10-23 17:20:36 (7234236625580) STATS - 66.6, 0
2018-10-23 17:20:36 (7234236666182) STATS - 66.7, 0
2018-10-23 17:20:36 (7234236704584) STATS - 66.8, 0
2018-10-23 17:20:36 (7234236741785) STATS - 66.9, 0
2018-10-23 17:20:36 (7234236780287) STATS - 67.0, 0
2018-10-23 17:20:36 (7234236818789) STATS - 67.1, 0
2018-10-23 17:20:36 (7234236856990) STATS - 67.2, 0
2018-10-23 17:20:36 (7234236895292) STATS - 67.3, 0
2018-10-23 17:20:36 (7234236933893) STATS - 67.4, 0
2018-10-23 17:20:36 (7234236972095) STATS - 67.5, 0
2018-10-23 17:20:36 (7234237010197) STATS - 67.6, 0
2018-10-23 17:20:36 (7234237048298) STATS - 67.7, 0
2018-10-23 17:20:36 (7234237086100) STATS - 67.8, 0
2018-10-23 17:20:36 (7234237124102) STATS - 67.9, 0
2018-10-23 17:20:36 (7234237159303) STATS - 68.0, 0
2018-10-23 17:20:36 (7234237196105) STATS - 68.1, 0
2018-10-23 17:20:36 (7234237232906) STATS - 68.2, 0
2018-10-23 17:20:36 (7234237270108) STATS - 68.3, 0
2018-10-23 17:20:36 (7234237332510) STATS - 68.4, 0
2018-10-23 17:20:36 (7234237375312) STATS - 68.5, 0
2018-10-23 17:20:36 (7234237412614) STATS - 68.6, 0
2018-10-23 17:20:36 (7234237449115) STATS - 68.7, 0
2018-10-23 17:20:36 (7234237486017) STATS - 68.8, 0
2018-10-23 17:20:36 (7234237522119) STATS - 68.9, 0
2018-10-23 17:20:36 (7234237557220) STATS - 69.0, 0
2018-10-23 17:20:36 (7234237595922) STATS - 69.1, 0
2018-10-23 17:20:36 (7234237670625) STATS - 69.2, 0
2018-10-23 17:20:36 (7234237716427) STATS - 69.3, 0
2018-10-23 17:20:36 (7234237753228) STATS - 69.4, 0
2018-10-23 17:20:36 (7234237789230) STATS - 69.5, 0
2018-10-23 17:20:36 (7234237825432) STATS - 69.6, 0
2018-10-23 17:20:36 (7234237863833) STATS - 69.7, 0
2018-10-23 17:20:36 (7234237902835) STATS - 69.8, 0
2018-10-23 17:20:36 (7234237944637) STATS - 69.9, 0
2018-10-23 17:20:36 (7234244798630) STATS - 70.0, 0
2018-10-23 17:20:36 (7234244916935) STATS - 70.1, 0
2018-10-23 17:20:36 (7234244963937) STATS - 70.2, 0
2018-10-23 17:20:36 (7234245001039) STATS - 70.3, 0
2018-10-23 17:20:36 (7234245048541) STATS - 70.4, 0
2018-10-23 17:20:36 (7234245101443) STATS - 70.5, 0
2018-10-23 17:20:36 (7234245138044) STATS - 70.6, 0
2018-10-23 17:20:36 (7234245173346) STATS - 70.7, 0
2018-10-23 17:20:36 (7234245208848) STATS - 70.8, 0
2018-10-23 17:20:36 (7234245244349) STATS - 70.9, 0
2018-10-23 17:20:36 (7234245278150) STATS - 71.0, 0
2018-10-23 17:20:36 (7234245313752) STATS - 71.1, 0
2018-10-23 17:20:36 (7234245349354) STATS - 71.2, 0
2018-10-23 17:20:36 (7234245384055) STATS - 71.3, 0
2018-10-23 17:20:36 (7234245419557) STATS - 71.4, 0
2018-10-23 17:20:36 (7234245455158) STATS - 71.5, 0
2018-10-23 17:20:36 (7234245490360) STATS - 71.6, 0
2018-10-23 17:20:36 (7234245529361) STATS - 71.7, 0
2018-10-23 17:20:36 (7234245567263) STATS - 71.8, 0
2018-10-23 17:20:36 (7234245602764) STATS - 71.9, 0
2018-10-23 17:20:36 (7234245636266) STATS - 72.0, 0
2018-10-23 17:20:36 (7234245671567) STATS - 72.1, 0
2018-10-23 17:20:36 (7234245706069) STATS - 72.2, 0
2018-10-23 17:20:36 (7234245743070) STATS - 72.3, 0
2018-10-23 17:20:36 (7234245777872) STATS - 72.4, 0
2018-10-23 17:20:36 (7234245812773) STATS - 72.5, 0
2018-10-23 17:20:36 (7234245848075) STATS - 72.6, 0
2018-10-23 17:20:36 (7234245882876) STATS - 72.7, 0
2018-10-23 17:20:36 (7234245918178) STATS - 72.8, 0
2018-10-23 17:20:36 (7234245953579) STATS - 72.9, 0
2018-10-23 17:20:36 (7234245986981) STATS - 73.0, 0
2018-10-23 17:20:36 (7234246022482) STATS - 73.1, 0
2018-10-23 17:20:36 (7234246057384) STATS - 73.2, 0
2018-10-23 17:20:36 (7234246092385) STATS - 73.3, 0
2018-10-23 17:20:36 (7234246127587) STATS - 73.4, 0
2018-10-23 17:20:36 (7234246163388) STATS - 73.5, 0
2018-10-23 17:20:36 (7234246198790) STATS - 73.6, 0
2018-10-23 17:20:36 (7234246233191) STATS - 73.7, 0
2018-10-23 17:20:36 (7234246267993) STATS - 73.8, 0
2018-10-23 17:20:36 (7234246303694) STATS - 73.9, 0
2018-10-23 17:20:36 (7234246370397) STATS - 74.0, 0
2018-10-23 17:20:36 (7234246410699) STATS - 74.1, 0
2018-10-23 17:20:36 (7234246446100) STATS - 74.2, 0
2018-10-23 17:20:36 (7234246481502) STATS - 74.3, 0
2018-10-23 17:20:36 (7234246519404) STATS - 74.4, 0
2018-10-23 17:20:36 (7234246554705) STATS - 74.5, 0
2018-10-23 17:20:36 (7234246591507) STATS - 74.6, 0
2018-10-23 17:20:36 (7234246627508) STATS - 74.7, 0
2018-10-23 17:20:36 (7234246675310) STATS - 74.8, 0
2018-10-23 17:20:36 (7234246733113) STATS - 74.9, 0
2018-10-23 17:20:36 (7234246794115) STATS - 75.0, 0
2018-10-23 17:20:36 (7234246886319) STATS - 75.1, 0
2018-10-23 17:20:36 (7234246946422) STATS - 75.2, 0
2018-10-23 17:20:36 (7234247015925) STATS - 75.3, 0
2018-10-23 17:20:36 (7234247058027) STATS - 75.4, 0
2018-10-23 17:20:36 (7234247094428) STATS - 75.5, 0
2018-10-23 17:20:36 (7234247130530) STATS - 75.6, 0
2018-10-23 17:20:36 (7234247166231) STATS - 75.7, 0
2018-10-23 17:20:36 (7234247202133) STATS - 75.8, 0
2018-10-23 17:20:36 (7234247237234) STATS - 75.9, 0
2018-10-23 17:20:36 (7234247270836) STATS - 76.0, 0
2018-10-23 17:20:36 (7234247306137) STATS - 76.1, 0
2018-10-23 17:20:36 (7234247341339) STATS - 76.2, 0
2018-10-23 17:20:36 (7234247376640) STATS - 76.3, 0
2018-10-23 17:20:36 (7234247411942) STATS - 76.4, 0
2018-10-23 17:20:36 (7234247446543) STATS - 76.5, 0
2018-10-23 17:20:36 (7234247481245) STATS - 76.6, 0
2018-10-23 17:20:36 (7234247516046) STATS - 76.7, 0
2018-10-23 17:20:36 (7234247554748) STATS - 76.8, 0
2018-10-23 17:20:36 (7234247590749) STATS - 76.9, 0
2018-10-23 17:20:36 (7234247623951) STATS - 77.0, 0
2018-10-23 17:20:36 (7234247658752) STATS - 77.1, 0
2018-10-23 17:20:36 (7234247693754) STATS - 77.2, 0
2018-10-23 17:20:36 (7234254698554) STATS - 77.3, 0
2018-10-23 17:20:36 (7234254851260) STATS - 77.4, 0
2018-10-23 17:20:36 (7234254902962) STATS - 77.5, 0
2018-10-23 17:20:36 (7234254948664) STATS - 77.6, 0
2018-10-23 17:20:36 (7234254996366) STATS - 77.7, 0
2018-10-23 17:20:36 (7234255096171) STATS - 77.8, 0
2018-10-23 17:20:36 (7234255145173) STATS - 77.9, 0
2018-10-23 17:20:36 (7234255191475) STATS - 78.0, 0
2018-10-23 17:20:36 (7234255228576) STATS - 78.1, 0
2018-10-23 17:20:36 (7234255260678) STATS - 78.2, 0
2018-10-23 17:20:36 (7234255294679) STATS - 78.3, 0
2018-10-23 17:20:36 (7234255326080) STATS - 78.4, 0
2018-10-23 17:20:36 (7234255399684) STATS - 78.5, 0
2018-10-23 17:20:36 (7234255438585) STATS - 78.6, 0
2018-10-23 17:20:36 (7234255469987) STATS - 78.7, 0
2018-10-23 17:20:36 (7234255500688) STATS - 78.8, 0
2018-10-23 17:20:36 (7234255575091) STATS - 78.9, 0
2018-10-23 17:20:36 (7234255609693) STATS - 79.0, 0
2018-10-23 17:20:36 (7234255640994) STATS - 79.1, 0
2018-10-23 17:20:36 (7234255671295) STATS - 79.2, 0
2018-10-23 17:20:36 (7234255701496) STATS - 79.3, 0
2018-10-23 17:20:36 (7234255732098) STATS - 79.4, 0
2018-10-23 17:20:36 (7234255762199) STATS - 79.5, 0
2018-10-23 17:20:36 (7234255792300) STATS - 79.6, 0
2018-10-23 17:20:36 (7234255822102) STATS - 79.7, 0
2018-10-23 17:20:36 (7234255854803) STATS - 79.8, 0
2018-10-23 17:20:36 (7234255902205) STATS - 79.9, 0
2018-10-23 17:20:36 (7234255933906) STATS - 80.0, 0
2018-10-23 17:20:36 (7234255981008) STATS - 80.1, 0
2018-10-23 17:20:36 (7234256038611) STATS - 80.2, 0
2018-10-23 17:20:36 (7234256072112) STATS - 80.3, 0
2018-10-23 17:20:36 (7234256101614) STATS - 80.4, 0
2018-10-23 17:20:36 (7234256130415) STATS - 80.5, 0
2018-10-23 17:20:36 (7234256158616) STATS - 80.6, 0
2018-10-23 17:20:36 (7234256235319) STATS - 80.7, 0
2018-10-23 17:20:36 (7234256267821) STATS - 80.8, 0
2018-10-23 17:20:36 (7234256297622) STATS - 80.9, 0
2018-10-23 17:20:36 (7234256410827) STATS - 81.0, 0
2018-10-23 17:20:36 (7234256472929) STATS - 81.1, 0
2018-10-23 17:20:36 (7234256504831) STATS - 81.2, 0
2018-10-23 17:20:36 (7234256535632) STATS - 81.3, 0
2018-10-23 17:20:36 (7234256565533) STATS - 81.4, 0
2018-10-23 17:20:36 (7234256594935) STATS - 81.5, 0
2018-10-23 17:20:36 (7234256624936) STATS - 81.6, 0
2018-10-23 17:20:36 (7234256654337) STATS - 81.7, 0
2018-10-23 17:20:36 (7234256683439) STATS - 81.8, 0
2018-10-23 17:20:36 (7234256712940) STATS - 81.9, 0
2018-10-23 17:20:36 (7234256742241) STATS - 82.0, 0
2018-10-23 17:20:36 (7234256771842) STATS - 82.1, 0
2018-10-23 17:20:36 (7234256801344) STATS - 82.2, 0
2018-10-23 17:20:36 (7234256832845) STATS - 82.3, 0
2018-10-23 17:20:36 (7234257035654) STATS - 82.4, 0
2018-10-23 17:20:36 (7234257073055) STATS - 82.5, 0
2018-10-23 17:20:36 (7234257104557) STATS - 82.6, 0
2018-10-23 17:20:36 (7234257134458) STATS - 82.7, 0
2018-10-23 17:20:36 (7234257163759) STATS - 82.8, 0
2018-10-23 17:20:36 (7234257193060) STATS - 82.9, 0
2018-10-23 17:20:36 (7234257226462) STATS - 83.0, 0
2018-10-23 17:20:36 (7234257257563) STATS - 83.1, 0
2018-10-23 17:20:36 (7234257290864) STATS - 83.2, 0
2018-10-23 17:20:36 (7234257326866) STATS - 83.3, 0
2018-10-23 17:20:36 (7234257356067) STATS - 83.4, 0
2018-10-23 17:20:36 (7234257386769) STATS - 83.5, 0
2018-10-23 17:20:36 (7234257418370) STATS - 83.6, 0
2018-10-23 17:20:36 (7234257461472) STATS - 83.7, 0
2018-10-23 17:20:36 (7234257508574) STATS - 83.8, 0
2018-10-23 17:20:36 (7234257548576) STATS - 83.9, 0
2018-10-23 17:20:36 (7234257582077) STATS - 84.0, 0
2018-10-23 17:20:36 (7234257611878) STATS - 84.1, 0
2018-10-23 17:20:36 (7234257640479) STATS - 84.2, 0
2018-10-23 17:20:36 (7234257668881) STATS - 84.3, 0
2018-10-23 17:20:36 (7234257697182) STATS - 84.4, 0
2018-10-23 17:20:36 (7234257725083) STATS - 84.5, 0
2018-10-23 17:20:36 (7234257753684) STATS - 84.6, 0
2018-10-23 17:20:36 (7234264607878) STATS - 84.7, 0
2018-10-23 17:20:36 (7234264693381) STATS - 84.8, 0
2018-10-23 17:20:36 (7234264726883) STATS - 84.9, 0
2018-10-23 17:20:36 (7234264756684) STATS - 85.0, 0
2018-10-23 17:20:36 (7234264785985) STATS - 85.1, 0
2018-10-23 17:20:36 (7234264813986) STATS - 85.2, 0
2018-10-23 17:20:36 (7234264840988) STATS - 85.3, 0
2018-10-23 17:20:36 (7234264883889) STATS - 85.4, 0
2018-10-23 17:20:36 (7234264912691) STATS - 85.5, 0
2018-10-23 17:20:36 (7234264940692) STATS - 85.6, 0
2018-10-23 17:20:36 (7234264968293) STATS - 85.7, 0
2018-10-23 17:20:36 (7234264995994) STATS - 85.8, 0
2018-10-23 17:20:36 (7234265022895) STATS - 85.9, 0
2018-10-23 17:20:36 (7234265049896) STATS - 86.0, 0
2018-10-23 17:20:36 (7234265080598) STATS - 86.1, 0
2018-10-23 17:20:36 (7234265108099) STATS - 86.2, 0
2018-10-23 17:20:36 (7234265135800) STATS - 86.3, 0
2018-10-23 17:20:36 (7234265162801) STATS - 86.4, 0
2018-10-23 17:20:36 (7234265189702) STATS - 86.5, 0
2018-10-23 17:20:36 (7234265216504) STATS - 86.6, 0
2018-10-23 17:20:36 (7234265243005) STATS - 86.7, 0
2018-10-23 17:20:36 (7234265271406) STATS - 86.8, 0
2018-10-23 17:20:36 (7234265298707) STATS - 86.9, 0
2018-10-23 17:20:36 (7234265325608) STATS - 87.0, 0
2018-10-23 17:20:36 (7234265387711) STATS - 87.1, 0
2018-10-23 17:20:36 (7234265416912) STATS - 87.2, 0
2018-10-23 17:20:36 (7234265444513) STATS - 87.3, 0
2018-10-23 17:20:36 (7234265471315) STATS - 87.4, 0
2018-10-23 17:20:36 (7234265498316) STATS - 87.5, 0
2018-10-23 17:20:36 (7234265525217) STATS - 87.6, 0
2018-10-23 17:20:36 (7234265553418) STATS - 87.7, 0
2018-10-23 17:20:36 (7234265589620) STATS - 87.8, 0
2018-10-23 17:20:36 (7234265647422) STATS - 87.9, 0
2018-10-23 17:20:36 (7234265695324) STATS - 88.0, 0
2018-10-23 17:20:36 (7234265728326) STATS - 88.1, 0
2018-10-23 17:20:36 (7234265755227) STATS - 88.2, 0
2018-10-23 17:20:36 (7234265804029) STATS - 88.3, 0
2018-10-23 17:20:36 (7234265833030) STATS - 88.4, 0
2018-10-23 17:20:36 (7234265859631) STATS - 88.5, 0
2018-10-23 17:20:36 (7234265885832) STATS - 88.6, 0
2018-10-23 17:20:36 (7234265911733) STATS - 88.7, 0
2018-10-23 17:20:36 (7234265938335) STATS - 88.8, 0
2018-10-23 17:20:36 (7234265964836) STATS - 88.9, 0
2018-10-23 17:20:36 (7234265990837) STATS - 89.0, 0
2018-10-23 17:20:36 (7234266017238) STATS - 89.1, 0
2018-10-23 17:20:36 (7234266043139) STATS - 89.2, 0
2018-10-23 17:20:36 (7234266069340) STATS - 89.3, 0
2018-10-23 17:20:36 (7234266095041) STATS - 89.4, 0
2018-10-23 17:20:36 (7234266120642) STATS - 89.5, 0
2018-10-23 17:20:36 (7234266153144) STATS - 89.6, 0
2018-10-23 17:20:36 (7234266180245) STATS - 89.7, 0
2018-10-23 17:20:36 (7234266249248) STATS - 89.8, 0
2018-10-23 17:20:36 (7234266285049) STATS - 89.9, 0
2018-10-23 17:20:36 (7234266326851) STATS - 90.0, 0
2018-10-23 17:20:36 (7234266354452) STATS - 90.1, 0
2018-10-23 17:20:36 (7234266382854) STATS - 90.2, 0
2018-10-23 17:20:36 (7234266434256) STATS - 90.3, 0
2018-10-23 17:20:36 (7234266464457) STATS - 90.4, 0
2018-10-23 17:20:36 (7234266489958) STATS - 90.5, 0
2018-10-23 17:20:36 (7234266518059) STATS - 90.6, 0
2018-10-23 17:20:36 (7234266543960) STATS - 90.7, 0
2018-10-23 17:20:36 (7234266568961) STATS - 90.8, 0
2018-10-23 17:20:36 (7234266593563) STATS - 90.9, 0
2018-10-23 17:20:36 (7234266618964) STATS - 91.0, 0
2018-10-23 17:20:36 (7234266645365) STATS - 91.1, 0
2018-10-23 17:20:36 (7234266687567) STATS - 91.2, 0
2018-10-23 17:20:36 (7234266714668) STATS - 91.3, 0
2018-10-23 17:20:36 (7234266739669) STATS - 91.4, 0
2018-10-23 17:20:36 (7234266764970) STATS - 91.5, 0
2018-10-23 17:20:36 (7234266789971) STATS - 91.6, 0
2018-10-23 17:20:36 (7234266814472) STATS - 91.7, 0
2018-10-23 17:20:36 (7234266839273) STATS - 91.8, 0
2018-10-23 17:20:36 (7234266863774) STATS - 91.9, 0
2018-10-23 17:20:36 (7234266899676) STATS - 92.0, 0
2018-10-23 17:20:36 (7234266927677) STATS - 92.1, 0
2018-10-23 17:20:36 (7234266952878) STATS - 92.2, 0
2018-10-23 17:20:36 (7234266977779) STATS - 92.3, 0
2018-10-23 17:20:36 (7234267002280) STATS - 92.4, 0
2018-10-23 17:20:36 (7234267027381) STATS - 92.5, 0
2018-10-23 17:20:36 (7234267052182) STATS - 92.6, 0
2018-10-23 17:20:36 (7234267077983) STATS - 92.7, 0
2018-10-23 17:20:36 (7234267102884) STATS - 92.8, 0
2018-10-23 17:20:36 (7234267126485) STATS - 92.9, 0
2018-10-23 17:20:36 (7234267158587) STATS - 93.0, 0
2018-10-23 17:20:36 (7234267185288) STATS - 93.1, 0
2018-10-23 17:20:36 (7234267209589) STATS - 93.2, 0
2018-10-23 17:20:36 (7234267234690) STATS - 93.3, 0
2018-10-23 17:20:36 (7234267258591) STATS - 93.4, 0
2018-10-23 17:20:36 (7234267282792) STATS - 93.5, 0
2018-10-23 17:20:36 (7234267306893) STATS - 93.6, 0
2018-10-23 17:20:36 (7234267330594) STATS - 93.7, 0
2018-10-23 17:20:36 (7234267355795) STATS - 93.8, 0
2018-10-23 17:20:36 (7234267379996) STATS - 93.9, 0
2018-10-23 17:20:36 (7234267404397) STATS - 94.0, 0
2018-10-23 17:20:36 (7234267427998) STATS - 94.1, 0
2018-10-23 17:20:36 (7234267451899) STATS - 94.2, 0
2018-10-23 17:20:36 (7234267475400) STATS - 94.3, 0
2018-10-23 17:20:36 (7234267498801) STATS - 94.4, 0
2018-10-23 17:20:36 (7234274552603) STATS - 94.5, 0
2018-10-23 17:20:36 (7234274597305) STATS - 94.6, 0
2018-10-23 17:20:36 (7234274624506) STATS - 94.7, 0
2018-10-23 17:20:36 (7234274650207) STATS - 94.8, 0
2018-10-23 17:20:36 (7234274673808) STATS - 94.9, 0
2018-10-23 17:20:36 (7234274698109) STATS - 95.0, 0
2018-10-23 17:20:36 (7234274721310) STATS - 95.1, 0
2018-10-23 17:20:36 (7234274744311) STATS - 95.2, 0
2018-10-23 17:20:36 (7234274767412) STATS - 95.3, 0
2018-10-23 17:20:36 (7234274790413) STATS - 95.4, 0
2018-10-23 17:20:36 (7234274812814) STATS - 95.5, 0
2018-10-23 17:20:36 (7234274835215) STATS - 95.6, 0
2018-10-23 17:20:36 (7234274858016) STATS - 95.7, 0
2018-10-23 17:20:36 (7234274880617) STATS - 95.8, 0
2018-10-23 17:20:36 (7234274903218) STATS - 95.9, 0
2018-10-23 17:20:36 (7234274930519) STATS - 96.0, 0
2018-10-23 17:20:36 (7234274997422) STATS - 96.1, 0
2018-10-23 17:20:36 (7234275028223) STATS - 96.2, 0
2018-10-23 17:20:36 (7234275051824) STATS - 96.3, 0
2018-10-23 17:20:36 (7234275074625) STATS - 96.4, 0
2018-10-23 17:20:36 (7234275097326) STATS - 96.5, 0
2018-10-23 17:20:36 (7234275119927) STATS - 96.6, 0
2018-10-23 17:20:36 (7234275142328) STATS - 96.7, 0
2018-10-23 17:20:36 (7234275164629) STATS - 96.8, 0
2018-10-23 17:20:36 (7234275186730) STATS - 96.9, 0
2018-10-23 17:20:36 (7234275209831) STATS - 97.0, 0
2018-10-23 17:20:36 (7234275241933) STATS - 97.1, 0
2018-10-23 17:20:36 (7234275267134) STATS - 97.2, 0
2018-10-23 17:20:36 (7234275290335) STATS - 97.3, 0
2018-10-23 17:20:36 (7234275313336) STATS - 97.4, 0
2018-10-23 17:20:36 (7234275335537) STATS - 97.5, 0
2018-10-23 17:20:36 (7234275357838) STATS - 97.6, 0
2018-10-23 17:20:36 (7234275380039) STATS - 97.7, 0
2018-10-23 17:20:36 (7234275402339) STATS - 97.8, 0
2018-10-23 17:20:36 (7234275424440) STATS - 97.9, 0
2018-10-23 17:20:36 (7234275475943) STATS - 98.0, 0
2018-10-23 17:20:36 (7234275505144) STATS - 98.1, 0
2018-10-23 17:20:36 (7234275528145) STATS - 98.2, 0
2018-10-23 17:20:36 (7234275550746) STATS - 98.3, 0
2018-10-23 17:20:36 (7234275573047) STATS - 98.4, 0
2018-10-23 17:20:36 (7234275594948) STATS - 98.5, 0
2018-10-23 17:20:36 (7234275617349) STATS - 98.6, 0
2018-10-23 17:20:36 (7234275639150) STATS - 98.7, 0
2018-10-23 17:20:36 (7234275661551) STATS - 98.8, 0
2018-10-23 17:20:36 (7234275683451) STATS - 98.9, 0
2018-10-23 17:20:36 (7234275706252) STATS - 99.0, 0
2018-10-23 17:20:36 (7234275730454) STATS - 99.1, 0
2018-10-23 17:20:36 (7234275764155) STATS - 99.2, 0
2018-10-23 17:20:36 (7234275791156) STATS - 99.3, 0
2018-10-23 17:20:36 (7234275814057) STATS - 99.4, 0
2018-10-23 17:20:36 (7234275835658) STATS - 99.5, 0
2018-10-23 17:20:36 (7234275857359) STATS - 99.6, 0
2018-10-23 17:20:36 (7234275879060) STATS - 99.7, 0
2018-10-23 17:20:36 (7234275901261) STATS - 99.8, 0
2018-10-23 17:20:36 (7234275935062) STATS - 99.9, 0
2018-10-23 17:20:36 (7234275958963) STATS - 100.0, 0
2018-10-23 17:20:36 (7234275982364) STATS - 100.1, 0
2018-10-23 17:20:36 (7234276021066) STATS - 100.2, 0
2018-10-23 17:20:36 (7234276049967) STATS - 100.3, 1
2018-10-23 17:20:36 (7234276072368) STATS - 100.4, 0
2018-10-23 17:20:36 (7234276094569) STATS - 100.5, 0
2018-10-23 17:20:36 (7234276127570) STATS - 100.6, 1
2018-10-23 17:20:36 (7234276220874) STATS - 100.7, 0
2018-10-23 17:20:36 (7234276289977) STATS - 100.8, 0
2018-10-23 17:20:36 (7234276320779) STATS - 100.9, 1
2018-10-23 17:20:36 (7234276345280) STATS - 101.0, 0
2018-10-23 17:20:36 (7234276367981) STATS - 101.1, 1
2018-10-23 17:20:36 (7234276389882) STATS - 101.2, 0
2018-10-23 17:20:36 (7234276411583) STATS - 101.3, 0
2018-10-23 17:20:36 (7234276433084) STATS - 101.4, 0
2018-10-23 17:20:36 (7234276454384) STATS - 101.5, 0
2018-10-23 17:20:36 (7234276475685) STATS - 101.6, 0
2018-10-23 17:20:36 (7234276496986) STATS - 101.7, 0
2018-10-23 17:20:36 (7234276518787) STATS - 101.8, 0
2018-10-23 17:20:36 (7234276540088) STATS - 101.9, 0
2018-10-23 17:20:36 (7234276563989) STATS - 102.0, 0
2018-10-23 17:20:36 (7234276586290) STATS - 102.1, 0
2018-10-23 17:20:36 (7234276607991) STATS - 102.2, 0
2018-10-23 17:20:36 (7234276629592) STATS - 102.3, 0
2018-10-23 17:20:36 (7234276657293) STATS - 102.4, 0
2018-10-23 17:20:36 (7234276684394) STATS - 102.5, 0
2018-10-23 17:20:36 (7234276707395) STATS - 102.6, 0
2018-10-23 17:20:36 (7234276728996) STATS - 102.7, 0
2018-10-23 17:20:36 (7234276750497) STATS - 102.8, 0
2018-10-23 17:20:36 (7234276772198) STATS - 102.9, 0
2018-10-23 17:20:36 (7234276794399) STATS - 103.0, 0
2018-10-23 17:20:36 (7234276816300) STATS - 103.1, 0
2018-10-23 17:20:36 (7234276837601) STATS - 103.2, 0
2018-10-23 17:20:36 (7234276859302) STATS - 103.3, 0
2018-10-23 17:20:36 (7234276906204) STATS - 103.4, 0
2018-10-23 17:20:36 (7234276933905) STATS - 103.5, 0
2018-10-23 17:20:36 (7234276958706) STATS - 103.6, 0
2018-10-23 17:20:36 (7234276980907) STATS - 103.7, 0
2018-10-23 17:20:36 (7234277003308) STATS - 103.8, 0
2018-10-23 17:20:36 (7234277027709) STATS - 103.9, 0
2018-10-23 17:20:36 (7234277050210) STATS - 104.0, 0
2018-10-23 17:20:36 (7234277072011) STATS - 104.1, 0
2018-10-23 17:20:36 (7234277093612) STATS - 104.2, 0
2018-10-23 17:20:36 (7234277115113) STATS - 104.3, 0
2018-10-23 17:20:36 (7234277136414) STATS - 104.4, 0
2018-10-23 17:20:36 (7234277157815) STATS - 104.5, 0
2018-10-23 17:20:36 (7234277182716) STATS - 104.6, 0
2018-10-23 17:20:36 (7234277204917) STATS - 104.7, 0
2018-10-23 17:20:36 (7234277226618) STATS - 104.8, 0
2018-10-23 17:20:36 (7234277248118) STATS - 104.9, 0
2018-10-23 17:20:36 (7234277270119) STATS - 105.0, 0
2018-10-23 17:20:36 (7234277292020) STATS - 105.1, 0
2018-10-23 17:20:36 (7234277313421) STATS - 105.2, 0
2018-10-23 17:20:36 (7234277335022) STATS - 105.3, 0
2018-10-23 17:20:36 (7234277380824) STATS - 105.4, 0
2018-10-23 17:20:36 (7234284426726) STATS - 105.5, 0
2018-10-23 17:20:36 (7234284557631) STATS - 105.6, 0
2018-10-23 17:20:36 (7234284616834) STATS - 105.7, 0
2018-10-23 17:20:36 (7234284663336) STATS - 105.8, 0
2018-10-23 17:20:36 (7234284701037) STATS - 105.9, 0
2018-10-23 17:20:36 (7234284724138) STATS - 106.0, 0
2018-10-23 17:20:36 (7234284746139) STATS - 106.1, 0
2018-10-23 17:20:36 (7234284767240) STATS - 106.2, 0
2018-10-23 17:20:36 (7234284788441) STATS - 106.3, 0
2018-10-23 17:20:36 (7234284809142) STATS - 106.4, 0
2018-10-23 17:20:36 (7234284829843) STATS - 106.5, 0
2018-10-23 17:20:36 (7234284850844) STATS - 106.6, 0
2018-10-23 17:20:36 (7234284871845) STATS - 106.7, 0
2018-10-23 17:20:36 (7234284892446) STATS - 106.8, 0
2018-10-23 17:20:36 (7234284912946) STATS - 106.9, 0
2018-10-23 17:20:36 (7234284934447) STATS - 107.0, 0
2018-10-23 17:20:36 (7234284955048) STATS - 107.1, 0
2018-10-23 17:20:36 (7234284975649) STATS - 107.2, 0
2018-10-23 17:20:36 (7234284996350) STATS - 107.3, 0
2018-10-23 17:20:36 (7234285018851) STATS - 107.4, 0
2018-10-23 17:20:36 (7234285039652) STATS - 107.5, 0
2018-10-23 17:20:36 (7234285060153) STATS - 107.6, 0
2018-10-23 17:20:36 (7234285080754) STATS - 107.7, 0
2018-10-23 17:20:36 (7234285101354) STATS - 107.8, 0
2018-10-23 17:20:36 (7234285121655) STATS - 107.9, 0
2018-10-23 17:20:36 (7234285142656) STATS - 108.0, 0
2018-10-23 17:20:36 (7234285166757) STATS - 108.1, 0
2018-10-23 17:20:36 (7234285189158) STATS - 108.2, 0
2018-10-23 17:20:36 (7234285209959) STATS - 108.3, 0
2018-10-23 17:20:36 (7234285230460) STATS - 108.4, 0
2018-10-23 17:20:36 (7234285251061) STATS - 108.5, 0
2018-10-23 17:20:36 (7234285271962) STATS - 108.6, 0
2018-10-23 17:20:36 (7234285292463) STATS - 108.7, 2
2018-10-23 17:20:36 (7234285312864) STATS - 108.8, 0
2018-10-23 17:20:36 (7234285333164) STATS - 108.9, 1
2018-10-23 17:20:36 (7234285358365) STATS - 109.0, 0
2018-10-23 17:20:36 (7234285379766) STATS - 109.1, 0
2018-10-23 17:20:36 (7234285400067) STATS - 109.2, 0
2018-10-23 17:20:36 (7234285420768) STATS - 109.3, 0
2018-10-23 17:20:36 (7234285441369) STATS - 109.4, 0
2018-10-23 17:20:36 (7234285461470) STATS - 109.5, 0
2018-10-23 17:20:36 (7234285482171) STATS - 109.6, 0
2018-10-23 17:20:36 (7234285502372) STATS - 109.7, 0
2018-10-23 17:20:36 (7234285535473) STATS - 109.8, 0
2018-10-23 17:20:36 (7234285555174) STATS - 109.9, 1
2018-10-23 17:20:36 (7234285576075) STATS - 110.0, 0
2018-10-23 17:20:36 (7234285596476) STATS - 110.1, 0
2018-10-23 17:20:36 (7234285616177) STATS - 110.2, 0
2018-10-23 17:20:36 (7234285636377) STATS - 110.3, 0
2018-10-23 17:20:36 (7234285656478) STATS - 110.4, 0
2018-10-23 17:20:36 (7234285676679) STATS - 110.5, 0
2018-10-23 17:20:36 (7234285696680) STATS - 110.6, 0
2018-10-23 17:20:36 (7234285728781) STATS - 110.7, 0
2018-10-23 17:20:36 (7234285749582) STATS - 110.8, 0
2018-10-23 17:20:36 (7234285770283) STATS - 110.9, 0
2018-10-23 17:20:36 (7234285793484) STATS - 111.0, 0
2018-10-23 17:20:36 (7234285817585) STATS - 111.1, 0
2018-10-23 17:20:36 (7234285838486) STATS - 111.2, 0
2018-10-23 17:20:36 (7234285859087) STATS - 111.3, 0
2018-10-23 17:20:36 (7234285879588) STATS - 111.4, 0
2018-10-23 17:20:36 (7234285900089) STATS - 111.5, 0
2018-10-23 17:20:36 (7234285924090) STATS - 111.6, 0
2018-10-23 17:20:36 (7234285944991) STATS - 111.7, 0
2018-10-23 17:20:36 (7234285965691) STATS - 111.8, 0
2018-10-23 17:20:36 (7234285986092) STATS - 111.9, 0
2018-10-23 17:20:36 (7234286007093) STATS - 112.0, 0
2018-10-23 17:20:36 (7234286027994) STATS - 112.1, 0
2018-10-23 17:20:36 (7234286049495) STATS - 112.2, 0
2018-10-23 17:20:36 (7234286070096) STATS - 112.3, 0
2018-10-23 17:20:36 (7234286090697) STATS - 112.4, 0
2018-10-23 17:20:36 (7234286111198) STATS - 112.5, 0
2018-10-23 17:20:36 (7234286131799) STATS - 112.6, 0
2018-10-23 17:20:36 (7234286152299) STATS - 112.7, 0
2018-10-23 17:20:36 (7234286173000) STATS - 112.8, 0
2018-10-23 17:20:36 (7234286193601) STATS - 112.9, 0
2018-10-23 17:20:36 (7234286214302) STATS - 113.0, 0
2018-10-23 17:20:36 (7234286235003) STATS - 113.1, 0
2018-10-23 17:20:36 (7234286256004) STATS - 113.2, 0
2018-10-23 17:20:36 (7234286278505) STATS - 113.3, 0
2018-10-23 17:20:36 (7234286299806) STATS - 113.4, 0
2018-10-23 17:20:36 (7234286324407) STATS - 113.5, 0
2018-10-23 17:20:36 (7234286368709) STATS - 113.6, 0
2018-10-23 17:20:36 (7234286393010) STATS - 113.7, 0
2018-10-23 17:20:36 (7234286414311) STATS - 113.8, 0
2018-10-23 17:20:36 (7234286434912) STATS - 113.9, 0
2018-10-23 17:20:36 (7234286456212) STATS - 114.0, 0
2018-10-23 17:20:36 (7234286478313) STATS - 114.1, 0
2018-10-23 17:20:36 (7234286513115) STATS - 114.2, 0
2018-10-23 17:20:36 (7234286551317) STATS - 114.3, 0
2018-10-23 17:20:36 (7234286572617) STATS - 114.4, 0
2018-10-23 17:20:36 (7234286592818) STATS - 114.5, 0
2018-10-23 17:20:36 (7234286613419) STATS - 114.6, 0
2018-10-23 17:20:36 (7234286633620) STATS - 114.7, 0
2018-10-23 17:20:36 (7234286653821) STATS - 114.8, 0
2018-10-23 17:20:36 (7234286674022) STATS - 114.9, 0
2018-10-23 17:20:36 (7234286694823) STATS - 115.0, 0
2018-10-23 17:20:36 (7234286715424) STATS - 115.1, 0
2018-10-23 17:20:36 (7234286736924) STATS - 115.2, 0
2018-10-23 17:20:36 (7234286757325) STATS - 115.3, 0
2018-10-23 17:20:36 (7234286777426) STATS - 115.4, 0
2018-10-23 17:20:36 (7234286797427) STATS - 115.5, 0
2018-10-23 17:20:36 (7234286817428) STATS - 115.6, 0
2018-10-23 17:20:36 (7234286840329) STATS - 115.7, 0
2018-10-23 17:20:36 (7234286862130) STATS - 115.8, 0
2018-10-23 17:20:36 (7234286882331) STATS - 115.9, 0
2018-10-23 17:20:36 (7234286903032) STATS - 116.0, 0
2018-10-23 17:20:36 (7234286923532) STATS - 116.1, 0
2018-10-23 17:20:36 (7234286943433) STATS - 116.2, 0
2018-10-23 17:20:36 (7234286963434) STATS - 116.3, 0
2018-10-23 17:20:36 (7234286983335) STATS - 116.4, 0
2018-10-23 17:20:36 (7234287003636) STATS - 116.5, 0
2018-10-23 17:20:36 (7234287024237) STATS - 116.6, 0
2018-10-23 17:20:36 (7234287044538) STATS - 116.7, 0
2018-10-23 17:20:36 (7234287064638) STATS - 116.8, 0
2018-10-23 17:20:36 (7234287084439) STATS - 116.9, 0
2018-10-23 17:20:36 (7234287104540) STATS - 117.0, 0
2018-10-23 17:20:36 (7234287124841) STATS - 117.1, 0
2018-10-23 17:20:36 (7234287144942) STATS - 117.2, 0
2018-10-23 17:20:36 (7234287165143) STATS - 117.3, 0
2018-10-23 17:20:36 (7234287185144) STATS - 117.4, 0
2018-10-23 17:20:36 (7234287218145) STATS - 117.5, 0
2018-10-23 17:20:36 (7234287240046) STATS - 117.6, 0
2018-10-23 17:20:36 (7234287261047) STATS - 117.7, 0
2018-10-23 17:20:36 (7234287284048) STATS - 117.8, 0
2018-10-23 17:20:36 (7234294365351) STATS - 117.9, 0
2018-10-23 17:20:36 (7234294397952) STATS - 118.0, 0
2018-10-23 17:20:36 (7234294421153) STATS - 118.1, 0
2018-10-23 17:20:36 (7234294442554) STATS - 118.2, 0
2018-10-23 17:20:36 (7234294463255) STATS - 118.3, 0
2018-10-23 17:20:36 (7234294483056) STATS - 118.4, 0
2018-10-23 17:20:36 (7234294502857) STATS - 118.5, 0
2018-10-23 17:20:36 (7234294525058) STATS - 118.6, 0
2018-10-23 17:20:36 (7234294546259) STATS - 118.7, 0
2018-10-23 17:20:36 (7234294566659) STATS - 118.8, 0
2018-10-23 17:20:36 (7234294586060) STATS - 118.9, 0
2018-10-23 17:20:36 (7234294606361) STATS - 119.0, 0
2018-10-23 17:20:36 (7234294626062) STATS - 119.1, 0
2018-10-23 17:20:36 (7234294647063) STATS - 119.2, 0
2018-10-23 17:20:36 (7234294667564) STATS - 119.3, 0
2018-10-23 17:20:36 (7234294686865) STATS - 119.4, 0
2018-10-23 17:20:36 (7234294706265) STATS - 119.5, 0
2018-10-23 17:20:36 (7234294725766) STATS - 119.6, 0
2018-10-23 17:20:36 (7234294745567) STATS - 119.7, 0
2018-10-23 17:20:36 (7234294764868) STATS - 119.8, 0
2018-10-23 17:20:36 (7234294826571) STATS - 119.9, 0
2018-10-23 17:20:36 (7234294857772) STATS - 120.0, 0
2018-10-23 17:20:36 (7234294878273) STATS - 120.1, 0
2018-10-23 17:20:36 (7234294896674) STATS - 120.2, 0
2018-10-23 17:20:36 (7234294914874) STATS - 120.3, 0
2018-10-23 17:20:36 (7234294932775) STATS - 120.4, 0
2018-10-23 17:20:36 (7234294950776) STATS - 120.5, 0
2018-10-23 17:20:36 (7234294968977) STATS - 120.6, 0
2018-10-23 17:20:36 (7234294986877) STATS - 120.7, 0
2018-10-23 17:20:36 (7234295004978) STATS - 120.8, 0
2018-10-23 17:20:36 (7234295065581) STATS - 120.9, 0
2018-10-23 17:20:36 (7234295094282) STATS - 121.0, 0
2018-10-23 17:20:36 (7234295116783) STATS - 121.1, 0
2018-10-23 17:20:36 (7234295134884) STATS - 121.2, 0
2018-10-23 17:20:36 (7234295152585) STATS - 121.3, 0
2018-10-23 17:20:36 (7234295169985) STATS - 121.4, 0
2018-10-23 17:20:36 (7234295187486) STATS - 121.5, 0
2018-10-23 17:20:36 (7234295205387) STATS - 121.6, 0
2018-10-23 17:20:36 (7234295227888) STATS - 121.7, 0
2018-10-23 17:20:36 (7234295246689) STATS - 121.8, 0
2018-10-23 17:20:36 (7234295264289) STATS - 121.9, 0
2018-10-23 17:20:36 (7234295282290) STATS - 122.0, 0
2018-10-23 17:20:36 (7234295300091) STATS - 122.1, 0
2018-10-23 17:20:36 (7234295317692) STATS - 122.2, 0
2018-10-23 17:20:36 (7234295335592) STATS - 122.3, 0
2018-10-23 17:20:36 (7234295356793) STATS - 122.4, 0
2018-10-23 17:20:36 (7234295377094) STATS - 122.5, 0
2018-10-23 17:20:36 (7234295395295) STATS - 122.6, 0
2018-10-23 17:20:36 (7234295413396) STATS - 122.7, 0
2018-10-23 17:20:36 (7234295431696) STATS - 122.8, 0
2018-10-23 17:20:36 (7234295449797) STATS - 122.9, 0
2018-10-23 17:20:36 (7234295467698) STATS - 123.0, 0
2018-10-23 17:20:36 (7234295485299) STATS - 123.1, 0
2018-10-23 17:20:36 (7234295503200) STATS - 123.2, 0
2018-10-23 17:20:36 (7234295521400) STATS - 123.3, 0
2018-10-23 17:20:36 (7234295539201) STATS - 123.4, 0
2018-10-23 17:20:36 (7234295558602) STATS - 123.5, 0
2018-10-23 17:20:36 (7234295577603) STATS - 123.6, 0
2018-10-23 17:20:36 (7234295595504) STATS - 123.7, 0
2018-10-23 17:20:36 (7234295613304) STATS - 123.8, 0
2018-10-23 17:20:36 (7234295630805) STATS - 123.9, 0
2018-10-23 17:20:36 (7234295649206) STATS - 124.0, 0
2018-10-23 17:20:36 (7234295667307) STATS - 124.1, 0
2018-10-23 17:20:36 (7234295685007) STATS - 124.2, 0
2018-10-23 17:20:36 (7234295703108) STATS - 124.3, 0
2018-10-23 17:20:36 (7234295720609) STATS - 124.4, 0
2018-10-23 17:20:36 (7234295738310) STATS - 124.5, 0
2018-10-23 17:20:36 (7234295756310) STATS - 124.6, 0
2018-10-23 17:20:36 (7234295774211) STATS - 124.7, 0
2018-10-23 17:20:36 (7234295791812) STATS - 124.8, 0
2018-10-23 17:20:36 (7234295809713) STATS - 124.9, 0
2018-10-23 17:20:36 (7234295827313) STATS - 125.0, 0
2018-10-23 17:20:36 (7234295844914) STATS - 125.1, 0
2018-10-23 17:20:36 (7234295862515) STATS - 125.2, 0
2018-10-23 17:20:36 (7234295880516) STATS - 125.3, 0
2018-10-23 17:20:36 (7234295898316) STATS - 125.4, 0
2018-10-23 17:20:36 (7234295916117) STATS - 125.5, 0
2018-10-23 17:20:36 (7234295935918) STATS - 125.6, 0
2018-10-23 17:20:36 (7234295953919) STATS - 125.7, 0
2018-10-23 17:20:36 (7234295971620) STATS - 125.8, 0
2018-10-23 17:20:36 (7234295989020) STATS - 125.9, 0
2018-10-23 17:20:36 (7234296023722) STATS - 126.0, 0
2018-10-23 17:20:36 (7234296056023) STATS - 126.1, 0
2018-10-23 17:20:36 (7234296076924) STATS - 126.2, 0
2018-10-23 17:20:36 (7234296124826) STATS - 126.3, 0
2018-10-23 17:20:36 (7234296172428) STATS - 126.4, 0
2018-10-23 17:20:36 (7234296193729) STATS - 126.5, 0
2018-10-23 17:20:36 (7234296212130) STATS - 126.6, 0
2018-10-23 17:20:36 (7234296229831) STATS - 126.7, 0
2018-10-23 17:20:36 (7234296247731) STATS - 126.8, 0
2018-10-23 17:20:36 (7234296265132) STATS - 126.9, 0
2018-10-23 17:20:36 (7234296283233) STATS - 127.0, 0
2018-10-23 17:20:36 (7234296301034) STATS - 127.1, 0
2018-10-23 17:20:36 (7234296319034) STATS - 127.2, 0
2018-10-23 17:20:36 (7234296336435) STATS - 127.3, 0
2018-10-23 17:20:36 (7234296353636) STATS - 127.4, 0
2018-10-23 17:20:36 (7234296370737) STATS - 127.5, 0
2018-10-23 17:20:36 (7234296388337) STATS - 127.6, 0
2018-10-23 17:20:36 (7234296405938) STATS - 127.7, 0
2018-10-23 17:20:36 (7234296423239) STATS - 127.8, 0
2018-10-23 17:20:36 (7234296455140) STATS - 127.9, 0
2018-10-23 17:20:36 (7234296480541) STATS - 128.0, 0
2018-10-23 17:20:36 (7234296507043) STATS - 128.1, 0
2018-10-23 17:20:36 (7234296531344) STATS - 128.2, 0
2018-10-23 17:20:36 (7234296549544) STATS - 128.3, 0
2018-10-23 17:20:36 (7234296567245) STATS - 128.4, 0
2018-10-23 17:20:36 (7234296585446) STATS - 128.5, 0
2018-10-23 17:20:36 (7234296603447) STATS - 128.6, 0
2018-10-23 17:20:36 (7234296621147) STATS - 128.7, 0
2018-10-23 17:20:36 (7234296638848) STATS - 128.8, 0
2018-10-23 17:20:36 (7234296656949) STATS - 128.9, 0
2018-10-23 17:20:36 (7234296676550) STATS - 129.0, 0
2018-10-23 17:20:36 (7234296694551) STATS - 129.1, 0
2018-10-23 17:20:36 (7234296711951) STATS - 129.2, 0
2018-10-23 17:20:36 (7234296729352) STATS - 129.3, 0
2018-10-23 17:20:36 (7234296747053) STATS - 129.4, 0
2018-10-23 17:20:36 (7234296764254) STATS - 129.5, 0
2018-10-23 17:20:36 (7234296782054) STATS - 129.6, 0
2018-10-23 17:20:36 (7234296799755) STATS - 129.7, 0
2018-10-23 17:20:36 (7234296816856) STATS - 129.8, 0
2018-10-23 17:20:36 (7234296833856) STATS - 129.9, 0
2018-10-23 17:20:36 (7234296852057) STATS - 130.0, 0
2018-10-23 17:20:36 (7234296871658) STATS - 130.1, 0
2018-10-23 17:20:36 (7234296889359) STATS - 130.2, 0
2018-10-23 17:20:36 (7234304113568) STATS - 130.3, 0
2018-10-23 17:20:36 (7234304174071) STATS - 130.4, 0
2018-10-23 17:20:36 (7234304196972) STATS - 130.5, 0
2018-10-23 17:20:36 (7234304216572) STATS - 130.6, 0
2018-10-23 17:20:36 (7234304235373) STATS - 130.7, 0
2018-10-23 17:20:36 (7234304253074) STATS - 130.8, 0
2018-10-23 17:20:36 (7234304270575) STATS - 130.9, 0
2018-10-23 17:20:36 (7234304289476) STATS - 131.0, 0
2018-10-23 17:20:36 (7234304307276) STATS - 131.1, 0
2018-10-23 17:20:36 (7234304324677) STATS - 131.2, 0
2018-10-23 17:20:36 (7234304345778) STATS - 131.3, 0
2018-10-23 17:20:36 (7234304363679) STATS - 131.4, 0
2018-10-23 17:20:36 (7234304381079) STATS - 131.5, 0
2018-10-23 17:20:36 (7234304401080) STATS - 131.6, 0
2018-10-23 17:20:36 (7234304418881) STATS - 131.7, 0
2018-10-23 17:20:36 (7234304435882) STATS - 131.8, 0
2018-10-23 17:20:36 (7234304452782) STATS - 131.9, 0
2018-10-23 17:20:36 (7234304470683) STATS - 132.0, 0
2018-10-23 17:20:36 (7234304488584) STATS - 132.1, 0
2018-10-23 17:20:36 (7234304506085) STATS - 132.2, 0
2018-10-23 17:20:36 (7234304523186) STATS - 132.3, 0
2018-10-23 17:20:36 (7234304540186) STATS - 132.4, 0
2018-10-23 17:20:36 (7234304557287) STATS - 132.5, 0
2018-10-23 17:20:36 (7234304574288) STATS - 132.6, 0
2018-10-23 17:20:36 (7234304591388) STATS - 132.7, 0
2018-10-23 17:20:36 (7234304608189) STATS - 132.8, 0
2018-10-23 17:20:36 (7234304625190) STATS - 132.9, 0
2018-10-23 17:20:36 (7234304642691) STATS - 133.0, 0
2018-10-23 17:20:36 (7234304659991) STATS - 133.1, 0
2018-10-23 17:20:36 (7234304677392) STATS - 133.2, 0
2018-10-23 17:20:36 (7234304694593) STATS - 133.3, 0
2018-10-23 17:20:36 (7234304711394) STATS - 133.4, 0
2018-10-23 17:20:36 (7234304728394) STATS - 133.5, 0
2018-10-23 17:20:36 (7234304759996) STATS - 133.6, 0
2018-10-23 17:20:36 (7234304778496) STATS - 133.7, 0
2018-10-23 17:20:36 (7234304796997) STATS - 133.8, 0
2018-10-23 17:20:36 (7234304814898) STATS - 133.9, 0
2018-10-23 17:20:36 (7234304834599) STATS - 134.0, 0
2018-10-23 17:20:36 (7234304852500) STATS - 134.1, 0
2018-10-23 17:20:36 (7234304870200) STATS - 134.2, 0
2018-10-23 17:20:36 (7234304889101) STATS - 134.3, 0
2018-10-23 17:20:36 (7234304927603) STATS - 134.4, 0
2018-10-23 17:20:36 (7234304946004) STATS - 134.5, 0
2018-10-23 17:20:36 (7234304963104) STATS - 134.6, 0
2018-10-23 17:20:36 (7234304982005) STATS - 134.7, 0
2018-10-23 17:20:36 (7234304999206) STATS - 134.8, 0
2018-10-23 17:20:36 (7234305015907) STATS - 134.9, 0
2018-10-23 17:20:36 (7234305035907) STATS - 135.0, 0
2018-10-23 17:20:36 (7234305053608) STATS - 135.1, 0
2018-10-23 17:20:36 (7234305070509) STATS - 135.2, 0
2018-10-23 17:20:36 (7234305087310) STATS - 135.3, 0
2018-10-23 17:20:36 (7234305103810) STATS - 135.4, 0
2018-10-23 17:20:36 (7234305120411) STATS - 135.5, 0
2018-10-23 17:20:36 (7234305144212) STATS - 135.6, 0
2018-10-23 17:20:36 (7234305167313) STATS - 135.7, 0
2018-10-23 17:20:36 (7234305184914) STATS - 135.8, 0
2018-10-23 17:20:36 (7234305217915) STATS - 135.9, 0
2018-10-23 17:20:36 (7234305236216) STATS - 136.0, 0
2018-10-23 17:20:36 (7234305253617) STATS - 136.1, 0
2018-10-23 17:20:36 (7234305270117) STATS - 136.2, 0
2018-10-23 17:20:36 (7234305307219) STATS - 136.3, 0
2018-10-23 17:20:36 (7234305344921) STATS - 136.4, 0
2018-10-23 17:20:36 (7234305362621) STATS - 136.5, 0
2018-10-23 17:20:36 (7234305381922) STATS - 136.6, 0
2018-10-23 17:20:36 (7234305399123) STATS - 136.7, 0
2018-10-23 17:20:36 (7234305415324) STATS - 136.8, 0
2018-10-23 17:20:36 (7234305431224) STATS - 136.9, 0
2018-10-23 17:20:36 (7234305449525) STATS - 137.0, 0
2018-10-23 17:20:36 (7234305466726) STATS - 137.1, 0
2018-10-23 17:20:36 (7234305483127) STATS - 137.2, 0
2018-10-23 17:20:36 (7234305499127) STATS - 137.3, 0
2018-10-23 17:20:36 (7234305515028) STATS - 137.4, 0
2018-10-23 17:20:36 (7234305530929) STATS - 137.5, 0
2018-10-23 17:20:36 (7234305547229) STATS - 137.6, 0
2018-10-23 17:20:36 (7234305563530) STATS - 137.7, 0
2018-10-23 17:20:36 (7234305579631) STATS - 137.8, 0
2018-10-23 17:20:36 (7234305595631) STATS - 137.9, 0
2018-10-23 17:20:36 (7234305613132) STATS - 138.0, 0
2018-10-23 17:20:36 (7234305629833) STATS - 138.1, 0
2018-10-23 17:20:36 (7234305645934) STATS - 138.2, 0
2018-10-23 17:20:36 (7234305661734) STATS - 138.3, 0
2018-10-23 17:20:36 (7234305677435) STATS - 138.4, 0
2018-10-23 17:20:36 (7234305693036) STATS - 138.5, 0
2018-10-23 17:20:36 (7234305708736) STATS - 138.6, 0
2018-10-23 17:20:36 (7234305745338) STATS - 138.7, 0
2018-10-23 17:20:36 (7234305762339) STATS - 138.8, 0
2018-10-23 17:20:36 (7234305780539) STATS - 138.9, 0
2018-10-23 17:20:36 (7234305797640) STATS - 139.0, 0
2018-10-23 17:20:36 (7234305814841) STATS - 139.1, 0
2018-10-23 17:20:36 (7234305834842) STATS - 139.2, 0
2018-10-23 17:20:36 (7234305851542) STATS - 139.3, 0
2018-10-23 17:20:36 (7234305867243) STATS - 139.4, 0
2018-10-23 17:20:36 (7234305882844) STATS - 139.5, 0
2018-10-23 17:20:36 (7234305898744) STATS - 139.6, 0
2018-10-23 17:20:36 (7234305914445) STATS - 139.7, 0
2018-10-23 17:20:36 (7234305929846) STATS - 139.8, 0
2018-10-23 17:20:36 (7234305945246) STATS - 139.9, 0
2018-10-23 17:20:36 (7234305962547) STATS - 140.0, 0
2018-10-23 17:20:36 (7234305979548) STATS - 140.1, 0
2018-10-23 17:20:36 (7234305995349) STATS - 140.2, 0
2018-10-23 17:20:36 (7234306010849) STATS - 140.3, 0
2018-10-23 17:20:36 (7234306026950) STATS - 140.4, 0
2018-10-23 17:20:36 (7234306042951) STATS - 140.5, 0
2018-10-23 17:20:36 (7234306058751) STATS - 140.6, 0
2018-10-23 17:20:36 (7234306097453) STATS - 140.7, 0
2018-10-23 17:20:36 (7234306126754) STATS - 140.8, 0
2018-10-23 17:20:36 (7234306144155) STATS - 140.9, 0
2018-10-23 17:20:36 (7234306160656) STATS - 141.0, 0
2018-10-23 17:20:36 (7234306176456) STATS - 141.1, 0
2018-10-23 17:20:36 (7234306191857) STATS - 141.2, 0
2018-10-23 17:20:36 (7234306207258) STATS - 141.3, 0
2018-10-23 17:20:36 (7234306222258) STATS - 141.4, 0
2018-10-23 17:20:36 (7234306237459) STATS - 141.5, 0
2018-10-23 17:20:36 (7234306252860) STATS - 141.6, 0
2018-10-23 17:20:36 (7234306268560) STATS - 141.7, 0
2018-10-23 17:20:36 (7234306283761) STATS - 141.8, 0
2018-10-23 17:20:36 (7234306298761) STATS - 141.9, 0
2018-10-23 17:20:36 (7234306314062) STATS - 142.0, 0
2018-10-23 17:20:36 (7234306329563) STATS - 142.1, 0
2018-10-23 17:20:36 (7234306344663) STATS - 142.2, 0
2018-10-23 17:20:36 (7234306368864) STATS - 142.3, 0
2018-10-23 17:20:36 (7234306386465) STATS - 142.4, 0
2018-10-23 17:20:36 (7234306401466) STATS - 142.5, 0
2018-10-23 17:20:36 (7234306416467) STATS - 142.6, 0
2018-10-23 17:20:36 (7234306431167) STATS - 142.7, 0
2018-10-23 17:20:36 (7234306445568) STATS - 142.8, 0
2018-10-23 17:20:36 (7234306459868) STATS - 142.9, 0
2018-10-23 17:20:36 (7234306474369) STATS - 143.0, 0
2018-10-23 17:20:36 (7234306490170) STATS - 143.1, 0
2018-10-23 17:20:36 (7234306505370) STATS - 143.2, 0
2018-10-23 17:20:36 (7234306520071) STATS - 143.3, 0
2018-10-23 17:20:36 (7234306534272) STATS - 143.4, 0
2018-10-23 17:20:36 (7234306548472) STATS - 143.5, 0
2018-10-23 17:20:36 (7234306574873) STATS - 143.6, 0
2018-10-23 17:20:36 (7234306594274) STATS - 143.7, 0
2018-10-23 17:20:36 (7234306609175) STATS - 143.8, 0
2018-10-23 17:20:36 (7234306623675) STATS - 143.9, 0
2018-10-23 17:20:36 (7234306638176) STATS - 144.0, 0
2018-10-23 17:20:36 (7234306652977) STATS - 144.1, 0
2018-10-23 17:20:36 (7234306667577) STATS - 144.2, 0
2018-10-23 17:20:36 (7234306681878) STATS - 144.3, 0
2018-10-23 17:20:36 (7234306696078) STATS - 144.4, 0
2018-10-23 17:20:36 (7234306710479) STATS - 144.5, 0
2018-10-23 17:20:36 (7234306724680) STATS - 144.6, 0
2018-10-23 17:20:36 (7234306739080) STATS - 144.7, 0
2018-10-23 17:20:36 (7234306753181) STATS - 144.8, 0
2018-10-23 17:20:36 (7234306767582) STATS - 144.9, 0
2018-10-23 17:20:36 (7234306781982) STATS - 145.0, 0
2018-10-23 17:20:36 (7234306796583) STATS - 145.1, 0
2018-10-23 17:20:36 (7234306811183) STATS - 145.2, 0
2018-10-23 17:20:36 (7234306825484) STATS - 145.3, 0
2018-10-23 17:20:36 (7234306839385) STATS - 145.4, 0
2018-10-23 17:20:36 (7234306880186) STATS - 145.5, 0
2018-10-23 17:20:36 (7234306901387) STATS - 145.6, 0
2018-10-23 17:20:36 (7234306916888) STATS - 145.7, 0
2018-10-23 17:20:36 (7234306931789) STATS - 145.8, 0
2018-10-23 17:20:36 (7234306946789) STATS - 145.9, 0
2018-10-23 17:20:36 (7234306963790) STATS - 146.0, 0
2018-10-23 17:20:36 (7234306979891) STATS - 146.1, 0
2018-10-23 17:20:36 (7234306994791) STATS - 146.2, 0
2018-10-23 17:20:36 (7234307009392) STATS - 146.3, 0
2018-10-23 17:20:36 (7234307024393) STATS - 146.4, 0
2018-10-23 17:20:36 (7234314065894) STATS - 146.5, 0
2018-10-23 17:20:36 (7234314090895) STATS - 146.6, 0
2018-10-23 17:20:36 (7234314107196) STATS - 146.7, 0
2018-10-23 17:20:36 (7234314122296) STATS - 146.8, 0
2018-10-23 17:20:36 (7234314136397) STATS - 146.9, 0
2018-10-23 17:20:36 (7234314152398) STATS - 147.0, 0
2018-10-23 17:20:36 (7234314167598) STATS - 147.1, 0
2018-10-23 17:20:36 (7234314182399) STATS - 147.2, 0
2018-10-23 17:20:36 (7234314196999) STATS - 147.3, 0
2018-10-23 17:20:36 (7234314211800) STATS - 147.4, 0
2018-10-23 17:20:36 (7234314226101) STATS - 147.5, 0
2018-10-23 17:20:36 (7234314240901) STATS - 147.6, 0
2018-10-23 17:20:36 (7234314255802) STATS - 147.7, 0
2018-10-23 17:20:36 (7234314273203) STATS - 147.8, 0
2018-10-23 17:20:36 (7234314288803) STATS - 147.9, 0
2018-10-23 17:20:36 (7234314304604) STATS - 148.0, 0
2018-10-23 17:20:36 (7234314319805) STATS - 148.1, 0
2018-10-23 17:20:36 (7234314334805) STATS - 148.2, 0
2018-10-23 17:20:36 (7234314350406) STATS - 148.3, 0
2018-10-23 17:20:36 (7234314366007) STATS - 148.4, 0
2018-10-23 17:20:36 (7234314380407) STATS - 148.5, 0
2018-10-23 17:20:36 (7234314394908) STATS - 148.6, 0
2018-10-23 17:20:36 (7234314411709) STATS - 148.7, 0
2018-10-23 17:20:36 (7234314426509) STATS - 148.8, 0
2018-10-23 17:20:36 (7234314440610) STATS - 148.9, 0
2018-10-23 17:20:36 (7234314455210) STATS - 149.0, 0
2018-10-23 17:20:36 (7234314469711) STATS - 149.1, 0
2018-10-23 17:20:36 (7234314483912) STATS - 149.2, 0
2018-10-23 17:20:36 (7234314498112) STATS - 149.3, 0
2018-10-23 17:20:36 (7234314512113) STATS - 149.4, 0
2018-10-23 17:20:36 (7234314526514) STATS - 149.5, 0
2018-10-23 17:20:36 (7234314540714) STATS - 149.6, 0
2018-10-23 17:20:36 (7234314554915) STATS - 149.7, 0
2018-10-23 17:20:36 (7234314569015) STATS - 149.8, 0
2018-10-23 17:20:36 (7234314583216) STATS - 149.9, 0
2018-10-23 17:20:36 (7234314597917) STATS - 150.0, 0
2018-10-23 17:20:36 (7234314612117) STATS - 150.1, 0
2018-10-23 17:20:36 (7234314626318) STATS - 150.2, 0
2018-10-23 17:20:36 (7234314640518) STATS - 150.3, 0
2018-10-23 17:20:36 (7234314654619) STATS - 150.4, 0
2018-10-23 17:20:36 (7234314669020) STATS - 150.5, 0
2018-10-23 17:20:36 (7234314683220) STATS - 150.6, 0
2018-10-23 17:20:36 (7234314697421) STATS - 150.7, 0
2018-10-23 17:20:36 (7234314711521) STATS - 150.8, 0
2018-10-23 17:20:36 (7234314728222) STATS - 150.9, 0
2018-10-23 17:20:36 (7234314744923) STATS - 151.0, 0
2018-10-23 17:20:36 (7234314759524) STATS - 151.1, 0
2018-10-23 17:20:36 (7234314773724) STATS - 151.2, 0
2018-10-23 17:20:36 (7234314787925) STATS - 151.3, 0
2018-10-23 17:20:36 (7234314802025) STATS - 151.4, 0
2018-10-23 17:20:36 (7234314816026) STATS - 151.5, 0
2018-10-23 17:20:36 (7234314830127) STATS - 151.6, 0
2018-10-23 17:20:36 (7234314844427) STATS - 151.7, 0
2018-10-23 17:20:36 (7234314886329) STATS - 151.8, 0
2018-10-23 17:20:36 (7234314941531) STATS - 151.9, 0
2018-10-23 17:20:36 (7234314978833) STATS - 152.0, 0
2018-10-23 17:20:36 (7234315014034) STATS - 152.1, 0
2018-10-23 17:20:36 (7234315029035) STATS - 152.2, 0
2018-10-23 17:20:36 (7234315043336) STATS - 152.3, 0
2018-10-23 17:20:36 (7234315057636) STATS - 152.4, 0
2018-10-23 17:20:36 (7234315088538) STATS - 152.5, 0
2018-10-23 17:20:36 (7234315113739) STATS - 152.6, 0
2018-10-23 17:20:36 (7234315136040) STATS - 152.7, 0
2018-10-23 17:20:36 (7234315159441) STATS - 152.8, 0
2018-10-23 17:20:36 (7234315177241) STATS - 152.9, 0
2018-10-23 17:20:36 (7234315192742) STATS - 153.0, 0
2018-10-23 17:20:36 (7234315207643) STATS - 153.1, 0
2018-10-23 17:20:36 (7234315222143) STATS - 153.2, 0
2018-10-23 17:20:36 (7234315238844) STATS - 153.3, 0
2018-10-23 17:20:36 (7234315253045) STATS - 153.4, 0
2018-10-23 17:20:36 (7234315269045) STATS - 153.5, 0
2018-10-23 17:20:36 (7234315285546) STATS - 153.6, 0
2018-10-23 17:20:36 (7234315300747) STATS - 153.7, 0
2018-10-23 17:20:36 (7234315315347) STATS - 153.8, 0
2018-10-23 17:20:36 (7234315339948) STATS - 153.9, 0
2018-10-23 17:20:36 (7234315358049) STATS - 154.0, 0
2018-10-23 17:20:36 (7234315372550) STATS - 154.1, 0
2018-10-23 17:20:36 (7234315386750) STATS - 154.2, 0
2018-10-23 17:20:36 (7234315400751) STATS - 154.3, 0
2018-10-23 17:20:36 (7234315414652) STATS - 154.4, 0
2018-10-23 17:20:36 (7234315428852) STATS - 154.5, 0
2018-10-23 17:20:36 (7234315442753) STATS - 154.6, 0
2018-10-23 17:20:36 (7234315456953) STATS - 154.7, 0
2018-10-23 17:20:36 (7234315470754) STATS - 154.8, 0
2018-10-23 17:20:36 (7234315484855) STATS - 154.9, 0
2018-10-23 17:20:36 (7234315498955) STATS - 155.0, 0
2018-10-23 17:20:36 (7234315515256) STATS - 155.1, 0
2018-10-23 17:20:36 (7234315529456) STATS - 155.2, 0
2018-10-23 17:20:36 (7234315543457) STATS - 155.3, 0
2018-10-23 17:20:36 (7234315557358) STATS - 155.4, 0
2018-10-23 17:20:36 (7234315571258) STATS - 155.5, 0
2018-10-23 17:20:36 (7234315585559) STATS - 155.6, 0
2018-10-23 17:20:36 (7234315599659) STATS - 155.7, 0
2018-10-23 17:20:36 (7234315613760) STATS - 155.8, 0
2018-10-23 17:20:36 (7234315628461) STATS - 155.9, 0
2018-10-23 17:20:36 (7234315644161) STATS - 156.0, 0
2018-10-23 17:20:36 (7234315666162) STATS - 156.1, 0
2018-10-23 17:20:36 (7234315682863) STATS - 156.2, 0
2018-10-23 17:20:36 (7234315696664) STATS - 156.3, 0
2018-10-23 17:20:36 (7234315710564) STATS - 156.4, 0
2018-10-23 17:20:36 (7234315724065) STATS - 156.5, 1
2018-10-23 17:20:36 (7234315738165) STATS - 156.6, 0
2018-10-23 17:20:36 (7234315752066) STATS - 156.7, 1
2018-10-23 17:20:36 (7234315766067) STATS - 156.8, 0
2018-10-23 17:20:36 (7234315779667) STATS - 156.9, 1
2018-10-23 17:20:36 (7234315793968) STATS - 157.0, 0
2018-10-23 17:20:36 (7234315808068) STATS - 157.1, 0
2018-10-23 17:20:36 (7234315821769) STATS - 157.2, 0
2018-10-23 17:20:36 (7234315835370) STATS - 157.3, 0
2018-10-23 17:20:36 (7234315868771) STATS - 157.4, 0
2018-10-23 17:20:36 (7234315883572) STATS - 157.5, 0
2018-10-23 17:20:36 (7234315896372) STATS - 157.6, 0
2018-10-23 17:20:36 (7234315909273) STATS - 157.7, 0
2018-10-23 17:20:36 (7234315921673) STATS - 157.8, 0
2018-10-23 17:20:36 (7234315934174) STATS - 157.9, 0
2018-10-23 17:20:36 (7234315947374) STATS - 158.0, 0
2018-10-23 17:20:36 (7234315960475) STATS - 158.1, 0
2018-10-23 17:20:36 (7234315972975) STATS - 158.2, 0
2018-10-23 17:20:36 (7234315985576) STATS - 158.3, 0
2018-10-23 17:20:36 (7234315998077) STATS - 158.4, 0
2018-10-23 17:20:36 (7234316027578) STATS - 158.5, 0
2018-10-23 17:20:36 (7234316041378) STATS - 158.6, 0
2018-10-23 17:20:36 (7234316053779) STATS - 158.7, 0
2018-10-23 17:20:36 (7234316066279) STATS - 158.8, 0
2018-10-23 17:20:36 (7234316078880) STATS - 158.9, 0
2018-10-23 17:20:36 (7234316092081) STATS - 159.0, 0
2018-10-23 17:20:36 (7234316105581) STATS - 159.1, 0
2018-10-23 17:20:36 (7234316118282) STATS - 159.2, 0
2018-10-23 17:20:36 (7234316130882) STATS - 159.3, 0
2018-10-23 17:20:36 (7234316143283) STATS - 159.4, 0
2018-10-23 17:20:36 (7234316155883) STATS - 159.5, 0
2018-10-23 17:20:36 (7234316168784) STATS - 159.6, 0
2018-10-23 17:20:36 (7234316221686) STATS - 159.7, 0
2018-10-23 17:20:36 (7234316239387) STATS - 159.8, 0
2018-10-23 17:20:36 (7234316251987) STATS - 159.9, 0
2018-10-23 17:20:36 (7234316265688) STATS - 160.0, 0
2018-10-23 17:20:36 (7234316279189) STATS - 160.1, 0
2018-10-23 17:20:36 (7234316291589) STATS - 160.2, 0
2018-10-23 17:20:36 (7234316303990) STATS - 160.3, 0
2018-10-23 17:20:36 (7234316316490) STATS - 160.4, 0
2018-10-23 17:20:36 (7234316328991) STATS - 160.5, 0
2018-10-23 17:20:36 (7234316341391) STATS - 160.6, 0
2018-10-23 17:20:36 (7234316354292) STATS - 160.7, 0
2018-10-23 17:20:36 (7234316366892) STATS - 160.8, 0
2018-10-23 17:20:36 (7234316379393) STATS - 160.9, 0
2018-10-23 17:20:36 (7234316392393) STATS - 161.0, 0
2018-10-23 17:20:36 (7234316405194) STATS - 161.1, 0
2018-10-23 17:20:36 (7234316417694) STATS - 161.2, 0
2018-10-23 17:20:36 (7234316429995) STATS - 161.3, 0
2018-10-23 17:20:36 (7234316442596) STATS - 161.4, 0
2018-10-23 17:20:36 (7234316455596) STATS - 161.5, 0
2018-10-23 17:20:36 (7234316468397) STATS - 161.6, 0
2018-10-23 17:20:36 (7234316481097) STATS - 161.7, 0
2018-10-23 17:20:36 (7234316493498) STATS - 161.8, 0
2018-10-23 17:20:36 (7234316506098) STATS - 161.9, 0
2018-10-23 17:20:36 (7234316518799) STATS - 162.0, 0
2018-10-23 17:20:36 (7234316531799) STATS - 162.1, 0
2018-10-23 17:20:36 (7234316546700) STATS - 162.2, 0
2018-10-23 17:20:36 (7234316560101) STATS - 162.3, 0
2018-10-23 17:20:36 (7234316572701) STATS - 162.4, 0
2018-10-23 17:20:36 (7234316587002) STATS - 162.5, 0
2018-10-23 17:20:36 (7234316600302) STATS - 162.6, 0
2018-10-23 17:20:36 (7234316613603) STATS - 162.7, 1
2018-10-23 17:20:36 (7234316626303) STATS - 162.8, 0
2018-10-23 17:20:36 (7234316638704) STATS - 162.9, 0
2018-10-23 17:20:36 (7234316651304) STATS - 163.0, 0
2018-10-23 17:20:36 (7234316664105) STATS - 163.1, 0
2018-10-23 17:20:36 (7234316676606) STATS - 163.2, 0
2018-10-23 17:20:36 (7234316689106) STATS - 163.3, 0
2018-10-23 17:20:36 (7234316701707) STATS - 163.4, 0
2018-10-23 17:20:36 (7234316714207) STATS - 163.5, 0
2018-10-23 17:20:36 (7234316726908) STATS - 163.6, 0
2018-10-23 17:20:36 (7234316739808) STATS - 163.7, 0
2018-10-23 17:20:36 (7234316753509) STATS - 163.8, 0
2018-10-23 17:20:36 (7234316766809) STATS - 163.9, 0
2018-10-23 17:20:36 (7234316779610) STATS - 164.0, 0
2018-10-23 17:20:36 (7234316792310) STATS - 164.1, 0
2018-10-23 17:20:36 (7234316806711) STATS - 164.2, 0
2018-10-23 17:20:36 (7234316819612) STATS - 164.3, 0
2018-10-23 17:20:36 (7234316832112) STATS - 164.4, 0
2018-10-23 17:20:36 (7234316846413) STATS - 164.5, 0
2018-10-23 17:20:36 (7234316859613) STATS - 164.6, 0
2018-10-23 17:20:36 (7234316872214) STATS - 164.7, 0
2018-10-23 17:20:36 (7234316885114) STATS - 164.8, 0
2018-10-23 17:20:36 (7234316897715) STATS - 164.9, 0
2018-10-23 17:20:36 (7234323858113) STATS - 165.0, 0
2018-10-23 17:20:36 (7234323935816) STATS - 165.1, 0
2018-10-23 17:20:36 (7234323954017) STATS - 165.2, 0
2018-10-23 17:20:36 (7234323967818) STATS - 165.3, 0
2018-10-23 17:20:36 (7234323980318) STATS - 165.4, 0
2018-10-23 17:20:36 (7234323993119) STATS - 165.5, 0
2018-10-23 17:20:36 (7234324019020) STATS - 165.6, 0
2018-10-23 17:20:36 (7234324033720) STATS - 165.7, 0
2018-10-23 17:20:36 (7234324046321) STATS - 165.8, 0
2018-10-23 17:20:36 (7234324058921) STATS - 165.9, 0
2018-10-23 17:20:36 (7234324072822) STATS - 166.0, 0
2018-10-23 17:20:36 (7234324086023) STATS - 166.1, 0
2018-10-23 17:20:36 (7234324098423) STATS - 166.2, 0
2018-10-23 17:20:36 (7234324110924) STATS - 166.3, 0
2018-10-23 17:20:36 (7234324123724) STATS - 166.4, 0
2018-10-23 17:20:36 (7234324136025) STATS - 166.5, 0
2018-10-23 17:20:36 (7234324148625) STATS - 166.6, 0
2018-10-23 17:20:36 (7234324161026) STATS - 166.7, 0
2018-10-23 17:20:36 (7234324173426) STATS - 166.8, 0
2018-10-23 17:20:36 (7234324185927) STATS - 166.9, 0
2018-10-23 17:20:36 (7234324198827) STATS - 167.0, 0
2018-10-23 17:20:36 (7234324211828) STATS - 167.1, 0
2018-10-23 17:20:36 (7234324252030) STATS - 167.2, 0
2018-10-23 17:20:36 (7234324269830) STATS - 167.3, 0
2018-10-23 17:20:36 (7234324282631) STATS - 167.4, 0
2018-10-23 17:20:36 (7234324295232) STATS - 167.5, 0
2018-10-23 17:20:36 (7234324307532) STATS - 167.6, 0
2018-10-23 17:20:36 (7234324320033) STATS - 167.7, 0
2018-10-23 17:20:36 (7234324332333) STATS - 167.8, 0
2018-10-23 17:20:36 (7234324344534) STATS - 167.9, 0
2018-10-23 17:20:36 (7234324358034) STATS - 168.0, 0
2018-10-23 17:20:36 (7234324373335) STATS - 168.1, 0
2018-10-23 17:20:36 (7234324386435) STATS - 168.2, 0
2018-10-23 17:20:36 (7234324398736) STATS - 168.3, 0
2018-10-23 17:20:36 (7234324411036) STATS - 168.4, 0
2018-10-23 17:20:36 (7234324423437) STATS - 168.5, 0
2018-10-23 17:20:36 (7234324438738) STATS - 168.6, 0
2018-10-23 17:20:36 (7234324452038) STATS - 168.7, 0
2018-10-23 17:20:36 (7234324464139) STATS - 168.8, 0
2018-10-23 17:20:36 (7234324476639) STATS - 168.9, 0
2018-10-23 17:20:36 (7234324489340) STATS - 169.0, 0
2018-10-23 17:20:36 (7234324504540) STATS - 169.1, 0
2018-10-23 17:20:36 (7234324517541) STATS - 169.2, 0
2018-10-23 17:20:36 (7234324540642) STATS - 169.3, 0
2018-10-23 17:20:36 (7234324552443) STATS - 169.4, 0
2018-10-23 17:20:36 (7234324564243) STATS - 169.5, 0
2018-10-23 17:20:36 (7234324576344) STATS - 169.6, 0
2018-10-23 17:20:36 (7234324588244) STATS - 169.7, 0
2018-10-23 17:20:36 (7234324600045) STATS - 169.8, 0
2018-10-23 17:20:36 (7234324611945) STATS - 169.9, 0
2018-10-23 17:20:36 (7234324624846) STATS - 170.0, 0
2018-10-23 17:20:36 (7234324637146) STATS - 170.1, 0
2018-10-23 17:20:36 (7234324649147) STATS - 170.2, 0
2018-10-23 17:20:36 (7234324661247) STATS - 170.3, 0
2018-10-23 17:20:36 (7234324673048) STATS - 170.4, 0
2018-10-23 17:20:36 (7234324684848) STATS - 170.5, 0
2018-10-23 17:20:36 (7234324696849) STATS - 170.6, 0
2018-10-23 17:20:36 (7234324708549) STATS - 170.7, 0
2018-10-23 17:20:36 (7234324720450) STATS - 170.8, 0
2018-10-23 17:20:36 (7234324732250) STATS - 170.9, 0
2018-10-23 17:20:36 (7234324744251) STATS - 171.0, 0
2018-10-23 17:20:36 (7234324756451) STATS - 171.1, 0
2018-10-23 17:20:36 (7234324768352) STATS - 171.2, 0
2018-10-23 17:20:36 (7234324780352) STATS - 171.3, 0
2018-10-23 17:20:36 (7234324792553) STATS - 171.4, 0
2018-10-23 17:20:36 (7234324804453) STATS - 171.5, 0
2018-10-23 17:20:36 (7234324816554) STATS - 171.6, 0
2018-10-23 17:20:36 (7234324828354) STATS - 171.7, 0
2018-10-23 17:20:36 (7234324840355) STATS - 171.8, 0
2018-10-23 17:20:36 (7234324852255) STATS - 171.9, 0
2018-10-23 17:20:36 (7234324875856) STATS - 172.0, 0
2018-10-23 17:20:36 (7234324889757) STATS - 172.1, 0
2018-10-23 17:20:36 (7234324938959) STATS - 172.2, 0
2018-10-23 17:20:36 (7234324961460) STATS - 172.3, 0
2018-10-23 17:20:36 (7234324975161) STATS - 172.4, 1
2018-10-23 17:20:36 (7234324987761) STATS - 172.5, 0
2018-10-23 17:20:36 (7234325000462) STATS - 172.6, 0
2018-10-23 17:20:36 (7234325012862) STATS - 172.7, 0
2018-10-23 17:20:36 (7234325026163) STATS - 172.8, 1
2018-10-23 17:20:36 (7234325043064) STATS - 172.9, 0
2018-10-23 17:20:36 (7234325057064) STATS - 173.0, 0
2018-10-23 17:20:36 (7234325070165) STATS - 173.1, 0
2018-10-23 17:20:36 (7234325083065) STATS - 173.2, 0
2018-10-23 17:20:36 (7234325098866) STATS - 173.3, 0
2018-10-23 17:20:36 (7234325114567) STATS - 173.4, 0
2018-10-23 17:20:36 (7234325127867) STATS - 173.5, 0
2018-10-23 17:20:36 (7234325141068) STATS - 173.6, 0
2018-10-23 17:20:36 (7234325153568) STATS - 173.7, 0
2018-10-23 17:20:36 (7234325165969) STATS - 173.8, 0
2018-10-23 17:20:36 (7234325199070) STATS - 173.9, 0
2018-10-23 17:20:36 (7234325214371) STATS - 174.0, 0
2018-10-23 17:20:36 (7234325227471) STATS - 174.1, 0
2018-10-23 17:20:36 (7234325239972) STATS - 174.2, 0
2018-10-23 17:20:36 (7234325252572) STATS - 174.3, 0
2018-10-23 17:20:36 (7234325264973) STATS - 174.4, 0
2018-10-23 17:20:36 (7234325277374) STATS - 174.5, 0
2018-10-23 17:20:36 (7234325289874) STATS - 174.6, 0
2018-10-23 17:20:36 (7234325304775) STATS - 174.7, 0
2018-10-23 17:20:36 (7234325319275) STATS - 174.8, 0
2018-10-23 17:20:36 (7234325332376) STATS - 174.9, 0
2018-10-23 17:20:36 (7234325345176) STATS - 175.0, 0
2018-10-23 17:20:36 (7234325357677) STATS - 175.1, 0
2018-10-23 17:20:36 (7234325370278) STATS - 175.2, 0
2018-10-23 17:20:36 (7234325382778) STATS - 175.3, 0
2018-10-23 17:20:36 (7234325395079) STATS - 175.4, 0
2018-10-23 17:20:36 (7234325407579) STATS - 175.5, 0
2018-10-23 17:20:36 (7234325419980) STATS - 175.6, 0
2018-10-23 17:20:36 (7234325432580) STATS - 175.7, 0
2018-10-23 17:20:36 (7234325444781) STATS - 175.8, 0
2018-10-23 17:20:36 (7234325457081) STATS - 175.9, 0
2018-10-23 17:20:36 (7234325469582) STATS - 176.0, 0
2018-10-23 17:20:36 (7234325481982) STATS - 176.1, 0
2018-10-23 17:20:36 (7234325494383) STATS - 176.2, 0
2018-10-23 17:20:36 (7234325506883) STATS - 176.3, 0
2018-10-23 17:20:36 (7234325519284) STATS - 176.4, 0
2018-10-23 17:20:36 (7234325531784) STATS - 176.5, 0
2018-10-23 17:20:36 (7234325544185) STATS - 176.6, 0
2018-10-23 17:20:36 (7234325556786) STATS - 176.7, 0
2018-10-23 17:20:36 (7234325570886) STATS - 176.8, 0
2018-10-23 17:20:36 (7234325583587) STATS - 176.9, 0
2018-10-23 17:20:36 (7234325596287) STATS - 177.0, 0
2018-10-23 17:20:36 (7234325609188) STATS - 177.1, 0
2018-10-23 17:20:36 (7234325621488) STATS - 177.2, 0
2018-10-23 17:20:36 (7234325643589) STATS - 177.3, 0
2018-10-23 17:20:36 (7234325656990) STATS - 177.4, 0
2018-10-23 17:20:36 (7234325706992) STATS - 177.5, 0
2018-10-23 17:20:36 (7234325731593) STATS - 177.6, 0
2018-10-23 17:20:36 (7234325744694) STATS - 177.7, 0
2018-10-23 17:20:36 (7234325757294) STATS - 177.8, 0
2018-10-23 17:20:36 (7234325769295) STATS - 177.9, 0
2018-10-23 17:20:36 (7234325782895) STATS - 178.0, 0
2018-10-23 17:20:36 (7234325795996) STATS - 178.1, 0
2018-10-23 17:20:36 (7234325808496) STATS - 178.2, 0
2018-10-23 17:20:36 (7234325820997) STATS - 178.3, 0
2018-10-23 17:20:36 (7234325833497) STATS - 178.4, 0
2018-10-23 17:20:36 (7234325845798) STATS - 178.5, 0
2018-10-23 17:20:36 (7234325858598) STATS - 178.6, 0
2018-10-23 17:20:36 (7234325870899) STATS - 178.7, 0
2018-10-23 17:20:36 (7234325883399) STATS - 178.8, 0
2018-10-23 17:20:36 (7234325895900) STATS - 178.9, 0
2018-10-23 17:20:36 (7234325908701) STATS - 179.0, 0
2018-10-23 17:20:36 (7234325921701) STATS - 179.1, 0
2018-10-23 17:20:36 (7234325934202) STATS - 179.2, 1
2018-10-23 17:20:36 (7234325946702) STATS - 179.3, 0
2018-10-23 17:20:36 (7234325959103) STATS - 179.4, 0
2018-10-23 17:20:36 (7234325971403) STATS - 179.5, 0
2018-10-23 17:20:36 (7234325983804) STATS - 179.6, 0
2018-10-23 17:20:36 (7234325996404) STATS - 179.7, 1
2018-10-23 17:20:36 (7234326026906) INFO  - END: Middleware stopped.
