Elapsed Time, AVG Throughput, AVG Queue Size, AVG Waiting Time, AVG Service Time, AVG Response Time, AVG SET Response Time, AVG GET Response Time, AVG MULTI-GET Response Time, #SETS, #GETS, #MULTIGETS, GET MissRatio, MULTI-GET MissRatio, AVG MULTI-GET Size
 5.00, 8676, 31, 4.196877, 2.734949, 7.059813, 0.000000, 7.059813, 0.000000, 0, 43381, 0, 1.00, 0.00, 0
10.00, 10455, 32, 3.414348, 2.361272, 5.858120, 0.000000, 5.858120, 0.000000, 0, 52275, 0, 1.00, 0.00, 0
15.00, 10279, 32, 3.557384, 2.425313, 6.057777, 0.000000, 6.057777, 0.000000, 0, 51399, 0, 1.00, 0.00, 0
20.00, 10244, 31, 3.606574, 2.437695, 6.111749, 0.000000, 6.111749, 0.000000, 0, 51222, 0, 1.00, 0.00, 0
25.00, 10243, 31, 3.644895, 2.433397, 6.137210, 0.000000, 6.137210, 0.000000, 0, 51218, 0, 1.00, 0.00, 0
30.00, 10282, 32, 3.443763, 2.392899, 5.935319, 0.000000, 5.935319, 0.000000, 0, 51412, 0, 1.00, 0.00, 0
35.00, 10234, 31, 3.422819, 2.414444, 5.903923, 0.000000, 5.903923, 0.000000, 0, 51170, 0, 1.00, 0.00, 0
40.00, 10459, 32, 3.512119, 2.351908, 5.934633, 0.000000, 5.934633, 0.000000, 0, 52299, 0, 1.00, 0.00, 0
45.00, 10640, 32, 3.536262, 2.373962, 5.987002, 0.000000, 5.987002, 0.000000, 0, 53204, 0, 1.00, 0.00, 0
50.00, 10475, 32, 3.545344, 2.363391, 6.014292, 0.000000, 6.014292, 0.000000, 0, 52376, 0, 1.00, 0.00, 0
55.00, 10294, 32, 3.583509, 2.285531, 5.952419, 0.000000, 5.952419, 0.000000, 0, 51470, 0, 1.00, 0.00, 0
60.00, 10544, 32, 3.474382, 2.198709, 5.739609, 0.000000, 5.739609, 0.000000, 0, 52722, 0, 1.00, 0.00, 0
65.00, 10157, 32, 3.726644, 2.289498, 6.097962, 0.000000, 6.097962, 0.000000, 0, 50788, 0, 1.00, 0.00, 0
70.00, 10049, 32, 3.750526, 2.338346, 6.164324, 0.000000, 6.164324, 0.000000, 0, 50249, 0, 1.00, 0.00, 0
70.00, 123, 10, 0.873228, 1.068704, 2.464980, 0.000000, 2.464980, 0.000000, 0, 618, 0, 1.00, 0.00, 0
Interval, Responses
0.1, 0
0.2, 0
0.3, 0
0.4, 0
0.5, 212
0.6, 1138
0.7, 2807
0.8, 4549
0.9, 5318
1.0, 5769
1.1, 5757
1.2, 6000
1.3, 6812
1.4, 7476
1.5, 8804
1.6, 9851
1.7, 11184
1.8, 11849
1.9, 12731
2.0, 13505
2.1, 13971
2.2, 14294
2.3, 13895
2.4, 13333
2.5, 12795
2.6, 12253
2.7, 11046
2.8, 9642
2.9, 8835
3.0, 7793
3.1, 7335
3.2, 6851
3.3, 6199
3.4, 5585
3.5, 5179
3.6, 5056
3.7, 4795
3.8, 4932
3.9, 4697
4.0, 4559
4.1, 4327
4.2, 4236
4.3, 4262
4.4, 4212
4.5, 4231
4.6, 4222
4.7, 4263
4.8, 4257
4.9, 3897
5.0, 4096
5.1, 3953
5.2, 3959
5.3, 3976
5.4, 4047
5.5, 3789
5.6, 3848
5.7, 3685
5.8, 3663
5.9, 3596
6.0, 3539
6.1, 3576
6.2, 3754
6.3, 3675
6.4, 3631
6.5, 3559
6.6, 3730
6.7, 3360
6.8, 3393
6.9, 3489
7.0, 3342
7.1, 3307
7.2, 3499
7.3, 3321
7.4, 3518
7.5, 3739
7.6, 3845
7.7, 3785
7.8, 3778
7.9, 3938
8.0, 4622
8.1, 5196
8.2, 5716
8.3, 5896
8.4, 6975
8.5, 7271
8.6, 8444
8.7, 9033
8.8, 10034
8.9, 10232
9.0, 10867
9.1, 11705
9.2, 12002
9.3, 12628
9.4, 12823
9.5, 12895
9.6, 12726
9.7, 12486
9.8, 11452
9.9, 10527
10.0, 9182
10.1, 8050
10.2, 7083
10.3, 6342
10.4, 5471
10.5, 4783
10.6, 4032
10.7, 3505
10.8, 2992
10.9, 2568
11.0, 2174
11.1, 1807
11.2, 1610
11.3, 1471
11.4, 1248
11.5, 1136
11.6, 1047
11.7, 838
11.8, 769
11.9, 671
12.0, 604
12.1, 581
12.2, 546
12.3, 495
12.4, 489
12.5, 458
12.6, 414
12.7, 386
12.8, 381
12.9, 348
13.0, 369
13.1, 364
13.2, 315
13.3, 291
13.4, 308
13.5, 320
13.6, 321
13.7, 314
13.8, 340
13.9, 320
14.0, 300
14.1, 289
14.2, 375
14.3, 328
14.4, 316
14.5, 297
14.6, 319
14.7, 348
14.8, 346
14.9, 268
15.0, 294
15.1, 283
15.2, 300
15.3, 257
15.4, 252
15.5, 215
15.6, 166
15.7, 200
15.8, 201
15.9, 189
16.0, 194
16.1, 214
16.2, 187
16.3, 206
16.4, 202
16.5, 186
16.6, 193
16.7, 154
16.8, 182
16.9, 195
17.0, 172
17.1, 161
17.2, 143
17.3, 110
17.4, 109
17.5, 122
17.6, 155
17.7, 139
17.8, 127
17.9, 115
18.0, 104
18.1, 96
18.2, 96
18.3, 88
18.4, 99
18.5, 94
18.6, 102
18.7, 75
18.8, 86
18.9, 105
19.0, 105
19.1, 81
19.2, 91
19.3, 55
19.4, 53
19.5, 85
19.6, 83
19.7, 34
19.8, 46
19.9, 31
20.0, 35
20.1, 31
20.2, 42
20.3, 34
20.4, 22
20.5, 19
20.6, 25
20.7, 22
20.8, 17
20.9, 10
21.0, 18
21.1, 17
21.2, 20
21.3, 9
21.4, 16
21.5, 5
21.6, 10
21.7, 7
21.8, 13
21.9, 15
22.0, 12
22.1, 8
22.2, 8
22.3, 14
22.4, 10
22.5, 10
22.6, 16
22.7, 12
22.8, 15
22.9, 7
23.0, 8
23.1, 8
23.2, 8
23.3, 11
23.4, 4
23.5, 3
23.6, 3
23.7, 1
23.8, 10
23.9, 16
24.0, 10
24.1, 14
24.2, 7
24.3, 6
24.4, 3
24.5, 8
24.6, 1
24.7, 12
24.8, 14
24.9, 10
25.0, 9
25.1, 11
25.2, 10
25.3, 8
25.4, 2
25.5, 11
25.6, 12
25.7, 19
25.8, 17
25.9, 13
26.0, 16
26.1, 7
26.2, 12
26.3, 15
26.4, 13
26.5, 4
26.6, 6
26.7, 10
26.8, 11
26.9, 10
27.0, 5
27.1, 5
27.2, 2
27.3, 1
27.4, 3
27.5, 3
27.6, 5
27.7, 2
27.8, 0
27.9, 1
28.0, 1
28.1, 1
28.2, 0
28.3, 3
28.4, 2
28.5, 0
28.6, 1
28.7, 2
28.8, 0
28.9, 0
29.0, 0
29.1, 1
29.2, 3
29.3, 1
29.4, 0
29.5, 6
29.6, 5
29.7, 1
29.8, 1
29.9, 1
30.0, 3
30.1, 5
30.2, 4
30.3, 5
30.4, 3
30.5, 13
30.6, 6
30.7, 2
30.8, 4
30.9, 5
31.0, 9
31.1, 2
31.2, 4
31.3, 1
31.4, 0
31.5, 0
31.6, 1
31.7, 2
31.8, 1
31.9, 2
32.0, 1
32.1, 0
32.2, 6
32.3, 1
32.4, 2
32.5, 0
32.6, 0
32.7, 1
32.8, 0
32.9, 0
33.0, 1
33.1, 0
33.2, 0
33.3, 0
33.4, 0
33.5, 0
33.6, 0
33.7, 1
33.8, 0
33.9, 1
34.0, 0
34.1, 0
34.2, 0
34.3, 0
34.4, 0
34.5, 0
34.6, 0
34.7, 1
34.8, 0
34.9, 0
35.0, 1
35.1, 0
35.2, 0
35.3, 0
35.4, 1
35.5, 2
35.6, 1
35.7, 1
35.8, 2
35.9, 0
36.0, 0
36.1, 0
36.2, 0
36.3, 3
36.4, 1
36.5, 0
36.6, 0
36.7, 3
36.8, 0
36.9, 1
37.0, 0
37.1, 0
37.2, 1
37.3, 2
37.4, 1
37.5, 0
37.6, 5
37.7, 1
37.8, 0
37.9, 1
38.0, 1
38.1, 1
38.2, 1
38.3, 0
38.4, 1
38.5, 0
38.6, 0
38.7, 1
38.8, 2
38.9, 4
39.0, 1
39.1, 1
39.2, 0
39.3, 0
39.4, 0
39.5, 0
39.6, 1
39.7, 0
39.8, 0
39.9, 2
40.0, 0
40.1, 0
40.2, 2
40.3, 1
40.4, 0
40.5, 0
40.6, 0
40.7, 0
40.8, 3
40.9, 3
41.0, 1
41.1, 3
41.2, 2
41.3, 5
41.4, 7
41.5, 6
41.6, 6
41.7, 4
41.8, 5
41.9, 0
42.0, 2
42.1, 0
42.2, 2
42.3, 3
42.4, 2
42.5, 0
42.6, 0
42.7, 2
42.8, 0
42.9, 0
43.0, 0
43.1, 0
43.2, 0
43.3, 1
43.4, 0
43.5, 0
43.6, 0
43.7, 0
43.8, 0
43.9, 0
44.0, 0
44.1, 1
44.2, 2
44.3, 3
44.4, 5
44.5, 2
44.6, 5
44.7, 2
44.8, 2
44.9, 0
45.0, 12
45.1, 6
45.2, 2
45.3, 5
45.4, 1
45.5, 5
45.6, 3
45.7, 8
45.8, 4
45.9, 5
46.0, 4
46.1, 8
46.2, 7
46.3, 2
46.4, 0
46.5, 0
46.6, 0
46.7, 4
46.8, 3
46.9, 6
47.0, 5
47.1, 0
47.2, 0
47.3, 2
47.4, 0
47.5, 0
47.6, 0
47.7, 0
47.8, 0
47.9, 0
48.0, 0
48.1, 1
48.2, 0
48.3, 1
48.4, 0
48.5, 0
48.6, 0
48.7, 0
48.8, 0
48.9, 0
49.0, 0
49.1, 0
49.2, 0
49.3, 0
49.4, 0
49.5, 0
49.6, 0
49.7, 1
49.8, 0
49.9, 0
50.0, 0
50.1, 0
50.2, 0
50.3, 0
50.4, 0
50.5, 1
50.6, 2
50.7, 0
50.8, 1
50.9, 1
51.0, 0
51.1, 9
51.2, 9
51.3, 6
51.4, 6
51.5, 7
51.6, 11
51.7, 7
51.8, 5
51.9, 5
52.0, 2
52.1, 5
52.2, 6
52.3, 1
52.4, 7
52.5, 2
52.6, 5
52.7, 1
52.8, 4
52.9, 0
53.0, 2
53.1, 4
53.2, 0
53.3, 0
53.4, 0
53.5, 0
53.6, 1
53.7, 1
53.8, 1
53.9, 2
54.0, 2
54.1, 3
54.2, 1
54.3, 4
54.4, 5
54.5, 8
54.6, 11
54.7, 6
54.8, 1
54.9, 5
55.0, 15
55.1, 8
55.2, 2
55.3, 2
55.4, 1
55.5, 1
55.6, 1
55.7, 0
55.8, 1
55.9, 1
56.0, 4
56.1, 3
56.2, 5
56.3, 2
56.4, 5
56.5, 7
56.6, 10
56.7, 1
56.8, 5
56.9, 9
57.0, 2
57.1, 0
57.2, 0
57.3, 0
57.4, 0
57.5, 6
57.6, 8
57.7, 9
57.8, 1
57.9, 1
58.0, 0
58.1, 0
58.2, 0
58.3, 0
58.4, 0
58.5, 0
58.6, 0
58.7, 0
58.8, 0
58.9, 0
59.0, 0
59.1, 0
59.2, 0
59.3, 0
59.4, 0
59.5, 0
59.6, 0
59.7, 0
59.8, 0
59.9, 0
60.0, 0
60.1, 0
60.2, 0
60.3, 0
60.4, 1
60.5, 1
60.6, 0
60.7, 0
60.8, 0
60.9, 2
61.0, 2
61.1, 1
61.2, 1
61.3, 0
61.4, 3
61.5, 0
61.6, 2
61.7, 1
61.8, 2
61.9, 1
62.0, 4
62.1, 8
62.2, 5
62.3, 7
62.4, 2
62.5, 4
62.6, 3
62.7, 5
62.8, 2
62.9, 1
63.0, 11
63.1, 17
63.2, 4
63.3, 0
63.4, 1
63.5, 0
63.6, 0
63.7, 0
63.8, 0
63.9, 0
64.0, 1
64.1, 0
64.2, 0
64.3, 0
64.4, 0
64.5, 0
64.6, 1
64.7, 5
64.8, 1
64.9, 4
65.0, 3
65.1, 3
65.2, 3
65.3, 3
65.4, 5
65.5, 5
65.6, 0
65.7, 6
65.8, 1
65.9, 1
66.0, 0
66.1, 0
66.2, 7
66.3, 5
66.4, 2
66.5, 8
66.6, 7
66.7, 5
66.8, 6
66.9, 5
67.0, 3
67.1, 0
67.2, 6
67.3, 11
67.4, 13
67.5, 6
67.6, 1
67.7, 5
67.8, 8
67.9, 2
68.0, 10
68.1, 12
68.2, 3
68.3, 2
68.4, 5
68.5, 2
68.6, 7
68.7, 4
68.8, 0
68.9, 1
69.0, 4
69.1, 1
69.2, 3
69.3, 0
69.4, 0
69.5, 0
69.6, 0
69.7, 0
69.8, 0
69.9, 0
70.0, 1
70.1, 3
70.2, 2
70.3, 3
70.4, 4
70.5, 3
70.6, 3
70.7, 4
70.8, 1
70.9, 0
71.0, 1
71.1, 0
71.2, 3
71.3, 2
71.4, 3
71.5, 4
71.6, 9
71.7, 4
71.8, 11
71.9, 6
72.0, 12
72.1, 9
72.2, 7
72.3, 3
72.4, 2
72.5, 2
72.6, 0
72.7, 0
72.8, 0
72.9, 1
73.0, 0
73.1, 0
73.2, 0
73.3, 0
73.4, 0
73.5, 0
73.6, 0
73.7, 0
73.8, 1
73.9, 2
74.0, 0
74.1, 0
74.2, 0
74.3, 0
74.4, 0
74.5, 0
74.6, 0
74.7, 0
74.8, 0
74.9, 0
75.0, 0
75.1, 0
75.2, 0
75.3, 0
75.4, 0
75.5, 0
75.6, 0
75.7, 0
75.8, 0
75.9, 0
76.0, 0
76.1, 0
76.2, 0
76.3, 0
76.4, 0
76.5, 0
76.6, 0
76.7, 0
76.8, 0
76.9, 0
77.0, 0
77.1, 0
77.2, 0
77.3, 0
77.4, 0
77.5, 0
77.6, 0
77.7, 0
77.8, 0
77.9, 0
78.0, 0
78.1, 0
78.2, 0
78.3, 0
78.4, 0
78.5, 0
78.6, 0
78.7, 0
78.8, 0
78.9, 0
79.0, 0
79.1, 0
79.2, 0
79.3, 1
79.4, 0
79.5, 1
79.6, 0
79.7, 0
79.8, 0
79.9, 0
80.0, 0
80.1, 0
80.2, 0
80.3, 0
80.4, 0
80.5, 0
80.6, 0
80.7, 0
80.8, 0
80.9, 0
81.0, 0
81.1, 0
81.2, 0
81.3, 0
81.4, 0
81.5, 0
81.6, 0
81.7, 0
81.8, 0
81.9, 0
82.0, 0
82.1, 0
82.2, 0
82.3, 0
82.4, 0
82.5, 0
82.6, 0
82.7, 0
82.8, 0
82.9, 0
83.0, 0
83.1, 0
83.2, 0
83.3, 0
83.4, 0
83.5, 0
83.6, 0
83.7, 0
83.8, 0
83.9, 0
84.0, 0
84.1, 0
84.2, 0
84.3, 0
84.4, 0
84.5, 0
84.6, 0
84.7, 0
84.8, 0
84.9, 0
85.0, 0
85.1, 0
85.2, 0
85.3, 0
85.4, 0
85.5, 0
85.6, 0
85.7, 0
85.8, 0
85.9, 0
86.0, 0
86.1, 0
86.2, 0
86.3, 0
86.4, 0
86.5, 0
86.6, 0
86.7, 0
86.8, 0
86.9, 0
87.0, 0
87.1, 0
87.2, 0
87.3, 0
87.4, 0
87.5, 0
87.6, 0
87.7, 0
87.8, 0
87.9, 0
88.0, 0
88.1, 0
88.2, 0
88.3, 0
88.4, 0
88.5, 0
88.6, 0
88.7, 0
88.8, 0
88.9, 0
89.0, 0
89.1, 0
89.2, 0
89.3, 0
89.4, 0
89.5, 0
89.6, 0
89.7, 0
89.8, 0
89.9, 0
90.0, 0
90.1, 0
90.2, 0
90.3, 0
90.4, 0
90.5, 0
90.6, 0
90.7, 0
90.8, 0
90.9, 0
91.0, 0
91.1, 0
91.2, 0
91.3, 0
91.4, 0
91.5, 0
91.6, 0
91.7, 0
91.8, 0
91.9, 0
92.0, 0
92.1, 0
92.2, 0
92.3, 0
92.4, 0
92.5, 0
92.6, 0
92.7, 0
92.8, 0
92.9, 0
93.0, 0
93.1, 0
93.2, 0
93.3, 0
93.4, 0
93.5, 0
93.6, 0
93.7, 0
93.8, 0
93.9, 0
94.0, 0
94.1, 0
94.2, 0
94.3, 0
94.4, 0
94.5, 0
94.6, 0
94.7, 0
94.8, 0
94.9, 0
95.0, 0
95.1, 0
95.2, 0
95.3, 0
95.4, 0
95.5, 0
95.6, 0
95.7, 0
95.8, 0
95.9, 0
96.0, 0
96.1, 0
96.2, 0
96.3, 0
96.4, 0
96.5, 0
96.6, 0
96.7, 0
96.8, 0
96.9, 0
97.0, 0
97.1, 0
97.2, 0
97.3, 0
97.4, 0
97.5, 0
97.6, 0
97.7, 0
97.8, 0
97.9, 0
98.0, 0
98.1, 0
98.2, 0
98.3, 0
98.4, 0
98.5, 0
98.6, 0
98.7, 0
98.8, 0
98.9, 0
99.0, 0
99.1, 0
99.2, 0
99.3, 2
99.4, 0
99.5, 0
99.6, 0
99.7, 0
99.8, 0
99.9, 0
100.0, 0
100.1, 0
100.2, 0
100.3, 0
100.4, 0
100.5, 0
100.6, 0
100.7, 0
100.8, 0
100.9, 0
101.0, 0
101.1, 0
101.2, 0
101.3, 0
101.4, 0
101.5, 0
101.6, 0
101.7, 0
101.8, 0
101.9, 0
102.0, 0
102.1, 0
102.2, 0
102.3, 0
102.4, 0
102.5, 0
102.6, 0
102.7, 0
102.8, 0
102.9, 0
103.0, 0
103.1, 0
103.2, 0
103.3, 0
103.4, 0
103.5, 0
103.6, 0
103.7, 0
103.8, 0
103.9, 0
104.0, 0
104.1, 0
104.2, 0
104.3, 0
104.4, 0
104.5, 0
104.6, 0
104.7, 0
104.8, 0
104.9, 0
105.0, 0
105.1, 0
105.2, 0
105.3, 0
105.4, 0
105.5, 0
105.6, 0
105.7, 0
105.8, 0
105.9, 0
106.0, 0
106.1, 0
106.2, 0
106.3, 0
106.4, 0
106.5, 0
106.6, 0
106.7, 0
106.8, 0
106.9, 0
107.0, 0
107.1, 0
107.2, 0
107.3, 0
107.4, 0
107.5, 0
107.6, 0
107.7, 0
107.8, 0
107.9, 0
108.0, 0
108.1, 0
108.2, 0
108.3, 0
108.4, 0
108.5, 0
108.6, 0
108.7, 0
108.8, 0
108.9, 0
109.0, 0
109.1, 0
109.2, 0
109.3, 0
109.4, 0
109.5, 0
109.6, 0
109.7, 0
109.8, 0
109.9, 0
110.0, 0
110.1, 0
110.2, 0
110.3, 0
110.4, 0
110.5, 0
110.6, 0
110.7, 0
110.8, 0
110.9, 0
111.0, 0
111.1, 0
111.2, 0
111.3, 0
111.4, 0
111.5, 0
111.6, 0
111.7, 0
111.8, 0
111.9, 0
112.0, 0
112.1, 0
112.2, 0
112.3, 0
112.4, 0
112.5, 0
112.6, 0
112.7, 0
112.8, 0
112.9, 0
113.0, 0
113.1, 0
113.2, 0
113.3, 0
113.4, 0
113.5, 0
113.6, 0
113.7, 0
113.8, 0
113.9, 0
114.0, 0
114.1, 0
114.2, 0
114.3, 0
114.4, 0
114.5, 0
114.6, 0
114.7, 0
114.8, 0
114.9, 0
115.0, 0
115.1, 0
115.2, 0
115.3, 0
115.4, 0
115.5, 0
115.6, 0
115.7, 0
115.8, 0
115.9, 0
116.0, 0
116.1, 0
116.2, 0
116.3, 0
116.4, 0
116.5, 0
116.6, 0
116.7, 0
116.8, 0
116.9, 0
117.0, 0
117.1, 0
117.2, 0
117.3, 0
117.4, 0
117.5, 0
117.6, 0
117.7, 0
117.8, 0
117.9, 0
118.0, 0
118.1, 0
118.2, 0
118.3, 0
118.4, 0
118.5, 0
118.6, 0
118.7, 0
118.8, 0
118.9, 0
119.0, 0
119.1, 0
119.2, 0
119.3, 0
119.4, 0
119.5, 0
119.6, 0
119.7, 0
119.8, 0
119.9, 0
120.0, 0
120.1, 0
120.2, 0
120.3, 0
120.4, 0
120.5, 0
120.6, 0
120.7, 0
120.8, 0
120.9, 0
121.0, 0
121.1, 0
121.2, 0
121.3, 0
121.4, 0
121.5, 0
121.6, 0
121.7, 0
121.8, 0
121.9, 0
122.0, 0
122.1, 0
122.2, 0
122.3, 0
122.4, 0
122.5, 0
122.6, 0
122.7, 0
122.8, 0
122.9, 0
123.0, 0
123.1, 0
123.2, 0
123.3, 0
123.4, 0
123.5, 0
123.6, 0
123.7, 0
123.8, 0
123.9, 0
124.0, 0
124.1, 0
124.2, 0
124.3, 0
124.4, 0
124.5, 0
124.6, 0
124.7, 0
124.8, 0
124.9, 0
125.0, 0
125.1, 0
125.2, 0
125.3, 0
125.4, 0
125.5, 0
125.6, 0
125.7, 0
125.8, 0
125.9, 0
126.0, 0
126.1, 0
126.2, 0
126.3, 0
126.4, 0
126.5, 0
126.6, 0
126.7, 0
126.8, 0
126.9, 0
127.0, 0
127.1, 0
127.2, 0
127.3, 0
127.4, 0
127.5, 0
127.6, 0
127.7, 0
127.8, 0
127.9, 0
128.0, 0
128.1, 0
128.2, 0
128.3, 0
128.4, 0
128.5, 0
128.6, 0
128.7, 0
128.8, 0
128.9, 0
129.0, 0
129.1, 0
129.2, 0
129.3, 0
129.4, 0
129.5, 0
129.6, 0
129.7, 0
129.8, 0
129.9, 0
130.0, 0
130.1, 0
130.2, 0
130.3, 0
130.4, 0
130.5, 0
130.6, 0
130.7, 0
130.8, 0
130.9, 0
131.0, 0
131.1, 0
131.2, 0
131.3, 0
131.4, 0
131.5, 0
131.6, 0
131.7, 0
131.8, 0
131.9, 0
132.0, 0
132.1, 0
132.2, 0
132.3, 0
132.4, 0
132.5, 0
132.6, 0
132.7, 0
132.8, 0
132.9, 0
133.0, 0
133.1, 0
133.2, 0
133.3, 0
133.4, 0
133.5, 0
133.6, 0
133.7, 0
133.8, 0
133.9, 0
134.0, 0
134.1, 0
134.2, 0
134.3, 0
134.4, 0
134.5, 0
134.6, 0
134.7, 0
134.8, 0
134.9, 0
135.0, 0
135.1, 0
135.2, 0
135.3, 0
135.4, 0
135.5, 0
135.6, 0
135.7, 0
135.8, 0
135.9, 0
136.0, 0
136.1, 0
136.2, 0
136.3, 0
136.4, 0
136.5, 0
136.6, 0
136.7, 0
136.8, 0
136.9, 0
137.0, 0
137.1, 0
137.2, 0
137.3, 0
137.4, 0
137.5, 0
137.6, 0
137.7, 0
137.8, 0
137.9, 0
138.0, 0
138.1, 0
138.2, 0
138.3, 0
138.4, 0
138.5, 0
138.6, 0
138.7, 0
138.8, 0
138.9, 0
139.0, 0
139.1, 0
139.2, 0
139.3, 0
139.4, 0
139.5, 0
139.6, 0
139.7, 0
139.8, 0
139.9, 0
140.0, 0
140.1, 0
140.2, 0
140.3, 0
140.4, 0
140.5, 0
140.6, 0
140.7, 0
140.8, 0
140.9, 0
141.0, 0
141.1, 0
141.2, 0
141.3, 0
141.4, 0
141.5, 0
141.6, 0
141.7, 0
141.8, 0
141.9, 0
142.0, 0
142.1, 0
142.2, 0
142.3, 0
142.4, 0
142.5, 0
142.6, 0
142.7, 0
142.8, 0
142.9, 0
143.0, 0
143.1, 0
143.2, 0
143.3, 0
143.4, 0
143.5, 0
143.6, 0
143.7, 0
143.8, 0
143.9, 0
144.0, 0
144.1, 0
144.2, 0
144.3, 0
144.4, 0
144.5, 0
144.6, 0
144.7, 0
144.8, 0
144.9, 0
145.0, 0
145.1, 0
145.2, 0
145.3, 0
145.4, 0
145.5, 0
145.6, 0
145.7, 0
145.8, 0
145.9, 0
146.0, 0
146.1, 0
146.2, 0
146.3, 0
146.4, 0
146.5, 0
146.6, 0
146.7, 0
146.8, 0
146.9, 0
147.0, 0
147.1, 0
147.2, 0
147.3, 0
147.4, 0
147.5, 0
147.6, 0
147.7, 0
147.8, 0
147.9, 0
148.0, 0
148.1, 0
148.2, 0
148.3, 0
148.4, 0
148.5, 0
148.6, 0
148.7, 0
148.8, 0
148.9, 0
149.0, 0
149.1, 0
149.2, 0
149.3, 0
149.4, 0
149.5, 0
149.6, 0
149.7, 0
149.8, 0
149.9, 0
150.0, 0
150.1, 0
150.2, 0
150.3, 0
150.4, 0
150.5, 0
150.6, 0
150.7, 0
150.8, 0
150.9, 0
151.0, 0
151.1, 0
151.2, 0
151.3, 0
151.4, 0
151.5, 0
151.6, 0
151.7, 0
151.8, 0
151.9, 0
152.0, 0
152.1, 0
152.2, 0
152.3, 0
152.4, 0
152.5, 0
152.6, 0
152.7, 0
152.8, 0
152.9, 0
153.0, 0
153.1, 0
153.2, 0
153.3, 0
153.4, 0
153.5, 0
153.6, 0
153.7, 0
153.8, 0
153.9, 0
154.0, 0
154.1, 0
154.2, 0
154.3, 0
154.4, 0
154.5, 0
154.6, 0
154.7, 0
154.8, 0
154.9, 0
155.0, 0
155.1, 0
155.2, 0
155.3, 0
155.4, 0
155.5, 0
155.6, 0
155.7, 0
155.8, 0
155.9, 0
156.0, 0
156.1, 0
156.2, 0
156.3, 0
156.4, 0
156.5, 0
156.6, 0
156.7, 0
156.8, 0
156.9, 0
157.0, 0
157.1, 0
157.2, 0
157.3, 0
157.4, 0
157.5, 0
157.6, 0
157.7, 0
157.8, 0
157.9, 0
158.0, 0
158.1, 0
158.2, 0
158.3, 0
158.4, 0
158.5, 0
158.6, 0
158.7, 0
158.8, 0
158.9, 0
159.0, 0
159.1, 0
159.2, 0
159.3, 0
159.4, 0
159.5, 0
159.6, 0
159.7, 0
159.8, 0
159.9, 0
160.0, 0
160.1, 0
160.2, 0
160.3, 0
160.4, 0
160.5, 0
160.6, 0
160.7, 0
160.8, 0
160.9, 0
161.0, 0
161.1, 0
161.2, 0
161.3, 0
161.4, 0
161.5, 0
161.6, 0
161.7, 0
161.8, 0
161.9, 0
162.0, 0
162.1, 0
162.2, 0
162.3, 0
162.4, 0
162.5, 0
162.6, 0
162.7, 0
162.8, 0
162.9, 0
163.0, 0
163.1, 0
163.2, 1
163.3, 1
163.4, 0
163.5, 0
163.6, 1
163.7, 1
163.8, 0
163.9, 0
164.0, 0
164.1, 0
164.2, 0
164.3, 0
164.4, 0
164.5, 0
164.6, 0
164.7, 0
164.8, 0
164.9, 0
165.0, 0
165.1, 0
165.2, 0
165.3, 0
165.4, 0
165.5, 0
165.6, 0
165.7, 0
165.8, 0
165.9, 0
166.0, 0
166.1, 0
166.2, 0
166.3, 0
166.4, 0
166.5, 0
166.6, 1
166.7, 0
166.8, 0
166.9, 0
167.0, 0
167.1, 0
167.2, 0
167.3, 0
167.4, 0
167.5, 0
167.6, 0
167.7, 0
167.8, 0
167.9, 0
168.0, 0
168.1, 0
168.2, 0
168.3, 0
168.4, 0
168.5, 0
168.6, 0
168.7, 0
168.8, 0
168.9, 0
169.0, 0
169.1, 0
169.2, 0
169.3, 2
169.4, 0
169.5, 1
169.6, 0
169.7, 1
169.8, 0
169.9, 0
170.0, 0
170.1, 0
170.2, 0
170.3, 0
170.4, 0
170.5, 0
170.6, 0
170.7, 0
170.8, 1
170.9, 0
171.0, 0
171.1, 0
171.2, 0
171.3, 0
171.4, 0
171.5, 0
171.6, 0
171.7, 0
171.8, 1
171.9, 0
172.0, 1
172.1, 0
172.2, 1
172.3, 0
172.4, 1
172.5, 0
172.6, 0
172.7, 0
172.8, 0
172.9, 0
173.0, 0
173.1, 0
173.2, 0
173.3, 0
173.4, 0
173.5, 0
173.6, 0
173.7, 0
173.8, 0
173.9, 0
174.0, 0
174.1, 0
174.2, 0
174.3, 0
174.4, 0
174.5, 0
174.6, 0
174.7, 0
174.8, 0
174.9, 0
175.0, 0
175.1, 0
175.2, 0
175.3, 0
175.4, 0
175.5, 0
175.6, 0
175.7, 0
175.8, 0
175.9, 0
176.0, 0
176.1, 0
176.2, 0
176.3, 0
176.4, 0
176.5, 0
176.6, 0
176.7, 0
176.8, 0
176.9, 1
177.0, 0
177.1, 0
177.2, 0
177.3, 1
177.4, 0
177.5, 0
177.6, 0
177.7, 0
177.8, 0
177.9, 0
178.0, 0
178.1, 0
178.2, 0
178.3, 0
178.4, 0
178.5, 0
178.6, 0
178.7, 0
178.8, 0
178.9, 0
179.0, 0
179.1, 0
179.2, 0
179.3, 1
179.4, 0
179.5, 0
179.6, 0
179.7, 2
179.8, 1
179.9, 1
180.0, 0
180.1, 1
180.2, 1
180.3, 0
180.4, 1
180.5, 0
180.6, 0
180.7, 0
180.8, 0
180.9, 0
181.0, 0
181.1, 0
181.2, 0
181.3, 0
181.4, 0
181.5, 0
181.6, 0
181.7, 1
181.8, 0
181.9, 0
182.0, 0
182.1, 0
182.2, 0
182.3, 0
182.4, 0
182.5, 0
182.6, 0
182.7, 0
182.8, 0
182.9, 0
183.0, 0
183.1, 0
183.2, 0
183.3, 0
183.4, 0
183.5, 0
183.6, 0
183.7, 0
183.8, 0
183.9, 0
184.0, 0
184.1, 0
184.2, 0
184.3, 0
184.4, 1
184.5, 1
184.6, 0
184.7, 0
184.8, 1
184.9, 0
185.0, 0
185.1, 0
185.2, 0
185.3, 0
185.4, 0
185.5, 0
185.6, 0
185.7, 0
185.8, 1
185.9, 0
186.0, 0
186.1, 0
186.2, 0
186.3, 0
186.4, 0
186.5, 0
186.6, 0
186.7, 0
186.8, 0
186.9, 0
187.0, 0
187.1, 0
187.2, 0
187.3, 0
187.4, 0
187.5, 0
187.6, 0
187.7, 0
187.8, 0
187.9, 0
188.0, 0
188.1, 0
188.2, 0
188.3, 0
188.4, 0
188.5, 0
188.6, 0
188.7, 0
188.8, 0
188.9, 0
189.0, 0
189.1, 0
189.2, 0
189.3, 0
189.4, 0
189.5, 0
189.6, 0
189.7, 0
189.8, 0
189.9, 0
190.0, 0
190.1, 0
190.2, 0
190.3, 0
190.4, 0
190.5, 0
190.6, 1
190.7, 0
190.8, 1
190.9, 0
191.0, 0
191.1, 0
191.2, 0
191.3, 1
191.4, 0
191.5, 0
191.6, 1
191.7, 0
191.8, 4
191.9, 1
192.0, 0
192.1, 0
192.2, 1
192.3, 0
192.4, 0
192.5, 1
192.6, 0
192.7, 1
192.8, 0
192.9, 0
193.0, 0
193.1, 0
193.2, 0
193.3, 0
193.4, 0
193.5, 0
193.6, 0
193.7, 0
193.8, 0
193.9, 0
194.0, 0
194.1, 0
194.2, 2
194.3, 1
194.4, 1
194.5, 0
194.6, 0
194.7, 0
194.8, 0
194.9, 0
195.0, 0
195.1, 0
195.2, 0
195.3, 1
195.4, 0
195.5, 1
195.6, 0
195.7, 0
195.8, 0
195.9, 1
196.0, 0
196.1, 1
196.2, 0
196.3, 0
196.4, 0
196.5, 1
196.6, 0
196.7, 0
196.8, 1
196.9, 0
197.0, 1
197.1, 0
197.2, 1
197.3, 1
197.4, 0
197.5, 0
197.6, 0
197.7, 1
197.8, 1
197.9, 0
198.0, 0
198.1, 2
198.2, 1
198.3, 0
198.4, 1
198.5, 0
198.6, 1
198.7, 1
198.8, 0
198.9, 1
199.0, 2
199.1, 2
199.2, 4
199.3, 1
199.4, 1
199.5, 0
199.6, 0
199.7, 1
199.8, 2
199.9, 1
200.0, 3
200.1, 1
200.2, 0
200.3, 1
200.4, 1
200.5, 0
200.6, 1
200.7, 0
200.8, 0
200.9, 0
201.0, 0
201.1, 1
201.2, 0
201.3, 0
201.4, 0
201.5, 0
201.6, 0
201.7, 0
201.8, 0
201.9, 0
202.0, 0
202.1, 0
202.2, 0
202.3, 0
202.4, 0
202.5, 0
202.6, 0
202.7, 0
202.8, 0
202.9, 0
203.0, 0
203.1, 0
203.2, 0
203.3, 0
203.4, 0
203.5, 1
203.6, 0
203.7, 0
203.8, 0
203.9, 0
204.0, 0
204.1, 0
204.2, 0
204.3, 0
204.4, 0
204.5, 0
204.6, 0
204.7, 0
204.8, 1
204.9, 0
205.0, 0
205.1, 0
205.2, 0
205.3, 1
205.4, 0
205.5, 0
205.6, 0
205.7, 0
205.8, 0
205.9, 1
206.0, 0
206.1, 0
206.2, 0
206.3, 0
206.4, 0
206.5, 0
206.6, 0
206.7, 0
206.8, 0
206.9, 0
207.0, 0
207.1, 0
207.2, 0
207.3, 0
207.4, 0
207.5, 0
207.6, 0
207.7, 0
207.8, 0
207.9, 0
208.0, 0
208.1, 0
208.2, 0
208.3, 0
208.4, 0
208.5, 0
208.6, 0
208.7, 0
208.8, 0
208.9, 0
209.0, 0
209.1, 0
209.2, 0
209.3, 0
209.4, 0
209.5, 0
209.6, 0
209.7, 0
209.8, 0
209.9, 0
210.0, 0
210.1, 0
210.2, 0
210.3, 0
210.4, 0
210.5, 0
210.6, 0
210.7, 0
210.8, 0
210.9, 0
211.0, 0
211.1, 0
211.2, 0
211.3, 0
211.4, 0
211.5, 0
211.6, 0
211.7, 0
211.8, 0
211.9, 0
212.0, 0
212.1, 0
212.2, 0
212.3, 0
212.4, 0
212.5, 0
212.6, 0
212.7, 0
212.8, 0
212.9, 0
213.0, 0
213.1, 0
213.2, 0
213.3, 0
213.4, 0
213.5, 0
213.6, 0
213.7, 0
213.8, 0
213.9, 0
214.0, 1
214.1, 0
214.2, 0
214.3, 0
214.4, 0
214.5, 1
214.6, 0
214.7, 0
214.8, 0
214.9, 0
215.0, 0
215.1, 0
215.2, 0
215.3, 0
215.4, 0
215.5, 0
215.6, 0
215.7, 0
215.8, 0
215.9, 0
216.0, 0
216.1, 0
216.2, 0
216.3, 0
216.4, 0
216.5, 0
216.6, 0
216.7, 0
216.8, 0
216.9, 0
217.0, 0
217.1, 0
217.2, 0
217.3, 0
217.4, 0
217.5, 0
217.6, 0
217.7, 0
217.8, 0
217.9, 0
218.0, 0
218.1, 0
218.2, 0
218.3, 0
218.4, 0
218.5, 0
218.6, 0
218.7, 0
218.8, 0
218.9, 0
219.0, 0
219.1, 0
219.2, 0
219.3, 0
219.4, 0
219.5, 0
219.6, 0
219.7, 0
219.8, 0
219.9, 0
220.0, 0
220.1, 0
220.2, 0
220.3, 0
220.4, 0
220.5, 0
220.6, 0
220.7, 0
220.8, 0
220.9, 0
221.0, 0
221.1, 0
221.2, 0
221.3, 0
221.4, 0
221.5, 0
221.6, 0
221.7, 0
221.8, 1
221.9, 0
222.0, 0
222.1, 0
222.2, 0
222.3, 0
222.4, 0
222.5, 0
222.6, 0
222.7, 0
222.8, 0
222.9, 0
223.0, 0
223.1, 0
223.2, 0
223.3, 0
223.4, 0
223.5, 0
223.6, 0
223.7, 0
223.8, 0
223.9, 0
224.0, 0
224.1, 0
224.2, 0
224.3, 0
224.4, 0
224.5, 0
224.6, 0
224.7, 0
224.8, 0
224.9, 0
225.0, 0
225.1, 0
225.2, 0
225.3, 0
225.4, 0
225.5, 0
225.6, 0
225.7, 0
225.8, 0
225.9, 0
226.0, 0
226.1, 0
226.2, 0
226.3, 0
226.4, 0
226.5, 0
226.6, 0
226.7, 0
226.8, 0
226.9, 0
227.0, 0
227.1, 0
227.2, 1
227.3, 0
227.4, 0
227.5, 0
227.6, 0
227.7, 0
227.8, 0
227.9, 0
228.0, 0
228.1, 0
228.2, 0
228.3, 0
228.4, 0
228.5, 0
228.6, 0
228.7, 0
228.8, 0
228.9, 0
229.0, 0
229.1, 0
229.2, 0
229.3, 0
229.4, 0
229.5, 0
229.6, 0
229.7, 0
229.8, 0
229.9, 0
230.0, 0
230.1, 0
230.2, 0
230.3, 0
230.4, 0
230.5, 0
230.6, 0
230.7, 0
230.8, 0
230.9, 0
231.0, 0
231.1, 0
231.2, 0
231.3, 0
231.4, 0
231.5, 0
231.6, 0
231.7, 0
231.8, 0
231.9, 0
232.0, 0
232.1, 0
232.2, 0
232.3, 0
232.4, 0
232.5, 0
232.6, 0
232.7, 1
232.8, 0
232.9, 0
233.0, 0
233.1, 0
233.2, 0
233.3, 0
233.4, 0
233.5, 0
233.6, 0
233.7, 0
233.8, 0
233.9, 0
234.0, 0
234.1, 0
234.2, 0
234.3, 0
234.4, 0
234.5, 0
234.6, 0
234.7, 0
234.8, 0
234.9, 0
235.0, 0
235.1, 0
235.2, 0
235.3, 0
235.4, 0
235.5, 0
235.6, 0
235.7, 1
235.8, 0
235.9, 0
236.0, 0
236.1, 0
236.2, 0
236.3, 0
236.4, 0
236.5, 0
236.6, 0
236.7, 0
236.8, 0
236.9, 0
237.0, 0
237.1, 0
237.2, 0
237.3, 2
237.4, 0
237.5, 0
237.6, 0
237.7, 0
237.8, 0
237.9, 0
238.0, 0
238.1, 0
238.2, 0
238.3, 0
238.4, 0
238.5, 0
238.6, 0
238.7, 0
238.8, 0
238.9, 0
239.0, 0
239.1, 0
239.2, 0
239.3, 0
239.4, 0
239.5, 1
239.6, 0
239.7, 0
239.8, 0
239.9, 0
240.0, 0
240.1, 0
240.2, 0
240.3, 0
240.4, 0
240.5, 0
240.6, 0
240.7, 0
240.8, 1
240.9, 0
241.0, 0
241.1, 0
241.2, 0
241.3, 0
241.4, 0
241.5, 0
241.6, 0
241.7, 0
241.8, 0
241.9, 0
242.0, 0
242.1, 0
242.2, 0
242.3, 0
242.4, 0
242.5, 0
242.6, 0
242.7, 0
242.8, 0
242.9, 0
243.0, 0
243.1, 0
243.2, 0
243.3, 0
243.4, 0
243.5, 0
243.6, 0
243.7, 0
243.8, 0
243.9, 0
244.0, 0
244.1, 0
244.2, 0
244.3, 0
244.4, 0
244.5, 1
244.6, 0
244.7, 0
244.8, 0
244.9, 0
245.0, 0
245.1, 0
245.2, 0
245.3, 0
245.4, 0
245.5, 0
245.6, 0
245.7, 0
245.8, 0
245.9, 0
246.0, 0
246.1, 0
246.2, 0
246.3, 0
246.4, 0
246.5, 0
246.6, 0
246.7, 0
246.8, 0
246.9, 0
247.0, 0
247.1, 0
247.2, 0
247.3, 0
247.4, 0
247.5, 0
247.6, 0
247.7, 0
247.8, 0
247.9, 0
248.0, 0
248.1, 0
248.2, 0
248.3, 0
248.4, 0
248.5, 0
248.6, 0
248.7, 0
248.8, 0
248.9, 0
249.0, 0
249.1, 0
249.2, 0
249.3, 0
249.4, 0
249.5, 0
249.6, 0
249.7, 0
249.8, 0
249.9, 0
250.0, 0
250.1, 0
250.2, 0
250.3, 0
250.4, 0
250.5, 0
250.6, 0
250.7, 0
250.8, 0
250.9, 0
251.0, 0
251.1, 0
251.2, 0
251.3, 0
251.4, 0
251.5, 0
251.6, 0
251.7, 0
251.8, 0
251.9, 0
252.0, 0
252.1, 0
252.2, 0
252.3, 0
252.4, 0
252.5, 0
252.6, 0
252.7, 0
252.8, 2
252.9, 0
253.0, 0
253.1, 0
253.2, 0
253.3, 0
253.4, 0
253.5, 0
253.6, 0
253.7, 0
253.8, 0
253.9, 0
254.0, 0
254.1, 0
254.2, 0
254.3, 0
254.4, 0
254.5, 0
254.6, 0
254.7, 0
254.8, 0
254.9, 0
255.0, 0
255.1, 0
255.2, 0
255.3, 0
255.4, 0
255.5, 0
255.6, 0
255.7, 0
255.8, 0
255.9, 0
256.0, 0
256.1, 0
256.2, 0
256.3, 0
256.4, 0
256.5, 0
256.6, 0
256.7, 0
256.8, 0
256.9, 0
257.0, 0
257.1, 0
257.2, 0
257.3, 0
257.4, 0
257.5, 0
257.6, 0
257.7, 0
257.8, 0
257.9, 0
258.0, 0
258.1, 0
258.2, 0
258.3, 0
258.4, 0
258.5, 0
258.6, 0
258.7, 0
258.8, 0
258.9, 0
259.0, 0
259.1, 0
259.2, 0
259.3, 0
259.4, 0
259.5, 0
259.6, 0
259.7, 0
259.8, 0
259.9, 0
260.0, 0
260.1, 0
260.2, 0
260.3, 0
260.4, 0
260.5, 0
260.6, 0
260.7, 0
260.8, 0
260.9, 0
261.0, 0
261.1, 0
261.2, 0
261.3, 0
261.4, 0
261.5, 0
261.6, 0
261.7, 0
261.8, 0
261.9, 0
262.0, 0
262.1, 0
262.2, 0
262.3, 0
262.4, 0
262.5, 0
262.6, 0
262.7, 0
262.8, 0
262.9, 0
263.0, 0
263.1, 0
263.2, 0
263.3, 0
263.4, 0
263.5, 0
263.6, 0
263.7, 0
263.8, 0
263.9, 0
264.0, 0
264.1, 0
264.2, 0
264.3, 0
264.4, 0
264.5, 0
264.6, 0
264.7, 0
264.8, 0
264.9, 0
265.0, 0
265.1, 0
265.2, 0
265.3, 0
265.4, 0
265.5, 0
265.6, 0
265.7, 0
265.8, 0
265.9, 0
266.0, 0
266.1, 0
266.2, 0
266.3, 0
266.4, 0
266.5, 0
266.6, 0
266.7, 0
266.8, 0
266.9, 0
267.0, 0
267.1, 0
267.2, 0
267.3, 0
267.4, 0
267.5, 0
267.6, 0
267.7, 0
267.8, 0
267.9, 0
268.0, 0
268.1, 0
268.2, 0
268.3, 0
268.4, 0
268.5, 0
268.6, 0
268.7, 0
268.8, 0
268.9, 0
269.0, 0
269.1, 0
269.2, 0
269.3, 0
269.4, 0
269.5, 0
269.6, 0
269.7, 0
269.8, 0
269.9, 0
270.0, 0
270.1, 0
270.2, 0
270.3, 0
270.4, 0
270.5, 0
270.6, 0
270.7, 0
270.8, 0
270.9, 0
271.0, 0
271.1, 0
271.2, 0
271.3, 0
271.4, 0
271.5, 0
271.6, 0
271.7, 0
271.8, 0
271.9, 0
272.0, 0
272.1, 0
272.2, 0
272.3, 0
272.4, 0
272.5, 0
272.6, 0
272.7, 0
272.8, 0
272.9, 0
273.0, 0
273.1, 0
273.2, 0
273.3, 0
273.4, 0
273.5, 0
273.6, 0
273.7, 0
273.8, 0
273.9, 0
274.0, 0
274.1, 0
274.2, 0
274.3, 0
274.4, 0
274.5, 0
274.6, 0
274.7, 0
274.8, 0
274.9, 0
275.0, 0
275.1, 0
275.2, 0
275.3, 0
275.4, 0
275.5, 0
275.6, 0
275.7, 0
275.8, 0
275.9, 0
276.0, 0
276.1, 0
276.2, 0
276.3, 0
276.4, 0
276.5, 0
276.6, 0
276.7, 0
276.8, 0
276.9, 0
277.0, 0
277.1, 0
277.2, 0
277.3, 0
277.4, 0
277.5, 0
277.6, 0
277.7, 0
277.8, 0
277.9, 0
278.0, 0
278.1, 0
278.2, 0
278.3, 0
278.4, 0
278.5, 0
278.6, 1
278.7, 0
278.8, 1
278.9, 0
279.0, 0
279.1, 0
279.2, 0
279.3, 0
279.4, 0
279.5, 0
279.6, 0
279.7, 0
279.8, 0
279.9, 0
280.0, 0
280.1, 0
280.2, 0
280.3, 0
280.4, 0
280.5, 0
280.6, 0
280.7, 0
280.8, 0
280.9, 0
281.0, 0
281.1, 0
281.2, 0
281.3, 0
281.4, 0
281.5, 0
281.6, 0
281.7, 0
281.8, 0
281.9, 0
282.0, 0
282.1, 0
282.2, 0
282.3, 0
282.4, 0
282.5, 0
282.6, 0
282.7, 0
282.8, 0
282.9, 0
283.0, 0
283.1, 0
283.2, 0
283.3, 0
283.4, 0
283.5, 0
283.6, 0
283.7, 0
283.8, 0
283.9, 0
284.0, 0
284.1, 0
284.2, 0
284.3, 0
284.4, 0
284.5, 0
284.6, 0
284.7, 0
284.8, 0
284.9, 0
285.0, 0
285.1, 0
285.2, 0
285.3, 0
285.4, 0
285.5, 0
285.6, 0
285.7, 0
285.8, 0
285.9, 0
286.0, 0
286.1, 0
286.2, 0
286.3, 0
286.4, 0
286.5, 0
286.6, 0
286.7, 0
286.8, 0
286.9, 0
287.0, 0
287.1, 0
287.2, 0
287.3, 0
287.4, 0
287.5, 0
287.6, 0
287.7, 0
287.8, 0
287.9, 0
288.0, 0
288.1, 0
288.2, 0
288.3, 0
288.4, 0
288.5, 0
288.6, 0
288.7, 0
288.8, 0
288.9, 0
289.0, 0
289.1, 0
289.2, 0
289.3, 0
289.4, 0
289.5, 0
289.6, 0
289.7, 0
289.8, 0
289.9, 0
290.0, 0
290.1, 0
290.2, 0
290.3, 0
290.4, 0
290.5, 0
290.6, 0
290.7, 0
290.8, 0
290.9, 0
291.0, 0
291.1, 0
291.2, 0
291.3, 0
291.4, 0
291.5, 0
291.6, 0
291.7, 0
291.8, 0
291.9, 0
292.0, 0
292.1, 0
292.2, 0
292.3, 0
292.4, 0
292.5, 0
292.6, 0
292.7, 0
292.8, 0
292.9, 0
293.0, 0
293.1, 0
293.2, 0
293.3, 0
293.4, 0
293.5, 0
293.6, 0
293.7, 0
293.8, 0
293.9, 0
294.0, 0
294.1, 0
294.2, 0
294.3, 0
294.4, 0
294.5, 0
294.6, 0
294.7, 0
294.8, 0
294.9, 0
295.0, 0
295.1, 0
295.2, 0
295.3, 0
295.4, 0
295.5, 0
295.6, 0
295.7, 0
295.8, 0
295.9, 0
296.0, 0
296.1, 0
296.2, 0
296.3, 0
296.4, 0
296.5, 0
296.6, 0
296.7, 0
296.8, 0
296.9, 0
297.0, 0
297.1, 0
297.2, 0
297.3, 0
297.4, 0
297.5, 0
297.6, 0
297.7, 0
297.8, 0
297.9, 0
298.0, 0
298.1, 0
298.2, 0
298.3, 0
298.4, 0
298.5, 0
298.6, 0
298.7, 0
298.8, 0
298.9, 0
299.0, 0
299.1, 0
299.2, 0
299.3, 0
299.4, 0
299.5, 0
299.6, 0
299.7, 0
299.8, 0
299.9, 0
300.0, 0
300.1, 0
300.2, 0
300.3, 0
300.4, 0
300.5, 0
300.6, 0
300.7, 0
300.8, 0
300.9, 0
301.0, 0
301.1, 0
301.2, 0
301.3, 0
301.4, 0
301.5, 0
301.6, 0
301.7, 0
301.8, 0
301.9, 0
302.0, 0
302.1, 0
302.2, 0
302.3, 0
302.4, 0
302.5, 0
302.6, 0
302.7, 0
302.8, 0
302.9, 0
303.0, 0
303.1, 0
303.2, 0
303.3, 0
303.4, 0
303.5, 0
303.6, 0
303.7, 0
303.8, 0
303.9, 0
304.0, 0
304.1, 0
304.2, 0
304.3, 0
304.4, 0
304.5, 0
304.6, 0
304.7, 0
304.8, 0
304.9, 0
305.0, 0
305.1, 0
305.2, 0
305.3, 0
305.4, 0
305.5, 0
305.6, 0
305.7, 0
305.8, 0
305.9, 0
306.0, 0
306.1, 0
306.2, 0
306.3, 0
306.4, 0
306.5, 0
306.6, 0
306.7, 0
306.8, 0
306.9, 0
307.0, 0
307.1, 0
307.2, 0
307.3, 0
307.4, 0
307.5, 0
307.6, 0
307.7, 0
307.8, 0
307.9, 0
308.0, 0
308.1, 0
308.2, 0
308.3, 0
308.4, 0
308.5, 0
308.6, 0
308.7, 0
308.8, 0
308.9, 0
309.0, 0
309.1, 0
309.2, 0
309.3, 0
309.4, 0
309.5, 0
309.6, 0
309.7, 0
309.8, 0
309.9, 0
310.0, 0
310.1, 0
310.2, 0
310.3, 0
310.4, 0
310.5, 0
310.6, 0
310.7, 0
310.8, 0
310.9, 0
311.0, 0
311.1, 0
311.2, 0
311.3, 0
311.4, 0
311.5, 0
311.6, 0
311.7, 0
311.8, 0
311.9, 0
312.0, 0
312.1, 0
312.2, 0
312.3, 0
312.4, 0
312.5, 0
312.6, 0
312.7, 0
312.8, 0
312.9, 0
313.0, 0
313.1, 0
313.2, 0
313.3, 0
313.4, 0
313.5, 0
313.6, 0
313.7, 0
313.8, 0
313.9, 0
314.0, 0
314.1, 0
314.2, 0
314.3, 0
314.4, 0
314.5, 0
314.6, 0
314.7, 0
314.8, 0
314.9, 0
315.0, 0
315.1, 0
315.2, 0
315.3, 0
315.4, 0
315.5, 0
315.6, 0
315.7, 0
315.8, 0
315.9, 0
316.0, 0
316.1, 0
316.2, 0
316.3, 0
316.4, 0
316.5, 0
316.6, 0
316.7, 0
316.8, 0
316.9, 0
317.0, 0
317.1, 0
317.2, 0
317.3, 0
317.4, 0
317.5, 0
317.6, 0
317.7, 0
317.8, 0
317.9, 0
318.0, 0
318.1, 0
318.2, 0
318.3, 0
318.4, 0
318.5, 0
318.6, 0
318.7, 0
318.8, 0
318.9, 0
319.0, 0
319.1, 0
319.2, 0
319.3, 0
319.4, 0
319.5, 0
319.6, 0
319.7, 0
319.8, 0
319.9, 0
320.0, 0
320.1, 0
320.2, 0
320.3, 0
320.4, 0
320.5, 0
320.6, 0
320.7, 0
320.8, 0
320.9, 0
321.0, 0
321.1, 0
321.2, 0
321.3, 0
321.4, 0
321.5, 0
321.6, 0
321.7, 0
321.8, 0
321.9, 0
322.0, 0
322.1, 0
322.2, 0
322.3, 0
322.4, 0
322.5, 0
322.6, 0
322.7, 0
322.8, 0
322.9, 0
323.0, 0
323.1, 0
323.2, 0
323.3, 0
323.4, 0
323.5, 0
323.6, 0
323.7, 0
323.8, 0
323.9, 0
324.0, 0
324.1, 0
324.2, 0
324.3, 0
324.4, 0
324.5, 0
324.6, 0
324.7, 0
324.8, 0
324.9, 0
325.0, 0
325.1, 0
325.2, 0
325.3, 0
325.4, 0
325.5, 0
325.6, 1
325.7, 0
325.8, 0
325.9, 1
