Elapsed Time, AVG Throughput, AVG Queue Size, AVG Waiting Time, AVG Service Time, AVG Response Time, AVG SET Response Time, AVG GET Response Time, AVG MULTI-GET Response Time, #SETS, #GETS, #MULTIGETS, GET MissRatio, MULTI-GET MissRatio, AVG MULTI-GET Size
 5.00, 3732, 26, 7.386469, 1.819826, 9.270776, 9.270776, 0.000000, 0.000000, 18660, 0, 0, 0.00, 0.00, 0
10.00, 4283, 26, 6.089775, 1.593121, 7.744006, 7.744006, 0.000000, 0.000000, 21419, 0, 0, 0.00, 0.00, 0
15.00, 4271, 26, 6.207474, 1.620482, 7.883044, 7.883044, 0.000000, 0.000000, 21359, 0, 0, 0.00, 0.00, 0
20.00, 4212, 26, 6.366142, 1.638324, 8.068198, 8.068198, 0.000000, 0.000000, 21063, 0, 0, 0.00, 0.00, 0
25.00, 3517, 29, 8.575673, 2.156917, 10.779753, 10.779753, 0.000000, 0.000000, 17588, 0, 0, 0.00, 0.00, 0
30.00, 4110, 26, 6.552149, 1.704541, 8.312704, 8.312704, 0.000000, 0.000000, 20550, 0, 0, 0.00, 0.00, 0
35.00, 4154, 26, 6.444948, 1.682426, 8.181076, 8.181076, 0.000000, 0.000000, 20772, 0, 0, 0.00, 0.00, 0
40.00, 4163, 26, 6.416499, 1.686706, 8.145550, 8.145550, 0.000000, 0.000000, 20816, 0, 0, 0.00, 0.00, 0
45.00, 4128, 26, 6.787243, 1.760763, 8.599029, 8.599029, 0.000000, 0.000000, 20643, 0, 0, 0.00, 0.00, 0
50.00, 4142, 26, 6.606062, 1.749820, 8.403226, 8.403226, 0.000000, 0.000000, 20711, 0, 0, 0.00, 0.00, 0
55.00, 4115, 26, 6.823389, 1.753267, 8.636052, 8.636052, 0.000000, 0.000000, 20578, 0, 0, 0.00, 0.00, 0
60.00, 3820, 27, 7.420542, 1.934958, 9.412144, 9.412144, 0.000000, 0.000000, 19102, 0, 0, 0.00, 0.00, 0
65.00, 3941, 27, 7.129500, 1.871057, 9.056281, 9.056281, 0.000000, 0.000000, 19707, 0, 0, 0.00, 0.00, 0
70.00, 4223, 26, 6.313900, 1.649453, 8.021353, 8.021353, 0.000000, 0.000000, 21116, 0, 0, 0.00, 0.00, 0
70.00, 34, 11, 3.068584, 1.538215, 4.678103, 4.678103, 0.000000, 0.000000, 171, 0, 0, 0.00, 0.00, 0
Interval, Responses
0.1, 0
0.2, 0
0.3, 0
0.4, 0
0.5, 28
0.6, 350
0.7, 957
0.8, 1478
0.9, 1597
1.0, 1445
1.1, 1142
1.2, 982
1.3, 1065
1.4, 1170
1.5, 1286
1.6, 1236
1.7, 1300
1.8, 1216
1.9, 1179
2.0, 1194
2.1, 1164
2.2, 1123
2.3, 1164
2.4, 1164
2.5, 1131
2.6, 1102
2.7, 1088
2.8, 1150
2.9, 1018
3.0, 1091
3.1, 1101
3.2, 1007
3.3, 1101
3.4, 1321
3.5, 1271
3.6, 1281
3.7, 1375
3.8, 1401
3.9, 1393
4.0, 1539
4.1, 1547
4.2, 1666
4.3, 1831
4.4, 2001
4.5, 1888
4.6, 2052
4.7, 2208
4.8, 2306
4.9, 2288
5.0, 2296
5.1, 2210
5.2, 2315
5.3, 2250
5.4, 2287
5.5, 2285
5.6, 2163
5.7, 2171
5.8, 2218
5.9, 2172
6.0, 2274
6.1, 2138
6.2, 2016
6.3, 2027
6.4, 2063
6.5, 2051
6.6, 2004
6.7, 2050
6.8, 1929
6.9, 2080
7.0, 1962
7.1, 1930
7.2, 1861
7.3, 2021
7.4, 1896
7.5, 2029
7.6, 1957
7.7, 1976
7.8, 2049
7.9, 2213
8.0, 2010
8.1, 2115
8.2, 2193
8.3, 1998
8.4, 2097
8.5, 2223
8.6, 2103
8.7, 2264
8.8, 2242
8.9, 2213
9.0, 2316
9.1, 2314
9.2, 2283
9.3, 2304
9.4, 2300
9.5, 2465
9.6, 2556
9.7, 2627
9.8, 2711
9.9, 2813
10.0, 2515
10.1, 2615
10.2, 2749
10.3, 2826
10.4, 2887
10.5, 2903
10.6, 3014
10.7, 2962
10.8, 3176
10.9, 3029
11.0, 3155
11.1, 3246
11.2, 3374
11.3, 3418
11.4, 3427
11.5, 3553
11.6, 3499
11.7, 3518
11.8, 3487
11.9, 3413
12.0, 3303
12.1, 3068
12.2, 3079
12.3, 2779
12.4, 2691
12.5, 2533
12.6, 2408
12.7, 2180
12.8, 2047
12.9, 1720
13.0, 1620
13.1, 1475
13.2, 1424
13.3, 1303
13.4, 1109
13.5, 1042
13.6, 919
13.7, 881
13.8, 728
13.9, 727
14.0, 656
14.1, 563
14.2, 549
14.3, 493
14.4, 426
14.5, 375
14.6, 360
14.7, 312
14.8, 308
14.9, 316
15.0, 303
15.1, 275
15.2, 239
15.3, 239
15.4, 218
15.5, 206
15.6, 233
15.7, 192
15.8, 196
15.9, 195
16.0, 162
16.1, 201
16.2, 202
16.3, 186
16.4, 171
16.5, 172
16.6, 155
16.7, 157
16.8, 141
16.9, 172
17.0, 165
17.1, 167
17.2, 166
17.3, 192
17.4, 188
17.5, 193
17.6, 242
17.7, 224
17.8, 191
17.9, 193
18.0, 211
18.1, 221
18.2, 223
18.3, 205
18.4, 189
18.5, 219
18.6, 195
18.7, 132
18.8, 162
18.9, 178
19.0, 195
19.1, 197
19.2, 200
19.3, 189
19.4, 132
19.5, 124
19.6, 113
19.7, 99
19.8, 81
19.9, 56
20.0, 54
20.1, 45
20.2, 59
20.3, 55
20.4, 60
20.5, 37
20.6, 36
20.7, 43
20.8, 60
20.9, 50
21.0, 46
21.1, 38
21.2, 57
21.3, 42
21.4, 38
21.5, 46
21.6, 34
21.7, 44
21.8, 47
21.9, 34
22.0, 31
22.1, 21
22.2, 27
22.3, 23
22.4, 30
22.5, 10
22.6, 31
22.7, 24
22.8, 24
22.9, 13
23.0, 11
23.1, 4
23.2, 15
23.3, 9
23.4, 12
23.5, 22
23.6, 12
23.7, 13
23.8, 12
23.9, 13
24.0, 15
24.1, 19
24.2, 10
24.3, 8
24.4, 12
24.5, 14
24.6, 18
24.7, 12
24.8, 7
24.9, 5
25.0, 8
25.1, 13
25.2, 7
25.3, 5
25.4, 8
25.5, 4
25.6, 13
25.7, 10
25.8, 3
25.9, 4
26.0, 2
26.1, 5
26.2, 18
26.3, 20
26.4, 12
26.5, 5
26.6, 2
26.7, 7
26.8, 10
26.9, 17
27.0, 16
27.1, 13
27.2, 6
27.3, 7
27.4, 9
27.5, 7
27.6, 9
27.7, 12
27.8, 5
27.9, 8
28.0, 9
28.1, 13
28.2, 9
28.3, 10
28.4, 13
28.5, 9
28.6, 6
28.7, 15
28.8, 6
28.9, 16
29.0, 12
29.1, 7
29.2, 6
29.3, 6
29.4, 12
29.5, 14
29.6, 6
29.7, 5
29.8, 0
29.9, 2
30.0, 11
30.1, 7
30.2, 3
30.3, 6
30.4, 7
30.5, 7
30.6, 2
30.7, 13
30.8, 9
30.9, 14
31.0, 14
31.1, 12
31.2, 6
31.3, 5
31.4, 3
31.5, 6
31.6, 10
31.7, 11
31.8, 5
31.9, 7
32.0, 6
32.1, 0
32.2, 9
32.3, 7
32.4, 11
32.5, 5
32.6, 2
32.7, 1
32.8, 0
32.9, 5
33.0, 3
33.1, 4
33.2, 0
33.3, 3
33.4, 3
33.5, 3
33.6, 8
33.7, 2
33.8, 2
33.9, 8
34.0, 7
34.1, 8
34.2, 6
34.3, 6
34.4, 4
34.5, 2
34.6, 3
34.7, 4
34.8, 3
34.9, 1
35.0, 1
35.1, 3
35.2, 1
35.3, 6
35.4, 3
35.5, 1
35.6, 3
35.7, 5
35.8, 2
35.9, 3
36.0, 5
36.1, 2
36.2, 2
36.3, 6
36.4, 4
36.5, 2
36.6, 2
36.7, 2
36.8, 1
36.9, 0
37.0, 2
37.1, 2
37.2, 0
37.3, 0
37.4, 1
37.5, 2
37.6, 1
37.7, 0
37.8, 3
37.9, 0
38.0, 3
38.1, 5
38.2, 4
38.3, 3
38.4, 2
38.5, 5
38.6, 10
38.7, 6
38.8, 3
38.9, 4
39.0, 6
39.1, 4
39.2, 4
39.3, 1
39.4, 3
39.5, 5
39.6, 3
39.7, 1
39.8, 1
39.9, 0
40.0, 1
40.1, 2
40.2, 0
40.3, 0
40.4, 0
40.5, 0
40.6, 0
40.7, 0
40.8, 0
40.9, 0
41.0, 0
41.1, 0
41.2, 0
41.3, 0
41.4, 0
41.5, 0
41.6, 0
41.7, 1
41.8, 0
41.9, 0
42.0, 0
42.1, 0
42.2, 0
42.3, 0
42.4, 1
42.5, 1
42.6, 1
42.7, 2
42.8, 0
42.9, 0
43.0, 1
43.1, 0
43.2, 2
43.3, 1
43.4, 0
43.5, 0
43.6, 1
43.7, 2
43.8, 2
43.9, 1
44.0, 0
44.1, 0
44.2, 1
44.3, 0
44.4, 0
44.5, 0
44.6, 0
44.7, 0
44.8, 0
44.9, 0
45.0, 0
45.1, 0
45.2, 1
45.3, 0
45.4, 0
45.5, 0
45.6, 0
45.7, 0
45.8, 0
45.9, 0
46.0, 0
46.1, 0
46.2, 0
46.3, 0
46.4, 0
46.5, 0
46.6, 0
46.7, 0
46.8, 0
46.9, 0
47.0, 1
47.1, 0
47.2, 0
47.3, 0
47.4, 0
47.5, 2
47.6, 3
47.7, 0
47.8, 0
47.9, 0
48.0, 0
48.1, 2
48.2, 4
48.3, 0
48.4, 1
48.5, 1
48.6, 0
48.7, 0
48.8, 4
48.9, 2
49.0, 0
49.1, 0
49.2, 0
49.3, 2
49.4, 3
49.5, 1
49.6, 0
49.7, 0
49.8, 0
49.9, 2
50.0, 1
50.1, 0
50.2, 0
50.3, 2
50.4, 0
50.5, 0
50.6, 1
50.7, 0
50.8, 0
50.9, 1
51.0, 3
51.1, 0
51.2, 1
51.3, 1
51.4, 0
51.5, 0
51.6, 0
51.7, 0
51.8, 0
51.9, 0
52.0, 0
52.1, 5
52.2, 1
52.3, 0
52.4, 1
52.5, 0
52.6, 0
52.7, 2
52.8, 4
52.9, 0
53.0, 0
53.1, 5
53.2, 1
53.3, 0
53.4, 5
53.5, 2
53.6, 3
53.7, 0
53.8, 0
53.9, 0
54.0, 0
54.1, 0
54.2, 0
54.3, 0
54.4, 0
54.5, 0
54.6, 0
54.7, 0
54.8, 0
54.9, 0
55.0, 0
55.1, 0
55.2, 0
55.3, 0
55.4, 0
55.5, 0
55.6, 0
55.7, 0
55.8, 0
55.9, 0
56.0, 0
56.1, 0
56.2, 0
56.3, 0
56.4, 0
56.5, 0
56.6, 0
56.7, 0
56.8, 0
56.9, 0
57.0, 0
57.1, 0
57.2, 0
57.3, 0
57.4, 0
57.5, 0
57.6, 0
57.7, 0
57.8, 0
57.9, 0
58.0, 0
58.1, 0
58.2, 0
58.3, 0
58.4, 0
58.5, 0
58.6, 0
58.7, 0
58.8, 0
58.9, 0
59.0, 0
59.1, 0
59.2, 0
59.3, 0
59.4, 0
59.5, 0
59.6, 0
59.7, 0
59.8, 0
59.9, 0
60.0, 0
60.1, 0
60.2, 0
60.3, 0
60.4, 0
60.5, 0
60.6, 0
60.7, 0
60.8, 0
60.9, 0
61.0, 0
61.1, 0
61.2, 0
61.3, 0
61.4, 0
61.5, 0
61.6, 0
61.7, 0
61.8, 0
61.9, 0
62.0, 0
62.1, 0
62.2, 0
62.3, 0
62.4, 0
62.5, 0
62.6, 0
62.7, 0
62.8, 0
62.9, 0
63.0, 0
63.1, 0
63.2, 0
63.3, 0
63.4, 0
63.5, 0
63.6, 0
63.7, 0
63.8, 0
63.9, 0
64.0, 0
64.1, 0
64.2, 0
64.3, 0
64.4, 0
64.5, 0
64.6, 0
64.7, 0
64.8, 0
64.9, 0
65.0, 0
65.1, 0
65.2, 0
65.3, 0
65.4, 0
65.5, 0
65.6, 0
65.7, 0
65.8, 0
65.9, 0
66.0, 0
66.1, 0
66.2, 0
66.3, 0
66.4, 0
66.5, 0
66.6, 0
66.7, 0
66.8, 0
66.9, 0
67.0, 0
67.1, 0
67.2, 0
67.3, 0
67.4, 0
67.5, 0
67.6, 0
67.7, 0
67.8, 0
67.9, 0
68.0, 0
68.1, 0
68.2, 0
68.3, 0
68.4, 0
68.5, 0
68.6, 0
68.7, 0
68.8, 0
68.9, 0
69.0, 0
69.1, 0
69.2, 0
69.3, 0
69.4, 0
69.5, 0
69.6, 0
69.7, 0
69.8, 0
69.9, 0
70.0, 0
70.1, 0
70.2, 0
70.3, 0
70.4, 0
70.5, 0
70.6, 0
70.7, 0
70.8, 0
70.9, 0
71.0, 0
71.1, 0
71.2, 0
71.3, 0
71.4, 0
71.5, 0
71.6, 0
71.7, 0
71.8, 0
71.9, 0
72.0, 0
72.1, 0
72.2, 0
72.3, 0
72.4, 0
72.5, 0
72.6, 0
72.7, 0
72.8, 0
72.9, 0
73.0, 0
73.1, 0
73.2, 0
73.3, 0
73.4, 0
73.5, 0
73.6, 0
73.7, 0
73.8, 0
73.9, 0
74.0, 0
74.1, 0
74.2, 0
74.3, 0
74.4, 0
74.5, 0
74.6, 0
74.7, 0
74.8, 0
74.9, 0
75.0, 0
75.1, 0
75.2, 0
75.3, 0
75.4, 0
75.5, 0
75.6, 0
75.7, 0
75.8, 0
75.9, 0
76.0, 0
76.1, 0
76.2, 0
76.3, 0
76.4, 0
76.5, 0
76.6, 0
76.7, 0
76.8, 0
76.9, 0
77.0, 0
77.1, 0
77.2, 0
77.3, 0
77.4, 0
77.5, 0
77.6, 0
77.7, 0
77.8, 0
77.9, 0
78.0, 0
78.1, 0
78.2, 0
78.3, 0
78.4, 0
78.5, 0
78.6, 0
78.7, 0
78.8, 0
78.9, 0
79.0, 0
79.1, 0
79.2, 0
79.3, 0
79.4, 0
79.5, 0
79.6, 0
79.7, 0
79.8, 0
79.9, 0
80.0, 0
80.1, 0
80.2, 0
80.3, 0
80.4, 0
80.5, 0
80.6, 0
80.7, 0
80.8, 0
80.9, 0
81.0, 0
81.1, 0
81.2, 0
81.3, 0
81.4, 0
81.5, 0
81.6, 0
81.7, 0
81.8, 0
81.9, 0
82.0, 0
82.1, 0
82.2, 0
82.3, 0
82.4, 0
82.5, 0
82.6, 0
82.7, 0
82.8, 0
82.9, 0
83.0, 0
83.1, 0
83.2, 0
83.3, 0
83.4, 0
83.5, 0
83.6, 0
83.7, 0
83.8, 0
83.9, 0
84.0, 0
84.1, 0
84.2, 0
84.3, 0
84.4, 0
84.5, 0
84.6, 0
84.7, 0
84.8, 0
84.9, 0
85.0, 0
85.1, 0
85.2, 0
85.3, 0
85.4, 0
85.5, 0
85.6, 0
85.7, 0
85.8, 0
85.9, 0
86.0, 0
86.1, 0
86.2, 0
86.3, 0
86.4, 0
86.5, 0
86.6, 0
86.7, 0
86.8, 0
86.9, 0
87.0, 0
87.1, 0
87.2, 0
87.3, 0
87.4, 0
87.5, 0
87.6, 0
87.7, 0
87.8, 0
87.9, 0
88.0, 0
88.1, 0
88.2, 0
88.3, 0
88.4, 0
88.5, 0
88.6, 0
88.7, 0
88.8, 0
88.9, 0
89.0, 0
89.1, 0
89.2, 0
89.3, 0
89.4, 0
89.5, 0
89.6, 0
89.7, 0
89.8, 0
89.9, 0
90.0, 0
90.1, 0
90.2, 0
90.3, 0
90.4, 0
90.5, 0
90.6, 0
90.7, 0
90.8, 0
90.9, 0
91.0, 0
91.1, 0
91.2, 0
91.3, 0
91.4, 0
91.5, 0
91.6, 0
91.7, 0
91.8, 0
91.9, 0
92.0, 0
92.1, 0
92.2, 0
92.3, 0
92.4, 0
92.5, 0
92.6, 0
92.7, 0
92.8, 0
92.9, 0
93.0, 0
93.1, 0
93.2, 0
93.3, 0
93.4, 0
93.5, 0
93.6, 0
93.7, 0
93.8, 0
93.9, 0
94.0, 0
94.1, 0
94.2, 0
94.3, 0
94.4, 0
94.5, 0
94.6, 0
94.7, 0
94.8, 0
94.9, 0
95.0, 0
95.1, 0
95.2, 0
95.3, 0
95.4, 0
95.5, 0
95.6, 0
95.7, 0
95.8, 0
95.9, 0
96.0, 0
96.1, 0
96.2, 0
96.3, 0
96.4, 0
96.5, 0
96.6, 0
96.7, 0
96.8, 0
96.9, 0
97.0, 0
97.1, 0
97.2, 0
97.3, 0
97.4, 0
97.5, 0
97.6, 0
97.7, 0
97.8, 0
97.9, 0
98.0, 0
98.1, 0
98.2, 0
98.3, 0
98.4, 0
98.5, 0
98.6, 0
98.7, 0
98.8, 0
98.9, 0
99.0, 0
99.1, 0
99.2, 0
99.3, 0
99.4, 0
99.5, 0
99.6, 0
99.7, 0
99.8, 0
99.9, 0
100.0, 0
100.1, 0
100.2, 0
100.3, 0
100.4, 0
100.5, 0
100.6, 0
100.7, 0
100.8, 0
100.9, 0
101.0, 0
101.1, 0
101.2, 0
101.3, 0
101.4, 0
101.5, 0
101.6, 0
101.7, 0
101.8, 0
101.9, 0
102.0, 0
102.1, 0
102.2, 0
102.3, 0
102.4, 0
102.5, 0
102.6, 0
102.7, 0
102.8, 0
102.9, 0
103.0, 0
103.1, 0
103.2, 0
103.3, 0
103.4, 0
103.5, 0
103.6, 0
103.7, 0
103.8, 0
103.9, 0
104.0, 0
104.1, 0
104.2, 0
104.3, 0
104.4, 0
104.5, 0
104.6, 0
104.7, 0
104.8, 0
104.9, 0
105.0, 0
105.1, 0
105.2, 0
105.3, 0
105.4, 0
105.5, 0
105.6, 0
105.7, 0
105.8, 0
105.9, 0
106.0, 0
106.1, 0
106.2, 0
106.3, 0
106.4, 0
106.5, 0
106.6, 0
106.7, 0
106.8, 0
106.9, 0
107.0, 0
107.1, 0
107.2, 0
107.3, 0
107.4, 0
107.5, 0
107.6, 0
107.7, 0
107.8, 0
107.9, 0
108.0, 0
108.1, 0
108.2, 0
108.3, 0
108.4, 0
108.5, 0
108.6, 0
108.7, 0
108.8, 0
108.9, 0
109.0, 0
109.1, 0
109.2, 0
109.3, 0
109.4, 0
109.5, 0
109.6, 0
109.7, 0
109.8, 0
109.9, 0
110.0, 0
110.1, 0
110.2, 0
110.3, 0
110.4, 0
110.5, 0
110.6, 0
110.7, 0
110.8, 0
110.9, 0
111.0, 0
111.1, 0
111.2, 0
111.3, 0
111.4, 0
111.5, 0
111.6, 0
111.7, 0
111.8, 0
111.9, 0
112.0, 0
112.1, 0
112.2, 0
112.3, 0
112.4, 0
112.5, 0
112.6, 0
112.7, 0
112.8, 0
112.9, 0
113.0, 0
113.1, 0
113.2, 0
113.3, 0
113.4, 0
113.5, 0
113.6, 0
113.7, 0
113.8, 0
113.9, 0
114.0, 0
114.1, 0
114.2, 0
114.3, 0
114.4, 0
114.5, 0
114.6, 0
114.7, 0
114.8, 0
114.9, 0
115.0, 0
115.1, 0
115.2, 0
115.3, 0
115.4, 0
115.5, 0
115.6, 0
115.7, 0
115.8, 0
115.9, 0
116.0, 0
116.1, 0
116.2, 0
116.3, 0
116.4, 0
116.5, 0
116.6, 0
116.7, 0
116.8, 0
116.9, 0
117.0, 0
117.1, 0
117.2, 0
117.3, 0
117.4, 0
117.5, 0
117.6, 0
117.7, 0
117.8, 0
117.9, 0
118.0, 0
118.1, 0
118.2, 0
118.3, 0
118.4, 0
118.5, 0
118.6, 0
118.7, 0
118.8, 0
118.9, 0
119.0, 0
119.1, 0
119.2, 0
119.3, 0
119.4, 0
119.5, 0
119.6, 0
119.7, 0
119.8, 0
119.9, 0
120.0, 0
120.1, 0
120.2, 0
120.3, 0
120.4, 0
120.5, 0
120.6, 0
120.7, 0
120.8, 0
120.9, 0
121.0, 0
121.1, 0
121.2, 0
121.3, 0
121.4, 0
121.5, 0
121.6, 0
121.7, 0
121.8, 0
121.9, 0
122.0, 0
122.1, 0
122.2, 0
122.3, 0
122.4, 0
122.5, 0
122.6, 0
122.7, 0
122.8, 0
122.9, 0
123.0, 0
123.1, 0
123.2, 0
123.3, 0
123.4, 0
123.5, 0
123.6, 0
123.7, 0
123.8, 0
123.9, 0
124.0, 0
124.1, 0
124.2, 0
124.3, 0
124.4, 0
124.5, 0
124.6, 0
124.7, 0
124.8, 0
124.9, 0
125.0, 0
125.1, 0
125.2, 0
125.3, 0
125.4, 0
125.5, 0
125.6, 0
125.7, 0
125.8, 0
125.9, 0
126.0, 0
126.1, 0
126.2, 0
126.3, 0
126.4, 0
126.5, 0
126.6, 0
126.7, 0
126.8, 0
126.9, 0
127.0, 0
127.1, 0
127.2, 0
127.3, 0
127.4, 0
127.5, 0
127.6, 0
127.7, 0
127.8, 0
127.9, 0
128.0, 0
128.1, 0
128.2, 0
128.3, 0
128.4, 0
128.5, 0
128.6, 0
128.7, 0
128.8, 0
128.9, 0
129.0, 0
129.1, 0
129.2, 0
129.3, 0
129.4, 0
129.5, 0
129.6, 0
129.7, 0
129.8, 0
129.9, 0
130.0, 0
130.1, 0
130.2, 0
130.3, 0
130.4, 0
130.5, 0
130.6, 0
130.7, 0
130.8, 0
130.9, 0
131.0, 0
131.1, 0
131.2, 0
131.3, 0
131.4, 0
131.5, 0
131.6, 0
131.7, 0
131.8, 0
131.9, 0
132.0, 0
132.1, 0
132.2, 0
132.3, 0
132.4, 0
132.5, 0
132.6, 0
132.7, 0
132.8, 0
132.9, 0
133.0, 0
133.1, 0
133.2, 0
133.3, 0
133.4, 0
133.5, 0
133.6, 0
133.7, 0
133.8, 0
133.9, 0
134.0, 0
134.1, 0
134.2, 0
134.3, 0
134.4, 0
134.5, 0
134.6, 0
134.7, 0
134.8, 0
134.9, 0
135.0, 0
135.1, 0
135.2, 0
135.3, 0
135.4, 0
135.5, 0
135.6, 0
135.7, 0
135.8, 0
135.9, 0
136.0, 0
136.1, 0
136.2, 0
136.3, 0
136.4, 0
136.5, 0
136.6, 0
136.7, 0
136.8, 0
136.9, 0
137.0, 0
137.1, 0
137.2, 0
137.3, 0
137.4, 0
137.5, 0
137.6, 0
137.7, 0
137.8, 0
137.9, 0
138.0, 0
138.1, 0
138.2, 0
138.3, 0
138.4, 0
138.5, 0
138.6, 0
138.7, 0
138.8, 0
138.9, 0
139.0, 0
139.1, 0
139.2, 0
139.3, 0
139.4, 0
139.5, 0
139.6, 0
139.7, 0
139.8, 0
139.9, 0
140.0, 0
140.1, 0
140.2, 0
140.3, 0
140.4, 0
140.5, 0
140.6, 0
140.7, 0
140.8, 0
140.9, 0
141.0, 0
141.1, 0
141.2, 0
141.3, 0
141.4, 0
141.5, 0
141.6, 0
141.7, 0
141.8, 0
141.9, 0
142.0, 0
142.1, 0
142.2, 0
142.3, 0
142.4, 0
142.5, 0
142.6, 0
142.7, 0
142.8, 0
142.9, 0
143.0, 0
143.1, 0
143.2, 0
143.3, 0
143.4, 0
143.5, 0
143.6, 0
143.7, 0
143.8, 0
143.9, 0
144.0, 0
144.1, 0
144.2, 0
144.3, 0
144.4, 0
144.5, 0
144.6, 0
144.7, 0
144.8, 0
144.9, 0
145.0, 0
145.1, 0
145.2, 0
145.3, 0
145.4, 0
145.5, 0
145.6, 0
145.7, 0
145.8, 0
145.9, 0
146.0, 0
146.1, 0
146.2, 0
146.3, 0
146.4, 0
146.5, 0
146.6, 0
146.7, 0
146.8, 0
146.9, 0
147.0, 0
147.1, 0
147.2, 0
147.3, 0
147.4, 0
147.5, 0
147.6, 0
147.7, 0
147.8, 0
147.9, 0
148.0, 0
148.1, 0
148.2, 0
148.3, 0
148.4, 0
148.5, 0
148.6, 0
148.7, 0
148.8, 0
148.9, 0
149.0, 0
149.1, 0
149.2, 0
149.3, 0
149.4, 0
149.5, 0
149.6, 0
149.7, 0
149.8, 0
149.9, 0
150.0, 0
150.1, 0
150.2, 0
150.3, 0
150.4, 0
150.5, 0
150.6, 0
150.7, 0
150.8, 0
150.9, 0
151.0, 0
151.1, 0
151.2, 0
151.3, 0
151.4, 0
151.5, 0
151.6, 0
151.7, 0
151.8, 0
151.9, 0
152.0, 0
152.1, 0
152.2, 0
152.3, 0
152.4, 0
152.5, 0
152.6, 0
152.7, 0
152.8, 0
152.9, 0
153.0, 0
153.1, 0
153.2, 0
153.3, 0
153.4, 0
153.5, 0
153.6, 0
153.7, 0
153.8, 0
153.9, 0
154.0, 0
154.1, 0
154.2, 0
154.3, 0
154.4, 0
154.5, 0
154.6, 0
154.7, 0
154.8, 0
154.9, 0
155.0, 0
155.1, 0
155.2, 0
155.3, 0
155.4, 0
155.5, 0
155.6, 0
155.7, 0
155.8, 0
155.9, 0
156.0, 0
156.1, 0
156.2, 0
156.3, 0
156.4, 0
156.5, 0
156.6, 0
156.7, 0
156.8, 0
156.9, 0
157.0, 0
157.1, 0
157.2, 0
157.3, 0
157.4, 0
157.5, 0
157.6, 0
157.7, 0
157.8, 0
157.9, 0
158.0, 0
158.1, 0
158.2, 0
158.3, 1
158.4, 0
158.5, 0
158.6, 0
158.7, 0
158.8, 0
158.9, 0
159.0, 0
159.1, 0
159.2, 0
159.3, 0
159.4, 0
159.5, 0
159.6, 0
159.7, 1
159.8, 1
159.9, 2
160.0, 0
160.1, 0
160.2, 1
160.3, 0
160.4, 0
160.5, 0
160.6, 0
160.7, 1
160.8, 1
160.9, 0
161.0, 1
161.1, 2
161.2, 1
161.3, 1
161.4, 1
161.5, 0
161.6, 0
161.7, 0
161.8, 0
161.9, 0
162.0, 0
162.1, 0
162.2, 1
162.3, 0
162.4, 0
162.5, 0
162.6, 0
162.7, 0
162.8, 0
162.9, 0
163.0, 0
163.1, 0
163.2, 0
163.3, 0
163.4, 0
163.5, 0
163.6, 0
163.7, 0
163.8, 0
163.9, 0
164.0, 0
164.1, 0
164.2, 1
164.3, 0
164.4, 0
164.5, 0
164.6, 0
164.7, 0
164.8, 0
164.9, 0
165.0, 0
165.1, 0
165.2, 1
165.3, 0
165.4, 0
165.5, 0
165.6, 0
165.7, 0
165.8, 0
165.9, 0
166.0, 0
166.1, 0
166.2, 2
166.3, 0
166.4, 1
166.5, 1
166.6, 0
166.7, 0
166.8, 1
166.9, 0
167.0, 1
167.1, 1
167.2, 1
167.3, 1
167.4, 0
167.5, 0
167.6, 0
167.7, 0
167.8, 0
167.9, 0
168.0, 0
168.1, 0
168.2, 0
168.3, 0
168.4, 0
168.5, 0
168.6, 0
168.7, 0
168.8, 0
168.9, 0
169.0, 0
169.1, 0
169.2, 0
169.3, 0
169.4, 0
169.5, 0
169.6, 0
169.7, 0
169.8, 0
169.9, 0
170.0, 0
170.1, 0
170.2, 0
170.3, 0
170.4, 0
170.5, 0
170.6, 0
170.7, 0
170.8, 0
170.9, 0
171.0, 0
171.1, 0
171.2, 0
171.3, 0
171.4, 0
171.5, 0
171.6, 0
171.7, 0
171.8, 0
171.9, 0
172.0, 0
172.1, 0
172.2, 0
172.3, 1
172.4, 0
172.5, 2
172.6, 2
172.7, 1
172.8, 0
172.9, 0
173.0, 1
173.1, 0
173.2, 0
173.3, 1
173.4, 2
173.5, 0
173.6, 0
173.7, 0
173.8, 1
173.9, 4
174.0, 0
174.1, 0
174.2, 0
174.3, 0
174.4, 1
174.5, 0
174.6, 0
174.7, 0
174.8, 0
174.9, 1
175.0, 0
175.1, 0
175.2, 0
175.3, 0
175.4, 0
175.5, 0
175.6, 0
175.7, 0
175.8, 0
175.9, 0
176.0, 0
176.1, 0
176.2, 0
176.3, 0
176.4, 0
176.5, 0
176.6, 0
176.7, 0
176.8, 0
176.9, 0
177.0, 0
177.1, 0
177.2, 0
177.3, 0
177.4, 0
177.5, 0
177.6, 0
177.7, 0
177.8, 0
177.9, 0
178.0, 0
178.1, 0
178.2, 0
178.3, 0
178.4, 0
178.5, 0
178.6, 0
178.7, 0
178.8, 0
178.9, 0
179.0, 0
179.1, 0
179.2, 0
179.3, 0
179.4, 0
179.5, 0
179.6, 0
179.7, 0
179.8, 0
179.9, 0
180.0, 0
180.1, 0
180.2, 0
180.3, 0
180.4, 0
180.5, 0
180.6, 0
180.7, 0
180.8, 0
180.9, 0
181.0, 0
181.1, 0
181.2, 0
181.3, 1
181.4, 0
181.5, 0
181.6, 0
181.7, 1
181.8, 0
181.9, 0
182.0, 1
182.1, 0
182.2, 0
182.3, 0
182.4, 0
182.5, 0
182.6, 0
182.7, 0
182.8, 0
182.9, 0
183.0, 0
183.1, 0
183.2, 0
183.3, 0
183.4, 0
183.5, 0
183.6, 0
183.7, 0
183.8, 0
183.9, 0
184.0, 0
184.1, 0
184.2, 0
184.3, 0
184.4, 0
184.5, 0
184.6, 0
184.7, 0
184.8, 0
184.9, 0
185.0, 0
185.1, 0
185.2, 0
185.3, 0
185.4, 0
185.5, 0
185.6, 0
185.7, 0
185.8, 0
185.9, 0
186.0, 0
186.1, 0
186.2, 0
186.3, 0
186.4, 0
186.5, 0
186.6, 0
186.7, 0
186.8, 0
186.9, 0
187.0, 0
187.1, 0
187.2, 0
187.3, 0
187.4, 0
187.5, 0
187.6, 0
187.7, 0
187.8, 0
187.9, 0
188.0, 0
188.1, 0
188.2, 0
188.3, 0
188.4, 0
188.5, 0
188.6, 0
188.7, 0
188.8, 0
188.9, 0
189.0, 0
189.1, 0
189.2, 0
189.3, 0
189.4, 0
189.5, 0
189.6, 0
189.7, 0
189.8, 0
189.9, 0
190.0, 0
190.1, 0
190.2, 0
190.3, 0
190.4, 0
190.5, 0
190.6, 0
190.7, 0
190.8, 0
190.9, 0
191.0, 0
191.1, 0
191.2, 0
191.3, 1
191.4, 0
191.5, 0
191.6, 1
