Elapsed Time, AVG Throughput, AVG Queue Size, AVG Waiting Time, AVG Service Time, AVG Response Time, AVG SET Response Time, AVG GET Response Time, AVG MULTI-GET Response Time, #SETS, #GETS, #MULTIGETS, GET MissRatio, MULTI-GET MissRatio, AVG MULTI-GET Size
 5.00, 5448, 42, 8.429095, 1.282919, 9.781639, 0.000000, 9.781639, 0.000000, 0, 27240, 0, 1.00, 0.00, 0
10.00, 5644, 43, 8.175298, 1.345829, 9.566379, 0.000000, 9.566379, 0.000000, 0, 28223, 0, 1.00, 0.00, 0
15.00, 5564, 43, 8.380893, 1.379373, 9.803381, 0.000000, 9.803381, 0.000000, 0, 27822, 0, 1.00, 0.00, 0
20.00, 6170, 41, 7.224527, 1.231980, 8.491680, 0.000000, 8.491680, 0.000000, 0, 30854, 0, 1.00, 0.00, 0
25.00, 6014, 41, 7.579870, 1.258745, 8.883584, 0.000000, 8.883584, 0.000000, 0, 30072, 0, 1.00, 0.00, 0
30.00, 6080, 41, 7.372225, 1.220307, 8.635271, 0.000000, 8.635271, 0.000000, 0, 30401, 0, 1.00, 0.00, 0
35.00, 6233, 40, 7.054319, 1.189291, 8.283128, 0.000000, 8.283128, 0.000000, 0, 31169, 0, 1.00, 0.00, 0
40.00, 5965, 40, 7.472709, 1.244810, 8.752789, 0.000000, 8.752789, 0.000000, 0, 29828, 0, 1.00, 0.00, 0
45.00, 6090, 41, 7.325389, 1.213065, 8.578208, 0.000000, 8.578208, 0.000000, 0, 30451, 0, 1.00, 0.00, 0
50.00, 6134, 40, 7.212413, 1.213334, 8.464816, 0.000000, 8.464816, 0.000000, 0, 30671, 0, 1.00, 0.00, 0
55.00, 6179, 40, 7.174458, 1.202621, 8.410824, 0.000000, 8.410824, 0.000000, 0, 30897, 0, 1.00, 0.00, 0
60.00, 6348, 40, 6.832929, 1.156614, 8.020754, 0.000000, 8.020754, 0.000000, 0, 31744, 0, 1.00, 0.00, 0
65.00, 7339, 38, 5.431122, 0.970737, 6.435755, 0.000000, 6.435755, 0.000000, 0, 36698, 0, 1.00, 0.00, 0
70.00, 6617, 39, 6.385735, 1.103106, 7.525004, 0.000000, 7.525004, 0.000000, 0, 33089, 0, 1.00, 0.00, 0
70.00, 92, 17, 2.681274, 1.018054, 3.757280, 0.000000, 3.757280, 0.000000, 0, 463, 0, 1.00, 0.00, 0
Interval, Responses
0.1, 0
0.2, 0
0.3, 0
0.4, 9
0.5, 195
0.6, 731
0.7, 1618
0.8, 2217
0.9, 2171
1.0, 2026
1.1, 1705
1.2, 1770
1.3, 1802
1.4, 2121
1.5, 2061
1.6, 2126
1.7, 2160
1.8, 1956
1.9, 1951
2.0, 2108
2.1, 2146
2.2, 2137
2.3, 1943
2.4, 2071
2.5, 2143
2.6, 2150
2.7, 2109
2.8, 2122
2.9, 2097
3.0, 2168
3.1, 2181
3.2, 2087
3.3, 2087
3.4, 2057
3.5, 2124
3.6, 2161
3.7, 2057
3.8, 2066
3.9, 2270
4.0, 2382
4.1, 2361
4.2, 2424
4.3, 2499
4.4, 2519
4.5, 2677
4.6, 2882
4.7, 2797
4.8, 3086
4.9, 3127
5.0, 3363
5.1, 3483
5.2, 3567
5.3, 3680
5.4, 3853
5.5, 3982
5.6, 3982
5.7, 4259
5.8, 4123
5.9, 4079
6.0, 4269
6.1, 4259
6.2, 4179
6.3, 4030
6.4, 4013
6.5, 3874
6.6, 3920
6.7, 3875
6.8, 3775
6.9, 3820
7.0, 3703
7.1, 3585
7.2, 3438
7.3, 3380
7.4, 3307
7.5, 3263
7.6, 3370
7.7, 3211
7.8, 3089
7.9, 3087
8.0, 3135
8.1, 3055
8.2, 2958
8.3, 2886
8.4, 3038
8.5, 2919
8.6, 2937
8.7, 3015
8.8, 2941
8.9, 2959
9.0, 2843
9.1, 2876
9.2, 2943
9.3, 2955
9.4, 2826
9.5, 2783
9.6, 2861
9.7, 2950
9.8, 3203
9.9, 3045
10.0, 2789
10.1, 2773
10.2, 2669
10.3, 2797
10.4, 2994
10.5, 3032
10.6, 2720
10.7, 2893
10.8, 2739
10.9, 2839
11.0, 2900
11.1, 2964
11.2, 3037
11.3, 2921
11.4, 3138
11.5, 3224
11.6, 3570
11.7, 3810
11.8, 3864
11.9, 3906
12.0, 4126
12.1, 4132
12.2, 4283
12.3, 4343
12.4, 4366
12.5, 4074
12.6, 4082
12.7, 4047
12.8, 3795
12.9, 3870
13.0, 3691
13.1, 3450
13.2, 3236
13.3, 3123
13.4, 3011
13.5, 2655
13.6, 2426
13.7, 2381
13.8, 2101
13.9, 1943
14.0, 1771
14.1, 1659
14.2, 1447
14.3, 1366
14.4, 1255
14.5, 1167
14.6, 1161
14.7, 1005
14.8, 913
14.9, 832
15.0, 759
15.1, 724
15.2, 661
15.3, 610
15.4, 593
15.5, 563
15.6, 476
15.7, 464
15.8, 417
15.9, 425
16.0, 399
16.1, 382
16.2, 372
16.3, 338
16.4, 336
16.5, 319
16.6, 283
16.7, 276
16.8, 294
16.9, 272
17.0, 272
17.1, 256
17.2, 243
17.3, 235
17.4, 264
17.5, 264
17.6, 184
17.7, 229
17.8, 211
17.9, 207
18.0, 222
18.1, 208
18.2, 194
18.3, 189
18.4, 167
18.5, 193
18.6, 180
18.7, 197
18.8, 168
18.9, 170
19.0, 159
19.1, 182
19.2, 155
19.3, 195
19.4, 195
19.5, 188
19.6, 178
19.7, 178
19.8, 181
19.9, 124
20.0, 99
20.1, 79
20.2, 83
20.3, 95
20.4, 56
20.5, 102
20.6, 86
20.7, 79
20.8, 90
20.9, 112
21.0, 99
21.1, 106
21.2, 65
21.3, 75
21.4, 56
21.5, 77
21.6, 71
21.7, 66
21.8, 43
21.9, 67
22.0, 56
22.1, 37
22.2, 51
22.3, 60
22.4, 63
22.5, 64
22.6, 57
22.7, 46
22.8, 45
22.9, 39
23.0, 44
23.1, 80
23.2, 42
23.3, 54
23.4, 36
23.5, 30
23.6, 53
23.7, 48
23.8, 32
23.9, 54
24.0, 50
24.1, 34
24.2, 66
24.3, 39
24.4, 45
24.5, 45
24.6, 31
24.7, 26
24.8, 45
24.9, 24
25.0, 30
25.1, 37
25.2, 18
25.3, 16
25.4, 20
25.5, 21
25.6, 22
25.7, 19
25.8, 17
25.9, 31
26.0, 34
26.1, 24
26.2, 16
26.3, 19
26.4, 14
26.5, 20
26.6, 22
26.7, 14
26.8, 12
26.9, 15
27.0, 23
27.1, 19
27.2, 15
27.3, 13
27.4, 14
27.5, 9
27.6, 13
27.7, 14
27.8, 13
27.9, 12
28.0, 9
28.1, 3
28.2, 12
28.3, 13
28.4, 14
28.5, 26
28.6, 20
28.7, 6
28.8, 6
28.9, 14
29.0, 13
29.1, 4
29.2, 14
29.3, 6
29.4, 21
29.5, 20
29.6, 8
29.7, 20
29.8, 14
29.9, 10
30.0, 9
30.1, 8
30.2, 16
30.3, 9
30.4, 9
30.5, 9
30.6, 12
30.7, 19
30.8, 22
30.9, 10
31.0, 13
31.1, 7
31.2, 9
31.3, 20
31.4, 17
31.5, 18
31.6, 11
31.7, 3
31.8, 5
31.9, 5
32.0, 5
32.1, 4
32.2, 6
32.3, 3
32.4, 6
32.5, 2
32.6, 1
32.7, 4
32.8, 2
32.9, 3
33.0, 0
33.1, 2
33.2, 5
33.3, 3
33.4, 2
33.5, 1
33.6, 3
33.7, 1
33.8, 3
33.9, 5
34.0, 3
34.1, 1
34.2, 4
34.3, 4
34.4, 6
34.5, 3
34.6, 6
34.7, 3
34.8, 2
34.9, 6
35.0, 6
35.1, 7
35.2, 7
35.3, 6
35.4, 8
35.5, 4
35.6, 9
35.7, 6
35.8, 2
35.9, 4
36.0, 3
36.1, 2
36.2, 0
36.3, 1
36.4, 2
36.5, 8
36.6, 2
36.7, 1
36.8, 4
36.9, 1
37.0, 0
37.1, 7
37.2, 5
37.3, 0
37.4, 2
37.5, 2
37.6, 0
37.7, 2
37.8, 4
37.9, 2
38.0, 0
38.1, 1
38.2, 0
38.3, 0
38.4, 3
38.5, 5
38.6, 2
38.7, 0
38.8, 1
38.9, 0
39.0, 0
39.1, 1
39.2, 5
39.3, 2
39.4, 0
39.5, 1
39.6, 0
39.7, 0
39.8, 6
39.9, 2
40.0, 2
40.1, 3
40.2, 1
40.3, 3
40.4, 5
40.5, 0
40.6, 7
40.7, 1
40.8, 0
40.9, 0
41.0, 1
41.1, 1
41.2, 7
41.3, 2
41.4, 0
41.5, 1
41.6, 2
41.7, 1
41.8, 2
41.9, 3
42.0, 1
42.1, 2
42.2, 1
42.3, 0
42.4, 0
42.5, 0
42.6, 0
42.7, 0
42.8, 0
42.9, 0
43.0, 0
43.1, 1
43.2, 0
43.3, 0
43.4, 0
43.5, 0
43.6, 0
43.7, 0
43.8, 0
43.9, 0
44.0, 0
44.1, 2
44.2, 0
44.3, 0
44.4, 0
44.5, 0
44.6, 0
44.7, 0
44.8, 0
44.9, 0
45.0, 0
45.1, 0
45.2, 0
45.3, 0
45.4, 0
45.5, 2
45.6, 0
45.7, 0
45.8, 0
45.9, 0
46.0, 0
46.1, 2
46.2, 0
46.3, 0
46.4, 0
46.5, 0
46.6, 0
46.7, 0
46.8, 0
46.9, 0
47.0, 0
47.1, 0
47.2, 0
47.3, 0
47.4, 0
47.5, 0
47.6, 0
47.7, 0
47.8, 0
47.9, 0
48.0, 0
48.1, 0
48.2, 0
48.3, 0
48.4, 0
48.5, 0
48.6, 0
48.7, 0
48.8, 0
48.9, 0
49.0, 1
49.1, 0
49.2, 1
49.3, 0
49.4, 0
49.5, 0
49.6, 0
49.7, 0
49.8, 1
49.9, 2
50.0, 3
50.1, 2
50.2, 0
50.3, 0
50.4, 4
50.5, 4
50.6, 0
50.7, 0
50.8, 0
50.9, 5
51.0, 1
51.1, 0
51.2, 0
51.3, 0
51.4, 0
51.5, 1
51.6, 3
51.7, 1
51.8, 2
51.9, 0
52.0, 0
52.1, 3
52.2, 6
52.3, 9
52.4, 0
52.5, 0
52.6, 1
52.7, 3
52.8, 4
52.9, 0
53.0, 2
53.1, 7
53.2, 0
53.3, 2
53.4, 6
53.5, 0
53.6, 5
53.7, 3
53.8, 3
53.9, 4
54.0, 2
54.1, 4
54.2, 3
54.3, 6
54.4, 7
54.5, 10
54.6, 2
54.7, 1
54.8, 0
54.9, 0
55.0, 1
55.1, 3
55.2, 3
55.3, 2
55.4, 0
55.5, 0
55.6, 3
55.7, 0
55.8, 0
55.9, 2
56.0, 5
56.1, 2
56.2, 1
56.3, 6
56.4, 6
56.5, 3
56.6, 2
56.7, 0
56.8, 3
56.9, 3
57.0, 1
57.1, 0
57.2, 0
57.3, 0
57.4, 0
57.5, 0
57.6, 0
57.7, 1
57.8, 4
57.9, 3
58.0, 1
58.1, 0
58.2, 0
58.3, 0
58.4, 1
58.5, 3
58.6, 4
58.7, 1
58.8, 0
58.9, 0
59.0, 0
59.1, 0
59.2, 0
59.3, 3
59.4, 5
59.5, 0
59.6, 0
59.7, 0
59.8, 0
59.9, 0
60.0, 1
60.1, 8
60.2, 2
60.3, 0
60.4, 1
60.5, 0
60.6, 0
60.7, 0
60.8, 5
60.9, 2
61.0, 4
61.1, 5
61.2, 0
61.3, 0
61.4, 0
61.5, 1
61.6, 0
61.7, 7
61.8, 1
61.9, 0
62.0, 0
62.1, 0
62.2, 1
62.3, 3
62.4, 0
62.5, 0
62.6, 0
62.7, 0
62.8, 0
62.9, 0
63.0, 0
63.1, 1
63.2, 0
63.3, 0
63.4, 0
63.5, 0
63.6, 0
63.7, 0
63.8, 0
63.9, 0
64.0, 0
64.1, 0
64.2, 0
64.3, 0
64.4, 0
64.5, 0
64.6, 0
64.7, 0
64.8, 0
64.9, 0
65.0, 0
65.1, 0
65.2, 2
65.3, 0
65.4, 0
65.5, 0
65.6, 0
65.7, 0
65.8, 1
65.9, 4
66.0, 0
66.1, 2
66.2, 0
66.3, 3
66.4, 2
66.5, 1
66.6, 1
66.7, 3
66.8, 0
66.9, 4
67.0, 2
67.1, 2
67.2, 0
67.3, 2
67.4, 0
67.5, 4
67.6, 0
67.7, 0
67.8, 0
67.9, 4
68.0, 0
68.1, 1
68.2, 3
68.3, 0
68.4, 2
68.5, 1
68.6, 0
68.7, 0
68.8, 1
68.9, 0
69.0, 1
69.1, 3
69.2, 1
69.3, 1
69.4, 2
69.5, 2
69.6, 9
69.7, 0
69.8, 0
69.9, 1
70.0, 6
70.1, 0
70.2, 0
70.3, 0
70.4, 0
70.5, 0
70.6, 0
70.7, 0
70.8, 0
70.9, 0
71.0, 0
71.1, 0
71.2, 0
71.3, 0
71.4, 2
71.5, 0
71.6, 1
71.7, 1
71.8, 2
71.9, 1
72.0, 0
72.1, 2
72.2, 2
72.3, 0
72.4, 2
72.5, 3
72.6, 2
72.7, 1
72.8, 0
72.9, 0
73.0, 0
73.1, 0
73.2, 1
73.3, 0
73.4, 0
73.5, 0
73.6, 0
73.7, 0
73.8, 0
73.9, 0
74.0, 0
74.1, 0
74.2, 0
74.3, 0
74.4, 0
74.5, 0
74.6, 0
74.7, 0
74.8, 0
74.9, 0
75.0, 0
75.1, 0
75.2, 0
75.3, 0
75.4, 0
75.5, 0
75.6, 0
75.7, 0
75.8, 0
75.9, 0
76.0, 0
76.1, 0
76.2, 5
76.3, 7
76.4, 4
76.5, 1
76.6, 8
76.7, 1
76.8, 8
76.9, 3
77.0, 0
77.1, 0
77.2, 0
77.3, 0
77.4, 0
77.5, 0
77.6, 0
77.7, 0
77.8, 0
77.9, 0
78.0, 0
78.1, 0
78.2, 0
78.3, 0
78.4, 0
78.5, 0
78.6, 0
78.7, 0
78.8, 0
78.9, 0
79.0, 0
79.1, 0
79.2, 0
79.3, 0
79.4, 0
79.5, 0
79.6, 0
79.7, 0
79.8, 0
79.9, 0
80.0, 0
80.1, 0
80.2, 0
80.3, 0
80.4, 0
80.5, 0
80.6, 0
80.7, 0
80.8, 0
80.9, 0
81.0, 0
81.1, 0
81.2, 0
81.3, 0
81.4, 0
81.5, 0
81.6, 0
81.7, 0
81.8, 0
81.9, 0
82.0, 0
82.1, 0
82.2, 0
82.3, 0
82.4, 0
82.5, 0
82.6, 0
82.7, 0
82.8, 0
82.9, 0
83.0, 0
83.1, 0
83.2, 0
83.3, 0
83.4, 0
83.5, 0
83.6, 0
83.7, 0
83.8, 0
83.9, 0
84.0, 0
84.1, 0
84.2, 0
84.3, 0
84.4, 0
84.5, 0
84.6, 0
84.7, 0
84.8, 0
84.9, 0
85.0, 0
85.1, 0
85.2, 0
85.3, 0
85.4, 0
85.5, 0
85.6, 0
85.7, 0
85.8, 0
85.9, 0
86.0, 0
86.1, 0
86.2, 0
86.3, 0
86.4, 0
86.5, 0
86.6, 0
86.7, 0
86.8, 0
86.9, 0
87.0, 0
87.1, 0
87.2, 0
87.3, 0
87.4, 0
87.5, 0
87.6, 0
87.7, 0
87.8, 0
87.9, 0
88.0, 0
88.1, 0
88.2, 0
88.3, 0
88.4, 0
88.5, 0
88.6, 0
88.7, 0
88.8, 0
88.9, 0
89.0, 0
89.1, 0
89.2, 0
89.3, 0
89.4, 0
89.5, 0
89.6, 0
89.7, 0
89.8, 0
89.9, 0
90.0, 0
90.1, 0
90.2, 0
90.3, 0
90.4, 0
90.5, 0
90.6, 0
90.7, 0
90.8, 0
90.9, 0
91.0, 0
91.1, 0
91.2, 0
91.3, 0
91.4, 0
91.5, 0
91.6, 0
91.7, 0
91.8, 0
91.9, 0
92.0, 0
92.1, 0
92.2, 0
92.3, 0
92.4, 0
92.5, 0
92.6, 0
92.7, 0
92.8, 0
92.9, 0
93.0, 0
93.1, 0
93.2, 0
93.3, 0
93.4, 0
93.5, 0
93.6, 0
93.7, 0
93.8, 0
93.9, 0
94.0, 0
94.1, 0
94.2, 0
94.3, 0
94.4, 0
94.5, 0
94.6, 0
94.7, 0
94.8, 0
94.9, 0
95.0, 0
95.1, 0
95.2, 0
95.3, 0
95.4, 0
95.5, 0
95.6, 0
95.7, 0
95.8, 0
95.9, 0
96.0, 0
96.1, 0
96.2, 0
96.3, 0
96.4, 0
96.5, 0
96.6, 0
96.7, 0
96.8, 0
96.9, 0
97.0, 0
97.1, 0
97.2, 0
97.3, 0
97.4, 0
97.5, 0
97.6, 0
97.7, 0
97.8, 0
97.9, 0
98.0, 0
98.1, 0
98.2, 0
98.3, 0
98.4, 0
98.5, 0
98.6, 0
98.7, 0
98.8, 0
98.9, 0
99.0, 0
99.1, 0
99.2, 0
99.3, 0
99.4, 0
99.5, 0
99.6, 0
99.7, 0
99.8, 0
99.9, 0
100.0, 0
100.1, 0
100.2, 0
100.3, 0
100.4, 0
100.5, 0
100.6, 0
100.7, 0
100.8, 0
100.9, 0
101.0, 0
101.1, 0
101.2, 0
101.3, 0
101.4, 0
101.5, 0
101.6, 0
101.7, 0
101.8, 0
101.9, 0
102.0, 0
102.1, 0
102.2, 0
102.3, 0
102.4, 0
102.5, 0
102.6, 0
102.7, 0
102.8, 0
102.9, 0
103.0, 0
103.1, 0
103.2, 0
103.3, 0
103.4, 0
103.5, 0
103.6, 0
103.7, 0
103.8, 0
103.9, 0
104.0, 0
104.1, 0
104.2, 0
104.3, 0
104.4, 0
104.5, 0
104.6, 0
104.7, 0
104.8, 0
104.9, 0
105.0, 0
105.1, 0
105.2, 0
105.3, 0
105.4, 0
105.5, 0
105.6, 0
105.7, 0
105.8, 0
105.9, 0
106.0, 0
106.1, 0
106.2, 0
106.3, 0
106.4, 0
106.5, 0
106.6, 0
106.7, 0
106.8, 0
106.9, 0
107.0, 0
107.1, 0
107.2, 0
107.3, 0
107.4, 0
107.5, 0
107.6, 0
107.7, 0
107.8, 0
107.9, 0
108.0, 0
108.1, 0
108.2, 0
108.3, 0
108.4, 0
108.5, 0
108.6, 0
108.7, 0
108.8, 0
108.9, 0
109.0, 0
109.1, 0
109.2, 0
109.3, 0
109.4, 0
109.5, 0
109.6, 0
109.7, 0
109.8, 0
109.9, 0
110.0, 0
110.1, 0
110.2, 0
110.3, 0
110.4, 0
110.5, 0
110.6, 0
110.7, 0
110.8, 0
110.9, 0
111.0, 0
111.1, 0
111.2, 0
111.3, 0
111.4, 0
111.5, 0
111.6, 0
111.7, 0
111.8, 0
111.9, 0
112.0, 0
112.1, 0
112.2, 0
112.3, 0
112.4, 0
112.5, 0
112.6, 0
112.7, 0
112.8, 0
112.9, 0
113.0, 0
113.1, 0
113.2, 0
113.3, 0
113.4, 0
113.5, 0
113.6, 0
113.7, 0
113.8, 0
113.9, 0
114.0, 0
114.1, 0
114.2, 0
114.3, 0
114.4, 0
114.5, 0
114.6, 0
114.7, 0
114.8, 0
114.9, 0
115.0, 0
115.1, 0
115.2, 0
115.3, 0
115.4, 0
115.5, 0
115.6, 0
115.7, 0
115.8, 0
115.9, 0
116.0, 0
116.1, 0
116.2, 0
116.3, 0
116.4, 0
116.5, 0
116.6, 0
116.7, 0
116.8, 0
116.9, 0
117.0, 0
117.1, 0
117.2, 0
117.3, 0
117.4, 0
117.5, 0
117.6, 0
117.7, 0
117.8, 0
117.9, 0
118.0, 0
118.1, 0
118.2, 0
118.3, 0
118.4, 0
118.5, 0
118.6, 0
118.7, 0
118.8, 0
118.9, 0
119.0, 0
119.1, 0
119.2, 0
119.3, 0
119.4, 0
119.5, 0
119.6, 0
119.7, 0
119.8, 0
119.9, 0
120.0, 0
120.1, 0
120.2, 0
120.3, 0
120.4, 0
120.5, 0
120.6, 0
120.7, 0
120.8, 0
120.9, 0
121.0, 0
121.1, 0
121.2, 0
121.3, 0
121.4, 0
121.5, 0
121.6, 0
121.7, 0
121.8, 0
121.9, 0
122.0, 0
122.1, 0
122.2, 0
122.3, 0
122.4, 0
122.5, 0
122.6, 0
122.7, 0
122.8, 0
122.9, 0
123.0, 0
123.1, 0
123.2, 0
123.3, 0
123.4, 0
123.5, 0
123.6, 0
123.7, 0
123.8, 0
123.9, 0
124.0, 0
124.1, 0
124.2, 0
124.3, 0
124.4, 0
124.5, 0
124.6, 0
124.7, 0
124.8, 0
124.9, 0
125.0, 0
125.1, 0
125.2, 0
125.3, 0
125.4, 0
125.5, 0
125.6, 0
125.7, 0
125.8, 0
125.9, 0
126.0, 0
126.1, 0
126.2, 0
126.3, 0
126.4, 0
126.5, 0
126.6, 0
126.7, 0
126.8, 0
126.9, 0
127.0, 0
127.1, 0
127.2, 0
127.3, 0
127.4, 0
127.5, 0
127.6, 0
127.7, 0
127.8, 0
127.9, 0
128.0, 0
128.1, 0
128.2, 0
128.3, 0
128.4, 0
128.5, 0
128.6, 0
128.7, 0
128.8, 0
128.9, 0
129.0, 0
129.1, 0
129.2, 0
129.3, 0
129.4, 0
129.5, 0
129.6, 0
129.7, 0
129.8, 0
129.9, 0
130.0, 0
130.1, 0
130.2, 0
130.3, 0
130.4, 0
130.5, 0
130.6, 0
130.7, 0
130.8, 0
130.9, 0
131.0, 0
131.1, 0
131.2, 0
131.3, 0
131.4, 0
131.5, 0
131.6, 0
131.7, 0
131.8, 0
131.9, 0
132.0, 0
132.1, 0
132.2, 0
132.3, 0
132.4, 0
132.5, 0
132.6, 0
132.7, 0
132.8, 0
132.9, 0
133.0, 0
133.1, 0
133.2, 0
133.3, 0
133.4, 0
133.5, 0
133.6, 0
133.7, 0
133.8, 0
133.9, 0
134.0, 0
134.1, 0
134.2, 0
134.3, 0
134.4, 0
134.5, 0
134.6, 0
134.7, 0
134.8, 0
134.9, 0
135.0, 0
135.1, 0
135.2, 0
135.3, 0
135.4, 0
135.5, 0
135.6, 0
135.7, 0
135.8, 0
135.9, 0
136.0, 0
136.1, 0
136.2, 0
136.3, 0
136.4, 0
136.5, 0
136.6, 0
136.7, 0
136.8, 0
136.9, 0
137.0, 0
137.1, 0
137.2, 0
137.3, 0
137.4, 0
137.5, 0
137.6, 0
137.7, 0
137.8, 0
137.9, 0
138.0, 0
138.1, 0
138.2, 0
138.3, 0
138.4, 0
138.5, 0
138.6, 0
138.7, 0
138.8, 0
138.9, 0
139.0, 0
139.1, 0
139.2, 0
139.3, 0
139.4, 0
139.5, 0
139.6, 0
139.7, 0
139.8, 0
139.9, 0
140.0, 0
140.1, 0
140.2, 0
140.3, 0
140.4, 0
140.5, 0
140.6, 0
140.7, 0
140.8, 0
140.9, 0
141.0, 0
141.1, 0
141.2, 0
141.3, 0
141.4, 0
141.5, 0
141.6, 0
141.7, 0
141.8, 0
141.9, 0
142.0, 0
142.1, 0
142.2, 0
142.3, 0
142.4, 0
142.5, 0
142.6, 0
142.7, 0
142.8, 0
142.9, 0
143.0, 0
143.1, 0
143.2, 0
143.3, 0
143.4, 0
143.5, 0
143.6, 0
143.7, 0
143.8, 0
143.9, 0
144.0, 0
144.1, 0
144.2, 0
144.3, 0
144.4, 0
144.5, 0
144.6, 0
144.7, 0
144.8, 0
144.9, 0
145.0, 0
145.1, 0
145.2, 0
145.3, 0
145.4, 0
145.5, 0
145.6, 0
145.7, 0
145.8, 0
145.9, 0
146.0, 0
146.1, 0
146.2, 0
146.3, 0
146.4, 0
146.5, 0
146.6, 0
146.7, 0
146.8, 0
146.9, 0
147.0, 0
147.1, 0
147.2, 0
147.3, 0
147.4, 0
147.5, 0
147.6, 0
147.7, 0
147.8, 0
147.9, 0
148.0, 0
148.1, 0
148.2, 0
148.3, 0
148.4, 0
148.5, 0
148.6, 0
148.7, 0
148.8, 0
148.9, 0
149.0, 0
149.1, 0
149.2, 0
149.3, 0
149.4, 0
149.5, 0
149.6, 0
149.7, 0
149.8, 0
149.9, 0
150.0, 0
150.1, 0
150.2, 0
150.3, 0
150.4, 0
150.5, 0
150.6, 0
150.7, 0
150.8, 0
150.9, 0
151.0, 0
151.1, 0
151.2, 0
151.3, 0
151.4, 0
151.5, 0
151.6, 0
151.7, 0
151.8, 0
151.9, 0
152.0, 0
152.1, 0
152.2, 0
152.3, 0
152.4, 0
152.5, 0
152.6, 0
152.7, 0
152.8, 0
152.9, 0
153.0, 0
153.1, 0
153.2, 0
153.3, 0
153.4, 0
153.5, 0
153.6, 0
153.7, 0
153.8, 0
153.9, 0
154.0, 0
154.1, 0
154.2, 0
154.3, 0
154.4, 0
154.5, 0
154.6, 0
154.7, 0
154.8, 0
154.9, 0
155.0, 0
155.1, 0
155.2, 0
155.3, 0
155.4, 0
155.5, 0
155.6, 0
155.7, 0
155.8, 0
155.9, 0
156.0, 0
156.1, 0
156.2, 0
156.3, 0
156.4, 0
156.5, 0
156.6, 0
156.7, 0
156.8, 0
156.9, 0
157.0, 0
157.1, 0
157.2, 0
157.3, 0
157.4, 0
157.5, 0
157.6, 0
157.7, 0
157.8, 0
157.9, 0
158.0, 0
158.1, 0
158.2, 0
158.3, 0
158.4, 0
158.5, 0
158.6, 0
158.7, 0
158.8, 0
158.9, 0
159.0, 0
159.1, 0
159.2, 0
159.3, 0
159.4, 0
159.5, 0
159.6, 0
159.7, 0
159.8, 0
159.9, 0
160.0, 0
160.1, 0
160.2, 0
160.3, 0
160.4, 0
160.5, 0
160.6, 0
160.7, 0
160.8, 0
160.9, 0
161.0, 0
161.1, 0
161.2, 0
161.3, 0
161.4, 0
161.5, 0
161.6, 0
161.7, 0
161.8, 0
161.9, 0
162.0, 0
162.1, 0
162.2, 0
162.3, 0
162.4, 0
162.5, 0
162.6, 0
162.7, 0
162.8, 0
162.9, 0
163.0, 0
163.1, 0
163.2, 0
163.3, 0
163.4, 0
163.5, 0
163.6, 0
163.7, 0
163.8, 0
163.9, 0
164.0, 0
164.1, 0
164.2, 0
164.3, 0
164.4, 0
164.5, 0
164.6, 0
164.7, 0
164.8, 0
164.9, 0
165.0, 0
165.1, 0
165.2, 0
165.3, 0
165.4, 0
165.5, 0
165.6, 0
165.7, 0
165.8, 0
165.9, 0
166.0, 0
166.1, 0
166.2, 0
166.3, 0
166.4, 0
166.5, 0
166.6, 0
166.7, 0
166.8, 0
166.9, 0
167.0, 0
167.1, 0
167.2, 0
167.3, 0
167.4, 0
167.5, 0
167.6, 0
167.7, 0
167.8, 0
167.9, 0
168.0, 0
168.1, 0
168.2, 0
168.3, 0
168.4, 0
168.5, 0
168.6, 0
168.7, 0
168.8, 0
168.9, 0
169.0, 0
169.1, 0
169.2, 0
169.3, 0
169.4, 0
169.5, 0
169.6, 0
169.7, 0
169.8, 0
169.9, 0
170.0, 0
170.1, 0
170.2, 0
170.3, 0
170.4, 0
170.5, 0
170.6, 0
170.7, 0
170.8, 0
170.9, 0
171.0, 0
171.1, 0
171.2, 0
171.3, 0
171.4, 0
171.5, 0
171.6, 0
171.7, 0
171.8, 0
171.9, 0
172.0, 0
172.1, 0
172.2, 0
172.3, 0
172.4, 0
172.5, 0
172.6, 0
172.7, 0
172.8, 0
172.9, 0
173.0, 0
173.1, 0
173.2, 0
173.3, 0
173.4, 0
173.5, 0
173.6, 0
173.7, 0
173.8, 0
173.9, 0
174.0, 0
174.1, 0
174.2, 0
174.3, 0
174.4, 0
174.5, 0
174.6, 0
174.7, 0
174.8, 0
174.9, 0
175.0, 0
175.1, 0
175.2, 0
175.3, 0
175.4, 0
175.5, 0
175.6, 0
175.7, 0
175.8, 0
175.9, 0
176.0, 0
176.1, 0
176.2, 0
176.3, 0
176.4, 0
176.5, 0
176.6, 0
176.7, 0
176.8, 0
176.9, 0
177.0, 0
177.1, 0
177.2, 0
177.3, 0
177.4, 0
177.5, 0
177.6, 0
177.7, 0
177.8, 0
177.9, 0
178.0, 0
178.1, 0
178.2, 0
178.3, 0
178.4, 0
178.5, 0
178.6, 0
178.7, 0
178.8, 0
178.9, 0
179.0, 0
179.1, 0
179.2, 0
179.3, 0
179.4, 0
179.5, 0
179.6, 0
179.7, 0
179.8, 0
179.9, 0
180.0, 0
180.1, 0
180.2, 0
180.3, 0
180.4, 0
180.5, 0
180.6, 0
180.7, 0
180.8, 0
180.9, 0
181.0, 0
181.1, 0
181.2, 0
181.3, 0
181.4, 0
181.5, 0
181.6, 0
181.7, 0
181.8, 0
181.9, 0
182.0, 0
182.1, 0
182.2, 0
182.3, 0
182.4, 0
182.5, 0
182.6, 0
182.7, 0
182.8, 0
182.9, 0
183.0, 0
183.1, 0
183.2, 0
183.3, 0
183.4, 0
183.5, 0
183.6, 0
183.7, 0
183.8, 0
183.9, 0
184.0, 0
184.1, 0
184.2, 0
184.3, 0
184.4, 0
184.5, 1
184.6, 1
184.7, 0
184.8, 0
184.9, 0
185.0, 0
185.1, 0
185.2, 0
185.3, 1
185.4, 0
185.5, 0
185.6, 0
185.7, 0
185.8, 0
185.9, 0
186.0, 0
186.1, 0
186.2, 0
186.3, 0
186.4, 0
186.5, 0
186.6, 0
186.7, 0
186.8, 0
186.9, 0
187.0, 0
187.1, 0
187.2, 0
187.3, 0
187.4, 0
187.5, 0
187.6, 0
187.7, 0
187.8, 0
187.9, 0
188.0, 0
188.1, 0
188.2, 0
188.3, 0
188.4, 0
188.5, 0
188.6, 0
188.7, 0
188.8, 0
188.9, 0
189.0, 0
189.1, 0
189.2, 0
189.3, 0
189.4, 0
189.5, 0
189.6, 0
189.7, 0
189.8, 0
189.9, 0
190.0, 0
190.1, 0
190.2, 0
190.3, 0
190.4, 0
190.5, 0
190.6, 0
190.7, 0
190.8, 0
190.9, 0
191.0, 0
191.1, 0
191.2, 0
191.3, 1
191.4, 2
191.5, 0
191.6, 1
191.7, 0
191.8, 0
191.9, 0
192.0, 0
192.1, 0
192.2, 0
192.3, 0
192.4, 0
192.5, 0
192.6, 0
192.7, 0
192.8, 0
192.9, 0
193.0, 0
193.1, 0
193.2, 1
193.3, 0
193.4, 0
193.5, 0
193.6, 0
193.7, 0
193.8, 1
193.9, 0
194.0, 0
194.1, 1
194.2, 0
194.3, 0
194.4, 0
194.5, 0
194.6, 1
194.7, 0
194.8, 0
194.9, 0
195.0, 0
195.1, 0
195.2, 0
195.3, 0
195.4, 0
195.5, 0
195.6, 0
195.7, 1
195.8, 0
195.9, 1
196.0, 0
196.1, 0
196.2, 0
196.3, 0
196.4, 0
196.5, 0
196.6, 0
196.7, 0
196.8, 0
196.9, 0
197.0, 0
197.1, 0
197.2, 0
197.3, 0
197.4, 0
197.5, 1
197.6, 0
197.7, 0
197.8, 0
197.9, 0
198.0, 0
198.1, 0
198.2, 0
198.3, 3
198.4, 1
198.5, 0
198.6, 1
198.7, 0
198.8, 1
198.9, 0
199.0, 0
199.1, 0
199.2, 0
199.3, 0
199.4, 0
199.5, 1
199.6, 0
199.7, 0
199.8, 0
199.9, 0
200.0, 0
200.1, 0
200.2, 0
200.3, 0
200.4, 0
200.5, 0
200.6, 0
200.7, 0
200.8, 0
200.9, 0
201.0, 0
201.1, 0
201.2, 0
201.3, 0
201.4, 0
201.5, 0
201.6, 0
201.7, 0
201.8, 0
201.9, 0
202.0, 1
202.1, 0
202.2, 0
202.3, 1
202.4, 1
202.5, 0
202.6, 0
202.7, 2
202.8, 1
202.9, 1
203.0, 3
203.1, 0
203.2, 0
203.3, 0
203.4, 0
203.5, 0
203.6, 0
203.7, 0
203.8, 0
203.9, 0
204.0, 0
204.1, 0
204.2, 0
204.3, 0
204.4, 0
204.5, 0
204.6, 0
204.7, 0
204.8, 1
204.9, 0
205.0, 0
205.1, 0
205.2, 0
205.3, 0
205.4, 0
205.5, 0
205.6, 0
205.7, 0
205.8, 0
205.9, 0
206.0, 1
206.1, 0
206.2, 0
206.3, 0
206.4, 0
206.5, 1
206.6, 0
206.7, 0
206.8, 0
206.9, 0
207.0, 0
207.1, 1
207.2, 0
207.3, 1
207.4, 0
207.5, 0
207.6, 0
207.7, 0
207.8, 0
207.9, 0
208.0, 0
208.1, 0
208.2, 0
208.3, 0
208.4, 0
208.5, 0
208.6, 0
208.7, 0
208.8, 0
208.9, 0
209.0, 2
209.1, 0
209.2, 1
209.3, 0
209.4, 0
209.5, 1
209.6, 0
209.7, 1
209.8, 0
209.9, 1
210.0, 0
210.1, 1
210.2, 1
210.3, 0
210.4, 0
210.5, 0
210.6, 0
210.7, 1
210.8, 1
210.9, 1
211.0, 2
211.1, 0
211.2, 1
211.3, 1
211.4, 0
211.5, 0
211.6, 0
211.7, 0
211.8, 0
211.9, 0
212.0, 0
212.1, 0
212.2, 0
212.3, 0
212.4, 0
212.5, 1
212.6, 0
212.7, 0
212.8, 0
212.9, 0
213.0, 0
213.1, 0
213.2, 0
213.3, 0
213.4, 0
213.5, 0
213.6, 0
213.7, 0
213.8, 0
213.9, 0
214.0, 0
214.1, 0
214.2, 0
214.3, 0
214.4, 0
214.5, 0
214.6, 0
214.7, 0
214.8, 0
214.9, 0
215.0, 0
215.1, 0
215.2, 0
215.3, 0
215.4, 0
215.5, 0
215.6, 0
215.7, 0
215.8, 0
215.9, 0
216.0, 0
216.1, 0
216.2, 0
216.3, 0
216.4, 0
216.5, 0
216.6, 0
216.7, 0
216.8, 0
216.9, 0
217.0, 0
217.1, 0
217.2, 0
217.3, 0
217.4, 0
217.5, 0
217.6, 1
217.7, 0
217.8, 0
217.9, 1
218.0, 1
218.1, 0
218.2, 0
218.3, 0
218.4, 0
218.5, 0
218.6, 0
218.7, 2
218.8, 0
218.9, 0
219.0, 0
219.1, 0
219.2, 0
219.3, 1
219.4, 0
219.5, 0
219.6, 1
219.7, 0
219.8, 0
219.9, 0
220.0, 0
220.1, 0
220.2, 0
220.3, 0
220.4, 0
220.5, 0
220.6, 0
220.7, 0
220.8, 0
220.9, 0
221.0, 0
221.1, 0
221.2, 0
221.3, 0
221.4, 0
221.5, 0
221.6, 0
221.7, 0
221.8, 0
221.9, 0
222.0, 0
222.1, 0
222.2, 0
222.3, 0
222.4, 0
222.5, 0
222.6, 0
222.7, 0
222.8, 0
222.9, 0
223.0, 0
223.1, 0
223.2, 1
223.3, 0
223.4, 0
223.5, 0
223.6, 0
223.7, 0
223.8, 0
223.9, 0
224.0, 1
224.1, 1
224.2, 2
224.3, 0
224.4, 0
224.5, 0
224.6, 1
224.7, 0
224.8, 0
224.9, 1
225.0, 1
225.1, 0
225.2, 1
225.3, 1
225.4, 0
225.5, 0
225.6, 0
225.7, 0
225.8, 0
225.9, 0
226.0, 0
226.1, 0
226.2, 0
226.3, 0
226.4, 0
226.5, 0
226.6, 0
226.7, 0
226.8, 0
226.9, 0
227.0, 0
227.1, 0
227.2, 0
227.3, 0
227.4, 0
227.5, 0
227.6, 0
227.7, 0
227.8, 0
227.9, 0
228.0, 0
228.1, 0
228.2, 0
228.3, 0
228.4, 0
228.5, 0
228.6, 0
228.7, 0
228.8, 0
228.9, 0
229.0, 0
229.1, 0
229.2, 0
229.3, 0
229.4, 0
229.5, 0
229.6, 0
229.7, 0
229.8, 0
229.9, 0
230.0, 0
230.1, 0
230.2, 0
230.3, 0
230.4, 0
230.5, 0
230.6, 0
230.7, 0
230.8, 0
230.9, 0
231.0, 0
231.1, 0
231.2, 0
231.3, 0
231.4, 0
231.5, 0
231.6, 0
231.7, 0
231.8, 0
231.9, 1
232.0, 0
232.1, 0
232.2, 0
232.3, 0
232.4, 1
232.5, 0
232.6, 1
