Elapsed Time, AVG Throughput, AVG Queue Size, AVG Waiting Time, AVG Service Time, AVG Response Time, AVG SET Response Time, AVG GET Response Time, AVG MULTI-GET Response Time, #SETS, #GETS, #MULTIGETS, GET MissRatio, MULTI-GET MissRatio, AVG MULTI-GET Size
 5.00, 3784, 49, 13.308232, 1.833426, 15.220050, 15.220050, 0.000000, 0.000000, 18921, 0, 0, 0.00, 0.00, 0
10.00, 3929, 50, 13.250735, 1.908989, 15.208698, 15.208698, 0.000000, 0.000000, 19648, 0, 0, 0.00, 0.00, 0
15.00, 3941, 51, 13.243871, 1.901019, 15.201675, 15.201675, 0.000000, 0.000000, 19709, 0, 0, 0.00, 0.00, 0
20.00, 4400, 47, 11.323408, 1.691454, 13.060110, 13.060110, 0.000000, 0.000000, 22001, 0, 0, 0.00, 0.00, 0
25.00, 4455, 48, 11.224931, 1.668858, 12.937337, 12.937337, 0.000000, 0.000000, 22277, 0, 0, 0.00, 0.00, 0
30.00, 4333, 48, 11.598161, 1.722111, 13.368031, 13.368031, 0.000000, 0.000000, 21666, 0, 0, 0.00, 0.00, 0
35.00, 4469, 47, 11.105456, 1.651671, 12.815591, 12.815591, 0.000000, 0.000000, 22349, 0, 0, 0.00, 0.00, 0
40.00, 4333, 48, 11.508675, 1.716009, 13.280202, 13.280202, 0.000000, 0.000000, 21665, 0, 0, 0.00, 0.00, 0
45.00, 4415, 47, 11.265187, 1.673982, 12.990971, 12.990971, 0.000000, 0.000000, 22079, 0, 0, 0.00, 0.00, 0
50.00, 4425, 47, 11.214293, 1.679743, 12.945122, 12.945122, 0.000000, 0.000000, 22128, 0, 0, 0.00, 0.00, 0
55.00, 4395, 48, 11.360090, 1.688624, 13.098752, 13.098752, 0.000000, 0.000000, 21976, 0, 0, 0.00, 0.00, 0
60.00, 4305, 48, 11.676471, 1.731085, 13.461523, 13.461523, 0.000000, 0.000000, 21526, 0, 0, 0.00, 0.00, 0
65.00, 4179, 48, 12.063283, 1.788943, 13.904989, 13.904989, 0.000000, 0.000000, 20897, 0, 0, 0.00, 0.00, 0
70.00, 4259, 48, 11.970616, 1.744062, 13.769356, 13.769356, 0.000000, 0.000000, 21297, 0, 0, 0.00, 0.00, 0
70.00, 122, 17, 4.389299, 1.332139, 5.819551, 5.819551, 0.000000, 0.000000, 613, 0, 0, 0.00, 0.00, 0
Interval, Responses
0.1, 0
0.2, 0
0.3, 0
0.4, 0
0.5, 3
0.6, 10
0.7, 34
0.8, 74
0.9, 83
1.0, 72
1.1, 62
1.2, 64
1.3, 79
1.4, 93
1.5, 95
1.6, 114
1.7, 88
1.8, 134
1.9, 134
2.0, 125
2.1, 142
2.2, 141
2.3, 194
2.4, 144
2.5, 176
2.6, 191
2.7, 187
2.8, 161
2.9, 196
3.0, 164
3.1, 176
3.2, 214
3.3, 194
3.4, 207
3.5, 212
3.6, 205
3.7, 142
3.8, 198
3.9, 242
4.0, 234
4.1, 234
4.2, 256
4.3, 264
4.4, 197
4.5, 192
4.6, 227
4.7, 264
4.8, 279
4.9, 265
5.0, 220
5.1, 233
5.2, 236
5.3, 249
5.4, 266
5.5, 270
5.6, 273
5.7, 241
5.8, 252
5.9, 244
6.0, 312
6.1, 311
6.2, 361
6.3, 358
6.4, 348
6.5, 371
6.6, 398
6.7, 462
6.8, 569
6.9, 546
7.0, 563
7.1, 589
7.2, 675
7.3, 758
7.4, 837
7.5, 940
7.6, 979
7.7, 967
7.8, 1018
7.9, 1131
8.0, 1311
8.1, 1321
8.2, 1428
8.3, 1450
8.4, 1584
8.5, 1536
8.6, 1703
8.7, 1673
8.8, 1891
8.9, 1822
9.0, 1904
9.1, 2002
9.2, 1929
9.3, 2024
9.4, 2206
9.5, 2132
9.6, 2147
9.7, 2308
9.8, 2301
9.9, 2392
10.0, 2416
10.1, 2574
10.2, 2428
10.3, 2364
10.4, 2492
10.5, 2650
10.6, 2587
10.7, 2846
10.8, 2706
10.9, 2548
11.0, 2577
11.1, 2478
11.2, 2507
11.3, 2616
11.4, 2624
11.5, 2593
11.6, 2701
11.7, 2550
11.8, 2492
11.9, 2452
12.0, 2528
12.1, 2748
12.2, 2616
12.3, 2518
12.4, 2421
12.5, 2554
12.6, 2544
12.7, 2533
12.8, 2557
12.9, 2510
13.0, 2673
13.1, 2867
13.2, 2724
13.3, 2789
13.4, 2829
13.5, 3033
13.6, 3041
13.7, 3266
13.8, 3334
13.9, 3410
14.0, 3362
14.1, 3539
14.2, 3590
14.3, 3604
14.4, 3547
14.5, 3506
14.6, 3566
14.7, 3440
14.8, 3283
14.9, 3479
15.0, 3364
15.1, 3219
15.2, 3009
15.3, 2963
15.4, 2858
15.5, 2689
15.6, 2706
15.7, 2574
15.8, 2254
15.9, 2118
16.0, 2111
16.1, 1978
16.2, 1895
16.3, 1911
16.4, 1707
16.5, 1514
16.6, 1478
16.7, 1346
16.8, 1193
16.9, 1172
17.0, 1167
17.1, 1153
17.2, 1026
17.3, 1076
17.4, 1021
17.5, 980
17.6, 967
17.7, 944
17.8, 863
17.9, 861
18.0, 790
18.1, 881
18.2, 879
18.3, 769
18.4, 797
18.5, 678
18.6, 763
18.7, 788
18.8, 748
18.9, 814
19.0, 846
19.1, 899
19.2, 857
19.3, 905
19.4, 912
19.5, 876
19.6, 828
19.7, 797
19.8, 797
19.9, 712
20.0, 636
20.1, 692
20.2, 718
20.3, 723
20.4, 651
20.5, 693
20.6, 709
20.7, 714
20.8, 692
20.9, 678
21.0, 698
21.1, 648
21.2, 679
21.3, 726
21.4, 639
21.5, 658
21.6, 659
21.7, 666
21.8, 626
21.9, 607
22.0, 627
22.1, 533
22.2, 557
22.3, 549
22.4, 578
22.5, 501
22.6, 432
22.7, 418
22.8, 455
22.9, 397
23.0, 343
23.1, 380
23.2, 352
23.3, 342
23.4, 283
23.5, 337
23.6, 267
23.7, 266
23.8, 199
23.9, 207
24.0, 187
24.1, 170
24.2, 166
24.3, 142
24.4, 147
24.5, 130
24.6, 131
24.7, 118
24.8, 90
24.9, 66
25.0, 75
25.1, 114
25.2, 101
25.3, 85
25.4, 66
25.5, 83
25.6, 85
25.7, 73
25.8, 75
25.9, 80
26.0, 83
26.1, 68
26.2, 61
26.3, 77
26.4, 76
26.5, 85
26.6, 87
26.7, 67
26.8, 62
26.9, 75
27.0, 67
27.1, 76
27.2, 87
27.3, 57
27.4, 60
27.5, 68
27.6, 57
27.7, 54
27.8, 63
27.9, 38
28.0, 52
28.1, 51
28.2, 45
28.3, 52
28.4, 52
28.5, 51
28.6, 55
28.7, 61
28.8, 45
28.9, 52
29.0, 47
29.1, 33
29.2, 46
29.3, 43
29.4, 36
29.5, 20
29.6, 17
29.7, 18
29.8, 24
29.9, 25
30.0, 13
30.1, 16
30.2, 26
30.3, 24
30.4, 25
30.5, 10
30.6, 13
30.7, 19
30.8, 21
30.9, 14
31.0, 8
31.1, 17
31.2, 19
31.3, 10
31.4, 11
31.5, 12
31.6, 25
31.7, 22
31.8, 14
31.9, 14
32.0, 11
32.1, 15
32.2, 17
32.3, 16
32.4, 18
32.5, 17
32.6, 8
32.7, 17
32.8, 8
32.9, 11
33.0, 5
33.1, 6
33.2, 12
33.3, 12
33.4, 7
33.5, 6
33.6, 12
33.7, 16
33.8, 14
33.9, 6
34.0, 6
34.1, 11
34.2, 10
34.3, 12
34.4, 6
34.5, 9
34.6, 6
34.7, 6
34.8, 16
34.9, 15
35.0, 11
35.1, 12
35.2, 5
35.3, 6
35.4, 7
35.5, 20
35.6, 10
35.7, 7
35.8, 15
35.9, 11
36.0, 20
36.1, 10
36.2, 15
36.3, 9
36.4, 3
36.5, 9
36.6, 9
36.7, 13
36.8, 11
36.9, 9
37.0, 9
37.1, 12
37.2, 4
37.3, 7
37.4, 10
37.5, 3
37.6, 1
37.7, 6
37.8, 14
37.9, 3
38.0, 2
38.1, 1
38.2, 1
38.3, 0
38.4, 2
38.5, 2
38.6, 12
38.7, 6
38.8, 1
38.9, 4
39.0, 0
39.1, 1
39.2, 1
39.3, 7
39.4, 2
39.5, 1
39.6, 0
39.7, 1
39.8, 1
39.9, 3
40.0, 1
40.1, 3
40.2, 14
40.3, 7
40.4, 6
40.5, 8
40.6, 4
40.7, 9
40.8, 10
40.9, 19
41.0, 11
41.1, 5
41.2, 3
41.3, 1
41.4, 5
41.5, 6
41.6, 6
41.7, 8
41.8, 7
41.9, 4
42.0, 2
42.1, 2
42.2, 12
42.3, 15
42.4, 6
42.5, 8
42.6, 0
42.7, 0
42.8, 2
42.9, 2
43.0, 5
43.1, 0
43.2, 2
43.3, 9
43.4, 4
43.5, 2
43.6, 2
43.7, 2
43.8, 2
43.9, 3
44.0, 5
44.1, 1
44.2, 6
44.3, 11
44.4, 0
44.5, 0
44.6, 3
44.7, 1
44.8, 2
44.9, 3
45.0, 0
45.1, 0
45.2, 0
45.3, 0
45.4, 4
45.5, 3
45.6, 0
45.7, 1
45.8, 1
45.9, 0
46.0, 0
46.1, 0
46.2, 5
46.3, 1
46.4, 0
46.5, 4
46.6, 1
46.7, 1
46.8, 4
46.9, 4
47.0, 6
47.1, 5
47.2, 2
47.3, 2
47.4, 8
47.5, 8
47.6, 6
47.7, 0
47.8, 2
47.9, 3
48.0, 2
48.1, 3
48.2, 1
48.3, 0
48.4, 0
48.5, 0
48.6, 2
48.7, 0
48.8, 0
48.9, 2
49.0, 0
49.1, 4
49.2, 0
49.3, 1
49.4, 0
49.5, 0
49.6, 0
49.7, 1
49.8, 3
49.9, 2
50.0, 2
50.1, 3
50.2, 0
50.3, 0
50.4, 0
50.5, 0
50.6, 0
50.7, 0
50.8, 4
50.9, 3
51.0, 2
51.1, 2
51.2, 3
51.3, 1
51.4, 0
51.5, 2
51.6, 1
51.7, 4
51.8, 4
51.9, 3
52.0, 1
52.1, 1
52.2, 3
52.3, 1
52.4, 2
52.5, 2
52.6, 0
52.7, 0
52.8, 1
52.9, 3
53.0, 0
53.1, 0
53.2, 0
53.3, 0
53.4, 0
53.5, 0
53.6, 0
53.7, 8
53.8, 1
53.9, 1
54.0, 0
54.1, 2
54.2, 4
54.3, 0
54.4, 0
54.5, 0
54.6, 2
54.7, 0
54.8, 0
54.9, 1
55.0, 0
55.1, 1
55.2, 0
55.3, 1
55.4, 0
55.5, 1
55.6, 1
55.7, 2
55.8, 1
55.9, 1
56.0, 0
56.1, 1
56.2, 0
56.3, 0
56.4, 3
56.5, 2
56.6, 2
56.7, 2
56.8, 2
56.9, 0
57.0, 4
57.1, 0
57.2, 1
57.3, 3
57.4, 1
57.5, 3
57.6, 1
57.7, 3
57.8, 3
57.9, 3
58.0, 2
58.1, 0
58.2, 3
58.3, 6
58.4, 0
58.5, 2
58.6, 2
58.7, 1
58.8, 0
58.9, 0
59.0, 0
59.1, 0
59.2, 0
59.3, 0
59.4, 0
59.5, 0
59.6, 0
59.7, 0
59.8, 0
59.9, 0
60.0, 0
60.1, 0
60.2, 0
60.3, 0
60.4, 0
60.5, 0
60.6, 0
60.7, 0
60.8, 0
60.9, 0
61.0, 0
61.1, 0
61.2, 0
61.3, 0
61.4, 0
61.5, 0
61.6, 0
61.7, 1
61.8, 0
61.9, 0
62.0, 0
62.1, 1
62.2, 0
62.3, 0
62.4, 0
62.5, 0
62.6, 0
62.7, 0
62.8, 1
62.9, 0
63.0, 3
63.1, 1
63.2, 0
63.3, 0
63.4, 0
63.5, 0
63.6, 0
63.7, 4
63.8, 2
63.9, 0
64.0, 0
64.1, 0
64.2, 0
64.3, 2
64.4, 5
64.5, 4
64.6, 1
64.7, 0
64.8, 1
64.9, 1
65.0, 4
65.1, 1
65.2, 1
65.3, 4
65.4, 0
65.5, 0
65.6, 0
65.7, 0
65.8, 0
65.9, 0
66.0, 0
66.1, 0
66.2, 0
66.3, 0
66.4, 0
66.5, 0
66.6, 0
66.7, 0
66.8, 0
66.9, 0
67.0, 0
67.1, 0
67.2, 0
67.3, 0
67.4, 0
67.5, 0
67.6, 0
67.7, 0
67.8, 0
67.9, 0
68.0, 0
68.1, 0
68.2, 0
68.3, 0
68.4, 0
68.5, 0
68.6, 0
68.7, 0
68.8, 0
68.9, 0
69.0, 0
69.1, 0
69.2, 0
69.3, 0
69.4, 0
69.5, 0
69.6, 0
69.7, 0
69.8, 0
69.9, 0
70.0, 0
70.1, 0
70.2, 0
70.3, 0
70.4, 0
70.5, 0
70.6, 0
70.7, 0
70.8, 0
70.9, 0
71.0, 0
71.1, 0
71.2, 0
71.3, 1
71.4, 0
71.5, 0
71.6, 3
71.7, 0
71.8, 0
71.9, 0
72.0, 0
72.1, 0
72.2, 0
72.3, 0
72.4, 0
72.5, 0
72.6, 0
72.7, 0
72.8, 0
72.9, 0
73.0, 0
73.1, 0
73.2, 0
73.3, 0
73.4, 0
73.5, 0
73.6, 0
73.7, 0
73.8, 0
73.9, 0
74.0, 0
74.1, 0
74.2, 0
74.3, 0
74.4, 0
74.5, 0
74.6, 0
74.7, 0
74.8, 0
74.9, 0
75.0, 0
75.1, 0
75.2, 0
75.3, 0
75.4, 0
75.5, 0
75.6, 0
75.7, 0
75.8, 0
75.9, 0
76.0, 0
76.1, 0
76.2, 0
76.3, 0
76.4, 0
76.5, 0
76.6, 0
76.7, 0
76.8, 0
76.9, 0
77.0, 0
77.1, 0
77.2, 0
77.3, 0
77.4, 0
77.5, 0
77.6, 0
77.7, 0
77.8, 0
77.9, 0
78.0, 0
78.1, 0
78.2, 0
78.3, 0
78.4, 0
78.5, 0
78.6, 0
78.7, 0
78.8, 0
78.9, 0
79.0, 0
79.1, 0
79.2, 0
79.3, 0
79.4, 0
79.5, 0
79.6, 0
79.7, 0
79.8, 0
79.9, 0
80.0, 0
80.1, 0
80.2, 0
80.3, 0
80.4, 0
80.5, 0
80.6, 0
80.7, 0
80.8, 0
80.9, 0
81.0, 0
81.1, 0
81.2, 0
81.3, 0
81.4, 0
81.5, 0
81.6, 0
81.7, 0
81.8, 0
81.9, 0
82.0, 0
82.1, 0
82.2, 0
82.3, 0
82.4, 0
82.5, 0
82.6, 0
82.7, 0
82.8, 0
82.9, 0
83.0, 0
83.1, 0
83.2, 0
83.3, 0
83.4, 0
83.5, 0
83.6, 0
83.7, 0
83.8, 0
83.9, 0
84.0, 0
84.1, 0
84.2, 0
84.3, 0
84.4, 0
84.5, 0
84.6, 0
84.7, 0
84.8, 0
84.9, 0
85.0, 0
85.1, 0
85.2, 0
85.3, 0
85.4, 0
85.5, 0
85.6, 0
85.7, 0
85.8, 0
85.9, 0
86.0, 0
86.1, 0
86.2, 0
86.3, 0
86.4, 0
86.5, 0
86.6, 0
86.7, 0
86.8, 0
86.9, 0
87.0, 0
87.1, 0
87.2, 0
87.3, 0
87.4, 0
87.5, 0
87.6, 0
87.7, 0
87.8, 0
87.9, 0
88.0, 0
88.1, 0
88.2, 0
88.3, 0
88.4, 0
88.5, 0
88.6, 0
88.7, 0
88.8, 0
88.9, 0
89.0, 0
89.1, 0
89.2, 0
89.3, 0
89.4, 0
89.5, 0
89.6, 0
89.7, 0
89.8, 0
89.9, 0
90.0, 0
90.1, 0
90.2, 0
90.3, 0
90.4, 0
90.5, 0
90.6, 0
90.7, 0
90.8, 0
90.9, 0
91.0, 0
91.1, 0
91.2, 0
91.3, 0
91.4, 0
91.5, 0
91.6, 0
91.7, 0
91.8, 0
91.9, 0
92.0, 0
92.1, 0
92.2, 0
92.3, 0
92.4, 0
92.5, 0
92.6, 0
92.7, 0
92.8, 0
92.9, 0
93.0, 0
93.1, 0
93.2, 0
93.3, 0
93.4, 0
93.5, 0
93.6, 0
93.7, 0
93.8, 0
93.9, 0
94.0, 0
94.1, 0
94.2, 0
94.3, 0
94.4, 0
94.5, 0
94.6, 0
94.7, 0
94.8, 0
94.9, 0
95.0, 0
95.1, 0
95.2, 0
95.3, 0
95.4, 0
95.5, 0
95.6, 0
95.7, 0
95.8, 0
95.9, 0
96.0, 0
96.1, 0
96.2, 0
96.3, 0
96.4, 0
96.5, 0
96.6, 0
96.7, 0
96.8, 0
96.9, 0
97.0, 0
97.1, 0
97.2, 0
97.3, 0
97.4, 0
97.5, 0
97.6, 0
97.7, 0
97.8, 0
97.9, 0
98.0, 0
98.1, 0
98.2, 0
98.3, 0
98.4, 0
98.5, 0
98.6, 0
98.7, 0
98.8, 0
98.9, 0
99.0, 0
99.1, 0
99.2, 0
99.3, 0
99.4, 0
99.5, 0
99.6, 0
99.7, 0
99.8, 0
99.9, 0
100.0, 0
100.1, 0
100.2, 0
100.3, 0
100.4, 0
100.5, 0
100.6, 0
100.7, 0
100.8, 0
100.9, 0
101.0, 0
101.1, 0
101.2, 0
101.3, 0
101.4, 0
101.5, 0
101.6, 0
101.7, 0
101.8, 0
101.9, 0
102.0, 0
102.1, 0
102.2, 0
102.3, 0
102.4, 0
102.5, 0
102.6, 0
102.7, 0
102.8, 0
102.9, 0
103.0, 0
103.1, 0
103.2, 0
103.3, 0
103.4, 0
103.5, 0
103.6, 0
103.7, 0
103.8, 0
103.9, 0
104.0, 0
104.1, 0
104.2, 0
104.3, 0
104.4, 0
104.5, 0
104.6, 0
104.7, 0
104.8, 0
104.9, 0
105.0, 0
105.1, 0
105.2, 0
105.3, 0
105.4, 0
105.5, 0
105.6, 0
105.7, 0
105.8, 0
105.9, 0
106.0, 0
106.1, 0
106.2, 0
106.3, 0
106.4, 0
106.5, 0
106.6, 0
106.7, 0
106.8, 0
106.9, 0
107.0, 0
107.1, 0
107.2, 0
107.3, 0
107.4, 0
107.5, 0
107.6, 0
107.7, 0
107.8, 0
107.9, 0
108.0, 0
108.1, 0
108.2, 0
108.3, 0
108.4, 0
108.5, 0
108.6, 0
108.7, 0
108.8, 0
108.9, 0
109.0, 0
109.1, 0
109.2, 0
109.3, 0
109.4, 0
109.5, 0
109.6, 0
109.7, 0
109.8, 0
109.9, 0
110.0, 0
110.1, 0
110.2, 0
110.3, 0
110.4, 0
110.5, 0
110.6, 0
110.7, 0
110.8, 0
110.9, 0
111.0, 0
111.1, 0
111.2, 0
111.3, 0
111.4, 0
111.5, 0
111.6, 0
111.7, 0
111.8, 0
111.9, 0
112.0, 0
112.1, 0
112.2, 0
112.3, 0
112.4, 0
112.5, 0
112.6, 0
112.7, 0
112.8, 0
112.9, 0
113.0, 0
113.1, 0
113.2, 0
113.3, 0
113.4, 0
113.5, 0
113.6, 0
113.7, 0
113.8, 0
113.9, 0
114.0, 0
114.1, 0
114.2, 0
114.3, 0
114.4, 0
114.5, 0
114.6, 0
114.7, 0
114.8, 0
114.9, 0
115.0, 0
115.1, 0
115.2, 0
115.3, 0
115.4, 0
115.5, 0
115.6, 0
115.7, 0
115.8, 0
115.9, 0
116.0, 0
116.1, 0
116.2, 0
116.3, 0
116.4, 0
116.5, 0
116.6, 1
116.7, 0
116.8, 1
116.9, 0
117.0, 1
117.1, 2
117.2, 2
117.3, 1
117.4, 0
117.5, 2
117.6, 1
117.7, 0
117.8, 2
117.9, 0
118.0, 0
118.1, 1
118.2, 0
118.3, 0
118.4, 0
118.5, 1
118.6, 1
118.7, 0
118.8, 0
118.9, 0
119.0, 0
119.1, 0
119.2, 0
119.3, 0
119.4, 0
119.5, 0
119.6, 0
119.7, 0
119.8, 0
119.9, 0
120.0, 0
120.1, 0
120.2, 0
120.3, 0
120.4, 0
120.5, 1
120.6, 1
120.7, 0
120.8, 0
120.9, 0
121.0, 0
121.1, 0
121.2, 0
121.3, 0
121.4, 1
121.5, 0
121.6, 0
121.7, 0
121.8, 0
121.9, 0
122.0, 1
122.1, 0
122.2, 0
122.3, 0
122.4, 0
122.5, 0
122.6, 0
122.7, 0
122.8, 0
122.9, 0
123.0, 0
123.1, 0
123.2, 0
123.3, 0
123.4, 1
123.5, 0
123.6, 2
123.7, 0
123.8, 0
123.9, 0
124.0, 0
124.1, 0
124.2, 0
124.3, 0
124.4, 0
124.5, 0
124.6, 0
124.7, 0
124.8, 0
124.9, 0
125.0, 0
125.1, 0
125.2, 0
125.3, 0
125.4, 0
125.5, 0
125.6, 0
125.7, 0
125.8, 0
125.9, 0
126.0, 0
126.1, 0
126.2, 1
126.3, 0
126.4, 0
126.5, 0
126.6, 0
126.7, 0
126.8, 0
126.9, 0
127.0, 0
127.1, 0
127.2, 0
127.3, 0
127.4, 0
127.5, 0
127.6, 0
127.7, 0
127.8, 0
127.9, 0
128.0, 0
128.1, 0
128.2, 0
128.3, 0
128.4, 0
128.5, 0
128.6, 0
128.7, 0
128.8, 0
128.9, 0
129.0, 0
129.1, 0
129.2, 0
129.3, 0
129.4, 0
129.5, 0
129.6, 0
129.7, 0
129.8, 0
129.9, 0
130.0, 0
130.1, 0
130.2, 0
130.3, 0
130.4, 0
130.5, 0
130.6, 0
130.7, 0
130.8, 0
130.9, 0
131.0, 0
131.1, 0
131.2, 0
131.3, 0
131.4, 0
131.5, 0
131.6, 0
131.7, 0
131.8, 0
131.9, 0
132.0, 0
132.1, 0
132.2, 0
132.3, 0
132.4, 0
132.5, 0
132.6, 0
132.7, 0
132.8, 0
132.9, 0
133.0, 0
133.1, 0
133.2, 0
133.3, 0
133.4, 0
133.5, 0
133.6, 0
133.7, 0
133.8, 0
133.9, 0
134.0, 0
134.1, 0
134.2, 0
134.3, 0
134.4, 0
134.5, 0
134.6, 0
134.7, 0
134.8, 0
134.9, 0
135.0, 0
135.1, 0
135.2, 0
135.3, 0
135.4, 0
135.5, 0
135.6, 0
135.7, 0
135.8, 0
135.9, 0
136.0, 0
136.1, 0
136.2, 0
136.3, 0
136.4, 0
136.5, 0
136.6, 0
136.7, 0
136.8, 0
136.9, 0
137.0, 0
137.1, 0
137.2, 0
137.3, 0
137.4, 0
137.5, 0
137.6, 0
137.7, 0
137.8, 0
137.9, 0
138.0, 0
138.1, 0
138.2, 0
138.3, 0
138.4, 0
138.5, 0
138.6, 0
138.7, 0
138.8, 0
138.9, 0
139.0, 0
139.1, 0
139.2, 0
139.3, 0
139.4, 0
139.5, 0
139.6, 0
139.7, 0
139.8, 0
139.9, 0
140.0, 0
140.1, 0
140.2, 0
140.3, 0
140.4, 0
140.5, 0
140.6, 0
140.7, 0
140.8, 0
140.9, 0
141.0, 0
141.1, 0
141.2, 0
141.3, 0
141.4, 0
141.5, 0
141.6, 0
141.7, 0
141.8, 0
141.9, 0
142.0, 0
142.1, 0
142.2, 0
142.3, 0
142.4, 0
142.5, 0
142.6, 0
142.7, 0
142.8, 0
142.9, 0
143.0, 0
143.1, 0
143.2, 0
143.3, 0
143.4, 0
143.5, 0
143.6, 0
143.7, 0
143.8, 0
143.9, 0
144.0, 0
144.1, 0
144.2, 0
144.3, 0
144.4, 0
144.5, 0
144.6, 0
144.7, 0
144.8, 0
144.9, 0
145.0, 0
145.1, 0
145.2, 0
145.3, 0
145.4, 0
145.5, 0
145.6, 0
145.7, 0
145.8, 0
145.9, 0
146.0, 0
146.1, 0
146.2, 0
146.3, 0
146.4, 0
146.5, 0
146.6, 0
146.7, 0
146.8, 0
146.9, 0
147.0, 0
147.1, 0
147.2, 0
147.3, 0
147.4, 0
147.5, 0
147.6, 0
147.7, 0
147.8, 0
147.9, 0
148.0, 0
148.1, 0
148.2, 0
148.3, 0
148.4, 0
148.5, 0
148.6, 0
148.7, 0
148.8, 0
148.9, 0
149.0, 0
149.1, 0
149.2, 0
149.3, 0
149.4, 0
149.5, 0
149.6, 0
149.7, 0
149.8, 0
149.9, 0
150.0, 0
150.1, 0
150.2, 0
150.3, 0
150.4, 0
150.5, 0
150.6, 0
150.7, 0
150.8, 0
150.9, 0
151.0, 0
151.1, 0
151.2, 0
151.3, 0
151.4, 0
151.5, 0
151.6, 0
151.7, 0
151.8, 0
151.9, 0
152.0, 0
152.1, 0
152.2, 0
152.3, 0
152.4, 0
152.5, 0
152.6, 0
152.7, 0
152.8, 0
152.9, 0
153.0, 0
153.1, 0
153.2, 0
153.3, 0
153.4, 0
153.5, 0
153.6, 0
153.7, 0
153.8, 0
153.9, 0
154.0, 0
154.1, 0
154.2, 0
154.3, 0
154.4, 0
154.5, 0
154.6, 0
154.7, 0
154.8, 0
154.9, 0
155.0, 0
155.1, 0
155.2, 0
155.3, 0
155.4, 0
155.5, 0
155.6, 0
155.7, 0
155.8, 0
155.9, 0
156.0, 0
156.1, 0
156.2, 0
156.3, 0
156.4, 0
156.5, 0
156.6, 0
156.7, 0
156.8, 0
156.9, 0
157.0, 0
157.1, 0
157.2, 0
157.3, 0
157.4, 0
157.5, 0
157.6, 0
157.7, 0
157.8, 0
157.9, 0
158.0, 0
158.1, 0
158.2, 0
158.3, 0
158.4, 0
158.5, 0
158.6, 0
158.7, 0
158.8, 0
158.9, 0
159.0, 0
159.1, 0
159.2, 0
159.3, 0
159.4, 0
159.5, 0
159.6, 0
159.7, 0
159.8, 0
159.9, 0
160.0, 0
160.1, 0
160.2, 0
160.3, 0
160.4, 0
160.5, 0
160.6, 0
160.7, 0
160.8, 0
160.9, 0
161.0, 0
161.1, 0
161.2, 0
161.3, 0
161.4, 0
161.5, 0
161.6, 0
161.7, 0
161.8, 0
161.9, 0
162.0, 0
162.1, 0
162.2, 0
162.3, 0
162.4, 0
162.5, 0
162.6, 0
162.7, 0
162.8, 0
162.9, 0
163.0, 0
163.1, 0
163.2, 0
163.3, 0
163.4, 0
163.5, 0
163.6, 0
163.7, 0
163.8, 0
163.9, 0
164.0, 0
164.1, 0
164.2, 0
164.3, 0
164.4, 0
164.5, 0
164.6, 0
164.7, 0
164.8, 0
164.9, 0
165.0, 0
165.1, 0
165.2, 0
165.3, 0
165.4, 0
165.5, 0
165.6, 0
165.7, 0
165.8, 0
165.9, 0
166.0, 0
166.1, 0
166.2, 0
166.3, 0
166.4, 0
166.5, 0
166.6, 0
166.7, 0
166.8, 0
166.9, 0
167.0, 0
167.1, 0
167.2, 0
167.3, 0
167.4, 0
167.5, 0
167.6, 0
167.7, 0
167.8, 0
167.9, 0
168.0, 0
168.1, 0
168.2, 0
168.3, 0
168.4, 0
168.5, 0
168.6, 0
168.7, 0
168.8, 0
168.9, 0
169.0, 0
169.1, 0
169.2, 0
169.3, 0
169.4, 0
169.5, 0
169.6, 0
169.7, 0
169.8, 0
169.9, 0
170.0, 0
170.1, 0
170.2, 0
170.3, 0
170.4, 0
170.5, 0
170.6, 0
170.7, 0
170.8, 0
170.9, 0
171.0, 0
171.1, 0
171.2, 0
171.3, 0
171.4, 0
171.5, 0
171.6, 0
171.7, 0
171.8, 0
171.9, 0
172.0, 0
172.1, 0
172.2, 0
172.3, 0
172.4, 0
172.5, 0
172.6, 0
172.7, 0
172.8, 0
172.9, 0
173.0, 0
173.1, 0
173.2, 0
173.3, 0
173.4, 0
173.5, 0
173.6, 0
173.7, 0
173.8, 0
173.9, 0
174.0, 0
174.1, 0
174.2, 0
174.3, 0
174.4, 0
174.5, 0
174.6, 0
174.7, 0
174.8, 0
174.9, 0
175.0, 0
175.1, 0
175.2, 0
175.3, 0
175.4, 0
175.5, 0
175.6, 0
175.7, 0
175.8, 0
175.9, 0
176.0, 0
176.1, 0
176.2, 0
176.3, 0
176.4, 0
176.5, 0
176.6, 0
176.7, 0
176.8, 0
176.9, 0
177.0, 0
177.1, 0
177.2, 0
177.3, 0
177.4, 0
177.5, 0
177.6, 0
177.7, 0
177.8, 0
177.9, 0
178.0, 0
178.1, 0
178.2, 0
178.3, 0
178.4, 0
178.5, 0
178.6, 0
178.7, 0
178.8, 0
178.9, 0
179.0, 0
179.1, 0
179.2, 0
179.3, 0
179.4, 0
179.5, 0
179.6, 0
179.7, 0
179.8, 0
179.9, 1
180.0, 1
180.1, 0
180.2, 0
180.3, 0
180.4, 0
180.5, 0
180.6, 0
180.7, 0
180.8, 0
180.9, 0
181.0, 0
181.1, 0
181.2, 0
181.3, 0
181.4, 0
181.5, 0
181.6, 0
181.7, 0
181.8, 0
181.9, 0
182.0, 0
182.1, 0
182.2, 0
182.3, 0
182.4, 0
182.5, 0
182.6, 0
182.7, 0
182.8, 0
182.9, 0
183.0, 0
183.1, 0
183.2, 0
183.3, 0
183.4, 0
183.5, 0
183.6, 0
183.7, 0
183.8, 0
183.9, 0
184.0, 0
184.1, 0
184.2, 0
184.3, 0
184.4, 0
184.5, 0
184.6, 0
184.7, 0
184.8, 1
184.9, 1
185.0, 0
185.1, 1
185.2, 0
185.3, 0
185.4, 0
185.5, 0
185.6, 0
185.7, 0
185.8, 0
185.9, 0
186.0, 0
186.1, 0
186.2, 0
186.3, 0
186.4, 0
186.5, 0
186.6, 0
186.7, 0
186.8, 0
186.9, 0
187.0, 0
187.1, 0
187.2, 0
187.3, 0
187.4, 0
187.5, 0
187.6, 1
187.7, 3
187.8, 1
187.9, 1
188.0, 1
188.1, 2
188.2, 2
188.3, 0
188.4, 0
188.5, 2
188.6, 0
188.7, 0
188.8, 1
188.9, 0
189.0, 1
189.1, 0
189.2, 0
189.3, 1
189.4, 0
189.5, 0
189.6, 0
189.7, 0
189.8, 0
189.9, 0
190.0, 0
190.1, 0
190.2, 0
190.3, 1
190.4, 0
190.5, 0
190.6, 0
190.7, 1
190.8, 0
190.9, 0
191.0, 0
191.1, 0
191.2, 0
191.3, 0
191.4, 0
191.5, 0
191.6, 2
191.7, 2
191.8, 1
191.9, 0
192.0, 2
192.1, 0
192.2, 1
192.3, 1
192.4, 0
192.5, 2
192.6, 0
192.7, 1
192.8, 0
192.9, 0
193.0, 0
193.1, 1
193.2, 0
193.3, 0
193.4, 0
193.5, 0
193.6, 0
193.7, 0
193.8, 0
193.9, 0
194.0, 0
194.1, 0
194.2, 0
194.3, 0
194.4, 0
194.5, 0
194.6, 0
194.7, 0
194.8, 0
194.9, 0
195.0, 0
195.1, 0
195.2, 0
195.3, 0
195.4, 0
195.5, 0
195.6, 0
195.7, 0
195.8, 0
195.9, 0
196.0, 0
196.1, 0
196.2, 0
196.3, 0
196.4, 0
196.5, 0
196.6, 0
196.7, 0
196.8, 0
196.9, 0
197.0, 0
197.1, 0
197.2, 0
197.3, 0
197.4, 0
197.5, 0
197.6, 0
197.7, 0
197.8, 0
197.9, 0
198.0, 0
198.1, 0
198.2, 0
198.3, 0
198.4, 0
198.5, 0
198.6, 0
198.7, 0
198.8, 0
198.9, 0
199.0, 0
199.1, 1
199.2, 0
199.3, 1
199.4, 0
199.5, 0
199.6, 0
199.7, 0
199.8, 0
199.9, 0
200.0, 0
200.1, 0
200.2, 0
200.3, 0
200.4, 0
200.5, 0
200.6, 0
200.7, 0
200.8, 0
200.9, 0
201.0, 0
201.1, 0
201.2, 0
201.3, 0
201.4, 0
201.5, 0
201.6, 0
201.7, 0
201.8, 0
201.9, 0
202.0, 0
202.1, 0
202.2, 0
202.3, 0
202.4, 0
202.5, 0
202.6, 0
202.7, 0
202.8, 0
202.9, 0
203.0, 0
203.1, 0
203.2, 0
203.3, 0
203.4, 0
203.5, 0
203.6, 0
203.7, 0
203.8, 0
203.9, 0
204.0, 0
204.1, 0
204.2, 0
204.3, 0
204.4, 0
204.5, 0
204.6, 0
204.7, 0
204.8, 0
204.9, 0
205.0, 0
205.1, 0
205.2, 0
205.3, 0
205.4, 0
205.5, 0
205.6, 0
205.7, 0
205.8, 0
205.9, 0
206.0, 0
206.1, 0
206.2, 0
206.3, 0
206.4, 0
206.5, 0
206.6, 0
206.7, 0
206.8, 0
206.9, 0
207.0, 0
207.1, 0
207.2, 0
207.3, 0
207.4, 0
207.5, 0
207.6, 0
207.7, 0
207.8, 0
207.9, 0
208.0, 0
208.1, 0
208.2, 0
208.3, 0
208.4, 0
208.5, 0
208.6, 0
208.7, 0
208.8, 0
208.9, 0
209.0, 0
209.1, 0
209.2, 0
209.3, 0
209.4, 0
209.5, 0
209.6, 0
209.7, 0
209.8, 0
209.9, 0
210.0, 0
210.1, 0
210.2, 0
210.3, 0
210.4, 0
210.5, 0
210.6, 0
210.7, 0
210.8, 0
210.9, 0
211.0, 0
211.1, 0
211.2, 0
211.3, 0
211.4, 0
211.5, 1
211.6, 1
211.7, 0
211.8, 0
211.9, 1
212.0, 0
212.1, 0
212.2, 0
212.3, 0
212.4, 1
212.5, 2
212.6, 1
212.7, 0
212.8, 1
212.9, 1
213.0, 0
213.1, 0
213.2, 0
213.3, 0
213.4, 0
213.5, 0
213.6, 0
213.7, 0
213.8, 0
213.9, 0
214.0, 0
214.1, 0
214.2, 0
214.3, 0
214.4, 0
214.5, 0
214.6, 0
214.7, 0
214.8, 0
214.9, 0
215.0, 0
215.1, 0
215.2, 0
215.3, 0
215.4, 0
215.5, 0
215.6, 0
215.7, 0
215.8, 0
215.9, 0
216.0, 0
216.1, 0
216.2, 0
216.3, 0
216.4, 0
216.5, 0
216.6, 0
216.7, 0
216.8, 0
216.9, 0
217.0, 0
217.1, 0
217.2, 0
217.3, 0
217.4, 0
217.5, 0
217.6, 0
217.7, 0
217.8, 0
217.9, 0
218.0, 0
218.1, 0
218.2, 0
218.3, 0
218.4, 0
218.5, 0
218.6, 0
218.7, 0
218.8, 0
218.9, 0
219.0, 0
219.1, 0
219.2, 0
219.3, 0
219.4, 1
