Elapsed Time, AVG Throughput, AVG Queue Size, AVG Waiting Time, AVG Service Time, AVG Response Time, AVG SET Response Time, AVG GET Response Time, AVG MULTI-GET Response Time, #SETS, #GETS, #MULTIGETS, GET MissRatio, MULTI-GET MissRatio, AVG MULTI-GET Size
 5.00, 6312, 5, 1.770986, 5.328197, 7.316289, 7.316289, 0.000000, 0.000000, 31562, 0, 0, 0.00, 0.00, 0
10.00, 7052, 4, 1.119904, 5.398166, 6.667254, 6.667254, 0.000000, 0.000000, 35263, 0, 0, 0.00, 0.00, 0
15.00, 6867, 4, 1.204433, 5.597462, 6.970704, 6.970704, 0.000000, 0.000000, 34336, 0, 0, 0.00, 0.00, 0
20.00, 6965, 4, 1.344748, 5.211498, 6.689976, 6.689976, 0.000000, 0.000000, 34828, 0, 0, 0.00, 0.00, 0
25.00, 7013, 4, 1.171111, 5.427066, 6.735536, 6.735536, 0.000000, 0.000000, 35069, 0, 0, 0.00, 0.00, 0
30.00, 6953, 5, 1.375381, 5.313842, 6.835122, 6.835122, 0.000000, 0.000000, 34767, 0, 0, 0.00, 0.00, 0
35.00, 6960, 4, 1.295113, 5.356236, 6.773302, 6.773302, 0.000000, 0.000000, 34804, 0, 0, 0.00, 0.00, 0
40.00, 7150, 4, 1.093165, 5.474747, 6.683642, 6.683642, 0.000000, 0.000000, 35751, 0, 0, 0.00, 0.00, 0
45.00, 7212, 3, 1.145838, 5.418940, 6.682183, 6.682183, 0.000000, 0.000000, 36062, 0, 0, 0.00, 0.00, 0
50.00, 7105, 3, 1.034909, 5.540311, 6.741525, 6.741525, 0.000000, 0.000000, 35528, 0, 0, 0.00, 0.00, 0
55.00, 7189, 4, 1.130996, 5.518280, 6.753927, 6.753927, 0.000000, 0.000000, 35946, 0, 0, 0.00, 0.00, 0
60.00, 7095, 4, 1.127280, 5.527962, 6.805506, 6.805506, 0.000000, 0.000000, 35478, 0, 0, 0.00, 0.00, 0
65.00, 6986, 4, 1.258352, 5.362286, 6.729154, 6.729154, 0.000000, 0.000000, 34931, 0, 0, 0.00, 0.00, 0
70.00, 7140, 3, 1.075541, 5.411632, 6.609334, 6.609334, 0.000000, 0.000000, 35702, 0, 0, 0.00, 0.00, 0
70.00, 112, 1, 0.490798, 2.193040, 2.772932, 2.772932, 0.000000, 0.000000, 560, 0, 0, 0.00, 0.00, 0
Interval, Responses
0.1, 0
0.2, 0
0.3, 0
0.4, 0
0.5, 188
0.6, 1265
0.7, 3100
0.8, 4653
0.9, 5688
1.0, 6372
1.1, 6376
1.2, 6190
1.3, 5738
1.4, 5100
1.5, 4755
1.6, 4313
1.7, 3969
1.8, 4004
1.9, 3695
2.0, 3689
2.1, 3767
2.2, 3813
2.3, 3854
2.4, 3749
2.5, 3699
2.6, 3714
2.7, 3780
2.8, 3586
2.9, 3444
3.0, 3550
3.1, 3462
3.2, 3553
3.3, 3552
3.4, 3327
3.5, 3281
3.6, 3361
3.7, 3463
3.8, 3339
3.9, 3260
4.0, 3164
4.1, 3038
4.2, 3106
4.3, 3110
4.4, 3180
4.5, 3192
4.6, 3163
4.7, 3087
4.8, 3221
4.9, 2989
5.0, 2913
5.1, 2720
5.2, 2869
5.3, 2765
5.4, 2743
5.5, 2732
5.6, 2814
5.7, 2851
5.8, 2823
5.9, 2761
6.0, 2626
6.1, 2598
6.2, 2906
6.3, 2873
6.4, 2942
6.5, 2847
6.6, 2770
6.7, 2770
6.8, 2696
6.9, 2848
7.0, 2809
7.1, 2962
7.2, 3006
7.3, 3198
7.4, 3380
7.5, 3488
7.6, 3601
7.7, 3680
7.8, 4004
7.9, 4344
8.0, 4675
8.1, 5325
8.2, 5887
8.3, 6636
8.4, 7257
8.5, 7757
8.6, 8291
8.7, 9084
8.8, 9567
8.9, 9996
9.0, 10257
9.1, 10316
9.2, 10034
9.3, 9700
9.4, 9432
9.5, 8931
9.6, 8468
9.7, 8074
9.8, 7465
9.9, 6656
10.0, 5651
10.1, 4868
10.2, 4463
10.3, 4148
10.4, 3782
10.5, 3259
10.6, 2926
10.7, 2683
10.8, 2317
10.9, 2089
11.0, 1960
11.1, 1724
11.2, 1453
11.3, 1342
11.4, 1243
11.5, 1129
11.6, 1019
11.7, 923
11.8, 804
11.9, 740
12.0, 688
12.1, 659
12.2, 593
12.3, 469
12.4, 468
12.5, 441
12.6, 437
12.7, 384
12.8, 341
12.9, 338
13.0, 396
13.1, 349
13.2, 335
13.3, 328
13.4, 268
13.5, 299
13.6, 304
13.7, 286
13.8, 303
13.9, 288
14.0, 288
14.1, 256
14.2, 269
14.3, 309
14.4, 257
14.5, 284
14.6, 268
14.7, 273
14.8, 269
14.9, 233
15.0, 223
15.1, 242
15.2, 277
15.3, 218
15.4, 276
15.5, 226
15.6, 220
15.7, 252
15.8, 200
15.9, 181
16.0, 208
16.1, 194
16.2, 207
16.3, 186
16.4, 205
16.5, 211
16.6, 204
16.7, 164
16.8, 170
16.9, 172
17.0, 166
17.1, 173
17.2, 142
17.3, 150
17.4, 140
17.5, 145
17.6, 129
17.7, 122
17.8, 119
17.9, 115
18.0, 116
18.1, 100
18.2, 99
18.3, 96
18.4, 88
18.5, 96
18.6, 96
18.7, 107
18.8, 84
18.9, 81
19.0, 103
19.1, 75
19.2, 67
19.3, 68
19.4, 67
19.5, 47
19.6, 59
19.7, 45
19.8, 52
19.9, 42
20.0, 33
20.1, 41
20.2, 36
20.3, 43
20.4, 38
20.5, 32
20.6, 32
20.7, 28
20.8, 35
20.9, 26
21.0, 16
21.1, 17
21.2, 17
21.3, 18
21.4, 31
21.5, 18
21.6, 15
21.7, 16
21.8, 8
21.9, 14
22.0, 11
22.1, 12
22.2, 12
22.3, 10
22.4, 10
22.5, 2
22.6, 7
22.7, 8
22.8, 9
22.9, 8
23.0, 5
23.1, 14
23.2, 9
23.3, 11
23.4, 12
23.5, 7
23.6, 7
23.7, 5
23.8, 1
23.9, 0
24.0, 4
24.1, 1
24.2, 1
24.3, 1
24.4, 1
24.5, 9
24.6, 4
24.7, 4
24.8, 3
24.9, 6
25.0, 5
25.1, 5
25.2, 3
25.3, 2
25.4, 1
25.5, 6
25.6, 4
25.7, 4
25.8, 5
25.9, 2
26.0, 8
26.1, 8
26.2, 14
26.3, 11
26.4, 6
26.5, 5
26.6, 3
26.7, 5
26.8, 7
26.9, 6
27.0, 7
27.1, 5
27.2, 3
27.3, 7
27.4, 6
27.5, 4
27.6, 6
27.7, 10
27.8, 11
27.9, 2
28.0, 4
28.1, 5
28.2, 7
28.3, 10
28.4, 3
28.5, 4
28.6, 5
28.7, 3
28.8, 3
28.9, 6
29.0, 8
29.1, 2
29.2, 7
29.3, 10
29.4, 3
29.5, 10
29.6, 6
29.7, 7
29.8, 9
29.9, 6
30.0, 10
30.1, 14
30.2, 11
30.3, 15
30.4, 10
30.5, 8
30.6, 14
30.7, 10
30.8, 14
30.9, 10
31.0, 13
31.1, 9
31.2, 12
31.3, 15
31.4, 14
31.5, 19
31.6, 24
31.7, 13
31.8, 8
31.9, 8
32.0, 4
32.1, 9
32.2, 6
32.3, 7
32.4, 7
32.5, 7
32.6, 5
32.7, 5
32.8, 4
32.9, 12
33.0, 7
33.1, 7
33.2, 6
33.3, 5
33.4, 2
33.5, 1
33.6, 2
33.7, 2
33.8, 4
33.9, 1
34.0, 3
34.1, 2
34.2, 3
34.3, 4
34.4, 0
34.5, 3
34.6, 5
34.7, 2
34.8, 2
34.9, 10
35.0, 4
35.1, 2
35.2, 2
35.3, 3
35.4, 4
35.5, 1
35.6, 7
35.7, 2
35.8, 7
35.9, 6
36.0, 3
36.1, 7
36.2, 7
36.3, 9
36.4, 9
36.5, 3
36.6, 4
36.7, 3
36.8, 5
36.9, 3
37.0, 5
37.1, 11
37.2, 18
37.3, 12
37.4, 6
37.5, 10
37.6, 10
37.7, 13
37.8, 7
37.9, 13
38.0, 6
38.1, 11
38.2, 11
38.3, 14
38.4, 7
38.5, 9
38.6, 6
38.7, 5
38.8, 7
38.9, 12
39.0, 11
39.1, 4
39.2, 2
39.3, 3
39.4, 0
39.5, 1
39.6, 1
39.7, 3
39.8, 3
39.9, 2
40.0, 3
40.1, 0
40.2, 4
40.3, 2
40.4, 3
40.5, 2
40.6, 0
40.7, 2
40.8, 2
40.9, 0
41.0, 1
41.1, 2
41.2, 3
41.3, 3
41.4, 1
41.5, 1
41.6, 2
41.7, 0
41.8, 4
41.9, 1
42.0, 1
42.1, 1
42.2, 5
42.3, 2
42.4, 5
42.5, 1
42.6, 3
42.7, 2
42.8, 3
42.9, 0
43.0, 5
43.1, 0
43.2, 2
43.3, 2
43.4, 1
43.5, 1
43.6, 0
43.7, 2
43.8, 2
43.9, 3
44.0, 1
44.1, 2
44.2, 2
44.3, 1
44.4, 2
44.5, 2
44.6, 4
44.7, 1
44.8, 3
44.9, 2
45.0, 1
45.1, 0
45.2, 0
45.3, 0
45.4, 1
45.5, 0
45.6, 0
45.7, 0
45.8, 3
45.9, 2
46.0, 1
46.1, 0
46.2, 7
46.3, 6
46.4, 6
46.5, 1
46.6, 2
46.7, 4
46.8, 2
46.9, 1
47.0, 2
47.1, 0
47.2, 0
47.3, 0
47.4, 2
47.5, 6
47.6, 6
47.7, 2
47.8, 2
47.9, 3
48.0, 1
48.1, 4
48.2, 1
48.3, 0
48.4, 2
48.5, 4
48.6, 5
48.7, 4
48.8, 4
48.9, 4
49.0, 3
49.1, 2
49.2, 1
49.3, 5
49.4, 4
49.5, 5
49.6, 5
49.7, 5
49.8, 4
49.9, 2
50.0, 1
50.1, 3
50.2, 2
50.3, 3
50.4, 3
50.5, 5
50.6, 1
50.7, 1
50.8, 1
50.9, 3
51.0, 0
51.1, 3
51.2, 3
51.3, 2
51.4, 2
51.5, 1
51.6, 3
51.7, 3
51.8, 3
51.9, 2
52.0, 4
52.1, 0
52.2, 3
52.3, 1
52.4, 2
52.5, 4
52.6, 1
52.7, 3
52.8, 2
52.9, 4
53.0, 11
53.1, 2
53.2, 4
53.3, 3
53.4, 4
53.5, 2
53.6, 1
53.7, 0
53.8, 1
53.9, 0
54.0, 1
54.1, 2
54.2, 1
54.3, 0
54.4, 0
54.5, 0
54.6, 0
54.7, 1
54.8, 0
54.9, 0
55.0, 1
55.1, 0
55.2, 0
55.3, 0
55.4, 2
55.5, 0
55.6, 1
55.7, 1
55.8, 0
55.9, 1
56.0, 0
56.1, 1
56.2, 0
56.3, 0
56.4, 0
56.5, 0
56.6, 0
56.7, 0
56.8, 0
56.9, 1
57.0, 0
57.1, 0
57.2, 0
57.3, 0
57.4, 0
57.5, 1
57.6, 0
57.7, 0
57.8, 1
57.9, 0
58.0, 0
58.1, 0
58.2, 0
58.3, 0
58.4, 0
58.5, 0
58.6, 0
58.7, 0
58.8, 0
58.9, 0
59.0, 0
59.1, 0
59.2, 0
59.3, 0
59.4, 0
59.5, 0
59.6, 0
59.7, 0
59.8, 0
59.9, 0
60.0, 0
60.1, 0
60.2, 0
60.3, 0
60.4, 0
60.5, 0
60.6, 0
60.7, 0
60.8, 0
60.9, 0
61.0, 0
61.1, 0
61.2, 0
61.3, 0
61.4, 0
61.5, 0
61.6, 0
61.7, 0
61.8, 0
61.9, 0
62.0, 0
62.1, 0
62.2, 0
62.3, 0
62.4, 0
62.5, 0
62.6, 0
62.7, 0
62.8, 0
62.9, 0
63.0, 0
63.1, 0
63.2, 0
63.3, 0
63.4, 0
63.5, 0
63.6, 0
63.7, 0
63.8, 0
63.9, 0
64.0, 0
64.1, 0
64.2, 0
64.3, 0
64.4, 0
64.5, 0
64.6, 0
64.7, 0
64.8, 0
64.9, 0
65.0, 0
65.1, 0
65.2, 0
65.3, 0
65.4, 0
65.5, 0
65.6, 0
65.7, 0
65.8, 0
65.9, 0
66.0, 0
66.1, 0
66.2, 0
66.3, 0
66.4, 0
66.5, 0
66.6, 0
66.7, 0
66.8, 0
66.9, 0
67.0, 0
67.1, 0
67.2, 0
67.3, 0
67.4, 0
67.5, 0
67.6, 0
67.7, 0
67.8, 0
67.9, 0
68.0, 0
68.1, 0
68.2, 0
68.3, 0
68.4, 0
68.5, 0
68.6, 0
68.7, 0
68.8, 0
68.9, 0
69.0, 0
69.1, 0
69.2, 0
69.3, 0
69.4, 0
69.5, 0
69.6, 0
69.7, 0
69.8, 0
69.9, 0
70.0, 0
70.1, 0
70.2, 0
70.3, 0
70.4, 0
70.5, 0
70.6, 0
70.7, 0
70.8, 0
70.9, 0
71.0, 0
71.1, 0
71.2, 0
71.3, 0
71.4, 0
71.5, 0
71.6, 0
71.7, 0
71.8, 0
71.9, 0
72.0, 0
72.1, 0
72.2, 0
72.3, 0
72.4, 0
72.5, 0
72.6, 0
72.7, 0
72.8, 0
72.9, 0
73.0, 0
73.1, 0
73.2, 0
73.3, 0
73.4, 0
73.5, 0
73.6, 0
73.7, 0
73.8, 0
73.9, 0
74.0, 0
74.1, 0
74.2, 0
74.3, 0
74.4, 0
74.5, 0
74.6, 0
74.7, 0
74.8, 0
74.9, 0
75.0, 0
75.1, 0
75.2, 0
75.3, 0
75.4, 0
75.5, 0
75.6, 0
75.7, 0
75.8, 0
75.9, 0
76.0, 0
76.1, 0
76.2, 0
76.3, 0
76.4, 0
76.5, 0
76.6, 0
76.7, 0
76.8, 0
76.9, 0
77.0, 0
77.1, 0
77.2, 0
77.3, 0
77.4, 0
77.5, 0
77.6, 0
77.7, 0
77.8, 0
77.9, 0
78.0, 0
78.1, 0
78.2, 0
78.3, 0
78.4, 0
78.5, 0
78.6, 0
78.7, 0
78.8, 0
78.9, 0
79.0, 0
79.1, 0
79.2, 0
79.3, 0
79.4, 0
79.5, 0
79.6, 0
79.7, 0
79.8, 0
79.9, 0
80.0, 0
80.1, 0
80.2, 0
80.3, 0
80.4, 0
80.5, 0
80.6, 0
80.7, 0
80.8, 0
80.9, 0
81.0, 0
81.1, 0
81.2, 0
81.3, 0
81.4, 0
81.5, 0
81.6, 0
81.7, 0
81.8, 0
81.9, 0
82.0, 0
82.1, 0
82.2, 0
82.3, 0
82.4, 0
82.5, 0
82.6, 0
82.7, 0
82.8, 0
82.9, 0
83.0, 0
83.1, 0
83.2, 0
83.3, 0
83.4, 0
83.5, 0
83.6, 0
83.7, 0
83.8, 0
83.9, 0
84.0, 0
84.1, 0
84.2, 0
84.3, 0
84.4, 0
84.5, 0
84.6, 0
84.7, 0
84.8, 0
84.9, 0
85.0, 0
85.1, 0
85.2, 0
85.3, 0
85.4, 0
85.5, 0
85.6, 0
85.7, 0
85.8, 0
85.9, 0
86.0, 0
86.1, 0
86.2, 0
86.3, 0
86.4, 0
86.5, 0
86.6, 0
86.7, 0
86.8, 0
86.9, 0
87.0, 0
87.1, 0
87.2, 0
87.3, 0
87.4, 0
87.5, 0
87.6, 0
87.7, 0
87.8, 0
87.9, 0
88.0, 0
88.1, 0
88.2, 0
88.3, 0
88.4, 0
88.5, 0
88.6, 0
88.7, 0
88.8, 0
88.9, 0
89.0, 0
89.1, 0
89.2, 0
89.3, 0
89.4, 0
89.5, 0
89.6, 0
89.7, 0
89.8, 0
89.9, 0
90.0, 0
90.1, 0
90.2, 0
90.3, 0
90.4, 0
90.5, 0
90.6, 0
90.7, 0
90.8, 0
90.9, 0
91.0, 0
91.1, 0
91.2, 0
91.3, 0
91.4, 0
91.5, 0
91.6, 0
91.7, 0
91.8, 0
91.9, 0
92.0, 0
92.1, 0
92.2, 0
92.3, 0
92.4, 0
92.5, 0
92.6, 0
92.7, 0
92.8, 0
92.9, 0
93.0, 0
93.1, 0
93.2, 0
93.3, 0
93.4, 0
93.5, 0
93.6, 0
93.7, 0
93.8, 0
93.9, 0
94.0, 0
94.1, 0
94.2, 0
94.3, 0
94.4, 0
94.5, 0
94.6, 0
94.7, 0
94.8, 0
94.9, 0
95.0, 0
95.1, 0
95.2, 0
95.3, 0
95.4, 0
95.5, 0
95.6, 0
95.7, 0
95.8, 0
95.9, 1
96.0, 1
96.1, 1
96.2, 0
96.3, 1
96.4, 3
96.5, 0
96.6, 0
96.7, 0
96.8, 0
96.9, 0
97.0, 0
97.1, 0
97.2, 1
97.3, 0
97.4, 0
97.5, 0
97.6, 0
97.7, 0
97.8, 0
97.9, 0
98.0, 0
98.1, 0
98.2, 0
98.3, 0
98.4, 0
98.5, 0
98.6, 0
98.7, 0
98.8, 0
98.9, 0
99.0, 0
99.1, 0
99.2, 0
99.3, 0
99.4, 0
99.5, 0
99.6, 0
99.7, 0
99.8, 0
99.9, 0
100.0, 0
100.1, 0
100.2, 0
100.3, 0
100.4, 0
100.5, 0
100.6, 0
100.7, 0
100.8, 0
100.9, 0
101.0, 0
101.1, 0
101.2, 0
101.3, 0
101.4, 0
101.5, 0
101.6, 0
101.7, 0
101.8, 0
101.9, 0
102.0, 0
102.1, 0
102.2, 0
102.3, 0
102.4, 0
102.5, 0
102.6, 0
102.7, 0
102.8, 0
102.9, 0
103.0, 0
103.1, 0
103.2, 0
103.3, 0
103.4, 0
103.5, 0
103.6, 0
103.7, 0
103.8, 0
103.9, 0
104.0, 0
104.1, 0
104.2, 0
104.3, 0
104.4, 0
104.5, 0
104.6, 0
104.7, 0
104.8, 0
104.9, 0
105.0, 0
105.1, 0
105.2, 0
105.3, 0
105.4, 0
105.5, 0
105.6, 0
105.7, 0
105.8, 0
105.9, 0
106.0, 0
106.1, 0
106.2, 0
106.3, 0
106.4, 0
106.5, 0
106.6, 0
106.7, 0
106.8, 0
106.9, 0
107.0, 0
107.1, 0
107.2, 0
107.3, 0
107.4, 0
107.5, 0
107.6, 0
107.7, 0
107.8, 0
107.9, 0
108.0, 0
108.1, 0
108.2, 0
108.3, 0
108.4, 0
108.5, 0
108.6, 0
108.7, 0
108.8, 0
108.9, 0
109.0, 0
109.1, 0
109.2, 0
109.3, 0
109.4, 0
109.5, 0
109.6, 0
109.7, 0
109.8, 0
109.9, 0
110.0, 0
110.1, 0
110.2, 0
110.3, 0
110.4, 0
110.5, 0
110.6, 0
110.7, 0
110.8, 0
110.9, 0
111.0, 0
111.1, 0
111.2, 0
111.3, 0
111.4, 0
111.5, 0
111.6, 0
111.7, 0
111.8, 0
111.9, 0
112.0, 0
112.1, 0
112.2, 0
112.3, 0
112.4, 0
112.5, 0
112.6, 0
112.7, 0
112.8, 0
112.9, 0
113.0, 0
113.1, 0
113.2, 0
113.3, 0
113.4, 0
113.5, 0
113.6, 0
113.7, 0
113.8, 0
113.9, 0
114.0, 0
114.1, 0
114.2, 0
114.3, 0
114.4, 0
114.5, 0
114.6, 0
114.7, 0
114.8, 0
114.9, 0
115.0, 0
115.1, 0
115.2, 0
115.3, 0
115.4, 0
115.5, 0
115.6, 0
115.7, 0
115.8, 0
115.9, 0
116.0, 0
116.1, 0
116.2, 0
116.3, 0
116.4, 0
116.5, 0
116.6, 0
116.7, 0
116.8, 0
116.9, 0
117.0, 0
117.1, 0
117.2, 0
117.3, 0
117.4, 0
117.5, 0
117.6, 0
117.7, 0
117.8, 0
117.9, 0
118.0, 0
118.1, 0
118.2, 0
118.3, 0
118.4, 0
118.5, 0
118.6, 0
118.7, 0
118.8, 0
118.9, 0
119.0, 0
119.1, 0
119.2, 0
119.3, 0
119.4, 0
119.5, 0
119.6, 0
119.7, 0
119.8, 0
119.9, 0
120.0, 0
120.1, 0
120.2, 0
120.3, 0
120.4, 0
120.5, 0
120.6, 0
120.7, 0
120.8, 0
120.9, 0
121.0, 0
121.1, 0
121.2, 0
121.3, 0
121.4, 0
121.5, 0
121.6, 0
121.7, 0
121.8, 0
121.9, 0
122.0, 0
122.1, 0
122.2, 0
122.3, 0
122.4, 0
122.5, 0
122.6, 0
122.7, 0
122.8, 0
122.9, 0
123.0, 0
123.1, 0
123.2, 0
123.3, 0
123.4, 0
123.5, 0
123.6, 0
123.7, 0
123.8, 0
123.9, 0
124.0, 0
124.1, 0
124.2, 0
124.3, 0
124.4, 0
124.5, 0
124.6, 0
124.7, 0
124.8, 0
124.9, 0
125.0, 0
125.1, 0
125.2, 0
125.3, 0
125.4, 0
125.5, 0
125.6, 0
125.7, 0
125.8, 0
125.9, 0
126.0, 0
126.1, 0
126.2, 0
126.3, 0
126.4, 0
126.5, 0
126.6, 0
126.7, 0
126.8, 0
126.9, 0
127.0, 0
127.1, 0
127.2, 0
127.3, 0
127.4, 0
127.5, 0
127.6, 0
127.7, 0
127.8, 0
127.9, 0
128.0, 0
128.1, 0
128.2, 0
128.3, 0
128.4, 0
128.5, 0
128.6, 0
128.7, 0
128.8, 0
128.9, 0
129.0, 0
129.1, 0
129.2, 0
129.3, 0
129.4, 0
129.5, 0
129.6, 0
129.7, 0
129.8, 0
129.9, 0
130.0, 0
130.1, 0
130.2, 0
130.3, 0
130.4, 0
130.5, 0
130.6, 0
130.7, 0
130.8, 0
130.9, 0
131.0, 0
131.1, 0
131.2, 0
131.3, 0
131.4, 0
131.5, 0
131.6, 0
131.7, 0
131.8, 0
131.9, 0
132.0, 0
132.1, 0
132.2, 0
132.3, 0
132.4, 0
132.5, 0
132.6, 0
132.7, 0
132.8, 0
132.9, 0
133.0, 1
133.1, 0
133.2, 1
133.3, 1
133.4, 0
133.5, 2
133.6, 1
133.7, 0
133.8, 0
133.9, 0
134.0, 0
134.1, 0
134.2, 0
134.3, 0
134.4, 0
134.5, 0
134.6, 1
134.7, 0
134.8, 0
134.9, 0
135.0, 0
135.1, 0
135.2, 0
135.3, 0
135.4, 0
135.5, 0
135.6, 0
135.7, 0
135.8, 0
135.9, 0
136.0, 0
136.1, 0
136.2, 0
136.3, 0
136.4, 0
136.5, 1
136.6, 0
136.7, 0
136.8, 0
136.9, 0
137.0, 0
137.1, 0
137.2, 0
137.3, 0
137.4, 1
137.5, 0
137.6, 0
137.7, 0
137.8, 0
137.9, 0
138.0, 0
138.1, 0
138.2, 0
138.3, 0
138.4, 0
138.5, 0
138.6, 0
138.7, 0
138.8, 0
138.9, 0
139.0, 0
139.1, 0
139.2, 0
139.3, 0
139.4, 0
139.5, 0
139.6, 0
139.7, 0
139.8, 0
139.9, 0
140.0, 0
140.1, 0
140.2, 0
140.3, 0
140.4, 0
140.5, 0
140.6, 0
140.7, 0
140.8, 0
140.9, 0
141.0, 0
141.1, 0
141.2, 0
141.3, 0
141.4, 0
141.5, 0
141.6, 0
141.7, 1
141.8, 0
141.9, 0
142.0, 0
142.1, 0
142.2, 0
142.3, 1
142.4, 0
142.5, 1
142.6, 1
142.7, 0
142.8, 0
142.9, 0
143.0, 0
143.1, 0
143.2, 0
143.3, 0
143.4, 0
143.5, 1
143.6, 0
143.7, 1
143.8, 0
143.9, 0
144.0, 1
144.1, 0
144.2, 0
144.3, 0
144.4, 0
144.5, 0
144.6, 0
144.7, 0
144.8, 0
144.9, 0
145.0, 0
145.1, 0
145.2, 0
145.3, 0
145.4, 0
145.5, 0
145.6, 0
145.7, 0
145.8, 0
145.9, 0
146.0, 0
146.1, 0
146.2, 0
146.3, 0
146.4, 1
146.5, 0
146.6, 0
146.7, 0
146.8, 0
146.9, 0
147.0, 0
147.1, 0
147.2, 0
147.3, 0
147.4, 0
147.5, 1
147.6, 0
147.7, 0
147.8, 0
147.9, 0
148.0, 0
148.1, 0
148.2, 1
148.3, 1
148.4, 0
148.5, 1
148.6, 0
148.7, 0
148.8, 0
148.9, 0
149.0, 1
149.1, 0
149.2, 0
149.3, 0
149.4, 0
149.5, 0
149.6, 0
149.7, 0
149.8, 0
149.9, 0
150.0, 0
150.1, 0
150.2, 0
150.3, 0
150.4, 0
150.5, 2
150.6, 0
150.7, 0
150.8, 1
150.9, 0
151.0, 0
151.1, 1
151.2, 0
151.3, 0
151.4, 0
151.5, 0
151.6, 0
151.7, 0
151.8, 0
151.9, 0
152.0, 1
152.1, 0
152.2, 0
152.3, 0
152.4, 0
152.5, 0
152.6, 0
152.7, 0
152.8, 0
152.9, 0
153.0, 0
153.1, 0
153.2, 0
153.3, 0
153.4, 1
153.5, 0
153.6, 0
153.7, 0
153.8, 0
153.9, 0
154.0, 0
154.1, 0
154.2, 0
154.3, 0
154.4, 0
154.5, 0
154.6, 0
154.7, 0
154.8, 0
154.9, 0
155.0, 0
155.1, 0
155.2, 0
155.3, 0
155.4, 0
155.5, 0
155.6, 0
155.7, 0
155.8, 0
155.9, 0
156.0, 0
156.1, 0
156.2, 0
156.3, 0
156.4, 0
156.5, 0
156.6, 0
156.7, 0
156.8, 0
156.9, 0
157.0, 0
157.1, 0
157.2, 0
157.3, 0
157.4, 0
157.5, 0
157.6, 0
157.7, 0
157.8, 0
157.9, 0
158.0, 0
158.1, 0
158.2, 0
158.3, 0
158.4, 0
158.5, 0
158.6, 0
158.7, 0
158.8, 0
158.9, 0
159.0, 0
159.1, 0
159.2, 0
159.3, 0
159.4, 0
159.5, 0
159.6, 0
159.7, 0
159.8, 0
159.9, 0
160.0, 0
160.1, 0
160.2, 0
160.3, 0
160.4, 0
160.5, 0
160.6, 0
160.7, 0
160.8, 0
160.9, 0
161.0, 0
161.1, 0
161.2, 1
161.3, 0
161.4, 0
161.5, 0
161.6, 0
161.7, 0
161.8, 0
161.9, 0
162.0, 0
162.1, 0
162.2, 0
162.3, 0
162.4, 0
162.5, 0
162.6, 0
162.7, 0
162.8, 0
162.9, 0
163.0, 0
163.1, 0
163.2, 0
163.3, 0
163.4, 0
163.5, 0
163.6, 0
163.7, 0
163.8, 0
163.9, 0
164.0, 0
164.1, 0
164.2, 0
164.3, 0
164.4, 0
164.5, 0
164.6, 0
164.7, 0
164.8, 0
164.9, 0
165.0, 0
165.1, 0
165.2, 0
165.3, 0
165.4, 0
165.5, 0
165.6, 0
165.7, 0
165.8, 0
165.9, 0
166.0, 0
166.1, 0
166.2, 0
166.3, 0
166.4, 0
166.5, 0
166.6, 0
166.7, 0
166.8, 0
166.9, 0
167.0, 0
167.1, 1
167.2, 0
167.3, 1
167.4, 0
167.5, 1
167.6, 0
167.7, 0
167.8, 0
167.9, 0
168.0, 0
168.1, 0
168.2, 0
168.3, 0
168.4, 0
168.5, 0
168.6, 1
168.7, 0
168.8, 0
168.9, 0
169.0, 0
169.1, 0
169.2, 0
169.3, 0
169.4, 0
169.5, 0
169.6, 0
169.7, 1
169.8, 1
169.9, 0
170.0, 0
170.1, 0
170.2, 1
170.3, 0
170.4, 0
170.5, 1
170.6, 0
170.7, 0
170.8, 0
170.9, 1
171.0, 0
171.1, 0
171.2, 1
171.3, 3
171.4, 1
171.5, 0
171.6, 0
171.7, 1
171.8, 0
171.9, 0
172.0, 0
172.1, 0
172.2, 0
172.3, 1
172.4, 2
172.5, 0
172.6, 2
172.7, 1
172.8, 2
172.9, 2
173.0, 1
173.1, 1
173.2, 0
173.3, 0
173.4, 0
173.5, 0
173.6, 1
173.7, 1
173.8, 0
173.9, 1
174.0, 1
174.1, 0
174.2, 1
174.3, 0
174.4, 0
174.5, 0
174.6, 0
174.7, 0
174.8, 0
174.9, 0
175.0, 0
175.1, 0
175.2, 0
175.3, 0
175.4, 0
175.5, 0
175.6, 0
175.7, 0
175.8, 0
175.9, 0
176.0, 0
176.1, 0
176.2, 0
176.3, 0
176.4, 0
176.5, 0
176.6, 0
176.7, 1
176.8, 0
176.9, 0
177.0, 0
177.1, 0
177.2, 0
177.3, 0
177.4, 0
177.5, 0
177.6, 0
177.7, 0
177.8, 1
177.9, 0
178.0, 0
178.1, 0
178.2, 0
178.3, 0
178.4, 0
178.5, 1
178.6, 1
178.7, 0
178.8, 2
178.9, 0
179.0, 0
179.1, 0
179.2, 1
179.3, 0
179.4, 1
179.5, 0
179.6, 0
179.7, 1
179.8, 0
179.9, 0
180.0, 0
180.1, 0
180.2, 0
180.3, 0
180.4, 1
180.5, 0
180.6, 0
180.7, 0
180.8, 0
180.9, 0
181.0, 0
181.1, 0
181.2, 0
181.3, 0
181.4, 0
181.5, 0
181.6, 0
181.7, 0
181.8, 0
181.9, 0
182.0, 0
182.1, 0
182.2, 0
182.3, 0
182.4, 0
182.5, 0
182.6, 1
