2018-10-21 16:53:47 (6094188188702) INFO  - START: Middleware listening on address 10.0.0.11:8888.
2018-10-21 16:55:09 (6176202243824) STATS -  5.00, 1486, 0, 0.288035, 1.352923, 1.752946, 1.752946, 0.000000, 0.000000, 7434, 0, 0, 0.00, 0.00, 0
2018-10-21 16:55:09 (6176329179124) STATS - 10.00, 1737, 0, 0.161116, 1.189266, 1.419718, 1.419718, 0.000000, 0.000000, 8689, 0, 0, 0.00, 0.00, 0
2018-10-21 16:55:09 (6176352497816) STATS - 15.00, 1690, 0, 0.160120, 1.197800, 1.445455, 1.445455, 0.000000, 0.000000, 8451, 0, 0, 0.00, 0.00, 0
2018-10-21 16:55:09 (6176450096269) STATS - 20.00, 1718, 0, 0.145999, 1.191508, 1.415984, 1.415984, 0.000000, 0.000000, 8592, 0, 0, 0.00, 0.00, 0
2018-10-21 16:55:09 (6176479297211) STATS - 25.00, 1741, 0, 0.144281, 1.137303, 1.366816, 1.366816, 0.000000, 0.000000, 8709, 0, 0, 0.00, 0.00, 0
2018-10-21 16:55:09 (6176508872169) STATS - 30.00, 1763, 0, 0.160276, 1.143290, 1.376099, 1.376099, 0.000000, 0.000000, 8818, 0, 0, 0.00, 0.00, 0
2018-10-21 16:55:09 (6176536031525) STATS - 35.00, 1710, 0, 0.144683, 1.263898, 1.484370, 1.484370, 0.000000, 0.000000, 8551, 0, 0, 0.00, 0.00, 0
2018-10-21 16:55:09 (6176553228156) STATS - 40.00, 1785, 0, 0.150284, 1.159363, 1.387670, 1.387670, 0.000000, 0.000000, 8925, 0, 0, 0.00, 0.00, 0
2018-10-21 16:55:09 (6176567055345) STATS - 45.00, 1688, 0, 0.147719, 1.245779, 1.479033, 1.479033, 0.000000, 0.000000, 8442, 0, 0, 0.00, 0.00, 0
2018-10-21 16:55:09 (6176585022609) STATS - 50.00, 1600, 0, 0.151981, 1.266788, 1.504451, 1.504451, 0.000000, 0.000000, 8000, 0, 0, 0.00, 0.00, 0
2018-10-21 16:55:09 (6176596295389) STATS - 55.00, 1664, 0, 0.163720, 1.232279, 1.473034, 1.473034, 0.000000, 0.000000, 8324, 0, 0, 0.00, 0.00, 0
2018-10-21 16:55:09 (6176612746889) STATS - 60.00, 1733, 0, 0.163829, 1.176436, 1.401618, 1.401618, 0.000000, 0.000000, 8668, 0, 0, 0.00, 0.00, 0
2018-10-21 16:55:09 (6176622963323) STATS - 65.00, 1700, 0, 0.148917, 1.204942, 1.428090, 1.428090, 0.000000, 0.000000, 8501, 0, 0, 0.00, 0.00, 0
2018-10-21 16:55:09 (6176632804942) STATS - 70.00, 1753, 0, 0.142945, 1.213274, 1.429572, 1.429572, 0.000000, 0.000000, 8765, 0, 0, 0.00, 0.00, 0
2018-10-21 16:55:09 (6176639943946) STATS - 70.00, 2, 0, 0.523697, 2.144033, 3.217496, 3.217496, 0.000000, 0.000000, 12, 0, 0, 0.00, 0.00, 0
2018-10-21 16:55:09 (6176798197579) STATS - Interval, Responses
2018-10-21 16:55:09 (6176804472846) STATS - 0.1, 0
2018-10-21 16:55:09 (6176804736957) STATS - 0.2, 0
2018-10-21 16:55:09 (6176805014969) STATS - 0.3, 0
2018-10-21 16:55:09 (6176805249479) STATS - 0.4, 15
2018-10-21 16:55:09 (6176805517690) STATS - 0.5, 503
2018-10-21 16:55:09 (6176805775801) STATS - 0.6, 3360
2018-10-21 16:55:09 (6176805999410) STATS - 0.7, 8777
2018-10-21 16:55:09 (6176806225120) STATS - 0.8, 13356
2018-10-21 16:55:09 (6176806488331) STATS - 0.9, 14777
2018-10-21 16:55:09 (6176806724941) STATS - 1.0, 13793
2018-10-21 16:55:09 (6176806983652) STATS - 1.1, 11632
2018-10-21 16:55:09 (6176807225563) STATS - 1.2, 9376
2018-10-21 16:55:09 (6176807487174) STATS - 1.3, 7041
2018-10-21 16:55:09 (6176807757885) STATS - 1.4, 5475
2018-10-21 16:55:09 (6176808033897) STATS - 1.5, 4111
2018-10-21 16:55:09 (6176808282908) STATS - 1.6, 3396
2018-10-21 16:55:09 (6176814330365) STATS - 1.7, 2766
2018-10-21 16:55:09 (6176814555374) STATS - 1.8, 2159
2018-10-21 16:55:09 (6176814809485) STATS - 1.9, 1763
2018-10-21 16:55:09 (6176815041295) STATS - 2.0, 1472
2018-10-21 16:55:09 (6176815244404) STATS - 2.1, 1267
2018-10-21 16:55:09 (6176815443312) STATS - 2.2, 1048
2018-10-21 16:55:09 (6176815683822) STATS - 2.3, 867
2018-10-21 16:55:09 (6176815968135) STATS - 2.4, 724
2018-10-21 16:55:09 (6176816187844) STATS - 2.5, 679
2018-10-21 16:55:09 (6176816416754) STATS - 2.6, 622
2018-10-21 16:55:09 (6176816879473) STATS - 2.7, 525
2018-10-21 16:55:09 (6176817099383) STATS - 2.8, 466
2018-10-21 16:55:09 (6176817338093) STATS - 2.9, 336
2018-10-21 16:55:09 (6176817614305) STATS - 3.0, 340
2018-10-21 16:55:09 (6176817830314) STATS - 3.1, 311
2018-10-21 16:55:09 (6176818116126) STATS - 3.2, 281
2018-10-21 16:55:09 (6176824157283) STATS - 3.3, 275
2018-10-21 16:55:09 (6176824556300) STATS - 3.4, 268
2018-10-21 16:55:09 (6176824926416) STATS - 3.5, 225
2018-10-21 16:55:09 (6176825139425) STATS - 3.6, 196
2018-10-21 16:55:09 (6176825347134) STATS - 3.7, 205
2018-10-21 16:55:09 (6176825583444) STATS - 3.8, 147
2018-10-21 16:55:09 (6176825793153) STATS - 3.9, 146
2018-10-21 16:55:09 (6176826008962) STATS - 4.0, 137
2018-10-21 16:55:09 (6176826249072) STATS - 4.1, 124
2018-10-21 16:55:09 (6176826466081) STATS - 4.2, 122
2018-10-21 16:55:09 (6176826716792) STATS - 4.3, 106
2018-10-21 16:55:09 (6176826929201) STATS - 4.4, 83
2018-10-21 16:55:09 (6176827177611) STATS - 4.5, 100
2018-10-21 16:55:09 (6176827692333) STATS - 4.6, 99
2018-10-21 16:55:09 (6176827950344) STATS - 4.7, 93
2018-10-21 16:55:09 (6176828196655) STATS - 4.8, 100
2018-10-21 16:55:09 (6176828443565) STATS - 4.9, 91
2018-10-21 16:55:09 (6176834462621) STATS - 5.0, 89
2018-10-21 16:55:09 (6176834686631) STATS - 5.1, 102
2018-10-21 16:55:09 (6176835184452) STATS - 5.2, 71
2018-10-21 16:55:09 (6176835386961) STATS - 5.3, 81
2018-10-21 16:55:09 (6176835595470) STATS - 5.4, 78
2018-10-21 16:55:09 (6176835791778) STATS - 5.5, 69
2018-10-21 16:55:09 (6176836054789) STATS - 5.6, 79
2018-10-21 16:55:09 (6176836552610) STATS - 5.7, 115
2018-10-21 16:55:09 (6176836907525) STATS - 5.8, 110
2018-10-21 16:55:09 (6176837440748) STATS - 5.9, 131
2018-10-21 16:55:09 (6176837646757) STATS - 6.0, 275
2018-10-21 16:55:09 (6176837881767) STATS - 6.1, 336
2018-10-21 16:55:09 (6176838077375) STATS - 6.2, 317
2018-10-21 16:55:09 (6176838269783) STATS - 6.3, 317
2018-10-21 16:55:09 (6176838462592) STATS - 6.4, 324
2018-10-21 16:55:09 (6176838700502) STATS - 6.5, 278
2018-10-21 16:55:09 (6176838904010) STATS - 6.6, 266
2018-10-21 16:55:09 (6176839162921) STATS - 6.7, 203
2018-10-21 16:55:09 (6176845188978) STATS - 6.8, 215
2018-10-21 16:55:09 (6176845437788) STATS - 6.9, 166
2018-10-21 16:55:09 (6176845739301) STATS - 7.0, 142
2018-10-21 16:55:09 (6176845929909) STATS - 7.1, 122
2018-10-21 16:55:09 (6176846117117) STATS - 7.2, 108
2018-10-21 16:55:09 (6176846303825) STATS - 7.3, 73
2018-10-21 16:55:09 (6176846502934) STATS - 7.4, 59
2018-10-21 16:55:09 (6176846706342) STATS - 7.5, 61
2018-10-21 16:55:09 (6176846895050) STATS - 7.6, 63
2018-10-21 16:55:09 (6176847086959) STATS - 7.7, 47
2018-10-21 16:55:09 (6176847271666) STATS - 7.8, 41
2018-10-21 16:55:09 (6176847460674) STATS - 7.9, 48
2018-10-21 16:55:09 (6176847654683) STATS - 8.0, 52
2018-10-21 16:55:09 (6176847845591) STATS - 8.1, 26
2018-10-21 16:55:09 (6176848054700) STATS - 8.2, 28
2018-10-21 16:55:09 (6176848241508) STATS - 8.3, 29
2018-10-21 16:55:09 (6176848428316) STATS - 8.4, 29
2018-10-21 16:55:09 (6176848621424) STATS - 8.5, 23
2018-10-21 16:55:09 (6176848811532) STATS - 8.6, 17
2018-10-21 16:55:09 (6176848998440) STATS - 8.7, 11
2018-10-21 16:55:09 (6176855087699) STATS - 8.8, 11
2018-10-21 16:55:09 (6176855278407) STATS - 8.9, 11
2018-10-21 16:55:09 (6176855460215) STATS - 9.0, 16
2018-10-21 16:55:09 (6176855656023) STATS - 9.1, 10
2018-10-21 16:55:09 (6176855844031) STATS - 9.2, 18
2018-10-21 16:55:09 (6176856039839) STATS - 9.3, 8
2018-10-21 16:55:09 (6176856222847) STATS - 9.4, 15
2018-10-21 16:55:09 (6176856402555) STATS - 9.5, 17
2018-10-21 16:55:09 (6176856617264) STATS - 9.6, 18
2018-10-21 16:55:09 (6176856803772) STATS - 9.7, 12
2018-10-21 16:55:09 (6176857015881) STATS - 9.8, 20
2018-10-21 16:55:09 (6176857198589) STATS - 9.9, 44
2018-10-21 16:55:09 (6176857395097) STATS - 10.0, 56
2018-10-21 16:55:09 (6176857595006) STATS - 10.1, 19
2018-10-21 16:55:09 (6176857776413) STATS - 10.2, 13
2018-10-21 16:55:09 (6176857962621) STATS - 10.3, 7
2018-10-21 16:55:09 (6176858154429) STATS - 10.4, 8
2018-10-21 16:55:09 (6176858334437) STATS - 10.5, 10
2018-10-21 16:55:09 (6176858522945) STATS - 10.6, 13
2018-10-21 16:55:09 (6176858921162) STATS - 10.7, 9
2018-10-21 16:55:09 (6176864990820) STATS - 10.8, 12
2018-10-21 16:55:09 (6176865280433) STATS - 10.9, 8
2018-10-21 16:55:09 (6176865497042) STATS - 11.0, 13
2018-10-21 16:55:09 (6176865866558) STATS - 11.1, 3
2018-10-21 16:55:09 (6176866345178) STATS - 11.2, 5
2018-10-21 16:55:09 (6176866568187) STATS - 11.3, 10
2018-10-21 16:55:09 (6176866772396) STATS - 11.4, 7
2018-10-21 16:55:09 (6176866950604) STATS - 11.5, 3
2018-10-21 16:55:09 (6176867126511) STATS - 11.6, 4
2018-10-21 16:55:09 (6176867301219) STATS - 11.7, 3
2018-10-21 16:55:09 (6176867584031) STATS - 11.8, 9
2018-10-21 16:55:09 (6176868121353) STATS - 11.9, 6
2018-10-21 16:55:09 (6176868296961) STATS - 12.0, 4
2018-10-21 16:55:09 (6176868523871) STATS - 12.1, 5
2018-10-21 16:55:09 (6176868735580) STATS - 12.2, 0
2018-10-21 16:55:09 (6176868909487) STATS - 12.3, 1
2018-10-21 16:55:09 (6176874875641) STATS - 12.4, 2
2018-10-21 16:55:09 (6176875101150) STATS - 12.5, 5
2018-10-21 16:55:09 (6176875276658) STATS - 12.6, 0
2018-10-21 16:55:09 (6176875460566) STATS - 12.7, 2
2018-10-21 16:55:09 (6176875644274) STATS - 12.8, 1
2018-10-21 16:55:09 (6176875815481) STATS - 12.9, 0
2018-10-21 16:55:09 (6176875981688) STATS - 13.0, 1
2018-10-21 16:55:09 (6176876174096) STATS - 13.1, 0
2018-10-21 16:55:09 (6176876380605) STATS - 13.2, 1
2018-10-21 16:55:09 (6176876554812) STATS - 13.3, 2
2018-10-21 16:55:09 (6176876723919) STATS - 13.4, 2
2018-10-21 16:55:09 (6176876892727) STATS - 13.5, 1
2018-10-21 16:55:09 (6176877061334) STATS - 13.6, 6
2018-10-21 16:55:09 (6176877230041) STATS - 13.7, 3
2018-10-21 16:55:09 (6176877398048) STATS - 13.8, 1
2018-10-21 16:55:09 (6176877566055) STATS - 13.9, 2
2018-10-21 16:55:09 (6176877729962) STATS - 14.0, 4
2018-10-21 16:55:09 (6176877902370) STATS - 14.1, 0
2018-10-21 16:55:09 (6176878074077) STATS - 14.2, 1
2018-10-21 16:55:09 (6176878243084) STATS - 14.3, 1
2018-10-21 16:55:09 (6176878443493) STATS - 14.4, 1
2018-10-21 16:55:09 (6176878636501) STATS - 14.5, 3
2018-10-21 16:55:09 (6176878842210) STATS - 14.6, 1
2018-10-21 16:55:09 (6176884823664) STATS - 14.7, 3
2018-10-21 16:55:09 (6176885030373) STATS - 14.8, 3
2018-10-21 16:55:09 (6176885208880) STATS - 14.9, 0
2018-10-21 16:55:09 (6176885378188) STATS - 15.0, 1
2018-10-21 16:55:09 (6176885584396) STATS - 15.1, 2
2018-10-21 16:55:09 (6176885832707) STATS - 15.2, 1
2018-10-21 16:55:09 (6176886048616) STATS - 15.3, 0
2018-10-21 16:55:09 (6176886217623) STATS - 15.4, 1
2018-10-21 16:55:09 (6176886642641) STATS - 15.5, 1
2018-10-21 16:55:09 (6176886823149) STATS - 15.6, 0
2018-10-21 16:55:09 (6176886996957) STATS - 15.7, 4
2018-10-21 16:55:09 (6176887176064) STATS - 15.8, 1
2018-10-21 16:55:09 (6176887348571) STATS - 15.9, 0
2018-10-21 16:55:09 (6176887517279) STATS - 16.0, 0
2018-10-21 16:55:09 (6176887698486) STATS - 16.1, 0
2018-10-21 16:55:09 (6176887869994) STATS - 16.2, 0
2018-10-21 16:55:09 (6176888081103) STATS - 16.3, 1
2018-10-21 16:55:09 (6176888255910) STATS - 16.4, 1
2018-10-21 16:55:09 (6176888427417) STATS - 16.5, 0
2018-10-21 16:55:09 (6176888603125) STATS - 16.6, 1
2018-10-21 16:55:09 (6176888774432) STATS - 16.7, 1
2018-10-21 16:55:09 (6176894749886) STATS - 16.8, 2
2018-10-21 16:55:09 (6176894955495) STATS - 16.9, 0
2018-10-21 16:55:09 (6176895133503) STATS - 17.0, 0
2018-10-21 16:55:09 (6176895306010) STATS - 17.1, 0
2018-10-21 16:55:09 (6176895487718) STATS - 17.2, 0
2018-10-21 16:55:09 (6176895685126) STATS - 17.3, 0
2018-10-21 16:55:09 (6176895862134) STATS - 17.4, 0
2018-10-21 16:55:09 (6176896061442) STATS - 17.5, 0
2018-10-21 16:55:09 (6176896248550) STATS - 17.6, 0
2018-10-21 16:55:09 (6176896420457) STATS - 17.7, 1
2018-10-21 16:55:09 (6176896595665) STATS - 17.8, 2
2018-10-21 16:55:09 (6176896766972) STATS - 17.9, 1
2018-10-21 16:55:09 (6176896939280) STATS - 18.0, 4
2018-10-21 16:55:09 (6176897110287) STATS - 18.1, 2
2018-10-21 16:55:09 (6176897410800) STATS - 18.2, 1
2018-10-21 16:55:09 (6176897635409) STATS - 18.3, 1
2018-10-21 16:55:09 (6176897811117) STATS - 18.4, 0
2018-10-21 16:55:09 (6176897985724) STATS - 18.5, 1
2018-10-21 16:55:09 (6176898157431) STATS - 18.6, 2
2018-10-21 16:55:09 (6176898330139) STATS - 18.7, 0
2018-10-21 16:55:09 (6176898505946) STATS - 18.8, 1
2018-10-21 16:55:09 (6176898688454) STATS - 18.9, 0
2018-10-21 16:55:09 (6176898856361) STATS - 19.0, 0
2018-10-21 16:55:09 (6176905060025) STATS - 19.1, 0
2018-10-21 16:55:09 (6176905265634) STATS - 19.2, 0
2018-10-21 16:55:09 (6176905433541) STATS - 19.3, 0
2018-10-21 16:55:09 (6176905599048) STATS - 19.4, 0
2018-10-21 16:55:09 (6176905760255) STATS - 19.5, 0
2018-10-21 16:55:09 (6176905921862) STATS - 19.6, 0
2018-10-21 16:55:09 (6176906083869) STATS - 19.7, 0
2018-10-21 16:55:09 (6176906350480) STATS - 19.8, 0
2018-10-21 16:55:09 (6176906518087) STATS - 19.9, 0
2018-10-21 16:55:09 (6176906677594) STATS - 20.0, 0
2018-10-21 16:55:09 (6176906839201) STATS - 20.1, 3
2018-10-21 16:55:09 (6176907000908) STATS - 20.2, 1
2018-10-21 16:55:09 (6176907160714) STATS - 20.3, 0
2018-10-21 16:55:09 (6176907325321) STATS - 20.4, 1
2018-10-21 16:55:09 (6176907486828) STATS - 20.5, 0
2018-10-21 16:55:09 (6176907653735) STATS - 20.6, 0
2018-10-21 16:55:09 (6176907815642) STATS - 20.7, 1
2018-10-21 16:55:09 (6176907976349) STATS - 20.8, 0
2018-10-21 16:55:09 (6176908179258) STATS - 20.9, 0
2018-10-21 16:55:09 (6176908347165) STATS - 21.0, 0
2018-10-21 16:55:09 (6176908523072) STATS - 21.1, 0
2018-10-21 16:55:09 (6176908712480) STATS - 21.2, 0
2018-10-21 16:55:09 (6176914660133) STATS - 21.3, 0
2018-10-21 16:55:09 (6176914906744) STATS - 21.4, 0
2018-10-21 16:55:09 (6176915072351) STATS - 21.5, 0
2018-10-21 16:55:09 (6176915238658) STATS - 21.6, 0
2018-10-21 16:55:09 (6176915401565) STATS - 21.7, 0
2018-10-21 16:55:09 (6176915561672) STATS - 21.8, 0
2018-10-21 16:55:09 (6176915725679) STATS - 21.9, 0
2018-10-21 16:55:09 (6176915883486) STATS - 22.0, 0
2018-10-21 16:55:09 (6176916062793) STATS - 22.1, 0
2018-10-21 16:55:09 (6176916235100) STATS - 22.2, 0
2018-10-21 16:55:09 (6176916395307) STATS - 22.3, 0
2018-10-21 16:55:09 (6176916556114) STATS - 22.4, 0
2018-10-21 16:55:09 (6176916724221) STATS - 22.5, 0
2018-10-21 16:55:09 (6176916884828) STATS - 22.6, 1
2018-10-21 16:55:09 (6176917048735) STATS - 22.7, 0
2018-10-21 16:55:09 (6176917210342) STATS - 22.8, 0
2018-10-21 16:55:09 (6176917370249) STATS - 22.9, 0
2018-10-21 16:55:09 (6176917526255) STATS - 23.0, 0
2018-10-21 16:55:09 (6176917685362) STATS - 23.1, 2
2018-10-21 16:55:09 (6176917897071) STATS - 23.2, 0
2018-10-21 16:55:09 (6176918058078) STATS - 23.3, 0
2018-10-21 16:55:09 (6176918230285) STATS - 23.4, 0
2018-10-21 16:55:09 (6176918390192) STATS - 23.5, 0
2018-10-21 16:55:09 (6176918576900) STATS - 23.6, 0
2018-10-21 16:55:09 (6176924870068) STATS - 23.7, 0
2018-10-21 16:55:09 (6176925148580) STATS - 23.8, 0
2018-10-21 16:55:09 (6176925375189) STATS - 23.9, 0
2018-10-21 16:55:09 (6176925625900) STATS - 24.0, 0
2018-10-21 16:55:09 (6176925863910) STATS - 24.1, 0
2018-10-21 16:55:09 (6176926009116) STATS - 24.2, 0
2018-10-21 16:55:09 (6176926167023) STATS - 24.3, 0
2018-10-21 16:55:09 (6176926324330) STATS - 24.4, 0
2018-10-21 16:55:09 (6176926481136) STATS - 24.5, 0
2018-10-21 16:55:09 (6176926638143) STATS - 24.6, 0
2018-10-21 16:55:09 (6176926792950) STATS - 24.7, 0
2018-10-21 16:55:09 (6176926950856) STATS - 24.8, 0
2018-10-21 16:55:09 (6176927106863) STATS - 24.9, 0
2018-10-21 16:55:09 (6176927258869) STATS - 25.0, 0
2018-10-21 16:55:09 (6176927414576) STATS - 25.1, 0
2018-10-21 16:55:09 (6176927570683) STATS - 25.2, 0
2018-10-21 16:55:09 (6176927725889) STATS - 25.3, 0
2018-10-21 16:55:09 (6176927881796) STATS - 25.4, 0
2018-10-21 16:55:09 (6176928074704) STATS - 25.5, 0
2018-10-21 16:55:09 (6176928244911) STATS - 25.6, 0
2018-10-21 16:55:09 (6176928402718) STATS - 25.7, 0
2018-10-21 16:55:09 (6176928694431) STATS - 25.8, 0
2018-10-21 16:55:09 (6176934680385) STATS - 25.9, 0
2018-10-21 16:55:09 (6176934962197) STATS - 26.0, 0
2018-10-21 16:55:09 (6176935160306) STATS - 26.1, 0
2018-10-21 16:55:09 (6176935316512) STATS - 26.2, 0
2018-10-21 16:55:09 (6176935470419) STATS - 26.3, 0
2018-10-21 16:55:09 (6176935626025) STATS - 26.4, 0
2018-10-21 16:55:09 (6176935783332) STATS - 26.5, 0
2018-10-21 16:55:09 (6176935937339) STATS - 26.6, 0
2018-10-21 16:55:09 (6176936113046) STATS - 26.7, 0
2018-10-21 16:55:09 (6176936271253) STATS - 26.8, 0
2018-10-21 16:55:09 (6176936429460) STATS - 26.9, 0
2018-10-21 16:55:09 (6176936636968) STATS - 27.0, 0
2018-10-21 16:55:09 (6176936793975) STATS - 27.1, 0
2018-10-21 16:55:09 (6176936999084) STATS - 27.2, 0
2018-10-21 16:55:09 (6176937158491) STATS - 27.3, 0
2018-10-21 16:55:09 (6176937312197) STATS - 27.4, 0
2018-10-21 16:55:09 (6176937465104) STATS - 27.5, 0
2018-10-21 16:55:09 (6176937619510) STATS - 27.6, 0
2018-10-21 16:55:09 (6176937778017) STATS - 27.7, 0
2018-10-21 16:55:09 (6176937935024) STATS - 27.8, 0
2018-10-21 16:55:09 (6176938089930) STATS - 27.9, 0
2018-10-21 16:55:09 (6176938240337) STATS - 28.0, 0
2018-10-21 16:55:09 (6176938394343) STATS - 28.1, 0
2018-10-21 16:55:09 (6176938584751) STATS - 28.2, 0
2018-10-21 16:55:09 (6176944701912) STATS - 28.3, 0
2018-10-21 16:55:09 (6176944959423) STATS - 28.4, 0
2018-10-21 16:55:09 (6176945107229) STATS - 28.5, 1
2018-10-21 16:55:09 (6176945262635) STATS - 28.6, 0
2018-10-21 16:55:09 (6176945407442) STATS - 28.7, 0
2018-10-21 16:55:09 (6176945550248) STATS - 28.8, 0
2018-10-21 16:55:09 (6176945703754) STATS - 28.9, 0
2018-10-21 16:55:09 (6176945843860) STATS - 29.0, 0
2018-10-21 16:55:09 (6176945994067) STATS - 29.1, 0
2018-10-21 16:55:09 (6176946142773) STATS - 29.2, 0
2018-10-21 16:55:09 (6176946285279) STATS - 29.3, 0
2018-10-21 16:55:09 (6176946427985) STATS - 29.4, 0
2018-10-21 16:55:09 (6176946570691) STATS - 29.5, 0
2018-10-21 16:55:09 (6176946722498) STATS - 29.6, 0
2018-10-21 16:55:09 (6176946897205) STATS - 29.7, 0
2018-10-21 16:55:09 (6176947045611) STATS - 29.8, 0
2018-10-21 16:55:09 (6176947188317) STATS - 29.9, 0
2018-10-21 16:55:09 (6176947333624) STATS - 30.0, 0
2018-10-21 16:55:09 (6176947496330) STATS - 30.1, 0
2018-10-21 16:55:09 (6176947644837) STATS - 30.2, 0
2018-10-21 16:55:09 (6176947798243) STATS - 30.3, 0
2018-10-21 16:55:09 (6176947956650) STATS - 30.4, 0
2018-10-21 16:55:09 (6176948123457) STATS - 30.5, 0
2018-10-21 16:55:09 (6176948289664) STATS - 30.6, 0
2018-10-21 16:55:09 (6176948435470) STATS - 30.7, 0
2018-10-21 16:55:09 (6176948584677) STATS - 30.8, 0
2018-10-21 16:55:09 (6176954651235) STATS - 30.9, 0
2018-10-21 16:55:09 (6176954798241) STATS - 31.0, 0
2018-10-21 16:55:09 (6176954940147) STATS - 31.1, 0
2018-10-21 16:55:09 (6176955081253) STATS - 31.2, 0
2018-10-21 16:55:09 (6176955221159) STATS - 31.3, 0
2018-10-21 16:55:09 (6176955367265) STATS - 31.4, 0
2018-10-21 16:55:09 (6176955511771) STATS - 31.5, 0
2018-10-21 16:55:09 (6176955653178) STATS - 31.6, 0
2018-10-21 16:55:09 (6176955792583) STATS - 31.7, 0
2018-10-21 16:55:09 (6176955931589) STATS - 31.8, 0
2018-10-21 16:55:09 (6176956089296) STATS - 31.9, 0
2018-10-21 16:55:09 (6176956225802) STATS - 32.0, 0
2018-10-21 16:55:09 (6176956371708) STATS - 32.1, 0
2018-10-21 16:55:09 (6176956511114) STATS - 32.2, 0
2018-10-21 16:55:09 (6176956656420) STATS - 32.3, 0
2018-10-21 16:55:09 (6176956796726) STATS - 32.4, 0
2018-10-21 16:55:09 (6176956941332) STATS - 32.5, 0
2018-10-21 16:55:09 (6176957097639) STATS - 32.6, 0
2018-10-21 16:55:09 (6176957215544) STATS - 32.7, 0
2018-10-21 16:55:09 (6176957354550) STATS - 32.8, 0
2018-10-21 16:55:09 (6176957494756) STATS - 32.9, 0
2018-10-21 16:55:09 (6176957630762) STATS - 33.0, 0
2018-10-21 16:55:09 (6176957792769) STATS - 33.1, 0
2018-10-21 16:55:09 (6176957936075) STATS - 33.2, 0
2018-10-21 16:55:09 (6176958075481) STATS - 33.3, 0
2018-10-21 16:55:09 (6176958215287) STATS - 33.4, 0
2018-10-21 16:55:09 (6176958354392) STATS - 33.5, 0
2018-10-21 16:55:09 (6176958492698) STATS - 33.6, 0
2018-10-21 16:55:10 (6176964549956) STATS - 33.7, 1
2018-10-21 16:55:10 (6176964704363) STATS - 33.8, 0
2018-10-21 16:55:10 (6176964841468) STATS - 33.9, 0
2018-10-21 16:55:10 (6176964978774) STATS - 34.0, 0
2018-10-21 16:55:10 (6176965112180) STATS - 34.1, 0
2018-10-21 16:55:10 (6176965245986) STATS - 34.2, 0
2018-10-21 16:55:10 (6176965378691) STATS - 34.3, 0
2018-10-21 16:55:10 (6176965512697) STATS - 34.4, 0
2018-10-21 16:55:10 (6176965646503) STATS - 34.5, 0
2018-10-21 16:55:10 (6176965778208) STATS - 34.6, 0
2018-10-21 16:55:10 (6176965948216) STATS - 34.7, 0
2018-10-21 16:55:10 (6176966088221) STATS - 34.8, 0
2018-10-21 16:55:10 (6176966222127) STATS - 34.9, 0
2018-10-21 16:55:10 (6176966404735) STATS - 35.0, 0
2018-10-21 16:55:10 (6176966539941) STATS - 35.1, 0
2018-10-21 16:55:10 (6176966673146) STATS - 35.2, 0
2018-10-21 16:55:10 (6176966838153) STATS - 35.3, 0
2018-10-21 16:55:10 (6176967276872) STATS - 35.4, 0
2018-10-21 16:55:10 (6176967455080) STATS - 35.5, 1
2018-10-21 16:55:10 (6176967599286) STATS - 35.6, 0
2018-10-21 16:55:10 (6176967735292) STATS - 35.7, 0
2018-10-21 16:55:10 (6176967899299) STATS - 35.8, 0
2018-10-21 16:55:10 (6176968078606) STATS - 35.9, 0
2018-10-21 16:55:10 (6176968262414) STATS - 36.0, 0
2018-10-21 16:55:10 (6176968396220) STATS - 36.1, 0
2018-10-21 16:55:10 (6176974380074) STATS - 36.2, 0
2018-10-21 16:55:10 (6176974556482) STATS - 36.3, 0
2018-10-21 16:55:10 (6176974716088) STATS - 36.4, 0
2018-10-21 16:55:10 (6176974873595) STATS - 36.5, 0
2018-10-21 16:55:10 (6176974991500) STATS - 36.6, 0
2018-10-21 16:55:10 (6176975179708) STATS - 36.7, 0
2018-10-21 16:55:10 (6176975332715) STATS - 36.8, 0
2018-10-21 16:55:10 (6176975829036) STATS - 36.9, 0
2018-10-21 16:55:10 (6176975930540) STATS - 37.0, 0
2018-10-21 16:55:10 (6176976054645) STATS - 37.1, 0
2018-10-21 16:55:10 (6176976183851) STATS - 37.2, 0
2018-10-21 16:55:10 (6176976294855) STATS - 37.3, 0
2018-10-21 16:55:10 (6176976398460) STATS - 37.4, 0
2018-10-21 16:55:10 (6176976500964) STATS - 37.5, 0
2018-10-21 16:55:10 (6176976627270) STATS - 37.6, 0
2018-10-21 16:55:10 (6176976734074) STATS - 37.7, 0
2018-10-21 16:55:10 (6176976836579) STATS - 37.8, 0
2018-10-21 16:55:10 (6176976939683) STATS - 37.9, 0
2018-10-21 16:55:10 (6176977039087) STATS - 38.0, 0
2018-10-21 16:55:10 (6176977141591) STATS - 38.1, 0
2018-10-21 16:55:10 (6176977243996) STATS - 38.2, 0
2018-10-21 16:55:10 (6176977351400) STATS - 38.3, 0
2018-10-21 16:55:10 (6176977461805) STATS - 38.4, 0
2018-10-21 16:55:10 (6176977571010) STATS - 38.5, 0
2018-10-21 16:55:10 (6176977678414) STATS - 38.6, 0
2018-10-21 16:55:10 (6176977785119) STATS - 38.7, 0
2018-10-21 16:55:10 (6176977887823) STATS - 38.8, 0
2018-10-21 16:55:10 (6176977990128) STATS - 38.9, 0
2018-10-21 16:55:10 (6176978088532) STATS - 39.0, 0
2018-10-21 16:55:10 (6176978190936) STATS - 39.1, 0
2018-10-21 16:55:10 (6176978292340) STATS - 39.2, 0
2018-10-21 16:55:10 (6176978394545) STATS - 39.3, 0
2018-10-21 16:55:10 (6176978496549) STATS - 39.4, 0
2018-10-21 16:55:10 (6176978599653) STATS - 39.5, 0
2018-10-21 16:55:10 (6176978701958) STATS - 39.6, 0
2018-10-21 16:55:10 (6176984657411) STATS - 39.7, 0
2018-10-21 16:55:10 (6176984827218) STATS - 39.8, 0
2018-10-21 16:55:10 (6176984958624) STATS - 39.9, 0
2018-10-21 16:55:10 (6176985084129) STATS - 40.0, 0
2018-10-21 16:55:10 (6176985214535) STATS - 40.1, 0
2018-10-21 16:55:10 (6176985340840) STATS - 40.2, 0
2018-10-21 16:55:10 (6176985467245) STATS - 40.3, 0
2018-10-21 16:55:10 (6176985603451) STATS - 40.4, 0
2018-10-21 16:55:10 (6176985777159) STATS - 40.5, 0
2018-10-21 16:55:10 (6176985911264) STATS - 40.6, 0
2018-10-21 16:55:10 (6176986055970) STATS - 40.7, 0
2018-10-21 16:55:10 (6176986181476) STATS - 40.8, 0
2018-10-21 16:55:10 (6176986306081) STATS - 40.9, 0
2018-10-21 16:55:10 (6176986427086) STATS - 41.0, 0
2018-10-21 16:55:10 (6176986554992) STATS - 41.1, 0
2018-10-21 16:55:10 (6176986678997) STATS - 41.2, 0
2018-10-21 16:55:10 (6176986803202) STATS - 41.3, 0
2018-10-21 16:55:10 (6176986927708) STATS - 41.4, 0
2018-10-21 16:55:10 (6176987051713) STATS - 41.5, 0
2018-10-21 16:55:10 (6176987200319) STATS - 41.6, 0
2018-10-21 16:55:10 (6176987325124) STATS - 41.7, 0
2018-10-21 16:55:10 (6176987448230) STATS - 41.8, 0
2018-10-21 16:55:10 (6176987572535) STATS - 41.9, 0
2018-10-21 16:55:10 (6176987711841) STATS - 42.0, 0
2018-10-21 16:55:10 (6176987835046) STATS - 42.1, 0
2018-10-21 16:55:10 (6176987958251) STATS - 42.2, 0
2018-10-21 16:55:10 (6176988100257) STATS - 42.3, 0
2018-10-21 16:55:10 (6176988224063) STATS - 42.4, 0
2018-10-21 16:55:10 (6176988346768) STATS - 42.5, 0
2018-10-21 16:55:10 (6176988470073) STATS - 42.6, 0
2018-10-21 16:55:10 (6176988697383) STATS - 42.7, 0
2018-10-21 16:55:10 (6176994659536) STATS - 42.8, 0
2018-10-21 16:55:10 (6176994844944) STATS - 42.9, 0
2018-10-21 16:55:10 (6176994980350) STATS - 43.0, 0
2018-10-21 16:55:10 (6176995116656) STATS - 43.1, 0
2018-10-21 16:55:10 (6176995264762) STATS - 43.2, 0
2018-10-21 16:55:10 (6176995389667) STATS - 43.3, 0
2018-10-21 16:55:10 (6176995511673) STATS - 43.4, 0
2018-10-21 16:55:10 (6176995635178) STATS - 43.5, 0
2018-10-21 16:55:10 (6176995895489) STATS - 43.6, 0
2018-10-21 16:55:10 (6176996042095) STATS - 43.7, 0
2018-10-21 16:55:10 (6176996169701) STATS - 43.8, 0
2018-10-21 16:55:10 (6176996293106) STATS - 43.9, 0
2018-10-21 16:55:10 (6176996411911) STATS - 44.0, 0
2018-10-21 16:55:10 (6176996533616) STATS - 44.1, 0
2018-10-21 16:55:10 (6176996656221) STATS - 44.2, 0
2018-10-21 16:55:10 (6176996777926) STATS - 44.3, 0
2018-10-21 16:55:10 (6176996900732) STATS - 44.4, 0
2018-10-21 16:55:10 (6176997023237) STATS - 44.5, 0
2018-10-21 16:55:10 (6176997145542) STATS - 44.6, 0
2018-10-21 16:55:10 (6176997267947) STATS - 44.7, 0
2018-10-21 16:55:10 (6176997397953) STATS - 44.8, 0
2018-10-21 16:55:10 (6176997526358) STATS - 44.9, 0
2018-10-21 16:55:10 (6176997645563) STATS - 45.0, 0
2018-10-21 16:55:10 (6176997767868) STATS - 45.1, 0
2018-10-21 16:55:10 (6176997890074) STATS - 45.2, 0
2018-10-21 16:55:10 (6176998012379) STATS - 45.3, 0
2018-10-21 16:55:10 (6176998134784) STATS - 45.4, 0
2018-10-21 16:55:10 (6176998256889) STATS - 45.5, 0
2018-10-21 16:55:10 (6176998378794) STATS - 45.6, 0
2018-10-21 16:55:10 (6176998500500) STATS - 45.7, 0
2018-10-21 16:55:10 (6176998623205) STATS - 45.8, 0
2018-10-21 16:55:10 (6177004617260) STATS - 45.9, 0
2018-10-21 16:55:10 (6177004798367) STATS - 46.0, 0
2018-10-21 16:55:10 (6177004922373) STATS - 46.1, 0
2018-10-21 16:55:10 (6177005040378) STATS - 46.2, 0
2018-10-21 16:55:10 (6177005159183) STATS - 46.3, 0
2018-10-21 16:55:10 (6177005254787) STATS - 46.4, 0
2018-10-21 16:55:10 (6177005410793) STATS - 46.5, 0
2018-10-21 16:55:10 (6177005549899) STATS - 46.6, 0
2018-10-21 16:55:10 (6177005673605) STATS - 46.7, 0
2018-10-21 16:55:10 (6177005776109) STATS - 46.8, 0
2018-10-21 16:55:10 (6177005899714) STATS - 46.9, 0
2018-10-21 16:55:10 (6177006014619) STATS - 47.0, 0
2018-10-21 16:55:10 (6177006129624) STATS - 47.1, 0
2018-10-21 16:55:10 (6177006250129) STATS - 47.2, 0
2018-10-21 16:55:10 (6177006370234) STATS - 47.3, 0
2018-10-21 16:55:10 (6177006492439) STATS - 47.4, 0
2018-10-21 16:55:10 (6177006713649) STATS - 47.5, 0
2018-10-21 16:55:10 (6177006839854) STATS - 47.6, 0
2018-10-21 16:55:10 (6177006956159) STATS - 47.7, 0
2018-10-21 16:55:10 (6177007125366) STATS - 47.8, 0
2018-10-21 16:55:10 (6177007246671) STATS - 47.9, 0
2018-10-21 16:55:10 (6177007363176) STATS - 48.0, 0
2018-10-21 16:55:10 (6177007480081) STATS - 48.1, 0
2018-10-21 16:55:10 (6177007638988) STATS - 48.2, 0
2018-10-21 16:55:10 (6177007765894) STATS - 48.3, 0
2018-10-21 16:55:10 (6177007883399) STATS - 48.4, 0
2018-10-21 16:55:10 (6177007977903) STATS - 48.5, 0
2018-10-21 16:55:10 (6177008176711) STATS - 48.6, 0
2018-10-21 16:55:10 (6177008306217) STATS - 48.7, 0
2018-10-21 16:55:10 (6177008423622) STATS - 48.8, 0
2018-10-21 16:55:10 (6177008553827) STATS - 48.9, 0
2018-10-21 16:55:10 (6177014477979) STATS - 49.0, 0
2018-10-21 16:55:10 (6177014733290) STATS - 49.1, 0
2018-10-21 16:55:10 (6177015001501) STATS - 49.2, 0
2018-10-21 16:55:10 (6177015156008) STATS - 49.3, 0
2018-10-21 16:55:10 (6177015325515) STATS - 49.4, 0
2018-10-21 16:55:10 (6177015653529) STATS - 49.5, 0
2018-10-21 16:55:10 (6177015937341) STATS - 49.6, 0
2018-10-21 16:55:10 (6177016088847) STATS - 49.7, 0
2018-10-21 16:55:10 (6177016178451) STATS - 49.8, 0
2018-10-21 16:55:10 (6177016285956) STATS - 49.9, 0
2018-10-21 16:55:10 (6177016369459) STATS - 50.0, 0
2018-10-21 16:55:10 (6177016475264) STATS - 50.1, 0
2018-10-21 16:55:10 (6177016563068) STATS - 50.2, 0
2018-10-21 16:55:10 (6177016668472) STATS - 50.3, 0
2018-10-21 16:55:10 (6177016800978) STATS - 50.4, 0
2018-10-21 16:55:10 (6177016886581) STATS - 50.5, 0
2018-10-21 16:55:10 (6177016991986) STATS - 50.6, 0
2018-10-21 16:55:10 (6177017136692) STATS - 50.7, 0
2018-10-21 16:55:10 (6177017265397) STATS - 50.8, 0
2018-10-21 16:55:10 (6177017370602) STATS - 50.9, 0
2018-10-21 16:55:10 (6177017473306) STATS - 51.0, 0
2018-10-21 16:55:10 (6177017671515) STATS - 51.1, 0
2018-10-21 16:55:10 (6177017860623) STATS - 51.2, 0
2018-10-21 16:55:10 (6177018013729) STATS - 51.3, 0
2018-10-21 16:55:10 (6177018124734) STATS - 51.4, 0
2018-10-21 16:55:10 (6177018216338) STATS - 51.5, 0
2018-10-21 16:55:10 (6177018320442) STATS - 51.6, 0
2018-10-21 16:55:10 (6177018405346) STATS - 51.7, 0
2018-10-21 16:55:10 (6177018508750) STATS - 51.8, 0
2018-10-21 16:55:10 (6177018594254) STATS - 51.9, 0
2018-10-21 16:55:10 (6177024575308) STATS - 52.0, 0
2018-10-21 16:55:10 (6177024689613) STATS - 52.1, 0
2018-10-21 16:55:10 (6177024796018) STATS - 52.2, 0
2018-10-21 16:55:10 (6177024890922) STATS - 52.3, 0
2018-10-21 16:55:10 (6177025026527) STATS - 52.4, 0
2018-10-21 16:55:10 (6177025134032) STATS - 52.5, 0
2018-10-21 16:55:10 (6177025223536) STATS - 52.6, 0
2018-10-21 16:55:10 (6177025327540) STATS - 52.7, 0
2018-10-21 16:55:10 (6177025409644) STATS - 52.8, 0
2018-10-21 16:55:10 (6177025518148) STATS - 52.9, 0
2018-10-21 16:55:10 (6177025689256) STATS - 53.0, 0
2018-10-21 16:55:10 (6177025774559) STATS - 53.1, 0
2018-10-21 16:55:10 (6177025875464) STATS - 53.2, 0
2018-10-21 16:55:10 (6177025964167) STATS - 53.3, 0
2018-10-21 16:55:10 (6177026071572) STATS - 53.4, 0
2018-10-21 16:55:10 (6177026154875) STATS - 53.5, 0
2018-10-21 16:55:10 (6177026256080) STATS - 53.6, 0
2018-10-21 16:55:10 (6177026334283) STATS - 53.7, 0
2018-10-21 16:55:10 (6177026465289) STATS - 53.8, 0
2018-10-21 16:55:10 (6177026587894) STATS - 53.9, 0
2018-10-21 16:55:10 (6177026663497) STATS - 54.0, 0
2018-10-21 16:55:10 (6177026764101) STATS - 54.1, 0
2018-10-21 16:55:10 (6177026897107) STATS - 54.2, 0
2018-10-21 16:55:10 (6177027002411) STATS - 54.3, 0
2018-10-21 16:55:10 (6177027128817) STATS - 54.4, 0
2018-10-21 16:55:10 (6177027230321) STATS - 54.5, 0
2018-10-21 16:55:10 (6177027335726) STATS - 54.6, 0
2018-10-21 16:55:10 (6177027435530) STATS - 54.7, 0
2018-10-21 16:55:10 (6177027536834) STATS - 54.8, 0
2018-10-21 16:55:10 (6177027636838) STATS - 54.9, 0
2018-10-21 16:55:10 (6177027734143) STATS - 55.0, 0
2018-10-21 16:55:10 (6177027834047) STATS - 55.1, 0
2018-10-21 16:55:10 (6177027956652) STATS - 55.2, 0
2018-10-21 16:55:10 (6177028090258) STATS - 55.3, 0
2018-10-21 16:55:10 (6177028192862) STATS - 55.4, 0
2018-10-21 16:55:10 (6177028293066) STATS - 55.5, 0
2018-10-21 16:55:10 (6177028392871) STATS - 55.6, 0
2018-10-21 16:55:10 (6177028492775) STATS - 55.7, 0
2018-10-21 16:55:10 (6177034430227) STATS - 55.8, 0
2018-10-21 16:55:10 (6177034542232) STATS - 55.9, 0
2018-10-21 16:55:10 (6177034622435) STATS - 56.0, 0
2018-10-21 16:55:10 (6177034721940) STATS - 56.1, 0
2018-10-21 16:55:10 (6177034810543) STATS - 56.2, 0
2018-10-21 16:55:10 (6177034948349) STATS - 56.3, 0
2018-10-21 16:55:10 (6177035071455) STATS - 56.4, 0
2018-10-21 16:55:10 (6177035174959) STATS - 56.5, 0
2018-10-21 16:55:10 (6177035286764) STATS - 56.6, 0
2018-10-21 16:55:10 (6177035392568) STATS - 56.7, 0
2018-10-21 16:55:10 (6177035497273) STATS - 56.8, 0
2018-10-21 16:55:10 (6177035598677) STATS - 56.9, 0
2018-10-21 16:55:10 (6177035695981) STATS - 57.0, 0
2018-10-21 16:55:10 (6177035794685) STATS - 57.1, 0
2018-10-21 16:55:10 (6177035893189) STATS - 57.2, 0
2018-10-21 16:55:10 (6177035993094) STATS - 57.3, 0
2018-10-21 16:55:10 (6177036113099) STATS - 57.4, 0
2018-10-21 16:55:10 (6177036190502) STATS - 57.5, 0
2018-10-21 16:55:10 (6177036265605) STATS - 57.6, 0
2018-10-21 16:55:10 (6177036340308) STATS - 57.7, 0
2018-10-21 16:55:10 (6177036440013) STATS - 57.8, 0
2018-10-21 16:55:10 (6177036539617) STATS - 57.9, 0
2018-10-21 16:55:10 (6177036637021) STATS - 58.0, 0
2018-10-21 16:55:10 (6177036737025) STATS - 58.1, 0
2018-10-21 16:55:10 (6177036836430) STATS - 58.2, 0
2018-10-21 16:55:10 (6177036935934) STATS - 58.3, 0
2018-10-21 16:55:10 (6177037035838) STATS - 58.4, 0
2018-10-21 16:55:10 (6177037224246) STATS - 58.5, 0
2018-10-21 16:55:10 (6177037350051) STATS - 58.6, 0
2018-10-21 16:55:10 (6177037449856) STATS - 58.7, 0
2018-10-21 16:55:10 (6177037549460) STATS - 58.8, 0
2018-10-21 16:55:10 (6177037648564) STATS - 58.9, 0
2018-10-21 16:55:10 (6177037749868) STATS - 59.0, 0
2018-10-21 16:55:10 (6177037849073) STATS - 59.1, 0
2018-10-21 16:55:10 (6177038061482) STATS - 59.2, 0
2018-10-21 16:55:10 (6177038161086) STATS - 59.3, 0
2018-10-21 16:55:10 (6177038260590) STATS - 59.4, 0
2018-10-21 16:55:10 (6177038359994) STATS - 59.5, 0
2018-10-21 16:55:10 (6177038458699) STATS - 59.6, 0
2018-10-21 16:55:10 (6177044397851) STATS - 59.7, 0
2018-10-21 16:55:10 (6177044505656) STATS - 59.8, 0
2018-10-21 16:55:10 (6177044583059) STATS - 59.9, 0
2018-10-21 16:55:10 (6177044681263) STATS - 60.0, 0
2018-10-21 16:55:10 (6177044756966) STATS - 60.1, 0
2018-10-21 16:55:10 (6177044854070) STATS - 60.2, 0
2018-10-21 16:55:10 (6177044930374) STATS - 60.3, 0
2018-10-21 16:55:10 (6177045028378) STATS - 60.4, 0
2018-10-21 16:55:10 (6177045103981) STATS - 60.5, 0
2018-10-21 16:55:10 (6177045200985) STATS - 60.6, 0
2018-10-21 16:55:10 (6177045306090) STATS - 60.7, 0
2018-10-21 16:55:10 (6177045381893) STATS - 60.8, 0
2018-10-21 16:55:10 (6177045479597) STATS - 60.9, 0
2018-10-21 16:55:10 (6177045558300) STATS - 61.0, 0
2018-10-21 16:55:10 (6177045654905) STATS - 61.1, 0
2018-10-21 16:55:10 (6177045730508) STATS - 61.2, 0
2018-10-21 16:55:10 (6177045832812) STATS - 61.3, 0
2018-10-21 16:55:10 (6177045917516) STATS - 61.4, 0
2018-10-21 16:55:10 (6177046016020) STATS - 61.5, 0
2018-10-21 16:55:10 (6177046092223) STATS - 61.6, 0
2018-10-21 16:55:10 (6177046189627) STATS - 61.7, 0
2018-10-21 16:55:10 (6177046288431) STATS - 61.8, 0
2018-10-21 16:55:10 (6177046392536) STATS - 61.9, 0
2018-10-21 16:55:10 (6177046489340) STATS - 62.0, 0
2018-10-21 16:55:10 (6177046591944) STATS - 62.1, 0
2018-10-21 16:55:10 (6177046690749) STATS - 62.2, 0
2018-10-21 16:55:10 (6177046853855) STATS - 62.3, 0
2018-10-21 16:55:10 (6177046978461) STATS - 62.4, 0
2018-10-21 16:55:10 (6177047080665) STATS - 62.5, 0
2018-10-21 16:55:10 (6177047180569) STATS - 62.6, 0
2018-10-21 16:55:10 (6177047278774) STATS - 62.7, 0
2018-10-21 16:55:10 (6177047377978) STATS - 62.8, 0
2018-10-21 16:55:10 (6177047476982) STATS - 62.9, 0
2018-10-21 16:55:10 (6177047578286) STATS - 63.0, 0
2018-10-21 16:55:10 (6177047678091) STATS - 63.1, 0
2018-10-21 16:55:10 (6177047806396) STATS - 63.2, 0
2018-10-21 16:55:10 (6177047911700) STATS - 63.3, 0
2018-10-21 16:55:10 (6177048059507) STATS - 63.4, 0
2018-10-21 16:55:10 (6177048166811) STATS - 63.5, 0
2018-10-21 16:55:10 (6177048269516) STATS - 63.6, 0
2018-10-21 16:55:10 (6177048366420) STATS - 63.7, 0
2018-10-21 16:55:10 (6177054377775) STATS - 63.8, 0
2018-10-21 16:55:10 (6177054529982) STATS - 63.9, 0
2018-10-21 16:55:10 (6177054669388) STATS - 64.0, 0
2018-10-21 16:55:10 (6177054775592) STATS - 64.1, 0
2018-10-21 16:55:10 (6177054869896) STATS - 64.2, 0
2018-10-21 16:55:10 (6177054993102) STATS - 64.3, 0
2018-10-21 16:55:10 (6177055087206) STATS - 64.4, 0
2018-10-21 16:55:10 (6177055319715) STATS - 64.5, 0
2018-10-21 16:55:10 (6177055495723) STATS - 64.6, 0
2018-10-21 16:55:10 (6177055719932) STATS - 64.7, 0
2018-10-21 16:55:10 (6177055814636) STATS - 64.8, 0
2018-10-21 16:55:10 (6177056019345) STATS - 64.9, 0
2018-10-21 16:55:10 (6177056122850) STATS - 65.0, 0
2018-10-21 16:55:10 (6177056216354) STATS - 65.1, 0
2018-10-21 16:55:10 (6177056376760) STATS - 65.2, 0
2018-10-21 16:55:10 (6177056532167) STATS - 65.3, 0
2018-10-21 16:55:10 (6177056664073) STATS - 65.4, 0
2018-10-21 16:55:10 (6177056759377) STATS - 65.5, 0
2018-10-21 16:55:10 (6177056851981) STATS - 65.6, 0
2018-10-21 16:55:10 (6177056994787) STATS - 65.7, 0
2018-10-21 16:55:10 (6177057215496) STATS - 65.8, 0
2018-10-21 16:55:10 (6177057310900) STATS - 65.9, 0
2018-10-21 16:55:10 (6177057407204) STATS - 66.0, 0
2018-10-21 16:55:10 (6177057551910) STATS - 66.1, 0
2018-10-21 16:55:10 (6177057683116) STATS - 66.2, 0
2018-10-21 16:55:10 (6177057778120) STATS - 66.3, 0
2018-10-21 16:55:10 (6177057873024) STATS - 66.4, 0
2018-10-21 16:55:10 (6177057969228) STATS - 66.5, 0
2018-10-21 16:55:10 (6177058056732) STATS - 66.6, 0
2018-10-21 16:55:10 (6177058191338) STATS - 66.7, 0
2018-10-21 16:55:10 (6177058323543) STATS - 66.8, 0
2018-10-21 16:55:10 (6177058420447) STATS - 66.9, 0
2018-10-21 16:55:10 (6177058536052) STATS - 67.0, 0
2018-10-21 16:55:10 (6177058632456) STATS - 67.1, 0
2018-10-21 16:55:10 (6177058724460) STATS - 67.2, 0
2018-10-21 16:55:10 (6177058823864) STATS - 67.3, 0
2018-10-21 16:55:10 (6177064757017) STATS - 67.4, 0
2018-10-21 16:55:10 (6177064991027) STATS - 67.5, 0
2018-10-21 16:55:10 (6177065103131) STATS - 67.6, 0
2018-10-21 16:55:10 (6177065203036) STATS - 67.7, 0
2018-10-21 16:55:10 (6177065277639) STATS - 67.8, 0
2018-10-21 16:55:10 (6177065343842) STATS - 67.9, 0
2018-10-21 16:55:10 (6177065409944) STATS - 68.0, 0
2018-10-21 16:55:10 (6177065499748) STATS - 68.1, 0
2018-10-21 16:55:10 (6177065590152) STATS - 68.2, 0
2018-10-21 16:55:10 (6177065679656) STATS - 68.3, 0
2018-10-21 16:55:10 (6177065769160) STATS - 68.4, 0
2018-10-21 16:55:10 (6177065859064) STATS - 68.5, 0
2018-10-21 16:55:10 (6177065948467) STATS - 68.6, 0
2018-10-21 16:55:10 (6177066037871) STATS - 68.7, 0
2018-10-21 16:55:10 (6177066127675) STATS - 68.8, 0
2018-10-21 16:55:10 (6177066225079) STATS - 68.9, 0
2018-10-21 16:55:10 (6177066316883) STATS - 69.0, 0
2018-10-21 16:55:10 (6177066407587) STATS - 69.1, 0
2018-10-21 16:55:10 (6177066496991) STATS - 69.2, 0
2018-10-21 16:55:10 (6177066587294) STATS - 69.3, 0
2018-10-21 16:55:10 (6177066675798) STATS - 69.4, 0
2018-10-21 16:55:10 (6177066765402) STATS - 69.5, 0
2018-10-21 16:55:10 (6177066854806) STATS - 69.6, 0
2018-10-21 16:55:10 (6177066948610) STATS - 69.7, 0
2018-10-21 16:55:10 (6177067046814) STATS - 69.8, 0
2018-10-21 16:55:10 (6177067136918) STATS - 69.9, 0
2018-10-21 16:55:10 (6177067227622) STATS - 70.0, 0
2018-10-21 16:55:10 (6177067317726) STATS - 70.1, 0
2018-10-21 16:55:10 (6177067406829) STATS - 70.2, 0
2018-10-21 16:55:10 (6177067496933) STATS - 70.3, 0
2018-10-21 16:55:10 (6177067585437) STATS - 70.4, 0
2018-10-21 16:55:10 (6177067673741) STATS - 70.5, 0
2018-10-21 16:55:10 (6177067762244) STATS - 70.6, 0
2018-10-21 16:55:10 (6177067850548) STATS - 70.7, 0
2018-10-21 16:55:10 (6177067916351) STATS - 70.8, 0
2018-10-21 16:55:10 (6177067980554) STATS - 70.9, 0
2018-10-21 16:55:10 (6177068092358) STATS - 71.0, 0
2018-10-21 16:55:10 (6177068162061) STATS - 71.1, 0
2018-10-21 16:55:10 (6177068225164) STATS - 71.2, 0
2018-10-21 16:55:10 (6177068318568) STATS - 71.3, 0
2018-10-21 16:55:10 (6177068380971) STATS - 71.4, 0
2018-10-21 16:55:10 (6177068443873) STATS - 71.5, 0
2018-10-21 16:55:10 (6177068506376) STATS - 71.6, 0
2018-10-21 16:55:10 (6177068593680) STATS - 71.7, 0
2018-10-21 16:55:10 (6177068684284) STATS - 71.8, 0
2018-10-21 16:55:10 (6177068770987) STATS - 71.9, 0
2018-10-21 16:55:10 (6177068858091) STATS - 72.0, 0
2018-10-21 16:55:10 (6177074765342) STATS - 72.1, 0
2018-10-21 16:55:10 (6177074856846) STATS - 72.2, 0
2018-10-21 16:55:10 (6177074943350) STATS - 72.3, 0
2018-10-21 16:55:10 (6177075030653) STATS - 72.4, 0
2018-10-21 16:55:10 (6177075116857) STATS - 72.5, 0
2018-10-21 16:55:10 (6177075202661) STATS - 72.6, 0
2018-10-21 16:55:10 (6177075288964) STATS - 72.7, 0
2018-10-21 16:55:10 (6177075375368) STATS - 72.8, 0
2018-10-21 16:55:10 (6177075460972) STATS - 72.9, 0
2018-10-21 16:55:10 (6177075548075) STATS - 73.0, 0
2018-10-21 16:55:10 (6177075634179) STATS - 73.1, 0
2018-10-21 16:55:10 (6177075698082) STATS - 73.2, 0
2018-10-21 16:55:10 (6177075782985) STATS - 73.3, 0
2018-10-21 16:55:10 (6177075869289) STATS - 73.4, 0
2018-10-21 16:55:10 (6177075954693) STATS - 73.5, 0
2018-10-21 16:55:10 (6177076058397) STATS - 73.6, 0
2018-10-21 16:55:10 (6177076145901) STATS - 73.7, 0
2018-10-21 16:55:10 (6177076232105) STATS - 73.8, 0
2018-10-21 16:55:10 (6177076317808) STATS - 73.9, 0
2018-10-21 16:55:10 (6177076404712) STATS - 74.0, 0
2018-10-21 16:55:10 (6177076490416) STATS - 74.1, 0
2018-10-21 16:55:10 (6177076631422) STATS - 74.2, 0
2018-10-21 16:55:10 (6177076721325) STATS - 74.3, 0
2018-10-21 16:55:10 (6177076814229) STATS - 74.4, 0
2018-10-21 16:55:10 (6177076900233) STATS - 74.5, 0
2018-10-21 16:55:10 (6177077008038) STATS - 74.6, 0
2018-10-21 16:55:10 (6177077104942) STATS - 74.7, 0
2018-10-21 16:55:10 (6177077196746) STATS - 74.8, 0
2018-10-21 16:55:10 (6177077302350) STATS - 74.9, 0
2018-10-21 16:55:10 (6177077389754) STATS - 75.0, 0
2018-10-21 16:55:10 (6177077574862) STATS - 75.1, 0
2018-10-21 16:55:10 (6177077727668) STATS - 75.2, 0
2018-10-21 16:55:10 (6177078102484) STATS - 75.3, 0
2018-10-21 16:55:10 (6177078246290) STATS - 75.4, 0
2018-10-21 16:55:10 (6177078339694) STATS - 75.5, 0
2018-10-21 16:55:10 (6177078426598) STATS - 75.6, 0
2018-10-21 16:55:10 (6177078512702) STATS - 75.7, 0
2018-10-21 16:55:10 (6177078601705) STATS - 75.8, 0
2018-10-21 16:55:10 (6177078703510) STATS - 75.9, 0
2018-10-21 16:55:10 (6177078834615) STATS - 76.0, 0
2018-10-21 16:55:10 (6177084965476) STATS - 76.1, 0
2018-10-21 16:55:10 (6177085208886) STATS - 76.2, 0
2018-10-21 16:55:10 (6177085303590) STATS - 76.3, 0
2018-10-21 16:55:10 (6177085365693) STATS - 76.4, 0
2018-10-21 16:55:10 (6177085424995) STATS - 76.5, 0
2018-10-21 16:55:10 (6177085483498) STATS - 76.6, 0
2018-10-21 16:55:10 (6177085546501) STATS - 76.7, 0
2018-10-21 16:55:10 (6177085741109) STATS - 76.8, 0
2018-10-21 16:55:10 (6177085833413) STATS - 76.9, 0
2018-10-21 16:55:10 (6177085896015) STATS - 77.0, 0
2018-10-21 16:55:10 (6177085979219) STATS - 77.1, 0
2018-10-21 16:55:10 (6177086061222) STATS - 77.2, 0
2018-10-21 16:55:10 (6177086144126) STATS - 77.3, 0
2018-10-21 16:55:10 (6177086204529) STATS - 77.4, 0
2018-10-21 16:55:10 (6177086263531) STATS - 77.5, 0
2018-10-21 16:55:10 (6177086321834) STATS - 77.6, 0
2018-10-21 16:55:10 (6177086477940) STATS - 77.7, 0
2018-10-21 16:55:10 (6177086550443) STATS - 77.8, 0
2018-10-21 16:55:10 (6177086674949) STATS - 77.9, 0
2018-10-21 16:55:10 (6177086787453) STATS - 78.0, 0
2018-10-21 16:55:10 (6177086848456) STATS - 78.1, 0
2018-10-21 16:55:10 (6177086907258) STATS - 78.2, 0
2018-10-21 16:55:10 (6177086969161) STATS - 78.3, 0
2018-10-21 16:55:10 (6177087050765) STATS - 78.4, 0
2018-10-21 16:55:10 (6177087111267) STATS - 78.5, 0
2018-10-21 16:55:10 (6177087192171) STATS - 78.6, 0
2018-10-21 16:55:10 (6177087252573) STATS - 78.7, 0
2018-10-21 16:55:10 (6177087311176) STATS - 78.8, 0
2018-10-21 16:55:10 (6177087440781) STATS - 78.9, 0
2018-10-21 16:55:10 (6177087524285) STATS - 79.0, 0
2018-10-21 16:55:10 (6177087590688) STATS - 79.1, 0
2018-10-21 16:55:10 (6177087657990) STATS - 79.2, 0
2018-10-21 16:55:10 (6177087742294) STATS - 79.3, 0
2018-10-21 16:55:10 (6177087803097) STATS - 79.4, 0
2018-10-21 16:55:10 (6177087861599) STATS - 79.5, 0
2018-10-21 16:55:10 (6177087950603) STATS - 79.6, 0
2018-10-21 16:55:10 (6177088049707) STATS - 79.7, 0
2018-10-21 16:55:10 (6177088425223) STATS - 79.8, 0
2018-10-21 16:55:10 (6177088513427) STATS - 79.9, 0
2018-10-21 16:55:10 (6177088610231) STATS - 80.0, 0
2018-10-21 16:55:10 (6177088746837) STATS - 80.1, 0
2018-10-21 16:55:10 (6177088807939) STATS - 80.2, 0
2018-10-21 16:55:10 (6177088870542) STATS - 80.3, 0
2018-10-21 16:55:10 (6177088929944) STATS - 80.4, 0
2018-10-21 16:55:10 (6177088998147) STATS - 80.5, 0
2018-10-21 16:55:10 (6177089057150) STATS - 80.6, 0
2018-10-21 16:55:10 (6177089158454) STATS - 80.7, 0
2018-10-21 16:55:10 (6177089242558) STATS - 80.8, 0
2018-10-21 16:55:10 (6177089325261) STATS - 80.9, 0
2018-10-21 16:55:10 (6177095087006) STATS - 81.0, 0
2018-10-21 16:55:10 (6177095334817) STATS - 81.1, 0
2018-10-21 16:55:10 (6177095426421) STATS - 81.2, 0
2018-10-21 16:55:10 (6177095505924) STATS - 81.3, 0
2018-10-21 16:55:10 (6177095584927) STATS - 81.4, 0
2018-10-21 16:55:10 (6177095662831) STATS - 81.5, 0
2018-10-21 16:55:10 (6177095746434) STATS - 81.6, 0
2018-10-21 16:55:10 (6177095825338) STATS - 81.7, 0
2018-10-21 16:55:10 (6177095902741) STATS - 81.8, 0
2018-10-21 16:55:10 (6177095980544) STATS - 81.9, 0
2018-10-21 16:55:10 (6177096079248) STATS - 82.0, 0
2018-10-21 16:55:10 (6177096158552) STATS - 82.1, 0
2018-10-21 16:55:10 (6177096305358) STATS - 82.2, 0
2018-10-21 16:55:10 (6177096386962) STATS - 82.3, 0
2018-10-21 16:55:10 (6177096466065) STATS - 82.4, 0
2018-10-21 16:55:10 (6177096544168) STATS - 82.5, 0
2018-10-21 16:55:10 (6177096621471) STATS - 82.6, 0
2018-10-21 16:55:10 (6177096698975) STATS - 82.7, 0
2018-10-21 16:55:10 (6177096776378) STATS - 82.8, 0
2018-10-21 16:55:10 (6177096854581) STATS - 82.9, 0
2018-10-21 16:55:10 (6177096939685) STATS - 83.0, 0
2018-10-21 16:55:10 (6177097019788) STATS - 83.1, 0
2018-10-21 16:55:10 (6177097096892) STATS - 83.2, 0
2018-10-21 16:55:10 (6177097174695) STATS - 83.3, 0
2018-10-21 16:55:10 (6177097251898) STATS - 83.4, 0
2018-10-21 16:55:10 (6177097335202) STATS - 83.5, 0
2018-10-21 16:55:10 (6177097413105) STATS - 83.6, 0
2018-10-21 16:55:10 (6177097538610) STATS - 83.7, 0
2018-10-21 16:55:10 (6177097641715) STATS - 83.8, 0
2018-10-21 16:55:10 (6177097719918) STATS - 83.9, 0
2018-10-21 16:55:10 (6177097802522) STATS - 84.0, 0
2018-10-21 16:55:10 (6177097881525) STATS - 84.1, 0
2018-10-21 16:55:10 (6177097958228) STATS - 84.2, 0
2018-10-21 16:55:10 (6177098035832) STATS - 84.3, 0
2018-10-21 16:55:10 (6177098113035) STATS - 84.4, 0
2018-10-21 16:55:10 (6177098214739) STATS - 84.5, 0
2018-10-21 16:55:10 (6177098292343) STATS - 84.6, 0
2018-10-21 16:55:10 (6177098369346) STATS - 84.7, 0
2018-10-21 16:55:10 (6177098445649) STATS - 84.8, 0
2018-10-21 16:55:10 (6177098522152) STATS - 84.9, 0
2018-10-21 16:55:10 (6177098598656) STATS - 85.0, 0
2018-10-21 16:55:10 (6177098675959) STATS - 85.1, 0
2018-10-21 16:55:10 (6177098752762) STATS - 85.2, 0
2018-10-21 16:55:10 (6177098829465) STATS - 85.3, 0
2018-10-21 16:55:10 (6177098906569) STATS - 85.4, 0
2018-10-21 16:55:10 (6177098984972) STATS - 85.5, 0
2018-10-21 16:55:10 (6177099040474) STATS - 85.6, 0
2018-10-21 16:55:10 (6177104959626) STATS - 85.7, 0
2018-10-21 16:55:10 (6177105019829) STATS - 85.8, 0
2018-10-21 16:55:10 (6177105098332) STATS - 85.9, 0
2018-10-21 16:55:10 (6177105154534) STATS - 86.0, 0
2018-10-21 16:55:10 (6177105231238) STATS - 86.1, 0
2018-10-21 16:55:10 (6177105308441) STATS - 86.2, 0
2018-10-21 16:55:10 (6177105363143) STATS - 86.3, 0
2018-10-21 16:55:10 (6177105439546) STATS - 86.4, 0
2018-10-21 16:55:10 (6177105493949) STATS - 86.5, 0
2018-10-21 16:55:10 (6177105569452) STATS - 86.6, 0
2018-10-21 16:55:10 (6177105624454) STATS - 86.7, 0
2018-10-21 16:55:10 (6177105746859) STATS - 86.8, 0
2018-10-21 16:55:10 (6177105806962) STATS - 86.9, 0
2018-10-21 16:55:10 (6177105884365) STATS - 87.0, 0
2018-10-21 16:55:10 (6177105939768) STATS - 87.1, 0
2018-10-21 16:55:10 (6177106015671) STATS - 87.2, 0
2018-10-21 16:55:10 (6177106070673) STATS - 87.3, 0
2018-10-21 16:55:10 (6177106146476) STATS - 87.4, 0
2018-10-21 16:55:10 (6177106222080) STATS - 87.5, 0
2018-10-21 16:55:10 (6177106277282) STATS - 87.6, 0
2018-10-21 16:55:10 (6177106357185) STATS - 87.7, 0
2018-10-21 16:55:10 (6177106434089) STATS - 87.8, 0
2018-10-21 16:55:10 (6177106547294) STATS - 87.9, 0
2018-10-21 16:55:10 (6177106674499) STATS - 88.0, 0
2018-10-21 16:55:10 (6177106759603) STATS - 88.1, 0
2018-10-21 16:55:10 (6177106871707) STATS - 88.2, 0
2018-10-21 16:55:10 (6177106959711) STATS - 88.3, 0
2018-10-21 16:55:10 (6177107036514) STATS - 88.4, 0
2018-10-21 16:55:10 (6177107132618) STATS - 88.5, 0
2018-10-21 16:55:10 (6177107224622) STATS - 88.6, 0
2018-10-21 16:55:10 (6177107304826) STATS - 88.7, 0
2018-10-21 16:55:10 (6177107393329) STATS - 88.8, 0
2018-10-21 16:55:10 (6177107487733) STATS - 88.9, 0
2018-10-21 16:55:10 (6177107572737) STATS - 89.0, 0
2018-10-21 16:55:10 (6177107648240) STATS - 89.1, 0
2018-10-21 16:55:10 (6177107740344) STATS - 89.2, 0
2018-10-21 16:55:10 (6177107822848) STATS - 89.3, 0
2018-10-21 16:55:10 (6177107896351) STATS - 89.4, 0
2018-10-21 16:55:10 (6177107998955) STATS - 89.5, 0
2018-10-21 16:55:10 (6177108093459) STATS - 89.6, 0
2018-10-21 16:55:10 (6177108165762) STATS - 89.7, 0
2018-10-21 16:55:10 (6177108237765) STATS - 89.8, 0
2018-10-21 16:55:10 (6177108339670) STATS - 89.9, 0
2018-10-21 16:55:10 (6177108449874) STATS - 90.0, 0
2018-10-21 16:55:10 (6177108550079) STATS - 90.1, 0
2018-10-21 16:55:10 (6177108623682) STATS - 90.2, 0
2018-10-21 16:55:10 (6177108699685) STATS - 90.3, 0
2018-10-21 16:55:10 (6177108774188) STATS - 90.4, 0
2018-10-21 16:55:10 (6177108847491) STATS - 90.5, 0
2018-10-21 16:55:10 (6177108919694) STATS - 90.6, 0
2018-10-21 16:55:10 (6177114809345) STATS - 90.7, 0
2018-10-21 16:55:10 (6177114925250) STATS - 90.8, 0
2018-10-21 16:55:10 (6177114978852) STATS - 90.9, 0
2018-10-21 16:55:10 (6177115049855) STATS - 91.0, 0
2018-10-21 16:55:10 (6177115098657) STATS - 91.1, 0
2018-10-21 16:55:10 (6177115143559) STATS - 91.2, 0
2018-10-21 16:55:10 (6177115215562) STATS - 91.3, 0
2018-10-21 16:55:10 (6177115262364) STATS - 91.4, 0
2018-10-21 16:55:10 (6177115307766) STATS - 91.5, 0
2018-10-21 16:55:10 (6177115353168) STATS - 91.6, 0
2018-10-21 16:55:10 (6177115398170) STATS - 91.7, 0
2018-10-21 16:55:10 (6177115464873) STATS - 91.8, 0
2018-10-21 16:55:10 (6177115511175) STATS - 91.9, 0
2018-10-21 16:55:10 (6177115578477) STATS - 92.0, 0
2018-10-21 16:55:10 (6177115625780) STATS - 92.1, 0
2018-10-21 16:55:10 (6177115692682) STATS - 92.2, 0
2018-10-21 16:55:10 (6177115739584) STATS - 92.3, 0
2018-10-21 16:55:10 (6177115806587) STATS - 92.4, 0
2018-10-21 16:55:10 (6177115852489) STATS - 92.5, 0
2018-10-21 16:55:10 (6177115918492) STATS - 92.6, 0
2018-10-21 16:55:10 (6177115964994) STATS - 92.7, 0
2018-10-21 16:55:10 (6177116114300) STATS - 92.8, 0
2018-10-21 16:55:10 (6177116161102) STATS - 92.9, 0
2018-10-21 16:55:10 (6177116206604) STATS - 93.0, 0
2018-10-21 16:55:10 (6177116252206) STATS - 93.1, 0
2018-10-21 16:55:10 (6177116296908) STATS - 93.2, 0
2018-10-21 16:55:10 (6177116369411) STATS - 93.3, 0
2018-10-21 16:55:10 (6177116438314) STATS - 93.4, 0
2018-10-21 16:55:10 (6177116484716) STATS - 93.5, 0
2018-10-21 16:55:10 (6177116551419) STATS - 93.6, 0
2018-10-21 16:55:10 (6177116597121) STATS - 93.7, 0
2018-10-21 16:55:10 (6177116664524) STATS - 93.8, 0
2018-10-21 16:55:10 (6177116710026) STATS - 93.9, 0
2018-10-21 16:55:10 (6177116776528) STATS - 94.0, 0
2018-10-21 16:55:10 (6177116844731) STATS - 94.1, 0
2018-10-21 16:55:10 (6177116912334) STATS - 94.2, 0
2018-10-21 16:55:10 (6177116979737) STATS - 94.3, 0
2018-10-21 16:55:10 (6177117046840) STATS - 94.4, 0
2018-10-21 16:55:10 (6177117114743) STATS - 94.5, 0
2018-10-21 16:55:10 (6177117181446) STATS - 94.6, 0
2018-10-21 16:55:10 (6177117248649) STATS - 94.7, 0
2018-10-21 16:55:10 (6177117316551) STATS - 94.8, 0
2018-10-21 16:55:10 (6177117384254) STATS - 94.9, 0
2018-10-21 16:55:10 (6177117451457) STATS - 95.0, 0
2018-10-21 16:55:10 (6177117518960) STATS - 95.1, 0
2018-10-21 16:55:10 (6177117586263) STATS - 95.2, 0
2018-10-21 16:55:10 (6177117653666) STATS - 95.3, 0
2018-10-21 16:55:10 (6177117721169) STATS - 95.4, 0
2018-10-21 16:55:10 (6177117788171) STATS - 95.5, 0
2018-10-21 16:55:10 (6177117855174) STATS - 95.6, 0
2018-10-21 16:55:10 (6177117922077) STATS - 95.7, 0
2018-10-21 16:55:10 (6177117988980) STATS - 95.8, 0
2018-10-21 16:55:10 (6177118055783) STATS - 95.9, 0
2018-10-21 16:55:10 (6177118126686) STATS - 96.0, 0
2018-10-21 16:55:10 (6177118194289) STATS - 96.1, 0
2018-10-21 16:55:10 (6177118261692) STATS - 96.2, 0
2018-10-21 16:55:10 (6177118328994) STATS - 96.3, 0
2018-10-21 16:55:10 (6177118395997) STATS - 96.4, 0
2018-10-21 16:55:10 (6177118463400) STATS - 96.5, 0
2018-10-21 16:55:10 (6177118530703) STATS - 96.6, 0
2018-10-21 16:55:10 (6177118598206) STATS - 96.7, 0
2018-10-21 16:55:10 (6177124084439) STATS - 96.8, 0
2018-10-21 16:55:10 (6177124191244) STATS - 96.9, 0
2018-10-21 16:55:10 (6177124241746) STATS - 97.0, 0
2018-10-21 16:55:10 (6177124330950) STATS - 97.1, 0
2018-10-21 16:55:10 (6177124405353) STATS - 97.2, 0
2018-10-21 16:55:10 (6177124451855) STATS - 97.3, 0
2018-10-21 16:55:10 (6177124517958) STATS - 97.4, 0
2018-10-21 16:55:10 (6177124563960) STATS - 97.5, 0
2018-10-21 16:55:10 (6177124629962) STATS - 97.6, 0
2018-10-21 16:55:10 (6177124675364) STATS - 97.7, 0
2018-10-21 16:55:10 (6177124793569) STATS - 97.8, 0
2018-10-21 16:55:10 (6177124866572) STATS - 97.9, 0
2018-10-21 16:55:10 (6177124913674) STATS - 98.0, 0
2018-10-21 16:55:10 (6177124982377) STATS - 98.1, 0
2018-10-21 16:55:10 (6177125049880) STATS - 98.2, 0
2018-10-21 16:55:10 (6177125117683) STATS - 98.3, 0
2018-10-21 16:55:10 (6177125164085) STATS - 98.4, 0
2018-10-21 16:55:10 (6177125208187) STATS - 98.5, 0
2018-10-21 16:55:10 (6177125273690) STATS - 98.6, 0
2018-10-21 16:55:10 (6177125319292) STATS - 98.7, 0
2018-10-21 16:55:10 (6177125385594) STATS - 98.8, 0
2018-10-21 16:55:10 (6177125431396) STATS - 98.9, 0
2018-10-21 16:55:10 (6177125497299) STATS - 99.0, 0
2018-10-21 16:55:10 (6177125565502) STATS - 99.1, 0
2018-10-21 16:55:10 (6177125610604) STATS - 99.2, 0
2018-10-21 16:55:10 (6177125677007) STATS - 99.3, 0
2018-10-21 16:55:10 (6177125744510) STATS - 99.4, 0
2018-10-21 16:55:10 (6177125811413) STATS - 99.5, 0
2018-10-21 16:55:10 (6177125878615) STATS - 99.6, 0
2018-10-21 16:55:10 (6177125945718) STATS - 99.7, 0
2018-10-21 16:55:10 (6177126012621) STATS - 99.8, 0
2018-10-21 16:55:10 (6177126079424) STATS - 99.9, 0
2018-10-21 16:55:10 (6177126147727) STATS - 100.0, 0
2018-10-21 16:55:10 (6177126216330) STATS - 100.1, 0
2018-10-21 16:55:10 (6177126288033) STATS - 100.2, 0
2018-10-21 16:55:10 (6177126355636) STATS - 100.3, 0
2018-10-21 16:55:10 (6177126423039) STATS - 100.4, 0
2018-10-21 16:55:10 (6177126469641) STATS - 100.5, 0
2018-10-21 16:55:10 (6177126557244) STATS - 100.6, 0
2018-10-21 16:55:10 (6177126657549) STATS - 100.7, 0
2018-10-21 16:55:10 (6177126746352) STATS - 100.8, 0
2018-10-21 16:55:10 (6177126818755) STATS - 100.9, 0
2018-10-21 16:55:10 (6177126887958) STATS - 101.0, 0
2018-10-21 16:55:10 (6177126955861) STATS - 101.1, 0
2018-10-21 16:55:10 (6177127045465) STATS - 101.2, 0
2018-10-21 16:55:10 (6177127119168) STATS - 101.3, 0
2018-10-21 16:55:10 (6177127187171) STATS - 101.4, 0
2018-10-21 16:55:10 (6177127254274) STATS - 101.5, 0
2018-10-21 16:55:10 (6177127321577) STATS - 101.6, 0
2018-10-21 16:55:10 (6177127406880) STATS - 101.7, 0
2018-10-21 16:55:10 (6177127480484) STATS - 101.8, 0
2018-10-21 16:55:10 (6177127565387) STATS - 101.9, 0
2018-10-21 16:55:10 (6177127638990) STATS - 102.0, 0
2018-10-21 16:55:10 (6177127706493) STATS - 102.1, 0
2018-10-21 16:55:10 (6177127772696) STATS - 102.2, 0
2018-10-21 16:55:10 (6177127838699) STATS - 102.3, 0
2018-10-21 16:55:10 (6177127884001) STATS - 102.4, 0
2018-10-21 16:55:10 (6177133418036) STATS - 102.5, 0
2018-10-21 16:55:10 (6177133539041) STATS - 102.6, 0
2018-10-21 16:55:10 (6177133609344) STATS - 102.7, 0
2018-10-21 16:55:10 (6177133675847) STATS - 102.8, 0
2018-10-21 16:55:10 (6177133741650) STATS - 102.9, 0
2018-10-21 16:55:10 (6177133809453) STATS - 103.0, 0
2018-10-21 16:55:10 (6177133875855) STATS - 103.1, 0
2018-10-21 16:55:10 (6177133941758) STATS - 103.2, 0
2018-10-21 16:55:10 (6177134008861) STATS - 103.3, 0
2018-10-21 16:55:10 (6177134074764) STATS - 103.4, 0
2018-10-21 16:55:10 (6177134140567) STATS - 103.5, 0
2018-10-21 16:55:10 (6177134206370) STATS - 103.6, 0
2018-10-21 16:55:10 (6177134311374) STATS - 103.7, 0
2018-10-21 16:55:10 (6177134377677) STATS - 103.8, 0
2018-10-21 16:55:10 (6177134443680) STATS - 103.9, 0
2018-10-21 16:55:10 (6177134516583) STATS - 104.0, 0
2018-10-21 16:55:10 (6177134584786) STATS - 104.1, 0
2018-10-21 16:55:10 (6177134650588) STATS - 104.2, 0
2018-10-21 16:55:10 (6177134716391) STATS - 104.3, 0
2018-10-21 16:55:10 (6177134782194) STATS - 104.4, 0
2018-10-21 16:55:10 (6177134848197) STATS - 104.5, 0
2018-10-21 16:55:10 (6177134918700) STATS - 104.6, 0
2018-10-21 16:55:10 (6177134985003) STATS - 104.7, 0
2018-10-21 16:55:10 (6177135050905) STATS - 104.8, 0
2018-10-21 16:55:10 (6177135116108) STATS - 104.9, 0
2018-10-21 16:55:10 (6177135182111) STATS - 105.0, 0
2018-10-21 16:55:10 (6177135248114) STATS - 105.1, 0
2018-10-21 16:55:10 (6177135292716) STATS - 105.2, 0
2018-10-21 16:55:10 (6177135335118) STATS - 105.3, 0
2018-10-21 16:55:10 (6177135399420) STATS - 105.4, 0
2018-10-21 16:55:10 (6177135465023) STATS - 105.5, 0
2018-10-21 16:55:10 (6177135576428) STATS - 105.6, 0
2018-10-21 16:55:10 (6177135625130) STATS - 105.7, 0
2018-10-21 16:55:10 (6177135667732) STATS - 105.8, 0
2018-10-21 16:55:10 (6177135733734) STATS - 105.9, 0
2018-10-21 16:55:10 (6177135799937) STATS - 106.0, 0
2018-10-21 16:55:10 (6177135865740) STATS - 106.1, 0
2018-10-21 16:55:10 (6177135931043) STATS - 106.2, 0
2018-10-21 16:55:10 (6177135996746) STATS - 106.3, 0
2018-10-21 16:55:10 (6177136083649) STATS - 106.4, 0
2018-10-21 16:55:10 (6177136149752) STATS - 106.5, 0
2018-10-21 16:55:10 (6177136215555) STATS - 106.6, 0
2018-10-21 16:55:10 (6177136280958) STATS - 106.7, 0
2018-10-21 16:55:10 (6177136346461) STATS - 106.8, 0
2018-10-21 16:55:10 (6177136390462) STATS - 106.9, 0
2018-10-21 16:55:10 (6177136437664) STATS - 107.0, 0
2018-10-21 16:55:10 (6177136504267) STATS - 107.1, 0
2018-10-21 16:55:10 (6177136570270) STATS - 107.2, 0
2018-10-21 16:55:10 (6177136635773) STATS - 107.3, 0
2018-10-21 16:55:10 (6177136700776) STATS - 107.4, 0
2018-10-21 16:55:10 (6177136766078) STATS - 107.5, 0
2018-10-21 16:55:10 (6177136831381) STATS - 107.6, 0
2018-10-21 16:55:10 (6177136896584) STATS - 107.7, 0
2018-10-21 16:55:10 (6177136961787) STATS - 107.8, 0
2018-10-21 16:55:10 (6177137026789) STATS - 107.9, 0
2018-10-21 16:55:10 (6177137092592) STATS - 108.0, 0
2018-10-21 16:55:10 (6177137158995) STATS - 108.1, 0
2018-10-21 16:55:10 (6177142664029) STATS - 108.2, 0
2018-10-21 16:55:10 (6177142743632) STATS - 108.3, 0
2018-10-21 16:55:10 (6177142811735) STATS - 108.4, 0
2018-10-21 16:55:10 (6177142856737) STATS - 108.5, 0
2018-10-21 16:55:10 (6177142922140) STATS - 108.6, 0
2018-10-21 16:55:10 (6177143034045) STATS - 108.7, 0
2018-10-21 16:55:10 (6177143105448) STATS - 108.8, 0
2018-10-21 16:55:10 (6177143171951) STATS - 108.9, 0
2018-10-21 16:55:10 (6177143240354) STATS - 109.0, 0
2018-10-21 16:55:10 (6177143307356) STATS - 109.1, 0
2018-10-21 16:55:10 (6177143373459) STATS - 109.2, 0
2018-10-21 16:55:10 (6177143445462) STATS - 109.3, 0
2018-10-21 16:55:10 (6177143515365) STATS - 109.4, 0
2018-10-21 16:55:10 (6177143561167) STATS - 109.5, 0
2018-10-21 16:55:10 (6177143605569) STATS - 109.6, 0
2018-10-21 16:55:10 (6177143670472) STATS - 109.7, 0
2018-10-21 16:55:10 (6177143736875) STATS - 109.8, 0
2018-10-21 16:55:10 (6177143802578) STATS - 109.9, 0
2018-10-21 16:55:10 (6177143869380) STATS - 110.0, 0
2018-10-21 16:55:10 (6177143935583) STATS - 110.1, 0
2018-10-21 16:55:10 (6177144029587) STATS - 110.2, 0
2018-10-21 16:55:10 (6177144101690) STATS - 110.3, 0
2018-10-21 16:55:10 (6177144167893) STATS - 110.4, 0
2018-10-21 16:55:10 (6177144233996) STATS - 110.5, 0
2018-10-21 16:55:10 (6177144301299) STATS - 110.6, 0
2018-10-21 16:55:10 (6177144367902) STATS - 110.7, 0
2018-10-21 16:55:10 (6177144433904) STATS - 110.8, 0
2018-10-21 16:55:10 (6177144500107) STATS - 110.9, 0
2018-10-21 16:55:10 (6177144567110) STATS - 111.0, 0
2018-10-21 16:55:10 (6177144633713) STATS - 111.1, 0
2018-10-21 16:55:10 (6177144699216) STATS - 111.2, 0
2018-10-21 16:55:10 (6177144764618) STATS - 111.3, 0
2018-10-21 16:55:10 (6177144830621) STATS - 111.4, 0
2018-10-21 16:55:10 (6177144895924) STATS - 111.5, 0
2018-10-21 16:55:10 (6177144960927) STATS - 111.6, 0
2018-10-21 16:55:10 (6177145026130) STATS - 111.7, 0
2018-10-21 16:55:10 (6177145091132) STATS - 111.8, 0
2018-10-21 16:55:10 (6177145157435) STATS - 111.9, 0
2018-10-21 16:55:10 (6177145223238) STATS - 112.0, 0
2018-10-21 16:55:10 (6177145289141) STATS - 112.1, 0
2018-10-21 16:55:10 (6177145354444) STATS - 112.2, 0
2018-10-21 16:55:10 (6177145420446) STATS - 112.3, 0
2018-10-21 16:55:10 (6177145486349) STATS - 112.4, 0
2018-10-21 16:55:10 (6177145557152) STATS - 112.5, 0
2018-10-21 16:55:10 (6177145623855) STATS - 112.6, 0
2018-10-21 16:55:10 (6177145690258) STATS - 112.7, 0
2018-10-21 16:55:10 (6177145760661) STATS - 112.8, 0
2018-10-21 16:55:10 (6177145826964) STATS - 112.9, 0
2018-10-21 16:55:10 (6177145893566) STATS - 113.0, 0
2018-10-21 16:55:10 (6177145963769) STATS - 113.1, 0
2018-10-21 16:55:10 (6177146033672) STATS - 113.2, 0
2018-10-21 16:55:10 (6177146103575) STATS - 113.3, 0
2018-10-21 16:55:10 (6177146170678) STATS - 113.4, 0
2018-10-21 16:55:10 (6177146240881) STATS - 113.5, 0
2018-10-21 16:55:10 (6177146307584) STATS - 113.6, 0
2018-10-21 16:55:10 (6177146373887) STATS - 113.7, 0
2018-10-21 16:55:10 (6177146444290) STATS - 113.8, 0
2018-10-21 16:55:10 (6177151997426) STATS - 113.9, 0
2018-10-21 16:55:10 (6177152111331) STATS - 114.0, 0
2018-10-21 16:55:10 (6177152158833) STATS - 114.1, 0
2018-10-21 16:55:10 (6177152200135) STATS - 114.2, 0
2018-10-21 16:55:10 (6177152261337) STATS - 114.3, 0
2018-10-21 16:55:10 (6177152302439) STATS - 114.4, 0
2018-10-21 16:55:10 (6177152362341) STATS - 114.5, 0
2018-10-21 16:55:10 (6177152423544) STATS - 114.6, 0
2018-10-21 16:55:10 (6177152485147) STATS - 114.7, 0
2018-10-21 16:55:10 (6177152525848) STATS - 114.8, 0
2018-10-21 16:55:10 (6177152564250) STATS - 114.9, 0
2018-10-21 16:55:10 (6177152625353) STATS - 115.0, 0
2018-10-21 16:55:10 (6177152667454) STATS - 115.1, 0
2018-10-21 16:55:10 (6177152727857) STATS - 115.2, 0
2018-10-21 16:55:10 (6177152789660) STATS - 115.3, 0
2018-10-21 16:55:10 (6177152851562) STATS - 115.4, 0
2018-10-21 16:55:10 (6177152913165) STATS - 115.5, 0
2018-10-21 16:55:10 (6177152974667) STATS - 115.6, 0
2018-10-21 16:55:10 (6177153041170) STATS - 115.7, 0
2018-10-21 16:55:10 (6177153104173) STATS - 115.8, 0
2018-10-21 16:55:10 (6177153166076) STATS - 115.9, 0
2018-10-21 16:55:10 (6177153228478) STATS - 116.0, 0
2018-10-21 16:55:10 (6177153289581) STATS - 116.1, 0
2018-10-21 16:55:10 (6177153351584) STATS - 116.2, 0
2018-10-21 16:55:10 (6177153413486) STATS - 116.3, 0
2018-10-21 16:55:10 (6177153475189) STATS - 116.4, 0
2018-10-21 16:55:10 (6177153536991) STATS - 116.5, 0
2018-10-21 16:55:10 (6177153598794) STATS - 116.6, 0
2018-10-21 16:55:10 (6177153659197) STATS - 116.7, 0
2018-10-21 16:55:10 (6177153719999) STATS - 116.8, 0
2018-10-21 16:55:10 (6177153781302) STATS - 116.9, 0
2018-10-21 16:55:10 (6177153843204) STATS - 117.0, 0
2018-10-21 16:55:10 (6177153905107) STATS - 117.1, 0
2018-10-21 16:55:10 (6177153966510) STATS - 117.2, 0
2018-10-21 16:55:10 (6177154027312) STATS - 117.3, 0
2018-10-21 16:55:10 (6177154088815) STATS - 117.4, 0
2018-10-21 16:55:10 (6177154150017) STATS - 117.5, 0
2018-10-21 16:55:10 (6177154210720) STATS - 117.6, 0
2018-10-21 16:55:10 (6177154272123) STATS - 117.7, 0
2018-10-21 16:55:10 (6177154333825) STATS - 117.8, 0
2018-10-21 16:55:10 (6177154418329) STATS - 117.9, 0
2018-10-21 16:55:10 (6177154482232) STATS - 118.0, 0
2018-10-21 16:55:10 (6177154544834) STATS - 118.1, 0
2018-10-21 16:55:10 (6177154606337) STATS - 118.2, 0
2018-10-21 16:55:10 (6177154668440) STATS - 118.3, 0
2018-10-21 16:55:10 (6177154730242) STATS - 118.4, 0
2018-10-21 16:55:10 (6177154797145) STATS - 118.5, 0
2018-10-21 16:55:10 (6177154865648) STATS - 118.6, 0
2018-10-21 16:55:10 (6177154928551) STATS - 118.7, 0
2018-10-21 16:55:10 (6177154990353) STATS - 118.8, 0
2018-10-21 16:55:10 (6177155051956) STATS - 118.9, 0
2018-10-21 16:55:10 (6177155113558) STATS - 119.0, 0
2018-10-21 16:55:10 (6177155180561) STATS - 119.1, 0
2018-10-21 16:55:10 (6177155246264) STATS - 119.2, 0
2018-10-21 16:55:10 (6177155308167) STATS - 119.3, 0
2018-10-21 16:55:10 (6177155369569) STATS - 119.4, 0
2018-10-21 16:55:10 (6177155430972) STATS - 119.5, 0
2018-10-21 16:55:10 (6177155493375) STATS - 119.6, 0
2018-10-21 16:55:10 (6177155534476) STATS - 119.7, 0
2018-10-21 16:55:10 (6177155572778) STATS - 119.8, 0
2018-10-21 16:55:10 (6177155611480) STATS - 119.9, 0
2018-10-21 16:55:10 (6177155671882) STATS - 120.0, 0
2018-10-21 16:55:10 (6177161159015) STATS - 120.1, 0
2018-10-21 16:55:10 (6177161209518) STATS - 120.2, 0
2018-10-21 16:55:10 (6177161250219) STATS - 120.3, 0
2018-10-21 16:55:10 (6177161289421) STATS - 120.4, 0
2018-10-21 16:55:10 (6177161328323) STATS - 120.5, 0
2018-10-21 16:55:10 (6177161436827) STATS - 120.6, 0
2018-10-21 16:55:10 (6177161477529) STATS - 120.7, 0
2018-10-21 16:55:10 (6177161516931) STATS - 120.8, 0
2018-10-21 16:55:10 (6177161556232) STATS - 120.9, 0
2018-10-21 16:55:10 (6177161597234) STATS - 121.0, 0
2018-10-21 16:55:10 (6177161681738) STATS - 121.1, 0
2018-10-21 16:55:10 (6177161726540) STATS - 121.2, 0
2018-10-21 16:55:10 (6177161765841) STATS - 121.3, 0
2018-10-21 16:55:10 (6177161804543) STATS - 121.4, 0
2018-10-21 16:55:10 (6177161843645) STATS - 121.5, 0
2018-10-21 16:55:10 (6177161882146) STATS - 121.6, 0
2018-10-21 16:55:10 (6177161921248) STATS - 121.7, 0
2018-10-21 16:55:10 (6177161959650) STATS - 121.8, 0
2018-10-21 16:55:10 (6177161998551) STATS - 121.9, 0
2018-10-21 16:55:10 (6177162087255) STATS - 122.0, 0
2018-10-21 16:55:10 (6177162129157) STATS - 122.1, 0
2018-10-21 16:55:10 (6177162168358) STATS - 122.2, 0
2018-10-21 16:55:10 (6177162207260) STATS - 122.3, 0
2018-10-21 16:55:10 (6177162246662) STATS - 122.4, 0
2018-10-21 16:55:10 (6177162285363) STATS - 122.5, 0
2018-10-21 16:55:10 (6177162324265) STATS - 122.6, 0
2018-10-21 16:55:10 (6177162362967) STATS - 122.7, 0
2018-10-21 16:55:10 (6177162401068) STATS - 122.8, 0
2018-10-21 16:55:10 (6177162439870) STATS - 122.9, 0
2018-10-21 16:55:10 (6177162478472) STATS - 123.0, 0
2018-10-21 16:55:10 (6177162517973) STATS - 123.1, 0
2018-10-21 16:55:10 (6177162556375) STATS - 123.2, 0
2018-10-21 16:55:10 (6177162595177) STATS - 123.3, 0
2018-10-21 16:55:10 (6177162633878) STATS - 123.4, 0
2018-10-21 16:55:10 (6177162672180) STATS - 123.5, 0
2018-10-21 16:55:10 (6177162711081) STATS - 123.6, 0
2018-10-21 16:55:10 (6177162749983) STATS - 123.7, 0
2018-10-21 16:55:10 (6177162788785) STATS - 123.8, 0
2018-10-21 16:55:10 (6177162827186) STATS - 123.9, 0
2018-10-21 16:55:10 (6177162963392) STATS - 124.0, 0
2018-10-21 16:55:10 (6177163012594) STATS - 124.1, 0
2018-10-21 16:55:10 (6177163051696) STATS - 124.2, 0
2018-10-21 16:55:10 (6177163090298) STATS - 124.3, 0
2018-10-21 16:55:10 (6177163128999) STATS - 124.4, 0
2018-10-21 16:55:10 (6177163167201) STATS - 124.5, 0
2018-10-21 16:55:10 (6177163204802) STATS - 124.6, 0
2018-10-21 16:55:10 (6177163242904) STATS - 124.7, 0
2018-10-21 16:55:10 (6177163281406) STATS - 124.8, 0
2018-10-21 16:55:10 (6177163319707) STATS - 124.9, 0
2018-10-21 16:55:10 (6177163358509) STATS - 125.0, 0
2018-10-21 16:55:10 (6177163397711) STATS - 125.1, 0
2018-10-21 16:55:10 (6177163436512) STATS - 125.2, 0
2018-10-21 16:55:10 (6177163474814) STATS - 125.3, 0
2018-10-21 16:55:10 (6177163513416) STATS - 125.4, 0
2018-10-21 16:55:10 (6177163552417) STATS - 125.5, 0
2018-10-21 16:55:10 (6177163596819) STATS - 125.6, 0
2018-10-21 16:55:10 (6177163635221) STATS - 125.7, 0
2018-10-21 16:55:10 (6177163673822) STATS - 125.8, 0
2018-10-21 16:55:10 (6177163712424) STATS - 125.9, 0
2018-10-21 16:55:10 (6177163757226) STATS - 126.0, 0
2018-10-21 16:55:10 (6177163814628) STATS - 126.1, 0
2018-10-21 16:55:10 (6177163854930) STATS - 126.2, 0
2018-10-21 16:55:10 (6177163949634) STATS - 126.3, 0
2018-10-21 16:55:10 (6177163999836) STATS - 126.4, 0
2018-10-21 16:55:10 (6177164062339) STATS - 126.5, 0
2018-10-21 16:55:10 (6177164101641) STATS - 126.6, 0
2018-10-21 16:55:10 (6177164140042) STATS - 126.7, 0
2018-10-21 16:55:10 (6177164178644) STATS - 126.8, 0
2018-10-21 16:55:10 (6177164217446) STATS - 126.9, 0
2018-10-21 16:55:10 (6177164260347) STATS - 127.0, 0
2018-10-21 16:55:10 (6177164300549) STATS - 127.1, 0
2018-10-21 16:55:10 (6177164338751) STATS - 127.2, 0
2018-10-21 16:55:10 (6177164376552) STATS - 127.3, 0
2018-10-21 16:55:10 (6177164414854) STATS - 127.4, 0
2018-10-21 16:55:10 (6177164458256) STATS - 127.5, 0
2018-10-21 16:55:10 (6177164497157) STATS - 127.6, 0
2018-10-21 16:55:10 (6177164535759) STATS - 127.7, 0
2018-10-21 16:55:10 (6177164573661) STATS - 127.8, 0
2018-10-21 16:55:10 (6177164612162) STATS - 127.9, 0
2018-10-21 16:55:10 (6177164651564) STATS - 128.0, 0
2018-10-21 16:55:10 (6177164691066) STATS - 128.1, 0
2018-10-21 16:55:10 (6177164729467) STATS - 128.2, 0
2018-10-21 16:55:10 (6177164772669) STATS - 128.3, 0
2018-10-21 16:55:10 (6177164811671) STATS - 128.4, 0
2018-10-21 16:55:10 (6177164849472) STATS - 128.5, 0
2018-10-21 16:55:10 (6177164888074) STATS - 128.6, 0
2018-10-21 16:55:10 (6177164926276) STATS - 128.7, 0
2018-10-21 16:55:10 (6177165021180) STATS - 128.8, 0
2018-10-21 16:55:10 (6177170562115) STATS - 128.9, 0
2018-10-21 16:55:10 (6177170688321) STATS - 129.0, 0
2018-10-21 16:55:10 (6177170732723) STATS - 129.1, 0
2018-10-21 16:55:10 (6177170771824) STATS - 129.2, 0
2018-10-21 16:55:10 (6177170833527) STATS - 129.3, 0
2018-10-21 16:55:10 (6177170873829) STATS - 129.4, 0
2018-10-21 16:55:10 (6177170933431) STATS - 129.5, 0
2018-10-21 16:55:10 (6177170972833) STATS - 129.6, 0
2018-10-21 16:55:10 (6177171032835) STATS - 129.7, 0
2018-10-21 16:55:10 (6177171073537) STATS - 129.8, 0
2018-10-21 16:55:10 (6177171111139) STATS - 129.9, 0
2018-10-21 16:55:10 (6177171157941) STATS - 130.0, 0
2018-10-21 16:55:10 (6177171218343) STATS - 130.1, 0
2018-10-21 16:55:10 (6177171258645) STATS - 130.2, 0
2018-10-21 16:55:10 (6177171296246) STATS - 130.3, 0
2018-10-21 16:55:10 (6177171339848) STATS - 130.4, 0
2018-10-21 16:55:10 (6177171399651) STATS - 130.5, 0
2018-10-21 16:55:10 (6177171439253) STATS - 130.6, 0
2018-10-21 16:55:10 (6177171477254) STATS - 130.7, 0
2018-10-21 16:55:10 (6177171514756) STATS - 130.8, 0
2018-10-21 16:55:10 (6177171574958) STATS - 130.9, 0
2018-10-21 16:55:10 (6177171616360) STATS - 131.0, 0
2018-10-21 16:55:10 (6177171654762) STATS - 131.1, 0
2018-10-21 16:55:10 (6177171696764) STATS - 131.2, 0
2018-10-21 16:55:10 (6177171757166) STATS - 131.3, 0
2018-10-21 16:55:10 (6177171797068) STATS - 131.4, 0
2018-10-21 16:55:10 (6177171835569) STATS - 131.5, 0
2018-10-21 16:55:10 (6177171873271) STATS - 131.6, 0
2018-10-21 16:55:10 (6177171932874) STATS - 131.7, 0
2018-10-21 16:55:10 (6177171972675) STATS - 131.8, 0
2018-10-21 16:55:10 (6177172043178) STATS - 131.9, 0
2018-10-21 16:55:10 (6177172109681) STATS - 132.0, 0
2018-10-21 16:55:10 (6177172150983) STATS - 132.1, 0
2018-10-21 16:55:10 (6177172190184) STATS - 132.2, 0
2018-10-21 16:55:10 (6177172249587) STATS - 132.3, 0
2018-10-21 16:55:10 (6177172289289) STATS - 132.4, 0
2018-10-21 16:55:10 (6177172330390) STATS - 132.5, 0
2018-10-21 16:55:10 (6177172389693) STATS - 132.6, 0
2018-10-21 16:55:10 (6177172428995) STATS - 132.7, 0
2018-10-21 16:55:10 (6177172469696) STATS - 132.8, 0
2018-10-21 16:55:10 (6177172528399) STATS - 132.9, 0
2018-10-21 16:55:10 (6177172567701) STATS - 133.0, 0
2018-10-21 16:55:10 (6177172627603) STATS - 133.1, 0
2018-10-21 16:55:10 (6177172667105) STATS - 133.2, 0
2018-10-21 16:55:10 (6177172726207) STATS - 133.3, 0
2018-10-21 16:55:10 (6177172765809) STATS - 133.4, 0
2018-10-21 16:55:10 (6177172824711) STATS - 133.5, 0
2018-10-21 16:55:10 (6177172886214) STATS - 133.6, 0
2018-10-21 16:55:10 (6177172946817) STATS - 133.7, 0
2018-10-21 16:55:10 (6177173007419) STATS - 133.8, 0
2018-10-21 16:55:10 (6177173068422) STATS - 133.9, 0
2018-10-21 16:55:10 (6177173129524) STATS - 134.0, 0
2018-10-21 16:55:10 (6177173191227) STATS - 134.1, 0
2018-10-21 16:55:10 (6177173251530) STATS - 134.2, 0
2018-10-21 16:55:10 (6177173318832) STATS - 134.3, 0
2018-10-21 16:55:10 (6177173379235) STATS - 134.4, 0
2018-10-21 16:55:10 (6177173489340) STATS - 134.5, 0
2018-10-21 16:55:10 (6177173555843) STATS - 134.6, 0
2018-10-21 16:55:10 (6177173598944) STATS - 134.7, 0
2018-10-21 16:55:10 (6177173658447) STATS - 134.8, 0
2018-10-21 16:55:10 (6177173700149) STATS - 134.9, 0
2018-10-21 16:55:10 (6177173765651) STATS - 135.0, 0
2018-10-21 16:55:10 (6177173826654) STATS - 135.1, 0
2018-10-21 16:55:10 (6177173887557) STATS - 135.2, 0
2018-10-21 16:55:10 (6177173947959) STATS - 135.3, 0
2018-10-21 16:55:10 (6177174008462) STATS - 135.4, 0
2018-10-21 16:55:10 (6177174068664) STATS - 135.5, 0
2018-10-21 16:55:10 (6177174129267) STATS - 135.6, 0
2018-10-21 16:55:10 (6177174189169) STATS - 135.7, 0
2018-10-21 16:55:10 (6177174248972) STATS - 135.8, 0
2018-10-21 16:55:10 (6177179714204) STATS - 135.9, 0
2018-10-21 16:55:10 (6177179865011) STATS - 136.0, 0
2018-10-21 16:55:10 (6177179909813) STATS - 136.1, 0
2018-10-21 16:55:10 (6177179947314) STATS - 136.2, 0
2018-10-21 16:55:10 (6177180023318) STATS - 136.3, 0
2018-10-21 16:55:10 (6177180068119) STATS - 136.4, 0
2018-10-21 16:55:10 (6177180105921) STATS - 136.5, 0
2018-10-21 16:55:10 (6177180195225) STATS - 136.6, 0
2018-10-21 16:55:10 (6177180288529) STATS - 136.7, 0
2018-10-21 16:55:10 (6177180331631) STATS - 136.8, 0
2018-10-21 16:55:10 (6177180372332) STATS - 136.9, 0
2018-10-21 16:55:10 (6177180432935) STATS - 137.0, 0
2018-10-21 16:55:10 (6177180472437) STATS - 137.1, 0
2018-10-21 16:55:10 (6177180531039) STATS - 137.2, 0
2018-10-21 16:55:10 (6177180569541) STATS - 137.3, 0
2018-10-21 16:55:10 (6177180612343) STATS - 137.4, 0
2018-10-21 16:55:10 (6177180670245) STATS - 137.5, 0
2018-10-21 16:55:10 (6177180708147) STATS - 137.6, 0
2018-10-21 16:55:10 (6177180744948) STATS - 137.7, 0
2018-10-21 16:55:10 (6177180781350) STATS - 137.8, 0
2018-10-21 16:55:10 (6177180817151) STATS - 137.9, 0
2018-10-21 16:55:10 (6177180854153) STATS - 138.0, 0
2018-10-21 16:55:10 (6177181016160) STATS - 138.1, 0
2018-10-21 16:55:10 (6177181081463) STATS - 138.2, 0
2018-10-21 16:55:10 (6177181120164) STATS - 138.3, 0
2018-10-21 16:55:10 (6177181178967) STATS - 138.4, 0
2018-10-21 16:55:10 (6177181217368) STATS - 138.5, 0
2018-10-21 16:55:10 (6177181275371) STATS - 138.6, 0
2018-10-21 16:55:10 (6177181313472) STATS - 138.7, 0
2018-10-21 16:55:10 (6177181371075) STATS - 138.8, 0
2018-10-21 16:55:10 (6177181450278) STATS - 138.9, 0
2018-10-21 16:55:10 (6177181514181) STATS - 139.0, 0
2018-10-21 16:55:10 (6177181558583) STATS - 139.1, 0
2018-10-21 16:55:10 (6177181619385) STATS - 139.2, 0
2018-10-21 16:55:10 (6177181658187) STATS - 139.3, 0
2018-10-21 16:55:10 (6177181718290) STATS - 139.4, 0
2018-10-21 16:55:10 (6177181777192) STATS - 139.5, 0
2018-10-21 16:55:10 (6177181835795) STATS - 139.6, 0
2018-10-21 16:55:10 (6177181894997) STATS - 139.7, 0
2018-10-21 16:55:10 (6177181953800) STATS - 139.8, 0
2018-10-21 16:55:10 (6177182013202) STATS - 139.9, 0
2018-10-21 16:55:10 (6177182077105) STATS - 140.0, 0
2018-10-21 16:55:10 (6177182138107) STATS - 140.1, 0
2018-10-21 16:55:10 (6177182198010) STATS - 140.2, 0
2018-10-21 16:55:10 (6177182257213) STATS - 140.3, 0
2018-10-21 16:55:10 (6177182316315) STATS - 140.4, 0
2018-10-21 16:55:10 (6177182375518) STATS - 140.5, 0
2018-10-21 16:55:10 (6177182416919) STATS - 140.6, 0
2018-10-21 16:55:10 (6177182475222) STATS - 140.7, 0
2018-10-21 16:55:10 (6177182534224) STATS - 140.8, 0
2018-10-21 16:55:10 (6177182593327) STATS - 140.9, 0
2018-10-21 16:55:10 (6177182635029) STATS - 141.0, 0
2018-10-21 16:55:10 (6177182693131) STATS - 141.1, 0
2018-10-21 16:55:10 (6177182752034) STATS - 141.2, 0
2018-10-21 16:55:10 (6177182793635) STATS - 141.3, 0
2018-10-21 16:55:10 (6177182851238) STATS - 141.4, 0
2018-10-21 16:55:10 (6177182892340) STATS - 141.5, 0
2018-10-21 16:55:10 (6177182950642) STATS - 141.6, 0
2018-10-21 16:55:10 (6177182988744) STATS - 141.7, 0
2018-10-21 16:55:10 (6177183025445) STATS - 141.8, 0
2018-10-21 16:55:10 (6177183062047) STATS - 141.9, 0
2018-10-21 16:55:10 (6177183099248) STATS - 142.0, 0
2018-10-21 16:55:10 (6177183136350) STATS - 142.1, 0
2018-10-21 16:55:10 (6177183195152) STATS - 142.2, 0
2018-10-21 16:55:10 (6177183233654) STATS - 142.3, 0
2018-10-21 16:55:10 (6177183292157) STATS - 142.4, 0
2018-10-21 16:55:10 (6177183351259) STATS - 142.5, 0
2018-10-21 16:55:10 (6177183409962) STATS - 142.6, 0
2018-10-21 16:55:10 (6177183468764) STATS - 142.7, 0
2018-10-21 16:55:10 (6177183527667) STATS - 142.8, 0
2018-10-21 16:55:10 (6177189267511) STATS - 142.9, 0
2018-10-21 16:55:10 (6177189429517) STATS - 143.0, 0
2018-10-21 16:55:10 (6177189473619) STATS - 143.1, 0
2018-10-21 16:55:10 (6177189510121) STATS - 143.2, 0
2018-10-21 16:55:10 (6177189569423) STATS - 143.3, 0
2018-10-21 16:55:10 (6177189606525) STATS - 143.4, 0
2018-10-21 16:55:10 (6177189662927) STATS - 143.5, 0
2018-10-21 16:55:10 (6177189700329) STATS - 143.6, 0
2018-10-21 16:55:10 (6177189735730) STATS - 143.7, 0
2018-10-21 16:55:10 (6177189770032) STATS - 143.8, 0
2018-10-21 16:55:10 (6177189825334) STATS - 143.9, 0
2018-10-21 16:55:10 (6177189862936) STATS - 144.0, 0
2018-10-21 16:55:10 (6177189898037) STATS - 144.1, 0
2018-10-21 16:55:10 (6177189953940) STATS - 144.2, 0
2018-10-21 16:55:10 (6177189990141) STATS - 144.3, 0
2018-10-21 16:55:10 (6177190045444) STATS - 144.4, 0
2018-10-21 16:55:10 (6177190082445) STATS - 144.5, 0
2018-10-21 16:55:10 (6177190117247) STATS - 144.6, 0
2018-10-21 16:55:10 (6177190151548) STATS - 144.7, 0
2018-10-21 16:55:10 (6177190189550) STATS - 144.8, 0
2018-10-21 16:55:10 (6177190245252) STATS - 144.9, 0
2018-10-21 16:55:10 (6177190282354) STATS - 145.0, 0
2018-10-21 16:55:10 (6177190317655) STATS - 145.1, 0
2018-10-21 16:55:10 (6177190373258) STATS - 145.2, 0
2018-10-21 16:55:10 (6177190409959) STATS - 145.3, 0
2018-10-21 16:55:10 (6177190465762) STATS - 145.4, 0
2018-10-21 16:55:10 (6177190502363) STATS - 145.5, 0
2018-10-21 16:55:10 (6177190537365) STATS - 145.6, 0
2018-10-21 16:55:10 (6177190593067) STATS - 145.7, 0
2018-10-21 16:55:10 (6177190629468) STATS - 145.8, 0
2018-10-21 16:55:10 (6177190684471) STATS - 145.9, 0
2018-10-21 16:55:10 (6177190727173) STATS - 146.0, 0
2018-10-21 16:55:10 (6177190764174) STATS - 146.1, 0
2018-10-21 16:55:10 (6177190820577) STATS - 146.2, 0
2018-10-21 16:55:10 (6177190857178) STATS - 146.3, 0
2018-10-21 16:55:10 (6177190891880) STATS - 146.4, 0
2018-10-21 16:55:10 (6177190926181) STATS - 146.5, 0
2018-10-21 16:55:10 (6177190963783) STATS - 146.6, 0
2018-10-21 16:55:10 (6177191019485) STATS - 146.7, 0
2018-10-21 16:55:10 (6177191055987) STATS - 146.8, 0
2018-10-21 16:55:10 (6177191090888) STATS - 146.9, 0
2018-10-21 16:55:10 (6177191125890) STATS - 147.0, 0
2018-10-21 16:55:10 (6177191182092) STATS - 147.1, 0
2018-10-21 16:55:10 (6177191238894) STATS - 147.2, 0
2018-10-21 16:55:10 (6177191299097) STATS - 147.3, 0
2018-10-21 16:55:10 (6177191356199) STATS - 147.4, 0
2018-10-21 16:55:10 (6177191413102) STATS - 147.5, 0
2018-10-21 16:55:10 (6177191470004) STATS - 147.6, 0
2018-10-21 16:55:10 (6177191526807) STATS - 147.7, 0
2018-10-21 16:55:10 (6177191583209) STATS - 147.8, 0
2018-10-21 16:55:10 (6177191639611) STATS - 147.9, 0
2018-10-21 16:55:10 (6177191696614) STATS - 148.0, 0
2018-10-21 16:55:10 (6177191753816) STATS - 148.1, 0
2018-10-21 16:55:10 (6177191810619) STATS - 148.2, 0
2018-10-21 16:55:10 (6177191867421) STATS - 148.3, 0
2018-10-21 16:55:10 (6177191924424) STATS - 148.4, 0
2018-10-21 16:55:10 (6177191981426) STATS - 148.5, 0
2018-10-21 16:55:10 (6177192069930) STATS - 148.6, 0
2018-10-21 16:55:10 (6177192128332) STATS - 148.7, 0
2018-10-21 16:55:10 (6177192186335) STATS - 148.8, 0
2018-10-21 16:55:10 (6177192244037) STATS - 148.9, 0
2018-10-21 16:55:10 (6177192301640) STATS - 149.0, 0
2018-10-21 16:55:10 (6177192358842) STATS - 149.1, 0
2018-10-21 16:55:10 (6177192415944) STATS - 149.2, 0
2018-10-21 16:55:10 (6177192453046) STATS - 149.3, 0
2018-10-21 16:55:10 (6177192488248) STATS - 149.4, 0
2018-10-21 16:55:10 (6177192522149) STATS - 149.5, 0
2018-10-21 16:55:10 (6177192556450) STATS - 149.6, 1
2018-10-21 16:55:10 (6177192612353) STATS - 149.7, 0
2018-10-21 16:55:10 (6177192669055) STATS - 149.8, 0
2018-10-21 16:55:10 (6177192726458) STATS - 149.9, 0
2018-10-21 16:55:10 (6177192784560) STATS - 150.0, 0
2018-10-21 16:55:10 (6177192841863) STATS - 150.1, 0
2018-10-21 16:55:10 (6177192899165) STATS - 150.2, 0
2018-10-21 16:55:10 (6177192956267) STATS - 150.3, 0
2018-10-21 16:55:10 (6177193016770) STATS - 150.4, 0
2018-10-21 16:55:10 (6177198518404) STATS - 150.5, 0
2018-10-21 16:55:10 (6177198564906) STATS - 150.6, 0
2018-10-21 16:55:10 (6177198601107) STATS - 150.7, 0
2018-10-21 16:55:10 (6177198636609) STATS - 150.8, 0
2018-10-21 16:55:10 (6177198679311) STATS - 150.9, 0
2018-10-21 16:55:10 (6177198721813) STATS - 151.0, 0
2018-10-21 16:55:10 (6177198758114) STATS - 151.1, 0
2018-10-21 16:55:10 (6177198793616) STATS - 151.2, 0
2018-10-21 16:55:10 (6177198828817) STATS - 151.3, 0
2018-10-21 16:55:10 (6177198863919) STATS - 151.4, 0
2018-10-21 16:55:10 (6177198898220) STATS - 151.5, 0
2018-10-21 16:55:10 (6177198932922) STATS - 151.6, 0
2018-10-21 16:55:10 (6177198968423) STATS - 151.7, 0
2018-10-21 16:55:10 (6177199007325) STATS - 151.8, 0
2018-10-21 16:55:10 (6177199100029) STATS - 151.9, 0
2018-10-21 16:55:10 (6177199210433) STATS - 152.0, 0
2018-10-21 16:55:10 (6177199266536) STATS - 152.1, 0
2018-10-21 16:55:10 (6177199302737) STATS - 152.2, 0
2018-10-21 16:55:10 (6177199360540) STATS - 152.3, 0
2018-10-21 16:55:10 (6177199416642) STATS - 152.4, 0
2018-10-21 16:55:10 (6177199458044) STATS - 152.5, 0
2018-10-21 16:55:10 (6177199515246) STATS - 152.6, 0
2018-10-21 16:55:10 (6177199569349) STATS - 152.7, 1
2018-10-21 16:55:10 (6177199604750) STATS - 152.8, 0
2018-10-21 16:55:10 (6177199639552) STATS - 152.9, 0
2018-10-21 16:55:10 (6177199675253) STATS - 153.0, 0
2018-10-21 16:55:10 (6177199710355) STATS - 153.1, 0
2018-10-21 16:55:10 (6177199745556) STATS - 153.2, 1
2018-10-21 16:55:10 (6177199780758) STATS - 153.3, 0
2018-10-21 16:55:10 (6177199815459) STATS - 153.4, 0
2018-10-21 16:55:10 (6177199853961) STATS - 153.5, 0
2018-10-21 16:55:10 (6177199893462) STATS - 153.6, 0
2018-10-21 16:55:10 (6177199929764) STATS - 153.7, 0
2018-10-21 16:55:10 (6177199965065) STATS - 153.8, 0
2018-10-21 16:55:10 (6177199999667) STATS - 153.9, 0
2018-10-21 16:55:10 (6177200058069) STATS - 154.0, 0
2018-10-21 16:55:10 (6177200094471) STATS - 154.1, 0
2018-10-21 16:55:10 (6177200129572) STATS - 154.2, 0
2018-10-21 16:55:10 (6177200164274) STATS - 154.3, 0
2018-10-21 16:55:10 (6177200198375) STATS - 154.4, 0
2018-10-21 16:55:10 (6177200232877) STATS - 154.5, 0
2018-10-21 16:55:10 (6177200267878) STATS - 154.6, 0
2018-10-21 16:55:10 (6177200303680) STATS - 154.7, 0
2018-10-21 16:55:10 (6177200338881) STATS - 154.8, 0
2018-10-21 16:55:10 (6177200373383) STATS - 154.9, 0
2018-10-21 16:55:10 (6177200408084) STATS - 155.0, 0
2018-10-21 16:55:10 (6177200442786) STATS - 155.1, 0
2018-10-21 16:55:10 (6177200477587) STATS - 155.2, 0
2018-10-21 16:55:10 (6177200512289) STATS - 155.3, 1
2018-10-21 16:55:10 (6177200546990) STATS - 155.4, 0
2018-10-21 16:55:10 (6177200581492) STATS - 155.5, 0
2018-10-21 16:55:10 (6177200616993) STATS - 155.6, 0
2018-10-21 16:55:10 (6177200651795) STATS - 155.7, 0
2018-10-21 16:55:10 (6177200685796) STATS - 155.8, 0
2018-10-21 16:55:10 (6177200720198) STATS - 155.9, 0
2018-10-21 16:55:10 (6177200755499) STATS - 156.0, 0
2018-10-21 16:55:10 (6177200790601) STATS - 156.1, 0
2018-10-21 16:55:10 (6177200825902) STATS - 156.2, 0
2018-10-21 16:55:10 (6177200860804) STATS - 156.3, 0
2018-10-21 16:55:10 (6177200895605) STATS - 156.4, 0
2018-10-21 16:55:10 (6177200929806) STATS - 156.5, 0
2018-10-21 16:55:10 (6177200964608) STATS - 156.6, 0
2018-10-21 16:55:10 (6177200999509) STATS - 156.7, 0
2018-10-21 16:55:10 (6177201034411) STATS - 156.8, 0
2018-10-21 16:55:10 (6177201069412) STATS - 156.9, 0
2018-10-21 16:55:10 (6177201104214) STATS - 157.0, 0
2018-10-21 16:55:10 (6177201139115) STATS - 157.1, 0
2018-10-21 16:55:10 (6177201173617) STATS - 157.2, 0
2018-10-21 16:55:10 (6177201208418) STATS - 157.3, 0
2018-10-21 16:55:10 (6177201245320) STATS - 157.4, 0
2018-10-21 16:55:10 (6177201280521) STATS - 157.5, 0
2018-10-21 16:55:10 (6177201315423) STATS - 157.6, 0
2018-10-21 16:55:10 (6177201349924) STATS - 157.7, 0
2018-10-21 16:55:10 (6177201384426) STATS - 157.8, 0
2018-10-21 16:55:10 (6177201418827) STATS - 157.9, 0
2018-10-21 16:55:10 (6177201454329) STATS - 158.0, 0
2018-10-21 16:55:10 (6177201490130) STATS - 158.1, 0
2018-10-21 16:55:10 (6177201524732) STATS - 158.2, 0
2018-10-21 16:55:10 (6177201559833) STATS - 158.3, 0
2018-10-21 16:55:10 (6177201594835) STATS - 158.4, 0
2018-10-21 16:55:10 (6177201629636) STATS - 158.5, 0
2018-10-21 16:55:10 (6177201664838) STATS - 158.6, 0
2018-10-21 16:55:10 (6177201699439) STATS - 158.7, 0
2018-10-21 16:55:10 (6177201734041) STATS - 158.8, 0
2018-10-21 16:55:10 (6177201768242) STATS - 158.9, 0
2018-10-21 16:55:10 (6177201803044) STATS - 159.0, 0
2018-10-21 16:55:10 (6177201837945) STATS - 159.1, 0
2018-10-21 16:55:10 (6177201873047) STATS - 159.2, 0
2018-10-21 16:55:10 (6177201907648) STATS - 159.3, 0
2018-10-21 16:55:10 (6177201942550) STATS - 159.4, 0
2018-10-21 16:55:10 (6177201977351) STATS - 159.5, 0
2018-10-21 16:55:10 (6177202012552) STATS - 159.6, 0
2018-10-21 16:55:10 (6177202046854) STATS - 159.7, 0
2018-10-21 16:55:10 (6177202080655) STATS - 159.8, 0
2018-10-21 16:55:10 (6177202114957) STATS - 159.9, 0
2018-10-21 16:55:10 (6177202150458) STATS - 160.0, 0
2018-10-21 16:55:10 (6177202186060) STATS - 160.1, 0
2018-10-21 16:55:10 (6177202220861) STATS - 160.2, 0
2018-10-21 16:55:10 (6177202255463) STATS - 160.3, 0
2018-10-21 16:55:10 (6177202290164) STATS - 160.4, 0
2018-10-21 16:55:10 (6177207751296) STATS - 160.5, 0
2018-10-21 16:55:10 (6177207827600) STATS - 160.6, 0
2018-10-21 16:55:10 (6177207866801) STATS - 160.7, 0
2018-10-21 16:55:10 (6177207902403) STATS - 160.8, 0
2018-10-21 16:55:10 (6177207938904) STATS - 160.9, 0
2018-10-21 16:55:10 (6177207998107) STATS - 161.0, 0
2018-10-21 16:55:10 (6177208054409) STATS - 161.1, 0
2018-10-21 16:55:10 (6177208113012) STATS - 161.2, 0
2018-10-21 16:55:10 (6177208150713) STATS - 161.3, 0
2018-10-21 16:55:10 (6177208185815) STATS - 161.4, 0
2018-10-21 16:55:10 (6177208220416) STATS - 161.5, 0
2018-10-21 16:55:10 (6177208276419) STATS - 161.6, 0
2018-10-21 16:55:10 (6177208313120) STATS - 161.7, 0
2018-10-21 16:55:10 (6177208369123) STATS - 161.8, 0
2018-10-21 16:55:10 (6177208405924) STATS - 161.9, 0
2018-10-21 16:55:10 (6177208442326) STATS - 162.0, 0
2018-10-21 16:55:10 (6177208499028) STATS - 162.1, 0
2018-10-21 16:55:10 (6177208536030) STATS - 162.2, 0
2018-10-21 16:55:10 (6177208575532) STATS - 162.3, 0
2018-10-21 16:55:10 (6177208631734) STATS - 162.4, 0
2018-10-21 16:55:10 (6177208668235) STATS - 162.5, 0
2018-10-21 16:55:10 (6177208703537) STATS - 162.6, 0
2018-10-21 16:55:10 (6177208738038) STATS - 162.7, 0
2018-10-21 16:55:10 (6177208776340) STATS - 162.8, 0
2018-10-21 16:55:10 (6177208837943) STATS - 162.9, 0
2018-10-21 16:55:10 (6177208880144) STATS - 163.0, 0
2018-10-21 16:55:10 (6177208915346) STATS - 163.1, 0
2018-10-21 16:55:10 (6177208956248) STATS - 163.2, 0
2018-10-21 16:55:10 (6177209013250) STATS - 163.3, 0
2018-10-21 16:55:10 (6177209050052) STATS - 163.4, 0
2018-10-21 16:55:10 (6177209084153) STATS - 163.5, 0
2018-10-21 16:55:10 (6177209118955) STATS - 163.6, 0
2018-10-21 16:55:10 (6177209179957) STATS - 163.7, 0
2018-10-21 16:55:10 (6177209217559) STATS - 163.8, 0
2018-10-21 16:55:10 (6177209252460) STATS - 163.9, 0
2018-10-21 16:55:10 (6177209287862) STATS - 164.0, 0
2018-10-21 16:55:10 (6177209344464) STATS - 164.1, 0
2018-10-21 16:55:10 (6177209380866) STATS - 164.2, 0
2018-10-21 16:55:10 (6177209418967) STATS - 164.3, 0
2018-10-21 16:55:10 (6177209474870) STATS - 164.4, 0
2018-10-21 16:55:10 (6177209511971) STATS - 164.5, 0
2018-10-21 16:55:10 (6177209547073) STATS - 164.6, 0
2018-10-21 16:55:10 (6177209584774) STATS - 164.7, 0
2018-10-21 16:55:10 (6177209619976) STATS - 164.8, 0
2018-10-21 16:55:10 (6177209675678) STATS - 164.9, 0
2018-10-21 16:55:10 (6177209713080) STATS - 165.0, 0
2018-10-21 16:55:10 (6177209865586) STATS - 165.1, 0
2018-10-21 16:55:10 (6177209928289) STATS - 165.2, 0
2018-10-21 16:55:10 (6177209965191) STATS - 165.3, 0
2018-10-21 16:55:10 (6177209999492) STATS - 165.4, 0
2018-10-21 16:55:10 (6177210055194) STATS - 165.5, 0
2018-10-21 16:55:10 (6177210091796) STATS - 165.6, 0
2018-10-21 16:55:10 (6177210147198) STATS - 165.7, 0
2018-10-21 16:55:10 (6177210183500) STATS - 165.8, 0
2018-10-21 16:55:10 (6177210239302) STATS - 165.9, 0
2018-10-21 16:55:10 (6177210276504) STATS - 166.0, 0
2018-10-21 16:55:10 (6177210332406) STATS - 166.1, 0
2018-10-21 16:55:10 (6177210369008) STATS - 166.2, 0
2018-10-21 16:55:10 (6177210424810) STATS - 166.3, 0
2018-10-21 16:55:10 (6177210482013) STATS - 166.4, 0
2018-10-21 16:55:10 (6177210538515) STATS - 166.5, 0
2018-10-21 16:55:10 (6177210595317) STATS - 166.6, 0
2018-10-21 16:55:10 (6177210652520) STATS - 166.7, 0
2018-10-21 16:55:10 (6177210689321) STATS - 166.8, 0
2018-10-21 16:55:10 (6177210745224) STATS - 166.9, 0
2018-10-21 16:55:10 (6177210802026) STATS - 167.0, 0
2018-10-21 16:55:10 (6177210841928) STATS - 167.1, 0
2018-10-21 16:55:10 (6177210897630) STATS - 167.2, 0
2018-10-21 16:55:10 (6177210934532) STATS - 167.3, 0
2018-10-21 16:55:10 (6177210989434) STATS - 167.4, 0
2018-10-21 16:55:10 (6177211063937) STATS - 167.5, 0
2018-10-21 16:55:10 (6177211127040) STATS - 167.6, 0
2018-10-21 16:55:10 (6177211184342) STATS - 167.7, 0
2018-10-21 16:55:10 (6177211220544) STATS - 167.8, 0
2018-10-21 16:55:10 (6177211276346) STATS - 167.9, 0
2018-10-21 16:55:10 (6177211333549) STATS - 168.0, 0
2018-10-21 16:55:10 (6177211374151) STATS - 168.1, 0
2018-10-21 16:55:10 (6177211429353) STATS - 168.2, 0
2018-10-21 16:55:10 (6177211529357) STATS - 168.3, 0
2018-10-21 16:55:10 (6177211589160) STATS - 168.4, 0
2018-10-21 16:55:10 (6177211646562) STATS - 168.5, 0
2018-10-21 16:55:10 (6177217150096) STATS - 168.6, 1
2018-10-21 16:55:10 (6177217213799) STATS - 168.7, 0
2018-10-21 16:55:10 (6177217251300) STATS - 168.8, 0
2018-10-21 16:55:10 (6177217307703) STATS - 168.9, 0
2018-10-21 16:55:10 (6177217347304) STATS - 169.0, 0
2018-10-21 16:55:10 (6177217438508) STATS - 169.1, 0
2018-10-21 16:55:10 (6177217498611) STATS - 169.2, 0
2018-10-21 16:55:10 (6177217544213) STATS - 169.3, 0
2018-10-21 16:55:10 (6177217602415) STATS - 169.4, 0
2018-10-21 16:55:10 (6177217659318) STATS - 169.5, 0
2018-10-21 16:55:10 (6177217716220) STATS - 169.6, 0
2018-10-21 16:55:10 (6177217762922) STATS - 169.7, 0
2018-10-21 16:55:10 (6177217824125) STATS - 169.8, 0
2018-10-21 16:55:10 (6177217882327) STATS - 169.9, 0
2018-10-21 16:55:10 (6177217940230) STATS - 170.0, 0
2018-10-21 16:55:10 (6177217980431) STATS - 170.1, 0
2018-10-21 16:55:10 (6177218036934) STATS - 170.2, 0
2018-10-21 16:55:10 (6177218093336) STATS - 170.3, 0
2018-10-21 16:55:10 (6177218150039) STATS - 170.4, 0
2018-10-21 16:55:10 (6177218206641) STATS - 170.5, 0
2018-10-21 16:55:10 (6177218263243) STATS - 170.6, 0
2018-10-21 16:55:10 (6177218319646) STATS - 170.7, 0
2018-10-21 16:55:10 (6177218376448) STATS - 170.8, 0
2018-10-21 16:55:10 (6177218432651) STATS - 170.9, 0
2018-10-21 16:55:10 (6177218489353) STATS - 171.0, 0
2018-10-21 16:55:10 (6177218545655) STATS - 171.1, 0
2018-10-21 16:55:10 (6177218602158) STATS - 171.2, 0
2018-10-21 16:55:10 (6177218658660) STATS - 171.3, 0
2018-10-21 16:55:10 (6177218714563) STATS - 171.4, 0
2018-10-21 16:55:10 (6177218770265) STATS - 171.5, 0
2018-10-21 16:55:10 (6177218826667) STATS - 171.6, 0
2018-10-21 16:55:10 (6177218883170) STATS - 171.7, 0
2018-10-21 16:55:10 (6177218939572) STATS - 171.8, 0
2018-10-21 16:55:10 (6177218995775) STATS - 171.9, 0
2018-10-21 16:55:10 (6177219052877) STATS - 172.0, 0
2018-10-21 16:55:10 (6177219109079) STATS - 172.1, 0
2018-10-21 16:55:10 (6177219165782) STATS - 172.2, 0
2018-10-21 16:55:10 (6177219222184) STATS - 172.3, 0
2018-10-21 16:55:10 (6177219278587) STATS - 172.4, 0
2018-10-21 16:55:10 (6177219335489) STATS - 172.5, 0
2018-10-21 16:55:10 (6177219391491) STATS - 172.6, 0
2018-10-21 16:55:10 (6177219448394) STATS - 172.7, 0
2018-10-21 16:55:10 (6177219504896) STATS - 172.8, 0
2018-10-21 16:55:10 (6177219561499) STATS - 172.9, 0
2018-10-21 16:55:10 (6177219617801) STATS - 173.0, 0
2018-10-21 16:55:10 (6177219675603) STATS - 173.1, 0
2018-10-21 16:55:10 (6177219732106) STATS - 173.2, 0
2018-10-21 16:55:10 (6177219788808) STATS - 173.3, 0
2018-10-21 16:55:10 (6177219844811) STATS - 173.4, 0
2018-10-21 16:55:10 (6177219900913) STATS - 173.5, 0
2018-10-21 16:55:10 (6177219956615) STATS - 173.6, 0
2018-10-21 16:55:10 (6177220030019) STATS - 173.7, 0
2018-10-21 16:55:10 (6177220090421) STATS - 173.8, 0
2018-10-21 16:55:10 (6177220147324) STATS - 173.9, 0
2018-10-21 16:55:10 (6177220204126) STATS - 174.0, 0
2018-10-21 16:55:10 (6177220260628) STATS - 174.1, 0
2018-10-21 16:55:10 (6177220316531) STATS - 174.2, 0
2018-10-21 16:55:10 (6177220372533) STATS - 174.3, 0
2018-10-21 16:55:10 (6177220429236) STATS - 174.4, 0
2018-10-21 16:55:10 (6177220485338) STATS - 174.5, 0
2018-10-21 16:55:10 (6177220521439) STATS - 174.6, 0
2018-10-21 16:55:10 (6177220576542) STATS - 174.7, 0
2018-10-21 16:55:10 (6177220633044) STATS - 174.8, 0
2018-10-21 16:55:10 (6177220689347) STATS - 174.9, 0
2018-10-21 16:55:10 (6177220746549) STATS - 175.0, 0
2018-10-21 16:55:10 (6177220803151) STATS - 175.1, 0
2018-10-21 16:55:10 (6177220881055) STATS - 175.2, 0
2018-10-21 16:55:10 (6177226803407) STATS - 175.3, 0
2018-10-21 16:55:10 (6177226852309) STATS - 175.4, 0
2018-10-21 16:55:10 (6177226887010) STATS - 175.5, 0
2018-10-21 16:55:10 (6177226920312) STATS - 175.6, 0
2018-10-21 16:55:10 (6177226952413) STATS - 175.7, 0
2018-10-21 16:55:10 (6177226984414) STATS - 175.8, 0
2018-10-21 16:55:10 (6177227017816) STATS - 175.9, 0
2018-10-21 16:55:10 (6177227052117) STATS - 176.0, 0
2018-10-21 16:55:10 (6177227086219) STATS - 176.1, 0
2018-10-21 16:55:10 (6177227119320) STATS - 176.2, 0
2018-10-21 16:55:10 (6177227152421) STATS - 176.3, 0
2018-10-21 16:55:10 (6177227185123) STATS - 176.4, 0
2018-10-21 16:55:10 (6177227217924) STATS - 176.5, 0
2018-10-21 16:55:10 (6177227250926) STATS - 176.6, 0
2018-10-21 16:55:10 (6177227282927) STATS - 176.7, 0
2018-10-21 16:55:10 (6177227322429) STATS - 176.8, 0
2018-10-21 16:55:10 (6177227355230) STATS - 176.9, 0
2018-10-21 16:55:10 (6177227388731) STATS - 177.0, 0
2018-10-21 16:55:10 (6177227421633) STATS - 177.1, 0
2018-10-21 16:55:10 (6177227460034) STATS - 177.2, 0
2018-10-21 16:55:10 (6177227510737) STATS - 177.3, 0
2018-10-21 16:55:10 (6177227545138) STATS - 177.4, 1
2018-10-21 16:55:10 (6177227621141) INFO  - END: Middleware stopped.
