2018-10-21 17:56:53 (9880290118821) INFO  - START: Middleware listening on address 10.0.0.11:8888.
2018-10-21 17:58:15 (9962163056725) STATS -  5.00, 1273, 0, 0.322262, 1.527126, 1.962985, 1.962985, 0.000000, 0.000000, 6365, 0, 0, 0.00, 0.00, 0
2018-10-21 17:58:15 (9962268986106) STATS - 10.00, 1453, 0, 0.156051, 1.395088, 1.637836, 1.637836, 0.000000, 0.000000, 7268, 0, 0, 0.00, 0.00, 0
2018-10-21 17:58:15 (9962372363714) STATS - 15.00, 1457, 0, 0.147944, 1.353954, 1.601571, 1.601571, 0.000000, 0.000000, 7287, 0, 0, 0.00, 0.00, 0
2018-10-21 17:58:15 (9962423625405) STATS - 20.00, 1499, 0, 0.144448, 1.338041, 1.582301, 1.582301, 0.000000, 0.000000, 7498, 0, 0, 0.00, 0.00, 0
2018-10-21 17:58:15 (9962443752091) STATS - 25.00, 1472, 0, 0.145796, 1.351818, 1.584842, 1.584842, 0.000000, 0.000000, 7361, 0, 0, 0.00, 0.00, 0
2018-10-21 17:58:15 (9962462735143) STATS - 30.00, 1476, 0, 0.156663, 1.367106, 1.615523, 1.615523, 0.000000, 0.000000, 7384, 0, 0, 0.00, 0.00, 0
2018-10-21 17:58:15 (9962481520189) STATS - 35.00, 1492, 0, 0.155173, 1.348847, 1.600268, 1.600268, 0.000000, 0.000000, 7461, 0, 0, 0.00, 0.00, 0
2018-10-21 17:58:15 (9962500126031) STATS - 40.00, 1480, 0, 0.159080, 1.367537, 1.619175, 1.619175, 0.000000, 0.000000, 7404, 0, 0, 0.00, 0.00, 0
2018-10-21 17:58:15 (9962512980705) STATS - 45.00, 1487, 0, 0.147511, 1.322223, 1.570750, 1.570750, 0.000000, 0.000000, 7436, 0, 0, 0.00, 0.00, 0
2018-10-21 17:58:15 (9962530125703) STATS - 50.00, 1487, 0, 0.150123, 1.347265, 1.581778, 1.581778, 0.000000, 0.000000, 7436, 0, 0, 0.00, 0.00, 0
2018-10-21 17:58:15 (9962540199996) STATS - 55.00, 1434, 0, 0.155205, 1.433935, 1.675541, 1.675541, 0.000000, 0.000000, 7173, 0, 0, 0.00, 0.00, 0
2018-10-21 17:58:15 (9962550361192) STATS - 60.00, 1414, 0, 0.168717, 1.389968, 1.646615, 1.646615, 0.000000, 0.000000, 7074, 0, 0, 0.00, 0.00, 0
2018-10-21 17:58:15 (9962560463486) STATS - 65.00, 1483, 0, 0.169402, 1.302175, 1.569321, 1.569321, 0.000000, 0.000000, 7418, 0, 0, 0.00, 0.00, 0
2018-10-21 17:58:15 (9962570092366) STATS - 70.00, 1471, 0, 0.171200, 1.332913, 1.605093, 1.605093, 0.000000, 0.000000, 7355, 0, 0, 0.00, 0.00, 0
2018-10-21 17:58:15 (9962571740014) STATS - 70.00, 13, 0, 0.090093, 1.136868, 1.490969, 1.490969, 0.000000, 0.000000, 65, 0, 0, 0.00, 0.00, 0
2018-10-21 17:58:15 (9962731529262) STATS - Interval, Responses
2018-10-21 17:58:15 (9962731968575) STATS - 0.1, 0
2018-10-21 17:58:15 (9962732230783) STATS - 0.2, 0
2018-10-21 17:58:15 (9962738251558) STATS - 0.3, 0
2018-10-21 17:58:15 (9962738519966) STATS - 0.4, 1
2018-10-21 17:58:15 (9962738790774) STATS - 0.5, 186
2018-10-21 17:58:15 (9962739041481) STATS - 0.6, 1657
2018-10-21 17:58:15 (9962739275688) STATS - 0.7, 5417
2018-10-21 17:58:15 (9962739544496) STATS - 0.8, 9553
2018-10-21 17:58:15 (9962739948107) STATS - 0.9, 12093
2018-10-21 17:58:15 (9962740278317) STATS - 1.0, 12023
2018-10-21 17:58:15 (9962740507424) STATS - 1.1, 10481
2018-10-21 17:58:15 (9962740809332) STATS - 1.2, 8437
2018-10-21 17:58:15 (9962741120241) STATS - 1.3, 6612
2018-10-21 17:58:15 (9962741365849) STATS - 1.4, 5054
2018-10-21 17:58:15 (9962741636257) STATS - 1.5, 4057
2018-10-21 17:58:15 (9962741881164) STATS - 1.6, 3167
2018-10-21 17:58:15 (9962742108270) STATS - 1.7, 2443
2018-10-21 17:58:15 (9962742322976) STATS - 1.8, 2147
2018-10-21 17:58:15 (9962748392853) STATS - 1.9, 1739
2018-10-21 17:58:15 (9962748775564) STATS - 2.0, 1441
2018-10-21 17:58:15 (9962749043472) STATS - 2.1, 1163
2018-10-21 17:58:15 (9962749266778) STATS - 2.2, 972
2018-10-21 17:58:15 (9962749532386) STATS - 2.3, 815
2018-10-21 17:58:15 (9962749787294) STATS - 2.4, 618
2018-10-21 17:58:15 (9962750318509) STATS - 2.5, 536
2018-10-21 17:58:15 (9962750607317) STATS - 2.6, 439
2018-10-21 17:58:15 (9962750912526) STATS - 2.7, 431
2018-10-21 17:58:15 (9962751141333) STATS - 2.8, 356
2018-10-21 17:58:15 (9962751357639) STATS - 2.9, 366
2018-10-21 17:58:15 (9962751567245) STATS - 3.0, 288
2018-10-21 17:58:15 (9962751778652) STATS - 3.1, 261
2018-10-21 17:58:15 (9962751986258) STATS - 3.2, 244
2018-10-21 17:58:15 (9962757992232) STATS - 3.3, 210
2018-10-21 17:58:15 (9962758285041) STATS - 3.4, 192
2018-10-21 17:58:15 (9962758502247) STATS - 3.5, 191
2018-10-21 17:58:15 (9962758740354) STATS - 3.6, 138
2018-10-21 17:58:15 (9962759008862) STATS - 3.7, 126
2018-10-21 17:58:15 (9962759228268) STATS - 3.8, 156
2018-10-21 17:58:15 (9962759440574) STATS - 3.9, 119
2018-10-21 17:58:15 (9962759661481) STATS - 4.0, 96
2018-10-21 17:58:15 (9962759873087) STATS - 4.1, 102
2018-10-21 17:58:15 (9962760103294) STATS - 4.2, 90
2018-10-21 17:58:15 (9962760311000) STATS - 4.3, 72
2018-10-21 17:58:15 (9962760522906) STATS - 4.4, 73
2018-10-21 17:58:15 (9962760770713) STATS - 4.5, 77
2018-10-21 17:58:15 (9962761012720) STATS - 4.6, 60
2018-10-21 17:58:15 (9962761256927) STATS - 4.7, 59
2018-10-21 17:58:15 (9962761485134) STATS - 4.8, 62
2018-10-21 17:58:15 (9962762002549) STATS - 4.9, 52
2018-10-21 17:58:15 (9962767958622) STATS - 5.0, 50
2018-10-21 17:58:15 (9962768257131) STATS - 5.1, 49
2018-10-21 17:58:15 (9962768478637) STATS - 5.2, 44
2018-10-21 17:58:15 (9962769026053) STATS - 5.3, 45
2018-10-21 17:58:15 (9962769221659) STATS - 5.4, 50
2018-10-21 17:58:15 (9962769436165) STATS - 5.5, 44
2018-10-21 17:58:15 (9962769670772) STATS - 5.6, 75
2018-10-21 17:58:15 (9962769926780) STATS - 5.7, 87
2018-10-21 17:58:15 (9962770160286) STATS - 5.8, 121
2018-10-21 17:58:15 (9962770356992) STATS - 5.9, 202
2018-10-21 17:58:15 (9962770548998) STATS - 6.0, 385
2018-10-21 17:58:15 (9962770774004) STATS - 6.1, 505
2018-10-21 17:58:15 (9962770970110) STATS - 6.2, 503
2018-10-21 17:58:15 (9962771238618) STATS - 6.3, 540
2018-10-21 17:58:15 (9962771427423) STATS - 6.4, 518
2018-10-21 17:58:15 (9962771625829) STATS - 6.5, 497
2018-10-21 17:58:15 (9962771823835) STATS - 6.6, 426
2018-10-21 17:58:15 (9962777834310) STATS - 6.7, 413
2018-10-21 17:58:15 (9962778047716) STATS - 6.8, 344
2018-10-21 17:58:15 (9962778290623) STATS - 6.9, 275
2018-10-21 17:58:15 (9962778526330) STATS - 7.0, 212
2018-10-21 17:58:15 (9962778712735) STATS - 7.1, 222
2018-10-21 17:58:15 (9962778917541) STATS - 7.2, 150
2018-10-21 17:58:15 (9962779127847) STATS - 7.3, 113
2018-10-21 17:58:15 (9962779330153) STATS - 7.4, 92
2018-10-21 17:58:15 (9962779547459) STATS - 7.5, 77
2018-10-21 17:58:15 (9962779730765) STATS - 7.6, 82
2018-10-21 17:58:15 (9962780229179) STATS - 7.7, 74
2018-10-21 17:58:15 (9962780412185) STATS - 7.8, 73
2018-10-21 17:58:15 (9962780599290) STATS - 7.9, 64
2018-10-21 17:58:15 (9962780774795) STATS - 8.0, 60
2018-10-21 17:58:15 (9962780988901) STATS - 8.1, 53
2018-10-21 17:58:15 (9962781168707) STATS - 8.2, 36
2018-10-21 17:58:15 (9962781346912) STATS - 8.3, 41
2018-10-21 17:58:15 (9962781526217) STATS - 8.4, 32
2018-10-21 17:58:15 (9962781709922) STATS - 8.5, 31
2018-10-21 17:58:15 (9962787683596) STATS - 8.6, 20
2018-10-21 17:58:15 (9962787925603) STATS - 8.7, 16
2018-10-21 17:58:15 (9962788125309) STATS - 8.8, 17
2018-10-21 17:58:15 (9962788342915) STATS - 8.9, 10
2018-10-21 17:58:15 (9962788518620) STATS - 9.0, 14
2018-10-21 17:58:15 (9962788788828) STATS - 9.1, 6
2018-10-21 17:58:15 (9962788968633) STATS - 9.2, 11
2018-10-21 17:58:15 (9962789144539) STATS - 9.3, 14
2018-10-21 17:58:15 (9962789318344) STATS - 9.4, 12
2018-10-21 17:58:15 (9962789497949) STATS - 9.5, 12
2018-10-21 17:58:15 (9962789721755) STATS - 9.6, 6
2018-10-21 17:58:15 (9962789912561) STATS - 9.7, 22
2018-10-21 17:58:15 (9962790077066) STATS - 9.8, 32
2018-10-21 17:58:15 (9962790256171) STATS - 9.9, 60
2018-10-21 17:58:15 (9962790451277) STATS - 10.0, 51
2018-10-21 17:58:15 (9962790634882) STATS - 10.1, 25
2018-10-21 17:58:15 (9962790815087) STATS - 10.2, 17
2018-10-21 17:58:15 (9962791058094) STATS - 10.3, 4
2018-10-21 17:58:15 (9962791242600) STATS - 10.4, 6
2018-10-21 17:58:15 (9962791418505) STATS - 10.5, 5
2018-10-21 17:58:15 (9962797415579) STATS - 10.6, 6
2018-10-21 17:58:15 (9962797670687) STATS - 10.7, 5
2018-10-21 17:58:15 (9962797905293) STATS - 10.8, 3
2018-10-21 17:58:15 (9962798140800) STATS - 10.9, 8
2018-10-21 17:58:15 (9962798357107) STATS - 11.0, 7
2018-10-21 17:58:15 (9962798615314) STATS - 11.1, 8
2018-10-21 17:58:15 (9962798863021) STATS - 11.2, 8
2018-10-21 17:58:15 (9962799173630) STATS - 11.3, 7
2018-10-21 17:58:15 (9962799360336) STATS - 11.4, 6
2018-10-21 17:58:15 (9962799537441) STATS - 11.5, 9
2018-10-21 17:58:15 (9962799713546) STATS - 11.6, 4
2018-10-21 17:58:15 (9962799889351) STATS - 11.7, 5
2018-10-21 17:58:15 (9962800118158) STATS - 11.8, 5
2018-10-21 17:58:15 (9962800296463) STATS - 11.9, 2
2018-10-21 17:58:15 (9962800471768) STATS - 12.0, 4
2018-10-21 17:58:15 (9962800653773) STATS - 12.1, 3
2018-10-21 17:58:15 (9962800834879) STATS - 12.2, 2
2018-10-21 17:58:15 (9962801010384) STATS - 12.3, 7
2018-10-21 17:58:15 (9962801189789) STATS - 12.4, 4
2018-10-21 17:58:15 (9962801365494) STATS - 12.5, 2
2018-10-21 17:58:15 (9962807326168) STATS - 12.6, 3
2018-10-21 17:58:15 (9962807533974) STATS - 12.7, 1
2018-10-21 17:58:15 (9962807726179) STATS - 12.8, 0
2018-10-21 17:58:15 (9962807905984) STATS - 12.9, 1
2018-10-21 17:58:15 (9962808103390) STATS - 13.0, 0
2018-10-21 17:58:15 (9962808281695) STATS - 13.1, 1
2018-10-21 17:58:15 (9962808463201) STATS - 13.2, 1
2018-10-21 17:58:15 (9962808649006) STATS - 13.3, 1
2018-10-21 17:58:15 (9962808825711) STATS - 13.4, 1
2018-10-21 17:58:15 (9962809002816) STATS - 13.5, 1
2018-10-21 17:58:15 (9962809180421) STATS - 13.6, 1
2018-10-21 17:58:15 (9962809361827) STATS - 13.7, 3
2018-10-21 17:58:15 (9962809614034) STATS - 13.8, 0
2018-10-21 17:58:15 (9962809788539) STATS - 13.9, 0
2018-10-21 17:58:15 (9962809955044) STATS - 14.0, 0
2018-10-21 17:58:15 (9962810130049) STATS - 14.1, 1
2018-10-21 17:58:15 (9962810300254) STATS - 14.2, 0
2018-10-21 17:58:15 (9962810468759) STATS - 14.3, 0
2018-10-21 17:58:15 (9962810638964) STATS - 14.4, 0
2018-10-21 17:58:15 (9962810811769) STATS - 14.5, 1
2018-10-21 17:58:15 (9962810984974) STATS - 14.6, 0
2018-10-21 17:58:15 (9962811155279) STATS - 14.7, 3
2018-10-21 17:58:15 (9962816939847) STATS - 14.8, 0
2018-10-21 17:58:15 (9962817153953) STATS - 14.9, 0
2018-10-21 17:58:15 (9962817455062) STATS - 15.0, 0
2018-10-21 17:58:15 (9962817751571) STATS - 15.1, 0
2018-10-21 17:58:15 (9962818117481) STATS - 15.2, 0
2018-10-21 17:58:15 (9962818288086) STATS - 15.3, 0
2018-10-21 17:58:15 (9962818457791) STATS - 15.4, 0
2018-10-21 17:58:15 (9962818903004) STATS - 15.5, 2
2018-10-21 17:58:15 (9962819084810) STATS - 15.6, 1
2018-10-21 17:58:15 (9962819265815) STATS - 15.7, 1
2018-10-21 17:58:15 (9962819438120) STATS - 15.8, 1
2018-10-21 17:58:15 (9962819610125) STATS - 15.9, 3
2018-10-21 17:58:15 (9962819777530) STATS - 16.0, 0
2018-10-21 17:58:15 (9962819986436) STATS - 16.1, 0
2018-10-21 17:58:15 (9962820178841) STATS - 16.2, 0
2018-10-21 17:58:15 (9962820355947) STATS - 16.3, 0
2018-10-21 17:58:15 (9962820525152) STATS - 16.4, 0
2018-10-21 17:58:15 (9962820694956) STATS - 16.5, 0
2018-10-21 17:58:15 (9962820864361) STATS - 16.6, 1
2018-10-21 17:58:15 (9962821098968) STATS - 16.7, 0
2018-10-21 17:58:15 (9962826956839) STATS - 16.8, 0
2018-10-21 17:58:15 (9962827171045) STATS - 16.9, 0
2018-10-21 17:58:15 (9962827394051) STATS - 17.0, 0
2018-10-21 17:58:15 (9962827601657) STATS - 17.1, 0
2018-10-21 17:58:15 (9962827795063) STATS - 17.2, 0
2018-10-21 17:58:15 (9962828052270) STATS - 17.3, 1
2018-10-21 17:58:15 (9962828277077) STATS - 17.4, 1
2018-10-21 17:58:15 (9962828480683) STATS - 17.5, 1
2018-10-21 17:58:15 (9962828662688) STATS - 17.6, 1
2018-10-21 17:58:15 (9962828828493) STATS - 17.7, 1
2018-10-21 17:58:15 (9962828993998) STATS - 17.8, 0
2018-10-21 17:58:15 (9962829159403) STATS - 17.9, 1
2018-10-21 17:58:15 (9962829325508) STATS - 18.0, 2
2018-10-21 17:58:15 (9962829490412) STATS - 18.1, 1
2018-10-21 17:58:15 (9962829657217) STATS - 18.2, 1
2018-10-21 17:58:15 (9962829860323) STATS - 18.3, 0
2018-10-21 17:58:15 (9962830029028) STATS - 18.4, 0
2018-10-21 17:58:15 (9962830192833) STATS - 18.5, 0
2018-10-21 17:58:15 (9962830364438) STATS - 18.6, 0
2018-10-21 17:58:15 (9962830562243) STATS - 18.7, 1
2018-10-21 17:58:15 (9962830761449) STATS - 18.8, 0
2018-10-21 17:58:15 (9962836742023) STATS - 18.9, 0
2018-10-21 17:58:15 (9962837031332) STATS - 19.0, 0
2018-10-21 17:58:15 (9962837222137) STATS - 19.1, 0
2018-10-21 17:58:15 (9962837386942) STATS - 19.2, 1
2018-10-21 17:58:15 (9962837552247) STATS - 19.3, 0
2018-10-21 17:58:15 (9962837755353) STATS - 19.4, 2
2018-10-21 17:58:15 (9962837947158) STATS - 19.5, 2
2018-10-21 17:58:15 (9962838113063) STATS - 19.6, 1
2018-10-21 17:58:15 (9962838272468) STATS - 19.7, 0
2018-10-21 17:58:15 (9962838547376) STATS - 19.8, 1
2018-10-21 17:58:15 (9962838708280) STATS - 19.9, 2
2018-10-21 17:58:15 (9962838869385) STATS - 20.0, 1
2018-10-21 17:58:15 (9962839028890) STATS - 20.1, 1
2018-10-21 17:58:15 (9962839188294) STATS - 20.2, 0
2018-10-21 17:58:15 (9962839347199) STATS - 20.3, 0
2018-10-21 17:58:15 (9962839511304) STATS - 20.4, 0
2018-10-21 17:58:15 (9962839673409) STATS - 20.5, 0
2018-10-21 17:58:15 (9962839866114) STATS - 20.6, 0
2018-10-21 17:58:15 (9962840043719) STATS - 20.7, 0
2018-10-21 17:58:15 (9962840202324) STATS - 20.8, 0
2018-10-21 17:58:15 (9962840357428) STATS - 20.9, 0
2018-10-21 17:58:15 (9962840509233) STATS - 21.0, 0
2018-10-21 17:58:15 (9962840670338) STATS - 21.1, 0
2018-10-21 17:58:15 (9962846697713) STATS - 21.2, 0
2018-10-21 17:58:15 (9962846899619) STATS - 21.3, 0
2018-10-21 17:58:15 (9962847112625) STATS - 21.4, 0
2018-10-21 17:58:15 (9962847268029) STATS - 21.5, 0
2018-10-21 17:58:15 (9962847426934) STATS - 21.6, 0
2018-10-21 17:58:15 (9962847658041) STATS - 21.7, 0
2018-10-21 17:58:15 (9962847817245) STATS - 21.8, 0
2018-10-21 17:58:15 (9962847998551) STATS - 21.9, 0
2018-10-21 17:58:15 (9962848170356) STATS - 22.0, 0
2018-10-21 17:58:15 (9962848322660) STATS - 22.1, 0
2018-10-21 17:58:15 (9962848475065) STATS - 22.2, 1
2018-10-21 17:58:15 (9962848627769) STATS - 22.3, 0
2018-10-21 17:58:15 (9962848792474) STATS - 22.4, 0
2018-10-21 17:58:15 (9962848947378) STATS - 22.5, 0
2018-10-21 17:58:15 (9962849214386) STATS - 22.6, 0
2018-10-21 17:58:15 (9962849378591) STATS - 22.7, 0
2018-10-21 17:58:15 (9962849532595) STATS - 22.8, 0
2018-10-21 17:58:15 (9962849686100) STATS - 22.9, 0
2018-10-21 17:58:15 (9962849834804) STATS - 23.0, 0
2018-10-21 17:58:15 (9962849987109) STATS - 23.1, 0
2018-10-21 17:58:15 (9962850139413) STATS - 23.2, 1
2018-10-21 17:58:15 (9962850289917) STATS - 23.3, 0
2018-10-21 17:58:15 (9962850441922) STATS - 23.4, 0
2018-10-21 17:58:15 (9962850595926) STATS - 23.5, 0
2018-10-21 17:58:15 (9962850747231) STATS - 23.6, 0
2018-10-21 17:58:15 (9962856974112) STATS - 23.7, 0
2018-10-21 17:58:15 (9962857158217) STATS - 23.8, 0
2018-10-21 17:58:15 (9962857357123) STATS - 23.9, 0
2018-10-21 17:58:15 (9962857648931) STATS - 24.0, 0
2018-10-21 17:58:15 (9962857857538) STATS - 24.1, 0
2018-10-21 17:58:15 (9962858049143) STATS - 24.2, 0
2018-10-21 17:58:15 (9962858208348) STATS - 24.3, 0
2018-10-21 17:58:15 (9962858361252) STATS - 24.4, 0
2018-10-21 17:58:15 (9962858514757) STATS - 24.5, 0
2018-10-21 17:58:15 (9962858669661) STATS - 24.6, 0
2018-10-21 17:58:15 (9962858823266) STATS - 24.7, 0
2018-10-21 17:58:15 (9962858978770) STATS - 24.8, 0
2018-10-21 17:58:15 (9962859132175) STATS - 24.9, 0
2018-10-21 17:58:15 (9962859298179) STATS - 25.0, 0
2018-10-21 17:58:15 (9962859450184) STATS - 25.1, 0
2018-10-21 17:58:15 (9962859581988) STATS - 25.2, 0
2018-10-21 17:58:15 (9962859731192) STATS - 25.3, 0
2018-10-21 17:58:15 (9962859882396) STATS - 25.4, 1
2018-10-21 17:58:15 (9962860070002) STATS - 25.5, 0
2018-10-21 17:58:15 (9962860231707) STATS - 25.6, 0
2018-10-21 17:58:15 (9962860384011) STATS - 25.7, 0
2018-10-21 17:58:15 (9962860533415) STATS - 25.8, 0
2018-10-21 17:58:15 (9962860689120) STATS - 25.9, 0
2018-10-21 17:58:15 (9962866719095) STATS - 26.0, 0
2018-10-21 17:58:15 (9962866910401) STATS - 26.1, 0
2018-10-21 17:58:15 (9962867064105) STATS - 26.2, 0
2018-10-21 17:58:15 (9962867255911) STATS - 26.3, 0
2018-10-21 17:58:15 (9962867406615) STATS - 26.4, 0
2018-10-21 17:58:15 (9962867556920) STATS - 26.5, 0
2018-10-21 17:58:15 (9962867706124) STATS - 26.6, 1
2018-10-21 17:58:15 (9962867860729) STATS - 26.7, 2
2018-10-21 17:58:15 (9962868027133) STATS - 26.8, 0
2018-10-21 17:58:15 (9962868187038) STATS - 26.9, 0
2018-10-21 17:58:15 (9962868384344) STATS - 27.0, 0
2018-10-21 17:58:15 (9962868552249) STATS - 27.1, 0
2018-10-21 17:58:15 (9962868705253) STATS - 27.2, 0
2018-10-21 17:58:15 (9962868852657) STATS - 27.3, 0
2018-10-21 17:58:15 (9962869003762) STATS - 27.4, 0
2018-10-21 17:58:15 (9962869151566) STATS - 27.5, 0
2018-10-21 17:58:15 (9962869298470) STATS - 27.6, 0
2018-10-21 17:58:15 (9962869491376) STATS - 27.7, 0
2018-10-21 17:58:15 (9962869641680) STATS - 27.8, 0
2018-10-21 17:58:15 (9962869789285) STATS - 27.9, 0
2018-10-21 17:58:15 (9962869932189) STATS - 28.0, 0
2018-10-21 17:58:15 (9962870077993) STATS - 28.1, 0
2018-10-21 17:58:15 (9962870224897) STATS - 28.2, 0
2018-10-21 17:58:15 (9962870433903) STATS - 28.3, 0
2018-10-21 17:58:15 (9962870585808) STATS - 28.4, 0
2018-10-21 17:58:15 (9962876592683) STATS - 28.5, 0
2018-10-21 17:58:15 (9962876805189) STATS - 28.6, 0
2018-10-21 17:58:15 (9962876982594) STATS - 28.7, 0
2018-10-21 17:58:15 (9962877135198) STATS - 28.8, 0
2018-10-21 17:58:15 (9962877319804) STATS - 28.9, 0
2018-10-21 17:58:15 (9962877459908) STATS - 29.0, 0
2018-10-21 17:58:15 (9962877611012) STATS - 29.1, 0
2018-10-21 17:58:15 (9962877782417) STATS - 29.2, 0
2018-10-21 17:58:15 (9962877955922) STATS - 29.3, 0
2018-10-21 17:58:15 (9962878133827) STATS - 29.4, 0
2018-10-21 17:58:15 (9962878277032) STATS - 29.5, 0
2018-10-21 17:58:15 (9962878417936) STATS - 29.6, 0
2018-10-21 17:58:15 (9962878559640) STATS - 29.7, 0
2018-10-21 17:58:15 (9962878701644) STATS - 29.8, 0
2018-10-21 17:58:15 (9962878843848) STATS - 29.9, 0
2018-10-21 17:58:15 (9962879025653) STATS - 30.0, 0
2018-10-21 17:58:15 (9962879186858) STATS - 30.1, 0
2018-10-21 17:58:15 (9962879333662) STATS - 30.2, 0
2018-10-21 17:58:15 (9962879516668) STATS - 30.3, 0
2018-10-21 17:58:15 (9962879688473) STATS - 30.4, 0
2018-10-21 17:58:15 (9962879832777) STATS - 30.5, 0
2018-10-21 17:58:15 (9962879974881) STATS - 30.6, 0
2018-10-21 17:58:15 (9962880137086) STATS - 30.7, 0
2018-10-21 17:58:15 (9962880285190) STATS - 30.8, 0
2018-10-21 17:58:15 (9962880538997) STATS - 30.9, 0
2018-10-21 17:58:15 (9962880656401) STATS - 31.0, 0
2018-10-21 17:58:15 (9962886692776) STATS - 31.1, 0
2018-10-21 17:58:15 (9962886865681) STATS - 31.2, 0
2018-10-21 17:58:15 (9962887014586) STATS - 31.3, 0
2018-10-21 17:58:15 (9962887155890) STATS - 31.4, 1
2018-10-21 17:58:15 (9962887307094) STATS - 31.5, 0
2018-10-21 17:58:15 (9962887481999) STATS - 31.6, 0
2018-10-21 17:58:15 (9962887622003) STATS - 31.7, 0
2018-10-21 17:58:15 (9962887781908) STATS - 31.8, 0
2018-10-21 17:58:15 (9962887926912) STATS - 31.9, 0
2018-10-21 17:58:15 (9962888112918) STATS - 32.0, 0
2018-10-21 17:58:15 (9962888249122) STATS - 32.1, 0
2018-10-21 17:58:15 (9962888384226) STATS - 32.2, 0
2018-10-21 17:58:15 (9962888524630) STATS - 32.3, 0
2018-10-21 17:58:15 (9962888660334) STATS - 32.4, 0
2018-10-21 17:58:15 (9962888811038) STATS - 32.5, 0
2018-10-21 17:58:15 (9962889063845) STATS - 32.6, 0
2018-10-21 17:58:15 (9962889205950) STATS - 32.7, 0
2018-10-21 17:58:15 (9962889340453) STATS - 32.8, 0
2018-10-21 17:58:15 (9962889474357) STATS - 32.9, 0
2018-10-21 17:58:15 (9962889604461) STATS - 33.0, 0
2018-10-21 17:58:15 (9962889740965) STATS - 33.1, 0
2018-10-21 17:58:15 (9962889874869) STATS - 33.2, 0
2018-10-21 17:58:15 (9962890008873) STATS - 33.3, 0
2018-10-21 17:58:15 (9962890142877) STATS - 33.4, 0
2018-10-21 17:58:15 (9962890276781) STATS - 33.5, 0
2018-10-21 17:58:15 (9962890386784) STATS - 33.6, 0
2018-10-21 17:58:15 (9962890524988) STATS - 33.7, 0
2018-10-21 17:58:15 (9962896567864) STATS - 33.8, 0
2018-10-21 17:58:15 (9962896741669) STATS - 33.9, 0
2018-10-21 17:58:15 (9962896876273) STATS - 34.0, 0
2018-10-21 17:58:15 (9962897138880) STATS - 34.1, 0
2018-10-21 17:58:15 (9962897281584) STATS - 34.2, 0
2018-10-21 17:58:15 (9962897415488) STATS - 34.3, 0
2018-10-21 17:58:15 (9962897548792) STATS - 34.4, 0
2018-10-21 17:58:15 (9962897681696) STATS - 34.5, 0
2018-10-21 17:58:15 (9962897814600) STATS - 34.6, 0
2018-10-21 17:58:15 (9962897947404) STATS - 34.7, 0
2018-10-21 17:58:15 (9962898079708) STATS - 34.8, 0
2018-10-21 17:58:15 (9962898239012) STATS - 34.9, 0
2018-10-21 17:58:15 (9962898376716) STATS - 35.0, 0
2018-10-21 17:58:15 (9962898509920) STATS - 35.1, 0
2018-10-21 17:58:15 (9962898642124) STATS - 35.2, 0
2018-10-21 17:58:15 (9962898773828) STATS - 35.3, 0
2018-10-21 17:58:15 (9962898910732) STATS - 35.4, 0
2018-10-21 17:58:15 (9962899048836) STATS - 35.5, 0
2018-10-21 17:58:15 (9962899181640) STATS - 35.6, 0
2018-10-21 17:58:15 (9962899317944) STATS - 35.7, 0
2018-10-21 17:58:15 (9962899454048) STATS - 35.8, 0
2018-10-21 17:58:15 (9962899587652) STATS - 35.9, 0
2018-10-21 17:58:15 (9962899715155) STATS - 36.0, 0
2018-10-21 17:58:15 (9962899845959) STATS - 36.1, 0
2018-10-21 17:58:15 (9962899977463) STATS - 36.2, 0
2018-10-21 17:58:15 (9962900125367) STATS - 36.3, 0
2018-10-21 17:58:15 (9962900257871) STATS - 36.4, 0
2018-10-21 17:58:15 (9962900451877) STATS - 36.5, 0
2018-10-21 17:58:15 (9962906359849) STATS - 36.6, 0
2018-10-21 17:58:15 (9962906607756) STATS - 36.7, 0
2018-10-21 17:58:15 (9962906833262) STATS - 36.8, 0
2018-10-21 17:58:15 (9962906974066) STATS - 36.9, 0
2018-10-21 17:58:15 (9962907100870) STATS - 37.0, 0
2018-10-21 17:58:15 (9962907235674) STATS - 37.1, 0
2018-10-21 17:58:15 (9962907364978) STATS - 37.2, 0
2018-10-21 17:58:15 (9962907494482) STATS - 37.3, 0
2018-10-21 17:58:15 (9962907624885) STATS - 37.4, 0
2018-10-21 17:58:15 (9962907753089) STATS - 37.5, 0
2018-10-21 17:58:15 (9962907905994) STATS - 37.6, 0
2018-10-21 17:58:15 (9962908093899) STATS - 37.7, 0
2018-10-21 17:58:15 (9962908220403) STATS - 37.8, 0
2018-10-21 17:58:15 (9962908351206) STATS - 37.9, 0
2018-10-21 17:58:15 (9962908473710) STATS - 38.0, 0
2018-10-21 17:58:15 (9962908599814) STATS - 38.1, 0
2018-10-21 17:58:15 (9962908724917) STATS - 38.2, 0
2018-10-21 17:58:15 (9962908856121) STATS - 38.3, 0
2018-10-21 17:58:15 (9962908989125) STATS - 38.4, 0
2018-10-21 17:58:15 (9962909116629) STATS - 38.5, 0
2018-10-21 17:58:15 (9962909242032) STATS - 38.6, 0
2018-10-21 17:58:15 (9962909370036) STATS - 38.7, 0
2018-10-21 17:58:15 (9962909511140) STATS - 38.8, 0
2018-10-21 17:58:15 (9962909639444) STATS - 38.9, 0
2018-10-21 17:58:15 (9962909758647) STATS - 39.0, 0
2018-10-21 17:58:15 (9962909880951) STATS - 39.1, 0
2018-10-21 17:58:15 (9962910003055) STATS - 39.2, 0
2018-10-21 17:58:15 (9962910126158) STATS - 39.3, 0
2018-10-21 17:58:15 (9962910249262) STATS - 39.4, 0
2018-10-21 17:58:15 (9962910372665) STATS - 39.5, 0
2018-10-21 17:58:15 (9962916272137) STATS - 39.6, 0
2018-10-21 17:58:15 (9962916468143) STATS - 39.7, 0
2018-10-21 17:58:15 (9962916596646) STATS - 39.8, 0
2018-10-21 17:58:15 (9962916720350) STATS - 39.9, 0
2018-10-21 17:58:15 (9962916840253) STATS - 40.0, 0
2018-10-21 17:58:15 (9962916961957) STATS - 40.1, 0
2018-10-21 17:58:15 (9962917088161) STATS - 40.2, 0
2018-10-21 17:58:15 (9962917210464) STATS - 40.3, 0
2018-10-21 17:58:15 (9962917331368) STATS - 40.4, 0
2018-10-21 17:58:15 (9962917458971) STATS - 40.5, 0
2018-10-21 17:58:15 (9962917582275) STATS - 40.6, 0
2018-10-21 17:58:15 (9962917702979) STATS - 40.7, 0
2018-10-21 17:58:15 (9962917823782) STATS - 40.8, 0
2018-10-21 17:58:15 (9962917945886) STATS - 40.9, 0
2018-10-21 17:58:15 (9962918063389) STATS - 41.0, 0
2018-10-21 17:58:15 (9962918183593) STATS - 41.1, 0
2018-10-21 17:58:15 (9962918304896) STATS - 41.2, 0
2018-10-21 17:58:15 (9962918426200) STATS - 41.3, 0
2018-10-21 17:58:15 (9962918547703) STATS - 41.4, 0
2018-10-21 17:58:15 (9962918668707) STATS - 41.5, 0
2018-10-21 17:58:15 (9962918789210) STATS - 41.6, 0
2018-10-21 17:58:15 (9962918910514) STATS - 41.7, 0
2018-10-21 17:58:15 (9962919031517) STATS - 41.8, 0
2018-10-21 17:58:15 (9962919153621) STATS - 41.9, 0
2018-10-21 17:58:15 (9962919271224) STATS - 42.0, 0
2018-10-21 17:58:15 (9962919391928) STATS - 42.1, 0
2018-10-21 17:58:15 (9962919512531) STATS - 42.2, 0
2018-10-21 17:58:15 (9962919635735) STATS - 42.3, 0
2018-10-21 17:58:15 (9962919757238) STATS - 42.4, 0
2018-10-21 17:58:15 (9962919877942) STATS - 42.5, 0
2018-10-21 17:58:15 (9962919998645) STATS - 42.6, 0
2018-10-21 17:58:15 (9962920137749) STATS - 42.7, 0
2018-10-21 17:58:15 (9962926113323) STATS - 42.8, 0
2018-10-21 17:58:15 (9962926327329) STATS - 42.9, 0
2018-10-21 17:58:15 (9962926466033) STATS - 43.0, 0
2018-10-21 17:58:15 (9962926596237) STATS - 43.1, 0
2018-10-21 17:58:15 (9962926822244) STATS - 43.2, 0
2018-10-21 17:58:15 (9962926945547) STATS - 43.3, 0
2018-10-21 17:58:15 (9962927068451) STATS - 43.4, 0
2018-10-21 17:58:15 (9962927305358) STATS - 43.5, 0
2018-10-21 17:58:15 (9962928574795) STATS - 43.6, 0
2018-10-21 17:58:15 (9962928741200) STATS - 43.7, 0
2018-10-21 17:58:15 (9962928875604) STATS - 43.8, 0
2018-10-21 17:58:15 (9962928990707) STATS - 43.9, 0
2018-10-21 17:58:15 (9962929143311) STATS - 44.0, 0
2018-10-21 17:58:15 (9962929257515) STATS - 44.1, 0
2018-10-21 17:58:15 (9962929391919) STATS - 44.2, 0
2018-10-21 17:58:15 (9962929507622) STATS - 44.3, 0
2018-10-21 17:58:15 (9962929622525) STATS - 44.4, 0
2018-10-21 17:58:15 (9962929735829) STATS - 44.5, 0
2018-10-21 17:58:15 (9962929849032) STATS - 44.6, 0
2018-10-21 17:58:15 (9962929961635) STATS - 44.7, 0
2018-10-21 17:58:15 (9962930074038) STATS - 44.8, 0
2018-10-21 17:58:15 (9962930186542) STATS - 44.9, 0
2018-10-21 17:58:15 (9962930295145) STATS - 45.0, 0
2018-10-21 17:58:15 (9962930406348) STATS - 45.1, 0
2018-10-21 17:58:15 (9962930518351) STATS - 45.2, 0
2018-10-21 17:58:15 (9962930631155) STATS - 45.3, 0
2018-10-21 17:58:15 (9962930722057) STATS - 45.4, 0
2018-10-21 17:58:15 (9962930833161) STATS - 45.5, 0
2018-10-21 17:58:15 (9962930945264) STATS - 45.6, 0
2018-10-21 17:58:15 (9962931058267) STATS - 45.7, 0
2018-10-21 17:58:15 (9962931170870) STATS - 45.8, 0
2018-10-21 17:58:15 (9962937127744) STATS - 45.9, 0
2018-10-21 17:58:15 (9962937274548) STATS - 46.0, 0
2018-10-21 17:58:15 (9962937388351) STATS - 46.1, 0
2018-10-21 17:58:15 (9962937500254) STATS - 46.2, 0
2018-10-21 17:58:15 (9962937610958) STATS - 46.3, 0
2018-10-21 17:58:15 (9962937725361) STATS - 46.4, 0
2018-10-21 17:58:15 (9962937838564) STATS - 46.5, 0
2018-10-21 17:58:15 (9962937947567) STATS - 46.6, 0
2018-10-21 17:58:15 (9962938079071) STATS - 46.7, 0
2018-10-21 17:58:15 (9962938189775) STATS - 46.8, 0
2018-10-21 17:58:15 (9962938340079) STATS - 46.9, 0
2018-10-21 17:58:15 (9962938452582) STATS - 47.0, 0
2018-10-21 17:58:15 (9962938560585) STATS - 47.1, 0
2018-10-21 17:58:15 (9962938719790) STATS - 47.2, 0
2018-10-21 17:58:15 (9962938831993) STATS - 47.3, 0
2018-10-21 17:58:15 (9962938947197) STATS - 47.4, 0
2018-10-21 17:58:15 (9962939056800) STATS - 47.5, 0
2018-10-21 17:58:15 (9962939164903) STATS - 47.6, 0
2018-10-21 17:58:15 (9962939277906) STATS - 47.7, 0
2018-10-21 17:58:15 (9962939392710) STATS - 47.8, 0
2018-10-21 17:58:15 (9962939507613) STATS - 47.9, 0
2018-10-21 17:58:15 (9962939655717) STATS - 48.0, 0
2018-10-21 17:58:15 (9962939780021) STATS - 48.1, 0
2018-10-21 17:58:15 (9962939888724) STATS - 48.2, 0
2018-10-21 17:58:15 (9962940061229) STATS - 48.3, 0
2018-10-21 17:58:15 (9962940180632) STATS - 48.4, 0
2018-10-21 17:58:15 (9962940289836) STATS - 48.5, 0
2018-10-21 17:58:15 (9962940397439) STATS - 48.6, 0
2018-10-21 17:58:15 (9962940505642) STATS - 48.7, 0
2018-10-21 17:58:15 (9962940614845) STATS - 48.8, 0
2018-10-21 17:58:15 (9962940722948) STATS - 48.9, 0
2018-10-21 17:58:15 (9962940826551) STATS - 49.0, 0
2018-10-21 17:58:15 (9962940933854) STATS - 49.1, 0
2018-10-21 17:58:15 (9962946937329) STATS - 49.2, 0
2018-10-21 17:58:15 (9962947176336) STATS - 49.3, 0
2018-10-21 17:58:15 (9962947361641) STATS - 49.4, 0
2018-10-21 17:58:15 (9962947664950) STATS - 49.5, 0
2018-10-21 17:58:15 (9962947924458) STATS - 49.6, 0
2018-10-21 17:58:15 (9962948072062) STATS - 49.7, 0
2018-10-21 17:58:15 (9962948182165) STATS - 49.8, 0
2018-10-21 17:58:15 (9962948290668) STATS - 49.9, 0
2018-10-21 17:58:15 (9962948424972) STATS - 50.0, 0
2018-10-21 17:58:15 (9962948553776) STATS - 50.1, 0
2018-10-21 17:58:15 (9962948664779) STATS - 50.2, 0
2018-10-21 17:58:15 (9962948772982) STATS - 50.3, 0
2018-10-21 17:58:15 (9962948884086) STATS - 50.4, 0
2018-10-21 17:58:15 (9962948992989) STATS - 50.5, 0
2018-10-21 17:58:15 (9962949117292) STATS - 50.6, 0
2018-10-21 17:58:15 (9962949229896) STATS - 50.7, 0
2018-10-21 17:58:15 (9962949342599) STATS - 50.8, 0
2018-10-21 17:58:15 (9962949450802) STATS - 50.9, 0
2018-10-21 17:58:15 (9962949554205) STATS - 51.0, 0
2018-10-21 17:58:15 (9962949705610) STATS - 51.1, 0
2018-10-21 17:58:15 (9962949897315) STATS - 51.2, 0
2018-10-21 17:58:15 (9962950006918) STATS - 51.3, 0
2018-10-21 17:58:15 (9962950112321) STATS - 51.4, 0
2018-10-21 17:58:15 (9962950217424) STATS - 51.5, 0
2018-10-21 17:58:15 (9962950354228) STATS - 51.6, 0
2018-10-21 17:58:15 (9962950464532) STATS - 51.7, 0
2018-10-21 17:58:15 (9962950570235) STATS - 51.8, 0
2018-10-21 17:58:15 (9962950792341) STATS - 51.9, 0
2018-10-21 17:58:15 (9962950892844) STATS - 52.0, 0
2018-10-21 17:58:15 (9962950996047) STATS - 52.1, 0
2018-10-21 17:58:15 (9962956893519) STATS - 52.2, 0
2018-10-21 17:58:15 (9962957086724) STATS - 52.3, 0
2018-10-21 17:58:15 (9962957194927) STATS - 52.4, 0
2018-10-21 17:58:15 (9962957306931) STATS - 52.5, 0
2018-10-21 17:58:15 (9962957411134) STATS - 52.6, 0
2018-10-21 17:58:15 (9962957518837) STATS - 52.7, 0
2018-10-21 17:58:15 (9962957606339) STATS - 52.8, 0
2018-10-21 17:58:15 (9962957708842) STATS - 52.9, 0
2018-10-21 17:58:15 (9962957789145) STATS - 53.0, 0
2018-10-21 17:58:15 (9962957889948) STATS - 53.1, 0
2018-10-21 17:58:15 (9962957996851) STATS - 53.2, 0
2018-10-21 17:58:15 (9962958147755) STATS - 53.3, 0
2018-10-21 17:58:15 (9962958258358) STATS - 53.4, 0
2018-10-21 17:58:15 (9962958338161) STATS - 53.5, 0
2018-10-21 17:58:15 (9962958438664) STATS - 53.6, 0
2018-10-21 17:58:15 (9962958685971) STATS - 53.7, 0
2018-10-21 17:58:15 (9962958789874) STATS - 53.8, 0
2018-10-21 17:58:15 (9962958898077) STATS - 53.9, 0
2018-10-21 17:58:15 (9962958998780) STATS - 54.0, 0
2018-10-21 17:58:15 (9962959146484) STATS - 54.1, 0
2018-10-21 17:58:15 (9962959277188) STATS - 54.2, 0
2018-10-21 17:58:15 (9962959382791) STATS - 54.3, 0
2018-10-21 17:58:15 (9962959517095) STATS - 54.4, 0
2018-10-21 17:58:15 (9962959624198) STATS - 54.5, 0
2018-10-21 17:58:15 (9962959726901) STATS - 54.6, 0
2018-10-21 17:58:15 (9962959828404) STATS - 54.7, 0
2018-10-21 17:58:15 (9962959930407) STATS - 54.8, 0
2018-10-21 17:58:15 (9962960051611) STATS - 54.9, 0
2018-10-21 17:58:15 (9962960154914) STATS - 55.0, 0
2018-10-21 17:58:15 (9962960256116) STATS - 55.1, 0
2018-10-21 17:58:15 (9962960357219) STATS - 55.2, 0
2018-10-21 17:58:15 (9962960462222) STATS - 55.3, 0
2018-10-21 17:58:15 (9962960600827) STATS - 55.4, 0
2018-10-21 17:58:15 (9962960704330) STATS - 55.5, 0
2018-10-21 17:58:15 (9962960804532) STATS - 55.6, 0
2018-10-21 17:58:15 (9962960937536) STATS - 55.7, 0
2018-10-21 17:58:15 (9962961066640) STATS - 55.8, 0
2018-10-21 17:58:16 (9962966900510) STATS - 55.9, 0
2018-10-21 17:58:16 (9962967015213) STATS - 56.0, 0
2018-10-21 17:58:16 (9962967094915) STATS - 56.1, 0
2018-10-21 17:58:16 (9962967195018) STATS - 56.2, 0
2018-10-21 17:58:16 (9962967285721) STATS - 56.3, 0
2018-10-21 17:58:16 (9962967438325) STATS - 56.4, 0
2018-10-21 17:58:16 (9962967561829) STATS - 56.5, 0
2018-10-21 17:58:16 (9962967639331) STATS - 56.6, 0
2018-10-21 17:58:16 (9962967715633) STATS - 56.7, 0
2018-10-21 17:58:16 (9962967792236) STATS - 56.8, 0
2018-10-21 17:58:16 (9962967868038) STATS - 56.9, 0
2018-10-21 17:58:16 (9962967940240) STATS - 57.0, 0
2018-10-21 17:58:16 (9962968035443) STATS - 57.1, 0
2018-10-21 17:58:16 (9962968132246) STATS - 57.2, 0
2018-10-21 17:58:16 (9962968209148) STATS - 57.3, 0
2018-10-21 17:58:16 (9962968284450) STATS - 57.4, 0
2018-10-21 17:58:16 (9962968360052) STATS - 57.5, 0
2018-10-21 17:58:16 (9962968434954) STATS - 57.6, 0
2018-10-21 17:58:16 (9962968510057) STATS - 57.7, 0
2018-10-21 17:58:16 (9962968623960) STATS - 57.8, 0
2018-10-21 17:58:16 (9962968705262) STATS - 57.9, 0
2018-10-21 17:58:16 (9962968777664) STATS - 58.0, 0
2018-10-21 17:58:16 (9962968852667) STATS - 58.1, 0
2018-10-21 17:58:16 (9962968927269) STATS - 58.2, 0
2018-10-21 17:58:16 (9962969002771) STATS - 58.3, 0
2018-10-21 17:58:16 (9962969078073) STATS - 58.4, 0
2018-10-21 17:58:16 (9962969230778) STATS - 58.5, 0
2018-10-21 17:58:16 (9962969439084) STATS - 58.6, 0
2018-10-21 17:58:16 (9962969520786) STATS - 58.7, 0
2018-10-21 17:58:16 (9962969597488) STATS - 58.8, 0
2018-10-21 17:58:16 (9962969673390) STATS - 58.9, 0
2018-10-21 17:58:16 (9962969744693) STATS - 59.0, 0
2018-10-21 17:58:16 (9962969819895) STATS - 59.1, 0
2018-10-21 17:58:16 (9962969895397) STATS - 59.2, 0
2018-10-21 17:58:16 (9962969971099) STATS - 59.3, 0
2018-10-21 17:58:16 (9962970046901) STATS - 59.4, 0
2018-10-21 17:58:16 (9962970126504) STATS - 59.5, 0
2018-10-21 17:58:16 (9962970202506) STATS - 59.6, 0
2018-10-21 17:58:16 (9962970277608) STATS - 59.7, 0
2018-10-21 17:58:16 (9962970357610) STATS - 59.8, 0
2018-10-21 17:58:16 (9962970437813) STATS - 59.9, 0
2018-10-21 17:58:16 (9962970511715) STATS - 60.0, 0
2018-10-21 17:58:16 (9962970587917) STATS - 60.1, 0
2018-10-21 17:58:16 (9962970664019) STATS - 60.2, 0
2018-10-21 17:58:16 (9962970740722) STATS - 60.3, 0
2018-10-21 17:58:16 (9962970816224) STATS - 60.4, 0
2018-10-21 17:58:16 (9962970891626) STATS - 60.5, 0
2018-10-21 17:58:16 (9962976682994) STATS - 60.6, 0
2018-10-21 17:58:16 (9962976797598) STATS - 60.7, 0
2018-10-21 17:58:16 (9962976875900) STATS - 60.8, 0
2018-10-21 17:58:16 (9962976974203) STATS - 60.9, 0
2018-10-21 17:58:16 (9962977046605) STATS - 61.0, 0
2018-10-21 17:58:16 (9962977152508) STATS - 61.1, 0
2018-10-21 17:58:16 (9962977233210) STATS - 61.2, 0
2018-10-21 17:58:16 (9962977331313) STATS - 61.3, 0
2018-10-21 17:58:16 (9962977409115) STATS - 61.4, 0
2018-10-21 17:58:16 (9962977506818) STATS - 61.5, 0
2018-10-21 17:58:16 (9962977583721) STATS - 61.6, 0
2018-10-21 17:58:16 (9962977681023) STATS - 61.7, 0
2018-10-21 17:58:16 (9962977762226) STATS - 61.8, 0
2018-10-21 17:58:16 (9962977860929) STATS - 61.9, 0
2018-10-21 17:58:16 (9962977940731) STATS - 62.0, 0
2018-10-21 17:58:16 (9962978038334) STATS - 62.1, 0
2018-10-21 17:58:16 (9962978114036) STATS - 62.2, 0
2018-10-21 17:58:16 (9962978280541) STATS - 62.3, 0
2018-10-21 17:58:16 (9962978688653) STATS - 62.4, 0
2018-10-21 17:58:16 (9962978847957) STATS - 62.5, 0
2018-10-21 17:58:16 (9962978951460) STATS - 62.6, 0
2018-10-21 17:58:16 (9962979025863) STATS - 62.7, 0
2018-10-21 17:58:16 (9962979113265) STATS - 62.8, 0
2018-10-21 17:58:16 (9962979211468) STATS - 62.9, 0
2018-10-21 17:58:16 (9962979331271) STATS - 63.0, 0
2018-10-21 17:58:16 (9962979431374) STATS - 63.1, 0
2018-10-21 17:58:16 (9962979557978) STATS - 63.2, 0
2018-10-21 17:58:16 (9962979658681) STATS - 63.3, 0
2018-10-21 17:58:16 (9962979753184) STATS - 63.4, 0
2018-10-21 17:58:16 (9962979847386) STATS - 63.5, 0
2018-10-21 17:58:16 (9962979941989) STATS - 63.6, 0
2018-10-21 17:58:16 (9962980057093) STATS - 63.7, 0
2018-10-21 17:58:16 (9962986016266) STATS - 63.8, 0
2018-10-21 17:58:16 (9962986166270) STATS - 63.9, 0
2018-10-21 17:58:16 (9962986469779) STATS - 64.0, 0
2018-10-21 17:58:16 (9962986596483) STATS - 64.1, 0
2018-10-21 17:58:16 (9962986672285) STATS - 64.2, 0
2018-10-21 17:58:16 (9962986809189) STATS - 64.3, 0
2018-10-21 17:58:16 (9962986888491) STATS - 64.4, 0
2018-10-21 17:58:16 (9962986957893) STATS - 64.5, 0
2018-10-21 17:58:16 (9962987026895) STATS - 64.6, 0
2018-10-21 17:58:16 (9962987095997) STATS - 64.7, 0
2018-10-21 17:58:16 (9962987165399) STATS - 64.8, 0
2018-10-21 17:58:16 (9962987237601) STATS - 64.9, 0
2018-10-21 17:58:16 (9962987330204) STATS - 65.0, 0
2018-10-21 17:58:16 (9962987404106) STATS - 65.1, 0
2018-10-21 17:58:16 (9962987472908) STATS - 65.2, 0
2018-10-21 17:58:16 (9962987590212) STATS - 65.3, 0
2018-10-21 17:58:16 (9962987661214) STATS - 65.4, 0
2018-10-21 17:58:16 (9962987730716) STATS - 65.5, 0
2018-10-21 17:58:16 (9962987827719) STATS - 65.6, 0
2018-10-21 17:58:16 (9962987902521) STATS - 65.7, 0
2018-10-21 17:58:16 (9962988042225) STATS - 65.8, 0
2018-10-21 17:58:16 (9962988117827) STATS - 65.9, 0
2018-10-21 17:58:16 (9962988191129) STATS - 66.0, 0
2018-10-21 17:58:16 (9962988263931) STATS - 66.1, 0
2018-10-21 17:58:16 (9962988354834) STATS - 66.2, 0
2018-10-21 17:58:16 (9962988424036) STATS - 66.3, 0
2018-10-21 17:58:16 (9962988518839) STATS - 66.4, 0
2018-10-21 17:58:16 (9962988608841) STATS - 66.5, 0
2018-10-21 17:58:16 (9962988702744) STATS - 66.6, 0
2018-10-21 17:58:16 (9962988776946) STATS - 66.7, 0
2018-10-21 17:58:16 (9962988867249) STATS - 66.8, 0
2018-10-21 17:58:16 (9962988935151) STATS - 66.9, 0
2018-10-21 17:58:16 (9962989000953) STATS - 67.0, 0
2018-10-21 17:58:16 (9962989071655) STATS - 67.1, 0
2018-10-21 17:58:16 (9962989162557) STATS - 67.2, 0
2018-10-21 17:58:16 (9962989230959) STATS - 67.3, 0
2018-10-21 17:58:16 (9962989319662) STATS - 67.4, 0
2018-10-21 17:58:16 (9962989387264) STATS - 67.5, 0
2018-10-21 17:58:16 (9962989476467) STATS - 67.6, 0
2018-10-21 17:58:16 (9962989544269) STATS - 67.7, 0
2018-10-21 17:58:16 (9962989677472) STATS - 67.8, 0
2018-10-21 17:58:16 (9962989749775) STATS - 67.9, 0
2018-10-21 17:58:16 (9962989842677) STATS - 68.0, 0
2018-10-21 17:58:16 (9962989911379) STATS - 68.1, 0
2018-10-21 17:58:16 (9962990236889) STATS - 68.2, 0
2018-10-21 17:58:16 (9962990329791) STATS - 68.3, 0
2018-10-21 17:58:16 (9962990420994) STATS - 68.4, 0
2018-10-21 17:58:16 (9962990510797) STATS - 68.5, 0
2018-10-21 17:58:16 (9962990601599) STATS - 68.6, 0
2018-10-21 17:58:16 (9962990691402) STATS - 68.7, 0
2018-10-21 17:58:16 (9962996522972) STATS - 68.8, 0
2018-10-21 17:58:16 (9962996621174) STATS - 68.9, 0
2018-10-21 17:58:16 (9962996713077) STATS - 69.0, 0
2018-10-21 17:58:16 (9962996781679) STATS - 69.1, 0
2018-10-21 17:58:16 (9962996870282) STATS - 69.2, 0
2018-10-21 17:58:16 (9962996938184) STATS - 69.3, 0
2018-10-21 17:58:16 (9962997026386) STATS - 69.4, 0
2018-10-21 17:58:16 (9962997093488) STATS - 69.5, 0
2018-10-21 17:58:16 (9962997182491) STATS - 69.6, 0
2018-10-21 17:58:16 (9962997253893) STATS - 69.7, 0
2018-10-21 17:58:16 (9962997350096) STATS - 69.8, 0
2018-10-21 17:58:16 (9962997442798) STATS - 69.9, 0
2018-10-21 17:58:16 (9962997545501) STATS - 70.0, 0
2018-10-21 17:58:16 (9962997640304) STATS - 70.1, 0
2018-10-21 17:58:16 (9962997733307) STATS - 70.2, 0
2018-10-21 17:58:16 (9962997824309) STATS - 70.3, 0
2018-10-21 17:58:16 (9962997911512) STATS - 70.4, 0
2018-10-21 17:58:16 (9962997999014) STATS - 70.5, 0
2018-10-21 17:58:16 (9962998086617) STATS - 70.6, 0
2018-10-21 17:58:16 (9962998181720) STATS - 70.7, 0
2018-10-21 17:58:16 (9962998269822) STATS - 70.8, 0
2018-10-21 17:58:16 (9962998334224) STATS - 70.9, 0
2018-10-21 17:58:16 (9962998424927) STATS - 71.0, 0
2018-10-21 17:58:16 (9962998514829) STATS - 71.1, 0
2018-10-21 17:58:16 (9962998601232) STATS - 71.2, 0
2018-10-21 17:58:16 (9962998686034) STATS - 71.3, 0
2018-10-21 17:58:16 (9962998771137) STATS - 71.4, 0
2018-10-21 17:58:16 (9962998855839) STATS - 71.5, 0
2018-10-21 17:58:16 (9962998921941) STATS - 71.6, 0
2018-10-21 17:58:16 (9962999006344) STATS - 71.7, 0
2018-10-21 17:58:16 (9962999091446) STATS - 71.8, 0
2018-10-21 17:58:16 (9962999176149) STATS - 71.9, 0
2018-10-21 17:58:16 (9962999261551) STATS - 72.0, 0
2018-10-21 17:58:16 (9962999346754) STATS - 72.1, 0
2018-10-21 17:58:16 (9962999431156) STATS - 72.2, 0
2018-10-21 17:58:16 (9962999515759) STATS - 72.3, 0
2018-10-21 17:58:16 (9962999601661) STATS - 72.4, 0
2018-10-21 17:58:16 (9962999685964) STATS - 72.5, 0
2018-10-21 17:58:16 (9962999770566) STATS - 72.6, 0
2018-10-21 17:58:16 (9962999855468) STATS - 72.7, 0
2018-10-21 17:58:16 (9962999939971) STATS - 72.8, 0
2018-10-21 17:58:16 (9963000045974) STATS - 72.9, 0
2018-10-21 17:58:16 (9963000134077) STATS - 73.0, 0
2018-10-21 17:58:16 (9963000219579) STATS - 73.1, 0
2018-10-21 17:58:16 (9963000304082) STATS - 73.2, 0
2018-10-21 17:58:16 (9963000388884) STATS - 73.3, 0
2018-10-21 17:58:16 (9963006248854) STATS - 73.4, 0
2018-10-21 17:58:16 (9963006392859) STATS - 73.5, 0
2018-10-21 17:58:16 (9963006458961) STATS - 73.6, 0
2018-10-21 17:58:16 (9963006544563) STATS - 73.7, 0
2018-10-21 17:58:16 (9963006608565) STATS - 73.8, 0
2018-10-21 17:58:16 (9963006692267) STATS - 73.9, 0
2018-10-21 17:58:16 (9963006813271) STATS - 74.0, 0
2018-10-21 17:58:16 (9963006946575) STATS - 74.1, 0
2018-10-21 17:58:16 (9963007011077) STATS - 74.2, 0
2018-10-21 17:58:16 (9963007171081) STATS - 74.3, 0
2018-10-21 17:58:16 (9963007264684) STATS - 74.4, 0
2018-10-21 17:58:16 (9963007349887) STATS - 74.5, 0
2018-10-21 17:58:16 (9963007435489) STATS - 74.6, 0
2018-10-21 17:58:16 (9963007520591) STATS - 74.7, 0
2018-10-21 17:58:16 (9963007585193) STATS - 74.8, 0
2018-10-21 17:58:16 (9963007686896) STATS - 74.9, 0
2018-10-21 17:58:16 (9963007774499) STATS - 75.0, 0
2018-10-21 17:58:16 (9963007957504) STATS - 75.1, 0
2018-10-21 17:58:16 (9963008118609) STATS - 75.2, 0
2018-10-21 17:58:16 (9963008186911) STATS - 75.3, 0
2018-10-21 17:58:16 (9963008249813) STATS - 75.4, 0
2018-10-21 17:58:16 (9963008312315) STATS - 75.5, 0
2018-10-21 17:58:16 (9963008375316) STATS - 75.6, 0
2018-10-21 17:58:16 (9963008481119) STATS - 75.7, 0
2018-10-21 17:58:16 (9963008549621) STATS - 75.8, 0
2018-10-21 17:58:16 (9963008611923) STATS - 75.9, 0
2018-10-21 17:58:16 (9963008675125) STATS - 76.0, 0
2018-10-21 17:58:16 (9963008737827) STATS - 76.1, 0
2018-10-21 17:58:16 (9963008799529) STATS - 76.2, 0
2018-10-21 17:58:16 (9963008861530) STATS - 76.3, 0
2018-10-21 17:58:16 (9963008923332) STATS - 76.4, 0
2018-10-21 17:58:16 (9963008985434) STATS - 76.5, 0
2018-10-21 17:58:16 (9963009047236) STATS - 76.6, 0
2018-10-21 17:58:16 (9963009109338) STATS - 76.7, 0
2018-10-21 17:58:16 (9963009175940) STATS - 76.8, 0
2018-10-21 17:58:16 (9963009239741) STATS - 76.9, 0
2018-10-21 17:58:16 (9963009302643) STATS - 77.0, 0
2018-10-21 17:58:16 (9963009364845) STATS - 77.1, 0
2018-10-21 17:58:16 (9963009426447) STATS - 77.2, 0
2018-10-21 17:58:16 (9963009489449) STATS - 77.3, 0
2018-10-21 17:58:16 (9963009551751) STATS - 77.4, 0
2018-10-21 17:58:16 (9963009613552) STATS - 77.5, 0
2018-10-21 17:58:16 (9963009675654) STATS - 77.6, 0
2018-10-21 17:58:16 (9963009737856) STATS - 77.7, 0
2018-10-21 17:58:16 (9963009799758) STATS - 77.8, 0
2018-10-21 17:58:16 (9963009861460) STATS - 77.9, 0
2018-10-21 17:58:16 (9963009923961) STATS - 78.0, 0
2018-10-21 17:58:16 (9963009986263) STATS - 78.1, 0
2018-10-21 17:58:16 (9963010047465) STATS - 78.2, 0
2018-10-21 17:58:16 (9963010112967) STATS - 78.3, 0
2018-10-21 17:58:16 (9963010176369) STATS - 78.4, 0
2018-10-21 17:58:16 (9963010239071) STATS - 78.5, 0
2018-10-21 17:58:16 (9963015984538) STATS - 78.6, 0
2018-10-21 17:58:16 (9963016150043) STATS - 78.7, 0
2018-10-21 17:58:16 (9963016251245) STATS - 78.8, 0
2018-10-21 17:58:16 (9963016339048) STATS - 78.9, 0
2018-10-21 17:58:16 (9963016404050) STATS - 79.0, 0
2018-10-21 17:58:16 (9963016488552) STATS - 79.1, 0
2018-10-21 17:58:16 (9963016552254) STATS - 79.2, 0
2018-10-21 17:58:16 (9963016636057) STATS - 79.3, 0
2018-10-21 17:58:16 (9963016699058) STATS - 79.4, 0
2018-10-21 17:58:16 (9963016782361) STATS - 79.5, 0
2018-10-21 17:58:16 (9963016845063) STATS - 79.6, 0
2018-10-21 17:58:16 (9963016928365) STATS - 79.7, 0
2018-10-21 17:58:16 (9963016991067) STATS - 79.8, 0
2018-10-21 17:58:16 (9963017074169) STATS - 79.9, 0
2018-10-21 17:58:16 (9963017138371) STATS - 80.0, 0
2018-10-21 17:58:16 (9963017268875) STATS - 80.1, 0
2018-10-21 17:58:16 (9963017332277) STATS - 80.2, 0
2018-10-21 17:58:16 (9963017416479) STATS - 80.3, 0
2018-10-21 17:58:16 (9963017485481) STATS - 80.4, 0
2018-10-21 17:58:16 (9963017570784) STATS - 80.5, 0
2018-10-21 17:58:16 (9963017634286) STATS - 80.6, 0
2018-10-21 17:58:16 (9963017717288) STATS - 80.7, 0
2018-10-21 17:58:16 (9963017802291) STATS - 80.8, 0
2018-10-21 17:58:16 (9963017887293) STATS - 80.9, 0
2018-10-21 17:58:16 (9963017972496) STATS - 81.0, 0
2018-10-21 17:58:16 (9963018057098) STATS - 81.1, 0
2018-10-21 17:58:16 (9963018141900) STATS - 81.2, 0
2018-10-21 17:58:16 (9963018226803) STATS - 81.3, 0
2018-10-21 17:58:16 (9963018311405) STATS - 81.4, 0
2018-10-21 17:58:16 (9963018395908) STATS - 81.5, 0
2018-10-21 17:58:16 (9963018480310) STATS - 81.6, 0
2018-10-21 17:58:16 (9963018859921) STATS - 81.7, 0
2018-10-21 17:58:16 (9963018950424) STATS - 81.8, 0
2018-10-21 17:58:16 (9963019035026) STATS - 81.9, 0
2018-10-21 17:58:16 (9963019120629) STATS - 82.0, 0
2018-10-21 17:58:16 (9963019244933) STATS - 82.1, 0
2018-10-21 17:58:16 (9963019330535) STATS - 82.2, 0
2018-10-21 17:58:16 (9963019415238) STATS - 82.3, 0
2018-10-21 17:58:16 (9963019547341) STATS - 82.4, 0
2018-10-21 17:58:16 (9963019674045) STATS - 82.5, 0
2018-10-21 17:58:16 (9963019793249) STATS - 82.6, 0
2018-10-21 17:58:16 (9963019900652) STATS - 82.7, 0
2018-10-21 17:58:16 (9963025780423) STATS - 82.8, 0
2018-10-21 17:58:16 (9963025982429) STATS - 82.9, 0
2018-10-21 17:58:16 (9963026065931) STATS - 83.0, 0
2018-10-21 17:58:16 (9963026157234) STATS - 83.1, 0
2018-10-21 17:58:16 (9963026221836) STATS - 83.2, 0
2018-10-21 17:58:16 (9963026306738) STATS - 83.3, 0
2018-10-21 17:58:16 (9963026369440) STATS - 83.4, 0
2018-10-21 17:58:16 (9963026501344) STATS - 83.5, 0
2018-10-21 17:58:16 (9963026589146) STATS - 83.6, 0
2018-10-21 17:58:16 (9963026685249) STATS - 83.7, 0
2018-10-21 17:58:16 (9963026793552) STATS - 83.8, 0
2018-10-21 17:58:16 (9963026856654) STATS - 83.9, 0
2018-10-21 17:58:16 (9963026921856) STATS - 84.0, 0
2018-10-21 17:58:16 (9963027005458) STATS - 84.1, 0
2018-10-21 17:58:16 (9963027067060) STATS - 84.2, 0
2018-10-21 17:58:16 (9963027154563) STATS - 84.3, 0
2018-10-21 17:58:16 (9963027217764) STATS - 84.4, 0
2018-10-21 17:58:16 (9963027278666) STATS - 84.5, 0
2018-10-21 17:58:16 (9963027339168) STATS - 84.6, 0
2018-10-21 17:58:16 (9963027421870) STATS - 84.7, 0
2018-10-21 17:58:16 (9963027483572) STATS - 84.8, 0
2018-10-21 17:58:16 (9963027566075) STATS - 84.9, 0
2018-10-21 17:58:16 (9963027633377) STATS - 85.0, 0
2018-10-21 17:58:16 (9963027720879) STATS - 85.1, 0
2018-10-21 17:58:16 (9963027783081) STATS - 85.2, 0
2018-10-21 17:58:16 (9963027865083) STATS - 85.3, 0
2018-10-21 17:58:16 (9963027931385) STATS - 85.4, 0
2018-10-21 17:58:16 (9963028043989) STATS - 85.5, 0
2018-10-21 17:58:16 (9963028133691) STATS - 85.6, 0
2018-10-21 17:58:16 (9963028217794) STATS - 85.7, 0
2018-10-21 17:58:16 (9963028301496) STATS - 85.8, 0
2018-10-21 17:58:16 (9963028385498) STATS - 85.9, 0
2018-10-21 17:58:16 (9963028470101) STATS - 86.0, 0
2018-10-21 17:58:16 (9963028554503) STATS - 86.1, 0
2018-10-21 17:58:16 (9963028637706) STATS - 86.2, 0
2018-10-21 17:58:16 (9963028720808) STATS - 86.3, 0
2018-10-21 17:58:16 (9963028805411) STATS - 86.4, 0
2018-10-21 17:58:16 (9963028889213) STATS - 86.5, 0
2018-10-21 17:58:16 (9963028972616) STATS - 86.6, 0
2018-10-21 17:58:16 (9963029056018) STATS - 86.7, 0
2018-10-21 17:58:16 (9963029117720) STATS - 86.8, 0
2018-10-21 17:58:16 (9963029196822) STATS - 86.9, 0
2018-10-21 17:58:16 (9963029282525) STATS - 87.0, 0
2018-10-21 17:58:16 (9963029366727) STATS - 87.1, 0
2018-10-21 17:58:16 (9963029449829) STATS - 87.2, 0
2018-10-21 17:58:16 (9963029534032) STATS - 87.3, 0
2018-10-21 17:58:16 (9963029616834) STATS - 87.4, 0
2018-10-21 17:58:16 (9963029699737) STATS - 87.5, 0
2018-10-21 17:58:16 (9963035473305) STATS - 87.6, 0
2018-10-21 17:58:16 (9963035630009) STATS - 87.7, 0
2018-10-21 17:58:16 (9963035713012) STATS - 87.8, 0
2018-10-21 17:58:16 (9963035795914) STATS - 87.9, 0
2018-10-21 17:58:16 (9963035881717) STATS - 88.0, 0
2018-10-21 17:58:16 (9963035941818) STATS - 88.1, 0
2018-10-21 17:58:16 (9963035999420) STATS - 88.2, 0
2018-10-21 17:58:16 (9963036207326) STATS - 88.3, 0
2018-10-21 17:58:16 (9963036275028) STATS - 88.4, 0
2018-10-21 17:58:16 (9963036335130) STATS - 88.5, 0
2018-10-21 17:58:16 (9963036984449) STATS - 88.6, 0
2018-10-21 17:58:16 (9963037058951) STATS - 88.7, 0
2018-10-21 17:58:16 (9963037118753) STATS - 88.8, 0
2018-10-21 17:58:16 (9963037305758) STATS - 88.9, 0
2018-10-21 17:58:16 (9963037367860) STATS - 89.0, 0
2018-10-21 17:58:16 (9963037426661) STATS - 89.1, 0
2018-10-21 17:58:16 (9963037485363) STATS - 89.2, 0
2018-10-21 17:58:16 (9963038032879) STATS - 89.3, 0
2018-10-21 17:58:16 (9963038150083) STATS - 89.4, 0
2018-10-21 17:58:16 (9963038335688) STATS - 89.5, 0
2018-10-21 17:58:16 (9963038403190) STATS - 89.6, 0
2018-10-21 17:58:16 (9963038936705) STATS - 89.7, 0
2018-10-21 17:58:16 (9963039012108) STATS - 89.8, 0
2018-10-21 17:58:16 (9963039072009) STATS - 89.9, 0
2018-10-21 17:58:16 (9963039175712) STATS - 90.0, 0
2018-10-21 17:58:16 (9963039237314) STATS - 90.1, 0
2018-10-21 17:58:16 (9963039295616) STATS - 90.2, 0
2018-10-21 17:58:16 (9963039353418) STATS - 90.3, 0
2018-10-21 17:58:16 (9963039478321) STATS - 90.4, 0
2018-10-21 17:58:16 (9963039538123) STATS - 90.5, 0
2018-10-21 17:58:16 (9963039600925) STATS - 90.6, 0
2018-10-21 17:58:16 (9963039660326) STATS - 90.7, 0
2018-10-21 17:58:16 (9963039718728) STATS - 90.8, 0
2018-10-21 17:58:16 (9963039776130) STATS - 90.9, 0
2018-10-21 17:58:16 (9963039834332) STATS - 91.0, 0
2018-10-21 17:58:16 (9963039892633) STATS - 91.1, 0
2018-10-21 17:58:16 (9963039950735) STATS - 91.2, 0
2018-10-21 17:58:16 (9963040027137) STATS - 91.3, 0
2018-10-21 17:58:16 (9963040090139) STATS - 91.4, 0
2018-10-21 17:58:16 (9963040154541) STATS - 91.5, 0
2018-10-21 17:58:16 (9963040213443) STATS - 91.6, 0
2018-10-21 17:58:16 (9963040271644) STATS - 91.7, 0
2018-10-21 17:58:16 (9963040329746) STATS - 91.8, 0
2018-10-21 17:58:16 (9963040387548) STATS - 91.9, 0
2018-10-21 17:58:16 (9963040446049) STATS - 92.0, 0
2018-10-21 17:58:16 (9963040504451) STATS - 92.1, 0
2018-10-21 17:58:16 (9963040562453) STATS - 92.2, 0
2018-10-21 17:58:16 (9963040620554) STATS - 92.3, 0
2018-10-21 17:58:16 (9963040678156) STATS - 92.4, 0
2018-10-21 17:58:16 (9963040735158) STATS - 92.5, 0
2018-10-21 17:58:16 (9963040881562) STATS - 92.6, 0
2018-10-21 17:58:16 (9963040968565) STATS - 92.7, 0
2018-10-21 17:58:16 (9963041024666) STATS - 92.8, 0
2018-10-21 17:58:16 (9963041101268) STATS - 92.9, 0
2018-10-21 17:58:16 (9963041157470) STATS - 93.0, 0
2018-10-21 17:58:16 (9963041234272) STATS - 93.1, 0
2018-10-21 17:58:16 (9963047094843) STATS - 93.2, 0
2018-10-21 17:58:16 (9963047276548) STATS - 93.3, 0
2018-10-21 17:58:16 (9963047359850) STATS - 93.4, 0
2018-10-21 17:58:16 (9963047413152) STATS - 93.5, 0
2018-10-21 17:58:16 (9963047471054) STATS - 93.6, 0
2018-10-21 17:58:16 (9963047544156) STATS - 93.7, 0
2018-10-21 17:58:16 (9963047597057) STATS - 93.8, 0
2018-10-21 17:58:16 (9963047669859) STATS - 93.9, 0
2018-10-21 17:58:16 (9963047724061) STATS - 94.0, 0
2018-10-21 17:58:16 (9963047797763) STATS - 94.1, 0
2018-10-21 17:58:16 (9963047850665) STATS - 94.2, 0
2018-10-21 17:58:16 (9963047922667) STATS - 94.3, 0
2018-10-21 17:58:16 (9963047976168) STATS - 94.4, 0
2018-10-21 17:58:16 (9963048076271) STATS - 94.5, 0
2018-10-21 17:58:16 (9963048129573) STATS - 94.6, 0
2018-10-21 17:58:16 (9963048245976) STATS - 94.7, 0
2018-10-21 17:58:16 (9963048322778) STATS - 94.8, 0
2018-10-21 17:58:16 (9963048374280) STATS - 94.9, 0
2018-10-21 17:58:16 (9963048425181) STATS - 95.0, 0
2018-10-21 17:58:16 (9963048475483) STATS - 95.1, 0
2018-10-21 17:58:16 (9963048524784) STATS - 95.2, 0
2018-10-21 17:58:16 (9963048574286) STATS - 95.3, 0
2018-10-21 17:58:16 (9963048628387) STATS - 95.4, 0
2018-10-21 17:58:16 (9963048679689) STATS - 95.5, 0
2018-10-21 17:58:16 (9963048729090) STATS - 95.6, 0
2018-10-21 17:58:16 (9963048777792) STATS - 95.7, 0
2018-10-21 17:58:16 (9963048826593) STATS - 95.8, 0
2018-10-21 17:58:16 (9963048875995) STATS - 95.9, 0
2018-10-21 17:58:16 (9963048924896) STATS - 96.0, 0
2018-10-21 17:58:16 (9963048974597) STATS - 96.1, 0
2018-10-21 17:58:16 (9963049023799) STATS - 96.2, 0
2018-10-21 17:58:16 (9963049073000) STATS - 96.3, 0
2018-10-21 17:58:16 (9963049122202) STATS - 96.4, 0
2018-10-21 17:58:16 (9963049171303) STATS - 96.5, 0
2018-10-21 17:58:16 (9963049220205) STATS - 96.6, 0
2018-10-21 17:58:16 (9963049269506) STATS - 96.7, 0
2018-10-21 17:58:16 (9963049318307) STATS - 96.8, 0
2018-10-21 17:58:16 (9963049367809) STATS - 96.9, 0
2018-10-21 17:58:16 (9963049417310) STATS - 97.0, 0
2018-10-21 17:58:16 (9963049503213) STATS - 97.1, 0
2018-10-21 17:58:16 (9963049563015) STATS - 97.2, 0
2018-10-21 17:58:16 (9963049613316) STATS - 97.3, 0
2018-10-21 17:58:16 (9963049663317) STATS - 97.4, 0
2018-10-21 17:58:16 (9963049712519) STATS - 97.5, 0
2018-10-21 17:58:16 (9963049762120) STATS - 97.6, 0
2018-10-21 17:58:16 (9963049811522) STATS - 97.7, 0
2018-10-21 17:58:16 (9963049884524) STATS - 97.8, 0
2018-10-21 17:58:16 (9963049934425) STATS - 97.9, 0
2018-10-21 17:58:16 (9963049997227) STATS - 98.0, 0
2018-10-21 17:58:16 (9963050051529) STATS - 98.1, 0
2018-10-21 17:58:16 (9963050101730) STATS - 98.2, 0
2018-10-21 17:58:16 (9963050180233) STATS - 98.3, 0
2018-10-21 17:58:16 (9963050229934) STATS - 98.4, 0
2018-10-21 17:58:16 (9963050278635) STATS - 98.5, 0
2018-10-21 17:58:16 (9963050327437) STATS - 98.6, 0
2018-10-21 17:58:16 (9963050375438) STATS - 98.7, 0
2018-10-21 17:58:16 (9963050423840) STATS - 98.8, 0
2018-10-21 17:58:16 (9963050471941) STATS - 98.9, 0
2018-10-21 17:58:16 (9963050520742) STATS - 99.0, 0
2018-10-21 17:58:16 (9963050569544) STATS - 99.1, 0
2018-10-21 17:58:16 (9963050618045) STATS - 99.2, 0
2018-10-21 17:58:16 (9963050666647) STATS - 99.3, 0
2018-10-21 17:58:16 (9963050714948) STATS - 99.4, 0
2018-10-21 17:58:16 (9963050762749) STATS - 99.5, 0
2018-10-21 17:58:16 (9963050811351) STATS - 99.6, 0
2018-10-21 17:58:16 (9963050859752) STATS - 99.7, 0
2018-10-21 17:58:16 (9963050908854) STATS - 99.8, 0
2018-10-21 17:58:16 (9963050956855) STATS - 99.9, 0
2018-10-21 17:58:16 (9963056738423) STATS - 100.0, 0
2018-10-21 17:58:16 (9963056865427) STATS - 100.1, 0
2018-10-21 17:58:16 (9963056917729) STATS - 100.2, 0
2018-10-21 17:58:16 (9963056967530) STATS - 100.3, 0
2018-10-21 17:58:16 (9963057016631) STATS - 100.4, 0
2018-10-21 17:58:16 (9963057064833) STATS - 100.5, 0
2018-10-21 17:58:16 (9963057135335) STATS - 100.6, 0
2018-10-21 17:58:16 (9963057186136) STATS - 100.7, 0
2018-10-21 17:58:16 (9963057345541) STATS - 100.8, 0
2018-10-21 17:58:16 (9963057407243) STATS - 100.9, 0
2018-10-21 17:58:16 (9963057480245) STATS - 101.0, 0
2018-10-21 17:58:16 (9963057531446) STATS - 101.1, 0
2018-10-21 17:58:16 (9963057602648) STATS - 101.2, 0
2018-10-21 17:58:16 (9963057653150) STATS - 101.3, 0
2018-10-21 17:58:16 (9963057766253) STATS - 101.4, 0
2018-10-21 17:58:16 (9963057817455) STATS - 101.5, 0
2018-10-21 17:58:16 (9963057913257) STATS - 101.6, 0
2018-10-21 17:58:16 (9963057964459) STATS - 101.7, 0
2018-10-21 17:58:16 (9963058013060) STATS - 101.8, 0
2018-10-21 17:58:16 (9963058083162) STATS - 101.9, 0
2018-10-21 17:58:16 (9963058136364) STATS - 102.0, 0
2018-10-21 17:58:16 (9963058206666) STATS - 102.1, 0
2018-10-21 17:58:16 (9963058256367) STATS - 102.2, 0
2018-10-21 17:58:16 (9963058326469) STATS - 102.3, 0
2018-10-21 17:58:16 (9963058416772) STATS - 102.4, 0
2018-10-21 17:58:16 (9963058494274) STATS - 102.5, 0
2018-10-21 17:58:16 (9963058544376) STATS - 102.6, 0
2018-10-21 17:58:16 (9963058648679) STATS - 102.7, 0
2018-10-21 17:58:16 (9963058720181) STATS - 102.8, 0
2018-10-21 17:58:16 (9963058768482) STATS - 102.9, 0
2018-10-21 17:58:16 (9963058838584) STATS - 103.0, 0
2018-10-21 17:58:16 (9963058909186) STATS - 103.1, 0
2018-10-21 17:58:16 (9963058979588) STATS - 103.2, 0
2018-10-21 17:58:16 (9963059068191) STATS - 103.3, 0
2018-10-21 17:58:16 (9963059142293) STATS - 103.4, 0
2018-10-21 17:58:16 (9963059211295) STATS - 103.5, 0
2018-10-21 17:58:16 (9963059280497) STATS - 103.6, 0
2018-10-21 17:58:16 (9963059348999) STATS - 103.7, 0
2018-10-21 17:58:16 (9963059436302) STATS - 103.8, 0
2018-10-21 17:58:16 (9963059511004) STATS - 103.9, 0
2018-10-21 17:58:16 (9963059581006) STATS - 104.0, 0
2018-10-21 17:58:16 (9963059649708) STATS - 104.1, 0
2018-10-21 17:58:16 (9963059717810) STATS - 104.2, 0
2018-10-21 17:58:16 (9963059785312) STATS - 104.3, 0
2018-10-21 17:58:16 (9963059891715) STATS - 104.4, 0
2018-10-21 17:58:16 (9963060070620) STATS - 104.5, 0
2018-10-21 17:58:16 (9963060143922) STATS - 104.6, 0
2018-10-21 17:58:16 (9963060190924) STATS - 104.7, 0
2018-10-21 17:58:16 (9963060259226) STATS - 104.8, 0
2018-10-21 17:58:16 (9963060327428) STATS - 104.9, 0
2018-10-21 17:58:16 (9963060396530) STATS - 105.0, 0
2018-10-21 17:58:16 (9963060484032) STATS - 105.1, 0
2018-10-21 17:58:16 (9963060559434) STATS - 105.2, 0
2018-10-21 17:58:16 (9963060627336) STATS - 105.3, 0
2018-10-21 17:58:16 (9963060693738) STATS - 105.4, 0
2018-10-21 17:58:16 (9963066488807) STATS - 105.5, 0
2018-10-21 17:58:16 (9963066596410) STATS - 105.6, 0
2018-10-21 17:58:16 (9963066690013) STATS - 105.7, 0
2018-10-21 17:58:16 (9963066760515) STATS - 105.8, 0
2018-10-21 17:58:16 (9963066805216) STATS - 105.9, 0
2018-10-21 17:58:16 (9963066873018) STATS - 106.0, 0
2018-10-21 17:58:16 (9963066922420) STATS - 106.1, 0
2018-10-21 17:58:16 (9963066988121) STATS - 106.2, 0
2018-10-21 17:58:16 (9963067032323) STATS - 106.3, 0
2018-10-21 17:58:16 (9963067097325) STATS - 106.4, 0
2018-10-21 17:58:16 (9963067162827) STATS - 106.5, 0
2018-10-21 17:58:16 (9963067228228) STATS - 106.6, 0
2018-10-21 17:58:16 (9963067293130) STATS - 106.7, 0
2018-10-21 17:58:16 (9963067358332) STATS - 106.8, 0
2018-10-21 17:58:16 (9963067423834) STATS - 106.9, 0
2018-10-21 17:58:16 (9963067489636) STATS - 107.0, 0
2018-10-21 17:58:16 (9963067555538) STATS - 107.1, 0
2018-10-21 17:58:16 (9963067620840) STATS - 107.2, 0
2018-10-21 17:58:16 (9963067693042) STATS - 107.3, 0
2018-10-21 17:58:16 (9963067758844) STATS - 107.4, 0
2018-10-21 17:58:16 (9963067979950) STATS - 107.5, 0
2018-10-21 17:58:16 (9963068077353) STATS - 107.6, 0
2018-10-21 17:58:16 (9963068144055) STATS - 107.7, 0
2018-10-21 17:58:16 (9963068388262) STATS - 107.8, 0
2018-10-21 17:58:16 (9963068436364) STATS - 107.9, 0
2018-10-21 17:58:16 (9963068493665) STATS - 108.0, 0
2018-10-21 17:58:16 (9963068544167) STATS - 108.1, 0
2018-10-21 17:58:16 (9963068589368) STATS - 108.2, 0
2018-10-21 17:58:16 (9963068656670) STATS - 108.3, 0
2018-10-21 17:58:16 (9963068722272) STATS - 108.4, 0
2018-10-21 17:58:16 (9963068788074) STATS - 108.5, 0
2018-10-21 17:58:16 (9963068853676) STATS - 108.6, 0
2018-10-21 17:58:16 (9963068897977) STATS - 108.7, 0
2018-10-21 17:58:16 (9963068941378) STATS - 108.8, 0
2018-10-21 17:58:16 (9963068984980) STATS - 108.9, 0
2018-10-21 17:58:16 (9963069028781) STATS - 109.0, 0
2018-10-21 17:58:16 (9963069072982) STATS - 109.1, 0
2018-10-21 17:58:16 (9963069115883) STATS - 109.2, 0
2018-10-21 17:58:16 (9963069158785) STATS - 109.3, 0
2018-10-21 17:58:16 (9963069202386) STATS - 109.4, 0
2018-10-21 17:58:16 (9963069245687) STATS - 109.5, 0
2018-10-21 17:58:16 (9963069288688) STATS - 109.6, 0
2018-10-21 17:58:16 (9963069331690) STATS - 109.7, 0
2018-10-21 17:58:16 (9963069374791) STATS - 109.8, 0
2018-10-21 17:58:16 (9963069422692) STATS - 109.9, 0
2018-10-21 17:58:16 (9963069467794) STATS - 110.0, 0
2018-10-21 17:58:16 (9963069511195) STATS - 110.1, 0
2018-10-21 17:58:16 (9963069559396) STATS - 110.2, 0
2018-10-21 17:58:16 (9963069604098) STATS - 110.3, 0
2018-10-21 17:58:16 (9963069647299) STATS - 110.4, 0
2018-10-21 17:58:16 (9963069690400) STATS - 110.5, 0
2018-10-21 17:58:16 (9963069733601) STATS - 110.6, 0
2018-10-21 17:58:16 (9963069780503) STATS - 110.7, 0
2018-10-21 17:58:16 (9963069824804) STATS - 110.8, 0
2018-10-21 17:58:16 (9963069868205) STATS - 110.9, 0
2018-10-21 17:58:16 (9963069916607) STATS - 111.0, 0
2018-10-21 17:58:16 (9963070007909) STATS - 111.1, 0
2018-10-21 17:58:16 (9963070054111) STATS - 111.2, 0
2018-10-21 17:58:16 (9963070097212) STATS - 111.3, 0
2018-10-21 17:58:16 (9963070140213) STATS - 111.4, 0
2018-10-21 17:58:16 (9963070205415) STATS - 111.5, 0
2018-10-21 17:58:16 (9963070271017) STATS - 111.6, 0
2018-10-21 17:58:16 (9963070336419) STATS - 111.7, 0
2018-10-21 17:58:16 (9963070401721) STATS - 111.8, 0
2018-10-21 17:58:16 (9963070466923) STATS - 111.9, 0
2018-10-21 17:58:16 (9963070533225) STATS - 112.0, 0
2018-10-21 17:58:16 (9963070599327) STATS - 112.1, 0
2018-10-21 17:58:16 (9963070664328) STATS - 112.2, 0
2018-10-21 17:58:16 (9963076492398) STATS - 112.3, 0
2018-10-21 17:58:16 (9963076658003) STATS - 112.4, 0
2018-10-21 17:58:16 (9963076707504) STATS - 112.5, 0
2018-10-21 17:58:16 (9963076754406) STATS - 112.6, 0
2018-10-21 17:58:16 (9963076823008) STATS - 112.7, 0
2018-10-21 17:58:16 (9963076867209) STATS - 112.8, 0
2018-10-21 17:58:16 (9963076908510) STATS - 112.9, 0
2018-10-21 17:58:16 (9963076982612) STATS - 113.0, 0
2018-10-21 17:58:16 (9963077028514) STATS - 113.1, 0
2018-10-21 17:58:16 (9963077071215) STATS - 113.2, 0
2018-10-21 17:58:16 (9963077116916) STATS - 113.3, 0
2018-10-21 17:58:16 (9963077180718) STATS - 113.4, 0
2018-10-21 17:58:16 (9963077264620) STATS - 113.5, 0
2018-10-21 17:58:16 (9963077345823) STATS - 113.6, 0
2018-10-21 17:58:16 (9963077414125) STATS - 113.7, 0
2018-10-21 17:58:16 (9963077457726) STATS - 113.8, 0
2018-10-21 17:58:16 (9963077502627) STATS - 113.9, 0
2018-10-21 17:58:16 (9963077566029) STATS - 114.0, 0
2018-10-21 17:58:16 (9963077609630) STATS - 114.1, 0
2018-10-21 17:58:16 (9963077672232) STATS - 114.2, 0
2018-10-21 17:58:16 (9963077715334) STATS - 114.3, 0
2018-10-21 17:58:16 (9963077799636) STATS - 114.4, 0
2018-10-21 17:58:16 (9963077869338) STATS - 114.5, 0
2018-10-21 17:58:16 (9963077933340) STATS - 114.6, 0
2018-10-21 17:58:16 (9963077997042) STATS - 114.7, 0
2018-10-21 17:58:16 (9963078060744) STATS - 114.8, 0
2018-10-21 17:58:16 (9963078125145) STATS - 114.9, 0
2018-10-21 17:58:16 (9963078189147) STATS - 115.0, 0
2018-10-21 17:58:16 (9963078253449) STATS - 115.1, 0
2018-10-21 17:58:16 (9963078317051) STATS - 115.2, 0
2018-10-21 17:58:16 (9963078383653) STATS - 115.3, 0
2018-10-21 17:58:16 (9963078462255) STATS - 115.4, 0
2018-10-21 17:58:16 (9963078530957) STATS - 115.5, 0
2018-10-21 17:58:16 (9963078593859) STATS - 115.6, 0
2018-10-21 17:58:16 (9963078657061) STATS - 115.7, 0
2018-10-21 17:58:16 (9963078699462) STATS - 115.8, 0
2018-10-21 17:58:16 (9963078737963) STATS - 115.9, 0
2018-10-21 17:58:16 (9963078777064) STATS - 116.0, 0
2018-10-21 17:58:16 (9963078815466) STATS - 116.1, 0
2018-10-21 17:58:16 (9963078874767) STATS - 116.2, 0
2018-10-21 17:58:16 (9963078914868) STATS - 116.3, 0
2018-10-21 17:58:16 (9963078974670) STATS - 116.4, 0
2018-10-21 17:58:16 (9963079034272) STATS - 116.5, 0
2018-10-21 17:58:16 (9963079093874) STATS - 116.6, 0
2018-10-21 17:58:16 (9963079133575) STATS - 116.7, 0
2018-10-21 17:58:16 (9963079171676) STATS - 116.8, 0
2018-10-21 17:58:16 (9963079230578) STATS - 116.9, 0
2018-10-21 17:58:16 (9963079290979) STATS - 117.0, 0
2018-10-21 17:58:16 (9963079350881) STATS - 117.1, 0
2018-10-21 17:58:16 (9963079393282) STATS - 117.2, 0
2018-10-21 17:58:16 (9963079455784) STATS - 117.3, 0
2018-10-21 17:58:16 (9963079516186) STATS - 117.4, 0
2018-10-21 17:58:16 (9963079576388) STATS - 117.5, 0
2018-10-21 17:58:16 (9963079635889) STATS - 117.6, 0
2018-10-21 17:58:16 (9963079696091) STATS - 117.7, 0
2018-10-21 17:58:16 (9963079755993) STATS - 117.8, 0
2018-10-21 17:58:16 (9963079842395) STATS - 117.9, 0
2018-10-21 17:58:16 (9963079920798) STATS - 118.0, 0
2018-10-21 17:58:16 (9963079980699) STATS - 118.1, 0
2018-10-21 17:58:16 (9963080069002) STATS - 118.2, 0
2018-10-21 17:58:16 (9963080130604) STATS - 118.3, 0
2018-10-21 17:58:16 (9963080190806) STATS - 118.4, 0
2018-10-21 17:58:16 (9963080250607) STATS - 118.5, 0
2018-10-21 17:58:16 (9963080317309) STATS - 118.6, 0
2018-10-21 17:58:16 (9963080428812) STATS - 118.7, 0
2018-10-21 17:58:16 (9963086219581) STATS - 118.8, 0
2018-10-21 17:58:16 (9963086294683) STATS - 118.9, 0
2018-10-21 17:58:16 (9963086339684) STATS - 119.0, 0
2018-10-21 17:58:16 (9963086380086) STATS - 119.1, 0
2018-10-21 17:58:16 (9963086447988) STATS - 119.2, 0
2018-10-21 17:58:16 (9963086489089) STATS - 119.3, 0
2018-10-21 17:58:16 (9963086527890) STATS - 119.4, 0
2018-10-21 17:58:16 (9963086587992) STATS - 119.5, 0
2018-10-21 17:58:16 (9963086627993) STATS - 119.6, 0
2018-10-21 17:58:16 (9963086687095) STATS - 119.7, 0
2018-10-21 17:58:16 (9963086735496) STATS - 119.8, 0
2018-10-21 17:58:16 (9963086774697) STATS - 119.9, 0
2018-10-21 17:58:16 (9963086839899) STATS - 120.0, 0
2018-10-21 17:58:16 (9963086881100) STATS - 120.1, 0
2018-10-21 17:58:16 (9963086920301) STATS - 120.2, 0
2018-10-21 17:58:16 (9963086964403) STATS - 120.3, 0
2018-10-21 17:58:16 (9963087023904) STATS - 120.4, 0
2018-10-21 17:58:16 (9963087064406) STATS - 120.5, 0
2018-10-21 17:58:16 (9963087103107) STATS - 120.6, 0
2018-10-21 17:58:16 (9963087141408) STATS - 120.7, 0
2018-10-21 17:58:16 (9963087200609) STATS - 120.8, 0
2018-10-21 17:58:16 (9963087261111) STATS - 120.9, 0
2018-10-21 17:58:16 (9963087327513) STATS - 121.0, 0
2018-10-21 17:58:16 (9963087442717) STATS - 121.1, 0
2018-10-21 17:58:16 (9963087507918) STATS - 121.2, 0
2018-10-21 17:58:16 (9963087551620) STATS - 121.3, 0
2018-10-21 17:58:16 (9963087612421) STATS - 121.4, 0
2018-10-21 17:58:16 (9963087672523) STATS - 121.5, 0
2018-10-21 17:58:16 (9963087715824) STATS - 121.6, 0
2018-10-21 17:58:16 (9963087774626) STATS - 121.7, 0
2018-10-21 17:58:16 (9963087834428) STATS - 121.8, 0
2018-10-21 17:58:16 (9963087900730) STATS - 121.9, 0
2018-10-21 17:58:16 (9963087962332) STATS - 122.0, 0
2018-10-21 17:58:16 (9963088038234) STATS - 122.1, 0
2018-10-21 17:58:16 (9963088104536) STATS - 122.2, 0
2018-10-21 17:58:16 (9963088170438) STATS - 122.3, 0
2018-10-21 17:58:16 (9963088230939) STATS - 122.4, 0
2018-10-21 17:58:16 (9963088274041) STATS - 122.5, 0
2018-10-21 17:58:16 (9963088333342) STATS - 122.6, 0
2018-10-21 17:58:16 (9963088393644) STATS - 122.7, 0
2018-10-21 17:58:16 (9963088453546) STATS - 122.8, 0
2018-10-21 17:58:16 (9963088513248) STATS - 122.9, 0
2018-10-21 17:58:16 (9963088554749) STATS - 123.0, 0
2018-10-21 17:58:16 (9963088613751) STATS - 123.1, 0
2018-10-21 17:58:16 (9963088673452) STATS - 123.2, 0
2018-10-21 17:58:16 (9963088733454) STATS - 123.3, 0
2018-10-21 17:58:16 (9963088776055) STATS - 123.4, 0
2018-10-21 17:58:16 (9963088835057) STATS - 123.5, 0
2018-10-21 17:58:16 (9963088895159) STATS - 123.6, 0
2018-10-21 17:58:16 (9963088955561) STATS - 123.7, 0
2018-10-21 17:58:16 (9963089015162) STATS - 123.8, 0
2018-10-21 17:58:16 (9963089074464) STATS - 123.9, 0
2018-10-21 17:58:16 (9963089135166) STATS - 124.0, 0
2018-10-21 17:58:16 (9963089195468) STATS - 124.1, 0
2018-10-21 17:58:16 (9963089255169) STATS - 124.2, 0
2018-10-21 17:58:16 (9963089314971) STATS - 124.3, 1
2018-10-21 17:58:16 (9963089354572) STATS - 124.4, 0
2018-10-21 17:58:16 (9963089413674) STATS - 124.5, 0
2018-10-21 17:58:16 (9963089456075) STATS - 124.6, 0
2018-10-21 17:58:16 (9963089495176) STATS - 124.7, 0
2018-10-21 17:58:16 (9963089534477) STATS - 124.8, 0
2018-10-21 17:58:16 (9963089572878) STATS - 124.9, 0
2018-10-21 17:58:16 (9963089611880) STATS - 125.0, 0
2018-10-21 17:58:16 (9963089650781) STATS - 125.1, 0
2018-10-21 17:58:16 (9963089689582) STATS - 125.2, 1
2018-10-21 17:58:16 (9963089728183) STATS - 125.3, 0
2018-10-21 17:58:16 (9963089767184) STATS - 125.4, 0
2018-10-21 17:58:16 (9963089806085) STATS - 125.5, 0
2018-10-21 17:58:16 (9963089845086) STATS - 125.6, 0
2018-10-21 17:58:16 (9963089882988) STATS - 125.7, 0
2018-10-21 17:58:16 (9963089921489) STATS - 125.8, 0
2018-10-21 17:58:16 (9963089959890) STATS - 125.9, 0
2018-10-21 17:58:16 (9963089998891) STATS - 126.0, 0
2018-10-21 17:58:16 (9963090052192) STATS - 126.1, 0
2018-10-21 17:58:16 (9963090092294) STATS - 126.2, 0
2018-10-21 17:58:16 (9963095983265) STATS - 126.3, 0
2018-10-21 17:58:16 (9963096079968) STATS - 126.4, 0
2018-10-21 17:58:16 (9963096143270) STATS - 126.5, 0
2018-10-21 17:58:16 (9963096203771) STATS - 126.6, 0
2018-10-21 17:58:16 (9963096246973) STATS - 126.7, 0
2018-10-21 17:58:16 (9963096306274) STATS - 126.8, 0
2018-10-21 17:58:16 (9963096348276) STATS - 126.9, 0
2018-10-21 17:58:16 (9963096412777) STATS - 127.0, 0
2018-10-21 17:58:16 (9963096453979) STATS - 127.1, 0
2018-10-21 17:58:16 (9963096492780) STATS - 127.2, 0
2018-10-21 17:58:16 (9963096530981) STATS - 127.3, 0
2018-10-21 17:58:16 (9963096590483) STATS - 127.4, 0
2018-10-21 17:58:16 (9963096649984) STATS - 127.5, 0
2018-10-21 17:58:16 (9963096709486) STATS - 127.6, 0
2018-10-21 17:58:16 (9963096768788) STATS - 127.7, 0
2018-10-21 17:58:16 (9963096811489) STATS - 127.8, 0
2018-10-21 17:58:16 (9963096870191) STATS - 127.9, 0
2018-10-21 17:58:16 (9963096931193) STATS - 128.0, 0
2018-10-21 17:58:16 (9963096991394) STATS - 128.1, 0
2018-10-21 17:58:16 (9963097050996) STATS - 128.2, 0
2018-10-21 17:58:16 (9963097093997) STATS - 128.3, 0
2018-10-21 17:58:16 (9963097154999) STATS - 128.4, 0
2018-10-21 17:58:16 (9963097215101) STATS - 128.5, 0
2018-10-21 17:58:16 (9963097254702) STATS - 128.6, 0
2018-10-21 17:58:16 (9963097314804) STATS - 128.7, 0
2018-10-21 17:58:16 (9963097375205) STATS - 128.8, 0
2018-10-21 17:58:16 (9963097435507) STATS - 128.9, 0
2018-10-21 17:58:16 (9963097495909) STATS - 129.0, 0
2018-10-21 17:58:16 (9963097539110) STATS - 129.1, 0
2018-10-21 17:58:16 (9963097599312) STATS - 129.2, 0
2018-10-21 17:58:16 (9963097659514) STATS - 129.3, 0
2018-10-21 17:58:16 (9963097699215) STATS - 129.4, 0
2018-10-21 17:58:16 (9963097758517) STATS - 129.5, 0
2018-10-21 17:58:16 (9963097818918) STATS - 129.6, 0
2018-10-21 17:58:16 (9963097861120) STATS - 129.7, 0
2018-10-21 17:58:16 (9963097980723) STATS - 129.8, 0
2018-10-21 17:58:16 (9963098060725) STATS - 129.9, 0
2018-10-21 17:58:16 (9963098103127) STATS - 130.0, 0
2018-10-21 17:58:16 (9963098226630) STATS - 130.1, 0
2018-10-21 17:58:16 (9963098288632) STATS - 130.2, 0
2018-10-21 17:58:16 (9963098350734) STATS - 130.3, 0
2018-10-21 17:58:16 (9963098393435) STATS - 130.4, 0
2018-10-21 17:58:16 (9963098453037) STATS - 130.5, 0
2018-10-21 17:58:16 (9963098513439) STATS - 130.6, 0
2018-10-21 17:58:16 (9963098573940) STATS - 130.7, 0
2018-10-21 17:58:16 (9963098616242) STATS - 130.8, 0
2018-10-21 17:58:16 (9963098675643) STATS - 130.9, 0
2018-10-21 17:58:16 (9963098736745) STATS - 131.0, 0
2018-10-21 17:58:16 (9963098797847) STATS - 131.1, 0
2018-10-21 17:58:16 (9963098858449) STATS - 131.2, 0
2018-10-21 17:58:16 (9963098918350) STATS - 131.3, 0
2018-10-21 17:58:16 (9963098960052) STATS - 131.4, 0
2018-10-21 17:58:16 (9963099019153) STATS - 131.5, 0
2018-10-21 17:58:16 (9963099216359) STATS - 131.6, 0
2018-10-21 17:58:16 (9963099288161) STATS - 131.7, 0
2018-10-21 17:58:16 (9963099348963) STATS - 131.8, 0
2018-10-21 17:58:16 (9963099415065) STATS - 131.9, 0
2018-10-21 17:58:16 (9963099458466) STATS - 132.0, 0
2018-10-21 17:58:16 (9963099518268) STATS - 132.1, 0
2018-10-21 17:58:16 (9963099578670) STATS - 132.2, 0
2018-10-21 17:58:16 (9963099638871) STATS - 132.3, 0
2018-10-21 17:58:16 (9963099698973) STATS - 132.4, 0
2018-10-21 17:58:16 (9963099758775) STATS - 132.5, 0
2018-10-21 17:58:16 (9963099823277) STATS - 132.6, 0
2018-10-21 17:58:16 (9963099884178) STATS - 132.7, 0
2018-10-21 17:58:16 (9963109993073) STATS - 132.8, 0
2018-10-21 17:58:16 (9963110102776) STATS - 132.9, 0
2018-10-21 17:58:16 (9963110150977) STATS - 133.0, 0
2018-10-21 17:58:16 (9963110214379) STATS - 133.1, 0
2018-10-21 17:58:16 (9963110256880) STATS - 133.2, 0
2018-10-21 17:58:16 (9963110316282) STATS - 133.3, 0
2018-10-21 17:58:16 (9963110375784) STATS - 133.4, 0
2018-10-21 17:58:16 (9963110434685) STATS - 133.5, 0
2018-10-21 17:58:16 (9963110493987) STATS - 133.6, 0
2018-10-21 17:58:16 (9963110553189) STATS - 133.7, 0
2018-10-21 17:58:16 (9963110612691) STATS - 133.8, 0
2018-10-21 17:58:16 (9963110671792) STATS - 133.9, 0
2018-10-21 17:58:16 (9963110714394) STATS - 134.0, 0
2018-10-21 17:58:16 (9963110784696) STATS - 134.1, 0
2018-10-21 17:58:16 (9963110844297) STATS - 134.2, 0
2018-10-21 17:58:16 (9963110903699) STATS - 134.3, 0
2018-10-21 17:58:16 (9963110962901) STATS - 134.4, 0
2018-10-21 17:58:16 (9963111022002) STATS - 134.5, 0
2018-10-21 17:58:16 (9963111081504) STATS - 134.6, 0
2018-10-21 17:58:16 (9963111140106) STATS - 134.7, 0
2018-10-21 17:58:16 (9963111200508) STATS - 134.8, 0
2018-10-21 17:58:16 (9963111242409) STATS - 134.9, 0
2018-10-21 17:58:16 (9963111308711) STATS - 135.0, 0
2018-10-21 17:58:16 (9963111369313) STATS - 135.1, 0
2018-10-21 17:58:16 (9963111428714) STATS - 135.2, 0
2018-10-21 17:58:16 (9963111470816) STATS - 135.3, 0
2018-10-21 17:58:16 (9963111530017) STATS - 135.4, 0
2018-10-21 17:58:16 (9963111671221) STATS - 135.5, 0
2018-10-21 17:58:16 (9963111735423) STATS - 135.6, 0
2018-10-21 17:58:16 (9963111797625) STATS - 135.7, 0
2018-10-21 17:58:16 (9963111858927) STATS - 135.8, 0
2018-10-21 17:58:16 (9963111898928) STATS - 135.9, 0
2018-10-21 17:58:16 (9963111937929) STATS - 136.0, 0
2018-10-21 17:58:16 (9963111978130) STATS - 136.1, 0
2018-10-21 17:58:16 (9963112054933) STATS - 136.2, 0
2018-10-21 17:58:16 (9963112135835) STATS - 136.3, 0
2018-10-21 17:58:16 (9963112200537) STATS - 136.4, 0
2018-10-21 17:58:16 (9963112240338) STATS - 136.5, 0
2018-10-21 17:58:16 (9963112379242) STATS - 136.6, 0
2018-10-21 17:58:16 (9963112444744) STATS - 136.7, 0
2018-10-21 17:58:16 (9963112484845) STATS - 136.8, 0
2018-10-21 17:58:16 (9963112521946) STATS - 136.9, 0
2018-10-21 17:58:16 (9963112559847) STATS - 137.0, 0
2018-10-21 17:58:16 (9963112618249) STATS - 137.1, 0
2018-10-21 17:58:16 (9963112657450) STATS - 137.2, 0
2018-10-21 17:58:16 (9963112695151) STATS - 137.3, 0
2018-10-21 17:58:16 (9963112738252) STATS - 137.4, 0
2018-10-21 17:58:16 (9963112797254) STATS - 137.5, 0
2018-10-21 17:58:16 (9963112839655) STATS - 137.6, 0
2018-10-21 17:58:16 (9963112897657) STATS - 137.7, 0
2018-10-21 17:58:16 (9963112936958) STATS - 137.8, 0
2018-10-21 17:58:16 (9963112974259) STATS - 137.9, 0
2018-10-21 17:58:16 (9963113032561) STATS - 138.0, 0
2018-10-21 17:58:16 (9963113071862) STATS - 138.1, 0
2018-10-21 17:58:16 (9963113116563) STATS - 138.2, 0
2018-10-21 17:58:16 (9963113174665) STATS - 138.3, 0
2018-10-21 17:58:16 (9963113213666) STATS - 138.4, 0
2018-10-21 17:58:16 (9963113251367) STATS - 138.5, 0
2018-10-21 17:58:16 (9963113308969) STATS - 138.6, 0
2018-10-21 17:58:16 (9963113348270) STATS - 138.7, 0
2018-10-21 17:58:16 (9963113385471) STATS - 138.8, 0
2018-10-21 17:58:16 (9963113443373) STATS - 138.9, 0
2018-10-21 17:58:16 (9963113502275) STATS - 139.0, 0
2018-10-21 17:58:16 (9963113601278) STATS - 139.1, 0
2018-10-21 17:58:16 (9963113668379) STATS - 139.2, 0
2018-10-21 17:58:16 (9963113730081) STATS - 139.3, 0
2018-10-21 17:58:16 (9963113788783) STATS - 139.4, 0
2018-10-21 17:58:16 (9963119551651) STATS - 139.5, 0
2018-10-21 17:58:16 (9963119653554) STATS - 139.6, 0
2018-10-21 17:58:16 (9963119694655) STATS - 139.7, 0
2018-10-21 17:58:16 (9963119732556) STATS - 139.8, 0
2018-10-21 17:58:16 (9963119770357) STATS - 139.9, 0
2018-10-21 17:58:16 (9963119845059) STATS - 140.0, 0
2018-10-21 17:58:16 (9963119907961) STATS - 140.1, 0
2018-10-21 17:58:16 (9963119948762) STATS - 140.2, 0
2018-10-21 17:58:16 (9963119992463) STATS - 140.3, 0
2018-10-21 17:58:16 (9963120078466) STATS - 140.4, 0
2018-10-21 17:58:16 (9963120118567) STATS - 140.5, 0
2018-10-21 17:58:16 (9963120155968) STATS - 140.6, 0
2018-10-21 17:58:16 (9963120214470) STATS - 140.7, 0
2018-10-21 17:58:16 (9963120273272) STATS - 140.8, 0
2018-10-21 17:58:16 (9963120332373) STATS - 140.9, 0
2018-10-21 17:58:16 (9963120392275) STATS - 141.0, 0
2018-10-21 17:58:16 (9963120451977) STATS - 141.1, 0
2018-10-21 17:58:16 (9963120514979) STATS - 141.2, 0
2018-10-21 17:58:16 (9963120576780) STATS - 141.3, 0
2018-10-21 17:58:16 (9963120615982) STATS - 141.4, 0
2018-10-21 17:58:16 (9963120674183) STATS - 141.5, 0
2018-10-21 17:58:16 (9963120732885) STATS - 141.6, 0
2018-10-21 17:58:16 (9963120791687) STATS - 141.7, 0
2018-10-21 17:58:16 (9963120850688) STATS - 141.8, 0
2018-10-21 17:58:16 (9963120909590) STATS - 141.9, 0
2018-10-21 17:58:16 (9963120969092) STATS - 142.0, 0
2018-10-21 17:58:16 (9963121028394) STATS - 142.1, 0
2018-10-21 17:58:16 (9963121087595) STATS - 142.2, 0
2018-10-21 17:58:16 (9963121146197) STATS - 142.3, 0
2018-10-21 17:58:16 (9963121204899) STATS - 142.4, 0
2018-10-21 17:58:16 (9963121263800) STATS - 142.5, 0
2018-10-21 17:58:16 (9963121322002) STATS - 142.6, 0
2018-10-21 17:58:16 (9963121363503) STATS - 142.7, 0
2018-10-21 17:58:16 (9963121421605) STATS - 142.8, 0
2018-10-21 17:58:16 (9963121480307) STATS - 142.9, 0
2018-10-21 17:58:16 (9963121540008) STATS - 143.0, 0
2018-10-21 17:58:16 (9963121600010) STATS - 143.1, 0
2018-10-21 17:58:16 (9963121638711) STATS - 143.2, 0
2018-10-21 17:58:16 (9963121676712) STATS - 143.3, 0
2018-10-21 17:58:16 (9963121714914) STATS - 143.4, 0
2018-10-21 17:58:16 (9963121752615) STATS - 143.5, 0
2018-10-21 17:58:16 (9963121790016) STATS - 143.6, 0
2018-10-21 17:58:16 (9963121828217) STATS - 143.7, 0
2018-10-21 17:58:16 (9963121865718) STATS - 143.8, 0
2018-10-21 17:58:16 (9963121903619) STATS - 143.9, 0
2018-10-21 17:58:16 (9963121941620) STATS - 144.0, 0
2018-10-21 17:58:16 (9963121979621) STATS - 144.1, 0
2018-10-21 17:58:16 (9963122017222) STATS - 144.2, 0
2018-10-21 17:58:16 (9963122054923) STATS - 144.3, 0
2018-10-21 17:58:16 (9963122092625) STATS - 144.4, 0
2018-10-21 17:58:16 (9963122129926) STATS - 144.5, 0
2018-10-21 17:58:16 (9963122167527) STATS - 144.6, 0
2018-10-21 17:58:16 (9963122205228) STATS - 144.7, 0
2018-10-21 17:58:16 (9963122242729) STATS - 144.8, 0
2018-10-21 17:58:16 (9963122280430) STATS - 144.9, 0
2018-10-21 17:58:16 (9963122318631) STATS - 145.0, 0
2018-10-21 17:58:16 (9963122356632) STATS - 145.1, 0
2018-10-21 17:58:16 (9963122394533) STATS - 145.2, 0
2018-10-21 17:58:16 (9963122432034) STATS - 145.3, 0
2018-10-21 17:58:16 (9963122469636) STATS - 145.4, 0
2018-10-21 17:58:16 (9963122507137) STATS - 145.5, 0
2018-10-21 17:58:16 (9963122544938) STATS - 145.6, 0
2018-10-21 17:58:16 (9963122582339) STATS - 145.7, 0
2018-10-21 17:58:16 (9963122619440) STATS - 145.8, 0
2018-10-21 17:58:16 (9963122657441) STATS - 145.9, 0
2018-10-21 17:58:16 (9963122699942) STATS - 146.0, 0
2018-10-21 17:58:16 (9963122739843) STATS - 146.1, 0
2018-10-21 17:58:16 (9963122778544) STATS - 146.2, 0
2018-10-21 17:58:16 (9963122816146) STATS - 146.3, 0
2018-10-21 17:58:16 (9963122853847) STATS - 146.4, 0
2018-10-21 17:58:16 (9963122891448) STATS - 146.5, 0
2018-10-21 17:58:16 (9963122928849) STATS - 146.6, 0
2018-10-21 17:58:16 (9963122966350) STATS - 146.7, 0
2018-10-21 17:58:16 (9963123004151) STATS - 146.8, 0
2018-10-21 17:58:16 (9963123041852) STATS - 146.9, 0
2018-10-21 17:58:16 (9963123080153) STATS - 147.0, 0
2018-10-21 17:58:16 (9963123117854) STATS - 147.1, 0
2018-10-21 17:58:16 (9963123155455) STATS - 147.2, 0
2018-10-21 17:58:16 (9963123193257) STATS - 147.3, 0
2018-10-21 17:58:16 (9963123230358) STATS - 147.4, 0
2018-10-21 17:58:16 (9963123267659) STATS - 147.5, 0
2018-10-21 17:58:16 (9963123304960) STATS - 147.6, 0
2018-10-21 17:58:16 (9963123342761) STATS - 147.7, 0
2018-10-21 17:58:16 (9963123380562) STATS - 147.8, 0
2018-10-21 17:58:16 (9963123417563) STATS - 147.9, 0
2018-10-21 17:58:16 (9963123455864) STATS - 148.0, 0
2018-10-21 17:58:16 (9963129270333) STATS - 148.1, 0
2018-10-21 17:58:16 (9963129343335) STATS - 148.2, 0
2018-10-21 17:58:16 (9963129381837) STATS - 148.3, 0
2018-10-21 17:58:16 (9963129418638) STATS - 148.4, 0
2018-10-21 17:58:16 (9963129455139) STATS - 148.5, 0
2018-10-21 17:58:16 (9963129491840) STATS - 148.6, 0
2018-10-21 17:58:16 (9963129528341) STATS - 148.7, 0
2018-10-21 17:58:16 (9963129565342) STATS - 148.8, 0
2018-10-21 17:58:16 (9963129602143) STATS - 148.9, 0
2018-10-21 17:58:16 (9963129642144) STATS - 149.0, 0
2018-10-21 17:58:16 (9963129680245) STATS - 149.1, 0
2018-10-21 17:58:16 (9963129716346) STATS - 149.2, 0
2018-10-21 17:58:16 (9963129752547) STATS - 149.3, 0
2018-10-21 17:58:16 (9963129789348) STATS - 149.4, 0
2018-10-21 17:58:16 (9963129825649) STATS - 149.5, 0
2018-10-21 17:58:16 (9963129862251) STATS - 149.6, 0
2018-10-21 17:58:16 (9963129899252) STATS - 149.7, 0
2018-10-21 17:58:16 (9963129935753) STATS - 149.8, 0
2018-10-21 17:58:16 (9963129972454) STATS - 149.9, 0
2018-10-21 17:58:16 (9963130010855) STATS - 150.0, 0
2018-10-21 17:58:16 (9963130053156) STATS - 150.1, 0
2018-10-21 17:58:16 (9963130090157) STATS - 150.2, 0
2018-10-21 17:58:16 (9963130126458) STATS - 150.3, 0
2018-10-21 17:58:16 (9963130162859) STATS - 150.4, 0
2018-10-21 17:58:16 (9963130199160) STATS - 150.5, 0
2018-10-21 17:58:16 (9963130234761) STATS - 150.6, 0
2018-10-21 17:58:16 (9963130271562) STATS - 150.7, 0
2018-10-21 17:58:16 (9963130308264) STATS - 150.8, 0
2018-10-21 17:58:16 (9963130470368) STATS - 150.9, 0
2018-10-21 17:58:16 (9963130518370) STATS - 151.0, 0
2018-10-21 17:58:16 (9963130556771) STATS - 151.1, 0
2018-10-21 17:58:16 (9963130594372) STATS - 151.2, 0
2018-10-21 17:58:16 (9963130631273) STATS - 151.3, 0
2018-10-21 17:58:16 (9963130669074) STATS - 151.4, 0
2018-10-21 17:58:16 (9963130705375) STATS - 151.5, 0
2018-10-21 17:58:16 (9963130741976) STATS - 151.6, 0
2018-10-21 17:58:16 (9963130781577) STATS - 151.7, 0
2018-10-21 17:58:16 (9963130824579) STATS - 151.8, 0
2018-10-21 17:58:16 (9963130926182) STATS - 151.9, 0
2018-10-21 17:58:16 (9963131047785) STATS - 152.0, 0
2018-10-21 17:58:16 (9963131104187) STATS - 152.1, 0
2018-10-21 17:58:16 (9963131142188) STATS - 152.2, 0
2018-10-21 17:58:16 (9963131179089) STATS - 152.3, 0
2018-10-21 17:58:16 (9963131215290) STATS - 152.4, 0
2018-10-21 17:58:16 (9963131251391) STATS - 152.5, 0
2018-10-21 17:58:16 (9963131288392) STATS - 152.6, 0
2018-10-21 17:58:16 (9963131324893) STATS - 152.7, 0
2018-10-21 17:58:16 (9963131392295) STATS - 152.8, 0
2018-10-21 17:58:16 (9963131464897) STATS - 152.9, 0
2018-10-21 17:58:16 (9963131521099) STATS - 153.0, 0
2018-10-21 17:58:16 (9963131564700) STATS - 153.1, 0
2018-10-21 17:58:16 (9963131601901) STATS - 153.2, 0
2018-10-21 17:58:16 (9963131663403) STATS - 153.3, 0
2018-10-21 17:58:16 (9963131702204) STATS - 153.4, 0
2018-10-21 17:58:16 (9963131743105) STATS - 153.5, 0
2018-10-21 17:58:16 (9963131792407) STATS - 153.6, 0
2018-10-21 17:58:16 (9963131853008) STATS - 153.7, 0
2018-10-21 17:58:16 (9963131891910) STATS - 153.8, 0
2018-10-21 17:58:16 (9963131929111) STATS - 153.9, 0
2018-10-21 17:58:16 (9963131967112) STATS - 154.0, 0
2018-10-21 17:58:16 (9963132042114) STATS - 154.1, 0
2018-10-21 17:58:16 (9963132081415) STATS - 154.2, 0
2018-10-21 17:58:16 (9963132118216) STATS - 154.3, 0
2018-10-21 17:58:16 (9963132157817) STATS - 154.4, 0
2018-10-21 17:58:16 (9963132216019) STATS - 154.5, 0
2018-10-21 17:58:16 (9963132254220) STATS - 154.6, 0
2018-10-21 17:58:16 (9963132311922) STATS - 154.7, 0
2018-10-21 17:58:16 (9963132351023) STATS - 154.8, 0
2018-10-21 17:58:16 (9963132387924) STATS - 154.9, 0
2018-10-21 17:58:16 (9963132445426) STATS - 155.0, 0
2018-10-21 17:58:16 (9963132484027) STATS - 155.1, 0
2018-10-21 17:58:16 (9963132520928) STATS - 155.2, 0
2018-10-21 17:58:16 (9963132579330) STATS - 155.3, 0
2018-10-21 17:58:16 (9963132617331) STATS - 155.4, 0
2018-10-21 17:58:16 (9963132654232) STATS - 155.5, 0
2018-10-21 17:58:16 (9963132711733) STATS - 155.6, 0
2018-10-21 17:58:16 (9963132750235) STATS - 155.7, 0
2018-10-21 17:58:16 (9963132786836) STATS - 155.8, 0
2018-10-21 17:58:16 (9963132823337) STATS - 155.9, 0
2018-10-21 17:58:16 (9963132881138) STATS - 156.0, 0
2018-10-21 17:58:16 (9963132920040) STATS - 156.1, 0
2018-10-21 17:58:16 (9963132957041) STATS - 156.2, 0
2018-10-21 17:58:16 (9963132993842) STATS - 156.3, 0
2018-10-21 17:58:16 (9963133051943) STATS - 156.4, 0
2018-10-21 17:58:16 (9963133090544) STATS - 156.5, 0
2018-10-21 17:58:16 (9963133127546) STATS - 156.6, 0
2018-10-21 17:58:16 (9963133185447) STATS - 156.7, 0
2018-10-21 17:58:16 (9963133223748) STATS - 156.8, 0
2018-10-21 17:58:16 (9963138984616) STATS - 156.9, 0
2018-10-21 17:58:16 (9963139032217) STATS - 157.0, 0
2018-10-21 17:58:16 (9963139071118) STATS - 157.1, 0
2018-10-21 17:58:16 (9963139111420) STATS - 157.2, 0
2018-10-21 17:58:16 (9963139179122) STATS - 157.3, 0
2018-10-21 17:58:16 (9963139219323) STATS - 157.4, 0
2018-10-21 17:58:16 (9963139262324) STATS - 157.5, 0
2018-10-21 17:58:16 (9963139321126) STATS - 157.6, 0
2018-10-21 17:58:16 (9963139363627) STATS - 157.7, 0
2018-10-21 17:58:16 (9963139421129) STATS - 157.8, 0
2018-10-21 17:58:16 (9963139459230) STATS - 157.9, 0
2018-10-21 17:58:16 (9963139497031) STATS - 158.0, 0
2018-10-21 17:58:16 (9963139543532) STATS - 158.1, 0
2018-10-21 17:58:16 (9963139602134) STATS - 158.2, 0
2018-10-21 17:58:16 (9963139640835) STATS - 158.3, 0
2018-10-21 17:58:16 (9963139676936) STATS - 158.4, 0
2018-10-21 17:58:16 (9963139718337) STATS - 158.5, 0
2018-10-21 17:58:16 (9963139776139) STATS - 158.6, 0
2018-10-21 17:58:16 (9963139814140) STATS - 158.7, 0
2018-10-21 17:58:16 (9963139850841) STATS - 158.8, 0
2018-10-21 17:58:16 (9963139887042) STATS - 158.9, 0
2018-10-21 17:58:16 (9963139924443) STATS - 159.0, 0
2018-10-21 17:58:16 (9963139966645) STATS - 159.1, 0
2018-10-21 17:58:16 (9963140038847) STATS - 159.2, 0
2018-10-21 17:58:16 (9963140077848) STATS - 159.3, 0
2018-10-21 17:58:16 (9963140114549) STATS - 159.4, 0
2018-10-21 17:58:16 (9963140151150) STATS - 159.5, 0
2018-10-21 17:58:16 (9963140209552) STATS - 159.6, 0
2018-10-21 17:58:16 (9963140247453) STATS - 159.7, 0
2018-10-21 17:58:16 (9963140305254) STATS - 159.8, 0
2018-10-21 17:58:16 (9963140343755) STATS - 159.9, 0
2018-10-21 17:58:16 (9963140381957) STATS - 160.0, 0
2018-10-21 17:58:16 (9963140419158) STATS - 160.1, 0
2018-10-21 17:58:16 (9963140477059) STATS - 160.2, 0
2018-10-21 17:58:16 (9963140515060) STATS - 160.3, 0
2018-10-21 17:58:16 (9963140572662) STATS - 160.4, 0
2018-10-21 17:58:16 (9963140610563) STATS - 160.5, 0
2018-10-21 17:58:16 (9963140650264) STATS - 160.6, 0
2018-10-21 17:58:16 (9963140707366) STATS - 160.7, 0
2018-10-21 17:58:16 (9963140814769) STATS - 160.8, 0
2018-10-21 17:58:16 (9963140877971) STATS - 160.9, 0
2018-10-21 17:58:16 (9963140916872) STATS - 161.0, 0
2018-10-21 17:58:16 (9963140975674) STATS - 161.1, 0
2018-10-21 17:58:16 (9963141013575) STATS - 161.2, 0
2018-10-21 17:58:16 (9963141053376) STATS - 161.3, 0
2018-10-21 17:58:16 (9963141110878) STATS - 161.4, 0
2018-10-21 17:58:16 (9963141148979) STATS - 161.5, 0
2018-10-21 17:58:16 (9963141206281) STATS - 161.6, 0
2018-10-21 17:58:16 (9963141247382) STATS - 161.7, 0
2018-10-21 17:58:16 (9963141304483) STATS - 161.8, 0
2018-10-21 17:58:16 (9963141342685) STATS - 161.9, 0
2018-10-21 17:58:16 (9963141400586) STATS - 162.0, 0
2018-10-21 17:58:16 (9963141442187) STATS - 162.1, 0
2018-10-21 17:58:16 (9963141499989) STATS - 162.2, 0
2018-10-21 17:58:16 (9963141558191) STATS - 162.3, 0
2018-10-21 17:58:16 (9963141615992) STATS - 162.4, 0
2018-10-21 17:58:16 (9963141673894) STATS - 162.5, 0
2018-10-21 17:58:16 (9963141714395) STATS - 162.6, 0
2018-10-21 17:58:16 (9963141771897) STATS - 162.7, 0
2018-10-21 17:58:16 (9963141830599) STATS - 162.8, 0
2018-10-21 17:58:16 (9963141888300) STATS - 162.9, 0
2018-10-21 17:58:16 (9963141946502) STATS - 163.0, 0
2018-10-21 17:58:16 (9963142004404) STATS - 163.1, 0
2018-10-21 17:58:16 (9963142061905) STATS - 163.2, 0
2018-10-21 17:58:16 (9963142100307) STATS - 163.3, 0
2018-10-21 17:58:16 (9963142140208) STATS - 163.4, 0
2018-10-21 17:58:16 (9963142197509) STATS - 163.5, 0
2018-10-21 17:58:16 (9963142235511) STATS - 163.6, 0
2018-10-21 17:58:16 (9963142272312) STATS - 163.7, 0
2018-10-21 17:58:16 (9963142312713) STATS - 163.8, 0
2018-10-21 17:58:16 (9963142350714) STATS - 163.9, 0
2018-10-21 17:58:16 (9963142387815) STATS - 164.0, 0
2018-10-21 17:58:16 (9963142446717) STATS - 164.1, 0
2018-10-21 17:58:16 (9963142493718) STATS - 164.2, 0
2018-10-21 17:58:16 (9963142553020) STATS - 164.3, 0
2018-10-21 17:58:16 (9963142611121) STATS - 164.4, 0
2018-10-21 17:58:16 (9963142651923) STATS - 164.5, 0
2018-10-21 17:58:16 (9963142744625) STATS - 164.6, 1
2018-10-21 17:58:16 (9963142826628) STATS - 164.7, 0
2018-10-21 17:58:16 (9963142884329) STATS - 164.8, 0
2018-10-21 17:58:16 (9963148868503) STATS - 164.9, 0
2018-10-21 17:58:16 (9963148934305) STATS - 165.0, 0
2018-10-21 17:58:16 (9963148993107) STATS - 165.1, 0
2018-10-21 17:58:16 (9963149032708) STATS - 165.2, 0
2018-10-21 17:58:16 (9963149088710) STATS - 165.3, 0
2018-10-21 17:58:16 (9963149145312) STATS - 165.4, 0
2018-10-21 17:58:16 (9963149182013) STATS - 165.5, 0
2018-10-21 17:58:16 (9963149218414) STATS - 165.6, 0
2018-10-21 17:58:16 (9963149257315) STATS - 165.7, 0
2018-10-21 17:58:16 (9963149314116) STATS - 165.8, 0
2018-10-21 17:58:16 (9963149370418) STATS - 165.9, 0
2018-10-21 17:58:16 (9963149427620) STATS - 166.0, 0
2018-10-21 17:58:16 (9963149484521) STATS - 166.1, 0
2018-10-21 17:58:16 (9963149541623) STATS - 166.2, 0
2018-10-21 17:58:16 (9963149580424) STATS - 166.3, 0
2018-10-21 17:58:16 (9963149635926) STATS - 166.4, 0
2018-10-21 17:58:16 (9963149692527) STATS - 166.5, 0
2018-10-21 17:58:16 (9963149749629) STATS - 166.6, 0
2018-10-21 17:58:16 (9963149805831) STATS - 166.7, 0
2018-10-21 17:58:16 (9963149844632) STATS - 166.8, 0
2018-10-21 17:58:16 (9963149900634) STATS - 166.9, 0
2018-10-21 17:58:16 (9963149957235) STATS - 167.0, 0
2018-10-21 17:58:16 (9963150014037) STATS - 167.1, 0
2018-10-21 17:58:16 (9963150055538) STATS - 167.2, 1
2018-10-21 17:58:16 (9963150110640) STATS - 167.3, 0
2018-10-21 17:58:16 (9963150167041) STATS - 167.4, 0
2018-10-21 17:58:16 (9963150255544) STATS - 167.5, 0
2018-10-21 17:58:16 (9963150316846) STATS - 167.6, 0
2018-10-21 17:58:16 (9963150373047) STATS - 167.7, 0
2018-10-21 17:58:16 (9963150428849) STATS - 167.8, 0
2018-10-21 17:58:16 (9963150469850) STATS - 167.9, 0
2018-10-21 17:58:16 (9963150526052) STATS - 168.0, 0
2018-10-21 17:58:16 (9963150627055) STATS - 168.1, 0
2018-10-21 17:58:16 (9963150686356) STATS - 168.2, 0
2018-10-21 17:58:16 (9963150743158) STATS - 168.3, 0
2018-10-21 17:58:16 (9963150799460) STATS - 168.4, 0
2018-10-21 17:58:16 (9963150839461) STATS - 168.5, 0
2018-10-21 17:58:16 (9963150894962) STATS - 168.6, 0
2018-10-21 17:58:16 (9963150934264) STATS - 168.7, 0
2018-10-21 17:58:16 (9963150989365) STATS - 168.8, 0
2018-10-21 17:58:16 (9963151045467) STATS - 168.9, 0
2018-10-21 17:58:16 (9963151102468) STATS - 169.0, 0
2018-10-21 17:58:16 (9963151202571) STATS - 169.1, 0
2018-10-21 17:58:16 (9963151262873) STATS - 169.2, 0
2018-10-21 17:58:16 (9963151299474) STATS - 169.3, 0
2018-10-21 17:58:16 (9963151354976) STATS - 169.4, 0
2018-10-21 17:58:16 (9963151394577) STATS - 169.5, 0
2018-10-21 17:58:16 (9963151450379) STATS - 169.6, 0
2018-10-21 17:58:16 (9963151506480) STATS - 169.7, 0
2018-10-21 17:58:16 (9963151567582) STATS - 169.8, 0
2018-10-21 17:58:16 (9963151625184) STATS - 169.9, 0
2018-10-21 17:58:16 (9963151683785) STATS - 170.0, 0
2018-10-21 17:58:16 (9963151740987) STATS - 170.1, 0
2018-10-21 17:58:16 (9963151797389) STATS - 170.2, 0
2018-10-21 17:58:16 (9963151853190) STATS - 170.3, 0
2018-10-21 17:58:16 (9963151914092) STATS - 170.4, 0
2018-10-21 17:58:16 (9963151970494) STATS - 170.5, 0
2018-10-21 17:58:16 (9963152047296) STATS - 170.6, 0
2018-10-21 17:58:16 (9963152105198) STATS - 170.7, 0
2018-10-21 17:58:16 (9963152161499) STATS - 170.8, 0
2018-10-21 17:58:16 (9963152217601) STATS - 170.9, 0
2018-10-21 17:58:16 (9963152274703) STATS - 171.0, 0
2018-10-21 17:58:16 (9963152331404) STATS - 171.1, 1
2018-10-21 17:58:16 (9963152392806) STATS - 171.2, 0
2018-10-21 17:58:16 (9963152449408) STATS - 171.3, 0
2018-10-21 17:58:16 (9963152505709) STATS - 171.4, 0
2018-10-21 17:58:16 (9963152545310) STATS - 171.5, 0
2018-10-21 17:58:16 (9963152601312) STATS - 171.6, 0
2018-10-21 17:58:16 (9963152657514) STATS - 171.7, 0
2018-10-21 17:58:16 (9963152693915) STATS - 171.8, 0
2018-10-21 17:58:16 (9963158452682) STATS - 171.9, 0
2018-10-21 17:58:16 (9963158531485) STATS - 172.0, 0
2018-10-21 17:58:16 (9963158574886) STATS - 172.1, 0
2018-10-21 17:58:16 (9963158640088) STATS - 172.2, 0
2018-10-21 17:58:16 (9963158697689) STATS - 172.3, 0
2018-10-21 17:58:16 (9963158752691) STATS - 172.4, 0
2018-10-21 17:58:16 (9963158787992) STATS - 172.5, 0
2018-10-21 17:58:16 (9963158821093) STATS - 172.6, 0
2018-10-21 17:58:16 (9963158875695) STATS - 172.7, 0
2018-10-21 17:58:16 (9963158930396) STATS - 172.8, 0
2018-10-21 17:58:16 (9963158985498) STATS - 172.9, 0
2018-10-21 17:58:16 (9963159041099) STATS - 173.0, 0
2018-10-21 17:58:16 (9963159101301) STATS - 173.1, 0
2018-10-21 17:58:16 (9963159156703) STATS - 173.2, 0
2018-10-21 17:58:16 (9963159211204) STATS - 173.3, 0
2018-10-21 17:58:16 (9963159250906) STATS - 173.4, 0
2018-10-21 17:58:16 (9963159310007) STATS - 173.5, 0
2018-10-21 17:58:16 (9963159365609) STATS - 173.6, 1
2018-10-21 17:58:16 (9963159464412) INFO  - END: Middleware stopped.
