2018-10-21 20:02:48 (17435145332521) INFO  - START: Middleware listening on address 10.0.0.11:8888.
2018-10-21 20:04:08 (17515535416269) STATS -  5.00, 1384, 0, 0.282789, 1.247441, 1.665761, 0.000000, 1.665761, 0.000000, 0, 6924, 0, 1.00, 0.00, 0
2018-10-21 20:04:08 (17515655498478) STATS - 10.00, 1650, 0, 0.168877, 1.122919, 1.350853, 0.000000, 1.350853, 0.000000, 0, 8252, 0, 1.00, 0.00, 0
2018-10-21 20:04:08 (17515766792929) STATS - 15.00, 1646, 0, 0.170535, 1.131624, 1.372962, 0.000000, 1.372962, 0.000000, 0, 8231, 0, 1.00, 0.00, 0
2018-10-21 20:04:08 (17515815213544) STATS - 20.00, 1685, 0, 0.165293, 1.097296, 1.329178, 0.000000, 1.329178, 0.000000, 0, 8425, 0, 1.00, 0.00, 0
2018-10-21 20:04:08 (17515837176286) STATS - 25.00, 1684, 0, 0.163248, 1.089390, 1.313213, 0.000000, 1.313213, 0.000000, 0, 8421, 0, 1.00, 0.00, 0
2018-10-21 20:04:08 (17515862940839) STATS - 30.00, 1660, 0, 0.168877, 1.121002, 1.377233, 0.000000, 1.377233, 0.000000, 0, 8300, 0, 1.00, 0.00, 0
2018-10-21 20:04:08 (17515882859121) STATS - 35.00, 1648, 0, 0.180975, 1.131600, 1.377015, 0.000000, 1.377015, 0.000000, 0, 8244, 0, 1.00, 0.00, 0
2018-10-21 20:04:08 (17515895694096) STATS - 40.00, 1672, 0, 0.170209, 1.105128, 1.349252, 0.000000, 1.349252, 0.000000, 0, 8362, 0, 1.00, 0.00, 0
2018-10-21 20:04:08 (17515914493545) STATS - 45.00, 1624, 0, 0.181382, 1.156654, 1.400285, 0.000000, 1.400285, 0.000000, 0, 8120, 0, 1.00, 0.00, 0
2018-10-21 20:04:08 (17515932043258) STATS - 50.00, 1638, 0, 0.165220, 1.142691, 1.377808, 0.000000, 1.377808, 0.000000, 0, 8192, 0, 1.00, 0.00, 0
2018-10-21 20:04:08 (17515943164183) STATS - 55.00, 1647, 0, 0.174270, 1.134041, 1.379629, 0.000000, 1.379629, 0.000000, 0, 8237, 0, 1.00, 0.00, 0
2018-10-21 20:04:08 (17515959215852) STATS - 60.00, 1630, 0, 0.174354, 1.174534, 1.413120, 0.000000, 1.413120, 0.000000, 0, 8153, 0, 1.00, 0.00, 0
2018-10-21 20:04:09 (17515969141142) STATS - 65.00, 1628, 0, 0.194430, 1.160237, 1.434034, 0.000000, 1.434034, 0.000000, 0, 8143, 0, 1.00, 0.00, 0
2018-10-21 20:04:09 (17515978672220) STATS - 70.00, 1658, 0, 0.176612, 1.158781, 1.412459, 0.000000, 1.412459, 0.000000, 0, 8294, 0, 1.00, 0.00, 0
2018-10-21 20:04:09 (17515980866284) STATS - 70.00, 24, 0, 0.099932, 1.192365, 1.446042, 0.000000, 1.446042, 0.000000, 0, 120, 0, 1.00, 0.00, 0
2018-10-21 20:04:09 (17516138444288) STATS - Interval, Responses
2018-10-21 20:04:09 (17516138909802) STATS - 0.1, 0
2018-10-21 20:04:09 (17516139165109) STATS - 0.2, 0
2018-10-21 20:04:09 (17516139442317) STATS - 0.3, 0
2018-10-21 20:04:09 (17516145536695) STATS - 0.4, 13
2018-10-21 20:04:09 (17516145856905) STATS - 0.5, 561
2018-10-21 20:04:09 (17516146139313) STATS - 0.6, 3351
2018-10-21 20:04:09 (17516146368820) STATS - 0.7, 8402
2018-10-21 20:04:09 (17516146598527) STATS - 0.8, 13044
2018-10-21 20:04:09 (17516146869434) STATS - 0.9, 14420
2018-10-21 20:04:09 (17516147101441) STATS - 1.0, 13578
2018-10-21 20:04:09 (17516147361349) STATS - 1.1, 11601
2018-10-21 20:04:09 (17516147608856) STATS - 1.2, 8997
2018-10-21 20:04:09 (17516147871464) STATS - 1.3, 6646
2018-10-21 20:04:09 (17516148187673) STATS - 1.4, 5200
2018-10-21 20:04:09 (17516148414880) STATS - 1.5, 4200
2018-10-21 20:04:09 (17516148680987) STATS - 1.6, 3326
2018-10-21 20:04:09 (17516148909094) STATS - 1.7, 2621
2018-10-21 20:04:09 (17516149157601) STATS - 1.8, 2261
2018-10-21 20:04:09 (17516149410009) STATS - 1.9, 1658
2018-10-21 20:04:09 (17516155549588) STATS - 2.0, 1415
2018-10-21 20:04:09 (17516155810696) STATS - 2.1, 1113
2018-10-21 20:04:09 (17516156070903) STATS - 2.2, 950
2018-10-21 20:04:09 (17516156319111) STATS - 2.3, 880
2018-10-21 20:04:09 (17516156605419) STATS - 2.4, 719
2018-10-21 20:04:09 (17516156845826) STATS - 2.5, 602
2018-10-21 20:04:09 (17516157094733) STATS - 2.6, 510
2018-10-21 20:04:09 (17516157384542) STATS - 2.7, 478
2018-10-21 20:04:09 (17516157597248) STATS - 2.8, 443
2018-10-21 20:04:09 (17516157844655) STATS - 2.9, 325
2018-10-21 20:04:09 (17516158052561) STATS - 3.0, 316
2018-10-21 20:04:09 (17516158264967) STATS - 3.1, 285
2018-10-21 20:04:09 (17516158473873) STATS - 3.2, 258
2018-10-21 20:04:09 (17516158734681) STATS - 3.3, 264
2018-10-21 20:04:09 (17516159296798) STATS - 3.4, 208
2018-10-21 20:04:09 (17516165442177) STATS - 3.5, 198
2018-10-21 20:04:09 (17516165666484) STATS - 3.6, 176
2018-10-21 20:04:09 (17516165925191) STATS - 3.7, 145
2018-10-21 20:04:09 (17516166139197) STATS - 3.8, 132
2018-10-21 20:04:09 (17516166372804) STATS - 3.9, 102
2018-10-21 20:04:09 (17516166586011) STATS - 4.0, 120
2018-10-21 20:04:09 (17516166826418) STATS - 4.1, 106
2018-10-21 20:04:09 (17516167044124) STATS - 4.2, 111
2018-10-21 20:04:09 (17516167251530) STATS - 4.3, 113
2018-10-21 20:04:09 (17516173182503) STATS - 4.4, 74
2018-10-21 20:04:09 (17516173470912) STATS - 4.5, 73
2018-10-21 20:04:09 (17516173708819) STATS - 4.6, 76
2018-10-21 20:04:09 (17516173941525) STATS - 4.7, 77
2018-10-21 20:04:09 (17516174182232) STATS - 4.8, 60
2018-10-21 20:04:09 (17516174406339) STATS - 4.9, 56
2018-10-21 20:04:09 (17516174599145) STATS - 5.0, 59
2018-10-21 20:04:09 (17516174813651) STATS - 5.1, 62
2018-10-21 20:04:09 (17516175102659) STATS - 5.2, 57
2018-10-21 20:04:09 (17516175296765) STATS - 5.3, 50
2018-10-21 20:04:09 (17516175484971) STATS - 5.4, 56
2018-10-21 20:04:09 (17516175678376) STATS - 5.5, 50
2018-10-21 20:04:09 (17516175865282) STATS - 5.6, 70
2018-10-21 20:04:09 (17516176117789) STATS - 5.7, 59
2018-10-21 20:04:09 (17516176322495) STATS - 5.8, 110
2018-10-21 20:04:09 (17516176488500) STATS - 5.9, 129
2018-10-21 20:04:09 (17516176661705) STATS - 6.0, 253
2018-10-21 20:04:09 (17516176887411) STATS - 6.1, 302
2018-10-21 20:04:09 (17516177076317) STATS - 6.2, 302
2018-10-21 20:04:09 (17516177300224) STATS - 6.3, 273
2018-10-21 20:04:09 (17516177487229) STATS - 6.4, 261
2018-10-21 20:04:09 (17516177704335) STATS - 6.5, 265
2018-10-21 20:04:09 (17516177895141) STATS - 6.6, 235
2018-10-21 20:04:09 (17516178082146) STATS - 6.7, 206
2018-10-21 20:04:09 (17516178267052) STATS - 6.8, 167
2018-10-21 20:04:09 (17516178493458) STATS - 6.9, 128
2018-10-21 20:04:09 (17516178983973) STATS - 7.0, 106
2018-10-21 20:04:09 (17516186057679) STATS - 7.1, 100
2018-10-21 20:04:09 (17516186258585) STATS - 7.2, 81
2018-10-21 20:04:09 (17516186443591) STATS - 7.3, 78
2018-10-21 20:04:09 (17516186642897) STATS - 7.4, 48
2018-10-21 20:04:09 (17516186826402) STATS - 7.5, 32
2018-10-21 20:04:09 (17516187012607) STATS - 7.6, 38
2018-10-21 20:04:09 (17516187194413) STATS - 7.7, 35
2018-10-21 20:04:09 (17516187375918) STATS - 7.8, 28
2018-10-21 20:04:09 (17516187558023) STATS - 7.9, 26
2018-10-21 20:04:09 (17516187735828) STATS - 8.0, 25
2018-10-21 20:04:09 (17516187989136) STATS - 8.1, 25
2018-10-21 20:04:09 (17516188210542) STATS - 8.2, 25
2018-10-21 20:04:09 (17516188390548) STATS - 8.3, 23
2018-10-21 20:04:09 (17516188573953) STATS - 8.4, 19
2018-10-21 20:04:09 (17516188757858) STATS - 8.5, 16
2018-10-21 20:04:09 (17516188944864) STATS - 8.6, 11
2018-10-21 20:04:09 (17516189125369) STATS - 8.7, 7
2018-10-21 20:04:09 (17516189304374) STATS - 8.8, 20
2018-10-21 20:04:09 (17516189487180) STATS - 8.9, 12
2018-10-21 20:04:09 (17516189668785) STATS - 9.0, 8
2018-10-21 20:04:09 (17516189851190) STATS - 9.1, 5
2018-10-21 20:04:09 (17516195881066) STATS - 9.2, 11
2018-10-21 20:04:09 (17516196107273) STATS - 9.3, 7
2018-10-21 20:04:09 (17516196293078) STATS - 9.4, 14
2018-10-21 20:04:09 (17516196474784) STATS - 9.5, 3
2018-10-21 20:04:09 (17516196661389) STATS - 9.6, 5
2018-10-21 20:04:09 (17516196840594) STATS - 9.7, 7
2018-10-21 20:04:09 (17516197059501) STATS - 9.8, 12
2018-10-21 20:04:09 (17516197243906) STATS - 9.9, 18
2018-10-21 20:04:09 (17516197443512) STATS - 10.0, 28
2018-10-21 20:04:09 (17516197631018) STATS - 10.1, 12
2018-10-21 20:04:09 (17516197817623) STATS - 10.2, 9
2018-10-21 20:04:09 (17516197996828) STATS - 10.3, 5
2018-10-21 20:04:09 (17516198219835) STATS - 10.4, 2
2018-10-21 20:04:09 (17516198399540) STATS - 10.5, 2
2018-10-21 20:04:09 (17516198807252) STATS - 10.6, 5
2018-10-21 20:04:09 (17516198994657) STATS - 10.7, 7
2018-10-21 20:04:09 (17516199168262) STATS - 10.8, 5
2018-10-21 20:04:09 (17516199352068) STATS - 10.9, 6
2018-10-21 20:04:09 (17516199658477) STATS - 11.0, 6
2018-10-21 20:04:09 (17516199902784) STATS - 11.1, 4
2018-10-21 20:04:09 (17516205924560) STATS - 11.2, 5
2018-10-21 20:04:09 (17516206125366) STATS - 11.3, 7
2018-10-21 20:04:09 (17516206306871) STATS - 11.4, 2
2018-10-21 20:04:09 (17516206483676) STATS - 11.5, 11
2018-10-21 20:04:09 (17516206664482) STATS - 11.6, 2
2018-10-21 20:04:09 (17516206873388) STATS - 11.7, 0
2018-10-21 20:04:09 (17516207116895) STATS - 11.8, 2
2018-10-21 20:04:09 (17516207541407) STATS - 11.9, 6
2018-10-21 20:04:09 (17516207778014) STATS - 12.0, 2
2018-10-21 20:04:09 (17516207964119) STATS - 12.1, 1
2018-10-21 20:04:09 (17516208166825) STATS - 12.2, 0
2018-10-21 20:04:09 (17516208342331) STATS - 12.3, 2
2018-10-21 20:04:09 (17516208520236) STATS - 12.4, 1
2018-10-21 20:04:09 (17516208694241) STATS - 12.5, 0
2018-10-21 20:04:09 (17516208868446) STATS - 12.6, 1
2018-10-21 20:04:09 (17516209053351) STATS - 12.7, 3
2018-10-21 20:04:09 (17516209248457) STATS - 12.8, 1
2018-10-21 20:04:09 (17516209441863) STATS - 12.9, 2
2018-10-21 20:04:09 (17516209624068) STATS - 13.0, 3
2018-10-21 20:04:09 (17516209796573) STATS - 13.1, 3
2018-10-21 20:04:09 (17516209969978) STATS - 13.2, 1
2018-10-21 20:04:09 (17516216266862) STATS - 13.3, 1
2018-10-21 20:04:09 (17516216455868) STATS - 13.4, 4
2018-10-21 20:04:09 (17516216636873) STATS - 13.5, 2
2018-10-21 20:04:09 (17516216851679) STATS - 13.6, 0
2018-10-21 20:04:09 (17516217031484) STATS - 13.7, 0
2018-10-21 20:04:09 (17516217204689) STATS - 13.8, 0
2018-10-21 20:04:09 (17516217377095) STATS - 13.9, 0
2018-10-21 20:04:09 (17516217546599) STATS - 14.0, 2
2018-10-21 20:04:09 (17516217724505) STATS - 14.1, 1
2018-10-21 20:04:09 (17516217898710) STATS - 14.2, 4
2018-10-21 20:04:09 (17516218103316) STATS - 14.3, 1
2018-10-21 20:04:09 (17516218278321) STATS - 14.4, 2
2018-10-21 20:04:09 (17516218454726) STATS - 14.5, 0
2018-10-21 20:04:09 (17516218637131) STATS - 14.6, 0
2018-10-21 20:04:09 (17516218812136) STATS - 14.7, 1
2018-10-21 20:04:09 (17516219022043) STATS - 14.8, 1
2018-10-21 20:04:09 (17516219215748) STATS - 14.9, 0
2018-10-21 20:04:09 (17516219396254) STATS - 15.0, 0
2018-10-21 20:04:09 (17516219568959) STATS - 15.1, 2
2018-10-21 20:04:09 (17516219819666) STATS - 15.2, 3
2018-10-21 20:04:09 (17516225786240) STATS - 15.3, 0
2018-10-21 20:04:09 (17516225978146) STATS - 15.4, 1
2018-10-21 20:04:09 (17516226449860) STATS - 15.5, 1
2018-10-21 20:04:09 (17516226642965) STATS - 15.6, 1
2018-10-21 20:04:09 (17516226825471) STATS - 15.7, 0
2018-10-21 20:04:09 (17516227003476) STATS - 15.8, 2
2018-10-21 20:04:09 (17516227180981) STATS - 15.9, 1
2018-10-21 20:04:09 (17516227354286) STATS - 16.0, 2
2018-10-21 20:04:09 (17516227567092) STATS - 16.1, 1
2018-10-21 20:04:09 (17516227743697) STATS - 16.2, 0
2018-10-21 20:04:09 (17516227925603) STATS - 16.3, 1
2018-10-21 20:04:09 (17516228118808) STATS - 16.4, 0
2018-10-21 20:04:09 (17516228302114) STATS - 16.5, 1
2018-10-21 20:04:09 (17516228478919) STATS - 16.6, 0
2018-10-21 20:04:09 (17516228663624) STATS - 16.7, 0
2018-10-21 20:04:09 (17516228843730) STATS - 16.8, 0
2018-10-21 20:04:09 (17516229057336) STATS - 16.9, 0
2018-10-21 20:04:09 (17516229238441) STATS - 17.0, 0
2018-10-21 20:04:09 (17516229415446) STATS - 17.1, 0
2018-10-21 20:04:09 (17516229595652) STATS - 17.2, 0
2018-10-21 20:04:09 (17516235747031) STATS - 17.3, 1
2018-10-21 20:04:09 (17516236046240) STATS - 17.4, 2
2018-10-21 20:04:09 (17516236233045) STATS - 17.5, 2
2018-10-21 20:04:09 (17516236417851) STATS - 17.6, 3
2018-10-21 20:04:09 (17516236589256) STATS - 17.7, 0
2018-10-21 20:04:09 (17516236758161) STATS - 17.8, 1
2018-10-21 20:04:09 (17516236927266) STATS - 17.9, 0
2018-10-21 20:04:09 (17516237092471) STATS - 18.0, 0
2018-10-21 20:04:09 (17516237259975) STATS - 18.1, 2
2018-10-21 20:04:09 (17516237428380) STATS - 18.2, 1
2018-10-21 20:04:09 (17516237639987) STATS - 18.3, 0
2018-10-21 20:04:09 (17516237812892) STATS - 18.4, 0
2018-10-21 20:04:09 (17516237980497) STATS - 18.5, 0
2018-10-21 20:04:09 (17516238147601) STATS - 18.6, 2
2018-10-21 20:04:09 (17516238316006) STATS - 18.7, 0
2018-10-21 20:04:09 (17516238491311) STATS - 18.8, 1
2018-10-21 20:04:09 (17516238663316) STATS - 18.9, 0
2018-10-21 20:04:09 (17516238830021) STATS - 19.0, 0
2018-10-21 20:04:09 (17516238998026) STATS - 19.1, 3
2018-10-21 20:04:09 (17516239166131) STATS - 19.2, 1
2018-10-21 20:04:09 (17516239337436) STATS - 19.3, 0
2018-10-21 20:04:09 (17516239505741) STATS - 19.4, 2
2018-10-21 20:04:09 (17516239675046) STATS - 19.5, 1
2018-10-21 20:04:09 (17516239842951) STATS - 19.6, 0
2018-10-21 20:04:09 (17516245953429) STATS - 19.7, 0
2018-10-21 20:04:09 (17516246197337) STATS - 19.8, 0
2018-10-21 20:04:09 (17516246365241) STATS - 19.9, 0
2018-10-21 20:04:09 (17516246526946) STATS - 20.0, 0
2018-10-21 20:04:09 (17516246691351) STATS - 20.1, 1
2018-10-21 20:04:09 (17516246855156) STATS - 20.2, 0
2018-10-21 20:04:09 (17516247018061) STATS - 20.3, 0
2018-10-21 20:04:09 (17516247189266) STATS - 20.4, 0
2018-10-21 20:04:09 (17516247352370) STATS - 20.5, 1
2018-10-21 20:04:09 (17516247514275) STATS - 20.6, 0
2018-10-21 20:04:09 (17516247679580) STATS - 20.7, 0
2018-10-21 20:04:09 (17516247841685) STATS - 20.8, 0
2018-10-21 20:04:09 (17516248038590) STATS - 20.9, 0
2018-10-21 20:04:09 (17516248226196) STATS - 21.0, 0
2018-10-21 20:04:09 (17516248389101) STATS - 21.1, 0
2018-10-21 20:04:09 (17516248556306) STATS - 21.2, 0
2018-10-21 20:04:09 (17516248719010) STATS - 21.3, 1
2018-10-21 20:04:09 (17516248882215) STATS - 21.4, 0
2018-10-21 20:04:09 (17516249044320) STATS - 21.5, 0
2018-10-21 20:04:09 (17516249209825) STATS - 21.6, 1
2018-10-21 20:04:09 (17516249375529) STATS - 21.7, 0
2018-10-21 20:04:09 (17516249542834) STATS - 21.8, 0
2018-10-21 20:04:09 (17516249706939) STATS - 21.9, 0
2018-10-21 20:04:09 (17516255749116) STATS - 22.0, 0
2018-10-21 20:04:09 (17516255919421) STATS - 22.1, 0
2018-10-21 20:04:09 (17516256102526) STATS - 22.2, 0
2018-10-21 20:04:09 (17516256265231) STATS - 22.3, 0
2018-10-21 20:04:09 (17516256433336) STATS - 22.4, 0
2018-10-21 20:04:09 (17516256596940) STATS - 22.5, 1
2018-10-21 20:04:09 (17516256757545) STATS - 22.6, 0
2018-10-21 20:04:09 (17516256923250) STATS - 22.7, 0
2018-10-21 20:04:09 (17516257085355) STATS - 22.8, 0
2018-10-21 20:04:09 (17516257247459) STATS - 22.9, 0
2018-10-21 20:04:09 (17516257405464) STATS - 23.0, 0
2018-10-21 20:04:09 (17516257566069) STATS - 23.1, 0
2018-10-21 20:04:09 (17516257782375) STATS - 23.2, 0
2018-10-21 20:04:09 (17516257944880) STATS - 23.3, 0
2018-10-21 20:04:09 (17516258110085) STATS - 23.4, 0
2018-10-21 20:04:09 (17516258271689) STATS - 23.5, 0
2018-10-21 20:04:09 (17516258432594) STATS - 23.6, 0
2018-10-21 20:04:09 (17516258817205) STATS - 23.7, 0
2018-10-21 20:04:09 (17516259048212) STATS - 23.8, 0
2018-10-21 20:04:09 (17516259254618) STATS - 23.9, 0
2018-10-21 20:04:09 (17516259519326) STATS - 24.0, 0
2018-10-21 20:04:09 (17516265666505) STATS - 24.1, 0
2018-10-21 20:04:09 (17516265862911) STATS - 24.2, 0
2018-10-21 20:04:09 (17516266024016) STATS - 24.3, 0
2018-10-21 20:04:09 (17516266183821) STATS - 24.4, 0
2018-10-21 20:04:09 (17516266347525) STATS - 24.5, 0
2018-10-21 20:04:09 (17516266506230) STATS - 24.6, 0
2018-10-21 20:04:09 (17516266665035) STATS - 24.7, 0
2018-10-21 20:04:09 (17516266827039) STATS - 24.8, 0
2018-10-21 20:04:09 (17516266992444) STATS - 24.9, 0
2018-10-21 20:04:09 (17516267149149) STATS - 25.0, 0
2018-10-21 20:04:09 (17516267307053) STATS - 25.1, 0
2018-10-21 20:04:09 (17516267468258) STATS - 25.2, 0
2018-10-21 20:04:09 (17516267632663) STATS - 25.3, 0
2018-10-21 20:04:09 (17516267791968) STATS - 25.4, 0
2018-10-21 20:04:09 (17516267954072) STATS - 25.5, 0
2018-10-21 20:04:09 (17516268148778) STATS - 25.6, 0
2018-10-21 20:04:09 (17516268308783) STATS - 25.7, 0
2018-10-21 20:04:09 (17516268465987) STATS - 25.8, 0
2018-10-21 20:04:09 (17516268628892) STATS - 25.9, 0
2018-10-21 20:04:09 (17516268784897) STATS - 26.0, 0
2018-10-21 20:04:09 (17516268942001) STATS - 26.1, 0
2018-10-21 20:04:09 (17516269100006) STATS - 26.2, 0
2018-10-21 20:04:09 (17516269257110) STATS - 26.3, 0
2018-10-21 20:04:09 (17516269415015) STATS - 26.4, 0
2018-10-21 20:04:09 (17516275418390) STATS - 26.5, 0
2018-10-21 20:04:09 (17516275718399) STATS - 26.6, 0
2018-10-21 20:04:09 (17516275925105) STATS - 26.7, 0
2018-10-21 20:04:09 (17516276098010) STATS - 26.8, 0
2018-10-21 20:04:09 (17516280348934) STATS - 26.9, 0
2018-10-21 20:04:09 (17516280564241) STATS - 27.0, 0
2018-10-21 20:04:09 (17516280724245) STATS - 27.1, 0
2018-10-21 20:04:09 (17516280876350) STATS - 27.2, 0
2018-10-21 20:04:09 (17516281060555) STATS - 27.3, 0
2018-10-21 20:04:09 (17516281209960) STATS - 27.4, 0
2018-10-21 20:04:09 (17516281358664) STATS - 27.5, 0
2018-10-21 20:04:09 (17516281506468) STATS - 27.6, 0
2018-10-21 20:04:09 (17516281698374) STATS - 27.7, 0
2018-10-21 20:04:09 (17516281850378) STATS - 27.8, 0
2018-10-21 20:04:09 (17516281999283) STATS - 27.9, 0
2018-10-21 20:04:09 (17516282157087) STATS - 28.0, 0
2018-10-21 20:04:09 (17516282338193) STATS - 28.1, 0
2018-10-21 20:04:09 (17516282486997) STATS - 28.2, 0
2018-10-21 20:04:09 (17516282688003) STATS - 28.3, 0
2018-10-21 20:04:09 (17516282841007) STATS - 28.4, 0
2018-10-21 20:04:09 (17516282992212) STATS - 28.5, 0
2018-10-21 20:04:09 (17516283147216) STATS - 28.6, 0
2018-10-21 20:04:09 (17516289145391) STATS - 28.7, 0
2018-10-21 20:04:09 (17516289313496) STATS - 28.8, 0
2018-10-21 20:04:09 (17516289466201) STATS - 28.9, 0
2018-10-21 20:04:09 (17516289612405) STATS - 29.0, 0
2018-10-21 20:04:09 (17516289768110) STATS - 29.1, 0
2018-10-21 20:04:09 (17516289917414) STATS - 29.2, 0
2018-10-21 20:04:09 (17516290070418) STATS - 29.3, 0
2018-10-21 20:04:09 (17516290220623) STATS - 29.4, 0
2018-10-21 20:04:09 (17516290367727) STATS - 29.5, 0
2018-10-21 20:04:09 (17516290515331) STATS - 29.6, 0
2018-10-21 20:04:09 (17516290668736) STATS - 29.7, 0
2018-10-21 20:04:09 (17516290883342) STATS - 29.8, 0
2018-10-21 20:04:09 (17516291005046) STATS - 29.9, 0
2018-10-21 20:04:09 (17516291146550) STATS - 30.0, 0
2018-10-21 20:04:09 (17516291329555) STATS - 30.1, 0
2018-10-21 20:04:09 (17516291653365) STATS - 30.2, 0
2018-10-21 20:04:09 (17516291865871) STATS - 30.3, 0
2018-10-21 20:04:09 (17516292051876) STATS - 30.4, 0
2018-10-21 20:04:09 (17516292230082) STATS - 30.5, 0
2018-10-21 20:04:09 (17516292388886) STATS - 30.6, 0
2018-10-21 20:04:09 (17516292550491) STATS - 30.7, 0
2018-10-21 20:04:09 (17516292721596) STATS - 30.8, 0
2018-10-21 20:04:09 (17516292892401) STATS - 30.9, 0
2018-10-21 20:04:09 (17516293034305) STATS - 31.0, 0
2018-10-21 20:04:09 (17516298940778) STATS - 31.1, 0
2018-10-21 20:04:09 (17516299155684) STATS - 31.2, 0
2018-10-21 20:04:09 (17516299306788) STATS - 31.3, 0
2018-10-21 20:04:09 (17516299450493) STATS - 31.4, 0
2018-10-21 20:04:09 (17516299592397) STATS - 31.5, 0
2018-10-21 20:04:09 (17516299770402) STATS - 31.6, 0
2018-10-21 20:04:09 (17516299915106) STATS - 31.7, 0
2018-10-21 20:04:09 (17516300073311) STATS - 31.8, 0
2018-10-21 20:04:09 (17516300215615) STATS - 31.9, 0
2018-10-21 20:04:09 (17516300352119) STATS - 32.0, 0
2018-10-21 20:04:09 (17516300491323) STATS - 32.1, 0
2018-10-21 20:04:09 (17516300632627) STATS - 32.2, 0
2018-10-21 20:04:09 (17516300772431) STATS - 32.3, 0
2018-10-21 20:04:09 (17516300915235) STATS - 32.4, 0
2018-10-21 20:04:09 (17516301081340) STATS - 32.5, 0
2018-10-21 20:04:09 (17516301235745) STATS - 32.6, 0
2018-10-21 20:04:09 (17516301378749) STATS - 32.7, 0
2018-10-21 20:04:09 (17516301522753) STATS - 32.8, 0
2018-10-21 20:04:09 (17516301664057) STATS - 32.9, 0
2018-10-21 20:04:09 (17516301800461) STATS - 33.0, 0
2018-10-21 20:04:09 (17516301939865) STATS - 33.1, 0
2018-10-21 20:04:09 (17516302084569) STATS - 33.2, 0
2018-10-21 20:04:09 (17516302228574) STATS - 33.3, 0
2018-10-21 20:04:09 (17516302367078) STATS - 33.4, 0
2018-10-21 20:04:09 (17516302506282) STATS - 33.5, 0
2018-10-21 20:04:09 (17516302645986) STATS - 33.6, 0
2018-10-21 20:04:09 (17516302785490) STATS - 33.7, 0
2018-10-21 20:04:09 (17516302924794) STATS - 33.8, 0
2018-10-21 20:04:09 (17516308832267) STATS - 33.9, 0
2018-10-21 20:04:09 (17516309068574) STATS - 34.0, 0
2018-10-21 20:04:09 (17516309208778) STATS - 34.1, 0
2018-10-21 20:04:09 (17516309343982) STATS - 34.2, 0
2018-10-21 20:04:09 (17516309478286) STATS - 34.3, 0
2018-10-21 20:04:09 (17516309613389) STATS - 34.4, 0
2018-10-21 20:04:09 (17516309746393) STATS - 34.5, 0
2018-10-21 20:04:09 (17516309879597) STATS - 34.6, 0
2018-10-21 20:04:09 (17516310011701) STATS - 34.7, 0
2018-10-21 20:04:09 (17516310144505) STATS - 34.8, 0
2018-10-21 20:04:09 (17516310277109) STATS - 34.9, 0
2018-10-21 20:04:09 (17516310412213) STATS - 35.0, 0
2018-10-21 20:04:09 (17516310544717) STATS - 35.1, 0
2018-10-21 20:04:09 (17516310682421) STATS - 35.2, 0
2018-10-21 20:04:09 (17516310816425) STATS - 35.3, 0
2018-10-21 20:04:09 (17516311268038) STATS - 35.4, 0
2018-10-21 20:04:09 (17516311458743) STATS - 35.5, 1
2018-10-21 20:04:09 (17516311597047) STATS - 35.6, 0
2018-10-21 20:04:09 (17516311727751) STATS - 35.7, 0
2018-10-21 20:04:09 (17516311890756) STATS - 35.8, 0
2018-10-21 20:04:09 (17516312068361) STATS - 35.9, 0
2018-10-21 20:04:09 (17516312200665) STATS - 36.0, 0
2018-10-21 20:04:09 (17516312330269) STATS - 36.1, 0
2018-10-21 20:04:09 (17516312459773) STATS - 36.2, 0
2018-10-21 20:04:09 (17516312589076) STATS - 36.3, 0
2018-10-21 20:04:09 (17516312718580) STATS - 36.4, 0
2018-10-21 20:04:09 (17516312926186) STATS - 36.5, 0
2018-10-21 20:04:09 (17516318933162) STATS - 36.6, 0
2018-10-21 20:04:09 (17516319120367) STATS - 36.7, 0
2018-10-21 20:04:09 (17516319324473) STATS - 36.8, 0
2018-10-21 20:04:09 (17516319455477) STATS - 36.9, 0
2018-10-21 20:04:09 (17516319583581) STATS - 37.0, 0
2018-10-21 20:04:09 (17516319710584) STATS - 37.1, 0
2018-10-21 20:04:09 (17516319837088) STATS - 37.2, 0
2018-10-21 20:04:09 (17516319986193) STATS - 37.3, 0
2018-10-21 20:04:09 (17516320136497) STATS - 37.4, 0
2018-10-21 20:04:09 (17516320263501) STATS - 37.5, 0
2018-10-21 20:04:09 (17516320417205) STATS - 37.6, 0
2018-10-21 20:04:09 (17516320546309) STATS - 37.7, 0
2018-10-21 20:04:09 (17516320674113) STATS - 37.8, 0
2018-10-21 20:04:09 (17516320805116) STATS - 37.9, 0
2018-10-21 20:04:09 (17516320929320) STATS - 38.0, 0
2018-10-21 20:04:09 (17516321054924) STATS - 38.1, 0
2018-10-21 20:04:09 (17516321181327) STATS - 38.2, 0
2018-10-21 20:04:09 (17516321311531) STATS - 38.3, 0
2018-10-21 20:04:09 (17516321443435) STATS - 38.4, 0
2018-10-21 20:04:09 (17516321570339) STATS - 38.5, 0
2018-10-21 20:04:09 (17516321702943) STATS - 38.6, 0
2018-10-21 20:04:09 (17516321830446) STATS - 38.7, 0
2018-10-21 20:04:09 (17516321956850) STATS - 38.8, 0
2018-10-21 20:04:09 (17516322083454) STATS - 38.9, 0
2018-10-21 20:04:09 (17516322206757) STATS - 39.0, 0
2018-10-21 20:04:09 (17516322332361) STATS - 39.1, 0
2018-10-21 20:04:09 (17516322462065) STATS - 39.2, 0
2018-10-21 20:04:09 (17516322592569) STATS - 39.3, 0
2018-10-21 20:04:09 (17516322719472) STATS - 39.4, 0
2018-10-21 20:04:09 (17516322846476) STATS - 39.5, 0
2018-10-21 20:04:09 (17516328859252) STATS - 39.6, 0
2018-10-21 20:04:09 (17516329055158) STATS - 39.7, 0
2018-10-21 20:04:09 (17516329182661) STATS - 39.8, 0
2018-10-21 20:04:09 (17516329280264) STATS - 39.9, 0
2018-10-21 20:04:09 (17516329398568) STATS - 40.0, 0
2018-10-21 20:04:09 (17516329496070) STATS - 40.1, 0
2018-10-21 20:04:09 (17516329615074) STATS - 40.2, 0
2018-10-21 20:04:09 (17516329735177) STATS - 40.3, 0
2018-10-21 20:04:09 (17516329854781) STATS - 40.4, 0
2018-10-21 20:04:09 (17516329955784) STATS - 40.5, 0
2018-10-21 20:04:09 (17516330075387) STATS - 40.6, 0
2018-10-21 20:04:09 (17516330171590) STATS - 40.7, 0
2018-10-21 20:04:09 (17516330290494) STATS - 40.8, 0
2018-10-21 20:04:09 (17516330483699) STATS - 40.9, 0
2018-10-21 20:04:09 (17516330947613) STATS - 41.0, 0
2018-10-21 20:04:09 (17516331302623) STATS - 41.1, 0
2018-10-21 20:04:09 (17516331617932) STATS - 41.2, 0
2018-10-21 20:04:09 (17516331827539) STATS - 41.3, 0
2018-10-21 20:04:09 (17516331980543) STATS - 41.4, 0
2018-10-21 20:04:09 (17516332255751) STATS - 41.5, 0
2018-10-21 20:04:09 (17516332378555) STATS - 41.6, 0
2018-10-21 20:04:09 (17516332584361) STATS - 41.7, 0
2018-10-21 20:04:09 (17516332751966) STATS - 41.8, 0
2018-10-21 20:04:09 (17516333123176) STATS - 41.9, 0
2018-10-21 20:04:09 (17516333341683) STATS - 42.0, 0
2018-10-21 20:04:09 (17516340512392) STATS - 42.1, 0
2018-10-21 20:04:09 (17516340769100) STATS - 42.2, 0
2018-10-21 20:04:09 (17516340933205) STATS - 42.3, 0
2018-10-21 20:04:09 (17516341344417) STATS - 42.4, 0
2018-10-21 20:04:09 (17516341457320) STATS - 42.5, 0
2018-10-21 20:04:09 (17516341546022) STATS - 42.6, 0
2018-10-21 20:04:09 (17516341656426) STATS - 42.7, 0
2018-10-21 20:04:09 (17516341769029) STATS - 42.8, 0
2018-10-21 20:04:09 (17516341903933) STATS - 42.9, 0
2018-10-21 20:04:09 (17516342016136) STATS - 43.0, 0
2018-10-21 20:04:09 (17516342127539) STATS - 43.1, 0
2018-10-21 20:04:09 (17516342265143) STATS - 43.2, 0
2018-10-21 20:04:09 (17516342378547) STATS - 43.3, 0
2018-10-21 20:04:09 (17516342489450) STATS - 43.4, 0
2018-10-21 20:04:09 (17516342601553) STATS - 43.5, 0
2018-10-21 20:04:09 (17516342712857) STATS - 43.6, 0
2018-10-21 20:04:09 (17516342823460) STATS - 43.7, 0
2018-10-21 20:04:09 (17516342934863) STATS - 43.8, 0
2018-10-21 20:04:09 (17516343047366) STATS - 43.9, 0
2018-10-21 20:04:09 (17516343157070) STATS - 44.0, 0
2018-10-21 20:04:09 (17516343268173) STATS - 44.1, 0
2018-10-21 20:04:09 (17516343378576) STATS - 44.2, 0
2018-10-21 20:04:09 (17516343490279) STATS - 44.3, 0
2018-10-21 20:04:09 (17516343602283) STATS - 44.4, 0
2018-10-21 20:04:09 (17516343713986) STATS - 44.5, 0
2018-10-21 20:04:09 (17516343824889) STATS - 44.6, 0
2018-10-21 20:04:09 (17516343914292) STATS - 44.7, 0
2018-10-21 20:04:09 (17516344002094) STATS - 44.8, 0
2018-10-21 20:04:09 (17516344089997) STATS - 44.9, 0
2018-10-21 20:04:09 (17516344174999) STATS - 45.0, 0
2018-10-21 20:04:09 (17516344262102) STATS - 45.1, 0
2018-10-21 20:04:09 (17516344349004) STATS - 45.2, 0
2018-10-21 20:04:09 (17516344478008) STATS - 45.3, 0
2018-10-21 20:04:09 (17516344591011) STATS - 45.4, 0
2018-10-21 20:04:09 (17516344702415) STATS - 45.5, 0
2018-10-21 20:04:09 (17516344790817) STATS - 45.6, 0
2018-10-21 20:04:09 (17516350571086) STATS - 45.7, 0
2018-10-21 20:04:09 (17516350728191) STATS - 45.8, 0
2018-10-21 20:04:09 (17516350856695) STATS - 45.9, 0
2018-10-21 20:04:09 (17516350987498) STATS - 46.0, 0
2018-10-21 20:04:09 (17516351103802) STATS - 46.1, 0
2018-10-21 20:04:09 (17516351220305) STATS - 46.2, 0
2018-10-21 20:04:09 (17516351333308) STATS - 46.3, 0
2018-10-21 20:04:09 (17516351423211) STATS - 46.4, 0
2018-10-21 20:04:09 (17516351511514) STATS - 46.5, 0
2018-10-21 20:04:09 (17516351600316) STATS - 46.6, 0
2018-10-21 20:04:09 (17516351688519) STATS - 46.7, 0
2018-10-21 20:04:09 (17516351777121) STATS - 46.8, 0
2018-10-21 20:04:09 (17516351896925) STATS - 46.9, 0
2018-10-21 20:04:09 (17516352025029) STATS - 47.0, 0
2018-10-21 20:04:09 (17516352120331) STATS - 47.1, 0
2018-10-21 20:04:09 (17516352288436) STATS - 47.2, 0
2018-10-21 20:04:09 (17516352381839) STATS - 47.3, 0
2018-10-21 20:04:09 (17516352501543) STATS - 47.4, 0
2018-10-21 20:04:09 (17516352614046) STATS - 47.5, 0
2018-10-21 20:04:09 (17516352730149) STATS - 47.6, 0
2018-10-21 20:04:09 (17516352880554) STATS - 47.7, 0
2018-10-21 20:04:09 (17516352995557) STATS - 47.8, 0
2018-10-21 20:04:09 (17516353135261) STATS - 47.9, 0
2018-10-21 20:04:09 (17516353237264) STATS - 48.0, 0
2018-10-21 20:04:09 (17516353348067) STATS - 48.1, 0
2018-10-21 20:04:09 (17516353436770) STATS - 48.2, 0
2018-10-21 20:04:09 (17516353524672) STATS - 48.3, 0
2018-10-21 20:04:09 (17516353612575) STATS - 48.4, 0
2018-10-21 20:04:09 (17516353722178) STATS - 48.5, 0
2018-10-21 20:04:09 (17516353832481) STATS - 48.6, 0
2018-10-21 20:04:09 (17516353946985) STATS - 48.7, 0
2018-10-21 20:04:09 (17516354059888) STATS - 48.8, 0
2018-10-21 20:04:09 (17516354171091) STATS - 48.9, 0
2018-10-21 20:04:09 (17516354279395) STATS - 49.0, 0
2018-10-21 20:04:09 (17516354390298) STATS - 49.1, 0
2018-10-21 20:04:09 (17516354533902) STATS - 49.2, 0
2018-10-21 20:04:09 (17516360441475) STATS - 49.3, 0
2018-10-21 20:04:09 (17516360612680) STATS - 49.4, 0
2018-10-21 20:04:09 (17516360957490) STATS - 49.5, 0
2018-10-21 20:04:09 (17516361177096) STATS - 49.6, 0
2018-10-21 20:04:09 (17516361310000) STATS - 49.7, 0
2018-10-21 20:04:09 (17516361415303) STATS - 49.8, 0
2018-10-21 20:04:09 (17516361520706) STATS - 49.9, 0
2018-10-21 20:04:09 (17516361644710) STATS - 50.0, 0
2018-10-21 20:04:09 (17516367109269) STATS - 50.1, 0
2018-10-21 20:04:09 (17516367300275) STATS - 50.2, 0
2018-10-21 20:04:09 (17516367384177) STATS - 50.3, 0
2018-10-21 20:04:09 (17516367499881) STATS - 50.4, 0
2018-10-21 20:04:09 (17516367607284) STATS - 50.5, 0
2018-10-21 20:04:09 (17516367685786) STATS - 50.6, 0
2018-10-21 20:04:09 (17516367785989) STATS - 50.7, 0
2018-10-21 20:04:09 (17516367875892) STATS - 50.8, 0
2018-10-21 20:04:09 (17516367976195) STATS - 50.9, 0
2018-10-21 20:04:09 (17516368079798) STATS - 51.0, 0
2018-10-21 20:04:09 (17516368222202) STATS - 51.1, 0
2018-10-21 20:04:09 (17516368367406) STATS - 51.2, 0
2018-10-21 20:04:09 (17516368473409) STATS - 51.3, 0
2018-10-21 20:04:09 (17516368574812) STATS - 51.4, 0
2018-10-21 20:04:09 (17516368673815) STATS - 51.5, 0
2018-10-21 20:04:09 (17516368806919) STATS - 51.6, 0
2018-10-21 20:04:09 (17516368926722) STATS - 51.7, 0
2018-10-21 20:04:09 (17516369027325) STATS - 51.8, 0
2018-10-21 20:04:09 (17516369155629) STATS - 51.9, 0
2018-10-21 20:04:09 (17516369291033) STATS - 52.0, 0
2018-10-21 20:04:09 (17516369419837) STATS - 52.1, 0
2018-10-21 20:04:09 (17516369522340) STATS - 52.2, 0
2018-10-21 20:04:09 (17516375318609) STATS - 52.3, 0
2018-10-21 20:04:09 (17516375439913) STATS - 52.4, 0
2018-10-21 20:04:09 (17516375555816) STATS - 52.5, 0
2018-10-21 20:04:09 (17516375656419) STATS - 52.6, 0
2018-10-21 20:04:09 (17516375752922) STATS - 52.7, 0
2018-10-21 20:04:09 (17516375849325) STATS - 52.8, 0
2018-10-21 20:04:09 (17516375945528) STATS - 52.9, 0
2018-10-21 20:04:09 (17516376060431) STATS - 53.0, 0
2018-10-21 20:04:09 (17516376156934) STATS - 53.1, 0
2018-10-21 20:04:09 (17516376252037) STATS - 53.2, 0
2018-10-21 20:04:09 (17516376352539) STATS - 53.3, 0
2018-10-21 20:04:09 (17516376449642) STATS - 53.4, 0
2018-10-21 20:04:09 (17516376545345) STATS - 53.5, 0
2018-10-21 20:04:09 (17516376640248) STATS - 53.6, 0
2018-10-21 20:04:09 (17516376734851) STATS - 53.7, 0
2018-10-21 20:04:09 (17516376830453) STATS - 53.8, 0
2018-10-21 20:04:09 (17516376933956) STATS - 53.9, 0
2018-10-21 20:04:09 (17516377033159) STATS - 54.0, 0
2018-10-21 20:04:09 (17516377132762) STATS - 54.1, 0
2018-10-21 20:04:09 (17516377229265) STATS - 54.2, 0
2018-10-21 20:04:09 (17516377325468) STATS - 54.3, 0
2018-10-21 20:04:09 (17516377421671) STATS - 54.4, 0
2018-10-21 20:04:09 (17516377520474) STATS - 54.5, 0
2018-10-21 20:04:09 (17516377641777) STATS - 54.6, 0
2018-10-21 20:04:09 (17516377738280) STATS - 54.7, 0
2018-10-21 20:04:09 (17516377833483) STATS - 54.8, 0
2018-10-21 20:04:09 (17516377927785) STATS - 54.9, 0
2018-10-21 20:04:09 (17516378021888) STATS - 55.0, 0
2018-10-21 20:04:09 (17516378118291) STATS - 55.1, 0
2018-10-21 20:04:09 (17516378231994) STATS - 55.2, 0
2018-10-21 20:04:09 (17516378328497) STATS - 55.3, 0
2018-10-21 20:04:09 (17516378423900) STATS - 55.4, 0
2018-10-21 20:04:09 (17516378518203) STATS - 55.5, 0
2018-10-21 20:04:09 (17516378612105) STATS - 55.6, 0
2018-10-21 20:04:09 (17516378706108) STATS - 55.7, 0
2018-10-21 20:04:09 (17516378800911) STATS - 55.8, 0
2018-10-21 20:04:09 (17516378895414) STATS - 55.9, 0
2018-10-21 20:04:09 (17516378995017) STATS - 56.0, 0
2018-10-21 20:04:09 (17516379089819) STATS - 56.1, 1
2018-10-21 20:04:09 (17516379190922) STATS - 56.2, 0
2018-10-21 20:04:09 (17516379285925) STATS - 56.3, 0
2018-10-21 20:04:09 (17516385145396) STATS - 56.4, 0
2018-10-21 20:04:09 (17516385240699) STATS - 56.5, 0
2018-10-21 20:04:09 (17516385313401) STATS - 56.6, 1
2018-10-21 20:04:09 (17516385407204) STATS - 56.7, 0
2018-10-21 20:04:09 (17516385480106) STATS - 56.8, 0
2018-10-21 20:04:09 (17516385575209) STATS - 56.9, 0
2018-10-21 20:04:09 (17516385647211) STATS - 57.0, 0
2018-10-21 20:04:09 (17516385740914) STATS - 57.1, 0
2018-10-21 20:04:09 (17516385817916) STATS - 57.2, 0
2018-10-21 20:04:09 (17516385912919) STATS - 57.3, 0
2018-10-21 20:04:09 (17516386158726) STATS - 57.4, 0
2018-10-21 20:04:09 (17516386260029) STATS - 57.5, 0
2018-10-21 20:04:09 (17516386355232) STATS - 57.6, 0
2018-10-21 20:04:09 (17516386455035) STATS - 57.7, 0
2018-10-21 20:04:09 (17516386551637) STATS - 57.8, 0
2018-10-21 20:04:09 (17516386646740) STATS - 57.9, 0
2018-10-21 20:04:09 (17516386741543) STATS - 58.0, 0
2018-10-21 20:04:09 (17516386835246) STATS - 58.1, 0
2018-10-21 20:04:09 (17516386930149) STATS - 58.2, 0
2018-10-21 20:04:09 (17516387026351) STATS - 58.3, 0
2018-10-21 20:04:09 (17516387121654) STATS - 58.4, 0
2018-10-21 20:04:09 (17516387215757) STATS - 58.5, 0
2018-10-21 20:04:09 (17516387309560) STATS - 58.6, 0
2018-10-21 20:04:09 (17516387404062) STATS - 58.7, 0
2018-10-21 20:04:09 (17516387533466) STATS - 58.8, 0
2018-10-21 20:04:09 (17516387633969) STATS - 58.9, 0
2018-10-21 20:04:09 (17516387730572) STATS - 59.0, 0
2018-10-21 20:04:09 (17516387824575) STATS - 59.1, 0
2018-10-21 20:04:09 (17516387918377) STATS - 59.2, 0
2018-10-21 20:04:09 (17516388028881) STATS - 59.3, 0
2018-10-21 20:04:09 (17516388127283) STATS - 59.4, 0
2018-10-21 20:04:09 (17516388221786) STATS - 59.5, 0
2018-10-21 20:04:09 (17516388316089) STATS - 59.6, 0
2018-10-21 20:04:09 (17516388410292) STATS - 59.7, 0
2018-10-21 20:04:09 (17516388504995) STATS - 59.8, 0
2018-10-21 20:04:09 (17516388599597) STATS - 59.9, 0
2018-10-21 20:04:09 (17516388694800) STATS - 60.0, 0
2018-10-21 20:04:09 (17516388791203) STATS - 60.1, 0
2018-10-21 20:04:09 (17516388885506) STATS - 60.2, 0
2018-10-21 20:04:09 (17516388979808) STATS - 60.3, 0
2018-10-21 20:04:09 (17516389074111) STATS - 60.4, 0
2018-10-21 20:04:09 (17516389168814) STATS - 60.5, 0
2018-10-21 20:04:09 (17516389267217) STATS - 60.6, 0
2018-10-21 20:04:09 (17516395208190) STATS - 60.7, 0
2018-10-21 20:04:09 (17516395320194) STATS - 60.8, 0
2018-10-21 20:04:09 (17516395417196) STATS - 60.9, 0
2018-10-21 20:04:09 (17516395516499) STATS - 61.0, 0
2018-10-21 20:04:09 (17516395611302) STATS - 61.1, 0
2018-10-21 20:04:09 (17516395705105) STATS - 61.2, 0
2018-10-21 20:04:09 (17516395798808) STATS - 61.3, 0
2018-10-21 20:04:09 (17516395893110) STATS - 61.4, 0
2018-10-21 20:04:09 (17516395987113) STATS - 61.5, 0
2018-10-21 20:04:09 (17516396098216) STATS - 61.6, 0
2018-10-21 20:04:09 (17516396173419) STATS - 61.7, 0
2018-10-21 20:04:09 (17516396275822) STATS - 61.8, 0
2018-10-21 20:04:09 (17516396471927) STATS - 61.9, 0
2018-10-21 20:04:09 (17516396580630) STATS - 62.0, 0
2018-10-21 20:04:09 (17516396652733) STATS - 62.1, 0
2018-10-21 20:04:09 (17516396787237) STATS - 62.2, 0
2018-10-21 20:04:09 (17516397183848) STATS - 62.3, 0
2018-10-21 20:04:09 (17516397322952) STATS - 62.4, 0
2018-10-21 20:04:09 (17516397404755) STATS - 62.5, 0
2018-10-21 20:04:09 (17516397499957) STATS - 62.6, 0
2018-10-21 20:04:09 (17516397571159) STATS - 62.7, 0
2018-10-21 20:04:09 (17516397664062) STATS - 62.8, 0
2018-10-21 20:04:09 (17516397804666) STATS - 62.9, 0
2018-10-21 20:04:09 (17516397931970) STATS - 63.0, 0
2018-10-21 20:04:09 (17516398011672) STATS - 63.1, 0
2018-10-21 20:04:09 (17516398112575) STATS - 63.2, 0
2018-10-21 20:04:09 (17516398189777) STATS - 63.3, 0
2018-10-21 20:04:09 (17516398282780) STATS - 63.4, 0
2018-10-21 20:04:09 (17516398353782) STATS - 63.5, 0
2018-10-21 20:04:09 (17516398445085) STATS - 63.6, 0
2018-10-21 20:04:09 (17516398532788) STATS - 63.7, 0
2018-10-21 20:04:09 (17516398629990) STATS - 63.8, 0
2018-10-21 20:04:09 (17516398779795) STATS - 63.9, 0
2018-10-21 20:04:09 (17516399080604) STATS - 64.0, 0
2018-10-21 20:04:09 (17516399237308) STATS - 64.1, 0
2018-10-21 20:04:09 (17516399359112) STATS - 64.2, 0
2018-10-21 20:04:09 (17516405228283) STATS - 64.3, 0
2018-10-21 20:04:09 (17516405374187) STATS - 64.4, 0
2018-10-21 20:04:09 (17516405468090) STATS - 64.5, 0
2018-10-21 20:04:09 (17516405534792) STATS - 64.6, 0
2018-10-21 20:04:09 (17516405621695) STATS - 64.7, 0
2018-10-21 20:04:09 (17516405687297) STATS - 64.8, 0
2018-10-21 20:04:09 (17516405774199) STATS - 64.9, 0
2018-10-21 20:04:09 (17516405839801) STATS - 65.0, 0
2018-10-21 20:04:09 (17516405926904) STATS - 65.1, 0
2018-10-21 20:04:09 (17516405997506) STATS - 65.2, 0
2018-10-21 20:04:09 (17516406128109) STATS - 65.3, 0
2018-10-21 20:04:09 (17516406222612) STATS - 65.4, 0
2018-10-21 20:04:09 (17516406287414) STATS - 65.5, 0
2018-10-21 20:04:09 (17516406374317) STATS - 65.6, 0
2018-10-21 20:04:09 (17516406439719) STATS - 65.7, 0
2018-10-21 20:04:09 (17516406531221) STATS - 65.8, 0
2018-10-21 20:04:09 (17516406618424) STATS - 65.9, 0
2018-10-21 20:04:09 (17516406709726) STATS - 66.0, 0
2018-10-21 20:04:09 (17516406847130) STATS - 66.1, 0
2018-10-21 20:04:09 (17516406939833) STATS - 66.2, 0
2018-10-21 20:04:09 (17516407027636) STATS - 66.3, 0
2018-10-21 20:04:09 (17516407115538) STATS - 66.4, 0
2018-10-21 20:04:09 (17516407207941) STATS - 66.5, 0
2018-10-21 20:04:09 (17516407296244) STATS - 66.6, 0
2018-10-21 20:04:09 (17516407389346) STATS - 66.7, 0
2018-10-21 20:04:09 (17516407477749) STATS - 66.8, 0
2018-10-21 20:04:09 (17516407565251) STATS - 66.9, 0
2018-10-21 20:04:09 (17516407653354) STATS - 67.0, 0
2018-10-21 20:04:09 (17516407741457) STATS - 67.1, 0
2018-10-21 20:04:09 (17516407829259) STATS - 67.2, 0
2018-10-21 20:04:09 (17516407916262) STATS - 67.3, 0
2018-10-21 20:04:09 (17516408018765) STATS - 67.4, 0
2018-10-21 20:04:09 (17516408109167) STATS - 67.5, 0
2018-10-21 20:04:09 (17516408238271) STATS - 67.6, 0
2018-10-21 20:04:09 (17516408306573) STATS - 67.7, 0
2018-10-21 20:04:09 (17516408370175) STATS - 67.8, 0
2018-10-21 20:04:09 (17516408439677) STATS - 67.9, 0
2018-10-21 20:04:09 (17516408504979) STATS - 68.0, 0
2018-10-21 20:04:09 (17516408574681) STATS - 68.1, 0
2018-10-21 20:04:09 (17516408639483) STATS - 68.2, 0
2018-10-21 20:04:09 (17516408703785) STATS - 68.3, 0
2018-10-21 20:04:09 (17516408791587) STATS - 68.4, 0
2018-10-21 20:04:09 (17516408877690) STATS - 68.5, 0
2018-10-21 20:04:09 (17516408964792) STATS - 68.6, 0
2018-10-21 20:04:09 (17516409051295) STATS - 68.7, 0
2018-10-21 20:04:09 (17516409138197) STATS - 68.8, 0
2018-10-21 20:04:09 (17516414925666) STATS - 68.9, 0
2018-10-21 20:04:09 (17516415019169) STATS - 69.0, 0
2018-10-21 20:04:09 (17516415152673) STATS - 69.1, 0
2018-10-21 20:04:09 (17516415219475) STATS - 69.2, 0
2018-10-21 20:04:09 (17516415305978) STATS - 69.3, 0
2018-10-21 20:04:09 (17516415380680) STATS - 69.4, 0
2018-10-21 20:04:09 (17516415468282) STATS - 69.5, 0
2018-10-21 20:04:09 (17516415533584) STATS - 69.6, 0
2018-10-21 20:04:09 (17516415619287) STATS - 69.7, 0
2018-10-21 20:04:09 (17516415684489) STATS - 69.8, 0
2018-10-21 20:04:09 (17516415770091) STATS - 69.9, 0
2018-10-21 20:04:09 (17516415848393) STATS - 70.0, 0
2018-10-21 20:04:09 (17516415942796) STATS - 70.1, 0
2018-10-21 20:04:09 (17516416027799) STATS - 70.2, 0
2018-10-21 20:04:09 (17516416118801) STATS - 70.3, 0
2018-10-21 20:04:09 (17516416184403) STATS - 70.4, 0
2018-10-21 20:04:09 (17516416269806) STATS - 70.5, 0
2018-10-21 20:04:09 (17516416357008) STATS - 70.6, 0
2018-10-21 20:04:09 (17516416443511) STATS - 70.7, 0
2018-10-21 20:04:09 (17516416530513) STATS - 70.8, 0
2018-10-21 20:04:09 (17516416617416) STATS - 70.9, 0
2018-10-21 20:04:09 (17516416704618) STATS - 71.0, 0
2018-10-21 20:04:09 (17516416792021) STATS - 71.1, 0
2018-10-21 20:04:09 (17516416877924) STATS - 71.2, 0
2018-10-21 20:04:09 (17516416964326) STATS - 71.3, 0
2018-10-21 20:04:09 (17516417051029) STATS - 71.4, 0
2018-10-21 20:04:09 (17516417137131) STATS - 71.5, 0
2018-10-21 20:04:09 (17516417223734) STATS - 71.6, 0
2018-10-21 20:04:09 (17516417481841) STATS - 71.7, 0
2018-10-21 20:04:09 (17516417573744) STATS - 71.8, 0
2018-10-21 20:04:09 (17516417661146) STATS - 71.9, 0
2018-10-21 20:04:09 (17516417748649) STATS - 72.0, 0
2018-10-21 20:04:09 (17516417836052) STATS - 72.1, 0
2018-10-21 20:04:09 (17516417923354) STATS - 72.2, 0
2018-10-21 20:04:09 (17516418112460) STATS - 72.3, 0
2018-10-21 20:04:09 (17516418201062) STATS - 72.4, 0
2018-10-21 20:04:09 (17516418304365) STATS - 72.5, 0
2018-10-21 20:04:09 (17516418403768) STATS - 72.6, 0
2018-10-21 20:04:09 (17516418491071) STATS - 72.7, 0
2018-10-21 20:04:09 (17516418660076) STATS - 72.8, 0
2018-10-21 20:04:09 (17516418753578) STATS - 72.9, 0
2018-10-21 20:04:09 (17516418845581) STATS - 73.0, 0
2018-10-21 20:04:09 (17516418913383) STATS - 73.1, 0
2018-10-21 20:04:09 (17516418977585) STATS - 73.2, 0
2018-10-21 20:04:09 (17516419042187) STATS - 73.3, 0
2018-10-21 20:04:09 (17516419105689) STATS - 73.4, 0
2018-10-21 20:04:09 (17516424908358) STATS - 73.5, 0
2018-10-21 20:04:09 (17516424981760) STATS - 73.6, 0
2018-10-21 20:04:09 (17516425068963) STATS - 73.7, 0
2018-10-21 20:04:09 (17516425134065) STATS - 73.8, 0
2018-10-21 20:04:09 (17516425220167) STATS - 73.9, 0
2018-10-21 20:04:09 (17516425285769) STATS - 74.0, 0
2018-10-21 20:04:09 (17516425371972) STATS - 74.1, 0
2018-10-21 20:04:09 (17516425436374) STATS - 74.2, 0
2018-10-21 20:04:09 (17516425521676) STATS - 74.3, 0
2018-10-21 20:04:09 (17516425585978) STATS - 74.4, 0
2018-10-21 20:04:09 (17516425670580) STATS - 74.5, 0
2018-10-21 20:04:09 (17516425740282) STATS - 74.6, 0
2018-10-21 20:04:09 (17516425827685) STATS - 74.7, 0
2018-10-21 20:04:09 (17516425893187) STATS - 74.8, 0
2018-10-21 20:04:09 (17516425999690) STATS - 74.9, 0
2018-10-21 20:04:09 (17516426065392) STATS - 75.0, 0
2018-10-21 20:04:09 (17516426229297) STATS - 75.1, 0
2018-10-21 20:04:09 (17516426534906) STATS - 75.2, 0
2018-10-21 20:04:09 (17516426680710) STATS - 75.3, 0
2018-10-21 20:04:09 (17516426839815) STATS - 75.4, 0
2018-10-21 20:04:09 (17516426981219) STATS - 75.5, 0
2018-10-21 20:04:09 (17516427066921) STATS - 75.6, 0
2018-10-21 20:04:09 (17516427132023) STATS - 75.7, 0
2018-10-21 20:04:09 (17516427196925) STATS - 75.8, 0
2018-10-21 20:04:09 (17516427261027) STATS - 75.9, 0
2018-10-21 20:04:09 (17516427325629) STATS - 76.0, 0
2018-10-21 20:04:09 (17516427392631) STATS - 76.1, 0
2018-10-21 20:04:09 (17516427473533) STATS - 76.2, 0
2018-10-21 20:04:09 (17516427541735) STATS - 76.3, 0
2018-10-21 20:04:09 (17516427605437) STATS - 76.4, 0
2018-10-21 20:04:09 (17516427668939) STATS - 76.5, 0
2018-10-21 20:04:09 (17516427732241) STATS - 76.6, 0
2018-10-21 20:04:09 (17516427795343) STATS - 76.7, 0
2018-10-21 20:04:09 (17516427870745) STATS - 76.8, 0
2018-10-21 20:04:09 (17516427938347) STATS - 76.9, 0
2018-10-21 20:04:09 (17516428020849) STATS - 77.0, 0
2018-10-21 20:04:09 (17516428119752) STATS - 77.1, 0
2018-10-21 20:04:09 (17516428188754) STATS - 77.2, 0
2018-10-21 20:04:09 (17516428255656) STATS - 77.3, 0
2018-10-21 20:04:09 (17516428319958) STATS - 77.4, 0
2018-10-21 20:04:09 (17516428382360) STATS - 77.5, 0
2018-10-21 20:04:09 (17516428444961) STATS - 77.6, 0
2018-10-21 20:04:09 (17516428507163) STATS - 77.7, 0
2018-10-21 20:04:09 (17516428570365) STATS - 77.8, 0
2018-10-21 20:04:09 (17516428632367) STATS - 77.9, 0
2018-10-21 20:04:09 (17516428694369) STATS - 78.0, 0
2018-10-21 20:04:09 (17516428756871) STATS - 78.1, 0
2018-10-21 20:04:09 (17516428818472) STATS - 78.2, 0
2018-10-21 20:04:09 (17516428884374) STATS - 78.3, 0
2018-10-21 20:04:09 (17516434781847) STATS - 78.4, 0
2018-10-21 20:04:09 (17516434915751) STATS - 78.5, 0
2018-10-21 20:04:09 (17516435006353) STATS - 78.6, 0
2018-10-21 20:04:09 (17516435091856) STATS - 78.7, 0
2018-10-21 20:04:09 (17516435154458) STATS - 78.8, 0
2018-10-21 20:04:09 (17516435295762) STATS - 78.9, 0
2018-10-21 20:04:09 (17516435359464) STATS - 79.0, 0
2018-10-21 20:04:09 (17516435443266) STATS - 79.1, 0
2018-10-21 20:04:09 (17516435503768) STATS - 79.2, 0
2018-10-21 20:04:09 (17516435586270) STATS - 79.3, 0
2018-10-21 20:04:09 (17516435653072) STATS - 79.4, 0
2018-10-21 20:04:09 (17516435741375) STATS - 79.5, 0
2018-10-21 20:04:09 (17516435807877) STATS - 79.6, 0
2018-10-21 20:04:09 (17516435891179) STATS - 79.7, 0
2018-10-21 20:04:09 (17516435975282) STATS - 79.8, 0
2018-10-21 20:04:09 (17516436077484) STATS - 79.9, 0
2018-10-21 20:04:09 (17516436159087) STATS - 80.0, 0
2018-10-21 20:04:09 (17516436266190) STATS - 80.1, 0
2018-10-21 20:04:09 (17516436328292) STATS - 80.2, 0
2018-10-21 20:04:09 (17516436389094) STATS - 80.3, 0
2018-10-21 20:04:09 (17516436449395) STATS - 80.4, 0
2018-10-21 20:04:09 (17516436530898) STATS - 80.5, 0
2018-10-21 20:04:09 (17516436592100) STATS - 80.6, 0
2018-10-21 20:04:09 (17516436712403) STATS - 80.7, 0
2018-10-21 20:04:09 (17516436773505) STATS - 80.8, 0
2018-10-21 20:04:09 (17516436855207) STATS - 80.9, 0
2018-10-21 20:04:09 (17516436958910) STATS - 81.0, 0
2018-10-21 20:04:09 (17516437031312) STATS - 81.1, 0
2018-10-21 20:04:09 (17516437093414) STATS - 81.2, 0
2018-10-21 20:04:09 (17516437176617) STATS - 81.3, 0
2018-10-21 20:04:09 (17516437258919) STATS - 81.4, 0
2018-10-21 20:04:09 (17516437341821) STATS - 81.5, 0
2018-10-21 20:04:09 (17516437430224) STATS - 81.6, 0
2018-10-21 20:04:09 (17516437513726) STATS - 81.7, 0
2018-10-21 20:04:09 (17516437598329) STATS - 81.8, 0
2018-10-21 20:04:09 (17516437681731) STATS - 81.9, 0
2018-10-21 20:04:09 (17516437764634) STATS - 82.0, 0
2018-10-21 20:04:09 (17516437847836) STATS - 82.1, 0
2018-10-21 20:04:09 (17516437930939) STATS - 82.2, 0
2018-10-21 20:04:09 (17516438014441) STATS - 82.3, 0
2018-10-21 20:04:09 (17516438148245) STATS - 82.4, 0
2018-10-21 20:04:09 (17516438233447) STATS - 82.5, 0
2018-10-21 20:04:09 (17516438317250) STATS - 82.6, 0
2018-10-21 20:04:09 (17516438399552) STATS - 82.7, 0
2018-10-21 20:04:09 (17516438483055) STATS - 82.8, 0
2018-10-21 20:04:09 (17516438572757) STATS - 82.9, 0
2018-10-21 20:04:09 (17516444229523) STATS - 83.0, 0
2018-10-21 20:04:09 (17516444342126) STATS - 83.1, 0
2018-10-21 20:04:09 (17516444427028) STATS - 83.2, 0
2018-10-21 20:04:09 (17516444486930) STATS - 83.3, 0
2018-10-21 20:04:09 (17516444566933) STATS - 83.4, 0
2018-10-21 20:04:09 (17516444624934) STATS - 83.5, 0
2018-10-21 20:04:09 (17516444703837) STATS - 83.6, 0
2018-10-21 20:04:09 (17516444834840) STATS - 83.7, 0
2018-10-21 20:04:09 (17516444921943) STATS - 83.8, 0
2018-10-21 20:04:09 (17516445002245) STATS - 83.9, 0
2018-10-21 20:04:09 (17516445060747) STATS - 84.0, 0
2018-10-21 20:04:09 (17516445140049) STATS - 84.1, 0
2018-10-21 20:04:09 (17516445198051) STATS - 84.2, 0
2018-10-21 20:04:09 (17516445277053) STATS - 84.3, 0
2018-10-21 20:04:09 (17516445357156) STATS - 84.4, 0
2018-10-21 20:04:09 (17516445462259) STATS - 84.5, 0
2018-10-21 20:04:09 (17516445541461) STATS - 84.6, 0
2018-10-21 20:04:09 (17516445621163) STATS - 84.7, 0
2018-10-21 20:04:09 (17516445704566) STATS - 84.8, 0
2018-10-21 20:04:09 (17516445784368) STATS - 84.9, 0
2018-10-21 20:04:09 (17516445863970) STATS - 85.0, 0
2018-10-21 20:04:09 (17516445943273) STATS - 85.1, 0
2018-10-21 20:04:09 (17516446022175) STATS - 85.2, 0
2018-10-21 20:04:09 (17516446101377) STATS - 85.3, 0
2018-10-21 20:04:09 (17516446180080) STATS - 85.4, 0
2018-10-21 20:04:09 (17516446259382) STATS - 85.5, 0
2018-10-21 20:04:09 (17516446391286) STATS - 85.6, 0
2018-10-21 20:04:09 (17516446469188) STATS - 85.7, 0
2018-10-21 20:04:09 (17516446546990) STATS - 85.8, 0
2018-10-21 20:04:09 (17516446624493) STATS - 85.9, 0
2018-10-21 20:04:09 (17516446705295) STATS - 86.0, 0
2018-10-21 20:04:09 (17516446782597) STATS - 86.1, 0
2018-10-21 20:04:09 (17516446860400) STATS - 86.2, 0
2018-10-21 20:04:09 (17516446937802) STATS - 86.3, 0
2018-10-21 20:04:09 (17516447020804) STATS - 86.4, 0
2018-10-21 20:04:09 (17516447097906) STATS - 86.5, 0
2018-10-21 20:04:09 (17516447180409) STATS - 86.6, 0
2018-10-21 20:04:09 (17516447256911) STATS - 86.7, 0
2018-10-21 20:04:09 (17516447333913) STATS - 86.8, 0
2018-10-21 20:04:09 (17516447410716) STATS - 86.9, 0
2018-10-21 20:04:09 (17516447487318) STATS - 87.0, 0
2018-10-21 20:04:09 (17516447601321) STATS - 87.1, 0
2018-10-21 20:04:09 (17516447680824) STATS - 87.2, 0
2018-10-21 20:04:09 (17516447757626) STATS - 87.3, 0
2018-10-21 20:04:09 (17516447834928) STATS - 87.4, 0
2018-10-21 20:04:09 (17516447911530) STATS - 87.5, 0
2018-10-21 20:04:09 (17516447989033) STATS - 87.6, 0
2018-10-21 20:04:09 (17516453611997) STATS - 87.7, 0
2018-10-21 20:04:09 (17516453696899) STATS - 87.8, 0
2018-10-21 20:04:09 (17516453800202) STATS - 87.9, 0
2018-10-21 20:04:09 (17516453950207) STATS - 88.0, 0
2018-10-21 20:04:09 (17516454034009) STATS - 88.1, 0
2018-10-21 20:04:09 (17516454112111) STATS - 88.2, 0
2018-10-21 20:04:09 (17516454223915) STATS - 88.3, 0
2018-10-21 20:04:09 (17516454310317) STATS - 88.4, 0
2018-10-21 20:04:09 (17516454392420) STATS - 88.5, 0
2018-10-21 20:04:09 (17516454471022) STATS - 88.6, 0
2018-10-21 20:04:09 (17516454551124) STATS - 88.7, 0
2018-10-21 20:04:09 (17516454673128) STATS - 88.8, 0
2018-10-21 20:04:09 (17516454757630) STATS - 88.9, 0
2018-10-21 20:04:09 (17516454834333) STATS - 89.0, 0
2018-10-21 20:04:09 (17516454911235) STATS - 89.1, 0
2018-10-21 20:04:09 (17516454987637) STATS - 89.2, 0
2018-10-21 20:04:09 (17516455063939) STATS - 89.3, 0
2018-10-21 20:04:09 (17516455164442) STATS - 89.4, 0
2018-10-21 20:04:09 (17516455261445) STATS - 89.5, 0
2018-10-21 20:04:09 (17516455356848) STATS - 89.6, 0
2018-10-21 20:04:09 (17516455437750) STATS - 89.7, 0
2018-10-21 20:04:09 (17516455534553) STATS - 89.8, 0
2018-10-21 20:04:09 (17516455613855) STATS - 89.9, 0
2018-10-21 20:04:09 (17516455692658) STATS - 90.0, 0
2018-10-21 20:04:09 (17516455796061) STATS - 90.1, 0
2018-10-21 20:04:09 (17516455872263) STATS - 90.2, 0
2018-10-21 20:04:09 (17516455947265) STATS - 90.3, 0
2018-10-21 20:04:09 (17516456065268) STATS - 90.4, 0
2018-10-21 20:04:09 (17516456140971) STATS - 90.5, 0
2018-10-21 20:04:09 (17516456239374) STATS - 90.6, 0
2018-10-21 20:04:09 (17516456314676) STATS - 90.7, 0
2018-10-21 20:04:09 (17516456389278) STATS - 90.8, 0
2018-10-21 20:04:09 (17516456463680) STATS - 90.9, 0
2018-10-21 20:04:09 (17516456538182) STATS - 91.0, 0
2018-10-21 20:04:09 (17516456612484) STATS - 91.1, 0
2018-10-21 20:04:09 (17516456685887) STATS - 91.2, 0
2018-10-21 20:04:09 (17516456759989) STATS - 91.3, 0
2018-10-21 20:04:09 (17516456867392) STATS - 91.4, 0
2018-10-21 20:04:09 (17516456941094) STATS - 91.5, 0
2018-10-21 20:04:09 (17516457014396) STATS - 91.6, 0
2018-10-21 20:04:09 (17516457087398) STATS - 91.7, 0
2018-10-21 20:04:09 (17516457160700) STATS - 91.8, 0
2018-10-21 20:04:09 (17516457233303) STATS - 91.9, 0
2018-10-21 20:04:09 (17516457306505) STATS - 92.0, 0
2018-10-21 20:04:09 (17516457396807) STATS - 92.1, 0
2018-10-21 20:04:09 (17516463013372) STATS - 92.2, 0
2018-10-21 20:04:09 (17516463075473) STATS - 92.3, 0
2018-10-21 20:04:09 (17516463122375) STATS - 92.4, 0
2018-10-21 20:04:09 (17516463167376) STATS - 92.5, 0
2018-10-21 20:04:09 (17516463212977) STATS - 92.6, 0
2018-10-21 20:04:09 (17516463258179) STATS - 92.7, 0
2018-10-21 20:04:09 (17516463304180) STATS - 92.8, 0
2018-10-21 20:04:09 (17516463349481) STATS - 92.9, 0
2018-10-21 20:04:09 (17516463395483) STATS - 93.0, 0
2018-10-21 20:04:09 (17516463441484) STATS - 93.1, 0
2018-10-21 20:04:09 (17516463486485) STATS - 93.2, 0
2018-10-21 20:04:09 (17516463531987) STATS - 93.3, 0
2018-10-21 20:04:09 (17516463577088) STATS - 93.4, 0
2018-10-21 20:04:09 (17516463621889) STATS - 93.5, 0
2018-10-21 20:04:09 (17516463667091) STATS - 93.6, 0
2018-10-21 20:04:09 (17516463711992) STATS - 93.7, 0
2018-10-21 20:04:09 (17516463757893) STATS - 93.8, 0
2018-10-21 20:04:09 (17516463802395) STATS - 93.9, 0
2018-10-21 20:04:09 (17516463847496) STATS - 94.0, 0
2018-10-21 20:04:09 (17516463932698) STATS - 94.1, 0
2018-10-21 20:04:09 (17516463987600) STATS - 94.2, 0
2018-10-21 20:04:09 (17516464055202) STATS - 94.3, 0
2018-10-21 20:04:09 (17516464101803) STATS - 94.4, 0
2018-10-21 20:04:09 (17516464258208) STATS - 94.5, 0
2018-10-21 20:04:09 (17516464312709) STATS - 94.6, 0
2018-10-21 20:04:09 (17516464359411) STATS - 94.7, 0
2018-10-21 20:04:09 (17516464404712) STATS - 94.8, 0
2018-10-21 20:04:09 (17516464450413) STATS - 94.9, 0
2018-10-21 20:04:09 (17516464496015) STATS - 95.0, 0
2018-10-21 20:04:09 (17516464543116) STATS - 95.1, 0
2018-10-21 20:04:09 (17516464588418) STATS - 95.2, 0
2018-10-21 20:04:09 (17516464634119) STATS - 95.3, 0
2018-10-21 20:04:09 (17516464679220) STATS - 95.4, 0
2018-10-21 20:04:09 (17516464723921) STATS - 95.5, 0
2018-10-21 20:04:09 (17516464769623) STATS - 95.6, 0
2018-10-21 20:04:09 (17516464815024) STATS - 95.7, 0
2018-10-21 20:04:09 (17516464860425) STATS - 95.8, 0
2018-10-21 20:04:09 (17516464905727) STATS - 95.9, 0
2018-10-21 20:04:09 (17516464951628) STATS - 96.0, 0
2018-10-21 20:04:09 (17516464997429) STATS - 96.1, 0
2018-10-21 20:04:09 (17516465042831) STATS - 96.2, 0
2018-10-21 20:04:09 (17516465088732) STATS - 96.3, 0
2018-10-21 20:04:09 (17516465134433) STATS - 96.4, 0
2018-10-21 20:04:09 (17516465179335) STATS - 96.5, 0
2018-10-21 20:04:09 (17516465224736) STATS - 96.6, 0
2018-10-21 20:04:09 (17516465270937) STATS - 96.7, 0
2018-10-21 20:04:09 (17516465316739) STATS - 96.8, 0
2018-10-21 20:04:09 (17516465362240) STATS - 96.9, 0
2018-10-21 20:04:09 (17516465407541) STATS - 97.0, 0
2018-10-21 20:04:09 (17516465459043) STATS - 97.1, 0
2018-10-21 20:04:09 (17516465504844) STATS - 97.2, 0
2018-10-21 20:04:09 (17516465550846) STATS - 97.3, 0
2018-10-21 20:04:09 (17516465596447) STATS - 97.4, 0
2018-10-21 20:04:09 (17516465641248) STATS - 97.5, 0
2018-10-21 20:04:09 (17516465693850) STATS - 97.6, 0
2018-10-21 20:04:09 (17516465740151) STATS - 97.7, 0
2018-10-21 20:04:09 (17516465834654) STATS - 97.8, 0
2018-10-21 20:04:09 (17516465881255) STATS - 97.9, 0
2018-10-21 20:04:09 (17516466291367) STATS - 98.0, 0
2018-10-21 20:04:09 (17516466344669) STATS - 98.1, 0
2018-10-21 20:04:09 (17516466388870) STATS - 98.2, 0
2018-10-21 20:04:09 (17516466432671) STATS - 98.3, 0
2018-10-21 20:04:09 (17516466480473) STATS - 98.4, 0
2018-10-21 20:04:09 (17516466547675) STATS - 98.5, 0
2018-10-21 20:04:09 (17516466593576) STATS - 98.6, 0
2018-10-21 20:04:09 (17516466659278) STATS - 98.7, 0
2018-10-21 20:04:09 (17516466707079) STATS - 98.8, 0
2018-10-21 20:04:09 (17516466772781) STATS - 98.9, 0
2018-10-21 20:04:09 (17516466818083) STATS - 99.0, 0
2018-10-21 20:04:09 (17516466884185) STATS - 99.1, 0
2018-10-21 20:04:09 (17516472471648) STATS - 99.2, 0
2018-10-21 20:04:09 (17516472636753) STATS - 99.3, 0
2018-10-21 20:04:09 (17516472711755) STATS - 99.4, 0
2018-10-21 20:04:09 (17516472778157) STATS - 99.5, 0
2018-10-21 20:04:09 (17516472844259) STATS - 99.6, 0
2018-10-21 20:04:09 (17516472889960) STATS - 99.7, 0
2018-10-21 20:04:09 (17516472940162) STATS - 99.8, 0
2018-10-21 20:04:09 (17516473047565) STATS - 99.9, 0
2018-10-21 20:04:09 (17516473121967) STATS - 100.0, 0
2018-10-21 20:04:09 (17516473168768) STATS - 100.1, 0
2018-10-21 20:04:09 (17516473215870) STATS - 100.2, 0
2018-10-21 20:04:09 (17516473281072) STATS - 100.3, 0
2018-10-21 20:04:09 (17516473325773) STATS - 100.4, 0
2018-10-21 20:04:09 (17516473390575) STATS - 100.5, 0
2018-10-21 20:04:09 (17516473457077) STATS - 100.6, 0
2018-10-21 20:04:09 (17516473552179) STATS - 100.7, 0
2018-10-21 20:04:09 (17516473640982) STATS - 100.8, 0
2018-10-21 20:04:09 (17516473689483) STATS - 100.9, 0
2018-10-21 20:04:09 (17516473756485) STATS - 101.0, 0
2018-10-21 20:04:09 (17516473801887) STATS - 101.1, 0
2018-10-21 20:04:09 (17516473867789) STATS - 101.2, 0
2018-10-21 20:04:09 (17516473931891) STATS - 101.3, 0
2018-10-21 20:04:09 (17516474003793) STATS - 101.4, 0
2018-10-21 20:04:09 (17516474047794) STATS - 101.5, 0
2018-10-21 20:04:09 (17516474090895) STATS - 101.6, 0
2018-10-21 20:04:09 (17516474175398) STATS - 101.7, 0
2018-10-21 20:04:09 (17516474245700) STATS - 101.8, 0
2018-10-21 20:04:09 (17516474290001) STATS - 101.9, 0
2018-10-21 20:04:09 (17516474355303) STATS - 102.0, 0
2018-10-21 20:04:09 (17516474408104) STATS - 102.1, 0
2018-10-21 20:04:09 (17516474489907) STATS - 102.2, 0
2018-10-21 20:04:09 (17516474562809) STATS - 102.3, 0
2018-10-21 20:04:09 (17516474627811) STATS - 102.4, 0
2018-10-21 20:04:09 (17516474724414) STATS - 102.5, 0
2018-10-21 20:04:09 (17516474796416) STATS - 102.6, 0
2018-10-21 20:04:09 (17516474861718) STATS - 102.7, 0
2018-10-21 20:04:09 (17516474926720) STATS - 102.8, 0
2018-10-21 20:04:09 (17516474990721) STATS - 102.9, 0
2018-10-21 20:04:09 (17516475055823) STATS - 103.0, 0
2018-10-21 20:04:09 (17516475159926) STATS - 103.1, 0
2018-10-21 20:04:09 (17516475247729) STATS - 103.2, 0
2018-10-21 20:04:09 (17516475299530) STATS - 103.3, 0
2018-10-21 20:04:09 (17516475363532) STATS - 103.4, 0
2018-10-21 20:04:09 (17516475426434) STATS - 103.5, 0
2018-10-21 20:04:09 (17516475490136) STATS - 103.6, 0
2018-10-21 20:04:09 (17516475598339) STATS - 103.7, 0
2018-10-21 20:04:09 (17516475673441) STATS - 103.8, 0
2018-10-21 20:04:09 (17516475738143) STATS - 103.9, 0
2018-10-21 20:04:09 (17516475782345) STATS - 104.0, 0
2018-10-21 20:04:09 (17516475827346) STATS - 104.1, 0
2018-10-21 20:04:09 (17516475895148) STATS - 104.2, 0
2018-10-21 20:04:09 (17516475960850) STATS - 104.3, 0
2018-10-21 20:04:09 (17516476041552) STATS - 104.4, 0
2018-10-21 20:04:09 (17516476110454) STATS - 104.5, 0
2018-10-21 20:04:09 (17516476175656) STATS - 104.6, 0
2018-10-21 20:04:09 (17516476238758) STATS - 104.7, 0
2018-10-21 20:04:09 (17516476302660) STATS - 104.8, 0
2018-10-21 20:04:09 (17516482201532) STATS - 104.9, 0
2018-10-21 20:04:09 (17516482292835) STATS - 105.0, 0
2018-10-21 20:04:09 (17516482339136) STATS - 105.1, 0
2018-10-21 20:04:09 (17516482381137) STATS - 105.2, 0
2018-10-21 20:04:09 (17516482446139) STATS - 105.3, 0
2018-10-21 20:04:09 (17516482489441) STATS - 105.4, 0
2018-10-21 20:04:09 (17516482530442) STATS - 105.5, 0
2018-10-21 20:04:09 (17516482575043) STATS - 105.6, 0
2018-10-21 20:04:09 (17516482637945) STATS - 105.7, 0
2018-10-21 20:04:09 (17516482681746) STATS - 105.8, 0
2018-10-21 20:04:09 (17516482723247) STATS - 105.9, 0
2018-10-21 20:04:09 (17516482786349) STATS - 106.0, 0
2018-10-21 20:04:09 (17516482830051) STATS - 106.1, 0
2018-10-21 20:04:09 (17516482874752) STATS - 106.2, 0
2018-10-21 20:04:09 (17516482938154) STATS - 106.3, 0
2018-10-21 20:04:09 (17516482981055) STATS - 106.4, 0
2018-10-21 20:04:09 (17516483025956) STATS - 106.5, 0
2018-10-21 20:04:09 (17516483088258) STATS - 106.6, 0
2018-10-21 20:04:09 (17516483131259) STATS - 106.7, 0
2018-10-21 20:04:09 (17516483176461) STATS - 106.8, 0
2018-10-21 20:04:09 (17516483239062) STATS - 106.9, 0
2018-10-21 20:04:09 (17516483281664) STATS - 107.0, 0
2018-10-21 20:04:09 (17516483329365) STATS - 107.1, 0
2018-10-21 20:04:09 (17516483399267) STATS - 107.2, 0
2018-10-21 20:04:09 (17516483442568) STATS - 107.3, 0
2018-10-21 20:04:09 (17516483487370) STATS - 107.4, 0
2018-10-21 20:04:09 (17516483549572) STATS - 107.5, 0
2018-10-21 20:04:09 (17516483592073) STATS - 107.6, 0
2018-10-21 20:04:09 (17516483655175) STATS - 107.7, 0
2018-10-21 20:04:09 (17516483701776) STATS - 107.8, 0
2018-10-21 20:04:09 (17516483764478) STATS - 107.9, 0
2018-10-21 20:04:09 (17516483807379) STATS - 108.0, 0
2018-10-21 20:04:09 (17516483874781) STATS - 108.1, 0
2018-10-21 20:04:09 (17516483939283) STATS - 108.2, 0
2018-10-21 20:04:09 (17516484016985) STATS - 108.3, 0
2018-10-21 20:04:09 (17516484085087) STATS - 108.4, 0
2018-10-21 20:04:09 (17516484149989) STATS - 108.5, 0
2018-10-21 20:04:09 (17516484253592) STATS - 108.6, 0
2018-10-21 20:04:09 (17516484319894) STATS - 108.7, 0
2018-10-21 20:04:09 (17516484383596) STATS - 108.8, 0
2018-10-21 20:04:09 (17516484446998) STATS - 108.9, 0
2018-10-21 20:04:09 (17516484510700) STATS - 109.0, 0
2018-10-21 20:04:09 (17516484555601) STATS - 109.1, 0
2018-10-21 20:04:09 (17516484619003) STATS - 109.2, 0
2018-10-21 20:04:09 (17516484717106) STATS - 109.3, 0
2018-10-21 20:04:09 (17516484791708) STATS - 109.4, 0
2018-10-21 20:04:09 (17516484834309) STATS - 109.5, 0
2018-10-21 20:04:09 (17516484879010) STATS - 109.6, 0
2018-10-21 20:04:09 (17516484941012) STATS - 109.7, 0
2018-10-21 20:04:09 (17516484983713) STATS - 109.8, 0
2018-10-21 20:04:09 (17516485028015) STATS - 109.9, 0
2018-10-21 20:04:09 (17516485090817) STATS - 110.0, 0
2018-10-21 20:04:09 (17516485137118) STATS - 110.1, 0
2018-10-21 20:04:09 (17516485200920) STATS - 110.2, 0
2018-10-21 20:04:09 (17516485243521) STATS - 110.3, 0
2018-10-21 20:04:09 (17516485284522) STATS - 110.4, 0
2018-10-21 20:04:09 (17516485345924) STATS - 110.5, 0
2018-10-21 20:04:09 (17516485387725) STATS - 110.6, 0
2018-10-21 20:04:09 (17516485431927) STATS - 110.7, 0
2018-10-21 20:04:09 (17516485492928) STATS - 110.8, 0
2018-10-21 20:04:09 (17516485535330) STATS - 110.9, 0
2018-10-21 20:04:09 (17516485579731) STATS - 111.0, 0
2018-10-21 20:04:09 (17516485642433) STATS - 111.1, 0
2018-10-21 20:04:09 (17516485684034) STATS - 111.2, 0
2018-10-21 20:04:09 (17516485724335) STATS - 111.3, 0
2018-10-21 20:04:09 (17516485785737) STATS - 111.4, 0
2018-10-21 20:04:09 (17516485827638) STATS - 111.5, 0
2018-10-21 20:04:09 (17516485872039) STATS - 111.6, 0
2018-10-21 20:04:09 (17516485933741) STATS - 111.7, 0
2018-10-21 20:04:09 (17516485975342) STATS - 111.8, 0
2018-10-21 20:04:09 (17516486037544) STATS - 111.9, 0
2018-10-21 20:04:09 (17516486089546) STATS - 112.0, 0
2018-10-21 20:04:09 (17516486151948) STATS - 112.1, 0
2018-10-21 20:04:09 (17516486219950) STATS - 112.2, 0
2018-10-21 20:04:09 (17516486283151) STATS - 112.3, 0
2018-10-21 20:04:09 (17516491763512) STATS - 112.4, 0
2018-10-21 20:04:09 (17516491834714) STATS - 112.5, 0
2018-10-21 20:04:09 (17516491878315) STATS - 112.6, 0
2018-10-21 20:04:09 (17516491941017) STATS - 112.7, 0
2018-10-21 20:04:09 (17516492026819) STATS - 112.8, 0
2018-10-21 20:04:09 (17516492071221) STATS - 112.9, 0
2018-10-21 20:04:09 (17516492145923) STATS - 113.0, 0
2018-10-21 20:04:09 (17516492189624) STATS - 113.1, 0
2018-10-21 20:04:09 (17516492252126) STATS - 113.2, 0
2018-10-21 20:04:09 (17516492294327) STATS - 113.3, 0
2018-10-21 20:04:09 (17516492340028) STATS - 113.4, 0
2018-10-21 20:04:09 (17516492401830) STATS - 113.5, 0
2018-10-21 20:04:09 (17516492449032) STATS - 113.6, 0
2018-10-21 20:04:09 (17516492512133) STATS - 113.7, 0
2018-10-21 20:04:09 (17516492553935) STATS - 113.8, 0
2018-10-21 20:04:09 (17516492593636) STATS - 113.9, 0
2018-10-21 20:04:09 (17516492656238) STATS - 114.0, 0
2018-10-21 20:04:09 (17516492698839) STATS - 114.1, 0
2018-10-21 20:04:09 (17516492746040) STATS - 114.2, 0
2018-10-21 20:04:09 (17516492810042) STATS - 114.3, 0
2018-10-21 20:04:09 (17516492851443) STATS - 114.4, 0
2018-10-21 20:04:09 (17516492912845) STATS - 114.5, 0
2018-10-21 20:04:09 (17516492954346) STATS - 114.6, 0
2018-10-21 20:04:09 (17516492998848) STATS - 114.7, 0
2018-10-21 20:04:09 (17516493060849) STATS - 114.8, 0
2018-10-21 20:04:09 (17516493102551) STATS - 114.9, 0
2018-10-21 20:04:09 (17516493143052) STATS - 115.0, 0
2018-10-21 20:04:09 (17516493205954) STATS - 115.1, 0
2018-10-21 20:04:09 (17516493268655) STATS - 115.2, 0
2018-10-21 20:04:09 (17516493330557) STATS - 115.3, 0
2018-10-21 20:04:09 (17516493393159) STATS - 115.4, 0
2018-10-21 20:04:09 (17516493455661) STATS - 115.5, 0
2018-10-21 20:04:09 (17516493518163) STATS - 115.6, 0
2018-10-21 20:04:09 (17516493580565) STATS - 115.7, 0
2018-10-21 20:04:09 (17516493642966) STATS - 115.8, 0
2018-10-21 20:04:09 (17516493705768) STATS - 115.9, 0
2018-10-21 20:04:09 (17516493768770) STATS - 116.0, 0
2018-10-21 20:04:09 (17516493831472) STATS - 116.1, 0
2018-10-21 20:04:09 (17516493894274) STATS - 116.2, 0
2018-10-21 20:04:09 (17516494010477) STATS - 116.3, 0
2018-10-21 20:04:09 (17516494074279) STATS - 116.4, 0
2018-10-21 20:04:09 (17516494137081) STATS - 116.5, 0
2018-10-21 20:04:09 (17516494200083) STATS - 116.6, 0
2018-10-21 20:04:09 (17516494262685) STATS - 116.7, 0
2018-10-21 20:04:09 (17516494326286) STATS - 116.8, 0
2018-10-21 20:04:09 (17516494389388) STATS - 116.9, 0
2018-10-21 20:04:09 (17516494453590) STATS - 117.0, 0
2018-10-21 20:04:09 (17516494555593) STATS - 117.1, 0
2018-10-21 20:04:09 (17516494621495) STATS - 117.2, 0
2018-10-21 20:04:09 (17516494685397) STATS - 117.3, 0
2018-10-21 20:04:09 (17516494748099) STATS - 117.4, 0
2018-10-21 20:04:09 (17516494811601) STATS - 117.5, 0
2018-10-21 20:04:09 (17516494876002) STATS - 117.6, 0
2018-10-21 20:04:09 (17516494945404) STATS - 117.7, 0
2018-10-21 20:04:09 (17516495009406) STATS - 117.8, 0
2018-10-21 20:04:09 (17516495099109) STATS - 117.9, 0
2018-10-21 20:04:09 (17516495165711) STATS - 118.0, 0
2018-10-21 20:04:09 (17516495229413) STATS - 118.1, 0
2018-10-21 20:04:09 (17516495292815) STATS - 118.2, 0
2018-10-21 20:04:09 (17516495356016) STATS - 118.3, 0
2018-10-21 20:04:09 (17516495561922) STATS - 118.4, 0
2018-10-21 20:04:09 (17516495606624) STATS - 118.5, 0
2018-10-21 20:04:09 (17516501409493) STATS - 118.6, 0
2018-10-21 20:04:09 (17516501498696) STATS - 118.7, 0
2018-10-21 20:04:09 (17516501540297) STATS - 118.8, 0
2018-10-21 20:04:09 (17516501628700) STATS - 118.9, 0
2018-10-21 20:04:09 (17516501703602) STATS - 119.0, 0
2018-10-21 20:04:09 (17516501749403) STATS - 119.1, 0
2018-10-21 20:04:09 (17516501809805) STATS - 119.2, 0
2018-10-21 20:04:09 (17516501849706) STATS - 119.3, 0
2018-10-21 20:04:09 (17516501888307) STATS - 119.4, 0
2018-10-21 20:04:09 (17516502118514) STATS - 119.5, 0
2018-10-21 20:04:09 (17516502193316) STATS - 119.6, 0
2018-10-21 20:04:09 (17516502783233) STATS - 119.7, 0
2018-10-21 20:04:09 (17516502865936) STATS - 119.8, 0
2018-10-21 20:04:09 (17516502907837) STATS - 119.9, 0
2018-10-21 20:04:09 (17516502971139) STATS - 120.0, 0
2018-10-21 20:04:09 (17516503012440) STATS - 120.1, 0
2018-10-21 20:04:09 (17516503072542) STATS - 120.2, 0
2018-10-21 20:04:09 (17516503112743) STATS - 120.3, 0
2018-10-21 20:04:09 (17516503152644) STATS - 120.4, 0
2018-10-21 20:04:09 (17516503213046) STATS - 120.5, 0
2018-10-21 20:04:09 (17516503253047) STATS - 120.6, 0
2018-10-21 20:04:09 (17516503291548) STATS - 120.7, 0
2018-10-21 20:04:09 (17516503351350) STATS - 120.8, 0
2018-10-21 20:04:09 (17516503390951) STATS - 120.9, 0
2018-10-21 20:04:09 (17516503430752) STATS - 121.0, 0
2018-10-21 20:04:09 (17516503491454) STATS - 121.1, 0
2018-10-21 20:04:09 (17516503531955) STATS - 121.2, 0
2018-10-21 20:04:09 (17516503577157) STATS - 121.3, 0
2018-10-21 20:04:09 (17516503636558) STATS - 121.4, 0
2018-10-21 20:04:09 (17516503675860) STATS - 121.5, 0
2018-10-21 20:04:09 (17516503736261) STATS - 121.6, 0
2018-10-21 20:04:09 (17516503775862) STATS - 121.7, 0
2018-10-21 20:04:09 (17516503835864) STATS - 121.8, 0
2018-10-21 20:04:09 (17516503875665) STATS - 121.9, 0
2018-10-21 20:04:09 (17516503936567) STATS - 122.0, 0
2018-10-21 20:04:09 (17516503997869) STATS - 122.1, 0
2018-10-21 20:04:09 (17516504078371) STATS - 122.2, 0
2018-10-21 20:04:09 (17516504139973) STATS - 122.3, 0
2018-10-21 20:04:09 (17516504200975) STATS - 122.4, 0
2018-10-21 20:04:09 (17516504260777) STATS - 122.5, 0
2018-10-21 20:04:09 (17516504321278) STATS - 122.6, 0
2018-10-21 20:04:09 (17516504383980) STATS - 122.7, 0
2018-10-21 20:04:09 (17516504444882) STATS - 122.8, 0
2018-10-21 20:04:09 (17516504505584) STATS - 122.9, 0
2018-10-21 20:04:09 (17516504566786) STATS - 123.0, 0
2018-10-21 20:04:09 (17516504627587) STATS - 123.1, 0
2018-10-21 20:04:09 (17516504687789) STATS - 123.2, 0
2018-10-21 20:04:09 (17516504747991) STATS - 123.3, 0
2018-10-21 20:04:09 (17516504807593) STATS - 123.4, 0
2018-10-21 20:04:09 (17516504867294) STATS - 123.5, 0
2018-10-21 20:04:09 (17516504927996) STATS - 123.6, 0
2018-10-21 20:04:09 (17516504987698) STATS - 123.7, 0
2018-10-21 20:04:09 (17516505046900) STATS - 123.8, 0
2018-10-21 20:04:09 (17516505106401) STATS - 123.9, 0
2018-10-21 20:04:09 (17516505167503) STATS - 124.0, 0
2018-10-21 20:04:09 (17516505227905) STATS - 124.1, 0
2018-10-21 20:04:09 (17516505287807) STATS - 124.2, 0
2018-10-21 20:04:09 (17516505347508) STATS - 124.3, 0
2018-10-21 20:04:09 (17516505407310) STATS - 124.4, 0
2018-10-21 20:04:09 (17516505467012) STATS - 124.5, 0
2018-10-21 20:04:09 (17516505526714) STATS - 124.6, 0
2018-10-21 20:04:09 (17516505586215) STATS - 124.7, 0
2018-10-21 20:04:09 (17516505646217) STATS - 124.8, 0
2018-10-21 20:04:09 (17516505706319) STATS - 124.9, 0
2018-10-21 20:04:09 (17516505766621) STATS - 125.0, 0
2018-10-21 20:04:09 (17516505826622) STATS - 125.1, 0
2018-10-21 20:04:09 (17516505886924) STATS - 125.2, 0
2018-10-21 20:04:09 (17516505946526) STATS - 125.3, 0
2018-10-21 20:04:09 (17516506006828) STATS - 125.4, 0
2018-10-21 20:04:09 (17516506046029) STATS - 125.5, 0
2018-10-21 20:04:09 (17516506084430) STATS - 125.6, 0
2018-10-21 20:04:09 (17516511849398) STATS - 125.7, 0
2018-10-21 20:04:09 (17516511915900) STATS - 125.8, 0
2018-10-21 20:04:09 (17516511955501) STATS - 125.9, 0
2018-10-21 20:04:09 (17516512035204) STATS - 126.0, 0
2018-10-21 20:04:09 (17516512120306) STATS - 126.1, 0
2018-10-21 20:04:09 (17516512162208) STATS - 126.2, 0
2018-10-21 20:04:09 (17516512275511) STATS - 126.3, 0
2018-10-21 20:04:09 (17516512327312) STATS - 126.4, 0
2018-10-21 20:04:09 (17516512390314) STATS - 126.5, 0
2018-10-21 20:04:09 (17516512429815) STATS - 126.6, 0
2018-10-21 20:04:09 (17516512468116) STATS - 126.7, 0
2018-10-21 20:04:09 (17516512527618) STATS - 126.8, 0
2018-10-21 20:04:09 (17516512566919) STATS - 126.9, 0
2018-10-21 20:04:09 (17516512606421) STATS - 127.0, 0
2018-10-21 20:04:09 (17516512686723) STATS - 127.1, 0
2018-10-21 20:04:09 (17516512744825) STATS - 127.2, 0
2018-10-21 20:04:09 (17516512804526) STATS - 127.3, 0
2018-10-21 20:04:09 (17516512843527) STATS - 127.4, 0
2018-10-21 20:04:09 (17516512881629) STATS - 127.5, 0
2018-10-21 20:04:09 (17516512940430) STATS - 127.6, 0
2018-10-21 20:04:09 (17516512979831) STATS - 127.7, 0
2018-10-21 20:04:09 (17516513017333) STATS - 127.8, 0
2018-10-21 20:04:09 (17516513075534) STATS - 127.9, 0
2018-10-21 20:04:09 (17516513115635) STATS - 128.0, 0
2018-10-21 20:04:09 (17516513166837) STATS - 128.1, 0
2018-10-21 20:04:09 (17516513227039) STATS - 128.2, 0
2018-10-21 20:04:09 (17516513286940) STATS - 128.3, 0
2018-10-21 20:04:09 (17516513346342) STATS - 128.4, 0
2018-10-21 20:04:09 (17516513405744) STATS - 128.5, 0
2018-10-21 20:04:09 (17516513464846) STATS - 128.6, 0
2018-10-21 20:04:09 (17516513524347) STATS - 128.7, 0
2018-10-21 20:04:09 (17516513583649) STATS - 128.8, 0
2018-10-21 20:04:09 (17516513646751) STATS - 128.9, 0
2018-10-21 20:04:09 (17516513707253) STATS - 129.0, 0
2018-10-21 20:04:09 (17516513747054) STATS - 129.1, 0
2018-10-21 20:04:09 (17516513841357) STATS - 129.2, 0
2018-10-21 20:04:09 (17516513908359) STATS - 129.3, 0
2018-10-21 20:04:09 (17516513970060) STATS - 129.4, 0
2018-10-21 20:04:09 (17516514030162) STATS - 129.5, 0
2018-10-21 20:04:09 (17516514090664) STATS - 129.6, 0
2018-10-21 20:04:09 (17516514150566) STATS - 129.7, 0
2018-10-21 20:04:09 (17516514210367) STATS - 129.8, 0
2018-10-21 20:04:09 (17516514315770) STATS - 129.9, 0
2018-10-21 20:04:09 (17516514395973) STATS - 130.0, 0
2018-10-21 20:04:09 (17516514458075) STATS - 130.1, 0
2018-10-21 20:04:09 (17516514518376) STATS - 130.2, 0
2018-10-21 20:04:09 (17516514578278) STATS - 130.3, 0
2018-10-21 20:04:09 (17516514638480) STATS - 130.4, 0
2018-10-21 20:04:09 (17516514698282) STATS - 130.5, 0
2018-10-21 20:04:09 (17516514758283) STATS - 130.6, 0
2018-10-21 20:04:09 (17516514818585) STATS - 130.7, 0
2018-10-21 20:04:09 (17516514877887) STATS - 130.8, 0
2018-10-21 20:04:09 (17516514938089) STATS - 130.9, 0
2018-10-21 20:04:09 (17516514998690) STATS - 131.0, 0
2018-10-21 20:04:09 (17516515058992) STATS - 131.1, 0
2018-10-21 20:04:09 (17516515118994) STATS - 131.2, 0
2018-10-21 20:04:09 (17516515178296) STATS - 131.3, 0
2018-10-21 20:04:09 (17516515237597) STATS - 131.4, 0
2018-10-21 20:04:09 (17516515297199) STATS - 131.5, 0
2018-10-21 20:04:09 (17516515357101) STATS - 131.6, 0
2018-10-21 20:04:09 (17516515417603) STATS - 131.7, 0
2018-10-21 20:04:09 (17516515477404) STATS - 131.8, 0
2018-10-21 20:04:09 (17516515573507) STATS - 131.9, 0
2018-10-21 20:04:09 (17516515639109) STATS - 132.0, 0
2018-10-21 20:04:09 (17516516041521) STATS - 132.1, 0
2018-10-21 20:04:09 (17516516109823) STATS - 132.2, 0
2018-10-21 20:04:09 (17516516149524) STATS - 132.3, 0
2018-10-21 20:04:09 (17516516209026) STATS - 132.4, 0
2018-10-21 20:04:09 (17516521986895) STATS - 132.5, 0
2018-10-21 20:04:09 (17516522030996) STATS - 132.6, 0
2018-10-21 20:04:09 (17516522091198) STATS - 132.7, 0
2018-10-21 20:04:09 (17516522175800) STATS - 132.8, 0
2018-10-21 20:04:09 (17516522238802) STATS - 132.9, 0
2018-10-21 20:04:09 (17516522280603) STATS - 133.0, 0
2018-10-21 20:04:09 (17516522319704) STATS - 133.1, 0
2018-10-21 20:04:09 (17516522380606) STATS - 133.2, 0
2018-10-21 20:04:09 (17516522424707) STATS - 133.3, 0
2018-10-21 20:04:09 (17516522512910) STATS - 133.4, 0
2018-10-21 20:04:09 (17516522578512) STATS - 133.5, 0
2018-10-21 20:04:09 (17516522618713) STATS - 133.6, 0
2018-10-21 20:04:09 (17516522657914) STATS - 133.7, 0
2018-10-21 20:04:09 (17516522717616) STATS - 133.8, 0
2018-10-21 20:04:09 (17516522756117) STATS - 133.9, 0
2018-10-21 20:04:09 (17516522837119) STATS - 134.0, 0
2018-10-21 20:04:09 (17516522901921) STATS - 134.1, 0
2018-10-21 20:04:09 (17516522941422) STATS - 134.2, 0
2018-10-21 20:04:09 (17516522979024) STATS - 134.3, 0
2018-10-21 20:04:09 (17516523038025) STATS - 134.4, 0
2018-10-21 20:04:09 (17516523097927) STATS - 134.5, 0
2018-10-21 20:04:09 (17516523157229) STATS - 134.6, 0
2018-10-21 20:04:09 (17516523217031) STATS - 134.7, 0
2018-10-21 20:04:09 (17516523276532) STATS - 134.8, 0
2018-10-21 20:04:09 (17516523336134) STATS - 134.9, 0
2018-10-21 20:04:09 (17516523402736) STATS - 135.0, 1
2018-10-21 20:04:09 (17516523463038) STATS - 135.1, 0
2018-10-21 20:04:09 (17516523522439) STATS - 135.2, 0
2018-10-21 20:04:09 (17516523582341) STATS - 135.3, 0
2018-10-21 20:04:09 (17516523642143) STATS - 135.4, 0
2018-10-21 20:04:09 (17516523701545) STATS - 135.5, 0
2018-10-21 20:04:09 (17516523761046) STATS - 135.6, 0
2018-10-21 20:04:09 (17516523820248) STATS - 135.7, 1
2018-10-21 20:04:09 (17516523879850) STATS - 135.8, 0
2018-10-21 20:04:09 (17516523938552) STATS - 135.9, 0
2018-10-21 20:04:09 (17516523998553) STATS - 136.0, 0
2018-10-21 20:04:09 (17516524078856) STATS - 136.1, 0
2018-10-21 20:04:09 (17516524139857) STATS - 136.2, 0
2018-10-21 20:04:09 (17516524242660) STATS - 136.3, 0
2018-10-21 20:04:09 (17516524305262) STATS - 136.4, 0
2018-10-21 20:04:09 (17516524364264) STATS - 136.5, 0
2018-10-21 20:04:09 (17516524422266) STATS - 136.6, 0
2018-10-21 20:04:09 (17516524480667) STATS - 136.7, 0
2018-10-21 20:04:09 (17516524539169) STATS - 136.8, 0
2018-10-21 20:04:09 (17516524597671) STATS - 136.9, 0
2018-10-21 20:04:09 (17516524635872) STATS - 137.0, 0
2018-10-21 20:04:09 (17516524672673) STATS - 137.1, 0
2018-10-21 20:04:09 (17516524730575) STATS - 137.2, 0
2018-10-21 20:04:09 (17516524789376) STATS - 137.3, 0
2018-10-21 20:04:09 (17516524847978) STATS - 137.4, 0
2018-10-21 20:04:09 (17516524905580) STATS - 137.5, 0
2018-10-21 20:04:09 (17516525039084) STATS - 137.6, 0
2018-10-21 20:04:09 (17516525099286) STATS - 137.7, 0
2018-10-21 20:04:09 (17516525165187) STATS - 137.8, 0
2018-10-21 20:04:09 (17516525225189) STATS - 137.9, 0
2018-10-21 20:04:09 (17516525285091) STATS - 138.0, 0
2018-10-21 20:04:09 (17516525343793) STATS - 138.1, 0
2018-10-21 20:04:09 (17516525402794) STATS - 138.2, 0
2018-10-21 20:04:09 (17516525461696) STATS - 138.3, 0
2018-10-21 20:04:09 (17516525520798) STATS - 138.4, 0
2018-10-21 20:04:09 (17516525579300) STATS - 138.5, 0
2018-10-21 20:04:09 (17516525638101) STATS - 138.6, 0
2018-10-21 20:04:09 (17516525696603) STATS - 138.7, 0
2018-10-21 20:04:09 (17516525755305) STATS - 138.8, 0
2018-10-21 20:04:09 (17516525813706) STATS - 138.9, 0
2018-10-21 20:04:09 (17516525872908) STATS - 139.0, 0
2018-10-21 20:04:09 (17516525935710) STATS - 139.1, 0
2018-10-21 20:04:09 (17516525996512) STATS - 139.2, 0
2018-10-21 20:04:09 (17516531834982) STATS - 139.3, 0
2018-10-21 20:04:09 (17516531898684) STATS - 139.4, 0
2018-10-21 20:04:09 (17516531957286) STATS - 139.5, 0
2018-10-21 20:04:09 (17516532031488) STATS - 139.6, 0
2018-10-21 20:04:09 (17516532096490) STATS - 139.7, 0
2018-10-21 20:04:09 (17516532156092) STATS - 139.8, 0
2018-10-21 20:04:09 (17516532213993) STATS - 139.9, 0
2018-10-21 20:04:09 (17516532277195) STATS - 140.0, 0
2018-10-21 20:04:09 (17516532338497) STATS - 140.1, 0
2018-10-21 20:04:09 (17516532396199) STATS - 140.2, 0
2018-10-21 20:04:09 (17516532454100) STATS - 140.3, 0
2018-10-21 20:04:09 (17516532512002) STATS - 140.4, 0
2018-10-21 20:04:09 (17516532569904) STATS - 140.5, 0
2018-10-21 20:04:09 (17516532627305) STATS - 140.6, 0
2018-10-21 20:04:09 (17516532685607) STATS - 140.7, 0
2018-10-21 20:04:09 (17516532743509) STATS - 140.8, 0
2018-10-21 20:04:09 (17516532800711) STATS - 140.9, 0
2018-10-21 20:04:09 (17516532858612) STATS - 141.0, 0
2018-10-21 20:04:09 (17516532917214) STATS - 141.1, 0
2018-10-21 20:04:09 (17516532975216) STATS - 141.2, 1
2018-10-21 20:04:09 (17516533032917) STATS - 141.3, 0
2018-10-21 20:04:09 (17516533090019) STATS - 141.4, 0
2018-10-21 20:04:09 (17516533146821) STATS - 141.5, 0
2018-10-21 20:04:09 (17516533204022) STATS - 141.6, 0
2018-10-21 20:04:09 (17516533261224) STATS - 141.7, 0
2018-10-21 20:04:09 (17516533318226) STATS - 141.8, 1
2018-10-21 20:04:09 (17516533419029) INFO  - END: Middleware stopped.
