2018-10-21 16:44:49 (5556324597818) INFO  - START: Middleware listening on address 10.0.0.11:8888.
2018-10-21 16:46:10 (5637086344511) STATS -  5.00, 1275, 0, 0.311989, 1.573998, 2.029988, 2.029988, 0.000000, 0.000000, 6377, 0, 0, 0.00, 0.00, 0
2018-10-21 16:46:10 (5637192105195) STATS - 10.00, 1644, 0, 0.159227, 1.160312, 1.405663, 1.405663, 0.000000, 0.000000, 8222, 0, 0, 0.00, 0.00, 0
2018-10-21 16:46:10 (5637220200761) STATS - 15.00, 1552, 0, 0.170127, 1.278295, 1.547001, 1.547001, 0.000000, 0.000000, 7764, 0, 0, 0.00, 0.00, 0
2018-10-21 16:46:10 (5637321085213) STATS - 20.00, 1607, 0, 0.155081, 1.177893, 1.421614, 1.421614, 0.000000, 0.000000, 8037, 0, 0, 0.00, 0.00, 0
2018-10-21 16:46:10 (5637359017347) STATS - 25.00, 1615, 0, 0.166879, 1.214583, 1.465234, 1.465234, 0.000000, 0.000000, 8075, 0, 0, 0.00, 0.00, 0
2018-10-21 16:46:10 (5637385402167) STATS - 30.00, 1583, 0, 0.169468, 1.206740, 1.471217, 1.471217, 0.000000, 0.000000, 7915, 0, 0, 0.00, 0.00, 0
2018-10-21 16:46:10 (5637404650292) STATS - 35.00, 1545, 0, 0.166822, 1.247322, 1.508572, 1.508572, 0.000000, 0.000000, 7728, 0, 0, 0.00, 0.00, 0
2018-10-21 16:46:10 (5637423141596) STATS - 40.00, 1608, 0, 0.162603, 1.246711, 1.486516, 1.486516, 0.000000, 0.000000, 8044, 0, 0, 0.00, 0.00, 0
2018-10-21 16:46:10 (5637435638237) STATS - 45.00, 1615, 0, 0.154748, 1.209906, 1.454753, 1.454753, 0.000000, 0.000000, 8078, 0, 0, 0.00, 0.00, 0
2018-10-21 16:46:10 (5637452800305) STATS - 50.00, 1605, 0, 0.167896, 1.220299, 1.460938, 1.460938, 0.000000, 0.000000, 8025, 0, 0, 0.00, 0.00, 0
2018-10-21 16:46:10 (5637464120513) STATS - 55.00, 1562, 0, 0.173154, 1.271685, 1.538375, 1.538375, 0.000000, 0.000000, 7814, 0, 0, 0.00, 0.00, 0
2018-10-21 16:46:10 (5637474995410) STATS - 60.00, 1534, 0, 0.168937, 1.263263, 1.526975, 1.526975, 0.000000, 0.000000, 7672, 0, 0, 0.00, 0.00, 0
2018-10-21 16:46:10 (5637491013847) STATS - 65.00, 1528, 0, 0.161580, 1.279015, 1.534231, 1.534231, 0.000000, 0.000000, 7642, 0, 0, 0.00, 0.00, 0
2018-10-21 16:46:10 (5637502055048) STATS - 70.00, 1568, 0, 0.159998, 1.212816, 1.454718, 1.454718, 0.000000, 0.000000, 7844, 0, 0, 0.00, 0.00, 0
2018-10-21 16:46:10 (5637503760594) STATS - 70.00, 17, 0, 0.088860, 1.311799, 1.457564, 1.457564, 0.000000, 0.000000, 88, 0, 0, 0.00, 0.00, 0
2018-10-21 16:46:10 (5637673807132) STATS - Interval, Responses
2018-10-21 16:46:10 (5637674232443) STATS - 0.1, 0
2018-10-21 16:46:10 (5637674472550) STATS - 0.2, 0
2018-10-21 16:46:10 (5637680558316) STATS - 0.3, 0
2018-10-21 16:46:10 (5637680796922) STATS - 0.4, 3
2018-10-21 16:46:10 (5637681056729) STATS - 0.5, 407
2018-10-21 16:46:10 (5637681300536) STATS - 0.6, 2763
2018-10-21 16:46:10 (5637681560243) STATS - 0.7, 7342
2018-10-21 16:46:10 (5637681824350) STATS - 0.8, 11164
2018-10-21 16:46:10 (5637682049556) STATS - 0.9, 13207
2018-10-21 16:46:10 (5637682308664) STATS - 1.0, 12534
2018-10-21 16:46:10 (5637682534770) STATS - 1.1, 10487
2018-10-21 16:46:10 (5637682824578) STATS - 1.2, 8518
2018-10-21 16:46:10 (5637683062184) STATS - 1.3, 6783
2018-10-21 16:46:10 (5637683338792) STATS - 1.4, 5315
2018-10-21 16:46:10 (5637683561798) STATS - 1.5, 4096
2018-10-21 16:46:10 (5637683804004) STATS - 1.6, 3399
2018-10-21 16:46:10 (5637684049311) STATS - 1.7, 2664
2018-10-21 16:46:10 (5637684284217) STATS - 1.8, 2233
2018-10-21 16:46:10 (5637690359183) STATS - 1.9, 1844
2018-10-21 16:46:10 (5637690630290) STATS - 2.0, 1421
2018-10-21 16:46:10 (5637690864297) STATS - 2.1, 1246
2018-10-21 16:46:10 (5637691091503) STATS - 2.2, 980
2018-10-21 16:46:10 (5637691313809) STATS - 2.3, 895
2018-10-21 16:46:10 (5637691577916) STATS - 2.4, 764
2018-10-21 16:46:10 (5637692224034) STATS - 2.5, 589
2018-10-21 16:46:10 (5637692475141) STATS - 2.6, 513
2018-10-21 16:46:10 (5637692768649) STATS - 2.7, 457
2018-10-21 16:46:10 (5637693013955) STATS - 2.8, 474
2018-10-21 16:46:10 (5637693231661) STATS - 2.9, 435
2018-10-21 16:46:10 (5637693456168) STATS - 3.0, 377
2018-10-21 16:46:10 (5637693678274) STATS - 3.1, 338
2018-10-21 16:46:10 (5637693902280) STATS - 3.2, 252
2018-10-21 16:46:10 (5637694141586) STATS - 3.3, 266
2018-10-21 16:46:10 (5637700469259) STATS - 3.4, 263
2018-10-21 16:46:10 (5637700826869) STATS - 3.5, 232
2018-10-21 16:46:10 (5637701044975) STATS - 3.6, 202
2018-10-21 16:46:10 (5637701275681) STATS - 3.7, 197
2018-10-21 16:46:10 (5637701557488) STATS - 3.8, 156
2018-10-21 16:46:10 (5637701770394) STATS - 3.9, 156
2018-10-21 16:46:10 (5637702001101) STATS - 4.0, 138
2018-10-21 16:46:10 (5637702199306) STATS - 4.1, 127
2018-10-21 16:46:10 (5637702431012) STATS - 4.2, 120
2018-10-21 16:46:10 (5637702634018) STATS - 4.3, 98
2018-10-21 16:46:10 (5637702810923) STATS - 4.4, 109
2018-10-21 16:46:10 (5637703045229) STATS - 4.5, 95
2018-10-21 16:46:10 (5637703269335) STATS - 4.6, 100
2018-10-21 16:46:10 (5637703497641) STATS - 4.7, 83
2018-10-21 16:46:10 (5637703716947) STATS - 4.8, 85
2018-10-21 16:46:10 (5637703937253) STATS - 4.9, 79
2018-10-21 16:46:10 (5637704170160) STATS - 5.0, 75
2018-10-21 16:46:10 (5637710220125) STATS - 5.1, 69
2018-10-21 16:46:10 (5637710634136) STATS - 5.2, 75
2018-10-21 16:46:10 (5637710831741) STATS - 5.3, 71
2018-10-21 16:46:10 (5637711022247) STATS - 5.4, 65
2018-10-21 16:46:10 (5637711252553) STATS - 5.5, 60
2018-10-21 16:46:10 (5637711467559) STATS - 5.6, 104
2018-10-21 16:46:10 (5637711723066) STATS - 5.7, 83
2018-10-21 16:46:10 (5637711923671) STATS - 5.8, 117
2018-10-21 16:46:10 (5637712134677) STATS - 5.9, 169
2018-10-21 16:46:10 (5637712324682) STATS - 6.0, 250
2018-10-21 16:46:10 (5637712558888) STATS - 6.1, 330
2018-10-21 16:46:10 (5637712750594) STATS - 6.2, 324
2018-10-21 16:46:10 (5637712965200) STATS - 6.3, 355
2018-10-21 16:46:10 (5637713152905) STATS - 6.4, 336
2018-10-21 16:46:10 (5637713343710) STATS - 6.5, 330
2018-10-21 16:46:10 (5637713543315) STATS - 6.6, 254
2018-10-21 16:46:10 (5637713785322) STATS - 6.7, 249
2018-10-21 16:46:10 (5637714011128) STATS - 6.8, 216
2018-10-21 16:46:10 (5637714260835) STATS - 6.9, 171
2018-10-21 16:46:10 (5637720334501) STATS - 7.0, 182
2018-10-21 16:46:10 (5637720544106) STATS - 7.1, 141
2018-10-21 16:46:10 (5637720791313) STATS - 7.2, 99
2018-10-21 16:46:10 (5637720977518) STATS - 7.3, 90
2018-10-21 16:46:10 (5637721160823) STATS - 7.4, 71
2018-10-21 16:46:10 (5637721355728) STATS - 7.5, 63
2018-10-21 16:46:10 (5637721541433) STATS - 7.6, 69
2018-10-21 16:46:10 (5637721730239) STATS - 7.7, 61
2018-10-21 16:46:10 (5637721946645) STATS - 7.8, 58
2018-10-21 16:46:10 (5637722132750) STATS - 7.9, 50
2018-10-21 16:46:10 (5637722311354) STATS - 8.0, 49
2018-10-21 16:46:10 (5637722497860) STATS - 8.1, 32
2018-10-21 16:46:10 (5637722686365) STATS - 8.2, 28
2018-10-21 16:46:10 (5637722868770) STATS - 8.3, 36
2018-10-21 16:46:10 (5637723082575) STATS - 8.4, 40
2018-10-21 16:46:10 (5637723262480) STATS - 8.5, 14
2018-10-21 16:46:10 (5637723483986) STATS - 8.6, 9
2018-10-21 16:46:10 (5637723677992) STATS - 8.7, 12
2018-10-21 16:46:10 (5637723856997) STATS - 8.8, 9
2018-10-21 16:46:10 (5637724079203) STATS - 8.9, 16
2018-10-21 16:46:10 (5637730089967) STATS - 9.0, 7
2018-10-21 16:46:10 (5637730285872) STATS - 9.1, 17
2018-10-21 16:46:10 (5637730509278) STATS - 9.2, 17
2018-10-21 16:46:10 (5637730704283) STATS - 9.3, 12
2018-10-21 16:46:10 (5637730944890) STATS - 9.4, 15
2018-10-21 16:46:10 (5637731130795) STATS - 9.5, 16
2018-10-21 16:46:10 (5637731308500) STATS - 9.6, 19
2018-10-21 16:46:10 (5637731492405) STATS - 9.7, 14
2018-10-21 16:46:10 (5637731719911) STATS - 9.8, 16
2018-10-21 16:46:10 (5637731902016) STATS - 9.9, 55
2018-10-21 16:46:10 (5637732117122) STATS - 10.0, 36
2018-10-21 16:46:10 (5637732300127) STATS - 10.1, 11
2018-10-21 16:46:10 (5637732484432) STATS - 10.2, 13
2018-10-21 16:46:10 (5637732727039) STATS - 10.3, 18
2018-10-21 16:46:10 (5637732944744) STATS - 10.4, 6
2018-10-21 16:46:10 (5637733121649) STATS - 10.5, 6
2018-10-21 16:46:10 (5637733363356) STATS - 10.6, 7
2018-10-21 16:46:10 (5637733544761) STATS - 10.7, 7
2018-10-21 16:46:10 (5637733926971) STATS - 10.8, 8
2018-10-21 16:46:10 (5637734207579) STATS - 10.9, 8
2018-10-21 16:46:10 (5637740262544) STATS - 11.0, 7
2018-10-21 16:46:10 (5637740523951) STATS - 11.1, 13
2018-10-21 16:46:10 (5637740857960) STATS - 11.2, 6
2018-10-21 16:46:10 (5637741064666) STATS - 11.3, 7
2018-10-21 16:46:10 (5637741264871) STATS - 11.4, 6
2018-10-21 16:46:10 (5637741437376) STATS - 11.5, 4
2018-10-21 16:46:10 (5637741809286) STATS - 11.6, 5
2018-10-21 16:46:10 (5637741981591) STATS - 11.7, 5
2018-10-21 16:46:10 (5637742288599) STATS - 11.8, 1
2018-10-21 16:46:10 (5637742462104) STATS - 11.9, 1
2018-10-21 16:46:10 (5637742663809) STATS - 12.0, 3
2018-10-21 16:46:10 (5637742841714) STATS - 12.1, 2
2018-10-21 16:46:10 (5637743012219) STATS - 12.2, 2
2018-10-21 16:46:10 (5637743181024) STATS - 12.3, 2
2018-10-21 16:46:10 (5637743381629) STATS - 12.4, 6
2018-10-21 16:46:10 (5637743555134) STATS - 12.5, 1
2018-10-21 16:46:10 (5637743778940) STATS - 12.6, 0
2018-10-21 16:46:10 (5637743957545) STATS - 12.7, 3
2018-10-21 16:46:10 (5637744154550) STATS - 12.8, 1
2018-10-21 16:46:10 (5637744323155) STATS - 12.9, 3
2018-10-21 16:46:10 (5637750302118) STATS - 13.0, 2
2018-10-21 16:46:10 (5637750478923) STATS - 13.1, 1
2018-10-21 16:46:10 (5637750688828) STATS - 13.2, 0
2018-10-21 16:46:10 (5637750863333) STATS - 13.3, 1
2018-10-21 16:46:10 (5637751031638) STATS - 13.4, 3
2018-10-21 16:46:10 (5637751199242) STATS - 13.5, 1
2018-10-21 16:46:10 (5637751367047) STATS - 13.6, 1
2018-10-21 16:46:10 (5637751563952) STATS - 13.7, 3
2018-10-21 16:46:10 (5637751734757) STATS - 13.8, 4
2018-10-21 16:46:10 (5637751901461) STATS - 13.9, 2
2018-10-21 16:46:10 (5637752080666) STATS - 14.0, 0
2018-10-21 16:46:10 (5637752249871) STATS - 14.1, 0
2018-10-21 16:46:10 (5637752416275) STATS - 14.2, 0
2018-10-21 16:46:10 (5637752587180) STATS - 14.3, 1
2018-10-21 16:46:10 (5637752753785) STATS - 14.4, 1
2018-10-21 16:46:10 (5637752963090) STATS - 14.5, 1
2018-10-21 16:46:10 (5637753131295) STATS - 14.6, 1
2018-10-21 16:46:10 (5637753298099) STATS - 14.7, 1
2018-10-21 16:46:10 (5637753496605) STATS - 14.8, 2
2018-10-21 16:46:10 (5637753673010) STATS - 14.9, 3
2018-10-21 16:46:10 (5637753840214) STATS - 15.0, 0
2018-10-21 16:46:10 (5637754006819) STATS - 15.1, 2
2018-10-21 16:46:10 (5637754238625) STATS - 15.2, 1
2018-10-21 16:46:10 (5637760214388) STATS - 15.3, 1
2018-10-21 16:46:10 (5637760422694) STATS - 15.4, 4
2018-10-21 16:46:10 (5637760862006) STATS - 15.5, 3
2018-10-21 16:46:10 (5637761048211) STATS - 15.6, 3
2018-10-21 16:46:10 (5637761219016) STATS - 15.7, 1
2018-10-21 16:46:10 (5637761389220) STATS - 15.8, 2
2018-10-21 16:46:10 (5637761564125) STATS - 15.9, 4
2018-10-21 16:46:10 (5637761729629) STATS - 16.0, 1
2018-10-21 16:46:10 (5637761897134) STATS - 16.1, 0
2018-10-21 16:46:10 (5637762065239) STATS - 16.2, 1
2018-10-21 16:46:10 (5637762233743) STATS - 16.3, 2
2018-10-21 16:46:10 (5637762402548) STATS - 16.4, 2
2018-10-21 16:46:10 (5637762568952) STATS - 16.5, 2
2018-10-21 16:46:10 (5637762771558) STATS - 16.6, 1
2018-10-21 16:46:10 (5637762947563) STATS - 16.7, 0
2018-10-21 16:46:10 (5637763122167) STATS - 16.8, 3
2018-10-21 16:46:10 (5637763336173) STATS - 16.9, 0
2018-10-21 16:46:10 (5637763497878) STATS - 17.0, 0
2018-10-21 16:46:10 (5637763670282) STATS - 17.1, 0
2018-10-21 16:46:10 (5637763843087) STATS - 17.2, 2
2018-10-21 16:46:10 (5637764045593) STATS - 17.3, 2
2018-10-21 16:46:10 (5637770039056) STATS - 17.4, 0
2018-10-21 16:46:10 (5637770339064) STATS - 17.5, 1
2018-10-21 16:46:10 (5637770537470) STATS - 17.6, 1
2018-10-21 16:46:10 (5637770707074) STATS - 17.7, 1
2018-10-21 16:46:10 (5637770872279) STATS - 17.8, 1
2018-10-21 16:46:10 (5637771036283) STATS - 17.9, 1
2018-10-21 16:46:10 (5637771196588) STATS - 18.0, 2
2018-10-21 16:46:10 (5637771359492) STATS - 18.1, 0
2018-10-21 16:46:10 (5637771523097) STATS - 18.2, 1
2018-10-21 16:46:10 (5637771724902) STATS - 18.3, 0
2018-10-21 16:46:10 (5637771895907) STATS - 18.4, 0
2018-10-21 16:46:10 (5637772078512) STATS - 18.5, 1
2018-10-21 16:46:10 (5637772244216) STATS - 18.6, 0
2018-10-21 16:46:10 (5637772408621) STATS - 18.7, 0
2018-10-21 16:46:10 (5637772577025) STATS - 18.8, 0
2018-10-21 16:46:10 (5637772742930) STATS - 18.9, 1
2018-10-21 16:46:10 (5637773065139) STATS - 19.0, 1
2018-10-21 16:46:10 (5637773229043) STATS - 19.1, 1
2018-10-21 16:46:10 (5637773393248) STATS - 19.2, 0
2018-10-21 16:46:10 (5637773560952) STATS - 19.3, 0
2018-10-21 16:46:10 (5637773725057) STATS - 19.4, 0
2018-10-21 16:46:10 (5637773889461) STATS - 19.5, 0
2018-10-21 16:46:10 (5637774052365) STATS - 19.6, 0
2018-10-21 16:46:10 (5637780034429) STATS - 19.7, 1
2018-10-21 16:46:10 (5637780421939) STATS - 19.8, 0
2018-10-21 16:46:10 (5637780597144) STATS - 19.9, 0
2018-10-21 16:46:10 (5637780758948) STATS - 20.0, 1
2018-10-21 16:46:10 (5637780925553) STATS - 20.1, 0
2018-10-21 16:46:10 (5637781088657) STATS - 20.2, 1
2018-10-21 16:46:10 (5637781254162) STATS - 20.3, 0
2018-10-21 16:46:10 (5637781419366) STATS - 20.4, 0
2018-10-21 16:46:10 (5637781580271) STATS - 20.5, 2
2018-10-21 16:46:10 (5637781740375) STATS - 20.6, 1
2018-10-21 16:46:10 (5637781900980) STATS - 20.7, 0
2018-10-21 16:46:10 (5637782061184) STATS - 20.8, 0
2018-10-21 16:46:10 (5637782223088) STATS - 20.9, 0
2018-10-21 16:46:10 (5637782380193) STATS - 21.0, 0
2018-10-21 16:46:10 (5637782539397) STATS - 21.1, 0
2018-10-21 16:46:10 (5637782703601) STATS - 21.2, 0
2018-10-21 16:46:10 (5637782864306) STATS - 21.3, 1
2018-10-21 16:46:10 (5637783025110) STATS - 21.4, 0
2018-10-21 16:46:10 (5637783185115) STATS - 21.5, 0
2018-10-21 16:46:10 (5637783350419) STATS - 21.6, 0
2018-10-21 16:46:10 (5637783512423) STATS - 21.7, 0
2018-10-21 16:46:10 (5637783871333) STATS - 21.8, 2
2018-10-21 16:46:10 (5637784058538) STATS - 21.9, 1
2018-10-21 16:46:10 (5637790125804) STATS - 22.0, 0
2018-10-21 16:46:10 (5637790316809) STATS - 22.1, 0
2018-10-21 16:46:10 (5637790480213) STATS - 22.2, 0
2018-10-21 16:46:10 (5637790645018) STATS - 22.3, 0
2018-10-21 16:46:10 (5637790809022) STATS - 22.4, 0
2018-10-21 16:46:10 (5637790966727) STATS - 22.5, 0
2018-10-21 16:46:10 (5637791124831) STATS - 22.6, 0
2018-10-21 16:46:10 (5637791285535) STATS - 22.7, 0
2018-10-21 16:46:10 (5637791443640) STATS - 22.8, 0
2018-10-21 16:46:10 (5637791605444) STATS - 22.9, 0
2018-10-21 16:46:10 (5637791758048) STATS - 23.0, 0
2018-10-21 16:46:10 (5637791913153) STATS - 23.1, 0
2018-10-21 16:46:10 (5637792160159) STATS - 23.2, 0
2018-10-21 16:46:10 (5637792317264) STATS - 23.3, 0
2018-10-21 16:46:10 (5637792480268) STATS - 23.4, 0
2018-10-21 16:46:10 (5637792642172) STATS - 23.5, 0
2018-10-21 16:46:10 (5637792852878) STATS - 23.6, 0
2018-10-21 16:46:10 (5637793233789) STATS - 23.7, 0
2018-10-21 16:46:10 (5637793406193) STATS - 23.8, 0
2018-10-21 16:46:10 (5637793586698) STATS - 23.9, 0
2018-10-21 16:46:10 (5637793795304) STATS - 24.0, 0
2018-10-21 16:46:10 (5637799701365) STATS - 24.1, 0
2018-10-21 16:46:10 (5637799955172) STATS - 24.2, 0
2018-10-21 16:46:10 (5637800189978) STATS - 24.3, 0
2018-10-21 16:46:10 (5637800347783) STATS - 24.4, 0
2018-10-21 16:46:10 (5637800503187) STATS - 24.5, 0
2018-10-21 16:46:10 (5637800710092) STATS - 24.6, 0
2018-10-21 16:46:10 (5637800868297) STATS - 24.7, 0
2018-10-21 16:46:10 (5637801023401) STATS - 24.8, 0
2018-10-21 16:46:10 (5637801177605) STATS - 24.9, 0
2018-10-21 16:46:10 (5637801328209) STATS - 25.0, 0
2018-10-21 16:46:10 (5637801482714) STATS - 25.1, 0
2018-10-21 16:46:10 (5637801642518) STATS - 25.2, 0
2018-10-21 16:46:10 (5637801797122) STATS - 25.3, 0
2018-10-21 16:46:10 (5637801951626) STATS - 25.4, 0
2018-10-21 16:46:10 (5637802114431) STATS - 25.5, 0
2018-10-21 16:46:10 (5637802273935) STATS - 25.6, 0
2018-10-21 16:46:10 (5637802432139) STATS - 25.7, 1
2018-10-21 16:46:10 (5637802590944) STATS - 25.8, 0
2018-10-21 16:46:10 (5637802745548) STATS - 25.9, 0
2018-10-21 16:46:10 (5637802905052) STATS - 26.0, 0
2018-10-21 16:46:10 (5637803092457) STATS - 26.1, 0
2018-10-21 16:46:10 (5637803249362) STATS - 26.2, 0
2018-10-21 16:46:10 (5637803403666) STATS - 26.3, 0
2018-10-21 16:46:10 (5637803557570) STATS - 26.4, 0
2018-10-21 16:46:10 (5637809479332) STATS - 26.5, 0
2018-10-21 16:46:10 (5637809654436) STATS - 26.6, 0
2018-10-21 16:46:10 (5637809807641) STATS - 26.7, 0
2018-10-21 16:46:10 (5637809966745) STATS - 26.8, 0
2018-10-21 16:46:10 (5637810117249) STATS - 26.9, 0
2018-10-21 16:46:10 (5637810616163) STATS - 27.0, 0
2018-10-21 16:46:10 (5637810797268) STATS - 27.1, 0
2018-10-21 16:46:10 (5637810978172) STATS - 27.2, 0
2018-10-21 16:46:10 (5637811125176) STATS - 27.3, 0
2018-10-21 16:46:10 (5637811270680) STATS - 27.4, 0
2018-10-21 16:46:10 (5637811414984) STATS - 27.5, 0
2018-10-21 16:46:10 (5637811602990) STATS - 27.6, 0
2018-10-21 16:46:10 (5637811767094) STATS - 27.7, 0
2018-10-21 16:46:10 (5637811895397) STATS - 27.8, 0
2018-10-21 16:46:10 (5637812035201) STATS - 27.9, 0
2018-10-21 16:46:10 (5637812156105) STATS - 28.0, 0
2018-10-21 16:46:10 (5637812277608) STATS - 28.1, 0
2018-10-21 16:46:10 (5637812398111) STATS - 28.2, 0
2018-10-21 16:46:10 (5637812572816) STATS - 28.3, 0
2018-10-21 16:46:10 (5637812704220) STATS - 28.4, 0
2018-10-21 16:46:10 (5637812825623) STATS - 28.5, 0
2018-10-21 16:46:10 (5637812950826) STATS - 28.6, 0
2018-10-21 16:46:10 (5637813201333) STATS - 28.7, 0
2018-10-21 16:46:10 (5637813323436) STATS - 28.8, 0
2018-10-21 16:46:10 (5637819153595) STATS - 28.9, 0
2018-10-21 16:46:10 (5637819303900) STATS - 29.0, 0
2018-10-21 16:46:10 (5637819459704) STATS - 29.1, 0
2018-10-21 16:46:10 (5637820247925) STATS - 29.2, 0
2018-10-21 16:46:10 (5637820406930) STATS - 29.3, 0
2018-10-21 16:46:10 (5637820553634) STATS - 29.4, 0
2018-10-21 16:46:10 (5637820699638) STATS - 29.5, 0
2018-10-21 16:46:10 (5637820851742) STATS - 29.6, 0
2018-10-21 16:46:10 (5637820996746) STATS - 29.7, 0
2018-10-21 16:46:10 (5637821142650) STATS - 29.8, 0
2018-10-21 16:46:10 (5637821288954) STATS - 29.9, 0
2018-10-21 16:46:10 (5637821431558) STATS - 30.0, 0
2018-10-21 16:46:10 (5637821604662) STATS - 30.1, 0
2018-10-21 16:46:10 (5637821750966) STATS - 30.2, 0
2018-10-21 16:46:10 (5637821895770) STATS - 30.3, 0
2018-10-21 16:46:10 (5637822050774) STATS - 30.4, 0
2018-10-21 16:46:10 (5637822201579) STATS - 30.5, 0
2018-10-21 16:46:10 (5637822393184) STATS - 30.6, 1
2018-10-21 16:46:10 (5637822538388) STATS - 30.7, 0
2018-10-21 16:46:10 (5637822683392) STATS - 30.8, 0
2018-10-21 16:46:10 (5637822828696) STATS - 30.9, 0
2018-10-21 16:46:10 (5637822969599) STATS - 31.0, 0
2018-10-21 16:46:10 (5637823114603) STATS - 31.1, 0
2018-10-21 16:46:10 (5637823258607) STATS - 31.2, 0
2018-10-21 16:46:10 (5637823407011) STATS - 31.3, 0
2018-10-21 16:46:10 (5637823552415) STATS - 31.4, 0
2018-10-21 16:46:10 (5637829399875) STATS - 31.5, 0
2018-10-21 16:46:10 (5637829559879) STATS - 31.6, 0
2018-10-21 16:46:10 (5637829717784) STATS - 31.7, 0
2018-10-21 16:46:10 (5637829865988) STATS - 31.8, 0
2018-10-21 16:46:10 (5637830012692) STATS - 31.9, 0
2018-10-21 16:46:10 (5637830154895) STATS - 32.0, 0
2018-10-21 16:46:10 (5637830300199) STATS - 32.1, 0
2018-10-21 16:46:10 (5637830445503) STATS - 32.2, 0
2018-10-21 16:46:10 (5637830599908) STATS - 32.3, 0
2018-10-21 16:46:10 (5637830749312) STATS - 32.4, 0
2018-10-21 16:46:10 (5637830898616) STATS - 32.5, 0
2018-10-21 16:46:10 (5637831061520) STATS - 32.6, 0
2018-10-21 16:46:10 (5637831207824) STATS - 32.7, 0
2018-10-21 16:46:10 (5637831421430) STATS - 32.8, 0
2018-10-21 16:46:10 (5637831561034) STATS - 32.9, 0
2018-10-21 16:46:10 (5637831695537) STATS - 33.0, 0
2018-10-21 16:46:10 (5637831832241) STATS - 33.1, 0
2018-10-21 16:46:10 (5637831989945) STATS - 33.2, 0
2018-10-21 16:46:10 (5637832163450) STATS - 33.3, 0
2018-10-21 16:46:10 (5637832332755) STATS - 33.4, 0
2018-10-21 16:46:10 (5637832470459) STATS - 33.5, 0
2018-10-21 16:46:10 (5637832608362) STATS - 33.6, 0
2018-10-21 16:46:10 (5637832750466) STATS - 33.7, 0
2018-10-21 16:46:10 (5637832912271) STATS - 33.8, 0
2018-10-21 16:46:10 (5637833050374) STATS - 33.9, 0
2018-10-21 16:46:10 (5637833182878) STATS - 34.0, 0
2018-10-21 16:46:10 (5637838990236) STATS - 34.1, 0
2018-10-21 16:46:10 (5637839185142) STATS - 34.2, 0
2018-10-21 16:46:10 (5637839327346) STATS - 34.3, 0
2018-10-21 16:46:10 (5637839465849) STATS - 34.4, 0
2018-10-21 16:46:10 (5637839604753) STATS - 34.5, 0
2018-10-21 16:46:10 (5637839741357) STATS - 34.6, 0
2018-10-21 16:46:10 (5637839883861) STATS - 34.7, 0
2018-10-21 16:46:10 (5637840082966) STATS - 34.8, 0
2018-10-21 16:46:10 (5637840220670) STATS - 34.9, 0
2018-10-21 16:46:10 (5637840380874) STATS - 35.0, 0
2018-10-21 16:46:10 (5637840520878) STATS - 35.1, 0
2018-10-21 16:46:10 (5637840656282) STATS - 35.2, 0
2018-10-21 16:46:10 (5637840792786) STATS - 35.3, 0
2018-10-21 16:46:10 (5637840933989) STATS - 35.4, 0
2018-10-21 16:46:10 (5637841080793) STATS - 35.5, 0
2018-10-21 16:46:10 (5637841218197) STATS - 35.6, 0
2018-10-21 16:46:10 (5637841353701) STATS - 35.7, 0
2018-10-21 16:46:10 (5637841538606) STATS - 35.8, 0
2018-10-21 16:46:10 (5637841675310) STATS - 35.9, 0
2018-10-21 16:46:10 (5637841804613) STATS - 36.0, 0
2018-10-21 16:46:10 (5637841937217) STATS - 36.1, 0
2018-10-21 16:46:10 (5637842069620) STATS - 36.2, 0
2018-10-21 16:46:10 (5637842202824) STATS - 36.3, 0
2018-10-21 16:46:10 (5637842336728) STATS - 36.4, 0
2018-10-21 16:46:10 (5637842557434) STATS - 36.5, 0
2018-10-21 16:46:10 (5637842699338) STATS - 36.6, 0
2018-10-21 16:46:10 (5637842872842) STATS - 36.7, 0
2018-10-21 16:46:10 (5637848763303) STATS - 36.8, 0
2018-10-21 16:46:10 (5637848950308) STATS - 36.9, 0
2018-10-21 16:46:10 (5637849081212) STATS - 37.0, 0
2018-10-21 16:46:10 (5637849211915) STATS - 37.1, 0
2018-10-21 16:46:10 (5637849341919) STATS - 37.2, 0
2018-10-21 16:46:10 (5637849494123) STATS - 37.3, 0
2018-10-21 16:46:10 (5637849625026) STATS - 37.4, 0
2018-10-21 16:46:10 (5637849754730) STATS - 37.5, 0
2018-10-21 16:46:10 (5637849916334) STATS - 37.6, 0
2018-10-21 16:46:10 (5637850043338) STATS - 37.7, 0
2018-10-21 16:46:10 (5637850171241) STATS - 37.8, 0
2018-10-21 16:46:10 (5637850303845) STATS - 37.9, 0
2018-10-21 16:46:10 (5637850429848) STATS - 38.0, 0
2018-10-21 16:46:10 (5637850576252) STATS - 38.1, 0
2018-10-21 16:46:10 (5637850705756) STATS - 38.2, 0
2018-10-21 16:46:10 (5637850838760) STATS - 38.3, 0
2018-10-21 16:46:10 (5637851142968) STATS - 38.4, 0
2018-10-21 16:46:10 (5637851254871) STATS - 38.5, 0
2018-10-21 16:46:10 (5637851360674) STATS - 38.6, 0
2018-10-21 16:46:10 (5637851465677) STATS - 38.7, 0
2018-10-21 16:46:10 (5637851582980) STATS - 38.8, 0
2018-10-21 16:46:10 (5637851687783) STATS - 38.9, 0
2018-10-21 16:46:10 (5637851788385) STATS - 39.0, 0
2018-10-21 16:46:10 (5637851892188) STATS - 39.1, 0
2018-10-21 16:46:10 (5637851994391) STATS - 39.2, 0
2018-10-21 16:46:10 (5637852120494) STATS - 39.3, 0
2018-10-21 16:46:10 (5637852225497) STATS - 39.4, 0
2018-10-21 16:46:10 (5637852328400) STATS - 39.5, 0
2018-10-21 16:46:10 (5637852430303) STATS - 39.6, 0
2018-10-21 16:46:10 (5637852533506) STATS - 39.7, 0
2018-10-21 16:46:10 (5637852637209) STATS - 39.8, 0
2018-10-21 16:46:10 (5637852740811) STATS - 39.9, 0
2018-10-21 16:46:10 (5637858501268) STATS - 40.0, 0
2018-10-21 16:46:10 (5637858670573) STATS - 40.1, 0
2018-10-21 16:46:10 (5637858802677) STATS - 40.2, 0
2018-10-21 16:46:10 (5637858930980) STATS - 40.3, 0
2018-10-21 16:46:10 (5637859058484) STATS - 40.4, 0
2018-10-21 16:46:10 (5637859231688) STATS - 40.5, 0
2018-10-21 16:46:10 (5637859366392) STATS - 40.6, 0
2018-10-21 16:46:10 (5637859493196) STATS - 40.7, 0
2018-10-21 16:46:10 (5637859623899) STATS - 40.8, 0
2018-10-21 16:46:10 (5637859751603) STATS - 40.9, 0
2018-10-21 16:46:10 (5637859873606) STATS - 41.0, 0
2018-10-21 16:46:10 (5637860023110) STATS - 41.1, 0
2018-10-21 16:46:10 (5637860192815) STATS - 41.2, 0
2018-10-21 16:46:10 (5637860314918) STATS - 41.3, 0
2018-10-21 16:46:10 (5637860437121) STATS - 41.4, 0
2018-10-21 16:46:10 (5637860613626) STATS - 41.5, 0
2018-10-21 16:46:10 (5637860751230) STATS - 41.6, 0
2018-10-21 16:46:10 (5637860875733) STATS - 41.7, 0
2018-10-21 16:46:10 (5637860998137) STATS - 41.8, 0
2018-10-21 16:46:10 (5637861119340) STATS - 41.9, 0
2018-10-21 16:46:10 (5637861236543) STATS - 42.0, 0
2018-10-21 16:46:10 (5637861335946) STATS - 42.1, 0
2018-10-21 16:46:10 (5637861434448) STATS - 42.2, 0
2018-10-21 16:46:10 (5637861554952) STATS - 42.3, 0
2018-10-21 16:46:10 (5637861675855) STATS - 42.4, 0
2018-10-21 16:46:10 (5637861796858) STATS - 42.5, 0
2018-10-21 16:46:10 (5637861917562) STATS - 42.6, 0
2018-10-21 16:46:10 (5637862038365) STATS - 42.7, 0
2018-10-21 16:46:10 (5637862249771) STATS - 42.8, 0
2018-10-21 16:46:10 (5637862451076) STATS - 42.9, 0
2018-10-21 16:46:10 (5637868295436) STATS - 43.0, 0
2018-10-21 16:46:10 (5637868476541) STATS - 43.1, 0
2018-10-21 16:46:10 (5637868654845) STATS - 43.2, 0
2018-10-21 16:46:10 (5637868780049) STATS - 43.3, 0
2018-10-21 16:46:10 (5637868877051) STATS - 43.4, 0
2018-10-21 16:46:10 (5637868994655) STATS - 43.5, 0
2018-10-21 16:46:10 (5637869090957) STATS - 43.6, 0
2018-10-21 16:46:10 (5637869207760) STATS - 43.7, 0
2018-10-21 16:46:10 (5637869326164) STATS - 43.8, 0
2018-10-21 16:46:10 (5637869444367) STATS - 43.9, 0
2018-10-21 16:46:10 (5637869558070) STATS - 44.0, 0
2018-10-21 16:46:10 (5637869675673) STATS - 44.1, 0
2018-10-21 16:46:10 (5637869792776) STATS - 44.2, 0
2018-10-21 16:46:10 (5637869914280) STATS - 44.3, 0
2018-10-21 16:46:10 (5637870032183) STATS - 44.4, 0
2018-10-21 16:46:10 (5637870149886) STATS - 44.5, 0
2018-10-21 16:46:10 (5637870246389) STATS - 44.6, 0
2018-10-21 16:46:10 (5637870340291) STATS - 44.7, 0
2018-10-21 16:46:10 (5637870434394) STATS - 44.8, 0
2018-10-21 16:46:10 (5637870551097) STATS - 44.9, 0
2018-10-21 16:46:10 (5637870665100) STATS - 45.0, 0
2018-10-21 16:46:10 (5637870790504) STATS - 45.1, 0
2018-10-21 16:46:10 (5637870907907) STATS - 45.2, 0
2018-10-21 16:46:10 (5637871025810) STATS - 45.3, 0
2018-10-21 16:46:10 (5637871147913) STATS - 45.4, 0
2018-10-21 16:46:10 (5637871243816) STATS - 45.5, 0
2018-10-21 16:46:10 (5637871361019) STATS - 45.6, 0
2018-10-21 16:46:10 (5637871478322) STATS - 45.7, 0
2018-10-21 16:46:10 (5637871597526) STATS - 45.8, 0
2018-10-21 16:46:10 (5637871700428) STATS - 45.9, 0
2018-10-21 16:46:10 (5637871794631) STATS - 46.0, 0
2018-10-21 16:46:10 (5637871888334) STATS - 46.1, 0
2018-10-21 16:46:10 (5637871982736) STATS - 46.2, 0
2018-10-21 16:46:10 (5637872103139) STATS - 46.3, 0
2018-10-21 16:46:10 (5637872199242) STATS - 46.4, 0
2018-10-21 16:46:10 (5637877995600) STATS - 46.5, 0
2018-10-21 16:46:10 (5637878094803) STATS - 46.6, 0
2018-10-21 16:46:10 (5637878190305) STATS - 46.7, 0
2018-10-21 16:46:10 (5637878285908) STATS - 46.8, 0
2018-10-21 16:46:10 (5637878451713) STATS - 46.9, 0
2018-10-21 16:46:10 (5637878549415) STATS - 47.0, 0
2018-10-21 16:46:10 (5637878642518) STATS - 47.1, 0
2018-10-21 16:46:10 (5637878800822) STATS - 47.2, 0
2018-10-21 16:46:10 (5637878925025) STATS - 47.3, 0
2018-10-21 16:46:10 (5637879022128) STATS - 47.4, 0
2018-10-21 16:46:10 (5637879113931) STATS - 47.5, 0
2018-10-21 16:46:10 (5637879208833) STATS - 47.6, 0
2018-10-21 16:46:10 (5637879300436) STATS - 47.7, 0
2018-10-21 16:46:10 (5637879390738) STATS - 47.8, 0
2018-10-21 16:46:10 (5637879481341) STATS - 47.9, 0
2018-10-21 16:46:10 (5637879568743) STATS - 48.0, 0
2018-10-21 16:46:10 (5637879658245) STATS - 48.1, 0
2018-10-21 16:46:10 (5637879803149) STATS - 48.2, 0
2018-10-21 16:46:10 (5637879914452) STATS - 48.3, 0
2018-10-21 16:46:10 (5637880041056) STATS - 48.4, 0
2018-10-21 16:46:10 (5637880178460) STATS - 48.5, 0
2018-10-21 16:46:10 (5637880266662) STATS - 48.6, 0
2018-10-21 16:46:10 (5637880376965) STATS - 48.7, 0
2018-10-21 16:46:10 (5637880487068) STATS - 48.8, 0
2018-10-21 16:46:10 (5637880615272) STATS - 48.9, 0
2018-10-21 16:46:10 (5637880741575) STATS - 49.0, 0
2018-10-21 16:46:10 (5637880830277) STATS - 49.1, 0
2018-10-21 16:46:10 (5637880938980) STATS - 49.2, 0
2018-10-21 16:46:10 (5637881045383) STATS - 49.3, 0
2018-10-21 16:46:10 (5637881195387) STATS - 49.4, 0
2018-10-21 16:46:10 (5637881478495) STATS - 49.5, 0
2018-10-21 16:46:10 (5637881736002) STATS - 49.6, 0
2018-10-21 16:46:10 (5637881869406) STATS - 49.7, 0
2018-10-21 16:46:10 (5637887785367) STATS - 49.8, 0
2018-10-21 16:46:10 (5637887905570) STATS - 49.9, 0
2018-10-21 16:46:10 (5637887988773) STATS - 50.0, 0
2018-10-21 16:46:10 (5637888168378) STATS - 50.1, 0
2018-10-21 16:46:10 (5637888281381) STATS - 50.2, 0
2018-10-21 16:46:10 (5637888389384) STATS - 50.3, 0
2018-10-21 16:46:10 (5637888496086) STATS - 50.4, 0
2018-10-21 16:46:10 (5637888602489) STATS - 50.5, 0
2018-10-21 16:46:10 (5637888686092) STATS - 50.6, 0
2018-10-21 16:46:10 (5637888791595) STATS - 50.7, 0
2018-10-21 16:46:10 (5637888881597) STATS - 50.8, 0
2018-10-21 16:46:10 (5637888988200) STATS - 50.9, 0
2018-10-21 16:46:10 (5637889089703) STATS - 51.0, 0
2018-10-21 16:46:10 (5637889267507) STATS - 51.1, 0
2018-10-21 16:46:10 (5637889422512) STATS - 51.2, 0
2018-10-21 16:46:10 (5637889543915) STATS - 51.3, 0
2018-10-21 16:46:10 (5637889678019) STATS - 51.4, 0
2018-10-21 16:46:10 (5637889785822) STATS - 51.5, 0
2018-10-21 16:46:10 (5637889891425) STATS - 51.6, 0
2018-10-21 16:46:10 (5637889996227) STATS - 51.7, 0
2018-10-21 16:46:10 (5637890101630) STATS - 51.8, 0
2018-10-21 16:46:10 (5637890208133) STATS - 51.9, 0
2018-10-21 16:46:10 (5637890288835) STATS - 52.0, 0
2018-10-21 16:46:10 (5637890371338) STATS - 52.1, 0
2018-10-21 16:46:10 (5637890453640) STATS - 52.2, 0
2018-10-21 16:46:10 (5637890558743) STATS - 52.3, 0
2018-10-21 16:46:10 (5637890672046) STATS - 52.4, 0
2018-10-21 16:46:10 (5637890777849) STATS - 52.5, 0
2018-10-21 16:46:10 (5637890886852) STATS - 52.6, 0
2018-10-21 16:46:10 (5637890992055) STATS - 52.7, 0
2018-10-21 16:46:10 (5637891097657) STATS - 52.8, 0
2018-10-21 16:46:10 (5637891207860) STATS - 52.9, 0
2018-10-21 16:46:10 (5637891309863) STATS - 53.0, 0
2018-10-21 16:46:10 (5637891413566) STATS - 53.1, 1
2018-10-21 16:46:10 (5637891519369) STATS - 53.2, 0
2018-10-21 16:46:10 (5637897233425) STATS - 53.3, 0
2018-10-21 16:46:10 (5637897379229) STATS - 53.4, 1
2018-10-21 16:46:10 (5637897488532) STATS - 53.5, 0
2018-10-21 16:46:10 (5637897573834) STATS - 53.6, 0
2018-10-21 16:46:10 (5637897679337) STATS - 53.7, 0
2018-10-21 16:46:10 (5637897868442) STATS - 53.8, 0
2018-10-21 16:46:10 (5637897959545) STATS - 53.9, 0
2018-10-21 16:46:10 (5637898063347) STATS - 54.0, 0
2018-10-21 16:46:10 (5637898152150) STATS - 54.1, 1
2018-10-21 16:46:10 (5637898256953) STATS - 54.2, 0
2018-10-21 16:46:10 (5637898368556) STATS - 54.3, 0
2018-10-21 16:46:10 (5637898475659) STATS - 54.4, 0
2018-10-21 16:46:10 (5637898559661) STATS - 54.5, 0
2018-10-21 16:46:10 (5637898663564) STATS - 54.6, 0
2018-10-21 16:46:10 (5637898747266) STATS - 54.7, 0
2018-10-21 16:46:10 (5637898852369) STATS - 54.8, 0
2018-10-21 16:46:10 (5637898939371) STATS - 54.9, 0
2018-10-21 16:46:10 (5637899039874) STATS - 55.0, 2
2018-10-21 16:46:10 (5637899144977) STATS - 55.1, 0
2018-10-21 16:46:10 (5637899255180) STATS - 55.2, 1
2018-10-21 16:46:10 (5637899342982) STATS - 55.3, 0
2018-10-21 16:46:10 (5637899448585) STATS - 55.4, 0
2018-10-21 16:46:10 (5637899554188) STATS - 55.5, 0
2018-10-21 16:46:10 (5637899659691) STATS - 55.6, 0
2018-10-21 16:46:10 (5637899746893) STATS - 55.7, 0
2018-10-21 16:46:10 (5637899852196) STATS - 55.8, 0
2018-10-21 16:46:10 (5637899958599) STATS - 55.9, 0
2018-10-21 16:46:10 (5637900081302) STATS - 56.0, 0
2018-10-21 16:46:10 (5637900191305) STATS - 56.1, 0
2018-10-21 16:46:10 (5637900315409) STATS - 56.2, 0
2018-10-21 16:46:10 (5637900445712) STATS - 56.3, 0
2018-10-21 16:46:10 (5637900552815) STATS - 56.4, 0
2018-10-21 16:46:10 (5637900655318) STATS - 56.5, 0
2018-10-21 16:46:10 (5637900758121) STATS - 56.6, 0
2018-10-21 16:46:10 (5637900861024) STATS - 56.7, 0
2018-10-21 16:46:10 (5637900963626) STATS - 56.8, 0
2018-10-21 16:46:10 (5637901066629) STATS - 56.9, 0
2018-10-21 16:46:10 (5637901188133) STATS - 57.0, 0
2018-10-21 16:46:10 (5637907033592) STATS - 57.1, 0
2018-10-21 16:46:10 (5637907248498) STATS - 57.2, 0
2018-10-21 16:46:10 (5637907329700) STATS - 57.3, 0
2018-10-21 16:46:10 (5637907429903) STATS - 57.4, 0
2018-10-21 16:46:10 (5637907515205) STATS - 57.5, 0
2018-10-21 16:46:10 (5637907614808) STATS - 57.6, 0
2018-10-21 16:46:10 (5637907690510) STATS - 57.7, 0
2018-10-21 16:46:10 (5637907788413) STATS - 57.8, 0
2018-10-21 16:46:10 (5637907865715) STATS - 57.9, 0
2018-10-21 16:46:10 (5637907961917) STATS - 58.0, 0
2018-10-21 16:46:10 (5637908059720) STATS - 58.1, 0
2018-10-21 16:46:10 (5637908158123) STATS - 58.2, 0
2018-10-21 16:46:10 (5637908233725) STATS - 58.3, 0
2018-10-21 16:46:10 (5637908331127) STATS - 58.4, 0
2018-10-21 16:46:10 (5637908456931) STATS - 58.5, 0
2018-10-21 16:46:10 (5637908566934) STATS - 58.6, 0
2018-10-21 16:46:10 (5637908644236) STATS - 58.7, 0
2018-10-21 16:46:10 (5637908783440) STATS - 58.8, 0
2018-10-21 16:46:10 (5637908886243) STATS - 58.9, 0
2018-10-21 16:46:10 (5637908982745) STATS - 59.0, 0
2018-10-21 16:46:10 (5637909079748) STATS - 59.1, 0
2018-10-21 16:46:10 (5637909175950) STATS - 59.2, 0
2018-10-21 16:46:10 (5637909273653) STATS - 59.3, 0
2018-10-21 16:46:10 (5637909371456) STATS - 59.4, 0
2018-10-21 16:46:10 (5637909469158) STATS - 59.5, 0
2018-10-21 16:46:10 (5637909566461) STATS - 59.6, 0
2018-10-21 16:46:10 (5637909664264) STATS - 59.7, 0
2018-10-21 16:46:10 (5637909762566) STATS - 59.8, 0
2018-10-21 16:46:10 (5637909860969) STATS - 59.9, 0
2018-10-21 16:46:10 (5637909964972) STATS - 60.0, 0
2018-10-21 16:46:10 (5637910063975) STATS - 60.1, 0
2018-10-21 16:46:10 (5637910159177) STATS - 60.2, 0
2018-10-21 16:46:10 (5637910255280) STATS - 60.3, 0
2018-10-21 16:46:10 (5637910351382) STATS - 60.4, 0
2018-10-21 16:46:10 (5637910446785) STATS - 60.5, 0
2018-10-21 16:46:10 (5637910547188) STATS - 60.6, 0
2018-10-21 16:46:10 (5637910644190) STATS - 60.7, 0
2018-10-21 16:46:10 (5637910739793) STATS - 60.8, 0
2018-10-21 16:46:10 (5637910835896) STATS - 60.9, 0
2018-10-21 16:46:10 (5637910935098) STATS - 61.0, 0
2018-10-21 16:46:10 (5637916746457) STATS - 61.1, 0
2018-10-21 16:46:10 (5637916852760) STATS - 61.2, 0
2018-10-21 16:46:10 (5637916925462) STATS - 61.3, 0
2018-10-21 16:46:10 (5637917018164) STATS - 61.4, 0
2018-10-21 16:46:10 (5637917088266) STATS - 61.5, 0
2018-10-21 16:46:10 (5637917179669) STATS - 61.6, 0
2018-10-21 16:46:10 (5637917271371) STATS - 61.7, 0
2018-10-21 16:46:10 (5637917363574) STATS - 61.8, 0
2018-10-21 16:46:10 (5637917546379) STATS - 61.9, 0
2018-10-21 16:46:10 (5637917657882) STATS - 62.0, 0
2018-10-21 16:46:10 (5637917757084) STATS - 62.1, 0
2018-10-21 16:46:10 (5637917878588) STATS - 62.2, 0
2018-10-21 16:46:10 (5637918009691) STATS - 62.3, 0
2018-10-21 16:46:10 (5637918152495) STATS - 62.4, 0
2018-10-21 16:46:10 (5637918285399) STATS - 62.5, 0
2018-10-21 16:46:10 (5637918359501) STATS - 62.6, 0
2018-10-21 16:46:10 (5637918449803) STATS - 62.7, 0
2018-10-21 16:46:10 (5637918580107) STATS - 62.8, 0
2018-10-21 16:46:10 (5637918651109) STATS - 62.9, 0
2018-10-21 16:46:10 (5637918747811) STATS - 63.0, 0
2018-10-21 16:46:10 (5637918839914) STATS - 63.1, 0
2018-10-21 16:46:10 (5637918931416) STATS - 63.2, 0
2018-10-21 16:46:10 (5637919027019) STATS - 63.3, 0
2018-10-21 16:46:10 (5637919140222) STATS - 63.4, 0
2018-10-21 16:46:10 (5637919209924) STATS - 63.5, 0
2018-10-21 16:46:10 (5637919299526) STATS - 63.6, 0
2018-10-21 16:46:10 (5637919367528) STATS - 63.7, 0
2018-10-21 16:46:10 (5637919456831) STATS - 63.8, 0
2018-10-21 16:46:10 (5637919526033) STATS - 63.9, 0
2018-10-21 16:46:10 (5637919621035) STATS - 64.0, 0
2018-10-21 16:46:10 (5637919690837) STATS - 64.1, 0
2018-10-21 16:46:10 (5637919758039) STATS - 64.2, 0
2018-10-21 16:46:10 (5637919830041) STATS - 64.3, 0
2018-10-21 16:46:10 (5637919932444) STATS - 64.4, 0
2018-10-21 16:46:10 (5637920043647) STATS - 64.5, 0
2018-10-21 16:46:10 (5637920121349) STATS - 64.6, 0
2018-10-21 16:46:10 (5637920190051) STATS - 64.7, 0
2018-10-21 16:46:10 (5637920258053) STATS - 64.8, 0
2018-10-21 16:46:10 (5637920325054) STATS - 64.9, 0
2018-10-21 16:46:10 (5637920393456) STATS - 65.0, 0
2018-10-21 16:46:10 (5637920494159) STATS - 65.1, 0
2018-10-21 16:46:10 (5637926326018) STATS - 65.2, 0
2018-10-21 16:46:10 (5637926457322) STATS - 65.3, 0
2018-10-21 16:46:10 (5637926551524) STATS - 65.4, 0
2018-10-21 16:46:10 (5637926642727) STATS - 65.5, 0
2018-10-21 16:46:10 (5637926733629) STATS - 65.6, 0
2018-10-21 16:46:10 (5637926824332) STATS - 65.7, 0
2018-10-21 16:46:10 (5637926965936) STATS - 65.8, 0
2018-10-21 16:46:10 (5637927064138) STATS - 65.9, 0
2018-10-21 16:46:10 (5637927155441) STATS - 66.0, 0
2018-10-21 16:46:10 (5637927294645) STATS - 66.1, 0
2018-10-21 16:46:10 (5637927441449) STATS - 66.2, 0
2018-10-21 16:46:10 (5637927510650) STATS - 66.3, 0
2018-10-21 16:46:10 (5637927604153) STATS - 66.4, 0
2018-10-21 16:46:10 (5637927716556) STATS - 66.5, 0
2018-10-21 16:46:10 (5637927809459) STATS - 66.6, 0
2018-10-21 16:46:10 (5637927904061) STATS - 66.7, 0
2018-10-21 16:46:10 (5637927994664) STATS - 66.8, 0
2018-10-21 16:46:10 (5637928115867) STATS - 66.9, 0
2018-10-21 16:46:10 (5637928206269) STATS - 67.0, 0
2018-10-21 16:46:10 (5637928332373) STATS - 67.1, 0
2018-10-21 16:46:10 (5637928441776) STATS - 67.2, 0
2018-10-21 16:46:10 (5637928536278) STATS - 67.3, 0
2018-10-21 16:46:10 (5637928625281) STATS - 67.4, 0
2018-10-21 16:46:10 (5637928692183) STATS - 67.5, 0
2018-10-21 16:46:10 (5637928761385) STATS - 67.6, 0
2018-10-21 16:46:10 (5637928853687) STATS - 67.7, 1
2018-10-21 16:46:10 (5637928946990) STATS - 67.8, 0
2018-10-21 16:46:10 (5637929160995) STATS - 67.9, 0
2018-10-21 16:46:10 (5637929256498) STATS - 68.0, 0
2018-10-21 16:46:10 (5637929346100) STATS - 68.1, 0
2018-10-21 16:46:10 (5637929434203) STATS - 68.2, 0
2018-10-21 16:46:10 (5637929523105) STATS - 68.3, 0
2018-10-21 16:46:10 (5637929611508) STATS - 68.4, 0
2018-10-21 16:46:10 (5637929699910) STATS - 68.5, 0
2018-10-21 16:46:10 (5637929789613) STATS - 68.6, 0
2018-10-21 16:46:10 (5637929897516) STATS - 68.7, 0
2018-10-21 16:46:10 (5637929993218) STATS - 68.8, 0
2018-10-21 16:46:10 (5637930108821) STATS - 68.9, 0
2018-10-21 16:46:10 (5637930205424) STATS - 69.0, 0
2018-10-21 16:46:10 (5637930294026) STATS - 69.1, 0
2018-10-21 16:46:10 (5637930382429) STATS - 69.2, 0
2018-10-21 16:46:10 (5637930453331) STATS - 69.3, 0
2018-10-21 16:46:10 (5637936338991) STATS - 69.4, 0
2018-10-21 16:46:10 (5637936476795) STATS - 69.5, 0
2018-10-21 16:46:10 (5637936576698) STATS - 69.6, 0
2018-10-21 16:46:10 (5637936671600) STATS - 69.7, 0
2018-10-21 16:46:10 (5637936760603) STATS - 69.8, 0
2018-10-21 16:46:10 (5637936848005) STATS - 69.9, 0
2018-10-21 16:46:10 (5637936937007) STATS - 70.0, 0
2018-10-21 16:46:10 (5637937025610) STATS - 70.1, 0
2018-10-21 16:46:10 (5637937112812) STATS - 70.2, 0
2018-10-21 16:46:10 (5637937200715) STATS - 70.3, 0
2018-10-21 16:46:10 (5637937288017) STATS - 70.4, 0
2018-10-21 16:46:10 (5637937352819) STATS - 70.5, 0
2018-10-21 16:46:10 (5637937428621) STATS - 70.6, 0
2018-10-21 16:46:10 (5637937497323) STATS - 70.7, 0
2018-10-21 16:46:10 (5637937564025) STATS - 70.8, 0
2018-10-21 16:46:10 (5637937681328) STATS - 70.9, 0
2018-10-21 16:46:10 (5637937772330) STATS - 71.0, 0
2018-10-21 16:46:10 (5637937860433) STATS - 71.1, 0
2018-10-21 16:46:10 (5637937979936) STATS - 71.2, 0
2018-10-21 16:46:10 (5637938070238) STATS - 71.3, 0
2018-10-21 16:46:10 (5637938158141) STATS - 71.4, 0
2018-10-21 16:46:10 (5637938245843) STATS - 71.5, 0
2018-10-21 16:46:10 (5637938334946) STATS - 71.6, 0
2018-10-21 16:46:10 (5637938422948) STATS - 71.7, 0
2018-10-21 16:46:10 (5637938511350) STATS - 71.8, 0
2018-10-21 16:46:10 (5637938599853) STATS - 71.9, 0
2018-10-21 16:46:10 (5637938669555) STATS - 72.0, 0
2018-10-21 16:46:10 (5637938757457) STATS - 72.1, 0
2018-10-21 16:46:10 (5637938844760) STATS - 72.2, 0
2018-10-21 16:46:10 (5637938932962) STATS - 72.3, 0
2018-10-21 16:46:10 (5637939020664) STATS - 72.4, 0
2018-10-21 16:46:10 (5637939107967) STATS - 72.5, 0
2018-10-21 16:46:10 (5637939195469) STATS - 72.6, 0
2018-10-21 16:46:10 (5637939282371) STATS - 72.7, 0
2018-10-21 16:46:10 (5637939369474) STATS - 72.8, 0
2018-10-21 16:46:10 (5637939456476) STATS - 72.9, 0
2018-10-21 16:46:10 (5637939543879) STATS - 73.0, 0
2018-10-21 16:46:10 (5637939631481) STATS - 73.1, 0
2018-10-21 16:46:10 (5637939718183) STATS - 73.2, 0
2018-10-21 16:46:10 (5637939805586) STATS - 73.3, 0
2018-10-21 16:46:10 (5637939892988) STATS - 73.4, 0
2018-10-21 16:46:10 (5637939979690) STATS - 73.5, 0
2018-10-21 16:46:10 (5637940084393) STATS - 73.6, 0
2018-10-21 16:46:10 (5637940171996) STATS - 73.7, 0
2018-10-21 16:46:10 (5637940259398) STATS - 73.8, 0
2018-10-21 16:46:10 (5637940345900) STATS - 73.9, 0
2018-10-21 16:46:10 (5637940434203) STATS - 74.0, 0
2018-10-21 16:46:10 (5637946325764) STATS - 74.1, 0
2018-10-21 16:46:10 (5637946424966) STATS - 74.2, 0
2018-10-21 16:46:10 (5637946598071) STATS - 74.3, 0
2018-10-21 16:46:10 (5637946699274) STATS - 74.4, 0
2018-10-21 16:46:10 (5637946787676) STATS - 74.5, 0
2018-10-21 16:46:10 (5637946854378) STATS - 74.6, 0
2018-10-21 16:46:10 (5637946941180) STATS - 74.7, 0
2018-10-21 16:46:10 (5637947035083) STATS - 74.8, 0
2018-10-21 16:46:10 (5637947141986) STATS - 74.9, 0
2018-10-21 16:46:10 (5637947231688) STATS - 75.0, 0
2018-10-21 16:46:10 (5637947419193) STATS - 75.1, 0
2018-10-21 16:46:10 (5637947556397) STATS - 75.2, 0
2018-10-21 16:46:10 (5637947655500) STATS - 75.3, 0
2018-10-21 16:46:10 (5637947744302) STATS - 75.4, 0
2018-10-21 16:46:10 (5637947810704) STATS - 75.5, 0
2018-10-21 16:46:10 (5637947914207) STATS - 75.6, 0
2018-10-21 16:46:10 (5637948044910) STATS - 75.7, 1
2018-10-21 16:46:10 (5637948185214) STATS - 75.8, 0
2018-10-21 16:46:10 (5637948289917) STATS - 75.9, 0
2018-10-21 16:46:10 (5637948378420) STATS - 76.0, 0
2018-10-21 16:46:10 (5637948466522) STATS - 76.1, 0
2018-10-21 16:46:10 (5637948553324) STATS - 76.2, 0
2018-10-21 16:46:10 (5637948680028) STATS - 76.3, 0
2018-10-21 16:46:10 (5637948772530) STATS - 76.4, 0
2018-10-21 16:46:10 (5637948859533) STATS - 76.5, 0
2018-10-21 16:46:10 (5637948946035) STATS - 76.6, 0
2018-10-21 16:46:10 (5637949010337) STATS - 76.7, 0
2018-10-21 16:46:10 (5637949110339) STATS - 76.8, 0
2018-10-21 16:46:10 (5637949217042) STATS - 76.9, 0
2018-10-21 16:46:10 (5637949308345) STATS - 77.0, 0
2018-10-21 16:46:10 (5637949394447) STATS - 77.1, 0
2018-10-21 16:46:10 (5637949480350) STATS - 77.2, 0
2018-10-21 16:46:10 (5637949567252) STATS - 77.3, 0
2018-10-21 16:46:10 (5637949652954) STATS - 77.4, 0
2018-10-21 16:46:10 (5637949766357) STATS - 77.5, 0
2018-10-21 16:46:10 (5637949857760) STATS - 77.6, 0
2018-10-21 16:46:10 (5637949944362) STATS - 77.7, 0
2018-10-21 16:46:10 (5637950029665) STATS - 77.8, 0
2018-10-21 16:46:10 (5637950114767) STATS - 77.9, 0
2018-10-21 16:46:10 (5637950200869) STATS - 78.0, 0
2018-10-21 16:46:10 (5637950286972) STATS - 78.1, 0
2018-10-21 16:46:10 (5637956197033) STATS - 78.2, 0
2018-10-21 16:46:10 (5637956339537) STATS - 78.3, 0
2018-10-21 16:46:10 (5637956434039) STATS - 78.4, 0
2018-10-21 16:46:10 (5637956520142) STATS - 78.5, 0
2018-10-21 16:46:10 (5637956605944) STATS - 78.6, 0
2018-10-21 16:46:10 (5637956690746) STATS - 78.7, 0
2018-10-21 16:46:10 (5637956775849) STATS - 78.8, 0
2018-10-21 16:46:10 (5637956912052) STATS - 78.9, 0
2018-10-21 16:46:10 (5637957001455) STATS - 79.0, 0
2018-10-21 16:46:10 (5637957086357) STATS - 79.1, 0
2018-10-21 16:46:10 (5637957188260) STATS - 79.2, 0
2018-10-21 16:46:10 (5637957275662) STATS - 79.3, 0
2018-10-21 16:46:10 (5637957359864) STATS - 79.4, 0
2018-10-21 16:46:10 (5637957444467) STATS - 79.5, 0
2018-10-21 16:46:10 (5637957530069) STATS - 79.6, 0
2018-10-21 16:46:10 (5637957613771) STATS - 79.7, 0
2018-10-21 16:46:10 (5637957697674) STATS - 79.8, 0
2018-10-21 16:46:10 (5637957781576) STATS - 79.9, 0
2018-10-21 16:46:10 (5637957867378) STATS - 80.0, 0
2018-10-21 16:46:10 (5637957977981) STATS - 80.1, 0
2018-10-21 16:46:10 (5637958062584) STATS - 80.2, 0
2018-10-21 16:46:10 (5637958147386) STATS - 80.3, 0
2018-10-21 16:46:10 (5637958231688) STATS - 80.4, 0
2018-10-21 16:46:10 (5637958315591) STATS - 80.5, 0
2018-10-21 16:46:10 (5637958379692) STATS - 80.6, 0
2018-10-21 16:46:10 (5637958472895) STATS - 80.7, 0
2018-10-21 16:46:10 (5637958572598) STATS - 80.8, 0
2018-10-21 16:46:10 (5637958658900) STATS - 80.9, 0
2018-10-21 16:46:10 (5637958721702) STATS - 81.0, 0
2018-10-21 16:46:10 (5637958783703) STATS - 81.1, 0
2018-10-21 16:46:10 (5637958866606) STATS - 81.2, 0
2018-10-21 16:46:10 (5637958951208) STATS - 81.3, 0
2018-10-21 16:46:10 (5637959035910) STATS - 81.4, 0
2018-10-21 16:46:10 (5637959101312) STATS - 81.5, 0
2018-10-21 16:46:10 (5637959184714) STATS - 81.6, 0
2018-10-21 16:46:10 (5637959272917) STATS - 81.7, 0
2018-10-21 16:46:10 (5637959357319) STATS - 81.8, 0
2018-10-21 16:46:10 (5637959440621) STATS - 81.9, 0
2018-10-21 16:46:10 (5637959524923) STATS - 82.0, 0
2018-10-21 16:46:10 (5637959609126) STATS - 82.1, 0
2018-10-21 16:46:10 (5637959692528) STATS - 82.2, 0
2018-10-21 16:46:10 (5637959844332) STATS - 82.3, 0
2018-10-21 16:46:10 (5637959931235) STATS - 82.4, 0
2018-10-21 16:46:10 (5637960033137) STATS - 82.5, 0
2018-10-21 16:46:10 (5637960122140) STATS - 82.6, 0
2018-10-21 16:46:10 (5637960208642) STATS - 82.7, 0
2018-10-21 16:46:11 (5637966165505) STATS - 82.8, 0
2018-10-21 16:46:11 (5637966290008) STATS - 82.9, 0
2018-10-21 16:46:11 (5637966385311) STATS - 83.0, 0
2018-10-21 16:46:11 (5637966470713) STATS - 83.1, 0
2018-10-21 16:46:11 (5637966554115) STATS - 83.2, 0
2018-10-21 16:46:11 (5637966637217) STATS - 83.3, 0
2018-10-21 16:46:11 (5637966720420) STATS - 83.4, 0
2018-10-21 16:46:11 (5637966825223) STATS - 83.5, 0
2018-10-21 16:46:11 (5637966910325) STATS - 83.6, 0
2018-10-21 16:46:11 (5637967021928) STATS - 83.7, 0
2018-10-21 16:46:11 (5637967107130) STATS - 83.8, 0
2018-10-21 16:46:11 (5637967195533) STATS - 83.9, 0
2018-10-21 16:46:11 (5637967279335) STATS - 84.0, 0
2018-10-21 16:46:11 (5637967341537) STATS - 84.1, 0
2018-10-21 16:46:11 (5637967402038) STATS - 84.2, 0
2018-10-21 16:46:11 (5637967484041) STATS - 84.3, 0
2018-10-21 16:46:11 (5637967545642) STATS - 84.4, 0
2018-10-21 16:46:11 (5637967606044) STATS - 84.5, 0
2018-10-21 16:46:11 (5637967665945) STATS - 84.6, 0
2018-10-21 16:46:11 (5637967725047) STATS - 84.7, 0
2018-10-21 16:46:11 (5637967783649) STATS - 84.8, 0
2018-10-21 16:46:11 (5637967842250) STATS - 84.9, 0
2018-10-21 16:46:11 (5637967902352) STATS - 85.0, 0
2018-10-21 16:46:11 (5637967967054) STATS - 85.1, 0
2018-10-21 16:46:11 (5637968050256) STATS - 85.2, 0
2018-10-21 16:46:11 (5637968111858) STATS - 85.3, 0
2018-10-21 16:46:11 (5637968170259) STATS - 85.4, 0
2018-10-21 16:46:11 (5637968252461) STATS - 85.5, 0
2018-10-21 16:46:11 (5637968313963) STATS - 85.6, 0
2018-10-21 16:46:11 (5637968373365) STATS - 85.7, 0
2018-10-21 16:46:11 (5637968433166) STATS - 85.8, 0
2018-10-21 16:46:11 (5637968577270) STATS - 85.9, 0
2018-10-21 16:46:11 (5637968643872) STATS - 86.0, 0
2018-10-21 16:46:11 (5637968724974) STATS - 86.1, 0
2018-10-21 16:46:11 (5637968804577) STATS - 86.2, 0
2018-10-21 16:46:11 (5637968884279) STATS - 86.3, 0
2018-10-21 16:46:11 (5637968963381) STATS - 86.4, 0
2018-10-21 16:46:11 (5637969041983) STATS - 86.5, 0
2018-10-21 16:46:11 (5637969122085) STATS - 86.6, 0
2018-10-21 16:46:11 (5637969238988) STATS - 86.7, 0
2018-10-21 16:46:11 (5637969325391) STATS - 86.8, 0
2018-10-21 16:46:11 (5637969405193) STATS - 86.9, 0
2018-10-21 16:46:11 (5637969483795) STATS - 87.0, 0
2018-10-21 16:46:11 (5637969562997) STATS - 87.1, 0
2018-10-21 16:46:11 (5637969641099) STATS - 87.2, 0
2018-10-21 16:46:11 (5637969719501) STATS - 87.3, 0
2018-10-21 16:46:11 (5637969797104) STATS - 87.4, 0
2018-10-21 16:46:11 (5637969875706) STATS - 87.5, 0
2018-10-21 16:46:11 (5637969954108) STATS - 87.6, 0
2018-10-21 16:46:11 (5637970091412) STATS - 87.7, 0
2018-10-21 16:46:11 (5637976099075) STATS - 87.8, 0
2018-10-21 16:46:11 (5637976235679) STATS - 87.9, 0
2018-10-21 16:46:11 (5637976389283) STATS - 88.0, 0
2018-10-21 16:46:11 (5637976463085) STATS - 88.1, 0
2018-10-21 16:46:11 (5637976546088) STATS - 88.2, 0
2018-10-21 16:46:11 (5637976605589) STATS - 88.3, 0
2018-10-21 16:46:11 (5637976681791) STATS - 88.4, 0
2018-10-21 16:46:11 (5637976736593) STATS - 88.5, 0
2018-10-21 16:46:11 (5637976794294) STATS - 88.6, 0
2018-10-21 16:46:11 (5637976868996) STATS - 88.7, 0
2018-10-21 16:46:11 (5637976923698) STATS - 88.8, 0
2018-10-21 16:46:11 (5637977001900) STATS - 88.9, 0
2018-10-21 16:46:11 (5637977096503) STATS - 89.0, 0
2018-10-21 16:46:11 (5637977179705) STATS - 89.1, 0
2018-10-21 16:46:11 (5637977235106) STATS - 89.2, 0
2018-10-21 16:46:11 (5637977309908) STATS - 89.3, 0
2018-10-21 16:46:11 (5637977366610) STATS - 89.4, 0
2018-10-21 16:46:11 (5637977440512) STATS - 89.5, 0
2018-10-21 16:46:11 (5637977515314) STATS - 89.6, 0
2018-10-21 16:46:11 (5637977614617) STATS - 89.7, 0
2018-10-21 16:46:11 (5637977696519) STATS - 89.8, 0
2018-10-21 16:46:11 (5637977775621) STATS - 89.9, 0
2018-10-21 16:46:11 (5637977896824) STATS - 90.0, 0
2018-10-21 16:46:11 (5637977978027) STATS - 90.1, 0
2018-10-21 16:46:11 (5637978052629) STATS - 90.2, 0
2018-10-21 16:46:11 (5637978127531) STATS - 90.3, 0
2018-10-21 16:46:11 (5637978202933) STATS - 90.4, 0
2018-10-21 16:46:11 (5637978277435) STATS - 90.5, 0
2018-10-21 16:46:11 (5637978352237) STATS - 90.6, 0
2018-10-21 16:46:11 (5637978426239) STATS - 90.7, 0
2018-10-21 16:46:11 (5637978500941) STATS - 90.8, 0
2018-10-21 16:46:11 (5637978576143) STATS - 90.9, 0
2018-10-21 16:46:11 (5637978651445) STATS - 91.0, 0
2018-10-21 16:46:11 (5637978726247) STATS - 91.1, 0
2018-10-21 16:46:11 (5637978800649) STATS - 91.2, 0
2018-10-21 16:46:11 (5637978875651) STATS - 91.3, 0
2018-10-21 16:46:11 (5637978949053) STATS - 91.4, 0
2018-10-21 16:46:11 (5637979022955) STATS - 91.5, 0
2018-10-21 16:46:11 (5637979096957) STATS - 91.6, 0
2018-10-21 16:46:11 (5637979171159) STATS - 91.7, 0
2018-10-21 16:46:11 (5637979245861) STATS - 91.8, 0
2018-10-21 16:46:11 (5637979320763) STATS - 91.9, 0
2018-10-21 16:46:11 (5637979395465) STATS - 92.0, 0
2018-10-21 16:46:11 (5637979470667) STATS - 92.1, 0
2018-10-21 16:46:11 (5637979545569) STATS - 92.2, 0
2018-10-21 16:46:11 (5637979620071) STATS - 92.3, 0
2018-10-21 16:46:11 (5637979694774) STATS - 92.4, 0
2018-10-21 16:46:11 (5637979768476) STATS - 92.5, 0
2018-10-21 16:46:11 (5637979842378) STATS - 92.6, 0
2018-10-21 16:46:11 (5637979916280) STATS - 92.7, 0
2018-10-21 16:46:11 (5637979990882) STATS - 92.8, 0
2018-10-21 16:46:11 (5637985914943) STATS - 92.9, 0
2018-10-21 16:46:11 (5637986055047) STATS - 93.0, 0
2018-10-21 16:46:11 (5637986130149) STATS - 93.1, 0
2018-10-21 16:46:11 (5637986204451) STATS - 93.2, 0
2018-10-21 16:46:11 (5637986289853) STATS - 93.3, 0
2018-10-21 16:46:11 (5637986361455) STATS - 93.4, 0
2018-10-21 16:46:11 (5637986431257) STATS - 93.5, 0
2018-10-21 16:46:11 (5637986517260) STATS - 93.6, 0
2018-10-21 16:46:11 (5637986569461) STATS - 93.7, 0
2018-10-21 16:46:11 (5637986615562) STATS - 93.8, 0
2018-10-21 16:46:11 (5637986683764) STATS - 93.9, 0
2018-10-21 16:46:11 (5637986753366) STATS - 94.0, 0
2018-10-21 16:46:11 (5637986839868) STATS - 94.1, 0
2018-10-21 16:46:11 (5637986912570) STATS - 94.2, 0
2018-10-21 16:46:11 (5637986980772) STATS - 94.3, 0
2018-10-21 16:46:11 (5637987049074) STATS - 94.4, 0
2018-10-21 16:46:11 (5637987116776) STATS - 94.5, 0
2018-10-21 16:46:11 (5637987223479) STATS - 94.6, 0
2018-10-21 16:46:11 (5637987299981) STATS - 94.7, 0
2018-10-21 16:46:11 (5637987369583) STATS - 94.8, 0
2018-10-21 16:46:11 (5637987438285) STATS - 94.9, 0
2018-10-21 16:46:11 (5637987486286) STATS - 95.0, 0
2018-10-21 16:46:11 (5637987532587) STATS - 95.1, 0
2018-10-21 16:46:11 (5637987581289) STATS - 95.2, 0
2018-10-21 16:46:11 (5637987649290) STATS - 95.3, 0
2018-10-21 16:46:11 (5637987718092) STATS - 95.4, 0
2018-10-21 16:46:11 (5637987785994) STATS - 95.5, 0
2018-10-21 16:46:11 (5637987854796) STATS - 95.6, 0
2018-10-21 16:46:11 (5637987923098) STATS - 95.7, 0
2018-10-21 16:46:11 (5637987992200) STATS - 95.8, 0
2018-10-21 16:46:11 (5637988079002) STATS - 95.9, 0
2018-10-21 16:46:11 (5637988148704) STATS - 96.0, 0
2018-10-21 16:46:11 (5637988218206) STATS - 96.1, 0
2018-10-21 16:46:11 (5637988286808) STATS - 96.2, 0
2018-10-21 16:46:11 (5637988355810) STATS - 96.3, 0
2018-10-21 16:46:11 (5637988424212) STATS - 96.4, 0
2018-10-21 16:46:11 (5637988492513) STATS - 96.5, 0
2018-10-21 16:46:11 (5637988561115) STATS - 96.6, 0
2018-10-21 16:46:11 (5637988629517) STATS - 96.7, 0
2018-10-21 16:46:11 (5637988698619) STATS - 96.8, 0
2018-10-21 16:46:11 (5637988766421) STATS - 96.9, 0
2018-10-21 16:46:11 (5637988835123) STATS - 97.0, 0
2018-10-21 16:46:11 (5637988948126) STATS - 97.1, 0
2018-10-21 16:46:11 (5637989021728) STATS - 97.2, 0
2018-10-21 16:46:11 (5637989068529) STATS - 97.3, 0
2018-10-21 16:46:11 (5637989135731) STATS - 97.4, 0
2018-10-21 16:46:11 (5637989203433) STATS - 97.5, 0
2018-10-21 16:46:11 (5637989271835) STATS - 97.6, 0
2018-10-21 16:46:11 (5637989339637) STATS - 97.7, 0
2018-10-21 16:46:11 (5637989407638) STATS - 97.8, 0
2018-10-21 16:46:11 (5637989525642) STATS - 97.9, 0
2018-10-21 16:46:11 (5637989599544) STATS - 98.0, 0
2018-10-21 16:46:11 (5637989668845) STATS - 98.1, 0
2018-10-21 16:46:11 (5637989737247) STATS - 98.2, 0
2018-10-21 16:46:11 (5637989806049) STATS - 98.3, 0
2018-10-21 16:46:11 (5637995644808) STATS - 98.4, 0
2018-10-21 16:46:11 (5637995818413) STATS - 98.5, 0
2018-10-21 16:46:11 (5637995899615) STATS - 98.6, 0
2018-10-21 16:46:11 (5637995968417) STATS - 98.7, 0
2018-10-21 16:46:11 (5637996051620) STATS - 98.8, 0
2018-10-21 16:46:11 (5637996119421) STATS - 98.9, 0
2018-10-21 16:46:11 (5637996186623) STATS - 99.0, 0
2018-10-21 16:46:11 (5637996254425) STATS - 99.1, 0
2018-10-21 16:46:11 (5637996320727) STATS - 99.2, 0
2018-10-21 16:46:11 (5637996387329) STATS - 99.3, 0
2018-10-21 16:46:11 (5637996453430) STATS - 99.4, 0
2018-10-21 16:46:11 (5637996519332) STATS - 99.5, 0
2018-10-21 16:46:11 (5637996585834) STATS - 99.6, 0
2018-10-21 16:46:11 (5637996652536) STATS - 99.7, 0
2018-10-21 16:46:11 (5637996719138) STATS - 99.8, 0
2018-10-21 16:46:11 (5637996785140) STATS - 99.9, 0
2018-10-21 16:46:11 (5637996852041) STATS - 100.0, 0
2018-10-21 16:46:11 (5637996919343) STATS - 100.1, 0
2018-10-21 16:46:11 (5637996985545) STATS - 100.2, 0
2018-10-21 16:46:11 (5637997052047) STATS - 100.3, 0
2018-10-21 16:46:11 (5637997118449) STATS - 100.4, 0
2018-10-21 16:46:11 (5637997184250) STATS - 100.5, 0
2018-10-21 16:46:11 (5637997251152) STATS - 100.6, 0
2018-10-21 16:46:11 (5637997351355) STATS - 100.7, 0
2018-10-21 16:46:11 (5637997463258) STATS - 100.8, 0
2018-10-21 16:46:11 (5637997535860) STATS - 100.9, 0
2018-10-21 16:46:11 (5637997582461) STATS - 101.0, 0
2018-10-21 16:46:11 (5637997627362) STATS - 101.1, 0
2018-10-21 16:46:11 (5637997711165) STATS - 101.2, 0
2018-10-21 16:46:11 (5637997762466) STATS - 101.3, 0
2018-10-21 16:46:11 (5637997805967) STATS - 101.4, 0
2018-10-21 16:46:11 (5637997852569) STATS - 101.5, 0
2018-10-21 16:46:11 (5637997901370) STATS - 101.6, 0
2018-10-21 16:46:11 (5637997967272) STATS - 101.7, 0
2018-10-21 16:46:11 (5637998054274) STATS - 101.8, 0
2018-10-21 16:46:11 (5637998124276) STATS - 101.9, 0
2018-10-21 16:46:11 (5637998173077) STATS - 102.0, 0
2018-10-21 16:46:11 (5637998233579) STATS - 102.1, 0
2018-10-21 16:46:11 (5637998304281) STATS - 102.2, 0
2018-10-21 16:46:11 (5637998349282) STATS - 102.3, 0
2018-10-21 16:46:11 (5637998391983) STATS - 102.4, 0
2018-10-21 16:46:11 (5637998456285) STATS - 102.5, 0
2018-10-21 16:46:11 (5637998503986) STATS - 102.6, 0
2018-10-21 16:46:11 (5637998569388) STATS - 102.7, 0
2018-10-21 16:46:11 (5637998635090) STATS - 102.8, 0
2018-10-21 16:46:11 (5637998700092) STATS - 102.9, 0
2018-10-21 16:46:11 (5637998765694) STATS - 103.0, 0
2018-10-21 16:46:11 (5637998831295) STATS - 103.1, 0
2018-10-21 16:46:11 (5637998897097) STATS - 103.2, 0
2018-10-21 16:46:11 (5637998961899) STATS - 103.3, 0
2018-10-21 16:46:11 (5637999026801) STATS - 103.4, 0
2018-10-21 16:46:11 (5637999091202) STATS - 103.5, 0
2018-10-21 16:46:11 (5637999156504) STATS - 103.6, 0
2018-10-21 16:46:11 (5637999222306) STATS - 103.7, 0
2018-10-21 16:46:11 (5637999267407) STATS - 103.8, 0
2018-10-21 16:46:11 (5637999309908) STATS - 103.9, 0
2018-10-21 16:46:11 (5637999374210) STATS - 104.0, 0
2018-10-21 16:46:11 (5637999440512) STATS - 104.1, 0
2018-10-21 16:46:11 (5637999506414) STATS - 104.2, 0
2018-10-21 16:46:11 (5637999572716) STATS - 104.3, 0
2018-10-21 16:46:11 (5637999638617) STATS - 104.4, 0
2018-10-21 16:46:11 (5638005482177) STATS - 104.5, 0
2018-10-21 16:46:11 (5638005576179) STATS - 104.6, 0
2018-10-21 16:46:11 (5638005623281) STATS - 104.7, 0
2018-10-21 16:46:11 (5638005690082) STATS - 104.8, 0
2018-10-21 16:46:11 (5638005755984) STATS - 104.9, 0
2018-10-21 16:46:11 (5638005802185) STATS - 105.0, 0
2018-10-21 16:46:11 (5638005868287) STATS - 105.1, 0
2018-10-21 16:46:11 (5638005913588) STATS - 105.2, 0
2018-10-21 16:46:11 (5638005978590) STATS - 105.3, 0
2018-10-21 16:46:11 (5638006044592) STATS - 105.4, 0
2018-10-21 16:46:11 (5638006109594) STATS - 105.5, 0
2018-10-21 16:46:11 (5638006179096) STATS - 105.6, 0
2018-10-21 16:46:11 (5638006272098) STATS - 105.7, 0
2018-10-21 16:46:11 (5638006343400) STATS - 105.8, 0
2018-10-21 16:46:11 (5638006410202) STATS - 105.9, 0
2018-10-21 16:46:11 (5638006476404) STATS - 106.0, 0
2018-10-21 16:46:11 (5638006543306) STATS - 106.1, 0
2018-10-21 16:46:11 (5638006608607) STATS - 106.2, 0
2018-10-21 16:46:11 (5638006656209) STATS - 106.3, 0
2018-10-21 16:46:11 (5638006726211) STATS - 106.4, 0
2018-10-21 16:46:11 (5638006796213) STATS - 106.5, 0
2018-10-21 16:46:11 (5638006862514) STATS - 106.6, 0
2018-10-21 16:46:11 (5638006928016) STATS - 106.7, 0
2018-10-21 16:46:11 (5638006993118) STATS - 106.8, 0
2018-10-21 16:46:11 (5638007057820) STATS - 106.9, 0
2018-10-21 16:46:11 (5638007123221) STATS - 107.0, 0
2018-10-21 16:46:11 (5638007272926) STATS - 107.1, 0
2018-10-21 16:46:11 (5638007340627) STATS - 107.2, 0
2018-10-21 16:46:11 (5638007407029) STATS - 107.3, 0
2018-10-21 16:46:11 (5638007472131) STATS - 107.4, 0
2018-10-21 16:46:11 (5638007537433) STATS - 107.5, 0
2018-10-21 16:46:11 (5638007603535) STATS - 107.6, 0
2018-10-21 16:46:11 (5638007668636) STATS - 107.7, 0
2018-10-21 16:46:11 (5638007734038) STATS - 107.8, 0
2018-10-21 16:46:11 (5638007799740) STATS - 107.9, 0
2018-10-21 16:46:11 (5638007865342) STATS - 108.0, 0
2018-10-21 16:46:11 (5638007935944) STATS - 108.1, 0
2018-10-21 16:46:11 (5638008017446) STATS - 108.2, 0
2018-10-21 16:46:11 (5638008086948) STATS - 108.3, 0
2018-10-21 16:46:11 (5638008153550) STATS - 108.4, 0
2018-10-21 16:46:11 (5638008217751) STATS - 108.5, 0
2018-10-21 16:46:11 (5638008262753) STATS - 108.6, 0
2018-10-21 16:46:11 (5638008350455) STATS - 108.7, 0
2018-10-21 16:46:11 (5638008421057) STATS - 108.8, 0
2018-10-21 16:46:11 (5638008486759) STATS - 108.9, 0
2018-10-21 16:46:11 (5638008552560) STATS - 109.0, 0
2018-10-21 16:46:11 (5638008623662) STATS - 109.1, 0
2018-10-21 16:46:11 (5638008690864) STATS - 109.2, 0
2018-10-21 16:46:11 (5638008756266) STATS - 109.3, 0
2018-10-21 16:46:11 (5638008824768) STATS - 109.4, 0
2018-10-21 16:46:11 (5638008890170) STATS - 109.5, 0
2018-10-21 16:46:11 (5638008955971) STATS - 109.6, 0
2018-10-21 16:46:11 (5638009021173) STATS - 109.7, 0
2018-10-21 16:46:11 (5638009086675) STATS - 109.8, 0
2018-10-21 16:46:11 (5638009152077) STATS - 109.9, 0
2018-10-21 16:46:11 (5638009218079) STATS - 110.0, 0
2018-10-21 16:46:11 (5638009284480) STATS - 110.1, 0
2018-10-21 16:46:11 (5638009349382) STATS - 110.2, 0
2018-10-21 16:46:11 (5638009415184) STATS - 110.3, 0
2018-10-21 16:46:11 (5638009480186) STATS - 110.4, 0
2018-10-21 16:46:11 (5638009546688) STATS - 110.5, 0
2018-10-21 16:46:11 (5638015397747) STATS - 110.6, 0
2018-10-21 16:46:11 (5638015508950) STATS - 110.7, 0
2018-10-21 16:46:11 (5638015581352) STATS - 110.8, 0
2018-10-21 16:46:11 (5638015647654) STATS - 110.9, 0
2018-10-21 16:46:11 (5638015713056) STATS - 111.0, 0
2018-10-21 16:46:11 (5638015778757) STATS - 111.1, 0
2018-10-21 16:46:11 (5638015843359) STATS - 111.2, 0
2018-10-21 16:46:11 (5638015887260) STATS - 111.3, 0
2018-10-21 16:46:11 (5638015951262) STATS - 111.4, 0
2018-10-21 16:46:11 (5638016030164) STATS - 111.5, 0
2018-10-21 16:46:11 (5638016097866) STATS - 111.6, 0
2018-10-21 16:46:11 (5638016162768) STATS - 111.7, 0
2018-10-21 16:46:11 (5638016226770) STATS - 111.8, 0
2018-10-21 16:46:11 (5638016290571) STATS - 111.9, 0
2018-10-21 16:46:11 (5638016334073) STATS - 112.0, 0
2018-10-21 16:46:11 (5638016398074) STATS - 112.1, 0
2018-10-21 16:46:11 (5638016462076) STATS - 112.2, 0
2018-10-21 16:46:11 (5638016526178) STATS - 112.3, 0
2018-10-21 16:46:11 (5638016589880) STATS - 112.4, 0
2018-10-21 16:46:11 (5638016653181) STATS - 112.5, 0
2018-10-21 16:46:11 (5638016717383) STATS - 112.6, 0
2018-10-21 16:46:11 (5638016781585) STATS - 112.7, 0
2018-10-21 16:46:11 (5638016845087) STATS - 112.8, 0
2018-10-21 16:46:11 (5638016908888) STATS - 112.9, 0
2018-10-21 16:46:11 (5638016972790) STATS - 113.0, 0
2018-10-21 16:46:11 (5638017037792) STATS - 113.1, 0
2018-10-21 16:46:11 (5638017107194) STATS - 113.2, 0
2018-10-21 16:46:11 (5638017176896) STATS - 113.3, 0
2018-10-21 16:46:11 (5638017241797) STATS - 113.4, 0
2018-10-21 16:46:11 (5638017306099) STATS - 113.5, 0
2018-10-21 16:46:11 (5638017370301) STATS - 113.6, 0
2018-10-21 16:46:11 (5638017434303) STATS - 113.7, 0
2018-10-21 16:46:11 (5638017498604) STATS - 113.8, 0
2018-10-21 16:46:11 (5638017562406) STATS - 113.9, 0
2018-10-21 16:46:11 (5638017632008) STATS - 114.0, 0
2018-10-21 16:46:11 (5638017697310) STATS - 114.1, 0
2018-10-21 16:46:11 (5638017761312) STATS - 114.2, 0
2018-10-21 16:46:11 (5638017825413) STATS - 114.3, 0
2018-10-21 16:46:11 (5638017889215) STATS - 114.4, 0
2018-10-21 16:46:11 (5638017952217) STATS - 114.5, 0
2018-10-21 16:46:11 (5638018016018) STATS - 114.6, 0
2018-10-21 16:46:11 (5638018079820) STATS - 114.7, 0
2018-10-21 16:46:11 (5638018144022) STATS - 114.8, 0
2018-10-21 16:46:11 (5638018208124) STATS - 114.9, 0
2018-10-21 16:46:11 (5638018271925) STATS - 115.0, 0
2018-10-21 16:46:11 (5638018336727) STATS - 115.1, 0
2018-10-21 16:46:11 (5638018400729) STATS - 115.2, 0
2018-10-21 16:46:11 (5638018469231) STATS - 115.3, 0
2018-10-21 16:46:11 (5638018534633) STATS - 115.4, 0
2018-10-21 16:46:11 (5638018645936) STATS - 115.5, 0
2018-10-21 16:46:11 (5638018712637) STATS - 115.6, 0
2018-10-21 16:46:11 (5638018776839) STATS - 115.7, 0
2018-10-21 16:46:11 (5638018820740) STATS - 115.8, 0
2018-10-21 16:46:11 (5638018862342) STATS - 115.9, 0
2018-10-21 16:46:11 (5638018911843) STATS - 116.0, 0
2018-10-21 16:46:11 (5638018956044) STATS - 116.1, 0
2018-10-21 16:46:11 (5638019019646) STATS - 116.2, 0
2018-10-21 16:46:11 (5638019083948) STATS - 116.3, 0
2018-10-21 16:46:11 (5638019147549) STATS - 116.4, 0
2018-10-21 16:46:11 (5638019210751) STATS - 116.5, 0
2018-10-21 16:46:11 (5638019274053) STATS - 116.6, 0
2018-10-21 16:46:11 (5638019337555) STATS - 116.7, 0
2018-10-21 16:46:11 (5638019401656) STATS - 116.8, 0
2018-10-21 16:46:11 (5638025227315) STATS - 116.9, 0
2018-10-21 16:46:11 (5638025277616) STATS - 117.0, 0
2018-10-21 16:46:11 (5638025363519) STATS - 117.1, 0
2018-10-21 16:46:11 (5638025433521) STATS - 117.2, 0
2018-10-21 16:46:11 (5638025477822) STATS - 117.3, 0
2018-10-21 16:46:11 (5638025541924) STATS - 117.4, 0
2018-10-21 16:46:11 (5638025587825) STATS - 117.5, 0
2018-10-21 16:46:11 (5638025650827) STATS - 117.6, 0
2018-10-21 16:46:11 (5638025694328) STATS - 117.7, 0
2018-10-21 16:46:11 (5638025757430) STATS - 117.8, 0
2018-10-21 16:46:11 (5638025848932) STATS - 117.9, 0
2018-10-21 16:46:11 (5638025894933) STATS - 118.0, 0
2018-10-21 16:46:11 (5638025963335) STATS - 118.1, 0
2018-10-21 16:46:11 (5638026028237) STATS - 118.2, 0
2018-10-21 16:46:11 (5638026071838) STATS - 118.3, 0
2018-10-21 16:46:11 (5638026112439) STATS - 118.4, 0
2018-10-21 16:46:11 (5638026174941) STATS - 118.5, 0
2018-10-21 16:46:11 (5638026227242) STATS - 118.6, 0
2018-10-21 16:46:11 (5638026291644) STATS - 118.7, 0
2018-10-21 16:46:11 (5638026334945) STATS - 118.8, 0
2018-10-21 16:46:11 (5638026380847) STATS - 118.9, 0
2018-10-21 16:46:11 (5638026445048) STATS - 119.0, 0
2018-10-21 16:46:11 (5638026488449) STATS - 119.1, 0
2018-10-21 16:46:11 (5638026551551) STATS - 119.2, 0
2018-10-21 16:46:11 (5638026595552) STATS - 119.3, 0
2018-10-21 16:46:11 (5638026636054) STATS - 119.4, 0
2018-10-21 16:46:11 (5638026696155) STATS - 119.5, 0
2018-10-21 16:46:11 (5638026737456) STATS - 119.6, 0
2018-10-21 16:46:11 (5638026775357) STATS - 119.7, 0
2018-10-21 16:46:11 (5638026816958) STATS - 119.8, 0
2018-10-21 16:46:11 (5638026877460) STATS - 119.9, 0
2018-10-21 16:46:11 (5638026919161) STATS - 120.0, 0
2018-10-21 16:46:11 (5638026980463) STATS - 120.1, 0
2018-10-21 16:46:11 (5638027074465) STATS - 120.2, 0
2018-10-21 16:46:11 (5638027139067) STATS - 120.3, 0
2018-10-21 16:46:11 (5638027180568) STATS - 120.4, 0
2018-10-21 16:46:11 (5638027219569) STATS - 120.5, 0
2018-10-21 16:46:11 (5638027280271) STATS - 120.6, 0
2018-10-21 16:46:11 (5638027341773) STATS - 120.7, 0
2018-10-21 16:46:11 (5638027382574) STATS - 120.8, 0
2018-10-21 16:46:11 (5638027443076) STATS - 120.9, 0
2018-10-21 16:46:11 (5638027484477) STATS - 121.0, 0
2018-10-21 16:46:11 (5638027584579) STATS - 121.1, 0
2018-10-21 16:46:11 (5638027651081) STATS - 121.2, 0
2018-10-21 16:46:11 (5638027713183) STATS - 121.3, 0
2018-10-21 16:46:11 (5638027774485) STATS - 121.4, 0
2018-10-21 16:46:11 (5638027815186) STATS - 121.5, 0
2018-10-21 16:46:11 (5638027875187) STATS - 121.6, 0
2018-10-21 16:46:11 (5638027936589) STATS - 121.7, 0
2018-10-21 16:46:11 (5638027997891) STATS - 121.8, 0
2018-10-21 16:46:11 (5638028077393) STATS - 121.9, 0
2018-10-21 16:46:11 (5638028139795) STATS - 122.0, 0
2018-10-21 16:46:11 (5638028234697) STATS - 122.1, 0
2018-10-21 16:46:11 (5638028300399) STATS - 122.2, 0
2018-10-21 16:46:11 (5638028362301) STATS - 122.3, 0
2018-10-21 16:46:11 (5638028423502) STATS - 122.4, 0
2018-10-21 16:46:11 (5638028485104) STATS - 122.5, 0
2018-10-21 16:46:11 (5638028546206) STATS - 122.6, 0
2018-10-21 16:46:11 (5638028607307) STATS - 122.7, 0
2018-10-21 16:46:11 (5638028668509) STATS - 122.8, 0
2018-10-21 16:46:11 (5638028729411) STATS - 122.9, 0
2018-10-21 16:46:11 (5638028791712) STATS - 123.0, 0
2018-10-21 16:46:11 (5638028853414) STATS - 123.1, 0
2018-10-21 16:46:11 (5638028914916) STATS - 123.2, 0
2018-10-21 16:46:11 (5638028975917) STATS - 123.3, 0
2018-10-21 16:46:11 (5638029037219) STATS - 123.4, 0
2018-10-21 16:46:11 (5638029098921) STATS - 123.5, 0
2018-10-21 16:46:11 (5638029160222) STATS - 123.6, 0
2018-10-21 16:46:11 (5638029221724) STATS - 123.7, 0
2018-10-21 16:46:11 (5638035093084) STATS - 123.8, 0
2018-10-21 16:46:11 (5638035184887) STATS - 123.9, 0
2018-10-21 16:46:11 (5638035229488) STATS - 124.0, 0
2018-10-21 16:46:11 (5638035270489) STATS - 124.1, 0
2018-10-21 16:46:11 (5638035332091) STATS - 124.2, 0
2018-10-21 16:46:11 (5638035372792) STATS - 124.3, 0
2018-10-21 16:46:11 (5638035411793) STATS - 124.4, 0
2018-10-21 16:46:11 (5638035472094) STATS - 124.5, 0
2018-10-21 16:46:11 (5638035512396) STATS - 124.6, 0
2018-10-21 16:46:11 (5638035573097) STATS - 124.7, 0
2018-10-21 16:46:11 (5638035613998) STATS - 124.8, 0
2018-10-21 16:46:11 (5638035651799) STATS - 124.9, 0
2018-10-21 16:46:11 (5638035694801) STATS - 125.0, 0
2018-10-21 16:46:11 (5638035756202) STATS - 125.1, 0
2018-10-21 16:46:11 (5638035795903) STATS - 125.2, 0
2018-10-21 16:46:11 (5638035856105) STATS - 125.3, 0
2018-10-21 16:46:11 (5638035896706) STATS - 125.4, 0
2018-10-21 16:46:11 (5638035935507) STATS - 125.5, 0
2018-10-21 16:46:11 (5638035983708) STATS - 125.6, 0
2018-10-21 16:46:11 (5638036066911) STATS - 125.7, 0
2018-10-21 16:46:11 (5638036129212) STATS - 125.8, 0
2018-10-21 16:46:11 (5638036190414) STATS - 125.9, 0
2018-10-21 16:46:11 (5638036258416) STATS - 126.0, 0
2018-10-21 16:46:11 (5638036339118) STATS - 126.1, 0
2018-10-21 16:46:11 (5638036401420) STATS - 126.2, 0
2018-10-21 16:46:11 (5638036462521) STATS - 126.3, 0
2018-10-21 16:46:11 (5638036532623) STATS - 126.4, 0
2018-10-21 16:46:11 (5638036599525) STATS - 126.5, 0
2018-10-21 16:46:11 (5638036661027) STATS - 126.6, 0
2018-10-21 16:46:11 (5638036721629) STATS - 126.7, 0
2018-10-21 16:46:11 (5638036782330) STATS - 126.8, 0
2018-10-21 16:46:11 (5638036842832) STATS - 126.9, 0
2018-10-21 16:46:11 (5638036904834) STATS - 127.0, 0
2018-10-21 16:46:11 (5638036966535) STATS - 127.1, 0
2018-10-21 16:46:11 (5638037028637) STATS - 127.2, 0
2018-10-21 16:46:11 (5638037089339) STATS - 127.3, 0
2018-10-21 16:46:11 (5638037149940) STATS - 127.4, 0
2018-10-21 16:46:11 (5638037210542) STATS - 127.5, 0
2018-10-21 16:46:11 (5638037271144) STATS - 127.6, 0
2018-10-21 16:46:11 (5638037332045) STATS - 127.7, 0
2018-10-21 16:46:11 (5638037397047) STATS - 127.8, 0
2018-10-21 16:46:11 (5638037459349) STATS - 127.9, 0
2018-10-21 16:46:11 (5638037521450) STATS - 128.0, 0
2018-10-21 16:46:11 (5638037583652) STATS - 128.1, 0
2018-10-21 16:46:11 (5638037644754) STATS - 128.2, 0
2018-10-21 16:46:11 (5638037705555) STATS - 128.3, 0
2018-10-21 16:46:11 (5638037766357) STATS - 128.4, 0
2018-10-21 16:46:11 (5638037826859) STATS - 128.5, 0
2018-10-21 16:46:11 (5638037887860) STATS - 128.6, 0
2018-10-21 16:46:11 (5638037948962) STATS - 128.7, 0
2018-10-21 16:46:11 (5638038009864) STATS - 128.8, 0
2018-10-21 16:46:11 (5638038070565) STATS - 128.9, 0
2018-10-21 16:46:11 (5638038131667) STATS - 129.0, 0
2018-10-21 16:46:11 (5638038193069) STATS - 129.1, 0
2018-10-21 16:46:11 (5638038253870) STATS - 129.2, 0
2018-10-21 16:46:11 (5638038314872) STATS - 129.3, 0
2018-10-21 16:46:11 (5638038375774) STATS - 129.4, 0
2018-10-21 16:46:11 (5638038623080) STATS - 129.5, 0
2018-10-21 16:46:11 (5638038664682) STATS - 129.6, 0
2018-10-21 16:46:11 (5638038703783) STATS - 129.7, 0
2018-10-21 16:46:11 (5638038742984) STATS - 129.8, 0
2018-10-21 16:46:11 (5638038781285) STATS - 129.9, 0
2018-10-21 16:46:11 (5638038822086) STATS - 130.0, 0
2018-10-21 16:46:11 (5638038861387) STATS - 130.1, 0
2018-10-21 16:46:11 (5638038899188) STATS - 130.2, 0
2018-10-21 16:46:11 (5638038959690) STATS - 130.3, 0
2018-10-21 16:46:11 (5638039020491) STATS - 130.4, 0
2018-10-21 16:46:11 (5638039080693) STATS - 130.5, 0
2018-10-21 16:46:11 (5638039140995) STATS - 130.6, 0
2018-10-21 16:46:11 (5638039201396) STATS - 130.7, 0
2018-10-21 16:46:11 (5638045011455) STATS - 130.8, 0
2018-10-21 16:46:11 (5638045090357) STATS - 130.9, 0
2018-10-21 16:46:11 (5638045138458) STATS - 131.0, 0
2018-10-21 16:46:11 (5638045200960) STATS - 131.1, 0
2018-10-21 16:46:11 (5638045242161) STATS - 131.2, 0
2018-10-21 16:46:11 (5638045343064) STATS - 131.3, 0
2018-10-21 16:46:11 (5638045409165) STATS - 131.4, 0
2018-10-21 16:46:11 (5638045450067) STATS - 131.5, 0
2018-10-21 16:46:11 (5638045488768) STATS - 131.6, 0
2018-10-21 16:46:11 (5638045530069) STATS - 131.7, 0
2018-10-21 16:46:11 (5638045591870) STATS - 131.8, 0
2018-10-21 16:46:11 (5638045632472) STATS - 131.9, 0
2018-10-21 16:46:11 (5638045765275) STATS - 132.0, 0
2018-10-21 16:46:11 (5638045807176) STATS - 132.1, 0
2018-10-21 16:46:11 (5638045849177) STATS - 132.2, 0
2018-10-21 16:46:11 (5638045892679) STATS - 132.3, 0
2018-10-21 16:46:11 (5638045953080) STATS - 132.4, 0
2018-10-21 16:46:11 (5638045993781) STATS - 132.5, 0
2018-10-21 16:46:11 (5638046031682) STATS - 132.6, 0
2018-10-21 16:46:11 (5638046078584) STATS - 132.7, 0
2018-10-21 16:46:11 (5638046139385) STATS - 132.8, 0
2018-10-21 16:46:11 (5638046179486) STATS - 132.9, 0
2018-10-21 16:46:11 (5638046218488) STATS - 133.0, 0
2018-10-21 16:46:11 (5638046279189) STATS - 133.1, 0
2018-10-21 16:46:11 (5638046319290) STATS - 133.2, 0
2018-10-21 16:46:11 (5638046379592) STATS - 133.3, 0
2018-10-21 16:46:11 (5638046419593) STATS - 133.4, 0
2018-10-21 16:46:11 (5638046457694) STATS - 133.5, 0
2018-10-21 16:46:11 (5638046517196) STATS - 133.6, 0
2018-10-21 16:46:11 (5638046577897) STATS - 133.7, 0
2018-10-21 16:46:11 (5638046638299) STATS - 133.8, 0
2018-10-21 16:46:11 (5638046698401) STATS - 133.9, 0
2018-10-21 16:46:11 (5638046759302) STATS - 134.0, 0
2018-10-21 16:46:11 (5638046803503) STATS - 134.1, 0
2018-10-21 16:46:11 (5638046864105) STATS - 134.2, 0
2018-10-21 16:46:11 (5638046924907) STATS - 134.3, 0
2018-10-21 16:46:11 (5638047104212) STATS - 134.4, 0
2018-10-21 16:46:11 (5638047147113) STATS - 134.5, 0
2018-10-21 16:46:11 (5638047185614) STATS - 134.6, 0
2018-10-21 16:46:11 (5638047246516) STATS - 134.7, 0
2018-10-21 16:46:11 (5638047286617) STATS - 134.8, 0
2018-10-21 16:46:11 (5638047330318) STATS - 134.9, 0
2018-10-21 16:46:11 (5638047379619) STATS - 135.0, 0
2018-10-21 16:46:11 (5638047441221) STATS - 135.1, 0
2018-10-21 16:46:11 (5638047481422) STATS - 135.2, 0
2018-10-21 16:46:11 (5638047518523) STATS - 135.3, 0
2018-10-21 16:46:11 (5638047560124) STATS - 135.4, 0
2018-10-21 16:46:11 (5638047619226) STATS - 135.5, 0
2018-10-21 16:46:11 (5638047658527) STATS - 135.6, 0
2018-10-21 16:46:11 (5638047695528) STATS - 135.7, 0
2018-10-21 16:46:11 (5638047754829) STATS - 135.8, 0
2018-10-21 16:46:11 (5638047794530) STATS - 135.9, 0
2018-10-21 16:46:11 (5638047832232) STATS - 136.0, 0
2018-10-21 16:46:11 (5638047892233) STATS - 136.1, 0
2018-10-21 16:46:11 (5638047969235) STATS - 136.2, 0
2018-10-21 16:46:11 (5638048063938) STATS - 136.3, 0
2018-10-21 16:46:11 (5638048104039) STATS - 136.4, 0
2018-10-21 16:46:11 (5638048163741) STATS - 136.5, 0
2018-10-21 16:46:11 (5638048256443) STATS - 136.6, 0
2018-10-21 16:46:11 (5638048322145) STATS - 136.7, 0
2018-10-21 16:46:11 (5638048362046) STATS - 136.8, 0
2018-10-21 16:46:11 (5638048399847) STATS - 136.9, 0
2018-10-21 16:46:11 (5638048439248) STATS - 137.0, 0
2018-10-21 16:46:11 (5638048522650) STATS - 137.1, 0
2018-10-21 16:46:11 (5638048584952) STATS - 137.2, 0
2018-10-21 16:46:11 (5638048622953) STATS - 137.3, 0
2018-10-21 16:46:11 (5638048662954) STATS - 137.4, 0
2018-10-21 16:46:11 (5638048722056) STATS - 137.5, 0
2018-10-21 16:46:11 (5638048761457) STATS - 137.6, 0
2018-10-21 16:46:11 (5638048820058) STATS - 137.7, 0
2018-10-21 16:46:11 (5638048859260) STATS - 137.8, 0
2018-10-21 16:46:11 (5638048901761) STATS - 137.9, 0
2018-10-21 16:46:11 (5638048961362) STATS - 138.0, 0
2018-10-21 16:46:11 (5638049000663) STATS - 138.1, 0
2018-10-21 16:46:11 (5638049037864) STATS - 138.2, 0
2018-10-21 16:46:11 (5638054864023) STATS - 138.3, 0
2018-10-21 16:46:11 (5638054911425) STATS - 138.4, 0
2018-10-21 16:46:11 (5638054975426) STATS - 138.5, 0
2018-10-21 16:46:11 (5638055015427) STATS - 138.6, 0
2018-10-21 16:46:11 (5638055052528) STATS - 138.7, 0
2018-10-21 16:46:11 (5638055089129) STATS - 138.8, 0
2018-10-21 16:46:11 (5638055192532) STATS - 138.9, 0
2018-10-21 16:46:11 (5638055257834) STATS - 139.0, 0
2018-10-21 16:46:11 (5638055301535) STATS - 139.1, 0
2018-10-21 16:46:11 (5638055362237) STATS - 139.2, 0
2018-10-21 16:46:11 (5638055401338) STATS - 139.3, 0
2018-10-21 16:46:11 (5638055438339) STATS - 139.4, 0
2018-10-21 16:46:11 (5638055475040) STATS - 139.5, 0
2018-10-21 16:46:11 (5638055533742) STATS - 139.6, 0
2018-10-21 16:46:11 (5638055572643) STATS - 139.7, 0
2018-10-21 16:46:11 (5638055609344) STATS - 139.8, 0
2018-10-21 16:46:11 (5638055645145) STATS - 139.9, 0
2018-10-21 16:46:11 (5638055704946) STATS - 140.0, 0
2018-10-21 16:46:11 (5638055745047) STATS - 140.1, 0
2018-10-21 16:46:11 (5638055781848) STATS - 140.2, 0
2018-10-21 16:46:11 (5638055820649) STATS - 140.3, 0
2018-10-21 16:46:11 (5638055878751) STATS - 140.4, 0
2018-10-21 16:46:11 (5638055917352) STATS - 140.5, 0
2018-10-21 16:46:11 (5638055975154) STATS - 140.6, 0
2018-10-21 16:46:11 (5638056032655) STATS - 140.7, 0
2018-10-21 16:46:11 (5638056072556) STATS - 140.8, 0
2018-10-21 16:46:11 (5638056109357) STATS - 140.9, 0
2018-10-21 16:46:11 (5638056151058) STATS - 141.0, 0
2018-10-21 16:46:11 (5638056211860) STATS - 141.1, 0
2018-10-21 16:46:11 (5638056250761) STATS - 141.2, 0
2018-10-21 16:46:11 (5638056287262) STATS - 141.3, 0
2018-10-21 16:46:11 (5638056323163) STATS - 141.4, 0
2018-10-21 16:46:11 (5638056381265) STATS - 141.5, 0
2018-10-21 16:46:11 (5638056420066) STATS - 141.6, 0
2018-10-21 16:46:11 (5638056456267) STATS - 141.7, 0
2018-10-21 16:46:11 (5638056495368) STATS - 141.8, 0
2018-10-21 16:46:11 (5638056553169) STATS - 141.9, 0
2018-10-21 16:46:11 (5638056591770) STATS - 142.0, 0
2018-10-21 16:46:11 (5638056650972) STATS - 142.1, 0
2018-10-21 16:46:11 (5638056710074) STATS - 142.2, 0
2018-10-21 16:46:11 (5638056768775) STATS - 142.3, 0
2018-10-21 16:46:11 (5638056807476) STATS - 142.4, 0
2018-10-21 16:46:11 (5638056864978) STATS - 142.5, 0
2018-10-21 16:46:11 (5638056902879) STATS - 142.6, 0
2018-10-21 16:46:11 (5638056939180) STATS - 142.7, 0
2018-10-21 16:46:11 (5638056997181) STATS - 142.8, 0
2018-10-21 16:46:11 (5638057035182) STATS - 142.9, 0
2018-10-21 16:46:11 (5638057093984) STATS - 143.0, 0
2018-10-21 16:46:11 (5638057153686) STATS - 143.1, 0
2018-10-21 16:46:11 (5638057213387) STATS - 143.2, 0
2018-10-21 16:46:11 (5638057272289) STATS - 143.3, 0
2018-10-21 16:46:11 (5638057330791) STATS - 143.4, 0
2018-10-21 16:46:11 (5638057389892) STATS - 143.5, 0
2018-10-21 16:46:11 (5638057449194) STATS - 143.6, 0
2018-10-21 16:46:11 (5638057508095) STATS - 143.7, 0
2018-10-21 16:46:11 (5638057568397) STATS - 143.8, 0
2018-10-21 16:46:11 (5638057627199) STATS - 143.9, 0
2018-10-21 16:46:11 (5638057687100) STATS - 144.0, 0
2018-10-21 16:46:11 (5638057746802) STATS - 144.1, 0
2018-10-21 16:46:11 (5638057806603) STATS - 144.2, 0
2018-10-21 16:46:11 (5638057865805) STATS - 144.3, 0
2018-10-21 16:46:11 (5638057924407) STATS - 144.4, 0
2018-10-21 16:46:11 (5638057983908) STATS - 144.5, 0
2018-10-21 16:46:11 (5638058043210) STATS - 144.6, 0
2018-10-21 16:46:11 (5638058102412) STATS - 144.7, 0
2018-10-21 16:46:11 (5638058161113) STATS - 144.8, 0
2018-10-21 16:46:11 (5638058202014) STATS - 144.9, 0
2018-10-21 16:46:11 (5638058260816) STATS - 145.0, 0
2018-10-21 16:46:11 (5638058320718) STATS - 145.1, 0
2018-10-21 16:46:11 (5638058379919) STATS - 145.2, 0
2018-10-21 16:46:11 (5638058438921) STATS - 145.3, 0
2018-10-21 16:46:11 (5638058498322) STATS - 145.4, 0
2018-10-21 16:46:11 (5638058557524) STATS - 145.5, 0
2018-10-21 16:46:11 (5638058616226) STATS - 145.6, 0
2018-10-21 16:46:11 (5638058674727) STATS - 145.7, 0
2018-10-21 16:46:11 (5638058733429) STATS - 145.8, 0
2018-10-21 16:46:11 (5638058792630) STATS - 145.9, 0
2018-10-21 16:46:11 (5638058851532) STATS - 146.0, 0
2018-10-21 16:46:11 (5638064683791) STATS - 146.1, 0
2018-10-21 16:46:11 (5638064765793) STATS - 146.2, 0
2018-10-21 16:46:11 (5638064808994) STATS - 146.3, 0
2018-10-21 16:46:11 (5638064868896) STATS - 146.4, 0
2018-10-21 16:46:11 (5638064908797) STATS - 146.5, 0
2018-10-21 16:46:11 (5638064945898) STATS - 146.6, 0
2018-10-21 16:46:11 (5638064982099) STATS - 146.7, 0
2018-10-21 16:46:11 (5638065040601) STATS - 146.8, 0
2018-10-21 16:46:11 (5638065079702) STATS - 146.9, 0
2018-10-21 16:46:11 (5638065118403) STATS - 147.0, 0
2018-10-21 16:46:11 (5638065178805) STATS - 147.1, 0
2018-10-21 16:46:11 (5638065217906) STATS - 147.2, 0
2018-10-21 16:46:11 (5638065254607) STATS - 147.3, 0
2018-10-21 16:46:11 (5638065291108) STATS - 147.4, 0
2018-10-21 16:46:11 (5638065349309) STATS - 147.5, 0
2018-10-21 16:46:11 (5638065388410) STATS - 147.6, 0
2018-10-21 16:46:11 (5638065425111) STATS - 147.7, 0
2018-10-21 16:46:11 (5638065461112) STATS - 147.8, 0
2018-10-21 16:46:11 (5638065519114) STATS - 147.9, 0
2018-10-21 16:46:11 (5638065558815) STATS - 148.0, 0
2018-10-21 16:46:11 (5638065596716) STATS - 148.1, 0
2018-10-21 16:46:11 (5638065633517) STATS - 148.2, 0
2018-10-21 16:46:11 (5638065691919) STATS - 148.3, 0
2018-10-21 16:46:11 (5638065729520) STATS - 148.4, 0
2018-10-21 16:46:11 (5638065787321) STATS - 148.5, 0
2018-10-21 16:46:11 (5638065826222) STATS - 148.6, 0
2018-10-21 16:46:11 (5638065862523) STATS - 148.7, 0
2018-10-21 16:46:11 (5638065902424) STATS - 148.8, 0
2018-10-21 16:46:11 (5638065960226) STATS - 148.9, 0
2018-10-21 16:46:11 (5638066000027) STATS - 149.0, 0
2018-10-21 16:46:11 (5638066037728) STATS - 149.1, 0
2018-10-21 16:46:11 (5638066096530) STATS - 149.2, 0
2018-10-21 16:46:11 (5638066198432) STATS - 149.3, 0
2018-10-21 16:46:11 (5638066283135) STATS - 149.4, 0
2018-10-21 16:46:11 (5638066324836) STATS - 149.5, 0
2018-10-21 16:46:11 (5638066382537) STATS - 149.6, 0
2018-10-21 16:46:11 (5638066440639) STATS - 149.7, 0
2018-10-21 16:46:11 (5638066498441) STATS - 149.8, 0
2018-10-21 16:46:11 (5638066556842) STATS - 149.9, 0
2018-10-21 16:46:11 (5638066615644) STATS - 150.0, 0
2018-10-21 16:46:11 (5638066656445) STATS - 150.1, 0
2018-10-21 16:46:11 (5638066713846) STATS - 150.2, 0
2018-10-21 16:46:11 (5638066771448) STATS - 150.3, 0
2018-10-21 16:46:11 (5638066829050) STATS - 150.4, 0
2018-10-21 16:46:11 (5638066886851) STATS - 150.5, 0
2018-10-21 16:46:11 (5638066945253) STATS - 150.6, 0
2018-10-21 16:46:11 (5638067003154) STATS - 150.7, 0
2018-10-21 16:46:11 (5638067061056) STATS - 150.8, 0
2018-10-21 16:46:11 (5638067123858) STATS - 150.9, 0
2018-10-21 16:46:11 (5638067187159) STATS - 151.0, 0
2018-10-21 16:46:11 (5638067246361) STATS - 151.1, 0
2018-10-21 16:46:11 (5638067286262) STATS - 151.2, 0
2018-10-21 16:46:11 (5638067343964) STATS - 151.3, 0
2018-10-21 16:46:11 (5638067401665) STATS - 151.4, 0
2018-10-21 16:46:11 (5638067459067) STATS - 151.5, 0
2018-10-21 16:46:11 (5638067517168) STATS - 151.6, 0
2018-10-21 16:46:11 (5638067575170) STATS - 151.7, 0
2018-10-21 16:46:11 (5638067637972) STATS - 151.8, 0
2018-10-21 16:46:11 (5638067745975) STATS - 151.9, 0
2018-10-21 16:46:11 (5638067872878) STATS - 152.0, 0
2018-10-21 16:46:11 (5638067929680) STATS - 152.1, 0
2018-10-21 16:46:11 (5638068526896) STATS - 152.2, 0
2018-10-21 16:46:11 (5638068642399) STATS - 152.3, 0
2018-10-21 16:46:11 (5638068730701) STATS - 152.4, 0
2018-10-21 16:46:11 (5638068794903) STATS - 152.5, 0
2018-10-21 16:46:11 (5638068854605) STATS - 152.6, 0
2018-10-21 16:46:11 (5638068913806) STATS - 152.7, 0
2018-10-21 16:46:11 (5638068972008) STATS - 152.8, 0
2018-10-21 16:46:11 (5638069031310) STATS - 152.9, 0
2018-10-21 16:46:11 (5638069091611) STATS - 153.0, 0
2018-10-21 16:46:11 (5638069151013) STATS - 153.1, 0
2018-10-21 16:46:11 (5638074967071) STATS - 153.2, 0
2018-10-21 16:46:11 (5638075012873) STATS - 153.3, 0
2018-10-21 16:46:11 (5638075049674) STATS - 153.4, 0
2018-10-21 16:46:11 (5638075091275) STATS - 153.5, 0
2018-10-21 16:46:11 (5638075132976) STATS - 153.6, 0
2018-10-21 16:46:11 (5638075170277) STATS - 153.7, 0
2018-10-21 16:46:11 (5638075205578) STATS - 153.8, 0
2018-10-21 16:46:11 (5638075240479) STATS - 153.9, 0
2018-10-21 16:46:11 (5638075278480) STATS - 154.0, 0
2018-10-21 16:46:11 (5638075315381) STATS - 154.1, 0
2018-10-21 16:46:11 (5638075351082) STATS - 154.2, 0
2018-10-21 16:46:11 (5638075386083) STATS - 154.3, 0
2018-10-21 16:46:11 (5638075420784) STATS - 154.4, 0
2018-10-21 16:46:11 (5638075456085) STATS - 154.5, 0
2018-10-21 16:46:11 (5638075491486) STATS - 154.6, 0
2018-10-21 16:46:11 (5638075526687) STATS - 154.7, 0
2018-10-21 16:46:11 (5638075561688) STATS - 154.8, 0
2018-10-21 16:46:11 (5638075597389) STATS - 154.9, 0
2018-10-21 16:46:11 (5638075633390) STATS - 155.0, 0
2018-10-21 16:46:11 (5638075669691) STATS - 155.1, 0
2018-10-21 16:46:11 (5638075704692) STATS - 155.2, 0
2018-10-21 16:46:11 (5638075740993) STATS - 155.3, 0
2018-10-21 16:46:11 (5638075776293) STATS - 155.4, 0
2018-10-21 16:46:11 (5638075811894) STATS - 155.5, 0
2018-10-21 16:46:11 (5638075846795) STATS - 155.6, 0
2018-10-21 16:46:11 (5638075882096) STATS - 155.7, 0
2018-10-21 16:46:11 (5638075917297) STATS - 155.8, 0
2018-10-21 16:46:11 (5638075952598) STATS - 155.9, 0
2018-10-21 16:46:11 (5638075988599) STATS - 156.0, 0
2018-10-21 16:46:11 (5638076046601) STATS - 156.1, 0
2018-10-21 16:46:11 (5638076083502) STATS - 156.2, 0
2018-10-21 16:46:11 (5638076118403) STATS - 156.3, 0
2018-10-21 16:46:11 (5638076153804) STATS - 156.4, 0
2018-10-21 16:46:11 (5638076188605) STATS - 156.5, 0
2018-10-21 16:46:11 (5638076223306) STATS - 156.6, 0
2018-10-21 16:46:11 (5638076258507) STATS - 156.7, 0
2018-10-21 16:46:11 (5638076293508) STATS - 156.8, 0
2018-10-21 16:46:11 (5638076328909) STATS - 156.9, 0
2018-10-21 16:46:11 (5638076364510) STATS - 157.0, 0
2018-10-21 16:46:11 (5638076399910) STATS - 157.1, 0
2018-10-21 16:46:11 (5638076436511) STATS - 157.2, 0
2018-10-21 16:46:11 (5638076471612) STATS - 157.3, 0
2018-10-21 16:46:11 (5638076506913) STATS - 157.4, 0
2018-10-21 16:46:11 (5638076542114) STATS - 157.5, 0
2018-10-21 16:46:11 (5638076577615) STATS - 157.6, 0
2018-10-21 16:46:11 (5638076613016) STATS - 157.7, 0
2018-10-21 16:46:11 (5638076647917) STATS - 157.8, 0
2018-10-21 16:46:11 (5638076682918) STATS - 157.9, 0
2018-10-21 16:46:11 (5638076718619) STATS - 158.0, 0
2018-10-21 16:46:11 (5638076754320) STATS - 158.1, 0
2018-10-21 16:46:11 (5638076790021) STATS - 158.2, 0
2018-10-21 16:46:11 (5638076825422) STATS - 158.3, 0
2018-10-21 16:46:11 (5638076861623) STATS - 158.4, 0
2018-10-21 16:46:11 (5638076896724) STATS - 158.5, 0
2018-10-21 16:46:11 (5638076932025) STATS - 158.6, 0
2018-10-21 16:46:11 (5638076967426) STATS - 158.7, 0
2018-10-21 16:46:11 (5638077002827) STATS - 158.8, 0
2018-10-21 16:46:11 (5638077038228) STATS - 158.9, 0
2018-10-21 16:46:11 (5638077074829) STATS - 159.0, 0
2018-10-21 16:46:11 (5638077110930) STATS - 159.1, 0
2018-10-21 16:46:11 (5638077146731) STATS - 159.2, 0
2018-10-21 16:46:11 (5638077182032) STATS - 159.3, 0
2018-10-21 16:46:11 (5638077217133) STATS - 159.4, 0
2018-10-21 16:46:11 (5638077251534) STATS - 159.5, 0
2018-10-21 16:46:11 (5638077286135) STATS - 159.6, 0
2018-10-21 16:46:11 (5638077321236) STATS - 159.7, 0
2018-10-21 16:46:11 (5638077355637) STATS - 159.8, 0
2018-10-21 16:46:11 (5638077390238) STATS - 159.9, 0
2018-10-21 16:46:11 (5638077426038) STATS - 160.0, 0
2018-10-21 16:46:11 (5638077465840) STATS - 160.1, 0
2018-10-21 16:46:11 (5638077501641) STATS - 160.2, 0
2018-10-21 16:46:11 (5638077536741) STATS - 160.3, 0
2018-10-21 16:46:11 (5638077572142) STATS - 160.4, 0
2018-10-21 16:46:11 (5638077607643) STATS - 160.5, 0
2018-10-21 16:46:11 (5638077642444) STATS - 160.6, 0
2018-10-21 16:46:11 (5638077677945) STATS - 160.7, 0
2018-10-21 16:46:11 (5638077713146) STATS - 160.8, 0
2018-10-21 16:46:11 (5638077748247) STATS - 160.9, 0
2018-10-21 16:46:11 (5638077783948) STATS - 161.0, 0
2018-10-21 16:46:11 (5638077819749) STATS - 161.1, 0
2018-10-21 16:46:11 (5638077855150) STATS - 161.2, 0
2018-10-21 16:46:11 (5638077890051) STATS - 161.3, 0
2018-10-21 16:46:11 (5638077925352) STATS - 161.4, 0
2018-10-21 16:46:11 (5638077960253) STATS - 161.5, 0
2018-10-21 16:46:11 (5638077995754) STATS - 161.6, 0
2018-10-21 16:46:11 (5638078030955) STATS - 161.7, 0
2018-10-21 16:46:11 (5638078065956) STATS - 161.8, 0
2018-10-21 16:46:11 (5638078101057) STATS - 161.9, 0
2018-10-21 16:46:11 (5638078136758) STATS - 162.0, 0
2018-10-21 16:46:11 (5638078172559) STATS - 162.1, 0
2018-10-21 16:46:11 (5638078207760) STATS - 162.2, 0
2018-10-21 16:46:11 (5638078243161) STATS - 162.3, 0
2018-10-21 16:46:11 (5638078278362) STATS - 162.4, 0
2018-10-21 16:46:11 (5638078313463) STATS - 162.5, 0
2018-10-21 16:46:11 (5638078348464) STATS - 162.6, 0
2018-10-21 16:46:11 (5638078383465) STATS - 162.7, 0
2018-10-21 16:46:11 (5638078418366) STATS - 162.8, 0
2018-10-21 16:46:11 (5638078453166) STATS - 162.9, 0
2018-10-21 16:46:11 (5638078488167) STATS - 163.0, 0
2018-10-21 16:46:11 (5638078523668) STATS - 163.1, 0
2018-10-21 16:46:11 (5638078559069) STATS - 163.2, 0
2018-10-21 16:46:11 (5638078593870) STATS - 163.3, 0
2018-10-21 16:46:11 (5638078629171) STATS - 163.4, 0
2018-10-21 16:46:11 (5638078663672) STATS - 163.5, 0
2018-10-21 16:46:11 (5638078698073) STATS - 163.6, 0
2018-10-21 16:46:11 (5638078732974) STATS - 163.7, 0
2018-10-21 16:46:11 (5638078770875) STATS - 163.8, 0
2018-10-21 16:46:11 (5638078807076) STATS - 163.9, 0
2018-10-21 16:46:11 (5638078842477) STATS - 164.0, 0
2018-10-21 16:46:11 (5638078877778) STATS - 164.1, 0
2018-10-21 16:46:11 (5638078912679) STATS - 164.2, 0
2018-10-21 16:46:11 (5638078951780) STATS - 164.3, 0
2018-10-21 16:46:11 (5638078986881) STATS - 164.4, 0
2018-10-21 16:46:11 (5638084836241) STATS - 164.5, 0
2018-10-21 16:46:11 (5638084926643) STATS - 164.6, 0
2018-10-21 16:46:11 (5638084966844) STATS - 164.7, 0
2018-10-21 16:46:11 (5638085002845) STATS - 164.8, 0
2018-10-21 16:46:11 (5638085041946) STATS - 164.9, 0
2018-10-21 16:46:11 (5638085082247) STATS - 165.0, 0
2018-10-21 16:46:11 (5638085141049) STATS - 165.1, 0
2018-10-21 16:46:11 (5638085179050) STATS - 165.2, 0
2018-10-21 16:46:11 (5638085214151) STATS - 165.3, 0
2018-10-21 16:46:11 (5638085248952) STATS - 165.4, 0
2018-10-21 16:46:11 (5638085413456) STATS - 165.5, 0
2018-10-21 16:46:11 (5638085452157) STATS - 165.6, 0
2018-10-21 16:46:11 (5638085487258) STATS - 165.7, 0
2018-10-21 16:46:11 (5638085522459) STATS - 165.8, 0
2018-10-21 16:46:11 (5638085579761) STATS - 165.9, 0
2018-10-21 16:46:11 (5638085618662) STATS - 166.0, 0
2018-10-21 16:46:11 (5638085654763) STATS - 166.1, 0
2018-10-21 16:46:11 (5638085690064) STATS - 166.2, 0
2018-10-21 16:46:11 (5638085746965) STATS - 166.3, 0
2018-10-21 16:46:11 (5638085784966) STATS - 166.4, 0
2018-10-21 16:46:11 (5638085820067) STATS - 166.5, 0
2018-10-21 16:46:11 (5638085854968) STATS - 166.6, 0
2018-10-21 16:46:11 (5638085953071) STATS - 166.7, 0
2018-10-21 16:46:11 (5638085996172) STATS - 166.8, 0
2018-10-21 16:46:11 (5638086037273) STATS - 166.9, 0
2018-10-21 16:46:11 (5638086095675) STATS - 167.0, 0
2018-10-21 16:46:11 (5638086133176) STATS - 167.1, 0
2018-10-21 16:46:11 (5638086191878) STATS - 167.2, 0
2018-10-21 16:46:11 (5638086229579) STATS - 167.3, 0
2018-10-21 16:46:11 (5638086265280) STATS - 167.4, 0
2018-10-21 16:46:11 (5638086330081) STATS - 167.5, 0
2018-10-21 16:46:11 (5638086392383) STATS - 167.6, 0
2018-10-21 16:46:11 (5638086429984) STATS - 167.7, 0
2018-10-21 16:46:11 (5638086464585) STATS - 167.8, 0
2018-10-21 16:46:11 (5638086499786) STATS - 167.9, 0
2018-10-21 16:46:11 (5638086557987) STATS - 168.0, 0
2018-10-21 16:46:11 (5638086596189) STATS - 168.1, 0
2018-10-21 16:46:11 (5638086630989) STATS - 168.2, 0
2018-10-21 16:46:11 (5638086665690) STATS - 168.3, 0
2018-10-21 16:46:11 (5638086722892) STATS - 168.4, 0
2018-10-21 16:46:11 (5638086759693) STATS - 168.5, 0
2018-10-21 16:46:11 (5638086816095) STATS - 168.6, 0
2018-10-21 16:46:11 (5638086852096) STATS - 168.7, 0
2018-10-21 16:46:11 (5638086890097) STATS - 168.8, 0
2018-10-21 16:46:11 (5638086946398) STATS - 168.9, 0
2018-10-21 16:46:11 (5638086983499) STATS - 169.0, 0
2018-10-21 16:46:11 (5638087068901) STATS - 169.1, 0
2018-10-21 16:46:11 (5638087128603) STATS - 169.2, 0
2018-10-21 16:46:11 (5638087165904) STATS - 169.3, 0
2018-10-21 16:46:11 (5638087223106) STATS - 169.4, 0
2018-10-21 16:46:11 (5638087280507) STATS - 169.5, 0
2018-10-21 16:46:11 (5638087338009) STATS - 169.6, 0
2018-10-21 16:46:11 (5638087394910) STATS - 169.7, 0
2018-10-21 16:46:11 (5638087434611) STATS - 169.8, 0
2018-10-21 16:46:11 (5638087491113) STATS - 169.9, 0
2018-10-21 16:46:11 (5638087550015) STATS - 170.0, 0
2018-10-21 16:46:11 (5638087608516) STATS - 170.1, 0
2018-10-21 16:46:11 (5638087666518) STATS - 170.2, 0
2018-10-21 16:46:11 (5638087724019) STATS - 170.3, 0
2018-10-21 16:46:11 (5638087763120) STATS - 170.4, 0
2018-10-21 16:46:11 (5638087824522) STATS - 170.5, 0
2018-10-21 16:46:11 (5638087882924) STATS - 170.6, 0
2018-10-21 16:46:11 (5638087922425) STATS - 170.7, 0
2018-10-21 16:46:11 (5638087957826) STATS - 170.8, 0
2018-10-21 16:46:11 (5638088031528) STATS - 170.9, 0
2018-10-21 16:46:11 (5638088071629) STATS - 171.0, 0
2018-10-21 16:46:11 (5638088107130) STATS - 171.1, 0
2018-10-21 16:46:11 (5638088145031) STATS - 171.2, 0
2018-10-21 16:46:11 (5638088202532) STATS - 171.3, 0
2018-10-21 16:46:11 (5638088259934) STATS - 171.4, 0
2018-10-21 16:46:11 (5638088316635) STATS - 171.5, 0
2018-10-21 16:46:11 (5638088373937) STATS - 171.6, 0
2018-10-21 16:46:11 (5638088431039) STATS - 171.7, 0
2018-10-21 16:46:11 (5638088487840) STATS - 171.8, 0
2018-10-21 16:46:11 (5638088545242) STATS - 171.9, 0
2018-10-21 16:46:11 (5638088602843) STATS - 172.0, 0
2018-10-21 16:46:11 (5638088664945) STATS - 172.1, 0
2018-10-21 16:46:11 (5638088723847) STATS - 172.2, 0
2018-10-21 16:46:11 (5638088780848) STATS - 172.3, 0
2018-10-21 16:46:11 (5638088837750) STATS - 172.4, 0
2018-10-21 16:46:11 (5638088877151) STATS - 172.5, 0
2018-10-21 16:46:11 (5638088933152) STATS - 172.6, 0
2018-10-21 16:46:11 (5638088989954) STATS - 172.7, 0
2018-10-21 16:46:11 (5638089029255) STATS - 172.8, 0
2018-10-21 16:46:11 (5638094967217) STATS - 172.9, 0
2018-10-21 16:46:11 (5638095033019) STATS - 173.0, 0
2018-10-21 16:46:11 (5638095071520) STATS - 173.1, 0
2018-10-21 16:46:11 (5638095106321) STATS - 173.2, 0
2018-10-21 16:46:11 (5638095148822) STATS - 173.3, 0
2018-10-21 16:46:11 (5638095205423) STATS - 173.4, 0
2018-10-21 16:46:11 (5638095241924) STATS - 173.5, 0
2018-10-21 16:46:11 (5638095276225) STATS - 173.6, 0
2018-10-21 16:46:11 (5638095309726) STATS - 173.7, 0
2018-10-21 16:46:11 (5638095346527) STATS - 173.8, 0
2018-10-21 16:46:11 (5638095402129) STATS - 173.9, 0
2018-10-21 16:46:11 (5638095439530) STATS - 174.0, 0
2018-10-21 16:46:11 (5638095473931) STATS - 174.1, 0
2018-10-21 16:46:11 (5638095507732) STATS - 174.2, 0
2018-10-21 16:46:11 (5638095563633) STATS - 174.3, 0
2018-10-21 16:46:11 (5638095599234) STATS - 174.4, 0
2018-10-21 16:46:11 (5638095654636) STATS - 174.5, 0
2018-10-21 16:46:11 (5638095691237) STATS - 174.6, 1
2018-10-21 16:46:11 (5638095724937) STATS - 174.7, 0
2018-10-21 16:46:11 (5638095780339) STATS - 174.8, 0
2018-10-21 16:46:11 (5638095815940) STATS - 174.9, 0
2018-10-21 16:46:11 (5638095850541) STATS - 175.0, 0
2018-10-21 16:46:11 (5638095885042) STATS - 175.1, 0
2018-10-21 16:46:11 (5638095922243) STATS - 175.2, 0
2018-10-21 16:46:11 (5638096032446) STATS - 175.3, 0
2018-10-21 16:46:11 (5638096071347) STATS - 175.4, 0
2018-10-21 16:46:11 (5638096106248) STATS - 175.5, 0
2018-10-21 16:46:11 (5638096163449) STATS - 175.6, 0
2018-10-21 16:46:11 (5638096199050) STATS - 175.7, 0
2018-10-21 16:46:11 (5638096233151) STATS - 175.8, 0
2018-10-21 16:46:11 (5638096269452) STATS - 175.9, 0
2018-10-21 16:46:11 (5638096326154) STATS - 176.0, 0
2018-10-21 16:46:11 (5638096362855) STATS - 176.1, 0
2018-10-21 16:46:11 (5638096396456) STATS - 176.2, 1
2018-10-21 16:46:11 (5638096429857) STATS - 176.3, 0
2018-10-21 16:46:11 (5638096470058) STATS - 176.4, 0
2018-10-21 16:46:11 (5638096525359) STATS - 176.5, 0
2018-10-21 16:46:11 (5638096561560) STATS - 176.6, 0
2018-10-21 16:46:11 (5638096594961) STATS - 176.7, 0
2018-10-21 16:46:11 (5638096633862) STATS - 176.8, 0
2018-10-21 16:46:11 (5638096671163) STATS - 176.9, 0
2018-10-21 16:46:11 (5638096728065) STATS - 177.0, 0
2018-10-21 16:46:11 (5638096785466) STATS - 177.1, 0
2018-10-21 16:46:11 (5638096846568) STATS - 177.2, 0
2018-10-21 16:46:11 (5638096919570) STATS - 177.3, 0
2018-10-21 16:46:11 (5638096976472) STATS - 177.4, 0
2018-10-21 16:46:11 (5638097032773) STATS - 177.5, 0
2018-10-21 16:46:11 (5638097095175) STATS - 177.6, 0
2018-10-21 16:46:11 (5638097152176) STATS - 177.7, 0
2018-10-21 16:46:11 (5638097208278) STATS - 177.8, 0
2018-10-21 16:46:11 (5638097264079) STATS - 177.9, 0
2018-10-21 16:46:11 (5638097302880) STATS - 178.0, 0
2018-10-21 16:46:11 (5638097358582) STATS - 178.1, 0
2018-10-21 16:46:11 (5638097414384) STATS - 178.2, 0
2018-10-21 16:46:11 (5638097470285) STATS - 178.3, 0
2018-10-21 16:46:11 (5638097525687) STATS - 178.4, 0
2018-10-21 16:46:11 (5638097581588) STATS - 178.5, 0
2018-10-21 16:46:11 (5638097637790) STATS - 178.6, 1
2018-10-21 16:46:11 (5638097693091) STATS - 178.7, 0
2018-10-21 16:46:11 (5638097748993) STATS - 178.8, 0
2018-10-21 16:46:11 (5638097806194) STATS - 178.9, 0
2018-10-21 16:46:11 (5638097867196) STATS - 179.0, 0
2018-10-21 16:46:11 (5638097925397) STATS - 179.1, 0
2018-10-21 16:46:11 (5638097981999) STATS - 179.2, 0
2018-10-21 16:46:11 (5638098020300) STATS - 179.3, 0
2018-10-21 16:46:11 (5638098074702) STATS - 179.4, 0
2018-10-21 16:46:11 (5638098130503) STATS - 179.5, 0
2018-10-21 16:46:11 (5638098169304) STATS - 179.6, 0
2018-10-21 16:46:11 (5638098225006) STATS - 179.7, 0
2018-10-21 16:46:11 (5638098280807) STATS - 179.8, 0
2018-10-21 16:46:11 (5638098336009) STATS - 179.9, 0
2018-10-21 16:46:11 (5638098392810) STATS - 180.0, 0
2018-10-21 16:46:11 (5638098449712) STATS - 180.1, 0
2018-10-21 16:46:11 (5638098485913) STATS - 180.2, 0
2018-10-21 16:46:11 (5638098519814) STATS - 180.3, 0
2018-10-21 16:46:11 (5638098553315) STATS - 180.4, 0
2018-10-21 16:46:11 (5638098590116) STATS - 180.5, 0
2018-10-21 16:46:11 (5638098645517) STATS - 180.6, 0
2018-10-21 16:46:11 (5638098701319) STATS - 180.7, 0
2018-10-21 16:46:11 (5638098757020) STATS - 180.8, 0
2018-10-21 16:46:11 (5638098795221) STATS - 180.9, 0
2018-10-21 16:46:11 (5638098893324) STATS - 181.0, 0
2018-10-21 16:46:11 (5638098951425) STATS - 181.1, 0
2018-10-21 16:46:11 (5638104824986) STATS - 181.2, 0
2018-10-21 16:46:11 (5638104869787) STATS - 181.3, 0
2018-10-21 16:46:11 (5638104925088) STATS - 181.4, 0
2018-10-21 16:46:11 (5638104959689) STATS - 181.5, 1
2018-10-21 16:46:11 (5638105058892) INFO  - END: Middleware stopped.
