2018-10-21 20:11:50 (17977508265025) INFO  - START: Middleware listening on address 10.0.0.11:8888.
2018-10-21 20:13:12 (18059191646298) STATS -  5.00, 1410, 0, 0.277629, 1.419402, 1.804506, 0.000000, 1.804506, 0.000000, 0, 7054, 0, 1.00, 0.00, 0
2018-10-21 20:13:12 (18059337352758) STATS - 10.00, 1860, 0, 0.158524, 1.147117, 1.373706, 0.000000, 1.373706, 0.000000, 0, 9302, 0, 1.00, 0.00, 0
2018-10-21 20:13:12 (18059434952711) STATS - 15.00, 1892, 0, 0.172742, 1.086325, 1.329149, 0.000000, 1.329149, 0.000000, 0, 9460, 0, 1.00, 0.00, 0
2018-10-21 20:13:12 (18059463638550) STATS - 20.00, 1894, 0, 0.174843, 1.055566, 1.300667, 0.000000, 1.300667, 0.000000, 0, 9472, 0, 1.00, 0.00, 0
2018-10-21 20:13:12 (18059492637198) STATS - 25.00, 1901, 0, 0.172117, 1.047300, 1.279720, 0.000000, 1.279720, 0.000000, 0, 9505, 0, 1.00, 0.00, 0
2018-10-21 20:13:12 (18059525600361) STATS - 30.00, 1914, 0, 0.165009, 1.056229, 1.283258, 0.000000, 1.283258, 0.000000, 0, 9571, 0, 1.00, 0.00, 0
2018-10-21 20:13:12 (18059546675778) STATS - 35.00, 2003, 0, 0.149444, 1.025351, 1.235303, 0.000000, 1.235303, 0.000000, 0, 10018, 0, 1.00, 0.00, 0
2018-10-21 20:13:12 (18059564672004) STATS - 40.00, 1914, 0, 0.170094, 1.061433, 1.295595, 0.000000, 1.295595, 0.000000, 0, 9574, 0, 1.00, 0.00, 0
2018-10-21 20:13:12 (18059582525126) STATS - 45.00, 1900, 0, 0.165810, 1.062658, 1.286727, 0.000000, 1.286727, 0.000000, 0, 9500, 0, 1.00, 0.00, 0
2018-10-21 20:13:12 (18059594388372) STATS - 50.00, 1958, 0, 0.158966, 1.034691, 1.256549, 0.000000, 1.256549, 0.000000, 0, 9791, 0, 1.00, 0.00, 0
2018-10-21 20:13:12 (18059604573770) STATS - 55.00, 1877, 0, 0.166469, 1.086854, 1.325224, 0.000000, 1.325224, 0.000000, 0, 9386, 0, 1.00, 0.00, 0
2018-10-21 20:13:12 (18059621710271) STATS - 60.00, 1892, 0, 0.168779, 1.077760, 1.312921, 0.000000, 1.312921, 0.000000, 0, 9464, 0, 1.00, 0.00, 0
2018-10-21 20:13:12 (18059632799695) STATS - 65.00, 1889, 0, 0.154131, 1.073234, 1.299453, 0.000000, 1.299453, 0.000000, 0, 9445, 0, 1.00, 0.00, 0
2018-10-21 20:13:12 (18059642766687) STATS - 70.00, 1871, 0, 0.165665, 1.133264, 1.369341, 0.000000, 1.369341, 0.000000, 0, 9356, 0, 1.00, 0.00, 0
2018-10-21 20:13:12 (18059650127302) STATS - 70.00, 10, 0, 0.106022, 1.204178, 1.471130, 0.000000, 1.471130, 0.000000, 0, 52, 0, 1.00, 0.00, 0
2018-10-21 20:13:12 (18059818595827) STATS - Interval, Responses
2018-10-21 20:13:12 (18059819047540) STATS - 0.1, 0
2018-10-21 20:13:12 (18059819293848) STATS - 0.2, 0
2018-10-21 20:13:12 (18059819583356) STATS - 0.3, 0
2018-10-21 20:13:12 (18059819813063) STATS - 0.4, 54
2018-10-21 20:13:12 (18059820063870) STATS - 0.5, 1746
2018-10-21 20:13:12 (18059820332478) STATS - 0.6, 7343
2018-10-21 20:13:12 (18059820566285) STATS - 0.7, 13524
2018-10-21 20:13:12 (18059820835193) STATS - 0.8, 16767
2018-10-21 20:13:12 (18059821058799) STATS - 0.9, 16155
2018-10-21 20:13:12 (18059821318907) STATS - 1.0, 14338
2018-10-21 20:13:12 (18059821546713) STATS - 1.1, 11621
2018-10-21 20:13:12 (18059821804721) STATS - 1.2, 8998
2018-10-21 20:13:12 (18059822036228) STATS - 1.3, 6632
2018-10-21 20:13:12 (18059822303036) STATS - 1.4, 5333
2018-10-21 20:13:12 (18059822554643) STATS - 1.5, 4092
2018-10-21 20:13:12 (18059828687822) STATS - 1.6, 3208
2018-10-21 20:13:12 (18059828924129) STATS - 1.7, 2520
2018-10-21 20:13:12 (18059829173836) STATS - 1.8, 2022
2018-10-21 20:13:12 (18059829421144) STATS - 1.9, 1562
2018-10-21 20:13:12 (18059829685651) STATS - 2.0, 1325
2018-10-21 20:13:12 (18059829934159) STATS - 2.1, 1153
2018-10-21 20:13:12 (18059830158465) STATS - 2.2, 943
2018-10-21 20:13:12 (18059830394872) STATS - 2.3, 826
2018-10-21 20:13:12 (18059830671180) STATS - 2.4, 605
2018-10-21 20:13:12 (18059830884586) STATS - 2.5, 590
2018-10-21 20:13:12 (18059831365501) STATS - 2.6, 505
2018-10-21 20:13:12 (18059831697510) STATS - 2.7, 435
2018-10-21 20:13:12 (18059831944717) STATS - 2.8, 442
2018-10-21 20:13:12 (18059832186225) STATS - 2.9, 358
2018-10-21 20:13:12 (18059832391931) STATS - 3.0, 335
2018-10-21 20:13:12 (18059832632938) STATS - 3.1, 302
2018-10-21 20:13:12 (18059838730416) STATS - 3.2, 267
2018-10-21 20:13:12 (18059838983723) STATS - 3.3, 235
2018-10-21 20:13:12 (18059839660343) STATS - 3.4, 218
2018-10-21 20:13:12 (18059839912150) STATS - 3.5, 177
2018-10-21 20:13:12 (18059840223159) STATS - 3.6, 166
2018-10-21 20:13:12 (18059840482467) STATS - 3.7, 165
2018-10-21 20:13:12 (18059840700873) STATS - 3.8, 129
2018-10-21 20:13:12 (18059840899979) STATS - 3.9, 109
2018-10-21 20:13:12 (18059841107985) STATS - 4.0, 142
2018-10-21 20:13:12 (18059841304591) STATS - 4.1, 134
2018-10-21 20:13:12 (18059841508797) STATS - 4.2, 112
2018-10-21 20:13:12 (18059841725403) STATS - 4.3, 102
2018-10-21 20:13:12 (18059841927209) STATS - 4.4, 99
2018-10-21 20:13:12 (18059842168316) STATS - 4.5, 115
2018-10-21 20:13:12 (18059842401123) STATS - 4.6, 118
2018-10-21 20:13:12 (18059842645330) STATS - 4.7, 110
2018-10-21 20:13:12 (18059848773409) STATS - 4.8, 92
2018-10-21 20:13:12 (18059849000516) STATS - 4.9, 87
2018-10-21 20:13:12 (18059849195222) STATS - 5.0, 82
2018-10-21 20:13:12 (18059849365627) STATS - 5.1, 68
2018-10-21 20:13:12 (18059849557032) STATS - 5.2, 73
2018-10-21 20:13:12 (18059849753038) STATS - 5.3, 94
2018-10-21 20:13:12 (18059849944844) STATS - 5.4, 71
2018-10-21 20:13:12 (18059850167850) STATS - 5.5, 72
2018-10-21 20:13:12 (18059850360556) STATS - 5.6, 89
2018-10-21 20:13:12 (18059850597163) STATS - 5.7, 94
2018-10-21 20:13:12 (18059850804669) STATS - 5.8, 99
2018-10-21 20:13:12 (18059850999175) STATS - 5.9, 158
2018-10-21 20:13:12 (18059851193380) STATS - 6.0, 292
2018-10-21 20:13:12 (18059851421687) STATS - 6.1, 321
2018-10-21 20:13:12 (18059851640293) STATS - 6.2, 273
2018-10-21 20:13:12 (18059851832399) STATS - 6.3, 296
2018-10-21 20:13:12 (18059852093206) STATS - 6.4, 272
2018-10-21 20:13:12 (18059852301213) STATS - 6.5, 242
2018-10-21 20:13:12 (18059852532419) STATS - 6.6, 254
2018-10-21 20:13:12 (18059858653298) STATS - 6.7, 212
2018-10-21 20:13:12 (18059858863704) STATS - 6.8, 179
2018-10-21 20:13:12 (18059859101811) STATS - 6.9, 121
2018-10-21 20:13:12 (18059859386920) STATS - 7.0, 94
2018-10-21 20:13:12 (18059859585526) STATS - 7.1, 89
2018-10-21 20:13:12 (18059859770931) STATS - 7.2, 65
2018-10-21 20:13:12 (18059859954036) STATS - 7.3, 61
2018-10-21 20:13:12 (18059860171143) STATS - 7.4, 61
2018-10-21 20:13:12 (18059860387749) STATS - 7.5, 52
2018-10-21 20:13:12 (18059860573454) STATS - 7.6, 45
2018-10-21 20:13:12 (18059860763560) STATS - 7.7, 35
2018-10-21 20:13:12 (18059860947365) STATS - 7.8, 49
2018-10-21 20:13:12 (18059861129871) STATS - 7.9, 22
2018-10-21 20:13:12 (18059861310376) STATS - 8.0, 21
2018-10-21 20:13:12 (18059861493481) STATS - 8.1, 30
2018-10-21 20:13:12 (18059861687387) STATS - 8.2, 24
2018-10-21 20:13:12 (18059861869992) STATS - 8.3, 25
2018-10-21 20:13:12 (18059862086999) STATS - 8.4, 23
2018-10-21 20:13:12 (18059862278304) STATS - 8.5, 19
2018-10-21 20:13:12 (18059862469910) STATS - 8.6, 9
2018-10-21 20:13:12 (18059868490586) STATS - 8.7, 11
2018-10-21 20:13:12 (18059868699492) STATS - 8.8, 16
2018-10-21 20:13:12 (18059868883897) STATS - 8.9, 16
2018-10-21 20:13:12 (18059869061803) STATS - 9.0, 10
2018-10-21 20:13:12 (18059869242808) STATS - 9.1, 16
2018-10-21 20:13:12 (18059869423213) STATS - 9.2, 7
2018-10-21 20:13:12 (18059869617519) STATS - 9.3, 18
2018-10-21 20:13:12 (18059869798424) STATS - 9.4, 12
2018-10-21 20:13:12 (18059869984430) STATS - 9.5, 13
2018-10-21 20:13:12 (18059870167035) STATS - 9.6, 12
2018-10-21 20:13:12 (18059870386941) STATS - 9.7, 18
2018-10-21 20:13:12 (18059870580347) STATS - 9.8, 13
2018-10-21 20:13:12 (18059870865555) STATS - 9.9, 21
2018-10-21 20:13:12 (18059871066261) STATS - 10.0, 36
2018-10-21 20:13:12 (18059871256767) STATS - 10.1, 27
2018-10-21 20:13:12 (18059871441772) STATS - 10.2, 19
2018-10-21 20:13:12 (18059871626778) STATS - 10.3, 13
2018-10-21 20:13:12 (18059871861384) STATS - 10.4, 12
2018-10-21 20:13:12 (18059872062490) STATS - 10.5, 6
2018-10-21 20:13:12 (18059872312998) STATS - 10.6, 14
2018-10-21 20:13:12 (18059872499703) STATS - 10.7, 16
2018-10-21 20:13:12 (18059878532379) STATS - 10.8, 11
2018-10-21 20:13:12 (18059878825088) STATS - 10.9, 5
2018-10-21 20:13:12 (18059879153898) STATS - 11.0, 9
2018-10-21 20:13:12 (18059879444106) STATS - 11.1, 10
2018-10-21 20:13:12 (18059879709214) STATS - 11.2, 4
2018-10-21 20:13:12 (18059879898919) STATS - 11.3, 10
2018-10-21 20:13:12 (18059880094025) STATS - 11.4, 4
2018-10-21 20:13:12 (18059880271030) STATS - 11.5, 5
2018-10-21 20:13:12 (18059880446735) STATS - 11.6, 6
2018-10-21 20:13:12 (18059880629041) STATS - 11.7, 10
2018-10-21 20:13:12 (18059880827247) STATS - 11.8, 4
2018-10-21 20:13:12 (18059881030953) STATS - 11.9, 3
2018-10-21 20:13:12 (18059881205458) STATS - 12.0, 2
2018-10-21 20:13:12 (18059881380463) STATS - 12.1, 4
2018-10-21 20:13:12 (18059881559668) STATS - 12.2, 7
2018-10-21 20:13:12 (18059881734573) STATS - 12.3, 4
2018-10-21 20:13:12 (18059881939579) STATS - 12.4, 3
2018-10-21 20:13:12 (18059882415293) STATS - 12.5, 1
2018-10-21 20:13:12 (18059888411168) STATS - 12.6, 5
2018-10-21 20:13:12 (18059888624374) STATS - 12.7, 2
2018-10-21 20:13:12 (18059888809880) STATS - 12.8, 1
2018-10-21 20:13:12 (18059888988485) STATS - 12.9, 3
2018-10-21 20:13:12 (18059889164390) STATS - 13.0, 0
2018-10-21 20:13:12 (18059889337695) STATS - 13.1, 1
2018-10-21 20:13:12 (18059889510300) STATS - 13.2, 0
2018-10-21 20:13:12 (18059889692706) STATS - 13.3, 1
2018-10-21 20:13:12 (18059889865511) STATS - 13.4, 0
2018-10-21 20:13:12 (18059890040816) STATS - 13.5, 0
2018-10-21 20:13:12 (18059890213321) STATS - 13.6, 0
2018-10-21 20:13:12 (18059890386226) STATS - 13.7, 1
2018-10-21 20:13:12 (18059890558731) STATS - 13.8, 3
2018-10-21 20:13:12 (18059890731236) STATS - 13.9, 4
2018-10-21 20:13:12 (18059890901141) STATS - 14.0, 3
2018-10-21 20:13:12 (18059891073846) STATS - 14.1, 4
2018-10-21 20:13:12 (18059891245951) STATS - 14.2, 4
2018-10-21 20:13:12 (18059891417956) STATS - 14.3, 5
2018-10-21 20:13:12 (18059891598861) STATS - 14.4, 2
2018-10-21 20:13:12 (18059891811468) STATS - 14.5, 1
2018-10-21 20:13:12 (18059891987673) STATS - 14.6, 3
2018-10-21 20:13:12 (18059892181278) STATS - 14.7, 3
2018-10-21 20:13:12 (18059892353184) STATS - 14.8, 0
2018-10-21 20:13:12 (18059898372759) STATS - 14.9, 0
2018-10-21 20:13:12 (18059898561065) STATS - 15.0, 0
2018-10-21 20:13:12 (18059898737770) STATS - 15.1, 2
2018-10-21 20:13:12 (18059898953576) STATS - 15.2, 1
2018-10-21 20:13:12 (18059899128082) STATS - 15.3, 2
2018-10-21 20:13:12 (18059899353288) STATS - 15.4, 1
2018-10-21 20:13:12 (18059899810502) STATS - 15.5, 4
2018-10-21 20:13:12 (18059899995607) STATS - 15.6, 2
2018-10-21 20:13:12 (18059900196613) STATS - 15.7, 4
2018-10-21 20:13:12 (18059900374518) STATS - 15.8, 2
2018-10-21 20:13:12 (18059900553623) STATS - 15.9, 6
2018-10-21 20:13:12 (18059900729628) STATS - 16.0, 2
2018-10-21 20:13:12 (18059900947835) STATS - 16.1, 1
2018-10-21 20:13:12 (18059901124840) STATS - 16.2, 1
2018-10-21 20:13:12 (18059901306145) STATS - 16.3, 3
2018-10-21 20:13:12 (18059901528252) STATS - 16.4, 3
2018-10-21 20:13:12 (18059901708957) STATS - 16.5, 1
2018-10-21 20:13:12 (18059902188871) STATS - 16.6, 0
2018-10-21 20:13:12 (18059902762388) STATS - 16.7, 0
2018-10-21 20:13:12 (18059903119698) STATS - 16.8, 0
2018-10-21 20:13:12 (18059903302504) STATS - 16.9, 0
2018-10-21 20:13:12 (18059903470609) STATS - 17.0, 1
2018-10-21 20:13:12 (18059903649414) STATS - 17.1, 0
2018-10-21 20:13:12 (18059903819819) STATS - 17.2, 3
2018-10-21 20:13:12 (18059904008524) STATS - 17.3, 0
2018-10-21 20:13:12 (18059904200130) STATS - 17.4, 3
2018-10-21 20:13:12 (18059904378235) STATS - 17.5, 0
2018-10-21 20:13:12 (18059904561340) STATS - 17.6, 1
2018-10-21 20:13:12 (18059904733145) STATS - 17.7, 1
2018-10-21 20:13:12 (18059904902950) STATS - 17.8, 0
2018-10-21 20:13:12 (18059905072855) STATS - 17.9, 0
2018-10-21 20:13:12 (18059905238960) STATS - 18.0, 0
2018-10-21 20:13:12 (18059905407965) STATS - 18.1, 1
2018-10-21 20:13:12 (18059905577570) STATS - 18.2, 3
2018-10-21 20:13:12 (18059905793276) STATS - 18.3, 1
2018-10-21 20:13:12 (18059905967582) STATS - 18.4, 0
2018-10-21 20:13:12 (18059906139987) STATS - 18.5, 0
2018-10-21 20:13:12 (18059906308892) STATS - 18.6, 0
2018-10-21 20:13:12 (18059906479196) STATS - 18.7, 0
2018-10-21 20:13:12 (18059906659902) STATS - 18.8, 0
2018-10-21 20:13:12 (18059912871383) STATS - 18.9, 0
2018-10-21 20:13:12 (18059913056089) STATS - 19.0, 1
2018-10-21 20:13:12 (18059913229094) STATS - 19.1, 0
2018-10-21 20:13:12 (18059913400599) STATS - 19.2, 3
2018-10-21 20:13:12 (18059913571304) STATS - 19.3, 1
2018-10-21 20:13:12 (18059913741309) STATS - 19.4, 1
2018-10-21 20:13:12 (18059913918814) STATS - 19.5, 4
2018-10-21 20:13:12 (18059914089419) STATS - 19.6, 0
2018-10-21 20:13:12 (18059914260424) STATS - 19.7, 1
2018-10-21 20:13:12 (18059914503231) STATS - 19.8, 0
2018-10-21 20:13:12 (18059914679036) STATS - 19.9, 0
2018-10-21 20:13:12 (18059914846441) STATS - 20.0, 1
2018-10-21 20:13:12 (18059915017446) STATS - 20.1, 0
2018-10-21 20:13:12 (18059915186751) STATS - 20.2, 2
2018-10-21 20:13:12 (18059915356456) STATS - 20.3, 0
2018-10-21 20:13:12 (18059915530061) STATS - 20.4, 2
2018-10-21 20:13:12 (18059915702066) STATS - 20.5, 2
2018-10-21 20:13:12 (18059915871671) STATS - 20.6, 1
2018-10-21 20:13:12 (18059916060577) STATS - 20.7, 0
2018-10-21 20:13:12 (18059916232782) STATS - 20.8, 0
2018-10-21 20:13:12 (18059916402687) STATS - 20.9, 0
2018-10-21 20:13:12 (18059916568591) STATS - 21.0, 0
2018-10-21 20:13:12 (18059922702871) STATS - 21.1, 0
2018-10-21 20:13:12 (18059922896276) STATS - 21.2, 0
2018-10-21 20:13:12 (18059923069982) STATS - 21.3, 0
2018-10-21 20:13:12 (18059923255987) STATS - 21.4, 0
2018-10-21 20:13:12 (18059923460593) STATS - 21.5, 0
2018-10-21 20:13:12 (18059923638598) STATS - 21.6, 0
2018-10-21 20:13:12 (18059923809403) STATS - 21.7, 0
2018-10-21 20:13:12 (18059923987508) STATS - 21.8, 0
2018-10-21 20:13:12 (18059924180914) STATS - 21.9, 0
2018-10-21 20:13:12 (18059924350619) STATS - 22.0, 0
2018-10-21 20:13:12 (18059924521824) STATS - 22.1, 0
2018-10-21 20:13:12 (18059924691429) STATS - 22.2, 0
2018-10-21 20:13:12 (18059924860634) STATS - 22.3, 0
2018-10-21 20:13:12 (18059925030639) STATS - 22.4, 0
2018-10-21 20:13:12 (18059925266946) STATS - 22.5, 0
2018-10-21 20:13:12 (18059925430451) STATS - 22.6, 0
2018-10-21 20:13:12 (18059925598855) STATS - 22.7, 0
2018-10-21 20:13:12 (18059925761560) STATS - 22.8, 0
2018-10-21 20:13:12 (18059925924365) STATS - 22.9, 0
2018-10-21 20:13:12 (18059926149972) STATS - 23.0, 0
2018-10-21 20:13:12 (18059926314276) STATS - 23.1, 0
2018-10-21 20:13:12 (18059926494782) STATS - 23.2, 0
2018-10-21 20:13:12 (18059932636861) STATS - 23.3, 0
2018-10-21 20:13:12 (18059932809366) STATS - 23.4, 0
2018-10-21 20:13:12 (18059932974471) STATS - 23.5, 0
2018-10-21 20:13:12 (18059933137976) STATS - 23.6, 0
2018-10-21 20:13:12 (18059934067403) STATS - 23.7, 0
2018-10-21 20:13:12 (18059934257209) STATS - 23.8, 0
2018-10-21 20:13:12 (18059934461415) STATS - 23.9, 0
2018-10-21 20:13:12 (18059934741823) STATS - 24.0, 0
2018-10-21 20:13:12 (18059934964429) STATS - 24.1, 0
2018-10-21 20:13:12 (18059935128134) STATS - 24.2, 0
2018-10-21 20:13:12 (18059935290539) STATS - 24.3, 0
2018-10-21 20:13:12 (18059935453144) STATS - 24.4, 0
2018-10-21 20:13:12 (18059935619948) STATS - 24.5, 1
2018-10-21 20:13:12 (18059935782853) STATS - 24.6, 0
2018-10-21 20:13:12 (18059935946258) STATS - 24.7, 0
2018-10-21 20:13:12 (18059936129263) STATS - 24.8, 1
2018-10-21 20:13:12 (18059936292968) STATS - 24.9, 0
2018-10-21 20:13:12 (18059936475573) STATS - 25.0, 0
2018-10-21 20:13:12 (18059936639278) STATS - 25.1, 1
2018-10-21 20:13:12 (18059936830484) STATS - 25.2, 0
2018-10-21 20:13:12 (18059943047466) STATS - 25.3, 0
2018-10-21 20:13:12 (18059943237971) STATS - 25.4, 0
2018-10-21 20:13:12 (18059943402976) STATS - 25.5, 0
2018-10-21 20:13:12 (18059943565781) STATS - 25.6, 0
2018-10-21 20:13:12 (18059943728085) STATS - 25.7, 0
2018-10-21 20:13:12 (18059943884190) STATS - 25.8, 0
2018-10-21 20:13:12 (18059944059095) STATS - 25.9, 1
2018-10-21 20:13:12 (18059944213500) STATS - 26.0, 0
2018-10-21 20:13:12 (18059944370004) STATS - 26.1, 0
2018-10-21 20:13:12 (18059944525809) STATS - 26.2, 0
2018-10-21 20:13:12 (18059944680013) STATS - 26.3, 0
2018-10-21 20:13:12 (18059944885419) STATS - 26.4, 0
2018-10-21 20:13:12 (18059945045224) STATS - 26.5, 0
2018-10-21 20:13:12 (18059945200429) STATS - 26.6, 0
2018-10-21 20:13:12 (18059945366433) STATS - 26.7, 0
2018-10-21 20:13:12 (18059945541138) STATS - 26.8, 0
2018-10-21 20:13:12 (18059945731544) STATS - 26.9, 0
2018-10-21 20:13:12 (18059945904149) STATS - 27.0, 0
2018-10-21 20:13:12 (18059946086754) STATS - 27.1, 1
2018-10-21 20:13:12 (18059946245359) STATS - 27.2, 0
2018-10-21 20:13:12 (18059946399764) STATS - 27.3, 0
2018-10-21 20:13:12 (18059946597369) STATS - 27.4, 0
2018-10-21 20:13:12 (18059946755674) STATS - 27.5, 0
2018-10-21 20:13:12 (18059952948555) STATS - 27.6, 0
2018-10-21 20:13:12 (18059953169761) STATS - 27.7, 0
2018-10-21 20:13:12 (18059953330266) STATS - 27.8, 0
2018-10-21 20:13:12 (18059953485671) STATS - 27.9, 0
2018-10-21 20:13:12 (18059953637975) STATS - 28.0, 0
2018-10-21 20:13:12 (18059953792280) STATS - 28.1, 0
2018-10-21 20:13:12 (18059953947384) STATS - 28.2, 0
2018-10-21 20:13:12 (18059954200192) STATS - 28.3, 0
2018-10-21 20:13:12 (18059954363896) STATS - 28.4, 0
2018-10-21 20:13:12 (18059954530101) STATS - 28.5, 0
2018-10-21 20:13:12 (18059954686806) STATS - 28.6, 0
2018-10-21 20:13:12 (18059954840910) STATS - 28.7, 0
2018-10-21 20:13:12 (18059954998515) STATS - 28.8, 0
2018-10-21 20:13:12 (18059955187320) STATS - 28.9, 0
2018-10-21 20:13:12 (18059955387926) STATS - 29.0, 0
2018-10-21 20:13:12 (18059955548131) STATS - 29.1, 0
2018-10-21 20:13:12 (18059955704036) STATS - 29.2, 0
2018-10-21 20:13:12 (18059955862740) STATS - 29.3, 0
2018-10-21 20:13:12 (18059956038445) STATS - 29.4, 0
2018-10-21 20:13:12 (18059956197650) STATS - 29.5, 0
2018-10-21 20:13:12 (18059956353755) STATS - 29.6, 0
2018-10-21 20:13:12 (18059956546260) STATS - 29.7, 0
2018-10-21 20:13:12 (18059962781543) STATS - 29.8, 0
2018-10-21 20:13:12 (18059962960148) STATS - 29.9, 0
2018-10-21 20:13:12 (18059963115752) STATS - 30.0, 0
2018-10-21 20:13:12 (18059963329459) STATS - 30.1, 0
2018-10-21 20:13:12 (18059963483563) STATS - 30.2, 0
2018-10-21 20:13:12 (18059963644668) STATS - 30.3, 0
2018-10-21 20:13:12 (18059963810173) STATS - 30.4, 0
2018-10-21 20:13:12 (18059963963477) STATS - 30.5, 0
2018-10-21 20:13:12 (18059964130182) STATS - 30.6, 0
2018-10-21 20:13:12 (18059964278486) STATS - 30.7, 0
2018-10-21 20:13:13 (18059964533094) STATS - 30.8, 0
2018-10-21 20:13:13 (18059964690398) STATS - 30.9, 0
2018-10-21 20:13:13 (18059964863203) STATS - 31.0, 0
2018-10-21 20:13:13 (18059965015308) STATS - 31.1, 0
2018-10-21 20:13:13 (18059965164212) STATS - 31.2, 0
2018-10-21 20:13:13 (18059965316017) STATS - 31.3, 0
2018-10-21 20:13:13 (18059965471621) STATS - 31.4, 0
2018-10-21 20:13:13 (18059965625526) STATS - 31.5, 0
2018-10-21 20:13:13 (18059965806931) STATS - 31.6, 0
2018-10-21 20:13:13 (18059965958835) STATS - 31.7, 0
2018-10-21 20:13:13 (18059966105740) STATS - 31.8, 0
2018-10-21 20:13:13 (18059966264044) STATS - 31.9, 0
2018-10-21 20:13:13 (18059966409349) STATS - 32.0, 0
2018-10-21 20:13:13 (18059966555153) STATS - 32.1, 0
2018-10-21 20:13:13 (18059972678132) STATS - 32.2, 0
2018-10-21 20:13:13 (18059972873438) STATS - 32.3, 0
2018-10-21 20:13:13 (18059973024942) STATS - 32.4, 0
2018-10-21 20:13:13 (18059973176146) STATS - 32.5, 0
2018-10-21 20:13:13 (18059973376452) STATS - 32.6, 0
2018-10-21 20:13:13 (18059973524357) STATS - 32.7, 0
2018-10-21 20:13:13 (18059973671061) STATS - 32.8, 0
2018-10-21 20:13:13 (18059973818065) STATS - 32.9, 0
2018-10-21 20:13:13 (18059973960169) STATS - 33.0, 0
2018-10-21 20:13:13 (18059974105074) STATS - 33.1, 0
2018-10-21 20:13:13 (18059974250178) STATS - 33.2, 0
2018-10-21 20:13:13 (18059974398282) STATS - 33.3, 0
2018-10-21 20:13:13 (18059974592788) STATS - 33.4, 0
2018-10-21 20:13:13 (18059974744392) STATS - 33.5, 0
2018-10-21 20:13:13 (18059974888096) STATS - 33.6, 0
2018-10-21 20:13:13 (18059975035501) STATS - 33.7, 0
2018-10-21 20:13:13 (18059975199506) STATS - 33.8, 0
2018-10-21 20:13:13 (18059975347010) STATS - 33.9, 0
2018-10-21 20:13:13 (18059975486114) STATS - 34.0, 0
2018-10-21 20:13:13 (18059975630118) STATS - 34.1, 0
2018-10-21 20:13:13 (18059975772322) STATS - 34.2, 0
2018-10-21 20:13:13 (18059975918727) STATS - 34.3, 0
2018-10-21 20:13:13 (18059976081131) STATS - 34.4, 0
2018-10-21 20:13:13 (18059976251236) STATS - 34.5, 0
2018-10-21 20:13:13 (18059976392940) STATS - 34.6, 0
2018-10-21 20:13:13 (18059982452518) STATS - 34.7, 0
2018-10-21 20:13:13 (18059982694925) STATS - 34.8, 0
2018-10-21 20:13:13 (18059982842229) STATS - 34.9, 0
2018-10-21 20:13:13 (18059982988633) STATS - 35.0, 0
2018-10-21 20:13:13 (18059983129537) STATS - 35.1, 0
2018-10-21 20:13:13 (18059983269241) STATS - 35.2, 0
2018-10-21 20:13:13 (18059983409446) STATS - 35.3, 0
2018-10-21 20:13:13 (18059983851658) STATS - 35.4, 0
2018-10-21 20:13:13 (18059984068665) STATS - 35.5, 0
2018-10-21 20:13:13 (18059984195269) STATS - 35.6, 0
2018-10-21 20:13:13 (18059984311272) STATS - 35.7, 0
2018-10-21 20:13:13 (18059984459576) STATS - 35.8, 0
2018-10-21 20:13:13 (18059984582480) STATS - 35.9, 0
2018-10-21 20:13:13 (18059984730684) STATS - 36.0, 0
2018-10-21 20:13:13 (18059984857388) STATS - 36.1, 0
2018-10-21 20:13:13 (18059984971691) STATS - 36.2, 0
2018-10-21 20:13:13 (18059985244199) STATS - 36.3, 0
2018-10-21 20:13:13 (18059985365303) STATS - 36.4, 0
2018-10-21 20:13:13 (18059985844917) STATS - 36.5, 0
2018-10-21 20:13:13 (18059986092924) STATS - 36.6, 0
2018-10-21 20:13:13 (18059986288230) STATS - 36.7, 0
2018-10-21 20:13:13 (18059986615739) STATS - 36.8, 0
2018-10-21 20:13:13 (18059986756043) STATS - 36.9, 0
2018-10-21 20:13:13 (18059992943724) STATS - 37.0, 0
2018-10-21 20:13:13 (18059993091129) STATS - 37.1, 0
2018-10-21 20:13:13 (18059993224933) STATS - 37.2, 0
2018-10-21 20:13:13 (18059993376437) STATS - 37.3, 0
2018-10-21 20:13:13 (18059993518541) STATS - 37.4, 0
2018-10-21 20:13:13 (18059993651345) STATS - 37.5, 0
2018-10-21 20:13:13 (18059993812950) STATS - 37.6, 0
2018-10-21 20:13:13 (18059993948654) STATS - 37.7, 0
2018-10-21 20:13:13 (18059994079658) STATS - 37.8, 0
2018-10-21 20:13:13 (18059994210661) STATS - 37.9, 0
2018-10-21 20:13:13 (18059994338265) STATS - 38.0, 0
2018-10-21 20:13:13 (18059994468969) STATS - 38.1, 0
2018-10-21 20:13:13 (18059994600873) STATS - 38.2, 0
2018-10-21 20:13:13 (18059994738977) STATS - 38.3, 0
2018-10-21 20:13:13 (18059994876381) STATS - 38.4, 0
2018-10-21 20:13:13 (18059995015485) STATS - 38.5, 0
2018-10-21 20:13:13 (18059995153389) STATS - 38.6, 0
2018-10-21 20:13:13 (18059995283793) STATS - 38.7, 0
2018-10-21 20:13:13 (18059995413897) STATS - 38.8, 0
2018-10-21 20:13:13 (18059995544800) STATS - 38.9, 0
2018-10-21 20:13:13 (18059995774007) STATS - 39.0, 0
2018-10-21 20:13:13 (18059995949712) STATS - 39.1, 0
2018-10-21 20:13:13 (18059996130417) STATS - 39.2, 0
2018-10-21 20:13:13 (18059996260921) STATS - 39.3, 0
2018-10-21 20:13:13 (18059996387325) STATS - 39.4, 0
2018-10-21 20:13:13 (18059996514329) STATS - 39.5, 0
2018-10-21 20:13:13 (18059996653033) STATS - 39.6, 0
2018-10-21 20:13:13 (18059996779036) STATS - 39.7, 0
2018-10-21 20:13:13 (18060002913616) STATS - 39.8, 0
2018-10-21 20:13:13 (18060003061720) STATS - 39.9, 0
2018-10-21 20:13:13 (18060003195924) STATS - 40.0, 0
2018-10-21 20:13:13 (18060003322128) STATS - 40.1, 0
2018-10-21 20:13:13 (18060003447831) STATS - 40.2, 0
2018-10-21 20:13:13 (18060003573835) STATS - 40.3, 0
2018-10-21 20:13:13 (18060003699539) STATS - 40.4, 0
2018-10-21 20:13:13 (18060003841443) STATS - 40.5, 0
2018-10-21 20:13:13 (18060003969647) STATS - 40.6, 0
2018-10-21 20:13:13 (18060004115951) STATS - 40.7, 0
2018-10-21 20:13:13 (18060004241455) STATS - 40.8, 0
2018-10-21 20:13:13 (18060004366258) STATS - 40.9, 0
2018-10-21 20:13:13 (18060004488762) STATS - 41.0, 0
2018-10-21 20:13:13 (18060004618566) STATS - 41.1, 0
2018-10-21 20:13:13 (18060004744469) STATS - 41.2, 0
2018-10-21 20:13:13 (18060004869673) STATS - 41.3, 0
2018-10-21 20:13:13 (18060005023377) STATS - 41.4, 0
2018-10-21 20:13:13 (18060005163282) STATS - 41.5, 0
2018-10-21 20:13:13 (18060005338887) STATS - 41.6, 0
2018-10-21 20:13:13 (18060005467890) STATS - 41.7, 0
2018-10-21 20:13:13 (18060005593794) STATS - 41.8, 0
2018-10-21 20:13:13 (18060005800300) STATS - 41.9, 0
2018-10-21 20:13:13 (18060005931004) STATS - 42.0, 0
2018-10-21 20:13:13 (18060006250613) STATS - 42.1, 0
2018-10-21 20:13:13 (18060006385217) STATS - 42.2, 0
2018-10-21 20:13:13 (18060006513021) STATS - 42.3, 0
2018-10-21 20:13:13 (18060006658425) STATS - 42.4, 0
2018-10-21 20:13:13 (18060012591099) STATS - 42.5, 0
2018-10-21 20:13:13 (18060012780804) STATS - 42.6, 0
2018-10-21 20:13:13 (18060012956509) STATS - 42.7, 0
2018-10-21 20:13:13 (18060013091013) STATS - 42.8, 0
2018-10-21 20:13:13 (18060013249618) STATS - 42.9, 0
2018-10-21 20:13:13 (18060013373922) STATS - 43.0, 0
2018-10-21 20:13:13 (18060013599828) STATS - 43.1, 0
2018-10-21 20:13:13 (18060013887537) STATS - 43.2, 0
2018-10-21 20:13:13 (18060014023041) STATS - 43.3, 0
2018-10-21 20:13:13 (18060014147544) STATS - 43.4, 0
2018-10-21 20:13:13 (18060014271048) STATS - 43.5, 0
2018-10-21 20:13:13 (18060014394251) STATS - 43.6, 0
2018-10-21 20:13:13 (18060014517055) STATS - 43.7, 0
2018-10-21 20:13:13 (18060014642659) STATS - 43.8, 0
2018-10-21 20:13:13 (18060014766462) STATS - 43.9, 0
2018-10-21 20:13:13 (18060014892466) STATS - 44.0, 0
2018-10-21 20:13:13 (18060015016170) STATS - 44.1, 0
2018-10-21 20:13:13 (18060015139973) STATS - 44.2, 0
2018-10-21 20:13:13 (18060015263077) STATS - 44.3, 0
2018-10-21 20:13:13 (18060015387080) STATS - 44.4, 0
2018-10-21 20:13:13 (18060015510784) STATS - 44.5, 0
2018-10-21 20:13:13 (18060015635988) STATS - 44.6, 0
2018-10-21 20:13:13 (18060015759791) STATS - 44.7, 0
2018-10-21 20:13:13 (18060015883395) STATS - 44.8, 0
2018-10-21 20:13:13 (18060016027999) STATS - 44.9, 0
2018-10-21 20:13:13 (18060016153603) STATS - 45.0, 0
2018-10-21 20:13:13 (18060016276106) STATS - 45.1, 0
2018-10-21 20:13:13 (18060016399010) STATS - 45.2, 0
2018-10-21 20:13:13 (18060016521814) STATS - 45.3, 0
2018-10-21 20:13:13 (18060016644817) STATS - 45.4, 0
2018-10-21 20:13:13 (18060016768521) STATS - 45.5, 0
2018-10-21 20:13:13 (18060016891624) STATS - 45.6, 0
2018-10-21 20:13:13 (18060022807097) STATS - 45.7, 0
2018-10-21 20:13:13 (18060022957902) STATS - 45.8, 0
2018-10-21 20:13:13 (18060023092306) STATS - 45.9, 0
2018-10-21 20:13:13 (18060023234310) STATS - 46.0, 0
2018-10-21 20:13:13 (18060023358313) STATS - 46.1, 0
2018-10-21 20:13:13 (18060023485017) STATS - 46.2, 0
2018-10-21 20:13:13 (18060023607621) STATS - 46.3, 0
2018-10-21 20:13:13 (18060023728224) STATS - 46.4, 0
2018-10-21 20:13:13 (18060023850028) STATS - 46.5, 0
2018-10-21 20:13:13 (18060023970131) STATS - 46.6, 0
2018-10-21 20:13:13 (18060024118236) STATS - 46.7, 0
2018-10-21 20:13:13 (18060024237939) STATS - 46.8, 0
2018-10-21 20:13:13 (18060024364843) STATS - 46.9, 0
2018-10-21 20:13:13 (18060024487546) STATS - 47.0, 0
2018-10-21 20:13:13 (18060024611950) STATS - 47.1, 0
2018-10-21 20:13:13 (18060024735754) STATS - 47.2, 0
2018-10-21 20:13:13 (18060024856157) STATS - 47.3, 0
2018-10-21 20:13:13 (18060024981361) STATS - 47.4, 0
2018-10-21 20:13:13 (18060025102964) STATS - 47.5, 0
2018-10-21 20:13:13 (18060025226868) STATS - 47.6, 0
2018-10-21 20:13:13 (18060025347072) STATS - 47.7, 0
2018-10-21 20:13:13 (18060025466175) STATS - 47.8, 0
2018-10-21 20:13:13 (18060025586279) STATS - 47.9, 0
2018-10-21 20:13:13 (18060025705482) STATS - 48.0, 0
2018-10-21 20:13:13 (18060025823886) STATS - 48.1, 0
2018-10-21 20:13:13 (18060025945389) STATS - 48.2, 0
2018-10-21 20:13:13 (18060026118194) STATS - 48.3, 0
2018-10-21 20:13:13 (18060026276399) STATS - 48.4, 0
2018-10-21 20:13:13 (18060026398902) STATS - 48.5, 0
2018-10-21 20:13:13 (18060026518906) STATS - 48.6, 0
2018-10-21 20:13:13 (18060026637809) STATS - 48.7, 0
2018-10-21 20:13:13 (18060032526082) STATS - 48.8, 0
2018-10-21 20:13:13 (18060032686586) STATS - 48.9, 0
2018-10-21 20:13:13 (18060032785589) STATS - 49.0, 0
2018-10-21 20:13:13 (18060032906993) STATS - 49.1, 0
2018-10-21 20:13:13 (18060033060397) STATS - 49.2, 0
2018-10-21 20:13:13 (18060033205401) STATS - 49.3, 0
2018-10-21 20:13:13 (18060033361206) STATS - 49.4, 0
2018-10-21 20:13:13 (18060033670215) STATS - 49.5, 0
2018-10-21 20:13:13 (18060034401136) STATS - 49.6, 0
2018-10-21 20:13:13 (18060034632843) STATS - 49.7, 0
2018-10-21 20:13:13 (18060034784748) STATS - 49.8, 0
2018-10-21 20:13:13 (18060034903251) STATS - 49.9, 0
2018-10-21 20:13:13 (18060035038955) STATS - 50.0, 0
2018-10-21 20:13:13 (18060035157958) STATS - 50.1, 0
2018-10-21 20:13:13 (18060035271162) STATS - 50.2, 0
2018-10-21 20:13:13 (18060035383865) STATS - 50.3, 0
2018-10-21 20:13:13 (18060035520069) STATS - 50.4, 0
2018-10-21 20:13:13 (18060035636372) STATS - 50.5, 0
2018-10-21 20:13:13 (18060035747576) STATS - 50.6, 0
2018-10-21 20:13:13 (18060035839378) STATS - 50.7, 0
2018-10-21 20:13:13 (18060035956582) STATS - 50.8, 0
2018-10-21 20:13:13 (18060036091586) STATS - 50.9, 0
2018-10-21 20:13:13 (18060036202289) STATS - 51.0, 0
2018-10-21 20:13:13 (18060036353193) STATS - 51.1, 0
2018-10-21 20:13:13 (18060036527698) STATS - 51.2, 0
2018-10-21 20:13:13 (18060036644702) STATS - 51.3, 0
2018-10-21 20:13:13 (18060036755705) STATS - 51.4, 0
2018-10-21 20:13:13 (18060042679778) STATS - 51.5, 0
2018-10-21 20:13:13 (18060042890084) STATS - 51.6, 0
2018-10-21 20:13:13 (18060043000588) STATS - 51.7, 0
2018-10-21 20:13:13 (18060043107391) STATS - 51.8, 0
2018-10-21 20:13:13 (18060043213294) STATS - 51.9, 0
2018-10-21 20:13:13 (18060043296196) STATS - 52.0, 0
2018-10-21 20:13:13 (18060043377099) STATS - 52.1, 0
2018-10-21 20:13:13 (18060043458801) STATS - 52.2, 0
2018-10-21 20:13:13 (18060043551504) STATS - 52.3, 0
2018-10-21 20:13:13 (18060043636406) STATS - 52.4, 0
2018-10-21 20:13:13 (18060043718809) STATS - 52.5, 0
2018-10-21 20:13:13 (18060043800311) STATS - 52.6, 0
2018-10-21 20:13:13 (18060043880713) STATS - 52.7, 0
2018-10-21 20:13:13 (18060043968016) STATS - 52.8, 0
2018-10-21 20:13:13 (18060044071419) STATS - 52.9, 0
2018-10-21 20:13:13 (18060044153721) STATS - 53.0, 0
2018-10-21 20:13:13 (18060044235624) STATS - 53.1, 0
2018-10-21 20:13:13 (18060044317026) STATS - 53.2, 0
2018-10-21 20:13:13 (18060044398429) STATS - 53.3, 0
2018-10-21 20:13:13 (18060044479531) STATS - 53.4, 0
2018-10-21 20:13:13 (18060044561233) STATS - 53.5, 0
2018-10-21 20:13:13 (18060044647236) STATS - 53.6, 0
2018-10-21 20:13:13 (18060044728938) STATS - 53.7, 0
2018-10-21 20:13:13 (18060044810141) STATS - 53.8, 0
2018-10-21 20:13:13 (18060044891443) STATS - 53.9, 0
2018-10-21 20:13:13 (18060044972345) STATS - 54.0, 0
2018-10-21 20:13:13 (18060045053248) STATS - 54.1, 0
2018-10-21 20:13:13 (18060045134150) STATS - 54.2, 0
2018-10-21 20:13:13 (18060045215452) STATS - 54.3, 0
2018-10-21 20:13:13 (18060045301955) STATS - 54.4, 0
2018-10-21 20:13:13 (18060045383757) STATS - 54.5, 0
2018-10-21 20:13:13 (18060045463760) STATS - 54.6, 0
2018-10-21 20:13:13 (18060045544862) STATS - 54.7, 0
2018-10-21 20:13:13 (18060045630865) STATS - 54.8, 0
2018-10-21 20:13:13 (18060045716267) STATS - 54.9, 0
2018-10-21 20:13:13 (18060045817370) STATS - 55.0, 0
2018-10-21 20:13:13 (18060045927373) STATS - 55.1, 0
2018-10-21 20:13:13 (18060046011176) STATS - 55.2, 0
2018-10-21 20:13:13 (18060046115179) STATS - 55.3, 0
2018-10-21 20:13:13 (18060046214382) STATS - 55.4, 0
2018-10-21 20:13:13 (18060046321485) STATS - 55.5, 0
2018-10-21 20:13:13 (18060046405387) STATS - 55.6, 0
2018-10-21 20:13:13 (18060046508190) STATS - 55.7, 0
2018-10-21 20:13:13 (18060046593593) STATS - 55.8, 0
2018-10-21 20:13:13 (18060052438064) STATS - 55.9, 0
2018-10-21 20:13:13 (18060052641670) STATS - 56.0, 0
2018-10-21 20:13:13 (18060052754173) STATS - 56.1, 0
2018-10-21 20:13:13 (18060052860676) STATS - 56.2, 0
2018-10-21 20:13:13 (18060052950079) STATS - 56.3, 0
2018-10-21 20:13:13 (18060053061382) STATS - 56.4, 0
2018-10-21 20:13:13 (18060053174885) STATS - 56.5, 0
2018-10-21 20:13:13 (18060053286288) STATS - 56.6, 0
2018-10-21 20:13:13 (18060053390391) STATS - 56.7, 0
2018-10-21 20:13:13 (18060053495395) STATS - 56.8, 0
2018-10-21 20:13:13 (18060053600598) STATS - 56.9, 0
2018-10-21 20:13:13 (18060053703601) STATS - 57.0, 0
2018-10-21 20:13:13 (18060053872706) STATS - 57.1, 0
2018-10-21 20:13:13 (18060053982709) STATS - 57.2, 0
2018-10-21 20:13:13 (18060054067611) STATS - 57.3, 0
2018-10-21 20:13:13 (18060054234316) STATS - 57.4, 0
2018-10-21 20:13:13 (18060054404021) STATS - 57.5, 0
2018-10-21 20:13:13 (18060054510524) STATS - 57.6, 0
2018-10-21 20:13:13 (18060054612627) STATS - 57.7, 0
2018-10-21 20:13:13 (18060054714030) STATS - 57.8, 0
2018-10-21 20:13:13 (18060054817233) STATS - 57.9, 0
2018-10-21 20:13:13 (18060054918736) STATS - 58.0, 0
2018-10-21 20:13:13 (18060055019339) STATS - 58.1, 0
2018-10-21 20:13:13 (18060055123242) STATS - 58.2, 0
2018-10-21 20:13:13 (18060055224545) STATS - 58.3, 0
2018-10-21 20:13:13 (18060055326548) STATS - 58.4, 0
2018-10-21 20:13:13 (18060055440151) STATS - 58.5, 0
2018-10-21 20:13:13 (18060055540954) STATS - 58.6, 0
2018-10-21 20:13:13 (18060055641057) STATS - 58.7, 0
2018-10-21 20:13:13 (18060055741260) STATS - 58.8, 0
2018-10-21 20:13:13 (18060055841563) STATS - 58.9, 0
2018-10-21 20:13:13 (18060055941666) STATS - 59.0, 0
2018-10-21 20:13:13 (18060056090370) STATS - 59.1, 0
2018-10-21 20:13:13 (18060056210474) STATS - 59.2, 0
2018-10-21 20:13:13 (18060056310577) STATS - 59.3, 0
2018-10-21 20:13:13 (18060056411080) STATS - 59.4, 0
2018-10-21 20:13:13 (18060062310152) STATS - 59.5, 0
2018-10-21 20:13:13 (18060062446856) STATS - 59.6, 0
2018-10-21 20:13:13 (18060062550559) STATS - 59.7, 0
2018-10-21 20:13:13 (18060062634162) STATS - 59.8, 0
2018-10-21 20:13:13 (18060062738265) STATS - 59.9, 0
2018-10-21 20:13:13 (18060062820767) STATS - 60.0, 0
2018-10-21 20:13:13 (18060062918770) STATS - 60.1, 0
2018-10-21 20:13:13 (18060063001372) STATS - 60.2, 0
2018-10-21 20:13:13 (18060063099675) STATS - 60.3, 0
2018-10-21 20:13:13 (18060063176278) STATS - 60.4, 0
2018-10-21 20:13:13 (18060063273680) STATS - 60.5, 0
2018-10-21 20:13:13 (18060063353883) STATS - 60.6, 0
2018-10-21 20:13:13 (18060063452786) STATS - 60.7, 0
2018-10-21 20:13:13 (18060063533088) STATS - 60.8, 0
2018-10-21 20:13:13 (18060063632291) STATS - 60.9, 0
2018-10-21 20:13:13 (18060063713493) STATS - 61.0, 0
2018-10-21 20:13:13 (18060063837497) STATS - 61.1, 0
2018-10-21 20:13:13 (18060063942700) STATS - 61.2, 0
2018-10-21 20:13:13 (18060064060503) STATS - 61.3, 0
2018-10-21 20:13:13 (18060064161406) STATS - 61.4, 0
2018-10-21 20:13:13 (18060064259209) STATS - 61.5, 0
2018-10-21 20:13:13 (18060064357812) STATS - 61.6, 0
2018-10-21 20:13:13 (18060064461115) STATS - 61.7, 0
2018-10-21 20:13:13 (18060064561218) STATS - 61.8, 0
2018-10-21 20:13:13 (18060064759024) STATS - 61.9, 0
2018-10-21 20:13:13 (18060064873827) STATS - 62.0, 0
2018-10-21 20:13:13 (18060064978530) STATS - 62.1, 0
2018-10-21 20:13:13 (18060065118134) STATS - 62.2, 0
2018-10-21 20:13:13 (18060065261239) STATS - 62.3, 0
2018-10-21 20:13:13 (18060065395742) STATS - 62.4, 0
2018-10-21 20:13:13 (18060065529246) STATS - 62.5, 0
2018-10-21 20:13:13 (18060065633349) STATS - 62.6, 0
2018-10-21 20:13:13 (18060065731852) STATS - 62.7, 0
2018-10-21 20:13:13 (18060065831255) STATS - 62.8, 0
2018-10-21 20:13:13 (18060065962159) STATS - 62.9, 0
2018-10-21 20:13:13 (18060066073462) STATS - 63.0, 0
2018-10-21 20:13:13 (18060066173365) STATS - 63.1, 0
2018-10-21 20:13:13 (18060071986635) STATS - 63.2, 0
2018-10-21 20:13:13 (18060072496250) STATS - 63.3, 0
2018-10-21 20:13:13 (18060072885461) STATS - 63.4, 0
2018-10-21 20:13:13 (18060073044166) STATS - 63.5, 0
2018-10-21 20:13:13 (18060073138069) STATS - 63.6, 0
2018-10-21 20:13:13 (18060073212771) STATS - 63.7, 0
2018-10-21 20:13:13 (18060073305474) STATS - 63.8, 0
2018-10-21 20:13:13 (18060073415677) STATS - 63.9, 0
2018-10-21 20:13:13 (18060073531280) STATS - 64.0, 0
2018-10-21 20:13:13 (18060073626983) STATS - 64.1, 0
2018-10-21 20:13:13 (18060073696085) STATS - 64.2, 0
2018-10-21 20:13:13 (18060073792288) STATS - 64.3, 0
2018-10-21 20:13:13 (18060074094897) STATS - 64.4, 0
2018-10-21 20:13:13 (18060074199000) STATS - 64.5, 0
2018-10-21 20:13:13 (18060074295103) STATS - 64.6, 0
2018-10-21 20:13:13 (18060074387305) STATS - 64.7, 0
2018-10-21 20:13:13 (18060074478408) STATS - 64.8, 0
2018-10-21 20:13:13 (18060074547710) STATS - 64.9, 0
2018-10-21 20:13:13 (18060074615912) STATS - 65.0, 0
2018-10-21 20:13:13 (18060074688814) STATS - 65.1, 0
2018-10-21 20:13:13 (18060074779617) STATS - 65.2, 0
2018-10-21 20:13:13 (18060074871719) STATS - 65.3, 0
2018-10-21 20:13:13 (18060074963022) STATS - 65.4, 0
2018-10-21 20:13:13 (18060075053825) STATS - 65.5, 0
2018-10-21 20:13:13 (18060075193729) STATS - 65.6, 0
2018-10-21 20:13:13 (18060075286332) STATS - 65.7, 0
2018-10-21 20:13:13 (18060075377934) STATS - 65.8, 0
2018-10-21 20:13:13 (18060075469637) STATS - 65.9, 0
2018-10-21 20:13:13 (18060075561840) STATS - 66.0, 0
2018-10-21 20:13:13 (18060075653642) STATS - 66.1, 0
2018-10-21 20:13:13 (18060075751445) STATS - 66.2, 0
2018-10-21 20:13:13 (18060075843548) STATS - 66.3, 0
2018-10-21 20:13:13 (18060075938351) STATS - 66.4, 0
2018-10-21 20:13:13 (18060076050754) STATS - 66.5, 0
2018-10-21 20:13:13 (18060076145357) STATS - 66.6, 0
2018-10-21 20:13:13 (18060076242560) STATS - 66.7, 0
2018-10-21 20:13:13 (18060076334562) STATS - 66.8, 0
2018-10-21 20:13:13 (18060076426265) STATS - 66.9, 0
2018-10-21 20:13:13 (18060076517668) STATS - 67.0, 0
2018-10-21 20:13:13 (18060082420340) STATS - 67.1, 0
2018-10-21 20:13:13 (18060082583245) STATS - 67.2, 0
2018-10-21 20:13:13 (18060082678348) STATS - 67.3, 0
2018-10-21 20:13:13 (18060082745250) STATS - 67.4, 0
2018-10-21 20:13:13 (18060082833452) STATS - 67.5, 0
2018-10-21 20:13:13 (18060082905454) STATS - 67.6, 0
2018-10-21 20:13:13 (18060083055159) STATS - 67.7, 0
2018-10-21 20:13:13 (18060083151962) STATS - 67.8, 0
2018-10-21 20:13:13 (18060083220664) STATS - 67.9, 0
2018-10-21 20:13:13 (18060083312766) STATS - 68.0, 0
2018-10-21 20:13:13 (18060083379468) STATS - 68.1, 0
2018-10-21 20:13:13 (18060083467671) STATS - 68.2, 0
2018-10-21 20:13:13 (18060083534773) STATS - 68.3, 0
2018-10-21 20:13:13 (18060083622075) STATS - 68.4, 0
2018-10-21 20:13:13 (18060083687777) STATS - 68.5, 0
2018-10-21 20:13:13 (18060083774880) STATS - 68.6, 0
2018-10-21 20:13:13 (18060083862882) STATS - 68.7, 0
2018-10-21 20:13:13 (18060083951585) STATS - 68.8, 0
2018-10-21 20:13:13 (18060084096989) STATS - 68.9, 0
2018-10-21 20:13:13 (18060084192292) STATS - 69.0, 0
2018-10-21 20:13:13 (18060084281895) STATS - 69.1, 0
2018-10-21 20:13:13 (18060084370297) STATS - 69.2, 0
2018-10-21 20:13:13 (18060084491801) STATS - 69.3, 0
2018-10-21 20:13:13 (18060084595404) STATS - 69.4, 0
2018-10-21 20:13:13 (18060084685206) STATS - 69.5, 0
2018-10-21 20:13:13 (18060084773609) STATS - 69.6, 0
2018-10-21 20:13:13 (18060084862412) STATS - 69.7, 0
2018-10-21 20:13:13 (18060084951414) STATS - 69.8, 0
2018-10-21 20:13:13 (18060085039117) STATS - 69.9, 0
2018-10-21 20:13:13 (18060085148220) STATS - 70.0, 0
2018-10-21 20:13:13 (18060085243923) STATS - 70.1, 0
2018-10-21 20:13:13 (18060085331725) STATS - 70.2, 0
2018-10-21 20:13:13 (18060085421328) STATS - 70.3, 0
2018-10-21 20:13:13 (18060085508830) STATS - 70.4, 0
2018-10-21 20:13:13 (18060085597033) STATS - 70.5, 0
2018-10-21 20:13:13 (18060085685736) STATS - 70.6, 0
2018-10-21 20:13:13 (18060085778638) STATS - 70.7, 0
2018-10-21 20:13:13 (18060085867641) STATS - 70.8, 0
2018-10-21 20:13:13 (18060085955344) STATS - 70.9, 0
2018-10-21 20:13:13 (18060086044346) STATS - 71.0, 0
2018-10-21 20:13:13 (18060086132649) STATS - 71.1, 0
2018-10-21 20:13:13 (18060086220451) STATS - 71.2, 0
2018-10-21 20:13:13 (18060086308454) STATS - 71.3, 0
2018-10-21 20:13:13 (18060086396256) STATS - 71.4, 0
2018-10-21 20:13:13 (18060092616738) STATS - 71.5, 0
2018-10-21 20:13:13 (18060092746342) STATS - 71.6, 0
2018-10-21 20:13:13 (18060092839245) STATS - 71.7, 0
2018-10-21 20:13:13 (18060092928147) STATS - 71.8, 0
2018-10-21 20:13:13 (18060093016750) STATS - 71.9, 0
2018-10-21 20:13:13 (18060093083352) STATS - 72.0, 0
2018-10-21 20:13:13 (18060093171855) STATS - 72.1, 0
2018-10-21 20:13:13 (18060093265257) STATS - 72.2, 0
2018-10-21 20:13:13 (18060093356260) STATS - 72.3, 0
2018-10-21 20:13:13 (18060093443962) STATS - 72.4, 0
2018-10-21 20:13:13 (18060093532065) STATS - 72.5, 0
2018-10-21 20:13:13 (18060093619868) STATS - 72.6, 0
2018-10-21 20:13:13 (18060093707770) STATS - 72.7, 0
2018-10-21 20:13:13 (18060093885775) STATS - 72.8, 0
2018-10-21 20:13:13 (18060093981978) STATS - 72.9, 0
2018-10-21 20:13:13 (18060094070881) STATS - 73.0, 0
2018-10-21 20:13:13 (18060094159683) STATS - 73.1, 0
2018-10-21 20:13:13 (18060094247286) STATS - 73.2, 0
2018-10-21 20:13:13 (18060094336089) STATS - 73.3, 0
2018-10-21 20:13:13 (18060094423791) STATS - 73.4, 0
2018-10-21 20:13:13 (18060094510894) STATS - 73.5, 0
2018-10-21 20:13:13 (18060094599996) STATS - 73.6, 0
2018-10-21 20:13:13 (18060094688999) STATS - 73.7, 0
2018-10-21 20:13:13 (18060094777201) STATS - 73.8, 0
2018-10-21 20:13:13 (18060094864804) STATS - 73.9, 0
2018-10-21 20:13:13 (18060094953407) STATS - 74.0, 0
2018-10-21 20:13:13 (18060095042009) STATS - 74.1, 0
2018-10-21 20:13:13 (18060095107711) STATS - 74.2, 0
2018-10-21 20:13:13 (18060095230615) STATS - 74.3, 0
2018-10-21 20:13:13 (18060095325317) STATS - 74.4, 0
2018-10-21 20:13:13 (18060095414020) STATS - 74.5, 0
2018-10-21 20:13:13 (18060095501823) STATS - 74.6, 0
2018-10-21 20:13:13 (18060095589325) STATS - 74.7, 0
2018-10-21 20:13:13 (18060095681428) STATS - 74.8, 0
2018-10-21 20:13:13 (18060095789131) STATS - 74.9, 0
2018-10-21 20:13:13 (18060095878834) STATS - 75.0, 0
2018-10-21 20:13:13 (18060096058239) STATS - 75.1, 0
2018-10-21 20:13:13 (18060096207943) STATS - 75.2, 0
2018-10-21 20:13:13 (18060096304546) STATS - 75.3, 0
2018-10-21 20:13:13 (18060096428750) STATS - 75.4, 0
2018-10-21 20:13:13 (18060096555753) STATS - 75.5, 0
2018-10-21 20:13:13 (18060102469726) STATS - 75.6, 0
2018-10-21 20:13:13 (18060102594930) STATS - 75.7, 0
2018-10-21 20:13:13 (18060102689533) STATS - 75.8, 0
2018-10-21 20:13:13 (18060102754535) STATS - 75.9, 0
2018-10-21 20:13:13 (18060102840737) STATS - 76.0, 0
2018-10-21 20:13:13 (18060102904639) STATS - 76.1, 0
2018-10-21 20:13:13 (18060102989542) STATS - 76.2, 0
2018-10-21 20:13:13 (18060103052443) STATS - 76.3, 0
2018-10-21 20:13:13 (18060103135746) STATS - 76.4, 0
2018-10-21 20:13:13 (18060103198048) STATS - 76.5, 0
2018-10-21 20:13:13 (18060103281450) STATS - 76.6, 0
2018-10-21 20:13:13 (18060103343452) STATS - 76.7, 0
2018-10-21 20:13:13 (18060103427354) STATS - 76.8, 0
2018-10-21 20:13:13 (18060103491056) STATS - 76.9, 0
2018-10-21 20:13:13 (18060103576359) STATS - 77.0, 0
2018-10-21 20:13:13 (18060103639061) STATS - 77.1, 0
2018-10-21 20:13:13 (18060103722563) STATS - 77.2, 0
2018-10-21 20:13:13 (18060103785465) STATS - 77.3, 0
2018-10-21 20:13:13 (18060103868067) STATS - 77.4, 0
2018-10-21 20:13:13 (18060103952370) STATS - 77.5, 0
2018-10-21 20:13:13 (18060104052573) STATS - 77.6, 0
2018-10-21 20:13:13 (18060104138775) STATS - 77.7, 0
2018-10-21 20:13:13 (18060104222578) STATS - 77.8, 0
2018-10-21 20:13:13 (18060104306780) STATS - 77.9, 0
2018-10-21 20:13:13 (18060104391583) STATS - 78.0, 0
2018-10-21 20:13:13 (18060104454384) STATS - 78.1, 0
2018-10-21 20:13:13 (18060104536887) STATS - 78.2, 0
2018-10-21 20:13:13 (18060104599289) STATS - 78.3, 0
2018-10-21 20:13:13 (18060104688191) STATS - 78.4, 0
2018-10-21 20:13:13 (18060104772794) STATS - 78.5, 0
2018-10-21 20:13:13 (18060104856896) STATS - 78.6, 0
2018-10-21 20:13:13 (18060104940999) STATS - 78.7, 0
2018-10-21 20:13:13 (18060105024801) STATS - 78.8, 0
2018-10-21 20:13:13 (18060105164705) STATS - 78.9, 0
2018-10-21 20:13:13 (18060105250308) STATS - 79.0, 0
2018-10-21 20:13:13 (18060105335010) STATS - 79.1, 0
2018-10-21 20:13:13 (18060105419313) STATS - 79.2, 0
2018-10-21 20:13:13 (18060105503215) STATS - 79.3, 0
2018-10-21 20:13:13 (18060105617518) STATS - 79.4, 0
2018-10-21 20:13:13 (18060105712821) STATS - 79.5, 0
2018-10-21 20:13:13 (18060105799024) STATS - 79.6, 0
2018-10-21 20:13:13 (18060105882426) STATS - 79.7, 0
2018-10-21 20:13:13 (18060105966229) STATS - 79.8, 0
2018-10-21 20:13:13 (18060106054231) STATS - 79.9, 0
2018-10-21 20:13:13 (18060106121333) STATS - 80.0, 0
2018-10-21 20:13:13 (18060106255137) STATS - 80.1, 0
2018-10-21 20:13:13 (18060106338939) STATS - 80.2, 0
2018-10-21 20:13:13 (18060112334415) STATS - 80.3, 0
2018-10-21 20:13:13 (18060112422217) STATS - 80.4, 0
2018-10-21 20:13:13 (18060112508120) STATS - 80.5, 0
2018-10-21 20:13:13 (18060112567122) STATS - 80.6, 0
2018-10-21 20:13:13 (18060112624523) STATS - 80.7, 0
2018-10-21 20:13:13 (18060112681725) STATS - 80.8, 0
2018-10-21 20:13:13 (18060112738827) STATS - 80.9, 0
2018-10-21 20:13:13 (18060112797228) STATS - 81.0, 0
2018-10-21 20:13:13 (18060112938932) STATS - 81.1, 0
2018-10-21 20:13:13 (18060112997234) STATS - 81.2, 0
2018-10-21 20:13:13 (18060113057336) STATS - 81.3, 0
2018-10-21 20:13:13 (18060113136438) STATS - 81.4, 0
2018-10-21 20:13:13 (18060113194840) STATS - 81.5, 0
2018-10-21 20:13:13 (18060113273342) STATS - 81.6, 0
2018-10-21 20:13:13 (18060113330944) STATS - 81.7, 0
2018-10-21 20:13:13 (18060113410246) STATS - 81.8, 0
2018-10-21 20:13:13 (18060113490149) STATS - 81.9, 0
2018-10-21 20:13:13 (18060113577151) STATS - 82.0, 0
2018-10-21 20:13:13 (18060113657553) STATS - 82.1, 0
2018-10-21 20:13:13 (18060113782857) STATS - 82.2, 0
2018-10-21 20:13:13 (18060113864859) STATS - 82.3, 0
2018-10-21 20:13:13 (18060113945162) STATS - 82.4, 0
2018-10-21 20:13:13 (18060114024864) STATS - 82.5, 0
2018-10-21 20:13:13 (18060114104666) STATS - 82.6, 0
2018-10-21 20:13:13 (18060114184069) STATS - 82.7, 0
2018-10-21 20:13:13 (18060114263471) STATS - 82.8, 0
2018-10-21 20:13:13 (18060114342873) STATS - 82.9, 0
2018-10-21 20:13:13 (18060114430376) STATS - 83.0, 0
2018-10-21 20:13:13 (18060114512778) STATS - 83.1, 0
2018-10-21 20:13:13 (18060114593081) STATS - 83.2, 0
2018-10-21 20:13:13 (18060114672683) STATS - 83.3, 0
2018-10-21 20:13:13 (18060114752085) STATS - 83.4, 0
2018-10-21 20:13:13 (18060114872789) STATS - 83.5, 0
2018-10-21 20:13:13 (18060114960291) STATS - 83.6, 0
2018-10-21 20:13:13 (18060115086195) STATS - 83.7, 0
2018-10-21 20:13:13 (18060115249600) STATS - 83.8, 0
2018-10-21 20:13:13 (18060115333002) STATS - 83.9, 0
2018-10-21 20:13:13 (18060115413605) STATS - 84.0, 0
2018-10-21 20:13:13 (18060115493907) STATS - 84.1, 0
2018-10-21 20:13:13 (18060115580010) STATS - 84.2, 0
2018-10-21 20:13:13 (18060115660412) STATS - 84.3, 0
2018-10-21 20:13:13 (18060115740014) STATS - 84.4, 0
2018-10-21 20:13:13 (18060115819417) STATS - 84.5, 0
2018-10-21 20:13:13 (18060115898919) STATS - 84.6, 0
2018-10-21 20:13:13 (18060115977821) STATS - 84.7, 0
2018-10-21 20:13:13 (18060116074224) STATS - 84.8, 0
2018-10-21 20:13:13 (18060116154226) STATS - 84.9, 0
2018-10-21 20:13:13 (18060116234329) STATS - 85.0, 0
2018-10-21 20:13:13 (18060116314831) STATS - 85.1, 0
2018-10-21 20:13:13 (18060122184603) STATS - 85.2, 0
2018-10-21 20:13:13 (18060122311906) STATS - 85.3, 0
2018-10-21 20:13:13 (18060122418710) STATS - 85.4, 0
2018-10-21 20:13:13 (18060122513712) STATS - 85.5, 0
2018-10-21 20:13:13 (18060122573914) STATS - 85.6, 0
2018-10-21 20:13:13 (18060122652616) STATS - 85.7, 0
2018-10-21 20:13:13 (18060122788820) STATS - 85.8, 0
2018-10-21 20:13:13 (18060122846922) STATS - 85.9, 0
2018-10-21 20:13:13 (18060122926524) STATS - 86.0, 0
2018-10-21 20:13:13 (18060123243734) STATS - 86.1, 0
2018-10-21 20:13:13 (18060123333536) STATS - 86.2, 0
2018-10-21 20:13:13 (18060123391438) STATS - 86.3, 0
2018-10-21 20:13:13 (18060123588944) STATS - 86.4, 0
2018-10-21 20:13:13 (18060124182461) STATS - 86.5, 0
2018-10-21 20:13:13 (18060124264764) STATS - 86.6, 0
2018-10-21 20:13:13 (18060124345266) STATS - 86.7, 0
2018-10-21 20:13:13 (18060124424168) STATS - 86.8, 0
2018-10-21 20:13:13 (18060124503270) STATS - 86.9, 0
2018-10-21 20:13:13 (18060124583173) STATS - 87.0, 0
2018-10-21 20:13:13 (18060124662975) STATS - 87.1, 0
2018-10-21 20:13:13 (18060124741877) STATS - 87.2, 0
2018-10-21 20:13:13 (18060124799679) STATS - 87.3, 0
2018-10-21 20:13:13 (18060124877381) STATS - 87.4, 0
2018-10-21 20:13:13 (18060124956284) STATS - 87.5, 0
2018-10-21 20:13:13 (18060125034686) STATS - 87.6, 0
2018-10-21 20:13:13 (18060125118488) STATS - 87.7, 0
2018-10-21 20:13:13 (18060125239592) STATS - 87.8, 0
2018-10-21 20:13:13 (18060125368796) STATS - 87.9, 0
2018-10-21 20:13:13 (18060125500700) STATS - 88.0, 0
2018-10-21 20:13:13 (18060125589302) STATS - 88.1, 0
2018-10-21 20:13:13 (18060125672405) STATS - 88.2, 0
2018-10-21 20:13:13 (18060125785508) STATS - 88.3, 0
2018-10-21 20:13:13 (18060125869310) STATS - 88.4, 0
2018-10-21 20:13:13 (18060125948213) STATS - 88.5, 0
2018-10-21 20:13:13 (18060126026715) STATS - 88.6, 0
2018-10-21 20:13:13 (18060126108317) STATS - 88.7, 0
2018-10-21 20:13:13 (18060126230221) STATS - 88.8, 0
2018-10-21 20:13:13 (18060126316123) STATS - 88.9, 0
2018-10-21 20:13:13 (18060126398026) STATS - 89.0, 0
2018-10-21 20:13:13 (18060126475328) STATS - 89.1, 0
2018-10-21 20:13:13 (18060126553530) STATS - 89.2, 0
2018-10-21 20:13:13 (18060126633833) STATS - 89.3, 0
2018-10-21 20:13:13 (18060126728236) STATS - 89.4, 0
2018-10-21 20:13:13 (18060126803838) STATS - 89.5, 0
2018-10-21 20:13:13 (18060126858039) STATS - 89.6, 0
2018-10-21 20:13:13 (18060126932542) STATS - 89.7, 0
2018-10-21 20:13:13 (18060132671809) STATS - 89.8, 0
2018-10-21 20:13:13 (18060132814713) STATS - 89.9, 0
2018-10-21 20:13:13 (18060132938117) STATS - 90.0, 0
2018-10-21 20:13:13 (18060132993219) STATS - 90.1, 0
2018-10-21 20:13:13 (18060133066521) STATS - 90.2, 0
2018-10-21 20:13:13 (18060133123623) STATS - 90.3, 0
2018-10-21 20:13:13 (18060133198725) STATS - 90.4, 0
2018-10-21 20:13:13 (18060133250726) STATS - 90.5, 0
2018-10-21 20:13:13 (18060133322728) STATS - 90.6, 0
2018-10-21 20:13:13 (18060133374230) STATS - 90.7, 0
2018-10-21 20:13:13 (18060133446232) STATS - 90.8, 0
2018-10-21 20:13:13 (18060133497733) STATS - 90.9, 0
2018-10-21 20:13:13 (18060133571036) STATS - 91.0, 0
2018-10-21 20:13:13 (18060133644938) STATS - 91.1, 0
2018-10-21 20:13:13 (18060133718140) STATS - 91.2, 0
2018-10-21 20:13:13 (18060133808143) STATS - 91.3, 0
2018-10-21 20:13:13 (18060133885545) STATS - 91.4, 0
2018-10-21 20:13:13 (18060133957747) STATS - 91.5, 0
2018-10-21 20:13:13 (18060134029749) STATS - 91.6, 0
2018-10-21 20:13:13 (18060134101051) STATS - 91.7, 0
2018-10-21 20:13:13 (18060134199554) STATS - 91.8, 0
2018-10-21 20:13:13 (18060134271856) STATS - 91.9, 0
2018-10-21 20:13:13 (18060134368259) STATS - 92.0, 0
2018-10-21 20:13:13 (18060134419860) STATS - 92.1, 0
2018-10-21 20:13:13 (18060134491062) STATS - 92.2, 0
2018-10-21 20:13:13 (18060134563565) STATS - 92.3, 0
2018-10-21 20:13:13 (18060134634367) STATS - 92.4, 0
2018-10-21 20:13:13 (18060134755670) STATS - 92.5, 0
2018-10-21 20:13:13 (18060134827972) STATS - 92.6, 0
2018-10-21 20:13:13 (18060134932375) STATS - 92.7, 0
2018-10-21 20:13:13 (18060135003177) STATS - 92.8, 0
2018-10-21 20:13:13 (18060135071579) STATS - 92.9, 0
2018-10-21 20:13:13 (18060135140981) STATS - 93.0, 0
2018-10-21 20:13:13 (18060135210884) STATS - 93.1, 0
2018-10-21 20:13:13 (18060135279386) STATS - 93.2, 0
2018-10-21 20:13:13 (18060135365188) STATS - 93.3, 0
2018-10-21 20:13:13 (18060135433590) STATS - 93.4, 0
2018-10-21 20:13:13 (18060135499992) STATS - 93.5, 0
2018-10-21 20:13:13 (18060135567794) STATS - 93.6, 0
2018-10-21 20:13:13 (18060135652696) STATS - 93.7, 0
2018-10-21 20:13:13 (18060135724399) STATS - 93.8, 0
2018-10-21 20:13:13 (18060135790500) STATS - 93.9, 0
2018-10-21 20:13:13 (18060135857002) STATS - 94.0, 0
2018-10-21 20:13:13 (18060135923004) STATS - 94.1, 0
2018-10-21 20:13:13 (18060135988506) STATS - 94.2, 0
2018-10-21 20:13:13 (18060136117710) STATS - 94.3, 0
2018-10-21 20:13:13 (18060136193312) STATS - 94.4, 0
2018-10-21 20:13:13 (18060136260914) STATS - 94.5, 0
2018-10-21 20:13:13 (18060136857432) STATS - 94.6, 0
2018-10-21 20:13:13 (18060137612554) STATS - 94.7, 0
2018-10-21 20:13:13 (18060137741358) STATS - 94.8, 0
2018-10-21 20:13:13 (18060137809259) STATS - 94.9, 0
2018-10-21 20:13:13 (18060143581528) STATS - 95.0, 0
2018-10-21 20:13:13 (18060143676931) STATS - 95.1, 0
2018-10-21 20:13:13 (18060143727533) STATS - 95.2, 0
2018-10-21 20:13:13 (18060143794934) STATS - 95.3, 0
2018-10-21 20:13:13 (18060143840336) STATS - 95.4, 0
2018-10-21 20:13:13 (18060143906438) STATS - 95.5, 0
2018-10-21 20:13:13 (18060143952339) STATS - 95.6, 0
2018-10-21 20:13:13 (18060144035742) STATS - 95.7, 0
2018-10-21 20:13:13 (18060144104844) STATS - 95.8, 0
2018-10-21 20:13:13 (18060144149445) STATS - 95.9, 0
2018-10-21 20:13:13 (18060144199646) STATS - 96.0, 0
2018-10-21 20:13:13 (18060144264448) STATS - 96.1, 0
2018-10-21 20:13:13 (18060144310550) STATS - 96.2, 0
2018-10-21 20:13:13 (18060144375851) STATS - 96.3, 0
2018-10-21 20:13:13 (18060144441653) STATS - 96.4, 0
2018-10-21 20:13:13 (18060144507455) STATS - 96.5, 0
2018-10-21 20:13:13 (18060144573057) STATS - 96.6, 0
2018-10-21 20:13:13 (18060144638759) STATS - 96.7, 0
2018-10-21 20:13:13 (18060144704761) STATS - 96.8, 0
2018-10-21 20:13:13 (18060144769963) STATS - 96.9, 0
2018-10-21 20:13:13 (18060144837065) STATS - 97.0, 0
2018-10-21 20:13:13 (18060144947668) STATS - 97.1, 0
2018-10-21 20:13:13 (18060145020370) STATS - 97.2, 0
2018-10-21 20:13:13 (18060145087472) STATS - 97.3, 0
2018-10-21 20:13:13 (18060145154274) STATS - 97.4, 0
2018-10-21 20:13:13 (18060145221976) STATS - 97.5, 0
2018-10-21 20:13:13 (18060145288478) STATS - 97.6, 0
2018-10-21 20:13:13 (18060145354880) STATS - 97.7, 0
2018-10-21 20:13:13 (18060145473184) STATS - 97.8, 0
2018-10-21 20:13:13 (18060145546286) STATS - 97.9, 0
2018-10-21 20:13:13 (18060145613488) STATS - 98.0, 0
2018-10-21 20:13:13 (18060145679890) STATS - 98.1, 0
2018-10-21 20:13:13 (18060145745892) STATS - 98.2, 0
2018-10-21 20:13:13 (18060145812193) STATS - 98.3, 0
2018-10-21 20:13:13 (18060145878195) STATS - 98.4, 0
2018-10-21 20:13:13 (18060145950097) STATS - 98.5, 0
2018-10-21 20:13:13 (18060146016599) STATS - 98.6, 0
2018-10-21 20:13:13 (18060146082601) STATS - 98.7, 0
2018-10-21 20:13:13 (18060146148403) STATS - 98.8, 0
2018-10-21 20:13:13 (18060146214805) STATS - 98.9, 0
2018-10-21 20:13:13 (18060146281807) STATS - 99.0, 0
2018-10-21 20:13:13 (18060146348109) STATS - 99.1, 0
2018-10-21 20:13:13 (18060146414511) STATS - 99.2, 0
2018-10-21 20:13:13 (18060146480913) STATS - 99.3, 0
2018-10-21 20:13:13 (18060146547815) STATS - 99.4, 0
2018-10-21 20:13:13 (18060146614217) STATS - 99.5, 0
2018-10-21 20:13:13 (18060146680119) STATS - 99.6, 0
2018-10-21 20:13:13 (18060146746021) STATS - 99.7, 0
2018-10-21 20:13:13 (18060146812123) STATS - 99.8, 0
2018-10-21 20:13:13 (18060146878125) STATS - 99.9, 0
2018-10-21 20:13:13 (18060146924226) STATS - 100.0, 0
2018-10-21 20:13:13 (18060146990428) STATS - 100.1, 0
2018-10-21 20:13:13 (18060147036029) STATS - 100.2, 0
2018-10-21 20:13:13 (18060147079931) STATS - 100.3, 0
2018-10-21 20:13:13 (18060147144932) STATS - 100.4, 0
2018-10-21 20:13:13 (18060147211434) STATS - 100.5, 0
2018-10-21 20:13:13 (18060147277436) STATS - 100.6, 0
2018-10-21 20:13:13 (18060147374739) STATS - 100.7, 0
2018-10-21 20:13:13 (18060153137908) STATS - 100.8, 0
2018-10-21 20:13:13 (18060153242411) STATS - 100.9, 0
2018-10-21 20:13:13 (18060153292812) STATS - 101.0, 0
2018-10-21 20:13:13 (18060153342114) STATS - 101.1, 0
2018-10-21 20:13:13 (18060153408116) STATS - 101.2, 0
2018-10-21 20:13:13 (18060153453317) STATS - 101.3, 0
2018-10-21 20:13:13 (18060153518519) STATS - 101.4, 0
2018-10-21 20:13:13 (18060153564320) STATS - 101.5, 0
2018-10-21 20:13:13 (18060153614722) STATS - 101.6, 0
2018-10-21 20:13:13 (18060153679123) STATS - 101.7, 0
2018-10-21 20:13:13 (18060153879929) STATS - 101.8, 0
2018-10-21 20:13:13 (18060153990433) STATS - 101.9, 0
2018-10-21 20:13:13 (18060154068135) STATS - 102.0, 0
2018-10-21 20:13:13 (18060154136037) STATS - 102.1, 0
2018-10-21 20:13:13 (18060154200639) STATS - 102.2, 0
2018-10-21 20:13:13 (18060154265241) STATS - 102.3, 0
2018-10-21 20:13:13 (18060154329842) STATS - 102.4, 0
2018-10-21 20:13:13 (18060154428845) STATS - 102.5, 0
2018-10-21 20:13:13 (18060154501547) STATS - 102.6, 0
2018-10-21 20:13:13 (18060154567249) STATS - 102.7, 0
2018-10-21 20:13:13 (18060154632051) STATS - 102.8, 0
2018-10-21 20:13:13 (18060154696253) STATS - 102.9, 0
2018-10-21 20:13:13 (18060154762255) STATS - 103.0, 0
2018-10-21 20:13:13 (18060154827557) STATS - 103.1, 0
2018-10-21 20:13:13 (18060154892059) STATS - 103.2, 0
2018-10-21 20:13:13 (18060154955661) STATS - 103.3, 0
2018-10-21 20:13:13 (18060155020063) STATS - 103.4, 0
2018-10-21 20:13:13 (18060155084965) STATS - 103.5, 0
2018-10-21 20:13:13 (18060155149766) STATS - 103.6, 0
2018-10-21 20:13:13 (18060155257370) STATS - 103.7, 0
2018-10-21 20:13:13 (18060155328372) STATS - 103.8, 0
2018-10-21 20:13:13 (18060155398374) STATS - 103.9, 0
2018-10-21 20:13:13 (18060155466276) STATS - 104.0, 0
2018-10-21 20:13:13 (18060155532278) STATS - 104.1, 0
2018-10-21 20:13:13 (18060155596280) STATS - 104.2, 0
2018-10-21 20:13:13 (18060155660181) STATS - 104.3, 0
2018-10-21 20:13:13 (18060155725083) STATS - 104.4, 0
2018-10-21 20:13:13 (18060155793485) STATS - 104.5, 0
2018-10-21 20:13:13 (18060155859787) STATS - 104.6, 0
2018-10-21 20:13:13 (18060155924189) STATS - 104.7, 0
2018-10-21 20:13:13 (18060155988791) STATS - 104.8, 0
2018-10-21 20:13:13 (18060156085394) STATS - 104.9, 0
2018-10-21 20:13:13 (18060156151696) STATS - 105.0, 0
2018-10-21 20:13:13 (18060156217898) STATS - 105.1, 0
2018-10-21 20:13:13 (18060156282400) STATS - 105.2, 0
2018-10-21 20:13:13 (18060156347501) STATS - 105.3, 0
2018-10-21 20:13:13 (18060156412003) STATS - 105.4, 0
2018-10-21 20:13:13 (18060156476505) STATS - 105.5, 0
2018-10-21 20:13:13 (18060156542207) STATS - 105.6, 0
2018-10-21 20:13:13 (18060156606709) STATS - 105.7, 0
2018-10-21 20:13:13 (18060156671011) STATS - 105.8, 0
2018-10-21 20:13:13 (18060156735013) STATS - 105.9, 0
2018-10-21 20:13:13 (18060156803815) STATS - 106.0, 0
2018-10-21 20:13:13 (18060156870817) STATS - 106.1, 0
2018-10-21 20:13:13 (18060156935919) STATS - 106.2, 0
2018-10-21 20:13:13 (18060157000421) STATS - 106.3, 0
2018-10-21 20:13:13 (18060157064222) STATS - 106.4, 0
2018-10-21 20:13:13 (18060157128424) STATS - 106.5, 0
2018-10-21 20:13:13 (18060162959995) STATS - 106.6, 0
2018-10-21 20:13:13 (18060163035697) STATS - 106.7, 0
2018-10-21 20:13:13 (18060163084298) STATS - 106.8, 0
2018-10-21 20:13:13 (18060163127200) STATS - 106.9, 0
2018-10-21 20:13:13 (18060163171401) STATS - 107.0, 0
2018-10-21 20:13:13 (18060163213802) STATS - 107.1, 0
2018-10-21 20:13:13 (18060163263004) STATS - 107.2, 0
2018-10-21 20:13:13 (18060163307105) STATS - 107.3, 0
2018-10-21 20:13:13 (18060163349306) STATS - 107.4, 0
2018-10-21 20:13:13 (18060163398908) STATS - 107.5, 0
2018-10-21 20:13:13 (18060163449009) STATS - 107.6, 0
2018-10-21 20:13:13 (18060163491010) STATS - 107.7, 0
2018-10-21 20:13:13 (18060163532712) STATS - 107.8, 0
2018-10-21 20:13:13 (18060163574913) STATS - 107.9, 0
2018-10-21 20:13:13 (18060163618214) STATS - 108.0, 0
2018-10-21 20:13:13 (18060163660215) STATS - 108.1, 0
2018-10-21 20:13:13 (18060163701916) STATS - 108.2, 0
2018-10-21 20:13:13 (18060163743218) STATS - 108.3, 0
2018-10-21 20:13:13 (18060163784019) STATS - 108.4, 0
2018-10-21 20:13:13 (18060163824920) STATS - 108.5, 0
2018-10-21 20:13:13 (18060163865621) STATS - 108.6, 0
2018-10-21 20:13:13 (18060163910523) STATS - 108.7, 0
2018-10-21 20:13:13 (18060163952824) STATS - 108.8, 0
2018-10-21 20:13:13 (18060163994625) STATS - 108.9, 0
2018-10-21 20:13:13 (18060164056627) STATS - 109.0, 0
2018-10-21 20:13:13 (18060164099628) STATS - 109.1, 0
2018-10-21 20:13:13 (18060164141529) STATS - 109.2, 0
2018-10-21 20:13:13 (18060164183031) STATS - 109.3, 0
2018-10-21 20:13:13 (18060164227732) STATS - 109.4, 0
2018-10-21 20:13:13 (18060164268933) STATS - 109.5, 0
2018-10-21 20:13:13 (18060164310134) STATS - 109.6, 0
2018-10-21 20:13:13 (18060164351235) STATS - 109.7, 0
2018-10-21 20:13:13 (18060164392437) STATS - 109.8, 0
2018-10-21 20:13:13 (18060164434138) STATS - 109.9, 0
2018-10-21 20:13:13 (18060164477139) STATS - 110.0, 0
2018-10-21 20:13:13 (18060164519340) STATS - 110.1, 0
2018-10-21 20:13:13 (18060164560642) STATS - 110.2, 0
2018-10-21 20:13:13 (18060164601843) STATS - 110.3, 0
2018-10-21 20:13:13 (18060164642944) STATS - 110.4, 0
2018-10-21 20:13:13 (18060164684445) STATS - 110.5, 0
2018-10-21 20:13:13 (18060164725746) STATS - 110.6, 0
2018-10-21 20:13:13 (18060164766648) STATS - 110.7, 0
2018-10-21 20:13:13 (18060164808249) STATS - 110.8, 0
2018-10-21 20:13:13 (18060164849550) STATS - 110.9, 0
2018-10-21 20:13:13 (18060164891551) STATS - 111.0, 0
2018-10-21 20:13:13 (18060164937253) STATS - 111.1, 0
2018-10-21 20:13:13 (18060165009855) STATS - 111.2, 0
2018-10-21 20:13:13 (18060165054156) STATS - 111.3, 0
2018-10-21 20:13:13 (18060165122358) STATS - 111.4, 0
2018-10-21 20:13:13 (18060165166759) STATS - 111.5, 0
2018-10-21 20:13:13 (18060165211561) STATS - 111.6, 0
2018-10-21 20:13:13 (18060165274762) STATS - 111.7, 0
2018-10-21 20:13:13 (18060165318064) STATS - 111.8, 0
2018-10-21 20:13:13 (18060165381266) STATS - 111.9, 0
2018-10-21 20:13:13 (18060165445667) STATS - 112.0, 0
2018-10-21 20:13:13 (18060165509869) STATS - 112.1, 0
2018-10-21 20:13:13 (18060165553871) STATS - 112.2, 0
2018-10-21 20:13:13 (18060165596872) STATS - 112.3, 0
2018-10-21 20:13:13 (18060165659874) STATS - 112.4, 0
2018-10-21 20:13:13 (18060165703275) STATS - 112.5, 0
2018-10-21 20:13:13 (18060165766177) STATS - 112.6, 0
2018-10-21 20:13:13 (18060165830079) STATS - 112.7, 0
2018-10-21 20:13:13 (18060165893981) STATS - 112.8, 0
2018-10-21 20:13:13 (18060165962483) STATS - 112.9, 0
2018-10-21 20:13:13 (18060166006584) STATS - 113.0, 0
2018-10-21 20:13:13 (18060166074586) STATS - 113.1, 0
2018-10-21 20:13:13 (18060166142088) STATS - 113.2, 0
2018-10-21 20:13:13 (18060166188689) STATS - 113.3, 0
2018-10-21 20:13:13 (18060166252991) STATS - 113.4, 0
2018-10-21 20:13:13 (18060166296692) STATS - 113.5, 0
2018-10-21 20:13:13 (18060166338294) STATS - 113.6, 0
2018-10-21 20:13:13 (18060166401995) STATS - 113.7, 0
2018-10-21 20:13:13 (18060166449797) STATS - 113.8, 0
2018-10-21 20:13:13 (18060166513199) STATS - 113.9, 0
2018-10-21 20:13:13 (18060166557600) STATS - 114.0, 0
2018-10-21 20:13:13 (18060166621002) STATS - 114.1, 0
2018-10-21 20:13:13 (18060166689704) STATS - 114.2, 0
2018-10-21 20:13:13 (18060166754606) STATS - 114.3, 0
2018-10-21 20:13:13 (18060166818408) STATS - 114.4, 0
2018-10-21 20:13:13 (18060172588876) STATS - 114.5, 0
2018-10-21 20:13:13 (18060172672679) STATS - 114.6, 0
2018-10-21 20:13:13 (18060172716080) STATS - 114.7, 0
2018-10-21 20:13:13 (18060172779582) STATS - 114.8, 0
2018-10-21 20:13:13 (18060172820683) STATS - 114.9, 0
2018-10-21 20:13:13 (18060172883685) STATS - 115.0, 0
2018-10-21 20:13:13 (18060172926186) STATS - 115.1, 0
2018-10-21 20:13:13 (18060172969187) STATS - 115.2, 0
2018-10-21 20:13:13 (18060173029989) STATS - 115.3, 0
2018-10-21 20:13:13 (18060173071590) STATS - 115.4, 0
2018-10-21 20:13:13 (18060173139292) STATS - 115.5, 0
2018-10-21 20:13:13 (18060173202494) STATS - 115.6, 0
2018-10-21 20:13:13 (18060173242995) STATS - 115.7, 0
2018-10-21 20:13:13 (18060173288397) STATS - 115.8, 0
2018-10-21 20:13:13 (18060173348398) STATS - 115.9, 0
2018-10-21 20:13:13 (18060173390900) STATS - 116.0, 0
2018-10-21 20:13:13 (18060173433801) STATS - 116.1, 0
2018-10-21 20:13:13 (18060173494403) STATS - 116.2, 0
2018-10-21 20:13:13 (18060173536204) STATS - 116.3, 0
2018-10-21 20:13:13 (18060173596706) STATS - 116.4, 0
2018-10-21 20:13:13 (18060173657908) STATS - 116.5, 0
2018-10-21 20:13:13 (18060173719209) STATS - 116.6, 0
2018-10-21 20:13:13 (18060173780311) STATS - 116.7, 0
2018-10-21 20:13:13 (18060173841313) STATS - 116.8, 0
2018-10-21 20:13:13 (18060173903115) STATS - 116.9, 0
2018-10-21 20:13:13 (18060173965317) STATS - 117.0, 0
2018-10-21 20:13:13 (18060174027718) STATS - 117.1, 0
2018-10-21 20:13:13 (18060174068520) STATS - 117.2, 0
2018-10-21 20:13:13 (18060174108221) STATS - 117.3, 0
2018-10-21 20:13:13 (18060174147422) STATS - 117.4, 0
2018-10-21 20:13:13 (18060174208424) STATS - 117.5, 0
2018-10-21 20:13:13 (18060174274126) STATS - 117.6, 0
2018-10-21 20:13:13 (18060174336427) STATS - 117.7, 0
2018-10-21 20:13:13 (18060174397829) STATS - 117.8, 0
2018-10-21 20:13:13 (18060174483332) STATS - 117.9, 0
2018-10-21 20:13:13 (18060174548334) STATS - 118.0, 0
2018-10-21 20:13:13 (18060174610935) STATS - 118.1, 0
2018-10-21 20:13:13 (18060174672137) STATS - 118.2, 0
2018-10-21 20:13:13 (18060174736539) STATS - 118.3, 0
2018-10-21 20:13:13 (18060174799441) STATS - 118.4, 0
2018-10-21 20:13:13 (18060174861043) STATS - 118.5, 0
2018-10-21 20:13:13 (18060174928545) STATS - 118.6, 0
2018-10-21 20:13:13 (18060174992247) STATS - 118.7, 0
2018-10-21 20:13:13 (18060175095150) STATS - 118.8, 0
2018-10-21 20:13:13 (18060175162852) STATS - 118.9, 0
2018-10-21 20:13:13 (18060175225253) STATS - 119.0, 0
2018-10-21 20:13:13 (18060175287555) STATS - 119.1, 0
2018-10-21 20:13:13 (18060175348857) STATS - 119.2, 0
2018-10-21 20:13:13 (18060175465060) STATS - 119.3, 0
2018-10-21 20:13:13 (18060175539563) STATS - 119.4, 0
2018-10-21 20:13:13 (18060175602864) STATS - 119.5, 0
2018-10-21 20:13:13 (18060175664766) STATS - 119.6, 0
2018-10-21 20:13:13 (18060175725868) STATS - 119.7, 2
2018-10-21 20:13:13 (18060175786570) STATS - 119.8, 0
2018-10-21 20:13:13 (18060175847572) STATS - 119.9, 1
2018-10-21 20:13:13 (18060175910173) STATS - 120.0, 0
2018-10-21 20:13:13 (18060175972775) STATS - 120.1, 1
2018-10-21 20:13:13 (18060176030577) STATS - 120.2, 1
2018-10-21 20:13:13 (18060176094879) STATS - 120.3, 0
2018-10-21 20:13:13 (18060176195782) STATS - 120.4, 0
2018-10-21 20:13:13 (18060176261684) STATS - 120.5, 0
2018-10-21 20:13:13 (18060176323185) STATS - 120.6, 0
2018-10-21 20:13:13 (18060176383987) STATS - 120.7, 1
2018-10-21 20:13:13 (18060176483390) INFO  - END: Middleware stopped.
