2018-11-12 15:46:42 (2070177873751) INFO  - START: Middleware listening on address 10.0.0.11:8888.
2018-11-12 15:48:05 (2153338861664) STATS -  5.00, 869, 0, 0.146620, 0.965172, 1.210890, 1.210890, 0.000000, 0.000000, 4348, 0, 0, 0.00, 0.00, 0
2018-11-12 15:48:05 (2153367861910) STATS - 10.00, 992, 0, 0.093653, 0.920013, 1.086245, 1.086245, 0.000000, 0.000000, 4961, 0, 0, 0.00, 0.00, 0
2018-11-12 15:48:06 (2153434239617) STATS - 15.00, 1039, 0, 0.101903, 0.868087, 1.053751, 1.053751, 0.000000, 0.000000, 5199, 0, 0, 0.00, 0.00, 0
2018-11-12 15:48:06 (2153503100388) STATS - 20.00, 1045, 0, 0.091425, 0.894984, 1.055074, 1.055074, 0.000000, 0.000000, 5228, 0, 0, 0.00, 0.00, 0
2018-11-12 15:48:06 (2153567208736) STATS - 25.00, 985, 0, 0.115158, 0.881035, 1.055467, 1.055467, 0.000000, 0.000000, 4929, 0, 0, 0.00, 0.00, 0
2018-11-12 15:48:06 (2153624463209) STATS - 30.00, 1024, 0, 0.100566, 0.825445, 0.988089, 0.988089, 0.000000, 0.000000, 5123, 0, 0, 0.00, 0.00, 0
2018-11-12 15:48:06 (2153634680072) STATS - 35.00, 993, 0, 0.097617, 0.875391, 1.038148, 1.038148, 0.000000, 0.000000, 4968, 0, 0, 0.00, 0.00, 0
2018-11-12 15:48:06 (2153644308019) STATS - 40.00, 1003, 0, 0.105452, 0.888437, 1.066033, 1.066033, 0.000000, 0.000000, 5015, 0, 0, 0.00, 0.00, 0
2018-11-12 15:48:06 (2153653270150) STATS - 45.00, 1030, 0, 0.096585, 0.885292, 1.050619, 1.050619, 0.000000, 0.000000, 5152, 0, 0, 0.00, 0.00, 0
2018-11-12 15:48:06 (2153662186479) STATS - 50.00, 1031, 0, 0.102960, 0.875103, 1.038536, 1.038536, 0.000000, 0.000000, 5159, 0, 0, 0.00, 0.00, 0
2018-11-12 15:48:06 (2153670938204) STATS - 55.00, 1031, 0, 0.102451, 0.863140, 1.041303, 1.041303, 0.000000, 0.000000, 5159, 0, 0, 0.00, 0.00, 0
2018-11-12 15:48:06 (2153679819232) STATS - 60.00, 1001, 0, 0.116377, 0.891207, 1.073863, 1.073863, 0.000000, 0.000000, 5008, 0, 0, 0.00, 0.00, 0
2018-11-12 15:48:06 (2153681775483) STATS - 65.00, 987, 0, 0.118898, 0.902058, 1.097641, 1.097641, 0.000000, 0.000000, 4938, 0, 0, 0.00, 0.00, 0
2018-11-12 15:48:06 (2153690318902) STATS - 70.00, 926, 0, 0.113562, 0.929834, 1.116181, 1.116181, 0.000000, 0.000000, 4630, 0, 0, 0.00, 0.00, 0
2018-11-12 15:48:06 (2153691485732) STATS - 70.00, 8, 0, 0.309266, 1.027887, 1.396299, 1.396299, 0.000000, 0.000000, 41, 0, 0, 0.00, 0.00, 0
2018-11-12 15:48:06 (2153844241061) STATS - Interval, Responses
2018-11-12 15:48:06 (2153844588770) STATS - 0.1, 0
2018-11-12 15:48:06 (2153844769974) STATS - 0.2, 0
2018-11-12 15:48:06 (2153844984280) STATS - 0.3, 16
2018-11-12 15:48:06 (2153852116063) STATS - 0.4, 1586
2018-11-12 15:48:06 (2153852340669) STATS - 0.5, 8779
2018-11-12 15:48:06 (2153852549374) STATS - 0.6, 12799
2018-11-12 15:48:06 (2153852711379) STATS - 0.7, 11722
2018-11-12 15:48:06 (2153852882783) STATS - 0.8, 8695
2018-11-12 15:48:06 (2153853075588) STATS - 0.9, 6002
2018-11-12 15:48:06 (2153853238792) STATS - 1.0, 3848
2018-11-12 15:48:06 (2153853405096) STATS - 1.1, 2644
2018-11-12 15:48:06 (2153853604102) STATS - 1.2, 1975
2018-11-12 15:48:06 (2153853791506) STATS - 1.3, 1511
2018-11-12 15:48:06 (2153853974311) STATS - 1.4, 1210
2018-11-12 15:48:06 (2153854171516) STATS - 1.5, 921
2018-11-12 15:48:06 (2153854338920) STATS - 1.6, 671
2018-11-12 15:48:06 (2153854508625) STATS - 1.7, 557
2018-11-12 15:48:06 (2153854689129) STATS - 1.8, 478
2018-11-12 15:48:06 (2153854855234) STATS - 1.9, 363
2018-11-12 15:48:06 (2153862018718) STATS - 2.0, 347
2018-11-12 15:48:06 (2153862229623) STATS - 2.1, 323
2018-11-12 15:48:06 (2153862393228) STATS - 2.2, 267
2018-11-12 15:48:06 (2153862577532) STATS - 2.3, 244
2018-11-12 15:48:06 (2153862796638) STATS - 2.4, 214
2018-11-12 15:48:06 (2153863202348) STATS - 2.5, 189
2018-11-12 15:48:06 (2153863398553) STATS - 2.6, 167
2018-11-12 15:48:06 (2153863633859) STATS - 2.7, 152
2018-11-12 15:48:06 (2153863790063) STATS - 2.8, 149
2018-11-12 15:48:06 (2153863946467) STATS - 2.9, 151
2018-11-12 15:48:06 (2153864129672) STATS - 3.0, 143
2018-11-12 15:48:06 (2153864284476) STATS - 3.1, 117
2018-11-12 15:48:06 (2153864436180) STATS - 3.2, 112
2018-11-12 15:48:06 (2153865157099) STATS - 3.3, 89
2018-11-12 15:48:06 (2153871915272) STATS - 3.4, 109
2018-11-12 15:48:06 (2153872145778) STATS - 3.5, 88
2018-11-12 15:48:06 (2153872290282) STATS - 3.6, 75
2018-11-12 15:48:06 (2153872439586) STATS - 3.7, 93
2018-11-12 15:48:06 (2153872645591) STATS - 3.8, 68
2018-11-12 15:48:06 (2153872784295) STATS - 3.9, 90
2018-11-12 15:48:06 (2153872943499) STATS - 4.0, 75
2018-11-12 15:48:06 (2153873080202) STATS - 4.1, 81
2018-11-12 15:48:06 (2153873217506) STATS - 4.2, 80
2018-11-12 15:48:06 (2153873348709) STATS - 4.3, 75
2018-11-12 15:48:06 (2153873557015) STATS - 4.4, 70
2018-11-12 15:48:06 (2153873731419) STATS - 4.5, 84
2018-11-12 15:48:06 (2153873979625) STATS - 4.6, 55
2018-11-12 15:48:06 (2153874144630) STATS - 4.7, 70
2018-11-12 15:48:06 (2153874281633) STATS - 4.8, 64
2018-11-12 15:48:06 (2153874428737) STATS - 4.9, 56
2018-11-12 15:48:06 (2153874550440) STATS - 5.0, 54
2018-11-12 15:48:06 (2153881615522) STATS - 5.1, 70
2018-11-12 15:48:06 (2153881856828) STATS - 5.2, 61
2018-11-12 15:48:06 (2153882007932) STATS - 5.3, 53
2018-11-12 15:48:06 (2153882227538) STATS - 5.4, 70
2018-11-12 15:48:06 (2153882354041) STATS - 5.5, 76
2018-11-12 15:48:06 (2153882510545) STATS - 5.6, 66
2018-11-12 15:48:06 (2153882704350) STATS - 5.7, 60
2018-11-12 15:48:06 (2153882837653) STATS - 5.8, 85
2018-11-12 15:48:06 (2153882959556) STATS - 5.9, 62
2018-11-12 15:48:06 (2153883184962) STATS - 6.0, 70
2018-11-12 15:48:06 (2153883339466) STATS - 6.1, 72
2018-11-12 15:48:06 (2153883473470) STATS - 6.2, 61
2018-11-12 15:48:06 (2153883621373) STATS - 6.3, 78
2018-11-12 15:48:06 (2153883728676) STATS - 6.4, 69
2018-11-12 15:48:06 (2153883835679) STATS - 6.5, 78
2018-11-12 15:48:06 (2153883977483) STATS - 6.6, 68
2018-11-12 15:48:06 (2153884136187) STATS - 6.7, 69
2018-11-12 15:48:06 (2153884252690) STATS - 6.8, 84
2018-11-12 15:48:06 (2153884421894) STATS - 6.9, 71
2018-11-12 15:48:06 (2153891517977) STATS - 7.0, 58
2018-11-12 15:48:06 (2153891665280) STATS - 7.1, 66
2018-11-12 15:48:06 (2153891875086) STATS - 7.2, 43
2018-11-12 15:48:06 (2153892024090) STATS - 7.3, 61
2018-11-12 15:48:06 (2153892156993) STATS - 7.4, 43
2018-11-12 15:48:06 (2153892307297) STATS - 7.5, 32
2018-11-12 15:48:06 (2153892431500) STATS - 7.6, 31
2018-11-12 15:48:06 (2153893145918) STATS - 7.7, 20
2018-11-12 15:48:06 (2153893270022) STATS - 7.8, 19
2018-11-12 15:48:06 (2153893380924) STATS - 7.9, 18
2018-11-12 15:48:06 (2153893517428) STATS - 8.0, 14
2018-11-12 15:48:06 (2153893675432) STATS - 8.1, 22
2018-11-12 15:48:06 (2153893789235) STATS - 8.2, 27
2018-11-12 15:48:06 (2153893914038) STATS - 8.3, 16
2018-11-12 15:48:06 (2153894031341) STATS - 8.4, 14
2018-11-12 15:48:06 (2153894145744) STATS - 8.5, 19
2018-11-12 15:48:06 (2153894253947) STATS - 8.6, 15
2018-11-12 15:48:06 (2153901312528) STATS - 8.7, 19
2018-11-12 15:48:06 (2153901437032) STATS - 8.8, 10
2018-11-12 15:48:06 (2153901549334) STATS - 8.9, 7
2018-11-12 15:48:06 (2153901696538) STATS - 9.0, 17
2018-11-12 15:48:06 (2153901809241) STATS - 9.1, 15
2018-11-12 15:48:06 (2153901921144) STATS - 9.2, 10
2018-11-12 15:48:06 (2153902043847) STATS - 9.3, 11
2018-11-12 15:48:06 (2153902149450) STATS - 9.4, 7
2018-11-12 15:48:06 (2153902271553) STATS - 9.5, 18
2018-11-12 15:48:06 (2153902382556) STATS - 9.6, 16
2018-11-12 15:48:06 (2153902540960) STATS - 9.7, 12
2018-11-12 15:48:06 (2153902705264) STATS - 9.8, 21
2018-11-12 15:48:06 (2153902831667) STATS - 9.9, 9
2018-11-12 15:48:06 (2153902963771) STATS - 10.0, 4
2018-11-12 15:48:06 (2153903080874) STATS - 10.1, 8
2018-11-12 15:48:06 (2153903186977) STATS - 10.2, 6
2018-11-12 15:48:06 (2153903296979) STATS - 10.3, 7
2018-11-12 15:48:06 (2153903462684) STATS - 10.4, 4
2018-11-12 15:48:06 (2153903573787) STATS - 10.5, 3
2018-11-12 15:48:06 (2153903683489) STATS - 10.6, 4
2018-11-12 15:48:06 (2153903874394) STATS - 10.7, 1
2018-11-12 15:48:06 (2153910918075) STATS - 10.8, 7
2018-11-12 15:48:06 (2153911114080) STATS - 10.9, 1
2018-11-12 15:48:06 (2153911247184) STATS - 11.0, 0
2018-11-12 15:48:06 (2153911404888) STATS - 11.1, 1
2018-11-12 15:48:06 (2153912355012) STATS - 11.2, 4
2018-11-12 15:48:06 (2153912578118) STATS - 11.3, 3
2018-11-12 15:48:06 (2153912728022) STATS - 11.4, 1
2018-11-12 15:48:06 (2153912834925) STATS - 11.5, 4
2018-11-12 15:48:06 (2153912959028) STATS - 11.6, 2
2018-11-12 15:48:06 (2153913101132) STATS - 11.7, 1
2018-11-12 15:48:06 (2153913242135) STATS - 11.8, 1
2018-11-12 15:48:06 (2153913350138) STATS - 11.9, 1
2018-11-12 15:48:06 (2153913458441) STATS - 12.0, 1
2018-11-12 15:48:06 (2153913575544) STATS - 12.1, 0
2018-11-12 15:48:06 (2153913680346) STATS - 12.2, 1
2018-11-12 15:48:06 (2153913803150) STATS - 12.3, 1
2018-11-12 15:48:06 (2153913922253) STATS - 12.4, 0
2018-11-12 15:48:06 (2153914027455) STATS - 12.5, 2
2018-11-12 15:48:06 (2153914132258) STATS - 12.6, 2
2018-11-12 15:48:06 (2153920717627) STATS - 12.7, 1
2018-11-12 15:48:06 (2153920858731) STATS - 12.8, 1
2018-11-12 15:48:06 (2153920967734) STATS - 12.9, 1
2018-11-12 15:48:06 (2153921085337) STATS - 13.0, 3
2018-11-12 15:48:06 (2153921214740) STATS - 13.1, 1
2018-11-12 15:48:06 (2153921348344) STATS - 13.2, 2
2018-11-12 15:48:06 (2153921471347) STATS - 13.3, 2
2018-11-12 15:48:06 (2153921576049) STATS - 13.4, 2
2018-11-12 15:48:06 (2153921681252) STATS - 13.5, 0
2018-11-12 15:48:06 (2153921804255) STATS - 13.6, 1
2018-11-12 15:48:06 (2153921919058) STATS - 13.7, 0
2018-11-12 15:48:06 (2153922016961) STATS - 13.8, 2
2018-11-12 15:48:06 (2153922113463) STATS - 13.9, 0
2018-11-12 15:48:06 (2153922261267) STATS - 14.0, 0
2018-11-12 15:48:06 (2153922400471) STATS - 14.1, 2
2018-11-12 15:48:06 (2153922508773) STATS - 14.2, 1
2018-11-12 15:48:06 (2153922623476) STATS - 14.3, 2
2018-11-12 15:48:06 (2153922741279) STATS - 14.4, 0
2018-11-12 15:48:06 (2153922835082) STATS - 14.5, 0
2018-11-12 15:48:06 (2153922927084) STATS - 14.6, 0
2018-11-12 15:48:06 (2153923017487) STATS - 14.7, 0
2018-11-12 15:48:06 (2153923113689) STATS - 14.8, 2
2018-11-12 15:48:06 (2153923278793) STATS - 14.9, 0
2018-11-12 15:48:06 (2153923390696) STATS - 15.0, 0
2018-11-12 15:48:06 (2153923527000) STATS - 15.1, 3
2018-11-12 15:48:06 (2153930658283) STATS - 15.2, 1
2018-11-12 15:48:06 (2153930985691) STATS - 15.3, 1
2018-11-12 15:48:06 (2153931101494) STATS - 15.4, 1
2018-11-12 15:48:06 (2153931392502) STATS - 15.5, 4
2018-11-12 15:48:06 (2153931518305) STATS - 15.6, 0
2018-11-12 15:48:06 (2153931626008) STATS - 15.7, 2
2018-11-12 15:48:06 (2153931730111) STATS - 15.8, 0
2018-11-12 15:48:06 (2153931833213) STATS - 15.9, 0
2018-11-12 15:48:06 (2153931942316) STATS - 16.0, 2
2018-11-12 15:48:06 (2153932092120) STATS - 16.1, 0
2018-11-12 15:48:06 (2153932206823) STATS - 16.2, 0
2018-11-12 15:48:06 (2153932323626) STATS - 16.3, 0
2018-11-12 15:48:06 (2153932428329) STATS - 16.4, 0
2018-11-12 15:48:06 (2153932566432) STATS - 16.5, 0
2018-11-12 15:48:06 (2153932678735) STATS - 16.6, 0
2018-11-12 15:48:06 (2153932790138) STATS - 16.7, 0
2018-11-12 15:48:06 (2153932901941) STATS - 16.8, 0
2018-11-12 15:48:06 (2153933008443) STATS - 16.9, 0
2018-11-12 15:48:06 (2153933113346) STATS - 17.0, 0
2018-11-12 15:48:06 (2153933240549) STATS - 17.1, 0
2018-11-12 15:48:06 (2153933351552) STATS - 17.2, 0
2018-11-12 15:48:06 (2153933486456) STATS - 17.3, 0
2018-11-12 15:48:06 (2153940286731) STATS - 17.4, 1
2018-11-12 15:48:06 (2153940575538) STATS - 17.5, 0
2018-11-12 15:48:06 (2153940696641) STATS - 17.6, 0
2018-11-12 15:48:06 (2153940800644) STATS - 17.7, 0
2018-11-12 15:48:06 (2153940901546) STATS - 17.8, 0
2018-11-12 15:48:06 (2153941000949) STATS - 17.9, 0
2018-11-12 15:48:06 (2153941121552) STATS - 18.0, 0
2018-11-12 15:48:06 (2153941221255) STATS - 18.1, 0
2018-11-12 15:48:06 (2153941322757) STATS - 18.2, 0
2018-11-12 15:48:06 (2153941452261) STATS - 18.3, 0
2018-11-12 15:48:06 (2153941556263) STATS - 18.4, 0
2018-11-12 15:48:06 (2153941657566) STATS - 18.5, 1
2018-11-12 15:48:06 (2153941776469) STATS - 18.6, 0
2018-11-12 15:48:06 (2153941887372) STATS - 18.7, 0
2018-11-12 15:48:06 (2153942019575) STATS - 18.8, 0
2018-11-12 15:48:06 (2153942122978) STATS - 18.9, 0
2018-11-12 15:48:06 (2153942218180) STATS - 19.0, 0
2018-11-12 15:48:06 (2153942317083) STATS - 19.1, 0
2018-11-12 15:48:06 (2153942425486) STATS - 19.2, 0
2018-11-12 15:48:06 (2153942519888) STATS - 19.3, 0
2018-11-12 15:48:06 (2153942615391) STATS - 19.4, 0
2018-11-12 15:48:06 (2153942710093) STATS - 19.5, 0
2018-11-12 15:48:06 (2153943029201) STATS - 19.6, 0
2018-11-12 15:48:06 (2153943150604) STATS - 19.7, 1
2018-11-12 15:48:06 (2153943301308) STATS - 19.8, 0
2018-11-12 15:48:06 (2153950166585) STATS - 19.9, 0
2018-11-12 15:48:06 (2153950323989) STATS - 20.0, 2
2018-11-12 15:48:06 (2153950450592) STATS - 20.1, 0
2018-11-12 15:48:06 (2153950548295) STATS - 20.2, 0
2018-11-12 15:48:06 (2153950647397) STATS - 20.3, 0
2018-11-12 15:48:06 (2153950746000) STATS - 20.4, 0
2018-11-12 15:48:06 (2153950846602) STATS - 20.5, 0
2018-11-12 15:48:06 (2153950943405) STATS - 20.6, 0
2018-11-12 15:48:06 (2153951050407) STATS - 20.7, 0
2018-11-12 15:48:06 (2153951163410) STATS - 20.8, 0
2018-11-12 15:48:06 (2153951271013) STATS - 20.9, 0
2018-11-12 15:48:06 (2153951360015) STATS - 21.0, 0
2018-11-12 15:48:06 (2153951449418) STATS - 21.1, 0
2018-11-12 15:48:06 (2153951542420) STATS - 21.2, 0
2018-11-12 15:48:06 (2153951680324) STATS - 21.3, 0
2018-11-12 15:48:06 (2153951782626) STATS - 21.4, 0
2018-11-12 15:48:06 (2153951881929) STATS - 21.5, 0
2018-11-12 15:48:06 (2153952013232) STATS - 21.6, 0
2018-11-12 15:48:06 (2153952151036) STATS - 21.7, 0
2018-11-12 15:48:06 (2153952243638) STATS - 21.8, 0
2018-11-12 15:48:06 (2153952475744) STATS - 21.9, 0
2018-11-12 15:48:06 (2153952601047) STATS - 22.0, 0
2018-11-12 15:48:06 (2153952694950) STATS - 22.1, 0
2018-11-12 15:48:06 (2153952821853) STATS - 22.2, 0
2018-11-12 15:48:06 (2153952918756) STATS - 22.3, 0
2018-11-12 15:48:06 (2153953004558) STATS - 22.4, 0
2018-11-12 15:48:06 (2153960079740) STATS - 22.5, 0
2018-11-12 15:48:06 (2153960188142) STATS - 22.6, 0
2018-11-12 15:48:06 (2153960304145) STATS - 22.7, 1
2018-11-12 15:48:06 (2153960401448) STATS - 22.8, 0
2018-11-12 15:48:06 (2153960489750) STATS - 22.9, 0
2018-11-12 15:48:06 (2153960586753) STATS - 23.0, 0
2018-11-12 15:48:06 (2153960687355) STATS - 23.1, 0
2018-11-12 15:48:06 (2153960882760) STATS - 23.2, 1
2018-11-12 15:48:06 (2153960994763) STATS - 23.3, 0
2018-11-12 15:48:06 (2153961122566) STATS - 23.4, 0
2018-11-12 15:48:06 (2153961215269) STATS - 23.5, 0
2018-11-12 15:48:06 (2153961330572) STATS - 23.6, 0
2018-11-12 15:48:06 (2153962752808) STATS - 23.7, 0
2018-11-12 15:48:06 (2153962944613) STATS - 23.8, 0
2018-11-12 15:48:06 (2153963064616) STATS - 23.9, 0
2018-11-12 15:48:06 (2153963241921) STATS - 24.0, 0
2018-11-12 15:48:06 (2153963390125) STATS - 24.1, 0
2018-11-12 15:48:06 (2153963486627) STATS - 24.2, 0
2018-11-12 15:48:06 (2153963578530) STATS - 24.3, 0
2018-11-12 15:48:06 (2153963769735) STATS - 24.4, 0
2018-11-12 15:48:06 (2153963864237) STATS - 24.5, 0
2018-11-12 15:48:06 (2153969885092) STATS - 24.6, 0
2018-11-12 15:48:06 (2153969980294) STATS - 24.7, 0
2018-11-12 15:48:06 (2153970098497) STATS - 24.8, 0
2018-11-12 15:48:06 (2153970189700) STATS - 24.9, 0
2018-11-12 15:48:06 (2153970284902) STATS - 25.0, 0
2018-11-12 15:48:06 (2153970370804) STATS - 25.1, 0
2018-11-12 15:48:06 (2153970456307) STATS - 25.2, 0
2018-11-12 15:48:06 (2153970659612) STATS - 25.3, 0
2018-11-12 15:48:06 (2153970762114) STATS - 25.4, 0
2018-11-12 15:48:06 (2153970858517) STATS - 25.5, 0
2018-11-12 15:48:06 (2153970952719) STATS - 25.6, 0
2018-11-12 15:48:06 (2153971044822) STATS - 25.7, 0
2018-11-12 15:48:06 (2153971176225) STATS - 25.8, 0
2018-11-12 15:48:06 (2153971268927) STATS - 25.9, 0
2018-11-12 15:48:06 (2153971360130) STATS - 26.0, 0
2018-11-12 15:48:06 (2153971449932) STATS - 26.1, 0
2018-11-12 15:48:06 (2153971624437) STATS - 26.2, 0
2018-11-12 15:48:06 (2153971716039) STATS - 26.3, 0
2018-11-12 15:48:06 (2153971808041) STATS - 26.4, 0
2018-11-12 15:48:06 (2153971899244) STATS - 26.5, 0
2018-11-12 15:48:06 (2153971989846) STATS - 26.6, 0
2018-11-12 15:48:06 (2153972114149) STATS - 26.7, 0
2018-11-12 15:48:06 (2153972205551) STATS - 26.8, 0
2018-11-12 15:48:06 (2153972296354) STATS - 26.9, 0
2018-11-12 15:48:06 (2153972387656) STATS - 27.0, 0
2018-11-12 15:48:06 (2153972544260) STATS - 27.1, 0
2018-11-12 15:48:06 (2153972636963) STATS - 27.2, 0
2018-11-12 15:48:06 (2153972723065) STATS - 27.3, 0
2018-11-12 15:48:06 (2153972807867) STATS - 27.4, 0
2018-11-12 15:48:06 (2153979692744) STATS - 27.5, 0
2018-11-12 15:48:06 (2153979811547) STATS - 27.6, 0
2018-11-12 15:48:06 (2153979915450) STATS - 27.7, 0
2018-11-12 15:48:06 (2153980015452) STATS - 27.8, 0
2018-11-12 15:48:06 (2153980127655) STATS - 27.9, 0
2018-11-12 15:48:06 (2153980232958) STATS - 28.0, 0
2018-11-12 15:48:06 (2153980323660) STATS - 28.1, 0
2018-11-12 15:48:06 (2153980414663) STATS - 28.2, 0
2018-11-12 15:48:06 (2153980571467) STATS - 28.3, 0
2018-11-12 15:48:06 (2153980668869) STATS - 28.4, 0
2018-11-12 15:48:06 (2153980761372) STATS - 28.5, 0
2018-11-12 15:48:06 (2153980851874) STATS - 28.6, 0
2018-11-12 15:48:06 (2153980966177) STATS - 28.7, 0
2018-11-12 15:48:06 (2153981099180) STATS - 28.8, 0
2018-11-12 15:48:06 (2153981192783) STATS - 28.9, 0
2018-11-12 15:48:06 (2153981280285) STATS - 29.0, 0
2018-11-12 15:48:06 (2153981373887) STATS - 29.1, 0
2018-11-12 15:48:06 (2153981531091) STATS - 29.2, 0
2018-11-12 15:48:06 (2153981675495) STATS - 29.3, 0
2018-11-12 15:48:06 (2153981761397) STATS - 29.4, 0
2018-11-12 15:48:06 (2153981871300) STATS - 29.5, 0
2018-11-12 15:48:06 (2153982085706) STATS - 29.6, 0
2018-11-12 15:48:06 (2153982181108) STATS - 29.7, 0
2018-11-12 15:48:06 (2153982260410) STATS - 29.8, 0
2018-11-12 15:48:06 (2153982361013) STATS - 29.9, 0
2018-11-12 15:48:06 (2153982441215) STATS - 30.0, 0
2018-11-12 15:48:06 (2153982528917) STATS - 30.1, 0
2018-11-12 15:48:06 (2153982606119) STATS - 30.2, 0
2018-11-12 15:48:06 (2153989585698) STATS - 30.3, 0
2018-11-12 15:48:06 (2153989859305) STATS - 30.4, 0
2018-11-12 15:48:06 (2153989950508) STATS - 30.5, 0
2018-11-12 15:48:06 (2153990074311) STATS - 30.6, 0
2018-11-12 15:48:06 (2153990169413) STATS - 30.7, 0
2018-11-12 15:48:06 (2153990248415) STATS - 30.8, 0
2018-11-12 15:48:06 (2153990325117) STATS - 30.9, 0
2018-11-12 15:48:06 (2153990408020) STATS - 31.0, 0
2018-11-12 15:48:06 (2153990481421) STATS - 31.1, 0
2018-11-12 15:48:06 (2153990558223) STATS - 31.2, 0
2018-11-12 15:48:06 (2153990643826) STATS - 31.3, 0
2018-11-12 15:48:06 (2153990714627) STATS - 31.4, 0
2018-11-12 15:48:06 (2153990784229) STATS - 31.5, 0
2018-11-12 15:48:06 (2153990868831) STATS - 31.6, 0
2018-11-12 15:48:06 (2153990973834) STATS - 31.7, 0
2018-11-12 15:48:06 (2153991056336) STATS - 31.8, 0
2018-11-12 15:48:06 (2153991144739) STATS - 31.9, 0
2018-11-12 15:48:06 (2153991224541) STATS - 32.0, 0
2018-11-12 15:48:06 (2153991295042) STATS - 32.1, 0
2018-11-12 15:48:06 (2153991364644) STATS - 32.2, 0
2018-11-12 15:48:06 (2153991448246) STATS - 32.3, 0
2018-11-12 15:48:06 (2153991519148) STATS - 32.4, 0
2018-11-12 15:48:06 (2153991590850) STATS - 32.5, 0
2018-11-12 15:48:06 (2153991729354) STATS - 32.6, 0
2018-11-12 15:48:06 (2153991810856) STATS - 32.7, 0
2018-11-12 15:48:06 (2153991896358) STATS - 32.8, 0
2018-11-12 15:48:06 (2153991972260) STATS - 32.9, 0
2018-11-12 15:48:06 (2153992059862) STATS - 33.0, 0
2018-11-12 15:48:06 (2153992152564) STATS - 33.1, 0
2018-11-12 15:48:06 (2153992248367) STATS - 33.2, 0
2018-11-12 15:48:06 (2153992319569) STATS - 33.3, 0
2018-11-12 15:48:06 (2153992390771) STATS - 33.4, 0
2018-11-12 15:48:06 (2153992461972) STATS - 33.5, 0
2018-11-12 15:48:06 (2153999398151) STATS - 33.6, 0
2018-11-12 15:48:06 (2153999482253) STATS - 33.7, 0
2018-11-12 15:48:06 (2153999561255) STATS - 33.8, 0
2018-11-12 15:48:06 (2153999647157) STATS - 33.9, 0
2018-11-12 15:48:06 (2154000039767) STATS - 34.0, 0
2018-11-12 15:48:06 (2154000211572) STATS - 34.1, 0
2018-11-12 15:48:06 (2154000296074) STATS - 34.2, 0
2018-11-12 15:48:06 (2154000387276) STATS - 34.3, 0
2018-11-12 15:48:06 (2154000487779) STATS - 34.4, 0
2018-11-12 15:48:06 (2154000567381) STATS - 34.5, 0
2018-11-12 15:48:06 (2154000637983) STATS - 34.6, 0
2018-11-12 15:48:06 (2154000707984) STATS - 34.7, 0
2018-11-12 15:48:06 (2154000798687) STATS - 34.8, 0
2018-11-12 15:48:06 (2154000865189) STATS - 34.9, 0
2018-11-12 15:48:06 (2154000956091) STATS - 35.0, 0
2018-11-12 15:48:06 (2154001023493) STATS - 35.1, 0
2018-11-12 15:48:06 (2154001103395) STATS - 35.2, 0
2018-11-12 15:48:06 (2154001199697) STATS - 35.3, 0
2018-11-12 15:48:06 (2154001316800) STATS - 35.4, 0
2018-11-12 15:48:06 (2154001392902) STATS - 35.5, 0
2018-11-12 15:48:06 (2154001465504) STATS - 35.6, 0
2018-11-12 15:48:06 (2154001576707) STATS - 35.7, 0
2018-11-12 15:48:06 (2154001650809) STATS - 35.8, 0
2018-11-12 15:48:06 (2154001745011) STATS - 35.9, 0
2018-11-12 15:48:06 (2154001813313) STATS - 36.0, 0
2018-11-12 15:48:06 (2154001881115) STATS - 36.1, 0
2018-11-12 15:48:06 (2154001949416) STATS - 36.2, 0
2018-11-12 15:48:06 (2154002019418) STATS - 36.3, 0
2018-11-12 15:48:06 (2154002120121) STATS - 36.4, 0
2018-11-12 15:48:06 (2154002469230) STATS - 36.5, 0
2018-11-12 15:48:06 (2154008861994) STATS - 36.6, 0
2018-11-12 15:48:06 (2154008994998) STATS - 36.7, 0
2018-11-12 15:48:06 (2154009133301) STATS - 36.8, 0
2018-11-12 15:48:06 (2154009212803) STATS - 36.9, 0
2018-11-12 15:48:06 (2154009282905) STATS - 37.0, 0
2018-11-12 15:48:06 (2154009372807) STATS - 37.1, 0
2018-11-12 15:48:06 (2154009438709) STATS - 37.2, 0
2018-11-12 15:48:06 (2154009518311) STATS - 37.3, 0
2018-11-12 15:48:06 (2154009586913) STATS - 37.4, 0
2018-11-12 15:48:06 (2154009653915) STATS - 37.5, 0
2018-11-12 15:48:06 (2154009736117) STATS - 37.6, 0
2018-11-12 15:48:06 (2154009868720) STATS - 37.7, 0
2018-11-12 15:48:06 (2154009948622) STATS - 37.8, 0
2018-11-12 15:48:06 (2154010015324) STATS - 37.9, 0
2018-11-12 15:48:06 (2154010078425) STATS - 38.0, 0
2018-11-12 15:48:06 (2154010184028) STATS - 38.1, 0
2018-11-12 15:48:06 (2154010251230) STATS - 38.2, 0
2018-11-12 15:48:06 (2154010321232) STATS - 38.3, 0
2018-11-12 15:48:06 (2154010423934) STATS - 38.4, 0
2018-11-12 15:48:06 (2154010502636) STATS - 38.5, 0
2018-11-12 15:48:06 (2154010571738) STATS - 38.6, 0
2018-11-12 15:48:06 (2154010637040) STATS - 38.7, 0
2018-11-12 15:48:06 (2154010702241) STATS - 38.8, 0
2018-11-12 15:48:06 (2154010779643) STATS - 38.9, 0
2018-11-12 15:48:06 (2154010851445) STATS - 39.0, 0
2018-11-12 15:48:06 (2154010911947) STATS - 39.1, 0
2018-11-12 15:48:06 (2154010991849) STATS - 39.2, 0
2018-11-12 15:48:06 (2154011053351) STATS - 39.3, 0
2018-11-12 15:48:06 (2154011112352) STATS - 39.4, 0
2018-11-12 15:48:06 (2154011170654) STATS - 39.5, 0
2018-11-12 15:48:06 (2154011229155) STATS - 39.6, 0
2018-11-12 15:48:06 (2154011300957) STATS - 39.7, 0
2018-11-12 15:48:06 (2154011361958) STATS - 39.8, 0
2018-11-12 15:48:06 (2154011420860) STATS - 39.9, 0
2018-11-12 15:48:06 (2154011478661) STATS - 40.0, 0
2018-11-12 15:48:06 (2154011538463) STATS - 40.1, 0
2018-11-12 15:48:06 (2154011608065) STATS - 40.2, 0
2018-11-12 15:48:06 (2154018370839) STATS - 40.3, 0
2018-11-12 15:48:06 (2154018488642) STATS - 40.4, 0
2018-11-12 15:48:06 (2154018558844) STATS - 40.5, 0
2018-11-12 15:48:06 (2154018642246) STATS - 40.6, 0
2018-11-12 15:48:06 (2154018714548) STATS - 40.7, 0
2018-11-12 15:48:06 (2154018784049) STATS - 40.8, 0
2018-11-12 15:48:06 (2154018841351) STATS - 40.9, 0
2018-11-12 15:48:06 (2154018896452) STATS - 41.0, 0
2018-11-12 15:48:06 (2154018953454) STATS - 41.1, 0
2018-11-12 15:48:06 (2154019011455) STATS - 41.2, 0
2018-11-12 15:48:06 (2154019068857) STATS - 41.3, 0
2018-11-12 15:48:06 (2154019125058) STATS - 41.4, 0
2018-11-12 15:48:06 (2154019182160) STATS - 41.5, 0
2018-11-12 15:48:06 (2154019239061) STATS - 41.6, 0
2018-11-12 15:48:06 (2154019316163) STATS - 41.7, 0
2018-11-12 15:48:06 (2154019374164) STATS - 41.8, 0
2018-11-12 15:48:06 (2154019430866) STATS - 41.9, 0
2018-11-12 15:48:06 (2154019484567) STATS - 42.0, 0
2018-11-12 15:48:06 (2154019541669) STATS - 42.1, 0
2018-11-12 15:48:06 (2154019598070) STATS - 42.2, 0
2018-11-12 15:48:06 (2154019666672) STATS - 42.3, 0
2018-11-12 15:48:06 (2154019724574) STATS - 42.4, 0
2018-11-12 15:48:06 (2154019787875) STATS - 42.5, 0
2018-11-12 15:48:06 (2154019844477) STATS - 42.6, 0
2018-11-12 15:48:06 (2154019973080) STATS - 42.7, 0
2018-11-12 15:48:06 (2154020124084) STATS - 42.8, 0
2018-11-12 15:48:06 (2154020238987) STATS - 42.9, 0
2018-11-12 15:48:06 (2154020299488) STATS - 43.0, 0
2018-11-12 15:48:06 (2154020358990) STATS - 43.1, 0
2018-11-12 15:48:06 (2154020427992) STATS - 43.2, 0
2018-11-12 15:48:06 (2154020497993) STATS - 43.3, 0
2018-11-12 15:48:06 (2154020570295) STATS - 43.4, 0
2018-11-12 15:48:06 (2154020627597) STATS - 43.5, 0
2018-11-12 15:48:06 (2154020775901) STATS - 43.6, 0
2018-11-12 15:48:06 (2154020841802) STATS - 43.7, 0
2018-11-12 15:48:06 (2154021413217) STATS - 43.8, 0
2018-11-12 15:48:06 (2154027943885) STATS - 43.9, 0
2018-11-12 15:48:06 (2154028027387) STATS - 44.0, 0
2018-11-12 15:48:06 (2154028093189) STATS - 44.1, 0
2018-11-12 15:48:06 (2154028202292) STATS - 44.2, 0
2018-11-12 15:48:06 (2154028275193) STATS - 44.3, 0
2018-11-12 15:48:06 (2154028340995) STATS - 44.4, 0
2018-11-12 15:48:06 (2154028401297) STATS - 44.5, 0
2018-11-12 15:48:06 (2154028460798) STATS - 44.6, 0
2018-11-12 15:48:06 (2154028519900) STATS - 44.7, 0
2018-11-12 15:48:06 (2154028593202) STATS - 44.8, 0
2018-11-12 15:48:06 (2154028651403) STATS - 44.9, 0
2018-11-12 15:48:06 (2154028705604) STATS - 45.0, 0
2018-11-12 15:48:06 (2154028761906) STATS - 45.1, 0
2018-11-12 15:48:06 (2154028823708) STATS - 45.2, 0
2018-11-12 15:48:06 (2154028880709) STATS - 45.3, 0
2018-11-12 15:48:06 (2154028938410) STATS - 45.4, 0
2018-11-12 15:48:06 (2154028996412) STATS - 45.5, 0
2018-11-12 15:48:06 (2154029053213) STATS - 45.6, 0
2018-11-12 15:48:06 (2154029112615) STATS - 45.7, 0
2018-11-12 15:48:06 (2154029195217) STATS - 45.8, 0
2018-11-12 15:48:06 (2154029265819) STATS - 45.9, 0
2018-11-12 15:48:06 (2154029317120) STATS - 46.0, 0
2018-11-12 15:48:06 (2154029368222) STATS - 46.1, 0
2018-11-12 15:48:06 (2154029420523) STATS - 46.2, 0
2018-11-12 15:48:06 (2154029472424) STATS - 46.3, 0
2018-11-12 15:48:06 (2154029525526) STATS - 46.4, 0
2018-11-12 15:48:06 (2154029576927) STATS - 46.5, 0
2018-11-12 15:48:06 (2154029628428) STATS - 46.6, 0
2018-11-12 15:48:06 (2154029680030) STATS - 46.7, 0
2018-11-12 15:48:06 (2154029743731) STATS - 46.8, 0
2018-11-12 15:48:06 (2154029803433) STATS - 46.9, 0
2018-11-12 15:48:06 (2154029891335) STATS - 47.0, 0
2018-11-12 15:48:06 (2154029944236) STATS - 47.1, 0
2018-11-12 15:48:06 (2154029995238) STATS - 47.2, 0
2018-11-12 15:48:06 (2154030045139) STATS - 47.3, 0
2018-11-12 15:48:06 (2154030097540) STATS - 47.4, 0
2018-11-12 15:48:06 (2154030148842) STATS - 47.5, 0
2018-11-12 15:48:06 (2154030211543) STATS - 47.6, 0
2018-11-12 15:48:06 (2154030262345) STATS - 47.7, 0
2018-11-12 15:48:06 (2154030315846) STATS - 47.8, 0
2018-11-12 15:48:06 (2154030435249) STATS - 47.9, 0
2018-11-12 15:48:06 (2154030491850) STATS - 48.0, 0
2018-11-12 15:48:06 (2154030544452) STATS - 48.1, 0
2018-11-12 15:48:06 (2154030596453) STATS - 48.2, 0
2018-11-12 15:48:06 (2154030674655) STATS - 48.3, 0
2018-11-12 15:48:06 (2154037427229) STATS - 48.4, 0
2018-11-12 15:48:06 (2154037542832) STATS - 48.5, 0
2018-11-12 15:48:06 (2154037603333) STATS - 48.6, 0
2018-11-12 15:48:06 (2154037668935) STATS - 48.7, 0
2018-11-12 15:48:06 (2154037724036) STATS - 48.8, 0
2018-11-12 15:48:06 (2154037777238) STATS - 48.9, 0
2018-11-12 15:48:06 (2154037827639) STATS - 49.0, 0
2018-11-12 15:48:06 (2154037880240) STATS - 49.1, 0
2018-11-12 15:48:06 (2154038024944) STATS - 49.2, 0
2018-11-12 15:48:06 (2154038115846) STATS - 49.3, 0
2018-11-12 15:48:06 (2154038195549) STATS - 49.4, 0
2018-11-12 15:48:06 (2154038356053) STATS - 49.5, 0
2018-11-12 15:48:06 (2154038538057) STATS - 49.6, 0
2018-11-12 15:48:06 (2154038628460) STATS - 49.7, 0
2018-11-12 15:48:06 (2154038684661) STATS - 49.8, 0
2018-11-12 15:48:06 (2154038737762) STATS - 49.9, 0
2018-11-12 15:48:06 (2154038788864) STATS - 50.0, 0
2018-11-12 15:48:06 (2154038855865) STATS - 50.1, 0
2018-11-12 15:48:06 (2154038914567) STATS - 50.2, 0
2018-11-12 15:48:06 (2154038981569) STATS - 50.3, 0
2018-11-12 15:48:06 (2154039037270) STATS - 50.4, 0
2018-11-12 15:48:06 (2154039089372) STATS - 50.5, 0
2018-11-12 15:48:06 (2154039140273) STATS - 50.6, 0
2018-11-12 15:48:06 (2154039191774) STATS - 50.7, 0
2018-11-12 15:48:06 (2154039257076) STATS - 50.8, 0
2018-11-12 15:48:06 (2154039307977) STATS - 50.9, 0
2018-11-12 15:48:06 (2154039355878) STATS - 51.0, 0
2018-11-12 15:48:06 (2154039449181) STATS - 51.1, 0
2018-11-12 15:48:06 (2154039527183) STATS - 51.2, 0
2018-11-12 15:48:06 (2154039584084) STATS - 51.3, 0
2018-11-12 15:48:06 (2154039636386) STATS - 51.4, 0
2018-11-12 15:48:06 (2154039686687) STATS - 51.5, 0
2018-11-12 15:48:06 (2154039746188) STATS - 51.6, 0
2018-11-12 15:48:06 (2154039794990) STATS - 51.7, 0
2018-11-12 15:48:06 (2154039843291) STATS - 51.8, 0
2018-11-12 15:48:06 (2154039891892) STATS - 51.9, 0
2018-11-12 15:48:06 (2154039938393) STATS - 52.0, 0
2018-11-12 15:48:06 (2154039986895) STATS - 52.1, 0
2018-11-12 15:48:06 (2154040064397) STATS - 52.2, 0
2018-11-12 15:48:06 (2154040116698) STATS - 52.3, 0
2018-11-12 15:48:06 (2154040167299) STATS - 52.4, 0
2018-11-12 15:48:06 (2154040217501) STATS - 52.5, 0
2018-11-12 15:48:06 (2154047013675) STATS - 52.6, 0
2018-11-12 15:48:06 (2154047079377) STATS - 52.7, 0
2018-11-12 15:48:06 (2154047139579) STATS - 52.8, 0
2018-11-12 15:48:06 (2154047192580) STATS - 52.9, 0
2018-11-12 15:48:06 (2154047243381) STATS - 53.0, 0
2018-11-12 15:48:06 (2154047304983) STATS - 53.1, 0
2018-11-12 15:48:06 (2154047353484) STATS - 53.2, 0
2018-11-12 15:48:06 (2154047403285) STATS - 53.3, 0
2018-11-12 15:48:06 (2154047476487) STATS - 53.4, 0
2018-11-12 15:48:06 (2154047545089) STATS - 53.5, 0
2018-11-12 15:48:06 (2154047596590) STATS - 53.6, 0
2018-11-12 15:48:06 (2154047650592) STATS - 53.7, 1
2018-11-12 15:48:06 (2154047702693) STATS - 53.8, 0
2018-11-12 15:48:06 (2154047754594) STATS - 53.9, 0
2018-11-12 15:48:06 (2154047802896) STATS - 54.0, 0
2018-11-12 15:48:06 (2154047853897) STATS - 54.1, 0
2018-11-12 15:48:06 (2154047906798) STATS - 54.2, 0
2018-11-12 15:48:06 (2154047972900) STATS - 54.3, 0
2018-11-12 15:48:06 (2154048036602) STATS - 54.4, 0
2018-11-12 15:48:06 (2154048088903) STATS - 54.5, 0
2018-11-12 15:48:06 (2154048139104) STATS - 54.6, 0
2018-11-12 15:48:06 (2154048189106) STATS - 54.7, 0
2018-11-12 15:48:06 (2154048249807) STATS - 54.8, 0
2018-11-12 15:48:06 (2154048299208) STATS - 54.9, 0
2018-11-12 15:48:06 (2154048357210) STATS - 55.0, 0
2018-11-12 15:48:06 (2154048419311) STATS - 55.1, 0
2018-11-12 15:48:06 (2154048474313) STATS - 55.2, 0
2018-11-12 15:48:06 (2154048526514) STATS - 55.3, 0
2018-11-12 15:48:06 (2154048835722) STATS - 55.4, 0
2018-11-12 15:48:06 (2154048926924) STATS - 55.5, 0
2018-11-12 15:48:06 (2154048981426) STATS - 55.6, 0
2018-11-12 15:48:06 (2154049042327) STATS - 55.7, 0
2018-11-12 15:48:06 (2154049091729) STATS - 55.8, 0
2018-11-12 15:48:06 (2154049140530) STATS - 55.9, 0
2018-11-12 15:48:06 (2154049307834) STATS - 56.0, 0
2018-11-12 15:48:06 (2154049376936) STATS - 56.1, 0
2018-11-12 15:48:06 (2154049429937) STATS - 56.2, 0
2018-11-12 15:48:06 (2154049478439) STATS - 56.3, 0
2018-11-12 15:48:06 (2154049555941) STATS - 56.4, 0
2018-11-12 15:48:06 (2154049627342) STATS - 56.5, 1
2018-11-12 15:48:06 (2154049672444) STATS - 56.6, 0
2018-11-12 15:48:06 (2154049716445) STATS - 56.7, 0
2018-11-12 15:48:06 (2154049774646) STATS - 56.8, 0
2018-11-12 15:48:06 (2154049822948) STATS - 56.9, 0
2018-11-12 15:48:06 (2154049865749) STATS - 57.0, 0
2018-11-12 15:48:06 (2154049911050) STATS - 57.1, 0
2018-11-12 15:48:06 (2154056637723) STATS - 57.2, 0
2018-11-12 15:48:06 (2154056738325) STATS - 57.3, 0
2018-11-12 15:48:06 (2154056803727) STATS - 57.4, 0
2018-11-12 15:48:06 (2154056853428) STATS - 57.5, 0
2018-11-12 15:48:06 (2154056908330) STATS - 57.6, 0
2018-11-12 15:48:06 (2154056951831) STATS - 57.7, 0
2018-11-12 15:48:06 (2154056995632) STATS - 57.8, 0
2018-11-12 15:48:06 (2154057042133) STATS - 57.9, 0
2018-11-12 15:48:06 (2154057083434) STATS - 58.0, 0
2018-11-12 15:48:06 (2154057138936) STATS - 58.1, 0
2018-11-12 15:48:06 (2154057191237) STATS - 58.2, 0
2018-11-12 15:48:06 (2154057243938) STATS - 58.3, 0
2018-11-12 15:48:06 (2154057298840) STATS - 58.4, 0
2018-11-12 15:48:06 (2154057365842) STATS - 58.5, 0
2018-11-12 15:48:06 (2154057451244) STATS - 58.6, 0
2018-11-12 15:48:06 (2154057501845) STATS - 58.7, 0
2018-11-12 15:48:06 (2154057546146) STATS - 58.8, 0
2018-11-12 15:48:06 (2154057607448) STATS - 58.9, 0
2018-11-12 15:48:06 (2154057661049) STATS - 59.0, 0
2018-11-12 15:48:06 (2154057702950) STATS - 59.1, 0
2018-11-12 15:48:06 (2154057754752) STATS - 59.2, 0
2018-11-12 15:48:06 (2154057794853) STATS - 59.3, 0
2018-11-12 15:48:06 (2154057834854) STATS - 59.4, 0
2018-11-12 15:48:06 (2154057899455) STATS - 59.5, 0
2018-11-12 15:48:06 (2154057941456) STATS - 59.6, 0
2018-11-12 15:48:06 (2154057988258) STATS - 59.7, 0
2018-11-12 15:48:06 (2154058030259) STATS - 59.8, 0
2018-11-12 15:48:06 (2154058077860) STATS - 59.9, 0
2018-11-12 15:48:06 (2154058118861) STATS - 60.0, 0
2018-11-12 15:48:06 (2154058161062) STATS - 60.1, 0
2018-11-12 15:48:06 (2154058203463) STATS - 60.2, 0
2018-11-12 15:48:06 (2154058246564) STATS - 60.3, 1
2018-11-12 15:48:06 (2154058326766) INFO  - END: Middleware stopped.
