2018-11-12 15:37:23 (1510949642732) INFO  - START: Middleware listening on address 10.0.0.11:8888.
2018-11-12 15:38:46 (1594365101360) STATS -  5.00, 901, 0, 0.186873, 0.921943, 1.228930, 1.228930, 0.000000, 0.000000, 4506, 0, 0, 0.00, 0.00, 0
2018-11-12 15:38:47 (1594404039712) STATS - 10.00, 995, 0, 0.093629, 0.899729, 1.086954, 1.086954, 0.000000, 0.000000, 4979, 0, 0, 0.00, 0.00, 0
2018-11-12 15:38:47 (1594480210770) STATS - 15.00, 1009, 0, 0.092842, 0.883722, 1.063549, 1.063549, 0.000000, 0.000000, 5047, 0, 0, 0.00, 0.00, 0
2018-11-12 15:38:47 (1594548980427) STATS - 20.00, 994, 0, 0.106523, 0.891181, 1.056286, 1.056286, 0.000000, 0.000000, 4972, 0, 0, 0.00, 0.00, 0
2018-11-12 15:38:47 (1594616097941) STATS - 25.00, 973, 0, 0.102210, 0.905220, 1.078326, 1.078326, 0.000000, 0.000000, 4865, 0, 0, 0.00, 0.00, 0
2018-11-12 15:38:47 (1594674425516) STATS - 30.00, 1015, 0, 0.100522, 0.861885, 1.051673, 1.051673, 0.000000, 0.000000, 5078, 0, 0, 0.00, 0.00, 0
2018-11-12 15:38:47 (1594692283599) STATS - 35.00, 979, 0, 0.100945, 0.906119, 1.079173, 1.079173, 0.000000, 0.000000, 4895, 0, 0, 0.00, 0.00, 0
2018-11-12 15:38:47 (1594702050063) STATS - 40.00, 1010, 0, 0.091268, 0.880314, 1.049971, 1.049971, 0.000000, 0.000000, 5051, 0, 0, 0.00, 0.00, 0
2018-11-12 15:38:47 (1594711915729) STATS - 45.00, 988, 0, 0.096452, 0.929087, 1.104287, 1.104287, 0.000000, 0.000000, 4943, 0, 0, 0.00, 0.00, 0
2018-11-12 15:38:47 (1594721474887) STATS - 50.00, 1002, 0, 0.098394, 0.904584, 1.072784, 1.072784, 0.000000, 0.000000, 5014, 0, 0, 0.00, 0.00, 0
2018-11-12 15:38:47 (1594730956843) STATS - 55.00, 1035, 0, 0.097129, 0.878740, 1.054064, 1.054064, 0.000000, 0.000000, 5177, 0, 0, 0.00, 0.00, 0
2018-11-12 15:38:47 (1594739974287) STATS - 60.00, 984, 0, 0.107364, 0.976480, 1.149951, 1.149951, 0.000000, 0.000000, 4922, 0, 0, 0.00, 0.00, 0
2018-11-12 15:38:47 (1594749060233) STATS - 65.00, 999, 0, 0.093034, 0.932621, 1.119259, 1.119259, 0.000000, 0.000000, 4999, 0, 0, 0.00, 0.00, 0
2018-11-12 15:38:47 (1594751222391) STATS - 70.00, 1033, 0, 0.094728, 0.887321, 1.049669, 1.049669, 0.000000, 0.000000, 5169, 0, 0, 0.00, 0.00, 0
2018-11-12 15:38:47 (1594758413285) STATS - 70.00, 9, 0, 0.066413, 1.276563, 1.499841, 1.499841, 0.000000, 0.000000, 45, 0, 0, 0.00, 0.00, 0
2018-11-12 15:38:47 (1594901069439) STATS - Interval, Responses
2018-11-12 15:38:47 (1594901429549) STATS - 0.1, 0
2018-11-12 15:38:47 (1594901661555) STATS - 0.2, 0
2018-11-12 15:38:47 (1594901863961) STATS - 0.3, 7
2018-11-12 15:38:47 (1594902049566) STATS - 0.4, 969
2018-11-12 15:38:47 (1594902253371) STATS - 0.5, 7161
2018-11-12 15:38:47 (1594902467977) STATS - 0.6, 12625
2018-11-12 15:38:47 (1594909726173) STATS - 0.7, 12959
2018-11-12 15:38:47 (1594909906378) STATS - 0.8, 10040
2018-11-12 15:38:47 (1594910106383) STATS - 0.9, 6395
2018-11-12 15:38:47 (1594910287088) STATS - 1.0, 4044
2018-11-12 15:38:47 (1594910450793) STATS - 1.1, 2702
2018-11-12 15:38:47 (1594910653598) STATS - 1.2, 1843
2018-11-12 15:38:47 (1594910851903) STATS - 1.3, 1288
2018-11-12 15:38:47 (1594911017608) STATS - 1.4, 1045
2018-11-12 15:38:47 (1594911222413) STATS - 1.5, 721
2018-11-12 15:38:47 (1594911402418) STATS - 1.6, 601
2018-11-12 15:38:47 (1594911595523) STATS - 1.7, 463
2018-11-12 15:38:47 (1594911756128) STATS - 1.8, 371
2018-11-12 15:38:47 (1594911911732) STATS - 1.9, 349
2018-11-12 15:38:47 (1594912110637) STATS - 2.0, 287
2018-11-12 15:38:47 (1594912278942) STATS - 2.1, 254
2018-11-12 15:38:47 (1594912438146) STATS - 2.2, 230
2018-11-12 15:38:47 (1594919544638) STATS - 2.3, 208
2018-11-12 15:38:47 (1594919756744) STATS - 2.4, 167
2018-11-12 15:38:47 (1594920173755) STATS - 2.5, 163
2018-11-12 15:38:47 (1594920400561) STATS - 2.6, 133
2018-11-12 15:38:47 (1594920617267) STATS - 2.7, 132
2018-11-12 15:38:47 (1594920779272) STATS - 2.8, 160
2018-11-12 15:38:47 (1594920936376) STATS - 2.9, 135
2018-11-12 15:38:47 (1594921085880) STATS - 3.0, 155
2018-11-12 15:38:47 (1594921263785) STATS - 3.1, 126
2018-11-12 15:38:47 (1594921416289) STATS - 3.2, 105
2018-11-12 15:38:47 (1594921568093) STATS - 3.3, 119
2018-11-12 15:38:47 (1594921728097) STATS - 3.4, 77
2018-11-12 15:38:47 (1594922008605) STATS - 3.5, 101
2018-11-12 15:38:47 (1594922194210) STATS - 3.6, 98
2018-11-12 15:38:47 (1594929218900) STATS - 3.7, 96
2018-11-12 15:38:47 (1594929396504) STATS - 3.8, 67
2018-11-12 15:38:47 (1594929551809) STATS - 3.9, 60
2018-11-12 15:38:47 (1594929699713) STATS - 4.0, 75
2018-11-12 15:38:47 (1594929847417) STATS - 4.1, 85
2018-11-12 15:38:47 (1594930007521) STATS - 4.2, 72
2018-11-12 15:38:47 (1594930155325) STATS - 4.3, 77
2018-11-12 15:38:47 (1594930304229) STATS - 4.4, 85
2018-11-12 15:38:47 (1594930527735) STATS - 4.5, 81
2018-11-12 15:38:47 (1594930696139) STATS - 4.6, 76
2018-11-12 15:38:47 (1594930871844) STATS - 4.7, 72
2018-11-12 15:38:47 (1594931085050) STATS - 4.8, 70
2018-11-12 15:38:47 (1594931331357) STATS - 4.9, 65
2018-11-12 15:38:47 (1594931470660) STATS - 5.0, 56
2018-11-12 15:38:47 (1594931612664) STATS - 5.1, 59
2018-11-12 15:38:47 (1594931772069) STATS - 5.2, 71
2018-11-12 15:38:47 (1594931913172) STATS - 5.3, 71
2018-11-12 15:38:47 (1594938905461) STATS - 5.4, 72
2018-11-12 15:38:47 (1594939053165) STATS - 5.5, 72
2018-11-12 15:38:47 (1594939189369) STATS - 5.6, 71
2018-11-12 15:38:47 (1594939368374) STATS - 5.7, 65
2018-11-12 15:38:47 (1594939521478) STATS - 5.8, 76
2018-11-12 15:38:47 (1594939658282) STATS - 5.9, 93
2018-11-12 15:38:47 (1594939847987) STATS - 6.0, 95
2018-11-12 15:38:47 (1594940058992) STATS - 6.1, 79
2018-11-12 15:38:47 (1594940220397) STATS - 6.2, 69
2018-11-12 15:38:47 (1594940357600) STATS - 6.3, 70
2018-11-12 15:38:47 (1594940495604) STATS - 6.4, 88
2018-11-12 15:38:47 (1594940630108) STATS - 6.5, 79
2018-11-12 15:38:47 (1594940765011) STATS - 6.6, 93
2018-11-12 15:38:47 (1594940927116) STATS - 6.7, 106
2018-11-12 15:38:47 (1594941063920) STATS - 6.8, 81
2018-11-12 15:38:47 (1594941209423) STATS - 6.9, 93
2018-11-12 15:38:47 (1594941353127) STATS - 7.0, 85
2018-11-12 15:38:47 (1594941492431) STATS - 7.1, 68
2018-11-12 15:38:47 (1594941625235) STATS - 7.2, 70
2018-11-12 15:38:47 (1594948703626) STATS - 7.3, 49
2018-11-12 15:38:47 (1594948876631) STATS - 7.4, 35
2018-11-12 15:38:47 (1594949000234) STATS - 7.5, 31
2018-11-12 15:38:47 (1594949325843) STATS - 7.6, 44
2018-11-12 15:38:47 (1594949469547) STATS - 7.7, 31
2018-11-12 15:38:47 (1594949589250) STATS - 7.8, 17
2018-11-12 15:38:47 (1594949708953) STATS - 7.9, 30
2018-11-12 15:38:47 (1594949831056) STATS - 8.0, 23
2018-11-12 15:38:47 (1594949985161) STATS - 8.1, 15
2018-11-12 15:38:47 (1594950106264) STATS - 8.2, 18
2018-11-12 15:38:47 (1594950226567) STATS - 8.3, 27
2018-11-12 15:38:47 (1594950351170) STATS - 8.4, 19
2018-11-12 15:38:47 (1594950474974) STATS - 8.5, 23
2018-11-12 15:38:47 (1594950602077) STATS - 8.6, 17
2018-11-12 15:38:47 (1594950760081) STATS - 8.7, 15
2018-11-12 15:38:47 (1594950916686) STATS - 8.8, 23
2018-11-12 15:38:47 (1594951038189) STATS - 8.9, 10
2018-11-12 15:38:47 (1594951155492) STATS - 9.0, 8
2018-11-12 15:38:47 (1594951272995) STATS - 9.1, 9
2018-11-12 15:38:47 (1594951390198) STATS - 9.2, 9
2018-11-12 15:38:47 (1594958565992) STATS - 9.3, 7
2018-11-12 15:38:47 (1594958726797) STATS - 9.4, 17
2018-11-12 15:38:47 (1594958885301) STATS - 9.5, 19
2018-11-12 15:38:47 (1594959014404) STATS - 9.6, 30
2018-11-12 15:38:47 (1594959162008) STATS - 9.7, 30
2018-11-12 15:38:47 (1594959301512) STATS - 9.8, 13
2018-11-12 15:38:47 (1594959877128) STATS - 9.9, 7
2018-11-12 15:38:47 (1594960356741) STATS - 10.0, 10
2018-11-12 15:38:47 (1594960527945) STATS - 10.1, 2
2018-11-12 15:38:47 (1594960695650) STATS - 10.2, 5
2018-11-12 15:38:47 (1594960817453) STATS - 10.3, 3
2018-11-12 15:38:47 (1594960946857) STATS - 10.4, 9
2018-11-12 15:38:47 (1594961065860) STATS - 10.5, 6
2018-11-12 15:38:47 (1594961185763) STATS - 10.6, 2
2018-11-12 15:38:47 (1594961333667) STATS - 10.7, 2
2018-11-12 15:38:47 (1594961459271) STATS - 10.8, 1
2018-11-12 15:38:47 (1594968038048) STATS - 10.9, 5
2018-11-12 15:38:47 (1594968223053) STATS - 11.0, 2
2018-11-12 15:38:47 (1594968423059) STATS - 11.1, 3
2018-11-12 15:38:47 (1594968580663) STATS - 11.2, 2
2018-11-12 15:38:47 (1594968798869) STATS - 11.3, 2
2018-11-12 15:38:47 (1594968923272) STATS - 11.4, 1
2018-11-12 15:38:47 (1594969042575) STATS - 11.5, 2
2018-11-12 15:38:47 (1594969161679) STATS - 11.6, 1
2018-11-12 15:38:47 (1594969278982) STATS - 11.7, 2
2018-11-12 15:38:47 (1594969398685) STATS - 11.8, 1
2018-11-12 15:38:47 (1594969520988) STATS - 11.9, 0
2018-11-12 15:38:47 (1594969637991) STATS - 12.0, 2
2018-11-12 15:38:47 (1594969755895) STATS - 12.1, 0
2018-11-12 15:38:47 (1594969874498) STATS - 12.2, 0
2018-11-12 15:38:47 (1594969992401) STATS - 12.3, 1
2018-11-12 15:38:47 (1594970113304) STATS - 12.4, 2
2018-11-12 15:38:47 (1594970231407) STATS - 12.5, 3
2018-11-12 15:38:47 (1594970349811) STATS - 12.6, 1
2018-11-12 15:38:47 (1594970474814) STATS - 12.7, 1
2018-11-12 15:38:47 (1594970597517) STATS - 12.8, 0
2018-11-12 15:38:47 (1594970717421) STATS - 12.9, 0
2018-11-12 15:38:47 (1594970833024) STATS - 13.0, 2
2018-11-12 15:38:47 (1594977864714) STATS - 13.1, 1
2018-11-12 15:38:47 (1594977990717) STATS - 13.2, 0
2018-11-12 15:38:47 (1594978103820) STATS - 13.3, 1
2018-11-12 15:38:47 (1594978212423) STATS - 13.4, 1
2018-11-12 15:38:47 (1594978320926) STATS - 13.5, 1
2018-11-12 15:38:47 (1594978429029) STATS - 13.6, 0
2018-11-12 15:38:47 (1594978537632) STATS - 13.7, 0
2018-11-12 15:38:47 (1594978645335) STATS - 13.8, 0
2018-11-12 15:38:47 (1594978785039) STATS - 13.9, 0
2018-11-12 15:38:47 (1594978912242) STATS - 14.0, 0
2018-11-12 15:38:47 (1594979020245) STATS - 14.1, 0
2018-11-12 15:38:47 (1594979129048) STATS - 14.2, 0
2018-11-12 15:38:47 (1594979240651) STATS - 14.3, 0
2018-11-12 15:38:47 (1594979348954) STATS - 14.4, 1
2018-11-12 15:38:47 (1594979456257) STATS - 14.5, 0
2018-11-12 15:38:47 (1594979562460) STATS - 14.6, 0
2018-11-12 15:38:47 (1594979675363) STATS - 14.7, 0
2018-11-12 15:38:47 (1594979779465) STATS - 14.8, 0
2018-11-12 15:38:47 (1594979886668) STATS - 14.9, 0
2018-11-12 15:38:47 (1594979995871) STATS - 15.0, 0
2018-11-12 15:38:47 (1594980136775) STATS - 15.1, 0
2018-11-12 15:38:47 (1594980294679) STATS - 15.2, 0
2018-11-12 15:38:47 (1594980402582) STATS - 15.3, 0
2018-11-12 15:38:47 (1594980508585) STATS - 15.4, 0
2018-11-12 15:38:47 (1594987694779) STATS - 15.5, 0
2018-11-12 15:38:47 (1594987821183) STATS - 15.6, 0
2018-11-12 15:38:47 (1594987932986) STATS - 15.7, 0
2018-11-12 15:38:47 (1594988061589) STATS - 15.8, 0
2018-11-12 15:38:47 (1594988173092) STATS - 15.9, 1
2018-11-12 15:38:47 (1594988276095) STATS - 16.0, 1
2018-11-12 15:38:47 (1594988379898) STATS - 16.1, 0
2018-11-12 15:38:47 (1594988493301) STATS - 16.2, 0
2018-11-12 15:38:47 (1594988598104) STATS - 16.3, 0
2018-11-12 15:38:47 (1594988712407) STATS - 16.4, 0
2018-11-12 15:38:47 (1594988818710) STATS - 16.5, 0
2018-11-12 15:38:47 (1594988939813) STATS - 16.6, 0
2018-11-12 15:38:47 (1594989052516) STATS - 16.7, 0
2018-11-12 15:38:47 (1594989162019) STATS - 16.8, 1
2018-11-12 15:38:47 (1594989268922) STATS - 16.9, 1
2018-11-12 15:38:47 (1594989371125) STATS - 17.0, 0
2018-11-12 15:38:47 (1594989476627) STATS - 17.1, 0
2018-11-12 15:38:47 (1594989582030) STATS - 17.2, 0
2018-11-12 15:38:47 (1594989697633) STATS - 17.3, 0
2018-11-12 15:38:47 (1594989803236) STATS - 17.4, 0
2018-11-12 15:38:47 (1594989911739) STATS - 17.5, 0
2018-11-12 15:38:47 (1594990039243) STATS - 17.6, 0
2018-11-12 15:38:47 (1594990143645) STATS - 17.7, 0
2018-11-12 15:38:47 (1594990245848) STATS - 17.8, 0
2018-11-12 15:38:47 (1594997206736) STATS - 17.9, 0
2018-11-12 15:38:47 (1594997374641) STATS - 18.0, 0
2018-11-12 15:38:47 (1594997487544) STATS - 18.1, 0
2018-11-12 15:38:47 (1594997590847) STATS - 18.2, 0
2018-11-12 15:38:47 (1594997826553) STATS - 18.3, 0
2018-11-12 15:38:47 (1594997951256) STATS - 18.4, 0
2018-11-12 15:38:47 (1594998051859) STATS - 18.5, 0
2018-11-12 15:38:47 (1594998151862) STATS - 18.6, 0
2018-11-12 15:38:47 (1594998259165) STATS - 18.7, 0
2018-11-12 15:38:47 (1594998392468) STATS - 18.8, 0
2018-11-12 15:38:47 (1594998499871) STATS - 18.9, 0
2018-11-12 15:38:47 (1594998596774) STATS - 19.0, 0
2018-11-12 15:38:47 (1594998696076) STATS - 19.1, 0
2018-11-12 15:38:47 (1594998797679) STATS - 19.2, 0
2018-11-12 15:38:47 (1594998900182) STATS - 19.3, 0
2018-11-12 15:38:47 (1594999001585) STATS - 19.4, 0
2018-11-12 15:38:47 (1594999101787) STATS - 19.5, 0
2018-11-12 15:38:47 (1594999201290) STATS - 19.6, 0
2018-11-12 15:38:47 (1594999329994) STATS - 19.7, 0
2018-11-12 15:38:47 (1594999465197) STATS - 19.8, 1
2018-11-12 15:38:47 (1594999568600) STATS - 19.9, 0
2018-11-12 15:38:47 (1594999664703) STATS - 20.0, 0
2018-11-12 15:38:47 (1594999762905) STATS - 20.1, 2
2018-11-12 15:38:47 (1594999862808) STATS - 20.2, 1
2018-11-12 15:38:47 (1594999963211) STATS - 20.3, 0
2018-11-12 15:38:47 (1595000096114) STATS - 20.4, 1
2018-11-12 15:38:47 (1595007067503) STATS - 20.5, 0
2018-11-12 15:38:47 (1595007169605) STATS - 20.6, 0
2018-11-12 15:38:47 (1595007267808) STATS - 20.7, 0
2018-11-12 15:38:47 (1595007364411) STATS - 20.8, 0
2018-11-12 15:38:47 (1595007462813) STATS - 20.9, 0
2018-11-12 15:38:47 (1595007556316) STATS - 21.0, 0
2018-11-12 15:38:47 (1595007652218) STATS - 21.1, 0
2018-11-12 15:38:47 (1595007755921) STATS - 21.2, 0
2018-11-12 15:38:47 (1595007852824) STATS - 21.3, 0
2018-11-12 15:38:47 (1595007950926) STATS - 21.4, 0
2018-11-12 15:38:47 (1595008130131) STATS - 21.5, 0
2018-11-12 15:38:47 (1595008252135) STATS - 21.6, 0
2018-11-12 15:38:47 (1595008352337) STATS - 21.7, 0
2018-11-12 15:38:47 (1595008502641) STATS - 21.8, 0
2018-11-12 15:38:47 (1595008623845) STATS - 21.9, 0
2018-11-12 15:38:47 (1595008716547) STATS - 22.0, 0
2018-11-12 15:38:47 (1595008810850) STATS - 22.1, 0
2018-11-12 15:38:47 (1595008915653) STATS - 22.2, 0
2018-11-12 15:38:47 (1595009013755) STATS - 22.3, 0
2018-11-12 15:38:47 (1595009109058) STATS - 22.4, 0
2018-11-12 15:38:47 (1595009211561) STATS - 22.5, 0
2018-11-12 15:38:47 (1595009306763) STATS - 22.6, 0
2018-11-12 15:38:47 (1595009403966) STATS - 22.7, 0
2018-11-12 15:38:47 (1595009502168) STATS - 22.8, 0
2018-11-12 15:38:47 (1595009602771) STATS - 22.9, 0
2018-11-12 15:38:47 (1595009702874) STATS - 23.0, 0
2018-11-12 15:38:47 (1595016648761) STATS - 23.1, 0
2018-11-12 15:38:47 (1595016871867) STATS - 23.2, 0
2018-11-12 15:38:47 (1595016974170) STATS - 23.3, 0
2018-11-12 15:38:47 (1595017077973) STATS - 23.4, 0
2018-11-12 15:38:47 (1595017176076) STATS - 23.5, 0
2018-11-12 15:38:47 (1595017291179) STATS - 23.6, 0
2018-11-12 15:38:47 (1595017544386) STATS - 23.7, 0
2018-11-12 15:38:47 (1595017657089) STATS - 23.8, 0
2018-11-12 15:38:47 (1595017778792) STATS - 23.9, 0
2018-11-12 15:38:47 (1595017931196) STATS - 24.0, 0
2018-11-12 15:38:47 (1595018317707) STATS - 24.1, 0
2018-11-12 15:38:47 (1595018442210) STATS - 24.2, 0
2018-11-12 15:38:47 (1595018536912) STATS - 24.3, 0
2018-11-12 15:38:47 (1595018631115) STATS - 24.4, 0
2018-11-12 15:38:47 (1595018725718) STATS - 24.5, 0
2018-11-12 15:38:47 (1595018831320) STATS - 24.6, 0
2018-11-12 15:38:47 (1595018930823) STATS - 24.7, 0
2018-11-12 15:38:47 (1595019028626) STATS - 24.8, 0
2018-11-12 15:38:47 (1595019122928) STATS - 24.9, 0
2018-11-12 15:38:47 (1595019213131) STATS - 25.0, 0
2018-11-12 15:38:47 (1595019306233) STATS - 25.1, 0
2018-11-12 15:38:47 (1595019400136) STATS - 25.2, 0
2018-11-12 15:38:47 (1595019506139) STATS - 25.3, 0
2018-11-12 15:38:47 (1595019628442) STATS - 25.4, 0
2018-11-12 15:38:47 (1595026582930) STATS - 25.5, 0
2018-11-12 15:38:47 (1595026707933) STATS - 25.6, 0
2018-11-12 15:38:47 (1595026804136) STATS - 25.7, 0
2018-11-12 15:38:47 (1595026897338) STATS - 25.8, 0
2018-11-12 15:38:47 (1595026991441) STATS - 25.9, 0
2018-11-12 15:38:47 (1595027084743) STATS - 26.0, 0
2018-11-12 15:38:47 (1595027189546) STATS - 26.1, 0
2018-11-12 15:38:47 (1595027284449) STATS - 26.2, 0
2018-11-12 15:38:47 (1595027377151) STATS - 26.3, 0
2018-11-12 15:38:47 (1595027468654) STATS - 26.4, 0
2018-11-12 15:38:47 (1595027559656) STATS - 26.5, 0
2018-11-12 15:38:47 (1595027650559) STATS - 26.6, 0
2018-11-12 15:38:47 (1595027742161) STATS - 26.7, 0
2018-11-12 15:38:47 (1595027972867) STATS - 26.8, 0
2018-11-12 15:38:47 (1595028109671) STATS - 26.9, 0
2018-11-12 15:38:47 (1595028199874) STATS - 27.0, 0
2018-11-12 15:38:47 (1595028326877) STATS - 27.1, 0
2018-11-12 15:38:47 (1595028454980) STATS - 27.2, 0
2018-11-12 15:38:47 (1595028574184) STATS - 27.3, 0
2018-11-12 15:38:47 (1595028664786) STATS - 27.4, 0
2018-11-12 15:38:47 (1595028754388) STATS - 27.5, 0
2018-11-12 15:38:47 (1595028842491) STATS - 27.6, 0
2018-11-12 15:38:47 (1595028935093) STATS - 27.7, 0
2018-11-12 15:38:47 (1595029026796) STATS - 27.8, 0
2018-11-12 15:38:47 (1595029115498) STATS - 27.9, 0
2018-11-12 15:38:47 (1595029355105) STATS - 28.0, 0
2018-11-12 15:38:47 (1595036379995) STATS - 28.1, 0
2018-11-12 15:38:47 (1595036478497) STATS - 28.2, 0
2018-11-12 15:38:47 (1595036603801) STATS - 28.3, 0
2018-11-12 15:38:47 (1595036696303) STATS - 28.4, 0
2018-11-12 15:38:47 (1595036781905) STATS - 28.5, 0
2018-11-12 15:38:47 (1595036869208) STATS - 28.6, 0
2018-11-12 15:38:47 (1595036959310) STATS - 28.7, 0
2018-11-12 15:38:47 (1595037047413) STATS - 28.8, 0
2018-11-12 15:38:47 (1595037133715) STATS - 28.9, 0
2018-11-12 15:38:47 (1595037215317) STATS - 29.0, 0
2018-11-12 15:38:47 (1595037302019) STATS - 29.1, 0
2018-11-12 15:38:47 (1595037387122) STATS - 29.2, 0
2018-11-12 15:38:47 (1595037749732) STATS - 29.3, 0
2018-11-12 15:38:47 (1595037906436) STATS - 29.4, 0
2018-11-12 15:38:47 (1595037999438) STATS - 29.5, 0
2018-11-12 15:38:47 (1595038093941) STATS - 29.6, 0
2018-11-12 15:38:47 (1595038177943) STATS - 29.7, 0
2018-11-12 15:38:47 (1595038265445) STATS - 29.8, 0
2018-11-12 15:38:47 (1595038355348) STATS - 29.9, 0
2018-11-12 15:38:47 (1595038441250) STATS - 30.0, 0
2018-11-12 15:38:47 (1595038542753) STATS - 30.1, 0
2018-11-12 15:38:47 (1595038632755) STATS - 30.2, 0
2018-11-12 15:38:47 (1595038723658) STATS - 30.3, 0
2018-11-12 15:38:47 (1595038818160) STATS - 30.4, 0
2018-11-12 15:38:47 (1595038973365) STATS - 30.5, 0
2018-11-12 15:38:47 (1595039069967) STATS - 30.6, 0
2018-11-12 15:38:47 (1595039179870) STATS - 30.7, 0
2018-11-12 15:38:47 (1595039267873) STATS - 30.8, 0
2018-11-12 15:38:47 (1595039365775) STATS - 30.9, 0
2018-11-12 15:38:47 (1595046184059) STATS - 31.0, 0
2018-11-12 15:38:47 (1595046328463) STATS - 31.1, 0
2018-11-12 15:38:47 (1595046414866) STATS - 31.2, 0
2018-11-12 15:38:47 (1595046496868) STATS - 31.3, 0
2018-11-12 15:38:47 (1595046582670) STATS - 31.4, 0
2018-11-12 15:38:47 (1595046665572) STATS - 31.5, 0
2018-11-12 15:38:47 (1595046746775) STATS - 31.6, 0
2018-11-12 15:38:47 (1595046827077) STATS - 31.7, 0
2018-11-12 15:38:47 (1595046906979) STATS - 31.8, 0
2018-11-12 15:38:47 (1595046987681) STATS - 31.9, 0
2018-11-12 15:38:47 (1595047070683) STATS - 32.0, 0
2018-11-12 15:38:47 (1595047151385) STATS - 32.1, 0
2018-11-12 15:38:47 (1595047230788) STATS - 32.2, 0
2018-11-12 15:38:47 (1595047313090) STATS - 32.3, 0
2018-11-12 15:38:47 (1595047394092) STATS - 32.4, 0
2018-11-12 15:38:47 (1595047476694) STATS - 32.5, 0
2018-11-12 15:38:47 (1595047566797) STATS - 32.6, 0
2018-11-12 15:38:47 (1595047648299) STATS - 32.7, 0
2018-11-12 15:38:47 (1595047761602) STATS - 32.8, 0
2018-11-12 15:38:47 (1595047847304) STATS - 32.9, 0
2018-11-12 15:38:47 (1595047922206) STATS - 33.0, 0
2018-11-12 15:38:47 (1595048034509) STATS - 33.1, 0
2018-11-12 15:38:47 (1595048119912) STATS - 33.2, 0
2018-11-12 15:38:47 (1595048197914) STATS - 33.3, 0
2018-11-12 15:38:47 (1595048273916) STATS - 33.4, 0
2018-11-12 15:38:47 (1595048373619) STATS - 33.5, 0
2018-11-12 15:38:47 (1595048448421) STATS - 33.6, 0
2018-11-12 15:38:47 (1595048524223) STATS - 33.7, 0
2018-11-12 15:38:47 (1595048599925) STATS - 33.8, 0
2018-11-12 15:38:47 (1595048672527) STATS - 33.9, 0
2018-11-12 15:38:47 (1595048743729) STATS - 34.0, 0
2018-11-12 15:38:47 (1595048815530) STATS - 34.1, 0
2018-11-12 15:38:47 (1595048890732) STATS - 34.2, 0
2018-11-12 15:38:47 (1595055888922) STATS - 34.3, 0
2018-11-12 15:38:47 (1595056035525) STATS - 34.4, 0
2018-11-12 15:38:47 (1595056117428) STATS - 34.5, 0
2018-11-12 15:38:47 (1595056190230) STATS - 34.6, 0
2018-11-12 15:38:47 (1595056261332) STATS - 34.7, 0
2018-11-12 15:38:47 (1595056331633) STATS - 34.8, 0
2018-11-12 15:38:47 (1595056404135) STATS - 34.9, 0
2018-11-12 15:38:47 (1595056476437) STATS - 35.0, 0
2018-11-12 15:38:47 (1595056546839) STATS - 35.1, 0
2018-11-12 15:38:47 (1595056616341) STATS - 35.2, 0
2018-11-12 15:38:47 (1595056688643) STATS - 35.3, 0
2018-11-12 15:38:47 (1595056995851) STATS - 35.4, 0
2018-11-12 15:38:47 (1595057110855) STATS - 35.5, 0
2018-11-12 15:38:47 (1595057191657) STATS - 35.6, 0
2018-11-12 15:38:47 (1595057266259) STATS - 35.7, 0
2018-11-12 15:38:47 (1595057357661) STATS - 35.8, 0
2018-11-12 15:38:47 (1595057435963) STATS - 35.9, 0
2018-11-12 15:38:47 (1595057511365) STATS - 36.0, 0
2018-11-12 15:38:47 (1595057585267) STATS - 36.1, 0
2018-11-12 15:38:47 (1595057654269) STATS - 36.2, 0
2018-11-12 15:38:47 (1595057725771) STATS - 36.3, 0
2018-11-12 15:38:47 (1595057794673) STATS - 36.4, 0
2018-11-12 15:38:47 (1595057936377) STATS - 36.5, 0
2018-11-12 15:38:47 (1595058013979) STATS - 36.6, 0
2018-11-12 15:38:47 (1595058150583) STATS - 36.7, 0
2018-11-12 15:38:47 (1595058241285) STATS - 36.8, 0
2018-11-12 15:38:47 (1595058311887) STATS - 36.9, 0
2018-11-12 15:38:47 (1595058375389) STATS - 37.0, 0
2018-11-12 15:38:47 (1595058441290) STATS - 37.1, 0
2018-11-12 15:38:47 (1595058508592) STATS - 37.2, 0
2018-11-12 15:38:47 (1595058574094) STATS - 37.3, 0
2018-11-12 15:38:47 (1595058638796) STATS - 37.4, 0
2018-11-12 15:38:47 (1595058730198) STATS - 37.5, 0
2018-11-12 15:38:47 (1595065839690) STATS - 37.6, 0
2018-11-12 15:38:47 (1595065915592) STATS - 37.7, 0
2018-11-12 15:38:47 (1595065980994) STATS - 37.8, 0
2018-11-12 15:38:47 (1595066049096) STATS - 37.9, 0
2018-11-12 15:38:47 (1595066109698) STATS - 38.0, 0
2018-11-12 15:38:47 (1595066172099) STATS - 38.1, 0
2018-11-12 15:38:47 (1595066234501) STATS - 38.2, 0
2018-11-12 15:38:47 (1595066298603) STATS - 38.3, 0
2018-11-12 15:38:47 (1595066364105) STATS - 38.4, 0
2018-11-12 15:38:47 (1595066427206) STATS - 38.5, 0
2018-11-12 15:38:47 (1595066488308) STATS - 38.6, 0
2018-11-12 15:38:47 (1595066549310) STATS - 38.7, 0
2018-11-12 15:38:47 (1595066620911) STATS - 38.8, 0
2018-11-12 15:38:47 (1595066685713) STATS - 38.9, 0
2018-11-12 15:38:47 (1595066745215) STATS - 39.0, 0
2018-11-12 15:38:47 (1595066806616) STATS - 39.1, 0
2018-11-12 15:38:47 (1595066875318) STATS - 39.2, 0
2018-11-12 15:38:47 (1595066937120) STATS - 39.3, 0
2018-11-12 15:38:47 (1595066999522) STATS - 39.4, 0
2018-11-12 15:38:47 (1595067084324) STATS - 39.5, 0
2018-11-12 15:38:47 (1595067149126) STATS - 39.6, 0
2018-11-12 15:38:47 (1595067217328) STATS - 39.7, 0
2018-11-12 15:38:47 (1595067280829) STATS - 39.8, 0
2018-11-12 15:38:47 (1595067345731) STATS - 39.9, 0
2018-11-12 15:38:47 (1595067410233) STATS - 40.0, 0
2018-11-12 15:38:47 (1595067480035) STATS - 40.1, 0
2018-11-12 15:38:47 (1595067540736) STATS - 40.2, 0
2018-11-12 15:38:47 (1595067600938) STATS - 40.3, 0
2018-11-12 15:38:47 (1595067660540) STATS - 40.4, 0
2018-11-12 15:38:47 (1595067763942) STATS - 40.5, 0
2018-11-12 15:38:47 (1595067838744) STATS - 40.6, 0
2018-11-12 15:38:47 (1595067899546) STATS - 40.7, 0
2018-11-12 15:38:47 (1595067960648) STATS - 40.8, 0
2018-11-12 15:38:47 (1595068038350) STATS - 40.9, 0
2018-11-12 15:38:47 (1595068103652) STATS - 41.0, 0
2018-11-12 15:38:47 (1595068169153) STATS - 41.1, 0
2018-11-12 15:38:47 (1595068228955) STATS - 41.2, 0
2018-11-12 15:38:47 (1595068290157) STATS - 41.3, 0
2018-11-12 15:38:47 (1595068351458) STATS - 41.4, 0
2018-11-12 15:38:47 (1595068436161) STATS - 41.5, 0
2018-11-12 15:38:47 (1595068495062) STATS - 41.6, 0
2018-11-12 15:38:47 (1595068555464) STATS - 41.7, 0
2018-11-12 15:38:47 (1595075569153) STATS - 41.8, 0
2018-11-12 15:38:47 (1595075638355) STATS - 41.9, 0
2018-11-12 15:38:47 (1595075697357) STATS - 42.0, 0
2018-11-12 15:38:47 (1595075755558) STATS - 42.1, 0
2018-11-12 15:38:47 (1595075812760) STATS - 42.2, 0
2018-11-12 15:38:47 (1595075875061) STATS - 42.3, 0
2018-11-12 15:38:47 (1595075934263) STATS - 42.4, 0
2018-11-12 15:38:47 (1595075990965) STATS - 42.5, 0
2018-11-12 15:38:47 (1595076080667) STATS - 42.6, 0
2018-11-12 15:38:47 (1595076152269) STATS - 42.7, 0
2018-11-12 15:38:47 (1595076268172) STATS - 42.8, 0
2018-11-12 15:38:47 (1595076384875) STATS - 42.9, 0
2018-11-12 15:38:47 (1595076452577) STATS - 43.0, 0
2018-11-12 15:38:47 (1595076518879) STATS - 43.1, 0
2018-11-12 15:38:47 (1595076586981) STATS - 43.2, 0
2018-11-12 15:38:47 (1595076645882) STATS - 43.3, 0
2018-11-12 15:38:47 (1595076703084) STATS - 43.4, 0
2018-11-12 15:38:47 (1595076759585) STATS - 43.5, 0
2018-11-12 15:38:47 (1595076912789) STATS - 43.6, 0
2018-11-12 15:38:47 (1595076980791) STATS - 43.7, 0
2018-11-12 15:38:47 (1595077079894) STATS - 43.8, 0
2018-11-12 15:38:47 (1595077143396) STATS - 43.9, 0
2018-11-12 15:38:47 (1595077198897) STATS - 44.0, 0
2018-11-12 15:38:47 (1595077255099) STATS - 44.1, 0
2018-11-12 15:38:47 (1595077338201) STATS - 44.2, 0
2018-11-12 15:38:47 (1595077395703) STATS - 44.3, 0
2018-11-12 15:38:47 (1595077451404) STATS - 44.4, 0
2018-11-12 15:38:47 (1595077505506) STATS - 44.5, 0
2018-11-12 15:38:47 (1595077561207) STATS - 44.6, 0
2018-11-12 15:38:47 (1595077616108) STATS - 44.7, 0
2018-11-12 15:38:47 (1595077677610) STATS - 44.8, 0
2018-11-12 15:38:47 (1595077733412) STATS - 44.9, 0
2018-11-12 15:38:47 (1595077790613) STATS - 45.0, 0
2018-11-12 15:38:47 (1595077849315) STATS - 45.1, 0
2018-11-12 15:38:47 (1595077904116) STATS - 45.2, 0
2018-11-12 15:38:47 (1595077959318) STATS - 45.3, 0
2018-11-12 15:38:47 (1595078013219) STATS - 45.4, 0
2018-11-12 15:38:47 (1595078067421) STATS - 45.5, 0
2018-11-12 15:38:47 (1595078121422) STATS - 45.6, 0
2018-11-12 15:38:47 (1595078174724) STATS - 45.7, 0
2018-11-12 15:38:47 (1595078229225) STATS - 45.8, 0
2018-11-12 15:38:47 (1595078287727) STATS - 45.9, 0
2018-11-12 15:38:47 (1595078351428) STATS - 46.0, 0
2018-11-12 15:38:47 (1595085431120) STATS - 46.1, 0
2018-11-12 15:38:47 (1595085509822) STATS - 46.2, 0
2018-11-12 15:38:47 (1595085568623) STATS - 46.3, 0
2018-11-12 15:38:47 (1595085625925) STATS - 46.4, 0
2018-11-12 15:38:47 (1595085681326) STATS - 46.5, 0
2018-11-12 15:38:47 (1595085736228) STATS - 46.6, 0
2018-11-12 15:38:47 (1595085790629) STATS - 46.7, 0
2018-11-12 15:38:47 (1595085845431) STATS - 46.8, 0
2018-11-12 15:38:47 (1595085906532) STATS - 46.9, 0
2018-11-12 15:38:47 (1595085961534) STATS - 47.0, 0
2018-11-12 15:38:47 (1595086015135) STATS - 47.1, 0
2018-11-12 15:38:47 (1595086116738) STATS - 47.2, 0
2018-11-12 15:38:47 (1595086177840) STATS - 47.3, 0
2018-11-12 15:38:47 (1595086233141) STATS - 47.4, 0
2018-11-12 15:38:47 (1595086287543) STATS - 47.5, 0
2018-11-12 15:38:47 (1595086341744) STATS - 47.6, 0
2018-11-12 15:38:47 (1595086396546) STATS - 47.7, 0
2018-11-12 15:38:47 (1595086452247) STATS - 47.8, 0
2018-11-12 15:38:47 (1595086507949) STATS - 47.9, 0
2018-11-12 15:38:47 (1595086564250) STATS - 48.0, 0
2018-11-12 15:38:47 (1595086619352) STATS - 48.1, 0
2018-11-12 15:38:47 (1595086702254) STATS - 48.2, 0
2018-11-12 15:38:47 (1595086763056) STATS - 48.3, 0
2018-11-12 15:38:47 (1595086819157) STATS - 48.4, 0
2018-11-12 15:38:47 (1595086873659) STATS - 48.5, 0
2018-11-12 15:38:47 (1595086927160) STATS - 48.6, 0
2018-11-12 15:38:47 (1595086983062) STATS - 48.7, 0
2018-11-12 15:38:47 (1595087044763) STATS - 48.8, 0
2018-11-12 15:38:47 (1595087098765) STATS - 48.9, 0
2018-11-12 15:38:47 (1595087150466) STATS - 49.0, 0
2018-11-12 15:38:47 (1595087212368) STATS - 49.1, 0
2018-11-12 15:38:47 (1595087285770) STATS - 49.2, 0
2018-11-12 15:38:47 (1595087396073) STATS - 49.3, 0
2018-11-12 15:38:47 (1595087480275) STATS - 49.4, 0
2018-11-12 15:38:47 (1595087669680) STATS - 49.5, 0
2018-11-12 15:38:47 (1595087835185) STATS - 49.6, 0
2018-11-12 15:38:47 (1595087904186) STATS - 49.7, 0
2018-11-12 15:38:47 (1595087956988) STATS - 49.8, 0
2018-11-12 15:38:47 (1595088022990) STATS - 49.9, 0
2018-11-12 15:38:47 (1595088077691) STATS - 50.0, 0
2018-11-12 15:38:47 (1595088127292) STATS - 50.1, 0
2018-11-12 15:38:47 (1595095104981) STATS - 50.2, 0
2018-11-12 15:38:47 (1595095298486) STATS - 50.3, 0
2018-11-12 15:38:47 (1595095356488) STATS - 50.4, 0
2018-11-12 15:38:47 (1595095405889) STATS - 50.5, 0
2018-11-12 15:38:47 (1595095454090) STATS - 50.6, 0
2018-11-12 15:38:47 (1595095500392) STATS - 50.7, 0
2018-11-12 15:38:47 (1595095549293) STATS - 50.8, 0
2018-11-12 15:38:47 (1595095596394) STATS - 50.9, 0
2018-11-12 15:38:47 (1595095645896) STATS - 51.0, 0
2018-11-12 15:38:47 (1595095722298) STATS - 51.1, 0
2018-11-12 15:38:47 (1595095794800) STATS - 51.2, 0
2018-11-12 15:38:47 (1595095848801) STATS - 51.3, 0
2018-11-12 15:38:47 (1595095902303) STATS - 51.4, 0
2018-11-12 15:38:47 (1595095948704) STATS - 51.5, 0
2018-11-12 15:38:47 (1595095995705) STATS - 51.6, 0
2018-11-12 15:38:47 (1595096067007) STATS - 51.7, 0
2018-11-12 15:38:47 (1595096113108) STATS - 51.8, 0
2018-11-12 15:38:47 (1595096172110) STATS - 51.9, 0
2018-11-12 15:38:47 (1595096216011) STATS - 52.0, 0
2018-11-12 15:38:47 (1595096267512) STATS - 52.1, 0
2018-11-12 15:38:47 (1595096312514) STATS - 52.2, 0
2018-11-12 15:38:47 (1595096360415) STATS - 52.3, 0
2018-11-12 15:38:47 (1595096410716) STATS - 52.4, 0
2018-11-12 15:38:47 (1595096455717) STATS - 52.5, 0
2018-11-12 15:38:47 (1595096502919) STATS - 52.6, 0
2018-11-12 15:38:47 (1595096563720) STATS - 52.7, 0
2018-11-12 15:38:47 (1595096611422) STATS - 52.8, 0
2018-11-12 15:38:47 (1595096657323) STATS - 52.9, 0
2018-11-12 15:38:47 (1595096701424) STATS - 53.0, 0
2018-11-12 15:38:47 (1595096753425) STATS - 53.1, 0
2018-11-12 15:38:47 (1595096800827) STATS - 53.2, 0
2018-11-12 15:38:47 (1595096845728) STATS - 53.3, 0
2018-11-12 15:38:47 (1595096889829) STATS - 53.4, 0
2018-11-12 15:38:47 (1595096934030) STATS - 53.5, 0
2018-11-12 15:38:47 (1595097025533) STATS - 53.6, 0
2018-11-12 15:38:47 (1595097071134) STATS - 53.7, 0
2018-11-12 15:38:47 (1595097119535) STATS - 53.8, 0
2018-11-12 15:38:47 (1595097192237) STATS - 53.9, 0
2018-11-12 15:38:47 (1595097248239) STATS - 54.0, 0
2018-11-12 15:38:47 (1595097292640) STATS - 54.1, 0
2018-11-12 15:38:47 (1595097335541) STATS - 54.2, 0
2018-11-12 15:38:47 (1595097377842) STATS - 54.3, 0
2018-11-12 15:38:47 (1595097425944) STATS - 54.4, 0
2018-11-12 15:38:47 (1595097502446) STATS - 54.5, 0
2018-11-12 15:38:47 (1595097555947) STATS - 54.6, 0
2018-11-12 15:38:47 (1595097597848) STATS - 54.7, 0
2018-11-12 15:38:47 (1595097640349) STATS - 54.8, 0
2018-11-12 15:38:47 (1595097682151) STATS - 54.9, 0
2018-11-12 15:38:47 (1595097722252) STATS - 55.0, 0
2018-11-12 15:38:47 (1595097764153) STATS - 55.1, 0
2018-11-12 15:38:47 (1595097805754) STATS - 55.2, 0
2018-11-12 15:38:47 (1595097846955) STATS - 55.3, 0
2018-11-12 15:38:47 (1595097888856) STATS - 55.4, 0
2018-11-12 15:38:47 (1595097929657) STATS - 55.5, 0
2018-11-12 15:38:47 (1595097970658) STATS - 55.6, 0
2018-11-12 15:38:47 (1595104951647) STATS - 55.7, 0
2018-11-12 15:38:47 (1595105049950) STATS - 55.8, 0
2018-11-12 15:38:47 (1595105099251) STATS - 55.9, 0
2018-11-12 15:38:47 (1595105174453) STATS - 56.0, 0
2018-11-12 15:38:47 (1595105232055) STATS - 56.1, 0
2018-11-12 15:38:47 (1595105277356) STATS - 56.2, 0
2018-11-12 15:38:47 (1595105325557) STATS - 56.3, 0
2018-11-12 15:38:47 (1595105392459) STATS - 56.4, 0
2018-11-12 15:38:47 (1595105451960) STATS - 56.5, 0
2018-11-12 15:38:47 (1595105495062) STATS - 56.6, 0
2018-11-12 15:38:47 (1595105537263) STATS - 56.7, 0
2018-11-12 15:38:47 (1595105579564) STATS - 56.8, 0
2018-11-12 15:38:47 (1595105621265) STATS - 56.9, 0
2018-11-12 15:38:47 (1595105682367) STATS - 57.0, 0
2018-11-12 15:38:47 (1595105726668) STATS - 57.1, 0
2018-11-12 15:38:47 (1595105768969) STATS - 57.2, 0
2018-11-12 15:38:47 (1595105811270) STATS - 57.3, 0
2018-11-12 15:38:47 (1595105852571) STATS - 57.4, 0
2018-11-12 15:38:47 (1595105893072) STATS - 57.5, 0
2018-11-12 15:38:47 (1595105934474) STATS - 57.6, 0
2018-11-12 15:38:47 (1595105975575) STATS - 57.7, 0
2018-11-12 15:38:47 (1595106016876) STATS - 57.8, 0
2018-11-12 15:38:47 (1595106058777) STATS - 57.9, 0
2018-11-12 15:38:47 (1595106099078) STATS - 58.0, 0
2018-11-12 15:38:47 (1595106140279) STATS - 58.1, 0
2018-11-12 15:38:47 (1595106181680) STATS - 58.2, 0
2018-11-12 15:38:47 (1595106226081) STATS - 58.3, 0
2018-11-12 15:38:47 (1595106268583) STATS - 58.4, 0
2018-11-12 15:38:47 (1595106310184) STATS - 58.5, 0
2018-11-12 15:38:47 (1595106435287) STATS - 58.6, 0
2018-11-12 15:38:47 (1595106496289) STATS - 58.7, 0
2018-11-12 15:38:47 (1595106565891) STATS - 58.8, 0
2018-11-12 15:38:47 (1595106615792) STATS - 58.9, 0
2018-11-12 15:38:47 (1595106660293) STATS - 59.0, 0
2018-11-12 15:38:47 (1595106702494) STATS - 59.1, 0
2018-11-12 15:38:47 (1595106743895) STATS - 59.2, 0
2018-11-12 15:38:47 (1595106785297) STATS - 59.3, 0
2018-11-12 15:38:47 (1595106827098) STATS - 59.4, 0
2018-11-12 15:38:47 (1595106868499) STATS - 59.5, 0
2018-11-12 15:38:47 (1595106917400) STATS - 59.6, 0
2018-11-12 15:38:47 (1595106959101) STATS - 59.7, 0
2018-11-12 15:38:47 (1595107002402) STATS - 59.8, 0
2018-11-12 15:38:47 (1595107046104) STATS - 59.9, 0
2018-11-12 15:38:47 (1595107087005) STATS - 60.0, 0
2018-11-12 15:38:47 (1595107129906) STATS - 60.1, 0
2018-11-12 15:38:47 (1595107170807) STATS - 60.2, 0
2018-11-12 15:38:47 (1595107211808) STATS - 60.3, 0
2018-11-12 15:38:47 (1595107252909) STATS - 60.4, 0
2018-11-12 15:38:47 (1595107293910) STATS - 60.5, 0
2018-11-12 15:38:47 (1595107336911) STATS - 60.6, 0
2018-11-12 15:38:47 (1595107379513) STATS - 60.7, 0
2018-11-12 15:38:47 (1595107431114) STATS - 60.8, 0
2018-11-12 15:38:47 (1595107473115) STATS - 60.9, 0
2018-11-12 15:38:47 (1595107513116) STATS - 61.0, 0
2018-11-12 15:38:47 (1595107553817) STATS - 61.1, 0
2018-11-12 15:38:47 (1595107595518) STATS - 61.2, 0
2018-11-12 15:38:47 (1595107638920) STATS - 61.3, 0
2018-11-12 15:38:47 (1595107680721) STATS - 61.4, 0
2018-11-12 15:38:47 (1595107722122) STATS - 61.5, 0
2018-11-12 15:38:47 (1595107763423) STATS - 61.6, 0
2018-11-12 15:38:47 (1595107804424) STATS - 61.7, 0
2018-11-12 15:38:47 (1595114711111) STATS - 61.8, 0
2018-11-12 15:38:47 (1595114916616) STATS - 61.9, 0
2018-11-12 15:38:47 (1595114985918) STATS - 62.0, 0
2018-11-12 15:38:47 (1595115031019) STATS - 62.1, 0
2018-11-12 15:38:47 (1595115077321) STATS - 62.2, 0
2018-11-12 15:38:47 (1595115134322) STATS - 62.3, 0
2018-11-12 15:38:47 (1595115210724) STATS - 62.4, 0
2018-11-12 15:38:47 (1595115260325) STATS - 62.5, 0
2018-11-12 15:38:47 (1595115302627) STATS - 62.6, 0
2018-11-12 15:38:47 (1595115344128) STATS - 62.7, 0
2018-11-12 15:38:47 (1595115385829) STATS - 62.8, 0
2018-11-12 15:38:47 (1595115426730) STATS - 62.9, 0
2018-11-12 15:38:47 (1595115468631) STATS - 63.0, 0
2018-11-12 15:38:47 (1595115510532) STATS - 63.1, 0
2018-11-12 15:38:47 (1595115571734) STATS - 63.2, 0
2018-11-12 15:38:47 (1595116105848) STATS - 63.3, 0
2018-11-12 15:38:47 (1595116172450) STATS - 63.4, 0
2018-11-12 15:38:47 (1595116532960) STATS - 63.5, 0
2018-11-12 15:38:47 (1595116575261) STATS - 63.6, 0
2018-11-12 15:38:47 (1595116668864) STATS - 63.7, 0
2018-11-12 15:38:47 (1595116732265) STATS - 63.8, 0
2018-11-12 15:38:47 (1595116778066) STATS - 63.9, 0
2018-11-12 15:38:47 (1595116830768) STATS - 64.0, 0
2018-11-12 15:38:47 (1595116871969) STATS - 64.1, 0
2018-11-12 15:38:47 (1595116909170) STATS - 64.2, 0
2018-11-12 15:38:47 (1595116949471) STATS - 64.3, 0
2018-11-12 15:38:47 (1595117012773) STATS - 64.4, 0
2018-11-12 15:38:47 (1595117057574) STATS - 64.5, 0
2018-11-12 15:38:47 (1595117147976) STATS - 64.6, 0
2018-11-12 15:38:47 (1595117184677) STATS - 64.7, 0
2018-11-12 15:38:47 (1595117221278) STATS - 64.8, 0
2018-11-12 15:38:47 (1595117256279) STATS - 64.9, 0
2018-11-12 15:38:47 (1595117294580) STATS - 65.0, 0
2018-11-12 15:38:47 (1595117330481) STATS - 65.1, 0
2018-11-12 15:38:47 (1595117364782) STATS - 65.2, 0
2018-11-12 15:38:47 (1595117406283) STATS - 65.3, 0
2018-11-12 15:38:47 (1595117443284) STATS - 65.4, 0
2018-11-12 15:38:47 (1595117511086) STATS - 65.5, 0
2018-11-12 15:38:47 (1595117557188) STATS - 65.6, 0
2018-11-12 15:38:47 (1595117592588) STATS - 65.7, 0
2018-11-12 15:38:47 (1595117628089) STATS - 65.8, 0
2018-11-12 15:38:47 (1595117663290) STATS - 65.9, 0
2018-11-12 15:38:47 (1595117698891) STATS - 66.0, 0
2018-11-12 15:38:47 (1595117734092) STATS - 66.1, 0
2018-11-12 15:38:47 (1595117771593) STATS - 66.2, 0
2018-11-12 15:38:47 (1595117805994) STATS - 66.3, 0
2018-11-12 15:38:47 (1595117841795) STATS - 66.4, 0
2018-11-12 15:38:47 (1595117903697) STATS - 66.5, 0
2018-11-12 15:38:47 (1595117955498) STATS - 66.6, 0
2018-11-12 15:38:47 (1595117995399) STATS - 66.7, 0
2018-11-12 15:38:47 (1595118030100) STATS - 66.8, 0
2018-11-12 15:38:47 (1595118064501) STATS - 66.9, 0
2018-11-12 15:38:47 (1595124624778) STATS - 67.0, 0
2018-11-12 15:38:47 (1595124672280) STATS - 67.1, 0
2018-11-12 15:38:47 (1595124709081) STATS - 67.2, 0
2018-11-12 15:38:47 (1595124743582) STATS - 67.3, 0
2018-11-12 15:38:47 (1595124775983) STATS - 67.4, 0
2018-11-12 15:38:47 (1595124807883) STATS - 67.5, 0
2018-11-12 15:38:47 (1595124854485) STATS - 67.6, 0
2018-11-12 15:38:47 (1595124886286) STATS - 67.7, 0
2018-11-12 15:38:47 (1595124918086) STATS - 67.8, 0
2018-11-12 15:38:47 (1595124949087) STATS - 67.9, 0
2018-11-12 15:38:47 (1595124981288) STATS - 68.0, 0
2018-11-12 15:38:47 (1595125012989) STATS - 68.1, 0
2018-11-12 15:38:47 (1595125044390) STATS - 68.2, 0
2018-11-12 15:38:47 (1595125075691) STATS - 68.3, 0
2018-11-12 15:38:47 (1595125106591) STATS - 68.4, 0
2018-11-12 15:38:47 (1595125138292) STATS - 68.5, 0
2018-11-12 15:38:47 (1595125174993) STATS - 68.6, 0
2018-11-12 15:38:47 (1595125211894) STATS - 68.7, 0
2018-11-12 15:38:47 (1595125244395) STATS - 68.8, 0
2018-11-12 15:38:47 (1595125275396) STATS - 68.9, 0
2018-11-12 15:38:47 (1595125307597) STATS - 69.0, 0
2018-11-12 15:38:47 (1595125339298) STATS - 69.1, 0
2018-11-12 15:38:47 (1595125399199) STATS - 69.2, 0
2018-11-12 15:38:47 (1595125442401) STATS - 69.3, 0
2018-11-12 15:38:47 (1595125473701) STATS - 69.4, 0
2018-11-12 15:38:47 (1595125504102) STATS - 69.5, 0
2018-11-12 15:38:47 (1595125534803) STATS - 69.6, 0
2018-11-12 15:38:47 (1595125564604) STATS - 69.7, 0
2018-11-12 15:38:47 (1595125594705) STATS - 69.8, 0
2018-11-12 15:38:47 (1595125629106) STATS - 69.9, 0
2018-11-12 15:38:47 (1595125682907) STATS - 70.0, 0
2018-11-12 15:38:47 (1595125714508) STATS - 70.1, 0
2018-11-12 15:38:47 (1595125745009) STATS - 70.2, 0
2018-11-12 15:38:47 (1595125775010) STATS - 70.3, 0
2018-11-12 15:38:47 (1595125804810) STATS - 70.4, 0
2018-11-12 15:38:47 (1595125834511) STATS - 70.5, 0
2018-11-12 15:38:47 (1595125864112) STATS - 70.6, 0
2018-11-12 15:38:47 (1595125897113) STATS - 70.7, 0
2018-11-12 15:38:47 (1595125926714) STATS - 70.8, 0
2018-11-12 15:38:47 (1595125959014) STATS - 70.9, 0
2018-11-12 15:38:47 (1595125991215) STATS - 71.0, 0
2018-11-12 15:38:47 (1595126021916) STATS - 71.1, 0
2018-11-12 15:38:47 (1595126051717) STATS - 71.2, 0
2018-11-12 15:38:47 (1595126080918) STATS - 71.3, 0
2018-11-12 15:38:47 (1595126110419) STATS - 71.4, 0
2018-11-12 15:38:47 (1595126139219) STATS - 71.5, 0
2018-11-12 15:38:47 (1595126186621) STATS - 71.6, 0
2018-11-12 15:38:47 (1595126219122) STATS - 71.7, 0
2018-11-12 15:38:47 (1595126249222) STATS - 71.8, 0
2018-11-12 15:38:47 (1595126282723) STATS - 71.9, 0
2018-11-12 15:38:47 (1595126312724) STATS - 72.0, 0
2018-11-12 15:38:47 (1595126342525) STATS - 72.1, 0
2018-11-12 15:38:47 (1595126371526) STATS - 72.2, 0
2018-11-12 15:38:47 (1595126400926) STATS - 72.3, 0
2018-11-12 15:38:47 (1595126430527) STATS - 72.4, 0
2018-11-12 15:38:47 (1595126459728) STATS - 72.5, 0
2018-11-12 15:38:47 (1595126489229) STATS - 72.6, 0
2018-11-12 15:38:47 (1595126518430) STATS - 72.7, 0
2018-11-12 15:38:47 (1595126547730) STATS - 72.8, 0
2018-11-12 15:38:47 (1595126576431) STATS - 72.9, 0
2018-11-12 15:38:47 (1595126604932) STATS - 73.0, 0
2018-11-12 15:38:47 (1595126634133) STATS - 73.1, 0
2018-11-12 15:38:47 (1595126662433) STATS - 73.2, 0
2018-11-12 15:38:47 (1595126692034) STATS - 73.3, 0
2018-11-12 15:38:47 (1595126720535) STATS - 73.4, 0
2018-11-12 15:38:47 (1595126749036) STATS - 73.5, 0
2018-11-12 15:38:47 (1595126778137) STATS - 73.6, 0
2018-11-12 15:38:47 (1595126806937) STATS - 73.7, 0
2018-11-12 15:38:47 (1595126836438) STATS - 73.8, 0
2018-11-12 15:38:47 (1595126865039) STATS - 73.9, 0
2018-11-12 15:38:47 (1595126894540) STATS - 74.0, 0
2018-11-12 15:38:47 (1595126959142) STATS - 74.1, 0
2018-11-12 15:38:47 (1595126994242) STATS - 74.2, 0
2018-11-12 15:38:47 (1595127069344) STATS - 74.3, 0
2018-11-12 15:38:47 (1595127115146) STATS - 74.4, 0
2018-11-12 15:38:47 (1595127146247) STATS - 74.5, 0
2018-11-12 15:38:47 (1595127175847) STATS - 74.6, 0
2018-11-12 15:38:47 (1595127205048) STATS - 74.7, 0
2018-11-12 15:38:47 (1595127237049) STATS - 74.8, 0
2018-11-12 15:38:47 (1595127282750) STATS - 74.9, 0
2018-11-12 15:38:47 (1595127344852) STATS - 75.0, 0
2018-11-12 15:38:47 (1595127410854) STATS - 75.1, 0
2018-11-12 15:38:47 (1595134701551) STATS - 75.2, 0
2018-11-12 15:38:47 (1595134778853) STATS - 75.3, 0
2018-11-12 15:38:47 (1595134837754) STATS - 75.4, 0
2018-11-12 15:38:47 (1595134874155) STATS - 75.5, 0
2018-11-12 15:38:47 (1595134905256) STATS - 75.6, 0
2018-11-12 15:38:47 (1595134934857) STATS - 75.7, 0
2018-11-12 15:38:47 (1595134963758) STATS - 75.8, 0
2018-11-12 15:38:47 (1595134992059) STATS - 75.9, 0
2018-11-12 15:38:47 (1595135057160) STATS - 76.0, 0
2018-11-12 15:38:47 (1595135104662) STATS - 76.1, 0
2018-11-12 15:38:47 (1595135135162) STATS - 76.2, 0
2018-11-12 15:38:47 (1595135180764) STATS - 76.3, 0
2018-11-12 15:38:47 (1595135264766) STATS - 76.4, 0
2018-11-12 15:38:47 (1595135302567) STATS - 76.5, 0
2018-11-12 15:38:47 (1595135332068) STATS - 76.6, 0
2018-11-12 15:38:47 (1595135366369) STATS - 76.7, 0
2018-11-12 15:38:47 (1595135399770) STATS - 76.8, 0
2018-11-12 15:38:47 (1595135427870) STATS - 76.9, 0
2018-11-12 15:38:47 (1595135456571) STATS - 77.0, 0
2018-11-12 15:38:47 (1595135485072) STATS - 77.1, 0
2018-11-12 15:38:47 (1595135512573) STATS - 77.2, 0
2018-11-12 15:38:47 (1595135556974) STATS - 77.3, 0
2018-11-12 15:38:47 (1595135585275) STATS - 77.4, 0
2018-11-12 15:38:47 (1595135612475) STATS - 77.5, 0
2018-11-12 15:38:47 (1595135639576) STATS - 77.6, 0
2018-11-12 15:38:47 (1595135686077) STATS - 77.7, 0
2018-11-12 15:38:47 (1595135714378) STATS - 77.8, 0
2018-11-12 15:38:47 (1595135741379) STATS - 77.9, 0
2018-11-12 15:38:47 (1595135786980) STATS - 78.0, 0
2018-11-12 15:38:47 (1595135814781) STATS - 78.1, 0
2018-11-12 15:38:47 (1595135847282) STATS - 78.2, 0
2018-11-12 15:38:47 (1595135889183) STATS - 78.3, 0
2018-11-12 15:38:47 (1595135933384) STATS - 78.4, 0
2018-11-12 15:38:47 (1595135960385) STATS - 78.5, 0
2018-11-12 15:38:47 (1595135987185) STATS - 78.6, 0
2018-11-12 15:38:47 (1595136031587) STATS - 78.7, 0
2018-11-12 15:38:47 (1595136062087) STATS - 78.8, 0
2018-11-12 15:38:47 (1595136091288) STATS - 78.9, 0
2018-11-12 15:38:47 (1595136117989) STATS - 79.0, 0
2018-11-12 15:38:47 (1595136144490) STATS - 79.1, 0
2018-11-12 15:38:47 (1595136170290) STATS - 79.2, 0
2018-11-12 15:38:47 (1595136196291) STATS - 79.3, 0
2018-11-12 15:38:47 (1595136225192) STATS - 79.4, 0
2018-11-12 15:38:47 (1595136251693) STATS - 79.5, 0
2018-11-12 15:38:47 (1595136303594) STATS - 79.6, 0
2018-11-12 15:38:47 (1595136329795) STATS - 79.7, 0
2018-11-12 15:38:47 (1595136355395) STATS - 79.8, 0
2018-11-12 15:38:47 (1595136380396) STATS - 79.9, 0
2018-11-12 15:38:47 (1595136407297) STATS - 80.0, 0
2018-11-12 15:38:47 (1595136435798) STATS - 80.1, 0
2018-11-12 15:38:47 (1595136461698) STATS - 80.2, 0
2018-11-12 15:38:47 (1595136487399) STATS - 80.3, 0
2018-11-12 15:38:47 (1595136512200) STATS - 80.4, 0
2018-11-12 15:38:47 (1595136539500) STATS - 80.5, 0
2018-11-12 15:38:47 (1595136565801) STATS - 80.6, 0
2018-11-12 15:38:47 (1595136590902) STATS - 80.7, 0
2018-11-12 15:38:47 (1595136616502) STATS - 80.8, 0
2018-11-12 15:38:47 (1595136641903) STATS - 80.9, 0
2018-11-12 15:38:47 (1595136667904) STATS - 81.0, 0
2018-11-12 15:38:47 (1595136693504) STATS - 81.1, 0
2018-11-12 15:38:47 (1595136718905) STATS - 81.2, 0
2018-11-12 15:38:47 (1595136744606) STATS - 81.3, 0
2018-11-12 15:38:47 (1595136772007) STATS - 81.4, 0
2018-11-12 15:38:47 (1595136797407) STATS - 81.5, 0
2018-11-12 15:38:47 (1595136822908) STATS - 81.6, 0
2018-11-12 15:38:47 (1595136850409) STATS - 81.7, 0
2018-11-12 15:38:47 (1595136876609) STATS - 81.8, 0
2018-11-12 15:38:47 (1595136901810) STATS - 81.9, 0
2018-11-12 15:38:47 (1595136927311) STATS - 82.0, 0
2018-11-12 15:38:47 (1595136952911) STATS - 82.1, 0
2018-11-12 15:38:47 (1595136978012) STATS - 82.2, 0
2018-11-12 15:38:47 (1595137003613) STATS - 82.3, 0
2018-11-12 15:38:47 (1595137028814) STATS - 82.4, 0
2018-11-12 15:38:47 (1595137053814) STATS - 82.5, 0
2018-11-12 15:38:47 (1595137079115) STATS - 82.6, 0
2018-11-12 15:38:47 (1595137104216) STATS - 82.7, 0
2018-11-12 15:38:47 (1595137129616) STATS - 82.8, 0
2018-11-12 15:38:47 (1595137185718) STATS - 82.9, 0
2018-11-12 15:38:47 (1595137213319) STATS - 83.0, 0
2018-11-12 15:38:47 (1595137239019) STATS - 83.1, 0
2018-11-12 15:38:47 (1595137264420) STATS - 83.2, 0
2018-11-12 15:38:47 (1595137289721) STATS - 83.3, 0
2018-11-12 15:38:47 (1595137314721) STATS - 83.4, 0
2018-11-12 15:38:47 (1595137342522) STATS - 83.5, 0
2018-11-12 15:38:47 (1595144162706) STATS - 83.6, 0
2018-11-12 15:38:47 (1595144269909) STATS - 83.7, 0
2018-11-12 15:38:47 (1595144340111) STATS - 83.8, 0
2018-11-12 15:38:47 (1595144367112) STATS - 83.9, 0
2018-11-12 15:38:47 (1595144415313) STATS - 84.0, 0
2018-11-12 15:38:47 (1595144441514) STATS - 84.1, 0
2018-11-12 15:38:47 (1595144479515) STATS - 84.2, 0
2018-11-12 15:38:47 (1595144501415) STATS - 84.3, 0
2018-11-12 15:38:47 (1595144522416) STATS - 84.4, 0
2018-11-12 15:38:47 (1595144544017) STATS - 84.5, 0
2018-11-12 15:38:47 (1595144565617) STATS - 84.6, 0
2018-11-12 15:38:47 (1595144586818) STATS - 84.7, 0
2018-11-12 15:38:47 (1595144607818) STATS - 84.8, 0
2018-11-12 15:38:47 (1595144629119) STATS - 84.9, 0
2018-11-12 15:38:47 (1595144650719) STATS - 85.0, 0
2018-11-12 15:38:47 (1595144682620) STATS - 85.1, 0
2018-11-12 15:38:47 (1595144702921) STATS - 85.2, 0
2018-11-12 15:38:47 (1595144723721) STATS - 85.3, 0
2018-11-12 15:38:47 (1595144746322) STATS - 85.4, 0
2018-11-12 15:38:47 (1595144766723) STATS - 85.5, 0
2018-11-12 15:38:47 (1595144812724) STATS - 85.6, 0
2018-11-12 15:38:47 (1595144837624) STATS - 85.7, 0
2018-11-12 15:38:47 (1595144857625) STATS - 85.8, 0
2018-11-12 15:38:47 (1595144876726) STATS - 85.9, 0
2018-11-12 15:38:47 (1595144910626) STATS - 86.0, 0
2018-11-12 15:38:47 (1595144931127) STATS - 86.1, 0
2018-11-12 15:38:47 (1595144962928) STATS - 86.2, 0
2018-11-12 15:38:47 (1595144996229) STATS - 86.3, 0
2018-11-12 15:38:47 (1595145017329) STATS - 86.4, 0
2018-11-12 15:38:47 (1595145038130) STATS - 86.5, 0
2018-11-12 15:38:47 (1595145059830) STATS - 86.6, 0
2018-11-12 15:38:47 (1595145080631) STATS - 86.7, 0
2018-11-12 15:38:47 (1595145101632) STATS - 86.8, 0
2018-11-12 15:38:47 (1595145124032) STATS - 86.9, 0
2018-11-12 15:38:47 (1595145145733) STATS - 87.0, 0
2018-11-12 15:38:47 (1595145167333) STATS - 87.1, 0
2018-11-12 15:38:47 (1595145188434) STATS - 87.2, 0
2018-11-12 15:38:47 (1595145209735) STATS - 87.3, 0
2018-11-12 15:38:47 (1595145230735) STATS - 87.4, 0
2018-11-12 15:38:47 (1595145251636) STATS - 87.5, 0
2018-11-12 15:38:47 (1595145272836) STATS - 87.6, 0
2018-11-12 15:38:47 (1595145295437) STATS - 87.7, 0
2018-11-12 15:38:47 (1595145337638) STATS - 87.8, 0
2018-11-12 15:38:47 (1595145389939) STATS - 87.9, 0
2018-11-12 15:38:47 (1595145415940) STATS - 88.0, 0
2018-11-12 15:38:47 (1595145443641) STATS - 88.1, 0
2018-11-12 15:38:47 (1595145462741) STATS - 88.2, 0
2018-11-12 15:38:47 (1595145481242) STATS - 88.3, 0
2018-11-12 15:38:47 (1595145499642) STATS - 88.4, 0
2018-11-12 15:38:47 (1595145518443) STATS - 88.5, 0
2018-11-12 15:38:47 (1595145537043) STATS - 88.6, 0
2018-11-12 15:38:47 (1595145555344) STATS - 88.7, 0
2018-11-12 15:38:47 (1595145574044) STATS - 88.8, 0
2018-11-12 15:38:47 (1595145592445) STATS - 88.9, 0
2018-11-12 15:38:47 (1595145611445) STATS - 89.0, 0
2018-11-12 15:38:47 (1595145630246) STATS - 89.1, 0
2018-11-12 15:38:47 (1595145650546) STATS - 89.2, 0
2018-11-12 15:38:47 (1595145669547) STATS - 89.3, 0
2018-11-12 15:38:47 (1595145688147) STATS - 89.4, 0
2018-11-12 15:38:47 (1595145710348) STATS - 89.5, 0
2018-11-12 15:38:47 (1595145745349) STATS - 89.6, 0
2018-11-12 15:38:47 (1595145766050) STATS - 89.7, 0
2018-11-12 15:38:47 (1595145797250) STATS - 89.8, 0
2018-11-12 15:38:47 (1595145818351) STATS - 89.9, 0
2018-11-12 15:38:47 (1595145839552) STATS - 90.0, 0
2018-11-12 15:38:47 (1595145881653) STATS - 90.1, 0
2018-11-12 15:38:47 (1595145904953) STATS - 90.2, 0
2018-11-12 15:38:47 (1595145929054) STATS - 90.3, 0
2018-11-12 15:38:47 (1595145950155) STATS - 90.4, 0
2018-11-12 15:38:47 (1595145969955) STATS - 90.5, 0
2018-11-12 15:38:47 (1595145989856) STATS - 90.6, 0
2018-11-12 15:38:47 (1595146012156) STATS - 90.7, 0
2018-11-12 15:38:47 (1595146033257) STATS - 90.8, 0
2018-11-12 15:38:47 (1595146053157) STATS - 90.9, 0
2018-11-12 15:38:47 (1595146074358) STATS - 91.0, 0
2018-11-12 15:38:47 (1595146104759) STATS - 91.1, 0
2018-11-12 15:38:47 (1595146125259) STATS - 91.2, 0
2018-11-12 15:38:47 (1595146144860) STATS - 91.3, 0
2018-11-12 15:38:47 (1595146164160) STATS - 91.4, 0
2018-11-12 15:38:47 (1595146183461) STATS - 91.5, 0
2018-11-12 15:38:47 (1595146202761) STATS - 91.6, 0
2018-11-12 15:38:47 (1595146221962) STATS - 91.7, 0
2018-11-12 15:38:47 (1595146241362) STATS - 91.8, 0
2018-11-12 15:38:47 (1595146263363) STATS - 91.9, 0
2018-11-12 15:38:47 (1595146282864) STATS - 92.0, 0
2018-11-12 15:38:47 (1595146302564) STATS - 92.1, 0
2018-11-12 15:38:47 (1595146331665) STATS - 92.2, 0
2018-11-12 15:38:47 (1595146349965) STATS - 92.3, 0
2018-11-12 15:38:47 (1595146368166) STATS - 92.4, 0
2018-11-12 15:38:47 (1595146386366) STATS - 92.5, 0
2018-11-12 15:38:47 (1595146404767) STATS - 92.6, 0
2018-11-12 15:38:47 (1595146422867) STATS - 92.7, 0
2018-11-12 15:38:47 (1595146441368) STATS - 92.8, 0
2018-11-12 15:38:47 (1595146459668) STATS - 92.9, 0
2018-11-12 15:38:47 (1595146478369) STATS - 93.0, 0
2018-11-12 15:38:47 (1595146497069) STATS - 93.1, 0
2018-11-12 15:38:47 (1595146515270) STATS - 93.2, 0
2018-11-12 15:38:47 (1595146534070) STATS - 93.3, 0
2018-11-12 15:38:47 (1595146552271) STATS - 93.4, 0
2018-11-12 15:38:47 (1595146594172) STATS - 93.5, 0
2018-11-12 15:38:47 (1595146615973) STATS - 93.6, 0
2018-11-12 15:38:47 (1595146634573) STATS - 93.7, 0
2018-11-12 15:38:47 (1595146653374) STATS - 93.8, 0
2018-11-12 15:38:47 (1595146672074) STATS - 93.9, 0
2018-11-12 15:38:47 (1595146690875) STATS - 94.0, 0
2018-11-12 15:38:47 (1595146709775) STATS - 94.1, 0
2018-11-12 15:38:47 (1595146728176) STATS - 94.2, 0
2018-11-12 15:38:47 (1595146759476) STATS - 94.3, 0
2018-11-12 15:38:47 (1595146790877) STATS - 94.4, 0
2018-11-12 15:38:47 (1595146811278) STATS - 94.5, 0
2018-11-12 15:38:47 (1595146831878) STATS - 94.6, 0
2018-11-12 15:38:47 (1595146852479) STATS - 94.7, 0
2018-11-12 15:38:47 (1595146872979) STATS - 94.8, 0
2018-11-12 15:38:47 (1595146893180) STATS - 94.9, 0
2018-11-12 15:38:47 (1595147156687) STATS - 95.0, 0
2018-11-12 15:38:47 (1595147190288) STATS - 95.1, 0
2018-11-12 15:38:47 (1595147211889) STATS - 95.2, 0
2018-11-12 15:38:47 (1595153946171) STATS - 95.3, 0
2018-11-12 15:38:47 (1595154006672) STATS - 95.4, 0
2018-11-12 15:38:47 (1595154044173) STATS - 95.5, 0
2018-11-12 15:38:47 (1595154068674) STATS - 95.6, 0
2018-11-12 15:38:47 (1595154091374) STATS - 95.7, 0
2018-11-12 15:38:47 (1595154113875) STATS - 95.8, 0
2018-11-12 15:38:47 (1595154136076) STATS - 95.9, 0
2018-11-12 15:38:47 (1595154159176) STATS - 96.0, 0
2018-11-12 15:38:47 (1595154187577) STATS - 96.1, 0
2018-11-12 15:38:47 (1595154214778) STATS - 96.2, 0
2018-11-12 15:38:47 (1595154236478) STATS - 96.3, 0
2018-11-12 15:38:47 (1595154258379) STATS - 96.4, 0
2018-11-12 15:38:47 (1595154280180) STATS - 96.5, 0
2018-11-12 15:38:47 (1595154301980) STATS - 96.6, 0
2018-11-12 15:38:47 (1595154323681) STATS - 96.7, 0
2018-11-12 15:38:47 (1595154345481) STATS - 96.8, 0
2018-11-12 15:38:47 (1595154366882) STATS - 96.9, 0
2018-11-12 15:38:47 (1595154388983) STATS - 97.0, 0
2018-11-12 15:38:47 (1595154410783) STATS - 97.1, 0
2018-11-12 15:38:47 (1595154436684) STATS - 97.2, 0
2018-11-12 15:38:47 (1595154458384) STATS - 97.3, 0
2018-11-12 15:38:47 (1595154480385) STATS - 97.4, 0
2018-11-12 15:38:47 (1595154502086) STATS - 97.5, 0
2018-11-12 15:38:47 (1595154523586) STATS - 97.6, 0
2018-11-12 15:38:47 (1595154545387) STATS - 97.7, 0
2018-11-12 15:38:47 (1595154566887) STATS - 97.8, 0
2018-11-12 15:38:47 (1595154588588) STATS - 97.9, 0
2018-11-12 15:38:47 (1595154610589) STATS - 98.0, 0
2018-11-12 15:38:47 (1595154632289) STATS - 98.1, 0
2018-11-12 15:38:47 (1595154653390) STATS - 98.2, 0
2018-11-12 15:38:47 (1595154674890) STATS - 98.3, 0
2018-11-12 15:38:47 (1595154696291) STATS - 98.4, 0
2018-11-12 15:38:47 (1595154717591) STATS - 98.5, 0
2018-11-12 15:38:47 (1595154739092) STATS - 98.6, 0
2018-11-12 15:38:47 (1595154760393) STATS - 98.7, 0
2018-11-12 15:38:47 (1595154782093) STATS - 98.8, 0
2018-11-12 15:38:47 (1595154803294) STATS - 98.9, 0
2018-11-12 15:38:47 (1595154824794) STATS - 99.0, 0
2018-11-12 15:38:47 (1595154846095) STATS - 99.1, 0
2018-11-12 15:38:47 (1595154867895) STATS - 99.2, 0
2018-11-12 15:38:47 (1595154889396) STATS - 99.3, 0
2018-11-12 15:38:47 (1595154910597) STATS - 99.4, 0
2018-11-12 15:38:47 (1595154931997) STATS - 99.5, 0
2018-11-12 15:38:47 (1595154953598) STATS - 99.6, 0
2018-11-12 15:38:47 (1595154975098) STATS - 99.7, 0
2018-11-12 15:38:47 (1595154996499) STATS - 99.8, 0
2018-11-12 15:38:47 (1595155017600) STATS - 99.9, 0
2018-11-12 15:38:47 (1595155040800) STATS - 100.0, 0
2018-11-12 15:38:47 (1595155063201) STATS - 100.1, 0
2018-11-12 15:38:47 (1595155093202) STATS - 100.2, 0
2018-11-12 15:38:47 (1595155114902) STATS - 100.3, 0
2018-11-12 15:38:47 (1595155136503) STATS - 100.4, 0
2018-11-12 15:38:47 (1595155158103) STATS - 100.5, 0
2018-11-12 15:38:47 (1595155180804) STATS - 100.6, 0
2018-11-12 15:38:47 (1595155218605) STATS - 100.7, 0
2018-11-12 15:38:47 (1595155255806) STATS - 100.8, 0
2018-11-12 15:38:47 (1595155278507) STATS - 100.9, 0
2018-11-12 15:38:47 (1595155300907) STATS - 101.0, 0
2018-11-12 15:38:47 (1595155322708) STATS - 101.1, 0
2018-11-12 15:38:47 (1595155344108) STATS - 101.2, 0
2018-11-12 15:38:47 (1595155365409) STATS - 101.3, 0
2018-11-12 15:38:47 (1595155386809) STATS - 101.4, 0
2018-11-12 15:38:47 (1595155409710) STATS - 101.5, 0
2018-11-12 15:38:47 (1595155431311) STATS - 101.6, 0
2018-11-12 15:38:47 (1595155452611) STATS - 101.7, 0
2018-11-12 15:38:47 (1595155473912) STATS - 101.8, 0
2018-11-12 15:38:47 (1595155501113) STATS - 101.9, 0
2018-11-12 15:38:47 (1595155524513) STATS - 102.0, 0
2018-11-12 15:38:47 (1595155551614) STATS - 102.1, 0
2018-11-12 15:38:47 (1595155573615) STATS - 102.2, 0
2018-11-12 15:38:47 (1595155596315) STATS - 102.3, 0
2018-11-12 15:38:47 (1595155620416) STATS - 102.4, 0
2018-11-12 15:38:47 (1595155646016) STATS - 102.5, 0
2018-11-12 15:38:47 (1595155673417) STATS - 102.6, 0
2018-11-12 15:38:47 (1595155694618) STATS - 102.7, 0
2018-11-12 15:38:47 (1595155716118) STATS - 102.8, 0
2018-11-12 15:38:47 (1595155737419) STATS - 102.9, 0
2018-11-12 15:38:47 (1595155759120) STATS - 103.0, 0
2018-11-12 15:38:47 (1595155780720) STATS - 103.1, 0
2018-11-12 15:38:47 (1595155801821) STATS - 103.2, 0
2018-11-12 15:38:47 (1595155823021) STATS - 103.3, 0
2018-11-12 15:38:47 (1595155844022) STATS - 103.4, 0
2018-11-12 15:38:47 (1595155865522) STATS - 103.5, 0
2018-11-12 15:38:47 (1595155886823) STATS - 103.6, 0
2018-11-12 15:38:47 (1595155908024) STATS - 103.7, 0
2018-11-12 15:38:47 (1595155929324) STATS - 103.8, 0
2018-11-12 15:38:47 (1595155950325) STATS - 103.9, 0
2018-11-12 15:38:47 (1595155973625) STATS - 104.0, 0
2018-11-12 15:38:47 (1595155995526) STATS - 104.1, 0
2018-11-12 15:38:47 (1595156400237) STATS - 104.2, 0
2018-11-12 15:38:47 (1595156429138) STATS - 104.3, 0
2018-11-12 15:38:47 (1595156450738) STATS - 104.4, 1
2018-11-12 15:38:47 (1595156474039) STATS - 104.5, 0
2018-11-12 15:38:47 (1595156496739) STATS - 104.6, 0
2018-11-12 15:38:47 (1595156518140) STATS - 104.7, 0
2018-11-12 15:38:47 (1595156539741) STATS - 104.8, 0
2018-11-12 15:38:47 (1595156560841) STATS - 104.9, 0
2018-11-12 15:38:47 (1595156583942) STATS - 105.0, 0
2018-11-12 15:38:47 (1595156606542) STATS - 105.1, 0
2018-11-12 15:38:47 (1595156627843) STATS - 105.2, 0
2018-11-12 15:38:47 (1595156655244) STATS - 105.3, 0
2018-11-12 15:38:47 (1595156676344) STATS - 105.4, 0
2018-11-12 15:38:47 (1595156703245) STATS - 105.5, 0
2018-11-12 15:38:47 (1595156724546) STATS - 105.6, 0
2018-11-12 15:38:47 (1595156784047) STATS - 105.7, 0
2018-11-12 15:38:47 (1595163821337) STATS - 105.8, 0
2018-11-12 15:38:47 (1595163861238) STATS - 105.9, 0
2018-11-12 15:38:47 (1595163899939) STATS - 106.0, 0
2018-11-12 15:38:47 (1595163922640) STATS - 106.1, 0
2018-11-12 15:38:47 (1595163943741) STATS - 106.2, 0
2018-11-12 15:38:47 (1595163964741) STATS - 106.3, 0
2018-11-12 15:38:47 (1595163985542) STATS - 106.4, 0
2018-11-12 15:38:47 (1595164023743) STATS - 106.5, 0
2018-11-12 15:38:47 (1595164048743) STATS - 106.6, 0
2018-11-12 15:38:47 (1595164068644) STATS - 106.7, 0
2018-11-12 15:38:47 (1595164088745) STATS - 106.8, 0
2018-11-12 15:38:47 (1595164108645) STATS - 106.9, 0
2018-11-12 15:38:47 (1595164135046) STATS - 107.0, 0
2018-11-12 15:38:47 (1595164155946) STATS - 107.1, 0
2018-11-12 15:38:47 (1595164175847) STATS - 107.2, 0
2018-11-12 15:38:47 (1595164195747) STATS - 107.3, 0
2018-11-12 15:38:47 (1595164215348) STATS - 107.4, 0
2018-11-12 15:38:47 (1595164235049) STATS - 107.5, 0
2018-11-12 15:38:47 (1595164254649) STATS - 107.6, 0
2018-11-12 15:38:47 (1595164274450) STATS - 107.7, 0
2018-11-12 15:38:47 (1595164294450) STATS - 107.8, 0
2018-11-12 15:38:47 (1595164314551) STATS - 107.9, 0
2018-11-12 15:38:47 (1595164334951) STATS - 108.0, 0
2018-11-12 15:38:47 (1595164362752) STATS - 108.1, 0
2018-11-12 15:38:47 (1595164389653) STATS - 108.2, 0
2018-11-12 15:38:47 (1595164413453) STATS - 108.3, 0
2018-11-12 15:38:47 (1595164441754) STATS - 108.4, 0
2018-11-12 15:38:47 (1595164461455) STATS - 108.5, 0
2018-11-12 15:38:47 (1595164481755) STATS - 108.6, 0
2018-11-12 15:38:47 (1595164501756) STATS - 108.7, 0
2018-11-12 15:38:47 (1595164521656) STATS - 108.8, 0
2018-11-12 15:38:47 (1595164541457) STATS - 108.9, 0
2018-11-12 15:38:47 (1595164561457) STATS - 109.0, 0
2018-11-12 15:38:47 (1595164581458) STATS - 109.1, 0
2018-11-12 15:38:47 (1595164600958) STATS - 109.2, 0
2018-11-12 15:38:47 (1595164620559) STATS - 109.3, 0
2018-11-12 15:38:47 (1595164640059) STATS - 109.4, 0
2018-11-12 15:38:47 (1595164661460) STATS - 109.5, 0
2018-11-12 15:38:47 (1595164681761) STATS - 109.6, 0
2018-11-12 15:38:47 (1595164709561) STATS - 109.7, 0
2018-11-12 15:38:47 (1595164775663) STATS - 109.8, 0
2018-11-12 15:38:47 (1595164801164) STATS - 109.9, 0
2018-11-12 15:38:47 (1595164822564) STATS - 110.0, 0
2018-11-12 15:38:47 (1595164847765) STATS - 110.1, 0
2018-11-12 15:38:47 (1595164868566) STATS - 110.2, 0
2018-11-12 15:38:47 (1595164888966) STATS - 110.3, 0
2018-11-12 15:38:47 (1595164907667) STATS - 110.4, 0
2018-11-12 15:38:47 (1595164925867) STATS - 110.5, 0
2018-11-12 15:38:47 (1595164944068) STATS - 110.6, 0
2018-11-12 15:38:47 (1595164962068) STATS - 110.7, 0
2018-11-12 15:38:47 (1595164980569) STATS - 110.8, 0
2018-11-12 15:38:47 (1595164998569) STATS - 110.9, 0
2018-11-12 15:38:47 (1595165018270) STATS - 111.0, 0
2018-11-12 15:38:47 (1595165036970) STATS - 111.1, 0
2018-11-12 15:38:47 (1595165055471) STATS - 111.2, 0
2018-11-12 15:38:47 (1595165074071) STATS - 111.3, 0
2018-11-12 15:38:47 (1595165093872) STATS - 111.4, 0
2018-11-12 15:38:47 (1595165112472) STATS - 111.5, 0
2018-11-12 15:38:47 (1595165130773) STATS - 111.6, 0
2018-11-12 15:38:47 (1595165149073) STATS - 111.7, 0
2018-11-12 15:38:47 (1595165167274) STATS - 111.8, 0
2018-11-12 15:38:47 (1595165185274) STATS - 111.9, 0
2018-11-12 15:38:47 (1595165203675) STATS - 112.0, 0
2018-11-12 15:38:47 (1595165221775) STATS - 112.1, 0
2018-11-12 15:38:47 (1595165239876) STATS - 112.2, 0
2018-11-12 15:38:47 (1595165259576) STATS - 112.3, 0
2018-11-12 15:38:47 (1595165278177) STATS - 112.4, 0
2018-11-12 15:38:47 (1595165297577) STATS - 112.5, 0
2018-11-12 15:38:47 (1595165316078) STATS - 112.6, 0
2018-11-12 15:38:47 (1595165334178) STATS - 112.7, 0
2018-11-12 15:38:47 (1595165361979) STATS - 112.8, 0
2018-11-12 15:38:47 (1595165380279) STATS - 112.9, 0
2018-11-12 15:38:47 (1595165398280) STATS - 113.0, 0
2018-11-12 15:38:47 (1595165418080) STATS - 113.1, 0
2018-11-12 15:38:47 (1595165436481) STATS - 113.2, 0
2018-11-12 15:38:47 (1595165454581) STATS - 113.3, 0
2018-11-12 15:38:47 (1595165472582) STATS - 113.4, 0
2018-11-12 15:38:47 (1595165492882) STATS - 113.5, 0
2018-11-12 15:38:47 (1595165527983) STATS - 113.6, 0
2018-11-12 15:38:47 (1595165548684) STATS - 113.7, 0
2018-11-12 15:38:47 (1595165567385) STATS - 113.8, 0
2018-11-12 15:38:47 (1595165586085) STATS - 113.9, 0
2018-11-12 15:38:47 (1595165604786) STATS - 114.0, 0
2018-11-12 15:38:47 (1595165623486) STATS - 114.1, 0
2018-11-12 15:38:47 (1595165655587) STATS - 114.2, 0
2018-11-12 15:38:47 (1595165677587) STATS - 114.3, 0
2018-11-12 15:38:47 (1595165703988) STATS - 114.4, 0
2018-11-12 15:38:47 (1595165722589) STATS - 114.5, 0
2018-11-12 15:38:47 (1595165745589) STATS - 114.6, 0
2018-11-12 15:38:47 (1595165763990) STATS - 114.7, 1
2018-11-12 15:38:47 (1595165782490) STATS - 114.8, 0
2018-11-12 15:38:47 (1595165800791) STATS - 114.9, 0
2018-11-12 15:38:47 (1595165819391) STATS - 115.0, 0
2018-11-12 15:38:47 (1595165839092) STATS - 115.1, 1
2018-11-12 15:38:47 (1595165887693) INFO  - END: Middleware stopped.
