2018-11-12 16:05:18 (3185697573673) INFO  - START: Middleware listening on address 10.0.0.11:8888.
2018-11-12 16:06:42 (3269989916950) STATS -  5.00, 777, 0, 0.213131, 1.122985, 1.457137, 1.457137, 0.000000, 0.000000, 3886, 0, 0, 0.00, 0.00, 0
2018-11-12 16:06:42 (3270038151449) STATS - 10.00, 869, 0, 0.116787, 1.014922, 1.215409, 1.215409, 0.000000, 0.000000, 4348, 0, 0, 0.00, 0.00, 0
2018-11-12 16:06:42 (3270088187896) STATS - 15.00, 905, 0, 0.109037, 0.980284, 1.172500, 1.172500, 0.000000, 0.000000, 4528, 0, 0, 0.00, 0.00, 0
2018-11-12 16:06:42 (3270136533499) STATS - 20.00, 875, 0, 0.106948, 1.053552, 1.248069, 1.248069, 0.000000, 0.000000, 4379, 0, 0, 0.00, 0.00, 0
2018-11-12 16:06:42 (3270184964503) STATS - 25.00, 901, 0, 0.131737, 1.031416, 1.239842, 1.239842, 0.000000, 0.000000, 4506, 0, 0, 0.00, 0.00, 0
2018-11-12 16:06:42 (3270224902778) STATS - 30.00, 928, 0, 0.111124, 0.997338, 1.186716, 1.186716, 0.000000, 0.000000, 4642, 0, 0, 0.00, 0.00, 0
2018-11-12 16:06:42 (3270234500537) STATS - 35.00, 948, 0, 0.109373, 0.946534, 1.132865, 1.132865, 0.000000, 0.000000, 4741, 0, 0, 0.00, 0.00, 0
2018-11-12 16:06:42 (3270243803887) STATS - 40.00, 934, 0, 0.102257, 0.964372, 1.136022, 1.136022, 0.000000, 0.000000, 4673, 0, 0, 0.00, 0.00, 0
2018-11-12 16:06:42 (3270253291243) STATS - 45.00, 917, 0, 0.105105, 0.982417, 1.163119, 1.163119, 0.000000, 0.000000, 4588, 0, 0, 0.00, 0.00, 0
2018-11-12 16:06:42 (3270255144293) STATS - 50.00, 879, 0, 0.113370, 1.041155, 1.242235, 1.242235, 0.000000, 0.000000, 4395, 0, 0, 0.00, 0.00, 0
2018-11-12 16:06:42 (3270263973631) STATS - 55.00, 910, 0, 0.119145, 1.021644, 1.240864, 1.240864, 0.000000, 0.000000, 4553, 0, 0, 0.00, 0.00, 0
2018-11-12 16:06:42 (3270272886171) STATS - 60.00, 920, 0, 0.102931, 1.002288, 1.186431, 1.186431, 0.000000, 0.000000, 4601, 0, 0, 0.00, 0.00, 0
2018-11-12 16:06:42 (3270274772722) STATS - 65.00, 918, 0, 0.099393, 0.993935, 1.177704, 1.177704, 0.000000, 0.000000, 4591, 0, 0, 0.00, 0.00, 0
2018-11-12 16:06:42 (3270283661261) STATS - 70.00, 902, 0, 0.120003, 0.991891, 1.199243, 1.199243, 0.000000, 0.000000, 4514, 0, 0, 0.00, 0.00, 0
2018-11-12 16:06:42 (3270284641987) STATS - 70.00, 11, 0, 0.076645, 1.052154, 1.176145, 1.176145, 0.000000, 0.000000, 58, 0, 0, 0.00, 0.00, 0
2018-11-12 16:06:43 (3270411713610) STATS - Interval, Responses
2018-11-12 16:06:43 (3270412093720) STATS - 0.1, 0
2018-11-12 16:06:43 (3270412803039) STATS - 0.2, 0
2018-11-12 16:06:43 (3270413026845) STATS - 0.3, 0
2018-11-12 16:06:43 (3270413241351) STATS - 0.4, 568
2018-11-12 16:06:43 (3270413434356) STATS - 0.5, 4712
2018-11-12 16:06:43 (3270420581648) STATS - 0.6, 9714
2018-11-12 16:06:43 (3270420762653) STATS - 0.7, 11334
2018-11-12 16:06:43 (3270420959859) STATS - 0.8, 9682
2018-11-12 16:06:43 (3270421154064) STATS - 0.9, 6440
2018-11-12 16:06:43 (3270421343869) STATS - 1.0, 4019
2018-11-12 16:06:43 (3270421516274) STATS - 1.1, 2723
2018-11-12 16:06:43 (3270421719079) STATS - 1.2, 1936
2018-11-12 16:06:43 (3270421895684) STATS - 1.3, 1442
2018-11-12 16:06:43 (3270422097389) STATS - 1.4, 1140
2018-11-12 16:06:43 (3270422318095) STATS - 1.5, 891
2018-11-12 16:06:43 (3270422511500) STATS - 1.6, 687
2018-11-12 16:06:43 (3270422677005) STATS - 1.7, 597
2018-11-12 16:06:43 (3270422836809) STATS - 1.8, 421
2018-11-12 16:06:43 (3270423036814) STATS - 1.9, 355
2018-11-12 16:06:43 (3270430175307) STATS - 2.0, 295
2018-11-12 16:06:43 (3270430347711) STATS - 2.1, 250
2018-11-12 16:06:43 (3270430532516) STATS - 2.2, 226
2018-11-12 16:06:43 (3270430740222) STATS - 2.3, 173
2018-11-12 16:06:43 (3270430960928) STATS - 2.4, 160
2018-11-12 16:06:43 (3270431527943) STATS - 2.5, 157
2018-11-12 16:06:43 (3270431740449) STATS - 2.6, 140
2018-11-12 16:06:43 (3270432070658) STATS - 2.7, 117
2018-11-12 16:06:43 (3270432233062) STATS - 2.8, 99
2018-11-12 16:06:43 (3270432392366) STATS - 2.9, 128
2018-11-12 16:06:43 (3270432547071) STATS - 3.0, 119
2018-11-12 16:06:43 (3270432708475) STATS - 3.1, 77
2018-11-12 16:06:43 (3270432871479) STATS - 3.2, 68
2018-11-12 16:06:43 (3270433027484) STATS - 3.3, 70
2018-11-12 16:06:43 (3270440084074) STATS - 3.4, 75
2018-11-12 16:06:43 (3270440246878) STATS - 3.5, 67
2018-11-12 16:06:43 (3270440405682) STATS - 3.6, 45
2018-11-12 16:06:43 (3270440587587) STATS - 3.7, 64
2018-11-12 16:06:43 (3270440736391) STATS - 3.8, 76
2018-11-12 16:06:43 (3270440979198) STATS - 3.9, 54
2018-11-12 16:06:43 (3270441132802) STATS - 4.0, 55
2018-11-12 16:06:43 (3270441281006) STATS - 4.1, 81
2018-11-12 16:06:43 (3270441426910) STATS - 4.2, 57
2018-11-12 16:06:43 (3270441577214) STATS - 4.3, 68
2018-11-12 16:06:43 (3270441726618) STATS - 4.4, 65
2018-11-12 16:06:43 (3270441900622) STATS - 4.5, 64
2018-11-12 16:06:43 (3270442079027) STATS - 4.6, 63
2018-11-12 16:06:43 (3270442283433) STATS - 4.7, 70
2018-11-12 16:06:43 (3270442466538) STATS - 4.8, 69
2018-11-12 16:06:43 (3270442635142) STATS - 4.9, 91
2018-11-12 16:06:43 (3270449629831) STATS - 5.0, 72
2018-11-12 16:06:43 (3270449868837) STATS - 5.1, 68
2018-11-12 16:06:43 (3270450034442) STATS - 5.2, 88
2018-11-12 16:06:43 (3270450205146) STATS - 5.3, 74
2018-11-12 16:06:43 (3270450344050) STATS - 5.4, 88
2018-11-12 16:06:43 (3270450497354) STATS - 5.5, 96
2018-11-12 16:06:43 (3270450734960) STATS - 5.6, 97
2018-11-12 16:06:43 (3270450964567) STATS - 5.7, 111
2018-11-12 16:06:43 (3270451110971) STATS - 5.8, 93
2018-11-12 16:06:43 (3270451248674) STATS - 5.9, 107
2018-11-12 16:06:43 (3270451390978) STATS - 6.0, 114
2018-11-12 16:06:43 (3270451554982) STATS - 6.1, 113
2018-11-12 16:06:43 (3270451746588) STATS - 6.2, 128
2018-11-12 16:06:43 (3270451889391) STATS - 6.3, 91
2018-11-12 16:06:43 (3270452047696) STATS - 6.4, 130
2018-11-12 16:06:43 (3270452257301) STATS - 6.5, 117
2018-11-12 16:06:43 (3270452402605) STATS - 6.6, 154
2018-11-12 16:06:43 (3270452596511) STATS - 6.7, 114
2018-11-12 16:06:43 (3270460187715) STATS - 6.8, 111
2018-11-12 16:06:43 (3270460335719) STATS - 6.9, 117
2018-11-12 16:06:43 (3270460478323) STATS - 7.0, 108
2018-11-12 16:06:43 (3270460625027) STATS - 7.1, 97
2018-11-12 16:06:43 (3270460751830) STATS - 7.2, 94
2018-11-12 16:06:43 (3270460874433) STATS - 7.3, 70
2018-11-12 16:06:43 (3270461011237) STATS - 7.4, 57
2018-11-12 16:06:43 (3270461161041) STATS - 7.5, 53
2018-11-12 16:06:43 (3270461480550) STATS - 7.6, 39
2018-11-12 16:06:43 (3270461669555) STATS - 7.7, 30
2018-11-12 16:06:43 (3270461794558) STATS - 7.8, 20
2018-11-12 16:06:43 (3270461917262) STATS - 7.9, 33
2018-11-12 16:06:43 (3270462035565) STATS - 8.0, 31
2018-11-12 16:06:43 (3270462189269) STATS - 8.1, 31
2018-11-12 16:06:43 (3270462336373) STATS - 8.2, 22
2018-11-12 16:06:43 (3270462464776) STATS - 8.3, 20
2018-11-12 16:06:43 (3270469628069) STATS - 8.4, 17
2018-11-12 16:06:43 (3270469793374) STATS - 8.5, 15
2018-11-12 16:06:43 (3270469926277) STATS - 8.6, 13
2018-11-12 16:06:43 (3270470047580) STATS - 8.7, 10
2018-11-12 16:06:43 (3270470170484) STATS - 8.8, 14
2018-11-12 16:06:43 (3270470327688) STATS - 8.9, 8
2018-11-12 16:06:43 (3270470447991) STATS - 9.0, 11
2018-11-12 16:06:43 (3270470569995) STATS - 9.1, 19
2018-11-12 16:06:43 (3270470734299) STATS - 9.2, 22
2018-11-12 16:06:43 (3270470876203) STATS - 9.3, 14
2018-11-12 16:06:43 (3270470995606) STATS - 9.4, 22
2018-11-12 16:06:43 (3270471163111) STATS - 9.5, 31
2018-11-12 16:06:43 (3270471319915) STATS - 9.6, 32
2018-11-12 16:06:43 (3270471439118) STATS - 9.7, 29
2018-11-12 16:06:43 (3270471588722) STATS - 9.8, 33
2018-11-12 16:06:43 (3270471711125) STATS - 9.9, 23
2018-11-12 16:06:43 (3270471841729) STATS - 10.0, 8
2018-11-12 16:06:43 (3270471969232) STATS - 10.1, 3
2018-11-12 16:06:43 (3270472110436) STATS - 10.2, 2
2018-11-12 16:06:43 (3270472230039) STATS - 10.3, 5
2018-11-12 16:06:43 (3270479253928) STATS - 10.4, 2
2018-11-12 16:06:43 (3270479394532) STATS - 10.5, 7
2018-11-12 16:06:43 (3270479526436) STATS - 10.6, 2
2018-11-12 16:06:43 (3270479683440) STATS - 10.7, 2
2018-11-12 16:06:43 (3270479822544) STATS - 10.8, 1
2018-11-12 16:06:43 (3270479980348) STATS - 10.9, 2
2018-11-12 16:06:43 (3270480144952) STATS - 11.0, 1
2018-11-12 16:06:43 (3270480322157) STATS - 11.1, 1
2018-11-12 16:06:43 (3270480480361) STATS - 11.2, 2
2018-11-12 16:06:43 (3270480697567) STATS - 11.3, 2
2018-11-12 16:06:43 (3270480823671) STATS - 11.4, 0
2018-11-12 16:06:43 (3270480943574) STATS - 11.5, 1
2018-11-12 16:06:43 (3270481064377) STATS - 11.6, 3
2018-11-12 16:06:43 (3270481184680) STATS - 11.7, 4
2018-11-12 16:06:43 (3270481335184) STATS - 11.8, 2
2018-11-12 16:06:43 (3270481457088) STATS - 11.9, 0
2018-11-12 16:06:43 (3270481578691) STATS - 12.0, 1
2018-11-12 16:06:43 (3270481699694) STATS - 12.1, 1
2018-11-12 16:06:43 (3270481823698) STATS - 12.2, 0
2018-11-12 16:06:43 (3270481944001) STATS - 12.3, 3
2018-11-12 16:06:43 (3270482065704) STATS - 12.4, 3
2018-11-12 16:06:43 (3270489154895) STATS - 12.5, 1
2018-11-12 16:06:43 (3270489272198) STATS - 12.6, 2
2018-11-12 16:06:43 (3270489390801) STATS - 12.7, 1
2018-11-12 16:06:43 (3270489504804) STATS - 12.8, 2
2018-11-12 16:06:43 (3270489612307) STATS - 12.9, 0
2018-11-12 16:06:43 (3270489719510) STATS - 13.0, 4
2018-11-12 16:06:43 (3270489826013) STATS - 13.1, 1
2018-11-12 16:06:43 (3270489935116) STATS - 13.2, 0
2018-11-12 16:06:43 (3270490041719) STATS - 13.3, 1
2018-11-12 16:06:43 (3270490148222) STATS - 13.4, 1
2018-11-12 16:06:43 (3270490256025) STATS - 13.5, 0
2018-11-12 16:06:43 (3270490376628) STATS - 13.6, 1
2018-11-12 16:06:43 (3270490485131) STATS - 13.7, 0
2018-11-12 16:06:43 (3270490592034) STATS - 13.8, 1
2018-11-12 16:06:43 (3270490717137) STATS - 13.9, 0
2018-11-12 16:06:43 (3270490824340) STATS - 14.0, 1
2018-11-12 16:06:43 (3270490932343) STATS - 14.1, 0
2018-11-12 16:06:43 (3270491041546) STATS - 14.2, 1
2018-11-12 16:06:43 (3270491151049) STATS - 14.3, 2
2018-11-12 16:06:43 (3270491259052) STATS - 14.4, 1
2018-11-12 16:06:43 (3270491369455) STATS - 14.5, 1
2018-11-12 16:06:43 (3270491479158) STATS - 14.6, 2
2018-11-12 16:06:43 (3270491589761) STATS - 14.7, 1
2018-11-12 16:06:43 (3270491698764) STATS - 14.8, 1
2018-11-12 16:06:43 (3270491804966) STATS - 14.9, 0
2018-11-12 16:06:43 (3270498891757) STATS - 15.0, 1
2018-11-12 16:06:43 (3270498991860) STATS - 15.1, 0
2018-11-12 16:06:43 (3270499162465) STATS - 15.2, 2
2018-11-12 16:06:43 (3270499284568) STATS - 15.3, 1
2018-11-12 16:06:43 (3270499400171) STATS - 15.4, 0
2018-11-12 16:06:43 (3270499733780) STATS - 15.5, 1
2018-11-12 16:06:43 (3270499844583) STATS - 15.6, 1
2018-11-12 16:06:43 (3270499945086) STATS - 15.7, 0
2018-11-12 16:06:43 (3270500105590) STATS - 15.8, 0
2018-11-12 16:06:43 (3270500199292) STATS - 15.9, 0
2018-11-12 16:06:43 (3270500289295) STATS - 16.0, 3
2018-11-12 16:06:43 (3270500437399) STATS - 16.1, 0
2018-11-12 16:06:43 (3270500538102) STATS - 16.2, 0
2018-11-12 16:06:43 (3270500674905) STATS - 16.3, 1
2018-11-12 16:06:43 (3270500795909) STATS - 16.4, 0
2018-11-12 16:06:43 (3270500896211) STATS - 16.5, 0
2018-11-12 16:06:43 (3270500997714) STATS - 16.6, 0
2018-11-12 16:06:43 (3270501087516) STATS - 16.7, 0
2018-11-12 16:06:43 (3270501216820) STATS - 16.8, 0
2018-11-12 16:06:43 (3270501319223) STATS - 16.9, 0
2018-11-12 16:06:43 (3270501403425) STATS - 17.0, 0
2018-11-12 16:06:43 (3270501487827) STATS - 17.1, 0
2018-11-12 16:06:43 (3270501574530) STATS - 17.2, 0
2018-11-12 16:06:43 (3270508669721) STATS - 17.3, 0
2018-11-12 16:06:43 (3270508789824) STATS - 17.4, 0
2018-11-12 16:06:43 (3270508916627) STATS - 17.5, 0
2018-11-12 16:06:43 (3270509021030) STATS - 17.6, 0
2018-11-12 16:06:43 (3270509115033) STATS - 17.7, 1
2018-11-12 16:06:43 (3270509225936) STATS - 17.8, 0
2018-11-12 16:06:43 (3270509308238) STATS - 17.9, 0
2018-11-12 16:06:43 (3270509390440) STATS - 18.0, 0
2018-11-12 16:06:43 (3270509473542) STATS - 18.1, 0
2018-11-12 16:06:43 (3270509562045) STATS - 18.2, 0
2018-11-12 16:06:43 (3270509682448) STATS - 18.3, 0
2018-11-12 16:06:43 (3270509800351) STATS - 18.4, 0
2018-11-12 16:06:43 (3270509891954) STATS - 18.5, 0
2018-11-12 16:06:43 (3270509983056) STATS - 18.6, 0
2018-11-12 16:06:43 (3270510074558) STATS - 18.7, 0
2018-11-12 16:06:43 (3270510213262) STATS - 18.8, 0
2018-11-12 16:06:43 (3270510313665) STATS - 18.9, 0
2018-11-12 16:06:43 (3270510407167) STATS - 19.0, 0
2018-11-12 16:06:43 (3270510521270) STATS - 19.1, 0
2018-11-12 16:06:43 (3270510620373) STATS - 19.2, 0
2018-11-12 16:06:43 (3270510743276) STATS - 19.3, 0
2018-11-12 16:06:43 (3270510837479) STATS - 19.4, 0
2018-11-12 16:06:43 (3270510929181) STATS - 19.5, 0
2018-11-12 16:06:43 (3270511053685) STATS - 19.6, 0
2018-11-12 16:06:43 (3270511136887) STATS - 19.7, 0
2018-11-12 16:06:43 (3270518149076) STATS - 19.8, 0
2018-11-12 16:06:43 (3270518251779) STATS - 19.9, 0
2018-11-12 16:06:43 (3270518358982) STATS - 20.0, 0
2018-11-12 16:06:43 (3270518441484) STATS - 20.1, 0
2018-11-12 16:06:43 (3270518520286) STATS - 20.2, 0
2018-11-12 16:06:43 (3270518598888) STATS - 20.3, 0
2018-11-12 16:06:43 (3270518729792) STATS - 20.4, 0
2018-11-12 16:06:43 (3270518836594) STATS - 20.5, 0
2018-11-12 16:06:43 (3270518976998) STATS - 20.6, 0
2018-11-12 16:06:43 (3270519110502) STATS - 20.7, 0
2018-11-12 16:06:43 (3270519189804) STATS - 20.8, 0
2018-11-12 16:06:43 (3270519267506) STATS - 20.9, 1
2018-11-12 16:06:43 (3270519342508) STATS - 21.0, 0
2018-11-12 16:06:43 (3270519420010) STATS - 21.1, 0
2018-11-12 16:06:43 (3270519501512) STATS - 21.2, 0
2018-11-12 16:06:43 (3270519582014) STATS - 21.3, 0
2018-11-12 16:06:43 (3270519660617) STATS - 21.4, 0
2018-11-12 16:06:43 (3270519738619) STATS - 21.5, 0
2018-11-12 16:06:43 (3270519818921) STATS - 21.6, 0
2018-11-12 16:06:43 (3270519899323) STATS - 21.7, 0
2018-11-12 16:06:43 (3270519978225) STATS - 21.8, 0
2018-11-12 16:06:43 (3270520133729) STATS - 21.9, 0
2018-11-12 16:06:43 (3270520243232) STATS - 22.0, 0
2018-11-12 16:06:43 (3270520330435) STATS - 22.1, 0
2018-11-12 16:06:43 (3270520438238) STATS - 22.2, 0
2018-11-12 16:06:43 (3270520527640) STATS - 22.3, 0
2018-11-12 16:06:43 (3270520606042) STATS - 22.4, 0
2018-11-12 16:06:43 (3270520683644) STATS - 22.5, 0
2018-11-12 16:06:43 (3270520760746) STATS - 22.6, 0
2018-11-12 16:06:43 (3270520840748) STATS - 22.7, 0
2018-11-12 16:06:43 (3270527785835) STATS - 22.8, 0
2018-11-12 16:06:43 (3270527868338) STATS - 22.9, 0
2018-11-12 16:06:43 (3270527941240) STATS - 23.0, 0
2018-11-12 16:06:43 (3270528049042) STATS - 23.1, 0
2018-11-12 16:06:43 (3270528210447) STATS - 23.2, 0
2018-11-12 16:06:43 (3270528306349) STATS - 23.3, 0
2018-11-12 16:06:43 (3270528386952) STATS - 23.4, 0
2018-11-12 16:06:43 (3270528476254) STATS - 23.5, 0
2018-11-12 16:06:43 (3270528559756) STATS - 23.6, 0
2018-11-12 16:06:43 (3270528746561) STATS - 23.7, 0
2018-11-12 16:06:43 (3270528836164) STATS - 23.8, 0
2018-11-12 16:06:43 (3270528945867) STATS - 23.9, 0
2018-11-12 16:06:43 (3270529072370) STATS - 24.0, 0
2018-11-12 16:06:43 (3270529196273) STATS - 24.1, 0
2018-11-12 16:06:43 (3270529287676) STATS - 24.2, 0
2018-11-12 16:06:43 (3270529365978) STATS - 24.3, 0
2018-11-12 16:06:43 (3270529453980) STATS - 24.4, 0
2018-11-12 16:06:43 (3270529539383) STATS - 24.5, 0
2018-11-12 16:06:43 (3270529611185) STATS - 24.6, 0
2018-11-12 16:06:43 (3270529684587) STATS - 24.7, 0
2018-11-12 16:06:43 (3270529757388) STATS - 24.8, 0
2018-11-12 16:06:43 (3270529830290) STATS - 24.9, 0
2018-11-12 16:06:43 (3270529898992) STATS - 25.0, 0
2018-11-12 16:06:43 (3270529972894) STATS - 25.1, 0
2018-11-12 16:06:43 (3270530048396) STATS - 25.2, 0
2018-11-12 16:06:43 (3270530120698) STATS - 25.3, 0
2018-11-12 16:06:43 (3270530192300) STATS - 25.4, 0
2018-11-12 16:06:43 (3270530265902) STATS - 25.5, 0
2018-11-12 16:06:43 (3270530342104) STATS - 25.6, 0
2018-11-12 16:06:43 (3270530415406) STATS - 25.7, 0
2018-11-12 16:06:43 (3270530487808) STATS - 25.8, 0
2018-11-12 16:06:43 (3270537851906) STATS - 25.9, 0
2018-11-12 16:06:43 (3270537999610) STATS - 26.0, 0
2018-11-12 16:06:43 (3270538077513) STATS - 26.1, 0
2018-11-12 16:06:43 (3270538184715) STATS - 26.2, 0
2018-11-12 16:06:43 (3270538259717) STATS - 26.3, 0
2018-11-12 16:06:43 (3270538348720) STATS - 26.4, 0
2018-11-12 16:06:43 (3270538461323) STATS - 26.5, 0
2018-11-12 16:06:43 (3270538536625) STATS - 26.6, 0
2018-11-12 16:06:43 (3270538611627) STATS - 26.7, 0
2018-11-12 16:06:43 (3270538686929) STATS - 26.8, 0
2018-11-12 16:06:43 (3270538784532) STATS - 26.9, 0
2018-11-12 16:06:43 (3270538852133) STATS - 27.0, 0
2018-11-12 16:06:43 (3270538971837) STATS - 27.1, 0
2018-11-12 16:06:43 (3270539048839) STATS - 27.2, 0
2018-11-12 16:06:43 (3270539119341) STATS - 27.3, 0
2018-11-12 16:06:43 (3270539186842) STATS - 27.4, 0
2018-11-12 16:06:43 (3270539255644) STATS - 27.5, 0
2018-11-12 16:06:43 (3270539324446) STATS - 27.6, 0
2018-11-12 16:06:43 (3270539391348) STATS - 27.7, 0
2018-11-12 16:06:43 (3270539461850) STATS - 27.8, 0
2018-11-12 16:06:43 (3270539529752) STATS - 27.9, 0
2018-11-12 16:06:43 (3270539594553) STATS - 28.0, 0
2018-11-12 16:06:43 (3270539714857) STATS - 28.1, 0
2018-11-12 16:06:43 (3270539788459) STATS - 28.2, 0
2018-11-12 16:06:43 (3270539911562) STATS - 28.3, 0
2018-11-12 16:06:43 (3270539992264) STATS - 28.4, 0
2018-11-12 16:06:43 (3270540084267) STATS - 28.5, 0
2018-11-12 16:06:43 (3270540159869) STATS - 28.6, 0
2018-11-12 16:06:43 (3270540266371) STATS - 28.7, 0
2018-11-12 16:06:43 (3270540333773) STATS - 28.8, 0
2018-11-12 16:06:43 (3270540403775) STATS - 28.9, 0
2018-11-12 16:06:43 (3270547491366) STATS - 29.0, 0
2018-11-12 16:06:43 (3270547734673) STATS - 29.1, 0
2018-11-12 16:06:43 (3270547804174) STATS - 29.2, 0
2018-11-12 16:06:43 (3270547867876) STATS - 29.3, 0
2018-11-12 16:06:43 (3270547930278) STATS - 29.4, 0
2018-11-12 16:06:43 (3270547991880) STATS - 29.5, 0
2018-11-12 16:06:43 (3270548072482) STATS - 29.6, 0
2018-11-12 16:06:43 (3270548134583) STATS - 29.7, 0
2018-11-12 16:06:43 (3270548195685) STATS - 29.8, 0
2018-11-12 16:06:43 (3270548256487) STATS - 29.9, 0
2018-11-12 16:06:43 (3270548315188) STATS - 30.0, 0
2018-11-12 16:06:43 (3270548446592) STATS - 30.1, 0
2018-11-12 16:06:43 (3270548514794) STATS - 30.2, 0
2018-11-12 16:06:43 (3270548587096) STATS - 30.3, 0
2018-11-12 16:06:43 (3270548662298) STATS - 30.4, 0
2018-11-12 16:06:43 (3270548749700) STATS - 30.5, 0
2018-11-12 16:06:43 (3270548810902) STATS - 30.6, 0
2018-11-12 16:06:43 (3270548872703) STATS - 30.7, 0
2018-11-12 16:06:43 (3270548936405) STATS - 30.8, 0
2018-11-12 16:06:43 (3270548999607) STATS - 30.9, 0
2018-11-12 16:06:43 (3270549058808) STATS - 31.0, 0
2018-11-12 16:06:43 (3270549123210) STATS - 31.1, 0
2018-11-12 16:06:43 (3270549203712) STATS - 31.2, 0
2018-11-12 16:06:43 (3270549283514) STATS - 31.3, 0
2018-11-12 16:06:43 (3270549352216) STATS - 31.4, 0
2018-11-12 16:06:43 (3270549421018) STATS - 31.5, 0
2018-11-12 16:06:43 (3270549498220) STATS - 31.6, 0
2018-11-12 16:06:43 (3270549562222) STATS - 31.7, 0
2018-11-12 16:06:43 (3270549634824) STATS - 31.8, 0
2018-11-12 16:06:43 (3270549695225) STATS - 31.9, 0
2018-11-12 16:06:43 (3270549753127) STATS - 32.0, 0
2018-11-12 16:06:43 (3270549813229) STATS - 32.1, 0
2018-11-12 16:06:43 (3270549874330) STATS - 32.2, 0
2018-11-12 16:06:43 (3270549937732) STATS - 32.3, 0
2018-11-12 16:06:43 (3270549998534) STATS - 32.4, 0
2018-11-12 16:06:43 (3270550059135) STATS - 32.5, 0
2018-11-12 16:06:43 (3270557163827) STATS - 32.6, 0
2018-11-12 16:06:43 (3270557423434) STATS - 32.7, 0
2018-11-12 16:06:43 (3270557486935) STATS - 32.8, 0
2018-11-12 16:06:43 (3270557547837) STATS - 32.9, 0
2018-11-12 16:06:43 (3270557603638) STATS - 33.0, 0
2018-11-12 16:06:43 (3270557658440) STATS - 33.1, 0
2018-11-12 16:06:43 (3270557712741) STATS - 33.2, 0
2018-11-12 16:06:43 (3270557766743) STATS - 33.3, 0
2018-11-12 16:06:43 (3270557820944) STATS - 33.4, 0
2018-11-12 16:06:43 (3270557875046) STATS - 33.5, 0
2018-11-12 16:06:43 (3270557928947) STATS - 33.6, 0
2018-11-12 16:06:43 (3270557983049) STATS - 33.7, 0
2018-11-12 16:06:43 (3270558038050) STATS - 33.8, 0
2018-11-12 16:06:43 (3270558092652) STATS - 33.9, 0
2018-11-12 16:06:43 (3270558148553) STATS - 34.0, 0
2018-11-12 16:06:43 (3270558203555) STATS - 34.1, 0
2018-11-12 16:06:43 (3270558257256) STATS - 34.2, 0
2018-11-12 16:06:43 (3270558311657) STATS - 34.3, 0
2018-11-12 16:06:43 (3270558365559) STATS - 34.4, 0
2018-11-12 16:06:43 (3270558421260) STATS - 34.5, 0
2018-11-12 16:06:43 (3270558475462) STATS - 34.6, 0
2018-11-12 16:06:43 (3270558531463) STATS - 34.7, 0
2018-11-12 16:06:43 (3270558586965) STATS - 34.8, 0
2018-11-12 16:06:43 (3270558663167) STATS - 34.9, 0
2018-11-12 16:06:43 (3270558720468) STATS - 35.0, 0
2018-11-12 16:06:43 (3270558774170) STATS - 35.1, 0
2018-11-12 16:06:43 (3270558827671) STATS - 35.2, 0
2018-11-12 16:06:43 (3270558881273) STATS - 35.3, 0
2018-11-12 16:06:43 (3270558938274) STATS - 35.4, 0
2018-11-12 16:06:43 (3270558992976) STATS - 35.5, 0
2018-11-12 16:06:43 (3270559046477) STATS - 35.6, 0
2018-11-12 16:06:43 (3270559099779) STATS - 35.7, 0
2018-11-12 16:06:43 (3270559154380) STATS - 35.8, 0
2018-11-12 16:06:43 (3270559208382) STATS - 35.9, 0
2018-11-12 16:06:43 (3270559261883) STATS - 36.0, 0
2018-11-12 16:06:43 (3270559315184) STATS - 36.1, 0
2018-11-12 16:06:43 (3270559368286) STATS - 36.2, 0
2018-11-12 16:06:43 (3270559421887) STATS - 36.3, 0
2018-11-12 16:06:43 (3270559475689) STATS - 36.4, 0
2018-11-12 16:06:43 (3270559566491) STATS - 36.5, 0
2018-11-12 16:06:43 (3270559641593) STATS - 36.6, 0
2018-11-12 16:06:43 (3270559751696) STATS - 36.7, 0
2018-11-12 16:06:43 (3270559830898) STATS - 36.8, 0
2018-11-12 16:06:43 (3270559896100) STATS - 36.9, 0
2018-11-12 16:06:43 (3270559965502) STATS - 37.0, 0
2018-11-12 16:06:43 (3270567143995) STATS - 37.1, 0
2018-11-12 16:06:43 (3270567330300) STATS - 37.2, 0
2018-11-12 16:06:43 (3270567556006) STATS - 37.3, 0
2018-11-12 16:06:43 (3270567679510) STATS - 37.4, 0
2018-11-12 16:06:43 (3270567743411) STATS - 37.5, 0
2018-11-12 16:06:43 (3270567818513) STATS - 37.6, 0
2018-11-12 16:06:43 (3270567873415) STATS - 37.7, 0
2018-11-12 16:06:43 (3270567932617) STATS - 37.8, 0
2018-11-12 16:06:43 (3270567980818) STATS - 37.9, 0
2018-11-12 16:06:43 (3270568044320) STATS - 38.0, 0
2018-11-12 16:06:43 (3270568092621) STATS - 38.1, 0
2018-11-12 16:06:43 (3270568140222) STATS - 38.2, 0
2018-11-12 16:06:43 (3270568190724) STATS - 38.3, 0
2018-11-12 16:06:43 (3270568241325) STATS - 38.4, 0
2018-11-12 16:06:43 (3270568289326) STATS - 38.5, 0
2018-11-12 16:06:43 (3270568337727) STATS - 38.6, 0
2018-11-12 16:06:43 (3270568385229) STATS - 38.7, 0
2018-11-12 16:06:43 (3270568920143) STATS - 38.8, 0
2018-11-12 16:06:43 (3270569296053) STATS - 38.9, 0
2018-11-12 16:06:43 (3270569355055) STATS - 39.0, 0
2018-11-12 16:06:43 (3270569406656) STATS - 39.1, 0
2018-11-12 16:06:43 (3270569459258) STATS - 39.2, 0
2018-11-12 16:06:43 (3270569511359) STATS - 39.3, 0
2018-11-12 16:06:43 (3270569575361) STATS - 39.4, 0
2018-11-12 16:06:43 (3270569650663) STATS - 39.5, 0
2018-11-12 16:06:43 (3270569702764) STATS - 39.6, 0
2018-11-12 16:06:43 (3270569754666) STATS - 39.7, 0
2018-11-12 16:06:43 (3270569806467) STATS - 39.8, 0
2018-11-12 16:06:43 (3270569861969) STATS - 39.9, 0
2018-11-12 16:06:43 (3270569913370) STATS - 40.0, 0
2018-11-12 16:06:43 (3270569965371) STATS - 40.1, 0
2018-11-12 16:06:43 (3270570016573) STATS - 40.2, 0
2018-11-12 16:06:43 (3270570080074) STATS - 40.3, 0
2018-11-12 16:06:43 (3270570147476) STATS - 40.4, 0
2018-11-12 16:06:43 (3270576805856) STATS - 40.5, 0
2018-11-12 16:06:43 (3270580651559) STATS - 40.6, 0
2018-11-12 16:06:43 (3270580724461) STATS - 40.7, 0
2018-11-12 16:06:43 (3270580777762) STATS - 40.8, 0
2018-11-12 16:06:43 (3270580827264) STATS - 40.9, 0
2018-11-12 16:06:43 (3270580873465) STATS - 41.0, 0
2018-11-12 16:06:43 (3270580932867) STATS - 41.1, 0
2018-11-12 16:06:43 (3270580982568) STATS - 41.2, 0
2018-11-12 16:06:43 (3270581051970) STATS - 41.3, 0
2018-11-12 16:06:43 (3270581106671) STATS - 41.4, 0
2018-11-12 16:06:43 (3270581149672) STATS - 41.5, 0
2018-11-12 16:06:43 (3270581192074) STATS - 41.6, 0
2018-11-12 16:06:43 (3270581267276) STATS - 41.7, 0
2018-11-12 16:06:43 (3270581335177) STATS - 41.8, 0
2018-11-12 16:06:43 (3270581394879) STATS - 41.9, 0
2018-11-12 16:06:43 (3270581441280) STATS - 42.0, 0
2018-11-12 16:06:43 (3270581488382) STATS - 42.1, 0
2018-11-12 16:06:43 (3270581536983) STATS - 42.2, 0
2018-11-12 16:06:43 (3270581622185) STATS - 42.3, 0
2018-11-12 16:06:43 (3270581680687) STATS - 42.4, 0
2018-11-12 16:06:43 (3270581732988) STATS - 42.5, 0
2018-11-12 16:06:43 (3270581774489) STATS - 42.6, 0
2018-11-12 16:06:43 (3270581815990) STATS - 42.7, 0
2018-11-12 16:06:43 (3270581877892) STATS - 42.8, 0
2018-11-12 16:06:43 (3270581959194) STATS - 42.9, 0
2018-11-12 16:06:43 (3270582006596) STATS - 43.0, 0
2018-11-12 16:06:43 (3270582078798) STATS - 43.1, 0
2018-11-12 16:06:43 (3270582163300) STATS - 43.2, 0
2018-11-12 16:06:43 (3270582211601) STATS - 43.3, 0
2018-11-12 16:06:43 (3270582257802) STATS - 43.4, 0
2018-11-12 16:06:43 (3270582302904) STATS - 43.5, 0
2018-11-12 16:06:43 (3270582461808) STATS - 43.6, 0
2018-11-12 16:06:43 (3270582522109) STATS - 43.7, 0
2018-11-12 16:06:43 (3270582564911) STATS - 43.8, 0
2018-11-12 16:06:43 (3270582606912) STATS - 43.9, 0
2018-11-12 16:06:43 (3270582645713) STATS - 44.0, 0
2018-11-12 16:06:43 (3270582686114) STATS - 44.1, 0
2018-11-12 16:06:43 (3270582728515) STATS - 44.2, 0
2018-11-12 16:06:43 (3270582769516) STATS - 44.3, 0
2018-11-12 16:06:43 (3270582809417) STATS - 44.4, 0
2018-11-12 16:06:43 (3270582848918) STATS - 44.5, 0
2018-11-12 16:06:43 (3270582887719) STATS - 44.6, 0
2018-11-12 16:06:43 (3270582947321) STATS - 44.7, 0
2018-11-12 16:06:43 (3270582990922) STATS - 44.8, 0
2018-11-12 16:06:43 (3270583030023) STATS - 44.9, 0
2018-11-12 16:06:43 (3270583067724) STATS - 45.0, 0
2018-11-12 16:06:43 (3270583106225) STATS - 45.1, 0
2018-11-12 16:06:43 (3270583144626) STATS - 45.2, 0
2018-11-12 16:06:43 (3270583183327) STATS - 45.3, 0
2018-11-12 16:06:43 (3270583222028) STATS - 45.4, 0
2018-11-12 16:06:43 (3270583277030) STATS - 45.5, 0
2018-11-12 16:06:43 (3270586623120) STATS - 45.6, 0
2018-11-12 16:06:43 (3270586682521) STATS - 45.7, 0
2018-11-12 16:06:43 (3270586725323) STATS - 45.8, 0
2018-11-12 16:06:43 (3270586784424) STATS - 45.9, 0
2018-11-12 16:06:43 (3270586851226) STATS - 46.0, 0
2018-11-12 16:06:43 (3270586897527) STATS - 46.1, 0
2018-11-12 16:06:43 (3270586941228) STATS - 46.2, 0
2018-11-12 16:06:43 (3270586984330) STATS - 46.3, 0
2018-11-12 16:06:43 (3270587027731) STATS - 46.4, 0
2018-11-12 16:06:43 (3270587070532) STATS - 46.5, 0
2018-11-12 16:06:43 (3270587112733) STATS - 46.6, 0
2018-11-12 16:06:43 (3270587154834) STATS - 46.7, 0
2018-11-12 16:06:43 (3270587219036) STATS - 46.8, 0
2018-11-12 16:06:43 (3270587302838) STATS - 46.9, 0
2018-11-12 16:06:43 (3270587385840) STATS - 47.0, 0
2018-11-12 16:06:43 (3270587429242) STATS - 47.1, 0
2018-11-12 16:06:43 (3270587471843) STATS - 47.2, 0
2018-11-12 16:06:43 (3270587548545) STATS - 47.3, 0
2018-11-12 16:06:43 (3270587598246) STATS - 47.4, 0
2018-11-12 16:06:43 (3270587682848) STATS - 47.5, 0
2018-11-12 16:06:43 (3270587728750) STATS - 47.6, 0
2018-11-12 16:06:43 (3270587775451) STATS - 47.7, 0
2018-11-12 16:06:43 (3270587818252) STATS - 47.8, 0
2018-11-12 16:06:43 (3270587861153) STATS - 47.9, 0
2018-11-12 16:06:43 (3270587901154) STATS - 48.0, 0
2018-11-12 16:06:43 (3270587948856) STATS - 48.1, 0
2018-11-12 16:06:43 (3270587992057) STATS - 48.2, 0
2018-11-12 16:06:43 (3270588054558) STATS - 48.3, 0
2018-11-12 16:06:43 (3270588099960) STATS - 48.4, 0
2018-11-12 16:06:43 (3270588181262) STATS - 48.5, 0
2018-11-12 16:06:43 (3270588229263) STATS - 48.6, 0
2018-11-12 16:06:43 (3270588305165) STATS - 48.7, 0
2018-11-12 16:06:43 (3270588354767) STATS - 48.8, 0
2018-11-12 16:06:43 (3270588398168) STATS - 48.9, 0
2018-11-12 16:06:43 (3270588439169) STATS - 49.0, 0
2018-11-12 16:06:43 (3270588481970) STATS - 49.1, 0
2018-11-12 16:06:43 (3270588539171) STATS - 49.2, 0
2018-11-12 16:06:43 (3270588595673) STATS - 49.3, 0
2018-11-12 16:06:43 (3270588663075) STATS - 49.4, 0
2018-11-12 16:06:43 (3270588803879) STATS - 49.5, 0
2018-11-12 16:06:43 (3270588914382) STATS - 49.6, 0
2018-11-12 16:06:43 (3270588974983) STATS - 49.7, 0
2018-11-12 16:06:43 (3270589022585) STATS - 49.8, 0
2018-11-12 16:06:43 (3270589068086) STATS - 49.9, 0
2018-11-12 16:06:43 (3270589110887) STATS - 50.0, 0
2018-11-12 16:06:43 (3270589166388) STATS - 50.1, 0
2018-11-12 16:06:43 (3270589212490) STATS - 50.2, 0
2018-11-12 16:06:43 (3270589257191) STATS - 50.3, 0
2018-11-12 16:06:43 (3270589322793) STATS - 50.4, 0
2018-11-12 16:06:43 (3270589371094) STATS - 50.5, 0
2018-11-12 16:06:43 (3270589414395) STATS - 50.6, 0
2018-11-12 16:06:43 (3270589458596) STATS - 50.7, 0
2018-11-12 16:06:43 (3270589504097) STATS - 50.8, 0
2018-11-12 16:06:43 (3270596508986) STATS - 50.9, 0
2018-11-12 16:06:43 (3270596672391) STATS - 51.0, 0
2018-11-12 16:06:43 (3270596789694) STATS - 51.1, 0
2018-11-12 16:06:43 (3270596897697) STATS - 51.2, 0
2018-11-12 16:06:43 (3270596944898) STATS - 51.3, 0
2018-11-12 16:06:43 (3270597005700) STATS - 51.4, 0
2018-11-12 16:06:43 (3270597046701) STATS - 51.5, 0
2018-11-12 16:06:43 (3270597102002) STATS - 51.6, 0
2018-11-12 16:06:43 (3270597145203) STATS - 51.7, 0
2018-11-12 16:06:43 (3270597184404) STATS - 51.8, 0
2018-11-12 16:06:43 (3270597223005) STATS - 51.9, 0
2018-11-12 16:06:43 (3270597259006) STATS - 52.0, 0
2018-11-12 16:06:43 (3270597297507) STATS - 52.1, 0
2018-11-12 16:06:43 (3270597335108) STATS - 52.2, 0
2018-11-12 16:06:43 (3270597382410) STATS - 52.3, 0
2018-11-12 16:06:43 (3270597418911) STATS - 52.4, 0
2018-11-12 16:06:43 (3270597454812) STATS - 52.5, 0
2018-11-12 16:06:43 (3270597490913) STATS - 52.6, 0
2018-11-12 16:06:43 (3270597529614) STATS - 52.7, 0
2018-11-12 16:06:43 (3270597566115) STATS - 52.8, 0
2018-11-12 16:06:43 (3270597602516) STATS - 52.9, 0
2018-11-12 16:06:43 (3270597636816) STATS - 53.0, 0
2018-11-12 16:06:43 (3270597674918) STATS - 53.1, 0
2018-11-12 16:06:43 (3270597713019) STATS - 53.2, 0
2018-11-12 16:06:43 (3270597749620) STATS - 53.3, 0
2018-11-12 16:06:43 (3270597786021) STATS - 53.4, 0
2018-11-12 16:06:43 (3270597822121) STATS - 53.5, 0
2018-11-12 16:06:43 (3270597858322) STATS - 53.6, 0
2018-11-12 16:06:43 (3270597905624) STATS - 53.7, 0
2018-11-12 16:06:43 (3270597943025) STATS - 53.8, 0
2018-11-12 16:06:43 (3270597980626) STATS - 53.9, 0
2018-11-12 16:06:43 (3270598030227) STATS - 54.0, 0
2018-11-12 16:06:43 (3270598069228) STATS - 54.1, 0
2018-11-12 16:06:43 (3270598108229) STATS - 54.2, 0
2018-11-12 16:06:43 (3270598147530) STATS - 54.3, 0
2018-11-12 16:06:43 (3270598186631) STATS - 54.4, 0
2018-11-12 16:06:43 (3270598225332) STATS - 54.5, 0
2018-11-12 16:06:43 (3270598264033) STATS - 54.6, 0
2018-11-12 16:06:43 (3270598302334) STATS - 54.7, 0
2018-11-12 16:06:43 (3270598352736) STATS - 54.8, 0
2018-11-12 16:06:43 (3270598400737) STATS - 54.9, 0
2018-11-12 16:06:43 (3270598436138) STATS - 55.0, 0
2018-11-12 16:06:43 (3270598472939) STATS - 55.1, 0
2018-11-12 16:06:43 (3270598509240) STATS - 55.2, 0
2018-11-12 16:06:43 (3270598545641) STATS - 55.3, 0
2018-11-12 16:06:43 (3270598582242) STATS - 55.4, 0
2018-11-12 16:06:43 (3270598618743) STATS - 55.5, 0
2018-11-12 16:06:43 (3270598655044) STATS - 55.6, 0
2018-11-12 16:06:43 (3270598691245) STATS - 55.7, 0
2018-11-12 16:06:43 (3270598727346) STATS - 55.8, 0
2018-11-12 16:06:43 (3270598763647) STATS - 55.9, 0
2018-11-12 16:06:43 (3270598797948) STATS - 56.0, 0
2018-11-12 16:06:43 (3270598834249) STATS - 56.1, 0
2018-11-12 16:06:43 (3270598870150) STATS - 56.2, 0
2018-11-12 16:06:43 (3270598906651) STATS - 56.3, 0
2018-11-12 16:06:43 (3270598987353) STATS - 56.4, 0
2018-11-12 16:06:43 (3270599046454) STATS - 56.5, 0
2018-11-12 16:06:43 (3270599095856) STATS - 56.6, 0
2018-11-12 16:06:43 (3270599135357) STATS - 56.7, 0
2018-11-12 16:06:43 (3270599174058) STATS - 56.8, 0
2018-11-12 16:06:43 (3270599212459) STATS - 56.9, 0
2018-11-12 16:06:43 (3270599249160) STATS - 57.0, 0
2018-11-12 16:06:43 (3270606242548) STATS - 57.1, 0
2018-11-12 16:06:43 (3270606335051) STATS - 57.2, 0
2018-11-12 16:06:43 (3270606380252) STATS - 57.3, 0
2018-11-12 16:06:43 (3270606415053) STATS - 57.4, 0
2018-11-12 16:06:43 (3270606447654) STATS - 57.5, 0
2018-11-12 16:06:43 (3270606478755) STATS - 57.6, 0
2018-11-12 16:06:43 (3270606509555) STATS - 57.7, 0
2018-11-12 16:06:43 (3270606540756) STATS - 57.8, 0
2018-11-12 16:06:43 (3270606571757) STATS - 57.9, 0
2018-11-12 16:06:43 (3270606606258) STATS - 58.0, 0
2018-11-12 16:06:43 (3270606640059) STATS - 58.1, 0
2018-11-12 16:06:43 (3270606670360) STATS - 58.2, 0
2018-11-12 16:06:43 (3270606700561) STATS - 58.3, 0
2018-11-12 16:06:43 (3270606730861) STATS - 58.4, 0
2018-11-12 16:06:43 (3270606761362) STATS - 58.5, 0
2018-11-12 16:06:43 (3270606825164) STATS - 58.6, 0
2018-11-12 16:06:43 (3270606858465) STATS - 58.7, 0
2018-11-12 16:06:43 (3270606888966) STATS - 58.8, 0
2018-11-12 16:06:43 (3270606920267) STATS - 58.9, 0
2018-11-12 16:06:43 (3270606949267) STATS - 59.0, 0
2018-11-12 16:06:43 (3270606979068) STATS - 59.1, 0
2018-11-12 16:06:43 (3270607008669) STATS - 59.2, 0
2018-11-12 16:06:43 (3270607038670) STATS - 59.3, 0
2018-11-12 16:06:43 (3270607068370) STATS - 59.4, 0
2018-11-12 16:06:43 (3270607101071) STATS - 59.5, 0
2018-11-12 16:06:43 (3270607133972) STATS - 59.6, 0
2018-11-12 16:06:43 (3270607164573) STATS - 59.7, 0
2018-11-12 16:06:43 (3270607194074) STATS - 59.8, 0
2018-11-12 16:06:43 (3270607223975) STATS - 59.9, 0
2018-11-12 16:06:43 (3270607257776) STATS - 60.0, 0
2018-11-12 16:06:43 (3270607291777) STATS - 60.1, 0
2018-11-12 16:06:43 (3270607322077) STATS - 60.2, 0
2018-11-12 16:06:43 (3270607386979) STATS - 60.3, 0
2018-11-12 16:06:43 (3270607425480) STATS - 60.4, 0
2018-11-12 16:06:43 (3270607470381) STATS - 60.5, 0
2018-11-12 16:06:43 (3270607502182) STATS - 60.6, 0
2018-11-12 16:06:43 (3270607536583) STATS - 60.7, 0
2018-11-12 16:06:43 (3270607606285) STATS - 60.8, 0
2018-11-12 16:06:43 (3270607641286) STATS - 60.9, 0
2018-11-12 16:06:43 (3270607673387) STATS - 61.0, 0
2018-11-12 16:06:43 (3270607729388) STATS - 61.1, 0
2018-11-12 16:06:43 (3270607768489) STATS - 61.2, 0
2018-11-12 16:06:43 (3270607802890) STATS - 61.3, 0
2018-11-12 16:06:43 (3270607836491) STATS - 61.4, 0
2018-11-12 16:06:43 (3270607881792) STATS - 61.5, 0
2018-11-12 16:06:43 (3270607917193) STATS - 61.6, 0
2018-11-12 16:06:43 (3270607949594) STATS - 61.7, 0
2018-11-12 16:06:43 (3270607982195) STATS - 61.8, 0
2018-11-12 16:06:43 (3270608140999) STATS - 61.9, 0
2018-11-12 16:06:43 (3270608198901) STATS - 62.0, 0
2018-11-12 16:06:43 (3270608233202) STATS - 62.1, 0
2018-11-12 16:06:43 (3270608285203) STATS - 62.2, 0
2018-11-12 16:06:43 (3270608335905) STATS - 62.3, 0
2018-11-12 16:06:43 (3270608406707) STATS - 62.4, 0
2018-11-12 16:06:43 (3270608446608) STATS - 62.5, 0
2018-11-12 16:06:43 (3270608492509) STATS - 62.6, 0
2018-11-12 16:06:43 (3270608525010) STATS - 62.7, 0
2018-11-12 16:06:43 (3270608557411) STATS - 62.8, 0
2018-11-12 16:06:43 (3270608590211) STATS - 62.9, 0
2018-11-12 16:06:43 (3270608623812) STATS - 63.0, 0
2018-11-12 16:06:43 (3270608655413) STATS - 63.1, 0
2018-11-12 16:06:43 (3270608686514) STATS - 63.2, 0
2018-11-12 16:06:43 (3270608738315) STATS - 63.3, 0
2018-11-12 16:06:43 (3270608768516) STATS - 63.4, 0
2018-11-12 16:06:43 (3270608798617) STATS - 63.5, 0
2018-11-12 16:06:43 (3270608840418) STATS - 63.6, 0
2018-11-12 16:06:43 (3270608872519) STATS - 63.7, 0
2018-11-12 16:06:43 (3270608905520) STATS - 63.8, 0
2018-11-12 16:06:43 (3270608937221) STATS - 63.9, 0
2018-11-12 16:06:43 (3270608966822) STATS - 64.0, 0
2018-11-12 16:06:43 (3270608998022) STATS - 64.1, 0
2018-11-12 16:06:43 (3270609029623) STATS - 64.2, 0
2018-11-12 16:06:43 (3270609063924) STATS - 64.3, 0
2018-11-12 16:06:43 (3270609095525) STATS - 64.4, 0
2018-11-12 16:06:43 (3270609126826) STATS - 64.5, 0
2018-11-12 16:06:43 (3270616299319) STATS - 64.6, 0
2018-11-12 16:06:43 (3270616394122) STATS - 64.7, 0
2018-11-12 16:06:43 (3270616449623) STATS - 64.8, 0
2018-11-12 16:06:43 (3270616485024) STATS - 64.9, 0
2018-11-12 16:06:43 (3270616516325) STATS - 65.0, 0
2018-11-12 16:06:43 (3270616548026) STATS - 65.1, 0
2018-11-12 16:06:43 (3270616579627) STATS - 65.2, 0
2018-11-12 16:06:43 (3270616615228) STATS - 65.3, 0
2018-11-12 16:06:43 (3270616647828) STATS - 65.4, 0
2018-11-12 16:06:43 (3270616719830) STATS - 65.5, 0
2018-11-12 16:06:43 (3270616752431) STATS - 65.6, 0
2018-11-12 16:06:43 (3270616783532) STATS - 65.7, 0
2018-11-12 16:06:43 (3270616815033) STATS - 65.8, 0
2018-11-12 16:06:43 (3270616846034) STATS - 65.9, 0
2018-11-12 16:06:43 (3270616913936) STATS - 66.0, 0
2018-11-12 16:06:43 (3270616971037) STATS - 66.1, 0
2018-11-12 16:06:43 (3270617001138) STATS - 66.2, 0
2018-11-12 16:06:43 (3270617030139) STATS - 66.3, 0
2018-11-12 16:06:43 (3270617063540) STATS - 66.4, 0
2018-11-12 16:06:43 (3270617093440) STATS - 66.5, 0
2018-11-12 16:06:43 (3270617122241) STATS - 66.6, 0
2018-11-12 16:06:43 (3270617153342) STATS - 66.7, 0
2018-11-12 16:06:43 (3270617193843) STATS - 66.8, 0
2018-11-12 16:06:43 (3270617223644) STATS - 66.9, 0
2018-11-12 16:06:43 (3270617251745) STATS - 67.0, 0
2018-11-12 16:06:43 (3270617281146) STATS - 67.1, 0
2018-11-12 16:06:43 (3270617310946) STATS - 67.2, 0
2018-11-12 16:06:43 (3270617342847) STATS - 67.3, 0
2018-11-12 16:06:43 (3270617372848) STATS - 67.4, 0
2018-11-12 16:06:43 (3270617402149) STATS - 67.5, 0
2018-11-12 16:06:43 (3270617431250) STATS - 67.6, 0
2018-11-12 16:06:43 (3270617460250) STATS - 67.7, 0
2018-11-12 16:06:43 (3270617489351) STATS - 67.8, 0
2018-11-12 16:06:43 (3270617517952) STATS - 67.9, 0
2018-11-12 16:06:43 (3270617556053) STATS - 68.0, 0
2018-11-12 16:06:43 (3270617585354) STATS - 68.1, 0
2018-11-12 16:06:43 (3270617613954) STATS - 68.2, 0
2018-11-12 16:06:43 (3270617642455) STATS - 68.3, 0
2018-11-12 16:06:43 (3270617683056) STATS - 68.4, 0
2018-11-12 16:06:43 (3270617712257) STATS - 68.5, 0
2018-11-12 16:06:43 (3270617741558) STATS - 68.6, 0
2018-11-12 16:06:43 (3270617772959) STATS - 68.7, 0
2018-11-12 16:06:43 (3270617802660) STATS - 68.8, 0
2018-11-12 16:06:43 (3270617831360) STATS - 68.9, 0
2018-11-12 16:06:43 (3270617858861) STATS - 69.0, 0
2018-11-12 16:06:43 (3270617888062) STATS - 69.1, 0
2018-11-12 16:06:43 (3270617922963) STATS - 69.2, 0
2018-11-12 16:06:43 (3270617954664) STATS - 69.3, 0
2018-11-12 16:06:43 (3270617983364) STATS - 69.4, 0
2018-11-12 16:06:43 (3270618024566) STATS - 69.5, 0
2018-11-12 16:06:43 (3270618542780) STATS - 69.6, 0
2018-11-12 16:06:43 (3270618639682) STATS - 69.7, 0
2018-11-12 16:06:43 (3270618676583) STATS - 69.8, 0
2018-11-12 16:06:43 (3270618708884) STATS - 69.9, 0
2018-11-12 16:06:43 (3270618739085) STATS - 70.0, 0
2018-11-12 16:06:43 (3270618773586) STATS - 70.1, 0
2018-11-12 16:06:43 (3270618817087) STATS - 70.2, 0
2018-11-12 16:06:43 (3270618846788) STATS - 70.3, 0
2018-11-12 16:06:43 (3270618886889) STATS - 70.4, 0
2018-11-12 16:06:43 (3270618915590) STATS - 70.5, 0
2018-11-12 16:06:43 (3270618944090) STATS - 70.6, 0
2018-11-12 16:06:43 (3270618972191) STATS - 70.7, 0
2018-11-12 16:06:43 (3270619000792) STATS - 70.8, 0
2018-11-12 16:06:43 (3270619040693) STATS - 70.9, 0
2018-11-12 16:06:43 (3270619075094) STATS - 71.0, 0
2018-11-12 16:06:43 (3270619106695) STATS - 71.1, 0
2018-11-12 16:06:43 (3270619136796) STATS - 71.2, 0
2018-11-12 16:06:43 (3270619167196) STATS - 71.3, 0
2018-11-12 16:06:43 (3270619566407) STATS - 71.4, 0
2018-11-12 16:06:43 (3270619600008) STATS - 71.5, 0
2018-11-12 16:06:43 (3270626097983) STATS - 71.6, 0
2018-11-12 16:06:43 (3270626151784) STATS - 71.7, 0
2018-11-12 16:06:43 (3270626184085) STATS - 71.8, 0
2018-11-12 16:06:43 (3270626213686) STATS - 71.9, 0
2018-11-12 16:06:43 (3270626241187) STATS - 72.0, 0
2018-11-12 16:06:43 (3270626275688) STATS - 72.1, 0
2018-11-12 16:06:43 (3270626304489) STATS - 72.2, 0
2018-11-12 16:06:43 (3270626332289) STATS - 72.3, 0
2018-11-12 16:06:43 (3270626359190) STATS - 72.4, 0
2018-11-12 16:06:43 (3270626387491) STATS - 72.5, 0
2018-11-12 16:06:43 (3270626414691) STATS - 72.6, 0
2018-11-12 16:06:43 (3270626441592) STATS - 72.7, 0
2018-11-12 16:06:43 (3270626468593) STATS - 72.8, 0
2018-11-12 16:06:43 (3270626495194) STATS - 72.9, 0
2018-11-12 16:06:43 (3270626521094) STATS - 73.0, 0
2018-11-12 16:06:43 (3270626547695) STATS - 73.1, 0
2018-11-12 16:06:43 (3270626574096) STATS - 73.2, 0
2018-11-12 16:06:43 (3270626601097) STATS - 73.3, 0
2018-11-12 16:06:43 (3270626627797) STATS - 73.4, 0
2018-11-12 16:06:43 (3270626654398) STATS - 73.5, 0
2018-11-12 16:06:43 (3270626681299) STATS - 73.6, 0
2018-11-12 16:06:43 (3270626707799) STATS - 73.7, 0
2018-11-12 16:06:43 (3270626747100) STATS - 73.8, 0
2018-11-12 16:06:43 (3270626774701) STATS - 73.9, 0
2018-11-12 16:06:43 (3270626801402) STATS - 74.0, 0
2018-11-12 16:06:43 (3270626829303) STATS - 74.1, 0
2018-11-12 16:06:43 (3270626856503) STATS - 74.2, 0
2018-11-12 16:06:43 (3270626930105) STATS - 74.3, 0
2018-11-12 16:06:43 (3270626967806) STATS - 74.4, 0
2018-11-12 16:06:43 (3270626996907) STATS - 74.5, 0
2018-11-12 16:06:43 (3270627025208) STATS - 74.6, 0
2018-11-12 16:06:43 (3270627053209) STATS - 74.7, 0
2018-11-12 16:06:43 (3270627081609) STATS - 74.8, 0
2018-11-12 16:06:43 (3270627118410) STATS - 74.9, 0
2018-11-12 16:06:43 (3270627186012) STATS - 75.0, 0
2018-11-12 16:06:43 (3270627286315) STATS - 75.1, 0
2018-11-12 16:06:43 (3270627376017) STATS - 75.2, 0
2018-11-12 16:06:43 (3270627439819) STATS - 75.3, 0
2018-11-12 16:06:43 (3270627484020) STATS - 75.4, 0
2018-11-12 16:06:43 (3270627516121) STATS - 75.5, 0
2018-11-12 16:06:43 (3270627547622) STATS - 75.6, 0
2018-11-12 16:06:43 (3270627578023) STATS - 75.7, 0
2018-11-12 16:06:43 (3270627620724) STATS - 75.8, 0
2018-11-12 16:06:43 (3270627656425) STATS - 75.9, 0
2018-11-12 16:06:43 (3270627686026) STATS - 76.0, 0
2018-11-12 16:06:43 (3270627715827) STATS - 76.1, 0
2018-11-12 16:06:43 (3270627745227) STATS - 76.2, 0
2018-11-12 16:06:43 (3270627774828) STATS - 76.3, 0
2018-11-12 16:06:43 (3270627804129) STATS - 76.4, 0
2018-11-12 16:06:43 (3270627833630) STATS - 76.5, 0
2018-11-12 16:06:43 (3270627863431) STATS - 76.6, 0
2018-11-12 16:06:43 (3270627892831) STATS - 76.7, 0
2018-11-12 16:06:43 (3270627922232) STATS - 76.8, 0
2018-11-12 16:06:43 (3270627951733) STATS - 76.9, 0
2018-11-12 16:06:43 (3270627979534) STATS - 77.0, 0
2018-11-12 16:06:43 (3270628022835) STATS - 77.1, 0
2018-11-12 16:06:43 (3270628067136) STATS - 77.2, 0
2018-11-12 16:06:43 (3270628097637) STATS - 77.3, 0
2018-11-12 16:06:43 (3270628127838) STATS - 77.4, 0
2018-11-12 16:06:43 (3270628157438) STATS - 77.5, 0
2018-11-12 16:06:43 (3270628186839) STATS - 77.6, 0
2018-11-12 16:06:43 (3270628216440) STATS - 77.7, 0
2018-11-12 16:06:43 (3270628246141) STATS - 77.8, 0
2018-11-12 16:06:43 (3270628275842) STATS - 77.9, 0
2018-11-12 16:06:43 (3270628303942) STATS - 78.0, 0
2018-11-12 16:06:43 (3270628348644) STATS - 78.1, 0
2018-11-12 16:06:43 (3270628378744) STATS - 78.2, 0
2018-11-12 16:06:43 (3270628409745) STATS - 78.3, 0
2018-11-12 16:06:43 (3270628440046) STATS - 78.4, 0
2018-11-12 16:06:43 (3270628482547) STATS - 78.5, 0
2018-11-12 16:06:43 (3270628513248) STATS - 78.6, 0
2018-11-12 16:06:43 (3270628543149) STATS - 78.7, 0
2018-11-12 16:06:43 (3270628574350) STATS - 78.8, 0
2018-11-12 16:06:43 (3270628606151) STATS - 78.9, 0
2018-11-12 16:06:43 (3270628635051) STATS - 79.0, 0
2018-11-12 16:06:43 (3270628665052) STATS - 79.1, 0
2018-11-12 16:06:43 (3270628694553) STATS - 79.2, 0
2018-11-12 16:06:43 (3270628725354) STATS - 79.3, 0
2018-11-12 16:06:43 (3270628755455) STATS - 79.4, 0
2018-11-12 16:06:43 (3270628785155) STATS - 79.5, 0
2018-11-12 16:06:43 (3270628815356) STATS - 79.6, 0
2018-11-12 16:06:43 (3270628845057) STATS - 79.7, 0
2018-11-12 16:06:43 (3270628874758) STATS - 79.8, 0
2018-11-12 16:06:43 (3270628904359) STATS - 79.9, 0
2018-11-12 16:06:43 (3270635998950) STATS - 80.0, 0
2018-11-12 16:06:43 (3270636097852) STATS - 80.1, 0
2018-11-12 16:06:43 (3270636150954) STATS - 80.2, 0
2018-11-12 16:06:43 (3270636182655) STATS - 80.3, 0
2018-11-12 16:06:43 (3270636210955) STATS - 80.4, 0
2018-11-12 16:06:43 (3270636239056) STATS - 80.5, 0
2018-11-12 16:06:43 (3270636265857) STATS - 80.6, 0
2018-11-12 16:06:43 (3270636291957) STATS - 80.7, 0
2018-11-12 16:06:43 (3270636340759) STATS - 80.8, 0
2018-11-12 16:06:43 (3270636377160) STATS - 80.9, 0
2018-11-12 16:06:43 (3270636413861) STATS - 81.0, 0
2018-11-12 16:06:43 (3270636441962) STATS - 81.1, 0
2018-11-12 16:06:43 (3270636467062) STATS - 81.2, 0
2018-11-12 16:06:43 (3270636503463) STATS - 81.3, 0
2018-11-12 16:06:43 (3270636543164) STATS - 81.4, 0
2018-11-12 16:06:43 (3270636569265) STATS - 81.5, 0
2018-11-12 16:06:43 (3270636595166) STATS - 81.6, 0
2018-11-12 16:06:43 (3270636620566) STATS - 81.7, 0
2018-11-12 16:06:43 (3270636646067) STATS - 81.8, 0
2018-11-12 16:06:43 (3270636671268) STATS - 81.9, 0
2018-11-12 16:06:43 (3270636706869) STATS - 82.0, 0
2018-11-12 16:06:43 (3270636735069) STATS - 82.1, 0
2018-11-12 16:06:43 (3270636760470) STATS - 82.2, 0
2018-11-12 16:06:43 (3270636785171) STATS - 82.3, 0
2018-11-12 16:06:43 (3270636809571) STATS - 82.4, 0
2018-11-12 16:06:43 (3270636846272) STATS - 82.5, 0
2018-11-12 16:06:43 (3270636870673) STATS - 82.6, 0
2018-11-12 16:06:43 (3270636895074) STATS - 82.7, 0
2018-11-12 16:06:43 (3270636966276) STATS - 82.8, 0
2018-11-12 16:06:43 (3270637014177) STATS - 82.9, 0
2018-11-12 16:06:43 (3270637048178) STATS - 83.0, 0
2018-11-12 16:06:43 (3270637075279) STATS - 83.1, 0
2018-11-12 16:06:43 (3270637100579) STATS - 83.2, 0
2018-11-12 16:06:43 (3270637136080) STATS - 83.3, 0
2018-11-12 16:06:43 (3270637172581) STATS - 83.4, 0
2018-11-12 16:06:43 (3270637200782) STATS - 83.5, 0
2018-11-12 16:06:43 (3270637225383) STATS - 83.6, 0
2018-11-12 16:06:43 (3270637263084) STATS - 83.7, 0
2018-11-12 16:06:43 (3270637305485) STATS - 83.8, 0
2018-11-12 16:06:43 (3270637352486) STATS - 83.9, 0
2018-11-12 16:06:43 (3270637379987) STATS - 84.0, 0
2018-11-12 16:06:43 (3270637404587) STATS - 84.1, 0
2018-11-12 16:06:43 (3270637430888) STATS - 84.2, 0
2018-11-12 16:06:43 (3270637455689) STATS - 84.3, 0
2018-11-12 16:06:43 (3270637479189) STATS - 84.4, 0
2018-11-12 16:06:43 (3270637502590) STATS - 84.5, 0
2018-11-12 16:06:43 (3270637526191) STATS - 84.6, 0
2018-11-12 16:06:43 (3270637549191) STATS - 84.7, 0
2018-11-12 16:06:43 (3270637572492) STATS - 84.8, 0
2018-11-12 16:06:43 (3270637606393) STATS - 84.9, 0
2018-11-12 16:06:43 (3270637629794) STATS - 85.0, 1
2018-11-12 16:06:43 (3270637652594) STATS - 85.1, 0
2018-11-12 16:06:43 (3270637678295) STATS - 85.2, 0
2018-11-12 16:06:43 (3270637701595) STATS - 85.3, 0
2018-11-12 16:06:43 (3270637724096) STATS - 85.4, 0
2018-11-12 16:06:43 (3270637746297) STATS - 85.5, 0
2018-11-12 16:06:43 (3270637781098) STATS - 85.6, 0
2018-11-12 16:06:43 (3270637803898) STATS - 85.7, 0
2018-11-12 16:06:43 (3270637838899) STATS - 85.8, 0
2018-11-12 16:06:43 (3270637862800) STATS - 85.9, 0
2018-11-12 16:06:43 (3270637886700) STATS - 86.0, 0
2018-11-12 16:06:43 (3270637910501) STATS - 86.1, 0
2018-11-12 16:06:43 (3270637940602) STATS - 86.2, 0
2018-11-12 16:06:43 (3270637965003) STATS - 86.3, 0
2018-11-12 16:06:43 (3270637988503) STATS - 86.4, 0
2018-11-12 16:06:43 (3270638012104) STATS - 86.5, 0
2018-11-12 16:06:43 (3270638038005) STATS - 86.6, 0
2018-11-12 16:06:43 (3270638061605) STATS - 86.7, 0
2018-11-12 16:06:43 (3270638097606) STATS - 86.8, 0
2018-11-12 16:06:43 (3270638120907) STATS - 86.9, 0
2018-11-12 16:06:43 (3270638143807) STATS - 87.0, 0
2018-11-12 16:06:43 (3270638166708) STATS - 87.1, 0
2018-11-12 16:06:43 (3270638191909) STATS - 87.2, 0
2018-11-12 16:06:43 (3270638215409) STATS - 87.3, 0
2018-11-12 16:06:43 (3270638598220) STATS - 87.4, 0
2018-11-12 16:06:43 (3270638628720) STATS - 87.5, 0
2018-11-12 16:06:43 (3270638656221) STATS - 87.6, 0
2018-11-12 16:06:43 (3270638682822) STATS - 87.7, 0
2018-11-12 16:06:43 (3270638709323) STATS - 87.8, 0
2018-11-12 16:06:43 (3270638758824) STATS - 87.9, 0
2018-11-12 16:06:43 (3270638797525) STATS - 88.0, 0
2018-11-12 16:06:43 (3270638825926) STATS - 88.1, 0
2018-11-12 16:06:43 (3270638851026) STATS - 88.2, 0
2018-11-12 16:06:43 (3270638888227) STATS - 88.3, 0
2018-11-12 16:06:43 (3270638912328) STATS - 88.4, 0
2018-11-12 16:06:43 (3270638936329) STATS - 88.5, 0
2018-11-12 16:06:43 (3270638963429) STATS - 88.6, 0
2018-11-12 16:06:43 (3270638999930) STATS - 88.7, 0
2018-11-12 16:06:43 (3270639025231) STATS - 88.8, 0
2018-11-12 16:06:43 (3270645660610) STATS - 88.9, 0
2018-11-12 16:06:43 (3270645798814) STATS - 89.0, 0
2018-11-12 16:06:43 (3270645845315) STATS - 89.1, 0
2018-11-12 16:06:43 (3270645874016) STATS - 89.2, 0
2018-11-12 16:06:43 (3270645899316) STATS - 89.3, 0
2018-11-12 16:06:43 (3270645922317) STATS - 89.4, 0
2018-11-12 16:06:43 (3270645945117) STATS - 89.5, 0
2018-11-12 16:06:43 (3270645969218) STATS - 89.6, 0
2018-11-12 16:06:43 (3270645992119) STATS - 89.7, 0
2018-11-12 16:06:43 (3270646014719) STATS - 89.8, 0
2018-11-12 16:06:43 (3270646036920) STATS - 89.9, 0
2018-11-12 16:06:43 (3270646062921) STATS - 90.0, 0
2018-11-12 16:06:43 (3270646111822) STATS - 90.1, 0
2018-11-12 16:06:43 (3270646138523) STATS - 90.2, 0
2018-11-12 16:06:43 (3270646161323) STATS - 90.3, 0
2018-11-12 16:06:43 (3270646183424) STATS - 90.4, 0
2018-11-12 16:06:43 (3270646205424) STATS - 90.5, 0
2018-11-12 16:06:43 (3270646227625) STATS - 90.6, 0
2018-11-12 16:06:43 (3270646249226) STATS - 90.7, 0
2018-11-12 16:06:43 (3270646271226) STATS - 90.8, 0
2018-11-12 16:06:43 (3270646293427) STATS - 90.9, 0
2018-11-12 16:06:43 (3270646315627) STATS - 91.0, 0
2018-11-12 16:06:43 (3270646337628) STATS - 91.1, 0
2018-11-12 16:06:43 (3270646359629) STATS - 91.2, 0
2018-11-12 16:06:43 (3270646381729) STATS - 91.3, 0
2018-11-12 16:06:43 (3270646403930) STATS - 91.4, 0
2018-11-12 16:06:43 (3270646426630) STATS - 91.5, 0
2018-11-12 16:06:43 (3270646451031) STATS - 91.6, 0
2018-11-12 16:06:43 (3270646473132) STATS - 91.7, 0
2018-11-12 16:06:43 (3270646495132) STATS - 91.8, 0
2018-11-12 16:06:43 (3270646553734) STATS - 91.9, 0
2018-11-12 16:06:43 (3270646729939) STATS - 92.0, 0
2018-11-12 16:06:43 (3270646755739) STATS - 92.1, 0
2018-11-12 16:06:43 (3270646778740) STATS - 92.2, 0
2018-11-12 16:06:43 (3270649476913) STATS - 92.3, 0
2018-11-12 16:06:43 (3270649607316) STATS - 92.4, 0
2018-11-12 16:06:43 (3270649645117) STATS - 92.5, 0
2018-11-12 16:06:43 (3270649746320) STATS - 92.6, 0
2018-11-12 16:06:43 (3270649876623) STATS - 92.7, 0
2018-11-12 16:06:43 (3270649937025) STATS - 92.8, 0
2018-11-12 16:06:43 (3270649970826) STATS - 92.9, 0
2018-11-12 16:06:43 (3270649998327) STATS - 93.0, 0
2018-11-12 16:06:43 (3270650023727) STATS - 93.1, 0
2018-11-12 16:06:43 (3270650048928) STATS - 93.2, 0
2018-11-12 16:06:43 (3270650074129) STATS - 93.3, 0
2018-11-12 16:06:43 (3270650098629) STATS - 93.4, 0
2018-11-12 16:06:43 (3270650144731) STATS - 93.5, 0
2018-11-12 16:06:43 (3270650188932) STATS - 93.6, 0
2018-11-12 16:06:43 (3270650215732) STATS - 93.7, 0
2018-11-12 16:06:43 (3270650240633) STATS - 93.8, 0
2018-11-12 16:06:43 (3270650265434) STATS - 93.9, 0
2018-11-12 16:06:43 (3270650290134) STATS - 94.0, 0
2018-11-12 16:06:43 (3270650316635) STATS - 94.1, 0
2018-11-12 16:06:43 (3270650344636) STATS - 94.2, 0
2018-11-12 16:06:43 (3270650368937) STATS - 94.3, 0
2018-11-12 16:06:43 (3270650392937) STATS - 94.4, 0
2018-11-12 16:06:43 (3270650416838) STATS - 94.5, 0
2018-11-12 16:06:43 (3270650440939) STATS - 94.6, 0
2018-11-12 16:06:43 (3270650464839) STATS - 94.7, 0
2018-11-12 16:06:43 (3270650488840) STATS - 94.8, 0
2018-11-12 16:06:43 (3270650513240) STATS - 94.9, 0
2018-11-12 16:06:43 (3270650537141) STATS - 95.0, 0
2018-11-12 16:06:43 (3270650561542) STATS - 95.1, 0
2018-11-12 16:06:43 (3270650585842) STATS - 95.2, 0
2018-11-12 16:06:43 (3270650610243) STATS - 95.3, 0
2018-11-12 16:06:43 (3270650634644) STATS - 95.4, 0
2018-11-12 16:06:43 (3270650658544) STATS - 95.5, 0
2018-11-12 16:06:43 (3270650682745) STATS - 95.6, 0
2018-11-12 16:06:43 (3270650707046) STATS - 95.7, 0
2018-11-12 16:06:43 (3270650731646) STATS - 95.8, 0
2018-11-12 16:06:43 (3270650756047) STATS - 95.9, 0
2018-11-12 16:06:43 (3270650780048) STATS - 96.0, 0
2018-11-12 16:06:43 (3270650804848) STATS - 96.1, 0
2018-11-12 16:06:43 (3270650829249) STATS - 96.2, 0
2018-11-12 16:06:43 (3270650853350) STATS - 96.3, 0
2018-11-12 16:06:43 (3270650878750) STATS - 96.4, 0
2018-11-12 16:06:43 (3270650902751) STATS - 96.5, 0
2018-11-12 16:06:43 (3270650926552) STATS - 96.6, 0
2018-11-12 16:06:43 (3270650950652) STATS - 96.7, 0
2018-11-12 16:06:43 (3270650974453) STATS - 96.8, 0
2018-11-12 16:06:43 (3270650999054) STATS - 96.9, 0
2018-11-12 16:06:43 (3270651022954) STATS - 97.0, 0
2018-11-12 16:06:43 (3270651057855) STATS - 97.1, 0
2018-11-12 16:06:43 (3270651084056) STATS - 97.2, 0
2018-11-12 16:06:43 (3270655642779) STATS - 97.3, 0
2018-11-12 16:06:43 (3270655734681) STATS - 97.4, 0
2018-11-12 16:06:43 (3270655815883) STATS - 97.5, 0
2018-11-12 16:06:43 (3270655863985) STATS - 97.6, 0
2018-11-12 16:06:43 (3270656129392) STATS - 97.7, 0
2018-11-12 16:06:43 (3270656171693) STATS - 97.8, 0
2018-11-12 16:06:43 (3270656194793) STATS - 97.9, 0
2018-11-12 16:06:43 (3270656216494) STATS - 98.0, 0
2018-11-12 16:06:43 (3270656237895) STATS - 98.1, 0
2018-11-12 16:06:43 (3270656258295) STATS - 98.2, 0
2018-11-12 16:06:43 (3270656278396) STATS - 98.3, 0
2018-11-12 16:06:43 (3270656309197) STATS - 98.4, 0
2018-11-12 16:06:43 (3270656328797) STATS - 98.5, 0
2018-11-12 16:06:43 (3270656347898) STATS - 98.6, 0
2018-11-12 16:06:43 (3270656367098) STATS - 98.7, 0
2018-11-12 16:06:43 (3270656386299) STATS - 98.8, 0
2018-11-12 16:06:43 (3270656405399) STATS - 98.9, 0
2018-11-12 16:06:43 (3270656424800) STATS - 99.0, 0
2018-11-12 16:06:43 (3270656444000) STATS - 99.1, 0
2018-11-12 16:06:43 (3270656463301) STATS - 99.2, 0
2018-11-12 16:06:43 (3270656482701) STATS - 99.3, 0
2018-11-12 16:06:43 (3270656506902) STATS - 99.4, 0
2018-11-12 16:06:43 (3270656526402) STATS - 99.5, 0
2018-11-12 16:06:43 (3270656546403) STATS - 99.6, 0
2018-11-12 16:06:43 (3270656577304) STATS - 99.7, 0
2018-11-12 16:06:43 (3270656598304) STATS - 99.8, 0
2018-11-12 16:06:43 (3270656618605) STATS - 99.9, 0
2018-11-12 16:06:43 (3270656639305) STATS - 100.0, 0
2018-11-12 16:06:43 (3270656670106) STATS - 100.1, 0
2018-11-12 16:06:43 (3270656693407) STATS - 100.2, 0
2018-11-12 16:06:43 (3270656714107) STATS - 100.3, 0
2018-11-12 16:06:43 (3270656734308) STATS - 100.4, 0
2018-11-12 16:06:43 (3270656754409) STATS - 100.5, 0
2018-11-12 16:06:43 (3270656777409) STATS - 100.6, 0
2018-11-12 16:06:43 (3270656809810) STATS - 100.7, 0
2018-11-12 16:06:43 (3270656852111) STATS - 100.8, 0
2018-11-12 16:06:43 (3270656876312) STATS - 100.9, 0
2018-11-12 16:06:43 (3270656897312) STATS - 101.0, 0
2018-11-12 16:06:43 (3270656929913) STATS - 101.1, 0
2018-11-12 16:06:43 (3270656950614) STATS - 101.2, 0
2018-11-12 16:06:43 (3270656971614) STATS - 101.3, 0
2018-11-12 16:06:43 (3270656992315) STATS - 101.4, 0
2018-11-12 16:06:43 (3270657013016) STATS - 101.5, 0
2018-11-12 16:06:43 (3270657048916) STATS - 101.6, 0
2018-11-12 16:06:43 (3270657070017) STATS - 101.7, 0
2018-11-12 16:06:43 (3270657091118) STATS - 101.8, 0
2018-11-12 16:06:43 (3270657112518) STATS - 101.9, 0
2018-11-12 16:06:43 (3270657135519) STATS - 102.0, 0
2018-11-12 16:06:43 (3270657157919) STATS - 102.1, 0
2018-11-12 16:06:43 (3270657179120) STATS - 102.2, 0
2018-11-12 16:06:43 (3270657200521) STATS - 102.3, 0
2018-11-12 16:06:43 (3270657221921) STATS - 102.4, 0
2018-11-12 16:06:43 (3270657259922) STATS - 102.5, 0
2018-11-12 16:06:43 (3270657283623) STATS - 102.6, 0
2018-11-12 16:06:43 (3270657304623) STATS - 102.7, 0
2018-11-12 16:06:43 (3270657326224) STATS - 102.8, 0
2018-11-12 16:06:43 (3270657347325) STATS - 102.9, 0
2018-11-12 16:06:43 (3270657368425) STATS - 103.0, 0
2018-11-12 16:06:43 (3270657389926) STATS - 103.1, 0
2018-11-12 16:06:43 (3270657411126) STATS - 103.2, 0
2018-11-12 16:06:43 (3270657435027) STATS - 103.3, 0
2018-11-12 16:06:43 (3270657457327) STATS - 103.4, 0
2018-11-12 16:06:43 (3270657483328) STATS - 103.5, 0
2018-11-12 16:06:43 (3270657505029) STATS - 103.6, 0
2018-11-12 16:06:43 (3270657526429) STATS - 103.7, 0
2018-11-12 16:06:43 (3270657548030) STATS - 103.8, 0
2018-11-12 16:06:43 (3270657576531) STATS - 103.9, 0
2018-11-12 16:06:43 (3270657597631) STATS - 104.0, 0
2018-11-12 16:06:43 (3270657618732) STATS - 104.1, 0
2018-11-12 16:06:43 (3270657639832) STATS - 104.2, 0
2018-11-12 16:06:43 (3270657663733) STATS - 104.3, 0
2018-11-12 16:06:43 (3270657684734) STATS - 104.4, 0
2018-11-12 16:06:43 (3270657705634) STATS - 104.5, 0
2018-11-12 16:06:43 (3270657729035) STATS - 104.6, 0
2018-11-12 16:06:43 (3270657750735) STATS - 104.7, 0
2018-11-12 16:06:43 (3270657771636) STATS - 104.8, 0
2018-11-12 16:06:43 (3270657792737) STATS - 104.9, 0
2018-11-12 16:06:43 (3270657813737) STATS - 105.0, 0
2018-11-12 16:06:43 (3270658469555) STATS - 105.1, 0
2018-11-12 16:06:43 (3270658540957) STATS - 105.2, 0
2018-11-12 16:06:43 (3270658568857) STATS - 105.3, 0
2018-11-12 16:06:43 (3270658592258) STATS - 105.4, 0
2018-11-12 16:06:43 (3270658614259) STATS - 105.5, 0
2018-11-12 16:06:43 (3270659033870) STATS - 105.6, 0
2018-11-12 16:06:43 (3270659105272) STATS - 105.7, 0
2018-11-12 16:06:43 (3270659136573) STATS - 105.8, 0
2018-11-12 16:06:43 (3270659160173) STATS - 105.9, 0
2018-11-12 16:06:43 (3270659182874) STATS - 106.0, 0
2018-11-12 16:06:43 (3270659205475) STATS - 106.1, 0
2018-11-12 16:06:43 (3270659227375) STATS - 106.2, 0
2018-11-12 16:06:43 (3270659249476) STATS - 106.3, 0
2018-11-12 16:06:43 (3270659277577) STATS - 106.4, 0
2018-11-12 16:06:43 (3270659299077) STATS - 106.5, 0
2018-11-12 16:06:43 (3270659321278) STATS - 106.6, 0
2018-11-12 16:06:43 (3270659346278) STATS - 106.7, 0
2018-11-12 16:06:43 (3270659368079) STATS - 106.8, 0
2018-11-12 16:06:43 (3270659391280) STATS - 106.9, 0
2018-11-12 16:06:43 (3270659413080) STATS - 107.0, 0
2018-11-12 16:06:43 (3270659438081) STATS - 107.1, 0
2018-11-12 16:06:43 (3270659459481) STATS - 107.2, 0
2018-11-12 16:06:43 (3270659480782) STATS - 107.3, 0
2018-11-12 16:06:43 (3270659502183) STATS - 107.4, 0
2018-11-12 16:06:43 (3270659522983) STATS - 107.5, 0
2018-11-12 16:06:43 (3270659544384) STATS - 107.6, 0
2018-11-12 16:06:43 (3270659565584) STATS - 107.7, 0
2018-11-12 16:06:43 (3270659586885) STATS - 107.8, 0
2018-11-12 16:06:43 (3270665422642) STATS - 107.9, 0
2018-11-12 16:06:43 (3270665482844) STATS - 108.0, 0
2018-11-12 16:06:43 (3270665510144) STATS - 108.1, 0
2018-11-12 16:06:43 (3270665532045) STATS - 108.2, 0
2018-11-12 16:06:43 (3270665553046) STATS - 108.3, 0
2018-11-12 16:06:43 (3270665573146) STATS - 108.4, 0
2018-11-12 16:06:43 (3270665601647) STATS - 108.5, 0
2018-11-12 16:06:43 (3270665620247) STATS - 108.6, 0
2018-11-12 16:06:43 (3270665641748) STATS - 108.7, 0
2018-11-12 16:06:43 (3270665661348) STATS - 108.8, 0
2018-11-12 16:06:43 (3270665679349) STATS - 108.9, 0
2018-11-12 16:06:43 (3270665697949) STATS - 109.0, 0
2018-11-12 16:06:43 (3270665718250) STATS - 109.1, 0
2018-11-12 16:06:43 (3270665736750) STATS - 109.2, 0
2018-11-12 16:06:43 (3270665754951) STATS - 109.3, 0
2018-11-12 16:06:43 (3270665772651) STATS - 109.4, 0
2018-11-12 16:06:43 (3270665790952) STATS - 109.5, 0
2018-11-12 16:06:43 (3270665811152) STATS - 109.6, 0
2018-11-12 16:06:43 (3270665829853) STATS - 109.7, 0
2018-11-12 16:06:43 (3270665849954) STATS - 109.8, 0
2018-11-12 16:06:43 (3270665868354) STATS - 109.9, 0
2018-11-12 16:06:43 (3270665893455) STATS - 110.0, 0
2018-11-12 16:06:43 (3270665912855) STATS - 110.1, 0
2018-11-12 16:06:43 (3270665930756) STATS - 110.2, 0
2018-11-12 16:06:43 (3270665951656) STATS - 110.3, 0
2018-11-12 16:06:43 (3270665970057) STATS - 110.4, 0
2018-11-12 16:06:43 (3270665988457) STATS - 110.5, 0
2018-11-12 16:06:43 (3270666070459) STATS - 110.6, 0
2018-11-12 16:06:43 (3270666096460) STATS - 110.7, 0
2018-11-12 16:06:43 (3270666124661) STATS - 110.8, 0
2018-11-12 16:06:43 (3270666143461) STATS - 110.9, 0
2018-11-12 16:06:43 (3270666162062) STATS - 111.0, 0
2018-11-12 16:06:43 (3270666180262) STATS - 111.1, 0
2018-11-12 16:06:43 (3270666198663) STATS - 111.2, 0
2018-11-12 16:06:43 (3270666216963) STATS - 111.3, 0
2018-11-12 16:06:43 (3270666235264) STATS - 111.4, 0
2018-11-12 16:06:43 (3270666253364) STATS - 111.5, 0
2018-11-12 16:06:43 (3270666271565) STATS - 111.6, 0
2018-11-12 16:06:43 (3270666289765) STATS - 111.7, 0
2018-11-12 16:06:43 (3270666308266) STATS - 111.8, 0
2018-11-12 16:06:43 (3270666326266) STATS - 111.9, 0
2018-11-12 16:06:43 (3270666344467) STATS - 112.0, 0
2018-11-12 16:06:43 (3270666363267) STATS - 112.1, 0
2018-11-12 16:06:43 (3270666381568) STATS - 112.2, 0
2018-11-12 16:06:43 (3270666400068) STATS - 112.3, 0
2018-11-12 16:06:43 (3270666418769) STATS - 112.4, 0
2018-11-12 16:06:43 (3270666437169) STATS - 112.5, 0
2018-11-12 16:06:43 (3270666455570) STATS - 112.6, 0
2018-11-12 16:06:43 (3270666474070) STATS - 112.7, 0
2018-11-12 16:06:43 (3270666495071) STATS - 112.8, 0
2018-11-12 16:06:43 (3270666513671) STATS - 112.9, 0
2018-11-12 16:06:43 (3270666531472) STATS - 113.0, 0
2018-11-12 16:06:43 (3270666549972) STATS - 113.1, 0
2018-11-12 16:06:43 (3270666567873) STATS - 113.2, 0
2018-11-12 16:06:43 (3270666585973) STATS - 113.3, 0
2018-11-12 16:06:43 (3270666603774) STATS - 113.4, 0
2018-11-12 16:06:43 (3270666624174) STATS - 113.5, 0
2018-11-12 16:06:43 (3270669102941) STATS - 113.6, 0
2018-11-12 16:06:43 (3270669182943) STATS - 113.7, 0
2018-11-12 16:06:43 (3270669212444) STATS - 113.8, 0
2018-11-12 16:06:43 (3270669233145) STATS - 113.9, 0
2018-11-12 16:06:43 (3270669253945) STATS - 114.0, 0
2018-11-12 16:06:43 (3270669281546) STATS - 114.1, 0
2018-11-12 16:06:43 (3270669304247) STATS - 114.2, 0
2018-11-12 16:06:43 (3270669323747) STATS - 114.3, 0
2018-11-12 16:06:43 (3270669342548) STATS - 114.4, 0
2018-11-12 16:06:43 (3270669361748) STATS - 114.5, 0
2018-11-12 16:06:43 (3270669380949) STATS - 114.6, 0
2018-11-12 16:06:43 (3270669400449) STATS - 114.7, 0
2018-11-12 16:06:43 (3270669431850) STATS - 114.8, 0
2018-11-12 16:06:43 (3270669453251) STATS - 114.9, 0
2018-11-12 16:06:43 (3270669500152) STATS - 115.0, 0
2018-11-12 16:06:43 (3270669523652) STATS - 115.1, 0
2018-11-12 16:06:43 (3270669544953) STATS - 115.2, 0
2018-11-12 16:06:43 (3270669599454) STATS - 115.3, 0
2018-11-12 16:06:43 (3270669621155) STATS - 115.4, 0
2018-11-12 16:06:43 (3270669638456) STATS - 115.5, 0
2018-11-12 16:06:43 (3270669655456) STATS - 115.6, 0
2018-11-12 16:06:43 (3270669672156) STATS - 115.7, 0
2018-11-12 16:06:43 (3270669688757) STATS - 115.8, 0
2018-11-12 16:06:43 (3270669705057) STATS - 115.9, 0
2018-11-12 16:06:43 (3270669721858) STATS - 116.0, 0
2018-11-12 16:06:43 (3270669738958) STATS - 116.1, 0
2018-11-12 16:06:43 (3270669755459) STATS - 116.2, 0
2018-11-12 16:06:43 (3270669771859) STATS - 116.3, 0
2018-11-12 16:06:43 (3270669788060) STATS - 116.4, 0
2018-11-12 16:06:43 (3270669804660) STATS - 116.5, 0
2018-11-12 16:06:43 (3270669820860) STATS - 116.6, 0
2018-11-12 16:06:43 (3270669836761) STATS - 116.7, 0
2018-11-12 16:06:43 (3270669853061) STATS - 116.8, 0
2018-11-12 16:06:43 (3270669869862) STATS - 116.9, 0
2018-11-12 16:06:43 (3270669886062) STATS - 117.0, 0
2018-11-12 16:06:43 (3270669902463) STATS - 117.1, 0
2018-11-12 16:06:43 (3270669918663) STATS - 117.2, 0
2018-11-12 16:06:43 (3270669934864) STATS - 117.3, 0
2018-11-12 16:06:43 (3270669950964) STATS - 117.4, 0
2018-11-12 16:06:43 (3270669966964) STATS - 117.5, 0
2018-11-12 16:06:43 (3270669993565) STATS - 117.6, 0
2018-11-12 16:06:43 (3270670011766) STATS - 117.7, 0
2018-11-12 16:06:43 (3270670028166) STATS - 117.8, 0
2018-11-12 16:06:43 (3270670063867) STATS - 117.9, 0
2018-11-12 16:06:43 (3270670082367) STATS - 118.0, 0
2018-11-12 16:06:43 (3270670098968) STATS - 118.1, 0
2018-11-12 16:06:43 (3270670114868) STATS - 118.2, 0
2018-11-12 16:06:43 (3270670130669) STATS - 118.3, 0
2018-11-12 16:06:43 (3270670146469) STATS - 118.4, 0
2018-11-12 16:06:43 (3270670162170) STATS - 118.5, 0
2018-11-12 16:06:43 (3270670180670) STATS - 118.6, 0
2018-11-12 16:06:43 (3270670197871) STATS - 118.7, 0
2018-11-12 16:06:43 (3270670213871) STATS - 118.8, 0
2018-11-12 16:06:43 (3270670229471) STATS - 118.9, 0
2018-11-12 16:06:43 (3270670245872) STATS - 119.0, 0
2018-11-12 16:06:43 (3270670261872) STATS - 119.1, 0
2018-11-12 16:06:43 (3270670277573) STATS - 119.2, 0
2018-11-12 16:06:43 (3270670293373) STATS - 119.3, 0
2018-11-12 16:06:43 (3270670308974) STATS - 119.4, 0
2018-11-12 16:06:43 (3270670324874) STATS - 119.5, 0
2018-11-12 16:06:43 (3270670340674) STATS - 119.6, 0
2018-11-12 16:06:43 (3270670365975) STATS - 119.7, 0
2018-11-12 16:06:43 (3270670384476) STATS - 119.8, 0
2018-11-12 16:06:43 (3270670402476) STATS - 119.9, 0
2018-11-12 16:06:43 (3270670419077) STATS - 120.0, 0
2018-11-12 16:06:43 (3270670435377) STATS - 120.1, 0
2018-11-12 16:06:43 (3270670451377) STATS - 120.2, 0
2018-11-12 16:06:43 (3270670468578) STATS - 120.3, 0
2018-11-12 16:06:43 (3270670484578) STATS - 120.4, 0
2018-11-12 16:06:43 (3270670511079) STATS - 120.5, 0
2018-11-12 16:06:43 (3270670529380) STATS - 120.6, 0
2018-11-12 16:06:43 (3270670545480) STATS - 120.7, 0
2018-11-12 16:06:43 (3270670561180) STATS - 120.8, 0
2018-11-12 16:06:43 (3270670576681) STATS - 120.9, 0
2018-11-12 16:06:43 (3270670592381) STATS - 121.0, 0
2018-11-12 16:06:43 (3270670608082) STATS - 121.1, 0
2018-11-12 16:06:43 (3270675255707) STATS - 121.2, 0
2018-11-12 16:06:43 (3270675318508) STATS - 121.3, 0
2018-11-12 16:06:43 (3270675353009) STATS - 121.4, 0
2018-11-12 16:06:43 (3270675369410) STATS - 121.5, 0
2018-11-12 16:06:43 (3270675385310) STATS - 121.6, 0
2018-11-12 16:06:43 (3270675400611) STATS - 121.7, 0
2018-11-12 16:06:43 (3270675416011) STATS - 121.8, 0
2018-11-12 16:06:43 (3270675431512) STATS - 121.9, 0
2018-11-12 16:06:43 (3270675447812) STATS - 122.0, 0
2018-11-12 16:06:43 (3270675463612) STATS - 122.1, 0
2018-11-12 16:06:43 (3270675485413) STATS - 122.2, 0
2018-11-12 16:06:43 (3270675500913) STATS - 122.3, 0
2018-11-12 16:06:43 (3270675516014) STATS - 122.4, 0
2018-11-12 16:06:43 (3270675534514) STATS - 122.5, 0
2018-11-12 16:06:43 (3270675550515) STATS - 122.6, 0
2018-11-12 16:06:43 (3270675566015) STATS - 122.7, 0
2018-11-12 16:06:43 (3270675582616) STATS - 122.8, 0
2018-11-12 16:06:43 (3270675598616) STATS - 122.9, 0
2018-11-12 16:06:43 (3270675614516) STATS - 123.0, 0
2018-11-12 16:06:43 (3270675629917) STATS - 123.1, 0
2018-11-12 16:06:43 (3270675645317) STATS - 123.2, 0
2018-11-12 16:06:43 (3270675660818) STATS - 123.3, 0
2018-11-12 16:06:43 (3270675676518) STATS - 123.4, 0
2018-11-12 16:06:43 (3270675691919) STATS - 123.5, 0
2018-11-12 16:06:43 (3270675707119) STATS - 123.6, 0
2018-11-12 16:06:43 (3270675722419) STATS - 123.7, 0
2018-11-12 16:06:43 (3270675737720) STATS - 123.8, 0
2018-11-12 16:06:43 (3270675753020) STATS - 123.9, 0
2018-11-12 16:06:43 (3270675983726) STATS - 124.0, 0
2018-11-12 16:06:43 (3270677320462) STATS - 124.1, 0
2018-11-12 16:06:43 (3270677339963) STATS - 124.2, 0
2018-11-12 16:06:43 (3270677360363) STATS - 124.3, 0
2018-11-12 16:06:43 (3270677375964) STATS - 124.4, 0
2018-11-12 16:06:43 (3270677391264) STATS - 124.5, 0
2018-11-12 16:06:43 (3270677406565) STATS - 124.6, 0
2018-11-12 16:06:43 (3270677421865) STATS - 124.7, 0
2018-11-12 16:06:43 (3270677437066) STATS - 124.8, 0
2018-11-12 16:06:43 (3270677463966) STATS - 124.9, 0
2018-11-12 16:06:43 (3270677480667) STATS - 125.0, 0
2018-11-12 16:06:43 (3270677496767) STATS - 125.1, 0
2018-11-12 16:06:43 (3270677512368) STATS - 125.2, 0
2018-11-12 16:06:43 (3270677527968) STATS - 125.3, 0
2018-11-12 16:06:43 (3270677543768) STATS - 125.4, 0
2018-11-12 16:06:43 (3270677559269) STATS - 125.5, 0
2018-11-12 16:06:43 (3270677577469) STATS - 125.6, 0
2018-11-12 16:06:43 (3270677593270) STATS - 125.7, 0
2018-11-12 16:06:43 (3270677608870) STATS - 125.8, 0
2018-11-12 16:06:43 (3270677648471) STATS - 125.9, 0
2018-11-12 16:06:43 (3270677668172) STATS - 126.0, 0
2018-11-12 16:06:43 (3270677730273) STATS - 126.1, 0
2018-11-12 16:06:43 (3270677781475) STATS - 126.2, 0
2018-11-12 16:06:43 (3270678296489) STATS - 126.3, 0
2018-11-12 16:06:43 (3270681397072) STATS - 126.4, 0
2018-11-12 16:06:43 (3270681421173) STATS - 126.5, 0
2018-11-12 16:06:43 (3270681438073) STATS - 126.6, 0
2018-11-12 16:06:43 (3270681453374) STATS - 126.7, 0
2018-11-12 16:06:43 (3270681468674) STATS - 126.8, 0
2018-11-12 16:06:43 (3270681483675) STATS - 126.9, 0
2018-11-12 16:06:43 (3270681499675) STATS - 127.0, 0
2018-11-12 16:06:43 (3270681515675) STATS - 127.1, 0
2018-11-12 16:06:43 (3270681530976) STATS - 127.2, 0
2018-11-12 16:06:43 (3270681546276) STATS - 127.3, 0
2018-11-12 16:06:43 (3270681573077) STATS - 127.4, 0
2018-11-12 16:06:43 (3270681587377) STATS - 127.5, 0
2018-11-12 16:06:43 (3270681601878) STATS - 127.6, 0
2018-11-12 16:06:43 (3270681616578) STATS - 127.7, 0
2018-11-12 16:06:43 (3270681631178) STATS - 127.8, 0
2018-11-12 16:06:43 (3270681645679) STATS - 127.9, 0
2018-11-12 16:06:43 (3270681660479) STATS - 128.0, 0
2018-11-12 16:06:43 (3270681675180) STATS - 128.1, 0
2018-11-12 16:06:43 (3270681692380) STATS - 128.2, 0
2018-11-12 16:06:43 (3270681707281) STATS - 128.3, 0
2018-11-12 16:06:43 (3270681721681) STATS - 128.4, 0
2018-11-12 16:06:43 (3270681736181) STATS - 128.5, 0
2018-11-12 16:06:43 (3270681750782) STATS - 128.6, 0
2018-11-12 16:06:43 (3270681766982) STATS - 128.7, 0
2018-11-12 16:06:43 (3270681788883) STATS - 128.8, 0
2018-11-12 16:06:43 (3270681805883) STATS - 128.9, 0
2018-11-12 16:06:43 (3270681821084) STATS - 129.0, 0
2018-11-12 16:06:43 (3270681835784) STATS - 129.1, 0
2018-11-12 16:06:43 (3270681850084) STATS - 129.2, 0
2018-11-12 16:06:43 (3270681864285) STATS - 129.3, 0
2018-11-12 16:06:43 (3270681878485) STATS - 129.4, 0
2018-11-12 16:06:43 (3270681892386) STATS - 129.5, 0
2018-11-12 16:06:43 (3270681908286) STATS - 129.6, 0
2018-11-12 16:06:43 (3270681922686) STATS - 129.7, 0
2018-11-12 16:06:43 (3270681936987) STATS - 129.8, 0
2018-11-12 16:06:43 (3270681962787) STATS - 129.9, 0
2018-11-12 16:06:43 (3270681978088) STATS - 130.0, 0
2018-11-12 16:06:43 (3270681992688) STATS - 130.1, 0
2018-11-12 16:06:43 (3270682007289) STATS - 130.2, 0
2018-11-12 16:06:43 (3270682021589) STATS - 130.3, 0
2018-11-12 16:06:43 (3270682035589) STATS - 130.4, 0
2018-11-12 16:06:43 (3270682055390) STATS - 130.5, 0
2018-11-12 16:06:43 (3270682070890) STATS - 130.6, 0
2018-11-12 16:06:43 (3270682085491) STATS - 130.7, 0
2018-11-12 16:06:43 (3270682099991) STATS - 130.8, 0
2018-11-12 16:06:43 (3270682114092) STATS - 130.9, 0
2018-11-12 16:06:43 (3270682128492) STATS - 131.0, 0
2018-11-12 16:06:43 (3270682143192) STATS - 131.1, 0
2018-11-12 16:06:43 (3270682168493) STATS - 131.2, 0
2018-11-12 16:06:43 (3270682183693) STATS - 131.3, 0
2018-11-12 16:06:43 (3270682197594) STATS - 131.4, 0
2018-11-12 16:06:43 (3270682211794) STATS - 131.5, 0
2018-11-12 16:06:43 (3270682226295) STATS - 131.6, 0
2018-11-12 16:06:43 (3270682240595) STATS - 131.7, 0
2018-11-12 16:06:43 (3270682254795) STATS - 131.8, 0
2018-11-12 16:06:43 (3270682270196) STATS - 131.9, 0
2018-11-12 16:06:43 (3270682285096) STATS - 132.0, 0
2018-11-12 16:06:43 (3270682299696) STATS - 132.1, 0
2018-11-12 16:06:43 (3270682313997) STATS - 132.2, 0
2018-11-12 16:06:43 (3270682328597) STATS - 132.3, 0
2018-11-12 16:06:43 (3270682342598) STATS - 132.4, 0
2018-11-12 16:06:43 (3270682366898) STATS - 132.5, 0
2018-11-12 16:06:43 (3270682380299) STATS - 132.6, 0
2018-11-12 16:06:43 (3270682393899) STATS - 132.7, 0
2018-11-12 16:06:43 (3270682407499) STATS - 132.8, 0
2018-11-12 16:06:43 (3270682420900) STATS - 132.9, 0
2018-11-12 16:06:43 (3270682434200) STATS - 133.0, 0
2018-11-12 16:06:43 (3270682447700) STATS - 133.1, 0
2018-11-12 16:06:43 (3270682461301) STATS - 133.2, 0
2018-11-12 16:06:43 (3270682474601) STATS - 133.3, 0
2018-11-12 16:06:43 (3270682489202) STATS - 133.4, 0
2018-11-12 16:06:43 (3270682505302) STATS - 133.5, 0
2018-11-12 16:06:43 (3270682519602) STATS - 133.6, 0
2018-11-12 16:06:43 (3270682533203) STATS - 133.7, 0
2018-11-12 16:06:43 (3270682546403) STATS - 133.8, 0
2018-11-12 16:06:43 (3270682559603) STATS - 133.9, 0
2018-11-12 16:06:43 (3270682572904) STATS - 134.0, 0
2018-11-12 16:06:43 (3270682586504) STATS - 134.1, 0
2018-11-12 16:06:43 (3270682601505) STATS - 134.2, 0
2018-11-12 16:06:43 (3270682615405) STATS - 134.3, 0
2018-11-12 16:06:43 (3270682628605) STATS - 134.4, 0
2018-11-12 16:06:43 (3270682641906) STATS - 134.5, 0
2018-11-12 16:06:43 (3270682655406) STATS - 134.6, 0
2018-11-12 16:06:43 (3270682670006) STATS - 134.7, 0
2018-11-12 16:06:43 (3270682683307) STATS - 134.8, 0
2018-11-12 16:06:43 (3270682696407) STATS - 134.9, 0
2018-11-12 16:06:43 (3270682711908) STATS - 135.0, 0
2018-11-12 16:06:43 (3270682725808) STATS - 135.1, 0
2018-11-12 16:06:43 (3270682756709) STATS - 135.2, 0
2018-11-12 16:06:43 (3270682786110) STATS - 135.3, 0
2018-11-12 16:06:43 (3270682802110) STATS - 135.4, 1
2018-11-12 16:06:43 (3270682816310) STATS - 135.5, 0
2018-11-12 16:06:43 (3270682831211) STATS - 135.6, 0
2018-11-12 16:06:43 (3270682847011) STATS - 135.7, 0
2018-11-12 16:06:43 (3270682861912) STATS - 135.8, 0
2018-11-12 16:06:43 (3270682875812) STATS - 135.9, 0
2018-11-12 16:06:43 (3270682890612) STATS - 136.0, 0
2018-11-12 16:06:43 (3270682904913) STATS - 136.1, 0
2018-11-12 16:06:43 (3270682919413) STATS - 136.2, 0
2018-11-12 16:06:43 (3270682933814) STATS - 136.3, 0
2018-11-12 16:06:43 (3270682949514) STATS - 136.4, 0
2018-11-12 16:06:43 (3270682963714) STATS - 136.5, 0
2018-11-12 16:06:43 (3270682977815) STATS - 136.6, 0
2018-11-12 16:06:43 (3270683013816) STATS - 136.7, 0
2018-11-12 16:06:43 (3270683030916) STATS - 136.8, 0
2018-11-12 16:06:43 (3270685083671) STATS - 136.9, 0
2018-11-12 16:06:43 (3270685106072) STATS - 137.0, 0
2018-11-12 16:06:43 (3270685128173) STATS - 137.1, 0
2018-11-12 16:06:43 (3270685145873) STATS - 137.2, 0
2018-11-12 16:06:43 (3270685162274) STATS - 137.3, 0
2018-11-12 16:06:43 (3270685178874) STATS - 137.4, 0
2018-11-12 16:06:43 (3270685195474) STATS - 137.5, 0
2018-11-12 16:06:43 (3270685211975) STATS - 137.6, 0
2018-11-12 16:06:43 (3270685228175) STATS - 137.7, 0
2018-11-12 16:06:43 (3270685244376) STATS - 137.8, 0
2018-11-12 16:06:43 (3270685260276) STATS - 137.9, 0
2018-11-12 16:06:43 (3270685346379) STATS - 138.0, 0
2018-11-12 16:06:43 (3270685367279) STATS - 138.1, 0
2018-11-12 16:06:43 (3270685384380) STATS - 138.2, 0
2018-11-12 16:06:43 (3270685400880) STATS - 138.3, 0
2018-11-12 16:06:43 (3270685420681) STATS - 138.4, 0
2018-11-12 16:06:43 (3270685437381) STATS - 138.5, 0
2018-11-12 16:06:43 (3270685453781) STATS - 138.6, 0
2018-11-12 16:06:43 (3270685470082) STATS - 138.7, 0
2018-11-12 16:06:43 (3270685486882) STATS - 138.8, 0
2018-11-12 16:06:43 (3270685503383) STATS - 138.9, 0
2018-11-12 16:06:43 (3270685520183) STATS - 139.0, 0
2018-11-12 16:06:43 (3270685539084) STATS - 139.1, 0
2018-11-12 16:06:43 (3270685556884) STATS - 139.2, 0
2018-11-12 16:06:43 (3270685574385) STATS - 139.3, 0
2018-11-12 16:06:43 (3270685590985) STATS - 139.4, 0
2018-11-12 16:06:43 (3270685607486) STATS - 139.5, 0
2018-11-12 16:06:43 (3270685623986) STATS - 139.6, 0
2018-11-12 16:06:43 (3270685640286) STATS - 139.7, 0
2018-11-12 16:06:43 (3270685656787) STATS - 139.8, 0
2018-11-12 16:06:43 (3270685675987) STATS - 139.9, 0
2018-11-12 16:06:43 (3270685694888) STATS - 140.0, 0
2018-11-12 16:06:43 (3270685712088) STATS - 140.1, 0
2018-11-12 16:06:43 (3270685728389) STATS - 140.2, 0
2018-11-12 16:06:43 (3270685751989) STATS - 140.3, 0
2018-11-12 16:06:43 (3270685768490) STATS - 140.4, 0
2018-11-12 16:06:43 (3270685784890) STATS - 140.5, 0
2018-11-12 16:06:43 (3270685801091) STATS - 140.6, 0
2018-11-12 16:06:43 (3270685817491) STATS - 140.7, 0
2018-11-12 16:06:43 (3270685834392) STATS - 140.8, 0
2018-11-12 16:06:43 (3270685857792) STATS - 140.9, 0
2018-11-12 16:06:43 (3270685879993) STATS - 141.0, 0
2018-11-12 16:06:43 (3270685896593) STATS - 141.1, 0
2018-11-12 16:06:43 (3270685914194) STATS - 141.2, 0
2018-11-12 16:06:43 (3270685931294) STATS - 141.3, 0
2018-11-12 16:06:43 (3270685947495) STATS - 141.4, 0
2018-11-12 16:06:43 (3270685963795) STATS - 141.5, 0
2018-11-12 16:06:43 (3270685979996) STATS - 141.6, 0
2018-11-12 16:06:43 (3270685996296) STATS - 141.7, 0
2018-11-12 16:06:43 (3270686012496) STATS - 141.8, 0
2018-11-12 16:06:43 (3270686028597) STATS - 141.9, 0
2018-11-12 16:06:43 (3270686045197) STATS - 142.0, 0
2018-11-12 16:06:43 (3270686061598) STATS - 142.1, 0
2018-11-12 16:06:43 (3270686085398) STATS - 142.2, 0
2018-11-12 16:06:43 (3270686101799) STATS - 142.3, 0
2018-11-12 16:06:43 (3270686123899) STATS - 142.4, 0
2018-11-12 16:06:43 (3270686143300) STATS - 142.5, 0
2018-11-12 16:06:43 (3270686159700) STATS - 142.6, 0
2018-11-12 16:06:43 (3270686176001) STATS - 142.7, 0
2018-11-12 16:06:43 (3270686192301) STATS - 142.8, 0
2018-11-12 16:06:43 (3270686208502) STATS - 142.9, 0
2018-11-12 16:06:43 (3270686224802) STATS - 143.0, 0
2018-11-12 16:06:43 (3270686243003) STATS - 143.1, 0
2018-11-12 16:06:43 (3270686260003) STATS - 143.2, 0
2018-11-12 16:06:43 (3270686276404) STATS - 143.3, 0
2018-11-12 16:06:43 (3270686292504) STATS - 143.4, 0
2018-11-12 16:06:43 (3270686308704) STATS - 143.5, 0
2018-11-12 16:06:43 (3270686324905) STATS - 143.6, 0
2018-11-12 16:06:43 (3270686341105) STATS - 143.7, 0
2018-11-12 16:06:43 (3270686357306) STATS - 143.8, 0
2018-11-12 16:06:43 (3270686381606) STATS - 143.9, 0
2018-11-12 16:06:43 (3270686404707) STATS - 144.0, 0
2018-11-12 16:06:43 (3270686421207) STATS - 144.1, 0
2018-11-12 16:06:43 (3270686437508) STATS - 144.2, 0
2018-11-12 16:06:43 (3270686453908) STATS - 144.3, 0
2018-11-12 16:06:43 (3270686470509) STATS - 144.4, 0
2018-11-12 16:06:43 (3270686486709) STATS - 144.5, 0
2018-11-12 16:06:43 (3270686508210) STATS - 144.6, 0
2018-11-12 16:06:43 (3270686524710) STATS - 144.7, 0
2018-11-12 16:06:43 (3270686541211) STATS - 144.8, 0
2018-11-12 16:06:43 (3270686557611) STATS - 144.9, 0
2018-11-12 16:06:43 (3270686574012) STATS - 145.0, 0
2018-11-12 16:06:43 (3270686590312) STATS - 145.1, 0
2018-11-12 16:06:43 (3270686606612) STATS - 145.2, 0
2018-11-12 16:06:43 (3270686622913) STATS - 145.3, 0
2018-11-12 16:06:43 (3270686639113) STATS - 145.4, 0
2018-11-12 16:06:43 (3270686655314) STATS - 145.5, 0
2018-11-12 16:06:43 (3270686671814) STATS - 145.6, 0
2018-11-12 16:06:43 (3270686688215) STATS - 145.7, 0
2018-11-12 16:06:43 (3270686704515) STATS - 145.8, 0
2018-11-12 16:06:43 (3270686720716) STATS - 145.9, 0
2018-11-12 16:06:43 (3270686738216) STATS - 146.0, 0
2018-11-12 16:06:43 (3270686755016) STATS - 146.1, 0
2018-11-12 16:06:43 (3270686771417) STATS - 146.2, 0
2018-11-12 16:06:43 (3270686787717) STATS - 146.3, 0
2018-11-12 16:06:43 (3270686804418) STATS - 146.4, 0
2018-11-12 16:06:43 (3270686820918) STATS - 146.5, 0
2018-11-12 16:06:43 (3270686837019) STATS - 146.6, 0
2018-11-12 16:06:43 (3270686853619) STATS - 146.7, 0
2018-11-12 16:06:43 (3270686869920) STATS - 146.8, 0
2018-11-12 16:06:43 (3270686886320) STATS - 146.9, 0
2018-11-12 16:06:43 (3270686903120) STATS - 147.0, 0
2018-11-12 16:06:43 (3270686919821) STATS - 147.1, 0
2018-11-12 16:06:43 (3270686935921) STATS - 147.2, 0
2018-11-12 16:06:43 (3270686952322) STATS - 147.3, 0
2018-11-12 16:06:43 (3270686968722) STATS - 147.4, 0
2018-11-12 16:06:43 (3270686984923) STATS - 147.5, 0
2018-11-12 16:06:43 (3270687001223) STATS - 147.6, 0
2018-11-12 16:06:43 (3270687017824) STATS - 147.7, 0
2018-11-12 16:06:43 (3270687034024) STATS - 147.8, 0
2018-11-12 16:06:43 (3270687050124) STATS - 147.9, 0
2018-11-12 16:06:43 (3270687066825) STATS - 148.0, 0
2018-11-12 16:06:43 (3270687089225) STATS - 148.1, 0
2018-11-12 16:06:43 (3270687171128) STATS - 148.2, 0
2018-11-12 16:06:43 (3270687190328) STATS - 148.3, 0
2018-11-12 16:06:43 (3270687207129) STATS - 148.4, 0
2018-11-12 16:06:43 (3270687223529) STATS - 148.5, 1
2018-11-12 16:06:43 (3270687252630) INFO  - END: Middleware stopped.
