2018-11-12 15:51:16 (2343959696732) INFO  - START: Middleware listening on address 10.0.0.11:8888.
2018-11-12 15:52:40 (2428305057586) STATS -  5.00, 6297, 6, 1.259185, 2.130389, 3.548748, 3.548748, 0.000000, 0.000000, 31489, 0, 0, 0.00, 0.00, 0
2018-11-12 15:52:41 (2428606395635) STATS - 10.00, 7279, 5, 0.733829, 2.219202, 3.069989, 3.069989, 0.000000, 0.000000, 36398, 0, 0, 0.00, 0.00, 0
2018-11-12 15:52:41 (2428751553046) STATS - 15.00, 7178, 5, 0.696247, 2.266852, 3.085174, 3.085174, 0.000000, 0.000000, 35890, 0, 0, 0.00, 0.00, 0
2018-11-12 15:52:41 (2428879822955) STATS - 20.00, 7168, 5, 0.742073, 2.224522, 3.115626, 3.115626, 0.000000, 0.000000, 35843, 0, 0, 0.00, 0.00, 0
2018-11-12 15:52:41 (2429007078634) STATS - 25.00, 7470, 5, 0.698061, 2.314610, 3.134540, 3.134540, 0.000000, 0.000000, 37351, 0, 0, 0.00, 0.00, 0
2018-11-12 15:52:41 (2429126689886) STATS - 30.00, 7363, 5, 0.696558, 2.166441, 2.989925, 2.989925, 0.000000, 0.000000, 36819, 0, 0, 0.00, 0.00, 0
2018-11-12 15:52:41 (2429252970136) STATS - 35.00, 7380, 5, 0.726519, 2.194405, 3.077198, 3.077198, 0.000000, 0.000000, 36904, 0, 0, 0.00, 0.00, 0
2018-11-12 15:52:41 (2429361478558) STATS - 40.00, 7324, 5, 0.656034, 2.420404, 3.229676, 3.229676, 0.000000, 0.000000, 36623, 0, 0, 0.00, 0.00, 0
2018-11-12 15:52:42 (2429467554608) STATS - 45.00, 7266, 5, 0.632695, 2.184290, 3.000282, 3.000282, 0.000000, 0.000000, 36330, 0, 0, 0.00, 0.00, 0
2018-11-12 15:52:42 (2429562018412) STATS - 50.00, 7379, 5, 0.697459, 2.355103, 3.161020, 3.161020, 0.000000, 0.000000, 36897, 0, 0, 0.00, 0.00, 0
2018-11-12 15:52:42 (2429639878624) STATS - 55.00, 7301, 5, 0.711180, 2.330890, 3.204657, 3.204657, 0.000000, 0.000000, 36506, 0, 0, 0.00, 0.00, 0
2018-11-12 15:52:42 (2429716127287) STATS - 60.00, 7199, 5, 0.693264, 2.262783, 3.090389, 3.090389, 0.000000, 0.000000, 35995, 0, 0, 0.00, 0.00, 0
2018-11-12 15:52:42 (2429784647922) STATS - 65.00, 7128, 5, 0.678387, 2.390276, 3.203506, 3.203506, 0.000000, 0.000000, 35642, 0, 0, 0.00, 0.00, 0
2018-11-12 15:52:42 (2429825268128) STATS - 70.00, 7171, 5, 0.720859, 2.300563, 3.139515, 3.139515, 0.000000, 0.000000, 35856, 0, 0, 0.00, 0.00, 0
2018-11-12 15:52:42 (2429834648306) STATS - 70.00, 123, 2, 0.491504, 1.647876, 2.205497, 2.205497, 0.000000, 0.000000, 619, 0, 0, 0.00, 0.00, 0
2018-11-12 15:52:42 (2430337915748) STATS - Interval, Responses
2018-11-12 15:52:42 (2430338262658) STATS - 0.1, 0
2018-11-12 15:52:42 (2430338470464) STATS - 0.2, 0
2018-11-12 15:52:42 (2430338682071) STATS - 0.3, 9
2018-11-12 15:52:42 (2430338837375) STATS - 0.4, 496
2018-11-12 15:52:42 (2430338991880) STATS - 0.5, 3161
2018-11-12 15:52:42 (2430339225987) STATS - 0.6, 7327
2018-11-12 15:52:42 (2430339392492) STATS - 0.7, 10620
2018-11-12 15:52:42 (2430339577197) STATS - 0.8, 12763
2018-11-12 15:52:42 (2430339741202) STATS - 0.9, 14353
2018-11-12 15:52:42 (2430339962709) STATS - 1.0, 15189
2018-11-12 15:52:42 (2430340147414) STATS - 1.1, 15896
2018-11-12 15:52:42 (2430340350320) STATS - 1.2, 16712
2018-11-12 15:52:42 (2430340564026) STATS - 1.3, 17015
2018-11-12 15:52:42 (2430347707839) STATS - 1.4, 17000
2018-11-12 15:52:42 (2430347934445) STATS - 1.5, 16659
2018-11-12 15:52:42 (2430348203653) STATS - 1.6, 16544
2018-11-12 15:52:42 (2430348495562) STATS - 1.7, 15755
2018-11-12 15:52:42 (2430348674467) STATS - 1.8, 14604
2018-11-12 15:52:42 (2430348834672) STATS - 1.9, 13781
2018-11-12 15:52:42 (2430348986177) STATS - 2.0, 12912
2018-11-12 15:52:42 (2430349113280) STATS - 2.1, 12097
2018-11-12 15:52:42 (2430349239884) STATS - 2.2, 11271
2018-11-12 15:52:42 (2430349437990) STATS - 2.3, 10410
2018-11-12 15:52:42 (2430349590494) STATS - 2.4, 9587
2018-11-12 15:52:42 (2430350052208) STATS - 2.5, 9159
2018-11-12 15:52:42 (2430350292115) STATS - 2.6, 8508
2018-11-12 15:52:42 (2430350546423) STATS - 2.7, 7897
2018-11-12 15:52:42 (2430357628833) STATS - 2.8, 7126
2018-11-12 15:52:42 (2430357817739) STATS - 2.9, 6855
2018-11-12 15:52:42 (2430358039545) STATS - 3.0, 6373
2018-11-12 15:52:42 (2430358213250) STATS - 3.1, 6193
2018-11-12 15:52:42 (2430358445957) STATS - 3.2, 6004
2018-11-12 15:52:42 (2430358589262) STATS - 3.3, 5860
2018-11-12 15:52:42 (2430358907371) STATS - 3.4, 5688
2018-11-12 15:52:42 (2430359086276) STATS - 3.5, 5654
2018-11-12 15:52:42 (2430359232581) STATS - 3.6, 5536
2018-11-12 15:52:42 (2430359370185) STATS - 3.7, 5413
2018-11-12 15:52:42 (2430359618592) STATS - 3.8, 5245
2018-11-12 15:52:42 (2430359760696) STATS - 3.9, 5057
2018-11-12 15:52:42 (2430359896700) STATS - 4.0, 4960
2018-11-12 15:52:42 (2430360056705) STATS - 4.1, 4578
2018-11-12 15:52:42 (2430360196809) STATS - 4.2, 4610
2018-11-12 15:52:42 (2430360332913) STATS - 4.3, 4230
2018-11-12 15:52:42 (2430360469317) STATS - 4.4, 4205
2018-11-12 15:52:42 (2430367452425) STATS - 4.5, 4422
2018-11-12 15:52:42 (2430367652531) STATS - 4.6, 4121
2018-11-12 15:52:42 (2430367835836) STATS - 4.7, 3924
2018-11-12 15:52:42 (2430367978140) STATS - 4.8, 3869
2018-11-12 15:52:42 (2430368147345) STATS - 4.9, 3795
2018-11-12 15:52:42 (2430368273149) STATS - 5.0, 3603
2018-11-12 15:52:42 (2430368397653) STATS - 5.1, 3478
2018-11-12 15:52:42 (2430368609459) STATS - 5.2, 3461
2018-11-12 15:52:42 (2430368770264) STATS - 5.3, 3364
2018-11-12 15:52:42 (2430368895268) STATS - 5.4, 3358
2018-11-12 15:52:42 (2430369016871) STATS - 5.5, 3231
2018-11-12 15:52:42 (2430369168976) STATS - 5.6, 3145
2018-11-12 15:52:42 (2430369433184) STATS - 5.7, 3167
2018-11-12 15:52:42 (2430369567888) STATS - 5.8, 2947
2018-11-12 15:52:42 (2430369693191) STATS - 5.9, 2911
2018-11-12 15:52:42 (2430369843096) STATS - 6.0, 2816
2018-11-12 15:52:42 (2430370074403) STATS - 6.1, 2760
2018-11-12 15:52:42 (2430370207307) STATS - 6.2, 2774
2018-11-12 15:52:42 (2430377242215) STATS - 6.3, 2669
2018-11-12 15:52:42 (2430377383020) STATS - 6.4, 2578
2018-11-12 15:52:42 (2430377589726) STATS - 6.5, 2482
2018-11-12 15:52:42 (2430377715629) STATS - 6.6, 2545
2018-11-12 15:52:42 (2430377880734) STATS - 6.7, 2447
2018-11-12 15:52:42 (2430378002538) STATS - 6.8, 2563
2018-11-12 15:52:42 (2430378153242) STATS - 6.9, 2545
2018-11-12 15:52:42 (2430378414650) STATS - 7.0, 2577
2018-11-12 15:52:42 (2430378560955) STATS - 7.1, 2486
2018-11-12 15:52:42 (2430378702959) STATS - 7.2, 2427
2018-11-12 15:52:42 (2430378839163) STATS - 7.3, 2275
2018-11-12 15:52:42 (2430378958166) STATS - 7.4, 2315
2018-11-12 15:52:42 (2430379145172) STATS - 7.5, 2140
2018-11-12 15:52:42 (2430379267076) STATS - 7.6, 2120
2018-11-12 15:52:42 (2430379442381) STATS - 7.7, 1983
2018-11-12 15:52:42 (2430379564284) STATS - 7.8, 1810
2018-11-12 15:52:42 (2430379683088) STATS - 7.9, 1886
2018-11-12 15:52:42 (2430379810392) STATS - 8.0, 1639
2018-11-12 15:52:42 (2430380052699) STATS - 8.1, 1466
2018-11-12 15:52:43 (2430386867701) STATS - 8.2, 1338
2018-11-12 15:52:43 (2430387030006) STATS - 8.3, 1141
2018-11-12 15:52:43 (2430387158210) STATS - 8.4, 1003
2018-11-12 15:52:43 (2430387265613) STATS - 8.5, 953
2018-11-12 15:52:43 (2430387382116) STATS - 8.6, 805
2018-11-12 15:52:43 (2430387894832) STATS - 8.7, 646
2018-11-12 15:52:43 (2430388036936) STATS - 8.8, 606
2018-11-12 15:52:43 (2430388154639) STATS - 8.9, 579
2018-11-12 15:52:43 (2430388306244) STATS - 9.0, 517
2018-11-12 15:52:43 (2430388420147) STATS - 9.1, 635
2018-11-12 15:52:43 (2430388590452) STATS - 9.2, 607
2018-11-12 15:52:43 (2430388690955) STATS - 9.3, 658
2018-11-12 15:52:43 (2430388964763) STATS - 9.4, 631
2018-11-12 15:52:43 (2430389112168) STATS - 9.5, 614
2018-11-12 15:52:43 (2430389227271) STATS - 9.6, 585
2018-11-12 15:52:43 (2430389371676) STATS - 9.7, 528
2018-11-12 15:52:43 (2430389510380) STATS - 9.8, 443
2018-11-12 15:52:43 (2430389696585) STATS - 9.9, 330
2018-11-12 15:52:43 (2430396625291) STATS - 10.0, 246
2018-11-12 15:52:43 (2430396799696) STATS - 10.1, 205
2018-11-12 15:52:43 (2430396967601) STATS - 10.2, 188
2018-11-12 15:52:43 (2430397073004) STATS - 10.3, 176
2018-11-12 15:52:43 (2430397202308) STATS - 10.4, 142
2018-11-12 15:52:43 (2430397321311) STATS - 10.5, 145
2018-11-12 15:52:43 (2430397466916) STATS - 10.6, 119
2018-11-12 15:52:43 (2430397579819) STATS - 10.7, 117
2018-11-12 15:52:43 (2430397716823) STATS - 10.8, 111
2018-11-12 15:52:43 (2430397838227) STATS - 10.9, 138
2018-11-12 15:52:43 (2430398045333) STATS - 11.0, 122
2018-11-12 15:52:43 (2430398223838) STATS - 11.1, 126
2018-11-12 15:52:43 (2430398365442) STATS - 11.2, 101
2018-11-12 15:52:43 (2430398488246) STATS - 11.3, 98
2018-11-12 15:52:43 (2430398621550) STATS - 11.4, 94
2018-11-12 15:52:43 (2430398724553) STATS - 11.5, 85
2018-11-12 15:52:43 (2430398828056) STATS - 11.6, 60
2018-11-12 15:52:43 (2430398937459) STATS - 11.7, 78
2018-11-12 15:52:43 (2430399049063) STATS - 11.8, 67
2018-11-12 15:52:43 (2430399188767) STATS - 11.9, 55
2018-11-12 15:52:43 (2430399313271) STATS - 12.0, 59
2018-11-12 15:52:43 (2430406364380) STATS - 12.1, 57
2018-11-12 15:52:43 (2430406506084) STATS - 12.2, 50
2018-11-12 15:52:43 (2430406625588) STATS - 12.3, 54
2018-11-12 15:52:43 (2430406754491) STATS - 12.4, 51
2018-11-12 15:52:43 (2430406874695) STATS - 12.5, 65
2018-11-12 15:52:43 (2430406983698) STATS - 12.6, 59
2018-11-12 15:52:43 (2430407099902) STATS - 12.7, 50
2018-11-12 15:52:43 (2430407225105) STATS - 12.8, 55
2018-11-12 15:52:43 (2430407343709) STATS - 12.9, 41
2018-11-12 15:52:43 (2430407452512) STATS - 13.0, 36
2018-11-12 15:52:43 (2430407560115) STATS - 13.1, 36
2018-11-12 15:52:43 (2430407670719) STATS - 13.2, 49
2018-11-12 15:52:43 (2430407782022) STATS - 13.3, 54
2018-11-12 15:52:43 (2430407896425) STATS - 13.4, 53
2018-11-12 15:52:43 (2430408018129) STATS - 13.5, 39
2018-11-12 15:52:43 (2430408131832) STATS - 13.6, 26
2018-11-12 15:52:43 (2430408240236) STATS - 13.7, 23
2018-11-12 15:52:43 (2430408348839) STATS - 13.8, 23
2018-11-12 15:52:43 (2430408468142) STATS - 13.9, 18
2018-11-12 15:52:43 (2430408569045) STATS - 14.0, 9
2018-11-12 15:52:43 (2430408678949) STATS - 14.1, 14
2018-11-12 15:52:43 (2430408779952) STATS - 14.2, 35
2018-11-12 15:52:43 (2430408877154) STATS - 14.3, 30
2018-11-12 15:52:43 (2430408987958) STATS - 14.4, 20
2018-11-12 15:52:43 (2430409092561) STATS - 14.5, 30
2018-11-12 15:52:43 (2430416183571) STATS - 14.6, 24
2018-11-12 15:52:43 (2430416289274) STATS - 14.7, 29
2018-11-12 15:52:43 (2430416422778) STATS - 14.8, 25
2018-11-12 15:52:43 (2430416522381) STATS - 14.9, 28
2018-11-12 15:52:43 (2430416633885) STATS - 15.0, 21
2018-11-12 15:52:43 (2430416734488) STATS - 15.1, 29
2018-11-12 15:52:43 (2430416855491) STATS - 15.2, 31
2018-11-12 15:52:43 (2430417010496) STATS - 15.3, 37
2018-11-12 15:52:43 (2430417108299) STATS - 15.4, 26
2018-11-12 15:52:43 (2430417384907) STATS - 15.5, 19
2018-11-12 15:52:43 (2430417494810) STATS - 15.6, 14
2018-11-12 15:52:43 (2430417618014) STATS - 15.7, 19
2018-11-12 15:52:43 (2430417721517) STATS - 15.8, 13
2018-11-12 15:52:43 (2430417814920) STATS - 15.9, 16
2018-11-12 15:52:43 (2430417906022) STATS - 16.0, 11
2018-11-12 15:52:43 (2430418000325) STATS - 16.1, 9
2018-11-12 15:52:43 (2430418108128) STATS - 16.2, 15
2018-11-12 15:52:43 (2430418207231) STATS - 16.3, 5
2018-11-12 15:52:43 (2430418304934) STATS - 16.4, 12
2018-11-12 15:52:43 (2430418412538) STATS - 16.5, 5
2018-11-12 15:52:43 (2430418507840) STATS - 16.6, 6
2018-11-12 15:52:43 (2430418603543) STATS - 16.7, 16
2018-11-12 15:52:43 (2430418728147) STATS - 16.8, 11
2018-11-12 15:52:43 (2430418829350) STATS - 16.9, 14
2018-11-12 15:52:43 (2430425851358) STATS - 17.0, 9
2018-11-12 15:52:43 (2430426004763) STATS - 17.1, 12
2018-11-12 15:52:43 (2430427295701) STATS - 17.2, 5
2018-11-12 15:52:43 (2430427444606) STATS - 17.3, 6
2018-11-12 15:52:43 (2430427551009) STATS - 17.4, 6
2018-11-12 15:52:43 (2430427660512) STATS - 17.5, 5
2018-11-12 15:52:43 (2430427769815) STATS - 17.6, 16
2018-11-12 15:52:43 (2430427872418) STATS - 17.7, 13
2018-11-12 15:52:43 (2430428033823) STATS - 17.8, 14
2018-11-12 15:52:43 (2430428129326) STATS - 17.9, 11
2018-11-12 15:52:43 (2430428218829) STATS - 18.0, 9
2018-11-12 15:52:43 (2430428307131) STATS - 18.1, 17
2018-11-12 15:52:43 (2430428396834) STATS - 18.2, 9
2018-11-12 15:52:43 (2430428550638) STATS - 18.3, 9
2018-11-12 15:52:43 (2430428655242) STATS - 18.4, 14
2018-11-12 15:52:43 (2430428756745) STATS - 18.5, 9
2018-11-12 15:52:43 (2430428858048) STATS - 18.6, 11
2018-11-12 15:52:43 (2430428957551) STATS - 18.7, 3
2018-11-12 15:52:43 (2430429104255) STATS - 18.8, 4
2018-11-12 15:52:43 (2430429207258) STATS - 18.9, 12
2018-11-12 15:52:43 (2430429302361) STATS - 19.0, 4
2018-11-12 15:52:43 (2430429399064) STATS - 19.1, 6
2018-11-12 15:52:43 (2430429519267) STATS - 19.2, 2
2018-11-12 15:52:43 (2430429649671) STATS - 19.3, 2
2018-11-12 15:52:43 (2430429773975) STATS - 19.4, 1
2018-11-12 15:52:43 (2430436012060) STATS - 19.5, 1
2018-11-12 15:52:43 (2430436119263) STATS - 19.6, 0
2018-11-12 15:52:43 (2430436250767) STATS - 19.7, 4
2018-11-12 15:52:43 (2430436393971) STATS - 19.8, 3
2018-11-12 15:52:43 (2430436492874) STATS - 19.9, 8
2018-11-12 15:52:43 (2430436599877) STATS - 20.0, 2
2018-11-12 15:52:43 (2430436700480) STATS - 20.1, 7
2018-11-12 15:52:43 (2430436790283) STATS - 20.2, 8
2018-11-12 15:52:43 (2430436923787) STATS - 20.3, 8
2018-11-12 15:52:43 (2430437023290) STATS - 20.4, 9
2018-11-12 15:52:43 (2430437118293) STATS - 20.5, 15
2018-11-12 15:52:43 (2430437211596) STATS - 20.6, 8
2018-11-12 15:52:43 (2430437308398) STATS - 20.7, 3
2018-11-12 15:52:43 (2430437403701) STATS - 20.8, 3
2018-11-12 15:52:43 (2430437499804) STATS - 20.9, 6
2018-11-12 15:52:43 (2430437591507) STATS - 21.0, 6
2018-11-12 15:52:43 (2430437772712) STATS - 21.1, 7
2018-11-12 15:52:43 (2430437884015) STATS - 21.2, 3
2018-11-12 15:52:43 (2430438002019) STATS - 21.3, 9
2018-11-12 15:52:43 (2430438095522) STATS - 21.4, 15
2018-11-12 15:52:43 (2430438187524) STATS - 21.5, 7
2018-11-12 15:52:43 (2430438303628) STATS - 21.6, 3
2018-11-12 15:52:43 (2430438398131) STATS - 21.7, 1
2018-11-12 15:52:43 (2430438502034) STATS - 21.8, 5
2018-11-12 15:52:43 (2430438592937) STATS - 21.9, 3
2018-11-12 15:52:43 (2430438686239) STATS - 22.0, 4
2018-11-12 15:52:43 (2430445723548) STATS - 22.1, 7
2018-11-12 15:52:43 (2430445841252) STATS - 22.2, 6
2018-11-12 15:52:43 (2430445923354) STATS - 22.3, 5
2018-11-12 15:52:43 (2430446003556) STATS - 22.4, 6
2018-11-12 15:52:43 (2430446082859) STATS - 22.5, 3
2018-11-12 15:52:43 (2430446162461) STATS - 22.6, 2
2018-11-12 15:52:43 (2430446244264) STATS - 22.7, 5
2018-11-12 15:52:43 (2430446324766) STATS - 22.8, 4
2018-11-12 15:52:43 (2430446404368) STATS - 22.9, 4
2018-11-12 15:52:43 (2430446493971) STATS - 23.0, 1
2018-11-12 15:52:43 (2430446577074) STATS - 23.1, 0
2018-11-12 15:52:43 (2430446738778) STATS - 23.2, 4
2018-11-12 15:52:43 (2430446829581) STATS - 23.3, 4
2018-11-12 15:52:43 (2430446946384) STATS - 23.4, 3
2018-11-12 15:52:43 (2430447036687) STATS - 23.5, 0
2018-11-12 15:52:43 (2430447161591) STATS - 23.6, 2
2018-11-12 15:52:43 (2430447408598) STATS - 23.7, 2
2018-11-12 15:52:43 (2430447516901) STATS - 23.8, 2
2018-11-12 15:52:43 (2430447652105) STATS - 23.9, 3
2018-11-12 15:52:43 (2430447859012) STATS - 24.0, 1
2018-11-12 15:52:43 (2430447969015) STATS - 24.1, 5
2018-11-12 15:52:43 (2430448077418) STATS - 24.2, 0
2018-11-12 15:52:43 (2430448181621) STATS - 24.3, 1
2018-11-12 15:52:43 (2430448280224) STATS - 24.4, 4
2018-11-12 15:52:43 (2430455344434) STATS - 24.5, 3
2018-11-12 15:52:43 (2430455578641) STATS - 24.6, 3
2018-11-12 15:52:43 (2430455665343) STATS - 24.7, 6
2018-11-12 15:52:43 (2430455746546) STATS - 24.8, 6
2018-11-12 15:52:43 (2430455826048) STATS - 24.9, 9
2018-11-12 15:52:43 (2430455902850) STATS - 25.0, 6
2018-11-12 15:52:43 (2430455980653) STATS - 25.1, 8
2018-11-12 15:52:43 (2430456087256) STATS - 25.2, 4
2018-11-12 15:52:43 (2430456180159) STATS - 25.3, 2
2018-11-12 15:52:43 (2430456257161) STATS - 25.4, 3
2018-11-12 15:52:43 (2430456353764) STATS - 25.5, 2
2018-11-12 15:52:43 (2430456438966) STATS - 25.6, 3
2018-11-12 15:52:43 (2430456521269) STATS - 25.7, 6
2018-11-12 15:52:43 (2430456603371) STATS - 25.8, 6
2018-11-12 15:52:43 (2430456685774) STATS - 25.9, 6
2018-11-12 15:52:43 (2430456779976) STATS - 26.0, 7
2018-11-12 15:52:43 (2430456864879) STATS - 26.1, 1
2018-11-12 15:52:43 (2430456962582) STATS - 26.2, 14
2018-11-12 15:52:43 (2430457048884) STATS - 26.3, 18
2018-11-12 15:52:43 (2430457162488) STATS - 26.4, 14
2018-11-12 15:52:43 (2430457253590) STATS - 26.5, 9
2018-11-12 15:52:43 (2430457376194) STATS - 26.6, 8
2018-11-12 15:52:43 (2430457467797) STATS - 26.7, 3
2018-11-12 15:52:43 (2430457567500) STATS - 26.8, 4
2018-11-12 15:52:43 (2430457685803) STATS - 26.9, 3
2018-11-12 15:52:43 (2430457773406) STATS - 27.0, 4
2018-11-12 15:52:43 (2430457883009) STATS - 27.1, 6
2018-11-12 15:52:43 (2430458008213) STATS - 27.2, 0
2018-11-12 15:52:43 (2430458093315) STATS - 27.3, 2
2018-11-12 15:52:43 (2430465155225) STATS - 27.4, 0
2018-11-12 15:52:43 (2430465332530) STATS - 27.5, 0
2018-11-12 15:52:43 (2430465475434) STATS - 27.6, 0
2018-11-12 15:52:43 (2430465577237) STATS - 27.7, 1
2018-11-12 15:52:43 (2430465665740) STATS - 27.8, 5
2018-11-12 15:52:43 (2430465754643) STATS - 27.9, 3
2018-11-12 15:52:43 (2430465862146) STATS - 28.0, 2
2018-11-12 15:52:43 (2430465944148) STATS - 28.1, 2
2018-11-12 15:52:43 (2430466026251) STATS - 28.2, 3
2018-11-12 15:52:43 (2430466169855) STATS - 28.3, 3
2018-11-12 15:52:43 (2430466262558) STATS - 28.4, 1
2018-11-12 15:52:43 (2430466349760) STATS - 28.5, 6
2018-11-12 15:52:43 (2430466435763) STATS - 28.6, 1
2018-11-12 15:52:43 (2430466532966) STATS - 28.7, 2
2018-11-12 15:52:43 (2430466643769) STATS - 28.8, 2
2018-11-12 15:52:43 (2430466730172) STATS - 28.9, 5
2018-11-12 15:52:43 (2430467299289) STATS - 29.0, 2
2018-11-12 15:52:43 (2430467437093) STATS - 29.1, 2
2018-11-12 15:52:43 (2430467528895) STATS - 29.2, 1
2018-11-12 15:52:43 (2430467627498) STATS - 29.3, 2
2018-11-12 15:52:43 (2430468051511) STATS - 29.4, 1
2018-11-12 15:52:43 (2430468142214) STATS - 29.5, 1
2018-11-12 15:52:43 (2430468225416) STATS - 29.6, 2
2018-11-12 15:52:43 (2430468331119) STATS - 29.7, 2
2018-11-12 15:52:43 (2430474773610) STATS - 29.8, 6
2018-11-12 15:52:43 (2430474955616) STATS - 29.9, 1
2018-11-12 15:52:43 (2430475041018) STATS - 30.0, 3
2018-11-12 15:52:43 (2430475131521) STATS - 30.1, 3
2018-11-12 15:52:43 (2430475214724) STATS - 30.2, 4
2018-11-12 15:52:43 (2430475301326) STATS - 30.3, 3
2018-11-12 15:52:43 (2430475388029) STATS - 30.4, 3
2018-11-12 15:52:43 (2430475470231) STATS - 30.5, 2
2018-11-12 15:52:43 (2430475571434) STATS - 30.6, 4
2018-11-12 15:52:43 (2430475654237) STATS - 30.7, 2
2018-11-12 15:52:43 (2430475754940) STATS - 30.8, 3
2018-11-12 15:52:43 (2430475835542) STATS - 30.9, 3
2018-11-12 15:52:43 (2430475912744) STATS - 31.0, 10
2018-11-12 15:52:43 (2430475991647) STATS - 31.1, 5
2018-11-12 15:52:43 (2430476086849) STATS - 31.2, 6
2018-11-12 15:52:43 (2430476185352) STATS - 31.3, 11
2018-11-12 15:52:43 (2430476293756) STATS - 31.4, 2
2018-11-12 15:52:43 (2430476373258) STATS - 31.5, 7
2018-11-12 15:52:43 (2430476470961) STATS - 31.6, 7
2018-11-12 15:52:43 (2430476570164) STATS - 31.7, 9
2018-11-12 15:52:43 (2430476711368) STATS - 31.8, 5
2018-11-12 15:52:43 (2430476789370) STATS - 31.9, 6
2018-11-12 15:52:43 (2430476865373) STATS - 32.0, 9
2018-11-12 15:52:43 (2430476943575) STATS - 32.1, 9
2018-11-12 15:52:43 (2430477022677) STATS - 32.2, 11
2018-11-12 15:52:43 (2430477104580) STATS - 32.3, 16
2018-11-12 15:52:43 (2430477184382) STATS - 32.4, 7
2018-11-12 15:52:43 (2430477264284) STATS - 32.5, 10
2018-11-12 15:52:43 (2430484539800) STATS - 32.6, 12
2018-11-12 15:52:43 (2430484735906) STATS - 32.7, 12
2018-11-12 15:52:43 (2430484823509) STATS - 32.8, 5
2018-11-12 15:52:43 (2430484895611) STATS - 32.9, 7
2018-11-12 15:52:43 (2430484964113) STATS - 33.0, 4
2018-11-12 15:52:43 (2430485045715) STATS - 33.1, 5
2018-11-12 15:52:43 (2430485120018) STATS - 33.2, 11
2018-11-12 15:52:43 (2430485194920) STATS - 33.3, 12
2018-11-12 15:52:43 (2430485270822) STATS - 33.4, 4
2018-11-12 15:52:43 (2430485382625) STATS - 33.5, 6
2018-11-12 15:52:43 (2430485573531) STATS - 33.6, 8
2018-11-12 15:52:43 (2430485657134) STATS - 33.7, 6
2018-11-12 15:52:43 (2430485738236) STATS - 33.8, 6
2018-11-12 15:52:43 (2430485827939) STATS - 33.9, 6
2018-11-12 15:52:43 (2430485909141) STATS - 34.0, 7
2018-11-12 15:52:43 (2430485989143) STATS - 34.1, 3
2018-11-12 15:52:43 (2430486057745) STATS - 34.2, 1
2018-11-12 15:52:43 (2430486139948) STATS - 34.3, 0
2018-11-12 15:52:43 (2430486230451) STATS - 34.4, 8
2018-11-12 15:52:43 (2430486374455) STATS - 34.5, 3
2018-11-12 15:52:43 (2430486473458) STATS - 34.6, 4
2018-11-12 15:52:43 (2430486555560) STATS - 34.7, 5
2018-11-12 15:52:43 (2430486702665) STATS - 34.8, 6
2018-11-12 15:52:43 (2430486793667) STATS - 34.9, 5
2018-11-12 15:52:43 (2430486876870) STATS - 35.0, 10
2018-11-12 15:52:43 (2430486977573) STATS - 35.1, 12
2018-11-12 15:52:43 (2430487074276) STATS - 35.2, 6
2018-11-12 15:52:43 (2430487165278) STATS - 35.3, 10
2018-11-12 15:52:43 (2430487242681) STATS - 35.4, 6
2018-11-12 15:52:43 (2430494027382) STATS - 35.5, 8
2018-11-12 15:52:43 (2430494142185) STATS - 35.6, 8
2018-11-12 15:52:43 (2430494228588) STATS - 35.7, 11
2018-11-12 15:52:43 (2430494301890) STATS - 35.8, 8
2018-11-12 15:52:43 (2430494372192) STATS - 35.9, 4
2018-11-12 15:52:43 (2430494438194) STATS - 36.0, 8
2018-11-12 15:52:43 (2430494506196) STATS - 36.1, 8
2018-11-12 15:52:43 (2430494574698) STATS - 36.2, 3
2018-11-12 15:52:43 (2430494675801) STATS - 36.3, 1
2018-11-12 15:52:43 (2430494746303) STATS - 36.4, 4
2018-11-12 15:52:43 (2430494901308) STATS - 36.5, 2
2018-11-12 15:52:43 (2430494982210) STATS - 36.6, 2
2018-11-12 15:52:43 (2430495091014) STATS - 36.7, 3
2018-11-12 15:52:43 (2430495194917) STATS - 36.8, 3
2018-11-12 15:52:43 (2430495303320) STATS - 36.9, 2
2018-11-12 15:52:43 (2430495373022) STATS - 37.0, 2
2018-11-12 15:52:43 (2430495444824) STATS - 37.1, 2
2018-11-12 15:52:43 (2430495516726) STATS - 37.2, 2
2018-11-12 15:52:43 (2430495589228) STATS - 37.3, 0
2018-11-12 15:52:43 (2430495719732) STATS - 37.4, 0
2018-11-12 15:52:43 (2430495803735) STATS - 37.5, 3
2018-11-12 15:52:43 (2430495915038) STATS - 37.6, 0
2018-11-12 15:52:43 (2430496024441) STATS - 37.7, 0
2018-11-12 15:52:43 (2430496102244) STATS - 37.8, 0
2018-11-12 15:52:43 (2430496185946) STATS - 37.9, 0
2018-11-12 15:52:43 (2430496261948) STATS - 38.0, 0
2018-11-12 15:52:43 (2430496329050) STATS - 38.1, 0
2018-11-12 15:52:43 (2430496399552) STATS - 38.2, 0
2018-11-12 15:52:43 (2430496470354) STATS - 38.3, 0
2018-11-12 15:52:43 (2430496565657) STATS - 38.4, 0
2018-11-12 15:52:43 (2430496637659) STATS - 38.5, 3
2018-11-12 15:52:43 (2430496707662) STATS - 38.6, 1
2018-11-12 15:52:43 (2430496811965) STATS - 38.7, 3
2018-11-12 15:52:43 (2430503647968) STATS - 38.8, 3
2018-11-12 15:52:43 (2430503757571) STATS - 38.9, 2
2018-11-12 15:52:43 (2430503830073) STATS - 39.0, 5
2018-11-12 15:52:43 (2430503956477) STATS - 39.1, 0
2018-11-12 15:52:43 (2430504033779) STATS - 39.2, 2
2018-11-12 15:52:43 (2430504126182) STATS - 39.3, 3
2018-11-12 15:52:43 (2430504192484) STATS - 39.4, 1
2018-11-12 15:52:43 (2430504257186) STATS - 39.5, 4
2018-11-12 15:52:43 (2430504321788) STATS - 39.6, 2
2018-11-12 15:52:43 (2430504416690) STATS - 39.7, 0
2018-11-12 15:52:43 (2430504479292) STATS - 39.8, 2
2018-11-12 15:52:43 (2430504538094) STATS - 39.9, 0
2018-11-12 15:52:43 (2430504596396) STATS - 40.0, 0
2018-11-12 15:52:43 (2430504655097) STATS - 40.1, 0
2018-11-12 15:52:43 (2430504714499) STATS - 40.2, 0
2018-11-12 15:52:43 (2430504773501) STATS - 40.3, 1
2018-11-12 15:52:43 (2430504832303) STATS - 40.4, 0
2018-11-12 15:52:43 (2430504889404) STATS - 40.5, 2
2018-11-12 15:52:43 (2430504960706) STATS - 40.6, 0
2018-11-12 15:52:43 (2430505028108) STATS - 40.7, 1
2018-11-12 15:52:43 (2430505101011) STATS - 40.8, 0
2018-11-12 15:52:43 (2430505175313) STATS - 40.9, 1
2018-11-12 15:52:43 (2430505235615) STATS - 41.0, 2
2018-11-12 15:52:43 (2430505297416) STATS - 41.1, 1
2018-11-12 15:52:43 (2430505391219) STATS - 41.2, 0
2018-11-12 15:52:43 (2430505492222) STATS - 41.3, 0
2018-11-12 15:52:43 (2430505566924) STATS - 41.4, 1
2018-11-12 15:52:43 (2430505640527) STATS - 41.5, 2
2018-11-12 15:52:43 (2430505705629) STATS - 41.6, 1
2018-11-12 15:52:43 (2430505780031) STATS - 41.7, 1
2018-11-12 15:52:43 (2430505849933) STATS - 41.8, 0
2018-11-12 15:52:43 (2430505916735) STATS - 41.9, 0
2018-11-12 15:52:43 (2430505969636) STATS - 42.0, 0
2018-11-12 15:52:43 (2430506059439) STATS - 42.1, 0
2018-11-12 15:52:43 (2430506130641) STATS - 42.2, 1
2018-11-12 15:52:43 (2430506251245) STATS - 42.3, 0
2018-11-12 15:52:43 (2430506321647) STATS - 42.4, 0
2018-11-12 15:52:43 (2430506405149) STATS - 42.5, 0
2018-11-12 15:52:43 (2430506474051) STATS - 42.6, 0
2018-11-12 15:52:43 (2430513370056) STATS - 42.7, 0
2018-11-12 15:52:43 (2430513449958) STATS - 42.8, 0
2018-11-12 15:52:43 (2430513542861) STATS - 42.9, 0
2018-11-12 15:52:43 (2430513610963) STATS - 43.0, 0
2018-11-12 15:52:43 (2430513679665) STATS - 43.1, 1
2018-11-12 15:52:43 (2430513950673) STATS - 43.2, 0
2018-11-12 15:52:43 (2430514016275) STATS - 43.3, 0
2018-11-12 15:52:43 (2430514079377) STATS - 43.4, 0
2018-11-12 15:52:43 (2430514146279) STATS - 43.5, 0
2018-11-12 15:52:43 (2430514303784) STATS - 43.6, 0
2018-11-12 15:52:43 (2430514374586) STATS - 43.7, 0
2018-11-12 15:52:43 (2430514438488) STATS - 43.8, 0
2018-11-12 15:52:43 (2430514501690) STATS - 43.9, 0
2018-11-12 15:52:43 (2430514561691) STATS - 44.0, 0
2018-11-12 15:52:43 (2430514623393) STATS - 44.1, 0
2018-11-12 15:52:43 (2430514687395) STATS - 44.2, 0
2018-11-12 15:52:43 (2430514749997) STATS - 44.3, 0
2018-11-12 15:52:43 (2430514811899) STATS - 44.4, 0
2018-11-12 15:52:43 (2430514873601) STATS - 44.5, 0
2018-11-12 15:52:43 (2430514934703) STATS - 44.6, 0
2018-11-12 15:52:43 (2430514995504) STATS - 44.7, 0
2018-11-12 15:52:43 (2430515057206) STATS - 44.8, 0
2018-11-12 15:52:43 (2430515119008) STATS - 44.9, 0
2018-11-12 15:52:43 (2430515177610) STATS - 45.0, 0
2018-11-12 15:52:43 (2430515263712) STATS - 45.1, 0
2018-11-12 15:52:43 (2430515370915) STATS - 45.2, 1
2018-11-12 15:52:43 (2430515433917) STATS - 45.3, 0
2018-11-12 15:52:43 (2430515494919) STATS - 45.4, 0
2018-11-12 15:52:43 (2430515553621) STATS - 45.5, 0
2018-11-12 15:52:43 (2430515612223) STATS - 45.6, 0
2018-11-12 15:52:43 (2430515669824) STATS - 45.7, 0
2018-11-12 15:52:43 (2430515728126) STATS - 45.8, 0
2018-11-12 15:52:43 (2430515790328) STATS - 45.9, 0
2018-11-12 15:52:43 (2430515847430) STATS - 46.0, 0
2018-11-12 15:52:43 (2430515905531) STATS - 46.1, 1
2018-11-12 15:52:43 (2430515963533) STATS - 46.2, 0
2018-11-12 15:52:43 (2430516071136) STATS - 46.3, 0
2018-11-12 15:52:43 (2430516128938) STATS - 46.4, 1
2018-11-12 15:52:43 (2430516185040) STATS - 46.5, 0
2018-11-12 15:52:43 (2430522864338) STATS - 46.6, 0
2018-11-12 15:52:43 (2430523012742) STATS - 46.7, 0
2018-11-12 15:52:43 (2430523107645) STATS - 46.8, 0
2018-11-12 15:52:43 (2430523174747) STATS - 46.9, 0
2018-11-12 15:52:43 (2430523230849) STATS - 47.0, 2
2018-11-12 15:52:43 (2430523286650) STATS - 47.1, 0
2018-11-12 15:52:43 (2430523361553) STATS - 47.2, 0
2018-11-12 15:52:43 (2430523418654) STATS - 47.3, 0
2018-11-12 15:52:43 (2430523488656) STATS - 47.4, 0
2018-11-12 15:52:43 (2430523542858) STATS - 47.5, 0
2018-11-12 15:52:43 (2430523605160) STATS - 47.6, 0
2018-11-12 15:52:43 (2430523721263) STATS - 47.7, 0
2018-11-12 15:52:43 (2430523780965) STATS - 47.8, 0
2018-11-12 15:52:43 (2430523836767) STATS - 47.9, 0
2018-11-12 15:52:43 (2430523889168) STATS - 48.0, 0
2018-11-12 15:52:43 (2430523943070) STATS - 48.1, 0
2018-11-12 15:52:43 (2430523996572) STATS - 48.2, 0
2018-11-12 15:52:43 (2430524074474) STATS - 48.3, 0
2018-11-12 15:52:43 (2430524132576) STATS - 48.4, 0
2018-11-12 15:52:43 (2430524186777) STATS - 48.5, 0
2018-11-12 15:52:43 (2430524240879) STATS - 48.6, 0
2018-11-12 15:52:43 (2430524295780) STATS - 48.7, 0
2018-11-12 15:52:43 (2430524377683) STATS - 48.8, 0
2018-11-12 15:52:43 (2430524435185) STATS - 48.9, 0
2018-11-12 15:52:43 (2430524486386) STATS - 49.0, 0
2018-11-12 15:52:43 (2430524540288) STATS - 49.1, 0
2018-11-12 15:52:43 (2430524610790) STATS - 49.2, 0
2018-11-12 15:52:43 (2430524686692) STATS - 49.3, 1
2018-11-12 15:52:43 (2430524760894) STATS - 49.4, 0
2018-11-12 15:52:43 (2430524970100) STATS - 49.5, 0
2018-11-12 15:52:43 (2430525127705) STATS - 49.6, 0
2018-11-12 15:52:43 (2430525201707) STATS - 49.7, 1
2018-11-12 15:52:43 (2430525260009) STATS - 49.8, 0
2018-11-12 15:52:43 (2430525315511) STATS - 49.9, 0
2018-11-12 15:52:43 (2430525368712) STATS - 50.0, 0
2018-11-12 15:52:43 (2430525435014) STATS - 50.1, 0
2018-11-12 15:52:43 (2430525492816) STATS - 50.2, 0
2018-11-12 15:52:43 (2430525583419) STATS - 50.3, 0
2018-11-12 15:52:43 (2430525637620) STATS - 50.4, 0
2018-11-12 15:52:43 (2430525701222) STATS - 50.5, 0
2018-11-12 15:52:43 (2430532537625) STATS - 50.6, 0
2018-11-12 15:52:43 (2430532605127) STATS - 50.7, 0
2018-11-12 15:52:43 (2430532678629) STATS - 50.8, 0
2018-11-12 15:52:43 (2430532733431) STATS - 50.9, 0
2018-11-12 15:52:43 (2430532793833) STATS - 51.0, 0
2018-11-12 15:52:43 (2430532939337) STATS - 51.1, 0
2018-11-12 15:52:43 (2430533026940) STATS - 51.2, 0
2018-11-12 15:52:43 (2430533090141) STATS - 51.3, 0
2018-11-12 15:52:43 (2430533186344) STATS - 51.4, 0
2018-11-12 15:52:43 (2430533240346) STATS - 51.5, 0
2018-11-12 15:52:43 (2430533296048) STATS - 51.6, 0
2018-11-12 15:52:43 (2430533371650) STATS - 51.7, 0
2018-11-12 15:52:43 (2430533428151) STATS - 51.8, 0
2018-11-12 15:52:43 (2430533480353) STATS - 51.9, 0
2018-11-12 15:52:43 (2430533540755) STATS - 52.0, 0
2018-11-12 15:52:43 (2430533590356) STATS - 52.1, 0
2018-11-12 15:52:43 (2430533638958) STATS - 52.2, 0
2018-11-12 15:52:43 (2430533687859) STATS - 52.3, 0
2018-11-12 15:52:43 (2430533737361) STATS - 52.4, 0
2018-11-12 15:52:43 (2430533790962) STATS - 52.5, 0
2018-11-12 15:52:43 (2430533853664) STATS - 52.6, 0
2018-11-12 15:52:43 (2430533901866) STATS - 52.7, 0
2018-11-12 15:52:43 (2430533951367) STATS - 52.8, 0
2018-11-12 15:52:43 (2430534012269) STATS - 52.9, 0
2018-11-12 15:52:43 (2430534068770) STATS - 53.0, 0
2018-11-12 15:52:43 (2430534118572) STATS - 53.1, 0
2018-11-12 15:52:43 (2430534166273) STATS - 53.2, 0
2018-11-12 15:52:43 (2430534214075) STATS - 53.3, 0
2018-11-12 15:52:43 (2430534262376) STATS - 53.4, 0
2018-11-12 15:52:43 (2430534310078) STATS - 53.5, 0
2018-11-12 15:52:43 (2430534357479) STATS - 53.6, 0
2018-11-12 15:52:43 (2430534404980) STATS - 53.7, 0
2018-11-12 15:52:43 (2430534452082) STATS - 53.8, 0
2018-11-12 15:52:43 (2430534509184) STATS - 53.9, 0
2018-11-12 15:52:43 (2430534553785) STATS - 54.0, 0
2018-11-12 15:52:43 (2430534599886) STATS - 54.1, 0
2018-11-12 15:52:43 (2430534645888) STATS - 54.2, 0
2018-11-12 15:52:43 (2430534692389) STATS - 54.3, 0
2018-11-12 15:52:43 (2430534738790) STATS - 54.4, 0
2018-11-12 15:52:43 (2430534784892) STATS - 54.5, 0
2018-11-12 15:52:43 (2430534840193) STATS - 54.6, 0
2018-11-12 15:52:43 (2430534884495) STATS - 54.7, 0
2018-11-12 15:52:43 (2430534928896) STATS - 54.8, 0
2018-11-12 15:52:43 (2430534973197) STATS - 54.9, 0
2018-11-12 15:52:43 (2430535015299) STATS - 55.0, 0
2018-11-12 15:52:43 (2430535069800) STATS - 55.1, 0
2018-11-12 15:52:43 (2430535128102) STATS - 55.2, 0
2018-11-12 15:52:43 (2430535209604) STATS - 55.3, 0
2018-11-12 15:52:43 (2430535274906) STATS - 55.4, 0
2018-11-12 15:52:43 (2430542093609) STATS - 55.5, 0
2018-11-12 15:52:43 (2430542218412) STATS - 55.6, 0
2018-11-12 15:52:43 (2430542297615) STATS - 55.7, 0
2018-11-12 15:52:43 (2430542348116) STATS - 55.8, 0
2018-11-12 15:52:43 (2430542394618) STATS - 55.9, 0
2018-11-12 15:52:43 (2430542473220) STATS - 56.0, 0
2018-11-12 15:52:43 (2430542522821) STATS - 56.1, 0
2018-11-12 15:52:43 (2430542583223) STATS - 56.2, 0
2018-11-12 15:52:43 (2430542630225) STATS - 56.3, 0
2018-11-12 15:52:43 (2430542678726) STATS - 56.4, 0
2018-11-12 15:52:43 (2430542724627) STATS - 56.5, 0
2018-11-12 15:52:43 (2430542769429) STATS - 56.6, 0
2018-11-12 15:52:43 (2430542841431) STATS - 56.7, 0
2018-11-12 15:52:43 (2430542926933) STATS - 56.8, 0
2018-11-12 15:52:43 (2430542970535) STATS - 56.9, 0
2018-11-12 15:52:43 (2430543046537) STATS - 57.0, 0
2018-11-12 15:52:43 (2430543105039) STATS - 57.1, 0
2018-11-12 15:52:43 (2430543147840) STATS - 57.2, 0
2018-11-12 15:52:43 (2430543191041) STATS - 57.3, 0
2018-11-12 15:52:43 (2430543233543) STATS - 57.4, 0
2018-11-12 15:52:43 (2430543276444) STATS - 57.5, 0
2018-11-12 15:52:43 (2430543319145) STATS - 57.6, 0
2018-11-12 15:52:43 (2430543361746) STATS - 57.7, 0
2018-11-12 15:52:43 (2430543403748) STATS - 57.8, 0
2018-11-12 15:52:43 (2430543468950) STATS - 57.9, 0
2018-11-12 15:52:43 (2430543518751) STATS - 58.0, 0
2018-11-12 15:52:43 (2430543619454) STATS - 58.1, 0
2018-11-12 15:52:43 (2430543669455) STATS - 58.2, 0
2018-11-12 15:52:43 (2430543712957) STATS - 58.3, 0
2018-11-12 15:52:43 (2430543756558) STATS - 58.4, 0
2018-11-12 15:52:43 (2430543799459) STATS - 58.5, 0
2018-11-12 15:52:43 (2430543842761) STATS - 58.6, 0
2018-11-12 15:52:43 (2430543897262) STATS - 58.7, 0
2018-11-12 15:52:43 (2430543961564) STATS - 58.8, 0
2018-11-12 15:52:43 (2430544016266) STATS - 58.9, 0
2018-11-12 15:52:43 (2430544069667) STATS - 59.0, 0
2018-11-12 15:52:43 (2430544123869) STATS - 59.1, 0
2018-11-12 15:52:43 (2430544180971) STATS - 59.2, 0
2018-11-12 15:52:43 (2430544226272) STATS - 59.3, 0
2018-11-12 15:52:43 (2430544270773) STATS - 59.4, 0
2018-11-12 15:52:43 (2430544313775) STATS - 59.5, 0
2018-11-12 15:52:43 (2430544356276) STATS - 59.6, 0
2018-11-12 15:52:43 (2430544398177) STATS - 59.7, 0
2018-11-12 15:52:43 (2430544441178) STATS - 59.8, 0
2018-11-12 15:52:43 (2430544504980) STATS - 59.9, 0
2018-11-12 15:52:43 (2430544544481) STATS - 60.0, 0
2018-11-12 15:52:43 (2430544588183) STATS - 60.1, 0
2018-11-12 15:52:43 (2430544639484) STATS - 60.2, 0
2018-11-12 15:52:43 (2430544700786) STATS - 60.3, 0
2018-11-12 15:52:43 (2430544740987) STATS - 60.4, 0
2018-11-12 15:52:43 (2430544779988) STATS - 60.5, 0
2018-11-12 15:52:43 (2430544818490) STATS - 60.6, 0
2018-11-12 15:52:43 (2430544857091) STATS - 60.7, 0
2018-11-12 15:52:43 (2430544895792) STATS - 60.8, 0
2018-11-12 15:52:43 (2430551817197) STATS - 60.9, 0
2018-11-12 15:52:43 (2430551877499) STATS - 61.0, 0
2018-11-12 15:52:43 (2430551947001) STATS - 61.1, 0
2018-11-12 15:52:43 (2430552030904) STATS - 61.2, 0
2018-11-12 15:52:43 (2430552079505) STATS - 61.3, 0
2018-11-12 15:52:43 (2430552121006) STATS - 61.4, 0
2018-11-12 15:52:43 (2430552161308) STATS - 61.5, 0
2018-11-12 15:52:43 (2430552201009) STATS - 61.6, 0
2018-11-12 15:52:43 (2430552240610) STATS - 61.7, 0
2018-11-12 15:52:43 (2430552279911) STATS - 61.8, 0
2018-11-12 15:52:43 (2430552398915) STATS - 61.9, 0
2018-11-12 15:52:43 (2430552496917) STATS - 62.0, 0
2018-11-12 15:52:43 (2430552551119) STATS - 62.1, 0
2018-11-12 15:52:43 (2430552663722) STATS - 62.2, 0
2018-11-12 15:52:43 (2430552803327) STATS - 62.3, 0
2018-11-12 15:52:43 (2430552877029) STATS - 62.4, 0
2018-11-12 15:52:43 (2430552923930) STATS - 62.5, 0
2018-11-12 15:52:43 (2430552963831) STATS - 62.6, 0
2018-11-12 15:52:43 (2430553002832) STATS - 62.7, 0
2018-11-12 15:52:43 (2430553041534) STATS - 62.8, 0
2018-11-12 15:52:43 (2430553080535) STATS - 62.9, 0
2018-11-12 15:52:43 (2430553119236) STATS - 63.0, 0
2018-11-12 15:52:43 (2430553169937) STATS - 63.1, 0
2018-11-12 15:52:43 (2430553243840) STATS - 63.2, 0
2018-11-12 15:52:43 (2430553283641) STATS - 63.3, 0
2018-11-12 15:52:43 (2430553331242) STATS - 63.4, 0
2018-11-12 15:52:43 (2430553378644) STATS - 63.5, 0
2018-11-12 15:52:43 (2430553427645) STATS - 63.6, 0
2018-11-12 15:52:43 (2430553464946) STATS - 63.7, 0
2018-11-12 15:52:43 (2430553505247) STATS - 63.8, 0
2018-11-12 15:52:43 (2430553545749) STATS - 63.9, 0
2018-11-12 15:52:43 (2430553584850) STATS - 64.0, 0
2018-11-12 15:52:43 (2430553635351) STATS - 64.1, 0
2018-11-12 15:52:43 (2430553685153) STATS - 64.2, 0
2018-11-12 15:52:43 (2430553745655) STATS - 64.3, 0
2018-11-12 15:52:43 (2430553819557) STATS - 64.4, 0
2018-11-12 15:52:43 (2430553884059) STATS - 64.5, 0
2018-11-12 15:52:43 (2430553926460) STATS - 64.6, 0
2018-11-12 15:52:43 (2430553964261) STATS - 64.7, 0
2018-11-12 15:52:43 (2430554001962) STATS - 64.8, 0
2018-11-12 15:52:43 (2430554039463) STATS - 64.9, 0
2018-11-12 15:52:43 (2430554078864) STATS - 65.0, 0
2018-11-12 15:52:43 (2430554116866) STATS - 65.1, 0
2018-11-12 15:52:43 (2430554154767) STATS - 65.2, 0
2018-11-12 15:52:43 (2430554214368) STATS - 65.3, 0
2018-11-12 15:52:43 (2430554288771) STATS - 65.4, 0
2018-11-12 15:52:43 (2430554335372) STATS - 65.5, 0
2018-11-12 15:52:43 (2430554398774) STATS - 65.6, 0
2018-11-12 15:52:43 (2430554439675) STATS - 65.7, 0
2018-11-12 15:52:43 (2430554491277) STATS - 65.8, 0
2018-11-12 15:52:43 (2430554529678) STATS - 65.9, 0
2018-11-12 15:52:43 (2430554566079) STATS - 66.0, 0
2018-11-12 15:52:43 (2430561439783) STATS - 66.1, 0
2018-11-12 15:52:43 (2430561526686) STATS - 66.2, 0
2018-11-12 15:52:43 (2430561569187) STATS - 66.3, 0
2018-11-12 15:52:43 (2430561656689) STATS - 66.4, 0
2018-11-12 15:52:43 (2430561733492) STATS - 66.5, 0
2018-11-12 15:52:43 (2430561778693) STATS - 66.6, 0
2018-11-12 15:52:43 (2430561818594) STATS - 66.7, 0
2018-11-12 15:52:43 (2430561856095) STATS - 66.8, 0
2018-11-12 15:52:43 (2430561892596) STATS - 66.9, 0
2018-11-12 15:52:43 (2430561927397) STATS - 67.0, 0
2018-11-12 15:52:43 (2430561963798) STATS - 67.1, 0
2018-11-12 15:52:43 (2430561998700) STATS - 67.2, 0
2018-11-12 15:52:43 (2430562033201) STATS - 67.3, 0
2018-11-12 15:52:43 (2430562067702) STATS - 67.4, 0
2018-11-12 15:52:43 (2430562102803) STATS - 67.5, 0
2018-11-12 15:52:43 (2430562137704) STATS - 67.6, 0
2018-11-12 15:52:43 (2430562172205) STATS - 67.7, 0
2018-11-12 15:52:43 (2430562206606) STATS - 67.8, 0
2018-11-12 15:52:43 (2430562240907) STATS - 67.9, 0
2018-11-12 15:52:43 (2430562274108) STATS - 68.0, 0
2018-11-12 15:52:43 (2430562309109) STATS - 68.1, 0
2018-11-12 15:52:43 (2430562344410) STATS - 68.2, 0
2018-11-12 15:52:43 (2430562379611) STATS - 68.3, 0
2018-11-12 15:52:43 (2430562416212) STATS - 68.4, 0
2018-11-12 15:52:43 (2430563493444) STATS - 68.5, 0
2018-11-12 15:52:43 (2430563553946) STATS - 68.6, 0
2018-11-12 15:52:43 (2430563593847) STATS - 68.7, 0
2018-11-12 15:52:43 (2430563631548) STATS - 68.8, 0
2018-11-12 15:52:43 (2430563672649) STATS - 68.9, 0
2018-11-12 15:52:43 (2430563729051) STATS - 69.0, 0
2018-11-12 15:52:43 (2430563762852) STATS - 69.1, 0
2018-11-12 15:52:43 (2430563843654) STATS - 69.2, 0
2018-11-12 15:52:43 (2430563897656) STATS - 69.3, 0
2018-11-12 15:52:43 (2430563936257) STATS - 69.4, 0
2018-11-12 15:52:43 (2430563972158) STATS - 69.5, 0
2018-11-12 15:52:43 (2430564020960) STATS - 69.6, 0
2018-11-12 15:52:43 (2430564062161) STATS - 69.7, 0
2018-11-12 15:52:43 (2430564123363) STATS - 69.8, 0
2018-11-12 15:52:43 (2430564163464) STATS - 69.9, 0
2018-11-12 15:52:43 (2430564198465) STATS - 70.0, 0
2018-11-12 15:52:43 (2430564236466) STATS - 70.1, 0
2018-11-12 15:52:43 (2430564272767) STATS - 70.2, 0
2018-11-12 15:52:43 (2430564308668) STATS - 70.3, 0
2018-11-12 15:52:43 (2430564343669) STATS - 70.4, 0
2018-11-12 15:52:43 (2430564378270) STATS - 70.5, 0
2018-11-12 15:52:43 (2430564413171) STATS - 70.6, 0
2018-11-12 15:52:43 (2430564453172) STATS - 70.7, 0
2018-11-12 15:52:43 (2430564535575) STATS - 70.8, 0
2018-11-12 15:52:43 (2430564581476) STATS - 70.9, 0
2018-11-12 15:52:43 (2430564645678) STATS - 71.0, 0
2018-11-12 15:52:43 (2430564684179) STATS - 71.1, 0
2018-11-12 15:52:43 (2430564719680) STATS - 71.2, 0
2018-11-12 15:52:43 (2430564757281) STATS - 71.3, 0
2018-11-12 15:52:43 (2430564793882) STATS - 71.4, 0
2018-11-12 15:52:43 (2430564829384) STATS - 71.5, 0
2018-11-12 15:52:43 (2430564864385) STATS - 71.6, 0
2018-11-12 15:52:43 (2430564898786) STATS - 71.7, 0
2018-11-12 15:52:43 (2430564934287) STATS - 71.8, 0
2018-11-12 15:52:43 (2430564968888) STATS - 71.9, 0
2018-11-12 15:52:43 (2430565002089) STATS - 72.0, 0
2018-11-12 15:52:43 (2430565057990) STATS - 72.1, 0
2018-11-12 15:52:43 (2430565089291) STATS - 72.2, 0
2018-11-12 15:52:43 (2430565120592) STATS - 72.3, 0
2018-11-12 15:52:43 (2430565151393) STATS - 72.4, 0
2018-11-12 15:52:43 (2430565239396) STATS - 72.5, 0
2018-11-12 15:52:43 (2430570969366) STATS - 72.6, 0
2018-11-12 15:52:43 (2430571054768) STATS - 72.7, 0
2018-11-12 15:52:43 (2430571100370) STATS - 72.8, 0
2018-11-12 15:52:43 (2430571136971) STATS - 72.9, 0
2018-11-12 15:52:43 (2430571170472) STATS - 73.0, 0
2018-11-12 15:52:43 (2430571205173) STATS - 73.1, 0
2018-11-12 15:52:43 (2430571239474) STATS - 73.2, 0
2018-11-12 15:52:43 (2430571273775) STATS - 73.3, 0
2018-11-12 15:52:43 (2430571307776) STATS - 73.4, 0
2018-11-12 15:52:43 (2430571365278) STATS - 73.5, 0
2018-11-12 15:52:43 (2430571399679) STATS - 73.6, 0
2018-11-12 15:52:43 (2430571445980) STATS - 73.7, 0
2018-11-12 15:52:43 (2430571532583) STATS - 73.8, 0
2018-11-12 15:52:43 (2430571571884) STATS - 73.9, 0
2018-11-12 15:52:43 (2430571603585) STATS - 74.0, 0
2018-11-12 15:52:43 (2430571636886) STATS - 74.1, 0
2018-11-12 15:52:43 (2430571669987) STATS - 74.2, 0
2018-11-12 15:52:43 (2430571703288) STATS - 74.3, 0
2018-11-12 15:52:43 (2430571741289) STATS - 74.4, 0
2018-11-12 15:52:43 (2430571774790) STATS - 74.5, 0
2018-11-12 15:52:43 (2430571807991) STATS - 74.6, 0
2018-11-12 15:52:43 (2430571840692) STATS - 74.7, 0
2018-11-12 15:52:43 (2430571873193) STATS - 74.8, 0
2018-11-12 15:52:43 (2430571912194) STATS - 74.9, 0
2018-11-12 15:52:43 (2430571944095) STATS - 75.0, 0
2018-11-12 15:52:43 (2430572061698) STATS - 75.1, 0
2018-11-12 15:52:43 (2430572126900) STATS - 75.2, 0
2018-11-12 15:52:43 (2430572165601) STATS - 75.3, 0
2018-11-12 15:52:43 (2430572200902) STATS - 75.4, 0
2018-11-12 15:52:43 (2430572235903) STATS - 75.5, 0
2018-11-12 15:52:43 (2430572270604) STATS - 75.6, 0
2018-11-12 15:52:43 (2430572304505) STATS - 75.7, 0
2018-11-12 15:52:43 (2430572338206) STATS - 75.8, 0
2018-11-12 15:52:43 (2430572372207) STATS - 75.9, 0
2018-11-12 15:52:43 (2430572426909) STATS - 76.0, 0
2018-11-12 15:52:43 (2430572460010) STATS - 76.1, 0
2018-11-12 15:52:43 (2430572492811) STATS - 76.2, 0
2018-11-12 15:52:43 (2430572525212) STATS - 76.3, 0
2018-11-12 15:52:43 (2430572557413) STATS - 76.4, 0
2018-11-12 15:52:43 (2430572589814) STATS - 76.5, 0
2018-11-12 15:52:43 (2430572634115) STATS - 76.6, 0
2018-11-12 15:52:43 (2430572668316) STATS - 76.7, 0
2018-11-12 15:52:43 (2430572704517) STATS - 76.8, 0
2018-11-12 15:52:43 (2430572737918) STATS - 76.9, 0
2018-11-12 15:52:43 (2430572769019) STATS - 77.0, 0
2018-11-12 15:52:43 (2430572801920) STATS - 77.1, 0
2018-11-12 15:52:43 (2430572835321) STATS - 77.2, 0
2018-11-12 15:52:43 (2430572868422) STATS - 77.3, 0
2018-11-12 15:52:43 (2430572910823) STATS - 77.4, 0
2018-11-12 15:52:43 (2430572942224) STATS - 77.5, 0
2018-11-12 15:52:43 (2430572974325) STATS - 77.6, 0
2018-11-12 15:52:43 (2430573005826) STATS - 77.7, 0
2018-11-12 15:52:43 (2430573037227) STATS - 77.8, 0
2018-11-12 15:52:43 (2430573068628) STATS - 77.9, 0
2018-11-12 15:52:43 (2430573098829) STATS - 78.0, 0
2018-11-12 15:52:43 (2430573132930) STATS - 78.1, 0
2018-11-12 15:52:43 (2430573165431) STATS - 78.2, 0
2018-11-12 15:52:43 (2430573198832) STATS - 78.3, 0
2018-11-12 15:52:43 (2430573232733) STATS - 78.4, 0
2018-11-12 15:52:43 (2430573266834) STATS - 78.5, 0
2018-11-12 15:52:43 (2430573300235) STATS - 78.6, 0
2018-11-12 15:52:43 (2430573331936) STATS - 78.7, 0
2018-11-12 15:52:43 (2430573417138) STATS - 78.8, 0
2018-11-12 15:52:43 (2430573457640) STATS - 78.9, 0
2018-11-12 15:52:43 (2430573490341) STATS - 79.0, 0
2018-11-12 15:52:43 (2430573525142) STATS - 79.1, 0
2018-11-12 15:52:43 (2430573559643) STATS - 79.2, 0
2018-11-12 15:52:43 (2430573638345) STATS - 79.3, 0
2018-11-12 15:52:43 (2430573675446) STATS - 79.4, 0
2018-11-12 15:52:43 (2430573709547) STATS - 79.5, 0
2018-11-12 15:52:43 (2430573744048) STATS - 79.6, 0
2018-11-12 15:52:43 (2430573777749) STATS - 79.7, 0
2018-11-12 15:52:43 (2430580638853) STATS - 79.8, 0
2018-11-12 15:52:43 (2430580760356) STATS - 79.9, 0
2018-11-12 15:52:43 (2430580810958) STATS - 80.0, 0
2018-11-12 15:52:43 (2430580905761) STATS - 80.1, 0
2018-11-12 15:52:43 (2430580952862) STATS - 80.2, 0
2018-11-12 15:52:43 (2430580992863) STATS - 80.3, 0
2018-11-12 15:52:43 (2430581020864) STATS - 80.4, 0
2018-11-12 15:52:43 (2430581059465) STATS - 80.5, 0
2018-11-12 15:52:43 (2430581099366) STATS - 80.6, 0
2018-11-12 15:52:43 (2430581127267) STATS - 80.7, 0
2018-11-12 15:52:43 (2430581155368) STATS - 80.8, 0
2018-11-12 15:52:43 (2430581182869) STATS - 80.9, 0
2018-11-12 15:52:43 (2430581210770) STATS - 81.0, 0
2018-11-12 15:52:43 (2430581239271) STATS - 81.1, 0
2018-11-12 15:52:43 (2430581269172) STATS - 81.2, 0
2018-11-12 15:52:43 (2430581298572) STATS - 81.3, 0
2018-11-12 15:52:43 (2430581326673) STATS - 81.4, 0
2018-11-12 15:52:43 (2430581353874) STATS - 81.5, 0
2018-11-12 15:52:43 (2430581381675) STATS - 81.6, 0
2018-11-12 15:52:43 (2430581409376) STATS - 81.7, 0
2018-11-12 15:52:43 (2430581437677) STATS - 81.8, 0
2018-11-12 15:52:43 (2430581465677) STATS - 81.9, 0
2018-11-12 15:52:43 (2430581492878) STATS - 82.0, 0
2018-11-12 15:52:43 (2430581520779) STATS - 82.1, 0
2018-11-12 15:52:43 (2430581548580) STATS - 82.2, 0
2018-11-12 15:52:43 (2430581576681) STATS - 82.3, 0
2018-11-12 15:52:43 (2430581603981) STATS - 82.4, 0
2018-11-12 15:52:43 (2430581643083) STATS - 82.5, 0
2018-11-12 15:52:43 (2430581670083) STATS - 82.6, 0
2018-11-12 15:52:43 (2430581696384) STATS - 82.7, 0
2018-11-12 15:52:43 (2430581722685) STATS - 82.8, 0
2018-11-12 15:52:43 (2430581748486) STATS - 82.9, 0
2018-11-12 15:52:43 (2430581777287) STATS - 83.0, 0
2018-11-12 15:52:43 (2430581804987) STATS - 83.1, 0
2018-11-12 15:52:43 (2430581842889) STATS - 83.2, 0
2018-11-12 15:52:43 (2430581879690) STATS - 83.3, 0
2018-11-12 15:52:43 (2430581909191) STATS - 83.4, 0
2018-11-12 15:52:43 (2430581938491) STATS - 83.5, 0
2018-11-12 15:52:43 (2430581966192) STATS - 83.6, 0
2018-11-12 15:52:43 (2430582007093) STATS - 83.7, 0
2018-11-12 15:52:43 (2430582050895) STATS - 83.8, 0
2018-11-12 15:52:43 (2430582079296) STATS - 83.9, 0
2018-11-12 15:52:43 (2430582108596) STATS - 84.0, 0
2018-11-12 15:52:43 (2430582136997) STATS - 84.1, 0
2018-11-12 15:52:43 (2430582164598) STATS - 84.2, 0
2018-11-12 15:52:43 (2430582204499) STATS - 84.3, 0
2018-11-12 15:52:43 (2430582232600) STATS - 84.4, 0
2018-11-12 15:52:43 (2430582259601) STATS - 84.5, 0
2018-11-12 15:52:43 (2430582287702) STATS - 84.6, 0
2018-11-12 15:52:43 (2430582314503) STATS - 84.7, 0
2018-11-12 15:52:43 (2430582341203) STATS - 84.8, 0
2018-11-12 15:52:43 (2430582370004) STATS - 84.9, 0
2018-11-12 15:52:43 (2430582397705) STATS - 85.0, 0
2018-11-12 15:52:43 (2430582425106) STATS - 85.1, 0
2018-11-12 15:52:43 (2430582452207) STATS - 85.2, 0
2018-11-12 15:52:43 (2430582479007) STATS - 85.3, 0
2018-11-12 15:52:43 (2430582505308) STATS - 85.4, 0
2018-11-12 15:52:43 (2430582532309) STATS - 85.5, 0
2018-11-12 15:52:43 (2430582559110) STATS - 85.6, 0
2018-11-12 15:52:43 (2430582585311) STATS - 85.7, 0
2018-11-12 15:52:43 (2430582613511) STATS - 85.8, 0
2018-11-12 15:52:43 (2430582639812) STATS - 85.9, 0
2018-11-12 15:52:43 (2430582666213) STATS - 86.0, 0
2018-11-12 15:52:43 (2430582693014) STATS - 86.1, 0
2018-11-12 15:52:43 (2430582719215) STATS - 86.2, 0
2018-11-12 15:52:43 (2430582746215) STATS - 86.3, 0
2018-11-12 15:52:43 (2430582772916) STATS - 86.4, 0
2018-11-12 15:52:43 (2430582801217) STATS - 86.5, 0
2018-11-12 15:52:43 (2430582828618) STATS - 86.6, 0
2018-11-12 15:52:43 (2430582863219) STATS - 86.7, 0
2018-11-12 15:52:43 (2430582890920) STATS - 86.8, 0
2018-11-12 15:52:43 (2430582918820) STATS - 86.9, 0
2018-11-12 15:52:43 (2430582946421) STATS - 87.0, 0
2018-11-12 15:52:43 (2430582973222) STATS - 87.1, 0
2018-11-12 15:52:43 (2430582999523) STATS - 87.2, 0
2018-11-12 15:52:43 (2430583026424) STATS - 87.3, 0
2018-11-12 15:52:43 (2430583053224) STATS - 87.4, 0
2018-11-12 15:52:43 (2430583080325) STATS - 87.5, 0
2018-11-12 15:52:43 (2430583107026) STATS - 87.6, 0
2018-11-12 15:52:43 (2430583133127) STATS - 87.7, 0
2018-11-12 15:52:43 (2430583159428) STATS - 87.8, 0
2018-11-12 15:52:43 (2430583205929) STATS - 87.9, 0
2018-11-12 15:52:43 (2430583243630) STATS - 88.0, 0
2018-11-12 15:52:43 (2430583273031) STATS - 88.1, 0
2018-11-12 15:52:43 (2430583300232) STATS - 88.2, 0
2018-11-12 15:52:43 (2430583327233) STATS - 88.3, 0
2018-11-12 15:52:43 (2430583353933) STATS - 88.4, 0
2018-11-12 15:52:43 (2430583380434) STATS - 88.5, 0
2018-11-12 15:52:43 (2430583407735) STATS - 88.6, 0
2018-11-12 15:52:43 (2430590402343) STATS - 88.7, 0
2018-11-12 15:52:43 (2430590508146) STATS - 88.8, 0
2018-11-12 15:52:43 (2430590551547) STATS - 88.9, 0
2018-11-12 15:52:43 (2430590580548) STATS - 89.0, 0
2018-11-12 15:52:43 (2430590607449) STATS - 89.1, 0
2018-11-12 15:52:43 (2430590631749) STATS - 89.2, 0
2018-11-12 15:52:43 (2430590656350) STATS - 89.3, 0
2018-11-12 15:52:43 (2430590692951) STATS - 89.4, 0
2018-11-12 15:52:43 (2430590737053) STATS - 89.5, 0
2018-11-12 15:52:43 (2430590809555) STATS - 89.6, 0
2018-11-12 15:52:43 (2430590849056) STATS - 89.7, 0
2018-11-12 15:52:43 (2430590872657) STATS - 89.8, 0
2018-11-12 15:52:43 (2430590919458) STATS - 89.9, 0
2018-11-12 15:52:43 (2430590943959) STATS - 90.0, 0
2018-11-12 15:52:43 (2430590965759) STATS - 90.1, 0
2018-11-12 15:52:43 (2430590986760) STATS - 90.2, 0
2018-11-12 15:52:43 (2430591007861) STATS - 90.3, 0
2018-11-12 15:52:43 (2430591028361) STATS - 90.4, 0
2018-11-12 15:52:43 (2430591049362) STATS - 90.5, 0
2018-11-12 15:52:43 (2430591072863) STATS - 90.6, 0
2018-11-12 15:52:43 (2430591099063) STATS - 90.7, 0
2018-11-12 15:52:43 (2430591120164) STATS - 90.8, 0
2018-11-12 15:52:43 (2430591141065) STATS - 90.9, 0
2018-11-12 15:52:43 (2430591162065) STATS - 91.0, 0
2018-11-12 15:52:43 (2430591183366) STATS - 91.1, 0
2018-11-12 15:52:43 (2430591203966) STATS - 91.2, 0
2018-11-12 15:52:43 (2430591224767) STATS - 91.3, 0
2018-11-12 15:52:43 (2430591245068) STATS - 91.4, 0
2018-11-12 15:52:43 (2430591265668) STATS - 91.5, 0
2018-11-12 15:52:43 (2430591286169) STATS - 91.6, 0
2018-11-12 15:52:43 (2430591306769) STATS - 91.7, 0
2018-11-12 15:52:43 (2430591327470) STATS - 91.8, 0
2018-11-12 15:52:43 (2430591351271) STATS - 91.9, 0
2018-11-12 15:52:43 (2430591371671) STATS - 92.0, 0
2018-11-12 15:52:43 (2430591392672) STATS - 92.1, 0
2018-11-12 15:52:43 (2430591413273) STATS - 92.2, 0
2018-11-12 15:52:43 (2430591626379) STATS - 92.3, 0
2018-11-12 15:52:43 (2430591662680) STATS - 92.4, 0
2018-11-12 15:52:43 (2430591685381) STATS - 92.5, 0
2018-11-12 15:52:43 (2430591707681) STATS - 92.6, 0
2018-11-12 15:52:43 (2430591766783) STATS - 92.7, 0
2018-11-12 15:52:43 (2430591796184) STATS - 92.8, 0
2018-11-12 15:52:43 (2430591824085) STATS - 92.9, 0
2018-11-12 15:52:43 (2430591994490) STATS - 93.0, 0
2018-11-12 15:52:43 (2430592054592) STATS - 93.1, 0
2018-11-12 15:52:43 (2430592079492) STATS - 93.2, 0
2018-11-12 15:52:43 (2430592103093) STATS - 93.3, 0
2018-11-12 15:52:43 (2430592160895) STATS - 93.4, 0
2018-11-12 15:52:43 (2430592205196) STATS - 93.5, 0
2018-11-12 15:52:43 (2430592231597) STATS - 93.6, 0
2018-11-12 15:52:43 (2430592255098) STATS - 93.7, 0
2018-11-12 15:52:43 (2430592278298) STATS - 93.8, 0
2018-11-12 15:52:43 (2430592300999) STATS - 93.9, 0
2018-11-12 15:52:43 (2430592335200) STATS - 94.0, 0
2018-11-12 15:52:43 (2430592357301) STATS - 94.1, 0
2018-11-12 15:52:43 (2430592378601) STATS - 94.2, 0
2018-11-12 15:52:43 (2430592413802) STATS - 94.3, 0
2018-11-12 15:52:43 (2430592437903) STATS - 94.4, 0
2018-11-12 15:52:43 (2430592459404) STATS - 94.5, 0
2018-11-12 15:52:43 (2430592481004) STATS - 94.6, 0
2018-11-12 15:52:43 (2430592502405) STATS - 94.7, 0
2018-11-12 15:52:43 (2430592536106) STATS - 94.8, 0
2018-11-12 15:52:43 (2430592558707) STATS - 94.9, 0
2018-11-12 15:52:43 (2430592580707) STATS - 95.0, 0
2018-11-12 15:52:43 (2430592602808) STATS - 95.1, 0
2018-11-12 15:52:43 (2430592624709) STATS - 95.2, 0
2018-11-12 15:52:43 (2430592646709) STATS - 95.3, 0
2018-11-12 15:52:43 (2430592668510) STATS - 95.4, 0
2018-11-12 15:52:43 (2430592690311) STATS - 95.5, 0
2018-11-12 15:52:43 (2430592712411) STATS - 95.6, 0
2018-11-12 15:52:43 (2430592734112) STATS - 95.7, 0
2018-11-12 15:52:43 (2430592755812) STATS - 95.8, 0
2018-11-12 15:52:43 (2430592789013) STATS - 95.9, 0
2018-11-12 15:52:43 (2430592811614) STATS - 96.0, 0
2018-11-12 15:52:43 (2430592834015) STATS - 96.1, 0
2018-11-12 15:52:43 (2430592856415) STATS - 96.2, 0
2018-11-12 15:52:43 (2430592879016) STATS - 96.3, 0
2018-11-12 15:52:43 (2430592901317) STATS - 96.4, 0
2018-11-12 15:52:43 (2430592923517) STATS - 96.5, 0
2018-11-12 15:52:43 (2430592946118) STATS - 96.6, 0
2018-11-12 15:52:43 (2430592968419) STATS - 96.7, 0
2018-11-12 15:52:43 (2430592990819) STATS - 96.8, 0
2018-11-12 15:52:43 (2430593013220) STATS - 96.9, 0
2018-11-12 15:52:43 (2430593035521) STATS - 97.0, 0
2018-11-12 15:52:43 (2430593065422) STATS - 97.1, 0
2018-11-12 15:52:43 (2430593091022) STATS - 97.2, 0
2018-11-12 15:52:43 (2430593114423) STATS - 97.3, 0
2018-11-12 15:52:43 (2430593137124) STATS - 97.4, 0
2018-11-12 15:52:43 (2430593195526) STATS - 97.5, 0
2018-11-12 15:52:43 (2430599914825) STATS - 97.6, 0
2018-11-12 15:52:43 (2430600018328) STATS - 97.7, 0
2018-11-12 15:52:43 (2430600064929) STATS - 97.8, 0
2018-11-12 15:52:43 (2430600099230) STATS - 97.9, 0
2018-11-12 15:52:43 (2430600121631) STATS - 98.0, 0
2018-11-12 15:52:43 (2430600199533) STATS - 98.1, 0
2018-11-12 15:52:43 (2430600231434) STATS - 98.2, 0
2018-11-12 15:52:43 (2430600253035) STATS - 98.3, 0
2018-11-12 15:52:43 (2430600273336) STATS - 98.4, 0
2018-11-12 15:52:43 (2430600293636) STATS - 98.5, 0
2018-11-12 15:52:43 (2430600314137) STATS - 98.6, 0
2018-11-12 15:52:43 (2430600358538) STATS - 98.7, 0
2018-11-12 15:52:43 (2430600377639) STATS - 98.8, 0
2018-11-12 15:52:43 (2430600396139) STATS - 98.9, 0
2018-11-12 15:52:43 (2430600433540) STATS - 99.0, 0
2018-11-12 15:52:43 (2430600454141) STATS - 99.1, 0
2018-11-12 15:52:43 (2430600485242) STATS - 99.2, 0
2018-11-12 15:52:43 (2430600505242) STATS - 99.3, 0
2018-11-12 15:52:43 (2430600536843) STATS - 99.4, 0
2018-11-12 15:52:43 (2430600556244) STATS - 99.5, 0
2018-11-12 15:52:43 (2430600575845) STATS - 99.6, 0
2018-11-12 15:52:43 (2430600595045) STATS - 99.7, 0
2018-11-12 15:52:43 (2430600614446) STATS - 99.8, 0
2018-11-12 15:52:43 (2430600634046) STATS - 99.9, 0
2018-11-12 15:52:43 (2430600662647) STATS - 100.0, 0
2018-11-12 15:52:43 (2430600686648) STATS - 100.1, 0
2018-11-12 15:52:43 (2430600706648) STATS - 100.2, 0
2018-11-12 15:52:43 (2430600737749) STATS - 100.3, 0
2018-11-12 15:52:43 (2430600757450) STATS - 100.4, 0
2018-11-12 15:52:43 (2430600788651) STATS - 100.5, 0
2018-11-12 15:52:43 (2430600848553) STATS - 100.6, 0
2018-11-12 15:52:43 (2430600887654) STATS - 100.7, 0
2018-11-12 15:52:43 (2430600925455) STATS - 100.8, 0
2018-11-12 15:52:43 (2430600947456) STATS - 100.9, 0
2018-11-12 15:52:43 (2430600969156) STATS - 101.0, 0
2018-11-12 15:52:43 (2430600990257) STATS - 101.1, 0
2018-11-12 15:52:43 (2430601010857) STATS - 101.2, 0
2018-11-12 15:52:43 (2430601031258) STATS - 101.3, 0
2018-11-12 15:52:43 (2430601051759) STATS - 101.4, 0
2018-11-12 15:52:43 (2430601073059) STATS - 101.5, 0
2018-11-12 15:52:43 (2430601093960) STATS - 101.6, 0
2018-11-12 15:52:43 (2430601113961) STATS - 101.7, 0
2018-11-12 15:52:43 (2430601133961) STATS - 101.8, 0
2018-11-12 15:52:43 (2430601153862) STATS - 101.9, 0
2018-11-12 15:52:43 (2430601175662) STATS - 102.0, 0
2018-11-12 15:52:43 (2430601218364) STATS - 102.1, 0
2018-11-12 15:52:43 (2430601247365) STATS - 102.2, 0
2018-11-12 15:52:43 (2430601265465) STATS - 102.3, 0
2018-11-12 15:52:43 (2430601283466) STATS - 102.4, 0
2018-11-12 15:52:43 (2430601304966) STATS - 102.5, 0
2018-11-12 15:52:43 (2430601324967) STATS - 102.6, 0
2018-11-12 15:52:43 (2430601343267) STATS - 102.7, 0
2018-11-12 15:52:43 (2430601372868) STATS - 102.8, 0
2018-11-12 15:52:43 (2430601391769) STATS - 102.9, 0
2018-11-12 15:52:43 (2430601411369) STATS - 103.0, 0
2018-11-12 15:52:43 (2430601430770) STATS - 103.1, 0
2018-11-12 15:52:43 (2430601449771) STATS - 103.2, 0
2018-11-12 15:52:43 (2430601468671) STATS - 103.3, 0
2018-11-12 15:52:43 (2430601487672) STATS - 103.4, 0
2018-11-12 15:52:43 (2430601506372) STATS - 103.5, 0
2018-11-12 15:52:43 (2430601525273) STATS - 103.6, 0
2018-11-12 15:52:43 (2430601543973) STATS - 103.7, 0
2018-11-12 15:52:43 (2430601562974) STATS - 103.8, 0
2018-11-12 15:52:43 (2430601582374) STATS - 103.9, 0
2018-11-12 15:52:43 (2430601613775) STATS - 104.0, 0
2018-11-12 15:52:43 (2430601634276) STATS - 104.1, 0
2018-11-12 15:52:43 (2430601653877) STATS - 104.2, 0
2018-11-12 15:52:43 (2430601674977) STATS - 104.3, 0
2018-11-12 15:52:43 (2430601694978) STATS - 104.4, 0
2018-11-12 15:52:43 (2430601714578) STATS - 104.5, 0
2018-11-12 15:52:43 (2430601734379) STATS - 104.6, 0
2018-11-12 15:52:43 (2430601753980) STATS - 104.7, 0
2018-11-12 15:52:43 (2430601773480) STATS - 104.8, 0
2018-11-12 15:52:43 (2430601792781) STATS - 104.9, 0
2018-11-12 15:52:43 (2430601812381) STATS - 105.0, 0
2018-11-12 15:52:43 (2430601831882) STATS - 105.1, 0
2018-11-12 15:52:43 (2430601871683) STATS - 105.2, 0
2018-11-12 15:52:43 (2430601896084) STATS - 105.3, 0
2018-11-12 15:52:43 (2430601916384) STATS - 105.4, 0
2018-11-12 15:52:43 (2430601935985) STATS - 105.5, 0
2018-11-12 15:52:43 (2430601968686) STATS - 105.6, 0
2018-11-12 15:52:43 (2430601988587) STATS - 105.7, 0
2018-11-12 15:52:43 (2430602007887) STATS - 105.8, 0
2018-11-12 15:52:43 (2430602027388) STATS - 105.9, 0
2018-11-12 15:52:43 (2430602046888) STATS - 106.0, 0
2018-11-12 15:52:43 (2430602066289) STATS - 106.1, 0
2018-11-12 15:52:43 (2430602085189) STATS - 106.2, 0
2018-11-12 15:52:43 (2430602104390) STATS - 106.3, 0
2018-11-12 15:52:43 (2430602123491) STATS - 106.4, 0
2018-11-12 15:52:43 (2430602142491) STATS - 106.5, 0
2018-11-12 15:52:43 (2430602161992) STATS - 106.6, 0
2018-11-12 15:52:43 (2430602192493) STATS - 106.7, 0
2018-11-12 15:52:43 (2430602211993) STATS - 106.8, 0
2018-11-12 15:52:43 (2430602231494) STATS - 106.9, 0
2018-11-12 15:52:43 (2430602251194) STATS - 107.0, 0
2018-11-12 15:52:43 (2430602270695) STATS - 107.1, 0
2018-11-12 15:52:43 (2430602290195) STATS - 107.2, 0
2018-11-12 15:52:43 (2430602309596) STATS - 107.3, 0
2018-11-12 15:52:43 (2430602330297) STATS - 107.4, 0
2018-11-12 15:52:43 (2430602350297) STATS - 107.5, 0
2018-11-12 15:52:43 (2430602369798) STATS - 107.6, 0
2018-11-12 15:52:43 (2430602389198) STATS - 107.7, 0
2018-11-12 15:52:43 (2430602408599) STATS - 107.8, 0
2018-11-12 15:52:43 (2430602428200) STATS - 107.9, 0
2018-11-12 15:52:43 (2430602447800) STATS - 108.0, 0
2018-11-12 15:52:43 (2430602468901) STATS - 108.1, 0
2018-11-12 15:52:43 (2430602490101) STATS - 108.2, 0
2018-11-12 15:52:43 (2430602510302) STATS - 108.3, 0
2018-11-12 15:52:43 (2430602529703) STATS - 108.4, 0
2018-11-12 15:52:43 (2430602550403) STATS - 108.5, 0
2018-11-12 15:52:43 (2430602570304) STATS - 108.6, 0
2018-11-12 15:52:43 (2430602589804) STATS - 108.7, 0
2018-11-12 15:52:43 (2430602609305) STATS - 108.8, 0
2018-11-12 15:52:43 (2430602628806) STATS - 108.9, 0
2018-11-12 15:52:43 (2430602648806) STATS - 109.0, 0
2018-11-12 15:52:43 (2430602668607) STATS - 109.1, 0
2018-11-12 15:52:43 (2430602691407) STATS - 109.2, 0
2018-11-12 15:52:43 (2430602711508) STATS - 109.3, 0
2018-11-12 15:52:43 (2430602731209) STATS - 109.4, 0
2018-11-12 15:52:43 (2430602752409) STATS - 109.5, 0
2018-11-12 15:52:43 (2430602772210) STATS - 109.6, 0
2018-11-12 15:52:43 (2430602803311) STATS - 109.7, 0
2018-11-12 15:52:43 (2430602823711) STATS - 109.8, 0
2018-11-12 15:52:43 (2430609660114) STATS - 109.9, 0
2018-11-12 15:52:43 (2430609750717) STATS - 110.0, 0
2018-11-12 15:52:43 (2430609777318) STATS - 110.1, 0
2018-11-12 15:52:43 (2430609797218) STATS - 110.2, 0
2018-11-12 15:52:43 (2430609816219) STATS - 110.3, 0
2018-11-12 15:52:43 (2430609834519) STATS - 110.4, 0
2018-11-12 15:52:43 (2430609856320) STATS - 110.5, 0
2018-11-12 15:52:43 (2430609876321) STATS - 110.6, 0
2018-11-12 15:52:43 (2430609893921) STATS - 110.7, 0
2018-11-12 15:52:43 (2430609911722) STATS - 110.8, 0
2018-11-12 15:52:43 (2430609929122) STATS - 110.9, 0
2018-11-12 15:52:43 (2430609947223) STATS - 111.0, 0
2018-11-12 15:52:43 (2430609966523) STATS - 111.1, 0
2018-11-12 15:52:43 (2430609985424) STATS - 111.2, 0
2018-11-12 15:52:43 (2430610003424) STATS - 111.3, 0
2018-11-12 15:52:43 (2430610020725) STATS - 111.4, 0
2018-11-12 15:52:43 (2430610038025) STATS - 111.5, 0
2018-11-12 15:52:43 (2430610055826) STATS - 111.6, 0
2018-11-12 15:52:43 (2430610073026) STATS - 111.7, 0
2018-11-12 15:52:43 (2430610090627) STATS - 111.8, 0
2018-11-12 15:52:43 (2430610107628) STATS - 111.9, 0
2018-11-12 15:52:43 (2430610125128) STATS - 112.0, 0
2018-11-12 15:52:43 (2430610142529) STATS - 112.1, 0
2018-11-12 15:52:43 (2430610159729) STATS - 112.2, 0
2018-11-12 15:52:43 (2430610177130) STATS - 112.3, 0
2018-11-12 15:52:43 (2430610194430) STATS - 112.4, 0
2018-11-12 15:52:43 (2430610213431) STATS - 112.5, 0
2018-11-12 15:52:43 (2430610231431) STATS - 112.6, 0
2018-11-12 15:52:43 (2430610248732) STATS - 112.7, 0
2018-11-12 15:52:43 (2430610266032) STATS - 112.8, 0
2018-11-12 15:52:43 (2430610282833) STATS - 112.9, 0
2018-11-12 15:52:43 (2430610300333) STATS - 113.0, 0
2018-11-12 15:52:43 (2430610317634) STATS - 113.1, 0
2018-11-12 15:52:43 (2430610334934) STATS - 113.2, 0
2018-11-12 15:52:43 (2430610352235) STATS - 113.3, 0
2018-11-12 15:52:43 (2430610370835) STATS - 113.4, 0
2018-11-12 15:52:43 (2430610390736) STATS - 113.5, 0
2018-11-12 15:52:43 (2430610436137) STATS - 113.6, 0
2018-11-12 15:52:43 (2430610456138) STATS - 113.7, 0
2018-11-12 15:52:43 (2430610473938) STATS - 113.8, 0
2018-11-12 15:52:43 (2430610491839) STATS - 113.9, 0
2018-11-12 15:52:43 (2430610509339) STATS - 114.0, 0
2018-11-12 15:52:43 (2430610539240) STATS - 114.1, 0
2018-11-12 15:52:43 (2430610567741) STATS - 114.2, 0
2018-11-12 15:52:43 (2430610586942) STATS - 114.3, 0
2018-11-12 15:52:43 (2430610603842) STATS - 114.4, 0
2018-11-12 15:52:43 (2430610620643) STATS - 114.5, 0
2018-11-12 15:52:43 (2430610637443) STATS - 114.6, 0
2018-11-12 15:52:43 (2430610666144) STATS - 114.7, 0
2018-11-12 15:52:43 (2430610683645) STATS - 114.8, 0
2018-11-12 15:52:43 (2430610700845) STATS - 114.9, 0
2018-11-12 15:52:43 (2430610718646) STATS - 115.0, 0
2018-11-12 15:52:43 (2430610736146) STATS - 115.1, 0
2018-11-12 15:52:43 (2430610753547) STATS - 115.2, 0
2018-11-12 15:52:43 (2430610770847) STATS - 115.3, 0
2018-11-12 15:52:43 (2430610788348) STATS - 115.4, 0
2018-11-12 15:52:43 (2430610805848) STATS - 115.5, 0
2018-11-12 15:52:43 (2430610823349) STATS - 115.6, 0
2018-11-12 15:52:43 (2430610840849) STATS - 115.7, 0
2018-11-12 15:52:43 (2430610858150) STATS - 115.8, 0
2018-11-12 15:52:43 (2430610875350) STATS - 115.9, 0
2018-11-12 15:52:43 (2430610892851) STATS - 116.0, 0
2018-11-12 15:52:43 (2430610910651) STATS - 116.1, 0
2018-11-12 15:52:43 (2430610928152) STATS - 116.2, 0
2018-11-12 15:52:43 (2430610946052) STATS - 116.3, 0
2018-11-12 15:52:43 (2430610963353) STATS - 116.4, 0
2018-11-12 15:52:43 (2430610980653) STATS - 116.5, 0
2018-11-12 15:52:43 (2430610997954) STATS - 116.6, 0
2018-11-12 15:52:43 (2430611015554) STATS - 116.7, 0
2018-11-12 15:52:43 (2430611032955) STATS - 116.8, 0
2018-11-12 15:52:43 (2430611050055) STATS - 116.9, 0
2018-11-12 15:52:43 (2430611077656) STATS - 117.0, 0
2018-11-12 15:52:43 (2430611096857) STATS - 117.1, 0
2018-11-12 15:52:43 (2430611114457) STATS - 117.2, 0
2018-11-12 15:52:43 (2430611131758) STATS - 117.3, 0
2018-11-12 15:52:43 (2430611149258) STATS - 117.4, 0
2018-11-12 15:52:43 (2430611166459) STATS - 117.5, 0
2018-11-12 15:52:43 (2430611185159) STATS - 117.6, 0
2018-11-12 15:52:43 (2430611202660) STATS - 117.7, 0
2018-11-12 15:52:43 (2430611220161) STATS - 117.8, 0
2018-11-12 15:52:43 (2430611252061) STATS - 117.9, 0
2018-11-12 15:52:43 (2430611270562) STATS - 118.0, 0
2018-11-12 15:52:43 (2430611288363) STATS - 118.1, 0
2018-11-12 15:52:43 (2430611305763) STATS - 118.2, 0
2018-11-12 15:52:43 (2430611323364) STATS - 118.3, 0
2018-11-12 15:52:43 (2430611340964) STATS - 118.4, 0
2018-11-12 15:52:43 (2430611358065) STATS - 118.5, 0
2018-11-12 15:52:43 (2430611377765) STATS - 118.6, 0
2018-11-12 15:52:43 (2430611396166) STATS - 118.7, 0
2018-11-12 15:52:43 (2430611413766) STATS - 118.8, 0
2018-11-12 15:52:43 (2430611432067) STATS - 118.9, 0
2018-11-12 15:52:43 (2430611449567) STATS - 119.0, 0
2018-11-12 15:52:43 (2430611467268) STATS - 119.1, 0
2018-11-12 15:52:43 (2430611484668) STATS - 119.2, 0
2018-11-12 15:52:43 (2430611502069) STATS - 119.3, 0
2018-11-12 15:52:43 (2430611519569) STATS - 119.4, 0
2018-11-12 15:52:43 (2430611536770) STATS - 119.5, 0
2018-11-12 15:52:43 (2430611555670) STATS - 119.6, 0
2018-11-12 15:52:43 (2430611572771) STATS - 119.7, 0
2018-11-12 15:52:43 (2430611590272) STATS - 119.8, 0
2018-11-12 15:52:43 (2430611607872) STATS - 119.9, 0
2018-11-12 15:52:43 (2430611625673) STATS - 120.0, 0
2018-11-12 15:52:43 (2430611644673) STATS - 120.1, 0
2018-11-12 15:52:43 (2430611662374) STATS - 120.2, 0
2018-11-12 15:52:43 (2430611679974) STATS - 120.3, 0
2018-11-12 15:52:43 (2430611697375) STATS - 120.4, 0
2018-11-12 15:52:43 (2430611714675) STATS - 120.5, 0
2018-11-12 15:52:43 (2430611736776) STATS - 120.6, 0
2018-11-12 15:52:43 (2430611776277) STATS - 120.7, 0
2018-11-12 15:52:43 (2430611798378) STATS - 120.8, 0
2018-11-12 15:52:43 (2430611821578) STATS - 120.9, 0
2018-11-12 15:52:43 (2430611844179) STATS - 121.0, 0
2018-11-12 15:52:43 (2430611861980) STATS - 121.1, 0
2018-11-12 15:52:43 (2430611879280) STATS - 121.2, 0
2018-11-12 15:52:43 (2430611896981) STATS - 121.3, 0
2018-11-12 15:52:43 (2430611914181) STATS - 121.4, 0
2018-11-12 15:52:43 (2430611931382) STATS - 121.5, 0
2018-11-12 15:52:43 (2430611948782) STATS - 121.6, 0
2018-11-12 15:52:43 (2430611965983) STATS - 121.7, 0
2018-11-12 15:52:43 (2430611984883) STATS - 121.8, 0
2018-11-12 15:52:43 (2430612017784) STATS - 121.9, 0
2018-11-12 15:52:43 (2430612040085) STATS - 122.0, 0
2018-11-12 15:52:43 (2430612058085) STATS - 122.1, 0
2018-11-12 15:52:43 (2430612075586) STATS - 122.2, 0
2018-11-12 15:52:43 (2430612093286) STATS - 122.3, 0
2018-11-12 15:52:43 (2430612110487) STATS - 122.4, 0
2018-11-12 15:52:43 (2430612127887) STATS - 122.5, 0
2018-11-12 15:52:43 (2430612145188) STATS - 122.6, 0
2018-11-12 15:52:43 (2430612164489) STATS - 122.7, 0
2018-11-12 15:52:43 (2430612182989) STATS - 122.8, 0
2018-11-12 15:52:43 (2430612200090) STATS - 122.9, 0
2018-11-12 15:52:43 (2430612217490) STATS - 123.0, 0
2018-11-12 15:52:43 (2430612234991) STATS - 123.1, 0
2018-11-12 15:52:43 (2430612251791) STATS - 123.2, 0
2018-11-12 15:52:43 (2430612268992) STATS - 123.3, 0
2018-11-12 15:52:43 (2430612286092) STATS - 123.4, 0
2018-11-12 15:52:43 (2430612303293) STATS - 123.5, 0
2018-11-12 15:52:43 (2430612320693) STATS - 123.6, 0
2018-11-12 15:52:43 (2430612337894) STATS - 123.7, 0
2018-11-12 15:52:43 (2430612355194) STATS - 123.8, 0
2018-11-12 15:52:43 (2430612372495) STATS - 123.9, 0
2018-11-12 15:52:43 (2430612389995) STATS - 124.0, 0
2018-11-12 15:52:43 (2430612407596) STATS - 124.1, 0
2018-11-12 15:52:43 (2430612425296) STATS - 124.2, 0
2018-11-12 15:52:43 (2430612442897) STATS - 124.3, 0
2018-11-12 15:52:43 (2430612459997) STATS - 124.4, 0
2018-11-12 15:52:43 (2430612477098) STATS - 124.5, 0
2018-11-12 15:52:43 (2430612494298) STATS - 124.6, 0
2018-11-12 15:52:43 (2430612511299) STATS - 124.7, 0
2018-11-12 15:52:43 (2430619559208) STATS - 124.8, 0
2018-11-12 15:52:43 (2430619644211) STATS - 124.9, 0
2018-11-12 15:52:43 (2430619666311) STATS - 125.0, 0
2018-11-12 15:52:43 (2430619683912) STATS - 125.1, 0
2018-11-12 15:52:43 (2430619699812) STATS - 125.2, 0
2018-11-12 15:52:43 (2430619716213) STATS - 125.3, 0
2018-11-12 15:52:43 (2430619731913) STATS - 125.4, 0
2018-11-12 15:52:43 (2430619747814) STATS - 125.5, 0
2018-11-12 15:52:43 (2430619767614) STATS - 125.6, 0
2018-11-12 15:52:43 (2430619808115) STATS - 125.7, 0
2018-11-12 15:52:43 (2430619823916) STATS - 125.8, 0
2018-11-12 15:52:43 (2430619839616) STATS - 125.9, 0
2018-11-12 15:52:43 (2430619855917) STATS - 126.0, 0
2018-11-12 15:52:43 (2430619880318) STATS - 126.1, 0
2018-11-12 15:52:43 (2430619896918) STATS - 126.2, 0
2018-11-12 15:52:43 (2430619918619) STATS - 126.3, 0
2018-11-12 15:52:43 (2430619991021) STATS - 126.4, 0
2018-11-12 15:52:43 (2430620025222) STATS - 126.5, 0
2018-11-12 15:52:43 (2430620042322) STATS - 126.6, 0
2018-11-12 15:52:43 (2430620058123) STATS - 126.7, 0
2018-11-12 15:52:43 (2430620073823) STATS - 126.8, 0
2018-11-12 15:52:43 (2430620089524) STATS - 126.9, 0
2018-11-12 15:52:43 (2430620106424) STATS - 127.0, 0
2018-11-12 15:52:43 (2430620122425) STATS - 127.1, 0
2018-11-12 15:52:43 (2430620137925) STATS - 127.2, 0
2018-11-12 15:52:43 (2430620153326) STATS - 127.3, 0
2018-11-12 15:52:43 (2430620169026) STATS - 127.4, 0
2018-11-12 15:52:43 (2430620184727) STATS - 127.5, 0
2018-11-12 15:52:43 (2430620200427) STATS - 127.6, 0
2018-11-12 15:52:43 (2430620216028) STATS - 127.7, 0
2018-11-12 15:52:43 (2430620231628) STATS - 127.8, 0
2018-11-12 15:52:43 (2430620247328) STATS - 127.9, 0
2018-11-12 15:52:43 (2430620263029) STATS - 128.0, 0
2018-11-12 15:52:43 (2430620278729) STATS - 128.1, 0
2018-11-12 15:52:43 (2430620294330) STATS - 128.2, 0
2018-11-12 15:52:43 (2430620309830) STATS - 128.3, 0
2018-11-12 15:52:43 (2430620325431) STATS - 128.4, 0
2018-11-12 15:52:43 (2430620340731) STATS - 128.5, 0
2018-11-12 15:52:43 (2430620356432) STATS - 128.6, 0
2018-11-12 15:52:43 (2430620372132) STATS - 128.7, 0
2018-11-12 15:52:43 (2430620387633) STATS - 128.8, 0
2018-11-12 15:52:43 (2430620403333) STATS - 128.9, 0
2018-11-12 15:52:43 (2430620418834) STATS - 129.0, 0
2018-11-12 15:52:43 (2430620434634) STATS - 129.1, 0
2018-11-12 15:52:43 (2430620450335) STATS - 129.2, 0
2018-11-12 15:52:43 (2430620465835) STATS - 129.3, 0
2018-11-12 15:52:43 (2430620481435) STATS - 129.4, 0
2018-11-12 15:52:43 (2430620497036) STATS - 129.5, 0
2018-11-12 15:52:43 (2430620524737) STATS - 129.6, 0
2018-11-12 15:52:43 (2430620540237) STATS - 129.7, 0
2018-11-12 15:52:43 (2430620555538) STATS - 129.8, 0
2018-11-12 15:52:43 (2430620570938) STATS - 129.9, 0
2018-11-12 15:52:43 (2430620586839) STATS - 130.0, 0
2018-11-12 15:52:43 (2430620602139) STATS - 130.1, 0
2018-11-12 15:52:43 (2430620628340) STATS - 130.2, 0
2018-11-12 15:52:43 (2430620643540) STATS - 130.3, 0
2018-11-12 15:52:43 (2430620658341) STATS - 130.4, 0
2018-11-12 15:52:43 (2430620673141) STATS - 130.5, 0
2018-11-12 15:52:43 (2430620687942) STATS - 130.6, 0
2018-11-12 15:52:43 (2430620702942) STATS - 130.7, 0
2018-11-12 15:52:43 (2430620723343) STATS - 130.8, 0
2018-11-12 15:52:43 (2430620738143) STATS - 130.9, 0
2018-11-12 15:52:43 (2430620753043) STATS - 131.0, 0
2018-11-12 15:52:43 (2430620768144) STATS - 131.1, 0
2018-11-12 15:52:43 (2430620782944) STATS - 131.2, 0
2018-11-12 15:52:43 (2430620826946) STATS - 131.3, 0
2018-11-12 15:52:43 (2430620843046) STATS - 131.4, 0
2018-11-12 15:52:43 (2430620858747) STATS - 131.5, 0
2018-11-12 15:52:43 (2430620876347) STATS - 131.6, 0
2018-11-12 15:52:43 (2430620892148) STATS - 131.7, 0
2018-11-12 15:52:43 (2430620907848) STATS - 131.8, 0
2018-11-12 15:52:43 (2430620923949) STATS - 131.9, 0
2018-11-12 15:52:43 (2430620939749) STATS - 132.0, 0
2018-11-12 15:52:43 (2430620955850) STATS - 132.1, 0
2018-11-12 15:52:43 (2430620971650) STATS - 132.2, 0
2018-11-12 15:52:43 (2430620987450) STATS - 132.3, 0
2018-11-12 15:52:43 (2430621002951) STATS - 132.4, 0
2018-11-12 15:52:43 (2430621018451) STATS - 132.5, 0
2018-11-12 15:52:43 (2430621034252) STATS - 132.6, 0
2018-11-12 15:52:43 (2430621057053) STATS - 132.7, 0
2018-11-12 15:52:43 (2430621072553) STATS - 132.8, 0
2018-11-12 15:52:43 (2430621088553) STATS - 132.9, 0
2018-11-12 15:52:43 (2430621104254) STATS - 133.0, 0
2018-11-12 15:52:43 (2430621120454) STATS - 133.1, 0
2018-11-12 15:52:43 (2430621136255) STATS - 133.2, 0
2018-11-12 15:52:43 (2430621152055) STATS - 133.3, 0
2018-11-12 15:52:43 (2430621167756) STATS - 133.4, 0
2018-11-12 15:52:43 (2430621183356) STATS - 133.5, 0
2018-11-12 15:52:43 (2430621199057) STATS - 133.6, 0
2018-11-12 15:52:43 (2430621214957) STATS - 133.7, 0
2018-11-12 15:52:43 (2430621230658) STATS - 133.8, 0
2018-11-12 15:52:43 (2430621246358) STATS - 133.9, 0
2018-11-12 15:52:43 (2430621262059) STATS - 134.0, 0
2018-11-12 15:52:43 (2430621280659) STATS - 134.1, 0
2018-11-12 15:52:43 (2430621297160) STATS - 134.2, 0
2018-11-12 15:52:43 (2430621314560) STATS - 134.3, 0
2018-11-12 15:52:43 (2430621330161) STATS - 134.4, 0
2018-11-12 15:52:43 (2430621346061) STATS - 134.5, 0
2018-11-12 15:52:43 (2430621363462) STATS - 134.6, 0
2018-11-12 15:52:43 (2430621379362) STATS - 134.7, 0
2018-11-12 15:52:43 (2430621400463) STATS - 134.8, 0
2018-11-12 15:52:43 (2430621416063) STATS - 134.9, 0
2018-11-12 15:52:43 (2430621435164) STATS - 135.0, 0
2018-11-12 15:52:43 (2430621451464) STATS - 135.1, 0
2018-11-12 15:52:43 (2430621467565) STATS - 135.2, 0
2018-11-12 15:52:43 (2430621483165) STATS - 135.3, 0
2018-11-12 15:52:43 (2430621499166) STATS - 135.4, 0
2018-11-12 15:52:43 (2430621514766) STATS - 135.5, 0
2018-11-12 15:52:43 (2430621530567) STATS - 135.6, 0
2018-11-12 15:52:43 (2430621546667) STATS - 135.7, 0
2018-11-12 15:52:43 (2430621562268) STATS - 135.8, 0
2018-11-12 15:52:43 (2430621577668) STATS - 135.9, 0
2018-11-12 15:52:43 (2430621593368) STATS - 136.0, 0
2018-11-12 15:52:43 (2430621635570) STATS - 136.1, 0
2018-11-12 15:52:43 (2430621665671) STATS - 136.2, 0
2018-11-12 15:52:43 (2430621684771) STATS - 136.3, 0
2018-11-12 15:52:43 (2430621700272) STATS - 136.4, 0
2018-11-12 15:52:43 (2430621715572) STATS - 136.5, 0
2018-11-12 15:52:43 (2430621731073) STATS - 136.6, 0
2018-11-12 15:52:43 (2430621748173) STATS - 136.7, 0
2018-11-12 15:52:43 (2430621763773) STATS - 136.8, 0
2018-11-12 15:52:43 (2430621779074) STATS - 136.9, 0
2018-11-12 15:52:43 (2430621795074) STATS - 137.0, 0
2018-11-12 15:52:43 (2430621810975) STATS - 137.1, 0
2018-11-12 15:52:43 (2430621826475) STATS - 137.2, 0
2018-11-12 15:52:43 (2430621841976) STATS - 137.3, 0
2018-11-12 15:52:43 (2430621858376) STATS - 137.4, 0
2018-11-12 15:52:43 (2430621873677) STATS - 137.5, 0
2018-11-12 15:52:43 (2430621889077) STATS - 137.6, 0
2018-11-12 15:52:43 (2430621904478) STATS - 137.7, 0
2018-11-12 15:52:43 (2430621919878) STATS - 137.8, 0
2018-11-12 15:52:43 (2430621935279) STATS - 137.9, 0
2018-11-12 15:52:43 (2430621951479) STATS - 138.0, 0
2018-11-12 15:52:43 (2430621967980) STATS - 138.1, 0
2018-11-12 15:52:43 (2430621983680) STATS - 138.2, 0
2018-11-12 15:52:43 (2430621999080) STATS - 138.3, 0
2018-11-12 15:52:43 (2430622014181) STATS - 138.4, 0
2018-11-12 15:52:43 (2430622029681) STATS - 138.5, 0
2018-11-12 15:52:43 (2430622045182) STATS - 138.6, 0
2018-11-12 15:52:43 (2430622060882) STATS - 138.7, 0
2018-11-12 15:52:43 (2430622076483) STATS - 138.8, 0
2018-11-12 15:52:43 (2430622091683) STATS - 138.9, 0
2018-11-12 15:52:43 (2430622107384) STATS - 139.0, 0
2018-11-12 15:52:43 (2430622125584) STATS - 139.1, 0
2018-11-12 15:52:43 (2430622142785) STATS - 139.2, 0
2018-11-12 15:52:43 (2430622158785) STATS - 139.3, 0
2018-11-12 15:52:43 (2430622174586) STATS - 139.4, 0
2018-11-12 15:52:43 (2430622190086) STATS - 139.5, 0
2018-11-12 15:52:43 (2430622205787) STATS - 139.6, 0
2018-11-12 15:52:43 (2430622221387) STATS - 139.7, 0
2018-11-12 15:52:43 (2430622236888) STATS - 139.8, 0
2018-11-12 15:52:43 (2430622268288) STATS - 139.9, 0
2018-11-12 15:52:43 (2430622287689) STATS - 140.0, 0
2018-11-12 15:52:43 (2430622304490) STATS - 140.1, 0
2018-11-12 15:52:43 (2430622320290) STATS - 140.2, 0
2018-11-12 15:52:43 (2430622335990) STATS - 140.3, 0
2018-11-12 15:52:43 (2430622351691) STATS - 140.4, 0
2018-11-12 15:52:43 (2430622367391) STATS - 140.5, 0
2018-11-12 15:52:43 (2430622382992) STATS - 140.6, 0
2018-11-12 15:52:43 (2430629269296) STATS - 140.7, 0
2018-11-12 15:52:43 (2430629302697) STATS - 140.8, 0
2018-11-12 15:52:43 (2430629332498) STATS - 140.9, 0
2018-11-12 15:52:43 (2430629350999) STATS - 141.0, 0
2018-11-12 15:52:43 (2430629367999) STATS - 141.1, 0
2018-11-12 15:52:43 (2430629387900) STATS - 141.2, 0
2018-11-12 15:52:43 (2430629404500) STATS - 141.3, 0
2018-11-12 15:52:43 (2430629419901) STATS - 141.4, 0
2018-11-12 15:52:43 (2430629435501) STATS - 141.5, 0
2018-11-12 15:52:43 (2430629452002) STATS - 141.6, 0
2018-11-12 15:52:43 (2430629475202) STATS - 141.7, 0
2018-11-12 15:52:43 (2430629490803) STATS - 141.8, 0
2018-11-12 15:52:43 (2430629506203) STATS - 141.9, 0
2018-11-12 15:52:43 (2430629528104) STATS - 142.0, 0
2018-11-12 15:52:43 (2430629543604) STATS - 142.1, 0
2018-11-12 15:52:43 (2430629559005) STATS - 142.2, 0
2018-11-12 15:52:43 (2430629574405) STATS - 142.3, 0
2018-11-12 15:52:43 (2430629589606) STATS - 142.4, 0
2018-11-12 15:52:43 (2430629605006) STATS - 142.5, 0
2018-11-12 15:52:43 (2430629622007) STATS - 142.6, 0
2018-11-12 15:52:43 (2430629637807) STATS - 142.7, 0
2018-11-12 15:52:43 (2430629653308) STATS - 142.8, 0
2018-11-12 15:52:43 (2430629668608) STATS - 142.9, 0
2018-11-12 15:52:43 (2430629684509) STATS - 143.0, 0
2018-11-12 15:52:43 (2430629700409) STATS - 143.1, 0
2018-11-12 15:52:43 (2430629716110) STATS - 143.2, 0
2018-11-12 15:52:43 (2430629731610) STATS - 143.3, 0
2018-11-12 15:52:43 (2430629747310) STATS - 143.4, 0
2018-11-12 15:52:43 (2430629763011) STATS - 143.5, 0
2018-11-12 15:52:43 (2430629778711) STATS - 143.6, 0
2018-11-12 15:52:43 (2430629794212) STATS - 143.7, 0
2018-11-12 15:52:43 (2430629809712) STATS - 143.8, 0
2018-11-12 15:52:43 (2430629825013) STATS - 143.9, 0
2018-11-12 15:52:43 (2430629840513) STATS - 144.0, 0
2018-11-12 15:52:43 (2430629856414) STATS - 144.1, 0
2018-11-12 15:52:43 (2430629872414) STATS - 144.2, 0
2018-11-12 15:52:43 (2430629888015) STATS - 144.3, 0
2018-11-12 15:52:43 (2430629903315) STATS - 144.4, 0
2018-11-12 15:52:43 (2430629918516) STATS - 144.5, 0
2018-11-12 15:52:43 (2430629933916) STATS - 144.6, 0
2018-11-12 15:52:43 (2430629949416) STATS - 144.7, 0
2018-11-12 15:52:43 (2430629964817) STATS - 144.8, 0
2018-11-12 15:52:43 (2430629979917) STATS - 144.9, 0
2018-11-12 15:52:43 (2430630042419) STATS - 145.0, 0
2018-11-12 15:52:43 (2430630061720) STATS - 145.1, 0
2018-11-12 15:52:43 (2430630077420) STATS - 145.2, 0
2018-11-12 15:52:43 (2430630092721) STATS - 145.3, 0
2018-11-12 15:52:43 (2430630108321) STATS - 145.4, 0
2018-11-12 15:52:43 (2430630155823) STATS - 145.5, 0
2018-11-12 15:52:43 (2430630176623) STATS - 145.6, 0
2018-11-12 15:52:43 (2430630192424) STATS - 145.7, 0
2018-11-12 15:52:43 (2430630208124) STATS - 145.8, 0
2018-11-12 15:52:43 (2430630223725) STATS - 145.9, 0
2018-11-12 15:52:43 (2430630242525) STATS - 146.0, 0
2018-11-12 15:52:43 (2430630259026) STATS - 146.1, 1
2018-11-12 15:52:43 (2430630274826) STATS - 146.2, 0
2018-11-12 15:52:43 (2430630289927) STATS - 146.3, 1
2018-11-12 15:52:43 (2430630305027) STATS - 146.4, 0
2018-11-12 15:52:43 (2430630320127) STATS - 146.5, 1
2018-11-12 15:52:43 (2430630335428) STATS - 146.6, 1
2018-11-12 15:52:43 (2430630351028) STATS - 146.7, 0
2018-11-12 15:52:43 (2430630366429) STATS - 146.8, 0
2018-11-12 15:52:43 (2430630381529) STATS - 146.9, 0
2018-11-12 15:52:43 (2430630397330) STATS - 147.0, 0
2018-11-12 15:52:43 (2430630412730) STATS - 147.1, 0
2018-11-12 15:52:43 (2430630428431) STATS - 147.2, 0
2018-11-12 15:52:43 (2430630443531) STATS - 147.3, 0
2018-11-12 15:52:43 (2430630463232) STATS - 147.4, 0
2018-11-12 15:52:43 (2430630479332) STATS - 147.5, 0
2018-11-12 15:52:43 (2430630494833) STATS - 147.6, 0
2018-11-12 15:52:43 (2430630510133) STATS - 147.7, 0
2018-11-12 15:52:43 (2430630525234) STATS - 147.8, 0
2018-11-12 15:52:43 (2430630540434) STATS - 147.9, 1
2018-11-12 15:52:43 (2430630555634) STATS - 148.0, 1
2018-11-12 15:52:43 (2430630570935) STATS - 148.1, 0
2018-11-12 15:52:43 (2430630586335) STATS - 148.2, 0
2018-11-12 15:52:43 (2430630602836) STATS - 148.3, 0
2018-11-12 15:52:43 (2430630618436) STATS - 148.4, 0
2018-11-12 15:52:43 (2430630633337) STATS - 148.5, 0
2018-11-12 15:52:43 (2430630648737) STATS - 148.6, 0
2018-11-12 15:52:43 (2430630664238) STATS - 148.7, 0
2018-11-12 15:52:43 (2430630679638) STATS - 148.8, 0
2018-11-12 15:52:43 (2430630694239) STATS - 148.9, 0
2018-11-12 15:52:43 (2430630708539) STATS - 149.0, 0
2018-11-12 15:52:43 (2430630723239) STATS - 149.1, 0
2018-11-12 15:52:43 (2430630737640) STATS - 149.2, 0
2018-11-12 15:52:43 (2430630751740) STATS - 149.3, 0
2018-11-12 15:52:43 (2430630765841) STATS - 149.4, 0
2018-11-12 15:52:43 (2430630779941) STATS - 149.5, 0
2018-11-12 15:52:43 (2430630794142) STATS - 149.6, 0
2018-11-12 15:52:43 (2430630810242) STATS - 149.7, 0
2018-11-12 15:52:43 (2430630824642) STATS - 149.8, 0
2018-11-12 15:52:43 (2430630838743) STATS - 149.9, 0
2018-11-12 15:52:43 (2430630853543) STATS - 150.0, 0
2018-11-12 15:52:43 (2430630867844) STATS - 150.1, 0
2018-11-12 15:52:43 (2430630882244) STATS - 150.2, 0
2018-11-12 15:52:43 (2430630896445) STATS - 150.3, 0
2018-11-12 15:52:43 (2430630910545) STATS - 150.4, 0
2018-11-12 15:52:43 (2430630924545) STATS - 150.5, 0
2018-11-12 15:52:43 (2430630938746) STATS - 150.6, 1
2018-11-12 15:52:43 (2430630952946) STATS - 150.7, 0
2018-11-12 15:52:43 (2430630967247) STATS - 150.8, 0
2018-11-12 15:52:43 (2430630983447) STATS - 150.9, 0
2018-11-12 15:52:43 (2430630999548) STATS - 151.0, 0
2018-11-12 15:52:43 (2430631017748) STATS - 151.1, 0
2018-11-12 15:52:43 (2430631032849) STATS - 151.2, 0
2018-11-12 15:52:43 (2430631046949) STATS - 151.3, 0
2018-11-12 15:52:43 (2430631061249) STATS - 151.4, 0
2018-11-12 15:52:43 (2430631075350) STATS - 151.5, 0
2018-11-12 15:52:43 (2430631114951) STATS - 151.6, 0
2018-11-12 15:52:43 (2430631133252) STATS - 151.7, 0
2018-11-12 15:52:43 (2430631150152) STATS - 151.8, 0
2018-11-12 15:52:43 (2430631181553) STATS - 151.9, 0
2018-11-12 15:52:43 (2430631214154) STATS - 152.0, 0
2018-11-12 15:52:43 (2430631241055) STATS - 152.1, 0
2018-11-12 15:52:43 (2430631255755) STATS - 152.2, 0
2018-11-12 15:52:43 (2430631270156) STATS - 152.3, 0
2018-11-12 15:52:43 (2430631284256) STATS - 152.4, 0
2018-11-12 15:52:43 (2430631298557) STATS - 152.5, 0
2018-11-12 15:52:43 (2430631312857) STATS - 152.6, 0
2018-11-12 15:52:43 (2430631327357) STATS - 152.7, 0
2018-11-12 15:52:43 (2430631341558) STATS - 152.8, 0
2018-11-12 15:52:43 (2430631355758) STATS - 152.9, 0
2018-11-12 15:52:43 (2430631370259) STATS - 153.0, 0
2018-11-12 15:52:43 (2430631384959) STATS - 153.1, 0
2018-11-12 15:52:43 (2430631399660) STATS - 153.2, 0
2018-11-12 15:52:43 (2430631413860) STATS - 153.3, 0
2018-11-12 15:52:43 (2430631428760) STATS - 153.4, 0
2018-11-12 15:52:43 (2430631448961) STATS - 153.5, 0
2018-11-12 15:52:43 (2430631465161) STATS - 153.6, 0
2018-11-12 15:52:43 (2430631480062) STATS - 153.7, 0
2018-11-12 15:52:43 (2430631494162) STATS - 153.8, 1
2018-11-12 15:52:43 (2430631508363) STATS - 153.9, 0
2018-11-12 15:52:43 (2430631522563) STATS - 154.0, 0
2018-11-12 15:52:43 (2430631537064) STATS - 154.1, 0
2018-11-12 15:52:43 (2430631551564) STATS - 154.2, 0
2018-11-12 15:52:43 (2430631565664) STATS - 154.3, 0
2018-11-12 15:52:43 (2430631579965) STATS - 154.4, 0
2018-11-12 15:52:43 (2430631593865) STATS - 154.5, 0
2018-11-12 15:52:43 (2430631609566) STATS - 154.6, 0
2018-11-12 15:52:43 (2430631623866) STATS - 154.7, 0
2018-11-12 15:52:43 (2430631637867) STATS - 154.8, 0
2018-11-12 15:52:43 (2430631652067) STATS - 154.9, 1
2018-11-12 15:52:43 (2430631666167) STATS - 155.0, 2
2018-11-12 15:52:43 (2430631680568) STATS - 155.1, 4
2018-11-12 15:52:43 (2430631695068) STATS - 155.2, 1
2018-11-12 15:52:43 (2430631710469) STATS - 155.3, 0
2018-11-12 15:52:43 (2430631724869) STATS - 155.4, 0
2018-11-12 15:52:43 (2430631738870) STATS - 155.5, 1
2018-11-12 15:52:43 (2430631753170) STATS - 155.6, 0
2018-11-12 15:52:43 (2430631767270) STATS - 155.7, 1
2018-11-12 15:52:43 (2430631781371) STATS - 155.8, 3
2018-11-12 15:52:43 (2430631795571) STATS - 155.9, 1
2018-11-12 15:52:43 (2430631810072) STATS - 156.0, 0
2018-11-12 15:52:43 (2430631824672) STATS - 156.1, 1
2018-11-12 15:52:43 (2430631838973) STATS - 156.2, 2
2018-11-12 15:52:43 (2430631853373) STATS - 156.3, 1
2018-11-12 15:52:43 (2430631867473) STATS - 156.4, 0
2018-11-12 15:52:43 (2430631881374) STATS - 156.5, 0
2018-11-12 15:52:43 (2430631895674) STATS - 156.6, 0
2018-11-12 15:52:43 (2430631909975) STATS - 156.7, 0
2018-11-12 15:52:43 (2430631924375) STATS - 156.8, 0
2018-11-12 15:52:43 (2430631949076) STATS - 156.9, 0
2018-11-12 15:52:43 (2430631964976) STATS - 157.0, 0
2018-11-12 15:52:43 (2430638571372) STATS - 157.1, 0
2018-11-12 15:52:43 (2430638889782) STATS - 157.2, 0
2018-11-12 15:52:43 (2430638923183) STATS - 157.3, 0
2018-11-12 15:52:43 (2430638939383) STATS - 157.4, 0
2018-11-12 15:52:43 (2430638954284) STATS - 157.5, 0
2018-11-12 15:52:43 (2430638968984) STATS - 157.6, 0
2018-11-12 15:52:43 (2430638983385) STATS - 157.7, 0
2018-11-12 15:52:43 (2430638997585) STATS - 157.8, 0
2018-11-12 15:52:43 (2430639012085) STATS - 157.9, 0
2018-11-12 15:52:43 (2430639028686) STATS - 158.0, 0
2018-11-12 15:52:43 (2430639043186) STATS - 158.1, 0
2018-11-12 15:52:43 (2430639057687) STATS - 158.2, 0
2018-11-12 15:52:43 (2430639071787) STATS - 158.3, 0
2018-11-12 15:52:43 (2430639086088) STATS - 158.4, 0
2018-11-12 15:52:43 (2430639100288) STATS - 158.5, 0
2018-11-12 15:52:43 (2430639114589) STATS - 158.6, 0
2018-11-12 15:52:43 (2430639128789) STATS - 158.7, 0
2018-11-12 15:52:43 (2430639143089) STATS - 158.8, 0
2018-11-12 15:52:43 (2430639157490) STATS - 158.9, 0
2018-11-12 15:52:43 (2430639172490) STATS - 159.0, 0
2018-11-12 15:52:43 (2430639187091) STATS - 159.1, 0
2018-11-12 15:52:43 (2430639201291) STATS - 159.2, 0
2018-11-12 15:52:43 (2430639222292) STATS - 159.3, 0
2018-11-12 15:52:43 (2430639236492) STATS - 159.4, 0
2018-11-12 15:52:43 (2430639257093) STATS - 159.5, 0
2018-11-12 15:52:43 (2430639272693) STATS - 159.6, 0
2018-11-12 15:52:43 (2430639286994) STATS - 159.7, 0
2018-11-12 15:52:43 (2430639300994) STATS - 159.8, 0
2018-11-12 15:52:43 (2430639379196) STATS - 159.9, 0
2018-11-12 15:52:43 (2430639402697) STATS - 160.0, 0
2018-11-12 15:52:43 (2430639417597) STATS - 160.1, 0
2018-11-12 15:52:43 (2430639471999) STATS - 160.2, 0
2018-11-12 15:52:43 (2430639493700) STATS - 160.3, 0
2018-11-12 15:52:43 (2430639508600) STATS - 160.4, 0
2018-11-12 15:52:43 (2430639523201) STATS - 160.5, 0
2018-11-12 15:52:43 (2430639537301) STATS - 160.6, 1
2018-11-12 15:52:43 (2430639551701) STATS - 160.7, 0
2018-11-12 15:52:43 (2430639566002) STATS - 160.8, 1
2018-11-12 15:52:43 (2430639580102) STATS - 160.9, 0
2018-11-12 15:52:43 (2430639595603) STATS - 161.0, 0
2018-11-12 15:52:43 (2430639617603) STATS - 161.1, 2
2018-11-12 15:52:43 (2430639631604) STATS - 161.2, 0
2018-11-12 15:52:43 (2430639645804) STATS - 161.3, 0
2018-11-12 15:52:43 (2430639665105) STATS - 161.4, 0
2018-11-12 15:52:43 (2430639679405) STATS - 161.5, 0
2018-11-12 15:52:43 (2430639697106) STATS - 161.6, 0
2018-11-12 15:52:43 (2430639715906) STATS - 161.7, 0
2018-11-12 15:52:43 (2430639731607) STATS - 161.8, 0
2018-11-12 15:52:43 (2430639746007) STATS - 161.9, 0
2018-11-12 15:52:43 (2430639760408) STATS - 162.0, 0
2018-11-12 15:52:43 (2430639774608) STATS - 162.1, 0
2018-11-12 15:52:43 (2430639790509) STATS - 162.2, 0
2018-11-12 15:52:43 (2430639804709) STATS - 162.3, 0
2018-11-12 15:52:43 (2430639818909) STATS - 162.4, 0
2018-11-12 15:52:43 (2430639832910) STATS - 162.5, 0
2018-11-12 15:52:43 (2430639846910) STATS - 162.6, 1
2018-11-12 15:52:43 (2430639861011) STATS - 162.7, 0
2018-11-12 15:52:43 (2430639874911) STATS - 162.8, 0
2018-11-12 15:52:43 (2430639889211) STATS - 162.9, 1
2018-11-12 15:52:43 (2430639903412) STATS - 163.0, 0
2018-11-12 15:52:43 (2430639917812) STATS - 163.1, 1
2018-11-12 15:52:43 (2430639932313) STATS - 163.2, 0
2018-11-12 15:52:43 (2430639946313) STATS - 163.3, 0
2018-11-12 15:52:43 (2430639960514) STATS - 163.4, 1
2018-11-12 15:52:43 (2430639974614) STATS - 163.5, 0
2018-11-12 15:52:43 (2430639988714) STATS - 163.6, 0
2018-11-12 15:52:43 (2430640020315) STATS - 163.7, 0
2018-11-12 15:52:43 (2430640046516) STATS - 163.8, 0
2018-11-12 15:52:43 (2430640061417) STATS - 163.9, 0
2018-11-12 15:52:43 (2430640076117) STATS - 164.0, 0
2018-11-12 15:52:43 (2430640093118) STATS - 164.1, 0
2018-11-12 15:52:43 (2430640107318) STATS - 164.2, 0
2018-11-12 15:52:43 (2430640127519) STATS - 164.3, 0
2018-11-12 15:52:43 (2430640141719) STATS - 164.4, 0
2018-11-12 15:52:43 (2430640155919) STATS - 164.5, 0
2018-11-12 15:52:43 (2430640171820) STATS - 164.6, 1
2018-11-12 15:52:43 (2430640212121) STATS - 164.7, 0
2018-11-12 15:52:43 (2430640238722) STATS - 164.8, 0
2018-11-12 15:52:43 (2430640255222) STATS - 164.9, 0
2018-11-12 15:52:43 (2430640270623) STATS - 165.0, 0
2018-11-12 15:52:43 (2430640285223) STATS - 165.1, 0
2018-11-12 15:52:43 (2430640299424) STATS - 165.2, 0
2018-11-12 15:52:43 (2430640313624) STATS - 165.3, 0
2018-11-12 15:52:43 (2430640327625) STATS - 165.4, 0
2018-11-12 15:52:43 (2430640342125) STATS - 165.5, 1
2018-11-12 15:52:43 (2430640356425) STATS - 165.6, 0
2018-11-12 15:52:43 (2430640370326) STATS - 165.7, 0
2018-11-12 15:52:43 (2430640384526) STATS - 165.8, 0
2018-11-12 15:52:43 (2430640398827) STATS - 165.9, 0
2018-11-12 15:52:43 (2430640413327) STATS - 166.0, 0
2018-11-12 15:52:43 (2430640428027) STATS - 166.1, 1
2018-11-12 15:52:43 (2430640442128) STATS - 166.2, 0
2018-11-12 15:52:43 (2430640456228) STATS - 166.3, 0
2018-11-12 15:52:43 (2430640470329) STATS - 166.4, 0
2018-11-12 15:52:43 (2430640484529) STATS - 166.5, 0
2018-11-12 15:52:43 (2430640498730) STATS - 166.6, 0
2018-11-12 15:52:43 (2430640512930) STATS - 166.7, 1
2018-11-12 15:52:43 (2430640527330) STATS - 166.8, 0
2018-11-12 15:52:43 (2430640541231) STATS - 166.9, 1
2018-11-12 15:52:43 (2430640579432) STATS - 167.0, 1
2018-11-12 15:52:43 (2430640597433) STATS - 167.1, 0
2018-11-12 15:52:43 (2430640614733) STATS - 167.2, 0
2018-11-12 15:52:43 (2430640644834) STATS - 167.3, 0
2018-11-12 15:52:43 (2430640664034) STATS - 167.4, 0
2018-11-12 15:52:43 (2430640678335) STATS - 167.5, 2
2018-11-12 15:52:43 (2430640692135) STATS - 167.6, 0
2018-11-12 15:52:43 (2430640705836) STATS - 167.7, 0
2018-11-12 15:52:43 (2430640719536) STATS - 167.8, 0
2018-11-12 15:52:43 (2430640733137) STATS - 167.9, 0
2018-11-12 15:52:43 (2430640747637) STATS - 168.0, 0
2018-11-12 15:52:43 (2430640761737) STATS - 168.1, 0
2018-11-12 15:52:43 (2430640782338) STATS - 168.2, 0
2018-11-12 15:52:43 (2430640797938) STATS - 168.3, 0
2018-11-12 15:52:43 (2430640817039) STATS - 168.4, 0
2018-11-12 15:52:43 (2430640830439) STATS - 168.5, 0
2018-11-12 15:52:43 (2430640844240) STATS - 168.6, 0
2018-11-12 15:52:43 (2430640857740) STATS - 168.7, 0
2018-11-12 15:52:43 (2430640871341) STATS - 168.8, 0
2018-11-12 15:52:43 (2430640884741) STATS - 168.9, 0
2018-11-12 15:52:43 (2430640898741) STATS - 169.0, 0
2018-11-12 15:52:43 (2430640916042) STATS - 169.1, 0
2018-11-12 15:52:43 (2430640930242) STATS - 169.2, 0
2018-11-12 15:52:43 (2430640944043) STATS - 169.3, 0
2018-11-12 15:52:43 (2430640957743) STATS - 169.4, 0
2018-11-12 15:52:43 (2430640971144) STATS - 169.5, 0
2018-11-12 15:52:43 (2430640985244) STATS - 169.6, 0
2018-11-12 15:52:43 (2430640998844) STATS - 169.7, 0
2018-11-12 15:52:43 (2430641012445) STATS - 169.8, 0
2018-11-12 15:52:43 (2430641025945) STATS - 169.9, 0
2018-11-12 15:52:43 (2430641040146) STATS - 170.0, 0
2018-11-12 15:52:43 (2430641053846) STATS - 170.1, 0
2018-11-12 15:52:43 (2430641067546) STATS - 170.2, 0
2018-11-12 15:52:43 (2430641085647) STATS - 170.3, 0
2018-11-12 15:52:43 (2430641099447) STATS - 170.4, 0
2018-11-12 15:52:43 (2430641112948) STATS - 170.5, 0
2018-11-12 15:52:43 (2430641126548) STATS - 170.6, 0
2018-11-12 15:52:43 (2430641140549) STATS - 170.7, 0
2018-11-12 15:52:43 (2430641156049) STATS - 170.8, 0
2018-11-12 15:52:43 (2430641176350) STATS - 170.9, 0
2018-11-12 15:52:43 (2430641190150) STATS - 171.0, 0
2018-11-12 15:52:43 (2430641203951) STATS - 171.1, 0
2018-11-12 15:52:43 (2430641217951) STATS - 171.2, 0
2018-11-12 15:52:43 (2430641232851) STATS - 171.3, 0
2018-11-12 15:52:43 (2430641246652) STATS - 171.4, 0
2018-11-12 15:52:43 (2430641261852) STATS - 171.5, 0
2018-11-12 15:52:43 (2430641275653) STATS - 171.6, 0
2018-11-12 15:52:43 (2430641289553) STATS - 171.7, 0
2018-11-12 15:52:43 (2430641305054) STATS - 171.8, 0
2018-11-12 15:52:43 (2430641318554) STATS - 171.9, 0
2018-11-12 15:52:43 (2430641332154) STATS - 172.0, 0
2018-11-12 15:52:43 (2430641345855) STATS - 172.1, 1
2018-11-12 15:52:43 (2430641361055) STATS - 172.2, 0
2018-11-12 15:52:43 (2430641375656) STATS - 172.3, 0
2018-11-12 15:52:43 (2430641389956) STATS - 172.4, 0
2018-11-12 15:52:43 (2430641403656) STATS - 172.5, 1
2018-11-12 15:52:43 (2430641417357) STATS - 172.6, 0
2018-11-12 15:52:43 (2430641455058) STATS - 172.7, 0
2018-11-12 15:52:43 (2430641478459) STATS - 172.8, 0
2018-11-12 15:52:43 (2430641492159) STATS - 172.9, 0
2018-11-12 15:52:43 (2430641506459) STATS - 173.0, 0
2018-11-12 15:52:43 (2430647786246) STATS - 173.1, 0
2018-11-12 15:52:43 (2430647819847) STATS - 173.2, 0
2018-11-12 15:52:43 (2430647835247) STATS - 173.3, 0
2018-11-12 15:52:43 (2430647849248) STATS - 173.4, 0
2018-11-12 15:52:43 (2430647863248) STATS - 173.5, 0
2018-11-12 15:52:43 (2430647884449) STATS - 173.6, 0
2018-11-12 15:52:43 (2430647898249) STATS - 173.7, 0
2018-11-12 15:52:43 (2430647912150) STATS - 173.8, 0
2018-11-12 15:52:43 (2430647925950) STATS - 173.9, 0
2018-11-12 15:52:43 (2430647946251) STATS - 174.0, 1
2018-11-12 15:52:43 (2430647961751) STATS - 174.1, 1
2018-11-12 15:52:43 (2430647975752) STATS - 174.2, 0
2018-11-12 15:52:43 (2430647989552) STATS - 174.3, 0
2018-11-12 15:52:43 (2430648037753) STATS - 174.4, 0
2018-11-12 15:52:43 (2430648054054) STATS - 174.5, 0
2018-11-12 15:52:43 (2430648068054) STATS - 174.6, 0
2018-11-12 15:52:43 (2430648086155) STATS - 174.7, 0
2018-11-12 15:52:43 (2430648099955) STATS - 174.8, 0
2018-11-12 15:52:43 (2430648114056) STATS - 174.9, 0
2018-11-12 15:52:43 (2430648128756) STATS - 175.0, 0
2018-11-12 15:52:43 (2430648146957) STATS - 175.1, 0
2018-11-12 15:52:43 (2430648160957) STATS - 175.2, 0
2018-11-12 15:52:43 (2430648174657) STATS - 175.3, 0
2018-11-12 15:52:43 (2430648188358) STATS - 175.4, 0
2018-11-12 15:52:43 (2430648202258) STATS - 175.5, 0
2018-11-12 15:52:43 (2430648216159) STATS - 175.6, 0
2018-11-12 15:52:43 (2430648229959) STATS - 175.7, 0
2018-11-12 15:52:43 (2430648243659) STATS - 175.8, 0
2018-11-12 15:52:43 (2430648257460) STATS - 175.9, 0
2018-11-12 15:52:43 (2430648271760) STATS - 176.0, 0
2018-11-12 15:52:43 (2430648285761) STATS - 176.1, 0
2018-11-12 15:52:43 (2430648299561) STATS - 176.2, 0
2018-11-12 15:52:43 (2430648313562) STATS - 176.3, 0
2018-11-12 15:52:43 (2430648327262) STATS - 176.4, 0
2018-11-12 15:52:43 (2430648344962) STATS - 176.5, 0
2018-11-12 15:52:43 (2430648358563) STATS - 176.6, 0
2018-11-12 15:52:43 (2430648377963) STATS - 176.7, 0
2018-11-12 15:52:43 (2430648395264) STATS - 176.8, 0
2018-11-12 15:52:43 (2430648409064) STATS - 176.9, 0
2018-11-12 15:52:43 (2430648423365) STATS - 177.0, 0
2018-11-12 15:52:43 (2430648437265) STATS - 177.1, 0
2018-11-12 15:52:43 (2430648450766) STATS - 177.2, 0
2018-11-12 15:52:43 (2430648472666) STATS - 177.3, 0
2018-11-12 15:52:43 (2430648486667) STATS - 177.4, 0
2018-11-12 15:52:43 (2430648544868) STATS - 177.5, 0
2018-11-12 15:52:43 (2430648564569) STATS - 177.6, 0
2018-11-12 15:52:43 (2430648578869) STATS - 177.7, 0
2018-11-12 15:52:43 (2430648592570) STATS - 177.8, 0
2018-11-12 15:52:43 (2430648606170) STATS - 177.9, 0
2018-11-12 15:52:43 (2430648620771) STATS - 178.0, 1
2018-11-12 15:52:43 (2430648634871) STATS - 178.1, 0
2018-11-12 15:52:43 (2430648648371) STATS - 178.2, 0
2018-11-12 15:52:43 (2430648661872) STATS - 178.3, 1
2018-11-12 15:52:43 (2430648704173) INFO  - END: Middleware stopped.
