2018-11-12 16:53:08 (6055688719116) INFO  - START: Middleware listening on address 10.0.0.11:8888.
2018-11-12 16:54:31 (6139139470662) STATS -  5.00, 2593, 0, 0.334338, 1.129973, 1.570848, 1.570848, 0.000000, 0.000000, 12965, 0, 0, 0.00, 0.00, 0
2018-11-12 16:54:31 (6139307527508) STATS - 10.00, 3045, 0, 0.179662, 1.015408, 1.272967, 1.272967, 0.000000, 0.000000, 15228, 0, 0, 0.00, 0.00, 0
2018-11-12 16:54:32 (6139406081932) STATS - 15.00, 3123, 0, 0.189322, 0.979893, 1.252434, 1.252434, 0.000000, 0.000000, 15617, 0, 0, 0.00, 0.00, 0
2018-11-12 16:54:32 (6139464441646) STATS - 20.00, 3122, 0, 0.180262, 0.948855, 1.215184, 1.215184, 0.000000, 0.000000, 15610, 0, 0, 0.00, 0.00, 0
2018-11-12 16:54:32 (6139522765758) STATS - 25.00, 3162, 0, 0.176109, 0.935530, 1.212127, 1.212127, 0.000000, 0.000000, 15813, 0, 0, 0.00, 0.00, 0
2018-11-12 16:54:32 (6139573238553) STATS - 30.00, 3133, 0, 0.187464, 0.955473, 1.233889, 1.233889, 0.000000, 0.000000, 15667, 0, 0, 0.00, 0.00, 0
2018-11-12 16:54:32 (6139629578811) STATS - 35.00, 3097, 0, 0.185700, 0.963004, 1.237475, 1.237475, 0.000000, 0.000000, 15487, 0, 0, 0.00, 0.00, 0
2018-11-12 16:54:32 (6139679472090) STATS - 40.00, 3097, 0, 0.177983, 0.983165, 1.245163, 1.245163, 0.000000, 0.000000, 15487, 0, 0, 0.00, 0.00, 0
2018-11-12 16:54:32 (6139720540426) STATS - 45.00, 3088, 0, 0.177197, 1.013195, 1.284890, 1.284890, 0.000000, 0.000000, 15441, 0, 0, 0.00, 0.00, 0
2018-11-12 16:54:32 (6139766665701) STATS - 50.00, 3082, 0, 0.179829, 1.016955, 1.284332, 1.284332, 0.000000, 0.000000, 15411, 0, 0, 0.00, 0.00, 0
2018-11-12 16:54:32 (6139805119464) STATS - 55.00, 3109, 0, 0.171525, 0.977058, 1.239240, 1.239240, 0.000000, 0.000000, 15546, 0, 0, 0.00, 0.00, 0
2018-11-12 16:54:32 (6139835676709) STATS - 60.00, 3108, 0, 0.179393, 0.970693, 1.252631, 1.252631, 0.000000, 0.000000, 15540, 0, 0, 0.00, 0.00, 0
2018-11-12 16:54:32 (6139871646003) STATS - 65.00, 3089, 0, 0.192938, 0.968000, 1.253467, 1.253467, 0.000000, 0.000000, 15448, 0, 0, 0.00, 0.00, 0
2018-11-12 16:54:32 (6139891692657) STATS - 70.00, 3212, 0, 0.173860, 0.933097, 1.186396, 1.186396, 0.000000, 0.000000, 16063, 0, 0, 0.00, 0.00, 0
2018-11-12 16:54:32 (6139893649511) STATS - 70.00, 38, 0, 0.181240, 1.246573, 1.531804, 1.531804, 0.000000, 0.000000, 192, 0, 0, 0.00, 0.00, 0
2018-11-12 16:54:32 (6140160398285) STATS - Interval, Responses
2018-11-12 16:54:32 (6140160762495) STATS - 0.1, 0
2018-11-12 16:54:32 (6140160911200) STATS - 0.2, 0
2018-11-12 16:54:32 (6140161403313) STATS - 0.3, 133
2018-11-12 16:54:32 (6140161584518) STATS - 0.4, 6552
2018-11-12 16:54:32 (6140168500509) STATS - 0.5, 22436
2018-11-12 16:54:32 (6140168706815) STATS - 0.6, 29844
2018-11-12 16:54:32 (6140168869620) STATS - 0.7, 30774
2018-11-12 16:54:32 (6140169022124) STATS - 0.8, 26902
2018-11-12 16:54:32 (6140169240230) STATS - 0.9, 21712
2018-11-12 16:54:32 (6140169434535) STATS - 1.0, 16162
2018-11-12 16:54:32 (6140169585339) STATS - 1.1, 11224
2018-11-12 16:54:32 (6140169840446) STATS - 1.2, 7647
2018-11-12 16:54:32 (6140170010251) STATS - 1.3, 5178
2018-11-12 16:54:32 (6140170173656) STATS - 1.4, 3761
2018-11-12 16:54:32 (6140170339960) STATS - 1.5, 2827
2018-11-12 16:54:32 (6140170501365) STATS - 1.6, 2108
2018-11-12 16:54:32 (6140170668169) STATS - 1.7, 1781
2018-11-12 16:54:32 (6140170825474) STATS - 1.8, 1389
2018-11-12 16:54:32 (6140171050680) STATS - 1.9, 1189
2018-11-12 16:54:32 (6140171198984) STATS - 2.0, 1023
2018-11-12 16:54:32 (6140178399883) STATS - 2.1, 928
2018-11-12 16:54:32 (6140178705191) STATS - 2.2, 826
2018-11-12 16:54:32 (6140178869996) STATS - 2.3, 755
2018-11-12 16:54:32 (6140179042601) STATS - 2.4, 695
2018-11-12 16:54:32 (6140179443112) STATS - 2.5, 666
2018-11-12 16:54:32 (6140179645017) STATS - 2.6, 559
2018-11-12 16:54:32 (6140179836423) STATS - 2.7, 528
2018-11-12 16:54:32 (6140179982927) STATS - 2.8, 429
2018-11-12 16:54:32 (6140180162732) STATS - 2.9, 356
2018-11-12 16:54:32 (6140180323436) STATS - 3.0, 357
2018-11-12 16:54:32 (6140180496141) STATS - 3.1, 256
2018-11-12 16:54:32 (6140180647245) STATS - 3.2, 284
2018-11-12 16:54:32 (6140180840550) STATS - 3.3, 297
2018-11-12 16:54:32 (6140181018855) STATS - 3.4, 297
2018-11-12 16:54:32 (6140181184660) STATS - 3.5, 252
2018-11-12 16:54:32 (6140188385359) STATS - 3.6, 241
2018-11-12 16:54:32 (6140188532263) STATS - 3.7, 229
2018-11-12 16:54:32 (6140188695668) STATS - 3.8, 230
2018-11-12 16:54:32 (6140188826371) STATS - 3.9, 191
2018-11-12 16:54:32 (6140188987176) STATS - 4.0, 216
2018-11-12 16:54:32 (6140189102979) STATS - 4.1, 219
2018-11-12 16:54:32 (6140189219682) STATS - 4.2, 217
2018-11-12 16:54:32 (6140189333485) STATS - 4.3, 218
2018-11-12 16:54:32 (6140189450588) STATS - 4.4, 203
2018-11-12 16:54:32 (6140189586892) STATS - 4.5, 202
2018-11-12 16:54:32 (6140189720096) STATS - 4.6, 190
2018-11-12 16:54:32 (6140189902301) STATS - 4.7, 198
2018-11-12 16:54:32 (6140190046005) STATS - 4.8, 174
2018-11-12 16:54:32 (6140190195309) STATS - 4.9, 171
2018-11-12 16:54:32 (6140190322113) STATS - 5.0, 171
2018-11-12 16:54:32 (6140190493017) STATS - 5.1, 190
2018-11-12 16:54:32 (6140190633021) STATS - 5.2, 184
2018-11-12 16:54:32 (6140190765825) STATS - 5.3, 214
2018-11-12 16:54:32 (6140190999031) STATS - 5.4, 214
2018-11-12 16:54:32 (6140198297833) STATS - 5.5, 243
2018-11-12 16:54:32 (6140198460838) STATS - 5.6, 272
2018-11-12 16:54:32 (6140198670643) STATS - 5.7, 288
2018-11-12 16:54:32 (6140198818647) STATS - 5.8, 355
2018-11-12 16:54:32 (6140198960251) STATS - 5.9, 427
2018-11-12 16:54:32 (6140199099255) STATS - 6.0, 444
2018-11-12 16:54:32 (6140199311361) STATS - 6.1, 498
2018-11-12 16:54:32 (6140199456065) STATS - 6.2, 508
2018-11-12 16:54:32 (6140199594469) STATS - 6.3, 565
2018-11-12 16:54:32 (6140199731973) STATS - 6.4, 570
2018-11-12 16:54:32 (6140199874477) STATS - 6.5, 566
2018-11-12 16:54:32 (6140200031981) STATS - 6.6, 462
2018-11-12 16:54:32 (6140200215786) STATS - 6.7, 534
2018-11-12 16:54:32 (6140200414992) STATS - 6.8, 454
2018-11-12 16:54:32 (6140200726400) STATS - 6.9, 391
2018-11-12 16:54:32 (6140200991608) STATS - 7.0, 299
2018-11-12 16:54:32 (6140207907399) STATS - 7.1, 367
2018-11-12 16:54:32 (6140208122905) STATS - 7.2, 342
2018-11-12 16:54:32 (6140208256808) STATS - 7.3, 269
2018-11-12 16:54:32 (6140208396812) STATS - 7.4, 238
2018-11-12 16:54:32 (6140208566217) STATS - 7.5, 214
2018-11-12 16:54:32 (6140208885626) STATS - 7.6, 214
2018-11-12 16:54:32 (6140209121432) STATS - 7.7, 170
2018-11-12 16:54:32 (6140209263236) STATS - 7.8, 154
2018-11-12 16:54:32 (6140209477242) STATS - 7.9, 128
2018-11-12 16:54:32 (6140209609846) STATS - 8.0, 137
2018-11-12 16:54:32 (6140209742149) STATS - 8.1, 118
2018-11-12 16:54:32 (6140209871553) STATS - 8.2, 138
2018-11-12 16:54:32 (6140209998157) STATS - 8.3, 152
2018-11-12 16:54:32 (6140210125060) STATS - 8.4, 150
2018-11-12 16:54:32 (6140210254464) STATS - 8.5, 175
2018-11-12 16:54:32 (6140210390267) STATS - 8.6, 206
2018-11-12 16:54:32 (6140210522471) STATS - 8.7, 168
2018-11-12 16:54:32 (6140210650675) STATS - 8.8, 182
2018-11-12 16:54:32 (6140210797879) STATS - 8.9, 134
2018-11-12 16:54:32 (6140217705270) STATS - 9.0, 116
2018-11-12 16:54:32 (6140217824773) STATS - 9.1, 113
2018-11-12 16:54:32 (6140217938776) STATS - 9.2, 74
2018-11-12 16:54:32 (6140218096580) STATS - 9.3, 36
2018-11-12 16:54:32 (6140218255685) STATS - 9.4, 39
2018-11-12 16:54:32 (6140218378288) STATS - 9.5, 34
2018-11-12 16:54:32 (6140218517892) STATS - 9.6, 28
2018-11-12 16:54:32 (6140218633095) STATS - 9.7, 42
2018-11-12 16:54:32 (6140218765799) STATS - 9.8, 48
2018-11-12 16:54:32 (6140218879302) STATS - 9.9, 33
2018-11-12 16:54:32 (6140219033706) STATS - 10.0, 23
2018-11-12 16:54:32 (6140219136309) STATS - 10.1, 11
2018-11-12 16:54:32 (6140219289913) STATS - 10.2, 9
2018-11-12 16:54:32 (6140219428417) STATS - 10.3, 6
2018-11-12 16:54:32 (6140219545920) STATS - 10.4, 6
2018-11-12 16:54:32 (6140219670424) STATS - 10.5, 3
2018-11-12 16:54:32 (6140219849829) STATS - 10.6, 5
2018-11-12 16:54:32 (6140219978732) STATS - 10.7, 7
2018-11-12 16:54:32 (6140220134337) STATS - 10.8, 4
2018-11-12 16:54:32 (6140220261040) STATS - 10.9, 9
2018-11-12 16:54:32 (6140220392244) STATS - 11.0, 6
2018-11-12 16:54:32 (6140227616044) STATS - 11.1, 10
2018-11-12 16:54:32 (6140227807549) STATS - 11.2, 6
2018-11-12 16:54:32 (6140227948853) STATS - 11.3, 9
2018-11-12 16:54:32 (6140228082056) STATS - 11.4, 10
2018-11-12 16:54:32 (6140228196360) STATS - 11.5, 9
2018-11-12 16:54:32 (6140228319663) STATS - 11.6, 5
2018-11-12 16:54:32 (6140228443066) STATS - 11.7, 11
2018-11-12 16:54:32 (6140228559170) STATS - 11.8, 2
2018-11-12 16:54:32 (6140228662272) STATS - 11.9, 2
2018-11-12 16:54:32 (6140228761775) STATS - 12.0, 4
2018-11-12 16:54:32 (6140228860978) STATS - 12.1, 5
2018-11-12 16:54:32 (6140228961981) STATS - 12.2, 2
2018-11-12 16:54:32 (6140229061284) STATS - 12.3, 8
2018-11-12 16:54:32 (6140229662400) STATS - 12.4, 8
2018-11-12 16:54:32 (6140229777403) STATS - 12.5, 11
2018-11-12 16:54:32 (6140229892907) STATS - 12.6, 1
2018-11-12 16:54:32 (6140229999009) STATS - 12.7, 11
2018-11-12 16:54:32 (6140230131513) STATS - 12.8, 7
2018-11-12 16:54:32 (6140230240916) STATS - 12.9, 8
2018-11-12 16:54:32 (6140230350619) STATS - 13.0, 9
2018-11-12 16:54:32 (6140230484623) STATS - 13.1, 2
2018-11-12 16:54:32 (6140230585826) STATS - 13.2, 2
2018-11-12 16:54:32 (6140237236510) STATS - 13.3, 5
2018-11-12 16:54:32 (6140237537318) STATS - 13.4, 9
2018-11-12 16:54:32 (6140237698822) STATS - 13.5, 6
2018-11-12 16:54:32 (6140237809925) STATS - 13.6, 4
2018-11-12 16:54:32 (6140237925929) STATS - 13.7, 1
2018-11-12 16:54:32 (6140238043532) STATS - 13.8, 1
2018-11-12 16:54:32 (6140238135334) STATS - 13.9, 3
2018-11-12 16:54:32 (6140238222637) STATS - 14.0, 1
2018-11-12 16:54:32 (6140238312639) STATS - 14.1, 2
2018-11-12 16:54:32 (6140238407342) STATS - 14.2, 3
2018-11-12 16:54:32 (6140238502845) STATS - 14.3, 1
2018-11-12 16:54:32 (6140238622748) STATS - 14.4, 3
2018-11-12 16:54:32 (6140238771352) STATS - 14.5, 1
2018-11-12 16:54:32 (6140238874055) STATS - 14.6, 1
2018-11-12 16:54:32 (6140238982158) STATS - 14.7, 1
2018-11-12 16:54:32 (6140239082761) STATS - 14.8, 0
2018-11-12 16:54:32 (6140239225365) STATS - 14.9, 1
2018-11-12 16:54:32 (6140239346168) STATS - 15.0, 2
2018-11-12 16:54:32 (6140239453871) STATS - 15.1, 3
2018-11-12 16:54:32 (6140239591175) STATS - 15.2, 9
2018-11-12 16:54:32 (6140239686777) STATS - 15.3, 6
2018-11-12 16:54:32 (6140239776880) STATS - 15.4, 4
2018-11-12 16:54:32 (6140240068588) STATS - 15.5, 5
2018-11-12 16:54:32 (6140240186791) STATS - 15.6, 4
2018-11-12 16:54:32 (6140247163484) STATS - 15.7, 8
2018-11-12 16:54:32 (6140247291387) STATS - 15.8, 3
2018-11-12 16:54:32 (6140247409091) STATS - 15.9, 4
2018-11-12 16:54:32 (6140247510294) STATS - 16.0, 5
2018-11-12 16:54:32 (6140247648897) STATS - 16.1, 2
2018-11-12 16:54:32 (6140247753400) STATS - 16.2, 2
2018-11-12 16:54:32 (6140247862403) STATS - 16.3, 5
2018-11-12 16:54:32 (6140247984907) STATS - 16.4, 2
2018-11-12 16:54:32 (6140248119110) STATS - 16.5, 2
2018-11-12 16:54:32 (6140248222113) STATS - 16.6, 4
2018-11-12 16:54:32 (6140248323716) STATS - 16.7, 0
2018-11-12 16:54:32 (6140248435419) STATS - 16.8, 0
2018-11-12 16:54:32 (6140248538922) STATS - 16.9, 6
2018-11-12 16:54:32 (6140248696126) STATS - 17.0, 2
2018-11-12 16:54:32 (6140248802429) STATS - 17.1, 3
2018-11-12 16:54:32 (6140248933933) STATS - 17.2, 4
2018-11-12 16:54:32 (6140249070237) STATS - 17.3, 2
2018-11-12 16:54:32 (6140249175140) STATS - 17.4, 0
2018-11-12 16:54:32 (6140249303143) STATS - 17.5, 2
2018-11-12 16:54:32 (6140249406246) STATS - 17.6, 0
2018-11-12 16:54:32 (6140249511149) STATS - 17.7, 0
2018-11-12 16:54:32 (6140249630252) STATS - 17.8, 1
2018-11-12 16:54:32 (6140249736155) STATS - 17.9, 0
2018-11-12 16:54:32 (6140249846658) STATS - 18.0, 1
2018-11-12 16:54:32 (6140249956561) STATS - 18.1, 0
2018-11-12 16:54:32 (6140257056557) STATS - 18.2, 1
2018-11-12 16:54:32 (6140257215262) STATS - 18.3, 1
2018-11-12 16:54:32 (6140257322365) STATS - 18.4, 0
2018-11-12 16:54:32 (6140257423468) STATS - 18.5, 2
2018-11-12 16:54:32 (6140257531671) STATS - 18.6, 1
2018-11-12 16:54:32 (6140257630573) STATS - 18.7, 1
2018-11-12 16:54:32 (6140257754077) STATS - 18.8, 0
2018-11-12 16:54:32 (6140258164088) STATS - 18.9, 0
2018-11-12 16:54:32 (6140258349793) STATS - 19.0, 0
2018-11-12 16:54:32 (6140258454096) STATS - 19.1, 0
2018-11-12 16:54:32 (6140258552799) STATS - 19.2, 1
2018-11-12 16:54:32 (6140258677302) STATS - 19.3, 2
2018-11-12 16:54:32 (6140258798006) STATS - 19.4, 0
2018-11-12 16:54:32 (6140258904409) STATS - 19.5, 0
2018-11-12 16:54:32 (6140258996511) STATS - 19.6, 0
2018-11-12 16:54:32 (6140259111114) STATS - 19.7, 1
2018-11-12 16:54:32 (6140259227217) STATS - 19.8, 0
2018-11-12 16:54:32 (6140259321120) STATS - 19.9, 2
2018-11-12 16:54:32 (6140259410523) STATS - 20.0, 2
2018-11-12 16:54:32 (6140259501225) STATS - 20.1, 0
2018-11-12 16:54:32 (6140259593928) STATS - 20.2, 1
2018-11-12 16:54:32 (6140259688830) STATS - 20.3, 2
2018-11-12 16:54:32 (6140259783633) STATS - 20.4, 0
2018-11-12 16:54:32 (6140259873235) STATS - 20.5, 2
2018-11-12 16:54:32 (6140259966138) STATS - 20.6, 0
2018-11-12 16:54:32 (6140260074541) STATS - 20.7, 0
2018-11-12 16:54:32 (6140260166043) STATS - 20.8, 0
2018-11-12 16:54:32 (6140266912030) STATS - 20.9, 0
2018-11-12 16:54:32 (6140267091435) STATS - 21.0, 0
2018-11-12 16:54:32 (6140267208238) STATS - 21.1, 0
2018-11-12 16:54:32 (6140267317641) STATS - 21.2, 0
2018-11-12 16:54:32 (6140267407144) STATS - 21.3, 1
2018-11-12 16:54:32 (6140267496746) STATS - 21.4, 0
2018-11-12 16:54:32 (6140267622150) STATS - 21.5, 1
2018-11-12 16:54:32 (6140267750753) STATS - 21.6, 0
2018-11-12 16:54:32 (6140268105863) STATS - 21.7, 0
2018-11-12 16:54:32 (6140268201866) STATS - 21.8, 0
2018-11-12 16:54:32 (6140268290768) STATS - 21.9, 0
2018-11-12 16:54:32 (6140268375170) STATS - 22.0, 0
2018-11-12 16:54:32 (6140268517174) STATS - 22.1, 1
2018-11-12 16:54:32 (6140268616577) STATS - 22.2, 0
2018-11-12 16:54:32 (6140268704879) STATS - 22.3, 0
2018-11-12 16:54:32 (6140268791682) STATS - 22.4, 0
2018-11-12 16:54:32 (6140268892585) STATS - 22.5, 0
2018-11-12 16:54:32 (6140268978887) STATS - 22.6, 0
2018-11-12 16:54:32 (6140269100590) STATS - 22.7, 2
2018-11-12 16:54:32 (6140269185593) STATS - 22.8, 4
2018-11-12 16:54:32 (6140269268795) STATS - 22.9, 2
2018-11-12 16:54:32 (6140269347997) STATS - 23.0, 2
2018-11-12 16:54:32 (6140269439300) STATS - 23.1, 2
2018-11-12 16:54:32 (6140269587904) STATS - 23.2, 1
2018-11-12 16:54:32 (6140269688707) STATS - 23.3, 3
2018-11-12 16:54:32 (6140269797310) STATS - 23.4, 0
2018-11-12 16:54:32 (6140269903413) STATS - 23.5, 0
2018-11-12 16:54:32 (6140276794503) STATS - 23.6, 1
2018-11-12 16:54:32 (6140277532123) STATS - 23.7, 1
2018-11-12 16:54:32 (6140277649927) STATS - 23.8, 0
2018-11-12 16:54:32 (6140277793831) STATS - 23.9, 1
2018-11-12 16:54:32 (6140277968536) STATS - 24.0, 1
2018-11-12 16:54:32 (6140278417848) STATS - 24.1, 0
2018-11-12 16:54:32 (6140278516351) STATS - 24.2, 0
2018-11-12 16:54:32 (6140278605553) STATS - 24.3, 0
2018-11-12 16:54:32 (6140278706356) STATS - 24.4, 1
2018-11-12 16:54:32 (6140278812959) STATS - 24.5, 1
2018-11-12 16:54:32 (6140278900961) STATS - 24.6, 0
2018-11-12 16:54:32 (6140279002164) STATS - 24.7, 0
2018-11-12 16:54:32 (6140279092167) STATS - 24.8, 0
2018-11-12 16:54:32 (6140279217170) STATS - 24.9, 0
2018-11-12 16:54:32 (6140279331273) STATS - 25.0, 0
2018-11-12 16:54:32 (6140279418376) STATS - 25.1, 0
2018-11-12 16:54:32 (6140279526879) STATS - 25.2, 0
2018-11-12 16:54:32 (6140279634382) STATS - 25.3, 0
2018-11-12 16:54:32 (6140279722784) STATS - 25.4, 0
2018-11-12 16:54:32 (6140279812987) STATS - 25.5, 0
2018-11-12 16:54:32 (6140279904689) STATS - 25.6, 0
2018-11-12 16:54:32 (6140279996792) STATS - 25.7, 0
2018-11-12 16:54:32 (6140286626375) STATS - 25.8, 0
2018-11-12 16:54:32 (6140286716977) STATS - 25.9, 0
2018-11-12 16:54:32 (6140286823280) STATS - 26.0, 0
2018-11-12 16:54:32 (6140286911783) STATS - 26.1, 0
2018-11-12 16:54:32 (6140286998285) STATS - 26.2, 0
2018-11-12 16:54:32 (6140287096288) STATS - 26.3, 0
2018-11-12 16:54:32 (6140287195291) STATS - 26.4, 0
2018-11-12 16:54:32 (6140287295793) STATS - 26.5, 0
2018-11-12 16:54:32 (6140287426597) STATS - 26.6, 0
2018-11-12 16:54:32 (6140287536600) STATS - 26.7, 0
2018-11-12 16:54:32 (6140287620302) STATS - 26.8, 0
2018-11-12 16:54:32 (6140287777207) STATS - 26.9, 0
2018-11-12 16:54:32 (6140287857809) STATS - 27.0, 0
2018-11-12 16:54:32 (6140287937311) STATS - 27.1, 0
2018-11-12 16:54:32 (6140288028614) STATS - 27.2, 0
2018-11-12 16:54:32 (6140288107316) STATS - 27.3, 0
2018-11-12 16:54:32 (6140288195418) STATS - 27.4, 0
2018-11-12 16:54:32 (6140288300921) STATS - 27.5, 0
2018-11-12 16:54:32 (6140288388424) STATS - 27.6, 0
2018-11-12 16:54:32 (6140288524527) STATS - 27.7, 0
2018-11-12 16:54:32 (6140288618630) STATS - 27.8, 0
2018-11-12 16:54:32 (6140288702532) STATS - 27.9, 0
2018-11-12 16:54:32 (6140288783435) STATS - 28.0, 0
2018-11-12 16:54:32 (6140288865037) STATS - 28.1, 0
2018-11-12 16:54:32 (6140288947839) STATS - 28.2, 0
2018-11-12 16:54:32 (6140289078243) STATS - 28.3, 0
2018-11-12 16:54:32 (6140289164345) STATS - 28.4, 0
2018-11-12 16:54:32 (6140289248747) STATS - 28.5, 0
2018-11-12 16:54:32 (6140289330650) STATS - 28.6, 0
2018-11-12 16:54:32 (6140296409745) STATS - 28.7, 0
2018-11-12 16:54:32 (6140296543449) STATS - 28.8, 0
2018-11-12 16:54:32 (6140296637552) STATS - 28.9, 0
2018-11-12 16:54:32 (6140296731554) STATS - 29.0, 0
2018-11-12 16:54:32 (6140296816557) STATS - 29.1, 0
2018-11-12 16:54:32 (6140296914859) STATS - 29.2, 0
2018-11-12 16:54:32 (6140296997762) STATS - 29.3, 0
2018-11-12 16:54:32 (6140297097364) STATS - 29.4, 0
2018-11-12 16:54:32 (6140297233268) STATS - 29.5, 0
2018-11-12 16:54:32 (6140297334671) STATS - 29.6, 0
2018-11-12 16:54:32 (6140297423173) STATS - 29.7, 0
2018-11-12 16:54:32 (6140297501076) STATS - 29.8, 0
2018-11-12 16:54:32 (6140297574878) STATS - 29.9, 0
2018-11-12 16:54:32 (6140297665980) STATS - 30.0, 0
2018-11-12 16:54:32 (6140297771583) STATS - 30.1, 0
2018-11-12 16:54:32 (6140297850085) STATS - 30.2, 0
2018-11-12 16:54:32 (6140297981789) STATS - 30.3, 0
2018-11-12 16:54:32 (6140298128093) STATS - 30.4, 0
2018-11-12 16:54:32 (6140298222395) STATS - 30.5, 0
2018-11-12 16:54:32 (6140298303198) STATS - 30.6, 0
2018-11-12 16:54:32 (6140298380700) STATS - 30.7, 0
2018-11-12 16:54:32 (6140298462202) STATS - 30.8, 0
2018-11-12 16:54:32 (6140298542504) STATS - 30.9, 0
2018-11-12 16:54:32 (6140298664308) STATS - 31.0, 0
2018-11-12 16:54:32 (6140298749310) STATS - 31.1, 0
2018-11-12 16:54:32 (6140298828412) STATS - 31.2, 0
2018-11-12 16:54:32 (6140298907714) STATS - 31.3, 0
2018-11-12 16:54:32 (6140299007317) STATS - 31.4, 0
2018-11-12 16:54:32 (6140299103420) STATS - 31.5, 0
2018-11-12 16:54:32 (6140299210123) STATS - 31.6, 0
2018-11-12 16:54:32 (6140306140214) STATS - 31.7, 0
2018-11-12 16:54:32 (6140306281418) STATS - 31.8, 0
2018-11-12 16:54:32 (6140306366121) STATS - 31.9, 0
2018-11-12 16:54:32 (6140306466023) STATS - 32.0, 0
2018-11-12 16:54:32 (6140306545426) STATS - 32.1, 0
2018-11-12 16:54:32 (6140306633128) STATS - 32.2, 0
2018-11-12 16:54:32 (6140306761932) STATS - 32.3, 0
2018-11-12 16:54:32 (6140306840534) STATS - 32.4, 0
2018-11-12 16:54:32 (6140306917036) STATS - 32.5, 0
2018-11-12 16:54:32 (6140307038539) STATS - 32.6, 0
2018-11-12 16:54:32 (6140307137642) STATS - 32.7, 0
2018-11-12 16:54:32 (6140307334647) STATS - 32.8, 0
2018-11-12 16:54:32 (6140307421850) STATS - 32.9, 0
2018-11-12 16:54:32 (6140307492852) STATS - 33.0, 0
2018-11-12 16:54:32 (6140307569054) STATS - 33.1, 0
2018-11-12 16:54:32 (6140307653456) STATS - 33.2, 0
2018-11-12 16:54:32 (6140307730658) STATS - 33.3, 0
2018-11-12 16:54:32 (6140307795860) STATS - 33.4, 0
2018-11-12 16:54:32 (6140307877262) STATS - 33.5, 0
2018-11-12 16:54:32 (6140307961965) STATS - 33.6, 0
2018-11-12 16:54:32 (6140308042667) STATS - 33.7, 0
2018-11-12 16:54:32 (6140308108669) STATS - 33.8, 0
2018-11-12 16:54:32 (6140308172671) STATS - 33.9, 0
2018-11-12 16:54:32 (6140308246573) STATS - 34.0, 0
2018-11-12 16:54:32 (6140308313274) STATS - 34.1, 0
2018-11-12 16:54:32 (6140308384176) STATS - 34.2, 0
2018-11-12 16:54:32 (6140308478079) STATS - 34.3, 0
2018-11-12 16:54:32 (6140308582882) STATS - 34.4, 0
2018-11-12 16:54:32 (6140308684985) STATS - 34.5, 0
2018-11-12 16:54:32 (6140308763187) STATS - 34.6, 0
2018-11-12 16:54:32 (6140308834589) STATS - 34.7, 0
2018-11-12 16:54:32 (6140308905691) STATS - 34.8, 0
2018-11-12 16:54:32 (6140308978193) STATS - 34.9, 0
2018-11-12 16:54:32 (6140309046595) STATS - 35.0, 0
2018-11-12 16:54:32 (6140315981986) STATS - 35.1, 0
2018-11-12 16:54:32 (6140316089789) STATS - 35.2, 0
2018-11-12 16:54:32 (6140316165491) STATS - 35.3, 0
2018-11-12 16:54:32 (6140316242794) STATS - 35.4, 0
2018-11-12 16:54:32 (6140316318196) STATS - 35.5, 0
2018-11-12 16:54:32 (6140316422999) STATS - 35.6, 0
2018-11-12 16:54:32 (6140316511701) STATS - 35.7, 0
2018-11-12 16:54:32 (6140316577103) STATS - 35.8, 0
2018-11-12 16:54:32 (6140316640805) STATS - 35.9, 0
2018-11-12 16:54:32 (6140316758008) STATS - 36.0, 0
2018-11-12 16:54:32 (6140316839110) STATS - 36.1, 0
2018-11-12 16:54:32 (6140316916312) STATS - 36.2, 0
2018-11-12 16:54:32 (6140316986714) STATS - 36.3, 0
2018-11-12 16:54:32 (6140317055816) STATS - 36.4, 0
2018-11-12 16:54:32 (6140317213220) STATS - 36.5, 0
2018-11-12 16:54:32 (6140317290923) STATS - 36.6, 0
2018-11-12 16:54:32 (6140317388725) STATS - 36.7, 0
2018-11-12 16:54:32 (6140317476828) STATS - 36.8, 0
2018-11-12 16:54:32 (6140317552130) STATS - 36.9, 0
2018-11-12 16:54:32 (6140317618332) STATS - 37.0, 0
2018-11-12 16:54:32 (6140317685234) STATS - 37.1, 0
2018-11-12 16:54:32 (6140317769436) STATS - 37.2, 0
2018-11-12 16:54:32 (6140317882139) STATS - 37.3, 0
2018-11-12 16:54:32 (6140317949741) STATS - 37.4, 0
2018-11-12 16:54:32 (6140318014743) STATS - 37.5, 0
2018-11-12 16:54:32 (6140318105345) STATS - 37.6, 0
2018-11-12 16:54:32 (6140318199448) STATS - 37.7, 0
2018-11-12 16:54:32 (6140318262449) STATS - 37.8, 0
2018-11-12 16:54:32 (6140318323651) STATS - 37.9, 0
2018-11-12 16:54:32 (6140318412254) STATS - 38.0, 0
2018-11-12 16:54:32 (6140318497056) STATS - 38.1, 0
2018-11-12 16:54:32 (6140318559958) STATS - 38.2, 0
2018-11-12 16:54:32 (6140318641360) STATS - 38.3, 0
2018-11-12 16:54:32 (6140318718562) STATS - 38.4, 0
2018-11-12 16:54:32 (6140325640753) STATS - 38.5, 0
2018-11-12 16:54:32 (6140325738056) STATS - 38.6, 0
2018-11-12 16:54:32 (6140325801158) STATS - 38.7, 0
2018-11-12 16:54:32 (6140325884960) STATS - 38.8, 0
2018-11-12 16:54:32 (6140325945362) STATS - 38.9, 0
2018-11-12 16:54:32 (6140325999763) STATS - 39.0, 0
2018-11-12 16:54:32 (6140326055265) STATS - 39.1, 0
2018-11-12 16:54:32 (6140326129767) STATS - 39.2, 0
2018-11-12 16:54:32 (6140326186269) STATS - 39.3, 0
2018-11-12 16:54:32 (6140326242470) STATS - 39.4, 0
2018-11-12 16:54:32 (6140326298172) STATS - 39.5, 0
2018-11-12 16:54:32 (6140326381174) STATS - 39.6, 0
2018-11-12 16:54:32 (6140326440876) STATS - 39.7, 0
2018-11-12 16:54:32 (6140326514178) STATS - 39.8, 0
2018-11-12 16:54:32 (6140326580079) STATS - 39.9, 0
2018-11-12 16:54:32 (6140326640481) STATS - 40.0, 0
2018-11-12 16:54:32 (6140326706183) STATS - 40.1, 0
2018-11-12 16:54:32 (6140326766685) STATS - 40.2, 0
2018-11-12 16:54:32 (6140326827286) STATS - 40.3, 0
2018-11-12 16:54:32 (6140326887688) STATS - 40.4, 0
2018-11-12 16:54:32 (6140326950890) STATS - 40.5, 0
2018-11-12 16:54:32 (6140327010691) STATS - 40.6, 0
2018-11-12 16:54:32 (6140327070293) STATS - 40.7, 0
2018-11-12 16:54:32 (6140327165796) STATS - 40.8, 0
2018-11-12 16:54:32 (6140327247498) STATS - 40.9, 0
2018-11-12 16:54:32 (6140327316700) STATS - 41.0, 0
2018-11-12 16:54:32 (6140327375901) STATS - 41.1, 0
2018-11-12 16:54:32 (6140327434803) STATS - 41.2, 0
2018-11-12 16:54:32 (6140327494405) STATS - 41.3, 0
2018-11-12 16:54:32 (6140327565507) STATS - 41.4, 0
2018-11-12 16:54:32 (6140327652009) STATS - 41.5, 0
2018-11-12 16:54:32 (6140327707911) STATS - 41.6, 0
2018-11-12 16:54:32 (6140327763412) STATS - 41.7, 0
2018-11-12 16:54:32 (6140327840014) STATS - 41.8, 0
2018-11-12 16:54:32 (6140327898716) STATS - 41.9, 0
2018-11-12 16:54:32 (6140327965518) STATS - 42.0, 0
2018-11-12 16:54:32 (6140328059520) STATS - 42.1, 0
2018-11-12 16:54:32 (6140328118322) STATS - 42.2, 0
2018-11-12 16:54:32 (6140328173723) STATS - 42.3, 0
2018-11-12 16:54:32 (6140328248126) STATS - 42.4, 0
2018-11-12 16:54:32 (6140328357229) STATS - 42.5, 0
2018-11-12 16:54:32 (6140328484032) STATS - 42.6, 0
2018-11-12 16:54:32 (6140335504126) STATS - 42.7, 0
2018-11-12 16:54:32 (6140335605729) STATS - 42.8, 0
2018-11-12 16:54:32 (6140335710632) STATS - 42.9, 0
2018-11-12 16:54:32 (6140335768933) STATS - 43.0, 0
2018-11-12 16:54:32 (6140335854536) STATS - 43.1, 0
2018-11-12 16:54:32 (6140336032741) STATS - 43.2, 0
2018-11-12 16:54:32 (6140336098243) STATS - 43.3, 0
2018-11-12 16:54:32 (6140336173645) STATS - 43.4, 0
2018-11-12 16:54:32 (6140336249747) STATS - 43.5, 0
2018-11-12 16:54:32 (6140336419151) STATS - 43.6, 0
2018-11-12 16:54:32 (6140336476053) STATS - 43.7, 0
2018-11-12 16:54:32 (6140336526254) STATS - 43.8, 0
2018-11-12 16:54:32 (6140336588556) STATS - 43.9, 0
2018-11-12 16:54:32 (6140336649758) STATS - 44.0, 0
2018-11-12 16:54:32 (6140336716160) STATS - 44.1, 0
2018-11-12 16:54:32 (6140336789962) STATS - 44.2, 0
2018-11-12 16:54:32 (6140336845563) STATS - 44.3, 0
2018-11-12 16:54:32 (6140336899065) STATS - 44.4, 0
2018-11-12 16:54:32 (6140336951666) STATS - 44.5, 0
2018-11-12 16:54:32 (6140337015768) STATS - 44.6, 0
2018-11-12 16:54:32 (6140337074870) STATS - 44.7, 0
2018-11-12 16:54:32 (6140337121771) STATS - 44.8, 0
2018-11-12 16:54:32 (6140337168872) STATS - 44.9, 0
2018-11-12 16:54:32 (6140337213873) STATS - 45.0, 0
2018-11-12 16:54:32 (6140337260775) STATS - 45.1, 0
2018-11-12 16:54:32 (6140337307676) STATS - 45.2, 0
2018-11-12 16:54:32 (6140337355277) STATS - 45.3, 0
2018-11-12 16:54:32 (6140337402679) STATS - 45.4, 0
2018-11-12 16:54:32 (6140337453880) STATS - 45.5, 0
2018-11-12 16:54:32 (6140337501381) STATS - 45.6, 0
2018-11-12 16:54:32 (6140337548483) STATS - 45.7, 0
2018-11-12 16:54:32 (6140337595884) STATS - 45.8, 0
2018-11-12 16:54:32 (6140337653786) STATS - 45.9, 0
2018-11-12 16:54:32 (6140337704787) STATS - 46.0, 0
2018-11-12 16:54:32 (6140337753588) STATS - 46.1, 0
2018-11-12 16:54:32 (6140337813990) STATS - 46.2, 0
2018-11-12 16:54:32 (6140337864491) STATS - 46.3, 0
2018-11-12 16:54:32 (6140337915093) STATS - 46.4, 0
2018-11-12 16:54:32 (6140337964694) STATS - 46.5, 0
2018-11-12 16:54:32 (6140338013995) STATS - 46.6, 0
2018-11-12 16:54:32 (6140338074297) STATS - 46.7, 0
2018-11-12 16:54:32 (6140338121698) STATS - 46.8, 0
2018-11-12 16:54:32 (6140338172100) STATS - 46.9, 0
2018-11-12 16:54:32 (6140338218701) STATS - 47.0, 0
2018-11-12 16:54:32 (6140338265502) STATS - 47.1, 0
2018-11-12 16:54:32 (6140338314004) STATS - 47.2, 0
2018-11-12 16:54:32 (6140338373005) STATS - 47.3, 0
2018-11-12 16:54:32 (6140345313297) STATS - 47.4, 0
2018-11-12 16:54:32 (6140345406600) STATS - 47.5, 0
2018-11-12 16:54:32 (6140345473902) STATS - 47.6, 0
2018-11-12 16:54:32 (6140345532803) STATS - 47.7, 0
2018-11-12 16:54:32 (6140345631406) STATS - 47.8, 0
2018-11-12 16:54:32 (6140345689608) STATS - 47.9, 0
2018-11-12 16:54:32 (6140345740309) STATS - 48.0, 0
2018-11-12 16:54:32 (6140345792611) STATS - 48.1, 0
2018-11-12 16:54:32 (6140345845812) STATS - 48.2, 0
2018-11-12 16:54:32 (6140345953415) STATS - 48.3, 0
2018-11-12 16:54:32 (6140346013817) STATS - 48.4, 0
2018-11-12 16:54:32 (6140346065918) STATS - 48.5, 0
2018-11-12 16:54:32 (6140346116119) STATS - 48.6, 0
2018-11-12 16:54:32 (6140346165721) STATS - 48.7, 0
2018-11-12 16:54:32 (6140346215922) STATS - 48.8, 0
2018-11-12 16:54:32 (6140346402327) STATS - 48.9, 0
2018-11-12 16:54:32 (6140346472729) STATS - 49.0, 0
2018-11-12 16:54:32 (6140346531331) STATS - 49.1, 0
2018-11-12 16:54:32 (6140346612733) STATS - 49.2, 0
2018-11-12 16:54:32 (6140346675435) STATS - 49.3, 0
2018-11-12 16:54:32 (6140346748337) STATS - 49.4, 0
2018-11-12 16:54:32 (6140346901341) STATS - 49.5, 0
2018-11-12 16:54:32 (6140347066846) STATS - 49.6, 0
2018-11-12 16:54:32 (6140347140448) STATS - 49.7, 0
2018-11-12 16:54:32 (6140347193649) STATS - 49.8, 0
2018-11-12 16:54:32 (6140347243251) STATS - 49.9, 0
2018-11-12 16:54:32 (6140347292652) STATS - 50.0, 0
2018-11-12 16:54:32 (6140347369154) STATS - 50.1, 0
2018-11-12 16:54:32 (6140347423456) STATS - 50.2, 0
2018-11-12 16:54:32 (6140347470857) STATS - 50.3, 0
2018-11-12 16:54:32 (6140347519958) STATS - 50.4, 0
2018-11-12 16:54:32 (6140347568760) STATS - 50.5, 0
2018-11-12 16:54:32 (6140347616061) STATS - 50.6, 0
2018-11-12 16:54:32 (6140347662862) STATS - 50.7, 0
2018-11-12 16:54:32 (6140347711964) STATS - 50.8, 0
2018-11-12 16:54:32 (6140347760265) STATS - 50.9, 0
2018-11-12 16:54:32 (6140347815866) STATS - 51.0, 0
2018-11-12 16:54:32 (6140347933570) STATS - 51.1, 0
2018-11-12 16:54:32 (6140348012772) STATS - 51.2, 0
2018-11-12 16:54:32 (6140348068973) STATS - 51.3, 0
2018-11-12 16:54:32 (6140348117575) STATS - 51.4, 0
2018-11-12 16:54:32 (6140348164376) STATS - 51.5, 0
2018-11-12 16:54:32 (6140348212477) STATS - 51.6, 0
2018-11-12 16:54:32 (6140348259779) STATS - 51.7, 0
2018-11-12 16:54:32 (6140355155969) STATS - 51.8, 0
2018-11-12 16:54:32 (6140355260172) STATS - 51.9, 0
2018-11-12 16:54:32 (6140355308874) STATS - 52.0, 0
2018-11-12 16:54:32 (6140355355575) STATS - 52.1, 0
2018-11-12 16:54:32 (6140355412476) STATS - 52.2, 0
2018-11-12 16:54:32 (6140355478778) STATS - 52.3, 0
2018-11-12 16:54:32 (6140355522780) STATS - 52.4, 0
2018-11-12 16:54:32 (6140355566381) STATS - 52.5, 0
2018-11-12 16:54:32 (6140355613182) STATS - 52.6, 0
2018-11-12 16:54:32 (6140355672184) STATS - 52.7, 0
2018-11-12 16:54:32 (6140355717485) STATS - 52.8, 0
2018-11-12 16:54:32 (6140355765586) STATS - 52.9, 0
2018-11-12 16:54:32 (6140355807387) STATS - 53.0, 0
2018-11-12 16:54:32 (6140355862989) STATS - 53.1, 0
2018-11-12 16:54:32 (6140355919390) STATS - 53.2, 0
2018-11-12 16:54:32 (6140355965192) STATS - 53.3, 0
2018-11-12 16:54:32 (6140356022593) STATS - 53.4, 0
2018-11-12 16:54:32 (6140356070795) STATS - 53.5, 0
2018-11-12 16:54:32 (6140356328302) STATS - 53.6, 0
2018-11-12 16:54:32 (6140356399304) STATS - 53.7, 0
2018-11-12 16:54:32 (6140356451205) STATS - 53.8, 0
2018-11-12 16:54:32 (6140356497106) STATS - 53.9, 0
2018-11-12 16:54:32 (6140356696212) STATS - 54.0, 0
2018-11-12 16:54:32 (6140356806815) STATS - 54.1, 0
2018-11-12 16:54:32 (6140356956919) STATS - 54.2, 0
2018-11-12 16:54:32 (6140357070822) STATS - 54.3, 0
2018-11-12 16:54:32 (6140357123924) STATS - 54.4, 0
2018-11-12 16:54:32 (6140357168125) STATS - 54.5, 0
2018-11-12 16:54:32 (6140357211826) STATS - 54.6, 0
2018-11-12 16:54:32 (6140357259128) STATS - 54.7, 0
2018-11-12 16:54:32 (6140357304629) STATS - 54.8, 0
2018-11-12 16:54:32 (6140357348130) STATS - 54.9, 0
2018-11-12 16:54:32 (6140357389131) STATS - 55.0, 0
2018-11-12 16:54:32 (6140357431932) STATS - 55.1, 0
2018-11-12 16:54:32 (6140357474033) STATS - 55.2, 0
2018-11-12 16:54:32 (6140357516535) STATS - 55.3, 0
2018-11-12 16:54:32 (6140357597237) STATS - 55.4, 0
2018-11-12 16:54:32 (6140357640738) STATS - 55.5, 0
2018-11-12 16:54:32 (6140357683839) STATS - 55.6, 0
2018-11-12 16:54:32 (6140357725840) STATS - 55.7, 0
2018-11-12 16:54:32 (6140357767842) STATS - 55.8, 0
2018-11-12 16:54:32 (6140357810343) STATS - 55.9, 0
2018-11-12 16:54:32 (6140357853844) STATS - 56.0, 0
2018-11-12 16:54:32 (6140358017048) STATS - 56.1, 0
2018-11-12 16:54:32 (6140358068450) STATS - 56.2, 0
2018-11-12 16:54:32 (6140358117751) STATS - 56.3, 0
2018-11-12 16:54:32 (6140358192653) STATS - 56.4, 0
2018-11-12 16:54:32 (6140358242155) STATS - 56.5, 0
2018-11-12 16:54:32 (6140358285856) STATS - 56.6, 0
2018-11-12 16:54:32 (6140358329857) STATS - 56.7, 0
2018-11-12 16:54:32 (6140358373558) STATS - 56.8, 0
2018-11-12 16:54:32 (6140358416960) STATS - 56.9, 0
2018-11-12 16:54:32 (6140364977941) STATS - 57.0, 0
2018-11-12 16:54:32 (6140365108145) STATS - 57.1, 0
2018-11-12 16:54:32 (6140365162746) STATS - 57.2, 0
2018-11-12 16:54:32 (6140365208547) STATS - 57.3, 0
2018-11-12 16:54:32 (6140365252949) STATS - 57.4, 0
2018-11-12 16:54:32 (6140365295550) STATS - 57.5, 0
2018-11-12 16:54:32 (6140365337551) STATS - 57.6, 0
2018-11-12 16:54:32 (6140365379452) STATS - 57.7, 0
2018-11-12 16:54:32 (6140365424253) STATS - 57.8, 0
2018-11-12 16:54:32 (6140365466954) STATS - 57.9, 0
2018-11-12 16:54:32 (6140365506956) STATS - 58.0, 0
2018-11-12 16:54:32 (6140365548857) STATS - 58.1, 0
2018-11-12 16:54:32 (6140365590758) STATS - 58.2, 0
2018-11-12 16:54:32 (6140365632759) STATS - 58.3, 0
2018-11-12 16:54:32 (6140365715761) STATS - 58.4, 0
2018-11-12 16:54:32 (6140365766663) STATS - 58.5, 0
2018-11-12 16:54:32 (6140365820564) STATS - 58.6, 0
2018-11-12 16:54:32 (6140365894166) STATS - 58.7, 0
2018-11-12 16:54:32 (6140365942568) STATS - 58.8, 0
2018-11-12 16:54:32 (6140365985669) STATS - 58.9, 0
2018-11-12 16:54:32 (6140366032070) STATS - 59.0, 0
2018-11-12 16:54:32 (6140366076471) STATS - 59.1, 0
2018-11-12 16:54:32 (6140366119072) STATS - 59.2, 0
2018-11-12 16:54:32 (6140366161674) STATS - 59.3, 0
2018-11-12 16:54:32 (6140366204175) STATS - 59.4, 0
2018-11-12 16:54:32 (6140366246376) STATS - 59.5, 0
2018-11-12 16:54:32 (6140366287777) STATS - 59.6, 0
2018-11-12 16:54:32 (6140366329478) STATS - 59.7, 0
2018-11-12 16:54:32 (6140366374580) STATS - 59.8, 0
2018-11-12 16:54:32 (6140366419481) STATS - 59.9, 0
2018-11-12 16:54:32 (6140366461382) STATS - 60.0, 0
2018-11-12 16:54:32 (6140366514583) STATS - 60.1, 0
2018-11-12 16:54:32 (6140366557385) STATS - 60.2, 0
2018-11-12 16:54:32 (6140366610286) STATS - 60.3, 0
2018-11-12 16:54:32 (6140366677388) STATS - 60.4, 0
2018-11-12 16:54:32 (6140366719789) STATS - 60.5, 0
2018-11-12 16:54:32 (6140366764290) STATS - 60.6, 0
2018-11-12 16:54:32 (6140366811592) STATS - 60.7, 0
2018-11-12 16:54:32 (6140366854293) STATS - 60.8, 0
2018-11-12 16:54:32 (6140366897294) STATS - 60.9, 0
2018-11-12 16:54:32 (6140366937195) STATS - 61.0, 0
2018-11-12 16:54:32 (6140366981396) STATS - 61.1, 0
2018-11-12 16:54:32 (6140367024697) STATS - 61.2, 0
2018-11-12 16:54:32 (6140367066899) STATS - 61.3, 0
2018-11-12 16:54:32 (6140367109200) STATS - 61.4, 0
2018-11-12 16:54:32 (6140367163301) STATS - 61.5, 0
2018-11-12 16:54:32 (6140367225103) STATS - 61.6, 0
2018-11-12 16:54:32 (6140367265504) STATS - 61.7, 0
2018-11-12 16:54:32 (6140367308205) STATS - 61.8, 0
2018-11-12 16:54:32 (6140367352607) STATS - 61.9, 0
2018-11-12 16:54:32 (6140367393608) STATS - 62.0, 0
2018-11-12 16:54:32 (6140367444209) STATS - 62.1, 0
2018-11-12 16:54:32 (6140367486210) STATS - 62.2, 0
2018-11-12 16:54:32 (6140367551712) STATS - 62.3, 0
2018-11-12 16:54:32 (6140367622714) STATS - 62.4, 0
2018-11-12 16:54:32 (6140367689516) STATS - 62.5, 0
2018-11-12 16:54:32 (6140367735717) STATS - 62.6, 0
2018-11-12 16:54:32 (6140367777618) STATS - 62.7, 0
2018-11-12 16:54:32 (6140367819719) STATS - 62.8, 0
2018-11-12 16:54:32 (6140374769512) STATS - 62.9, 0
2018-11-12 16:54:32 (6140374900415) STATS - 63.0, 0
2018-11-12 16:54:32 (6140374955617) STATS - 63.1, 0
2018-11-12 16:54:32 (6140375059920) STATS - 63.2, 0
2018-11-12 16:54:32 (6140375115121) STATS - 63.3, 0
2018-11-12 16:54:32 (6140375154522) STATS - 63.4, 0
2018-11-12 16:54:32 (6140375191023) STATS - 63.5, 0
2018-11-12 16:54:32 (6140375226124) STATS - 63.6, 0
2018-11-12 16:54:32 (6140375261025) STATS - 63.7, 0
2018-11-12 16:54:32 (6140375524832) STATS - 63.8, 0
2018-11-12 16:54:32 (6140375620635) STATS - 63.9, 0
2018-11-12 16:54:32 (6140375682037) STATS - 64.0, 0
2018-11-12 16:54:32 (6140375721538) STATS - 64.1, 0
2018-11-12 16:54:32 (6140375759939) STATS - 64.2, 0
2018-11-12 16:54:32 (6140375797740) STATS - 64.3, 0
2018-11-12 16:54:32 (6140375854942) STATS - 64.4, 0
2018-11-12 16:54:32 (6140375895343) STATS - 64.5, 0
2018-11-12 16:54:32 (6140375931544) STATS - 64.6, 0
2018-11-12 16:54:32 (6140375970345) STATS - 64.7, 0
2018-11-12 16:54:32 (6140376033947) STATS - 64.8, 0
2018-11-12 16:54:32 (6140376074948) STATS - 64.9, 0
2018-11-12 16:54:32 (6140376110549) STATS - 65.0, 0
2018-11-12 16:54:32 (6140376146050) STATS - 65.1, 0
2018-11-12 16:54:32 (6140376181551) STATS - 65.2, 0
2018-11-12 16:54:32 (6140376216752) STATS - 65.3, 0
2018-11-12 16:54:32 (6140376283853) STATS - 65.4, 0
2018-11-12 16:54:32 (6140376331955) STATS - 65.5, 0
2018-11-12 16:54:32 (6140376368456) STATS - 65.6, 0
2018-11-12 16:54:32 (6140376403857) STATS - 65.7, 0
2018-11-12 16:54:32 (6140376439758) STATS - 65.8, 0
2018-11-12 16:54:32 (6140376474859) STATS - 65.9, 0
2018-11-12 16:54:32 (6140376509860) STATS - 66.0, 0
2018-11-12 16:54:32 (6140376545561) STATS - 66.1, 0
2018-11-12 16:54:32 (6140376580262) STATS - 66.2, 0
2018-11-12 16:54:32 (6140376617563) STATS - 66.3, 0
2018-11-12 16:54:32 (6140376653964) STATS - 66.4, 0
2018-11-12 16:54:32 (6140376689765) STATS - 66.5, 0
2018-11-12 16:54:32 (6140376724966) STATS - 66.6, 0
2018-11-12 16:54:32 (6140376762567) STATS - 66.7, 0
2018-11-12 16:54:32 (6140376798168) STATS - 66.8, 0
2018-11-12 16:54:32 (6140376832269) STATS - 66.9, 0
2018-11-12 16:54:32 (6140376866970) STATS - 67.0, 0
2018-11-12 16:54:32 (6140376902271) STATS - 67.1, 0
2018-11-12 16:54:32 (6140376936471) STATS - 67.2, 0
2018-11-12 16:54:32 (6140376971072) STATS - 67.3, 0
2018-11-12 16:54:32 (6140377005573) STATS - 67.4, 0
2018-11-12 16:54:32 (6140377039674) STATS - 67.5, 0
2018-11-12 16:54:32 (6140377074275) STATS - 67.6, 0
2018-11-12 16:54:32 (6140377108876) STATS - 67.7, 0
2018-11-12 16:54:32 (6140377142377) STATS - 67.8, 0
2018-11-12 16:54:32 (6140377176678) STATS - 67.9, 0
2018-11-12 16:54:32 (6140377210279) STATS - 68.0, 0
2018-11-12 16:54:32 (6140377246580) STATS - 68.1, 0
2018-11-12 16:54:32 (6140377283681) STATS - 68.2, 0
2018-11-12 16:54:32 (6140377319582) STATS - 68.3, 0
2018-11-12 16:54:32 (6140377457686) STATS - 68.4, 0
2018-11-12 16:54:32 (6140377495287) STATS - 68.5, 0
2018-11-12 16:54:32 (6140377531988) STATS - 68.6, 0
2018-11-12 16:54:32 (6140377567989) STATS - 68.7, 0
2018-11-12 16:54:32 (6140377602690) STATS - 68.8, 0
2018-11-12 16:54:32 (6140377637991) STATS - 68.9, 0
2018-11-12 16:54:32 (6140377706393) STATS - 69.0, 0
2018-11-12 16:54:32 (6140377743494) STATS - 69.1, 0
2018-11-12 16:54:32 (6140377781495) STATS - 69.2, 0
2018-11-12 16:54:33 (6140384701786) STATS - 69.3, 0
2018-11-12 16:54:33 (6140384768588) STATS - 69.4, 0
2018-11-12 16:54:33 (6140384810589) STATS - 69.5, 0
2018-11-12 16:54:33 (6140384848390) STATS - 69.6, 0
2018-11-12 16:54:33 (6140384883991) STATS - 69.7, 0
2018-11-12 16:54:33 (6140384922492) STATS - 69.8, 0
2018-11-12 16:54:33 (6140384958193) STATS - 69.9, 0
2018-11-12 16:54:33 (6140384994094) STATS - 70.0, 0
2018-11-12 16:54:33 (6140385039896) STATS - 70.1, 0
2018-11-12 16:54:33 (6140385074096) STATS - 70.2, 0
2018-11-12 16:54:33 (6140385107097) STATS - 70.3, 0
2018-11-12 16:54:33 (6140385138698) STATS - 70.4, 0
2018-11-12 16:54:33 (6140385170299) STATS - 70.5, 0
2018-11-12 16:54:33 (6140385201900) STATS - 70.6, 0
2018-11-12 16:54:33 (6140385233501) STATS - 70.7, 0
2018-11-12 16:54:33 (6140385266302) STATS - 70.8, 0
2018-11-12 16:54:33 (6140385321503) STATS - 70.9, 0
2018-11-12 16:54:33 (6140385475408) STATS - 71.0, 0
2018-11-12 16:54:33 (6140385520209) STATS - 71.1, 0
2018-11-12 16:54:33 (6140385551810) STATS - 71.2, 0
2018-11-12 16:54:33 (6140385583711) STATS - 71.3, 0
2018-11-12 16:54:33 (6140385614711) STATS - 71.4, 0
2018-11-12 16:54:33 (6140385645212) STATS - 71.5, 0
2018-11-12 16:54:33 (6140385675413) STATS - 71.6, 0
2018-11-12 16:54:33 (6140385712414) STATS - 71.7, 0
2018-11-12 16:54:33 (6140385746415) STATS - 71.8, 0
2018-11-12 16:54:33 (6140385777216) STATS - 71.9, 0
2018-11-12 16:54:33 (6140385807517) STATS - 72.0, 0
2018-11-12 16:54:33 (6140385837918) STATS - 72.1, 0
2018-11-12 16:54:33 (6140385867718) STATS - 72.2, 0
2018-11-12 16:54:33 (6140385897319) STATS - 72.3, 0
2018-11-12 16:54:33 (6140385926920) STATS - 72.4, 0
2018-11-12 16:54:33 (6140385956721) STATS - 72.5, 0
2018-11-12 16:54:33 (6140385986322) STATS - 72.6, 0
2018-11-12 16:54:33 (6140386016123) STATS - 72.7, 0
2018-11-12 16:54:33 (6140386046123) STATS - 72.8, 0
2018-11-12 16:54:33 (6140386075524) STATS - 72.9, 0
2018-11-12 16:54:33 (6140386104925) STATS - 73.0, 0
2018-11-12 16:54:33 (6140386134426) STATS - 73.1, 0
2018-11-12 16:54:33 (6140386163227) STATS - 73.2, 0
2018-11-12 16:54:33 (6140386194327) STATS - 73.3, 0
2018-11-12 16:54:33 (6140386225728) STATS - 73.4, 0
2018-11-12 16:54:33 (6140386255429) STATS - 73.5, 0
2018-11-12 16:54:33 (6140386285230) STATS - 73.6, 0
2018-11-12 16:54:33 (6140386314631) STATS - 73.7, 0
2018-11-12 16:54:33 (6140386344232) STATS - 73.8, 0
2018-11-12 16:54:33 (6140386399933) STATS - 73.9, 0
2018-11-12 16:54:33 (6140386438034) STATS - 74.0, 0
2018-11-12 16:54:33 (6140386514636) STATS - 74.1, 0
2018-11-12 16:54:33 (6140386552037) STATS - 74.2, 0
2018-11-12 16:54:33 (6140386582638) STATS - 74.3, 0
2018-11-12 16:54:33 (6140386617139) STATS - 74.4, 0
2018-11-12 16:54:33 (6140386647440) STATS - 74.5, 0
2018-11-12 16:54:33 (6140386748543) STATS - 74.6, 0
2018-11-12 16:54:33 (6140386808244) STATS - 74.7, 0
2018-11-12 16:54:33 (6140386841045) STATS - 74.8, 0
2018-11-12 16:54:33 (6140386880746) STATS - 74.9, 0
2018-11-12 16:54:33 (6140386935748) STATS - 75.0, 0
2018-11-12 16:54:33 (6140387010650) STATS - 75.1, 0
2018-11-12 16:54:33 (6140387068152) STATS - 75.2, 0
2018-11-12 16:54:33 (6140387135553) STATS - 75.3, 0
2018-11-12 16:54:33 (6140387169354) STATS - 75.4, 0
2018-11-12 16:54:33 (6140387200255) STATS - 75.5, 0
2018-11-12 16:54:33 (6140387231356) STATS - 75.6, 0
2018-11-12 16:54:33 (6140387261357) STATS - 75.7, 0
2018-11-12 16:54:33 (6140387291358) STATS - 75.8, 0
2018-11-12 16:54:33 (6140387320959) STATS - 75.9, 0
2018-11-12 16:54:33 (6140387350559) STATS - 76.0, 0
2018-11-12 16:54:33 (6140387380860) STATS - 76.1, 0
2018-11-12 16:54:33 (6140387410561) STATS - 76.2, 0
2018-11-12 16:54:33 (6140387440662) STATS - 76.3, 0
2018-11-12 16:54:33 (6140387470863) STATS - 76.4, 1
2018-11-12 16:54:33 (6140387500264) STATS - 76.5, 0
2018-11-12 16:54:33 (6140387529964) STATS - 76.6, 0
2018-11-12 16:54:33 (6140387561365) STATS - 76.7, 0
2018-11-12 16:54:33 (6140387595066) STATS - 76.8, 0
2018-11-12 16:54:33 (6140394590760) STATS - 76.9, 0
2018-11-12 16:54:33 (6140394660361) STATS - 77.0, 0
2018-11-12 16:54:33 (6140394696662) STATS - 77.1, 0
2018-11-12 16:54:33 (6140394737364) STATS - 77.2, 0
2018-11-12 16:54:33 (6140394777465) STATS - 77.3, 0
2018-11-12 16:54:33 (6140394817366) STATS - 77.4, 0
2018-11-12 16:54:33 (6140394851467) STATS - 77.5, 0
2018-11-12 16:54:33 (6140394880268) STATS - 77.6, 0
2018-11-12 16:54:33 (6140394907768) STATS - 77.7, 0
2018-11-12 16:54:33 (6140394934569) STATS - 77.8, 0
2018-11-12 16:54:33 (6140394973470) STATS - 77.9, 0
2018-11-12 16:54:33 (6140395000771) STATS - 78.0, 0
2018-11-12 16:54:33 (6140395028372) STATS - 78.1, 0
2018-11-12 16:54:33 (6140395055172) STATS - 78.2, 0
2018-11-12 16:54:33 (6140395146575) STATS - 78.3, 0
2018-11-12 16:54:33 (6140395180376) STATS - 78.4, 0
2018-11-12 16:54:33 (6140395215077) STATS - 78.5, 0
2018-11-12 16:54:33 (6140395257578) STATS - 78.6, 0
2018-11-12 16:54:33 (6140395294979) STATS - 78.7, 0
2018-11-12 16:54:33 (6140395329780) STATS - 78.8, 0
2018-11-12 16:54:33 (6140395357681) STATS - 78.9, 0
2018-11-12 16:54:33 (6140395383981) STATS - 79.0, 0
2018-11-12 16:54:33 (6140395410482) STATS - 79.1, 0
2018-11-12 16:54:33 (6140395436183) STATS - 79.2, 0
2018-11-12 16:54:33 (6140395462284) STATS - 79.3, 0
2018-11-12 16:54:33 (6140395487984) STATS - 79.4, 0
2018-11-12 16:54:33 (6140395513585) STATS - 79.5, 0
2018-11-12 16:54:33 (6140395539286) STATS - 79.6, 0
2018-11-12 16:54:33 (6140395564486) STATS - 79.7, 0
2018-11-12 16:54:33 (6140395589887) STATS - 79.8, 0
2018-11-12 16:54:33 (6140395615188) STATS - 79.9, 0
2018-11-12 16:54:33 (6140395646689) STATS - 80.0, 0
2018-11-12 16:54:33 (6140395689090) STATS - 80.1, 0
2018-11-12 16:54:33 (6140395715691) STATS - 80.2, 0
2018-11-12 16:54:33 (6140395752892) STATS - 80.3, 0
2018-11-12 16:54:33 (6140395778992) STATS - 80.4, 0
2018-11-12 16:54:33 (6140395805093) STATS - 80.5, 0
2018-11-12 16:54:33 (6140395830994) STATS - 80.6, 0
2018-11-12 16:54:33 (6140395856795) STATS - 80.7, 0
2018-11-12 16:54:33 (6140395882695) STATS - 80.8, 0
2018-11-12 16:54:33 (6140395928697) STATS - 80.9, 0
2018-11-12 16:54:33 (6140395957297) STATS - 81.0, 0
2018-11-12 16:54:33 (6140395984698) STATS - 81.1, 0
2018-11-12 16:54:33 (6140396029799) STATS - 81.2, 0
2018-11-12 16:54:33 (6140396059700) STATS - 81.3, 0
2018-11-12 16:54:33 (6140396087201) STATS - 81.4, 0
2018-11-12 16:54:33 (6140396114102) STATS - 81.5, 0
2018-11-12 16:54:33 (6140396189504) STATS - 81.6, 0
2018-11-12 16:54:33 (6140396220205) STATS - 81.7, 0
2018-11-12 16:54:33 (6140396293907) STATS - 81.8, 0
2018-11-12 16:54:33 (6140396324707) STATS - 81.9, 0
2018-11-12 16:54:33 (6140396352808) STATS - 82.0, 0
2018-11-12 16:54:33 (6140396380309) STATS - 82.1, 0
2018-11-12 16:54:33 (6140396407310) STATS - 82.2, 0
2018-11-12 16:54:33 (6140396434511) STATS - 82.3, 0
2018-11-12 16:54:33 (6140396461011) STATS - 82.4, 0
2018-11-12 16:54:33 (6140396487712) STATS - 82.5, 0
2018-11-12 16:54:33 (6140396514213) STATS - 82.6, 1
2018-11-12 16:54:33 (6140396540113) STATS - 82.7, 1
2018-11-12 16:54:33 (6140396566514) STATS - 82.8, 0
2018-11-12 16:54:33 (6140396592715) STATS - 82.9, 0
2018-11-12 16:54:33 (6140396623216) STATS - 83.0, 0
2018-11-12 16:54:33 (6140396651216) STATS - 83.1, 0
2018-11-12 16:54:33 (6140396678117) STATS - 83.2, 0
2018-11-12 16:54:33 (6140396706818) STATS - 83.3, 0
2018-11-12 16:54:33 (6140396734419) STATS - 83.4, 0
2018-11-12 16:54:33 (6140396763720) STATS - 83.5, 0
2018-11-12 16:54:33 (6140396791020) STATS - 83.6, 0
2018-11-12 16:54:33 (6140396845522) STATS - 83.7, 0
2018-11-12 16:54:33 (6140396886523) STATS - 83.8, 0
2018-11-12 16:54:33 (6140396913324) STATS - 83.9, 0
2018-11-12 16:54:33 (6140396939524) STATS - 84.0, 0
2018-11-12 16:54:33 (6140396965825) STATS - 84.1, 0
2018-11-12 16:54:33 (6140396994826) STATS - 84.2, 0
2018-11-12 16:54:33 (6140397020827) STATS - 84.3, 0
2018-11-12 16:54:33 (6140397046327) STATS - 84.4, 0
2018-11-12 16:54:33 (6140397071728) STATS - 84.5, 0
2018-11-12 16:54:33 (6140397097529) STATS - 84.6, 0
2018-11-12 16:54:33 (6140397123230) STATS - 84.7, 0
2018-11-12 16:54:33 (6140397149130) STATS - 84.8, 0
2018-11-12 16:54:33 (6140397186731) STATS - 84.9, 0
2018-11-12 16:54:33 (6140397213532) STATS - 85.0, 0
2018-11-12 16:54:33 (6140397240133) STATS - 85.1, 0
2018-11-12 16:54:33 (6140404016120) STATS - 85.2, 0
2018-11-12 16:54:33 (6140404125623) STATS - 85.3, 0
2018-11-12 16:54:33 (6140404158024) STATS - 85.4, 0
2018-11-12 16:54:33 (6140404183025) STATS - 85.5, 0
2018-11-12 16:54:33 (6140404205925) STATS - 85.6, 0
2018-11-12 16:54:33 (6140404227826) STATS - 85.7, 0
2018-11-12 16:54:33 (6140404251627) STATS - 85.8, 0
2018-11-12 16:54:33 (6140404274627) STATS - 85.9, 0
2018-11-12 16:54:33 (6140404297528) STATS - 86.0, 0
2018-11-12 16:54:33 (6140404319128) STATS - 86.1, 0
2018-11-12 16:54:33 (6140404340229) STATS - 86.2, 0
2018-11-12 16:54:33 (6140404361030) STATS - 86.3, 0
2018-11-12 16:54:33 (6140404381730) STATS - 86.4, 0
2018-11-12 16:54:33 (6140404402431) STATS - 86.5, 0
2018-11-12 16:54:33 (6140404423531) STATS - 86.6, 0
2018-11-12 16:54:33 (6140404444532) STATS - 86.7, 0
2018-11-12 16:54:33 (6140404465533) STATS - 86.8, 0
2018-11-12 16:54:33 (6140404498733) STATS - 86.9, 0
2018-11-12 16:54:33 (6140404526734) STATS - 87.0, 0
2018-11-12 16:54:33 (6140404548635) STATS - 87.1, 0
2018-11-12 16:54:33 (6140404571435) STATS - 87.2, 0
2018-11-12 16:54:33 (6140404607436) STATS - 87.3, 0
2018-11-12 16:54:33 (6140404630137) STATS - 87.4, 0
2018-11-12 16:54:33 (6140404652438) STATS - 87.5, 0
2018-11-12 16:54:33 (6140404674938) STATS - 87.6, 0
2018-11-12 16:54:33 (6140404697439) STATS - 87.7, 0
2018-11-12 16:54:33 (6140404719840) STATS - 87.8, 0
2018-11-12 16:54:33 (6140404808242) STATS - 87.9, 0
2018-11-12 16:54:33 (6140404853843) STATS - 88.0, 0
2018-11-12 16:54:33 (6140404881644) STATS - 88.1, 0
2018-11-12 16:54:33 (6140404915145) STATS - 88.2, 0
2018-11-12 16:54:33 (6140404937046) STATS - 88.3, 0
2018-11-12 16:54:33 (6140404981247) STATS - 88.4, 1
2018-11-12 16:54:33 (6140405006547) STATS - 88.5, 0
2018-11-12 16:54:33 (6140405032948) STATS - 88.6, 0
2018-11-12 16:54:33 (6140405056249) STATS - 88.7, 0
2018-11-12 16:54:33 (6140405081150) STATS - 88.8, 0
2018-11-12 16:54:33 (6140405105750) STATS - 88.9, 0
2018-11-12 16:54:33 (6140405128851) STATS - 89.0, 0
2018-11-12 16:54:33 (6140405151151) STATS - 89.1, 0
2018-11-12 16:54:33 (6140405177852) STATS - 89.2, 0
2018-11-12 16:54:33 (6140405200053) STATS - 89.3, 0
2018-11-12 16:54:33 (6140405222053) STATS - 89.4, 0
2018-11-12 16:54:33 (6140405244054) STATS - 89.5, 0
2018-11-12 16:54:33 (6140405268055) STATS - 89.6, 0
2018-11-12 16:54:33 (6140405291355) STATS - 89.7, 0
2018-11-12 16:54:33 (6140405324356) STATS - 89.8, 0
2018-11-12 16:54:33 (6140405396558) STATS - 89.9, 0
2018-11-12 16:54:33 (6140405430859) STATS - 90.0, 0
2018-11-12 16:54:33 (6140405454860) STATS - 90.1, 0
2018-11-12 16:54:33 (6140405477460) STATS - 90.2, 0
2018-11-12 16:54:33 (6140405500461) STATS - 90.3, 0
2018-11-12 16:54:33 (6140405523162) STATS - 90.4, 0
2018-11-12 16:54:33 (6140405545762) STATS - 90.5, 0
2018-11-12 16:54:33 (6140405568663) STATS - 90.6, 0
2018-11-12 16:54:33 (6140405591564) STATS - 90.7, 0
2018-11-12 16:54:33 (6140405614364) STATS - 90.8, 0
2018-11-12 16:54:33 (6140405637265) STATS - 90.9, 0
2018-11-12 16:54:33 (6140405660166) STATS - 91.0, 0
2018-11-12 16:54:33 (6140405686466) STATS - 91.1, 0
2018-11-12 16:54:33 (6140405709567) STATS - 91.2, 0
2018-11-12 16:54:33 (6140405732768) STATS - 91.3, 0
2018-11-12 16:54:33 (6140405755268) STATS - 91.4, 0
2018-11-12 16:54:33 (6140405778069) STATS - 91.5, 0
2018-11-12 16:54:33 (6140405801269) STATS - 91.6, 0
2018-11-12 16:54:33 (6140405823970) STATS - 91.7, 0
2018-11-12 16:54:33 (6140405846871) STATS - 91.8, 0
2018-11-12 16:54:33 (6140405870171) STATS - 91.9, 0
2018-11-12 16:54:33 (6140405893172) STATS - 92.0, 0
2018-11-12 16:54:33 (6140405916273) STATS - 92.1, 0
2018-11-12 16:54:33 (6140405938873) STATS - 92.2, 0
2018-11-12 16:54:33 (6140405961874) STATS - 92.3, 0
2018-11-12 16:54:33 (6140405984375) STATS - 92.4, 0
2018-11-12 16:54:33 (6140406018375) STATS - 92.5, 0
2018-11-12 16:54:33 (6140406040476) STATS - 92.6, 0
2018-11-12 16:54:33 (6140406062577) STATS - 92.7, 0
2018-11-12 16:54:33 (6140406094478) STATS - 92.8, 0
2018-11-12 16:54:33 (6140406115978) STATS - 92.9, 0
2018-11-12 16:54:33 (6140406137179) STATS - 93.0, 0
2018-11-12 16:54:33 (6140406158479) STATS - 93.1, 0
2018-11-12 16:54:33 (6140406179580) STATS - 93.2, 0
2018-11-12 16:54:33 (6140406201281) STATS - 93.3, 0
2018-11-12 16:54:33 (6140406223781) STATS - 93.4, 0
2018-11-12 16:54:33 (6140406245282) STATS - 93.5, 0
2018-11-12 16:54:33 (6140406266482) STATS - 93.6, 0
2018-11-12 16:54:33 (6140406287683) STATS - 93.7, 0
2018-11-12 16:54:33 (6140406309283) STATS - 93.8, 0
2018-11-12 16:54:33 (6140406330684) STATS - 93.9, 0
2018-11-12 16:54:33 (6140406352285) STATS - 94.0, 0
2018-11-12 16:54:33 (6140406373685) STATS - 94.1, 0
2018-11-12 16:54:33 (6140406395186) STATS - 94.2, 0
2018-11-12 16:54:33 (6140406416486) STATS - 94.3, 0
2018-11-12 16:54:33 (6140406437587) STATS - 94.4, 0
2018-11-12 16:54:33 (6140406458688) STATS - 94.5, 0
2018-11-12 16:54:33 (6140406480188) STATS - 94.6, 0
2018-11-12 16:54:33 (6140406501389) STATS - 94.7, 0
2018-11-12 16:54:33 (6140406522589) STATS - 94.8, 0
2018-11-12 16:54:33 (6140406544190) STATS - 94.9, 0
2018-11-12 16:54:33 (6140406573091) STATS - 95.0, 0
2018-11-12 16:54:33 (6140406594791) STATS - 95.1, 0
2018-11-12 16:54:33 (6140406616392) STATS - 95.2, 0
2018-11-12 16:54:33 (6140406649393) STATS - 95.3, 0
2018-11-12 16:54:33 (6140406671193) STATS - 95.4, 0
2018-11-12 16:54:33 (6140406692894) STATS - 95.5, 0
2018-11-12 16:54:33 (6140406714795) STATS - 95.6, 0
2018-11-12 16:54:33 (6140406736695) STATS - 95.7, 0
2018-11-12 16:54:33 (6140406758696) STATS - 95.8, 0
2018-11-12 16:54:33 (6140406780497) STATS - 95.9, 0
2018-11-12 16:54:33 (6140406802697) STATS - 96.0, 0
2018-11-12 16:54:33 (6140406824598) STATS - 96.1, 0
2018-11-12 16:54:33 (6140406846498) STATS - 96.2, 0
2018-11-12 16:54:33 (6140413779490) STATS - 96.3, 0
2018-11-12 16:54:33 (6140413882393) STATS - 96.4, 0
2018-11-12 16:54:33 (6140413921494) STATS - 96.5, 0
2018-11-12 16:54:33 (6140413947395) STATS - 96.6, 0
2018-11-12 16:54:33 (6140413968995) STATS - 96.7, 0
2018-11-12 16:54:33 (6140413991096) STATS - 96.8, 0
2018-11-12 16:54:33 (6140414027997) STATS - 96.9, 0
2018-11-12 16:54:33 (6140414060498) STATS - 97.0, 0
2018-11-12 16:54:33 (6140414104099) STATS - 97.1, 0
2018-11-12 16:54:33 (6140414129000) STATS - 97.2, 0
2018-11-12 16:54:33 (6140414167501) STATS - 97.3, 0
2018-11-12 16:54:33 (6140414187801) STATS - 97.4, 0
2018-11-12 16:54:33 (6140414207202) STATS - 97.5, 0
2018-11-12 16:54:33 (6140414226502) STATS - 97.6, 0
2018-11-12 16:54:33 (6140414245403) STATS - 97.7, 0
2018-11-12 16:54:33 (6140414264603) STATS - 97.8, 0
2018-11-12 16:54:33 (6140414283604) STATS - 97.9, 0
2018-11-12 16:54:33 (6140414303204) STATS - 98.0, 0
2018-11-12 16:54:33 (6140414322305) STATS - 98.1, 0
2018-11-12 16:54:33 (6140414341306) STATS - 98.2, 0
2018-11-12 16:54:33 (6140414360306) STATS - 98.3, 0
2018-11-12 16:54:33 (6140414378907) STATS - 98.4, 0
2018-11-12 16:54:33 (6140414398107) STATS - 98.5, 0
2018-11-12 16:54:33 (6140414416908) STATS - 98.6, 0
2018-11-12 16:54:33 (6140414435608) STATS - 98.7, 0
2018-11-12 16:54:33 (6140414454609) STATS - 98.8, 0
2018-11-12 16:54:33 (6140414473209) STATS - 98.9, 0
2018-11-12 16:54:33 (6140414492610) STATS - 99.0, 0
2018-11-12 16:54:33 (6140414511710) STATS - 99.1, 0
2018-11-12 16:54:33 (6140414530811) STATS - 99.2, 0
2018-11-12 16:54:33 (6140414549711) STATS - 99.3, 0
2018-11-12 16:54:33 (6140414568412) STATS - 99.4, 0
2018-11-12 16:54:33 (6140414587112) STATS - 99.5, 0
2018-11-12 16:54:33 (6140414605913) STATS - 99.6, 0
2018-11-12 16:54:33 (6140414624613) STATS - 99.7, 0
2018-11-12 16:54:33 (6140414643414) STATS - 99.8, 0
2018-11-12 16:54:33 (6140414662414) STATS - 99.9, 0
2018-11-12 16:54:33 (6140414682215) STATS - 100.0, 0
2018-11-12 16:54:33 (6140414702616) STATS - 100.1, 0
2018-11-12 16:54:33 (6140414722116) STATS - 100.2, 0
2018-11-12 16:54:33 (6140414741217) STATS - 100.3, 0
2018-11-12 16:54:33 (6140414760117) STATS - 100.4, 0
2018-11-12 16:54:33 (6140414779018) STATS - 100.5, 0
2018-11-12 16:54:33 (6140414801018) STATS - 100.6, 0
2018-11-12 16:54:33 (6140414833319) STATS - 100.7, 0
2018-11-12 16:54:33 (6140414883721) STATS - 100.8, 0
2018-11-12 16:54:33 (6140414906221) STATS - 100.9, 0
2018-11-12 16:54:33 (6140414926922) STATS - 101.0, 0
2018-11-12 16:54:33 (6140414947122) STATS - 101.1, 0
2018-11-12 16:54:33 (6140414966923) STATS - 101.2, 0
2018-11-12 16:54:33 (6140414986423) STATS - 101.3, 0
2018-11-12 16:54:33 (6140415006124) STATS - 101.4, 0
2018-11-12 16:54:33 (6140415025524) STATS - 101.5, 0
2018-11-12 16:54:33 (6140415045225) STATS - 101.6, 0
2018-11-12 16:54:33 (6140415064626) STATS - 101.7, 0
2018-11-12 16:54:33 (6140415084126) STATS - 101.8, 0
2018-11-12 16:54:33 (6140415103627) STATS - 101.9, 0
2018-11-12 16:54:33 (6140415125427) STATS - 102.0, 0
2018-11-12 16:54:33 (6140415145928) STATS - 102.1, 0
2018-11-12 16:54:33 (6140415165628) STATS - 102.2, 0
2018-11-12 16:54:33 (6140415185229) STATS - 102.3, 0
2018-11-12 16:54:33 (6140415206629) STATS - 102.4, 0
2018-11-12 16:54:33 (6140415230030) STATS - 102.5, 0
2018-11-12 16:54:33 (6140415251231) STATS - 102.6, 0
2018-11-12 16:54:33 (6140415271031) STATS - 102.7, 0
2018-11-12 16:54:33 (6140415290532) STATS - 102.8, 0
2018-11-12 16:54:33 (6140415309932) STATS - 102.9, 0
2018-11-12 16:54:33 (6140415329533) STATS - 103.0, 0
2018-11-12 16:54:33 (6140415349233) STATS - 103.1, 0
2018-11-12 16:54:33 (6140415368734) STATS - 103.2, 0
2018-11-12 16:54:33 (6140415388034) STATS - 103.3, 0
2018-11-12 16:54:33 (6140415407735) STATS - 103.4, 0
2018-11-12 16:54:33 (6140415427636) STATS - 103.5, 0
2018-11-12 16:54:33 (6140415447136) STATS - 103.6, 0
2018-11-12 16:54:33 (6140415466237) STATS - 103.7, 0
2018-11-12 16:54:33 (6140415485837) STATS - 103.8, 0
2018-11-12 16:54:33 (6140415505938) STATS - 103.9, 0
2018-11-12 16:54:33 (6140415526038) STATS - 104.0, 0
2018-11-12 16:54:33 (6140415545539) STATS - 104.1, 0
2018-11-12 16:54:33 (6140415564739) STATS - 104.2, 0
2018-11-12 16:54:33 (6140415584140) STATS - 104.3, 0
2018-11-12 16:54:33 (6140415603340) STATS - 104.4, 0
2018-11-12 16:54:33 (6140415622441) STATS - 104.5, 0
2018-11-12 16:54:33 (6140415645042) STATS - 104.6, 0
2018-11-12 16:54:33 (6140415664842) STATS - 104.7, 0
2018-11-12 16:54:33 (6140415684343) STATS - 104.8, 0
2018-11-12 16:54:33 (6140415708643) STATS - 104.9, 0
2018-11-12 16:54:33 (6140415729744) STATS - 105.0, 0
2018-11-12 16:54:33 (6140415749544) STATS - 105.1, 0
2018-11-12 16:54:33 (6140415768945) STATS - 105.2, 0
2018-11-12 16:54:33 (6140415788446) STATS - 105.3, 0
2018-11-12 16:54:33 (6140415807846) STATS - 105.4, 0
2018-11-12 16:54:33 (6140415847147) STATS - 105.5, 0
2018-11-12 16:54:33 (6140415871048) STATS - 105.6, 0
2018-11-12 16:54:33 (6140415890748) STATS - 105.7, 0
2018-11-12 16:54:33 (6140415910449) STATS - 105.8, 0
2018-11-12 16:54:33 (6140415932050) STATS - 105.9, 0
2018-11-12 16:54:33 (6140415964050) STATS - 106.0, 0
2018-11-12 16:54:33 (6140415984751) STATS - 106.1, 0
2018-11-12 16:54:33 (6140416018452) STATS - 106.2, 0
2018-11-12 16:54:33 (6140416042253) STATS - 106.3, 0
2018-11-12 16:54:33 (6140416062753) STATS - 106.4, 0
2018-11-12 16:54:33 (6140416082954) STATS - 106.5, 0
2018-11-12 16:54:33 (6140416102854) STATS - 106.6, 0
2018-11-12 16:54:33 (6140416122555) STATS - 106.7, 0
2018-11-12 16:54:33 (6140416142555) STATS - 106.8, 0
2018-11-12 16:54:33 (6140416162456) STATS - 106.9, 0
2018-11-12 16:54:33 (6140416182756) STATS - 107.0, 0
2018-11-12 16:54:33 (6140416205857) STATS - 107.1, 0
2018-11-12 16:54:33 (6140416225958) STATS - 107.2, 0
2018-11-12 16:54:33 (6140416245858) STATS - 107.3, 0
2018-11-12 16:54:33 (6140416265959) STATS - 107.4, 0
2018-11-12 16:54:33 (6140416286059) STATS - 107.5, 0
2018-11-12 16:54:33 (6140416306060) STATS - 107.6, 0
2018-11-12 16:54:33 (6140416338661) STATS - 107.7, 0
2018-11-12 16:54:33 (6140416358461) STATS - 107.8, 0
2018-11-12 16:54:33 (6140416377662) STATS - 107.9, 0
2018-11-12 16:54:33 (6140416397262) STATS - 108.0, 0
2018-11-12 16:54:33 (6140416430163) STATS - 108.1, 0
2018-11-12 16:54:33 (6140416451964) STATS - 108.2, 0
2018-11-12 16:54:33 (6140416472764) STATS - 108.3, 0
2018-11-12 16:54:33 (6140416492865) STATS - 108.4, 0
2018-11-12 16:54:33 (6140416512866) STATS - 108.5, 0
2018-11-12 16:54:33 (6140416532866) STATS - 108.6, 0
2018-11-12 16:54:33 (6140416552867) STATS - 108.7, 0
2018-11-12 16:54:33 (6140416573067) STATS - 108.8, 0
2018-11-12 16:54:33 (6140416593068) STATS - 108.9, 0
2018-11-12 16:54:33 (6140417135883) STATS - 109.0, 0
2018-11-12 16:54:33 (6140423615662) STATS - 109.1, 0
2018-11-12 16:54:33 (6140423746566) STATS - 109.2, 0
2018-11-12 16:54:33 (6140423803767) STATS - 109.3, 0
2018-11-12 16:54:33 (6140423848068) STATS - 109.4, 0
2018-11-12 16:54:33 (6140423889369) STATS - 109.5, 0
2018-11-12 16:54:33 (6140423942271) STATS - 109.6, 0
2018-11-12 16:54:33 (6140423963172) STATS - 109.7, 0
2018-11-12 16:54:33 (6140423984772) STATS - 109.8, 0
2018-11-12 16:54:33 (6140424014473) STATS - 109.9, 0
2018-11-12 16:54:33 (6140424038774) STATS - 110.0, 0
2018-11-12 16:54:33 (6140424059374) STATS - 110.1, 0
2018-11-12 16:54:33 (6140424079275) STATS - 110.2, 0
2018-11-12 16:54:33 (6140424098775) STATS - 110.3, 0
2018-11-12 16:54:33 (6140424117976) STATS - 110.4, 0
2018-11-12 16:54:33 (6140424150377) STATS - 110.5, 0
2018-11-12 16:54:33 (6140424170577) STATS - 110.6, 0
2018-11-12 16:54:33 (6140424189378) STATS - 110.7, 0
2018-11-12 16:54:33 (6140424208178) STATS - 110.8, 0
2018-11-12 16:54:33 (6140424226879) STATS - 110.9, 0
2018-11-12 16:54:33 (6140424247979) STATS - 111.0, 0
2018-11-12 16:54:33 (6140424267780) STATS - 111.1, 0
2018-11-12 16:54:33 (6140424286680) STATS - 111.2, 0
2018-11-12 16:54:33 (6140424305881) STATS - 111.3, 0
2018-11-12 16:54:33 (6140424327082) STATS - 111.4, 0
2018-11-12 16:54:33 (6140424348482) STATS - 111.5, 0
2018-11-12 16:54:33 (6140424379483) STATS - 111.6, 0
2018-11-12 16:54:33 (6140424410984) STATS - 111.7, 0
2018-11-12 16:54:33 (6140424431684) STATS - 111.8, 0
2018-11-12 16:54:33 (6140424451685) STATS - 111.9, 0
2018-11-12 16:54:33 (6140424472686) STATS - 112.0, 0
2018-11-12 16:54:33 (6140424492686) STATS - 112.1, 0
2018-11-12 16:54:33 (6140424512487) STATS - 112.2, 0
2018-11-12 16:54:33 (6140424532387) STATS - 112.3, 0
2018-11-12 16:54:33 (6140424552388) STATS - 112.4, 0
2018-11-12 16:54:33 (6140424572088) STATS - 112.5, 0
2018-11-12 16:54:33 (6140424591989) STATS - 112.6, 0
2018-11-12 16:54:33 (6140424617490) STATS - 112.7, 0
2018-11-12 16:54:33 (6140424637590) STATS - 112.8, 0
2018-11-12 16:54:33 (6140424657391) STATS - 112.9, 0
2018-11-12 16:54:33 (6140424679491) STATS - 113.0, 0
2018-11-12 16:54:33 (6140424700092) STATS - 113.1, 0
2018-11-12 16:54:33 (6140424719892) STATS - 113.2, 0
2018-11-12 16:54:33 (6140424740193) STATS - 113.3, 0
2018-11-12 16:54:33 (6140424759894) STATS - 113.4, 0
2018-11-12 16:54:33 (6140424784294) STATS - 113.5, 0
2018-11-12 16:54:33 (6140424827095) STATS - 113.6, 0
2018-11-12 16:54:33 (6140424850296) STATS - 113.7, 0
2018-11-12 16:54:33 (6140424870997) STATS - 113.8, 0
2018-11-12 16:54:33 (6140424890797) STATS - 113.9, 0
2018-11-12 16:54:33 (6140424911098) STATS - 114.0, 0
2018-11-12 16:54:33 (6140424931298) STATS - 114.1, 0
2018-11-12 16:54:33 (6140424952699) STATS - 114.2, 0
2018-11-12 16:54:33 (6140424972799) STATS - 114.3, 0
2018-11-12 16:54:33 (6140424992700) STATS - 114.4, 0
2018-11-12 16:54:33 (6140425024801) STATS - 114.5, 0
2018-11-12 16:54:33 (6140425044501) STATS - 114.6, 0
2018-11-12 16:54:33 (6140425063502) STATS - 114.7, 0
2018-11-12 16:54:33 (6140425083102) STATS - 114.8, 0
2018-11-12 16:54:33 (6140425102503) STATS - 114.9, 0
2018-11-12 16:54:33 (6140425122604) STATS - 115.0, 0
2018-11-12 16:54:33 (6140425141704) STATS - 115.1, 0
2018-11-12 16:54:33 (6140425163005) STATS - 115.2, 0
2018-11-12 16:54:33 (6140425183805) STATS - 115.3, 0
2018-11-12 16:54:33 (6140425203106) STATS - 115.4, 0
2018-11-12 16:54:33 (6140425222306) STATS - 115.5, 0
2018-11-12 16:54:33 (6140425241807) STATS - 115.6, 0
2018-11-12 16:54:33 (6140425260907) STATS - 115.7, 0
2018-11-12 16:54:33 (6140425279908) STATS - 115.8, 0
2018-11-12 16:54:33 (6140425322109) STATS - 115.9, 0
2018-11-12 16:54:33 (6140425342410) STATS - 116.0, 0
2018-11-12 16:54:33 (6140425361710) STATS - 116.1, 0
2018-11-12 16:54:33 (6140425380511) STATS - 116.2, 0
2018-11-12 16:54:33 (6140425399511) STATS - 116.3, 0
2018-11-12 16:54:33 (6140425418012) STATS - 116.4, 0
2018-11-12 16:54:33 (6140425436812) STATS - 116.5, 0
2018-11-12 16:54:33 (6140425455813) STATS - 116.6, 0
2018-11-12 16:54:33 (6140425474713) STATS - 116.7, 0
2018-11-12 16:54:33 (6140425506114) STATS - 116.8, 0
2018-11-12 16:54:33 (6140425524115) STATS - 116.9, 0
2018-11-12 16:54:33 (6140425553915) STATS - 117.0, 0
2018-11-12 16:54:33 (6140425573016) STATS - 117.1, 0
2018-11-12 16:54:33 (6140425591617) STATS - 117.2, 0
2018-11-12 16:54:33 (6140425610617) STATS - 117.3, 0
2018-11-12 16:54:33 (6140425653218) STATS - 117.4, 0
2018-11-12 16:54:33 (6140425684219) STATS - 117.5, 0
2018-11-12 16:54:33 (6140425706920) STATS - 117.6, 0
2018-11-12 16:54:33 (6140425728220) STATS - 117.7, 0
2018-11-12 16:54:33 (6140425748421) STATS - 117.8, 0
2018-11-12 16:54:33 (6140425781222) STATS - 117.9, 0
2018-11-12 16:54:33 (6140425806122) STATS - 118.0, 0
2018-11-12 16:54:33 (6140425827223) STATS - 118.1, 0
2018-11-12 16:54:33 (6140425847224) STATS - 118.2, 0
2018-11-12 16:54:33 (6140425867324) STATS - 118.3, 0
2018-11-12 16:54:33 (6140425899225) STATS - 118.4, 0
2018-11-12 16:54:33 (6140425918926) STATS - 118.5, 0
2018-11-12 16:54:33 (6140425950126) STATS - 118.6, 0
2018-11-12 16:54:33 (6140425971827) STATS - 118.7, 0
2018-11-12 16:54:33 (6140425991228) STATS - 118.8, 0
2018-11-12 16:54:33 (6140426022428) STATS - 118.9, 0
2018-11-12 16:54:33 (6140426054429) STATS - 119.0, 0
2018-11-12 16:54:33 (6140426074730) STATS - 119.1, 0
2018-11-12 16:54:33 (6140426094730) STATS - 119.2, 0
2018-11-12 16:54:33 (6140426114831) STATS - 119.3, 0
2018-11-12 16:54:33 (6140426134832) STATS - 119.4, 0
2018-11-12 16:54:33 (6140426154932) STATS - 119.5, 0
2018-11-12 16:54:33 (6140426176733) STATS - 119.6, 0
2018-11-12 16:54:33 (6140426197233) STATS - 119.7, 0
2018-11-12 16:54:33 (6140426235734) STATS - 119.8, 0
2018-11-12 16:54:33 (6140426256235) STATS - 119.9, 0
2018-11-12 16:54:33 (6140426277135) STATS - 120.0, 0
2018-11-12 16:54:33 (6140426297636) STATS - 120.1, 0
2018-11-12 16:54:33 (6140426320937) STATS - 120.2, 0
2018-11-12 16:54:33 (6140426341637) STATS - 120.3, 0
2018-11-12 16:54:33 (6140426377538) STATS - 120.4, 0
2018-11-12 16:54:33 (6140426398139) STATS - 120.5, 0
2018-11-12 16:54:33 (6140426420939) STATS - 120.6, 0
2018-11-12 16:54:33 (6140426440740) STATS - 120.7, 0
2018-11-12 16:54:33 (6140426477641) STATS - 120.8, 0
2018-11-12 16:54:33 (6140426500042) STATS - 120.9, 0
2018-11-12 16:54:33 (6140433535836) STATS - 121.0, 0
2018-11-12 16:54:33 (6140433576037) STATS - 121.1, 0
2018-11-12 16:54:33 (6140433611838) STATS - 121.2, 0
2018-11-12 16:54:33 (6140433635339) STATS - 121.3, 0
2018-11-12 16:54:33 (6140433653839) STATS - 121.4, 0
2018-11-12 16:54:33 (6140433671140) STATS - 121.5, 0
2018-11-12 16:54:33 (6140433687740) STATS - 121.6, 0
2018-11-12 16:54:33 (6140433704341) STATS - 121.7, 0
2018-11-12 16:54:33 (6140433720941) STATS - 121.8, 0
2018-11-12 16:54:33 (6140433737742) STATS - 121.9, 0
2018-11-12 16:54:33 (6140433755442) STATS - 122.0, 0
2018-11-12 16:54:33 (6140433772543) STATS - 122.1, 0
2018-11-12 16:54:33 (6140433789043) STATS - 122.2, 0
2018-11-12 16:54:33 (6140433805644) STATS - 122.3, 0
2018-11-12 16:54:33 (6140433851445) STATS - 122.4, 0
2018-11-12 16:54:33 (6140433871645) STATS - 122.5, 0
2018-11-12 16:54:33 (6140433888446) STATS - 122.6, 0
2018-11-12 16:54:33 (6140433904746) STATS - 122.7, 0
2018-11-12 16:54:33 (6140433920947) STATS - 122.8, 0
2018-11-12 16:54:33 (6140433937447) STATS - 122.9, 0
2018-11-12 16:54:33 (6140433965248) STATS - 123.0, 0
2018-11-12 16:54:33 (6140433983749) STATS - 123.1, 0
2018-11-12 16:54:33 (6140434005049) STATS - 123.2, 0
2018-11-12 16:54:33 (6140434021350) STATS - 123.3, 0
2018-11-12 16:54:33 (6140434037350) STATS - 123.4, 0
2018-11-12 16:54:33 (6140434053650) STATS - 123.5, 0
2018-11-12 16:54:33 (6140434069851) STATS - 123.6, 0
2018-11-12 16:54:33 (6140434422261) STATS - 123.7, 0
2018-11-12 16:54:33 (6140434443561) STATS - 123.8, 0
2018-11-12 16:54:33 (6140434459762) STATS - 123.9, 0
2018-11-12 16:54:33 (6140434476362) STATS - 124.0, 0
2018-11-12 16:54:33 (6140434492563) STATS - 124.1, 0
2018-11-12 16:54:33 (6140434508763) STATS - 124.2, 0
2018-11-12 16:54:33 (6140434524863) STATS - 124.3, 0
2018-11-12 16:54:33 (6140434541064) STATS - 124.4, 0
2018-11-12 16:54:33 (6140434557264) STATS - 124.5, 0
2018-11-12 16:54:33 (6140434573565) STATS - 124.6, 0
2018-11-12 16:54:33 (6140434589765) STATS - 124.7, 0
2018-11-12 16:54:33 (6140434605866) STATS - 124.8, 0
2018-11-12 16:54:33 (6140434621966) STATS - 124.9, 0
2018-11-12 16:54:33 (6140434638367) STATS - 125.0, 0
2018-11-12 16:54:33 (6140434654567) STATS - 125.1, 0
2018-11-12 16:54:33 (6140434670868) STATS - 125.2, 0
2018-11-12 16:54:33 (6140434687268) STATS - 125.3, 0
2018-11-12 16:54:33 (6140434703668) STATS - 125.4, 0
2018-11-12 16:54:33 (6140434719669) STATS - 125.5, 0
2018-11-12 16:54:33 (6140434739469) STATS - 125.6, 0
2018-11-12 16:54:33 (6140434755570) STATS - 125.7, 0
2018-11-12 16:54:33 (6140434773070) STATS - 125.8, 0
2018-11-12 16:54:33 (6140434789471) STATS - 125.9, 0
2018-11-12 16:54:33 (6140434805671) STATS - 126.0, 0
2018-11-12 16:54:33 (6140434827072) STATS - 126.1, 0
2018-11-12 16:54:33 (6140434843372) STATS - 126.2, 0
2018-11-12 16:54:33 (6140434863573) STATS - 126.3, 0
2018-11-12 16:54:33 (6140434902674) STATS - 126.4, 0
2018-11-12 16:54:33 (6140434922274) STATS - 126.5, 0
2018-11-12 16:54:33 (6140434939175) STATS - 126.6, 0
2018-11-12 16:54:33 (6140434955475) STATS - 126.7, 0
2018-11-12 16:54:33 (6140434971576) STATS - 126.8, 0
2018-11-12 16:54:33 (6140434987676) STATS - 126.9, 0
2018-11-12 16:54:33 (6140435004477) STATS - 127.0, 0
2018-11-12 16:54:33 (6140435020777) STATS - 127.1, 0
2018-11-12 16:54:33 (6140435037078) STATS - 127.2, 0
2018-11-12 16:54:33 (6140435053278) STATS - 127.3, 0
2018-11-12 16:54:33 (6140435069379) STATS - 127.4, 0
2018-11-12 16:54:33 (6140435085479) STATS - 127.5, 0
2018-11-12 16:54:33 (6140435105780) STATS - 127.6, 0
2018-11-12 16:54:33 (6140435125680) STATS - 127.7, 0
2018-11-12 16:54:33 (6140435141781) STATS - 127.8, 0
2018-11-12 16:54:33 (6140435157881) STATS - 127.9, 0
2018-11-12 16:54:33 (6140435177982) STATS - 128.0, 0
2018-11-12 16:54:33 (6140435195482) STATS - 128.1, 0
2018-11-12 16:54:33 (6140435211882) STATS - 128.2, 0
2018-11-12 16:54:33 (6140435227883) STATS - 128.3, 0
2018-11-12 16:54:33 (6140435243783) STATS - 128.4, 0
2018-11-12 16:54:33 (6140435259884) STATS - 128.5, 0
2018-11-12 16:54:33 (6140435276084) STATS - 128.6, 0
2018-11-12 16:54:33 (6140435292185) STATS - 128.7, 0
2018-11-12 16:54:33 (6140435308285) STATS - 128.8, 0
2018-11-12 16:54:33 (6140435324186) STATS - 128.9, 0
2018-11-12 16:54:33 (6140435340186) STATS - 129.0, 0
2018-11-12 16:54:33 (6140435356386) STATS - 129.1, 0
2018-11-12 16:54:33 (6140435372287) STATS - 129.2, 0
2018-11-12 16:54:33 (6140435388187) STATS - 129.3, 0
2018-11-12 16:54:33 (6140435404288) STATS - 129.4, 0
2018-11-12 16:54:33 (6140435420288) STATS - 129.5, 0
2018-11-12 16:54:33 (6140435437589) STATS - 129.6, 0
2018-11-12 16:54:33 (6140435453789) STATS - 129.7, 0
2018-11-12 16:54:33 (6140435469790) STATS - 129.8, 0
2018-11-12 16:54:33 (6140435487390) STATS - 129.9, 0
2018-11-12 16:54:33 (6140435511391) STATS - 130.0, 0
2018-11-12 16:54:33 (6140435537191) STATS - 130.1, 0
2018-11-12 16:54:33 (6140435561392) STATS - 130.2, 0
2018-11-12 16:54:33 (6140435577793) STATS - 130.3, 0
2018-11-12 16:54:33 (6140435593593) STATS - 130.4, 0
2018-11-12 16:54:33 (6140435609693) STATS - 130.5, 0
2018-11-12 16:54:33 (6140435625694) STATS - 130.6, 0
2018-11-12 16:54:33 (6140435641794) STATS - 130.7, 0
2018-11-12 16:54:33 (6140435664095) STATS - 130.8, 0
2018-11-12 16:54:33 (6140435679895) STATS - 130.9, 0
2018-11-12 16:54:33 (6140435696496) STATS - 131.0, 0
2018-11-12 16:54:33 (6140435713296) STATS - 131.1, 0
2018-11-12 16:54:33 (6140435729497) STATS - 131.2, 0
2018-11-12 16:54:33 (6140435746797) STATS - 131.3, 0
2018-11-12 16:54:33 (6140435764298) STATS - 131.4, 0
2018-11-12 16:54:33 (6140435780898) STATS - 131.5, 0
2018-11-12 16:54:33 (6140435797199) STATS - 131.6, 0
2018-11-12 16:54:33 (6140435813399) STATS - 131.7, 0
2018-11-12 16:54:33 (6140435829600) STATS - 131.8, 0
2018-11-12 16:54:33 (6140435846000) STATS - 131.9, 0
2018-11-12 16:54:33 (6140435862100) STATS - 132.0, 0
2018-11-12 16:54:33 (6140435879501) STATS - 132.1, 0
2018-11-12 16:54:33 (6140435895801) STATS - 132.2, 0
2018-11-12 16:54:33 (6140435911902) STATS - 132.3, 0
2018-11-12 16:54:33 (6140435928102) STATS - 132.4, 0
2018-11-12 16:54:33 (6140435945203) STATS - 132.5, 0
2018-11-12 16:54:33 (6140435961903) STATS - 132.6, 0
2018-11-12 16:54:33 (6140435978104) STATS - 132.7, 0
2018-11-12 16:54:33 (6140435994104) STATS - 132.8, 0
2018-11-12 16:54:33 (6140436026705) STATS - 132.9, 0
2018-11-12 16:54:33 (6140436044806) STATS - 133.0, 0
2018-11-12 16:54:33 (6140436061406) STATS - 133.1, 0
2018-11-12 16:54:33 (6140436078006) STATS - 133.2, 0
2018-11-12 16:54:33 (6140436094507) STATS - 133.3, 0
2018-11-12 16:54:33 (6140436110807) STATS - 133.4, 0
2018-11-12 16:54:33 (6140436126908) STATS - 133.5, 0
2018-11-12 16:54:33 (6140436143208) STATS - 133.6, 0
2018-11-12 16:54:33 (6140436160009) STATS - 133.7, 0
2018-11-12 16:54:33 (6140436176309) STATS - 133.8, 0
2018-11-12 16:54:33 (6140436192510) STATS - 133.9, 0
2018-11-12 16:54:33 (6140436208710) STATS - 134.0, 0
2018-11-12 16:54:33 (6140436225110) STATS - 134.1, 0
2018-11-12 16:54:33 (6140442988997) STATS - 134.2, 0
2018-11-12 16:54:33 (6140443091000) STATS - 134.3, 0
2018-11-12 16:54:33 (6140443111701) STATS - 134.4, 0
2018-11-12 16:54:33 (6140443126101) STATS - 134.5, 0
2018-11-12 16:54:33 (6140443141102) STATS - 134.6, 0
2018-11-12 16:54:33 (6140443165302) STATS - 134.7, 0
2018-11-12 16:54:33 (6140443180403) STATS - 134.8, 0
2018-11-12 16:54:33 (6140443194303) STATS - 134.9, 0
2018-11-12 16:54:33 (6140443212404) STATS - 135.0, 0
2018-11-12 16:54:33 (6140443227404) STATS - 135.1, 0
2018-11-12 16:54:33 (6140443241604) STATS - 135.2, 0
2018-11-12 16:54:33 (6140443255305) STATS - 135.3, 0
2018-11-12 16:54:33 (6140443269005) STATS - 135.4, 0
2018-11-12 16:54:33 (6140443282706) STATS - 135.5, 0
2018-11-12 16:54:33 (6140443308706) STATS - 135.6, 0
2018-11-12 16:54:33 (6140443322507) STATS - 135.7, 0
2018-11-12 16:54:33 (6140443336207) STATS - 135.8, 0
2018-11-12 16:54:33 (6140443349507) STATS - 135.9, 0
2018-11-12 16:54:33 (6140443363708) STATS - 136.0, 0
2018-11-12 16:54:33 (6140443389109) STATS - 136.1, 0
2018-11-12 16:54:33 (6140443402909) STATS - 136.2, 0
2018-11-12 16:54:33 (6140443416609) STATS - 136.3, 0
2018-11-12 16:54:33 (6140443430210) STATS - 136.4, 0
2018-11-12 16:54:33 (6140443477211) STATS - 136.5, 0
2018-11-12 16:54:33 (6140443497512) STATS - 136.6, 0
2018-11-12 16:54:33 (6140443514612) STATS - 136.7, 0
2018-11-12 16:54:33 (6140443528312) STATS - 136.8, 0
2018-11-12 16:54:33 (6140443541513) STATS - 136.9, 0
2018-11-12 16:54:33 (6140443557713) STATS - 137.0, 0
2018-11-12 16:54:33 (6140443572314) STATS - 137.1, 0
2018-11-12 16:54:33 (6140443586014) STATS - 137.2, 0
2018-11-12 16:54:33 (6140443610915) STATS - 137.3, 0
2018-11-12 16:54:33 (6140443624615) STATS - 137.4, 0
2018-11-12 16:54:33 (6140443638215) STATS - 137.5, 0
2018-11-12 16:54:33 (6140443652216) STATS - 137.6, 0
2018-11-12 16:54:33 (6140443666016) STATS - 137.7, 0
2018-11-12 16:54:33 (6140443702317) STATS - 137.8, 0
2018-11-12 16:54:33 (6140443716518) STATS - 137.9, 0
2018-11-12 16:54:33 (6140443730518) STATS - 138.0, 0
2018-11-12 16:54:33 (6140443744518) STATS - 138.1, 0
2018-11-12 16:54:33 (6140443758519) STATS - 138.2, 0
2018-11-12 16:54:33 (6140443772419) STATS - 138.3, 0
2018-11-12 16:54:33 (6140443786220) STATS - 138.4, 0
2018-11-12 16:54:33 (6140443799920) STATS - 138.5, 0
2018-11-12 16:54:33 (6140443813820) STATS - 138.6, 0
2018-11-12 16:54:33 (6140443827921) STATS - 138.7, 0
2018-11-12 16:54:33 (6140443841621) STATS - 138.8, 0
2018-11-12 16:54:33 (6140443855121) STATS - 138.9, 0
2018-11-12 16:54:33 (6140443868922) STATS - 139.0, 0
2018-11-12 16:54:33 (6140443883822) STATS - 139.1, 0
2018-11-12 16:54:33 (6140443899323) STATS - 139.2, 0
2018-11-12 16:54:33 (6140443913923) STATS - 139.3, 0
2018-11-12 16:54:33 (6140443927723) STATS - 139.4, 0
2018-11-12 16:54:33 (6140443941524) STATS - 139.5, 0
2018-11-12 16:54:33 (6140443955424) STATS - 139.6, 0
2018-11-12 16:54:33 (6140443969625) STATS - 139.7, 0
2018-11-12 16:54:33 (6140443983325) STATS - 139.8, 0
2018-11-12 16:54:33 (6140443996925) STATS - 139.9, 0
2018-11-12 16:54:33 (6140444028926) STATS - 140.0, 0
2018-11-12 16:54:33 (6140444045027) STATS - 140.1, 0
2018-11-12 16:54:33 (6140444059427) STATS - 140.2, 0
2018-11-12 16:54:33 (6140444073527) STATS - 140.3, 0
2018-11-12 16:54:33 (6140444087528) STATS - 140.4, 0
2018-11-12 16:54:33 (6140444101228) STATS - 140.5, 0
2018-11-12 16:54:33 (6140444115229) STATS - 140.6, 0
2018-11-12 16:54:33 (6140444129429) STATS - 140.7, 0
2018-11-12 16:54:33 (6140444143329) STATS - 140.8, 0
2018-11-12 16:54:33 (6140444157030) STATS - 140.9, 0
2018-11-12 16:54:33 (6140444171030) STATS - 141.0, 0
2018-11-12 16:54:33 (6140444185131) STATS - 141.1, 0
2018-11-12 16:54:33 (6140444200631) STATS - 141.2, 0
2018-11-12 16:54:33 (6140444214731) STATS - 141.3, 0
2018-11-12 16:54:33 (6140444228332) STATS - 141.4, 0
2018-11-12 16:54:33 (6140444242332) STATS - 141.5, 0
2018-11-12 16:54:33 (6140444256233) STATS - 141.6, 0
2018-11-12 16:54:33 (6140444270433) STATS - 141.7, 0
2018-11-12 16:54:33 (6140444285233) STATS - 141.8, 0
2018-11-12 16:54:33 (6140444299134) STATS - 141.9, 0
2018-11-12 16:54:33 (6140444313234) STATS - 142.0, 0
2018-11-12 16:54:33 (6140444327434) STATS - 142.1, 0
2018-11-12 16:54:33 (6140444341435) STATS - 142.2, 0
2018-11-12 16:54:33 (6140444355335) STATS - 142.3, 0
2018-11-12 16:54:33 (6140444368936) STATS - 142.4, 0
2018-11-12 16:54:33 (6140444382536) STATS - 142.5, 0
2018-11-12 16:54:33 (6140444396436) STATS - 142.6, 0
2018-11-12 16:54:33 (6140444410637) STATS - 142.7, 0
2018-11-12 16:54:33 (6140444424737) STATS - 142.8, 0
2018-11-12 16:54:33 (6140444438738) STATS - 142.9, 0
2018-11-12 16:54:33 (6140444452638) STATS - 143.0, 0
2018-11-12 16:54:33 (6140444466638) STATS - 143.1, 0
2018-11-12 16:54:33 (6140444492839) STATS - 143.2, 0
2018-11-12 16:54:33 (6140444507139) STATS - 143.3, 0
2018-11-12 16:54:33 (6140444520640) STATS - 143.4, 0
2018-11-12 16:54:33 (6140444534040) STATS - 143.5, 0
2018-11-12 16:54:33 (6140444547741) STATS - 143.6, 0
2018-11-12 16:54:33 (6140444561441) STATS - 143.7, 0
2018-11-12 16:54:33 (6140444575141) STATS - 143.8, 0
2018-11-12 16:54:33 (6140444588542) STATS - 143.9, 0
2018-11-12 16:54:33 (6140444602142) STATS - 144.0, 0
2018-11-12 16:54:33 (6140444616142) STATS - 144.1, 0
2018-11-12 16:54:33 (6140444630143) STATS - 144.2, 0
2018-11-12 16:54:33 (6140444643843) STATS - 144.3, 0
2018-11-12 16:54:33 (6140444657244) STATS - 144.4, 0
2018-11-12 16:54:33 (6140444670844) STATS - 144.5, 0
2018-11-12 16:54:33 (6140444684444) STATS - 144.6, 0
2018-11-12 16:54:33 (6140444698145) STATS - 144.7, 0
2018-11-12 16:54:33 (6140444711645) STATS - 144.8, 0
2018-11-12 16:54:33 (6140444736646) STATS - 144.9, 0
2018-11-12 16:54:33 (6140444750946) STATS - 145.0, 0
2018-11-12 16:54:33 (6140444765547) STATS - 145.1, 0
2018-11-12 16:54:33 (6140444779747) STATS - 145.2, 0
2018-11-12 16:54:33 (6140444793647) STATS - 145.3, 0
2018-11-12 16:54:33 (6140444807548) STATS - 145.4, 0
2018-11-12 16:54:33 (6140444821348) STATS - 145.5, 0
2018-11-12 16:54:33 (6140444835349) STATS - 145.6, 0
2018-11-12 16:54:33 (6140444855349) STATS - 145.7, 0
2018-11-12 16:54:33 (6140444869649) STATS - 145.8, 0
2018-11-12 16:54:33 (6140444883350) STATS - 145.9, 0
2018-11-12 16:54:33 (6140444898550) STATS - 146.0, 0
2018-11-12 16:54:33 (6140444913451) STATS - 146.1, 0
2018-11-12 16:54:33 (6140444927551) STATS - 146.2, 0
2018-11-12 16:54:33 (6140444941251) STATS - 146.3, 0
2018-11-12 16:54:33 (6140444955152) STATS - 146.4, 0
2018-11-12 16:54:33 (6140444969052) STATS - 146.5, 0
2018-11-12 16:54:33 (6140444983353) STATS - 146.6, 0
2018-11-12 16:54:33 (6140444997353) STATS - 146.7, 0
2018-11-12 16:54:33 (6140445011353) STATS - 146.8, 0
2018-11-12 16:54:33 (6140445025154) STATS - 146.9, 0
2018-11-12 16:54:33 (6140445039054) STATS - 147.0, 0
2018-11-12 16:54:33 (6140445053055) STATS - 147.1, 0
2018-11-12 16:54:33 (6140445067255) STATS - 147.2, 0
2018-11-12 16:54:33 (6140445081355) STATS - 147.3, 0
2018-11-12 16:54:33 (6140445094956) STATS - 147.4, 0
2018-11-12 16:54:33 (6140445108956) STATS - 147.5, 0
2018-11-12 16:54:33 (6140445122956) STATS - 147.6, 0
2018-11-12 16:54:33 (6140445137157) STATS - 147.7, 0
2018-11-12 16:54:33 (6140445150957) STATS - 147.8, 0
2018-11-12 16:54:33 (6140445164658) STATS - 147.9, 0
2018-11-12 16:54:33 (6140445178558) STATS - 148.0, 0
2018-11-12 16:54:33 (6140445192658) STATS - 148.1, 0
2018-11-12 16:54:33 (6140445207259) STATS - 148.2, 0
2018-11-12 16:54:33 (6140445221559) STATS - 148.3, 0
2018-11-12 16:54:33 (6140445235760) STATS - 148.4, 0
2018-11-12 16:54:33 (6140445249660) STATS - 148.5, 0
2018-11-12 16:54:33 (6140445263660) STATS - 148.6, 0
2018-11-12 16:54:33 (6140445277861) STATS - 148.7, 0
2018-11-12 16:54:33 (6140445291561) STATS - 148.8, 0
2018-11-12 16:54:33 (6140445305562) STATS - 148.9, 0
2018-11-12 16:54:33 (6140445319362) STATS - 149.0, 0
2018-11-12 16:54:33 (6140445333462) STATS - 149.1, 0
2018-11-12 16:54:33 (6140445347863) STATS - 149.2, 0
2018-11-12 16:54:33 (6140445361663) STATS - 149.3, 0
2018-11-12 16:54:33 (6140445375363) STATS - 149.4, 0
2018-11-12 16:54:33 (6140445388964) STATS - 149.5, 0
2018-11-12 16:54:33 (6140445402864) STATS - 149.6, 0
2018-11-12 16:54:33 (6140445416965) STATS - 149.7, 0
2018-11-12 16:54:33 (6140445430565) STATS - 149.8, 0
2018-11-12 16:54:33 (6140445444265) STATS - 149.9, 0
2018-11-12 16:54:33 (6140445458366) STATS - 150.0, 0
2018-11-12 16:54:33 (6140445475566) STATS - 150.1, 0
2018-11-12 16:54:33 (6140445489867) STATS - 150.2, 0
2018-11-12 16:54:33 (6140445503567) STATS - 150.3, 0
2018-11-12 16:54:33 (6140445517267) STATS - 150.4, 0
2018-11-12 16:54:33 (6140445531068) STATS - 150.5, 0
2018-11-12 16:54:33 (6140445545068) STATS - 150.6, 0
2018-11-12 16:54:33 (6140445559169) STATS - 150.7, 0
2018-11-12 16:54:33 (6140445573069) STATS - 150.8, 0
2018-11-12 16:54:33 (6140445587969) STATS - 150.9, 0
2018-11-12 16:54:33 (6140445606470) STATS - 151.0, 0
2018-11-12 16:54:33 (6140445620770) STATS - 151.1, 0
2018-11-12 16:54:33 (6140445635071) STATS - 151.2, 0
2018-11-12 16:54:33 (6140445648971) STATS - 151.3, 0
2018-11-12 16:54:33 (6140445662771) STATS - 151.4, 0
2018-11-12 16:54:33 (6140445676672) STATS - 151.5, 0
2018-11-12 16:54:33 (6140445690772) STATS - 151.6, 0
2018-11-12 16:54:33 (6140445705073) STATS - 151.7, 0
2018-11-12 16:54:33 (6140445720973) STATS - 151.8, 0
2018-11-12 16:54:33 (6140445761474) STATS - 151.9, 0
2018-11-12 16:54:33 (6140445789875) STATS - 152.0, 0
2018-11-12 16:54:33 (6140445812976) STATS - 152.1, 0
2018-11-12 16:54:33 (6140452721367) STATS - 152.2, 0
2018-11-12 16:54:33 (6140452759768) STATS - 152.3, 0
2018-11-12 16:54:33 (6140452781868) STATS - 152.4, 0
2018-11-12 16:54:33 (6140452796669) STATS - 152.5, 0
2018-11-12 16:54:33 (6140452811269) STATS - 152.6, 0
2018-11-12 16:54:33 (6140452852870) STATS - 152.7, 0
2018-11-12 16:54:33 (6140452872071) STATS - 152.8, 0
2018-11-12 16:54:33 (6140452886971) STATS - 152.9, 0
2018-11-12 16:54:33 (6140452902672) STATS - 153.0, 0
2018-11-12 16:54:33 (6140452917272) STATS - 153.1, 0
2018-11-12 16:54:33 (6140452931472) STATS - 153.2, 0
2018-11-12 16:54:33 (6140452945573) STATS - 153.3, 0
2018-11-12 16:54:33 (6140452959473) STATS - 153.4, 0
2018-11-12 16:54:33 (6140452975274) STATS - 153.5, 0
2018-11-12 16:54:33 (6140452991874) STATS - 153.6, 0
2018-11-12 16:54:33 (6140453006774) STATS - 153.7, 0
2018-11-12 16:54:33 (6140453020775) STATS - 153.8, 0
2018-11-12 16:54:33 (6140453039375) STATS - 153.9, 0
2018-11-12 16:54:33 (6140453055076) STATS - 154.0, 0
2018-11-12 16:54:33 (6140453081376) STATS - 154.1, 0
2018-11-12 16:54:33 (6140453095277) STATS - 154.2, 0
2018-11-12 16:54:33 (6140453108777) STATS - 154.3, 0
2018-11-12 16:54:33 (6140453122278) STATS - 154.4, 0
2018-11-12 16:54:33 (6140453135778) STATS - 154.5, 0
2018-11-12 16:54:33 (6140453151478) STATS - 154.6, 0
2018-11-12 16:54:33 (6140453165479) STATS - 154.7, 0
2018-11-12 16:54:33 (6140453178679) STATS - 154.8, 0
2018-11-12 16:54:33 (6140453192080) STATS - 154.9, 0
2018-11-12 16:54:33 (6140453206080) STATS - 155.0, 0
2018-11-12 16:54:33 (6140453219680) STATS - 155.1, 0
2018-11-12 16:54:33 (6140453233181) STATS - 155.2, 0
2018-11-12 16:54:33 (6140453246681) STATS - 155.3, 0
2018-11-12 16:54:33 (6140453261781) STATS - 155.4, 0
2018-11-12 16:54:33 (6140453275182) STATS - 155.5, 0
2018-11-12 16:54:33 (6140453288582) STATS - 155.6, 0
2018-11-12 16:54:33 (6140453302083) STATS - 155.7, 0
2018-11-12 16:54:33 (6140453315183) STATS - 155.8, 0
2018-11-12 16:54:33 (6140453328483) STATS - 155.9, 0
2018-11-12 16:54:33 (6140453341884) STATS - 156.0, 0
2018-11-12 16:54:33 (6140453355484) STATS - 156.1, 0
2018-11-12 16:54:33 (6140453368884) STATS - 156.2, 0
2018-11-12 16:54:33 (6140453382285) STATS - 156.3, 0
2018-11-12 16:54:33 (6140453395785) STATS - 156.4, 0
2018-11-12 16:54:33 (6140453419686) STATS - 156.5, 0
2018-11-12 16:54:33 (6140453444787) STATS - 156.6, 0
2018-11-12 16:54:33 (6140453458187) STATS - 156.7, 0
2018-11-12 16:54:33 (6140453471987) STATS - 156.8, 0
2018-11-12 16:54:33 (6140453485388) STATS - 156.9, 0
2018-11-12 16:54:33 (6140453499088) STATS - 157.0, 0
2018-11-12 16:54:33 (6140453513088) STATS - 157.1, 0
2018-11-12 16:54:33 (6140453526889) STATS - 157.2, 0
2018-11-12 16:54:33 (6140453540889) STATS - 157.3, 0
2018-11-12 16:54:33 (6140453554290) STATS - 157.4, 0
2018-11-12 16:54:33 (6140453567690) STATS - 157.5, 0
2018-11-12 16:54:33 (6140453581190) STATS - 157.6, 0
2018-11-12 16:54:33 (6140453594391) STATS - 157.7, 0
2018-11-12 16:54:33 (6140453607791) STATS - 157.8, 0
2018-11-12 16:54:33 (6140453620991) STATS - 157.9, 0
2018-11-12 16:54:33 (6140453635892) STATS - 158.0, 0
2018-11-12 16:54:33 (6140453649692) STATS - 158.1, 0
2018-11-12 16:54:33 (6140453663193) STATS - 158.2, 0
2018-11-12 16:54:33 (6140453676593) STATS - 158.3, 0
2018-11-12 16:54:33 (6140453690093) STATS - 158.4, 0
2018-11-12 16:54:33 (6140453703794) STATS - 158.5, 0
2018-11-12 16:54:33 (6140453717194) STATS - 158.6, 0
2018-11-12 16:54:33 (6140453730394) STATS - 158.7, 0
2018-11-12 16:54:33 (6140453743495) STATS - 158.8, 0
2018-11-12 16:54:33 (6140453773896) STATS - 158.9, 0
2018-11-12 16:54:33 (6140453787896) STATS - 159.0, 0
2018-11-12 16:54:33 (6140453801696) STATS - 159.1, 0
2018-11-12 16:54:33 (6140453815597) STATS - 159.2, 0
2018-11-12 16:54:33 (6140453829597) STATS - 159.3, 0
2018-11-12 16:54:33 (6140453847798) STATS - 159.4, 0
2018-11-12 16:54:33 (6140453861598) STATS - 159.5, 0
2018-11-12 16:54:33 (6140453875398) STATS - 159.6, 0
2018-11-12 16:54:33 (6140453889099) STATS - 159.7, 0
2018-11-12 16:54:33 (6140453902799) STATS - 159.8, 0
2018-11-12 16:54:33 (6140453916400) STATS - 159.9, 0
2018-11-12 16:54:33 (6140453931100) STATS - 160.0, 0
2018-11-12 16:54:33 (6140453945200) STATS - 160.1, 0
2018-11-12 16:54:33 (6140453959201) STATS - 160.2, 0
2018-11-12 16:54:33 (6140453972801) STATS - 160.3, 0
2018-11-12 16:54:33 (6140453986501) STATS - 160.4, 0
2018-11-12 16:54:33 (6140454000402) STATS - 160.5, 0
2018-11-12 16:54:33 (6140454015802) STATS - 160.6, 0
2018-11-12 16:54:33 (6140454029803) STATS - 160.7, 0
2018-11-12 16:54:33 (6140454043903) STATS - 160.8, 0
2018-11-12 16:54:33 (6140454057603) STATS - 160.9, 0
2018-11-12 16:54:33 (6140454071704) STATS - 161.0, 0
2018-11-12 16:54:33 (6140454085504) STATS - 161.1, 0
2018-11-12 16:54:33 (6140454099405) STATS - 161.2, 0
2018-11-12 16:54:33 (6140454113505) STATS - 161.3, 0
2018-11-12 16:54:33 (6140454127505) STATS - 161.4, 0
2018-11-12 16:54:33 (6140454142506) STATS - 161.5, 0
2018-11-12 16:54:33 (6140454156606) STATS - 161.6, 0
2018-11-12 16:54:33 (6140454170607) STATS - 161.7, 0
2018-11-12 16:54:33 (6140454184307) STATS - 161.8, 0
2018-11-12 16:54:33 (6140454198107) STATS - 161.9, 0
2018-11-12 16:54:33 (6140454212108) STATS - 162.0, 0
2018-11-12 16:54:33 (6140454226108) STATS - 162.1, 0
2018-11-12 16:54:33 (6140454240709) STATS - 162.2, 0
2018-11-12 16:54:33 (6140454254609) STATS - 162.3, 0
2018-11-12 16:54:33 (6140454268409) STATS - 162.4, 0
2018-11-12 16:54:33 (6140454282510) STATS - 162.5, 0
2018-11-12 16:54:33 (6140454298110) STATS - 162.6, 1
2018-11-12 16:54:33 (6140454312010) STATS - 162.7, 0
2018-11-12 16:54:33 (6140454370512) STATS - 162.8, 0
2018-11-12 16:54:33 (6140454386113) STATS - 162.9, 0
2018-11-12 16:54:33 (6140454401213) STATS - 163.0, 0
2018-11-12 16:54:33 (6140454415513) STATS - 163.1, 0
2018-11-12 16:54:33 (6140454429414) STATS - 163.2, 0
2018-11-12 16:54:33 (6140454443414) STATS - 163.3, 0
2018-11-12 16:54:33 (6140454457415) STATS - 163.4, 0
2018-11-12 16:54:33 (6140454471415) STATS - 163.5, 0
2018-11-12 16:54:33 (6140454485315) STATS - 163.6, 0
2018-11-12 16:54:33 (6140454503816) STATS - 163.7, 1
2018-11-12 16:54:33 (6140454521016) STATS - 163.8, 0
2018-11-12 16:54:33 (6140454535117) STATS - 163.9, 0
2018-11-12 16:54:33 (6140454549417) STATS - 164.0, 1
2018-11-12 16:54:33 (6140454563517) STATS - 164.1, 0
2018-11-12 16:54:33 (6140454578718) STATS - 164.2, 0
2018-11-12 16:54:33 (6140454592718) STATS - 164.3, 0
2018-11-12 16:54:33 (6140454606419) STATS - 164.4, 0
2018-11-12 16:54:33 (6140454620119) STATS - 164.5, 0
2018-11-12 16:54:33 (6140454633719) STATS - 164.6, 0
2018-11-12 16:54:33 (6140454647420) STATS - 164.7, 0
2018-11-12 16:54:33 (6140454686121) STATS - 164.8, 0
2018-11-12 16:54:33 (6140454706721) STATS - 164.9, 0
2018-11-12 16:54:33 (6140454722222) STATS - 165.0, 0
2018-11-12 16:54:33 (6140454736122) STATS - 165.1, 0
2018-11-12 16:54:33 (6140454749823) STATS - 165.2, 0
2018-11-12 16:54:33 (6140454763523) STATS - 165.3, 0
2018-11-12 16:54:33 (6140454778023) STATS - 165.4, 0
2018-11-12 16:54:33 (6140454792024) STATS - 165.5, 0
2018-11-12 16:54:33 (6140454805824) STATS - 165.6, 0
2018-11-12 16:54:33 (6140454819425) STATS - 165.7, 0
2018-11-12 16:54:33 (6140454833325) STATS - 165.8, 0
2018-11-12 16:54:33 (6140454846925) STATS - 165.9, 0
2018-11-12 16:54:33 (6140454860926) STATS - 166.0, 0
2018-11-12 16:54:33 (6140454874926) STATS - 166.1, 0
2018-11-12 16:54:33 (6140454888526) STATS - 166.2, 0
2018-11-12 16:54:33 (6140454902127) STATS - 166.3, 0
2018-11-12 16:54:33 (6140454915927) STATS - 166.4, 0
2018-11-12 16:54:33 (6140454929728) STATS - 166.5, 0
2018-11-12 16:54:33 (6140454943328) STATS - 166.6, 0
2018-11-12 16:54:33 (6140454957228) STATS - 166.7, 0
2018-11-12 16:54:33 (6140454970829) STATS - 166.8, 0
2018-11-12 16:54:33 (6140454984729) STATS - 166.9, 0
2018-11-12 16:54:33 (6140454998729) STATS - 167.0, 0
2018-11-12 16:54:33 (6140455013230) STATS - 167.1, 0
2018-11-12 16:54:33 (6140455027130) STATS - 167.2, 0
2018-11-12 16:54:33 (6140455040831) STATS - 167.3, 0
2018-11-12 16:54:33 (6140455076932) STATS - 167.4, 0
2018-11-12 16:54:33 (6140455094832) STATS - 167.5, 0
2018-11-12 16:54:33 (6140455108733) STATS - 167.6, 0
2018-11-12 16:54:33 (6140455124133) STATS - 167.7, 0
2018-11-12 16:54:33 (6140455153634) STATS - 167.8, 0
2018-11-12 16:54:33 (6140455170434) STATS - 167.9, 0
2018-11-12 16:54:33 (6140455185035) STATS - 168.0, 0
2018-11-12 16:54:33 (6140455199035) STATS - 168.1, 0
2018-11-12 16:54:33 (6140455212735) STATS - 168.2, 0
2018-11-12 16:54:33 (6140455226036) STATS - 168.3, 0
2018-11-12 16:54:33 (6140455240936) STATS - 168.4, 0
2018-11-12 16:54:33 (6140455254637) STATS - 168.5, 0
2018-11-12 16:54:33 (6140455268237) STATS - 168.6, 0
2018-11-12 16:54:33 (6140455281337) STATS - 168.7, 0
2018-11-12 16:54:33 (6140455295638) STATS - 168.8, 0
2018-11-12 16:54:33 (6140455309538) STATS - 168.9, 0
2018-11-12 16:54:33 (6140455323338) STATS - 169.0, 0
2018-11-12 16:54:33 (6140455339239) STATS - 169.1, 0
2018-11-12 16:54:33 (6140455352939) STATS - 169.2, 0
2018-11-12 16:54:33 (6140455366340) STATS - 169.3, 0
2018-11-12 16:54:33 (6140455379940) STATS - 169.4, 0
2018-11-12 16:54:33 (6140455393140) STATS - 169.5, 0
2018-11-12 16:54:33 (6140455406341) STATS - 169.6, 0
2018-11-12 16:54:33 (6140455419541) STATS - 169.7, 0
2018-11-12 16:54:33 (6140455432841) STATS - 169.8, 0
2018-11-12 16:54:33 (6140455446042) STATS - 169.9, 0
2018-11-12 16:54:33 (6140462149927) STATS - 170.0, 0
2018-11-12 16:54:33 (6140462167828) STATS - 170.1, 0
2018-11-12 16:54:33 (6140462193128) STATS - 170.2, 0
2018-11-12 16:54:33 (6140462219029) STATS - 170.3, 0
2018-11-12 16:54:33 (6140462232829) STATS - 170.4, 0
2018-11-12 16:54:33 (6140462246530) STATS - 170.5, 0
2018-11-12 16:54:33 (6140462321032) STATS - 170.6, 0
2018-11-12 16:54:33 (6140462347533) STATS - 170.7, 0
2018-11-12 16:54:33 (6140462363133) STATS - 170.8, 0
2018-11-12 16:54:33 (6140462377033) STATS - 170.9, 0
2018-11-12 16:54:33 (6140462392134) STATS - 171.0, 0
2018-11-12 16:54:33 (6140462406434) STATS - 171.1, 0
2018-11-12 16:54:33 (6140462463436) STATS - 171.2, 0
2018-11-12 16:54:33 (6140462478436) STATS - 171.3, 0
2018-11-12 16:54:33 (6140462495337) STATS - 171.4, 0
2018-11-12 16:54:33 (6140462509237) STATS - 171.5, 0
2018-11-12 16:54:33 (6140462522837) STATS - 171.6, 0
2018-11-12 16:54:33 (6140462536438) STATS - 171.7, 0
2018-11-12 16:54:33 (6140462551738) STATS - 171.8, 0
2018-11-12 16:54:33 (6140462565439) STATS - 171.9, 0
2018-11-12 16:54:33 (6140462580539) STATS - 172.0, 0
2018-11-12 16:54:33 (6140462594839) STATS - 172.1, 0
2018-11-12 16:54:33 (6140462608740) STATS - 172.2, 0
2018-11-12 16:54:33 (6140462622340) STATS - 172.3, 0
2018-11-12 16:54:33 (6140462635941) STATS - 172.4, 0
2018-11-12 16:54:33 (6140462650841) STATS - 172.5, 0
2018-11-12 16:54:33 (6140462665341) STATS - 172.6, 0
2018-11-12 16:54:33 (6140462679042) STATS - 172.7, 0
2018-11-12 16:54:33 (6140462692542) STATS - 172.8, 0
2018-11-12 16:54:33 (6140462705743) STATS - 172.9, 0
2018-11-12 16:54:33 (6140462731843) STATS - 173.0, 0
2018-11-12 16:54:33 (6140462745444) STATS - 173.1, 0
2018-11-12 16:54:33 (6140462758544) STATS - 173.2, 0
2018-11-12 16:54:33 (6140462782245) STATS - 173.3, 0
2018-11-12 16:54:33 (6140462796645) STATS - 173.4, 0
2018-11-12 16:54:33 (6140462809345) STATS - 173.5, 0
2018-11-12 16:54:33 (6140462821546) STATS - 173.6, 0
2018-11-12 16:54:33 (6140462833746) STATS - 173.7, 0
2018-11-12 16:54:33 (6140462845646) STATS - 173.8, 0
2018-11-12 16:54:33 (6140462857747) STATS - 173.9, 0
2018-11-12 16:54:33 (6140462870147) STATS - 174.0, 0
2018-11-12 16:54:33 (6140462882747) STATS - 174.1, 0
2018-11-12 16:54:33 (6140462895348) STATS - 174.2, 1
2018-11-12 16:54:33 (6140462907748) STATS - 174.3, 0
2018-11-12 16:54:33 (6140462919948) STATS - 174.4, 0
2018-11-12 16:54:33 (6140462932449) STATS - 174.5, 0
2018-11-12 16:54:33 (6140462967750) STATS - 174.6, 0
2018-11-12 16:54:33 (6140462982350) STATS - 174.7, 0
2018-11-12 16:54:33 (6140462994851) STATS - 174.8, 1
2018-11-12 16:54:33 (6140463006951) STATS - 174.9, 0
2018-11-12 16:54:33 (6140463019551) STATS - 175.0, 0
2018-11-12 16:54:33 (6140463031952) STATS - 175.1, 0
2018-11-12 16:54:33 (6140463043852) STATS - 175.2, 0
2018-11-12 16:54:33 (6140463055952) STATS - 175.3, 0
2018-11-12 16:54:33 (6140463068053) STATS - 175.4, 0
2018-11-12 16:54:33 (6140463080053) STATS - 175.5, 0
2018-11-12 16:54:33 (6140463092153) STATS - 175.6, 0
2018-11-12 16:54:33 (6140463107554) STATS - 175.7, 0
2018-11-12 16:54:33 (6140463119954) STATS - 175.8, 0
2018-11-12 16:54:33 (6140463132054) STATS - 175.9, 0
2018-11-12 16:54:33 (6140463144355) STATS - 176.0, 0
2018-11-12 16:54:33 (6140463156755) STATS - 176.1, 1
2018-11-12 16:54:33 (6140463168655) STATS - 176.2, 0
2018-11-12 16:54:33 (6140463180756) STATS - 176.3, 0
2018-11-12 16:54:33 (6140463192856) STATS - 176.4, 0
2018-11-12 16:54:33 (6140463204956) STATS - 176.5, 0
2018-11-12 16:54:33 (6140463216957) STATS - 176.6, 0
2018-11-12 16:54:33 (6140463228957) STATS - 176.7, 0
2018-11-12 16:54:33 (6140463242357) STATS - 176.8, 1
2018-11-12 16:54:33 (6140463254358) STATS - 176.9, 0
2018-11-12 16:54:33 (6140463278358) STATS - 177.0, 0
2018-11-12 16:54:33 (6140463291459) STATS - 177.1, 0
2018-11-12 16:54:33 (6140463304259) STATS - 177.2, 0
2018-11-12 16:54:33 (6140463322260) STATS - 177.3, 0
2018-11-12 16:54:33 (6140463335560) STATS - 177.4, 0
2018-11-12 16:54:33 (6140463393762) STATS - 177.5, 0
2018-11-12 16:54:33 (6140463411462) STATS - 177.6, 0
2018-11-12 16:54:33 (6140463425162) STATS - 177.7, 0
2018-11-12 16:54:33 (6140463438263) STATS - 177.8, 0
2018-11-12 16:54:33 (6140463451263) STATS - 177.9, 0
2018-11-12 16:54:33 (6140463465364) STATS - 178.0, 0
2018-11-12 16:54:33 (6140463478664) STATS - 178.1, 0
2018-11-12 16:54:33 (6140463530565) STATS - 178.2, 0
2018-11-12 16:54:33 (6140463649769) STATS - 178.3, 0
2018-11-12 16:54:33 (6140463664969) STATS - 178.4, 0
2018-11-12 16:54:33 (6140463678869) STATS - 178.5, 0
2018-11-12 16:54:33 (6140463692670) STATS - 178.6, 0
2018-11-12 16:54:33 (6140463706570) STATS - 178.7, 0
2018-11-12 16:54:33 (6140463720271) STATS - 178.8, 0
2018-11-12 16:54:33 (6140463733871) STATS - 178.9, 0
2018-11-12 16:54:33 (6140463748771) STATS - 179.0, 0
2018-11-12 16:54:33 (6140463762572) STATS - 179.1, 0
2018-11-12 16:54:33 (6140463776272) STATS - 179.2, 0
2018-11-12 16:54:33 (6140463789672) STATS - 179.3, 0
2018-11-12 16:54:33 (6140463803373) STATS - 179.4, 0
2018-11-12 16:54:33 (6140463816873) STATS - 179.5, 0
2018-11-12 16:54:33 (6140463830274) STATS - 179.6, 0
2018-11-12 16:54:33 (6140463843674) STATS - 179.7, 0
2018-11-12 16:54:33 (6140463857174) STATS - 179.8, 0
2018-11-12 16:54:33 (6140463870575) STATS - 179.9, 0
2018-11-12 16:54:33 (6140463884775) STATS - 180.0, 0
2018-11-12 16:54:33 (6140463898576) STATS - 180.1, 0
2018-11-12 16:54:33 (6140463912376) STATS - 180.2, 0
2018-11-12 16:54:33 (6140463925776) STATS - 180.3, 0
2018-11-12 16:54:33 (6140463939477) STATS - 180.4, 0
2018-11-12 16:54:33 (6140463965377) STATS - 180.5, 0
2018-11-12 16:54:33 (6140464014079) STATS - 180.6, 0
2018-11-12 16:54:33 (6140464033079) STATS - 180.7, 0
2018-11-12 16:54:33 (6140464047480) STATS - 180.8, 0
2018-11-12 16:54:33 (6140464072580) STATS - 180.9, 0
2018-11-12 16:54:33 (6140464172783) STATS - 181.0, 0
2018-11-12 16:54:33 (6140464187383) STATS - 181.1, 0
2018-11-12 16:54:33 (6140464201084) STATS - 181.2, 0
2018-11-12 16:54:33 (6140464225585) STATS - 181.3, 0
2018-11-12 16:54:33 (6140464238785) STATS - 181.4, 0
2018-11-12 16:54:33 (6140464252085) STATS - 181.5, 0
2018-11-12 16:54:33 (6140464265186) STATS - 181.6, 0
2018-11-12 16:54:33 (6140464278286) STATS - 181.7, 0
2018-11-12 16:54:33 (6140464291486) STATS - 181.8, 0
2018-11-12 16:54:33 (6140464304487) STATS - 181.9, 0
2018-11-12 16:54:33 (6140464318087) STATS - 182.0, 0
2018-11-12 16:54:33 (6140464331787) STATS - 182.1, 0
2018-11-12 16:54:33 (6140464345088) STATS - 182.2, 0
2018-11-12 16:54:33 (6140464358188) STATS - 182.3, 0
2018-11-12 16:54:33 (6140464371389) STATS - 182.4, 0
2018-11-12 16:54:33 (6140464384489) STATS - 182.5, 0
2018-11-12 16:54:33 (6140464397689) STATS - 182.6, 0
2018-11-12 16:54:33 (6140464410790) STATS - 182.7, 0
2018-11-12 16:54:33 (6140464444991) STATS - 182.8, 1
2018-11-12 16:54:33 (6140464475891) INFO  - END: Middleware stopped.
