2018-11-12 16:31:35 (4763108331061) INFO  - START: Middleware listening on address 10.0.0.11:8888.
2018-11-12 16:33:00 (4847627306882) STATS -  5.00, 8146, 16, 2.814308, 4.229330, 7.227191, 7.227191, 0.000000, 0.000000, 40733, 0, 0, 0.00, 0.00, 0
2018-11-12 16:33:00 (4847982854489) STATS - 10.00, 9379, 12, 1.943162, 4.059621, 6.108169, 6.108169, 0.000000, 0.000000, 46899, 0, 0, 0.00, 0.00, 0
2018-11-12 16:33:00 (4848184172851) STATS - 15.00, 9308, 12, 1.902382, 3.854921, 5.924529, 5.924529, 0.000000, 0.000000, 46542, 0, 0, 0.00, 0.00, 0
2018-11-12 16:33:00 (4848367472271) STATS - 20.00, 9312, 12, 1.944099, 3.819183, 5.898528, 5.898528, 0.000000, 0.000000, 46560, 0, 0, 0.00, 0.00, 0
2018-11-12 16:33:01 (4848546835971) STATS - 25.00, 9293, 11, 1.836674, 3.891418, 5.855633, 5.855633, 0.000000, 0.000000, 46469, 0, 0, 0.00, 0.00, 0
2018-11-12 16:33:01 (4848694444715) STATS - 30.00, 9369, 12, 1.982003, 3.845802, 5.954915, 5.954915, 0.000000, 0.000000, 46849, 0, 0, 0.00, 0.00, 0
2018-11-12 16:33:01 (4848849412781) STATS - 35.00, 9390, 12, 1.936727, 3.959408, 6.036000, 6.036000, 0.000000, 0.000000, 46950, 0, 0, 0.00, 0.00, 0
2018-11-12 16:33:01 (4848984741855) STATS - 40.00, 9382, 12, 1.947006, 4.026003, 6.089783, 6.089783, 0.000000, 0.000000, 46914, 0, 0, 0.00, 0.00, 0
2018-11-12 16:33:01 (4849110604744) STATS - 45.00, 9389, 12, 1.934565, 4.152712, 6.184636, 6.184636, 0.000000, 0.000000, 46946, 0, 0, 0.00, 0.00, 0
2018-11-12 16:33:01 (4849225047490) STATS - 50.00, 9320, 11, 1.935047, 4.213521, 6.286259, 6.286259, 0.000000, 0.000000, 46601, 0, 0, 0.00, 0.00, 0
2018-11-12 16:33:01 (4849314035669) STATS - 55.00, 9271, 11, 1.927255, 4.277205, 6.376420, 6.376420, 0.000000, 0.000000, 46358, 0, 0, 0.00, 0.00, 0
2018-11-12 16:33:02 (4849401847113) STATS - 60.00, 9352, 12, 2.073454, 3.992977, 6.238597, 6.238597, 0.000000, 0.000000, 46763, 0, 0, 0.00, 0.00, 0
2018-11-12 16:33:02 (4849472050426) STATS - 65.00, 9250, 12, 2.014645, 4.141279, 6.278210, 6.278210, 0.000000, 0.000000, 46251, 0, 0, 0.00, 0.00, 0
2018-11-12 16:33:02 (4849530374982) STATS - 70.00, 9298, 12, 2.086544, 4.227273, 6.458554, 6.458554, 0.000000, 0.000000, 46493, 0, 0, 0.00, 0.00, 0
2018-11-12 16:33:02 (4849539943470) STATS - 70.00, 97, 3, 0.475874, 2.157266, 2.679573, 2.679573, 0.000000, 0.000000, 485, 0, 0, 0.00, 0.00, 0
2018-11-12 16:33:02 (4850108392081) STATS - Interval, Responses
2018-11-12 16:33:02 (4850108777393) STATS - 0.1, 0
2018-11-12 16:33:02 (4850108960099) STATS - 0.2, 0
2018-11-12 16:33:02 (4850109179005) STATS - 0.3, 1
2018-11-12 16:33:02 (4850109350510) STATS - 0.4, 99
2018-11-12 16:33:02 (4850116535327) STATS - 0.5, 565
2018-11-12 16:33:02 (4850116740933) STATS - 0.6, 1295
2018-11-12 16:33:02 (4850116903838) STATS - 0.7, 1863
2018-11-12 16:33:02 (4850117075143) STATS - 0.8, 2249
2018-11-12 16:33:02 (4850117268149) STATS - 0.9, 2441
2018-11-12 16:33:02 (4850117442454) STATS - 1.0, 2597
2018-11-12 16:33:02 (4850117603059) STATS - 1.1, 2876
2018-11-12 16:33:02 (4850117798465) STATS - 1.2, 3146
2018-11-12 16:33:02 (4850117982170) STATS - 1.3, 3323
2018-11-12 16:33:02 (4850118196177) STATS - 1.4, 3623
2018-11-12 16:33:02 (4850118380782) STATS - 1.5, 3688
2018-11-12 16:33:02 (4850118588488) STATS - 1.6, 3852
2018-11-12 16:33:02 (4850118752693) STATS - 1.7, 4015
2018-11-12 16:33:02 (4850118919698) STATS - 1.8, 4197
2018-11-12 16:33:02 (4850119105104) STATS - 1.9, 4267
2018-11-12 16:33:02 (4850119282009) STATS - 2.0, 4320
2018-11-12 16:33:02 (4850126424424) STATS - 2.1, 4285
2018-11-12 16:33:02 (4850126592929) STATS - 2.2, 4324
2018-11-12 16:33:02 (4850126759734) STATS - 2.3, 4438
2018-11-12 16:33:02 (4850126928939) STATS - 2.4, 4545
2018-11-12 16:33:02 (4850127392753) STATS - 2.5, 4560
2018-11-12 16:33:02 (4850127614860) STATS - 2.6, 4808
2018-11-12 16:33:02 (4850127825966) STATS - 2.7, 4867
2018-11-12 16:33:02 (4850128045873) STATS - 2.8, 4905
2018-11-12 16:33:02 (4850128208178) STATS - 2.9, 5091
2018-11-12 16:33:02 (4850128355182) STATS - 3.0, 5254
2018-11-12 16:33:02 (4850128512187) STATS - 3.1, 5312
2018-11-12 16:33:02 (4850128740194) STATS - 3.2, 5705
2018-11-12 16:33:02 (4850128923699) STATS - 3.3, 5873
2018-11-12 16:33:02 (4850136224819) STATS - 3.4, 6265
2018-11-12 16:33:02 (4850136437026) STATS - 3.5, 6295
2018-11-12 16:33:02 (4850136600931) STATS - 3.6, 6448
2018-11-12 16:33:02 (4850136771936) STATS - 3.7, 6587
2018-11-12 16:33:02 (4850137013043) STATS - 3.8, 6796
2018-11-12 16:33:02 (4850137185648) STATS - 3.9, 6926
2018-11-12 16:33:02 (4850137340353) STATS - 4.0, 7120
2018-11-12 16:33:02 (4850137524458) STATS - 4.1, 7351
2018-11-12 16:33:02 (4850137676563) STATS - 4.2, 7468
2018-11-12 16:33:02 (4850137825567) STATS - 4.3, 7656
2018-11-12 16:33:02 (4850137999373) STATS - 4.4, 7646
2018-11-12 16:33:02 (4850138207579) STATS - 4.5, 7826
2018-11-12 16:33:02 (4850138383584) STATS - 4.6, 7847
2018-11-12 16:33:02 (4850138569790) STATS - 4.7, 7966
2018-11-12 16:33:02 (4850138760196) STATS - 4.8, 8092
2018-11-12 16:33:02 (4850138916700) STATS - 4.9, 8284
2018-11-12 16:33:02 (4850148417986) STATS - 5.0, 8243
2018-11-12 16:33:02 (4850148561891) STATS - 5.1, 8436
2018-11-12 16:33:02 (4850148700395) STATS - 5.2, 8426
2018-11-12 16:33:02 (4850148821998) STATS - 5.3, 8233
2018-11-12 16:33:02 (4850148941302) STATS - 5.4, 8273
2018-11-12 16:33:02 (4850149376715) STATS - 5.5, 8152
2018-11-12 16:33:02 (4850149500519) STATS - 5.6, 8134
2018-11-12 16:33:02 (4850149617322) STATS - 5.7, 8387
2018-11-12 16:33:02 (4850149890931) STATS - 5.8, 8422
2018-11-12 16:33:02 (4850150015534) STATS - 5.9, 8569
2018-11-12 16:33:02 (4850150132438) STATS - 6.0, 8552
2018-11-12 16:33:02 (4850150329544) STATS - 6.1, 8672
2018-11-12 16:33:02 (4850150536650) STATS - 6.2, 8762
2018-11-12 16:33:02 (4850150655354) STATS - 6.3, 8685
2018-11-12 16:33:02 (4850150789658) STATS - 6.4, 8658
2018-11-12 16:33:02 (4850150942462) STATS - 6.5, 8869
2018-11-12 16:33:02 (4850151085167) STATS - 6.6, 9091
2018-11-12 16:33:02 (4850151200570) STATS - 6.7, 9114
2018-11-12 16:33:02 (4850151446577) STATS - 6.8, 9084
2018-11-12 16:33:02 (4850157865671) STATS - 6.9, 8840
2018-11-12 16:33:02 (4850158017175) STATS - 7.0, 9009
2018-11-12 16:33:02 (4850158180480) STATS - 7.1, 8848
2018-11-12 16:33:02 (4850158290783) STATS - 7.2, 8940
2018-11-12 16:33:02 (4850158430388) STATS - 7.3, 8740
2018-11-12 16:33:02 (4850158547591) STATS - 7.4, 8811
2018-11-12 16:33:02 (4850158684495) STATS - 7.5, 8785
2018-11-12 16:33:02 (4850158814499) STATS - 7.6, 8716
2018-11-12 16:33:02 (4850158947103) STATS - 7.7, 8793
2018-11-12 16:33:02 (4850159059507) STATS - 7.8, 8574
2018-11-12 16:33:02 (4850159167910) STATS - 7.9, 8587
2018-11-12 16:33:02 (4850159275113) STATS - 8.0, 8362
2018-11-12 16:33:02 (4850159408217) STATS - 8.1, 8417
2018-11-12 16:33:02 (4850159527421) STATS - 8.2, 8184
2018-11-12 16:33:02 (4850159637824) STATS - 8.3, 8070
2018-11-12 16:33:02 (4850159767228) STATS - 8.4, 7556
2018-11-12 16:33:02 (4850159878731) STATS - 8.5, 7303
2018-11-12 16:33:02 (4850159983634) STATS - 8.6, 6938
2018-11-12 16:33:02 (4850160157340) STATS - 8.7, 6589
2018-11-12 16:33:02 (4850160267643) STATS - 8.8, 6288
2018-11-12 16:33:02 (4850160377646) STATS - 8.9, 5852
2018-11-12 16:33:02 (4850160489450) STATS - 9.0, 5496
2018-11-12 16:33:02 (4850167423358) STATS - 9.1, 4831
2018-11-12 16:33:02 (4850167642665) STATS - 9.2, 4476
2018-11-12 16:33:02 (4850167834471) STATS - 9.3, 4104
2018-11-12 16:33:02 (4850167947374) STATS - 9.4, 3884
2018-11-12 16:33:02 (4850168073778) STATS - 9.5, 3375
2018-11-12 16:33:02 (4850168203482) STATS - 9.6, 3229
2018-11-12 16:33:02 (4850168303485) STATS - 9.7, 2933
2018-11-12 16:33:02 (4850168485690) STATS - 9.8, 2568
2018-11-12 16:33:02 (4850168596194) STATS - 9.9, 2371
2018-11-12 16:33:02 (4850168713297) STATS - 10.0, 2112
2018-11-12 16:33:02 (4850168847501) STATS - 10.1, 1856
2018-11-12 16:33:02 (4850168953004) STATS - 10.2, 1777
2018-11-12 16:33:02 (4850169056808) STATS - 10.3, 1552
2018-11-12 16:33:02 (4850169166511) STATS - 10.4, 1465
2018-11-12 16:33:02 (4850169271214) STATS - 10.5, 1377
2018-11-12 16:33:02 (4850169401418) STATS - 10.6, 1303
2018-11-12 16:33:02 (4850169563023) STATS - 10.7, 1305
2018-11-12 16:33:02 (4850169711327) STATS - 10.8, 1236
2018-11-12 16:33:02 (4850169908333) STATS - 10.9, 1170
2018-11-12 16:33:02 (4850170152941) STATS - 11.0, 1032
2018-11-12 16:33:02 (4850177186752) STATS - 11.1, 1091
2018-11-12 16:33:02 (4850177329257) STATS - 11.2, 1019
2018-11-12 16:33:02 (4850177444660) STATS - 11.3, 932
2018-11-12 16:33:02 (4850177546263) STATS - 11.4, 941
2018-11-12 16:33:02 (4850177646366) STATS - 11.5, 890
2018-11-12 16:33:02 (4850177789170) STATS - 11.6, 832
2018-11-12 16:33:02 (4850177900274) STATS - 11.7, 831
2018-11-12 16:33:02 (4850178019277) STATS - 11.8, 804
2018-11-12 16:33:02 (4850178132481) STATS - 11.9, 780
2018-11-12 16:33:02 (4850178244484) STATS - 12.0, 790
2018-11-12 16:33:02 (4850178334387) STATS - 12.1, 703
2018-11-12 16:33:02 (4850178424390) STATS - 12.2, 641
2018-11-12 16:33:02 (4850178529193) STATS - 12.3, 689
2018-11-12 16:33:02 (4850178625896) STATS - 12.4, 670
2018-11-12 16:33:02 (4850178746699) STATS - 12.5, 622
2018-11-12 16:33:02 (4850178848002) STATS - 12.6, 622
2018-11-12 16:33:02 (4850178963806) STATS - 12.7, 621
2018-11-12 16:33:02 (4850179058009) STATS - 12.8, 610
2018-11-12 16:33:02 (4850179155512) STATS - 12.9, 607
2018-11-12 16:33:02 (4850179243014) STATS - 13.0, 560
2018-11-12 16:33:02 (4850179331317) STATS - 13.1, 608
2018-11-12 16:33:02 (4850179452720) STATS - 13.2, 596
2018-11-12 16:33:02 (4850179575024) STATS - 13.3, 551
2018-11-12 16:33:02 (4850179673527) STATS - 13.4, 542
2018-11-12 16:33:02 (4850179782430) STATS - 13.5, 517
2018-11-12 16:33:02 (4850186618836) STATS - 13.6, 527
2018-11-12 16:33:02 (4850186721839) STATS - 13.7, 488
2018-11-12 16:33:02 (4850186843243) STATS - 13.8, 476
2018-11-12 16:33:02 (4850186940946) STATS - 13.9, 417
2018-11-12 16:33:02 (4850187106651) STATS - 14.0, 419
2018-11-12 16:33:02 (4850187194254) STATS - 14.1, 381
2018-11-12 16:33:02 (4850187281056) STATS - 14.2, 377
2018-11-12 16:33:02 (4850187366659) STATS - 14.3, 381
2018-11-12 16:33:02 (4850187452361) STATS - 14.4, 346
2018-11-12 16:33:02 (4850187589065) STATS - 14.5, 372
2018-11-12 16:33:02 (4850187711269) STATS - 14.6, 331
2018-11-12 16:33:02 (4850187809272) STATS - 14.7, 309
2018-11-12 16:33:02 (4850187928576) STATS - 14.8, 276
2018-11-12 16:33:02 (4850188043779) STATS - 14.9, 306
2018-11-12 16:33:02 (4850188142382) STATS - 15.0, 258
2018-11-12 16:33:02 (4850188238985) STATS - 15.1, 231
2018-11-12 16:33:02 (4850188348888) STATS - 15.2, 228
2018-11-12 16:33:02 (4850188444391) STATS - 15.3, 239
2018-11-12 16:33:02 (4850188556295) STATS - 15.4, 212
2018-11-12 16:33:02 (4850188862404) STATS - 15.5, 219
2018-11-12 16:33:02 (4850188973207) STATS - 15.6, 177
2018-11-12 16:33:02 (4850189078910) STATS - 15.7, 172
2018-11-12 16:33:02 (4850189181313) STATS - 15.8, 176
2018-11-12 16:33:02 (4850189302117) STATS - 15.9, 188
2018-11-12 16:33:02 (4850196321328) STATS - 16.0, 195
2018-11-12 16:33:02 (4850196470533) STATS - 16.1, 191
2018-11-12 16:33:02 (4850196570336) STATS - 16.2, 191
2018-11-12 16:33:02 (4850196673339) STATS - 16.3, 162
2018-11-12 16:33:02 (4850196893646) STATS - 16.4, 153
2018-11-12 16:33:02 (4850196986548) STATS - 16.5, 156
2018-11-12 16:33:02 (4850197076851) STATS - 16.6, 154
2018-11-12 16:33:02 (4850197178654) STATS - 16.7, 132
2018-11-12 16:33:02 (4850197325959) STATS - 16.8, 128
2018-11-12 16:33:02 (4850197434262) STATS - 16.9, 120
2018-11-12 16:33:02 (4850197531365) STATS - 17.0, 131
2018-11-12 16:33:02 (4850197625668) STATS - 17.1, 112
2018-11-12 16:33:02 (4850197720170) STATS - 17.2, 123
2018-11-12 16:33:02 (4850197854874) STATS - 17.3, 110
2018-11-12 16:33:02 (4850197940777) STATS - 17.4, 123
2018-11-12 16:33:02 (4850198031080) STATS - 17.5, 128
2018-11-12 16:33:02 (4850198123783) STATS - 17.6, 89
2018-11-12 16:33:02 (4850198210485) STATS - 17.7, 122
2018-11-12 16:33:02 (4850198296788) STATS - 17.8, 113
2018-11-12 16:33:02 (4850198396391) STATS - 17.9, 108
2018-11-12 16:33:02 (4850198490694) STATS - 18.0, 103
2018-11-12 16:33:02 (4850198580896) STATS - 18.1, 90
2018-11-12 16:33:02 (4850198742801) STATS - 18.2, 84
2018-11-12 16:33:02 (4850198876505) STATS - 18.3, 88
2018-11-12 16:33:02 (4850198977508) STATS - 18.4, 96
2018-11-12 16:33:02 (4850205872116) STATS - 18.5, 70
2018-11-12 16:33:02 (4850205981019) STATS - 18.6, 78
2018-11-12 16:33:02 (4850206085422) STATS - 18.7, 81
2018-11-12 16:33:02 (4850206329530) STATS - 18.8, 65
2018-11-12 16:33:02 (4850206497235) STATS - 18.9, 77
2018-11-12 16:33:02 (4850206601338) STATS - 19.0, 56
2018-11-12 16:33:02 (4850206734042) STATS - 19.1, 71
2018-11-12 16:33:02 (4850206851945) STATS - 19.2, 52
2018-11-12 16:33:02 (4850206942448) STATS - 19.3, 48
2018-11-12 16:33:02 (4850207045851) STATS - 19.4, 45
2018-11-12 16:33:02 (4850207160255) STATS - 19.5, 42
2018-11-12 16:33:02 (4850207252757) STATS - 19.6, 49
2018-11-12 16:33:02 (4850207356660) STATS - 19.7, 26
2018-11-12 16:33:02 (4850207718071) STATS - 19.8, 25
2018-11-12 16:33:02 (4850207830375) STATS - 19.9, 35
2018-11-12 16:33:02 (4850207957879) STATS - 20.0, 42
2018-11-12 16:33:02 (4850208200286) STATS - 20.1, 41
2018-11-12 16:33:02 (4850208309789) STATS - 20.2, 34
2018-11-12 16:33:02 (4850208402392) STATS - 20.3, 20
2018-11-12 16:33:02 (4850208502495) STATS - 20.4, 27
2018-11-12 16:33:02 (4850208594398) STATS - 20.5, 28
2018-11-12 16:33:02 (4850208685700) STATS - 20.6, 26
2018-11-12 16:33:02 (4850208783803) STATS - 20.7, 13
2018-11-12 16:33:02 (4850215410503) STATS - 20.8, 24
2018-11-12 16:33:02 (4850215516406) STATS - 20.9, 16
2018-11-12 16:33:02 (4850215595708) STATS - 21.0, 28
2018-11-12 16:33:02 (4850215675711) STATS - 21.1, 26
2018-11-12 16:33:02 (4850215760113) STATS - 21.2, 21
2018-11-12 16:33:02 (4850215842416) STATS - 21.3, 11
2018-11-12 16:33:02 (4850215922618) STATS - 21.4, 15
2018-11-12 16:33:02 (4850216058022) STATS - 21.5, 19
2018-11-12 16:33:02 (4850216172526) STATS - 21.6, 21
2018-11-12 16:33:02 (4850216450134) STATS - 21.7, 23
2018-11-12 16:33:02 (4850216560938) STATS - 21.8, 14
2018-11-12 16:33:02 (4850216652640) STATS - 21.9, 15
2018-11-12 16:33:02 (4850216739943) STATS - 22.0, 8
2018-11-12 16:33:02 (4850216829546) STATS - 22.1, 5
2018-11-12 16:33:02 (4850216919548) STATS - 22.2, 9
2018-11-12 16:33:02 (4850217009051) STATS - 22.3, 12
2018-11-12 16:33:02 (4850217099854) STATS - 22.4, 11
2018-11-12 16:33:02 (4850217193057) STATS - 22.5, 11
2018-11-12 16:33:02 (4850217304860) STATS - 22.6, 6
2018-11-12 16:33:02 (4850217398163) STATS - 22.7, 7
2018-11-12 16:33:02 (4850217482665) STATS - 22.8, 10
2018-11-12 16:33:02 (4850217563068) STATS - 22.9, 4
2018-11-12 16:33:02 (4850217640270) STATS - 23.0, 7
2018-11-12 16:33:02 (4850217718672) STATS - 23.1, 8
2018-11-12 16:33:02 (4850217834476) STATS - 23.2, 15
2018-11-12 16:33:02 (4850217916078) STATS - 23.3, 21
2018-11-12 16:33:02 (4850218003481) STATS - 23.4, 8
2018-11-12 16:33:02 (4850218084083) STATS - 23.5, 13
2018-11-12 16:33:02 (4850224981491) STATS - 23.6, 13
2018-11-12 16:33:02 (4850225236099) STATS - 23.7, 19
2018-11-12 16:33:02 (4850225362402) STATS - 23.8, 17
2018-11-12 16:33:02 (4850225485606) STATS - 23.9, 17
2018-11-12 16:33:02 (4850225642811) STATS - 24.0, 8
2018-11-12 16:33:02 (4850225785115) STATS - 24.1, 10
2018-11-12 16:33:02 (4850225876018) STATS - 24.2, 15
2018-11-12 16:33:02 (4850225965621) STATS - 24.3, 20
2018-11-12 16:33:02 (4850226067824) STATS - 24.4, 11
2018-11-12 16:33:02 (4850226180327) STATS - 24.5, 8
2018-11-12 16:33:02 (4850226282530) STATS - 24.6, 16
2018-11-12 16:33:02 (4850226372733) STATS - 24.7, 5
2018-11-12 16:33:02 (4850226468036) STATS - 24.8, 9
2018-11-12 16:33:02 (4850226588639) STATS - 24.9, 13
2018-11-12 16:33:02 (4850226670342) STATS - 25.0, 11
2018-11-12 16:33:02 (4850226749844) STATS - 25.1, 11
2018-11-12 16:33:02 (4850226830747) STATS - 25.2, 11
2018-11-12 16:33:02 (4850226911049) STATS - 25.3, 9
2018-11-12 16:33:02 (4850226994752) STATS - 25.4, 6
2018-11-12 16:33:02 (4850227080254) STATS - 25.5, 2
2018-11-12 16:33:02 (4850227163157) STATS - 25.6, 5
2018-11-12 16:33:02 (4850227245159) STATS - 25.7, 3
2018-11-12 16:33:02 (4850227325462) STATS - 25.8, 1
2018-11-12 16:33:02 (4850227405064) STATS - 25.9, 4
2018-11-12 16:33:02 (4850227485166) STATS - 26.0, 2
2018-11-12 16:33:02 (4850227563969) STATS - 26.1, 2
2018-11-12 16:33:02 (4850227644871) STATS - 26.2, 3
2018-11-12 16:33:02 (4850234563279) STATS - 26.3, 4
2018-11-12 16:33:02 (4850234707384) STATS - 26.4, 1
2018-11-12 16:33:02 (4850234796686) STATS - 26.5, 1
2018-11-12 16:33:02 (4850234871089) STATS - 26.6, 0
2018-11-12 16:33:02 (4850234944591) STATS - 26.7, 0
2018-11-12 16:33:02 (4850235031794) STATS - 26.8, 7
2018-11-12 16:33:02 (4850235107796) STATS - 26.9, 8
2018-11-12 16:33:02 (4850235185798) STATS - 27.0, 7
2018-11-12 16:33:02 (4850235270101) STATS - 27.1, 10
2018-11-12 16:33:02 (4850235343203) STATS - 27.2, 10
2018-11-12 16:33:02 (4850235416205) STATS - 27.3, 8
2018-11-12 16:33:02 (4850235489907) STATS - 27.4, 8
2018-11-12 16:33:02 (4850235562410) STATS - 27.5, 16
2018-11-12 16:33:02 (4850235634012) STATS - 27.6, 8
2018-11-12 16:33:02 (4850235721814) STATS - 27.7, 10
2018-11-12 16:33:02 (4850235798217) STATS - 27.8, 13
2018-11-12 16:33:02 (4850235881119) STATS - 27.9, 14
2018-11-12 16:33:02 (4850235963322) STATS - 28.0, 13
2018-11-12 16:33:02 (4850236048824) STATS - 28.1, 10
2018-11-12 16:33:02 (4850236151227) STATS - 28.2, 10
2018-11-12 16:33:02 (4850236288631) STATS - 28.3, 8
2018-11-12 16:33:02 (4850236372834) STATS - 28.4, 5
2018-11-12 16:33:02 (4850236454936) STATS - 28.5, 7
2018-11-12 16:33:02 (4850236547639) STATS - 28.6, 5
2018-11-12 16:33:02 (4850236660943) STATS - 28.7, 3
2018-11-12 16:33:02 (4850236760146) STATS - 28.8, 0
2018-11-12 16:33:02 (4850236862449) STATS - 28.9, 6
2018-11-12 16:33:02 (4850236943351) STATS - 29.0, 5
2018-11-12 16:33:02 (4850237027154) STATS - 29.1, 13
2018-11-12 16:33:02 (4850237111756) STATS - 29.2, 6
2018-11-12 16:33:02 (4850237219859) STATS - 29.3, 3
2018-11-12 16:33:02 (4850237294062) STATS - 29.4, 5
2018-11-12 16:33:02 (4850237369164) STATS - 29.5, 1
2018-11-12 16:33:02 (4850244391475) STATS - 29.6, 7
2018-11-12 16:33:02 (4850244501279) STATS - 29.7, 7
2018-11-12 16:33:02 (4850244613982) STATS - 29.8, 12
2018-11-12 16:33:02 (4850244686884) STATS - 29.9, 12
2018-11-12 16:33:02 (4850244759086) STATS - 30.0, 4
2018-11-12 16:33:02 (4850244840689) STATS - 30.1, 4
2018-11-12 16:33:02 (4850244936992) STATS - 30.2, 4
2018-11-12 16:33:02 (4850245059395) STATS - 30.3, 5
2018-11-12 16:33:02 (4850245147998) STATS - 30.4, 6
2018-11-12 16:33:02 (4850245229701) STATS - 30.5, 14
2018-11-12 16:33:02 (4850245307403) STATS - 30.6, 6
2018-11-12 16:33:02 (4850245398106) STATS - 30.7, 4
2018-11-12 16:33:02 (4850245496909) STATS - 30.8, 5
2018-11-12 16:33:02 (4850245568411) STATS - 30.9, 11
2018-11-12 16:33:02 (4850245635713) STATS - 31.0, 13
2018-11-12 16:33:02 (4850245705315) STATS - 31.1, 15
2018-11-12 16:33:02 (4850245776317) STATS - 31.2, 3
2018-11-12 16:33:02 (4850245847219) STATS - 31.3, 4
2018-11-12 16:33:02 (4850245917421) STATS - 31.4, 2
2018-11-12 16:33:02 (4850246014724) STATS - 31.5, 4
2018-11-12 16:33:02 (4850246094527) STATS - 31.6, 6
2018-11-12 16:33:02 (4850246173129) STATS - 31.7, 5
2018-11-12 16:33:02 (4850246256131) STATS - 31.8, 12
2018-11-12 16:33:02 (4850246373235) STATS - 31.9, 15
2018-11-12 16:33:02 (4850246452037) STATS - 32.0, 5
2018-11-12 16:33:02 (4850246531940) STATS - 32.1, 3
2018-11-12 16:33:02 (4850246610942) STATS - 32.2, 5
2018-11-12 16:33:02 (4850246692045) STATS - 32.3, 5
2018-11-12 16:33:02 (4850246770447) STATS - 32.4, 15
2018-11-12 16:33:02 (4850246880850) STATS - 32.5, 12
2018-11-12 16:33:02 (4850247014454) STATS - 32.6, 10
2018-11-12 16:33:02 (4850253902762) STATS - 32.7, 11
2018-11-12 16:33:02 (4850254002465) STATS - 32.8, 5
2018-11-12 16:33:02 (4850254073867) STATS - 32.9, 10
2018-11-12 16:33:02 (4850254140069) STATS - 33.0, 9
2018-11-12 16:33:02 (4850254205871) STATS - 33.1, 11
2018-11-12 16:33:02 (4850254272773) STATS - 33.2, 19
2018-11-12 16:33:02 (4850254338775) STATS - 33.3, 13
2018-11-12 16:33:02 (4850254405277) STATS - 33.4, 6
2018-11-12 16:33:02 (4850254474479) STATS - 33.5, 17
2018-11-12 16:33:02 (4850254541081) STATS - 33.6, 13
2018-11-12 16:33:02 (4850254608183) STATS - 33.7, 8
2018-11-12 16:33:02 (4850254673685) STATS - 33.8, 17
2018-11-12 16:33:02 (4850254768088) STATS - 33.9, 6
2018-11-12 16:33:02 (4850254856390) STATS - 34.0, 7
2018-11-12 16:33:02 (4850254923892) STATS - 34.1, 8
2018-11-12 16:33:02 (4850255084097) STATS - 34.2, 11
2018-11-12 16:33:02 (4850255165200) STATS - 34.3, 14
2018-11-12 16:33:02 (4850255238202) STATS - 34.4, 7
2018-11-12 16:33:02 (4850255309904) STATS - 34.5, 17
2018-11-12 16:33:02 (4850255402707) STATS - 34.6, 9
2018-11-12 16:33:02 (4850255468609) STATS - 34.7, 7
2018-11-12 16:33:02 (4850255549211) STATS - 34.8, 8
2018-11-12 16:33:02 (4850255618913) STATS - 34.9, 10
2018-11-12 16:33:02 (4850255698916) STATS - 35.0, 10
2018-11-12 16:33:02 (4850255768918) STATS - 35.1, 8
2018-11-12 16:33:02 (4850255865721) STATS - 35.2, 8
2018-11-12 16:33:02 (4850255937723) STATS - 35.3, 12
2018-11-12 16:33:02 (4850256035526) STATS - 35.4, 7
2018-11-12 16:33:02 (4850256122528) STATS - 35.5, 11
2018-11-12 16:33:02 (4850256191130) STATS - 35.6, 17
2018-11-12 16:33:02 (4850256258933) STATS - 35.7, 18
2018-11-12 16:33:02 (4850256326035) STATS - 35.8, 8
2018-11-12 16:33:02 (4850256392537) STATS - 35.9, 13
2018-11-12 16:33:02 (4850256459439) STATS - 36.0, 22
2018-11-12 16:33:02 (4850256525441) STATS - 36.1, 17
2018-11-12 16:33:02 (4850256658445) STATS - 36.2, 17
2018-11-12 16:33:02 (4850263546252) STATS - 36.3, 16
2018-11-12 16:33:02 (4850263653755) STATS - 36.4, 13
2018-11-12 16:33:02 (4850263750758) STATS - 36.5, 17
2018-11-12 16:33:02 (4850263843061) STATS - 36.6, 16
2018-11-12 16:33:02 (4850263932164) STATS - 36.7, 19
2018-11-12 16:33:02 (4850264065168) STATS - 36.8, 17
2018-11-12 16:33:02 (4850264145470) STATS - 36.9, 18
2018-11-12 16:33:02 (4850264201372) STATS - 37.0, 13
2018-11-12 16:33:02 (4850264258273) STATS - 37.1, 22
2018-11-12 16:33:02 (4850264316375) STATS - 37.2, 10
2018-11-12 16:33:02 (4850264373377) STATS - 37.3, 8
2018-11-12 16:33:02 (4850264429978) STATS - 37.4, 7
2018-11-12 16:33:02 (4850264486480) STATS - 37.5, 10
2018-11-12 16:33:02 (4850264554582) STATS - 37.6, 15
2018-11-12 16:33:02 (4850264614484) STATS - 37.7, 4
2018-11-12 16:33:02 (4850264671586) STATS - 37.8, 5
2018-11-12 16:33:02 (4850264728587) STATS - 37.9, 10
2018-11-12 16:33:02 (4850264783389) STATS - 38.0, 8
2018-11-12 16:33:02 (4850264839791) STATS - 38.1, 12
2018-11-12 16:33:02 (4850264897193) STATS - 38.2, 15
2018-11-12 16:33:02 (4850264957194) STATS - 38.3, 8
2018-11-12 16:33:02 (4850265017696) STATS - 38.4, 15
2018-11-12 16:33:02 (4850265076298) STATS - 38.5, 10
2018-11-12 16:33:02 (4850265136500) STATS - 38.6, 13
2018-11-12 16:33:02 (4850265196402) STATS - 38.7, 19
2018-11-12 16:33:02 (4850265266504) STATS - 38.8, 11
2018-11-12 16:33:02 (4850265327105) STATS - 38.9, 11
2018-11-12 16:33:02 (4850265384807) STATS - 39.0, 11
2018-11-12 16:33:02 (4850265453509) STATS - 39.1, 12
2018-11-12 16:33:02 (4850265510311) STATS - 39.2, 9
2018-11-12 16:33:02 (4850265567513) STATS - 39.3, 6
2018-11-12 16:33:02 (4850265624114) STATS - 39.4, 5
2018-11-12 16:33:02 (4850265680616) STATS - 39.5, 3
2018-11-12 16:33:02 (4850265737218) STATS - 39.6, 3
2018-11-12 16:33:02 (4850265793420) STATS - 39.7, 3
2018-11-12 16:33:02 (4850265849921) STATS - 39.8, 6
2018-11-12 16:33:02 (4850265907023) STATS - 39.9, 1
2018-11-12 16:33:02 (4850265961825) STATS - 40.0, 8
2018-11-12 16:33:02 (4850266020826) STATS - 40.1, 7
2018-11-12 16:33:02 (4850266079928) STATS - 40.2, 8
2018-11-12 16:33:02 (4850266139130) STATS - 40.3, 6
2018-11-12 16:33:02 (4850272929634) STATS - 40.4, 8
2018-11-12 16:33:02 (4850273064938) STATS - 40.5, 7
2018-11-12 16:33:02 (4850273123740) STATS - 40.6, 6
2018-11-12 16:33:02 (4850273176242) STATS - 40.7, 5
2018-11-12 16:33:02 (4850273227243) STATS - 40.8, 11
2018-11-12 16:33:02 (4850273279145) STATS - 40.9, 8
2018-11-12 16:33:02 (4850273327946) STATS - 41.0, 6
2018-11-12 16:33:02 (4850273377948) STATS - 41.1, 9
2018-11-12 16:33:02 (4850273427549) STATS - 41.2, 10
2018-11-12 16:33:02 (4850273477851) STATS - 41.3, 10
2018-11-12 16:33:02 (4850273528052) STATS - 41.4, 10
2018-11-12 16:33:02 (4850273577654) STATS - 41.5, 15
2018-11-12 16:33:02 (4850273631455) STATS - 41.6, 16
2018-11-12 16:33:02 (4850273709658) STATS - 41.7, 7
2018-11-12 16:33:02 (4850273779860) STATS - 41.8, 4
2018-11-12 16:33:02 (4850273897563) STATS - 41.9, 8
2018-11-12 16:33:02 (4850273957265) STATS - 42.0, 7
2018-11-12 16:33:02 (4850274011867) STATS - 42.1, 6
2018-11-12 16:33:02 (4850274065569) STATS - 42.2, 2
2018-11-12 16:33:02 (4850274178372) STATS - 42.3, 6
2018-11-12 16:33:02 (4850274249074) STATS - 42.4, 11
2018-11-12 16:33:02 (4850274303676) STATS - 42.5, 12
2018-11-12 16:33:02 (4850274357477) STATS - 42.6, 9
2018-11-12 16:33:02 (4850274410179) STATS - 42.7, 8
2018-11-12 16:33:02 (4850274463781) STATS - 42.8, 2
2018-11-12 16:33:02 (4850274609685) STATS - 42.9, 5
2018-11-12 16:33:02 (4850274680687) STATS - 43.0, 6
2018-11-12 16:33:02 (4850274736489) STATS - 43.1, 5
2018-11-12 16:33:02 (4850274799691) STATS - 43.2, 5
2018-11-12 16:33:02 (4850274856292) STATS - 43.3, 4
2018-11-12 16:33:02 (4850274941595) STATS - 43.4, 8
2018-11-12 16:33:02 (4850274990696) STATS - 43.5, 12
2018-11-12 16:33:02 (4850275116300) STATS - 43.6, 15
2018-11-12 16:33:02 (4850275173302) STATS - 43.7, 21
2018-11-12 16:33:02 (4850275225803) STATS - 43.8, 8
2018-11-12 16:33:02 (4850275276805) STATS - 43.9, 7
2018-11-12 16:33:02 (4850275324606) STATS - 44.0, 2
2018-11-12 16:33:02 (4850275374208) STATS - 44.1, 7
2018-11-12 16:33:02 (4850275424809) STATS - 44.2, 0
2018-11-12 16:33:02 (4850275475211) STATS - 44.3, 4
2018-11-12 16:33:02 (4850275525712) STATS - 44.4, 0
2018-11-12 16:33:02 (4850275576014) STATS - 44.5, 0
2018-11-12 16:33:02 (4850275625415) STATS - 44.6, 4
2018-11-12 16:33:02 (4850275676617) STATS - 44.7, 5
2018-11-12 16:33:02 (4850275726819) STATS - 44.8, 2
2018-11-12 16:33:02 (4850275776820) STATS - 44.9, 2
2018-11-12 16:33:02 (4850275823621) STATS - 45.0, 1
2018-11-12 16:33:02 (4850282883534) STATS - 45.1, 2
2018-11-12 16:33:02 (4850282946936) STATS - 45.2, 0
2018-11-12 16:33:02 (4850283004138) STATS - 45.3, 1
2018-11-12 16:33:02 (4850283066039) STATS - 45.4, 1
2018-11-12 16:33:02 (4850283119041) STATS - 45.5, 0
2018-11-12 16:33:02 (4850283166442) STATS - 45.6, 4
2018-11-12 16:33:02 (4850283212944) STATS - 45.7, 4
2018-11-12 16:33:02 (4850283259445) STATS - 45.8, 4
2018-11-12 16:33:02 (4850283308647) STATS - 45.9, 4
2018-11-12 16:33:02 (4850283355448) STATS - 46.0, 4
2018-11-12 16:33:02 (4850283401950) STATS - 46.1, 4
2018-11-12 16:33:02 (4850283448151) STATS - 46.2, 1
2018-11-12 16:33:02 (4850283494952) STATS - 46.3, 2
2018-11-12 16:33:02 (4850283541854) STATS - 46.4, 3
2018-11-12 16:33:02 (4850283588555) STATS - 46.5, 4
2018-11-12 16:33:02 (4850283634857) STATS - 46.6, 6
2018-11-12 16:33:02 (4850283681158) STATS - 46.7, 3
2018-11-12 16:33:02 (4850283730359) STATS - 46.8, 3
2018-11-12 16:33:02 (4850283780861) STATS - 46.9, 4
2018-11-12 16:33:02 (4850283827662) STATS - 47.0, 11
2018-11-12 16:33:02 (4850283874564) STATS - 47.1, 5
2018-11-12 16:33:02 (4850283921065) STATS - 47.2, 1
2018-11-12 16:33:02 (4850283967367) STATS - 47.3, 8
2018-11-12 16:33:02 (4850284029068) STATS - 47.4, 5
2018-11-12 16:33:02 (4850284079670) STATS - 47.5, 9
2018-11-12 16:33:02 (4850284125571) STATS - 47.6, 8
2018-11-12 16:33:02 (4850284171573) STATS - 47.7, 3
2018-11-12 16:33:02 (4850284220674) STATS - 47.8, 5
2018-11-12 16:33:02 (4850284303877) STATS - 47.9, 5
2018-11-12 16:33:02 (4850284376479) STATS - 48.0, 6
2018-11-12 16:33:02 (4850284440781) STATS - 48.1, 7
2018-11-12 16:33:02 (4850284493082) STATS - 48.2, 2
2018-11-12 16:33:02 (4850284553484) STATS - 48.3, 2
2018-11-12 16:33:02 (4850284609586) STATS - 48.4, 2
2018-11-12 16:33:02 (4850284661187) STATS - 48.5, 2
2018-11-12 16:33:02 (4850284733990) STATS - 48.6, 3
2018-11-12 16:33:02 (4850284792591) STATS - 48.7, 2
2018-11-12 16:33:02 (4850284842193) STATS - 48.8, 8
2018-11-12 16:33:02 (4850284915695) STATS - 48.9, 5
2018-11-12 16:33:02 (4850284963097) STATS - 49.0, 8
2018-11-12 16:33:02 (4850285009698) STATS - 49.1, 6
2018-11-12 16:33:02 (4850285096301) STATS - 49.2, 4
2018-11-12 16:33:02 (4850285176803) STATS - 49.3, 5
2018-11-12 16:33:02 (4850285244805) STATS - 49.4, 1
2018-11-12 16:33:02 (4850285406610) STATS - 49.5, 3
2018-11-12 16:33:02 (4850285562115) STATS - 49.6, 1
2018-11-12 16:33:02 (4850292462622) STATS - 49.7, 3
2018-11-12 16:33:02 (4850292581726) STATS - 49.8, 2
2018-11-12 16:33:02 (4850292631827) STATS - 49.9, 2
2018-11-12 16:33:02 (4850292673829) STATS - 50.0, 2
2018-11-12 16:33:02 (4850292731730) STATS - 50.1, 5
2018-11-12 16:33:02 (4850292777132) STATS - 50.2, 1
2018-11-12 16:33:02 (4850292819333) STATS - 50.3, 0
2018-11-12 16:33:02 (4850292863034) STATS - 50.4, 0
2018-11-12 16:33:02 (4850292921536) STATS - 50.5, 0
2018-11-12 16:33:02 (4850292966437) STATS - 50.6, 0
2018-11-12 16:33:02 (4850293011239) STATS - 50.7, 2
2018-11-12 16:33:02 (4850293058840) STATS - 50.8, 3
2018-11-12 16:33:02 (4850293105342) STATS - 50.9, 2
2018-11-12 16:33:02 (4850293169844) STATS - 51.0, 0
2018-11-12 16:33:02 (4850293233146) STATS - 51.1, 1
2018-11-12 16:33:02 (4850293296647) STATS - 51.2, 4
2018-11-12 16:33:02 (4850293342749) STATS - 51.3, 2
2018-11-12 16:33:02 (4850293384450) STATS - 51.4, 2
2018-11-12 16:33:02 (4850293425751) STATS - 51.5, 0
2018-11-12 16:33:02 (4850293466253) STATS - 51.6, 0
2018-11-12 16:33:02 (4850293506454) STATS - 51.7, 0
2018-11-12 16:33:02 (4850293547455) STATS - 51.8, 1
2018-11-12 16:33:02 (4850293588156) STATS - 51.9, 2
2018-11-12 16:33:02 (4850293627257) STATS - 52.0, 3
2018-11-12 16:33:02 (4850293668159) STATS - 52.1, 1
2018-11-12 16:33:02 (4850293708160) STATS - 52.2, 0
2018-11-12 16:33:02 (4850293781662) STATS - 52.3, 2
2018-11-12 16:33:02 (4850293843464) STATS - 52.4, 3
2018-11-12 16:33:02 (4850293899766) STATS - 52.5, 0
2018-11-12 16:33:02 (4850293943367) STATS - 52.6, 1
2018-11-12 16:33:02 (4850293989368) STATS - 52.7, 2
2018-11-12 16:33:02 (4850294034670) STATS - 52.8, 0
2018-11-12 16:33:02 (4850294078571) STATS - 52.9, 3
2018-11-12 16:33:02 (4850294135373) STATS - 53.0, 1
2018-11-12 16:33:02 (4850294203375) STATS - 53.1, 2
2018-11-12 16:33:02 (4850294258276) STATS - 53.2, 0
2018-11-12 16:33:02 (4850294302278) STATS - 53.3, 2
2018-11-12 16:33:02 (4850294346079) STATS - 53.4, 1
2018-11-12 16:33:02 (4850294389780) STATS - 53.5, 3
2018-11-12 16:33:02 (4850294433482) STATS - 53.6, 0
2018-11-12 16:33:02 (4850294477083) STATS - 53.7, 1
2018-11-12 16:33:02 (4850294522884) STATS - 53.8, 1
2018-11-12 16:33:02 (4850294600587) STATS - 53.9, 1
2018-11-12 16:33:02 (4850294653988) STATS - 54.0, 0
2018-11-12 16:33:02 (4850294710190) STATS - 54.1, 0
2018-11-12 16:33:02 (4850294755791) STATS - 54.2, 0
2018-11-12 16:33:02 (4850294801993) STATS - 54.3, 0
2018-11-12 16:33:02 (4850294851094) STATS - 54.4, 0
2018-11-12 16:33:02 (4850294897296) STATS - 54.5, 0
2018-11-12 16:33:02 (4850294942197) STATS - 54.6, 0
2018-11-12 16:33:02 (4850294987398) STATS - 54.7, 0
2018-11-12 16:33:02 (4850295032900) STATS - 54.8, 0
2018-11-12 16:33:02 (4850295089701) STATS - 54.9, 0
2018-11-12 16:33:02 (4850295133203) STATS - 55.0, 0
2018-11-12 16:33:02 (4850295179204) STATS - 55.1, 1
2018-11-12 16:33:02 (4850295223405) STATS - 55.2, 0
2018-11-12 16:33:02 (4850295279707) STATS - 55.3, 0
2018-11-12 16:33:02 (4850295325409) STATS - 55.4, 0
2018-11-12 16:33:02 (4850302323919) STATS - 55.5, 0
2018-11-12 16:33:02 (4850302405522) STATS - 55.6, 0
2018-11-12 16:33:02 (4850302540226) STATS - 55.7, 0
2018-11-12 16:33:02 (4850302593827) STATS - 55.8, 0
2018-11-12 16:33:02 (4850302647429) STATS - 55.9, 0
2018-11-12 16:33:02 (4850302716131) STATS - 56.0, 0
2018-11-12 16:33:02 (4850302772133) STATS - 56.1, 0
2018-11-12 16:33:02 (4850302810934) STATS - 56.2, 3
2018-11-12 16:33:02 (4850302849735) STATS - 56.3, 0
2018-11-12 16:33:02 (4850303050241) STATS - 56.4, 0
2018-11-12 16:33:02 (4850303114143) STATS - 56.5, 0
2018-11-12 16:33:02 (4850303166145) STATS - 56.6, 0
2018-11-12 16:33:02 (4850303205746) STATS - 56.7, 0
2018-11-12 16:33:02 (4850303244747) STATS - 56.8, 2
2018-11-12 16:33:02 (4850303283848) STATS - 56.9, 0
2018-11-12 16:33:02 (4850303324549) STATS - 57.0, 0
2018-11-12 16:33:02 (4850303405152) STATS - 57.1, 0
2018-11-12 16:33:02 (4850303475554) STATS - 57.2, 0
2018-11-12 16:33:02 (4850303526055) STATS - 57.3, 1
2018-11-12 16:33:02 (4850303578757) STATS - 57.4, 0
2018-11-12 16:33:02 (4850303619058) STATS - 57.5, 0
2018-11-12 16:33:02 (4850303680760) STATS - 57.6, 0
2018-11-12 16:33:02 (4850303721861) STATS - 57.7, 1
2018-11-12 16:33:02 (4850303796163) STATS - 57.8, 0
2018-11-12 16:33:02 (4850303836565) STATS - 57.9, 0
2018-11-12 16:33:02 (4850303923167) STATS - 58.0, 0
2018-11-12 16:33:02 (4850303966769) STATS - 58.1, 2
2018-11-12 16:33:02 (4850304026070) STATS - 58.2, 1
2018-11-12 16:33:02 (4850304069372) STATS - 58.3, 1
2018-11-12 16:33:02 (4850304109573) STATS - 58.4, 2
2018-11-12 16:33:02 (4850304151774) STATS - 58.5, 0
2018-11-12 16:33:02 (4850304193775) STATS - 58.6, 0
2018-11-12 16:33:02 (4850304244777) STATS - 58.7, 0
2018-11-12 16:33:02 (4850304296979) STATS - 58.8, 0
2018-11-12 16:33:02 (4850304335780) STATS - 58.9, 0
2018-11-12 16:33:02 (4850304371081) STATS - 59.0, 0
2018-11-12 16:33:02 (4850304408282) STATS - 59.1, 0
2018-11-12 16:33:02 (4850304445383) STATS - 59.2, 0
2018-11-12 16:33:02 (4850304482484) STATS - 59.3, 0
2018-11-12 16:33:02 (4850304519085) STATS - 59.4, 0
2018-11-12 16:33:02 (4850304565887) STATS - 59.5, 0
2018-11-12 16:33:02 (4850304601188) STATS - 59.6, 0
2018-11-12 16:33:02 (4850304636889) STATS - 59.7, 0
2018-11-12 16:33:02 (4850304671990) STATS - 59.8, 0
2018-11-12 16:33:02 (4850304707191) STATS - 59.9, 0
2018-11-12 16:33:02 (4850304741092) STATS - 60.0, 0
2018-11-12 16:33:02 (4850304776293) STATS - 60.1, 0
2018-11-12 16:33:02 (4850304811094) STATS - 60.2, 0
2018-11-12 16:33:02 (4850304846895) STATS - 60.3, 0
2018-11-12 16:33:02 (4850304882096) STATS - 60.4, 0
2018-11-12 16:33:02 (4850304917597) STATS - 60.5, 0
2018-11-12 16:33:02 (4850304952998) STATS - 60.6, 0
2018-11-12 16:33:02 (4850304988099) STATS - 60.7, 0
2018-11-12 16:33:02 (4850305023300) STATS - 60.8, 0
2018-11-12 16:33:02 (4850305058702) STATS - 60.9, 0
2018-11-12 16:33:02 (4850305091803) STATS - 61.0, 0
2018-11-12 16:33:02 (4850305128904) STATS - 61.1, 0
2018-11-12 16:33:02 (4850311971210) STATS - 61.2, 0
2018-11-12 16:33:02 (4850312128414) STATS - 61.3, 0
2018-11-12 16:33:02 (4850312227317) STATS - 61.4, 0
2018-11-12 16:33:02 (4850312270019) STATS - 61.5, 0
2018-11-12 16:33:02 (4850312323920) STATS - 61.6, 1
2018-11-12 16:33:02 (4850312361721) STATS - 61.7, 0
2018-11-12 16:33:02 (4850312409023) STATS - 61.8, 1
2018-11-12 16:33:02 (4850312496825) STATS - 61.9, 0
2018-11-12 16:33:02 (4850312548427) STATS - 62.0, 0
2018-11-12 16:33:02 (4850312610729) STATS - 62.1, 0
2018-11-12 16:33:02 (4850312652130) STATS - 62.2, 0
2018-11-12 16:33:02 (4850312707832) STATS - 62.3, 0
2018-11-12 16:33:02 (4850312780334) STATS - 62.4, 0
2018-11-12 16:33:02 (4850312827235) STATS - 62.5, 0
2018-11-12 16:33:02 (4850312865336) STATS - 62.6, 0
2018-11-12 16:33:02 (4850312902638) STATS - 62.7, 0
2018-11-12 16:33:02 (4850312942139) STATS - 62.8, 0
2018-11-12 16:33:02 (4850312993240) STATS - 62.9, 0
2018-11-12 16:33:02 (4850313030541) STATS - 63.0, 0
2018-11-12 16:33:02 (4850313088643) STATS - 63.1, 0
2018-11-12 16:33:02 (4850313139545) STATS - 63.2, 0
2018-11-12 16:33:02 (4850313177746) STATS - 63.3, 0
2018-11-12 16:33:02 (4850313225747) STATS - 63.4, 0
2018-11-12 16:33:02 (4850313273749) STATS - 63.5, 0
2018-11-12 16:33:02 (4850313321950) STATS - 63.6, 0
2018-11-12 16:33:02 (4850313358651) STATS - 63.7, 0
2018-11-12 16:33:02 (4850313397853) STATS - 63.8, 0
2018-11-12 16:33:02 (4850313440854) STATS - 63.9, 0
2018-11-12 16:33:02 (4850313492255) STATS - 64.0, 0
2018-11-12 16:33:02 (4850313530557) STATS - 64.1, 0
2018-11-12 16:33:02 (4850313577458) STATS - 64.2, 1
2018-11-12 16:33:02 (4850313614959) STATS - 64.3, 0
2018-11-12 16:33:02 (4850313651160) STATS - 64.4, 0
2018-11-12 16:33:02 (4850313686461) STATS - 64.5, 0
2018-11-12 16:33:02 (4850313731763) STATS - 64.6, 0
2018-11-12 16:33:02 (4850313788164) STATS - 64.7, 0
2018-11-12 16:33:02 (4850313822565) STATS - 64.8, 0
2018-11-12 16:33:02 (4850313855766) STATS - 64.9, 0
2018-11-12 16:33:02 (4850313899168) STATS - 65.0, 0
2018-11-12 16:33:02 (4850313934569) STATS - 65.1, 0
2018-11-12 16:33:02 (4850313969370) STATS - 65.2, 0
2018-11-12 16:33:02 (4850314004371) STATS - 65.3, 0
2018-11-12 16:33:02 (4850314039172) STATS - 65.4, 0
2018-11-12 16:33:02 (4850314073673) STATS - 65.5, 0
2018-11-12 16:33:02 (4850314120674) STATS - 65.6, 0
2018-11-12 16:33:02 (4850314154475) STATS - 65.7, 0
2018-11-12 16:33:02 (4850314218877) STATS - 65.8, 0
2018-11-12 16:33:02 (4850314268979) STATS - 65.9, 0
2018-11-12 16:33:02 (4850314303080) STATS - 66.0, 0
2018-11-12 16:33:02 (4850314351881) STATS - 66.1, 0
2018-11-12 16:33:02 (4850314388482) STATS - 66.2, 0
2018-11-12 16:33:02 (4850314424383) STATS - 66.3, 0
2018-11-12 16:33:02 (4850314462485) STATS - 66.4, 0
2018-11-12 16:33:02 (4850314499386) STATS - 66.5, 0
2018-11-12 16:33:02 (4850314535487) STATS - 66.6, 0
2018-11-12 16:33:02 (4850314573588) STATS - 66.7, 0
2018-11-12 16:33:02 (4850314620789) STATS - 66.8, 0
2018-11-12 16:33:02 (4850314664791) STATS - 66.9, 0
2018-11-12 16:33:02 (4850314696492) STATS - 67.0, 0
2018-11-12 16:33:02 (4850314730293) STATS - 67.1, 0
2018-11-12 16:33:02 (4850314801495) STATS - 67.2, 0
2018-11-12 16:33:02 (4850321862807) STATS - 67.3, 0
2018-11-12 16:33:02 (4850321925009) STATS - 67.4, 0
2018-11-12 16:33:02 (4850321981711) STATS - 67.5, 0
2018-11-12 16:33:02 (4850322025412) STATS - 67.6, 1
2018-11-12 16:33:02 (4850322056013) STATS - 67.7, 0
2018-11-12 16:33:02 (4850322085814) STATS - 67.8, 0
2018-11-12 16:33:02 (4850322115615) STATS - 67.9, 0
2018-11-12 16:33:02 (4850322157116) STATS - 68.0, 0
2018-11-12 16:33:02 (4850322192317) STATS - 68.1, 0
2018-11-12 16:33:02 (4850322221718) STATS - 68.2, 0
2018-11-12 16:33:02 (4850322250919) STATS - 68.3, 0
2018-11-12 16:33:02 (4850322279720) STATS - 68.4, 1
2018-11-12 16:33:02 (4850322308121) STATS - 68.5, 0
2018-11-12 16:33:02 (4850322337622) STATS - 68.6, 1
2018-11-12 16:33:02 (4850322366623) STATS - 68.7, 0
2018-11-12 16:33:02 (4850322405624) STATS - 68.8, 0
2018-11-12 16:33:02 (4850322433925) STATS - 68.9, 0
2018-11-12 16:33:02 (4850322462025) STATS - 69.0, 0
2018-11-12 16:33:02 (4850322490326) STATS - 69.1, 0
2018-11-12 16:33:02 (4850322518227) STATS - 69.2, 0
2018-11-12 16:33:02 (4850322550528) STATS - 69.3, 0
2018-11-12 16:33:02 (4850322578729) STATS - 69.4, 0
2018-11-12 16:33:02 (4850322606230) STATS - 69.5, 0
2018-11-12 16:33:02 (4850322634131) STATS - 69.6, 0
2018-11-12 16:33:02 (4850322661531) STATS - 69.7, 0
2018-11-12 16:33:02 (4850322691532) STATS - 69.8, 0
2018-11-12 16:33:02 (4850322719733) STATS - 69.9, 0
2018-11-12 16:33:02 (4850322750034) STATS - 70.0, 0
2018-11-12 16:33:02 (4850322780935) STATS - 70.1, 0
2018-11-12 16:33:02 (4850322809536) STATS - 70.2, 0
2018-11-12 16:33:02 (4850322837437) STATS - 70.3, 0
2018-11-12 16:33:02 (4850322864838) STATS - 70.4, 0
2018-11-12 16:33:02 (4850322892638) STATS - 70.5, 0
2018-11-12 16:33:02 (4850322920539) STATS - 70.6, 0
2018-11-12 16:33:02 (4850322948640) STATS - 70.7, 0
2018-11-12 16:33:02 (4850322978741) STATS - 70.8, 0
2018-11-12 16:33:02 (4850323018042) STATS - 70.9, 0
2018-11-12 16:33:02 (4850323089544) STATS - 71.0, 0
2018-11-12 16:33:02 (4850323126445) STATS - 71.1, 0
2018-11-12 16:33:02 (4850323159046) STATS - 71.2, 0
2018-11-12 16:33:02 (4850323189447) STATS - 71.3, 0
2018-11-12 16:33:02 (4850323221448) STATS - 71.4, 0
2018-11-12 16:33:02 (4850323252849) STATS - 71.5, 1
2018-11-12 16:33:02 (4850323283150) STATS - 71.6, 0
2018-11-12 16:33:02 (4850323312851) STATS - 71.7, 0
2018-11-12 16:33:02 (4850323342452) STATS - 71.8, 0
2018-11-12 16:33:02 (4850323372253) STATS - 71.9, 0
2018-11-12 16:33:02 (4850323401754) STATS - 72.0, 0
2018-11-12 16:33:02 (4850323438355) STATS - 72.1, 0
2018-11-12 16:33:02 (4850323467656) STATS - 72.2, 0
2018-11-12 16:33:02 (4850323496957) STATS - 72.3, 0
2018-11-12 16:33:02 (4850323526257) STATS - 72.4, 0
2018-11-12 16:33:02 (4850323554858) STATS - 72.5, 0
2018-11-12 16:33:02 (4850323584159) STATS - 72.6, 0
2018-11-12 16:33:02 (4850323625660) STATS - 72.7, 0
2018-11-12 16:33:02 (4850323654161) STATS - 72.8, 0
2018-11-12 16:33:02 (4850323682362) STATS - 72.9, 0
2018-11-12 16:33:02 (4850323710663) STATS - 73.0, 0
2018-11-12 16:33:02 (4850323740064) STATS - 73.1, 0
2018-11-12 16:33:02 (4850323778465) STATS - 73.2, 0
2018-11-12 16:33:02 (4850323806066) STATS - 73.3, 0
2018-11-12 16:33:02 (4850323853867) STATS - 73.4, 0
2018-11-12 16:33:02 (4850323885368) STATS - 73.5, 0
2018-11-12 16:33:02 (4850323914169) STATS - 73.6, 0
2018-11-12 16:33:02 (4850323942270) STATS - 73.7, 0
2018-11-12 16:33:02 (4850323970171) STATS - 73.8, 0
2018-11-12 16:33:02 (4850324028973) STATS - 73.9, 0
2018-11-12 16:33:02 (4850324091074) STATS - 74.0, 0
2018-11-12 16:33:02 (4850324123075) STATS - 74.1, 0
2018-11-12 16:33:02 (4850324153076) STATS - 74.2, 0
2018-11-12 16:33:02 (4850324213178) STATS - 74.3, 0
2018-11-12 16:33:02 (4850324280380) STATS - 74.4, 0
2018-11-12 16:33:02 (4850324315781) STATS - 74.5, 0
2018-11-12 16:33:02 (4850324402184) STATS - 74.6, 0
2018-11-12 16:33:02 (4850324445785) STATS - 74.7, 0
2018-11-12 16:33:02 (4850324480686) STATS - 74.8, 0
2018-11-12 16:33:02 (4850324517987) STATS - 74.9, 0
2018-11-12 16:33:02 (4850324557688) STATS - 75.0, 0
2018-11-12 16:33:02 (4850331610801) STATS - 75.1, 0
2018-11-12 16:33:02 (4850331739405) STATS - 75.2, 0
2018-11-12 16:33:02 (4850331800706) STATS - 75.3, 0
2018-11-12 16:33:02 (4850331831407) STATS - 75.4, 0
2018-11-12 16:33:02 (4850331860308) STATS - 75.5, 0
2018-11-12 16:33:02 (4850331887909) STATS - 75.6, 0
2018-11-12 16:33:02 (4850331915110) STATS - 75.7, 0
2018-11-12 16:33:02 (4850331941811) STATS - 75.8, 0
2018-11-12 16:33:02 (4850331968212) STATS - 75.9, 0
2018-11-12 16:33:02 (4850332029813) STATS - 76.0, 0
2018-11-12 16:33:02 (4850332060814) STATS - 76.1, 0
2018-11-12 16:33:02 (4850332097815) STATS - 76.2, 0
2018-11-12 16:33:02 (4850332124216) STATS - 76.3, 0
2018-11-12 16:33:02 (4850332149917) STATS - 76.4, 0
2018-11-12 16:33:02 (4850332175718) STATS - 76.5, 0
2018-11-12 16:33:02 (4850332201619) STATS - 76.6, 0
2018-11-12 16:33:02 (4850332276721) STATS - 76.7, 0
2018-11-12 16:33:02 (4850332320022) STATS - 76.8, 0
2018-11-12 16:33:02 (4850332347323) STATS - 76.9, 0
2018-11-12 16:33:02 (4850332372824) STATS - 77.0, 0
2018-11-12 16:33:02 (4850332444326) STATS - 77.1, 0
2018-11-12 16:33:02 (4850332471127) STATS - 77.2, 0
2018-11-12 16:33:02 (4850332497027) STATS - 77.3, 0
2018-11-12 16:33:02 (4850332531028) STATS - 77.4, 0
2018-11-12 16:33:02 (4850332560029) STATS - 77.5, 0
2018-11-12 16:33:02 (4850332586530) STATS - 77.6, 0
2018-11-12 16:33:02 (4850332612331) STATS - 77.7, 0
2018-11-12 16:33:02 (4850332638132) STATS - 77.8, 0
2018-11-12 16:33:02 (4850332663532) STATS - 77.9, 0
2018-11-12 16:33:02 (4850332689233) STATS - 78.0, 0
2018-11-12 16:33:02 (4850332717234) STATS - 78.1, 0
2018-11-12 16:33:02 (4850332743635) STATS - 78.2, 0
2018-11-12 16:33:02 (4850332769036) STATS - 78.3, 0
2018-11-12 16:33:02 (4850332794536) STATS - 78.4, 0
2018-11-12 16:33:02 (4850332821737) STATS - 78.5, 0
2018-11-12 16:33:02 (4850332849538) STATS - 78.6, 0
2018-11-12 16:33:02 (4850332875239) STATS - 78.7, 0
2018-11-12 16:33:02 (4850332912440) STATS - 78.8, 0
2018-11-12 16:33:02 (4850332938741) STATS - 78.9, 0
2018-11-12 16:33:02 (4850332964642) STATS - 79.0, 0
2018-11-12 16:33:02 (4850332991242) STATS - 79.1, 0
2018-11-12 16:33:02 (4850333017543) STATS - 79.2, 0
2018-11-12 16:33:02 (4850333043844) STATS - 79.3, 0
2018-11-12 16:33:02 (4850333069945) STATS - 79.4, 0
2018-11-12 16:33:02 (4850333546259) STATS - 79.5, 0
2018-11-12 16:33:02 (4850333605461) STATS - 79.6, 0
2018-11-12 16:33:02 (4850333634162) STATS - 79.7, 0
2018-11-12 16:33:02 (4850333661563) STATS - 79.8, 0
2018-11-12 16:33:02 (4850333688763) STATS - 79.9, 0
2018-11-12 16:33:02 (4850333716764) STATS - 80.0, 0
2018-11-12 16:33:02 (4850333851668) STATS - 80.1, 0
2018-11-12 16:33:02 (4850333891569) STATS - 80.2, 0
2018-11-12 16:33:02 (4850333920570) STATS - 80.3, 0
2018-11-12 16:33:02 (4850333948371) STATS - 80.4, 0
2018-11-12 16:33:02 (4850333976172) STATS - 80.5, 0
2018-11-12 16:33:02 (4850334008673) STATS - 80.6, 0
2018-11-12 16:33:02 (4850334035874) STATS - 80.7, 0
2018-11-12 16:33:02 (4850334062975) STATS - 80.8, 0
2018-11-12 16:33:02 (4850334090375) STATS - 80.9, 0
2018-11-12 16:33:02 (4850334117876) STATS - 81.0, 0
2018-11-12 16:33:02 (4850334145277) STATS - 81.1, 0
2018-11-12 16:33:02 (4850334171978) STATS - 81.2, 0
2018-11-12 16:33:02 (4850334199279) STATS - 81.3, 0
2018-11-12 16:33:02 (4850334225879) STATS - 81.4, 0
2018-11-12 16:33:02 (4850334252480) STATS - 81.5, 0
2018-11-12 16:33:02 (4850334279681) STATS - 81.6, 0
2018-11-12 16:33:02 (4850334311482) STATS - 81.7, 0
2018-11-12 16:33:02 (4850334338583) STATS - 81.8, 0
2018-11-12 16:33:02 (4850334365384) STATS - 81.9, 0
2018-11-12 16:33:02 (4850334392185) STATS - 82.0, 0
2018-11-12 16:33:02 (4850334419285) STATS - 82.1, 0
2018-11-12 16:33:02 (4850334445786) STATS - 82.2, 0
2018-11-12 16:33:02 (4850334472387) STATS - 82.3, 0
2018-11-12 16:33:02 (4850334498588) STATS - 82.4, 0
2018-11-12 16:33:02 (4850334524788) STATS - 82.5, 0
2018-11-12 16:33:02 (4850334564090) STATS - 82.6, 0
2018-11-12 16:33:02 (4850334593491) STATS - 82.7, 0
2018-11-12 16:33:02 (4850334619291) STATS - 82.8, 0
2018-11-12 16:33:02 (4850334645192) STATS - 82.9, 0
2018-11-12 16:33:02 (4850334675093) STATS - 83.0, 0
2018-11-12 16:33:02 (4850334702894) STATS - 83.1, 0
2018-11-12 16:33:02 (4850334728595) STATS - 83.2, 0
2018-11-12 16:33:02 (4850334754295) STATS - 83.3, 0
2018-11-12 16:33:02 (4850334779696) STATS - 83.4, 0
2018-11-12 16:33:02 (4850341225990) STATS - 83.5, 0
2018-11-12 16:33:02 (4850341343994) STATS - 83.6, 0
2018-11-12 16:33:02 (4850341402396) STATS - 83.7, 0
2018-11-12 16:33:02 (4850341443397) STATS - 83.8, 0
2018-11-12 16:33:02 (4850341468298) STATS - 83.9, 0
2018-11-12 16:33:02 (4850341492998) STATS - 84.0, 0
2018-11-12 16:33:02 (4850341516699) STATS - 84.1, 0
2018-11-12 16:33:02 (4850341539700) STATS - 84.2, 0
2018-11-12 16:33:02 (4850341563000) STATS - 84.3, 0
2018-11-12 16:33:02 (4850341585701) STATS - 84.4, 0
2018-11-12 16:33:02 (4850341608502) STATS - 84.5, 0
2018-11-12 16:33:02 (4850341631302) STATS - 84.6, 0
2018-11-12 16:33:02 (4850341653503) STATS - 84.7, 0
2018-11-12 16:33:02 (4850341676004) STATS - 84.8, 0
2018-11-12 16:33:02 (4850341698304) STATS - 84.9, 0
2018-11-12 16:33:02 (4850341721105) STATS - 85.0, 0
2018-11-12 16:33:02 (4850341744006) STATS - 85.1, 0
2018-11-12 16:33:02 (4850341766306) STATS - 85.2, 0
2018-11-12 16:33:02 (4850341788907) STATS - 85.3, 0
2018-11-12 16:33:02 (4850341811008) STATS - 85.4, 0
2018-11-12 16:33:02 (4850341843209) STATS - 85.5, 0
2018-11-12 16:33:02 (4850341874410) STATS - 85.6, 0
2018-11-12 16:33:02 (4850341900511) STATS - 85.7, 0
2018-11-12 16:33:02 (4850341923211) STATS - 85.8, 0
2018-11-12 16:33:02 (4850341945512) STATS - 85.9, 0
2018-11-12 16:33:02 (4850341967913) STATS - 86.0, 0
2018-11-12 16:33:02 (4850341990413) STATS - 86.1, 0
2018-11-12 16:33:02 (4850342012814) STATS - 86.2, 0
2018-11-12 16:33:02 (4850342034815) STATS - 86.3, 0
2018-11-12 16:33:02 (4850342056815) STATS - 86.4, 0
2018-11-12 16:33:02 (4850342078616) STATS - 86.5, 0
2018-11-12 16:33:02 (4850342100517) STATS - 86.6, 0
2018-11-12 16:33:02 (4850342122417) STATS - 86.7, 0
2018-11-12 16:33:02 (4850342144318) STATS - 86.8, 0
2018-11-12 16:33:02 (4850342168819) STATS - 86.9, 0
2018-11-12 16:33:02 (4850342191219) STATS - 87.0, 0
2018-11-12 16:33:02 (4850342213620) STATS - 87.1, 0
2018-11-12 16:33:02 (4850342237121) STATS - 87.2, 0
2018-11-12 16:33:02 (4850342259821) STATS - 87.3, 0
2018-11-12 16:33:02 (4850342281822) STATS - 87.4, 0
2018-11-12 16:33:02 (4850342304923) STATS - 87.5, 0
2018-11-12 16:33:02 (4850342327123) STATS - 87.6, 0
2018-11-12 16:33:02 (4850342348924) STATS - 87.7, 0
2018-11-12 16:33:02 (4850342371925) STATS - 87.8, 0
2018-11-12 16:33:02 (4850342409826) STATS - 87.9, 0
2018-11-12 16:33:02 (4850342442227) STATS - 88.0, 0
2018-11-12 16:33:02 (4850342467328) STATS - 88.1, 0
2018-11-12 16:33:02 (4850342490328) STATS - 88.2, 0
2018-11-12 16:33:02 (4850342513129) STATS - 88.3, 0
2018-11-12 16:33:02 (4850342535530) STATS - 88.4, 0
2018-11-12 16:33:02 (4850342557830) STATS - 88.5, 0
2018-11-12 16:33:02 (4850342581031) STATS - 88.6, 0
2018-11-12 16:33:02 (4850342604132) STATS - 88.7, 0
2018-11-12 16:33:02 (4850342626932) STATS - 88.8, 0
2018-11-12 16:33:02 (4850342649333) STATS - 88.9, 0
2018-11-12 16:33:02 (4850342671634) STATS - 89.0, 0
2018-11-12 16:33:02 (4850342739736) STATS - 89.1, 0
2018-11-12 16:33:02 (4850342768937) STATS - 89.2, 0
2018-11-12 16:33:02 (4850342793737) STATS - 89.3, 0
2018-11-12 16:33:02 (4850342817738) STATS - 89.4, 0
2018-11-12 16:33:02 (4850342845639) STATS - 89.5, 0
2018-11-12 16:33:02 (4850342873740) STATS - 89.6, 0
2018-11-12 16:33:02 (4850342900841) STATS - 89.7, 0
2018-11-12 16:33:02 (4850342925041) STATS - 89.8, 0
2018-11-12 16:33:02 (4850342948742) STATS - 89.9, 0
2018-11-12 16:33:02 (4850342973443) STATS - 90.0, 0
2018-11-12 16:33:02 (4850343010044) STATS - 90.1, 0
2018-11-12 16:33:02 (4850343034345) STATS - 90.2, 0
2018-11-12 16:33:02 (4850343060245) STATS - 90.3, 0
2018-11-12 16:33:02 (4850343084946) STATS - 90.4, 0
2018-11-12 16:33:02 (4850343108847) STATS - 90.5, 0
2018-11-12 16:33:02 (4850343134448) STATS - 90.6, 0
2018-11-12 16:33:02 (4850343161248) STATS - 90.7, 0
2018-11-12 16:33:02 (4850343186549) STATS - 90.8, 0
2018-11-12 16:33:02 (4850343210650) STATS - 90.9, 0
2018-11-12 16:33:02 (4850343234951) STATS - 91.0, 0
2018-11-12 16:33:02 (4850343259351) STATS - 91.1, 0
2018-11-12 16:33:02 (4850343283152) STATS - 91.2, 0
2018-11-12 16:33:02 (4850343307453) STATS - 91.3, 0
2018-11-12 16:33:02 (4850343331654) STATS - 91.4, 0
2018-11-12 16:33:02 (4850343367155) STATS - 91.5, 0
2018-11-12 16:33:02 (4850343391755) STATS - 91.6, 0
2018-11-12 16:33:02 (4850343416556) STATS - 91.7, 0
2018-11-12 16:33:02 (4850343441057) STATS - 91.8, 0
2018-11-12 16:33:02 (4850343464758) STATS - 91.9, 0
2018-11-12 16:33:02 (4850343489858) STATS - 92.0, 0
2018-11-12 16:33:02 (4850343514859) STATS - 92.1, 0
2018-11-12 16:33:02 (4850343558760) STATS - 92.2, 0
2018-11-12 16:33:02 (4850343590361) STATS - 92.3, 0
2018-11-12 16:33:02 (4850343616462) STATS - 92.4, 0
2018-11-12 16:33:02 (4850343641163) STATS - 92.5, 0
2018-11-12 16:33:02 (4850343667664) STATS - 92.6, 0
2018-11-12 16:33:02 (4850343694865) STATS - 92.7, 0
2018-11-12 16:33:02 (4850343722365) STATS - 92.8, 0
2018-11-12 16:33:02 (4850343747866) STATS - 92.9, 0
2018-11-12 16:33:02 (4850343772367) STATS - 93.0, 0
2018-11-12 16:33:02 (4850343797168) STATS - 93.1, 0
2018-11-12 16:33:02 (4850343821468) STATS - 93.2, 0
2018-11-12 16:33:02 (4850343845869) STATS - 93.3, 0
2018-11-12 16:33:02 (4850343870270) STATS - 93.4, 0
2018-11-12 16:33:02 (4850343894271) STATS - 93.5, 0
2018-11-12 16:33:02 (4850343918771) STATS - 93.6, 0
2018-11-12 16:33:02 (4850343942672) STATS - 93.7, 0
2018-11-12 16:33:02 (4850343967073) STATS - 93.8, 0
2018-11-12 16:33:02 (4850343991273) STATS - 93.9, 0
2018-11-12 16:33:02 (4850344032575) STATS - 94.0, 0
2018-11-12 16:33:02 (4850344059276) STATS - 94.1, 0
2018-11-12 16:33:02 (4850351015685) STATS - 94.2, 0
2018-11-12 16:33:02 (4850351069987) STATS - 94.3, 0
2018-11-12 16:33:02 (4850351113788) STATS - 94.4, 0
2018-11-12 16:33:02 (4850351140289) STATS - 94.5, 0
2018-11-12 16:33:02 (4850351174090) STATS - 94.6, 0
2018-11-12 16:33:02 (4850351196490) STATS - 94.7, 0
2018-11-12 16:33:02 (4850351218491) STATS - 94.8, 0
2018-11-12 16:33:02 (4850351239992) STATS - 94.9, 0
2018-11-12 16:33:02 (4850351261792) STATS - 95.0, 0
2018-11-12 16:33:02 (4850351295793) STATS - 95.1, 0
2018-11-12 16:33:02 (4850351318294) STATS - 95.2, 0
2018-11-12 16:33:02 (4850351340595) STATS - 95.3, 0
2018-11-12 16:33:02 (4850351362195) STATS - 95.4, 0
2018-11-12 16:33:02 (4850351396396) STATS - 95.5, 0
2018-11-12 16:33:02 (4850351442998) STATS - 95.6, 0
2018-11-12 16:33:02 (4850351465598) STATS - 95.7, 0
2018-11-12 16:33:02 (4850351488199) STATS - 95.8, 0
2018-11-12 16:33:02 (4850351510700) STATS - 95.9, 0
2018-11-12 16:33:02 (4850351533200) STATS - 96.0, 0
2018-11-12 16:33:02 (4850351556001) STATS - 96.1, 0
2018-11-12 16:33:02 (4850351590502) STATS - 96.2, 0
2018-11-12 16:33:02 (4850351612203) STATS - 96.3, 0
2018-11-12 16:33:02 (4850351633804) STATS - 96.4, 1
2018-11-12 16:33:02 (4850351667005) STATS - 96.5, 1
2018-11-12 16:33:02 (4850351689505) STATS - 96.6, 0
2018-11-12 16:33:02 (4850351711506) STATS - 96.7, 0
2018-11-12 16:33:02 (4850351734007) STATS - 96.8, 0
2018-11-12 16:33:02 (4850351756207) STATS - 96.9, 1
2018-11-12 16:33:02 (4850351778508) STATS - 97.0, 0
2018-11-12 16:33:02 (4850351812609) STATS - 97.1, 0
2018-11-12 16:33:02 (4850351850710) STATS - 97.2, 0
2018-11-12 16:33:02 (4850351873611) STATS - 97.3, 1
2018-11-12 16:33:02 (4850351896011) STATS - 97.4, 0
2018-11-12 16:33:02 (4850351917812) STATS - 97.5, 0
2018-11-12 16:33:02 (4850351950813) STATS - 97.6, 0
2018-11-12 16:33:02 (4850351972214) STATS - 97.7, 0
2018-11-12 16:33:02 (4850351993714) STATS - 97.8, 0
2018-11-12 16:33:02 (4850352072617) STATS - 97.9, 0
2018-11-12 16:33:02 (4850352097917) STATS - 98.0, 0
2018-11-12 16:33:02 (4850352121418) STATS - 98.1, 0
2018-11-12 16:33:02 (4850352198921) STATS - 98.2, 0
2018-11-12 16:33:02 (4850352232422) STATS - 98.3, 0
2018-11-12 16:33:02 (4850352256122) STATS - 98.4, 0
2018-11-12 16:33:02 (4850352279123) STATS - 98.5, 0
2018-11-12 16:33:02 (4850352301924) STATS - 98.6, 0
2018-11-12 16:33:02 (4850352324124) STATS - 98.7, 0
2018-11-12 16:33:02 (4850352346725) STATS - 98.8, 0
2018-11-12 16:33:02 (4850352368826) STATS - 98.9, 0
2018-11-12 16:33:02 (4850352391526) STATS - 99.0, 0
2018-11-12 16:33:02 (4850352413927) STATS - 99.1, 0
2018-11-12 16:33:02 (4850352436628) STATS - 99.2, 0
2018-11-12 16:33:02 (4850352462428) STATS - 99.3, 0
2018-11-12 16:33:02 (4850352485429) STATS - 99.4, 0
2018-11-12 16:33:02 (4850352507630) STATS - 99.5, 0
2018-11-12 16:33:02 (4850352542131) STATS - 99.6, 0
2018-11-12 16:33:02 (4850352564132) STATS - 99.7, 0
2018-11-12 16:33:02 (4850352599033) STATS - 99.8, 0
2018-11-12 16:33:02 (4850352620933) STATS - 99.9, 0
2018-11-12 16:33:02 (4850352644334) STATS - 100.0, 0
2018-11-12 16:33:02 (4850352667935) STATS - 100.1, 0
2018-11-12 16:33:02 (4850352690435) STATS - 100.2, 0
2018-11-12 16:33:02 (4850352713236) STATS - 100.3, 0
2018-11-12 16:33:02 (4850352735537) STATS - 100.4, 0
2018-11-12 16:33:02 (4850352757837) STATS - 100.5, 0
2018-11-12 16:33:02 (4850352783538) STATS - 100.6, 0
2018-11-12 16:33:02 (4850352823139) STATS - 100.7, 0
2018-11-12 16:33:02 (4850352859840) STATS - 100.8, 0
2018-11-12 16:33:02 (4850352884941) STATS - 100.9, 0
2018-11-12 16:33:02 (4850352908442) STATS - 101.0, 0
2018-11-12 16:33:02 (4850352931843) STATS - 101.1, 0
2018-11-12 16:33:02 (4850352966344) STATS - 101.2, 0
2018-11-12 16:33:02 (4850352990744) STATS - 101.3, 0
2018-11-12 16:33:02 (4850353013345) STATS - 101.4, 1
2018-11-12 16:33:02 (4850353035146) STATS - 101.5, 0
2018-11-12 16:33:02 (4850353057246) STATS - 101.6, 0
2018-11-12 16:33:02 (4850353079147) STATS - 101.7, 0
2018-11-12 16:33:02 (4850353101448) STATS - 101.8, 1
2018-11-12 16:33:02 (4850353123248) STATS - 101.9, 1
2018-11-12 16:33:02 (4850353146049) STATS - 102.0, 0
2018-11-12 16:33:02 (4850353167850) STATS - 102.1, 0
2018-11-12 16:33:02 (4850353188650) STATS - 102.2, 0
2018-11-12 16:33:02 (4850353211951) STATS - 102.3, 0
2018-11-12 16:33:02 (4850353236152) STATS - 102.4, 0
2018-11-12 16:33:02 (4850353261253) STATS - 102.5, 1
2018-11-12 16:33:02 (4850353284453) STATS - 102.6, 2
2018-11-12 16:33:02 (4850353305654) STATS - 102.7, 0
2018-11-12 16:33:02 (4850353339255) STATS - 102.8, 0
2018-11-12 16:33:02 (4850353360655) STATS - 102.9, 0
2018-11-12 16:33:02 (4850353382056) STATS - 103.0, 2
2018-11-12 16:33:02 (4850353403657) STATS - 103.1, 0
2018-11-12 16:33:02 (4850353424757) STATS - 103.2, 1
2018-11-12 16:33:02 (4850353446358) STATS - 103.3, 0
2018-11-12 16:33:02 (4850353467559) STATS - 103.4, 0
2018-11-12 16:33:02 (4850353488559) STATS - 103.5, 1
2018-11-12 16:33:02 (4850353509760) STATS - 103.6, 0
2018-11-12 16:33:02 (4850353530961) STATS - 103.7, 0
2018-11-12 16:33:02 (4850353552461) STATS - 103.8, 0
2018-11-12 16:33:02 (4850353581562) STATS - 103.9, 0
2018-11-12 16:33:02 (4850353605463) STATS - 104.0, 0
2018-11-12 16:33:02 (4850353627764) STATS - 104.1, 0
2018-11-12 16:33:02 (4850353648964) STATS - 104.2, 0
2018-11-12 16:33:02 (4850353670165) STATS - 104.3, 0
2018-11-12 16:33:02 (4850353691065) STATS - 104.4, 0
2018-11-12 16:33:02 (4850353712066) STATS - 104.5, 0
2018-11-12 16:33:02 (4850353733367) STATS - 104.6, 0
2018-11-12 16:33:02 (4850353754167) STATS - 104.7, 0
2018-11-12 16:33:02 (4850353797869) STATS - 104.8, 0
2018-11-12 16:33:02 (4850353836470) STATS - 104.9, 0
2018-11-12 16:33:02 (4850360742878) STATS - 105.0, 0
2018-11-12 16:33:02 (4850360799379) STATS - 105.1, 2
2018-11-12 16:33:02 (4850360827780) STATS - 105.2, 3
2018-11-12 16:33:02 (4850360850181) STATS - 105.3, 0
2018-11-12 16:33:02 (4850360870482) STATS - 105.4, 1
2018-11-12 16:33:02 (4850360890082) STATS - 105.5, 0
2018-11-12 16:33:02 (4850360909883) STATS - 105.6, 0
2018-11-12 16:33:02 (4850360929083) STATS - 105.7, 0
2018-11-12 16:33:02 (4850360948584) STATS - 105.8, 0
2018-11-12 16:33:02 (4850360967584) STATS - 105.9, 0
2018-11-12 16:33:02 (4850360997185) STATS - 106.0, 0
2018-11-12 16:33:02 (4850361015686) STATS - 106.1, 0
2018-11-12 16:33:02 (4850361037687) STATS - 106.2, 0
2018-11-12 16:33:02 (4850361058587) STATS - 106.3, 0
2018-11-12 16:33:02 (4850361077088) STATS - 106.4, 0
2018-11-12 16:33:02 (4850361274994) STATS - 106.5, 0
2018-11-12 16:33:02 (4850361308895) STATS - 106.6, 0
2018-11-12 16:33:02 (4850361329095) STATS - 106.7, 0
2018-11-12 16:33:02 (4850361348896) STATS - 106.8, 0
2018-11-12 16:33:02 (4850361374297) STATS - 106.9, 0
2018-11-12 16:33:02 (4850361394597) STATS - 107.0, 0
2018-11-12 16:33:02 (4850361413098) STATS - 107.1, 0
2018-11-12 16:33:02 (4850361431398) STATS - 107.2, 0
2018-11-12 16:33:02 (4850361449399) STATS - 107.3, 0
2018-11-12 16:33:02 (4850361467100) STATS - 107.4, 0
2018-11-12 16:33:02 (4850361484800) STATS - 107.5, 0
2018-11-12 16:33:02 (4850361502701) STATS - 107.6, 0
2018-11-12 16:33:02 (4850361520101) STATS - 107.7, 0
2018-11-12 16:33:02 (4850361537702) STATS - 107.8, 0
2018-11-12 16:33:02 (4850361555602) STATS - 107.9, 0
2018-11-12 16:33:02 (4850361573403) STATS - 108.0, 0
2018-11-12 16:33:02 (4850361591303) STATS - 108.1, 0
2018-11-12 16:33:02 (4850361609004) STATS - 108.2, 0
2018-11-12 16:33:02 (4850361626704) STATS - 108.3, 0
2018-11-12 16:33:02 (4850361644505) STATS - 108.4, 0
2018-11-12 16:33:02 (4850361662305) STATS - 108.5, 0
2018-11-12 16:33:02 (4850361680106) STATS - 108.6, 0
2018-11-12 16:33:02 (4850361698206) STATS - 108.7, 0
2018-11-12 16:33:02 (4850361717907) STATS - 108.8, 0
2018-11-12 16:33:02 (4850361736208) STATS - 108.9, 0
2018-11-12 16:33:02 (4850361756208) STATS - 109.0, 0
2018-11-12 16:33:02 (4850361774609) STATS - 109.1, 0
2018-11-12 16:33:02 (4850361792409) STATS - 109.2, 0
2018-11-12 16:33:02 (4850361821110) STATS - 109.3, 0
2018-11-12 16:33:02 (4850361839611) STATS - 109.4, 0
2018-11-12 16:33:02 (4850361857411) STATS - 109.5, 0
2018-11-12 16:33:02 (4850361875212) STATS - 109.6, 0
2018-11-12 16:33:02 (4850361892712) STATS - 109.7, 1
2018-11-12 16:33:02 (4850361910413) STATS - 109.8, 0
2018-11-12 16:33:02 (4850361928213) STATS - 109.9, 0
2018-11-12 16:33:02 (4850361946814) STATS - 110.0, 0
2018-11-12 16:33:02 (4850361964915) STATS - 110.1, 0
2018-11-12 16:33:02 (4850361984715) STATS - 110.2, 0
2018-11-12 16:33:02 (4850362003016) STATS - 110.3, 0
2018-11-12 16:33:02 (4850362032917) STATS - 110.4, 0
2018-11-12 16:33:02 (4850362051317) STATS - 110.5, 0
2018-11-12 16:33:02 (4850362069818) STATS - 110.6, 0
2018-11-12 16:33:02 (4850362088618) STATS - 110.7, 0
2018-11-12 16:33:02 (4850362107319) STATS - 110.8, 1
2018-11-12 16:33:02 (4850362125819) STATS - 110.9, 0
2018-11-12 16:33:02 (4850362144720) STATS - 111.0, 1
2018-11-12 16:33:02 (4850362163320) STATS - 111.1, 0
2018-11-12 16:33:02 (4850362181721) STATS - 111.2, 0
2018-11-12 16:33:02 (4850362200222) STATS - 111.3, 0
2018-11-12 16:33:02 (4850362218822) STATS - 111.4, 0
2018-11-12 16:33:02 (4850362237323) STATS - 111.5, 1
2018-11-12 16:33:02 (4850362255823) STATS - 111.6, 0
2018-11-12 16:33:02 (4850362274224) STATS - 111.7, 0
2018-11-12 16:33:02 (4850362293024) STATS - 111.8, 0
2018-11-12 16:33:02 (4850362311525) STATS - 111.9, 0
2018-11-12 16:33:02 (4850362330125) STATS - 112.0, 0
2018-11-12 16:33:02 (4850362348926) STATS - 112.1, 0
2018-11-12 16:33:02 (4850362367327) STATS - 112.2, 1
2018-11-12 16:33:02 (4850362385927) STATS - 112.3, 0
2018-11-12 16:33:02 (4850362404428) STATS - 112.4, 0
2018-11-12 16:33:02 (4850362422828) STATS - 112.5, 0
2018-11-12 16:33:02 (4850362441529) STATS - 112.6, 0
2018-11-12 16:33:02 (4850362460029) STATS - 112.7, 0
2018-11-12 16:33:02 (4850362480130) STATS - 112.8, 2
2018-11-12 16:33:02 (4850362498931) STATS - 112.9, 0
2018-11-12 16:33:02 (4850362517731) STATS - 113.0, 0
2018-11-12 16:33:02 (4850362538132) STATS - 113.1, 0
2018-11-12 16:33:02 (4850362556832) STATS - 113.2, 0
2018-11-12 16:33:02 (4850362575833) STATS - 113.3, 0
2018-11-12 16:33:02 (4850362594633) STATS - 113.4, 1
2018-11-12 16:33:02 (4850362618634) STATS - 113.5, 1
2018-11-12 16:33:02 (4850362661135) STATS - 113.6, 0
2018-11-12 16:33:02 (4850362682336) STATS - 113.7, 0
2018-11-12 16:33:02 (4850362701537) STATS - 113.8, 0
2018-11-12 16:33:02 (4850362720137) STATS - 113.9, 0
2018-11-12 16:33:02 (4850362738838) STATS - 114.0, 0
2018-11-12 16:33:02 (4850362757738) STATS - 114.1, 0
2018-11-12 16:33:02 (4850362777839) STATS - 114.2, 0
2018-11-12 16:33:02 (4850362796740) STATS - 114.3, 0
2018-11-12 16:33:02 (4850362815540) STATS - 114.4, 0
2018-11-12 16:33:02 (4850362834141) STATS - 114.5, 0
2018-11-12 16:33:02 (4850362852841) STATS - 114.6, 0
2018-11-12 16:33:02 (4850362871842) STATS - 114.7, 0
2018-11-12 16:33:02 (4850362890542) STATS - 114.8, 0
2018-11-12 16:33:02 (4850362909143) STATS - 114.9, 0
2018-11-12 16:33:02 (4850362927943) STATS - 115.0, 0
2018-11-12 16:33:02 (4850362953744) STATS - 115.1, 0
2018-11-12 16:33:02 (4850362979245) STATS - 115.2, 0
2018-11-12 16:33:02 (4850362999946) STATS - 115.3, 0
2018-11-12 16:33:02 (4850363018646) STATS - 115.4, 0
2018-11-12 16:33:02 (4850363037147) STATS - 115.5, 0
2018-11-12 16:33:02 (4850363055747) STATS - 115.6, 0
2018-11-12 16:33:02 (4850363084348) STATS - 115.7, 0
2018-11-12 16:33:02 (4850363103449) STATS - 115.8, 0
2018-11-12 16:33:02 (4850363121649) STATS - 115.9, 0
2018-11-12 16:33:02 (4850363139450) STATS - 116.0, 0
2018-11-12 16:33:02 (4850363157350) STATS - 116.1, 0
2018-11-12 16:33:02 (4850363174951) STATS - 116.2, 0
2018-11-12 16:33:02 (4850363192451) STATS - 116.3, 0
2018-11-12 16:33:02 (4850363209852) STATS - 116.4, 0
2018-11-12 16:33:02 (4850363239353) STATS - 116.5, 0
2018-11-12 16:33:02 (4850363257853) STATS - 116.6, 0
2018-11-12 16:33:02 (4850363276354) STATS - 116.7, 0
2018-11-12 16:33:02 (4850363294855) STATS - 116.8, 1
2018-11-12 16:33:02 (4850363313255) STATS - 116.9, 0
2018-11-12 16:33:02 (4850363331956) STATS - 117.0, 0
2018-11-12 16:33:02 (4850363350656) STATS - 117.1, 0
2018-11-12 16:33:02 (4850363369057) STATS - 117.2, 0
2018-11-12 16:33:02 (4850363387457) STATS - 117.3, 0
2018-11-12 16:33:02 (4850363405858) STATS - 117.4, 0
2018-11-12 16:33:02 (4850363424158) STATS - 117.5, 1
2018-11-12 16:33:02 (4850363443859) STATS - 117.6, 1
2018-11-12 16:33:02 (4850363462760) STATS - 117.7, 0
2018-11-12 16:33:02 (4850363481260) STATS - 117.8, 0
2018-11-12 16:33:02 (4850363509461) STATS - 117.9, 0
2018-11-12 16:33:02 (4850363528562) STATS - 118.0, 0
2018-11-12 16:33:02 (4850363547362) STATS - 118.1, 0
2018-11-12 16:33:02 (4850370534772) STATS - 118.2, 0
2018-11-12 16:33:02 (4850370600174) STATS - 118.3, 0
2018-11-12 16:33:02 (4850370619875) STATS - 118.4, 0
2018-11-12 16:33:02 (4850370636676) STATS - 118.5, 0
2018-11-12 16:33:02 (4850370657176) STATS - 118.6, 0
2018-11-12 16:33:02 (4850370674577) STATS - 118.7, 0
2018-11-12 16:33:02 (4850370690677) STATS - 118.8, 0
2018-11-12 16:33:02 (4850370706378) STATS - 118.9, 0
2018-11-12 16:33:02 (4850370723278) STATS - 119.0, 0
2018-11-12 16:33:02 (4850370749779) STATS - 119.1, 0
2018-11-12 16:33:02 (4850370765079) STATS - 119.2, 0
2018-11-12 16:33:02 (4850370780480) STATS - 119.3, 0
2018-11-12 16:33:02 (4850370795680) STATS - 119.4, 0
2018-11-12 16:33:02 (4850370810681) STATS - 119.5, 0
2018-11-12 16:33:02 (4850370826281) STATS - 119.6, 0
2018-11-12 16:33:02 (4850370841782) STATS - 119.7, 0
2018-11-12 16:33:02 (4850370857182) STATS - 119.8, 0
2018-11-12 16:33:02 (4850370872483) STATS - 119.9, 0
2018-11-12 16:33:02 (4850370888483) STATS - 120.0, 0
2018-11-12 16:33:02 (4850370904084) STATS - 120.1, 0
2018-11-12 16:33:02 (4850370919584) STATS - 120.2, 1
2018-11-12 16:33:02 (4850370965985) STATS - 120.3, 0
2018-11-12 16:33:02 (4850370995886) STATS - 120.4, 0
2018-11-12 16:33:02 (4850371024687) STATS - 120.5, 0
2018-11-12 16:33:02 (4850371041588) STATS - 120.6, 0
2018-11-12 16:33:02 (4850371057588) STATS - 120.7, 0
2018-11-12 16:33:02 (4850371073689) STATS - 120.8, 0
2018-11-12 16:33:02 (4850371089689) STATS - 120.9, 0
2018-11-12 16:33:02 (4850371108090) STATS - 121.0, 0
2018-11-12 16:33:02 (4850371124590) STATS - 121.1, 0
2018-11-12 16:33:02 (4850371148491) STATS - 121.2, 0
2018-11-12 16:33:02 (4850371168292) STATS - 121.3, 0
2018-11-12 16:33:02 (4850371185392) STATS - 121.4, 0
2018-11-12 16:33:02 (4850371201493) STATS - 121.5, 0
2018-11-12 16:33:02 (4850371217393) STATS - 121.6, 0
2018-11-12 16:33:02 (4850371233293) STATS - 121.7, 0
2018-11-12 16:33:02 (4850371251694) STATS - 121.8, 0
2018-11-12 16:33:02 (4850371267695) STATS - 121.9, 0
2018-11-12 16:33:02 (4850371287495) STATS - 122.0, 0
2018-11-12 16:33:02 (4850371304396) STATS - 122.1, 0
2018-11-12 16:33:02 (4850371343497) STATS - 122.2, 0
2018-11-12 16:33:02 (4850371359097) STATS - 122.3, 0
2018-11-12 16:33:02 (4850371374198) STATS - 122.4, 0
2018-11-12 16:33:02 (4850371389098) STATS - 122.5, 0
2018-11-12 16:33:02 (4850371404499) STATS - 122.6, 0
2018-11-12 16:33:02 (4850371419699) STATS - 122.7, 1
2018-11-12 16:33:02 (4850371434700) STATS - 122.8, 0
2018-11-12 16:33:02 (4850371449700) STATS - 122.9, 0
2018-11-12 16:33:02 (4850371464900) STATS - 123.0, 0
2018-11-12 16:33:02 (4850371480101) STATS - 123.1, 0
2018-11-12 16:33:02 (4850371495201) STATS - 123.2, 0
2018-11-12 16:33:02 (4850371510302) STATS - 123.3, 0
2018-11-12 16:33:02 (4850371525602) STATS - 123.4, 0
2018-11-12 16:33:02 (4850371540803) STATS - 123.5, 0
2018-11-12 16:33:02 (4850371555803) STATS - 123.6, 0
2018-11-12 16:33:02 (4850371570904) STATS - 123.7, 0
2018-11-12 16:33:02 (4850371586104) STATS - 123.8, 0
2018-11-12 16:33:02 (4850371601405) STATS - 123.9, 0
2018-11-12 16:33:02 (4850371616605) STATS - 124.0, 0
2018-11-12 16:33:02 (4850371643506) STATS - 124.1, 0
2018-11-12 16:33:02 (4850371659106) STATS - 124.2, 0
2018-11-12 16:33:02 (4850371692707) STATS - 124.3, 0
2018-11-12 16:33:02 (4850371709308) STATS - 124.4, 0
2018-11-12 16:33:02 (4850371725308) STATS - 124.5, 1
2018-11-12 16:33:02 (4850371741409) STATS - 124.6, 0
2018-11-12 16:33:02 (4850371757309) STATS - 124.7, 0
2018-11-12 16:33:02 (4850371776310) STATS - 124.8, 0
2018-11-12 16:33:02 (4850371793510) STATS - 124.9, 0
2018-11-12 16:33:02 (4850371811811) STATS - 125.0, 0
2018-11-12 16:33:02 (4850371828311) STATS - 125.1, 0
2018-11-12 16:33:02 (4850371844112) STATS - 125.2, 0
2018-11-12 16:33:02 (4850371860112) STATS - 125.3, 0
2018-11-12 16:33:02 (4850371876013) STATS - 125.4, 0
2018-11-12 16:33:02 (4850371892113) STATS - 125.5, 0
2018-11-12 16:33:02 (4850371909514) STATS - 125.6, 1
2018-11-12 16:33:02 (4850371925614) STATS - 125.7, 0
2018-11-12 16:33:02 (4850371941615) STATS - 125.8, 0
2018-11-12 16:33:02 (4850371957715) STATS - 125.9, 0
2018-11-12 16:33:02 (4850371987416) STATS - 126.0, 0
2018-11-12 16:33:02 (4850372025817) STATS - 126.1, 0
2018-11-12 16:33:02 (4850372043918) STATS - 126.2, 0
2018-11-12 16:33:02 (4850372061418) STATS - 126.3, 1
2018-11-12 16:33:02 (4850372083019) STATS - 126.4, 0
2018-11-12 16:33:02 (4850372099820) STATS - 126.5, 0
2018-11-12 16:33:02 (4850372123420) STATS - 126.6, 0
2018-11-12 16:33:02 (4850372142921) STATS - 126.7, 0
2018-11-12 16:33:02 (4850372158721) STATS - 126.8, 0
2018-11-12 16:33:02 (4850372174322) STATS - 126.9, 0
2018-11-12 16:33:02 (4850372190422) STATS - 127.0, 0
2018-11-12 16:33:02 (4850372206223) STATS - 127.1, 1
2018-11-12 16:33:02 (4850372221723) STATS - 127.2, 0
2018-11-12 16:33:02 (4850372237424) STATS - 127.3, 0
2018-11-12 16:33:02 (4850372253124) STATS - 127.4, 1
2018-11-12 16:33:02 (4850372268625) STATS - 127.5, 1
2018-11-12 16:33:02 (4850372284125) STATS - 127.6, 0
2018-11-12 16:33:02 (4850372299726) STATS - 127.7, 0
2018-11-12 16:33:02 (4850372315326) STATS - 127.8, 0
2018-11-12 16:33:02 (4850372332027) STATS - 127.9, 0
2018-11-12 16:33:02 (4850372354027) STATS - 128.0, 1
2018-11-12 16:33:02 (4850372371628) STATS - 128.1, 0
2018-11-12 16:33:02 (4850372387528) STATS - 128.2, 0
2018-11-12 16:33:02 (4850372403029) STATS - 128.3, 0
2018-11-12 16:33:02 (4850372418429) STATS - 128.4, 1
2018-11-12 16:33:02 (4850372433630) STATS - 128.5, 0
2018-11-12 16:33:02 (4850372449130) STATS - 128.6, 0
2018-11-12 16:33:02 (4850372464931) STATS - 128.7, 0
2018-11-12 16:33:02 (4850372480431) STATS - 128.8, 0
2018-11-12 16:33:02 (4850372495832) STATS - 128.9, 0
2018-11-12 16:33:02 (4850372511532) STATS - 129.0, 0
2018-11-12 16:33:02 (4850372527232) STATS - 129.1, 0
2018-11-12 16:33:02 (4850372542733) STATS - 129.2, 0
2018-11-12 16:33:02 (4850372558133) STATS - 129.3, 0
2018-11-12 16:33:02 (4850372573734) STATS - 129.4, 0
2018-11-12 16:33:02 (4850372600235) STATS - 129.5, 0
2018-11-12 16:33:02 (4850372615435) STATS - 129.6, 0
2018-11-12 16:33:02 (4850372630436) STATS - 129.7, 1
2018-11-12 16:33:02 (4850372645636) STATS - 129.8, 0
2018-11-12 16:33:02 (4850372660736) STATS - 129.9, 0
2018-11-12 16:33:02 (4850372676437) STATS - 130.0, 1
2018-11-12 16:33:02 (4850372691737) STATS - 130.1, 0
2018-11-12 16:33:02 (4850372707238) STATS - 130.2, 2
2018-11-12 16:33:02 (4850372722438) STATS - 130.3, 0
2018-11-12 16:33:02 (4850372737339) STATS - 130.4, 1
2018-11-12 16:33:02 (4850372752439) STATS - 130.5, 2
2018-11-12 16:33:02 (4850372767640) STATS - 130.6, 1
2018-11-12 16:33:02 (4850372782840) STATS - 130.7, 2
2018-11-12 16:33:02 (4850372797841) STATS - 130.8, 1
2018-11-12 16:33:02 (4850372813141) STATS - 130.9, 1
2018-11-12 16:33:02 (4850372828342) STATS - 131.0, 0
2018-11-12 16:33:02 (4850372843642) STATS - 131.1, 0
2018-11-12 16:33:02 (4850372858842) STATS - 131.2, 0
2018-11-12 16:33:02 (4850372874143) STATS - 131.3, 0
2018-11-12 16:33:02 (4850372889143) STATS - 131.4, 0
2018-11-12 16:33:02 (4850372904244) STATS - 131.5, 0
2018-11-12 16:33:02 (4850372919244) STATS - 131.6, 0
2018-11-12 16:33:02 (4850372934845) STATS - 131.7, 0
2018-11-12 16:33:02 (4850372952145) STATS - 131.8, 0
2018-11-12 16:33:02 (4850372967346) STATS - 131.9, 1
2018-11-12 16:33:02 (4850372982546) STATS - 132.0, 0
2018-11-12 16:33:02 (4850372997847) STATS - 132.1, 0
2018-11-12 16:33:02 (4850373013147) STATS - 132.2, 0
2018-11-12 16:33:02 (4850373028248) STATS - 132.3, 1
2018-11-12 16:33:02 (4850373043248) STATS - 132.4, 0
2018-11-12 16:33:02 (4850373058548) STATS - 132.5, 0
2018-11-12 16:33:02 (4850373073949) STATS - 132.6, 1
2018-11-12 16:33:02 (4850373089149) STATS - 132.7, 1
2018-11-12 16:33:02 (4850373104050) STATS - 132.8, 0
2018-11-12 16:33:02 (4850373131251) STATS - 132.9, 0
2018-11-12 16:33:02 (4850373158451) STATS - 133.0, 0
2018-11-12 16:33:02 (4850373174152) STATS - 133.1, 1
2018-11-12 16:33:02 (4850373190152) STATS - 133.2, 0
2018-11-12 16:33:02 (4850373205953) STATS - 133.3, 0
2018-11-12 16:33:02 (4850373221953) STATS - 133.4, 0
2018-11-12 16:33:02 (4850373237854) STATS - 133.5, 0
2018-11-12 16:33:02 (4850373253554) STATS - 133.6, 0
2018-11-12 16:33:02 (4850373269455) STATS - 133.7, 0
2018-11-12 16:33:02 (4850373285355) STATS - 133.8, 0
2018-11-12 16:33:02 (4850373301156) STATS - 133.9, 0
2018-11-12 16:33:02 (4850373316856) STATS - 134.0, 1
2018-11-12 16:33:02 (4850380349468) STATS - 134.1, 0
2018-11-12 16:33:02 (4850380401869) STATS - 134.2, 1
2018-11-12 16:33:02 (4850380429270) STATS - 134.3, 0
2018-11-12 16:33:02 (4850380445671) STATS - 134.4, 0
2018-11-12 16:33:02 (4850380463171) STATS - 134.5, 2
2018-11-12 16:33:02 (4850380479172) STATS - 134.6, 1
2018-11-12 16:33:02 (4850380506873) STATS - 134.7, 0
2018-11-12 16:33:02 (4850380565874) STATS - 134.8, 0
2018-11-12 16:33:02 (4850380581975) STATS - 134.9, 0
2018-11-12 16:33:02 (4850380659977) STATS - 135.0, 1
2018-11-12 16:33:02 (4850380683178) STATS - 135.1, 0
2018-11-12 16:33:02 (4850380698578) STATS - 135.2, 0
2018-11-12 16:33:02 (4850380713779) STATS - 135.3, 0
2018-11-12 16:33:02 (4850380785281) STATS - 135.4, 0
2018-11-12 16:33:02 (4850380807882) STATS - 135.5, 1
2018-11-12 16:33:02 (4850380823582) STATS - 135.6, 0
2018-11-12 16:33:02 (4850380863983) STATS - 135.7, 0
2018-11-12 16:33:02 (4850380882584) STATS - 135.8, 0
2018-11-12 16:33:02 (4850380899484) STATS - 135.9, 1
2018-11-12 16:33:02 (4850380916185) STATS - 136.0, 1
2018-11-12 16:33:02 (4850380932885) STATS - 136.1, 0
2018-11-12 16:33:02 (4850380948386) STATS - 136.2, 0
2018-11-12 16:33:02 (4850380963186) STATS - 136.3, 0
2018-11-12 16:33:02 (4850380977787) STATS - 136.4, 0
2018-11-12 16:33:02 (4850380992487) STATS - 136.5, 0
2018-11-12 16:33:02 (4850381014988) STATS - 136.6, 0
2018-11-12 16:33:02 (4850381036889) STATS - 136.7, 1
2018-11-12 16:33:02 (4850381051689) STATS - 136.8, 0
2018-11-12 16:33:02 (4850381066389) STATS - 136.9, 0
2018-11-12 16:33:02 (4850381081490) STATS - 137.0, 0
2018-11-12 16:33:02 (4850381096290) STATS - 137.1, 0
2018-11-12 16:33:02 (4850381110791) STATS - 137.2, 0
2018-11-12 16:33:02 (4850381125791) STATS - 137.3, 0
2018-11-12 16:33:02 (4850381140292) STATS - 137.4, 1
2018-11-12 16:33:02 (4850381154892) STATS - 137.5, 0
2018-11-12 16:33:02 (4850381169393) STATS - 137.6, 1
2018-11-12 16:33:02 (4850381184093) STATS - 137.7, 0
2018-11-12 16:33:02 (4850381198893) STATS - 137.8, 3
2018-11-12 16:33:02 (4850381213294) STATS - 137.9, 1
2018-11-12 16:33:02 (4850381227794) STATS - 138.0, 1
2018-11-12 16:33:02 (4850381243995) STATS - 138.1, 0
2018-11-12 16:33:02 (4850381259695) STATS - 138.2, 1
2018-11-12 16:33:02 (4850381274396) STATS - 138.3, 0
2018-11-12 16:33:02 (4850381291396) STATS - 138.4, 0
2018-11-12 16:33:02 (4850381306697) STATS - 138.5, 0
2018-11-12 16:33:02 (4850381321597) STATS - 138.6, 0
2018-11-12 16:33:02 (4850381338398) STATS - 138.7, 1
2018-11-12 16:33:02 (4850381353398) STATS - 138.8, 0
2018-11-12 16:33:02 (4850381367999) STATS - 138.9, 0
2018-11-12 16:33:03 (4850381489102) STATS - 139.0, 0
2018-11-12 16:33:03 (4850381514303) STATS - 139.1, 1
2018-11-12 16:33:03 (4850381532504) STATS - 139.2, 0
2018-11-12 16:33:03 (4850381548604) STATS - 139.3, 1
2018-11-12 16:33:03 (4850381563704) STATS - 139.4, 0
2018-11-12 16:33:03 (4850381578505) STATS - 139.5, 0
2018-11-12 16:33:03 (4850381593505) STATS - 139.6, 0
2018-11-12 16:33:03 (4850381608406) STATS - 139.7, 0
2018-11-12 16:33:03 (4850381623506) STATS - 139.8, 0
2018-11-12 16:33:03 (4850381638207) STATS - 139.9, 0
2018-11-12 16:33:03 (4850381655907) STATS - 140.0, 0
2018-11-12 16:33:03 (4850381672408) STATS - 140.1, 0
2018-11-12 16:33:03 (4850381687408) STATS - 140.2, 0
2018-11-12 16:33:03 (4850381761310) STATS - 140.3, 1
2018-11-12 16:33:03 (4850381808112) STATS - 140.4, 0
2018-11-12 16:33:03 (4850381823612) STATS - 140.5, 0
2018-11-12 16:33:03 (4850381838813) STATS - 140.6, 0
2018-11-12 16:33:03 (4850381855913) STATS - 140.7, 0
2018-11-12 16:33:03 (4850381872514) STATS - 140.8, 0
2018-11-12 16:33:03 (4850381888214) STATS - 140.9, 0
2018-11-12 16:33:03 (4850381903915) STATS - 141.0, 0
2018-11-12 16:33:03 (4850381919015) STATS - 141.1, 0
2018-11-12 16:33:03 (4850381933816) STATS - 141.2, 0
2018-11-12 16:33:03 (4850381948616) STATS - 141.3, 0
2018-11-12 16:33:03 (4850381963416) STATS - 141.4, 0
2018-11-12 16:33:03 (4850381978317) STATS - 141.5, 0
2018-11-12 16:33:03 (4850381992817) STATS - 141.6, 0
2018-11-12 16:33:03 (4850382112321) STATS - 141.7, 0
2018-11-12 16:33:03 (4850382132122) STATS - 141.8, 0
2018-11-12 16:33:03 (4850382147322) STATS - 141.9, 0
2018-11-12 16:33:03 (4850382163223) STATS - 142.0, 0
2018-11-12 16:33:03 (4850382178623) STATS - 142.1, 0
2018-11-12 16:33:03 (4850382193923) STATS - 142.2, 0
2018-11-12 16:33:03 (4850382208724) STATS - 142.3, 0
2018-11-12 16:33:03 (4850382223424) STATS - 142.4, 0
2018-11-12 16:33:03 (4850382238325) STATS - 142.5, 0
2018-11-12 16:33:03 (4850382253325) STATS - 142.6, 0
2018-11-12 16:33:03 (4850382268326) STATS - 142.7, 0
2018-11-12 16:33:03 (4850382283126) STATS - 142.8, 0
2018-11-12 16:33:03 (4850382298027) STATS - 142.9, 0
2018-11-12 16:33:03 (4850382313327) STATS - 143.0, 0
2018-11-12 16:33:03 (4850382328427) STATS - 143.1, 0
2018-11-12 16:33:03 (4850382343628) STATS - 143.2, 0
2018-11-12 16:33:03 (4850382358328) STATS - 143.3, 0
2018-11-12 16:33:03 (4850382378229) STATS - 143.4, 0
2018-11-12 16:33:03 (4850382394329) STATS - 143.5, 0
2018-11-12 16:33:03 (4850382409830) STATS - 143.6, 0
2018-11-12 16:33:03 (4850382458531) STATS - 143.7, 0
2018-11-12 16:33:03 (4850382474132) STATS - 143.8, 0
2018-11-12 16:33:03 (4850382569835) STATS - 143.9, 0
2018-11-12 16:33:03 (4850382590235) STATS - 144.0, 0
2018-11-12 16:33:03 (4850382605736) STATS - 144.1, 0
2018-11-12 16:33:03 (4850382620736) STATS - 144.2, 0
2018-11-12 16:33:03 (4850382635337) STATS - 144.3, 0
2018-11-12 16:33:03 (4850382649837) STATS - 144.4, 0
2018-11-12 16:33:03 (4850382664538) STATS - 144.5, 0
2018-11-12 16:33:03 (4850382679138) STATS - 144.6, 0
2018-11-12 16:33:03 (4850382693838) STATS - 144.7, 0
2018-11-12 16:33:03 (4850382708339) STATS - 144.8, 0
2018-11-12 16:33:03 (4850382722639) STATS - 144.9, 0
2018-11-12 16:33:03 (4850382737240) STATS - 145.0, 0
2018-11-12 16:33:03 (4850382751840) STATS - 145.1, 0
2018-11-12 16:33:03 (4850382766541) STATS - 145.2, 0
2018-11-12 16:33:03 (4850382781241) STATS - 145.3, 0
2018-11-12 16:33:03 (4850382795642) STATS - 145.4, 0
2018-11-12 16:33:03 (4850382810142) STATS - 145.5, 0
2018-11-12 16:33:03 (4850382824742) STATS - 145.6, 0
2018-11-12 16:33:03 (4850382839443) STATS - 145.7, 0
2018-11-12 16:33:03 (4850382853843) STATS - 145.8, 0
2018-11-12 16:33:03 (4850382868244) STATS - 145.9, 0
2018-11-12 16:33:03 (4850382886644) STATS - 146.0, 0
2018-11-12 16:33:03 (4850382902245) STATS - 146.1, 0
2018-11-12 16:33:03 (4850382917245) STATS - 146.2, 1
2018-11-12 16:33:03 (4850382937846) STATS - 146.3, 0
2018-11-12 16:33:03 (4850382952346) STATS - 146.4, 0
2018-11-12 16:33:03 (4850382966847) STATS - 146.5, 0
2018-11-12 16:33:03 (4850382981747) STATS - 146.6, 0
2018-11-12 16:33:03 (4850382999448) STATS - 146.7, 0
2018-11-12 16:33:03 (4850383019248) STATS - 146.8, 0
2018-11-12 16:33:03 (4850383033749) STATS - 146.9, 0
2018-11-12 16:33:03 (4850383048249) STATS - 147.0, 0
2018-11-12 16:33:03 (4850383062950) STATS - 147.1, 0
2018-11-12 16:33:03 (4850383077750) STATS - 147.2, 0
2018-11-12 16:33:03 (4850383092250) STATS - 147.3, 0
2018-11-12 16:33:03 (4850383106651) STATS - 147.4, 0
2018-11-12 16:33:03 (4850383120951) STATS - 147.5, 0
2018-11-12 16:33:03 (4850383135452) STATS - 147.6, 0
2018-11-12 16:33:03 (4850383150052) STATS - 147.7, 0
2018-11-12 16:33:03 (4850383164753) STATS - 147.8, 0
2018-11-12 16:33:03 (4850383179253) STATS - 147.9, 0
2018-11-12 16:33:03 (4850383193754) STATS - 148.0, 0
2018-11-12 16:33:03 (4850383208454) STATS - 148.1, 0
2018-11-12 16:33:03 (4850383223754) STATS - 148.2, 0
2018-11-12 16:33:03 (4850383238255) STATS - 148.3, 0
2018-11-12 16:33:03 (4850383252455) STATS - 148.4, 0
2018-11-12 16:33:03 (4850383266956) STATS - 148.5, 0
2018-11-12 16:33:03 (4850383281556) STATS - 148.6, 0
2018-11-12 16:33:03 (4850383296357) STATS - 148.7, 0
2018-11-12 16:33:03 (4850383438761) STATS - 148.8, 0
2018-11-12 16:33:03 (4850383465362) STATS - 148.9, 0
2018-11-12 16:33:03 (4850383481962) STATS - 149.0, 0
2018-11-12 16:33:03 (4850383528364) STATS - 149.1, 0
2018-11-12 16:33:03 (4850383545864) STATS - 149.2, 0
2018-11-12 16:33:03 (4850383560665) STATS - 149.3, 0
2018-11-12 16:33:03 (4850383575365) STATS - 149.4, 0
2018-11-12 16:33:03 (4850383590065) STATS - 149.5, 0
2018-11-12 16:33:03 (4850383605166) STATS - 149.6, 0
2018-11-12 16:33:03 (4850383620066) STATS - 149.7, 0
2018-11-12 16:33:03 (4850383634767) STATS - 149.8, 0
2018-11-12 16:33:03 (4850383649367) STATS - 149.9, 0
2018-11-12 16:33:03 (4850383665968) STATS - 150.0, 0
2018-11-12 16:33:03 (4850390148563) STATS - 150.1, 0
2018-11-12 16:33:03 (4850390183064) STATS - 150.2, 0
2018-11-12 16:33:03 (4850390198764) STATS - 150.3, 0
2018-11-12 16:33:03 (4850390212765) STATS - 150.4, 0
2018-11-12 16:33:03 (4850390229465) STATS - 150.5, 0
2018-11-12 16:33:03 (4850390244066) STATS - 150.6, 0
2018-11-12 16:33:03 (4850390258166) STATS - 150.7, 0
2018-11-12 16:33:03 (4850390271967) STATS - 150.8, 0
2018-11-12 16:33:03 (4850390288267) STATS - 150.9, 0
2018-11-12 16:33:03 (4850390305668) STATS - 151.0, 0
2018-11-12 16:33:03 (4850390320168) STATS - 151.1, 0
2018-11-12 16:33:03 (4850390355869) STATS - 151.2, 0
2018-11-12 16:33:03 (4850390372970) STATS - 151.3, 0
2018-11-12 16:33:03 (4850390386970) STATS - 151.4, 0
2018-11-12 16:33:03 (4850390400570) STATS - 151.5, 0
2018-11-12 16:33:03 (4850390414271) STATS - 151.6, 0
2018-11-12 16:33:03 (4850390428871) STATS - 151.7, 0
2018-11-12 16:33:03 (4850390445772) STATS - 151.8, 0
2018-11-12 16:33:03 (4850390507374) STATS - 151.9, 0
2018-11-12 16:33:03 (4850390543175) STATS - 152.0, 0
2018-11-12 16:33:03 (4850390568276) STATS - 152.1, 0
2018-11-12 16:33:03 (4850390582976) STATS - 152.2, 0
2018-11-12 16:33:03 (4850390596676) STATS - 152.3, 0
2018-11-12 16:33:03 (4850390609977) STATS - 152.4, 0
2018-11-12 16:33:03 (4850390623177) STATS - 152.5, 0
2018-11-12 16:33:03 (4850390636778) STATS - 152.6, 0
2018-11-12 16:33:03 (4850390669879) STATS - 152.7, 0
2018-11-12 16:33:03 (4850390696079) STATS - 152.8, 0
2018-11-12 16:33:03 (4850390717080) STATS - 152.9, 0
2018-11-12 16:33:03 (4850390741181) STATS - 153.0, 0
2018-11-12 16:33:03 (4850390766481) STATS - 153.1, 0
2018-11-12 16:33:03 (4850390780682) STATS - 153.2, 0
2018-11-12 16:33:03 (4850390794182) STATS - 153.3, 0
2018-11-12 16:33:03 (4850390807583) STATS - 153.4, 0
2018-11-12 16:33:03 (4850390822983) STATS - 153.5, 0
2018-11-12 16:33:03 (4850390838684) STATS - 153.6, 0
2018-11-12 16:33:03 (4850390853384) STATS - 153.7, 0
2018-11-12 16:33:03 (4850390867084) STATS - 153.8, 0
2018-11-12 16:33:03 (4850390880685) STATS - 153.9, 0
2018-11-12 16:33:03 (4850390894585) STATS - 154.0, 0
2018-11-12 16:33:03 (4850390908486) STATS - 154.1, 0
2018-11-12 16:33:03 (4850390922486) STATS - 154.2, 0
2018-11-12 16:33:03 (4850390944687) STATS - 154.3, 0
2018-11-12 16:33:03 (4850390958087) STATS - 154.4, 0
2018-11-12 16:33:03 (4850390974288) STATS - 154.5, 0
2018-11-12 16:33:03 (4850390991988) STATS - 154.6, 0
2018-11-12 16:33:03 (4850391005889) STATS - 154.7, 0
2018-11-12 16:33:03 (4850391019289) STATS - 154.8, 0
2018-11-12 16:33:03 (4850391032689) STATS - 154.9, 0
2018-11-12 16:33:03 (4850391046390) STATS - 155.0, 0
2018-11-12 16:33:03 (4850391061190) STATS - 155.1, 0
2018-11-12 16:33:03 (4850391075091) STATS - 155.2, 0
2018-11-12 16:33:03 (4850391088691) STATS - 155.3, 0
2018-11-12 16:33:03 (4850391101992) STATS - 155.4, 0
2018-11-12 16:33:03 (4850391116892) STATS - 155.5, 0
2018-11-12 16:33:03 (4850391145693) STATS - 155.6, 0
2018-11-12 16:33:03 (4850391165493) STATS - 155.7, 0
2018-11-12 16:33:03 (4850391179294) STATS - 155.8, 0
2018-11-12 16:33:03 (4850391192394) STATS - 155.9, 0
2018-11-12 16:33:03 (4850391205695) STATS - 156.0, 0
2018-11-12 16:33:03 (4850391219395) STATS - 156.1, 0
2018-11-12 16:33:03 (4850391234696) STATS - 156.2, 0
2018-11-12 16:33:03 (4850391248596) STATS - 156.3, 0
2018-11-12 16:33:03 (4850391261596) STATS - 156.4, 0
2018-11-12 16:33:03 (4850391274397) STATS - 156.5, 0
2018-11-12 16:33:03 (4850391287597) STATS - 156.6, 0
2018-11-12 16:33:03 (4850391306098) STATS - 156.7, 0
2018-11-12 16:33:03 (4850391320998) STATS - 156.8, 0
2018-11-12 16:33:03 (4850391333899) STATS - 156.9, 0
2018-11-12 16:33:03 (4850391347299) STATS - 157.0, 0
2018-11-12 16:33:03 (4850391360899) STATS - 157.1, 0
2018-11-12 16:33:03 (4850391374500) STATS - 157.2, 0
2018-11-12 16:33:03 (4850391387500) STATS - 157.3, 0
2018-11-12 16:33:03 (4850391442802) STATS - 157.4, 0
2018-11-12 16:33:03 (4850391456602) STATS - 157.5, 0
2018-11-12 16:33:03 (4850391470603) STATS - 157.6, 0
2018-11-12 16:33:03 (4850391484203) STATS - 157.7, 0
2018-11-12 16:33:03 (4850391497403) STATS - 157.8, 0
2018-11-12 16:33:03 (4850391510504) STATS - 157.9, 0
2018-11-12 16:33:03 (4850391524304) STATS - 158.0, 0
2018-11-12 16:33:03 (4850391538105) STATS - 158.1, 0
2018-11-12 16:33:03 (4850391551605) STATS - 158.2, 0
2018-11-12 16:33:03 (4850391564805) STATS - 158.3, 0
2018-11-12 16:33:03 (4850391577806) STATS - 158.4, 0
2018-11-12 16:33:03 (4850391590806) STATS - 158.5, 0
2018-11-12 16:33:03 (4850391604007) STATS - 158.6, 0
2018-11-12 16:33:03 (4850391617407) STATS - 158.7, 0
2018-11-12 16:33:03 (4850391630607) STATS - 158.8, 0
2018-11-12 16:33:03 (4850391643708) STATS - 158.9, 0
2018-11-12 16:33:03 (4850391656908) STATS - 159.0, 0
2018-11-12 16:33:03 (4850391672309) STATS - 159.1, 0
2018-11-12 16:33:03 (4850391686009) STATS - 159.2, 0
2018-11-12 16:33:03 (4850391699310) STATS - 159.3, 0
2018-11-12 16:33:03 (4850391712510) STATS - 159.4, 0
2018-11-12 16:33:03 (4850391727710) STATS - 159.5, 0
2018-11-12 16:33:03 (4850391741511) STATS - 159.6, 0
2018-11-12 16:33:03 (4850391754611) STATS - 159.7, 0
2018-11-12 16:33:03 (4850391767712) STATS - 159.8, 0
2018-11-12 16:33:03 (4850391782012) STATS - 159.9, 0
2018-11-12 16:33:03 (4850391802313) STATS - 160.0, 0
2018-11-12 16:33:03 (4850391819713) STATS - 160.1, 0
2018-11-12 16:33:03 (4850391833514) STATS - 160.2, 0
2018-11-12 16:33:03 (4850391854914) STATS - 160.3, 0
2018-11-12 16:33:03 (4850391868115) STATS - 160.4, 0
2018-11-12 16:33:03 (4850391882615) STATS - 160.5, 0
2018-11-12 16:33:03 (4850391896215) STATS - 160.6, 0
2018-11-12 16:33:03 (4850391910516) STATS - 160.7, 0
2018-11-12 16:33:03 (4850391924416) STATS - 160.8, 0
2018-11-12 16:33:03 (4850391937617) STATS - 160.9, 0
2018-11-12 16:33:03 (4850391954317) STATS - 161.0, 0
2018-11-12 16:33:03 (4850391968118) STATS - 161.1, 0
2018-11-12 16:33:03 (4850391981618) STATS - 161.2, 0
2018-11-12 16:33:03 (4850391994618) STATS - 161.3, 0
2018-11-12 16:33:03 (4850392033220) STATS - 161.4, 0
2018-11-12 16:33:03 (4850392047620) STATS - 161.5, 0
2018-11-12 16:33:03 (4850392060820) STATS - 161.6, 0
2018-11-12 16:33:03 (4850392073921) STATS - 161.7, 0
2018-11-12 16:33:03 (4850392086921) STATS - 161.8, 0
2018-11-12 16:33:03 (4850392099922) STATS - 161.9, 0
2018-11-12 16:33:03 (4850392113722) STATS - 162.0, 0
2018-11-12 16:33:03 (4850392127322) STATS - 162.1, 0
2018-11-12 16:33:03 (4850392140323) STATS - 162.2, 0
2018-11-12 16:33:03 (4850392153423) STATS - 162.3, 0
2018-11-12 16:33:03 (4850392166324) STATS - 162.4, 0
2018-11-12 16:33:03 (4850392179424) STATS - 162.5, 0
2018-11-12 16:33:03 (4850392192224) STATS - 162.6, 0
2018-11-12 16:33:03 (4850392205325) STATS - 162.7, 0
2018-11-12 16:33:03 (4850392218425) STATS - 162.8, 0
2018-11-12 16:33:03 (4850392231326) STATS - 162.9, 0
2018-11-12 16:33:03 (4850392244426) STATS - 163.0, 0
2018-11-12 16:33:03 (4850392257726) STATS - 163.1, 0
2018-11-12 16:33:03 (4850392270727) STATS - 163.2, 0
2018-11-12 16:33:03 (4850392283727) STATS - 163.3, 0
2018-11-12 16:33:03 (4850392296728) STATS - 163.4, 0
2018-11-12 16:33:03 (4850392309628) STATS - 163.5, 0
2018-11-12 16:33:03 (4850392327628) STATS - 163.6, 0
2018-11-12 16:33:03 (4850392340529) STATS - 163.7, 0
2018-11-12 16:33:03 (4850392358029) STATS - 163.8, 0
2018-11-12 16:33:03 (4850392372430) STATS - 163.9, 0
2018-11-12 16:33:03 (4850392387030) STATS - 164.0, 0
2018-11-12 16:33:03 (4850392400931) STATS - 164.1, 0
2018-11-12 16:33:03 (4850392414231) STATS - 164.2, 0
2018-11-12 16:33:03 (4850392429132) STATS - 164.3, 0
2018-11-12 16:33:03 (4850392442432) STATS - 164.4, 0
2018-11-12 16:33:03 (4850392455532) STATS - 164.5, 0
2018-11-12 16:33:03 (4850392468533) STATS - 164.6, 0
2018-11-12 16:33:03 (4850392484533) STATS - 164.7, 0
2018-11-12 16:33:03 (4850392535535) STATS - 164.8, 0
2018-11-12 16:33:03 (4850392549735) STATS - 164.9, 0
2018-11-12 16:33:03 (4850392563736) STATS - 165.0, 0
2018-11-12 16:33:03 (4850392577436) STATS - 165.1, 0
2018-11-12 16:33:03 (4850392592336) STATS - 165.2, 0
2018-11-12 16:33:03 (4850392605737) STATS - 165.3, 0
2018-11-12 16:33:03 (4850392619237) STATS - 165.4, 0
2018-11-12 16:33:03 (4850392632538) STATS - 165.5, 0
2018-11-12 16:33:03 (4850392645538) STATS - 165.6, 0
2018-11-12 16:33:03 (4850392658838) STATS - 165.7, 0
2018-11-12 16:33:03 (4850392672139) STATS - 165.8, 0
2018-11-12 16:33:03 (4850392685439) STATS - 165.9, 0
2018-11-12 16:33:03 (4850392702840) STATS - 166.0, 0
2018-11-12 16:33:03 (4850392721440) STATS - 166.1, 0
2018-11-12 16:33:03 (4850392734841) STATS - 166.2, 0
2018-11-12 16:33:03 (4850392749941) STATS - 166.3, 0
2018-11-12 16:33:03 (4850392763742) STATS - 166.4, 0
2018-11-12 16:33:03 (4850392777042) STATS - 166.5, 0
2018-11-12 16:33:03 (4850392813543) STATS - 166.6, 0
2018-11-12 16:33:03 (4850392830044) STATS - 166.7, 0
2018-11-12 16:33:03 (4850392849444) STATS - 166.8, 0
2018-11-12 16:33:03 (4850392862545) STATS - 166.9, 0
2018-11-12 16:33:03 (4850392876345) STATS - 167.0, 0
2018-11-12 16:33:03 (4850392889545) STATS - 167.1, 0
2018-11-12 16:33:03 (4850392904546) STATS - 167.2, 0
2018-11-12 16:33:03 (4850392917446) STATS - 167.3, 0
2018-11-12 16:33:03 (4850392930247) STATS - 167.4, 0
2018-11-12 16:33:03 (4850392943047) STATS - 167.5, 0
2018-11-12 16:33:03 (4850392955947) STATS - 167.6, 0
2018-11-12 16:33:03 (4850392968848) STATS - 167.7, 0
2018-11-12 16:33:03 (4850392982148) STATS - 167.8, 0
2018-11-12 16:33:03 (4850392995149) STATS - 167.9, 0
2018-11-12 16:33:03 (4850393008149) STATS - 168.0, 0
2018-11-12 16:33:03 (4850399978459) STATS - 168.1, 0
2018-11-12 16:33:03 (4850400068661) STATS - 168.2, 0
2018-11-12 16:33:03 (4850400086462) STATS - 168.3, 0
2018-11-12 16:33:03 (4850400100062) STATS - 168.4, 0
2018-11-12 16:33:03 (4850400113463) STATS - 168.5, 0
2018-11-12 16:33:03 (4850400126663) STATS - 168.6, 0
2018-11-12 16:33:03 (4850400139864) STATS - 168.7, 0
2018-11-12 16:33:03 (4850400152964) STATS - 168.8, 0
2018-11-12 16:33:03 (4850400166164) STATS - 168.9, 0
2018-11-12 16:33:03 (4850400182165) STATS - 169.0, 0
2018-11-12 16:33:03 (4850400200865) STATS - 169.1, 0
2018-11-12 16:33:03 (4850400214266) STATS - 169.2, 0
2018-11-12 16:33:03 (4850400227466) STATS - 169.3, 0
2018-11-12 16:33:03 (4850400240567) STATS - 169.4, 0
2018-11-12 16:33:03 (4850400253867) STATS - 169.5, 0
2018-11-12 16:33:03 (4850400306269) STATS - 169.6, 0
2018-11-12 16:33:03 (4850400320669) STATS - 169.7, 0
2018-11-12 16:33:03 (4850400333869) STATS - 169.8, 0
2018-11-12 16:33:03 (4850400346870) STATS - 169.9, 0
2018-11-12 16:33:03 (4850400361070) STATS - 170.0, 0
2018-11-12 16:33:03 (4850400374671) STATS - 170.1, 0
2018-11-12 16:33:03 (4850400387971) STATS - 170.2, 0
2018-11-12 16:33:03 (4850400433472) STATS - 170.3, 0
2018-11-12 16:33:03 (4850400448073) STATS - 170.4, 0
2018-11-12 16:33:03 (4850400461273) STATS - 170.5, 0
2018-11-12 16:33:03 (4850400474474) STATS - 170.6, 0
2018-11-12 16:33:03 (4850400487474) STATS - 170.7, 0
2018-11-12 16:33:03 (4850400500374) STATS - 170.8, 0
2018-11-12 16:33:03 (4850400513375) STATS - 170.9, 0
2018-11-12 16:33:03 (4850400527375) STATS - 171.0, 0
2018-11-12 16:33:03 (4850400541076) STATS - 171.1, 0
2018-11-12 16:33:03 (4850400554076) STATS - 171.2, 0
2018-11-12 16:33:03 (4850400566976) STATS - 171.3, 0
2018-11-12 16:33:03 (4850400579777) STATS - 171.4, 0
2018-11-12 16:33:03 (4850400592677) STATS - 171.5, 0
2018-11-12 16:33:03 (4850400605578) STATS - 171.6, 0
2018-11-12 16:33:03 (4850400620278) STATS - 171.7, 0
2018-11-12 16:33:03 (4850400633178) STATS - 171.8, 0
2018-11-12 16:33:03 (4850400646279) STATS - 171.9, 0
2018-11-12 16:33:03 (4850400659979) STATS - 172.0, 0
2018-11-12 16:33:03 (4850400673580) STATS - 172.1, 0
2018-11-12 16:33:03 (4850400688480) STATS - 172.2, 0
2018-11-12 16:33:03 (4850400701780) STATS - 172.3, 0
2018-11-12 16:33:03 (4850400730481) STATS - 172.4, 0
2018-11-12 16:33:03 (4850400743882) STATS - 172.5, 0
2018-11-12 16:33:03 (4850400760082) STATS - 172.6, 0
2018-11-12 16:33:03 (4850400777583) STATS - 172.7, 0
2018-11-12 16:33:03 (4850400791683) STATS - 172.8, 0
2018-11-12 16:33:03 (4850400804784) STATS - 172.9, 0
2018-11-12 16:33:03 (4850400818284) STATS - 173.0, 0
2018-11-12 16:33:03 (4850400831684) STATS - 173.1, 0
2018-11-12 16:33:03 (4850400880486) STATS - 173.2, 0
2018-11-12 16:33:03 (4850400893986) STATS - 173.3, 0
2018-11-12 16:33:03 (4850400906787) STATS - 173.4, 0
2018-11-12 16:33:03 (4850400919787) STATS - 173.5, 0
2018-11-12 16:33:03 (4850400932587) STATS - 173.6, 0
2018-11-12 16:33:03 (4850400945388) STATS - 173.7, 0
2018-11-12 16:33:03 (4850400958088) STATS - 173.8, 0
2018-11-12 16:33:03 (4850400970889) STATS - 173.9, 0
2018-11-12 16:33:03 (4850400984889) STATS - 174.0, 0
2018-11-12 16:33:03 (4850400998189) STATS - 174.1, 0
2018-11-12 16:33:03 (4850401010990) STATS - 174.2, 0
2018-11-12 16:33:03 (4850401023890) STATS - 174.3, 0
2018-11-12 16:33:03 (4850401036691) STATS - 174.4, 0
2018-11-12 16:33:03 (4850401049391) STATS - 174.5, 0
2018-11-12 16:33:03 (4850401062391) STATS - 174.6, 0
2018-11-12 16:33:03 (4850401075292) STATS - 174.7, 0
2018-11-12 16:33:03 (4850401087992) STATS - 174.8, 0
2018-11-12 16:33:03 (4850401100792) STATS - 174.9, 0
2018-11-12 16:33:03 (4850401113993) STATS - 175.0, 0
2018-11-12 16:33:03 (4850401126993) STATS - 175.1, 0
2018-11-12 16:33:03 (4850401139994) STATS - 175.2, 1
2018-11-12 16:33:03 (4850401165194) INFO  - END: Middleware stopped.
