2018-11-12 15:29:35 (1043376630617) INFO  - START: Middleware listening on address 10.0.0.11:8888.
2018-11-12 15:30:59 (1127188343158) STATS -  5.00, 2657, 0, 0.304789, 1.211857, 1.625581, 1.625581, 0.000000, 0.000000, 13288, 0, 0, 0.00, 0.00, 0
2018-11-12 15:30:59 (1127381256522) STATS - 10.00, 3221, 0, 0.175564, 0.944186, 1.199217, 1.199217, 0.000000, 0.000000, 16106, 0, 0, 0.00, 0.00, 0
2018-11-12 15:31:00 (1127468453576) STATS - 15.00, 3290, 0, 0.184729, 0.917958, 1.188858, 1.188858, 0.000000, 0.000000, 16454, 0, 0, 0.00, 0.00, 0
2018-11-12 15:31:00 (1127536626059) STATS - 20.00, 3194, 0, 0.166713, 1.030657, 1.284340, 1.284340, 0.000000, 0.000000, 15970, 0, 0, 0.00, 0.00, 0
2018-11-12 15:31:00 (1127588602243) STATS - 25.00, 3214, 0, 0.166457, 0.942467, 1.182310, 1.182310, 0.000000, 0.000000, 16070, 0, 0, 0.00, 0.00, 0
2018-11-12 15:31:00 (1127646091163) STATS - 30.00, 3209, 0, 0.180793, 1.002481, 1.267710, 1.267710, 0.000000, 0.000000, 16045, 0, 0, 0.00, 0.00, 0
2018-11-12 15:31:00 (1127703454079) STATS - 35.00, 3090, 0, 0.192826, 1.021599, 1.299282, 1.299282, 0.000000, 0.000000, 15453, 0, 0, 0.00, 0.00, 0
2018-11-12 15:31:00 (1127752502791) STATS - 40.00, 3191, 0, 0.172156, 0.971844, 1.237991, 1.237991, 0.000000, 0.000000, 15958, 0, 0, 0.00, 0.00, 0
2018-11-12 15:31:00 (1127800169068) STATS - 45.00, 3130, 0, 0.184527, 1.060289, 1.321349, 1.321349, 0.000000, 0.000000, 15651, 0, 0, 0.00, 0.00, 0
2018-11-12 15:31:00 (1127846761819) STATS - 50.00, 3164, 0, 0.199769, 0.952256, 1.237906, 1.237906, 0.000000, 0.000000, 15823, 0, 0, 0.00, 0.00, 0
2018-11-12 15:31:00 (1127885810583) STATS - 55.00, 3242, 0, 0.182888, 0.938037, 1.201969, 1.201969, 0.000000, 0.000000, 16213, 0, 0, 0.00, 0.00, 0
2018-11-12 15:31:00 (1127930833395) STATS - 60.00, 3211, 0, 0.178560, 0.947434, 1.216950, 1.216950, 0.000000, 0.000000, 16055, 0, 0, 0.00, 0.00, 0
2018-11-12 15:31:00 (1127962433175) STATS - 65.00, 3238, 0, 0.168642, 0.929224, 1.189029, 1.189029, 0.000000, 0.000000, 16194, 0, 0, 0.00, 0.00, 0
2018-11-12 15:31:00 (1127989843752) STATS - 70.00, 3290, 0, 0.173666, 0.930310, 1.192557, 1.192557, 0.000000, 0.000000, 16452, 0, 0, 0.00, 0.00, 0
2018-11-12 15:31:00 (1127998319262) STATS - 70.00, 44, 0, 0.282743, 0.915662, 1.237645, 1.237645, 0.000000, 0.000000, 224, 0, 0, 0.00, 0.00, 0
2018-11-12 15:31:00 (1128306742579) STATS - Interval, Responses
2018-11-12 15:31:00 (1128307154089) STATS - 0.1, 0
2018-11-12 15:31:00 (1128313328841) STATS - 0.2, 0
2018-11-12 15:31:00 (1128313558447) STATS - 0.3, 170
2018-11-12 15:31:00 (1128313726551) STATS - 0.4, 7719
2018-11-12 15:31:00 (1128314834378) STATS - 0.5, 24414
2018-11-12 15:31:00 (1128315018183) STATS - 0.6, 31805
2018-11-12 15:31:00 (1128315172487) STATS - 0.7, 32208
2018-11-12 15:31:00 (1128315322590) STATS - 0.8, 27867
2018-11-12 15:31:00 (1128315552196) STATS - 0.9, 21974
2018-11-12 15:31:00 (1128315704200) STATS - 1.0, 15502
2018-11-12 15:31:00 (1128315851503) STATS - 1.1, 10659
2018-11-12 15:31:00 (1128316090709) STATS - 1.2, 7199
2018-11-12 15:31:00 (1128316244513) STATS - 1.3, 4910
2018-11-12 15:31:00 (1128316802727) STATS - 1.4, 3520
2018-11-12 15:31:00 (1128317248438) STATS - 1.5, 2717
2018-11-12 15:31:00 (1128322670672) STATS - 1.6, 2151
2018-11-12 15:31:00 (1128322852476) STATS - 1.7, 1631
2018-11-12 15:31:00 (1128323002380) STATS - 1.8, 1368
2018-11-12 15:31:00 (1128323203685) STATS - 1.9, 1106
2018-11-12 15:31:00 (1128323361589) STATS - 2.0, 975
2018-11-12 15:31:00 (1128323538193) STATS - 2.1, 870
2018-11-12 15:31:00 (1128323782299) STATS - 2.2, 747
2018-11-12 15:31:00 (1128323955804) STATS - 2.3, 681
2018-11-12 15:31:00 (1128324161709) STATS - 2.4, 688
2018-11-12 15:31:00 (1128324571019) STATS - 2.5, 649
2018-11-12 15:31:00 (1128324775324) STATS - 2.6, 615
2018-11-12 15:31:00 (1128324977629) STATS - 2.7, 543
2018-11-12 15:31:00 (1128325122832) STATS - 2.8, 538
2018-11-12 15:31:00 (1128331664694) STATS - 2.9, 467
2018-11-12 15:31:00 (1128331860799) STATS - 3.0, 423
2018-11-12 15:31:00 (1128332040003) STATS - 3.1, 368
2018-11-12 15:31:00 (1128332240708) STATS - 3.2, 349
2018-11-12 15:31:00 (1128332406412) STATS - 3.3, 322
2018-11-12 15:31:00 (1128332585717) STATS - 3.4, 306
2018-11-12 15:31:00 (1128332745921) STATS - 3.5, 302
2018-11-12 15:31:00 (1128333017927) STATS - 3.6, 292
2018-11-12 15:31:00 (1128333185532) STATS - 3.7, 258
2018-11-12 15:31:00 (1128333372036) STATS - 3.8, 303
2018-11-12 15:31:00 (1128333539340) STATS - 3.9, 258
2018-11-12 15:31:00 (1128333689044) STATS - 4.0, 232
2018-11-12 15:31:00 (1128333845048) STATS - 4.1, 258
2018-11-12 15:31:00 (1128333996652) STATS - 4.2, 250
2018-11-12 15:31:00 (1128334149055) STATS - 4.3, 251
2018-11-12 15:31:00 (1128334361961) STATS - 4.4, 256
2018-11-12 15:31:00 (1128341255631) STATS - 4.5, 227
2018-11-12 15:31:00 (1128341454236) STATS - 4.6, 220
2018-11-12 15:31:00 (1128341630240) STATS - 4.7, 255
2018-11-12 15:31:00 (1128341845645) STATS - 4.8, 242
2018-11-12 15:31:00 (1128342030050) STATS - 4.9, 201
2018-11-12 15:31:00 (1128342171153) STATS - 5.0, 205
2018-11-12 15:31:00 (1128342310157) STATS - 5.1, 221
2018-11-12 15:31:00 (1128342462461) STATS - 5.2, 221
2018-11-12 15:31:00 (1128342600964) STATS - 5.3, 227
2018-11-12 15:31:00 (1128342738768) STATS - 5.4, 224
2018-11-12 15:31:00 (1128342875871) STATS - 5.5, 311
2018-11-12 15:31:00 (1128343016174) STATS - 5.6, 286
2018-11-12 15:31:00 (1128343209379) STATS - 5.7, 349
2018-11-12 15:31:00 (1128343350583) STATS - 5.8, 351
2018-11-12 15:31:00 (1128343502486) STATS - 5.9, 339
2018-11-12 15:31:00 (1128343660890) STATS - 6.0, 373
2018-11-12 15:31:00 (1128343943097) STATS - 6.1, 378
2018-11-12 15:31:00 (1128350784666) STATS - 6.2, 432
2018-11-12 15:31:00 (1128350921470) STATS - 6.3, 458
2018-11-12 15:31:00 (1128351053673) STATS - 6.4, 493
2018-11-12 15:31:00 (1128351220177) STATS - 6.5, 518
2018-11-12 15:31:00 (1128351380181) STATS - 6.6, 538
2018-11-12 15:31:00 (1128351518584) STATS - 6.7, 481
2018-11-12 15:31:00 (1128351711789) STATS - 6.8, 459
2018-11-12 15:31:00 (1128352333304) STATS - 6.9, 489
2018-11-12 15:31:00 (1128352500509) STATS - 7.0, 448
2018-11-12 15:31:00 (1128352663713) STATS - 7.1, 435
2018-11-12 15:31:00 (1128352793016) STATS - 7.2, 365
2018-11-12 15:31:00 (1128353229127) STATS - 7.3, 339
2018-11-12 15:31:00 (1128353436232) STATS - 7.4, 315
2018-11-12 15:31:00 (1128353593236) STATS - 7.5, 249
2018-11-12 15:31:00 (1128360228099) STATS - 7.6, 211
2018-11-12 15:31:00 (1128360403304) STATS - 7.7, 206
2018-11-12 15:31:00 (1128360536107) STATS - 7.8, 170
2018-11-12 15:31:00 (1128360660210) STATS - 7.9, 178
2018-11-12 15:31:00 (1128360780413) STATS - 8.0, 141
2018-11-12 15:31:00 (1128360941717) STATS - 8.1, 123
2018-11-12 15:31:00 (1128361065620) STATS - 8.2, 141
2018-11-12 15:31:00 (1128361190723) STATS - 8.3, 97
2018-11-12 15:31:00 (1128361314026) STATS - 8.4, 131
2018-11-12 15:31:00 (1128361437429) STATS - 8.5, 111
2018-11-12 15:31:00 (1128361569033) STATS - 8.6, 88
2018-11-12 15:31:00 (1128361696136) STATS - 8.7, 91
2018-11-12 15:31:00 (1128361818939) STATS - 8.8, 106
2018-11-12 15:31:00 (1128361941842) STATS - 8.9, 99
2018-11-12 15:31:00 (1128362065945) STATS - 9.0, 131
2018-11-12 15:31:00 (1128362189048) STATS - 9.1, 120
2018-11-12 15:31:00 (1128362315251) STATS - 9.2, 130
2018-11-12 15:31:00 (1128362436754) STATS - 9.3, 102
2018-11-12 15:31:00 (1128362560257) STATS - 9.4, 80
2018-11-12 15:31:00 (1128362688960) STATS - 9.5, 40
2018-11-12 15:31:00 (1128362814363) STATS - 9.6, 46
2018-11-12 15:31:00 (1128369884338) STATS - 9.7, 41
2018-11-12 15:31:00 (1128370180145) STATS - 9.8, 45
2018-11-12 15:31:00 (1128370337249) STATS - 9.9, 26
2018-11-12 15:31:00 (1128370475152) STATS - 10.0, 21
2018-11-12 15:31:00 (1128370619556) STATS - 10.1, 33
2018-11-12 15:31:00 (1128370725059) STATS - 10.2, 44
2018-11-12 15:31:00 (1128370828061) STATS - 10.3, 21
2018-11-12 15:31:00 (1128370997565) STATS - 10.4, 18
2018-11-12 15:31:00 (1128371110268) STATS - 10.5, 12
2018-11-12 15:31:00 (1128371246572) STATS - 10.6, 12
2018-11-12 15:31:00 (1128371361174) STATS - 10.7, 10
2018-11-12 15:31:00 (1128371514178) STATS - 10.8, 16
2018-11-12 15:31:00 (1128371667982) STATS - 10.9, 10
2018-11-12 15:31:00 (1128371786485) STATS - 11.0, 8
2018-11-12 15:31:00 (1128372039091) STATS - 11.1, 4
2018-11-12 15:31:00 (1128372189995) STATS - 11.2, 7
2018-11-12 15:31:00 (1128372309398) STATS - 11.3, 7
2018-11-12 15:31:00 (1128372446001) STATS - 11.4, 9
2018-11-12 15:31:00 (1128372542504) STATS - 11.5, 12
2018-11-12 15:31:00 (1128372651006) STATS - 11.6, 4
2018-11-12 15:31:00 (1128379999888) STATS - 11.7, 7
2018-11-12 15:31:00 (1128380339596) STATS - 11.8, 2
2018-11-12 15:31:00 (1128380461199) STATS - 11.9, 4
2018-11-12 15:31:00 (1128380617503) STATS - 12.0, 5
2018-11-12 15:31:01 (1128381955836) STATS - 12.1, 4
2018-11-12 15:31:01 (1128382081339) STATS - 12.2, 9
2018-11-12 15:31:01 (1128382198742) STATS - 12.3, 4
2018-11-12 15:31:01 (1128382406647) STATS - 12.4, 4
2018-11-12 15:31:01 (1128382526250) STATS - 12.5, 8
2018-11-12 15:31:01 (1128382629953) STATS - 12.6, 8
2018-11-12 15:31:01 (1128382741655) STATS - 12.7, 8
2018-11-12 15:31:01 (1128382869159) STATS - 12.8, 3
2018-11-12 15:31:01 (1128382965961) STATS - 12.9, 2
2018-11-12 15:31:01 (1128383058863) STATS - 13.0, 6
2018-11-12 15:31:01 (1128383189066) STATS - 13.1, 7
2018-11-12 15:31:01 (1128383315370) STATS - 13.2, 7
2018-11-12 15:31:01 (1128383423172) STATS - 13.3, 9
2018-11-12 15:31:01 (1128383525075) STATS - 13.4, 8
2018-11-12 15:31:01 (1128383631777) STATS - 13.5, 12
2018-11-12 15:31:01 (1128383745180) STATS - 13.6, 9
2018-11-12 15:31:01 (1128383852983) STATS - 13.7, 1
2018-11-12 15:31:01 (1128388677902) STATS - 13.8, 5
2018-11-12 15:31:01 (1128388842706) STATS - 13.9, 3
2018-11-12 15:31:01 (1128389087712) STATS - 14.0, 4
2018-11-12 15:31:01 (1128389191415) STATS - 14.1, 5
2018-11-12 15:31:01 (1128389293317) STATS - 14.2, 3
2018-11-12 15:31:01 (1128389394220) STATS - 14.3, 6
2018-11-12 15:31:01 (1128389531223) STATS - 14.4, 3
2018-11-12 15:31:01 (1128389652726) STATS - 14.5, 7
2018-11-12 15:31:01 (1128389802630) STATS - 14.6, 3
2018-11-12 15:31:01 (1128389986834) STATS - 14.7, 3
2018-11-12 15:31:01 (1128390100237) STATS - 14.8, 0
2018-11-12 15:31:01 (1128390200940) STATS - 14.9, 2
2018-11-12 15:31:01 (1128390297742) STATS - 15.0, 4
2018-11-12 15:31:01 (1128390411045) STATS - 15.1, 1
2018-11-12 15:31:01 (1128390585349) STATS - 15.2, 5
2018-11-12 15:31:01 (1128390706452) STATS - 15.3, 4
2018-11-12 15:31:01 (1128390812455) STATS - 15.4, 5
2018-11-12 15:31:01 (1128391253966) STATS - 15.5, 2
2018-11-12 15:31:01 (1128397642223) STATS - 15.6, 3
2018-11-12 15:31:01 (1128397847728) STATS - 15.7, 6
2018-11-12 15:31:01 (1128397983432) STATS - 15.8, 1
2018-11-12 15:31:01 (1128398075334) STATS - 15.9, 2
2018-11-12 15:31:01 (1128398211537) STATS - 16.0, 3
2018-11-12 15:31:01 (1128398351741) STATS - 16.1, 3
2018-11-12 15:31:01 (1128398454543) STATS - 16.2, 4
2018-11-12 15:31:01 (1128398553746) STATS - 16.3, 2
2018-11-12 15:31:01 (1128398665549) STATS - 16.4, 2
2018-11-12 15:31:01 (1128398918755) STATS - 16.5, 1
2018-11-12 15:31:01 (1128399021157) STATS - 16.6, 2
2018-11-12 15:31:01 (1128399120560) STATS - 16.7, 1
2018-11-12 15:31:01 (1128399225963) STATS - 16.8, 5
2018-11-12 15:31:01 (1128399328765) STATS - 16.9, 1
2018-11-12 15:31:01 (1128399449668) STATS - 17.0, 1
2018-11-12 15:31:01 (1128399543370) STATS - 17.1, 0
2018-11-12 15:31:01 (1128399655773) STATS - 17.2, 1
2018-11-12 15:31:01 (1128399776876) STATS - 17.3, 2
2018-11-12 15:31:01 (1128399878879) STATS - 17.4, 0
2018-11-12 15:31:01 (1128399993981) STATS - 17.5, 0
2018-11-12 15:31:01 (1128400113584) STATS - 17.6, 3
2018-11-12 15:31:01 (1128400209487) STATS - 17.7, 0
2018-11-12 15:31:01 (1128400315089) STATS - 17.8, 0
2018-11-12 15:31:01 (1128406794749) STATS - 17.9, 3
2018-11-12 15:31:01 (1128406988254) STATS - 18.0, 5
2018-11-12 15:31:01 (1128407128858) STATS - 18.1, 1
2018-11-12 15:31:01 (1128407237860) STATS - 18.2, 1
2018-11-12 15:31:01 (1128407371664) STATS - 18.3, 2
2018-11-12 15:31:01 (1128407480566) STATS - 18.4, 1
2018-11-12 15:31:01 (1128407585169) STATS - 18.5, 1
2018-11-12 15:31:01 (1128407684771) STATS - 18.6, 0
2018-11-12 15:31:01 (1128407795974) STATS - 18.7, 1
2018-11-12 15:31:01 (1128407897577) STATS - 18.8, 1
2018-11-12 15:31:01 (1128408046580) STATS - 18.9, 0
2018-11-12 15:31:01 (1128408185084) STATS - 19.0, 3
2018-11-12 15:31:01 (1128408289686) STATS - 19.1, 3
2018-11-12 15:31:01 (1128408400989) STATS - 19.2, 1
2018-11-12 15:31:01 (1128408526292) STATS - 19.3, 0
2018-11-12 15:31:01 (1128408640095) STATS - 19.4, 0
2018-11-12 15:31:01 (1128408739897) STATS - 19.5, 0
2018-11-12 15:31:01 (1128408850400) STATS - 19.6, 0
2018-11-12 15:31:01 (1128408947403) STATS - 19.7, 0
2018-11-12 15:31:01 (1128409149708) STATS - 19.8, 1
2018-11-12 15:31:01 (1128409251010) STATS - 19.9, 0
2018-11-12 15:31:01 (1128409350813) STATS - 20.0, 0
2018-11-12 15:31:01 (1128409465415) STATS - 20.1, 0
2018-11-12 15:31:01 (1128415997777) STATS - 20.2, 0
2018-11-12 15:31:01 (1128416138280) STATS - 20.3, 0
2018-11-12 15:31:01 (1128416244283) STATS - 20.4, 0
2018-11-12 15:31:01 (1128416346385) STATS - 20.5, 3
2018-11-12 15:31:01 (1128416447088) STATS - 20.6, 2
2018-11-12 15:31:01 (1128416547190) STATS - 20.7, 0
2018-11-12 15:31:01 (1128416646693) STATS - 20.8, 0
2018-11-12 15:31:01 (1128416746195) STATS - 20.9, 0
2018-11-12 15:31:01 (1128416843298) STATS - 21.0, 0
2018-11-12 15:31:01 (1128416943100) STATS - 21.1, 1
2018-11-12 15:31:01 (1128417094604) STATS - 21.2, 1
2018-11-12 15:31:01 (1128417211107) STATS - 21.3, 1
2018-11-12 15:31:01 (1128417313009) STATS - 21.4, 1
2018-11-12 15:31:01 (1128417413312) STATS - 21.5, 0
2018-11-12 15:31:01 (1128417540515) STATS - 21.6, 0
2018-11-12 15:31:01 (1128417645617) STATS - 21.7, 0
2018-11-12 15:31:01 (1128417745720) STATS - 21.8, 0
2018-11-12 15:31:01 (1128417846722) STATS - 21.9, 0
2018-11-12 15:31:01 (1128417946425) STATS - 22.0, 0
2018-11-12 15:31:01 (1128418049927) STATS - 22.1, 0
2018-11-12 15:31:01 (1128418157230) STATS - 22.2, 0
2018-11-12 15:31:01 (1128418257633) STATS - 22.3, 0
2018-11-12 15:31:01 (1128418357235) STATS - 22.4, 0
2018-11-12 15:31:01 (1128418459938) STATS - 22.5, 0
2018-11-12 15:31:01 (1128418558440) STATS - 22.6, 0
2018-11-12 15:31:01 (1128418659742) STATS - 22.7, 0
2018-11-12 15:31:01 (1128425707616) STATS - 22.8, 0
2018-11-12 15:31:01 (1128425995924) STATS - 22.9, 0
2018-11-12 15:31:01 (1128426085726) STATS - 23.0, 0
2018-11-12 15:31:01 (1128426246230) STATS - 23.1, 0
2018-11-12 15:31:01 (1128426398834) STATS - 23.2, 0
2018-11-12 15:31:01 (1128426505236) STATS - 23.3, 0
2018-11-12 15:31:01 (1128426625439) STATS - 23.4, 0
2018-11-12 15:31:01 (1128426727942) STATS - 23.5, 0
2018-11-12 15:31:01 (1128426840444) STATS - 23.6, 0
2018-11-12 15:31:01 (1128427085651) STATS - 23.7, 0
2018-11-12 15:31:01 (1128427187853) STATS - 23.8, 0
2018-11-12 15:31:01 (1128427296756) STATS - 23.9, 1
2018-11-12 15:31:01 (1128427464760) STATS - 24.0, 1
2018-11-12 15:31:01 (1128427607663) STATS - 24.1, 0
2018-11-12 15:31:01 (1128427702266) STATS - 24.2, 0
2018-11-12 15:31:01 (1128427793868) STATS - 24.3, 0
2018-11-12 15:31:01 (1128427897471) STATS - 24.4, 0
2018-11-12 15:31:01 (1128427985273) STATS - 24.5, 0
2018-11-12 15:31:01 (1128428088475) STATS - 24.6, 0
2018-11-12 15:31:01 (1128428176277) STATS - 24.7, 0
2018-11-12 15:31:01 (1128428263480) STATS - 24.8, 0
2018-11-12 15:31:01 (1128434908644) STATS - 24.9, 0
2018-11-12 15:31:01 (1128435109249) STATS - 25.0, 0
2018-11-12 15:31:01 (1128435214351) STATS - 25.1, 0
2018-11-12 15:31:01 (1128435304253) STATS - 25.2, 0
2018-11-12 15:31:01 (1128435391556) STATS - 25.3, 0
2018-11-12 15:31:01 (1128435479158) STATS - 25.4, 0
2018-11-12 15:31:01 (1128435570860) STATS - 25.5, 0
2018-11-12 15:31:01 (1128435661762) STATS - 25.6, 0
2018-11-12 15:31:01 (1128435757465) STATS - 25.7, 0
2018-11-12 15:31:01 (1128435844467) STATS - 25.8, 0
2018-11-12 15:31:01 (1128435930269) STATS - 25.9, 1
2018-11-12 15:31:01 (1128436053372) STATS - 26.0, 0
2018-11-12 15:31:01 (1128436143674) STATS - 26.1, 0
2018-11-12 15:31:01 (1128436231376) STATS - 26.2, 0
2018-11-12 15:31:01 (1128436329879) STATS - 26.3, 0
2018-11-12 15:31:01 (1128436428081) STATS - 26.4, 0
2018-11-12 15:31:01 (1128436515383) STATS - 26.5, 0
2018-11-12 15:31:01 (1128436612686) STATS - 26.6, 0
2018-11-12 15:31:01 (1128436701588) STATS - 26.7, 0
2018-11-12 15:31:01 (1128436799390) STATS - 26.8, 0
2018-11-12 15:31:01 (1128436933394) STATS - 26.9, 0
2018-11-12 15:31:01 (1128437019696) STATS - 27.0, 0
2018-11-12 15:31:01 (1128437108298) STATS - 27.1, 0
2018-11-12 15:31:01 (1128437196100) STATS - 27.2, 0
2018-11-12 15:31:01 (1128437282502) STATS - 27.3, 1
2018-11-12 15:31:01 (1128437368904) STATS - 27.4, 0
2018-11-12 15:31:01 (1128437454907) STATS - 27.5, 0
2018-11-12 15:31:01 (1128437540609) STATS - 27.6, 0
2018-11-12 15:31:01 (1128437627411) STATS - 27.7, 1
2018-11-12 15:31:01 (1128444387878) STATS - 27.8, 0
2018-11-12 15:31:01 (1128444531481) STATS - 27.9, 0
2018-11-12 15:31:01 (1128444615783) STATS - 28.0, 0
2018-11-12 15:31:01 (1128444699685) STATS - 28.1, 0
2018-11-12 15:31:01 (1128444782588) STATS - 28.2, 0
2018-11-12 15:31:01 (1128444929491) STATS - 28.3, 0
2018-11-12 15:31:01 (1128445019393) STATS - 28.4, 0
2018-11-12 15:31:01 (1128445102795) STATS - 28.5, 0
2018-11-12 15:31:01 (1128445185897) STATS - 28.6, 0
2018-11-12 15:31:01 (1128445268800) STATS - 28.7, 0
2018-11-12 15:31:01 (1128445362702) STATS - 28.8, 0
2018-11-12 15:31:01 (1128445448804) STATS - 28.9, 0
2018-11-12 15:31:01 (1128445538106) STATS - 29.0, 0
2018-11-12 15:31:01 (1128445691510) STATS - 29.1, 0
2018-11-12 15:31:01 (1128445816613) STATS - 29.2, 0
2018-11-12 15:31:01 (1128445902315) STATS - 29.3, 0
2018-11-12 15:31:01 (1128445984217) STATS - 29.4, 0
2018-11-12 15:31:01 (1128446065919) STATS - 29.5, 0
2018-11-12 15:31:01 (1128446148021) STATS - 29.6, 0
2018-11-12 15:31:01 (1128446230623) STATS - 29.7, 0
2018-11-12 15:31:01 (1128446314425) STATS - 29.8, 0
2018-11-12 15:31:01 (1128446396927) STATS - 29.9, 0
2018-11-12 15:31:01 (1128446496430) STATS - 30.0, 0
2018-11-12 15:31:01 (1128446589732) STATS - 30.1, 0
2018-11-12 15:31:01 (1128446673134) STATS - 30.2, 0
2018-11-12 15:31:01 (1128446758236) STATS - 30.3, 0
2018-11-12 15:31:01 (1128446855139) STATS - 30.4, 0
2018-11-12 15:31:01 (1128446944641) STATS - 30.5, 0
2018-11-12 15:31:01 (1128453617306) STATS - 30.6, 0
2018-11-12 15:31:01 (1128459417249) STATS - 30.7, 0
2018-11-12 15:31:01 (1128459515151) STATS - 30.8, 0
2018-11-12 15:31:01 (1128459598453) STATS - 30.9, 0
2018-11-12 15:31:01 (1128459672055) STATS - 31.0, 0
2018-11-12 15:31:01 (1128459772858) STATS - 31.1, 0
2018-11-12 15:31:01 (1128459848660) STATS - 31.2, 0
2018-11-12 15:31:01 (1128459969863) STATS - 31.3, 0
2018-11-12 15:31:01 (1128460081065) STATS - 31.4, 0
2018-11-12 15:31:01 (1128460180568) STATS - 31.5, 1
2018-11-12 15:31:01 (1128460295371) STATS - 31.6, 0
2018-11-12 15:31:01 (1128460380773) STATS - 31.7, 0
2018-11-12 15:31:01 (1128460449574) STATS - 31.8, 0
2018-11-12 15:31:01 (1128460517876) STATS - 31.9, 0
2018-11-12 15:31:01 (1128460582878) STATS - 32.0, 0
2018-11-12 15:31:01 (1128460657880) STATS - 32.1, 0
2018-11-12 15:31:01 (1128460735481) STATS - 32.2, 0
2018-11-12 15:31:01 (1128460805383) STATS - 32.3, 0
2018-11-12 15:31:01 (1128460873385) STATS - 32.4, 0
2018-11-12 15:31:01 (1128460957287) STATS - 32.5, 0
2018-11-12 15:31:01 (1128461154292) STATS - 32.6, 0
2018-11-12 15:31:01 (1128461239794) STATS - 32.7, 0
2018-11-12 15:31:01 (1128462242219) STATS - 32.8, 0
2018-11-12 15:31:01 (1128462316421) STATS - 32.9, 0
2018-11-12 15:31:01 (1128462384222) STATS - 33.0, 0
2018-11-12 15:31:01 (1128462454924) STATS - 33.1, 0
2018-11-12 15:31:01 (1128462536426) STATS - 33.2, 0
2018-11-12 15:31:01 (1128462621028) STATS - 33.3, 0
2018-11-12 15:31:01 (1128462742731) STATS - 33.4, 0
2018-11-12 15:31:01 (1128462854434) STATS - 33.5, 0
2018-11-12 15:31:01 (1128462927936) STATS - 33.6, 0
2018-11-12 15:31:01 (1128462997137) STATS - 33.7, 0
2018-11-12 15:31:01 (1128463065839) STATS - 33.8, 0
2018-11-12 15:31:01 (1128463136441) STATS - 33.9, 0
2018-11-12 15:31:01 (1128463236643) STATS - 34.0, 0
2018-11-12 15:31:01 (1128463303445) STATS - 34.1, 0
2018-11-12 15:31:01 (1128463391947) STATS - 34.2, 0
2018-11-12 15:31:01 (1128463468449) STATS - 34.3, 0
2018-11-12 15:31:01 (1128463533251) STATS - 34.4, 0
2018-11-12 15:31:01 (1128463597652) STATS - 34.5, 0
2018-11-12 15:31:01 (1128463670754) STATS - 34.6, 0
2018-11-12 15:31:01 (1128463733256) STATS - 34.7, 0
2018-11-12 15:31:01 (1128464437373) STATS - 34.8, 0
2018-11-12 15:31:01 (1128464524175) STATS - 34.9, 0
2018-11-12 15:31:01 (1128464592477) STATS - 35.0, 0
2018-11-12 15:31:01 (1128464660278) STATS - 35.1, 0
2018-11-12 15:31:01 (1128464748581) STATS - 35.2, 0
2018-11-12 15:31:01 (1128464825983) STATS - 35.3, 0
2018-11-12 15:31:01 (1128464889684) STATS - 35.4, 0
2018-11-12 15:31:01 (1128464952486) STATS - 35.5, 0
2018-11-12 15:31:01 (1128465015487) STATS - 35.6, 0
2018-11-12 15:31:01 (1128465076389) STATS - 35.7, 0
2018-11-12 15:31:01 (1128465138490) STATS - 35.8, 0
2018-11-12 15:31:01 (1128465200892) STATS - 35.9, 0
2018-11-12 15:31:01 (1128465258793) STATS - 36.0, 0
2018-11-12 15:31:01 (1128465318895) STATS - 36.1, 0
2018-11-12 15:31:01 (1128465378996) STATS - 36.2, 1
2018-11-12 15:31:01 (1128465440398) STATS - 36.3, 0
2018-11-12 15:31:01 (1128465544700) STATS - 36.4, 0
2018-11-12 15:31:01 (1128465659803) STATS - 36.5, 0
2018-11-12 15:31:01 (1128465733705) STATS - 36.6, 0
2018-11-12 15:31:01 (1128465829207) STATS - 36.7, 0
2018-11-12 15:31:01 (1128465929410) STATS - 36.8, 0
2018-11-12 15:31:01 (1128466015212) STATS - 36.9, 0
2018-11-12 15:31:01 (1128466073613) STATS - 37.0, 0
2018-11-12 15:31:01 (1128466134815) STATS - 37.1, 0
2018-11-12 15:31:01 (1128472581274) STATS - 37.2, 0
2018-11-12 15:31:01 (1128472685277) STATS - 37.3, 0
2018-11-12 15:31:01 (1128472770179) STATS - 37.4, 0
2018-11-12 15:31:01 (1128472827480) STATS - 37.5, 0
2018-11-12 15:31:01 (1128472887382) STATS - 37.6, 0
2018-11-12 15:31:01 (1128472945583) STATS - 37.7, 0
2018-11-12 15:31:01 (1128473002184) STATS - 37.8, 0
2018-11-12 15:31:01 (1128473058986) STATS - 37.9, 0
2018-11-12 15:31:01 (1128473112387) STATS - 38.0, 0
2018-11-12 15:31:01 (1128473167689) STATS - 38.1, 0
2018-11-12 15:31:01 (1128473222890) STATS - 38.2, 0
2018-11-12 15:31:01 (1128473281191) STATS - 38.3, 0
2018-11-12 15:31:01 (1128473339893) STATS - 38.4, 0
2018-11-12 15:31:01 (1128473396394) STATS - 38.5, 0
2018-11-12 15:31:01 (1128473453896) STATS - 38.6, 0
2018-11-12 15:31:01 (1128473521897) STATS - 38.7, 0
2018-11-12 15:31:01 (1128473580899) STATS - 38.8, 0
2018-11-12 15:31:01 (1128473648300) STATS - 38.9, 0
2018-11-12 15:31:01 (1128473728602) STATS - 39.0, 0
2018-11-12 15:31:01 (1128473788304) STATS - 39.1, 0
2018-11-12 15:31:01 (1128473885106) STATS - 39.2, 0
2018-11-12 15:31:01 (1128473947508) STATS - 39.3, 0
2018-11-12 15:31:01 (1128474010409) STATS - 39.4, 1
2018-11-12 15:31:01 (1128474073211) STATS - 39.5, 0
2018-11-12 15:31:01 (1128474147613) STATS - 39.6, 0
2018-11-12 15:31:01 (1128474220314) STATS - 39.7, 0
2018-11-12 15:31:01 (1128474283716) STATS - 39.8, 0
2018-11-12 15:31:01 (1128474346118) STATS - 39.9, 0
2018-11-12 15:31:01 (1128474408519) STATS - 40.0, 0
2018-11-12 15:31:01 (1128474470721) STATS - 40.1, 0
2018-11-12 15:31:01 (1128474532522) STATS - 40.2, 0
2018-11-12 15:31:01 (1128474595124) STATS - 40.3, 0
2018-11-12 15:31:01 (1128474658125) STATS - 40.4, 0
2018-11-12 15:31:01 (1128474731427) STATS - 40.5, 0
2018-11-12 15:31:01 (1128474791929) STATS - 40.6, 0
2018-11-12 15:31:01 (1128474855330) STATS - 40.7, 0
2018-11-12 15:31:01 (1128474929332) STATS - 40.8, 0
2018-11-12 15:31:01 (1128474993334) STATS - 40.9, 0
2018-11-12 15:31:01 (1128475054535) STATS - 41.0, 0
2018-11-12 15:31:01 (1128475116337) STATS - 41.1, 0
2018-11-12 15:31:01 (1128475178438) STATS - 41.2, 0
2018-11-12 15:31:01 (1128475251840) STATS - 41.3, 0
2018-11-12 15:31:01 (1128475323442) STATS - 41.4, 0
2018-11-12 15:31:01 (1128475381943) STATS - 41.5, 0
2018-11-12 15:31:01 (1128482388116) STATS - 41.6, 0
2018-11-12 15:31:01 (1128482466518) STATS - 41.7, 0
2018-11-12 15:31:01 (1128482522120) STATS - 41.8, 0
2018-11-12 15:31:01 (1128482575721) STATS - 41.9, 0
2018-11-12 15:31:01 (1128482626222) STATS - 42.0, 0
2018-11-12 15:31:01 (1128482677323) STATS - 42.1, 0
2018-11-12 15:31:01 (1128482728425) STATS - 42.2, 0
2018-11-12 15:31:01 (1128482780226) STATS - 42.3, 0
2018-11-12 15:31:01 (1128482831927) STATS - 42.4, 0
2018-11-12 15:31:01 (1128482883428) STATS - 42.5, 0
2018-11-12 15:31:01 (1128482986931) STATS - 42.6, 0
2018-11-12 15:31:01 (1128483043132) STATS - 42.7, 0
2018-11-12 15:31:01 (1128483097934) STATS - 42.8, 0
2018-11-12 15:31:01 (1128483204836) STATS - 42.9, 0
2018-11-12 15:31:01 (1128483287238) STATS - 43.0, 0
2018-11-12 15:31:01 (1128483351040) STATS - 43.1, 0
2018-11-12 15:31:01 (1128483416242) STATS - 43.2, 0
2018-11-12 15:31:01 (1128483480943) STATS - 43.3, 0
2018-11-12 15:31:01 (1128483540245) STATS - 43.4, 0
2018-11-12 15:31:01 (1128483596646) STATS - 43.5, 0
2018-11-12 15:31:01 (1128483653147) STATS - 43.6, 0
2018-11-12 15:31:01 (1128483754150) STATS - 43.7, 0
2018-11-12 15:31:01 (1128483807751) STATS - 43.8, 0
2018-11-12 15:31:01 (1128483862153) STATS - 43.9, 0
2018-11-12 15:31:01 (1128483913654) STATS - 44.0, 0
2018-11-12 15:31:01 (1128483966855) STATS - 44.1, 0
2018-11-12 15:31:01 (1128484055857) STATS - 44.2, 0
2018-11-12 15:31:01 (1128484127459) STATS - 44.3, 0
2018-11-12 15:31:01 (1128484183861) STATS - 44.4, 0
2018-11-12 15:31:01 (1128484254562) STATS - 44.5, 0
2018-11-12 15:31:01 (1128484311564) STATS - 44.6, 0
2018-11-12 15:31:01 (1128484391766) STATS - 44.7, 0
2018-11-12 15:31:01 (1128484452367) STATS - 44.8, 0
2018-11-12 15:31:01 (1128484518369) STATS - 44.9, 0
2018-11-12 15:31:01 (1128484584470) STATS - 45.0, 0
2018-11-12 15:31:01 (1128484640072) STATS - 45.1, 0
2018-11-12 15:31:01 (1128484697573) STATS - 45.2, 0
2018-11-12 15:31:01 (1128484753375) STATS - 45.3, 0
2018-11-12 15:31:01 (1128484809776) STATS - 45.4, 0
2018-11-12 15:31:01 (1128484904878) STATS - 45.5, 0
2018-11-12 15:31:01 (1128484955880) STATS - 45.6, 0
2018-11-12 15:31:01 (1128485006881) STATS - 45.7, 0
2018-11-12 15:31:01 (1128485058982) STATS - 45.8, 0
2018-11-12 15:31:01 (1128485113183) STATS - 45.9, 0
2018-11-12 15:31:01 (1128485163585) STATS - 46.0, 0
2018-11-12 15:31:01 (1128492135757) STATS - 46.1, 0
2018-11-12 15:31:01 (1128492277960) STATS - 46.2, 0
2018-11-12 15:31:01 (1128492346062) STATS - 46.3, 0
2018-11-12 15:31:01 (1128492408964) STATS - 46.4, 0
2018-11-12 15:31:01 (1128492459165) STATS - 46.5, 0
2018-11-12 15:31:01 (1128492649770) STATS - 46.6, 0
2018-11-12 15:31:01 (1128492722671) STATS - 46.7, 0
2018-11-12 15:31:01 (1128492784573) STATS - 46.8, 0
2018-11-12 15:31:01 (1128492847274) STATS - 46.9, 0
2018-11-12 15:31:01 (1128492901376) STATS - 47.0, 0
2018-11-12 15:31:01 (1128493944002) STATS - 47.1, 0
2018-11-12 15:31:01 (1128494032604) STATS - 47.2, 0
2018-11-12 15:31:01 (1128494092905) STATS - 47.3, 0
2018-11-12 15:31:01 (1128494155407) STATS - 47.4, 0
2018-11-12 15:31:01 (1128494242709) STATS - 47.5, 0
2018-11-12 15:31:01 (1128494311311) STATS - 47.6, 0
2018-11-12 15:31:01 (1128494381312) STATS - 47.7, 0
2018-11-12 15:31:01 (1128494462814) STATS - 47.8, 0
2018-11-12 15:31:01 (1128494571117) STATS - 47.9, 0
2018-11-12 15:31:01 (1128494629518) STATS - 48.0, 0
2018-11-12 15:31:01 (1128494707020) STATS - 48.1, 0
2018-11-12 15:31:01 (1128494767222) STATS - 48.2, 0
2018-11-12 15:31:01 (1128494828023) STATS - 48.3, 0
2018-11-12 15:31:01 (1128494885125) STATS - 48.4, 0
2018-11-12 15:31:01 (1128494939326) STATS - 48.5, 0
2018-11-12 15:31:01 (1128494992127) STATS - 48.6, 0
2018-11-12 15:31:01 (1128495056929) STATS - 48.7, 0
2018-11-12 15:31:01 (1128495110830) STATS - 48.8, 0
2018-11-12 15:31:01 (1128495182632) STATS - 48.9, 0
2018-11-12 15:31:01 (1128495244034) STATS - 49.0, 0
2018-11-12 15:31:01 (1128495298335) STATS - 49.1, 0
2018-11-12 15:31:01 (1128495943151) STATS - 49.2, 0
2018-11-12 15:31:01 (1128496083454) STATS - 49.3, 0
2018-11-12 15:31:01 (1128496200257) STATS - 49.4, 0
2018-11-12 15:31:01 (1128496387162) STATS - 49.5, 0
2018-11-12 15:31:01 (1128501894698) STATS - 49.6, 0
2018-11-12 15:31:01 (1128502011101) STATS - 49.7, 0
2018-11-12 15:31:01 (1128502077402) STATS - 49.8, 0
2018-11-12 15:31:01 (1128502137604) STATS - 49.9, 0
2018-11-12 15:31:01 (1128502182605) STATS - 50.0, 0
2018-11-12 15:31:01 (1128502240206) STATS - 50.1, 0
2018-11-12 15:31:01 (1128502289708) STATS - 50.2, 0
2018-11-12 15:31:01 (1128502335809) STATS - 50.3, 0
2018-11-12 15:31:01 (1128502383310) STATS - 50.4, 0
2018-11-12 15:31:01 (1128502429711) STATS - 50.5, 0
2018-11-12 15:31:01 (1128502474612) STATS - 50.6, 0
2018-11-12 15:31:01 (1128502519413) STATS - 50.7, 0
2018-11-12 15:31:01 (1128502566514) STATS - 50.8, 0
2018-11-12 15:31:01 (1128502612216) STATS - 50.9, 0
2018-11-12 15:31:01 (1128502654817) STATS - 51.0, 0
2018-11-12 15:31:01 (1128502726218) STATS - 51.1, 0
2018-11-12 15:31:01 (1128502789420) STATS - 51.2, 0
2018-11-12 15:31:01 (1128502840621) STATS - 51.3, 0
2018-11-12 15:31:01 (1128502887322) STATS - 51.4, 0
2018-11-12 15:31:01 (1128502932024) STATS - 51.5, 0
2018-11-12 15:31:01 (1128502976425) STATS - 51.6, 0
2018-11-12 15:31:01 (1128503024626) STATS - 51.7, 0
2018-11-12 15:31:01 (1128503070727) STATS - 51.8, 0
2018-11-12 15:31:01 (1128503115728) STATS - 51.9, 0
2018-11-12 15:31:01 (1128503158429) STATS - 52.0, 0
2018-11-12 15:31:01 (1128503202130) STATS - 52.1, 0
2018-11-12 15:31:01 (1128503246531) STATS - 52.2, 0
2018-11-12 15:31:01 (1128503292132) STATS - 52.3, 0
2018-11-12 15:31:01 (1128503339034) STATS - 52.4, 0
2018-11-12 15:31:01 (1128503397935) STATS - 52.5, 0
2018-11-12 15:31:01 (1128503494437) STATS - 52.6, 0
2018-11-12 15:31:01 (1128503557439) STATS - 52.7, 0
2018-11-12 15:31:01 (1128503610040) STATS - 52.8, 0
2018-11-12 15:31:01 (1128503660542) STATS - 52.9, 0
2018-11-12 15:31:01 (1128503707743) STATS - 53.0, 0
2018-11-12 15:31:01 (1128503756744) STATS - 53.1, 0
2018-11-12 15:31:01 (1128503805645) STATS - 53.2, 0
2018-11-12 15:31:01 (1128503876547) STATS - 53.3, 0
2018-11-12 15:31:01 (1128503934148) STATS - 53.4, 0
2018-11-12 15:31:01 (1128503981049) STATS - 53.5, 0
2018-11-12 15:31:01 (1128504051951) STATS - 53.6, 0
2018-11-12 15:31:01 (1128504100352) STATS - 53.7, 0
2018-11-12 15:31:01 (1128504146754) STATS - 53.8, 0
2018-11-12 15:31:01 (1128504192855) STATS - 53.9, 0
2018-11-12 15:31:01 (1128504236856) STATS - 54.0, 0
2018-11-12 15:31:01 (1128504282957) STATS - 54.1, 0
2018-11-12 15:31:01 (1128504338758) STATS - 54.2, 0
2018-11-12 15:31:01 (1128504383659) STATS - 54.3, 0
2018-11-12 15:31:01 (1128510628914) STATS - 54.4, 0
2018-11-12 15:31:01 (1128510747117) STATS - 54.5, 0
2018-11-12 15:31:01 (1128510797418) STATS - 54.6, 0
2018-11-12 15:31:01 (1128510842419) STATS - 54.7, 0
2018-11-12 15:31:01 (1128510886420) STATS - 54.8, 0
2018-11-12 15:31:01 (1128510929821) STATS - 54.9, 0
2018-11-12 15:31:01 (1128510971222) STATS - 55.0, 0
2018-11-12 15:31:01 (1128511014423) STATS - 55.1, 0
2018-11-12 15:31:01 (1128511058424) STATS - 55.2, 0
2018-11-12 15:31:01 (1128511112926) STATS - 55.3, 0
2018-11-12 15:31:01 (1128511158927) STATS - 55.4, 0
2018-11-12 15:31:01 (1128511216728) STATS - 55.5, 0
2018-11-12 15:31:01 (1128511266929) STATS - 55.6, 0
2018-11-12 15:31:01 (1128511325431) STATS - 55.7, 0
2018-11-12 15:31:01 (1128511384232) STATS - 55.8, 0
2018-11-12 15:31:01 (1128511446434) STATS - 55.9, 0
2018-11-12 15:31:01 (1128511551536) STATS - 56.0, 0
2018-11-12 15:31:01 (1128511606638) STATS - 56.1, 0
2018-11-12 15:31:01 (1128511654539) STATS - 56.2, 0
2018-11-12 15:31:01 (1128511715540) STATS - 56.3, 0
2018-11-12 15:31:01 (1128511762742) STATS - 56.4, 0
2018-11-12 15:31:01 (1128511808643) STATS - 56.5, 0
2018-11-12 15:31:01 (1128511869844) STATS - 56.6, 0
2018-11-12 15:31:01 (1128511924446) STATS - 56.7, 0
2018-11-12 15:31:01 (1128511967647) STATS - 56.8, 0
2018-11-12 15:31:01 (1128512048349) STATS - 56.9, 0
2018-11-12 15:31:01 (1128512095050) STATS - 57.0, 0
2018-11-12 15:31:01 (1128512154751) STATS - 57.1, 0
2018-11-12 15:31:01 (1128512213053) STATS - 57.2, 0
2018-11-12 15:31:01 (1128512261354) STATS - 57.3, 0
2018-11-12 15:31:01 (1128512327756) STATS - 57.4, 0
2018-11-12 15:31:01 (1128512395757) STATS - 57.5, 0
2018-11-12 15:31:01 (1128512442658) STATS - 57.6, 0
2018-11-12 15:31:01 (1128512544361) STATS - 57.7, 0
2018-11-12 15:31:01 (1128512595762) STATS - 57.8, 0
2018-11-12 15:31:01 (1128512663464) STATS - 57.9, 0
2018-11-12 15:31:01 (1128512716865) STATS - 58.0, 0
2018-11-12 15:31:01 (1128512758966) STATS - 58.1, 0
2018-11-12 15:31:01 (1128512801167) STATS - 58.2, 0
2018-11-12 15:31:01 (1128512843368) STATS - 58.3, 0
2018-11-12 15:31:01 (1128512910370) STATS - 58.4, 0
2018-11-12 15:31:01 (1128512956671) STATS - 58.5, 0
2018-11-12 15:31:01 (1128512999572) STATS - 58.6, 0
2018-11-12 15:31:01 (1128513041773) STATS - 58.7, 0
2018-11-12 15:31:01 (1128513084774) STATS - 58.8, 0
2018-11-12 15:31:01 (1128513127675) STATS - 58.9, 0
2018-11-12 15:31:01 (1128513167876) STATS - 59.0, 0
2018-11-12 15:31:01 (1128513209677) STATS - 59.1, 0
2018-11-12 15:31:01 (1128513251278) STATS - 59.2, 0
2018-11-12 15:31:01 (1128513293479) STATS - 59.3, 0
2018-11-12 15:31:01 (1128513336480) STATS - 59.4, 0
2018-11-12 15:31:01 (1128513378682) STATS - 59.5, 0
2018-11-12 15:31:01 (1128519914243) STATS - 59.6, 0
2018-11-12 15:31:01 (1128520068547) STATS - 59.7, 0
2018-11-12 15:31:01 (1128520115148) STATS - 59.8, 0
2018-11-12 15:31:01 (1128520157249) STATS - 59.9, 0
2018-11-12 15:31:01 (1128520208850) STATS - 60.0, 0
2018-11-12 15:31:01 (1128520247751) STATS - 60.1, 0
2018-11-12 15:31:01 (1128520286352) STATS - 60.2, 0
2018-11-12 15:31:01 (1128520384655) STATS - 60.3, 0
2018-11-12 15:31:01 (1128520455456) STATS - 60.4, 0
2018-11-12 15:31:01 (1128520495657) STATS - 60.5, 0
2018-11-12 15:31:01 (1128520534958) STATS - 60.6, 0
2018-11-12 15:31:01 (1128520576959) STATS - 60.7, 0
2018-11-12 15:31:01 (1128520618660) STATS - 60.8, 0
2018-11-12 15:31:01 (1128520661261) STATS - 60.9, 0
2018-11-12 15:31:01 (1128520698662) STATS - 61.0, 0
2018-11-12 15:31:01 (1128520768864) STATS - 61.1, 0
2018-11-12 15:31:01 (1128520873267) STATS - 61.2, 0
2018-11-12 15:31:01 (1128520924768) STATS - 61.3, 0
2018-11-12 15:31:01 (1128520975869) STATS - 61.4, 0
2018-11-12 15:31:01 (1128521015370) STATS - 61.5, 0
2018-11-12 15:31:01 (1128521054071) STATS - 61.6, 0
2018-11-12 15:31:01 (1128521092572) STATS - 61.7, 0
2018-11-12 15:31:01 (1128521131973) STATS - 61.8, 0
2018-11-12 15:31:01 (1128521241076) STATS - 61.9, 0
2018-11-12 15:31:01 (1128521309177) STATS - 62.0, 0
2018-11-12 15:31:01 (1128521358479) STATS - 62.1, 0
2018-11-12 15:31:01 (1128521401380) STATS - 62.2, 0
2018-11-12 15:31:01 (1128521468181) STATS - 62.3, 0
2018-11-12 15:31:01 (1128521523383) STATS - 62.4, 0
2018-11-12 15:31:01 (1128521565984) STATS - 62.5, 0
2018-11-12 15:31:01 (1128521604485) STATS - 62.6, 0
2018-11-12 15:31:01 (1128521642486) STATS - 62.7, 0
2018-11-12 15:31:01 (1128521681687) STATS - 62.8, 0
2018-11-12 15:31:01 (1128521720988) STATS - 62.9, 0
2018-11-12 15:31:01 (1128521779689) STATS - 63.0, 0
2018-11-12 15:31:01 (1128521815990) STATS - 63.1, 0
2018-11-12 15:31:01 (1128521868491) STATS - 63.2, 0
2018-11-12 15:31:01 (1128521908092) STATS - 63.3, 0
2018-11-12 15:31:01 (1128521957493) STATS - 63.4, 0
2018-11-12 15:31:01 (1128522006295) STATS - 63.5, 0
2018-11-12 15:31:01 (1128522043795) STATS - 63.6, 0
2018-11-12 15:31:01 (1128522081096) STATS - 63.7, 0
2018-11-12 15:31:01 (1128522120397) STATS - 63.8, 0
2018-11-12 15:31:01 (1128522162298) STATS - 63.9, 0
2018-11-12 15:31:01 (1128522210400) STATS - 64.0, 0
2018-11-12 15:31:01 (1128522258101) STATS - 64.1, 0
2018-11-12 15:31:01 (1128522293902) STATS - 64.2, 0
2018-11-12 15:31:01 (1128522330003) STATS - 64.3, 0
2018-11-12 15:31:01 (1128522365203) STATS - 64.4, 0
2018-11-12 15:31:01 (1128522399804) STATS - 64.5, 0
2018-11-12 15:31:01 (1128522434805) STATS - 64.6, 0
2018-11-12 15:31:01 (1128522469106) STATS - 64.7, 0
2018-11-12 15:31:01 (1128522504007) STATS - 64.8, 0
2018-11-12 15:31:01 (1128522538308) STATS - 64.9, 0
2018-11-12 15:31:01 (1128522570608) STATS - 65.0, 0
2018-11-12 15:31:01 (1128522605909) STATS - 65.1, 0
2018-11-12 15:31:01 (1128522640610) STATS - 65.2, 0
2018-11-12 15:31:01 (1128529302875) STATS - 65.3, 0
2018-11-12 15:31:01 (1128529382777) STATS - 65.4, 0
2018-11-12 15:31:01 (1128529424578) STATS - 65.5, 0
2018-11-12 15:31:01 (1128529504480) STATS - 65.6, 0
2018-11-12 15:31:01 (1128529566181) STATS - 65.7, 0
2018-11-12 15:31:01 (1128529616983) STATS - 65.8, 0
2018-11-12 15:31:01 (1128529655883) STATS - 65.9, 0
2018-11-12 15:31:01 (1128529692384) STATS - 66.0, 0
2018-11-12 15:31:01 (1128529730785) STATS - 66.1, 0
2018-11-12 15:31:01 (1128529769086) STATS - 66.2, 0
2018-11-12 15:31:01 (1128529807087) STATS - 66.3, 0
2018-11-12 15:31:01 (1128529847288) STATS - 66.4, 0
2018-11-12 15:31:01 (1128529918490) STATS - 66.5, 0
2018-11-12 15:31:01 (1128529964191) STATS - 66.6, 0
2018-11-12 15:31:01 (1128530002092) STATS - 66.7, 0
2018-11-12 15:31:01 (1128530038093) STATS - 66.8, 0
2018-11-12 15:31:01 (1128530161296) STATS - 66.9, 0
2018-11-12 15:31:01 (1128530204997) STATS - 67.0, 0
2018-11-12 15:31:01 (1128530242898) STATS - 67.1, 0
2018-11-12 15:31:01 (1128530292499) STATS - 67.2, 0
2018-11-12 15:31:01 (1128530346301) STATS - 67.3, 0
2018-11-12 15:31:01 (1128530385701) STATS - 67.4, 0
2018-11-12 15:31:01 (1128530423802) STATS - 67.5, 0
2018-11-12 15:31:01 (1128530464703) STATS - 67.6, 0
2018-11-12 15:31:01 (1128530502304) STATS - 67.7, 0
2018-11-12 15:31:01 (1128530540605) STATS - 67.8, 0
2018-11-12 15:31:01 (1128530577706) STATS - 67.9, 0
2018-11-12 15:31:01 (1128530612907) STATS - 68.0, 0
2018-11-12 15:31:01 (1128530672509) STATS - 68.1, 0
2018-11-12 15:31:01 (1128530708409) STATS - 68.2, 0
2018-11-12 15:31:01 (1128530743710) STATS - 68.3, 0
2018-11-12 15:31:01 (1128530820112) STATS - 68.4, 0
2018-11-12 15:31:01 (1128530873514) STATS - 68.5, 0
2018-11-12 15:31:01 (1128530912414) STATS - 68.6, 0
2018-11-12 15:31:01 (1128530986716) STATS - 68.7, 0
2018-11-12 15:31:01 (1128531031717) STATS - 68.8, 0
2018-11-12 15:31:01 (1128531091019) STATS - 68.9, 0
2018-11-12 15:31:01 (1128531127920) STATS - 69.0, 0
2018-11-12 15:31:01 (1128531167321) STATS - 69.1, 0
2018-11-12 15:31:01 (1128531204822) STATS - 69.2, 0
2018-11-12 15:31:01 (1128531241723) STATS - 69.3, 0
2018-11-12 15:31:01 (1128531278324) STATS - 69.4, 0
2018-11-12 15:31:01 (1128531314824) STATS - 69.5, 0
2018-11-12 15:31:01 (1128531361826) STATS - 69.6, 0
2018-11-12 15:31:01 (1128531423527) STATS - 69.7, 0
2018-11-12 15:31:01 (1128531461428) STATS - 69.8, 0
2018-11-12 15:31:01 (1128531498729) STATS - 69.9, 0
2018-11-12 15:31:01 (1128531534530) STATS - 70.0, 0
2018-11-12 15:31:01 (1128531574931) STATS - 70.1, 0
2018-11-12 15:31:01 (1128531612832) STATS - 70.2, 0
2018-11-12 15:31:01 (1128531650333) STATS - 70.3, 0
2018-11-12 15:31:01 (1128531687634) STATS - 70.4, 0
2018-11-12 15:31:01 (1128531725035) STATS - 70.5, 0
2018-11-12 15:31:01 (1128531762435) STATS - 70.6, 0
2018-11-12 15:31:01 (1128531800136) STATS - 70.7, 0
2018-11-12 15:31:01 (1128531837037) STATS - 70.8, 0
2018-11-12 15:31:01 (1128531873638) STATS - 70.9, 0
2018-11-12 15:31:01 (1128531908539) STATS - 71.0, 0
2018-11-12 15:31:01 (1128531945440) STATS - 71.1, 0
2018-11-12 15:31:01 (1128531994741) STATS - 71.2, 0
2018-11-12 15:31:01 (1128532068243) STATS - 71.3, 0
2018-11-12 15:31:01 (1128532104744) STATS - 71.4, 0
2018-11-12 15:31:01 (1128538734308) STATS - 71.5, 0
2018-11-12 15:31:01 (1128538835210) STATS - 71.6, 0
2018-11-12 15:31:01 (1128538879411) STATS - 71.7, 0
2018-11-12 15:31:01 (1128538912912) STATS - 71.8, 0
2018-11-12 15:31:01 (1128538954713) STATS - 71.9, 0
2018-11-12 15:31:01 (1128538992814) STATS - 72.0, 0
2018-11-12 15:31:01 (1128539025315) STATS - 72.1, 0
2018-11-12 15:31:01 (1128539055316) STATS - 72.2, 0
2018-11-12 15:31:01 (1128539084416) STATS - 72.3, 0
2018-11-12 15:31:01 (1128539113117) STATS - 72.4, 0
2018-11-12 15:31:01 (1128539141618) STATS - 72.5, 0
2018-11-12 15:31:01 (1128539170718) STATS - 72.6, 0
2018-11-12 15:31:01 (1128539199219) STATS - 72.7, 0
2018-11-12 15:31:01 (1128539228220) STATS - 72.8, 0
2018-11-12 15:31:01 (1128539257021) STATS - 72.9, 0
2018-11-12 15:31:01 (1128539286221) STATS - 73.0, 0
2018-11-12 15:31:01 (1128539316722) STATS - 73.1, 0
2018-11-12 15:31:01 (1128539346123) STATS - 73.2, 0
2018-11-12 15:31:01 (1128539425925) STATS - 73.3, 0
2018-11-12 15:31:01 (1128539499527) STATS - 73.4, 0
2018-11-12 15:31:01 (1128539532927) STATS - 73.5, 0
2018-11-12 15:31:01 (1128539565728) STATS - 73.6, 0
2018-11-12 15:31:01 (1128539597529) STATS - 73.7, 0
2018-11-12 15:31:01 (1128539630430) STATS - 73.8, 0
2018-11-12 15:31:01 (1128539664531) STATS - 73.9, 0
2018-11-12 15:31:01 (1128539696831) STATS - 74.0, 0
2018-11-12 15:31:01 (1128539755333) STATS - 74.1, 0
2018-11-12 15:31:01 (1128539828235) STATS - 74.2, 0
2018-11-12 15:31:01 (1128539864736) STATS - 74.3, 0
2018-11-12 15:31:01 (1128539897436) STATS - 74.4, 0
2018-11-12 15:31:01 (1128539930037) STATS - 74.5, 0
2018-11-12 15:31:01 (1128540078941) STATS - 74.6, 0
2018-11-12 15:31:01 (1128540165543) STATS - 74.7, 0
2018-11-12 15:31:01 (1128540214144) STATS - 74.8, 0
2018-11-12 15:31:01 (1128540265645) STATS - 74.9, 0
2018-11-12 15:31:01 (1128540331647) STATS - 75.0, 0
2018-11-12 15:31:01 (1128540412549) STATS - 75.1, 0
2018-11-12 15:31:01 (1128540846560) STATS - 75.2, 0
2018-11-12 15:31:01 (1128540919062) STATS - 75.3, 0
2018-11-12 15:31:01 (1128540972963) STATS - 75.4, 0
2018-11-12 15:31:01 (1128541007164) STATS - 75.5, 0
2018-11-12 15:31:01 (1128541040165) STATS - 75.6, 0
2018-11-12 15:31:01 (1128541072365) STATS - 75.7, 0
2018-11-12 15:31:01 (1128541117567) STATS - 75.8, 0
2018-11-12 15:31:01 (1128541148667) STATS - 75.9, 0
2018-11-12 15:31:01 (1128541179668) STATS - 76.0, 0
2018-11-12 15:31:01 (1128541211269) STATS - 76.1, 0
2018-11-12 15:31:01 (1128541242370) STATS - 76.2, 0
2018-11-12 15:31:01 (1128541274170) STATS - 76.3, 0
2018-11-12 15:31:01 (1128541305871) STATS - 76.4, 0
2018-11-12 15:31:01 (1128541337172) STATS - 76.5, 0
2018-11-12 15:31:01 (1128541368573) STATS - 76.6, 0
2018-11-12 15:31:01 (1128541402574) STATS - 76.7, 0
2018-11-12 15:31:01 (1128541437674) STATS - 76.8, 0
2018-11-12 15:31:01 (1128541469475) STATS - 76.9, 0
2018-11-12 15:31:01 (1128541500776) STATS - 77.0, 0
2018-11-12 15:31:01 (1128548083339) STATS - 77.1, 0
2018-11-12 15:31:01 (1128548233742) STATS - 77.2, 0
2018-11-12 15:31:01 (1128548294344) STATS - 77.3, 0
2018-11-12 15:31:01 (1128548332245) STATS - 77.4, 0
2018-11-12 15:31:01 (1128548367546) STATS - 77.5, 0
2018-11-12 15:31:01 (1128548403046) STATS - 77.6, 0
2018-11-12 15:31:01 (1128548437447) STATS - 77.7, 0
2018-11-12 15:31:01 (1128548470948) STATS - 77.8, 0
2018-11-12 15:31:01 (1128548515549) STATS - 77.9, 0
2018-11-12 15:31:01 (1128548542950) STATS - 78.0, 0
2018-11-12 15:31:01 (1128548746155) STATS - 78.1, 0
2018-11-12 15:31:01 (1128548786256) STATS - 78.2, 0
2018-11-12 15:31:01 (1128548815657) STATS - 78.3, 0
2018-11-12 15:31:01 (1128548845757) STATS - 78.4, 0
2018-11-12 15:31:01 (1128556175438) STATS - 78.5, 0
2018-11-12 15:31:01 (1128556244440) STATS - 78.6, 0
2018-11-12 15:31:01 (1128556280441) STATS - 78.7, 0
2018-11-12 15:31:01 (1128556344943) STATS - 78.8, 0
2018-11-12 15:31:01 (1128556394644) STATS - 78.9, 0
2018-11-12 15:31:01 (1128556429445) STATS - 79.0, 0
2018-11-12 15:31:01 (1128556461345) STATS - 79.1, 0
2018-11-12 15:31:01 (1128556491846) STATS - 79.2, 0
2018-11-12 15:31:01 (1128556521947) STATS - 79.3, 0
2018-11-12 15:31:01 (1128556551248) STATS - 79.4, 0
2018-11-12 15:31:01 (1128556595149) STATS - 79.5, 0
2018-11-12 15:31:01 (1128556643350) STATS - 79.6, 0
2018-11-12 15:31:01 (1128556684051) STATS - 79.7, 0
2018-11-12 15:31:01 (1128556724752) STATS - 79.8, 0
2018-11-12 15:31:01 (1128556753853) STATS - 79.9, 0
2018-11-12 15:31:01 (1128556783053) STATS - 80.0, 0
2018-11-12 15:31:01 (1128556889656) STATS - 80.1, 0
2018-11-12 15:31:01 (1128556922757) STATS - 80.2, 0
2018-11-12 15:31:01 (1128556952858) STATS - 80.3, 0
2018-11-12 15:31:01 (1128556981958) STATS - 80.4, 0
2018-11-12 15:31:01 (1128557010759) STATS - 80.5, 0
2018-11-12 15:31:01 (1128557039860) STATS - 80.6, 0
2018-11-12 15:31:01 (1128557068260) STATS - 80.7, 0
2018-11-12 15:31:01 (1128557097661) STATS - 80.8, 0
2018-11-12 15:31:01 (1128557141062) STATS - 80.9, 0
2018-11-12 15:31:01 (1128557170963) STATS - 81.0, 0
2018-11-12 15:31:01 (1128557202764) STATS - 81.1, 0
2018-11-12 15:31:01 (1128557231464) STATS - 81.2, 0
2018-11-12 15:31:01 (1128557259965) STATS - 81.3, 0
2018-11-12 15:31:01 (1128557289766) STATS - 81.4, 0
2018-11-12 15:31:01 (1128557361868) STATS - 81.5, 0
2018-11-12 15:31:01 (1128557443670) STATS - 81.6, 0
2018-11-12 15:31:01 (1128557484071) STATS - 81.7, 0
2018-11-12 15:31:01 (1128557514271) STATS - 81.8, 0
2018-11-12 15:31:01 (1128557543072) STATS - 81.9, 0
2018-11-12 15:31:01 (1128557571573) STATS - 82.0, 0
2018-11-12 15:31:01 (1128557600574) STATS - 82.1, 0
2018-11-12 15:31:01 (1128557628474) STATS - 82.2, 0
2018-11-12 15:31:01 (1128557668975) STATS - 82.3, 0
2018-11-12 15:31:01 (1128557707976) STATS - 82.4, 0
2018-11-12 15:31:01 (1128557735877) STATS - 82.5, 0
2018-11-12 15:31:01 (1128557763678) STATS - 82.6, 0
2018-11-12 15:31:01 (1128557790878) STATS - 82.7, 0
2018-11-12 15:31:01 (1128557818179) STATS - 82.8, 0
2018-11-12 15:31:01 (1128557876680) STATS - 82.9, 0
2018-11-12 15:31:01 (1128557912881) STATS - 83.0, 0
2018-11-12 15:31:01 (1128557942182) STATS - 83.1, 0
2018-11-12 15:31:01 (1128557969583) STATS - 83.2, 0
2018-11-12 15:31:01 (1128557998983) STATS - 83.3, 0
2018-11-12 15:31:01 (1128558026384) STATS - 83.4, 0
2018-11-12 15:31:01 (1128558094586) STATS - 83.5, 0
2018-11-12 15:31:01 (1128558123586) STATS - 83.6, 0
2018-11-12 15:31:01 (1128558162687) STATS - 83.7, 0
2018-11-12 15:31:01 (1128558203588) STATS - 83.8, 0
2018-11-12 15:31:01 (1128558231189) STATS - 83.9, 0
2018-11-12 15:31:01 (1128558258790) STATS - 84.0, 0
2018-11-12 15:31:01 (1128558286390) STATS - 84.1, 0
2018-11-12 15:31:01 (1128558313291) STATS - 84.2, 0
2018-11-12 15:31:01 (1128558339992) STATS - 84.3, 0
2018-11-12 15:31:01 (1128558366192) STATS - 84.4, 0
2018-11-12 15:31:01 (1128558392293) STATS - 84.5, 0
2018-11-12 15:31:01 (1128558419194) STATS - 84.6, 0
2018-11-12 15:31:01 (1128558445394) STATS - 84.7, 0
2018-11-12 15:31:01 (1128558471695) STATS - 84.8, 0
2018-11-12 15:31:01 (1128558497596) STATS - 84.9, 0
2018-11-12 15:31:01 (1128558524096) STATS - 85.0, 0
2018-11-12 15:31:01 (1128558550497) STATS - 85.1, 0
2018-11-12 15:31:01 (1128558576698) STATS - 85.2, 0
2018-11-12 15:31:01 (1128558625599) STATS - 85.3, 0
2018-11-12 15:31:01 (1128558650499) STATS - 85.4, 0
2018-11-12 15:31:01 (1128558675400) STATS - 85.5, 0
2018-11-12 15:31:01 (1128558699801) STATS - 85.6, 0
2018-11-12 15:31:01 (1128558724101) STATS - 85.7, 0
2018-11-12 15:31:01 (1128558748402) STATS - 85.8, 0
2018-11-12 15:31:01 (1128558773003) STATS - 85.9, 0
2018-11-12 15:31:01 (1128558797903) STATS - 86.0, 0
2018-11-12 15:31:01 (1128558822704) STATS - 86.1, 0
2018-11-12 15:31:01 (1128558849204) STATS - 86.2, 0
2018-11-12 15:31:01 (1128558896506) STATS - 86.3, 0
2018-11-12 15:31:01 (1128558922706) STATS - 86.4, 0
2018-11-12 15:31:01 (1128558950007) STATS - 86.5, 0
2018-11-12 15:31:01 (1128558974407) STATS - 86.6, 0
2018-11-12 15:31:01 (1128558998508) STATS - 86.7, 0
2018-11-12 15:31:01 (1128559023909) STATS - 86.8, 0
2018-11-12 15:31:01 (1128559048009) STATS - 86.9, 0
2018-11-12 15:31:01 (1128559072710) STATS - 87.0, 0
2018-11-12 15:31:01 (1128559097011) STATS - 87.1, 0
2018-11-12 15:31:01 (1128559120911) STATS - 87.2, 0
2018-11-12 15:31:01 (1128559144912) STATS - 87.3, 0
2018-11-12 15:31:01 (1128559179113) STATS - 87.4, 0
2018-11-12 15:31:01 (1128559202113) STATS - 87.5, 0
2018-11-12 15:31:01 (1128559225014) STATS - 87.6, 0
2018-11-12 15:31:01 (1128559247714) STATS - 87.7, 0
2018-11-12 15:31:01 (1128559270515) STATS - 87.8, 0
2018-11-12 15:31:01 (1128559315716) STATS - 87.9, 0
2018-11-12 15:31:01 (1128559353417) STATS - 88.0, 0
2018-11-12 15:31:01 (1128559381318) STATS - 88.1, 0
2018-11-12 15:31:01 (1128559404418) STATS - 88.2, 0
2018-11-12 15:31:01 (1128559427619) STATS - 88.3, 0
2018-11-12 15:31:01 (1128559450019) STATS - 88.4, 0
2018-11-12 15:31:01 (1128559472520) STATS - 88.5, 0
2018-11-12 15:31:01 (1128559495220) STATS - 88.6, 0
2018-11-12 15:31:01 (1128559530021) STATS - 88.7, 0
2018-11-12 15:31:01 (1128559553822) STATS - 88.8, 0
2018-11-12 15:31:01 (1128559577522) STATS - 88.9, 0
2018-11-12 15:31:01 (1128559601523) STATS - 89.0, 0
2018-11-12 15:31:01 (1128559625324) STATS - 89.1, 0
2018-11-12 15:31:01 (1128559648624) STATS - 89.2, 0
2018-11-12 15:31:01 (1128559672425) STATS - 89.3, 0
2018-11-12 15:31:01 (1128559695825) STATS - 89.4, 0
2018-11-12 15:31:01 (1128559721026) STATS - 89.5, 0
2018-11-12 15:31:01 (1128559747127) STATS - 89.6, 0
2018-11-12 15:31:01 (1128559771227) STATS - 89.7, 0
2018-11-12 15:31:01 (1128559794828) STATS - 89.8, 0
2018-11-12 15:31:01 (1128559858329) STATS - 89.9, 0
2018-11-12 15:31:01 (1128559886430) STATS - 90.0, 0
2018-11-12 15:31:01 (1128559910131) STATS - 90.1, 0
2018-11-12 15:31:01 (1128559933031) STATS - 90.2, 0
2018-11-12 15:31:01 (1128559955732) STATS - 90.3, 0
2018-11-12 15:31:01 (1128559977932) STATS - 90.4, 0
2018-11-12 15:31:01 (1128560000033) STATS - 90.5, 0
2018-11-12 15:31:01 (1128560054834) STATS - 90.6, 0
2018-11-12 15:31:01 (1128560079835) STATS - 90.7, 0
2018-11-12 15:31:01 (1128560104835) STATS - 90.8, 0
2018-11-12 15:31:01 (1128560129536) STATS - 90.9, 0
2018-11-12 15:31:01 (1128560154837) STATS - 91.0, 0
2018-11-12 15:31:01 (1128560180237) STATS - 91.1, 0
2018-11-12 15:31:01 (1128560204738) STATS - 91.2, 0
2018-11-12 15:31:01 (1128560229538) STATS - 91.3, 0
2018-11-12 15:31:01 (1128566972005) STATS - 91.4, 0
2018-11-12 15:31:01 (1128567044107) STATS - 91.5, 0
2018-11-12 15:31:01 (1128567071107) STATS - 91.6, 0
2018-11-12 15:31:01 (1128567094908) STATS - 91.7, 0
2018-11-12 15:31:01 (1128567132509) STATS - 91.8, 0
2018-11-12 15:31:01 (1128567169910) STATS - 91.9, 0
2018-11-12 15:31:01 (1128567214911) STATS - 92.0, 0
2018-11-12 15:31:01 (1128567236912) STATS - 92.1, 0
2018-11-12 15:31:01 (1128567260012) STATS - 92.2, 0
2018-11-12 15:31:01 (1128567281013) STATS - 92.3, 0
2018-11-12 15:31:01 (1128567301413) STATS - 92.4, 0
2018-11-12 15:31:01 (1128567321814) STATS - 92.5, 0
2018-11-12 15:31:01 (1128567342514) STATS - 92.6, 0
2018-11-12 15:31:01 (1128567363115) STATS - 92.7, 0
2018-11-12 15:31:01 (1128567383515) STATS - 92.8, 0
2018-11-12 15:31:01 (1128567403816) STATS - 92.9, 0
2018-11-12 15:31:01 (1128567424716) STATS - 93.0, 0
2018-11-12 15:31:01 (1128567445617) STATS - 93.1, 0
2018-11-12 15:31:01 (1128567466317) STATS - 93.2, 0
2018-11-12 15:31:01 (1128567487018) STATS - 93.3, 0
2018-11-12 15:31:01 (1128567510118) STATS - 93.4, 0
2018-11-12 15:31:01 (1128567530619) STATS - 93.5, 0
2018-11-12 15:31:01 (1128567551419) STATS - 93.6, 0
2018-11-12 15:31:01 (1128567571620) STATS - 93.7, 0
2018-11-12 15:31:01 (1128567602421) STATS - 93.8, 0
2018-11-12 15:31:01 (1128567633221) STATS - 93.9, 0
2018-11-12 15:31:01 (1128567654222) STATS - 94.0, 0
2018-11-12 15:31:01 (1128567675022) STATS - 94.1, 0
2018-11-12 15:31:01 (1128567695323) STATS - 94.2, 0
2018-11-12 15:31:01 (1128567715723) STATS - 94.3, 0
2018-11-12 15:31:01 (1128567735924) STATS - 94.4, 0
2018-11-12 15:31:01 (1128567756024) STATS - 94.5, 0
2018-11-12 15:31:01 (1128567776425) STATS - 94.6, 0
2018-11-12 15:31:01 (1128567796825) STATS - 94.7, 0
2018-11-12 15:31:01 (1128567817126) STATS - 94.8, 0
2018-11-12 15:31:01 (1128567837426) STATS - 94.9, 0
2018-11-12 15:31:01 (1128567858327) STATS - 95.0, 0
2018-11-12 15:31:01 (1128567878827) STATS - 95.1, 0
2018-11-12 15:31:01 (1128567899128) STATS - 95.2, 0
2018-11-12 15:31:01 (1128567919828) STATS - 95.3, 0
2018-11-12 15:31:01 (1128567950429) STATS - 95.4, 0
2018-11-12 15:31:01 (1128567969530) STATS - 95.5, 0
2018-11-12 15:31:01 (1128567989330) STATS - 95.6, 0
2018-11-12 15:31:01 (1128568037031) STATS - 95.7, 0
2018-11-12 15:31:01 (1128568061432) STATS - 95.8, 0
2018-11-12 15:31:01 (1128568082932) STATS - 95.9, 0
2018-11-12 15:31:01 (1128568104433) STATS - 96.0, 0
2018-11-12 15:31:01 (1128568125633) STATS - 96.1, 0
2018-11-12 15:31:01 (1128568146534) STATS - 96.2, 0
2018-11-12 15:31:01 (1128568167735) STATS - 96.3, 0
2018-11-12 15:31:01 (1128568201535) STATS - 96.4, 0
2018-11-12 15:31:01 (1128568223336) STATS - 96.5, 0
2018-11-12 15:31:01 (1128568244936) STATS - 96.6, 0
2018-11-12 15:31:01 (1128568266337) STATS - 96.7, 0
2018-11-12 15:31:01 (1128568288037) STATS - 96.8, 0
2018-11-12 15:31:01 (1128568366139) STATS - 96.9, 0
2018-11-12 15:31:01 (1128568393540) STATS - 97.0, 0
2018-11-12 15:31:01 (1128568428941) STATS - 97.1, 0
2018-11-12 15:31:01 (1128568469742) STATS - 97.2, 0
2018-11-12 15:31:01 (1128568505343) STATS - 97.3, 0
2018-11-12 15:31:01 (1128568527943) STATS - 97.4, 0
2018-11-12 15:31:01 (1128568560544) STATS - 97.5, 0
2018-11-12 15:31:01 (1128568580445) STATS - 97.6, 0
2018-11-12 15:31:01 (1128568600245) STATS - 97.7, 0
2018-11-12 15:31:01 (1128568619846) STATS - 97.8, 0
2018-11-12 15:31:01 (1128568640546) STATS - 97.9, 0
2018-11-12 15:31:01 (1128568673747) STATS - 98.0, 0
2018-11-12 15:31:01 (1128568694648) STATS - 98.1, 0
2018-11-12 15:31:01 (1128568714948) STATS - 98.2, 0
2018-11-12 15:31:01 (1128568735349) STATS - 98.3, 0
2018-11-12 15:31:01 (1128568755549) STATS - 98.4, 0
2018-11-12 15:31:01 (1128568775650) STATS - 98.5, 0
2018-11-12 15:31:01 (1128568796150) STATS - 98.6, 0
2018-11-12 15:31:01 (1128568816551) STATS - 98.7, 0
2018-11-12 15:31:01 (1128568836851) STATS - 98.8, 0
2018-11-12 15:31:01 (1128568857252) STATS - 98.9, 0
2018-11-12 15:31:01 (1128568878052) STATS - 99.0, 0
2018-11-12 15:31:01 (1128568898253) STATS - 99.1, 0
2018-11-12 15:31:01 (1128568918353) STATS - 99.2, 0
2018-11-12 15:31:01 (1128568938554) STATS - 99.3, 0
2018-11-12 15:31:01 (1128568958654) STATS - 99.4, 0
2018-11-12 15:31:01 (1128568988955) STATS - 99.5, 0
2018-11-12 15:31:01 (1128569008255) STATS - 99.6, 0
2018-11-12 15:31:01 (1128569027356) STATS - 99.7, 0
2018-11-12 15:31:01 (1128569046656) STATS - 99.8, 0
2018-11-12 15:31:01 (1128569065557) STATS - 99.9, 0
2018-11-12 15:31:01 (1128569086257) STATS - 100.0, 0
2018-11-12 15:31:01 (1128569106758) STATS - 100.1, 0
2018-11-12 15:31:01 (1128569126858) STATS - 100.2, 0
2018-11-12 15:31:01 (1128569146459) STATS - 100.3, 0
2018-11-12 15:31:01 (1128569165759) STATS - 100.4, 0
2018-11-12 15:31:01 (1128569185060) STATS - 100.5, 0
2018-11-12 15:31:01 (1128569205860) STATS - 100.6, 0
2018-11-12 15:31:01 (1128569239461) STATS - 100.7, 0
2018-11-12 15:31:01 (1128569270862) STATS - 100.8, 0
2018-11-12 15:31:01 (1128569292062) STATS - 100.9, 0
2018-11-12 15:31:01 (1128569312263) STATS - 101.0, 0
2018-11-12 15:31:01 (1128569331963) STATS - 101.1, 0
2018-11-12 15:31:01 (1128569351364) STATS - 101.2, 0
2018-11-12 15:31:01 (1128569371264) STATS - 101.3, 0
2018-11-12 15:31:01 (1128569390465) STATS - 101.4, 0
2018-11-12 15:31:01 (1128569410065) STATS - 101.5, 0
2018-11-12 15:31:01 (1128569430166) STATS - 101.6, 0
2018-11-12 15:31:01 (1128569449766) STATS - 101.7, 0
2018-11-12 15:31:01 (1128569469567) STATS - 101.8, 0
2018-11-12 15:31:01 (1128569488967) STATS - 101.9, 0
2018-11-12 15:31:01 (1128569510068) STATS - 102.0, 0
2018-11-12 15:31:01 (1128569531968) STATS - 102.1, 0
2018-11-12 15:31:01 (1128569551269) STATS - 102.2, 0
2018-11-12 15:31:01 (1128569572369) STATS - 102.3, 0
2018-11-12 15:31:01 (1128569593970) STATS - 102.4, 0
2018-11-12 15:31:01 (1128569616070) STATS - 102.5, 0
2018-11-12 15:31:01 (1128569636071) STATS - 102.6, 0
2018-11-12 15:31:01 (1128576252334) STATS - 102.7, 0
2018-11-12 15:31:01 (1128576391738) STATS - 102.8, 0
2018-11-12 15:31:01 (1128576435839) STATS - 102.9, 0
2018-11-12 15:31:01 (1128576465039) STATS - 103.0, 0
2018-11-12 15:31:01 (1128576488540) STATS - 103.1, 0
2018-11-12 15:31:01 (1128576510841) STATS - 103.2, 0
2018-11-12 15:31:01 (1128576532941) STATS - 103.3, 0
2018-11-12 15:31:01 (1128576554042) STATS - 103.4, 0
2018-11-12 15:31:01 (1128576575042) STATS - 103.5, 0
2018-11-12 15:31:01 (1128576596143) STATS - 103.6, 0
2018-11-12 15:31:01 (1128576640444) STATS - 103.7, 0
2018-11-12 15:31:01 (1128576664344) STATS - 103.8, 0
2018-11-12 15:31:01 (1128576697145) STATS - 103.9, 0
2018-11-12 15:31:01 (1128576718146) STATS - 104.0, 0
2018-11-12 15:31:01 (1128576738746) STATS - 104.1, 0
2018-11-12 15:31:01 (1128576759147) STATS - 104.2, 0
2018-11-12 15:31:01 (1128576779347) STATS - 104.3, 0
2018-11-12 15:31:01 (1128576811148) STATS - 104.4, 0
2018-11-12 15:31:01 (1128576831548) STATS - 104.5, 0
2018-11-12 15:31:01 (1128576852249) STATS - 104.6, 0
2018-11-12 15:31:01 (1128576872949) STATS - 104.7, 0
2018-11-12 15:31:01 (1128576893450) STATS - 104.8, 0
2018-11-12 15:31:01 (1128576914250) STATS - 104.9, 0
2018-11-12 15:31:01 (1128576947451) STATS - 105.0, 0
2018-11-12 15:31:01 (1128576968352) STATS - 105.1, 0
2018-11-12 15:31:01 (1128576988452) STATS - 105.2, 0
2018-11-12 15:31:01 (1128577019453) STATS - 105.3, 0
2018-11-12 15:31:01 (1128577039154) STATS - 105.4, 0
2018-11-12 15:31:01 (1128577077055) STATS - 105.5, 0
2018-11-12 15:31:01 (1128577109955) STATS - 105.6, 0
2018-11-12 15:31:01 (1128577128756) STATS - 105.7, 0
2018-11-12 15:31:01 (1128577147856) STATS - 105.8, 0
2018-11-12 15:31:01 (1128577166457) STATS - 105.9, 0
2018-11-12 15:31:01 (1128577185557) STATS - 106.0, 0
2018-11-12 15:31:01 (1128577204458) STATS - 106.1, 0
2018-11-12 15:31:01 (1128577250459) STATS - 106.2, 0
2018-11-12 15:31:01 (1128577276359) STATS - 106.3, 0
2018-11-12 15:31:01 (1128577296760) STATS - 106.4, 0
2018-11-12 15:31:01 (1128577317460) STATS - 106.5, 0
2018-11-12 15:31:01 (1128577336461) STATS - 106.6, 0
2018-11-12 15:31:01 (1128577354961) STATS - 106.7, 0
2018-11-12 15:31:01 (1128577373362) STATS - 106.8, 0
2018-11-12 15:31:01 (1128577391962) STATS - 106.9, 0
2018-11-12 15:31:01 (1128577411963) STATS - 107.0, 0
2018-11-12 15:31:01 (1128577431063) STATS - 107.1, 0
2018-11-12 15:31:01 (1128577449264) STATS - 107.2, 0
2018-11-12 15:31:01 (1128577467764) STATS - 107.3, 0
2018-11-12 15:31:01 (1128577486165) STATS - 107.4, 0
2018-11-12 15:31:01 (1128577504465) STATS - 107.5, 0
2018-11-12 15:31:01 (1128577523166) STATS - 107.6, 0
2018-11-12 15:31:01 (1128577541466) STATS - 107.7, 0
2018-11-12 15:31:01 (1128577560466) STATS - 107.8, 0
2018-11-12 15:31:01 (1128577578767) STATS - 107.9, 0
2018-11-12 15:31:01 (1128577597867) STATS - 108.0, 0
2018-11-12 15:31:01 (1128577617268) STATS - 108.1, 0
2018-11-12 15:31:01 (1128577635468) STATS - 108.2, 0
2018-11-12 15:31:01 (1128577653869) STATS - 108.3, 0
2018-11-12 15:31:01 (1128577671869) STATS - 108.4, 0
2018-11-12 15:31:01 (1128577691370) STATS - 108.5, 0
2018-11-12 15:31:01 (1128577710570) STATS - 108.6, 0
2018-11-12 15:31:01 (1128577728971) STATS - 108.7, 0
2018-11-12 15:31:01 (1128577748371) STATS - 108.8, 0
2018-11-12 15:31:01 (1128577766772) STATS - 108.9, 0
2018-11-12 15:31:01 (1128577785172) STATS - 109.0, 0
2018-11-12 15:31:01 (1128577803772) STATS - 109.1, 0
2018-11-12 15:31:01 (1128577822573) STATS - 109.2, 0
2018-11-12 15:31:01 (1128577840973) STATS - 109.3, 0
2018-11-12 15:31:01 (1128577859074) STATS - 109.4, 0
2018-11-12 15:31:01 (1128577877074) STATS - 109.5, 0
2018-11-12 15:31:01 (1128577895375) STATS - 109.6, 0
2018-11-12 15:31:01 (1128577913675) STATS - 109.7, 0
2018-11-12 15:31:01 (1128577931876) STATS - 109.8, 0
2018-11-12 15:31:01 (1128577949876) STATS - 109.9, 0
2018-11-12 15:31:01 (1128577969377) STATS - 110.0, 0
2018-11-12 15:31:01 (1128577988077) STATS - 110.1, 0
2018-11-12 15:31:01 (1128578006077) STATS - 110.2, 0
2018-11-12 15:31:01 (1128578024378) STATS - 110.3, 0
2018-11-12 15:31:01 (1128578042778) STATS - 110.4, 0
2018-11-12 15:31:01 (1128578061179) STATS - 110.5, 0
2018-11-12 15:31:01 (1128578079379) STATS - 110.6, 0
2018-11-12 15:31:01 (1128578097480) STATS - 110.7, 0
2018-11-12 15:31:01 (1128578115880) STATS - 110.8, 0
2018-11-12 15:31:01 (1128578134081) STATS - 110.9, 0
2018-11-12 15:31:01 (1128578152481) STATS - 111.0, 0
2018-11-12 15:31:01 (1128578171082) STATS - 111.1, 0
2018-11-12 15:31:01 (1128578189282) STATS - 111.2, 0
2018-11-12 15:31:01 (1128578207882) STATS - 111.3, 0
2018-11-12 15:31:01 (1128578225883) STATS - 111.4, 0
2018-11-12 15:31:01 (1128578243883) STATS - 111.5, 0
2018-11-12 15:31:01 (1128578286984) STATS - 111.6, 0
2018-11-12 15:31:01 (1128578319285) STATS - 111.7, 0
2018-11-12 15:31:01 (1128578339486) STATS - 111.8, 0
2018-11-12 15:31:01 (1128578359886) STATS - 111.9, 0
2018-11-12 15:31:01 (1128578380387) STATS - 112.0, 0
2018-11-12 15:31:01 (1128578402687) STATS - 112.1, 0
2018-11-12 15:31:01 (1128578422988) STATS - 112.2, 0
2018-11-12 15:31:01 (1128578443188) STATS - 112.3, 0
2018-11-12 15:31:01 (1128578463189) STATS - 112.4, 0
2018-11-12 15:31:01 (1128578483189) STATS - 112.5, 0
2018-11-12 15:31:01 (1128578503390) STATS - 112.6, 0
2018-11-12 15:31:01 (1128578523690) STATS - 112.7, 0
2018-11-12 15:31:01 (1128578543791) STATS - 112.8, 0
2018-11-12 15:31:01 (1128578563891) STATS - 112.9, 0
2018-11-12 15:31:01 (1128578584192) STATS - 113.0, 0
2018-11-12 15:31:01 (1128578604492) STATS - 113.1, 0
2018-11-12 15:31:01 (1128578636293) STATS - 113.2, 0
2018-11-12 15:31:01 (1128578665994) STATS - 113.3, 0
2018-11-12 15:31:01 (1128578696895) STATS - 113.4, 0
2018-11-12 15:31:01 (1128578725795) STATS - 113.5, 0
2018-11-12 15:31:01 (1128578763396) STATS - 113.6, 0
2018-11-12 15:31:01 (1128578783697) STATS - 113.7, 0
2018-11-12 15:31:01 (1128578803097) STATS - 113.8, 0
2018-11-12 15:31:01 (1128578822298) STATS - 113.9, 0
2018-11-12 15:31:01 (1128578853998) STATS - 114.0, 0
2018-11-12 15:31:01 (1128578872899) STATS - 114.1, 0
2018-11-12 15:31:01 (1128578891899) STATS - 114.2, 0
2018-11-12 15:31:01 (1128578910600) STATS - 114.3, 0
2018-11-12 15:31:01 (1128578930100) STATS - 114.4, 0
2018-11-12 15:31:01 (1128578948601) STATS - 114.5, 0
2018-11-12 15:31:01 (1128578966801) STATS - 114.6, 0
2018-11-12 15:31:01 (1128578985302) STATS - 114.7, 0
2018-11-12 15:31:01 (1128579003602) STATS - 114.8, 0
2018-11-12 15:31:01 (1128579022203) STATS - 114.9, 0
2018-11-12 15:31:01 (1128579041003) STATS - 115.0, 0
2018-11-12 15:31:01 (1128585670867) STATS - 115.1, 0
2018-11-12 15:31:01 (1128585852571) STATS - 115.2, 0
2018-11-12 15:31:01 (1128585894672) STATS - 115.3, 0
2018-11-12 15:31:01 (1128585914473) STATS - 115.4, 0
2018-11-12 15:31:01 (1128585943073) STATS - 115.5, 0
2018-11-12 15:31:01 (1128585960274) STATS - 115.6, 0
2018-11-12 15:31:01 (1128585977174) STATS - 115.7, 0
2018-11-12 15:31:01 (1128585993275) STATS - 115.8, 0
2018-11-12 15:31:01 (1128586012075) STATS - 115.9, 0
2018-11-12 15:31:01 (1128586030076) STATS - 116.0, 0
2018-11-12 15:31:01 (1128586048076) STATS - 116.1, 0
2018-11-12 15:31:01 (1128586067077) STATS - 116.2, 0
2018-11-12 15:31:01 (1128586083977) STATS - 116.3, 0
2018-11-12 15:31:01 (1128586100277) STATS - 116.4, 0
2018-11-12 15:31:01 (1128586116178) STATS - 116.5, 0
2018-11-12 15:31:01 (1128586132078) STATS - 116.6, 0
2018-11-12 15:31:01 (1128586148179) STATS - 116.7, 0
2018-11-12 15:31:01 (1128586164379) STATS - 116.8, 0
2018-11-12 15:31:01 (1128586180479) STATS - 116.9, 0
2018-11-12 15:31:01 (1128586208780) STATS - 117.0, 0
2018-11-12 15:31:01 (1128586272982) STATS - 117.1, 0
2018-11-12 15:31:01 (1128586391385) STATS - 117.2, 0
2018-11-12 15:31:01 (1128586410885) STATS - 117.3, 0
2018-11-12 15:31:01 (1128586429285) STATS - 117.4, 0
2018-11-12 15:31:01 (1128586446886) STATS - 117.5, 0
2018-11-12 15:31:01 (1128586467886) STATS - 117.6, 0
2018-11-12 15:31:01 (1128586486287) STATS - 117.7, 0
2018-11-12 15:31:01 (1128586503687) STATS - 117.8, 0
2018-11-12 15:31:01 (1128586534488) STATS - 117.9, 0
2018-11-12 15:31:01 (1128586553589) STATS - 118.0, 0
2018-11-12 15:31:01 (1128586571689) STATS - 118.1, 0
2018-11-12 15:31:01 (1128586593390) STATS - 118.2, 0
2018-11-12 15:31:01 (1128586611790) STATS - 118.3, 0
2018-11-12 15:31:01 (1128586630890) STATS - 118.4, 0
2018-11-12 15:31:01 (1128586649391) STATS - 118.5, 0
2018-11-12 15:31:01 (1128586669991) STATS - 118.6, 0
2018-11-12 15:31:01 (1128586688592) STATS - 118.7, 0
2018-11-12 15:31:01 (1128586706392) STATS - 118.8, 0
2018-11-12 15:31:01 (1128586723993) STATS - 118.9, 0
2018-11-12 15:31:01 (1128586741893) STATS - 119.0, 0
2018-11-12 15:31:01 (1128586759894) STATS - 119.1, 0
2018-11-12 15:31:01 (1128586777694) STATS - 119.2, 0
2018-11-12 15:31:01 (1128586795795) STATS - 119.3, 0
2018-11-12 15:31:01 (1128586813395) STATS - 119.4, 0
2018-11-12 15:31:01 (1128586830895) STATS - 119.5, 0
2018-11-12 15:31:01 (1128586848596) STATS - 119.6, 0
2018-11-12 15:31:01 (1128586866396) STATS - 119.7, 0
2018-11-12 15:31:01 (1128586884197) STATS - 119.8, 0
2018-11-12 15:31:01 (1128586901697) STATS - 119.9, 0
2018-11-12 15:31:01 (1128586920698) STATS - 120.0, 0
2018-11-12 15:31:01 (1128586938898) STATS - 120.1, 0
2018-11-12 15:31:01 (1128586956498) STATS - 120.2, 0
2018-11-12 15:31:01 (1128586975699) STATS - 120.3, 0
2018-11-12 15:31:01 (1128586993399) STATS - 120.4, 0
2018-11-12 15:31:01 (1128587010900) STATS - 120.5, 0
2018-11-12 15:31:01 (1128587028500) STATS - 120.6, 0
2018-11-12 15:31:01 (1128587059001) STATS - 120.7, 0
2018-11-12 15:31:01 (1128587076501) STATS - 120.8, 0
2018-11-12 15:31:01 (1128587126503) STATS - 120.9, 0
2018-11-12 15:31:01 (1128587164404) STATS - 121.0, 0
2018-11-12 15:31:01 (1128587184304) STATS - 121.1, 0
2018-11-12 15:31:01 (1128587224305) STATS - 121.2, 0
2018-11-12 15:31:01 (1128587241806) STATS - 121.3, 0
2018-11-12 15:31:01 (1128587272206) STATS - 121.4, 0
2018-11-12 15:31:01 (1128587290007) STATS - 121.5, 0
2018-11-12 15:31:01 (1128587307007) STATS - 121.6, 0
2018-11-12 15:31:01 (1128587323208) STATS - 121.7, 0
2018-11-12 15:31:01 (1128587339308) STATS - 121.8, 0
2018-11-12 15:31:01 (1128587355408) STATS - 121.9, 0
2018-11-12 15:31:01 (1128587372209) STATS - 122.0, 0
2018-11-12 15:31:01 (1128587388609) STATS - 122.1, 0
2018-11-12 15:31:01 (1128587404710) STATS - 122.2, 0
2018-11-12 15:31:01 (1128587420910) STATS - 122.3, 0
2018-11-12 15:31:01 (1128587451911) STATS - 122.4, 0
2018-11-12 15:31:01 (1128587470111) STATS - 122.5, 0
2018-11-12 15:31:01 (1128587486712) STATS - 122.6, 0
2018-11-12 15:31:01 (1128587516712) STATS - 122.7, 0
2018-11-12 15:31:01 (1128587546013) STATS - 122.8, 0
2018-11-12 15:31:01 (1128587562613) STATS - 122.9, 0
2018-11-12 15:31:01 (1128587579514) STATS - 123.0, 0
2018-11-12 15:31:01 (1128587596214) STATS - 123.1, 0
2018-11-12 15:31:01 (1128587613015) STATS - 123.2, 0
2018-11-12 15:31:01 (1128587629615) STATS - 123.3, 0
2018-11-12 15:31:01 (1128587646016) STATS - 123.4, 0
2018-11-12 15:31:01 (1128587662516) STATS - 123.5, 0
2018-11-12 15:31:01 (1128587679616) STATS - 123.6, 0
2018-11-12 15:31:01 (1128587696017) STATS - 123.7, 0
2018-11-12 15:31:01 (1128587712917) STATS - 123.8, 0
2018-11-12 15:31:01 (1128587729318) STATS - 123.9, 0
2018-11-12 15:31:01 (1128587746118) STATS - 124.0, 0
2018-11-12 15:31:01 (1128587762818) STATS - 124.1, 0
2018-11-12 15:31:01 (1128587779319) STATS - 124.2, 0
2018-11-12 15:31:01 (1128587796219) STATS - 124.3, 0
2018-11-12 15:31:01 (1128587812720) STATS - 124.4, 0
2018-11-12 15:31:01 (1128587829520) STATS - 124.5, 0
2018-11-12 15:31:01 (1128587846320) STATS - 124.6, 0
2018-11-12 15:31:01 (1128587862821) STATS - 124.7, 0
2018-11-12 15:31:01 (1128587879521) STATS - 124.8, 0
2018-11-12 15:31:01 (1128587896522) STATS - 124.9, 0
2018-11-12 15:31:01 (1128587913022) STATS - 125.0, 0
2018-11-12 15:31:01 (1128587929723) STATS - 125.1, 0
2018-11-12 15:31:01 (1128587946223) STATS - 125.2, 0
2018-11-12 15:31:01 (1128587962923) STATS - 125.3, 0
2018-11-12 15:31:01 (1128587979424) STATS - 125.4, 0
2018-11-12 15:31:01 (1128587995924) STATS - 125.5, 0
2018-11-12 15:31:01 (1128588079026) STATS - 125.6, 0
2018-11-12 15:31:01 (1128588100827) STATS - 125.7, 0
2018-11-12 15:31:01 (1128588117827) STATS - 125.8, 0
2018-11-12 15:31:01 (1128588134828) STATS - 125.9, 0
2018-11-12 15:31:01 (1128588155928) STATS - 126.0, 0
2018-11-12 15:31:01 (1128588180429) STATS - 126.1, 0
2018-11-12 15:31:01 (1128588197729) STATS - 126.2, 0
2018-11-12 15:31:01 (1128588233930) STATS - 126.3, 0
2018-11-12 15:31:01 (1128588267931) STATS - 126.4, 0
2018-11-12 15:31:01 (1128588287131) STATS - 126.5, 0
2018-11-12 15:31:01 (1128588304332) STATS - 126.6, 0
2018-11-12 15:31:01 (1128588344933) STATS - 126.7, 0
2018-11-12 15:31:01 (1128588374133) STATS - 126.8, 0
2018-11-12 15:31:01 (1128588402034) STATS - 126.9, 0
2018-11-12 15:31:01 (1128588419135) STATS - 127.0, 0
2018-11-12 15:31:01 (1128588436135) STATS - 127.1, 0
2018-11-12 15:31:01 (1128588453035) STATS - 127.2, 0
2018-11-12 15:31:01 (1128588470236) STATS - 127.3, 0
2018-11-12 15:31:01 (1128588486736) STATS - 127.4, 0
2018-11-12 15:31:01 (1128588503137) STATS - 127.5, 0
2018-11-12 15:31:01 (1128588519737) STATS - 127.6, 0
2018-11-12 15:31:01 (1128588536338) STATS - 127.7, 0
2018-11-12 15:31:01 (1128595052798) STATS - 127.8, 0
2018-11-12 15:31:01 (1128595112400) STATS - 127.9, 0
2018-11-12 15:31:01 (1128595151201) STATS - 128.0, 0
2018-11-12 15:31:01 (1128595170701) STATS - 128.1, 0
2018-11-12 15:31:01 (1128595188302) STATS - 128.2, 0
2018-11-12 15:31:01 (1128595205502) STATS - 128.3, 0
2018-11-12 15:31:01 (1128595245403) STATS - 128.4, 0
2018-11-12 15:31:01 (1128595261204) STATS - 128.5, 0
2018-11-12 15:31:01 (1128595276404) STATS - 128.6, 0
2018-11-12 15:31:01 (1128595291204) STATS - 128.7, 0
2018-11-12 15:31:01 (1128595306005) STATS - 128.8, 0
2018-11-12 15:31:01 (1128595320605) STATS - 128.9, 0
2018-11-12 15:31:01 (1128595335605) STATS - 129.0, 0
2018-11-12 15:31:01 (1128595353406) STATS - 129.1, 0
2018-11-12 15:31:01 (1128595369306) STATS - 129.2, 0
2018-11-12 15:31:01 (1128595384307) STATS - 129.3, 0
2018-11-12 15:31:01 (1128595398907) STATS - 129.4, 0
2018-11-12 15:31:01 (1128595413607) STATS - 129.5, 0
2018-11-12 15:31:01 (1128595428808) STATS - 129.6, 0
2018-11-12 15:31:01 (1128595454408) STATS - 129.7, 0
2018-11-12 15:31:01 (1128595469009) STATS - 129.8, 0
2018-11-12 15:31:01 (1128595483009) STATS - 129.9, 0
2018-11-12 15:31:01 (1128595510610) STATS - 130.0, 0
2018-11-12 15:31:01 (1128595549911) STATS - 130.1, 0
2018-11-12 15:31:01 (1128595564911) STATS - 130.2, 0
2018-11-12 15:31:01 (1128595579611) STATS - 130.3, 0
2018-11-12 15:31:01 (1128595594312) STATS - 130.4, 0
2018-11-12 15:31:01 (1128595621112) STATS - 130.5, 0
2018-11-12 15:31:01 (1128595640913) STATS - 130.6, 0
2018-11-12 15:31:01 (1128595675914) STATS - 130.7, 0
2018-11-12 15:31:01 (1128595691514) STATS - 130.8, 0
2018-11-12 15:31:01 (1128595706715) STATS - 130.9, 0
2018-11-12 15:31:01 (1128595722215) STATS - 131.0, 0
2018-11-12 15:31:01 (1128595737215) STATS - 131.1, 0
2018-11-12 15:31:01 (1128595757016) STATS - 131.2, 0
2018-11-12 15:31:01 (1128595771816) STATS - 131.3, 0
2018-11-12 15:31:01 (1128595786317) STATS - 131.4, 0
2018-11-12 15:31:01 (1128595801117) STATS - 131.5, 0
2018-11-12 15:31:01 (1128595841318) STATS - 131.6, 0
2018-11-12 15:31:01 (1128595856718) STATS - 131.7, 0
2018-11-12 15:31:01 (1128595871219) STATS - 131.8, 0
2018-11-12 15:31:01 (1128595887319) STATS - 131.9, 0
2018-11-12 15:31:01 (1128595924020) STATS - 132.0, 0
2018-11-12 15:31:01 (1128595938220) STATS - 132.1, 0
2018-11-12 15:31:01 (1128595953121) STATS - 132.2, 0
2018-11-12 15:31:01 (1128595966521) STATS - 132.3, 0
2018-11-12 15:31:01 (1128595979821) STATS - 132.4, 0
2018-11-12 15:31:01 (1128596027322) STATS - 132.5, 0
2018-11-12 15:31:01 (1128596046523) STATS - 132.6, 0
2018-11-12 15:31:01 (1128596061723) STATS - 132.7, 0
2018-11-12 15:31:01 (1128596076324) STATS - 132.8, 0
2018-11-12 15:31:01 (1128596091524) STATS - 132.9, 0
2018-11-12 15:31:01 (1128596106124) STATS - 133.0, 0
2018-11-12 15:31:01 (1128596120625) STATS - 133.1, 0
2018-11-12 15:31:01 (1128596146925) STATS - 133.2, 0
2018-11-12 15:31:01 (1128596161826) STATS - 133.3, 0
2018-11-12 15:31:01 (1128596176326) STATS - 133.4, 0
2018-11-12 15:31:01 (1128596191227) STATS - 133.5, 0
2018-11-12 15:31:01 (1128596206527) STATS - 133.6, 0
2018-11-12 15:31:01 (1128596221927) STATS - 133.7, 0
2018-11-12 15:31:01 (1128596236728) STATS - 133.8, 0
2018-11-12 15:31:01 (1128596251328) STATS - 133.9, 0
2018-11-12 15:31:01 (1128596266028) STATS - 134.0, 0
2018-11-12 15:31:01 (1128596292929) STATS - 134.1, 0
2018-11-12 15:31:01 (1128596318230) STATS - 134.2, 0
2018-11-12 15:31:01 (1128596333530) STATS - 134.3, 0
2018-11-12 15:31:01 (1128596347630) STATS - 134.4, 0
2018-11-12 15:31:01 (1128596361731) STATS - 134.5, 0
2018-11-12 15:31:01 (1128596379431) STATS - 134.6, 0
2018-11-12 15:31:01 (1128596394432) STATS - 134.7, 0
2018-11-12 15:31:01 (1128596408732) STATS - 134.8, 0
2018-11-12 15:31:01 (1128596428432) STATS - 134.9, 0
2018-11-12 15:31:01 (1128596455633) STATS - 135.0, 0
2018-11-12 15:31:01 (1128596480734) STATS - 135.1, 0
2018-11-12 15:31:01 (1128596495034) STATS - 135.2, 0
2018-11-12 15:31:01 (1128596509234) STATS - 135.3, 0
2018-11-12 15:31:01 (1128596523235) STATS - 135.4, 0
2018-11-12 15:31:01 (1128596536935) STATS - 135.5, 0
2018-11-12 15:31:01 (1128596551035) STATS - 135.6, 0
2018-11-12 15:31:01 (1128596565336) STATS - 135.7, 0
2018-11-12 15:31:01 (1128596579536) STATS - 135.8, 0
2018-11-12 15:31:01 (1128596593336) STATS - 135.9, 0
2018-11-12 15:31:01 (1128596607137) STATS - 136.0, 0
2018-11-12 15:31:01 (1128596621337) STATS - 136.1, 0
2018-11-12 15:31:01 (1128596635638) STATS - 136.2, 0
2018-11-12 15:31:01 (1128596649538) STATS - 136.3, 0
2018-11-12 15:31:01 (1128596663338) STATS - 136.4, 0
2018-11-12 15:31:01 (1128596698039) STATS - 136.5, 0
2018-11-12 15:31:01 (1128596715039) STATS - 136.6, 0
2018-11-12 15:31:01 (1128596729640) STATS - 136.7, 0
2018-11-12 15:31:01 (1128596743640) STATS - 136.8, 0
2018-11-12 15:31:01 (1128596757641) STATS - 136.9, 0
2018-11-12 15:31:01 (1128596771741) STATS - 137.0, 0
2018-11-12 15:31:01 (1128596785841) STATS - 137.1, 0
2018-11-12 15:31:01 (1128596799842) STATS - 137.2, 0
2018-11-12 15:31:01 (1128596814042) STATS - 137.3, 0
2018-11-12 15:31:01 (1128596827742) STATS - 137.4, 0
2018-11-12 15:31:01 (1128596841443) STATS - 137.5, 0
2018-11-12 15:31:01 (1128596855443) STATS - 137.6, 0
2018-11-12 15:31:01 (1128596882744) STATS - 137.7, 0
2018-11-12 15:31:01 (1128596896644) STATS - 137.8, 0
2018-11-12 15:31:01 (1128596909944) STATS - 137.9, 0
2018-11-12 15:31:01 (1128596924145) STATS - 138.0, 0
2018-11-12 15:31:01 (1128596937645) STATS - 138.1, 0
2018-11-12 15:31:01 (1128596951045) STATS - 138.2, 0
2018-11-12 15:31:01 (1128596976546) STATS - 138.3, 0
2018-11-12 15:31:01 (1128596991246) STATS - 138.4, 0
2018-11-12 15:31:01 (1128597004947) STATS - 138.5, 0
2018-11-12 15:31:01 (1128597018947) STATS - 138.6, 0
2018-11-12 15:31:01 (1128597032747) STATS - 138.7, 0
2018-11-12 15:31:01 (1128597047048) STATS - 138.8, 0
2018-11-12 15:31:01 (1128597060248) STATS - 138.9, 0
2018-11-12 15:31:01 (1128597074448) STATS - 139.0, 0
2018-11-12 15:31:01 (1128597089049) STATS - 139.1, 0
2018-11-12 15:31:01 (1128597105249) STATS - 139.2, 0
2018-11-12 15:31:01 (1128597119149) STATS - 139.3, 0
2018-11-12 15:31:01 (1128597132350) STATS - 139.4, 0
2018-11-12 15:31:01 (1128597145750) STATS - 139.5, 0
2018-11-12 15:31:01 (1128597159250) STATS - 139.6, 0
2018-11-12 15:31:01 (1128597172751) STATS - 139.7, 0
2018-11-12 15:31:01 (1128597186151) STATS - 139.8, 0
2018-11-12 15:31:01 (1128597199351) STATS - 139.9, 0
2018-11-12 15:31:01 (1128597213552) STATS - 140.0, 0
2018-11-12 15:31:01 (1128597227352) STATS - 140.1, 0
2018-11-12 15:31:01 (1128597240952) STATS - 140.2, 0
2018-11-12 15:31:01 (1128597254453) STATS - 140.3, 0
2018-11-12 15:31:01 (1128597267853) STATS - 140.4, 0
2018-11-12 15:31:01 (1128597281253) STATS - 140.5, 0
2018-11-12 15:31:01 (1128597294754) STATS - 140.6, 0
2018-11-12 15:31:01 (1128597309254) STATS - 140.7, 0
2018-11-12 15:31:01 (1128597323755) STATS - 140.8, 0
2018-11-12 15:31:01 (1128597337255) STATS - 140.9, 0
2018-11-12 15:31:01 (1128597362855) STATS - 141.0, 0
2018-11-12 15:31:01 (1128597377156) STATS - 141.1, 0
2018-11-12 15:31:01 (1128597391156) STATS - 141.2, 0
2018-11-12 15:31:01 (1128597406257) STATS - 141.3, 0
2018-11-12 15:31:01 (1128597420557) STATS - 141.4, 0
2018-11-12 15:31:01 (1128597434657) STATS - 141.5, 0
2018-11-12 15:31:01 (1128597448658) STATS - 141.6, 0
2018-11-12 15:31:01 (1128597462558) STATS - 141.7, 0
2018-11-12 15:31:01 (1128597476558) STATS - 141.8, 0
2018-11-12 15:31:01 (1128597490459) STATS - 141.9, 0
2018-11-12 15:31:01 (1128597504359) STATS - 142.0, 0
2018-11-12 15:31:01 (1128597518459) STATS - 142.1, 0
2018-11-12 15:31:01 (1128597532660) STATS - 142.2, 0
2018-11-12 15:31:01 (1128597546760) STATS - 142.3, 0
2018-11-12 15:31:01 (1128597560460) STATS - 142.4, 0
2018-11-12 15:31:01 (1128597578461) STATS - 142.5, 0
2018-11-12 15:31:01 (1128597592761) STATS - 142.6, 0
2018-11-12 15:31:01 (1128597606962) STATS - 142.7, 0
2018-11-12 15:31:01 (1128597620662) STATS - 142.8, 0
2018-11-12 15:31:01 (1128597634462) STATS - 142.9, 0
2018-11-12 15:31:01 (1128597648163) STATS - 143.0, 0
2018-11-12 15:31:01 (1128597662263) STATS - 143.1, 0
2018-11-12 15:31:01 (1128597676563) STATS - 143.2, 0
2018-11-12 15:31:01 (1128597724064) STATS - 143.3, 0
2018-11-12 15:31:01 (1128597738365) STATS - 143.4, 0
2018-11-12 15:31:01 (1128604388929) STATS - 143.5, 0
2018-11-12 15:31:01 (1128604471831) STATS - 143.6, 0
2018-11-12 15:31:01 (1128604489931) STATS - 143.7, 0
2018-11-12 15:31:01 (1128604502732) STATS - 143.8, 0
2018-11-12 15:31:01 (1128604514732) STATS - 143.9, 0
2018-11-12 15:31:01 (1128604528032) STATS - 144.0, 0
2018-11-12 15:31:01 (1128604540433) STATS - 144.1, 0
2018-11-12 15:31:01 (1128604552733) STATS - 144.2, 0
2018-11-12 15:31:01 (1128604564833) STATS - 144.3, 0
2018-11-12 15:31:01 (1128604576534) STATS - 144.4, 0
2018-11-12 15:31:01 (1128604588634) STATS - 144.5, 0
2018-11-12 15:31:01 (1128604611934) STATS - 144.6, 0
2018-11-12 15:31:01 (1128604625035) STATS - 144.7, 0
2018-11-12 15:31:01 (1128604637835) STATS - 144.8, 0
2018-11-12 15:31:01 (1128604650335) STATS - 144.9, 0
2018-11-12 15:31:01 (1128604663336) STATS - 145.0, 0
2018-11-12 15:31:01 (1128604676136) STATS - 145.1, 0
2018-11-12 15:31:01 (1128604688936) STATS - 145.2, 0
2018-11-12 15:31:01 (1128604701437) STATS - 145.3, 0
2018-11-12 15:31:01 (1128604713837) STATS - 145.4, 0
2018-11-12 15:31:01 (1128604728637) STATS - 145.5, 0
2018-11-12 15:31:01 (1128604741238) STATS - 145.6, 0
2018-11-12 15:31:01 (1128604754038) STATS - 145.7, 0
2018-11-12 15:31:01 (1128604766538) STATS - 145.8, 1
2018-11-12 15:31:01 (1128604779139) STATS - 145.9, 0
2018-11-12 15:31:01 (1128604791539) STATS - 146.0, 0
2018-11-12 15:31:01 (1128604804039) STATS - 146.1, 0
2018-11-12 15:31:01 (1128604816740) STATS - 146.2, 1
2018-11-12 15:31:01 (1128604829440) STATS - 146.3, 0
2018-11-12 15:31:01 (1128604841740) STATS - 146.4, 0
2018-11-12 15:31:01 (1128604854240) STATS - 146.5, 0
2018-11-12 15:31:01 (1128604866841) STATS - 146.6, 0
2018-11-12 15:31:01 (1128604879441) STATS - 146.7, 0
2018-11-12 15:31:01 (1128604891841) STATS - 146.8, 0
2018-11-12 15:31:01 (1128604904542) STATS - 146.9, 0
2018-11-12 15:31:01 (1128604917042) STATS - 147.0, 0
2018-11-12 15:31:01 (1128604929642) STATS - 147.1, 0
2018-11-12 15:31:01 (1128604952643) STATS - 147.2, 0
2018-11-12 15:31:01 (1128604964543) STATS - 147.3, 0
2018-11-12 15:31:01 (1128604976443) STATS - 147.4, 0
2018-11-12 15:31:01 (1128604988444) STATS - 147.5, 0
2018-11-12 15:31:01 (1128605004744) STATS - 147.6, 0
2018-11-12 15:31:01 (1128605017244) STATS - 147.7, 0
2018-11-12 15:31:01 (1128605029245) STATS - 147.8, 0
2018-11-12 15:31:01 (1128605041145) STATS - 147.9, 0
2018-11-12 15:31:01 (1128605053145) STATS - 148.0, 0
2018-11-12 15:31:01 (1128605065046) STATS - 148.1, 0
2018-11-12 15:31:01 (1128605076946) STATS - 148.2, 0
2018-11-12 15:31:01 (1128605088846) STATS - 148.3, 0
2018-11-12 15:31:01 (1128605100647) STATS - 148.4, 0
2018-11-12 15:31:01 (1128605112547) STATS - 148.5, 0
2018-11-12 15:31:01 (1128605124847) STATS - 148.6, 0
2018-11-12 15:31:01 (1128605137147) STATS - 148.7, 0
2018-11-12 15:31:01 (1128605149148) STATS - 148.8, 0
2018-11-12 15:31:01 (1128605161048) STATS - 148.9, 0
2018-11-12 15:31:01 (1128605173048) STATS - 149.0, 0
2018-11-12 15:31:01 (1128605185049) STATS - 149.1, 0
2018-11-12 15:31:01 (1128605197049) STATS - 149.2, 0
2018-11-12 15:31:01 (1128605209649) STATS - 149.3, 0
2018-11-12 15:31:01 (1128605221050) STATS - 149.4, 0
2018-11-12 15:31:01 (1128605232350) STATS - 149.5, 0
2018-11-12 15:31:01 (1128605243850) STATS - 149.6, 0
2018-11-12 15:31:01 (1128605255450) STATS - 149.7, 0
2018-11-12 15:31:01 (1128605266751) STATS - 149.8, 0
2018-11-12 15:31:01 (1128605278151) STATS - 149.9, 0
2018-11-12 15:31:01 (1128605293251) STATS - 150.0, 0
2018-11-12 15:31:01 (1128605306152) STATS - 150.1, 0
2018-11-12 15:31:01 (1128605318052) STATS - 150.2, 0
2018-11-12 15:31:01 (1128605329752) STATS - 150.3, 0
2018-11-12 15:31:01 (1128605341353) STATS - 150.4, 0
2018-11-12 15:31:01 (1128605352653) STATS - 150.5, 0
2018-11-12 15:31:01 (1128605364353) STATS - 150.6, 0
2018-11-12 15:31:01 (1128605376053) STATS - 150.7, 0
2018-11-12 15:31:01 (1128605387654) STATS - 150.8, 0
2018-11-12 15:31:01 (1128605400754) STATS - 150.9, 0
2018-11-12 15:31:01 (1128605413854) STATS - 151.0, 0
2018-11-12 15:31:01 (1128605426155) STATS - 151.1, 0
2018-11-12 15:31:01 (1128605437655) STATS - 151.2, 0
2018-11-12 15:31:01 (1128605449055) STATS - 151.3, 0
2018-11-12 15:31:01 (1128605460355) STATS - 151.4, 0
2018-11-12 15:31:01 (1128605471856) STATS - 151.5, 0
2018-11-12 15:31:01 (1128605482956) STATS - 151.6, 0
2018-11-12 15:31:01 (1128605494456) STATS - 151.7, 0
2018-11-12 15:31:01 (1128605507157) STATS - 151.8, 0
2018-11-12 15:31:01 (1128605547458) STATS - 151.9, 0
2018-11-12 15:31:01 (1128605587759) STATS - 152.0, 0
2018-11-12 15:31:01 (1128605608759) STATS - 152.1, 0
2018-11-12 15:31:01 (1128605632760) STATS - 152.2, 0
2018-11-12 15:31:01 (1128605652160) STATS - 152.3, 0
2018-11-12 15:31:01 (1128605664560) STATS - 152.4, 0
2018-11-12 15:31:01 (1128605677061) STATS - 152.5, 0
2018-11-12 15:31:01 (1128605689561) STATS - 152.6, 0
2018-11-12 15:31:01 (1128605702161) STATS - 152.7, 0
2018-11-12 15:31:01 (1128605714662) STATS - 152.8, 0
2018-11-12 15:31:01 (1128605727262) STATS - 152.9, 0
2018-11-12 15:31:01 (1128605740462) STATS - 153.0, 0
2018-11-12 15:31:01 (1128605753363) STATS - 153.1, 0
2018-11-12 15:31:01 (1128605766063) STATS - 153.2, 1
2018-11-12 15:31:01 (1128605778863) STATS - 153.3, 0
2018-11-12 15:31:01 (1128605791164) STATS - 153.4, 0
2018-11-12 15:31:01 (1128605804764) STATS - 153.5, 0
2018-11-12 15:31:01 (1128605819064) STATS - 153.6, 0
2018-11-12 15:31:01 (1128605831965) STATS - 153.7, 0
2018-11-12 15:31:01 (1128605844465) STATS - 153.8, 0
2018-11-12 15:31:01 (1128605857265) STATS - 153.9, 0
2018-11-12 15:31:01 (1128605869866) STATS - 154.0, 0
2018-11-12 15:31:01 (1128605882466) STATS - 154.1, 0
2018-11-12 15:31:01 (1128605907066) STATS - 154.2, 0
2018-11-12 15:31:01 (1128605930367) STATS - 154.3, 0
2018-11-12 15:31:01 (1128605942367) STATS - 154.4, 2
2018-11-12 15:31:01 (1128605954268) STATS - 154.5, 0
2018-11-12 15:31:01 (1128605966468) STATS - 154.6, 0
2018-11-12 15:31:01 (1128605978568) STATS - 154.7, 0
2018-11-12 15:31:01 (1128606000569) STATS - 154.8, 0
2018-11-12 15:31:01 (1128606011869) STATS - 154.9, 0
2018-11-12 15:31:01 (1128606031170) STATS - 155.0, 0
2018-11-12 15:31:01 (1128606042770) STATS - 155.1, 0
2018-11-12 15:31:01 (1128606054170) STATS - 155.2, 0
2018-11-12 15:31:01 (1128606065570) STATS - 155.3, 0
2018-11-12 15:31:01 (1128606076971) STATS - 155.4, 0
2018-11-12 15:31:01 (1128606088471) STATS - 155.5, 0
2018-11-12 15:31:01 (1128606100971) STATS - 155.6, 0
2018-11-12 15:31:01 (1128606112472) STATS - 155.7, 0
2018-11-12 15:31:01 (1128606123872) STATS - 155.8, 0
2018-11-12 15:31:01 (1128606135272) STATS - 155.9, 0
2018-11-12 15:31:01 (1128606146372) STATS - 156.0, 0
2018-11-12 15:31:01 (1128606174073) STATS - 156.1, 0
2018-11-12 15:31:01 (1128606186373) STATS - 156.2, 0
2018-11-12 15:31:01 (1128606198374) STATS - 156.3, 0
2018-11-12 15:31:01 (1128606209774) STATS - 156.4, 0
2018-11-12 15:31:01 (1128606220974) STATS - 156.5, 0
2018-11-12 15:31:01 (1128606232675) STATS - 156.6, 0
2018-11-12 15:31:01 (1128606244175) STATS - 156.7, 0
2018-11-12 15:31:01 (1128606267475) STATS - 156.8, 0
2018-11-12 15:31:01 (1128606279576) STATS - 156.9, 0
2018-11-12 15:31:01 (1128606291376) STATS - 157.0, 0
2018-11-12 15:31:01 (1128606303576) STATS - 157.1, 0
2018-11-12 15:31:01 (1128606315677) STATS - 157.2, 0
2018-11-12 15:31:01 (1128606327577) STATS - 157.3, 0
2018-11-12 15:31:01 (1128606382378) STATS - 157.4, 0
2018-11-12 15:31:01 (1128606395579) STATS - 157.5, 0
2018-11-12 15:31:01 (1128606408079) STATS - 157.6, 0
2018-11-12 15:31:01 (1128606433279) STATS - 157.7, 0
2018-11-12 15:31:01 (1128606445680) STATS - 157.8, 0
2018-11-12 15:31:01 (1128606458080) STATS - 157.9, 0
2018-11-12 15:31:01 (1128606470580) STATS - 158.0, 0
2018-11-12 15:31:01 (1128606483381) STATS - 158.1, 0
2018-11-12 15:31:01 (1128606504381) STATS - 158.2, 0
2018-11-12 15:31:01 (1128606518282) STATS - 158.3, 0
2018-11-12 15:31:01 (1128606530382) STATS - 158.4, 0
2018-11-12 15:31:01 (1128606542382) STATS - 158.5, 0
2018-11-12 15:31:01 (1128606554682) STATS - 158.6, 1
2018-11-12 15:31:01 (1128606567283) STATS - 158.7, 0
2018-11-12 15:31:01 (1128606579183) STATS - 158.8, 0
2018-11-12 15:31:01 (1128606602984) STATS - 158.9, 0
2018-11-12 15:31:01 (1128606615784) STATS - 159.0, 0
2018-11-12 15:31:01 (1128606629084) STATS - 159.1, 0
2018-11-12 15:31:01 (1128606641685) STATS - 159.2, 0
2018-11-12 15:31:01 (1128606654285) STATS - 159.3, 0
2018-11-12 15:31:01 (1128606666885) STATS - 159.4, 0
2018-11-12 15:31:01 (1128606679286) STATS - 159.5, 0
2018-11-12 15:31:01 (1128606691686) STATS - 159.6, 0
2018-11-12 15:31:01 (1128606704486) STATS - 159.7, 0
2018-11-12 15:31:01 (1128606728387) STATS - 159.8, 0
2018-11-12 15:31:01 (1128606741387) STATS - 159.9, 0
2018-11-12 15:31:01 (1128606754587) STATS - 160.0, 0
2018-11-12 15:31:01 (1128606767388) STATS - 160.1, 0
2018-11-12 15:31:01 (1128606779988) STATS - 160.2, 0
2018-11-12 15:31:01 (1128606792688) STATS - 160.3, 0
2018-11-12 15:31:01 (1128606805089) STATS - 160.4, 0
2018-11-12 15:31:01 (1128606817589) STATS - 160.5, 0
2018-11-12 15:31:01 (1128606830189) STATS - 160.6, 0
2018-11-12 15:31:01 (1128606842890) STATS - 160.7, 0
2018-11-12 15:31:01 (1128606855290) STATS - 160.8, 0
2018-11-12 15:31:01 (1128606867690) STATS - 160.9, 0
2018-11-12 15:31:01 (1128606880291) STATS - 161.0, 0
2018-11-12 15:31:01 (1128606896791) STATS - 161.1, 0
2018-11-12 15:31:01 (1128606910591) STATS - 161.2, 0
2018-11-12 15:31:01 (1128606935592) STATS - 161.3, 0
2018-11-12 15:31:01 (1128606958892) STATS - 161.4, 0
2018-11-12 15:31:01 (1128606970793) STATS - 161.5, 0
2018-11-12 15:31:01 (1128606982893) STATS - 161.6, 0
2018-11-12 15:31:01 (1128606994793) STATS - 161.7, 0
2018-11-12 15:31:01 (1128607006494) STATS - 161.8, 0
2018-11-12 15:31:01 (1128607018494) STATS - 161.9, 0
2018-11-12 15:31:01 (1128607030794) STATS - 162.0, 0
2018-11-12 15:31:01 (1128607042895) STATS - 162.1, 0
2018-11-12 15:31:01 (1128607054695) STATS - 162.2, 0
2018-11-12 15:31:01 (1128607066595) STATS - 162.3, 0
2018-11-12 15:31:01 (1128607078595) STATS - 162.4, 0
2018-11-12 15:31:01 (1128607090596) STATS - 162.5, 0
2018-11-12 15:31:01 (1128607102396) STATS - 162.6, 0
2018-11-12 15:31:01 (1128607114496) STATS - 162.7, 0
2018-11-12 15:31:01 (1128607126597) STATS - 162.8, 0
2018-11-12 15:31:01 (1128607138397) STATS - 162.9, 0
2018-11-12 15:31:01 (1128607150197) STATS - 163.0, 0
2018-11-12 15:31:01 (1128607162097) STATS - 163.1, 0
2018-11-12 15:31:01 (1128613901164) STATS - 163.2, 0
2018-11-12 15:31:01 (1128614096469) STATS - 163.3, 0
2018-11-12 15:31:01 (1128614129670) STATS - 163.4, 0
2018-11-12 15:31:01 (1128614141670) STATS - 163.5, 0
2018-11-12 15:31:01 (1128614152570) STATS - 163.6, 0
2018-11-12 15:31:01 (1128614163270) STATS - 163.7, 0
2018-11-12 15:31:01 (1128614175171) STATS - 163.8, 0
2018-11-12 15:31:01 (1128614186471) STATS - 163.9, 0
2018-11-12 15:31:01 (1128614199071) STATS - 164.0, 0
2018-11-12 15:31:01 (1128614210572) STATS - 164.1, 0
2018-11-12 15:31:01 (1128614221272) STATS - 164.2, 0
2018-11-12 15:31:01 (1128614231872) STATS - 164.3, 0
2018-11-12 15:31:01 (1128614242472) STATS - 164.4, 0
2018-11-12 15:31:01 (1128614253373) STATS - 164.5, 0
2018-11-12 15:31:01 (1128614264973) STATS - 164.6, 0
2018-11-12 15:31:01 (1128614276073) STATS - 164.7, 0
2018-11-12 15:31:01 (1128614286973) STATS - 164.8, 0
2018-11-12 15:31:01 (1128614297674) STATS - 164.9, 0
2018-11-12 15:31:01 (1128614308874) STATS - 165.0, 0
2018-11-12 15:31:01 (1128614319774) STATS - 165.1, 0
2018-11-12 15:31:01 (1128614331275) STATS - 165.2, 0
2018-11-12 15:31:01 (1128614353375) STATS - 165.3, 0
2018-11-12 15:31:01 (1128614382076) STATS - 165.4, 0
2018-11-12 15:31:01 (1128614394176) STATS - 165.5, 0
2018-11-12 15:31:01 (1128614404676) STATS - 165.6, 0
2018-11-12 15:31:01 (1128614415077) STATS - 165.7, 0
2018-11-12 15:31:01 (1128614425077) STATS - 165.8, 0
2018-11-12 15:31:01 (1128614435077) STATS - 165.9, 0
2018-11-12 15:31:01 (1128614479478) STATS - 166.0, 0
2018-11-12 15:31:01 (1128614495279) STATS - 166.1, 0
2018-11-12 15:31:01 (1128614518679) STATS - 166.2, 0
2018-11-12 15:31:01 (1128614529979) STATS - 166.3, 0
2018-11-12 15:31:01 (1128614540880) STATS - 166.4, 0
2018-11-12 15:31:01 (1128614551680) STATS - 166.5, 0
2018-11-12 15:31:01 (1128614562780) STATS - 166.6, 0
2018-11-12 15:31:01 (1128614573580) STATS - 166.7, 0
2018-11-12 15:31:01 (1128614584481) STATS - 166.8, 1
2018-11-12 15:31:01 (1128614595281) STATS - 166.9, 0
2018-11-12 15:31:01 (1128614608881) STATS - 167.0, 0
2018-11-12 15:31:01 (1128614663983) STATS - 167.1, 0
2018-11-12 15:31:01 (1128614676083) STATS - 167.2, 0
2018-11-12 15:31:01 (1128614709484) STATS - 167.3, 0
2018-11-12 15:31:01 (1128614751285) STATS - 167.4, 0
2018-11-12 15:31:01 (1128614765285) STATS - 167.5, 0
2018-11-12 15:31:01 (1128614776586) STATS - 167.6, 1
2018-11-12 15:31:01 (1128614809086) INFO  - END: Middleware stopped.
