Elapsed Time, AVG Throughput, AVG Queue Size, AVG Waiting Time, AVG Service Time, AVG Response Time, AVG SET Response Time, AVG GET Response Time, AVG MULTI-GET Response Time, #SETS, #GETS, #MULTIGETS, GET MissRatio, MULTI-GET MissRatio, AVG MULTI-GET Size
 5.00, 6537, 32, 5.256669, 1.977418, 7.324186, 7.324186, 0.000000, 0.000000, 32686, 0, 0, 0.00, 0.00, 0
10.00, 7408, 33, 4.676620, 1.853753, 6.609183, 6.609183, 0.000000, 0.000000, 37044, 0, 0, 0.00, 0.00, 0
15.00, 7457, 33, 4.671050, 1.870923, 6.607146, 6.607146, 0.000000, 0.000000, 37285, 0, 0, 0.00, 0.00, 0
20.00, 7585, 32, 4.533036, 1.788163, 6.384863, 6.384863, 0.000000, 0.000000, 37929, 0, 0, 0.00, 0.00, 0
25.00, 7640, 32, 4.483636, 1.790888, 6.351089, 6.351089, 0.000000, 0.000000, 38204, 0, 0, 0.00, 0.00, 0
30.00, 7426, 33, 4.715355, 1.882338, 6.675607, 6.675607, 0.000000, 0.000000, 37132, 0, 0, 0.00, 0.00, 0
35.00, 7474, 32, 4.668146, 1.866579, 6.610246, 6.610246, 0.000000, 0.000000, 37374, 0, 0, 0.00, 0.00, 0
40.00, 7464, 32, 4.622013, 1.850744, 6.541935, 6.541935, 0.000000, 0.000000, 37320, 0, 0, 0.00, 0.00, 0
45.00, 7518, 32, 4.572339, 1.830559, 6.475010, 6.475010, 0.000000, 0.000000, 37594, 0, 0, 0.00, 0.00, 0
50.00, 7556, 33, 4.550429, 1.831369, 6.449872, 6.449872, 0.000000, 0.000000, 37784, 0, 0, 0.00, 0.00, 0
55.00, 7477, 33, 4.653690, 1.840973, 6.569986, 6.569986, 0.000000, 0.000000, 37385, 0, 0, 0.00, 0.00, 0
60.00, 7415, 33, 4.657275, 1.872296, 6.598863, 6.598863, 0.000000, 0.000000, 37075, 0, 0, 0.00, 0.00, 0
65.00, 7488, 33, 4.695009, 1.843877, 6.613676, 6.613676, 0.000000, 0.000000, 37441, 0, 0, 0.00, 0.00, 0
70.00, 7543, 33, 4.651930, 1.823124, 6.534076, 6.534076, 0.000000, 0.000000, 37719, 0, 0, 0.00, 0.00, 0
70.00, 191, 14, 2.406575, 1.913216, 4.367685, 4.367685, 0.000000, 0.000000, 955, 0, 0, 0.00, 0.00, 0
Interval, Responses
0.1, 0
0.2, 0
0.3, 0
0.4, 58
0.5, 365
0.6, 812
0.7, 1020
0.8, 1226
0.9, 1273
1.0, 1378
1.1, 1510
1.2, 1510
1.3, 1557
1.4, 1611
1.5, 1613
1.6, 1767
1.7, 1851
1.8, 2119
1.9, 2225
2.0, 2331
2.1, 2426
2.2, 2522
2.3, 2836
2.4, 2930
2.5, 3059
2.6, 3304
2.7, 3350
2.8, 3479
2.9, 3721
3.0, 3983
3.1, 4097
3.2, 4475
3.3, 4593
3.4, 4827
3.5, 4995
3.6, 5231
3.7, 5279
3.8, 5367
3.9, 5471
4.0, 5659
4.1, 5703
4.2, 5720
4.3, 5697
4.4, 5742
4.5, 5792
4.6, 5885
4.7, 5943
4.8, 5992
4.9, 5961
5.0, 6093
5.1, 6176
5.2, 6225
5.3, 6120
5.4, 6074
5.5, 6094
5.6, 6283
5.7, 6226
5.8, 6295
5.9, 6254
6.0, 6301
6.1, 6384
6.2, 6310
6.3, 6330
6.4, 6399
6.5, 6468
6.6, 6339
6.7, 6477
6.8, 6614
6.9, 6566
7.0, 6771
7.1, 7001
7.2, 7012
7.3, 7028
7.4, 7127
7.5, 7087
7.6, 7367
7.7, 7697
7.8, 7917
7.9, 8126
8.0, 8033
8.1, 8085
8.2, 8346
8.3, 8367
8.4, 8233
8.5, 8233
8.6, 8104
8.7, 7846
8.8, 7476
8.9, 7244
9.0, 6620
9.1, 6215
9.2, 5719
9.3, 5187
9.4, 4716
9.5, 4143
9.6, 3466
9.7, 3011
9.8, 2629
9.9, 2276
10.0, 1920
10.1, 1564
10.2, 1391
10.3, 1261
10.4, 1160
10.5, 1124
10.6, 1020
10.7, 945
10.8, 878
10.9, 800
11.0, 842
11.1, 767
11.2, 726
11.3, 687
11.4, 676
11.5, 674
11.6, 650
11.7, 634
11.8, 546
11.9, 580
12.0, 605
12.1, 590
12.2, 532
12.3, 552
12.4, 495
12.5, 563
12.6, 442
12.7, 468
12.8, 465
12.9, 436
13.0, 475
13.1, 414
13.2, 425
13.3, 444
13.4, 442
13.5, 496
13.6, 497
13.7, 443
13.8, 436
13.9, 409
14.0, 417
14.1, 429
14.2, 421
14.3, 406
14.4, 384
14.5, 374
14.6, 334
14.7, 363
14.8, 338
14.9, 346
15.0, 292
15.1, 287
15.2, 302
15.3, 240
15.4, 235
15.5, 207
15.6, 198
15.7, 216
15.8, 193
15.9, 196
16.0, 162
16.1, 130
16.2, 164
16.3, 117
16.4, 118
16.5, 125
16.6, 110
16.7, 108
16.8, 118
16.9, 110
17.0, 97
17.1, 89
17.2, 75
17.3, 64
17.4, 70
17.5, 68
17.6, 60
17.7, 55
17.8, 48
17.9, 43
18.0, 72
18.1, 64
18.2, 54
18.3, 58
18.4, 56
18.5, 52
18.6, 62
18.7, 47
18.8, 44
18.9, 65
19.0, 46
19.1, 47
19.2, 42
19.3, 38
19.4, 24
19.5, 15
19.6, 17
19.7, 20
19.8, 25
19.9, 8
20.0, 20
20.1, 22
20.2, 22
20.3, 16
20.4, 18
20.5, 15
20.6, 15
20.7, 21
20.8, 18
20.9, 25
21.0, 18
21.1, 17
21.2, 18
21.3, 10
21.4, 9
21.5, 19
21.6, 11
21.7, 8
21.8, 11
21.9, 15
22.0, 4
22.1, 2
22.2, 6
22.3, 8
22.4, 3
22.5, 6
22.6, 9
22.7, 10
22.8, 7
22.9, 15
23.0, 13
23.1, 12
23.2, 15
23.3, 19
23.4, 20
23.5, 16
23.6, 9
23.7, 17
23.8, 14
23.9, 15
24.0, 17
24.1, 10
24.2, 6
24.3, 12
24.4, 12
24.5, 14
24.6, 6
24.7, 11
24.8, 16
24.9, 10
25.0, 13
25.1, 7
25.2, 11
25.3, 7
25.4, 12
25.5, 11
25.6, 4
25.7, 9
25.8, 9
25.9, 10
26.0, 8
26.1, 9
26.2, 17
26.3, 9
26.4, 9
26.5, 11
26.6, 14
26.7, 12
26.8, 12
26.9, 12
27.0, 12
27.1, 7
27.2, 6
27.3, 4
27.4, 7
27.5, 5
27.6, 3
27.7, 8
27.8, 6
27.9, 10
28.0, 14
28.1, 4
28.2, 4
28.3, 3
28.4, 0
28.5, 7
28.6, 1
28.7, 0
28.8, 1
28.9, 1
29.0, 1
29.1, 1
29.2, 2
29.3, 3
29.4, 2
29.5, 4
29.6, 2
29.7, 1
29.8, 5
29.9, 10
30.0, 4
30.1, 9
30.2, 10
30.3, 16
30.4, 17
30.5, 18
30.6, 13
30.7, 21
30.8, 12
30.9, 15
31.0, 13
31.1, 8
31.2, 3
31.3, 6
31.4, 10
31.5, 7
31.6, 5
31.7, 5
31.8, 2
31.9, 6
32.0, 2
32.1, 7
32.2, 8
32.3, 8
32.4, 5
32.5, 4
32.6, 0
32.7, 1
32.8, 3
32.9, 3
33.0, 1
33.1, 0
33.2, 0
33.3, 0
33.4, 4
33.5, 3
33.6, 1
33.7, 2
33.8, 7
33.9, 2
34.0, 3
34.1, 1
34.2, 3
34.3, 6
34.4, 7
34.5, 7
34.6, 4
34.7, 7
34.8, 5
34.9, 1
35.0, 0
35.1, 2
35.2, 1
35.3, 0
35.4, 1
35.5, 0
35.6, 1
35.7, 2
35.8, 0
35.9, 2
36.0, 4
36.1, 5
36.2, 2
36.3, 3
36.4, 2
36.5, 6
36.6, 0
36.7, 1
36.8, 3
36.9, 4
37.0, 3
37.1, 7
37.2, 4
37.3, 9
37.4, 8
37.5, 9
37.6, 10
37.7, 9
37.8, 6
37.9, 6
38.0, 0
38.1, 4
38.2, 11
38.3, 4
38.4, 2
38.5, 2
38.6, 5
38.7, 2
38.8, 4
38.9, 4
39.0, 2
39.1, 3
39.2, 4
39.3, 3
39.4, 4
39.5, 2
39.6, 7
39.7, 2
39.8, 11
39.9, 4
40.0, 10
40.1, 1
40.2, 20
40.3, 15
40.4, 13
40.5, 15
40.6, 8
40.7, 10
40.8, 7
40.9, 11
41.0, 12
41.1, 15
41.2, 9
41.3, 10
41.4, 13
41.5, 8
41.6, 4
41.7, 3
41.8, 2
41.9, 8
42.0, 7
42.1, 9
42.2, 12
42.3, 9
42.4, 10
42.5, 14
42.6, 3
42.7, 12
42.8, 5
42.9, 7
43.0, 7
43.1, 5
43.2, 4
43.3, 2
43.4, 2
43.5, 0
43.6, 1
43.7, 1
43.8, 3
43.9, 4
44.0, 6
44.1, 8
44.2, 6
44.3, 2
44.4, 2
44.5, 2
44.6, 6
44.7, 7
44.8, 7
44.9, 4
45.0, 6
45.1, 10
45.2, 7
45.3, 4
45.4, 6
45.5, 4
45.6, 1
45.7, 6
45.8, 2
45.9, 2
46.0, 3
46.1, 3
46.2, 5
46.3, 6
46.4, 7
46.5, 3
46.6, 3
46.7, 7
46.8, 5
46.9, 4
47.0, 3
47.1, 1
47.2, 1
47.3, 0
47.4, 2
47.5, 0
47.6, 3
47.7, 4
47.8, 2
47.9, 3
48.0, 0
48.1, 2
48.2, 2
48.3, 1
48.4, 1
48.5, 3
48.6, 0
48.7, 1
48.8, 0
48.9, 0
49.0, 0
49.1, 3
49.2, 1
49.3, 1
49.4, 0
49.5, 0
49.6, 0
49.7, 0
49.8, 0
49.9, 1
50.0, 5
50.1, 3
50.2, 1
50.3, 2
50.4, 1
50.5, 0
50.6, 0
50.7, 2
50.8, 0
50.9, 0
51.0, 2
51.1, 0
51.2, 0
51.3, 0
51.4, 0
51.5, 0
51.6, 0
51.7, 0
51.8, 0
51.9, 0
52.0, 0
52.1, 0
52.2, 0
52.3, 5
52.4, 6
52.5, 3
52.6, 2
52.7, 0
52.8, 4
52.9, 5
53.0, 0
53.1, 3
53.2, 4
53.3, 1
53.4, 2
53.5, 1
53.6, 1
53.7, 1
53.8, 0
53.9, 0
54.0, 0
54.1, 0
54.2, 0
54.3, 0
54.4, 0
54.5, 0
54.6, 0
54.7, 0
54.8, 0
54.9, 0
55.0, 0
55.1, 0
55.2, 0
55.3, 0
55.4, 0
55.5, 0
55.6, 0
55.7, 0
55.8, 0
55.9, 0
56.0, 0
56.1, 0
56.2, 0
56.3, 0
56.4, 0
56.5, 0
56.6, 0
56.7, 0
56.8, 0
56.9, 0
57.0, 0
57.1, 0
57.2, 0
57.3, 0
57.4, 0
57.5, 0
57.6, 0
57.7, 0
57.8, 0
57.9, 0
58.0, 0
58.1, 0
58.2, 0
58.3, 0
58.4, 0
58.5, 0
58.6, 0
58.7, 0
58.8, 0
58.9, 0
59.0, 0
59.1, 0
59.2, 0
59.3, 0
59.4, 0
59.5, 0
59.6, 0
59.7, 0
59.8, 0
59.9, 0
60.0, 0
60.1, 0
60.2, 0
60.3, 0
60.4, 0
60.5, 0
60.6, 0
60.7, 0
60.8, 0
60.9, 0
61.0, 0
61.1, 0
61.2, 0
61.3, 0
61.4, 0
61.5, 0
61.6, 0
61.7, 0
61.8, 0
61.9, 0
62.0, 0
62.1, 0
62.2, 0
62.3, 0
62.4, 0
62.5, 0
62.6, 0
62.7, 0
62.8, 0
62.9, 0
63.0, 0
63.1, 0
63.2, 0
63.3, 0
63.4, 0
63.5, 0
63.6, 0
63.7, 0
63.8, 0
63.9, 0
64.0, 0
64.1, 0
64.2, 0
64.3, 0
64.4, 0
64.5, 0
64.6, 0
64.7, 0
64.8, 0
64.9, 0
65.0, 0
65.1, 0
65.2, 0
65.3, 0
65.4, 0
65.5, 0
65.6, 0
65.7, 0
65.8, 0
65.9, 0
66.0, 0
66.1, 0
66.2, 0
66.3, 0
66.4, 0
66.5, 0
66.6, 0
66.7, 0
66.8, 0
66.9, 0
67.0, 0
67.1, 0
67.2, 0
67.3, 0
67.4, 0
67.5, 0
67.6, 0
67.7, 0
67.8, 0
67.9, 0
68.0, 0
68.1, 0
68.2, 0
68.3, 0
68.4, 0
68.5, 0
68.6, 0
68.7, 0
68.8, 0
68.9, 0
69.0, 0
69.1, 0
69.2, 0
69.3, 0
69.4, 0
69.5, 0
69.6, 0
69.7, 0
69.8, 0
69.9, 0
70.0, 0
70.1, 0
70.2, 0
70.3, 0
70.4, 0
70.5, 0
70.6, 0
70.7, 0
70.8, 0
70.9, 0
71.0, 0
71.1, 0
71.2, 0
71.3, 0
71.4, 0
71.5, 0
71.6, 0
71.7, 0
71.8, 0
71.9, 0
72.0, 0
72.1, 0
72.2, 0
72.3, 0
72.4, 0
72.5, 0
72.6, 0
72.7, 0
72.8, 0
72.9, 0
73.0, 0
73.1, 0
73.2, 0
73.3, 0
73.4, 0
73.5, 0
73.6, 0
73.7, 0
73.8, 0
73.9, 0
74.0, 0
74.1, 0
74.2, 0
74.3, 0
74.4, 0
74.5, 0
74.6, 0
74.7, 0
74.8, 0
74.9, 0
75.0, 0
75.1, 0
75.2, 0
75.3, 0
75.4, 0
75.5, 0
75.6, 0
75.7, 0
75.8, 0
75.9, 0
76.0, 0
76.1, 0
76.2, 0
76.3, 0
76.4, 0
76.5, 0
76.6, 0
76.7, 0
76.8, 0
76.9, 0
77.0, 0
77.1, 0
77.2, 0
77.3, 0
77.4, 0
77.5, 0
77.6, 0
77.7, 0
77.8, 0
77.9, 0
78.0, 0
78.1, 0
78.2, 0
78.3, 0
78.4, 0
78.5, 0
78.6, 0
78.7, 0
78.8, 0
78.9, 0
79.0, 0
79.1, 0
79.2, 0
79.3, 0
79.4, 0
79.5, 0
79.6, 0
79.7, 0
79.8, 0
79.9, 0
80.0, 0
80.1, 0
80.2, 0
80.3, 0
80.4, 0
80.5, 0
80.6, 0
80.7, 0
80.8, 0
80.9, 0
81.0, 0
81.1, 0
81.2, 0
81.3, 0
81.4, 0
81.5, 0
81.6, 0
81.7, 0
81.8, 0
81.9, 0
82.0, 0
82.1, 0
82.2, 0
82.3, 0
82.4, 0
82.5, 0
82.6, 0
82.7, 0
82.8, 0
82.9, 0
83.0, 0
83.1, 0
83.2, 0
83.3, 0
83.4, 0
83.5, 0
83.6, 0
83.7, 0
83.8, 0
83.9, 0
84.0, 0
84.1, 0
84.2, 0
84.3, 0
84.4, 0
84.5, 0
84.6, 0
84.7, 0
84.8, 0
84.9, 0
85.0, 0
85.1, 0
85.2, 0
85.3, 0
85.4, 0
85.5, 0
85.6, 0
85.7, 0
85.8, 0
85.9, 0
86.0, 0
86.1, 0
86.2, 0
86.3, 0
86.4, 0
86.5, 0
86.6, 0
86.7, 0
86.8, 0
86.9, 0
87.0, 0
87.1, 0
87.2, 0
87.3, 0
87.4, 0
87.5, 0
87.6, 0
87.7, 0
87.8, 0
87.9, 0
88.0, 0
88.1, 0
88.2, 0
88.3, 0
88.4, 0
88.5, 0
88.6, 0
88.7, 0
88.8, 0
88.9, 0
89.0, 0
89.1, 0
89.2, 0
89.3, 0
89.4, 0
89.5, 0
89.6, 0
89.7, 0
89.8, 0
89.9, 0
90.0, 0
90.1, 0
90.2, 0
90.3, 0
90.4, 0
90.5, 0
90.6, 0
90.7, 0
90.8, 0
90.9, 0
91.0, 0
91.1, 0
91.2, 0
91.3, 0
91.4, 0
91.5, 0
91.6, 0
91.7, 0
91.8, 0
91.9, 0
92.0, 0
92.1, 0
92.2, 0
92.3, 0
92.4, 0
92.5, 0
92.6, 0
92.7, 0
92.8, 0
92.9, 0
93.0, 0
93.1, 0
93.2, 0
93.3, 0
93.4, 0
93.5, 0
93.6, 0
93.7, 0
93.8, 0
93.9, 0
94.0, 0
94.1, 0
94.2, 0
94.3, 0
94.4, 0
94.5, 0
94.6, 0
94.7, 0
94.8, 0
94.9, 0
95.0, 0
95.1, 0
95.2, 0
95.3, 0
95.4, 0
95.5, 0
95.6, 0
95.7, 0
95.8, 0
95.9, 0
96.0, 0
96.1, 0
96.2, 0
96.3, 0
96.4, 0
96.5, 0
96.6, 0
96.7, 0
96.8, 0
96.9, 0
97.0, 0
97.1, 0
97.2, 0
97.3, 0
97.4, 0
97.5, 0
97.6, 0
97.7, 0
97.8, 0
97.9, 0
98.0, 0
98.1, 0
98.2, 0
98.3, 0
98.4, 0
98.5, 0
98.6, 0
98.7, 0
98.8, 0
98.9, 0
99.0, 0
99.1, 0
99.2, 0
99.3, 0
99.4, 0
99.5, 0
99.6, 0
99.7, 0
99.8, 0
99.9, 0
100.0, 0
100.1, 0
100.2, 0
100.3, 0
100.4, 0
100.5, 0
100.6, 0
100.7, 0
100.8, 0
100.9, 0
101.0, 0
101.1, 0
101.2, 0
101.3, 0
101.4, 0
101.5, 0
101.6, 0
101.7, 0
101.8, 0
101.9, 0
102.0, 0
102.1, 0
102.2, 0
102.3, 0
102.4, 0
102.5, 0
102.6, 0
102.7, 0
102.8, 0
102.9, 0
103.0, 0
103.1, 0
103.2, 0
103.3, 0
103.4, 0
103.5, 0
103.6, 0
103.7, 0
103.8, 0
103.9, 0
104.0, 1
104.1, 0
104.2, 0
104.3, 0
104.4, 0
104.5, 0
104.6, 0
104.7, 0
104.8, 1
104.9, 0
105.0, 0
105.1, 0
105.2, 0
105.3, 0
105.4, 0
105.5, 0
105.6, 0
105.7, 0
105.8, 0
105.9, 0
106.0, 0
106.1, 1
106.2, 0
106.3, 0
106.4, 1
106.5, 1
106.6, 0
106.7, 0
106.8, 0
106.9, 0
107.0, 1
107.1, 0
107.2, 0
107.3, 0
107.4, 0
107.5, 0
107.6, 0
107.7, 0
107.8, 1
107.9, 1
108.0, 1
108.1, 0
108.2, 0
108.3, 1
108.4, 0
108.5, 0
108.6, 1
108.7, 0
108.8, 0
108.9, 1
109.0, 0
109.1, 1
109.2, 0
109.3, 0
109.4, 1
109.5, 0
109.6, 0
109.7, 0
109.8, 2
109.9, 0
110.0, 1
110.1, 1
110.2, 0
110.3, 2
110.4, 0
110.5, 0
110.6, 0
110.7, 1
110.8, 0
110.9, 0
111.0, 0
111.1, 1
111.2, 0
111.3, 2
111.4, 1
111.5, 0
111.6, 1
111.7, 0
111.8, 0
111.9, 0
112.0, 0
112.1, 0
112.2, 0
112.3, 0
112.4, 0
112.5, 1
112.6, 0
112.7, 1
112.8, 0
112.9, 0
113.0, 0
113.1, 0
113.2, 0
113.3, 0
113.4, 0
113.5, 1
113.6, 0
113.7, 0
113.8, 0
113.9, 1
114.0, 0
114.1, 0
114.2, 1
114.3, 1
114.4, 0
114.5, 0
114.6, 0
114.7, 0
114.8, 0
114.9, 1
115.0, 0
115.1, 0
115.2, 1
115.3, 0
115.4, 0
115.5, 0
115.6, 0
115.7, 0
115.8, 0
115.9, 0
116.0, 0
116.1, 0
116.2, 0
116.3, 0
116.4, 1
116.5, 0
116.6, 0
116.7, 0
116.8, 0
116.9, 0
117.0, 0
117.1, 0
117.2, 0
117.3, 0
117.4, 0
117.5, 0
117.6, 0
117.7, 0
117.8, 0
117.9, 0
118.0, 0
118.1, 0
118.2, 0
118.3, 0
118.4, 0
118.5, 0
118.6, 0
118.7, 0
118.8, 0
118.9, 0
119.0, 0
119.1, 0
119.2, 0
119.3, 0
119.4, 0
119.5, 0
119.6, 0
119.7, 0
119.8, 0
119.9, 0
120.0, 0
120.1, 0
120.2, 0
120.3, 0
120.4, 0
120.5, 0
120.6, 0
120.7, 0
120.8, 0
120.9, 0
121.0, 0
121.1, 0
121.2, 0
121.3, 0
121.4, 0
121.5, 0
121.6, 0
121.7, 0
121.8, 0
121.9, 0
122.0, 0
122.1, 0
122.2, 0
122.3, 0
122.4, 0
122.5, 0
122.6, 0
122.7, 0
122.8, 0
122.9, 0
123.0, 0
123.1, 0
123.2, 1
123.3, 0
123.4, 0
123.5, 1
123.6, 0
123.7, 0
123.8, 0
123.9, 0
124.0, 0
124.1, 0
124.2, 0
124.3, 0
124.4, 1
124.5, 0
124.6, 0
124.7, 0
124.8, 0
124.9, 0
125.0, 1
125.1, 2
125.2, 1
125.3, 0
125.4, 0
125.5, 0
125.6, 0
125.7, 0
125.8, 0
125.9, 0
126.0, 0
126.1, 0
126.2, 0
126.3, 0
126.4, 0
126.5, 0
126.6, 0
126.7, 0
126.8, 0
126.9, 0
127.0, 0
127.1, 0
127.2, 0
127.3, 0
127.4, 0
127.5, 0
127.6, 0
127.7, 0
127.8, 0
127.9, 0
128.0, 0
128.1, 0
128.2, 0
128.3, 0
128.4, 0
128.5, 0
128.6, 0
128.7, 0
128.8, 0
128.9, 0
129.0, 0
129.1, 0
129.2, 0
129.3, 0
129.4, 0
129.5, 0
129.6, 0
129.7, 0
129.8, 0
129.9, 0
130.0, 0
130.1, 0
130.2, 0
130.3, 0
130.4, 0
130.5, 0
130.6, 0
130.7, 0
130.8, 0
130.9, 0
131.0, 0
131.1, 0
131.2, 0
131.3, 0
131.4, 1
131.5, 0
131.6, 0
131.7, 1
131.8, 0
131.9, 0
132.0, 0
132.1, 0
132.2, 0
132.3, 0
132.4, 0
132.5, 0
132.6, 0
132.7, 0
132.8, 0
132.9, 0
133.0, 0
133.1, 0
133.2, 0
133.3, 0
133.4, 1
133.5, 0
133.6, 0
133.7, 0
133.8, 2
133.9, 0
134.0, 0
134.1, 0
134.2, 0
134.3, 0
134.4, 0
134.5, 0
134.6, 0
134.7, 0
134.8, 0
134.9, 0
135.0, 0
135.1, 0
135.2, 0
135.3, 0
135.4, 0
135.5, 0
135.6, 0
135.7, 0
135.8, 0
135.9, 0
136.0, 0
136.1, 0
136.2, 0
136.3, 0
136.4, 0
136.5, 0
136.6, 0
136.7, 0
136.8, 0
136.9, 0
137.0, 0
137.1, 0
137.2, 0
137.3, 0
137.4, 0
137.5, 0
137.6, 0
137.7, 0
137.8, 0
137.9, 0
138.0, 0
138.1, 0
138.2, 0
138.3, 0
138.4, 0
138.5, 0
138.6, 0
138.7, 0
138.8, 0
138.9, 0
139.0, 0
139.1, 0
139.2, 0
139.3, 0
139.4, 0
139.5, 0
139.6, 0
139.7, 0
139.8, 0
139.9, 0
140.0, 1
140.1, 0
140.2, 0
140.3, 0
140.4, 0
140.5, 0
140.6, 0
140.7, 0
140.8, 0
140.9, 0
141.0, 0
141.1, 0
141.2, 0
141.3, 0
141.4, 0
141.5, 0
141.6, 0
141.7, 0
141.8, 0
141.9, 0
142.0, 0
142.1, 0
142.2, 0
142.3, 0
142.4, 0
142.5, 0
142.6, 0
142.7, 0
142.8, 0
142.9, 0
143.0, 0
143.1, 0
143.2, 0
143.3, 0
143.4, 0
143.5, 0
143.6, 0
143.7, 0
143.8, 0
143.9, 0
144.0, 0
144.1, 0
144.2, 0
144.3, 0
144.4, 0
144.5, 0
144.6, 0
144.7, 0
144.8, 0
144.9, 0
145.0, 0
145.1, 0
145.2, 0
145.3, 0
145.4, 0
145.5, 0
145.6, 0
145.7, 0
145.8, 0
145.9, 0
146.0, 0
146.1, 0
146.2, 0
146.3, 0
146.4, 0
146.5, 0
146.6, 0
146.7, 0
146.8, 0
146.9, 0
147.0, 0
147.1, 0
147.2, 0
147.3, 0
147.4, 0
147.5, 0
147.6, 0
147.7, 0
147.8, 0
147.9, 0
148.0, 0
148.1, 0
148.2, 0
148.3, 0
148.4, 0
148.5, 0
148.6, 0
148.7, 0
148.8, 0
148.9, 0
149.0, 0
149.1, 0
149.2, 0
149.3, 0
149.4, 0
149.5, 0
149.6, 0
149.7, 0
149.8, 0
149.9, 0
150.0, 0
150.1, 0
150.2, 0
150.3, 0
150.4, 0
150.5, 0
150.6, 0
150.7, 0
150.8, 0
150.9, 0
151.0, 0
151.1, 0
151.2, 0
151.3, 0
151.4, 0
151.5, 0
151.6, 0
151.7, 0
151.8, 0
151.9, 0
152.0, 0
152.1, 0
152.2, 0
152.3, 0
152.4, 0
152.5, 0
152.6, 0
152.7, 0
152.8, 0
152.9, 0
153.0, 0
153.1, 0
153.2, 0
153.3, 0
153.4, 0
153.5, 0
153.6, 0
153.7, 0
153.8, 0
153.9, 0
154.0, 0
154.1, 0
154.2, 0
154.3, 0
154.4, 0
154.5, 0
154.6, 0
154.7, 0
154.8, 0
154.9, 0
155.0, 0
155.1, 0
155.2, 0
155.3, 0
155.4, 0
155.5, 0
155.6, 0
155.7, 0
155.8, 0
155.9, 0
156.0, 0
156.1, 0
156.2, 0
156.3, 0
156.4, 0
156.5, 0
156.6, 0
156.7, 0
156.8, 0
156.9, 0
157.0, 0
157.1, 0
157.2, 0
157.3, 0
157.4, 0
157.5, 0
157.6, 0
157.7, 0
157.8, 0
157.9, 0
158.0, 0
158.1, 0
158.2, 0
158.3, 0
158.4, 0
158.5, 0
158.6, 0
158.7, 0
158.8, 0
158.9, 0
159.0, 0
159.1, 0
159.2, 0
159.3, 0
159.4, 0
159.5, 0
159.6, 0
159.7, 0
159.8, 0
159.9, 0
160.0, 0
160.1, 0
160.2, 0
160.3, 0
160.4, 0
160.5, 0
160.6, 0
160.7, 0
160.8, 0
160.9, 0
161.0, 0
161.1, 0
161.2, 0
161.3, 0
161.4, 0
161.5, 0
161.6, 0
161.7, 0
161.8, 0
161.9, 0
162.0, 0
162.1, 0
162.2, 0
162.3, 0
162.4, 0
162.5, 0
162.6, 0
162.7, 0
162.8, 0
162.9, 0
163.0, 0
163.1, 0
163.2, 0
163.3, 0
163.4, 0
163.5, 0
163.6, 0
163.7, 0
163.8, 0
163.9, 0
164.0, 0
164.1, 0
164.2, 0
164.3, 0
164.4, 0
164.5, 0
164.6, 0
164.7, 0
164.8, 0
164.9, 0
165.0, 0
165.1, 0
165.2, 0
165.3, 0
165.4, 0
165.5, 0
165.6, 0
165.7, 0
165.8, 0
165.9, 0
166.0, 0
166.1, 0
166.2, 0
166.3, 0
166.4, 0
166.5, 0
166.6, 0
166.7, 0
166.8, 0
166.9, 0
167.0, 0
167.1, 0
167.2, 0
167.3, 0
167.4, 0
167.5, 0
167.6, 0
167.7, 0
167.8, 0
167.9, 0
168.0, 0
168.1, 0
168.2, 0
168.3, 0
168.4, 0
168.5, 0
168.6, 0
168.7, 0
168.8, 0
168.9, 0
169.0, 0
169.1, 0
169.2, 0
169.3, 0
169.4, 0
169.5, 0
169.6, 0
169.7, 0
169.8, 0
169.9, 0
170.0, 0
170.1, 0
170.2, 0
170.3, 0
170.4, 0
170.5, 0
170.6, 0
170.7, 0
170.8, 0
170.9, 0
171.0, 0
171.1, 0
171.2, 0
171.3, 0
171.4, 0
171.5, 0
171.6, 0
171.7, 0
171.8, 0
171.9, 0
172.0, 0
172.1, 0
172.2, 0
172.3, 0
172.4, 0
172.5, 0
172.6, 0
172.7, 0
172.8, 0
172.9, 0
173.0, 0
173.1, 0
173.2, 0
173.3, 0
173.4, 0
173.5, 0
173.6, 0
173.7, 0
173.8, 0
173.9, 0
174.0, 0
174.1, 0
174.2, 0
174.3, 0
174.4, 0
174.5, 0
174.6, 0
174.7, 0
174.8, 0
174.9, 0
175.0, 0
175.1, 0
175.2, 0
175.3, 0
175.4, 0
175.5, 0
175.6, 0
175.7, 0
175.8, 0
175.9, 0
176.0, 0
176.1, 0
176.2, 0
176.3, 0
176.4, 0
176.5, 0
176.6, 0
176.7, 0
176.8, 0
176.9, 0
177.0, 0
177.1, 0
177.2, 0
177.3, 0
177.4, 0
177.5, 0
177.6, 0
177.7, 0
177.8, 0
177.9, 0
178.0, 0
178.1, 0
178.2, 0
178.3, 0
178.4, 0
178.5, 0
178.6, 0
178.7, 0
178.8, 0
178.9, 0
179.0, 0
179.1, 0
179.2, 0
179.3, 0
179.4, 0
179.5, 0
179.6, 0
179.7, 0
179.8, 0
179.9, 0
180.0, 0
180.1, 0
180.2, 0
180.3, 0
180.4, 0
180.5, 0
180.6, 0
180.7, 0
180.8, 0
180.9, 0
181.0, 0
181.1, 0
181.2, 0
181.3, 0
181.4, 0
181.5, 0
181.6, 0
181.7, 0
181.8, 0
181.9, 0
182.0, 0
182.1, 0
182.2, 0
182.3, 0
182.4, 0
182.5, 0
182.6, 0
182.7, 0
182.8, 0
182.9, 0
183.0, 0
183.1, 0
183.2, 0
183.3, 0
183.4, 0
183.5, 0
183.6, 0
183.7, 0
183.8, 0
183.9, 0
184.0, 0
184.1, 0
184.2, 0
184.3, 0
184.4, 0
184.5, 0
184.6, 0
184.7, 0
184.8, 0
184.9, 0
185.0, 0
185.1, 0
185.2, 0
185.3, 0
185.4, 0
185.5, 0
185.6, 0
185.7, 0
185.8, 0
185.9, 0
186.0, 0
186.1, 0
186.2, 0
186.3, 0
186.4, 0
186.5, 0
186.6, 1
186.7, 0
186.8, 0
186.9, 0
187.0, 0
187.1, 0
187.2, 0
187.3, 0
187.4, 0
187.5, 0
187.6, 0
187.7, 3
187.8, 0
187.9, 0
188.0, 0
188.1, 0
188.2, 0
188.3, 0
188.4, 0
188.5, 0
188.6, 0
188.7, 0
188.8, 0
188.9, 0
189.0, 0
189.1, 1
189.2, 0
189.3, 0
189.4, 0
189.5, 0
189.6, 0
189.7, 0
189.8, 1
189.9, 0
190.0, 0
190.1, 0
190.2, 0
190.3, 0
190.4, 0
190.5, 1
190.6, 0
190.7, 0
190.8, 0
190.9, 0
191.0, 0
191.1, 0
191.2, 0
191.3, 0
191.4, 1
191.5, 0
191.6, 0
191.7, 0
191.8, 0
191.9, 0
192.0, 0
192.1, 0
192.2, 0
192.3, 0
192.4, 0
192.5, 0
192.6, 0
192.7, 0
192.8, 0
192.9, 0
193.0, 0
193.1, 0
193.2, 0
193.3, 0
193.4, 0
193.5, 0
193.6, 0
193.7, 0
193.8, 0
193.9, 0
194.0, 0
194.1, 0
194.2, 1
194.3, 0
194.4, 0
194.5, 0
194.6, 0
194.7, 0
194.8, 0
194.9, 0
195.0, 0
195.1, 0
195.2, 0
195.3, 0
195.4, 1
195.5, 0
195.6, 0
195.7, 2
195.8, 1
195.9, 0
196.0, 0
196.1, 0
196.2, 0
196.3, 0
196.4, 0
196.5, 0
196.6, 0
196.7, 0
196.8, 0
196.9, 0
197.0, 0
197.1, 0
197.2, 0
197.3, 0
197.4, 1
197.5, 0
197.6, 0
197.7, 0
197.8, 0
197.9, 0
198.0, 0
198.1, 0
198.2, 0
198.3, 1
198.4, 0
198.5, 1
198.6, 0
198.7, 0
198.8, 0
198.9, 0
199.0, 0
199.1, 0
199.2, 0
199.3, 0
199.4, 0
199.5, 0
199.6, 0
199.7, 0
199.8, 0
199.9, 0
200.0, 0
200.1, 0
200.2, 0
200.3, 0
200.4, 0
200.5, 0
200.6, 0
200.7, 0
200.8, 0
200.9, 0
201.0, 0
201.1, 1
201.2, 0
201.3, 0
201.4, 1
201.5, 0
201.6, 0
201.7, 0
201.8, 0
201.9, 0
202.0, 0
202.1, 0
202.2, 0
202.3, 0
202.4, 0
202.5, 0
202.6, 0
202.7, 0
202.8, 0
202.9, 0
203.0, 0
203.1, 0
203.2, 0
203.3, 0
203.4, 0
203.5, 0
203.6, 0
203.7, 0
203.8, 0
203.9, 0
204.0, 0
204.1, 0
204.2, 0
204.3, 0
204.4, 0
204.5, 0
204.6, 0
204.7, 0
204.8, 0
204.9, 0
205.0, 0
205.1, 0
205.2, 1
205.3, 0
205.4, 0
205.5, 0
205.6, 0
205.7, 1
205.8, 0
205.9, 0
206.0, 0
206.1, 0
206.2, 0
206.3, 0
206.4, 0
206.5, 1
206.6, 0
206.7, 1
206.8, 0
206.9, 0
207.0, 0
207.1, 0
207.2, 0
207.3, 0
207.4, 0
207.5, 0
207.6, 0
207.7, 0
207.8, 0
207.9, 0
208.0, 0
208.1, 0
208.2, 0
208.3, 0
208.4, 0
208.5, 0
208.6, 0
208.7, 0
208.8, 0
208.9, 0
209.0, 0
209.1, 0
209.2, 0
209.3, 0
209.4, 0
209.5, 0
209.6, 0
209.7, 0
209.8, 0
209.9, 0
210.0, 0
210.1, 0
210.2, 0
210.3, 0
210.4, 0
210.5, 0
210.6, 0
210.7, 0
210.8, 0
210.9, 0
211.0, 0
211.1, 0
211.2, 0
211.3, 0
211.4, 0
211.5, 0
211.6, 0
211.7, 0
211.8, 0
211.9, 0
212.0, 0
212.1, 0
212.2, 0
212.3, 0
212.4, 0
212.5, 0
212.6, 0
212.7, 0
212.8, 0
212.9, 0
213.0, 0
213.1, 0
213.2, 0
213.3, 0
213.4, 0
213.5, 0
213.6, 0
213.7, 0
213.8, 0
213.9, 0
214.0, 0
214.1, 0
214.2, 0
214.3, 0
214.4, 0
214.5, 0
214.6, 0
214.7, 0
214.8, 0
214.9, 0
215.0, 0
215.1, 0
215.2, 0
215.3, 0
215.4, 0
215.5, 0
215.6, 0
215.7, 0
215.8, 0
215.9, 0
216.0, 0
216.1, 0
216.2, 0
216.3, 0
216.4, 0
216.5, 0
216.6, 0
216.7, 0
216.8, 0
216.9, 0
217.0, 0
217.1, 0
217.2, 0
217.3, 0
217.4, 0
217.5, 0
217.6, 0
217.7, 0
217.8, 0
217.9, 0
218.0, 0
218.1, 0
218.2, 0
218.3, 0
218.4, 0
218.5, 0
218.6, 0
218.7, 0
218.8, 0
218.9, 0
219.0, 0
219.1, 0
219.2, 0
219.3, 0
219.4, 0
219.5, 0
219.6, 0
219.7, 0
219.8, 0
219.9, 0
220.0, 0
220.1, 0
220.2, 0
220.3, 0
220.4, 0
220.5, 0
220.6, 0
220.7, 0
220.8, 0
220.9, 0
221.0, 0
221.1, 0
221.2, 0
221.3, 0
221.4, 0
221.5, 0
221.6, 0
221.7, 0
221.8, 0
221.9, 0
222.0, 0
222.1, 0
222.2, 0
222.3, 0
222.4, 0
222.5, 0
222.6, 0
222.7, 0
222.8, 0
222.9, 0
223.0, 0
223.1, 0
223.2, 0
223.3, 0
223.4, 0
223.5, 0
223.6, 0
223.7, 0
223.8, 0
223.9, 0
224.0, 0
224.1, 0
224.2, 0
224.3, 1
224.4, 1
