Elapsed Time, AVG Throughput, AVG Queue Size, AVG Waiting Time, AVG Service Time, AVG Response Time, AVG SET Response Time, AVG GET Response Time, AVG MULTI-GET Response Time, #SETS, #GETS, #MULTIGETS, GET MissRatio, MULTI-GET MissRatio, AVG MULTI-GET Size
 5.00, 6336, 6, 1.012110, 2.371994, 3.590143, 3.590143, 0.000000, 0.000000, 31682, 0, 0, 0.00, 0.00, 0
10.00, 7231, 5, 0.752648, 2.264368, 3.184630, 3.184630, 0.000000, 0.000000, 36157, 0, 0, 0.00, 0.00, 0
15.00, 7445, 5, 0.635570, 2.132677, 2.955996, 2.955996, 0.000000, 0.000000, 37226, 0, 0, 0.00, 0.00, 0
20.00, 7337, 5, 0.731083, 2.325643, 3.171334, 3.171334, 0.000000, 0.000000, 36688, 0, 0, 0.00, 0.00, 0
25.00, 7358, 5, 0.695359, 2.248222, 3.084189, 3.084189, 0.000000, 0.000000, 36791, 0, 0, 0.00, 0.00, 0
30.00, 7241, 5, 0.657134, 2.483252, 3.257527, 3.257527, 0.000000, 0.000000, 36206, 0, 0, 0.00, 0.00, 0
35.00, 7210, 5, 0.729157, 2.403404, 3.242317, 3.242317, 0.000000, 0.000000, 36054, 0, 0, 0.00, 0.00, 0
40.00, 7080, 6, 0.855576, 2.271411, 3.225985, 3.225985, 0.000000, 0.000000, 35401, 0, 0, 0.00, 0.00, 0
45.00, 7308, 5, 0.714133, 2.351745, 3.206719, 3.206719, 0.000000, 0.000000, 36541, 0, 0, 0.00, 0.00, 0
50.00, 7356, 4, 0.674163, 2.342725, 3.163389, 3.163389, 0.000000, 0.000000, 36782, 0, 0, 0.00, 0.00, 0
55.00, 7454, 5, 0.768322, 2.200076, 3.112577, 3.112577, 0.000000, 0.000000, 37271, 0, 0, 0.00, 0.00, 0
60.00, 7443, 5, 0.630209, 2.301322, 3.089234, 3.089234, 0.000000, 0.000000, 37219, 0, 0, 0.00, 0.00, 0
65.00, 7323, 5, 0.635203, 2.288695, 3.041375, 3.041375, 0.000000, 0.000000, 36615, 0, 0, 0.00, 0.00, 0
70.00, 7249, 5, 0.752332, 2.349714, 3.250805, 3.250805, 0.000000, 0.000000, 36246, 0, 0, 0.00, 0.00, 0
70.00, 265, 3, 0.525448, 1.536605, 2.159831, 2.159831, 0.000000, 0.000000, 1326, 0, 0, 0.00, 0.00, 0
Interval, Responses
0.1, 0
0.2, 0
0.3, 8
0.4, 476
0.5, 3043
0.6, 7190
0.7, 11145
0.8, 13121
0.9, 14503
1.0, 15711
1.1, 16413
1.2, 16997
1.3, 17158
1.4, 16958
1.5, 16775
1.6, 16316
1.7, 15482
1.8, 14099
1.9, 13318
2.0, 12509
2.1, 11669
2.2, 10678
2.3, 10089
2.4, 9063
2.5, 8311
2.6, 8012
2.7, 7558
2.8, 7058
2.9, 6512
3.0, 6231
3.1, 6186
3.2, 5975
3.3, 5858
3.4, 5775
3.5, 5736
3.6, 5393
3.7, 5445
3.8, 5251
3.9, 5331
4.0, 5116
4.1, 4773
4.2, 4583
4.3, 4458
4.4, 4565
4.5, 4306
4.6, 4161
4.7, 4160
4.8, 3884
4.9, 3792
5.0, 3880
5.1, 3699
5.2, 3578
5.3, 3454
5.4, 3420
5.5, 3344
5.6, 3282
5.7, 3291
5.8, 3122
5.9, 3056
6.0, 3015
6.1, 2980
6.2, 3033
6.3, 2935
6.4, 3025
6.5, 2795
6.6, 2828
6.7, 2640
6.8, 2611
6.9, 2510
7.0, 2569
7.1, 2583
7.2, 2477
7.3, 2475
7.4, 2416
7.5, 2382
7.6, 2314
7.7, 2326
7.8, 2047
7.9, 2013
8.0, 1845
8.1, 1562
8.2, 1329
8.3, 1277
8.4, 1113
8.5, 934
8.6, 817
8.7, 785
8.8, 644
8.9, 604
9.0, 587
9.1, 556
9.2, 569
9.3, 595
9.4, 561
9.5, 536
9.6, 448
9.7, 406
9.8, 338
9.9, 274
10.0, 219
10.1, 207
10.2, 182
10.3, 160
10.4, 177
10.5, 155
10.6, 127
10.7, 117
10.8, 90
10.9, 124
11.0, 94
11.1, 94
11.2, 83
11.3, 79
11.4, 61
11.5, 91
11.6, 54
11.7, 78
11.8, 70
11.9, 61
12.0, 72
12.1, 58
12.2, 95
12.3, 71
12.4, 77
12.5, 76
12.6, 66
12.7, 63
12.8, 53
12.9, 53
13.0, 55
13.1, 47
13.2, 43
13.3, 44
13.4, 38
13.5, 37
13.6, 27
13.7, 36
13.8, 30
13.9, 33
14.0, 21
14.1, 22
14.2, 37
14.3, 19
14.4, 29
14.5, 24
14.6, 20
14.7, 16
14.8, 21
14.9, 29
15.0, 36
15.1, 40
15.2, 26
15.3, 23
15.4, 25
15.5, 23
15.6, 14
15.7, 8
15.8, 14
15.9, 15
16.0, 17
16.1, 11
16.2, 13
16.3, 9
16.4, 12
16.5, 11
16.6, 9
16.7, 16
16.8, 13
16.9, 12
17.0, 8
17.1, 5
17.2, 5
17.3, 12
17.4, 11
17.5, 10
17.6, 8
17.7, 6
17.8, 9
17.9, 14
18.0, 10
18.1, 5
18.2, 8
18.3, 7
18.4, 11
18.5, 8
18.6, 3
18.7, 3
18.8, 3
18.9, 12
19.0, 8
19.1, 3
19.2, 8
19.3, 9
19.4, 17
19.5, 11
19.6, 16
19.7, 8
19.8, 8
19.9, 5
20.0, 3
20.1, 0
20.2, 1
20.3, 4
20.4, 2
20.5, 1
20.6, 0
20.7, 1
20.8, 1
20.9, 1
21.0, 1
21.1, 0
21.2, 1
21.3, 0
21.4, 4
21.5, 6
21.6, 6
21.7, 5
21.8, 15
21.9, 6
22.0, 11
22.1, 7
22.2, 9
22.3, 7
22.4, 7
22.5, 9
22.6, 3
22.7, 6
22.8, 6
22.9, 4
23.0, 4
23.1, 3
23.2, 2
23.3, 3
23.4, 3
23.5, 0
23.6, 0
23.7, 0
23.8, 1
23.9, 0
24.0, 2
24.1, 0
24.2, 4
24.3, 0
24.4, 0
24.5, 0
24.6, 1
24.7, 1
24.8, 4
24.9, 5
25.0, 3
25.1, 7
25.2, 1
25.3, 2
25.4, 4
25.5, 7
25.6, 7
25.7, 3
25.8, 4
25.9, 5
26.0, 6
26.1, 3
26.2, 5
26.3, 6
26.4, 5
26.5, 7
26.6, 4
26.7, 6
26.8, 6
26.9, 3
27.0, 1
27.1, 2
27.2, 1
27.3, 5
27.4, 11
27.5, 13
27.6, 11
27.7, 10
27.8, 7
27.9, 2
28.0, 9
28.1, 11
28.2, 6
28.3, 3
28.4, 1
28.5, 3
28.6, 9
28.7, 10
28.8, 14
28.9, 8
29.0, 13
29.1, 16
29.2, 13
29.3, 14
29.4, 6
29.5, 8
29.6, 19
29.7, 18
29.8, 11
29.9, 5
30.0, 7
30.1, 12
30.2, 19
30.3, 8
30.4, 8
30.5, 6
30.6, 10
30.7, 1
30.8, 1
30.9, 3
31.0, 4
31.1, 2
31.2, 0
31.3, 3
31.4, 1
31.5, 0
31.6, 3
31.7, 1
31.8, 1
31.9, 2
32.0, 2
32.1, 3
32.2, 0
32.3, 4
32.4, 3
32.5, 2
32.6, 0
32.7, 0
32.8, 0
32.9, 0
33.0, 0
33.1, 1
33.2, 0
33.3, 0
33.4, 0
33.5, 1
33.6, 0
33.7, 2
33.8, 2
33.9, 3
34.0, 1
34.1, 0
34.2, 0
34.3, 0
34.4, 1
34.5, 4
34.6, 3
34.7, 9
34.8, 9
34.9, 6
35.0, 3
35.1, 7
35.2, 3
35.3, 2
35.4, 1
35.5, 6
35.6, 4
35.7, 5
35.8, 5
35.9, 7
36.0, 2
36.1, 5
36.2, 1
36.3, 5
36.4, 5
36.5, 4
36.6, 4
36.7, 1
36.8, 3
36.9, 3
37.0, 2
37.1, 2
37.2, 2
37.3, 0
37.4, 2
37.5, 2
37.6, 2
37.7, 1
37.8, 3
37.9, 1
38.0, 3
38.1, 2
38.2, 2
38.3, 1
38.4, 1
38.5, 5
38.6, 0
38.7, 0
38.8, 1
38.9, 2
39.0, 0
39.1, 2
39.2, 1
39.3, 0
39.4, 2
39.5, 2
39.6, 1
39.7, 0
39.8, 0
39.9, 1
40.0, 0
40.1, 0
40.2, 1
40.3, 0
40.4, 0
40.5, 0
40.6, 0
40.7, 0
40.8, 0
40.9, 0
41.0, 0
41.1, 0
41.2, 0
41.3, 0
41.4, 0
41.5, 0
41.6, 0
41.7, 0
41.8, 1
41.9, 1
42.0, 1
42.1, 0
42.2, 0
42.3, 0
42.4, 1
42.5, 1
42.6, 1
42.7, 1
42.8, 2
42.9, 4
43.0, 4
43.1, 3
43.2, 0
43.3, 0
43.4, 1
43.5, 1
43.6, 2
43.7, 0
43.8, 2
43.9, 4
44.0, 4
44.1, 3
44.2, 4
44.3, 3
44.4, 5
44.5, 1
44.6, 2
44.7, 0
44.8, 0
44.9, 0
45.0, 1
45.1, 0
45.2, 0
45.3, 0
45.4, 0
45.5, 0
45.6, 1
45.7, 2
45.8, 3
45.9, 3
46.0, 0
46.1, 1
46.2, 0
46.3, 0
46.4, 0
46.5, 0
46.6, 0
46.7, 1
46.8, 0
46.9, 0
47.0, 0
47.1, 0
47.2, 0
47.3, 0
47.4, 1
47.5, 0
47.6, 0
47.7, 0
47.8, 0
47.9, 0
48.0, 1
48.1, 1
48.2, 1
48.3, 0
48.4, 1
48.5, 1
48.6, 0
48.7, 0
48.8, 0
48.9, 0
49.0, 0
49.1, 1
49.2, 0
49.3, 0
49.4, 0
49.5, 0
49.6, 0
49.7, 0
49.8, 0
49.9, 0
50.0, 1
50.1, 0
50.2, 0
50.3, 0
50.4, 1
50.5, 0
50.6, 0
50.7, 1
50.8, 1
50.9, 0
51.0, 1
51.1, 0
51.2, 0
51.3, 3
51.4, 1
51.5, 2
51.6, 0
51.7, 0
51.8, 2
51.9, 0
52.0, 0
52.1, 0
52.2, 0
52.3, 1
52.4, 0
52.5, 1
52.6, 1
52.7, 3
52.8, 2
52.9, 2
53.0, 4
53.1, 3
53.2, 2
53.3, 0
53.4, 2
53.5, 0
53.6, 0
53.7, 0
53.8, 0
53.9, 0
54.0, 0
54.1, 1
54.2, 0
54.3, 0
54.4, 2
54.5, 1
54.6, 0
54.7, 0
54.8, 0
54.9, 0
55.0, 0
55.1, 1
55.2, 0
55.3, 3
55.4, 2
55.5, 0
55.6, 0
55.7, 3
55.8, 1
55.9, 0
56.0, 0
56.1, 0
56.2, 0
56.3, 0
56.4, 0
56.5, 0
56.6, 0
56.7, 0
56.8, 0
56.9, 0
57.0, 0
57.1, 0
57.2, 0
57.3, 0
57.4, 0
57.5, 0
57.6, 0
57.7, 0
57.8, 0
57.9, 0
58.0, 0
58.1, 0
58.2, 0
58.3, 0
58.4, 0
58.5, 0
58.6, 0
58.7, 0
58.8, 0
58.9, 0
59.0, 0
59.1, 0
59.2, 0
59.3, 0
59.4, 0
59.5, 1
59.6, 0
59.7, 0
59.8, 0
59.9, 0
60.0, 0
60.1, 0
60.2, 0
60.3, 0
60.4, 0
60.5, 0
60.6, 0
60.7, 0
60.8, 0
60.9, 0
61.0, 0
61.1, 0
61.2, 0
61.3, 0
61.4, 0
61.5, 0
61.6, 0
61.7, 0
61.8, 0
61.9, 0
62.0, 0
62.1, 0
62.2, 0
62.3, 0
62.4, 0
62.5, 0
62.6, 0
62.7, 0
62.8, 0
62.9, 0
63.0, 0
63.1, 0
63.2, 0
63.3, 0
63.4, 0
63.5, 0
63.6, 1
63.7, 0
63.8, 0
63.9, 0
64.0, 0
64.1, 0
64.2, 0
64.3, 0
64.4, 0
64.5, 0
64.6, 0
64.7, 0
64.8, 0
64.9, 1
65.0, 0
65.1, 0
65.2, 0
65.3, 0
65.4, 0
65.5, 0
65.6, 0
65.7, 0
65.8, 0
65.9, 0
66.0, 0
66.1, 0
66.2, 1
66.3, 0
66.4, 0
66.5, 1
66.6, 0
66.7, 1
66.8, 0
66.9, 0
67.0, 0
67.1, 0
67.2, 0
67.3, 0
67.4, 0
67.5, 0
67.6, 0
67.7, 0
67.8, 0
67.9, 0
68.0, 0
68.1, 0
68.2, 0
68.3, 0
68.4, 1
68.5, 1
68.6, 0
68.7, 0
68.8, 0
68.9, 0
69.0, 0
69.1, 0
69.2, 0
69.3, 0
69.4, 0
69.5, 0
69.6, 0
69.7, 0
69.8, 0
69.9, 0
70.0, 0
70.1, 0
70.2, 0
70.3, 0
70.4, 0
70.5, 0
70.6, 0
70.7, 0
70.8, 0
70.9, 0
71.0, 0
71.1, 0
71.2, 0
71.3, 0
71.4, 0
71.5, 0
71.6, 0
71.7, 0
71.8, 0
71.9, 0
72.0, 0
72.1, 0
72.2, 0
72.3, 0
72.4, 0
72.5, 0
72.6, 0
72.7, 0
72.8, 0
72.9, 0
73.0, 0
73.1, 0
73.2, 0
73.3, 0
73.4, 0
73.5, 0
73.6, 0
73.7, 0
73.8, 0
73.9, 0
74.0, 0
74.1, 0
74.2, 0
74.3, 0
74.4, 0
74.5, 0
74.6, 0
74.7, 0
74.8, 0
74.9, 0
75.0, 0
75.1, 0
75.2, 0
75.3, 0
75.4, 0
75.5, 0
75.6, 0
75.7, 0
75.8, 0
75.9, 0
76.0, 0
76.1, 0
76.2, 0
76.3, 0
76.4, 0
76.5, 0
76.6, 0
76.7, 0
76.8, 0
76.9, 0
77.0, 0
77.1, 0
77.2, 0
77.3, 0
77.4, 0
77.5, 0
77.6, 0
77.7, 0
77.8, 0
77.9, 0
78.0, 0
78.1, 0
78.2, 0
78.3, 0
78.4, 0
78.5, 0
78.6, 0
78.7, 0
78.8, 0
78.9, 0
79.0, 0
79.1, 0
79.2, 0
79.3, 0
79.4, 0
79.5, 0
79.6, 0
79.7, 0
79.8, 0
79.9, 0
80.0, 0
80.1, 0
80.2, 0
80.3, 0
80.4, 0
80.5, 0
80.6, 0
80.7, 0
80.8, 0
80.9, 0
81.0, 0
81.1, 0
81.2, 0
81.3, 0
81.4, 0
81.5, 0
81.6, 0
81.7, 0
81.8, 0
81.9, 0
82.0, 0
82.1, 0
82.2, 0
82.3, 0
82.4, 0
82.5, 0
82.6, 0
82.7, 0
82.8, 0
82.9, 0
83.0, 0
83.1, 0
83.2, 0
83.3, 0
83.4, 0
83.5, 0
83.6, 0
83.7, 0
83.8, 0
83.9, 0
84.0, 0
84.1, 0
84.2, 0
84.3, 0
84.4, 0
84.5, 0
84.6, 0
84.7, 0
84.8, 0
84.9, 0
85.0, 0
85.1, 0
85.2, 0
85.3, 0
85.4, 0
85.5, 0
85.6, 0
85.7, 0
85.8, 0
85.9, 0
86.0, 0
86.1, 0
86.2, 0
86.3, 0
86.4, 0
86.5, 0
86.6, 0
86.7, 0
86.8, 0
86.9, 0
87.0, 0
87.1, 0
87.2, 0
87.3, 0
87.4, 0
87.5, 0
87.6, 0
87.7, 0
87.8, 0
87.9, 0
88.0, 0
88.1, 0
88.2, 0
88.3, 0
88.4, 0
88.5, 0
88.6, 0
88.7, 0
88.8, 0
88.9, 0
89.0, 0
89.1, 0
89.2, 0
89.3, 0
89.4, 0
89.5, 0
89.6, 0
89.7, 0
89.8, 0
89.9, 0
90.0, 0
90.1, 0
90.2, 0
90.3, 0
90.4, 0
90.5, 0
90.6, 0
90.7, 0
90.8, 0
90.9, 0
91.0, 0
91.1, 0
91.2, 0
91.3, 0
91.4, 0
91.5, 0
91.6, 0
91.7, 0
91.8, 0
91.9, 0
92.0, 0
92.1, 0
92.2, 0
92.3, 0
92.4, 0
92.5, 0
92.6, 0
92.7, 0
92.8, 0
92.9, 0
93.0, 0
93.1, 0
93.2, 0
93.3, 0
93.4, 0
93.5, 0
93.6, 0
93.7, 0
93.8, 0
93.9, 0
94.0, 0
94.1, 0
94.2, 0
94.3, 0
94.4, 0
94.5, 0
94.6, 0
94.7, 0
94.8, 0
94.9, 0
95.0, 0
95.1, 0
95.2, 0
95.3, 0
95.4, 0
95.5, 0
95.6, 0
95.7, 0
95.8, 0
95.9, 0
96.0, 0
96.1, 0
96.2, 0
96.3, 0
96.4, 0
96.5, 0
96.6, 0
96.7, 0
96.8, 0
96.9, 0
97.0, 0
97.1, 0
97.2, 0
97.3, 0
97.4, 0
97.5, 0
97.6, 0
97.7, 0
97.8, 0
97.9, 0
98.0, 0
98.1, 0
98.2, 0
98.3, 0
98.4, 0
98.5, 0
98.6, 0
98.7, 0
98.8, 0
98.9, 0
99.0, 0
99.1, 0
99.2, 0
99.3, 0
99.4, 0
99.5, 0
99.6, 0
99.7, 0
99.8, 0
99.9, 0
100.0, 0
100.1, 0
100.2, 0
100.3, 0
100.4, 0
100.5, 0
100.6, 0
100.7, 0
100.8, 0
100.9, 0
101.0, 0
101.1, 0
101.2, 0
101.3, 0
101.4, 0
101.5, 0
101.6, 0
101.7, 0
101.8, 0
101.9, 0
102.0, 0
102.1, 0
102.2, 0
102.3, 0
102.4, 0
102.5, 0
102.6, 0
102.7, 0
102.8, 0
102.9, 0
103.0, 0
103.1, 0
103.2, 0
103.3, 0
103.4, 0
103.5, 0
103.6, 0
103.7, 0
103.8, 0
103.9, 0
104.0, 0
104.1, 0
104.2, 0
104.3, 0
104.4, 0
104.5, 0
104.6, 0
104.7, 0
104.8, 0
104.9, 0
105.0, 0
105.1, 0
105.2, 0
105.3, 0
105.4, 0
105.5, 1
105.6, 0
105.7, 0
105.8, 0
105.9, 2
106.0, 1
106.1, 0
106.2, 0
106.3, 2
106.4, 0
106.5, 0
106.6, 0
106.7, 0
106.8, 0
106.9, 0
107.0, 0
107.1, 0
107.2, 0
107.3, 0
107.4, 0
107.5, 0
107.6, 0
107.7, 0
107.8, 0
107.9, 0
108.0, 0
108.1, 0
108.2, 0
108.3, 0
108.4, 0
108.5, 0
108.6, 0
108.7, 0
108.8, 0
108.9, 0
109.0, 0
109.1, 0
109.2, 0
109.3, 0
109.4, 0
109.5, 0
109.6, 0
109.7, 0
109.8, 0
109.9, 0
110.0, 0
110.1, 0
110.2, 0
110.3, 0
110.4, 0
110.5, 0
110.6, 0
110.7, 0
110.8, 0
110.9, 0
111.0, 0
111.1, 0
111.2, 0
111.3, 0
111.4, 0
111.5, 0
111.6, 0
111.7, 0
111.8, 0
111.9, 0
112.0, 0
112.1, 0
112.2, 0
112.3, 2
112.4, 0
112.5, 0
112.6, 0
112.7, 0
112.8, 0
112.9, 0
113.0, 0
113.1, 1
113.2, 0
113.3, 0
113.4, 0
113.5, 1
113.6, 0
113.7, 0
113.8, 0
113.9, 0
114.0, 1
114.1, 0
114.2, 0
114.3, 0
114.4, 1
114.5, 0
114.6, 0
114.7, 0
114.8, 1
114.9, 0
115.0, 1
115.1, 0
115.2, 0
115.3, 0
115.4, 0
115.5, 0
115.6, 0
115.7, 0
115.8, 0
115.9, 1
116.0, 0
116.1, 0
116.2, 1
116.3, 0
116.4, 0
116.5, 0
116.6, 0
116.7, 0
116.8, 0
116.9, 0
117.0, 0
117.1, 0
117.2, 0
117.3, 0
117.4, 0
117.5, 0
117.6, 0
117.7, 0
117.8, 0
117.9, 0
118.0, 0
118.1, 0
118.2, 0
118.3, 0
118.4, 0
118.5, 0
118.6, 0
118.7, 0
118.8, 0
118.9, 0
119.0, 0
119.1, 0
119.2, 0
119.3, 0
119.4, 0
119.5, 0
119.6, 0
119.7, 0
119.8, 0
119.9, 0
120.0, 0
120.1, 0
120.2, 0
120.3, 0
120.4, 0
120.5, 0
120.6, 0
120.7, 0
120.8, 0
120.9, 0
121.0, 0
121.1, 0
121.2, 0
121.3, 0
121.4, 0
121.5, 0
121.6, 0
121.7, 0
121.8, 0
121.9, 0
122.0, 0
122.1, 0
122.2, 0
122.3, 0
122.4, 0
122.5, 0
122.6, 0
122.7, 0
122.8, 0
122.9, 0
123.0, 0
123.1, 0
123.2, 0
123.3, 0
123.4, 0
123.5, 0
123.6, 0
123.7, 0
123.8, 0
123.9, 0
124.0, 0
124.1, 0
124.2, 0
124.3, 0
124.4, 0
124.5, 0
124.6, 0
124.7, 0
124.8, 0
124.9, 0
125.0, 0
125.1, 0
125.2, 0
125.3, 0
125.4, 0
125.5, 0
125.6, 0
125.7, 0
125.8, 0
125.9, 0
126.0, 0
126.1, 0
126.2, 0
126.3, 0
126.4, 0
126.5, 0
126.6, 0
126.7, 0
126.8, 0
126.9, 0
127.0, 0
127.1, 0
127.2, 0
127.3, 0
127.4, 0
127.5, 0
127.6, 0
127.7, 0
127.8, 0
127.9, 0
128.0, 0
128.1, 0
128.2, 0
128.3, 0
128.4, 0
128.5, 0
128.6, 0
128.7, 0
128.8, 0
128.9, 0
129.0, 0
129.1, 0
129.2, 0
129.3, 0
129.4, 0
129.5, 0
129.6, 0
129.7, 0
129.8, 0
129.9, 0
130.0, 0
130.1, 0
130.2, 0
130.3, 0
130.4, 0
130.5, 0
130.6, 0
130.7, 0
130.8, 0
130.9, 0
131.0, 0
131.1, 0
131.2, 0
131.3, 0
131.4, 0
131.5, 0
131.6, 0
131.7, 0
131.8, 0
131.9, 0
132.0, 0
132.1, 0
132.2, 0
132.3, 0
132.4, 0
132.5, 0
132.6, 0
132.7, 0
132.8, 0
132.9, 0
133.0, 0
133.1, 0
133.2, 0
133.3, 0
133.4, 0
133.5, 0
133.6, 0
133.7, 0
133.8, 0
133.9, 0
134.0, 0
134.1, 0
134.2, 0
134.3, 0
134.4, 0
134.5, 0
134.6, 0
134.7, 0
134.8, 0
134.9, 0
135.0, 0
135.1, 0
135.2, 0
135.3, 0
135.4, 0
135.5, 0
135.6, 0
135.7, 0
135.8, 0
135.9, 0
136.0, 0
136.1, 0
136.2, 0
136.3, 0
136.4, 0
136.5, 0
136.6, 0
136.7, 0
136.8, 0
136.9, 0
137.0, 0
137.1, 0
137.2, 0
137.3, 0
137.4, 0
137.5, 0
137.6, 0
137.7, 0
137.8, 0
137.9, 0
138.0, 0
138.1, 0
138.2, 0
138.3, 0
138.4, 0
138.5, 0
138.6, 0
138.7, 0
138.8, 0
138.9, 0
139.0, 0
139.1, 0
139.2, 0
139.3, 0
139.4, 0
139.5, 0
139.6, 0
139.7, 0
139.8, 0
139.9, 0
140.0, 0
140.1, 0
140.2, 0
140.3, 0
140.4, 0
140.5, 0
140.6, 0
140.7, 0
140.8, 0
140.9, 0
141.0, 0
141.1, 1
141.2, 0
141.3, 1
141.4, 1
141.5, 1
141.6, 0
141.7, 0
141.8, 0
141.9, 0
142.0, 0
142.1, 0
142.2, 0
142.3, 0
142.4, 0
142.5, 1
142.6, 1
142.7, 0
142.8, 0
142.9, 0
143.0, 0
143.1, 0
143.2, 0
143.3, 0
143.4, 0
143.5, 1
143.6, 0
143.7, 0
143.8, 0
143.9, 0
144.0, 0
144.1, 0
144.2, 0
144.3, 0
144.4, 0
144.5, 0
144.6, 0
144.7, 0
144.8, 0
144.9, 0
145.0, 0
145.1, 0
145.2, 0
145.3, 0
145.4, 0
145.5, 0
145.6, 0
145.7, 0
145.8, 0
145.9, 0
146.0, 0
146.1, 0
146.2, 0
146.3, 0
146.4, 0
146.5, 0
146.6, 0
146.7, 0
146.8, 0
146.9, 0
147.0, 0
147.1, 0
147.2, 0
147.3, 0
147.4, 0
147.5, 0
147.6, 1
147.7, 0
147.8, 0
147.9, 0
148.0, 0
148.1, 0
148.2, 1
148.3, 1
148.4, 0
148.5, 0
148.6, 0
148.7, 0
148.8, 0
148.9, 0
149.0, 0
149.1, 0
149.2, 0
149.3, 0
149.4, 0
149.5, 0
149.6, 0
149.7, 0
149.8, 0
149.9, 1
150.0, 0
150.1, 0
150.2, 0
150.3, 0
150.4, 1
150.5, 0
150.6, 0
150.7, 0
150.8, 0
150.9, 0
151.0, 0
151.1, 0
151.2, 0
151.3, 0
151.4, 0
151.5, 0
151.6, 0
151.7, 0
151.8, 0
151.9, 0
152.0, 0
152.1, 0
152.2, 0
152.3, 0
152.4, 0
152.5, 0
152.6, 0
152.7, 0
152.8, 0
152.9, 0
153.0, 0
153.1, 0
153.2, 0
153.3, 0
153.4, 0
153.5, 0
153.6, 0
153.7, 0
153.8, 0
153.9, 0
154.0, 0
154.1, 0
154.2, 0
154.3, 0
154.4, 0
154.5, 0
154.6, 0
154.7, 0
154.8, 0
154.9, 0
155.0, 0
155.1, 0
155.2, 0
155.3, 0
155.4, 0
155.5, 0
155.6, 0
155.7, 0
155.8, 0
155.9, 0
156.0, 0
156.1, 0
156.2, 0
156.3, 0
156.4, 0
156.5, 0
156.6, 0
156.7, 0
156.8, 0
156.9, 0
157.0, 0
157.1, 0
157.2, 0
157.3, 0
157.4, 0
157.5, 0
157.6, 0
157.7, 0
157.8, 0
157.9, 0
158.0, 0
158.1, 0
158.2, 1
158.3, 1
158.4, 0
158.5, 0
158.6, 0
158.7, 0
158.8, 0
158.9, 0
159.0, 0
159.1, 0
159.2, 1
159.3, 0
159.4, 0
159.5, 0
159.6, 0
159.7, 0
159.8, 0
159.9, 0
160.0, 0
160.1, 0
160.2, 0
160.3, 0
160.4, 0
160.5, 0
160.6, 0
160.7, 1
