2018-11-23 20:27:15 (10068138979460) INFO  - START: Middleware listening on address 10.0.0.4:8888.
2018-11-23 20:28:38 (10150371163128) STATS -  5.00, 4833, 2, 0.718658, 1.267965, 2.152728, 2.152728, 0.000000, 0.000000, 24165, 0, 0, 0.00, 0.00, 0
2018-11-23 20:28:38 (10150614132214) STATS - 10.00, 5522, 3, 0.607265, 1.146933, 1.886728, 1.886728, 0.000000, 0.000000, 27610, 0, 0, 0.00, 0.00, 0
2018-11-23 20:28:38 (10150714601740) STATS - 15.00, 5885, 2, 0.417751, 1.077669, 1.620244, 1.620244, 0.000000, 0.000000, 29426, 0, 0, 0.00, 0.00, 0
2018-11-23 20:28:38 (10150809217966) STATS - 20.00, 5643, 2, 0.508573, 1.143944, 1.786586, 1.786586, 0.000000, 0.000000, 28215, 0, 0, 0.00, 0.00, 0
2018-11-23 20:28:38 (10150898479710) STATS - 25.00, 5508, 3, 0.575561, 1.117748, 1.821805, 1.821805, 0.000000, 0.000000, 27540, 0, 0, 0.00, 0.00, 0
2018-11-23 20:28:38 (10150979629178) STATS - 30.00, 5824, 2, 0.456282, 1.093268, 1.667132, 1.667132, 0.000000, 0.000000, 29121, 0, 0, 0.00, 0.00, 0
2018-11-23 20:28:38 (10151056618203) STATS - 35.00, 5902, 2, 0.442603, 1.135183, 1.703335, 1.703335, 0.000000, 0.000000, 29510, 0, 0, 0.00, 0.00, 0
2018-11-23 20:28:38 (10151136573630) STATS - 40.00, 6094, 2, 0.413954, 1.063354, 1.607991, 1.607991, 0.000000, 0.000000, 30470, 0, 0, 0.00, 0.00, 0
2018-11-23 20:28:38 (10151198657147) STATS - 45.00, 5845, 2, 0.512945, 1.090882, 1.732150, 1.732150, 0.000000, 0.000000, 29227, 0, 0, 0.00, 0.00, 0
2018-11-23 20:28:38 (10151264300985) STATS - 50.00, 5921, 2, 0.481660, 1.061560, 1.662831, 1.662831, 0.000000, 0.000000, 29608, 0, 0, 0.00, 0.00, 0
2018-11-23 20:28:39 (10151330037227) STATS - 55.00, 5886, 2, 0.488812, 1.085321, 1.685073, 1.685073, 0.000000, 0.000000, 29431, 0, 0, 0.00, 0.00, 0
2018-11-23 20:28:39 (10151389151343) STATS - 60.00, 5514, 3, 0.577930, 1.136438, 1.837431, 1.837431, 0.000000, 0.000000, 27574, 0, 0, 0.00, 0.00, 0
2018-11-23 20:28:39 (10151430316547) STATS - 65.00, 6000, 2, 0.443140, 1.104286, 1.669549, 1.669549, 0.000000, 0.000000, 30000, 0, 0, 0.00, 0.00, 0
2018-11-23 20:28:39 (10151467379710) STATS - 70.00, 5991, 2, 0.441178, 1.031148, 1.596363, 1.596363, 0.000000, 0.000000, 29958, 0, 0, 0.00, 0.00, 0
2018-11-23 20:28:39 (10151470678123) STATS - 70.00, 35, 1, 0.366273, 1.007005, 1.467627, 1.467627, 0.000000, 0.000000, 177, 0, 0, 0.00, 0.00, 0
2018-11-23 20:28:39 (10151980553410) STATS - Type, Interval, Responses
2018-11-23 20:28:40 (10152328905189) STATS - SET, 0.1, 0
2018-11-23 20:28:40 (10152329126197) STATS - SET, 0.2, 0
2018-11-23 20:28:40 (10152329256901) STATS - SET, 0.3, 1
2018-11-23 20:28:40 (10152329397106) STATS - SET, 0.4, 864
2018-11-23 20:28:40 (10152329527611) STATS - SET, 0.5, 10197
2018-11-23 20:28:40 (10152329706017) STATS - SET, 0.6, 27578
2018-11-23 20:28:40 (10152329832521) STATS - SET, 0.7, 39088
2018-11-23 20:28:40 (10152329955725) STATS - SET, 0.8, 40814
2018-11-23 20:28:40 (10152330084930) STATS - SET, 0.9, 38361
2018-11-23 20:28:40 (10152330214734) STATS - SET, 1.0, 33213
2018-11-23 20:28:40 (10152330338338) STATS - SET, 1.1, 27855
2018-11-23 20:28:40 (10152330564646) STATS - SET, 1.2, 23546
2018-11-23 20:28:40 (10152330704251) STATS - SET, 1.3, 19179
2018-11-23 20:28:40 (10152330831755) STATS - SET, 1.4, 15638
2018-11-23 20:28:40 (10152330958759) STATS - SET, 1.5, 12612
2018-11-23 20:28:40 (10152331122365) STATS - SET, 1.6, 10256
2018-11-23 20:28:40 (10152331263670) STATS - SET, 1.7, 8359
2018-11-23 20:28:40 (10152331387174) STATS - SET, 1.8, 7187
2018-11-23 20:28:40 (10152337230573) STATS - SET, 1.9, 5737
2018-11-23 20:28:40 (10152337466981) STATS - SET, 2.0, 4820
2018-11-23 20:28:40 (10152337626987) STATS - SET, 2.1, 4133
2018-11-23 20:28:40 (10152337764791) STATS - SET, 2.2, 3705
2018-11-23 20:28:40 (10152337889596) STATS - SET, 2.3, 3169
2018-11-23 20:28:40 (10152338010900) STATS - SET, 2.4, 2691
2018-11-23 20:28:40 (10152338466915) STATS - SET, 2.5, 2522
2018-11-23 20:28:40 (10152338633321) STATS - SET, 2.6, 2317
2018-11-23 20:28:40 (10152338772426) STATS - SET, 2.7, 2053
2018-11-23 20:28:40 (10152338893830) STATS - SET, 2.8, 1903
2018-11-23 20:28:40 (10152339014234) STATS - SET, 2.9, 1745
2018-11-23 20:28:40 (10152339137338) STATS - SET, 3.0, 1666
2018-11-23 20:28:40 (10152339262943) STATS - SET, 3.1, 1514
2018-11-23 20:28:40 (10152339382247) STATS - SET, 3.2, 1368
2018-11-23 20:28:40 (10152339513351) STATS - SET, 3.3, 1389
2018-11-23 20:28:40 (10152339755059) STATS - SET, 3.4, 1178
2018-11-23 20:28:40 (10152339924365) STATS - SET, 3.5, 1229
2018-11-23 20:28:40 (10152340233876) STATS - SET, 3.6, 1141
2018-11-23 20:28:40 (10152340357380) STATS - SET, 3.7, 1049
2018-11-23 20:28:40 (10152340513985) STATS - SET, 3.8, 972
2018-11-23 20:28:40 (10152340655890) STATS - SET, 3.9, 914
2018-11-23 20:28:40 (10152340776594) STATS - SET, 4.0, 892
2018-11-23 20:28:40 (10152340899698) STATS - SET, 4.1, 843
2018-11-23 20:28:40 (10152341032403) STATS - SET, 4.2, 762
2018-11-23 20:28:40 (10152341199509) STATS - SET, 4.3, 739
2018-11-23 20:28:40 (10152341326213) STATS - SET, 4.4, 748
2018-11-23 20:28:40 (10152352856906) STATS - SET, 4.5, 682
2018-11-23 20:28:40 (10152353039212) STATS - SET, 4.6, 656
2018-11-23 20:28:40 (10152353400225) STATS - SET, 4.7, 685
2018-11-23 20:28:40 (10152353822739) STATS - SET, 4.8, 656
2018-11-23 20:28:40 (10152354012246) STATS - SET, 4.9, 653
2018-11-23 20:28:40 (10152354149350) STATS - SET, 5.0, 641
2018-11-23 20:28:40 (10152354267154) STATS - SET, 5.1, 673
2018-11-23 20:28:40 (10152354401559) STATS - SET, 5.2, 688
2018-11-23 20:28:40 (10152354514463) STATS - SET, 5.3, 703
2018-11-23 20:28:40 (10152354626366) STATS - SET, 5.4, 713
2018-11-23 20:28:40 (10152354744070) STATS - SET, 5.5, 650
2018-11-23 20:28:40 (10152354902776) STATS - SET, 5.6, 659
2018-11-23 20:28:40 (10152355016580) STATS - SET, 5.7, 665
2018-11-23 20:28:40 (10152355166085) STATS - SET, 5.8, 731
2018-11-23 20:28:40 (10152355299889) STATS - SET, 5.9, 855
2018-11-23 20:28:40 (10152355453095) STATS - SET, 6.0, 1182
2018-11-23 20:28:40 (10152355602900) STATS - SET, 6.1, 1405
2018-11-23 20:28:40 (10152355878509) STATS - SET, 6.2, 1514
2018-11-23 20:28:40 (10152355990813) STATS - SET, 6.3, 1535
2018-11-23 20:28:40 (10152356128518) STATS - SET, 6.4, 1589
2018-11-23 20:28:40 (10152356240221) STATS - SET, 6.5, 1498
2018-11-23 20:28:40 (10152356350925) STATS - SET, 6.6, 1430
2018-11-23 20:28:40 (10152356462129) STATS - SET, 6.7, 1200
2018-11-23 20:28:40 (10152356573533) STATS - SET, 6.8, 971
2018-11-23 20:28:40 (10152356722938) STATS - SET, 6.9, 832
2018-11-23 20:28:40 (10152356846242) STATS - SET, 7.0, 742
2018-11-23 20:28:40 (10152356964246) STATS - SET, 7.1, 634
2018-11-23 20:28:40 (10152357081350) STATS - SET, 7.2, 606
2018-11-23 20:28:40 (10152357193754) STATS - SET, 7.3, 517
2018-11-23 20:28:40 (10152357310758) STATS - SET, 7.4, 452
2018-11-23 20:28:40 (10152357422962) STATS - SET, 7.5, 427
2018-11-23 20:28:40 (10152357534166) STATS - SET, 7.6, 413
2018-11-23 20:28:40 (10152357649970) STATS - SET, 7.7, 452
2018-11-23 20:28:40 (10152357761273) STATS - SET, 7.8, 372
2018-11-23 20:28:40 (10152357882677) STATS - SET, 7.9, 334
2018-11-23 20:28:40 (10152357993481) STATS - SET, 8.0, 335
2018-11-23 20:28:40 (10152358108785) STATS - SET, 8.1, 296
2018-11-23 20:28:40 (10152358220289) STATS - SET, 8.2, 288
2018-11-23 20:28:40 (10152358332693) STATS - SET, 8.3, 256
2018-11-23 20:28:40 (10152358447197) STATS - SET, 8.4, 221
2018-11-23 20:28:40 (10152358558301) STATS - SET, 8.5, 222
2018-11-23 20:28:40 (10152358700205) STATS - SET, 8.6, 225
2018-11-23 20:28:40 (10152358885712) STATS - SET, 8.7, 195
2018-11-23 20:28:40 (10152359002116) STATS - SET, 8.8, 221
2018-11-23 20:28:40 (10152359113319) STATS - SET, 8.9, 242
2018-11-23 20:28:40 (10152359228123) STATS - SET, 9.0, 201
2018-11-23 20:28:40 (10152359343527) STATS - SET, 9.1, 217
2018-11-23 20:28:40 (10152359458731) STATS - SET, 9.2, 180
2018-11-23 20:28:40 (10152359607436) STATS - SET, 9.3, 248
2018-11-23 20:28:40 (10152359781942) STATS - SET, 9.4, 233
2018-11-23 20:28:40 (10152359904246) STATS - SET, 9.5, 277
2018-11-23 20:28:40 (10152360040151) STATS - SET, 9.6, 304
2018-11-23 20:28:40 (10152360159555) STATS - SET, 9.7, 298
2018-11-23 20:28:40 (10152360274959) STATS - SET, 9.8, 268
2018-11-23 20:28:40 (10152360559969) STATS - SET, 9.9, 222
2018-11-23 20:28:40 (10152360734775) STATS - SET, 10.0, 175
2018-11-23 20:28:40 (10152360862679) STATS - SET, 10.1, 150
2018-11-23 20:28:40 (10152360975283) STATS - SET, 10.2, 110
2018-11-23 20:28:40 (10152366798782) STATS - SET, 10.3, 106
2018-11-23 20:28:40 (10152366939686) STATS - SET, 10.4, 97
2018-11-23 20:28:40 (10152367108392) STATS - SET, 10.5, 80
2018-11-23 20:28:40 (10152367220396) STATS - SET, 10.6, 90
2018-11-23 20:28:40 (10152367349100) STATS - SET, 10.7, 67
2018-11-23 20:28:40 (10152367485205) STATS - SET, 10.8, 61
2018-11-23 20:28:40 (10152367675611) STATS - SET, 10.9, 77
2018-11-23 20:28:40 (10152367819416) STATS - SET, 11.0, 72
2018-11-23 20:28:40 (10152368057724) STATS - SET, 11.1, 71
2018-11-23 20:28:40 (10152368212230) STATS - SET, 11.2, 54
2018-11-23 20:28:40 (10152368363135) STATS - SET, 11.3, 64
2018-11-23 20:28:40 (10152368467538) STATS - SET, 11.4, 48
2018-11-23 20:28:40 (10152368569242) STATS - SET, 11.5, 59
2018-11-23 20:28:40 (10152368671145) STATS - SET, 11.6, 64
2018-11-23 20:28:40 (10152368772549) STATS - SET, 11.7, 34
2018-11-23 20:28:40 (10152368872952) STATS - SET, 11.8, 38
2018-11-23 20:28:40 (10152368973656) STATS - SET, 11.9, 35
2018-11-23 20:28:40 (10152369111260) STATS - SET, 12.0, 31
2018-11-23 20:28:40 (10152369215164) STATS - SET, 12.1, 47
2018-11-23 20:28:40 (10152369316367) STATS - SET, 12.2, 30
2018-11-23 20:28:40 (10152369417771) STATS - SET, 12.3, 33
2018-11-23 20:28:40 (10152369520874) STATS - SET, 12.4, 28
2018-11-23 20:28:40 (10152369623278) STATS - SET, 12.5, 27
2018-11-23 20:28:40 (10152369724281) STATS - SET, 12.6, 18
2018-11-23 20:28:40 (10152369835185) STATS - SET, 12.7, 23
2018-11-23 20:28:40 (10152369981590) STATS - SET, 12.8, 24
2018-11-23 20:28:40 (10152370088494) STATS - SET, 12.9, 19
2018-11-23 20:28:40 (10152370186297) STATS - SET, 13.0, 8
2018-11-23 20:28:40 (10152370286900) STATS - SET, 13.1, 24
2018-11-23 20:28:40 (10152370392004) STATS - SET, 13.2, 10
2018-11-23 20:28:40 (10152370499208) STATS - SET, 13.3, 10
2018-11-23 20:28:40 (10152370600511) STATS - SET, 13.4, 13
2018-11-23 20:28:40 (10152370700815) STATS - SET, 13.5, 14
2018-11-23 20:28:40 (10152376533313) STATS - SET, 13.6, 11
2018-11-23 20:28:40 (10152376683719) STATS - SET, 13.7, 7
2018-11-23 20:28:40 (10152376788122) STATS - SET, 13.8, 8
2018-11-23 20:28:40 (10152376888926) STATS - SET, 13.9, 6
2018-11-23 20:28:40 (10152376986829) STATS - SET, 14.0, 21
2018-11-23 20:28:40 (10152377087532) STATS - SET, 14.1, 20
2018-11-23 20:28:40 (10152377188336) STATS - SET, 14.2, 12
2018-11-23 20:28:40 (10152377344141) STATS - SET, 14.3, 11
2018-11-23 20:28:40 (10152377455445) STATS - SET, 14.4, 13
2018-11-23 20:28:40 (10152377558048) STATS - SET, 14.5, 11
2018-11-23 20:28:40 (10152377658852) STATS - SET, 14.6, 7
2018-11-23 20:28:40 (10152377775656) STATS - SET, 14.7, 10
2018-11-23 20:28:40 (10152377877359) STATS - SET, 14.8, 8
2018-11-23 20:28:40 (10152377978263) STATS - SET, 14.9, 7
2018-11-23 20:28:40 (10152378074866) STATS - SET, 15.0, 6
2018-11-23 20:28:40 (10152378229471) STATS - SET, 15.1, 8
2018-11-23 20:28:40 (10152378331975) STATS - SET, 15.2, 4
2018-11-23 20:28:40 (10152378431078) STATS - SET, 15.3, 6
2018-11-23 20:28:40 (10152378530382) STATS - SET, 15.4, 1
2018-11-23 20:28:40 (10152378732889) STATS - SET, 15.5, 5
2018-11-23 20:28:40 (10152378846492) STATS - SET, 15.6, 5
2018-11-23 20:28:40 (10152378951496) STATS - SET, 15.7, 3
2018-11-23 20:28:40 (10152379054199) STATS - SET, 15.8, 10
2018-11-23 20:28:40 (10152379157403) STATS - SET, 15.9, 5
2018-11-23 20:28:40 (10152379253306) STATS - SET, 16.0, 1
2018-11-23 20:28:40 (10152379351810) STATS - SET, 16.1, 6
2018-11-23 20:28:40 (10152379451513) STATS - SET, 16.2, 10
2018-11-23 20:28:40 (10152379550316) STATS - SET, 16.3, 3
2018-11-23 20:28:40 (10152379652420) STATS - SET, 16.4, 9
2018-11-23 20:28:40 (10152379751823) STATS - SET, 16.5, 1
2018-11-23 20:28:40 (10152379856627) STATS - SET, 16.6, 4
2018-11-23 20:28:40 (10152379956030) STATS - SET, 16.7, 3
2018-11-23 20:28:40 (10152380081634) STATS - SET, 16.8, 6
2018-11-23 20:28:40 (10152380185338) STATS - SET, 16.9, 7
2018-11-23 20:28:40 (10152380286041) STATS - SET, 17.0, 1
2018-11-23 20:28:40 (10152380395345) STATS - SET, 17.1, 2
2018-11-23 20:28:40 (10152380497849) STATS - SET, 17.2, 1
2018-11-23 20:28:40 (10152386486453) STATS - SET, 17.3, 3
2018-11-23 20:28:40 (10152386620257) STATS - SET, 17.4, 6
2018-11-23 20:28:40 (10152386721061) STATS - SET, 17.5, 5
2018-11-23 20:28:40 (10152386835765) STATS - SET, 17.6, 3
2018-11-23 20:28:40 (10152390477489) STATS - SET, 17.7, 3
2018-11-23 20:28:40 (10152390716797) STATS - SET, 17.8, 3
2018-11-23 20:28:40 (10152390817701) STATS - SET, 17.9, 1
2018-11-23 20:28:40 (10152390969306) STATS - SET, 18.0, 3
2018-11-23 20:28:40 (10152391071809) STATS - SET, 18.1, 3
2018-11-23 20:28:40 (10152391212414) STATS - SET, 18.2, 0
2018-11-23 20:28:40 (10152391310417) STATS - SET, 18.3, 4
2018-11-23 20:28:40 (10152391405521) STATS - SET, 18.4, 3
2018-11-23 20:28:40 (10152391519125) STATS - SET, 18.5, 1
2018-11-23 20:28:40 (10152391617528) STATS - SET, 18.6, 1
2018-11-23 20:28:40 (10152391712231) STATS - SET, 18.7, 3
2018-11-23 20:28:40 (10152392175247) STATS - SET, 18.8, 3
2018-11-23 20:28:40 (10152392286051) STATS - SET, 18.9, 3
2018-11-23 20:28:40 (10152392377754) STATS - SET, 19.0, 2
2018-11-23 20:28:40 (10152392471557) STATS - SET, 19.1, 5
2018-11-23 20:28:40 (10152392565960) STATS - SET, 19.2, 4
2018-11-23 20:28:40 (10152392659363) STATS - SET, 19.3, 6
2018-11-23 20:28:40 (10152392753467) STATS - SET, 19.4, 2
2018-11-23 20:28:40 (10152392854470) STATS - SET, 19.5, 4
2018-11-23 20:28:40 (10152392952373) STATS - SET, 19.6, 6
2018-11-23 20:28:40 (10152393046377) STATS - SET, 19.7, 5
2018-11-23 20:28:40 (10152393139180) STATS - SET, 19.8, 2
2018-11-23 20:28:40 (10152393232283) STATS - SET, 19.9, 7
2018-11-23 20:28:40 (10152393323286) STATS - SET, 20.0, 5
2018-11-23 20:28:40 (10152393415389) STATS - SET, 20.1, 4
2018-11-23 20:28:40 (10152393508492) STATS - SET, 20.2, 3
2018-11-23 20:28:40 (10152393600696) STATS - SET, 20.3, 3
2018-11-23 20:28:40 (10152393693799) STATS - SET, 20.4, 2
2018-11-23 20:28:40 (10152393786502) STATS - SET, 20.5, 5
2018-11-23 20:28:40 (10152393878705) STATS - SET, 20.6, 8
2018-11-23 20:28:40 (10152394012810) STATS - SET, 20.7, 3
2018-11-23 20:28:40 (10152399933611) STATS - SET, 20.8, 2
2018-11-23 20:28:40 (10152400059316) STATS - SET, 20.9, 3
2018-11-23 20:28:40 (10152400202521) STATS - SET, 21.0, 4
2018-11-23 20:28:40 (10152400302024) STATS - SET, 21.1, 4
2018-11-23 20:28:40 (10152400732439) STATS - SET, 21.2, 1
2018-11-23 20:28:40 (10152400839142) STATS - SET, 21.3, 2
2018-11-23 20:28:40 (10152400973247) STATS - SET, 21.4, 4
2018-11-23 20:28:40 (10152401082251) STATS - SET, 21.5, 5
2018-11-23 20:28:40 (10152401219555) STATS - SET, 21.6, 0
2018-11-23 20:28:40 (10152401314659) STATS - SET, 21.7, 1
2018-11-23 20:28:40 (10152401473664) STATS - SET, 21.8, 2
2018-11-23 20:28:40 (10152401573167) STATS - SET, 21.9, 2
2018-11-23 20:28:40 (10152401663270) STATS - SET, 22.0, 4
2018-11-23 20:28:40 (10152401755574) STATS - SET, 22.1, 5
2018-11-23 20:28:40 (10152401898278) STATS - SET, 22.2, 6
2018-11-23 20:28:40 (10152401995882) STATS - SET, 22.3, 5
2018-11-23 20:28:40 (10152402089185) STATS - SET, 22.4, 3
2018-11-23 20:28:40 (10152402245190) STATS - SET, 22.5, 7
2018-11-23 20:28:40 (10152402404096) STATS - SET, 22.6, 2
2018-11-23 20:28:40 (10152402759908) STATS - SET, 22.7, 5
2018-11-23 20:28:40 (10152402869312) STATS - SET, 22.8, 7
2018-11-23 20:28:40 (10152402966215) STATS - SET, 22.9, 4
2018-11-23 20:28:40 (10152403055618) STATS - SET, 23.0, 6
2018-11-23 20:28:40 (10152403147021) STATS - SET, 23.1, 7
2018-11-23 20:28:40 (10152403283626) STATS - SET, 23.2, 9
2018-11-23 20:28:40 (10152403394930) STATS - SET, 23.3, 4
2018-11-23 20:28:40 (10152403490333) STATS - SET, 23.4, 5
2018-11-23 20:28:40 (10152403674439) STATS - SET, 23.5, 3
2018-11-23 20:28:40 (10152403791143) STATS - SET, 23.6, 5
2018-11-23 20:28:40 (10152403888446) STATS - SET, 23.7, 4
2018-11-23 20:28:40 (10152403986550) STATS - SET, 23.8, 5
2018-11-23 20:28:40 (10152404194057) STATS - SET, 23.9, 3
2018-11-23 20:28:40 (10152410249463) STATS - SET, 24.0, 1
2018-11-23 20:28:40 (10152410504372) STATS - SET, 24.1, 5
2018-11-23 20:28:40 (10152410603875) STATS - SET, 24.2, 2
2018-11-23 20:28:40 (10152410698879) STATS - SET, 24.3, 4
2018-11-23 20:28:40 (10152410798582) STATS - SET, 24.4, 9
2018-11-23 20:28:40 (10152410893985) STATS - SET, 24.5, 2
2018-11-23 20:28:40 (10152410990589) STATS - SET, 24.6, 6
2018-11-23 20:28:40 (10152411084592) STATS - SET, 24.7, 8
2018-11-23 20:28:40 (10152411180395) STATS - SET, 24.8, 6
2018-11-23 20:28:40 (10152411274398) STATS - SET, 24.9, 4
2018-11-23 20:28:40 (10152411371902) STATS - SET, 25.0, 2
2018-11-23 20:28:40 (10152411464705) STATS - SET, 25.1, 2
2018-11-23 20:28:40 (10152411557908) STATS - SET, 25.2, 2
2018-11-23 20:28:40 (10152411650311) STATS - SET, 25.3, 6
2018-11-23 20:28:40 (10152411743014) STATS - SET, 25.4, 7
2018-11-23 20:28:40 (10152411845418) STATS - SET, 25.5, 2
2018-11-23 20:28:40 (10152411943121) STATS - SET, 25.6, 2
2018-11-23 20:28:40 (10152412064025) STATS - SET, 25.7, 5
2018-11-23 20:28:40 (10152412166829) STATS - SET, 25.8, 1
2018-11-23 20:28:40 (10152412263732) STATS - SET, 25.9, 3
2018-11-23 20:28:40 (10152412357635) STATS - SET, 26.0, 2
2018-11-23 20:28:40 (10152412453938) STATS - SET, 26.1, 4
2018-11-23 20:28:40 (10152412553242) STATS - SET, 26.2, 7
2018-11-23 20:28:40 (10152412655445) STATS - SET, 26.3, 4
2018-11-23 20:28:40 (10152412752149) STATS - SET, 26.4, 4
2018-11-23 20:28:40 (10152412849452) STATS - SET, 26.5, 6
2018-11-23 20:28:40 (10152412941955) STATS - SET, 26.6, 3
2018-11-23 20:28:40 (10152413093060) STATS - SET, 26.7, 2
2018-11-23 20:28:40 (10152413196764) STATS - SET, 26.8, 3
2018-11-23 20:28:40 (10152413289767) STATS - SET, 26.9, 3
2018-11-23 20:28:40 (10152413379670) STATS - SET, 27.0, 1
2018-11-23 20:28:40 (10152413472073) STATS - SET, 27.1, 1
2018-11-23 20:28:40 (10152413566376) STATS - SET, 27.2, 1
2018-11-23 20:28:40 (10152413658480) STATS - SET, 27.3, 0
2018-11-23 20:28:40 (10152413751283) STATS - SET, 27.4, 0
2018-11-23 20:28:40 (10152413888987) STATS - SET, 27.5, 0
2018-11-23 20:28:40 (10152413993591) STATS - SET, 27.6, 3
2018-11-23 20:28:40 (10152414087594) STATS - SET, 27.7, 1
2018-11-23 20:28:40 (10152414179697) STATS - SET, 27.8, 1
2018-11-23 20:28:40 (10152420219003) STATS - SET, 27.9, 2
2018-11-23 20:28:40 (10152420344708) STATS - SET, 28.0, 1
2018-11-23 20:28:40 (10152420441111) STATS - SET, 28.1, 1
2018-11-23 20:28:40 (10152420534214) STATS - SET, 28.2, 1
2018-11-23 20:28:40 (10152420626517) STATS - SET, 28.3, 1
2018-11-23 20:28:40 (10152420718220) STATS - SET, 28.4, 0
2018-11-23 20:28:40 (10152420809323) STATS - SET, 28.5, 0
2018-11-23 20:28:40 (10152420908227) STATS - SET, 28.6, 0
2018-11-23 20:28:40 (10152421000730) STATS - SET, 28.7, 1
2018-11-23 20:28:40 (10152421098133) STATS - SET, 28.8, 1
2018-11-23 20:28:40 (10152421189036) STATS - SET, 28.9, 0
2018-11-23 20:28:40 (10152421281639) STATS - SET, 29.0, 0
2018-11-23 20:28:40 (10152421377543) STATS - SET, 29.1, 0
2018-11-23 20:28:40 (10152421470846) STATS - SET, 29.2, 0
2018-11-23 20:28:40 (10152421562449) STATS - SET, 29.3, 1
2018-11-23 20:28:40 (10152421653752) STATS - SET, 29.4, 0
2018-11-23 20:28:40 (10152421744855) STATS - SET, 29.5, 0
2018-11-23 20:28:40 (10152421840759) STATS - SET, 29.6, 0
2018-11-23 20:28:40 (10152421938762) STATS - SET, 29.7, 1
2018-11-23 20:28:40 (10152422029365) STATS - SET, 29.8, 1
2018-11-23 20:28:40 (10152422178170) STATS - SET, 29.9, 3
2018-11-23 20:28:40 (10152422280774) STATS - SET, 30.0, 0
2018-11-23 20:28:40 (10152422376377) STATS - SET, 30.1, 0
2018-11-23 20:28:40 (10152422467480) STATS - SET, 30.2, 1
2018-11-23 20:28:40 (10152422560683) STATS - SET, 30.3, 1
2018-11-23 20:28:40 (10152422719889) STATS - SET, 30.4, 2
2018-11-23 20:28:40 (10152422825992) STATS - SET, 30.5, 0
2018-11-23 20:28:40 (10152422917995) STATS - SET, 30.6, 1
2018-11-23 20:28:40 (10152423033099) STATS - SET, 30.7, 0
2018-11-23 20:28:40 (10152423129202) STATS - SET, 30.8, 2
2018-11-23 20:28:40 (10152423221306) STATS - SET, 30.9, 3
2018-11-23 20:28:40 (10152423311609) STATS - SET, 31.0, 0
2018-11-23 20:28:40 (10152423401912) STATS - SET, 31.1, 0
2018-11-23 20:28:40 (10152423492215) STATS - SET, 31.2, 0
2018-11-23 20:28:40 (10152423582918) STATS - SET, 31.3, 2
2018-11-23 20:28:40 (10152423676921) STATS - SET, 31.4, 1
2018-11-23 20:28:40 (10152423767124) STATS - SET, 31.5, 0
2018-11-23 20:28:40 (10152423909329) STATS - SET, 31.6, 0
2018-11-23 20:28:40 (10152424025533) STATS - SET, 31.7, 0
2018-11-23 20:28:40 (10152424121836) STATS - SET, 31.8, 1
2018-11-23 20:28:40 (10152430098840) STATS - SET, 31.9, 0
2018-11-23 20:28:40 (10152430190143) STATS - SET, 32.0, 1
2018-11-23 20:28:40 (10152430284446) STATS - SET, 32.1, 0
2018-11-23 20:28:40 (10152430373149) STATS - SET, 32.2, 0
2018-11-23 20:28:40 (10152430461753) STATS - SET, 32.3, 1
2018-11-23 20:28:40 (10152430549756) STATS - SET, 32.4, 1
2018-11-23 20:28:40 (10152430637359) STATS - SET, 32.5, 0
2018-11-23 20:28:40 (10152430724861) STATS - SET, 32.6, 0
2018-11-23 20:28:40 (10152430811864) STATS - SET, 32.7, 1
2018-11-23 20:28:40 (10152430899667) STATS - SET, 32.8, 1
2018-11-23 20:28:40 (10152430987170) STATS - SET, 32.9, 2
2018-11-23 20:28:40 (10152431071373) STATS - SET, 33.0, 1
2018-11-23 20:28:40 (10152431165377) STATS - SET, 33.1, 0
2018-11-23 20:28:40 (10152431253580) STATS - SET, 33.2, 2
2018-11-23 20:28:40 (10152431341983) STATS - SET, 33.3, 0
2018-11-23 20:28:40 (10152431429586) STATS - SET, 33.4, 0
2018-11-23 20:28:40 (10152431516888) STATS - SET, 33.5, 3
2018-11-23 20:28:40 (10152431604491) STATS - SET, 33.6, 1
2018-11-23 20:28:40 (10152431691594) STATS - SET, 33.7, 4
2018-11-23 20:28:40 (10152431779397) STATS - SET, 33.8, 2
2018-11-23 20:28:40 (10152432246913) STATS - SET, 33.9, 1
2018-11-23 20:28:40 (10152432335816) STATS - SET, 34.0, 2
2018-11-23 20:28:40 (10152432423019) STATS - SET, 34.1, 2
2018-11-23 20:28:40 (10152432510122) STATS - SET, 34.2, 2
2018-11-23 20:28:40 (10152432598225) STATS - SET, 34.3, 2
2018-11-23 20:28:40 (10152432685528) STATS - SET, 34.4, 2
2018-11-23 20:28:40 (10152432772531) STATS - SET, 34.5, 1
2018-11-23 20:28:40 (10152432859934) STATS - SET, 34.6, 2
2018-11-23 20:28:40 (10152432946837) STATS - SET, 34.7, 1
2018-11-23 20:28:40 (10152433033940) STATS - SET, 34.8, 0
2018-11-23 20:28:40 (10152433121043) STATS - SET, 34.9, 3
2018-11-23 20:28:40 (10152433213846) STATS - SET, 35.0, 2
2018-11-23 20:28:40 (10152433310750) STATS - SET, 35.1, 1
2018-11-23 20:28:40 (10152433442054) STATS - SET, 35.2, 0
2018-11-23 20:28:40 (10152433585659) STATS - SET, 35.3, 0
2018-11-23 20:28:40 (10152433674862) STATS - SET, 35.4, 1
2018-11-23 20:28:40 (10152434040175) STATS - SET, 35.5, 0
2018-11-23 20:28:40 (10152434182479) STATS - SET, 35.6, 0
2018-11-23 20:28:40 (10152440100581) STATS - SET, 35.7, 2
2018-11-23 20:28:40 (10152440326289) STATS - SET, 35.8, 0
2018-11-23 20:28:40 (10152440424692) STATS - SET, 35.9, 1
2018-11-23 20:28:40 (10152440506795) STATS - SET, 36.0, 5
2018-11-23 20:28:40 (10152440595198) STATS - SET, 36.1, 1
2018-11-23 20:28:40 (10152440679601) STATS - SET, 36.2, 8
2018-11-23 20:28:40 (10152440773204) STATS - SET, 36.3, 3
2018-11-23 20:28:40 (10152440867207) STATS - SET, 36.4, 1
2018-11-23 20:28:40 (10152440951910) STATS - SET, 36.5, 3
2018-11-23 20:28:40 (10152441048914) STATS - SET, 36.6, 0
2018-11-23 20:28:40 (10152441151517) STATS - SET, 36.7, 2
2018-11-23 20:28:40 (10152441296322) STATS - SET, 36.8, 3
2018-11-23 20:28:40 (10152441461728) STATS - SET, 36.9, 1
2018-11-23 20:28:40 (10152441543530) STATS - SET, 37.0, 2
2018-11-23 20:28:40 (10152441627333) STATS - SET, 37.1, 1
2018-11-23 20:28:40 (10152441711336) STATS - SET, 37.2, 0
2018-11-23 20:28:40 (10152441795639) STATS - SET, 37.3, 1
2018-11-23 20:28:40 (10152441879642) STATS - SET, 37.4, 0
2018-11-23 20:28:40 (10152441963845) STATS - SET, 37.5, 1
2018-11-23 20:28:40 (10152442792973) STATS - SET, 37.6, 0
2018-11-23 20:28:40 (10152442907177) STATS - SET, 37.7, 0
2018-11-23 20:28:40 (10152442995580) STATS - SET, 37.8, 0
2018-11-23 20:28:40 (10152443087983) STATS - SET, 37.9, 1
2018-11-23 20:28:40 (10152443169286) STATS - SET, 38.0, 1
2018-11-23 20:28:40 (10152443332791) STATS - SET, 38.1, 0
2018-11-23 20:28:40 (10152443420894) STATS - SET, 38.2, 0
2018-11-23 20:28:40 (10152443510097) STATS - SET, 38.3, 1
2018-11-23 20:28:40 (10152443600201) STATS - SET, 38.4, 1
2018-11-23 20:28:40 (10152443685403) STATS - SET, 38.5, 2
2018-11-23 20:28:40 (10152443769806) STATS - SET, 38.6, 1
2018-11-23 20:28:40 (10152443859109) STATS - SET, 38.7, 1
2018-11-23 20:28:40 (10152443959013) STATS - SET, 38.8, 0
2018-11-23 20:28:40 (10152444097418) STATS - SET, 38.9, 0
2018-11-23 20:28:40 (10152444180920) STATS - SET, 39.0, 0
2018-11-23 20:28:40 (10152444265123) STATS - SET, 39.1, 0
2018-11-23 20:28:40 (10152444351826) STATS - SET, 39.2, 0
2018-11-23 20:28:40 (10152444436629) STATS - SET, 39.3, 0
2018-11-23 20:28:40 (10152444549333) STATS - SET, 39.4, 0
2018-11-23 20:28:40 (10152444634136) STATS - SET, 39.5, 0
2018-11-23 20:28:40 (10152444717339) STATS - SET, 39.6, 0
2018-11-23 20:28:40 (10152444800841) STATS - SET, 39.7, 0
2018-11-23 20:28:40 (10152450848648) STATS - SET, 39.8, 0
2018-11-23 20:28:40 (10152450989453) STATS - SET, 39.9, 0
2018-11-23 20:28:40 (10152451077656) STATS - SET, 40.0, 0
2018-11-23 20:28:40 (10152451158958) STATS - SET, 40.1, 0
2018-11-23 20:28:40 (10152451300063) STATS - SET, 40.2, 0
2018-11-23 20:28:40 (10152451390266) STATS - SET, 40.3, 0
2018-11-23 20:28:40 (10152451476669) STATS - SET, 40.4, 0
2018-11-23 20:28:40 (10152451557372) STATS - SET, 40.5, 0
2018-11-23 20:28:40 (10152451637775) STATS - SET, 40.6, 0
2018-11-23 20:28:40 (10152451717477) STATS - SET, 40.7, 0
2018-11-23 20:28:40 (10152451797480) STATS - SET, 40.8, 1
2018-11-23 20:28:40 (10152451877283) STATS - SET, 40.9, 0
2018-11-23 20:28:40 (10152451954085) STATS - SET, 41.0, 0
2018-11-23 20:28:40 (10152452053589) STATS - SET, 41.1, 1
2018-11-23 20:28:40 (10152452135292) STATS - SET, 41.2, 1
2018-11-23 20:28:40 (10152452216294) STATS - SET, 41.3, 0
2018-11-23 20:28:40 (10152452304597) STATS - SET, 41.4, 2
2018-11-23 20:28:40 (10152452385300) STATS - SET, 41.5, 1
2018-11-23 20:28:40 (10152452465003) STATS - SET, 41.6, 0
2018-11-23 20:28:40 (10152452543906) STATS - SET, 41.7, 0
2018-11-23 20:28:40 (10152452623808) STATS - SET, 41.8, 2
2018-11-23 20:28:40 (10152452703811) STATS - SET, 41.9, 0
2018-11-23 20:28:40 (10152452780414) STATS - SET, 42.0, 0
2018-11-23 20:28:40 (10152452859416) STATS - SET, 42.1, 0
2018-11-23 20:28:40 (10152452939019) STATS - SET, 42.2, 0
2018-11-23 20:28:40 (10152453018622) STATS - SET, 42.3, 1
2018-11-23 20:28:40 (10152453098224) STATS - SET, 42.4, 1
2018-11-23 20:28:40 (10152453177927) STATS - SET, 42.5, 0
2018-11-23 20:28:40 (10152453260030) STATS - SET, 42.6, 0
2018-11-23 20:28:40 (10152453339733) STATS - SET, 42.7, 0
2018-11-23 20:28:40 (10152453419335) STATS - SET, 42.8, 0
2018-11-23 20:28:40 (10152453502438) STATS - SET, 42.9, 0
2018-11-23 20:28:40 (10152453578341) STATS - SET, 43.0, 0
2018-11-23 20:28:40 (10152453657944) STATS - SET, 43.1, 0
2018-11-23 20:28:40 (10152453737846) STATS - SET, 43.2, 0
2018-11-23 20:28:40 (10152453893452) STATS - SET, 43.3, 0
2018-11-23 20:28:40 (10152453975354) STATS - SET, 43.4, 0
2018-11-23 20:28:40 (10152454055457) STATS - SET, 43.5, 0
2018-11-23 20:28:40 (10152454271964) STATS - SET, 43.6, 0
2018-11-23 20:28:40 (10152454357267) STATS - SET, 43.7, 0
2018-11-23 20:28:40 (10152454438470) STATS - SET, 43.8, 0
2018-11-23 20:28:40 (10152454518573) STATS - SET, 43.9, 0
2018-11-23 20:28:40 (10152454595676) STATS - SET, 44.0, 0
2018-11-23 20:28:40 (10152454675378) STATS - SET, 44.1, 0
2018-11-23 20:28:40 (10152460457775) STATS - SET, 44.2, 0
2018-11-23 20:28:40 (10152460680983) STATS - SET, 44.3, 0
2018-11-23 20:28:40 (10152460788787) STATS - SET, 44.4, 0
2018-11-23 20:28:40 (10152460868189) STATS - SET, 44.5, 0
2018-11-23 20:28:40 (10152460946292) STATS - SET, 44.6, 0
2018-11-23 20:28:40 (10152461023195) STATS - SET, 44.7, 0
2018-11-23 20:28:40 (10152461100897) STATS - SET, 44.8, 0
2018-11-23 20:28:40 (10152461178500) STATS - SET, 44.9, 0
2018-11-23 20:28:40 (10152461261303) STATS - SET, 45.0, 0
2018-11-23 20:28:40 (10152461337705) STATS - SET, 45.1, 0
2018-11-23 20:28:40 (10152461415208) STATS - SET, 45.2, 1
2018-11-23 20:28:40 (10152461492711) STATS - SET, 45.3, 0
2018-11-23 20:28:40 (10152461570413) STATS - SET, 45.4, 0
2018-11-23 20:28:40 (10152461647016) STATS - SET, 45.5, 1
2018-11-23 20:28:40 (10152461730519) STATS - SET, 45.6, 1
2018-11-23 20:28:40 (10152461807121) STATS - SET, 45.7, 0
2018-11-23 20:28:40 (10152461883724) STATS - SET, 45.8, 1
2018-11-23 20:28:40 (10152461961627) STATS - SET, 45.9, 0
2018-11-23 20:28:40 (10152462036129) STATS - SET, 46.0, 0
2018-11-23 20:28:40 (10152462112332) STATS - SET, 46.1, 0
2018-11-23 20:28:40 (10152462189134) STATS - SET, 46.2, 1
2018-11-23 20:28:40 (10152462266237) STATS - SET, 46.3, 1
2018-11-23 20:28:40 (10152462347240) STATS - SET, 46.4, 0
2018-11-23 20:28:40 (10152462642150) STATS - SET, 46.5, 0
2018-11-23 20:28:40 (10152462748954) STATS - SET, 46.6, 0
2018-11-23 20:28:40 (10152462841557) STATS - SET, 46.7, 0
2018-11-23 20:28:40 (10152462920359) STATS - SET, 46.8, 0
2018-11-23 20:28:40 (10152462998062) STATS - SET, 46.9, 0
2018-11-23 20:28:40 (10152463072965) STATS - SET, 47.0, 0
2018-11-23 20:28:40 (10152463162868) STATS - SET, 47.1, 0
2018-11-23 20:28:40 (10152463240770) STATS - SET, 47.2, 0
2018-11-23 20:28:40 (10152463318873) STATS - SET, 47.3, 0
2018-11-23 20:28:40 (10152463396276) STATS - SET, 47.4, 0
2018-11-23 20:28:40 (10152463473478) STATS - SET, 47.5, 0
2018-11-23 20:28:40 (10152463550281) STATS - SET, 47.6, 0
2018-11-23 20:28:40 (10152463630884) STATS - SET, 47.7, 0
2018-11-23 20:28:40 (10152463709386) STATS - SET, 47.8, 0
2018-11-23 20:28:40 (10152463806790) STATS - SET, 47.9, 0
2018-11-23 20:28:40 (10152463884492) STATS - SET, 48.0, 0
2018-11-23 20:28:40 (10152463961795) STATS - SET, 48.1, 0
2018-11-23 20:28:40 (10152464067899) STATS - SET, 48.2, 0
2018-11-23 20:28:40 (10152464154801) STATS - SET, 48.3, 0
2018-11-23 20:28:40 (10152464235404) STATS - SET, 48.4, 0
2018-11-23 20:28:40 (10152464324107) STATS - SET, 48.5, 0
2018-11-23 20:28:40 (10152464410410) STATS - SET, 48.6, 0
2018-11-23 20:28:40 (10152464488613) STATS - SET, 48.7, 0
2018-11-23 20:28:40 (10152470307011) STATS - SET, 48.8, 0
2018-11-23 20:28:40 (10152470604121) STATS - SET, 48.9, 0
2018-11-23 20:28:40 (10152470694524) STATS - SET, 49.0, 0
2018-11-23 20:28:40 (10152470920232) STATS - SET, 49.1, 0
2018-11-23 20:28:40 (10152471159540) STATS - SET, 49.2, 0
2018-11-23 20:28:40 (10152471243643) STATS - SET, 49.3, 0
2018-11-23 20:28:40 (10152471357747) STATS - SET, 49.4, 0
2018-11-23 20:28:40 (10152471596055) STATS - SET, 49.5, 0
2018-11-23 20:28:40 (10152471928867) STATS - SET, 49.6, 0
2018-11-23 20:28:40 (10152472055571) STATS - SET, 49.7, 0
2018-11-23 20:28:40 (10152472139574) STATS - SET, 49.8, 0
2018-11-23 20:28:40 (10152472216376) STATS - SET, 49.9, 0
2018-11-23 20:28:40 (10152472291879) STATS - SET, 50.0, 0
2018-11-23 20:28:40 (10152472367682) STATS - SET, 50.1, 0
2018-11-23 20:28:40 (10152472443784) STATS - SET, 50.2, 0
2018-11-23 20:28:40 (10152472526587) STATS - SET, 50.3, 0
2018-11-23 20:28:40 (10152472635091) STATS - SET, 50.4, 0
2018-11-23 20:28:40 (10152472716393) STATS - SET, 50.5, 0
2018-11-23 20:28:40 (10152472792896) STATS - SET, 50.6, 0
2018-11-23 20:28:40 (10152472868399) STATS - SET, 50.7, 0
2018-11-23 20:28:40 (10152472944401) STATS - SET, 50.8, 0
2018-11-23 20:28:40 (10152473021304) STATS - SET, 50.9, 0
2018-11-23 20:28:40 (10152473094706) STATS - SET, 51.0, 0
2018-11-23 20:28:40 (10152473222011) STATS - SET, 51.1, 0
2018-11-23 20:28:40 (10152473328314) STATS - SET, 51.2, 0
2018-11-23 20:28:40 (10152473410617) STATS - SET, 51.3, 0
2018-11-23 20:28:40 (10152473486820) STATS - SET, 51.4, 0
2018-11-23 20:28:40 (10152473563122) STATS - SET, 51.5, 0
2018-11-23 20:28:40 (10152473675826) STATS - SET, 51.6, 0
2018-11-23 20:28:40 (10152473763029) STATS - SET, 51.7, 0
2018-11-23 20:28:40 (10152473845332) STATS - SET, 51.8, 0
2018-11-23 20:28:40 (10152473921535) STATS - SET, 51.9, 0
2018-11-23 20:28:40 (10152473998437) STATS - SET, 52.0, 0
2018-11-23 20:28:40 (10152474073840) STATS - SET, 52.1, 0
2018-11-23 20:28:40 (10152474187944) STATS - SET, 52.2, 0
2018-11-23 20:28:40 (10152474267046) STATS - SET, 52.3, 0
2018-11-23 20:28:40 (10152474422052) STATS - SET, 52.4, 0
2018-11-23 20:28:40 (10152474506354) STATS - SET, 52.5, 0
2018-11-23 20:28:40 (10152474584857) STATS - SET, 52.6, 0
2018-11-23 20:28:40 (10152474695761) STATS - SET, 52.7, 0
2018-11-23 20:28:40 (10152474785164) STATS - SET, 52.8, 0
2018-11-23 20:28:40 (10152474860767) STATS - SET, 52.9, 0
2018-11-23 20:28:40 (10152474933069) STATS - SET, 53.0, 0
2018-11-23 20:28:40 (10152475007172) STATS - SET, 53.1, 0
2018-11-23 20:28:40 (10152475081174) STATS - SET, 53.2, 0
2018-11-23 20:28:40 (10152475159777) STATS - SET, 53.3, 0
2018-11-23 20:28:40 (10152475239279) STATS - SET, 53.4, 0
2018-11-23 20:28:40 (10152475314182) STATS - SET, 53.5, 0
2018-11-23 20:28:40 (10152475388185) STATS - SET, 53.6, 0
2018-11-23 20:28:40 (10152475461987) STATS - SET, 53.7, 0
2018-11-23 20:28:40 (10152475536390) STATS - SET, 53.8, 0
2018-11-23 20:28:40 (10152475610792) STATS - SET, 53.9, 0
2018-11-23 20:28:40 (10152475683095) STATS - SET, 54.0, 0
2018-11-23 20:28:40 (10152475757097) STATS - SET, 54.1, 0
2018-11-23 20:28:40 (10152475836100) STATS - SET, 54.2, 0
2018-11-23 20:28:40 (10152475910402) STATS - SET, 54.3, 0
2018-11-23 20:28:40 (10152475984805) STATS - SET, 54.4, 0
2018-11-23 20:28:40 (10152476058707) STATS - SET, 54.5, 0
2018-11-23 20:28:40 (10152476136010) STATS - SET, 54.6, 0
2018-11-23 20:28:40 (10152476209813) STATS - SET, 54.7, 0
2018-11-23 20:28:40 (10152476284615) STATS - SET, 54.8, 0
2018-11-23 20:28:40 (10152476358918) STATS - SET, 54.9, 0
2018-11-23 20:28:40 (10152476430120) STATS - SET, 55.0, 0
2018-11-23 20:28:40 (10152476504023) STATS - SET, 55.1, 0
2018-11-23 20:28:40 (10152476578425) STATS - SET, 55.2, 0
2018-11-23 20:28:40 (10152476656128) STATS - SET, 55.3, 0
2018-11-23 20:28:40 (10152476758531) STATS - SET, 55.4, 0
2018-11-23 20:28:40 (10152476839534) STATS - SET, 55.5, 0
2018-11-23 20:28:40 (10152476913537) STATS - SET, 55.6, 0
2018-11-23 20:28:40 (10152476987739) STATS - SET, 55.7, 0
2018-11-23 20:28:40 (10152477069842) STATS - SET, 55.8, 0
2018-11-23 20:28:40 (10152477145144) STATS - SET, 55.9, 0
2018-11-23 20:28:40 (10152477217547) STATS - SET, 56.0, 0
2018-11-23 20:28:40 (10152477295450) STATS - SET, 56.1, 0
2018-11-23 20:28:40 (10152477369952) STATS - SET, 56.2, 0
2018-11-23 20:28:40 (10152477444655) STATS - SET, 56.3, 0
2018-11-23 20:28:40 (10152477524057) STATS - SET, 56.4, 0
2018-11-23 20:28:40 (10152477599660) STATS - SET, 56.5, 0
2018-11-23 20:28:40 (10152477673462) STATS - SET, 56.6, 0
2018-11-23 20:28:40 (10152477747465) STATS - SET, 56.7, 0
2018-11-23 20:28:40 (10152477826868) STATS - SET, 56.8, 0
2018-11-23 20:28:40 (10152477902070) STATS - SET, 56.9, 0
2018-11-23 20:28:40 (10152477973773) STATS - SET, 57.0, 0
2018-11-23 20:28:40 (10152478047975) STATS - SET, 57.1, 0
2018-11-23 20:28:40 (10152478121978) STATS - SET, 57.2, 0
2018-11-23 20:28:40 (10152478196080) STATS - SET, 57.3, 0
2018-11-23 20:28:40 (10152478270083) STATS - SET, 57.4, 0
2018-11-23 20:28:40 (10152478344585) STATS - SET, 57.5, 0
2018-11-23 20:28:40 (10152478419788) STATS - SET, 57.6, 0
2018-11-23 20:28:40 (10152484276388) STATS - SET, 57.7, 0
2018-11-23 20:28:40 (10152484376291) STATS - SET, 57.8, 0
2018-11-23 20:28:40 (10152484453094) STATS - SET, 57.9, 0
2018-11-23 20:28:40 (10152484525996) STATS - SET, 58.0, 0
2018-11-23 20:28:40 (10152484600099) STATS - SET, 58.1, 0
2018-11-23 20:28:40 (10152484674301) STATS - SET, 58.2, 0
2018-11-23 20:28:40 (10152484749004) STATS - SET, 58.3, 0
2018-11-23 20:28:40 (10152484829006) STATS - SET, 58.4, 0
2018-11-23 20:28:40 (10152484909709) STATS - SET, 58.5, 0
2018-11-23 20:28:40 (10152484988512) STATS - SET, 58.6, 0
2018-11-23 20:28:40 (10152485070715) STATS - SET, 58.7, 0
2018-11-23 20:28:40 (10152485145717) STATS - SET, 58.8, 0
2018-11-23 20:28:40 (10152485220320) STATS - SET, 58.9, 0
2018-11-23 20:28:40 (10152485292122) STATS - SET, 59.0, 1
2018-11-23 20:28:40 (10152485365425) STATS - SET, 59.1, 0
2018-11-23 20:28:40 (10152485439927) STATS - SET, 59.2, 0
2018-11-23 20:28:40 (10152485514030) STATS - SET, 59.3, 0
2018-11-23 20:28:40 (10152485589432) STATS - SET, 59.4, 0
2018-11-23 20:28:40 (10152485663935) STATS - SET, 59.5, 0
2018-11-23 20:28:40 (10152485743838) STATS - SET, 59.6, 0
2018-11-23 20:28:40 (10152485818140) STATS - SET, 59.7, 0
2018-11-23 20:28:40 (10152485892343) STATS - SET, 59.8, 0
2018-11-23 20:28:40 (10152485966245) STATS - SET, 59.9, 0
2018-11-23 20:28:40 (10152486039248) STATS - SET, 60.0, 0
2018-11-23 20:28:40 (10152486113550) STATS - SET, 60.1, 0
2018-11-23 20:28:40 (10152486187053) STATS - SET, 60.2, 0
2018-11-23 20:28:40 (10152486261655) STATS - SET, 60.3, 0
2018-11-23 20:28:40 (10152486335758) STATS - SET, 60.4, 0
2018-11-23 20:28:40 (10152486409260) STATS - SET, 60.5, 0
2018-11-23 20:28:40 (10152486483063) STATS - SET, 60.6, 0
2018-11-23 20:28:40 (10152486560966) STATS - SET, 60.7, 0
2018-11-23 20:28:40 (10152486635968) STATS - SET, 60.8, 0
2018-11-23 20:28:40 (10152486710271) STATS - SET, 60.9, 0
2018-11-23 20:28:40 (10152486782573) STATS - SET, 61.0, 0
2018-11-23 20:28:40 (10152486859176) STATS - SET, 61.1, 0
2018-11-23 20:28:40 (10152486933578) STATS - SET, 61.2, 0
2018-11-23 20:28:40 (10152487010781) STATS - SET, 61.3, 0
2018-11-23 20:28:40 (10152487094084) STATS - SET, 61.4, 0
2018-11-23 20:28:40 (10152487168386) STATS - SET, 61.5, 0
2018-11-23 20:28:40 (10152487242789) STATS - SET, 61.6, 0
2018-11-23 20:28:40 (10152487318691) STATS - SET, 61.7, 0
2018-11-23 20:28:40 (10152487392694) STATS - SET, 61.8, 0
2018-11-23 20:28:40 (10152487475997) STATS - SET, 61.9, 0
2018-11-23 20:28:40 (10152487558600) STATS - SET, 62.0, 0
2018-11-23 20:28:40 (10152487632702) STATS - SET, 62.1, 0
2018-11-23 20:28:40 (10152487780807) STATS - SET, 62.2, 0
2018-11-23 20:28:40 (10152487877410) STATS - SET, 62.3, 0
2018-11-23 20:28:40 (10152487991114) STATS - SET, 62.4, 0
2018-11-23 20:28:40 (10152488093618) STATS - SET, 62.5, 0
2018-11-23 20:28:40 (10152488168420) STATS - SET, 62.6, 0
2018-11-23 20:28:40 (10152488242823) STATS - SET, 62.7, 0
2018-11-23 20:28:40 (10152488317625) STATS - SET, 62.8, 0
2018-11-23 20:28:40 (10152494200126) STATS - SET, 62.9, 0
2018-11-23 20:28:40 (10152494370632) STATS - SET, 63.0, 0
2018-11-23 20:28:40 (10152494443534) STATS - SET, 63.1, 0
2018-11-23 20:28:40 (10152494515237) STATS - SET, 63.2, 0
2018-11-23 20:28:40 (10152494589539) STATS - SET, 63.3, 0
2018-11-23 20:28:40 (10152494657842) STATS - SET, 63.4, 0
2018-11-23 20:28:40 (10152494725944) STATS - SET, 63.5, 1
2018-11-23 20:28:40 (10152494793746) STATS - SET, 63.6, 0
2018-11-23 20:28:40 (10152494861949) STATS - SET, 63.7, 0
2018-11-23 20:28:40 (10152494930551) STATS - SET, 63.8, 0
2018-11-23 20:28:40 (10152495048155) STATS - SET, 63.9, 0
2018-11-23 20:28:40 (10152495124658) STATS - SET, 64.0, 0
2018-11-23 20:28:40 (10152495194260) STATS - SET, 64.1, 0
2018-11-23 20:28:40 (10152495262462) STATS - SET, 64.2, 0
2018-11-23 20:28:40 (10152495331165) STATS - SET, 64.3, 0
2018-11-23 20:28:40 (10152495400767) STATS - SET, 64.4, 0
2018-11-23 20:28:40 (10152495468769) STATS - SET, 64.5, 0
2018-11-23 20:28:40 (10152495537072) STATS - SET, 64.6, 0
2018-11-23 20:28:40 (10152495605074) STATS - SET, 64.7, 0
2018-11-23 20:28:40 (10152495707877) STATS - SET, 64.8, 0
2018-11-23 20:28:40 (10152495784080) STATS - SET, 64.9, 0
2018-11-23 20:28:40 (10152495849482) STATS - SET, 65.0, 0
2018-11-23 20:28:40 (10152495917885) STATS - SET, 65.1, 0
2018-11-23 20:28:40 (10152495985987) STATS - SET, 65.2, 0
2018-11-23 20:28:40 (10152496076390) STATS - SET, 65.3, 0
2018-11-23 20:28:40 (10152496145192) STATS - SET, 65.4, 0
2018-11-23 20:28:40 (10152496218495) STATS - SET, 65.5, 0
2018-11-23 20:28:40 (10152496287197) STATS - SET, 65.6, 0
2018-11-23 20:28:40 (10152496633709) STATS - SET, 65.7, 0
2018-11-23 20:28:40 (10152496705411) STATS - SET, 65.8, 0
2018-11-23 20:28:40 (10152496774514) STATS - SET, 65.9, 0
2018-11-23 20:28:40 (10152496840516) STATS - SET, 66.0, 0
2018-11-23 20:28:40 (10152496909218) STATS - SET, 66.1, 0
2018-11-23 20:28:40 (10152496978021) STATS - SET, 66.2, 0
2018-11-23 20:28:40 (10152497116326) STATS - SET, 66.3, 0
2018-11-23 20:28:40 (10152497187928) STATS - SET, 66.4, 0
2018-11-23 20:28:40 (10152497256430) STATS - SET, 66.5, 0
2018-11-23 20:28:40 (10152497324833) STATS - SET, 66.6, 0
2018-11-23 20:28:40 (10152497392835) STATS - SET, 66.7, 0
2018-11-23 20:28:40 (10152497461437) STATS - SET, 66.8, 0
2018-11-23 20:28:40 (10152497529340) STATS - SET, 66.9, 0
2018-11-23 20:28:40 (10152497594542) STATS - SET, 67.0, 0
2018-11-23 20:28:40 (10152497662344) STATS - SET, 67.1, 0
2018-11-23 20:28:40 (10152497763548) STATS - SET, 67.2, 0
2018-11-23 20:28:40 (10152497836150) STATS - SET, 67.3, 0
2018-11-23 20:28:40 (10152497903452) STATS - SET, 67.4, 0
2018-11-23 20:28:40 (10152497970155) STATS - SET, 67.5, 0
2018-11-23 20:28:40 (10152498037757) STATS - SET, 67.6, 0
2018-11-23 20:28:40 (10152498104059) STATS - SET, 67.7, 0
2018-11-23 20:28:40 (10152498170961) STATS - SET, 67.8, 0
2018-11-23 20:28:40 (10152498237364) STATS - SET, 67.9, 0
2018-11-23 20:28:40 (10152498301866) STATS - SET, 68.0, 0
2018-11-23 20:28:40 (10152498368368) STATS - SET, 68.1, 0
2018-11-23 20:28:40 (10152498435070) STATS - SET, 68.2, 0
2018-11-23 20:28:40 (10152498502073) STATS - SET, 68.3, 0
2018-11-23 20:28:40 (10152504512878) STATS - SET, 68.4, 0
2018-11-23 20:28:40 (10152504592680) STATS - SET, 68.5, 0
2018-11-23 20:28:40 (10152504660083) STATS - SET, 68.6, 0
2018-11-23 20:28:40 (10152504725685) STATS - SET, 68.7, 0
2018-11-23 20:28:40 (10152504791587) STATS - SET, 68.8, 0
2018-11-23 20:28:40 (10152504856689) STATS - SET, 68.9, 0
2018-11-23 20:28:40 (10152504921392) STATS - SET, 69.0, 0
2018-11-23 20:28:40 (10152504986294) STATS - SET, 69.1, 0
2018-11-23 20:28:40 (10152505099798) STATS - SET, 69.2, 0
2018-11-23 20:28:40 (10152505171200) STATS - SET, 69.3, 0
2018-11-23 20:28:40 (10152505236102) STATS - SET, 69.4, 0
2018-11-23 20:28:40 (10152505309705) STATS - SET, 69.5, 0
2018-11-23 20:28:40 (10152505375007) STATS - SET, 69.6, 0
2018-11-23 20:28:40 (10152505440209) STATS - SET, 69.7, 0
2018-11-23 20:28:40 (10152505505612) STATS - SET, 69.8, 0
2018-11-23 20:28:40 (10152505570614) STATS - SET, 69.9, 0
2018-11-23 20:28:40 (10152505640516) STATS - SET, 70.0, 0
2018-11-23 20:28:40 (10152505706118) STATS - SET, 70.1, 0
2018-11-23 20:28:40 (10152505771121) STATS - SET, 70.2, 0
2018-11-23 20:28:40 (10152505836423) STATS - SET, 70.3, 0
2018-11-23 20:28:40 (10152505900925) STATS - SET, 70.4, 0
2018-11-23 20:28:40 (10152505965627) STATS - SET, 70.5, 0
2018-11-23 20:28:40 (10152506030729) STATS - SET, 70.6, 0
2018-11-23 20:28:40 (10152506095132) STATS - SET, 70.7, 0
2018-11-23 20:28:40 (10152506159834) STATS - SET, 70.8, 0
2018-11-23 20:28:40 (10152506224836) STATS - SET, 70.9, 0
2018-11-23 20:28:40 (10152506293338) STATS - SET, 71.0, 0
2018-11-23 20:28:40 (10152506362241) STATS - SET, 71.1, 0
2018-11-23 20:28:40 (10152506427143) STATS - SET, 71.2, 0
2018-11-23 20:28:40 (10152506504346) STATS - SET, 71.3, 0
2018-11-23 20:28:40 (10152506609449) STATS - SET, 71.4, 0
2018-11-23 20:28:40 (10152506676752) STATS - SET, 71.5, 0
2018-11-23 20:28:40 (10152506742154) STATS - SET, 71.6, 0
2018-11-23 20:28:40 (10152506806956) STATS - SET, 71.7, 0
2018-11-23 20:28:40 (10152506872158) STATS - SET, 71.8, 0
2018-11-23 20:28:40 (10152506937160) STATS - SET, 71.9, 0
2018-11-23 20:28:40 (10152506999863) STATS - SET, 72.0, 0
2018-11-23 20:28:40 (10152507073765) STATS - SET, 72.1, 0
2018-11-23 20:28:40 (10152507139567) STATS - SET, 72.2, 0
2018-11-23 20:28:40 (10152507205270) STATS - SET, 72.3, 0
2018-11-23 20:28:40 (10152507270272) STATS - SET, 72.4, 0
2018-11-23 20:28:40 (10152507335274) STATS - SET, 72.5, 0
2018-11-23 20:28:40 (10152507400376) STATS - SET, 72.6, 0
2018-11-23 20:28:40 (10152507470779) STATS - SET, 72.7, 0
2018-11-23 20:28:40 (10152507540481) STATS - SET, 72.8, 0
2018-11-23 20:28:40 (10152507605083) STATS - SET, 72.9, 1
2018-11-23 20:28:40 (10152507671285) STATS - SET, 73.0, 0
2018-11-23 20:28:40 (10152507736388) STATS - SET, 73.1, 0
2018-11-23 20:28:40 (10152507801390) STATS - SET, 73.2, 0
2018-11-23 20:28:40 (10152507866092) STATS - SET, 73.3, 0
2018-11-23 20:28:40 (10152507933594) STATS - SET, 73.4, 0
2018-11-23 20:28:40 (10152508053898) STATS - SET, 73.5, 0
2018-11-23 20:28:40 (10152508121701) STATS - SET, 73.6, 0
2018-11-23 20:28:40 (10152508187703) STATS - SET, 73.7, 0
2018-11-23 20:28:40 (10152508259305) STATS - SET, 73.8, 0
2018-11-23 20:28:40 (10152508355209) STATS - SET, 73.9, 0
2018-11-23 20:28:40 (10152508428111) STATS - SET, 74.0, 0
2018-11-23 20:28:40 (10152514323512) STATS - SET, 74.1, 0
2018-11-23 20:28:40 (10152514391915) STATS - SET, 74.2, 0
2018-11-23 20:28:40 (10152514456417) STATS - SET, 74.3, 0
2018-11-23 20:28:40 (10152514520219) STATS - SET, 74.4, 0
2018-11-23 20:28:40 (10152514586121) STATS - SET, 74.5, 0
2018-11-23 20:28:40 (10152514650523) STATS - SET, 74.6, 0
2018-11-23 20:28:40 (10152514767127) STATS - SET, 74.7, 0
2018-11-23 20:28:40 (10152514844030) STATS - SET, 74.8, 0
2018-11-23 20:28:40 (10152514910532) STATS - SET, 74.9, 0
2018-11-23 20:28:40 (10152514981035) STATS - SET, 75.0, 0
2018-11-23 20:28:40 (10152515062037) STATS - SET, 75.1, 0
2018-11-23 20:28:40 (10152515155441) STATS - SET, 75.2, 0
2018-11-23 20:28:40 (10152515234343) STATS - SET, 75.3, 0
2018-11-23 20:28:40 (10152515304846) STATS - SET, 75.4, 0
2018-11-23 20:28:40 (10152515367848) STATS - SET, 75.5, 0
2018-11-23 20:28:40 (10152515431250) STATS - SET, 75.6, 0
2018-11-23 20:28:40 (10152515495852) STATS - SET, 75.7, 0
2018-11-23 20:28:40 (10152515559954) STATS - SET, 75.8, 0
2018-11-23 20:28:40 (10152515622857) STATS - SET, 75.9, 0
2018-11-23 20:28:40 (10152515684059) STATS - SET, 76.0, 0
2018-11-23 20:28:40 (10152515747361) STATS - SET, 76.1, 0
2018-11-23 20:28:40 (10152515810363) STATS - SET, 76.2, 0
2018-11-23 20:28:40 (10152515873965) STATS - SET, 76.3, 0
2018-11-23 20:28:40 (10152515937367) STATS - SET, 76.4, 0
2018-11-23 20:28:40 (10152516018170) STATS - SET, 76.5, 0
2018-11-23 20:28:40 (10152516086772) STATS - SET, 76.6, 0
2018-11-23 20:28:40 (10152516152575) STATS - SET, 76.7, 0
2018-11-23 20:28:40 (10152516221777) STATS - SET, 76.8, 0
2018-11-23 20:28:40 (10152516292279) STATS - SET, 76.9, 0
2018-11-23 20:28:40 (10152516422084) STATS - SET, 77.0, 0
2018-11-23 20:28:40 (10152516488086) STATS - SET, 77.1, 0
2018-11-23 20:28:40 (10152516551788) STATS - SET, 77.2, 0
2018-11-23 20:28:40 (10152516619391) STATS - SET, 77.3, 0
2018-11-23 20:28:40 (10152516682793) STATS - SET, 77.4, 0
2018-11-23 20:28:40 (10152516746895) STATS - SET, 77.5, 0
2018-11-23 20:28:40 (10152516810797) STATS - SET, 77.6, 0
2018-11-23 20:28:40 (10152516877499) STATS - SET, 77.7, 0
2018-11-23 20:28:40 (10152516942002) STATS - SET, 77.8, 0
2018-11-23 20:28:40 (10152517005304) STATS - SET, 77.9, 0
2018-11-23 20:28:40 (10152517066406) STATS - SET, 78.0, 0
2018-11-23 20:28:40 (10152517135608) STATS - SET, 78.1, 0
2018-11-23 20:28:40 (10152517200710) STATS - SET, 78.2, 0
2018-11-23 20:28:40 (10152517264913) STATS - SET, 78.3, 0
2018-11-23 20:28:40 (10152517378616) STATS - SET, 78.4, 0
2018-11-23 20:28:40 (10152517443619) STATS - SET, 78.5, 0
2018-11-23 20:28:40 (10152517507521) STATS - SET, 78.6, 0
2018-11-23 20:28:40 (10152517570123) STATS - SET, 78.7, 0
2018-11-23 20:28:40 (10152517633225) STATS - SET, 78.8, 0
2018-11-23 20:28:40 (10152517696427) STATS - SET, 78.9, 0
2018-11-23 20:28:40 (10152517757529) STATS - SET, 79.0, 0
2018-11-23 20:28:40 (10152517822332) STATS - SET, 79.1, 0
2018-11-23 20:28:40 (10152517886334) STATS - SET, 79.2, 0
2018-11-23 20:28:40 (10152517950236) STATS - SET, 79.3, 0
2018-11-23 20:28:40 (10152518013138) STATS - SET, 79.4, 0
2018-11-23 20:28:40 (10152518076440) STATS - SET, 79.5, 0
2018-11-23 20:28:40 (10152518145843) STATS - SET, 79.6, 0
2018-11-23 20:28:40 (10152518209245) STATS - SET, 79.7, 0
2018-11-23 20:28:40 (10152518273047) STATS - SET, 79.8, 0
2018-11-23 20:28:40 (10152524332754) STATS - SET, 79.9, 0
2018-11-23 20:28:40 (10152524453058) STATS - SET, 80.0, 0
2018-11-23 20:28:40 (10152524541461) STATS - SET, 80.1, 0
2018-11-23 20:28:40 (10152524609163) STATS - SET, 80.2, 0
2018-11-23 20:28:40 (10152524668865) STATS - SET, 80.3, 0
2018-11-23 20:28:40 (10152524797669) STATS - SET, 80.4, 0
2018-11-23 20:28:40 (10152524860472) STATS - SET, 80.5, 0
2018-11-23 20:28:40 (10152524919574) STATS - SET, 80.6, 0
2018-11-23 20:28:40 (10152524977676) STATS - SET, 80.7, 0
2018-11-23 20:28:40 (10152525036378) STATS - SET, 80.8, 0
2018-11-23 20:28:40 (10152525098380) STATS - SET, 80.9, 0
2018-11-23 20:28:40 (10152525157582) STATS - SET, 81.0, 0
2018-11-23 20:28:40 (10152525216184) STATS - SET, 81.1, 0
2018-11-23 20:28:40 (10152525274386) STATS - SET, 81.2, 0
2018-11-23 20:28:40 (10152525337688) STATS - SET, 81.3, 0
2018-11-23 20:28:40 (10152525396190) STATS - SET, 81.4, 0
2018-11-23 20:28:40 (10152525457992) STATS - SET, 81.5, 0
2018-11-23 20:28:40 (10152525516794) STATS - SET, 81.6, 0
2018-11-23 20:28:40 (10152525574996) STATS - SET, 81.7, 0
2018-11-23 20:28:40 (10152525633698) STATS - SET, 81.8, 0
2018-11-23 20:28:40 (10152525691900) STATS - SET, 81.9, 0
2018-11-23 20:28:40 (10152525750402) STATS - SET, 82.0, 0
2018-11-23 20:28:40 (10152525818504) STATS - SET, 82.1, 0
2018-11-23 20:28:40 (10152525876706) STATS - SET, 82.2, 0
2018-11-23 20:28:40 (10152525935008) STATS - SET, 82.3, 0
2018-11-23 20:28:40 (10152525993810) STATS - SET, 82.4, 0
2018-11-23 20:28:40 (10152526055312) STATS - SET, 82.5, 0
2018-11-23 20:28:40 (10152526115014) STATS - SET, 82.6, 0
2018-11-23 20:28:40 (10152526173516) STATS - SET, 82.7, 0
2018-11-23 20:28:40 (10152526232318) STATS - SET, 82.8, 0
2018-11-23 20:28:40 (10152526290220) STATS - SET, 82.9, 0
2018-11-23 20:28:40 (10152526348722) STATS - SET, 83.0, 0
2018-11-23 20:28:40 (10152526407324) STATS - SET, 83.1, 0
2018-11-23 20:28:40 (10152526465726) STATS - SET, 83.2, 0
2018-11-23 20:28:40 (10152526523928) STATS - SET, 83.3, 0
2018-11-23 20:28:40 (10152526581630) STATS - SET, 83.4, 0
2018-11-23 20:28:40 (10152526639032) STATS - SET, 83.5, 0
2018-11-23 20:28:40 (10152526697634) STATS - SET, 83.6, 0
2018-11-23 20:28:40 (10152526759436) STATS - SET, 83.7, 0
2018-11-23 20:28:40 (10152526827039) STATS - SET, 83.8, 0
2018-11-23 20:28:40 (10152526885941) STATS - SET, 83.9, 0
2018-11-23 20:28:40 (10152526944743) STATS - SET, 84.0, 0
2018-11-23 20:28:40 (10152527003145) STATS - SET, 84.1, 0
2018-11-23 20:28:40 (10152527061247) STATS - SET, 84.2, 0
2018-11-23 20:28:40 (10152527126449) STATS - SET, 84.3, 0
2018-11-23 20:28:40 (10152527185051) STATS - SET, 84.4, 1
2018-11-23 20:28:40 (10152527243353) STATS - SET, 84.5, 0
2018-11-23 20:28:40 (10152527302055) STATS - SET, 84.6, 0
2018-11-23 20:28:40 (10152527360057) STATS - SET, 84.7, 0
2018-11-23 20:28:40 (10152527418459) STATS - SET, 84.8, 0
2018-11-23 20:28:40 (10152527476761) STATS - SET, 84.9, 0
2018-11-23 20:28:40 (10152527675768) STATS - SET, 85.0, 0
2018-11-23 20:28:40 (10152527737570) STATS - SET, 85.1, 0
2018-11-23 20:28:40 (10152527796372) STATS - SET, 85.2, 0
2018-11-23 20:28:40 (10152527854874) STATS - SET, 85.3, 0
2018-11-23 20:28:40 (10152527989978) STATS - SET, 85.4, 0
2018-11-23 20:28:40 (10152528072481) STATS - SET, 85.5, 0
2018-11-23 20:28:40 (10152528139283) STATS - SET, 85.6, 0
2018-11-23 20:28:40 (10152528198285) STATS - SET, 85.7, 0
2018-11-23 20:28:40 (10152528260888) STATS - SET, 85.8, 0
2018-11-23 20:28:40 (10152534343895) STATS - SET, 85.9, 0
2018-11-23 20:28:40 (10152534441798) STATS - SET, 86.0, 0
2018-11-23 20:28:40 (10152534507901) STATS - SET, 86.1, 0
2018-11-23 20:28:40 (10152534562602) STATS - SET, 86.2, 0
2018-11-23 20:28:40 (10152534617704) STATS - SET, 86.3, 0
2018-11-23 20:28:40 (10152534672306) STATS - SET, 86.4, 1
2018-11-23 20:28:40 (10152534726208) STATS - SET, 86.5, 0
2018-11-23 20:28:40 (10152534781110) STATS - SET, 86.6, 0
2018-11-23 20:28:40 (10152534835412) STATS - SET, 86.7, 0
2018-11-23 20:28:40 (10152534890314) STATS - SET, 86.8, 0
2018-11-23 20:28:40 (10152534944715) STATS - SET, 86.9, 0
2018-11-23 20:28:40 (10152534999717) STATS - SET, 87.0, 0
2018-11-23 20:28:40 (10152535054819) STATS - SET, 87.1, 0
2018-11-23 20:28:40 (10152535116721) STATS - SET, 87.2, 0
2018-11-23 20:28:40 (10152535176223) STATS - SET, 87.3, 0
2018-11-23 20:28:40 (10152535231125) STATS - SET, 87.4, 0
2018-11-23 20:28:40 (10152537151691) STATS - SET, 87.5, 0
2018-11-23 20:28:40 (10152537487002) STATS - SET, 87.6, 0
2018-11-23 20:28:40 (10152537551404) STATS - SET, 87.7, 0
2018-11-23 20:28:40 (10152537616007) STATS - SET, 87.8, 0
2018-11-23 20:28:40 (10152537720910) STATS - SET, 87.9, 0
2018-11-23 20:28:40 (10152537797213) STATS - SET, 88.0, 0
2018-11-23 20:28:40 (10152537853815) STATS - SET, 88.1, 0
2018-11-23 20:28:40 (10152537935417) STATS - SET, 88.2, 0
2018-11-23 20:28:40 (10152538097023) STATS - SET, 88.3, 0
2018-11-23 20:28:40 (10152538152225) STATS - SET, 88.4, 0
2018-11-23 20:28:40 (10152538207327) STATS - SET, 88.5, 0
2018-11-23 20:28:40 (10152538262429) STATS - SET, 88.6, 0
2018-11-23 20:28:40 (10152538355932) STATS - SET, 88.7, 0
2018-11-23 20:28:40 (10152538447935) STATS - SET, 88.8, 0
2018-11-23 20:28:40 (10152538520637) STATS - SET, 88.9, 0
2018-11-23 20:28:40 (10152538576539) STATS - SET, 89.0, 0
2018-11-23 20:28:40 (10152538630741) STATS - SET, 89.1, 0
2018-11-23 20:28:40 (10152538684943) STATS - SET, 89.2, 0
2018-11-23 20:28:40 (10152538739145) STATS - SET, 89.3, 0
2018-11-23 20:28:40 (10152538792447) STATS - SET, 89.4, 1
2018-11-23 20:28:40 (10152538845649) STATS - SET, 89.5, 0
2018-11-23 20:28:40 (10152538939052) STATS - SET, 89.6, 0
2018-11-23 20:28:40 (10152538998854) STATS - SET, 89.7, 0
2018-11-23 20:28:40 (10152539053256) STATS - SET, 89.8, 0
2018-11-23 20:28:40 (10152539107657) STATS - SET, 89.9, 0
2018-11-23 20:28:40 (10152539162759) STATS - SET, 90.0, 1
2018-11-23 20:28:40 (10152539258063) STATS - SET, 90.1, 0
2018-11-23 20:28:40 (10152539313564) STATS - SET, 90.2, 0
2018-11-23 20:28:40 (10152539370666) STATS - SET, 90.3, 0
2018-11-23 20:28:40 (10152539425168) STATS - SET, 90.4, 0
2018-11-23 20:28:40 (10152539483570) STATS - SET, 90.5, 0
2018-11-23 20:28:40 (10152539538372) STATS - SET, 90.6, 0
2018-11-23 20:28:40 (10152539591974) STATS - SET, 90.7, 0
2018-11-23 20:28:40 (10152539646276) STATS - SET, 90.8, 0
2018-11-23 20:28:40 (10152539699678) STATS - SET, 90.9, 0
2018-11-23 20:28:40 (10152539753579) STATS - SET, 91.0, 0
2018-11-23 20:28:40 (10152539808481) STATS - SET, 91.1, 0
2018-11-23 20:28:40 (10152539861983) STATS - SET, 91.2, 0
2018-11-23 20:28:40 (10152539916185) STATS - SET, 91.3, 0
2018-11-23 20:28:40 (10152540030289) STATS - SET, 91.4, 0
2018-11-23 20:28:40 (10152540086691) STATS - SET, 91.5, 0
2018-11-23 20:28:40 (10152540139093) STATS - SET, 91.6, 0
2018-11-23 20:28:40 (10152540190994) STATS - SET, 91.7, 0
2018-11-23 20:28:40 (10152546298303) STATS - SET, 91.8, 0
2018-11-23 20:28:40 (10152546417907) STATS - SET, 91.9, 0
2018-11-23 20:28:40 (10152546472109) STATS - SET, 92.0, 0
2018-11-23 20:28:40 (10152546522910) STATS - SET, 92.1, 0
2018-11-23 20:28:40 (10152546583112) STATS - SET, 92.2, 0
2018-11-23 20:28:40 (10152546634414) STATS - SET, 92.3, 0
2018-11-23 20:28:40 (10152546684816) STATS - SET, 92.4, 0
2018-11-23 20:28:40 (10152546734918) STATS - SET, 92.5, 0
2018-11-23 20:28:40 (10152546785119) STATS - SET, 92.6, 0
2018-11-23 20:28:40 (10152546834921) STATS - SET, 92.7, 0
2018-11-23 20:28:40 (10152546885223) STATS - SET, 92.8, 0
2018-11-23 20:28:40 (10152546934724) STATS - SET, 92.9, 0
2018-11-23 20:28:40 (10152546984926) STATS - SET, 93.0, 0
2018-11-23 20:28:40 (10152547041628) STATS - SET, 93.1, 0
2018-11-23 20:28:40 (10152547093630) STATS - SET, 93.2, 0
2018-11-23 20:28:40 (10152547144332) STATS - SET, 93.3, 0
2018-11-23 20:28:40 (10152547194433) STATS - SET, 93.4, 0
2018-11-23 20:28:40 (10152547244535) STATS - SET, 93.5, 0
2018-11-23 20:28:40 (10152547295237) STATS - SET, 93.6, 0
2018-11-23 20:28:40 (10152547345038) STATS - SET, 93.7, 0
2018-11-23 20:28:40 (10152547395340) STATS - SET, 93.8, 0
2018-11-23 20:28:40 (10152547444842) STATS - SET, 93.9, 0
2018-11-23 20:28:40 (10152547501344) STATS - SET, 94.0, 0
2018-11-23 20:28:40 (10152547551745) STATS - SET, 94.1, 0
2018-11-23 20:28:40 (10152547601847) STATS - SET, 94.2, 0
2018-11-23 20:28:40 (10152547652349) STATS - SET, 94.3, 0
2018-11-23 20:28:40 (10152547729251) STATS - SET, 94.4, 0
2018-11-23 20:28:40 (10152547778653) STATS - SET, 94.5, 0
2018-11-23 20:28:40 (10152547910258) STATS - SET, 94.6, 0
2018-11-23 20:28:40 (10152547963359) STATS - SET, 94.7, 0
2018-11-23 20:28:40 (10152548031562) STATS - SET, 94.8, 0
2018-11-23 20:28:40 (10152548084864) STATS - SET, 94.9, 0
2018-11-23 20:28:40 (10152548134965) STATS - SET, 95.0, 0
2018-11-23 20:28:40 (10152548184067) STATS - SET, 95.1, 0
2018-11-23 20:28:40 (10152548238269) STATS - SET, 95.2, 0
2018-11-23 20:28:40 (10152548288071) STATS - SET, 95.3, 0
2018-11-23 20:28:40 (10152548336872) STATS - SET, 95.4, 0
2018-11-23 20:28:40 (10152548385774) STATS - SET, 95.5, 0
2018-11-23 20:28:40 (10152548434676) STATS - SET, 95.6, 0
2018-11-23 20:28:40 (10152548483277) STATS - SET, 95.7, 0
2018-11-23 20:28:40 (10152548532279) STATS - SET, 95.8, 0
2018-11-23 20:28:40 (10152548580580) STATS - SET, 95.9, 0
2018-11-23 20:28:40 (10152548629882) STATS - SET, 96.0, 0
2018-11-23 20:28:40 (10152548678684) STATS - SET, 96.1, 0
2018-11-23 20:28:40 (10152548727285) STATS - SET, 96.2, 0
2018-11-23 20:28:40 (10152548775987) STATS - SET, 96.3, 0
2018-11-23 20:28:40 (10152548824089) STATS - SET, 96.4, 0
2018-11-23 20:28:40 (10152548872990) STATS - SET, 96.5, 0
2018-11-23 20:28:40 (10152548921592) STATS - SET, 96.6, 0
2018-11-23 20:28:40 (10152548970194) STATS - SET, 96.7, 0
2018-11-23 20:28:40 (10152549019095) STATS - SET, 96.8, 0
2018-11-23 20:28:40 (10152549067597) STATS - SET, 96.9, 0
2018-11-23 20:28:40 (10152549116199) STATS - SET, 97.0, 0
2018-11-23 20:28:40 (10152549165300) STATS - SET, 97.1, 0
2018-11-23 20:28:40 (10152549213902) STATS - SET, 97.2, 0
2018-11-23 20:28:40 (10152549262804) STATS - SET, 97.3, 0
2018-11-23 20:28:40 (10152549315306) STATS - SET, 97.4, 0
2018-11-23 20:28:40 (10152549363107) STATS - SET, 97.5, 0
2018-11-23 20:28:40 (10152549411509) STATS - SET, 97.6, 0
2018-11-23 20:28:40 (10152549460110) STATS - SET, 97.7, 0
2018-11-23 20:28:40 (10152549516212) STATS - SET, 97.8, 0
2018-11-23 20:28:40 (10152549564414) STATS - SET, 97.9, 0
2018-11-23 20:28:40 (10152549613116) STATS - SET, 98.0, 0
2018-11-23 20:28:40 (10152549661717) STATS - SET, 98.1, 0
2018-11-23 20:28:40 (10152549710219) STATS - SET, 98.2, 0
2018-11-23 20:28:40 (10152549766121) STATS - SET, 98.3, 0
2018-11-23 20:28:40 (10152549815123) STATS - SET, 98.4, 0
2018-11-23 20:28:40 (10152549863324) STATS - SET, 98.5, 0
2018-11-23 20:28:40 (10152549912126) STATS - SET, 98.6, 0
2018-11-23 20:28:40 (10152549960928) STATS - SET, 98.7, 0
2018-11-23 20:28:40 (10152550009829) STATS - SET, 98.8, 0
2018-11-23 20:28:40 (10152550058231) STATS - SET, 98.9, 0
2018-11-23 20:28:40 (10152550107233) STATS - SET, 99.0, 0
2018-11-23 20:28:40 (10152556216441) STATS - SET, 99.1, 0
2018-11-23 20:28:40 (10152556277843) STATS - SET, 99.2, 0
2018-11-23 20:28:40 (10152556327845) STATS - SET, 99.3, 0
2018-11-23 20:28:40 (10152556376246) STATS - SET, 99.4, 0
2018-11-23 20:28:40 (10152556425148) STATS - SET, 99.5, 0
2018-11-23 20:28:40 (10152556474350) STATS - SET, 99.6, 0
2018-11-23 20:28:40 (10152556522951) STATS - SET, 99.7, 0
2018-11-23 20:28:40 (10152556571853) STATS - SET, 99.8, 0
2018-11-23 20:28:40 (10152556620555) STATS - SET, 99.9, 0
2018-11-23 20:28:40 (10152556671656) STATS - SET, 100.0, 0
2018-11-23 20:28:40 (10152556720958) STATS - SET, 100.1, 0
2018-11-23 20:28:40 (10152556769760) STATS - SET, 100.2, 0
2018-11-23 20:28:40 (10152557124672) STATS - SET, 100.3, 0
2018-11-23 20:28:40 (10152557239876) STATS - SET, 100.4, 0
2018-11-23 20:28:40 (10152557295478) STATS - SET, 100.5, 0
2018-11-23 20:28:40 (10152557370780) STATS - SET, 100.6, 0
2018-11-23 20:28:40 (10152557458083) STATS - SET, 100.7, 0
2018-11-23 20:28:40 (10152557530886) STATS - SET, 100.8, 0
2018-11-23 20:28:40 (10152557581387) STATS - SET, 100.9, 0
2018-11-23 20:28:40 (10152557630789) STATS - SET, 101.0, 0
2018-11-23 20:28:40 (10152557679591) STATS - SET, 101.1, 0
2018-11-23 20:28:40 (10152557728192) STATS - SET, 101.2, 0
2018-11-23 20:28:40 (10152557776494) STATS - SET, 101.3, 0
2018-11-23 20:28:40 (10152557825196) STATS - SET, 101.4, 0
2018-11-23 20:28:40 (10152557873397) STATS - SET, 101.5, 0
2018-11-23 20:28:40 (10152557921999) STATS - SET, 101.6, 0
2018-11-23 20:28:40 (10152557970101) STATS - SET, 101.7, 0
2018-11-23 20:28:40 (10152558019502) STATS - SET, 101.8, 0
2018-11-23 20:28:40 (10152558067504) STATS - SET, 101.9, 0
2018-11-23 20:28:40 (10152558116406) STATS - SET, 102.0, 0
2018-11-23 20:28:40 (10152558165107) STATS - SET, 102.1, 0
2018-11-23 20:28:40 (10152558213309) STATS - SET, 102.2, 0
2018-11-23 20:28:40 (10152558262211) STATS - SET, 102.3, 0
2018-11-23 20:28:40 (10152558314312) STATS - SET, 102.4, 0
2018-11-23 20:28:40 (10152558518019) STATS - SET, 102.5, 0
2018-11-23 20:28:40 (10152558594322) STATS - SET, 102.6, 0
2018-11-23 20:28:40 (10152558705426) STATS - SET, 102.7, 0
2018-11-23 20:28:40 (10152558755027) STATS - SET, 102.8, 0
2018-11-23 20:28:40 (10152558950934) STATS - SET, 102.9, 0
2018-11-23 20:28:40 (10152559000536) STATS - SET, 103.0, 0
2018-11-23 20:28:40 (10152559047537) STATS - SET, 103.1, 0
2018-11-23 20:28:40 (10152559108539) STATS - SET, 103.2, 0
2018-11-23 20:28:40 (10152559155941) STATS - SET, 103.3, 0
2018-11-23 20:28:40 (10152559202643) STATS - SET, 103.4, 0
2018-11-23 20:28:40 (10152559249444) STATS - SET, 103.5, 0
2018-11-23 20:28:40 (10152559309746) STATS - SET, 103.6, 0
2018-11-23 20:28:40 (10152559358748) STATS - SET, 103.7, 0
2018-11-23 20:28:40 (10152559406150) STATS - SET, 103.8, 0
2018-11-23 20:28:40 (10152559452851) STATS - SET, 103.9, 0
2018-11-23 20:28:40 (10152559500053) STATS - SET, 104.0, 0
2018-11-23 20:28:40 (10152559546854) STATS - SET, 104.1, 0
2018-11-23 20:28:40 (10152559593256) STATS - SET, 104.2, 0
2018-11-23 20:28:40 (10152559689159) STATS - SET, 104.3, 0
2018-11-23 20:28:40 (10152559738661) STATS - SET, 104.4, 0
2018-11-23 20:28:40 (10152559791363) STATS - SET, 104.5, 0
2018-11-23 20:28:40 (10152559837164) STATS - SET, 104.6, 0
2018-11-23 20:28:40 (10152559882566) STATS - SET, 104.7, 0
2018-11-23 20:28:40 (10152559928367) STATS - SET, 104.8, 0
2018-11-23 20:28:40 (10152559973269) STATS - SET, 104.9, 0
2018-11-23 20:28:40 (10152560042071) STATS - SET, 105.0, 0
2018-11-23 20:28:40 (10152560091773) STATS - SET, 105.1, 0
2018-11-23 20:28:40 (10152560137075) STATS - SET, 105.2, 0
2018-11-23 20:28:40 (10152560183076) STATS - SET, 105.3, 0
2018-11-23 20:28:40 (10152560228078) STATS - SET, 105.4, 0
2018-11-23 20:28:40 (10152566221382) STATS - SET, 105.5, 0
2018-11-23 20:28:40 (10152566272584) STATS - SET, 105.6, 0
2018-11-23 20:28:40 (10152566317385) STATS - SET, 105.7, 0
2018-11-23 20:28:40 (10152566372487) STATS - SET, 105.8, 0
2018-11-23 20:28:40 (10152566417289) STATS - SET, 105.9, 0
2018-11-23 20:28:40 (10152566461990) STATS - SET, 106.0, 0
2018-11-23 20:28:40 (10152566505892) STATS - SET, 106.1, 1
2018-11-23 20:28:40 (10152566549293) STATS - SET, 106.2, 0
2018-11-23 20:28:40 (10152566593595) STATS - SET, 106.3, 0
2018-11-23 20:28:40 (10152566637596) STATS - SET, 106.4, 0
2018-11-23 20:28:40 (10152566684898) STATS - SET, 106.5, 0
2018-11-23 20:28:40 (10152566728899) STATS - SET, 106.6, 1
2018-11-23 20:28:40 (10152566772301) STATS - SET, 106.7, 1
2018-11-23 20:28:40 (10152566815802) STATS - SET, 106.8, 1
2018-11-23 20:28:40 (10152566858704) STATS - SET, 106.9, 0
2018-11-23 20:28:40 (10152566902805) STATS - SET, 107.0, 0
2018-11-23 20:28:40 (10152566946807) STATS - SET, 107.1, 0
2018-11-23 20:28:40 (10152566990708) STATS - SET, 107.2, 0
2018-11-23 20:28:40 (10152567034310) STATS - SET, 107.3, 0
2018-11-23 20:28:40 (10152567077511) STATS - SET, 107.4, 1
2018-11-23 20:28:40 (10152567121413) STATS - SET, 107.5, 0
2018-11-23 20:28:40 (10152567165114) STATS - SET, 107.6, 0
2018-11-23 20:28:40 (10152567208416) STATS - SET, 107.7, 0
2018-11-23 20:28:40 (10152567252517) STATS - SET, 107.8, 0
2018-11-23 20:28:40 (10152567300519) STATS - SET, 107.9, 0
2018-11-23 20:28:40 (10152567344520) STATS - SET, 108.0, 0
2018-11-23 20:28:40 (10152567389422) STATS - SET, 108.1, 0
2018-11-23 20:28:40 (10152567439224) STATS - SET, 108.2, 0
2018-11-23 20:28:40 (10152567482625) STATS - SET, 108.3, 1
2018-11-23 20:28:40 (10152567525927) STATS - SET, 108.4, 0
2018-11-23 20:28:40 (10152567639230) STATS - SET, 108.5, 0
2018-11-23 20:28:40 (10152567687732) STATS - SET, 108.6, 0
2018-11-23 20:28:40 (10152567731734) STATS - SET, 108.7, 0
2018-11-23 20:28:40 (10152567852438) STATS - SET, 108.8, 1
2018-11-23 20:28:40 (10152567898339) STATS - SET, 108.9, 1
2018-11-23 20:28:40 (10152567948141) STATS - SET, 109.0, 0
2018-11-23 20:28:40 (10152567992442) STATS - SET, 109.1, 0
2018-11-23 20:28:40 (10152568058045) STATS - SET, 109.2, 0
2018-11-23 20:28:40 (10152568107246) STATS - SET, 109.3, 0
2018-11-23 20:28:40 (10152568151848) STATS - SET, 109.4, 0
2018-11-23 20:28:40 (10152568195649) STATS - SET, 109.5, 0
2018-11-23 20:28:40 (10152568239551) STATS - SET, 109.6, 0
2018-11-23 20:28:40 (10152568282652) STATS - SET, 109.7, 0
2018-11-23 20:28:40 (10152568326954) STATS - SET, 109.8, 0
2018-11-23 20:28:40 (10152568413357) STATS - SET, 109.9, 0
2018-11-23 20:28:40 (10152568460858) STATS - SET, 110.0, 0
2018-11-23 20:28:40 (10152568511160) STATS - SET, 110.1, 0
2018-11-23 20:28:40 (10152568555562) STATS - SET, 110.2, 0
2018-11-23 20:28:40 (10152568599463) STATS - SET, 110.3, 0
2018-11-23 20:28:40 (10152568643065) STATS - SET, 110.4, 0
2018-11-23 20:28:40 (10152568686866) STATS - SET, 110.5, 0
2018-11-23 20:28:40 (10152568731068) STATS - SET, 110.6, 0
2018-11-23 20:28:40 (10152568774569) STATS - SET, 110.7, 0
2018-11-23 20:28:40 (10152568818171) STATS - SET, 110.8, 0
2018-11-23 20:28:40 (10152568861672) STATS - SET, 110.9, 0
2018-11-23 20:28:40 (10152568951075) STATS - SET, 111.0, 0
2018-11-23 20:28:40 (10152568997577) STATS - SET, 111.1, 0
2018-11-23 20:28:40 (10152569041478) STATS - SET, 111.2, 0
2018-11-23 20:28:40 (10152569085280) STATS - SET, 111.3, 0
2018-11-23 20:28:40 (10152569128781) STATS - SET, 111.4, 0
2018-11-23 20:28:40 (10152569172083) STATS - SET, 111.5, 0
2018-11-23 20:28:40 (10152569215984) STATS - SET, 111.6, 0
2018-11-23 20:28:40 (10152569296687) STATS - SET, 111.7, 0
2018-11-23 20:28:40 (10152569348189) STATS - SET, 111.8, 0
2018-11-23 20:28:40 (10152569391490) STATS - SET, 111.9, 0
2018-11-23 20:28:40 (10152569435292) STATS - SET, 112.0, 0
2018-11-23 20:28:40 (10152569479293) STATS - SET, 112.1, 0
2018-11-23 20:28:40 (10152569523295) STATS - SET, 112.2, 0
2018-11-23 20:28:40 (10152569567196) STATS - SET, 112.3, 0
2018-11-23 20:28:40 (10152569610098) STATS - SET, 112.4, 0
2018-11-23 20:28:40 (10152569653399) STATS - SET, 112.5, 0
2018-11-23 20:28:40 (10152569696901) STATS - SET, 112.6, 0
2018-11-23 20:28:40 (10152569745802) STATS - SET, 112.7, 0
2018-11-23 20:28:40 (10152569795304) STATS - SET, 112.8, 0
2018-11-23 20:28:40 (10152569838405) STATS - SET, 112.9, 0
2018-11-23 20:28:40 (10152569881807) STATS - SET, 113.0, 0
2018-11-23 20:28:40 (10152569925508) STATS - SET, 113.1, 0
2018-11-23 20:28:40 (10152569974210) STATS - SET, 113.2, 0
2018-11-23 20:28:40 (10152570018312) STATS - SET, 113.3, 0
2018-11-23 20:28:40 (10152570066213) STATS - SET, 113.4, 0
2018-11-23 20:28:40 (10152576232023) STATS - SET, 113.5, 0
2018-11-23 20:28:40 (10152576323827) STATS - SET, 113.6, 0
2018-11-23 20:28:40 (10152576371928) STATS - SET, 113.7, 0
2018-11-23 20:28:40 (10152576421830) STATS - SET, 113.8, 0
2018-11-23 20:28:40 (10152576465531) STATS - SET, 113.9, 0
2018-11-23 20:28:40 (10152576510233) STATS - SET, 114.0, 0
2018-11-23 20:28:40 (10152576558335) STATS - SET, 114.1, 0
2018-11-23 20:28:40 (10152576601636) STATS - SET, 114.2, 0
2018-11-23 20:28:40 (10152576645438) STATS - SET, 114.3, 0
2018-11-23 20:28:40 (10152576688639) STATS - SET, 114.4, 0
2018-11-23 20:28:40 (10152576739041) STATS - SET, 114.5, 0
2018-11-23 20:28:40 (10152576782542) STATS - SET, 114.6, 0
2018-11-23 20:28:40 (10152576825344) STATS - SET, 114.7, 0
2018-11-23 20:28:40 (10152576868745) STATS - SET, 114.8, 0
2018-11-23 20:28:40 (10152576912347) STATS - SET, 114.9, 0
2018-11-23 20:28:40 (10152576956148) STATS - SET, 115.0, 0
2018-11-23 20:28:40 (10152576999750) STATS - SET, 115.1, 0
2018-11-23 20:28:40 (10152577046651) STATS - SET, 115.2, 0
2018-11-23 20:28:40 (10152577090853) STATS - SET, 115.3, 0
2018-11-23 20:28:40 (10152577134254) STATS - SET, 115.4, 0
2018-11-23 20:28:40 (10152577177456) STATS - SET, 115.5, 0
2018-11-23 20:28:40 (10152577221157) STATS - SET, 115.6, 0
2018-11-23 20:28:40 (10152577264359) STATS - SET, 115.7, 0
2018-11-23 20:28:40 (10152577307660) STATS - SET, 115.8, 0
2018-11-23 20:28:40 (10152577350662) STATS - SET, 115.9, 0
2018-11-23 20:28:40 (10152577394163) STATS - SET, 116.0, 0
2018-11-23 20:28:40 (10152577437565) STATS - SET, 116.1, 0
2018-11-23 20:28:40 (10152577480966) STATS - SET, 116.2, 0
2018-11-23 20:28:40 (10152577524668) STATS - SET, 116.3, 0
2018-11-23 20:28:40 (10152577567969) STATS - SET, 116.4, 0
2018-11-23 20:28:40 (10152577611370) STATS - SET, 116.5, 0
2018-11-23 20:28:40 (10152577654972) STATS - SET, 116.6, 0
2018-11-23 20:28:40 (10152577698273) STATS - SET, 116.7, 0
2018-11-23 20:28:40 (10152577741275) STATS - SET, 116.8, 0
2018-11-23 20:28:40 (10152577784076) STATS - SET, 116.9, 2
2018-11-23 20:28:40 (10152577827578) STATS - SET, 117.0, 0
2018-11-23 20:28:40 (10152577875779) STATS - SET, 117.1, 1
2018-11-23 20:28:40 (10152577922881) STATS - SET, 117.2, 0
2018-11-23 20:28:40 (10152577967383) STATS - SET, 117.3, 1
2018-11-23 20:28:40 (10152578010784) STATS - SET, 117.4, 0
2018-11-23 20:28:40 (10152578054086) STATS - SET, 117.5, 0
2018-11-23 20:28:40 (10152578097587) STATS - SET, 117.6, 0
2018-11-23 20:28:40 (10152578140789) STATS - SET, 117.7, 0
2018-11-23 20:28:40 (10152578184390) STATS - SET, 117.8, 0
2018-11-23 20:28:40 (10152578233392) STATS - SET, 117.9, 0
2018-11-23 20:28:40 (10152578277493) STATS - SET, 118.0, 1
2018-11-23 20:28:40 (10152578320995) STATS - SET, 118.1, 0
2018-11-23 20:28:40 (10152578364296) STATS - SET, 118.2, 0
2018-11-23 20:28:40 (10152578407498) STATS - SET, 118.3, 0
2018-11-23 20:28:40 (10152578450799) STATS - SET, 118.4, 0
2018-11-23 20:28:40 (10152578493901) STATS - SET, 118.5, 0
2018-11-23 20:28:40 (10152578537502) STATS - SET, 118.6, 0
2018-11-23 20:28:40 (10152578580704) STATS - SET, 118.7, 0
2018-11-23 20:28:40 (10152578624405) STATS - SET, 118.8, 0
2018-11-23 20:28:40 (10152578667506) STATS - SET, 118.9, 0
2018-11-23 20:28:40 (10152578711308) STATS - SET, 119.0, 0
2018-11-23 20:28:40 (10152578754709) STATS - SET, 119.1, 0
2018-11-23 20:28:40 (10152578798211) STATS - SET, 119.2, 0
2018-11-23 20:28:40 (10152578842612) STATS - SET, 119.3, 0
2018-11-23 20:28:40 (10152578885614) STATS - SET, 119.4, 0
2018-11-23 20:28:40 (10152578928615) STATS - SET, 119.5, 0
2018-11-23 20:28:40 (10152578972117) STATS - SET, 119.6, 0
2018-11-23 20:28:40 (10152579014818) STATS - SET, 119.7, 0
2018-11-23 20:28:40 (10152579058220) STATS - SET, 119.8, 0
2018-11-23 20:28:40 (10152579102121) STATS - SET, 119.9, 0
2018-11-23 20:28:40 (10152579146423) STATS - SET, 120.0, 0
2018-11-23 20:28:40 (10152579190124) STATS - SET, 120.1, 0
2018-11-23 20:28:40 (10152579233026) STATS - SET, 120.2, 0
2018-11-23 20:28:40 (10152579276927) STATS - SET, 120.3, 0
2018-11-23 20:28:40 (10152579319729) STATS - SET, 120.4, 0
2018-11-23 20:28:40 (10152579362630) STATS - SET, 120.5, 0
2018-11-23 20:28:40 (10152579406132) STATS - SET, 120.6, 0
2018-11-23 20:28:40 (10152579449333) STATS - SET, 120.7, 0
2018-11-23 20:28:40 (10152579493135) STATS - SET, 120.8, 0
2018-11-23 20:28:40 (10152579535836) STATS - SET, 120.9, 0
2018-11-23 20:28:40 (10152579579138) STATS - SET, 121.0, 0
2018-11-23 20:28:40 (10152579623339) STATS - SET, 121.1, 0
2018-11-23 20:28:40 (10152579675641) STATS - SET, 121.2, 0
2018-11-23 20:28:40 (10152579721142) STATS - SET, 121.3, 0
2018-11-23 20:28:40 (10152579764344) STATS - SET, 121.4, 0
2018-11-23 20:28:40 (10152579807645) STATS - SET, 121.5, 0
2018-11-23 20:28:40 (10152579854647) STATS - SET, 121.6, 0
2018-11-23 20:28:40 (10152579898048) STATS - SET, 121.7, 0
2018-11-23 20:28:40 (10152585968055) STATS - SET, 121.8, 0
2018-11-23 20:28:40 (10152586023457) STATS - SET, 121.9, 0
2018-11-23 20:28:40 (10152586069059) STATS - SET, 122.0, 0
2018-11-23 20:28:40 (10152586112960) STATS - SET, 122.1, 0
2018-11-23 20:28:40 (10152586156262) STATS - SET, 122.2, 0
2018-11-23 20:28:40 (10152586199363) STATS - SET, 122.3, 0
2018-11-23 20:28:40 (10152586312567) STATS - SET, 122.4, 0
2018-11-23 20:28:40 (10152586359869) STATS - SET, 122.5, 0
2018-11-23 20:28:40 (10152586403070) STATS - SET, 122.6, 0
2018-11-23 20:28:40 (10152586445672) STATS - SET, 122.7, 0
2018-11-23 20:28:40 (10152586488573) STATS - SET, 122.8, 0
2018-11-23 20:28:40 (10152586531275) STATS - SET, 122.9, 0
2018-11-23 20:28:40 (10152586574776) STATS - SET, 123.0, 0
2018-11-23 20:28:40 (10152586618078) STATS - SET, 123.1, 0
2018-11-23 20:28:40 (10152586660979) STATS - SET, 123.2, 0
2018-11-23 20:28:40 (10152586703881) STATS - SET, 123.3, 0
2018-11-23 20:28:40 (10152586746382) STATS - SET, 123.4, 0
2018-11-23 20:28:40 (10152586789083) STATS - SET, 123.5, 0
2018-11-23 20:28:40 (10152586838085) STATS - SET, 123.6, 0
2018-11-23 20:28:40 (10152586885487) STATS - SET, 123.7, 0
2018-11-23 20:28:40 (10152586928588) STATS - SET, 123.8, 0
2018-11-23 20:28:40 (10152586971390) STATS - SET, 123.9, 0
2018-11-23 20:28:40 (10152587034192) STATS - SET, 124.0, 0
2018-11-23 20:28:40 (10152587083093) STATS - SET, 124.1, 0
2018-11-23 20:28:40 (10152587125895) STATS - SET, 124.2, 0
2018-11-23 20:28:40 (10152587168896) STATS - SET, 124.3, 0
2018-11-23 20:28:40 (10152587211598) STATS - SET, 124.4, 0
2018-11-23 20:28:40 (10152587254499) STATS - SET, 124.5, 0
2018-11-23 20:28:40 (10152587301701) STATS - SET, 124.6, 0
2018-11-23 20:28:40 (10152587344602) STATS - SET, 124.7, 0
2018-11-23 20:28:40 (10152587390704) STATS - SET, 124.8, 0
2018-11-23 20:28:40 (10152587450706) STATS - SET, 124.9, 0
2018-11-23 20:28:40 (10152587493407) STATS - SET, 125.0, 0
2018-11-23 20:28:40 (10152587534709) STATS - SET, 125.1, 0
2018-11-23 20:28:40 (10152587575610) STATS - SET, 125.2, 0
2018-11-23 20:28:40 (10152587616612) STATS - SET, 125.3, 0
2018-11-23 20:28:40 (10152587657413) STATS - SET, 125.4, 0
2018-11-23 20:28:40 (10152587697914) STATS - SET, 125.5, 0
2018-11-23 20:28:40 (10152587738516) STATS - SET, 125.6, 0
2018-11-23 20:28:40 (10152587779117) STATS - SET, 125.7, 0
2018-11-23 20:28:40 (10152587820119) STATS - SET, 125.8, 0
2018-11-23 20:28:40 (10152587863920) STATS - SET, 125.9, 0
2018-11-23 20:28:40 (10152587928022) STATS - SET, 126.0, 0
2018-11-23 20:28:40 (10152588062827) STATS - SET, 126.1, 0
2018-11-23 20:28:40 (10152588110228) STATS - SET, 126.2, 0
2018-11-23 20:28:40 (10152588186431) STATS - SET, 126.3, 0
2018-11-23 20:28:40 (10152588252433) STATS - SET, 126.4, 0
2018-11-23 20:28:40 (10152588316536) STATS - SET, 126.5, 0
2018-11-23 20:28:40 (10152588376838) STATS - SET, 126.6, 0
2018-11-23 20:28:40 (10152588421439) STATS - SET, 126.7, 0
2018-11-23 20:28:40 (10152588461840) STATS - SET, 126.8, 0
2018-11-23 20:28:40 (10152588501642) STATS - SET, 126.9, 0
2018-11-23 20:28:40 (10152588542343) STATS - SET, 127.0, 0
2018-11-23 20:28:40 (10152588582545) STATS - SET, 127.1, 0
2018-11-23 20:28:40 (10152588622346) STATS - SET, 127.2, 0
2018-11-23 20:28:40 (10152588662747) STATS - SET, 127.3, 0
2018-11-23 20:28:40 (10152588702149) STATS - SET, 127.4, 0
2018-11-23 20:28:40 (10152588741550) STATS - SET, 127.5, 0
2018-11-23 20:28:40 (10152588781351) STATS - SET, 127.6, 0
2018-11-23 20:28:40 (10152588821253) STATS - SET, 127.7, 0
2018-11-23 20:28:40 (10152588861054) STATS - SET, 127.8, 0
2018-11-23 20:28:40 (10152588900855) STATS - SET, 127.9, 0
2018-11-23 20:28:40 (10152589135563) STATS - SET, 128.0, 0
2018-11-23 20:28:40 (10152589200366) STATS - SET, 128.1, 0
2018-11-23 20:28:40 (10152589243067) STATS - SET, 128.2, 0
2018-11-23 20:28:40 (10152589283969) STATS - SET, 128.3, 0
2018-11-23 20:28:40 (10152589323670) STATS - SET, 128.4, 0
2018-11-23 20:28:40 (10152589363171) STATS - SET, 128.5, 0
2018-11-23 20:28:40 (10152589403173) STATS - SET, 128.6, 0
2018-11-23 20:28:40 (10152589448574) STATS - SET, 128.7, 0
2018-11-23 20:28:40 (10152589488475) STATS - SET, 128.8, 0
2018-11-23 20:28:40 (10152589527577) STATS - SET, 128.9, 0
2018-11-23 20:28:40 (10152589567478) STATS - SET, 129.0, 0
2018-11-23 20:28:40 (10152589607280) STATS - SET, 129.1, 0
2018-11-23 20:28:40 (10152589646681) STATS - SET, 129.2, 0
2018-11-23 20:28:40 (10152589689382) STATS - SET, 129.3, 0
2018-11-23 20:28:40 (10152589728484) STATS - SET, 129.4, 0
2018-11-23 20:28:40 (10152589766985) STATS - SET, 129.5, 0
2018-11-23 20:28:40 (10152595726588) STATS - SET, 129.6, 0
2018-11-23 20:28:40 (10152596020698) STATS - SET, 129.7, 0
2018-11-23 20:28:40 (10152596073900) STATS - SET, 129.8, 0
2018-11-23 20:28:40 (10152596113701) STATS - SET, 129.9, 0
2018-11-23 20:28:40 (10152596198804) STATS - SET, 130.0, 0
2018-11-23 20:28:40 (10152596244106) STATS - SET, 130.1, 0
2018-11-23 20:28:40 (10152596283307) STATS - SET, 130.2, 0
2018-11-23 20:28:40 (10152596321108) STATS - SET, 130.3, 0
2018-11-23 20:28:40 (10152596430612) STATS - SET, 130.4, 0
2018-11-23 20:28:40 (10152596470814) STATS - SET, 130.5, 0
2018-11-23 20:28:40 (10152596509415) STATS - SET, 130.6, 0
2018-11-23 20:28:40 (10152596547816) STATS - SET, 130.7, 0
2018-11-23 20:28:40 (10152596639719) STATS - SET, 130.8, 0
2018-11-23 20:28:40 (10152596678121) STATS - SET, 130.9, 0
2018-11-23 20:28:40 (10152596716422) STATS - SET, 131.0, 0
2018-11-23 20:28:40 (10152596754723) STATS - SET, 131.1, 0
2018-11-23 20:28:40 (10152596794025) STATS - SET, 131.2, 0
2018-11-23 20:28:40 (10152596831726) STATS - SET, 131.3, 0
2018-11-23 20:28:40 (10152597116336) STATS - SET, 131.4, 0
2018-11-23 20:28:40 (10152597353544) STATS - SET, 131.5, 0
2018-11-23 20:28:40 (10152597398145) STATS - SET, 131.6, 0
2018-11-23 20:28:40 (10152597437347) STATS - SET, 131.7, 0
2018-11-23 20:28:40 (10152597474848) STATS - SET, 131.8, 1
2018-11-23 20:28:40 (10152597512349) STATS - SET, 131.9, 0
2018-11-23 20:28:40 (10152597550750) STATS - SET, 132.0, 2
2018-11-23 20:28:40 (10152597632053) STATS - SET, 132.1, 2
2018-11-23 20:28:40 (10152597671555) STATS - SET, 132.2, 0
2018-11-23 20:28:40 (10152597709056) STATS - SET, 132.3, 0
2018-11-23 20:28:40 (10152597746557) STATS - SET, 132.4, 0
2018-11-23 20:28:40 (10152597932963) STATS - SET, 132.5, 0
2018-11-23 20:28:40 (10152597977165) STATS - SET, 132.6, 0
2018-11-23 20:28:40 (10152598015966) STATS - SET, 132.7, 0
2018-11-23 20:28:40 (10152598053668) STATS - SET, 132.8, 1
2018-11-23 20:28:40 (10152598090769) STATS - SET, 132.9, 1
2018-11-23 20:28:40 (10152598128870) STATS - SET, 133.0, 0
2018-11-23 20:28:40 (10152598166971) STATS - SET, 133.1, 0
2018-11-23 20:28:40 (10152598205173) STATS - SET, 133.2, 1
2018-11-23 20:28:40 (10152598275275) STATS - SET, 133.3, 0
2018-11-23 20:28:40 (10152598337677) STATS - SET, 133.4, 0
2018-11-23 20:28:40 (10152598379079) STATS - SET, 133.5, 0
2018-11-23 20:28:40 (10152598418480) STATS - SET, 133.6, 0
2018-11-23 20:28:40 (10152598457581) STATS - SET, 133.7, 0
2018-11-23 20:28:40 (10152598494683) STATS - SET, 133.8, 0
2018-11-23 20:28:40 (10152598531584) STATS - SET, 133.9, 1
2018-11-23 20:28:40 (10152598570885) STATS - SET, 134.0, 0
2018-11-23 20:28:40 (10152598609887) STATS - SET, 134.1, 0
2018-11-23 20:28:40 (10152598648088) STATS - SET, 134.2, 0
2018-11-23 20:28:40 (10152598685189) STATS - SET, 134.3, 0
2018-11-23 20:28:40 (10152598722490) STATS - SET, 134.4, 0
2018-11-23 20:28:40 (10152598759392) STATS - SET, 134.5, 0
2018-11-23 20:28:40 (10152598798193) STATS - SET, 134.6, 0
2018-11-23 20:28:40 (10152598836294) STATS - SET, 134.7, 0
2018-11-23 20:28:40 (10152598873496) STATS - SET, 134.8, 0
2018-11-23 20:28:40 (10152598910497) STATS - SET, 134.9, 0
2018-11-23 20:28:40 (10152598948098) STATS - SET, 135.0, 0
2018-11-23 20:28:40 (10152598985599) STATS - SET, 135.1, 0
2018-11-23 20:28:40 (10152599023501) STATS - SET, 135.2, 0
2018-11-23 20:28:40 (10152599060202) STATS - SET, 135.3, 0
2018-11-23 20:28:40 (10152599097203) STATS - SET, 135.4, 0
2018-11-23 20:28:40 (10152599134104) STATS - SET, 135.5, 0
2018-11-23 20:28:40 (10152599171706) STATS - SET, 135.6, 0
2018-11-23 20:28:40 (10152599209407) STATS - SET, 135.7, 0
2018-11-23 20:28:40 (10152599246308) STATS - SET, 135.8, 0
2018-11-23 20:28:40 (10152599283109) STATS - SET, 135.9, 0
2018-11-23 20:28:40 (10152599320811) STATS - SET, 136.0, 0
2018-11-23 20:28:40 (10152599358712) STATS - SET, 136.1, 0
2018-11-23 20:28:40 (10152599396713) STATS - SET, 136.2, 0
2018-11-23 20:28:40 (10152599502717) STATS - SET, 136.3, 0
2018-11-23 20:28:40 (10152599544718) STATS - SET, 136.4, 0
2018-11-23 20:28:40 (10152599582320) STATS - SET, 136.5, 0
2018-11-23 20:28:40 (10152599619821) STATS - SET, 136.6, 0
2018-11-23 20:28:40 (10152599657722) STATS - SET, 136.7, 0
2018-11-23 20:28:40 (10152599694824) STATS - SET, 136.8, 0
2018-11-23 20:28:40 (10152599731825) STATS - SET, 136.9, 0
2018-11-23 20:28:40 (10152599769526) STATS - SET, 137.0, 0
2018-11-23 20:28:40 (10152599807027) STATS - SET, 137.1, 0
2018-11-23 20:28:40 (10152599844929) STATS - SET, 137.2, 0
2018-11-23 20:28:40 (10152599926931) STATS - SET, 137.3, 0
2018-11-23 20:28:40 (10152599965433) STATS - SET, 137.4, 1
2018-11-23 20:28:40 (10152600023435) STATS - SET, 137.5, 0
2018-11-23 20:28:40 (10152600066836) STATS - SET, 137.6, 0
2018-11-23 20:28:40 (10152600111238) STATS - SET, 137.7, 0
2018-11-23 20:28:40 (10152600150239) STATS - SET, 137.8, 1
2018-11-23 20:28:40 (10152600196241) STATS - SET, 137.9, 0
2018-11-23 20:28:40 (10152606395552) STATS - SET, 138.0, 0
2018-11-23 20:28:40 (10152606908870) STATS - SET, 138.1, 0
2018-11-23 20:28:40 (10152606954371) STATS - SET, 138.2, 0
2018-11-23 20:28:40 (10152607144478) STATS - SET, 138.3, 0
2018-11-23 20:28:40 (10152607182379) STATS - SET, 138.4, 0
2018-11-23 20:28:40 (10152607218280) STATS - SET, 138.5, 1
2018-11-23 20:28:40 (10152607255781) STATS - SET, 138.6, 0
2018-11-23 20:28:40 (10152607291883) STATS - SET, 138.7, 0
2018-11-23 20:28:40 (10152607327684) STATS - SET, 138.8, 0
2018-11-23 20:28:40 (10152607362885) STATS - SET, 138.9, 0
2018-11-23 20:28:40 (10152607451988) STATS - SET, 139.0, 0
2018-11-23 20:28:40 (10152607706297) STATS - SET, 139.1, 1
2018-11-23 20:28:40 (10152607807400) STATS - SET, 139.2, 0
2018-11-23 20:28:40 (10152607848502) STATS - SET, 139.3, 1
2018-11-23 20:28:40 (10152607885203) STATS - SET, 139.4, 1
2018-11-23 20:28:40 (10152607921304) STATS - SET, 139.5, 0
2018-11-23 20:28:40 (10152607957705) STATS - SET, 139.6, 0
2018-11-23 20:28:40 (10152607994307) STATS - SET, 139.7, 0
2018-11-23 20:28:40 (10152608030308) STATS - SET, 139.8, 0
2018-11-23 20:28:40 (10152608065909) STATS - SET, 139.9, 1
2018-11-23 20:28:40 (10152608108710) STATS - SET, 140.0, 0
2018-11-23 20:28:40 (10152608146612) STATS - SET, 140.1, 0
2018-11-23 20:28:40 (10152608183313) STATS - SET, 140.2, 0
2018-11-23 20:28:40 (10152608219314) STATS - SET, 140.3, 1
2018-11-23 20:28:40 (10152608254615) STATS - SET, 140.4, 0
2018-11-23 20:28:40 (10152608290017) STATS - SET, 140.5, 0
2018-11-23 20:28:40 (10152608326118) STATS - SET, 140.6, 0
2018-11-23 20:28:40 (10152608362619) STATS - SET, 140.7, 1
2018-11-23 20:28:40 (10152608401120) STATS - SET, 140.8, 0
2018-11-23 20:28:40 (10152608438222) STATS - SET, 140.9, 0
2018-11-23 20:28:40 (10152608474523) STATS - SET, 141.0, 0
2018-11-23 20:28:40 (10152608511124) STATS - SET, 141.1, 1
2018-11-23 20:28:40 (10152608551426) STATS - SET, 141.2, 0
2018-11-23 20:28:40 (10152608588627) STATS - SET, 141.3, 1
2018-11-23 20:28:40 (10152608624028) STATS - SET, 141.4, 0
2018-11-23 20:28:40 (10152608659229) STATS - SET, 141.5, 0
2018-11-23 20:28:40 (10152608695530) STATS - SET, 141.6, 0
2018-11-23 20:28:40 (10152608731432) STATS - SET, 141.7, 1
2018-11-23 20:28:40 (10152608766933) STATS - SET, 141.8, 0
2018-11-23 20:28:40 (10152608802734) STATS - SET, 141.9, 0
2018-11-23 20:28:40 (10152608838435) STATS - SET, 142.0, 0
2018-11-23 20:28:40 (10152608874837) STATS - SET, 142.1, 0
2018-11-23 20:28:40 (10152608911438) STATS - SET, 142.2, 1
2018-11-23 20:28:40 (10152609258050) STATS - SET, 142.3, 0
2018-11-23 20:28:40 (10152609328552) STATS - SET, 142.4, 0
2018-11-23 20:28:40 (10152609392354) STATS - SET, 142.5, 0
2018-11-23 20:28:40 (10152609428155) STATS - SET, 142.6, 0
2018-11-23 20:28:40 (10152609463257) STATS - SET, 142.7, 0
2018-11-23 20:28:40 (10152609502658) STATS - SET, 142.8, 0
2018-11-23 20:28:40 (10152609537359) STATS - SET, 142.9, 0
2018-11-23 20:28:40 (10152609572460) STATS - SET, 143.0, 0
2018-11-23 20:28:40 (10152609607362) STATS - SET, 143.1, 0
2018-11-23 20:28:40 (10152609642063) STATS - SET, 143.2, 0
2018-11-23 20:28:40 (10152609675964) STATS - SET, 143.3, 1
2018-11-23 20:28:40 (10152609710065) STATS - SET, 143.4, 0
2018-11-23 20:28:40 (10152609743666) STATS - SET, 143.5, 0
2018-11-23 20:28:40 (10152609778067) STATS - SET, 143.6, 0
2018-11-23 20:28:40 (10152609812369) STATS - SET, 143.7, 0
2018-11-23 20:28:40 (10152609846170) STATS - SET, 143.8, 0
2018-11-23 20:28:40 (10152609916972) STATS - SET, 143.9, 0
2018-11-23 20:28:40 (10152609973974) STATS - SET, 144.0, 0
2018-11-23 20:28:40 (10152610011775) STATS - SET, 144.1, 0
2018-11-23 20:28:40 (10152610047077) STATS - SET, 144.2, 0
2018-11-23 20:28:40 (10152610080778) STATS - SET, 144.3, 0
2018-11-23 20:28:40 (10152610114379) STATS - SET, 144.4, 0
2018-11-23 20:28:40 (10152610147980) STATS - SET, 144.5, 0
2018-11-23 20:28:40 (10152610182081) STATS - SET, 144.6, 1
2018-11-23 20:28:40 (10152610236283) INFO  - END: Middleware stopped.
