2018-11-23 21:38:39 (14352161177911) INFO  - START: Middleware listening on address 10.0.0.4:8888.
2018-11-23 21:40:00 (14432883862914) STATS -  5.00, 1782, 0, 0.240992, 1.054446, 1.409542, 0.000000, 1.409542, 0.000000, 0, 8911, 0, 0.00, 0.00, 0
2018-11-23 21:40:00 (14433046342333) STATS - 10.00, 2144, 0, 0.160926, 0.912424, 1.135309, 0.000000, 1.135309, 0.000000, 0, 10722, 0, 0.00, 0.00, 0
2018-11-23 21:40:00 (14433155299968) STATS - 15.00, 2202, 0, 0.167659, 0.889966, 1.125794, 0.000000, 1.125794, 0.000000, 0, 11014, 0, 0.00, 0.00, 0
2018-11-23 21:40:00 (14433187152789) STATS - 20.00, 2258, 0, 0.171803, 0.870173, 1.114095, 0.000000, 1.114095, 0.000000, 0, 11294, 0, 0.00, 0.00, 0
2018-11-23 21:40:00 (14433218014976) STATS - 25.00, 2160, 0, 0.189562, 0.907586, 1.160176, 0.000000, 1.160176, 0.000000, 0, 10801, 0, 0.00, 0.00, 0
2018-11-23 21:40:00 (14433249287877) STATS - 30.00, 2289, 0, 0.167106, 0.881393, 1.118080, 0.000000, 1.118080, 0.000000, 0, 11448, 0, 0.00, 0.00, 0
2018-11-23 21:40:00 (14433278190894) STATS - 35.00, 2154, 0, 0.170346, 0.918204, 1.161152, 0.000000, 1.161152, 0.000000, 0, 10770, 0, 0.00, 0.00, 0
2018-11-23 21:40:00 (14433308795871) STATS - 40.00, 2099, 0, 0.194056, 0.939937, 1.210889, 0.000000, 1.210889, 0.000000, 0, 10495, 0, 0.00, 0.00, 0
2018-11-23 21:40:01 (14433329725408) STATS - 45.00, 2246, 0, 0.175506, 0.863148, 1.103119, 0.000000, 1.103119, 0.000000, 0, 11233, 0, 0.00, 0.00, 0
2018-11-23 21:40:01 (14433357091471) STATS - 50.00, 2263, 0, 0.170049, 0.834292, 1.066632, 0.000000, 1.066632, 0.000000, 0, 11319, 0, 0.00, 0.00, 0
2018-11-23 21:40:01 (14433371658784) STATS - 55.00, 2212, 0, 0.168319, 0.877456, 1.116748, 0.000000, 1.116748, 0.000000, 0, 11063, 0, 0.00, 0.00, 0
2018-11-23 21:40:01 (14433389811323) STATS - 60.00, 2234, 0, 0.167739, 0.851598, 1.083335, 0.000000, 1.083335, 0.000000, 0, 11171, 0, 0.00, 0.00, 0
2018-11-23 21:40:01 (14433406903925) STATS - 65.00, 2295, 0, 0.157414, 0.833070, 1.052297, 0.000000, 1.052297, 0.000000, 0, 11479, 0, 0.00, 0.00, 0
2018-11-23 21:40:01 (14433416996080) STATS - 70.00, 2072, 0, 0.220576, 0.915013, 1.206150, 0.000000, 1.206150, 0.000000, 0, 10361, 0, 0.00, 0.00, 0
2018-11-23 21:40:01 (14433418555435) STATS - 70.00, 18, 0, 0.119686, 1.251628, 1.440122, 0.000000, 1.440122, 0.000000, 0, 94, 0, 0.00, 0.00, 0
2018-11-23 21:40:01 (14433746788188) STATS - Type, Interval, Responses
2018-11-23 21:40:01 (14433923437806) STATS - GET, 0.1, 0
2018-11-23 21:40:01 (14433923662714) STATS - GET, 0.2, 0
2018-11-23 21:40:01 (14433923795819) STATS - GET, 0.3, 1
2018-11-23 21:40:01 (14433924030027) STATS - GET, 0.4, 625
2018-11-23 21:40:01 (14433924170032) STATS - GET, 0.5, 10187
2018-11-23 21:40:01 (14433924333538) STATS - GET, 0.6, 24890
2018-11-23 21:40:01 (14433924462642) STATS - GET, 0.7, 27850
2018-11-23 21:40:01 (14433924586747) STATS - GET, 0.8, 23440
2018-11-23 21:40:01 (14433924716751) STATS - GET, 0.9, 17432
2018-11-23 21:40:01 (14433924850356) STATS - GET, 1.0, 11853
2018-11-23 21:40:01 (14433924978061) STATS - GET, 1.1, 7765
2018-11-23 21:40:01 (14433925103565) STATS - GET, 1.2, 4861
2018-11-23 21:40:01 (14433925272671) STATS - GET, 1.3, 3101
2018-11-23 21:40:01 (14433925466778) STATS - GET, 1.4, 2300
2018-11-23 21:40:01 (14433925616183) STATS - GET, 1.5, 1631
2018-11-23 21:40:01 (14433925784289) STATS - GET, 1.6, 1307
2018-11-23 21:40:01 (14433925925494) STATS - GET, 1.7, 991
2018-11-23 21:40:01 (14433926049498) STATS - GET, 1.8, 807
2018-11-23 21:40:01 (14433926206704) STATS - GET, 1.9, 631
2018-11-23 21:40:01 (14433926328408) STATS - GET, 2.0, 569
2018-11-23 21:40:01 (14433926461313) STATS - GET, 2.1, 416
2018-11-23 21:40:01 (14433926592217) STATS - GET, 2.2, 388
2018-11-23 21:40:01 (14433926715922) STATS - GET, 2.3, 377
2018-11-23 21:40:01 (14433926838226) STATS - GET, 2.4, 310
2018-11-23 21:40:01 (14433927304643) STATS - GET, 2.5, 313
2018-11-23 21:40:01 (14433933169449) STATS - GET, 2.6, 282
2018-11-23 21:40:01 (14433933313154) STATS - GET, 2.7, 248
2018-11-23 21:40:01 (14433933438658) STATS - GET, 2.8, 250
2018-11-23 21:40:01 (14433933561063) STATS - GET, 2.9, 231
2018-11-23 21:40:01 (14433933740169) STATS - GET, 3.0, 207
2018-11-23 21:40:01 (14433933878174) STATS - GET, 3.1, 194
2018-11-23 21:40:01 (14433934020579) STATS - GET, 3.2, 209
2018-11-23 21:40:01 (14433934141983) STATS - GET, 3.3, 191
2018-11-23 21:40:01 (14433934310189) STATS - GET, 3.4, 184
2018-11-23 21:40:01 (14433934477495) STATS - GET, 3.5, 162
2018-11-23 21:40:01 (14433934609700) STATS - GET, 3.6, 141
2018-11-23 21:40:01 (14433934745304) STATS - GET, 3.7, 154
2018-11-23 21:40:01 (14433934872209) STATS - GET, 3.8, 148
2018-11-23 21:40:01 (14433935032715) STATS - GET, 3.9, 133
2018-11-23 21:40:01 (14433935152819) STATS - GET, 4.0, 118
2018-11-23 21:40:01 (14433935276623) STATS - GET, 4.1, 122
2018-11-23 21:40:01 (14433935394927) STATS - GET, 4.2, 111
2018-11-23 21:40:01 (14433935520932) STATS - GET, 4.3, 111
2018-11-23 21:40:01 (14433935642436) STATS - GET, 4.4, 110
2018-11-23 21:40:01 (14433935768240) STATS - GET, 4.5, 129
2018-11-23 21:40:01 (14433935910845) STATS - GET, 4.6, 103
2018-11-23 21:40:01 (14433936092252) STATS - GET, 4.7, 120
2018-11-23 21:40:01 (14433936269958) STATS - GET, 4.8, 116
2018-11-23 21:40:01 (14433936478365) STATS - GET, 4.9, 109
2018-11-23 21:40:01 (14433936604770) STATS - GET, 5.0, 109
2018-11-23 21:40:01 (14433936723874) STATS - GET, 5.1, 93
2018-11-23 21:40:01 (14433936860579) STATS - GET, 5.2, 114
2018-11-23 21:40:01 (14433936977283) STATS - GET, 5.3, 112
2018-11-23 21:40:01 (14433942773687) STATS - GET, 5.4, 132
2018-11-23 21:40:01 (14433942939993) STATS - GET, 5.5, 94
2018-11-23 21:40:01 (14433943062897) STATS - GET, 5.6, 125
2018-11-23 21:40:01 (14433943178801) STATS - GET, 5.7, 156
2018-11-23 21:40:01 (14433943293305) STATS - GET, 5.8, 170
2018-11-23 21:40:01 (14433943457511) STATS - GET, 5.9, 272
2018-11-23 21:40:01 (14433943589316) STATS - GET, 6.0, 427
2018-11-23 21:40:01 (14433943715420) STATS - GET, 6.1, 543
2018-11-23 21:40:01 (14433943829824) STATS - GET, 6.2, 537
2018-11-23 21:40:01 (14433943944628) STATS - GET, 6.3, 411
2018-11-23 21:40:01 (14433944084233) STATS - GET, 6.4, 378
2018-11-23 21:40:01 (14433944200337) STATS - GET, 6.5, 298
2018-11-23 21:40:01 (14433944315241) STATS - GET, 6.6, 217
2018-11-23 21:40:01 (14433944428545) STATS - GET, 6.7, 170
2018-11-23 21:40:01 (14433944542649) STATS - GET, 6.8, 122
2018-11-23 21:40:01 (14433944663054) STATS - GET, 6.9, 111
2018-11-23 21:40:01 (14433944782258) STATS - GET, 7.0, 78
2018-11-23 21:40:01 (14433944896462) STATS - GET, 7.1, 59
2018-11-23 21:40:01 (14433945010466) STATS - GET, 7.2, 55
2018-11-23 21:40:01 (14433945124770) STATS - GET, 7.3, 65
2018-11-23 21:40:01 (14433945243374) STATS - GET, 7.4, 52
2018-11-23 21:40:01 (14433945357578) STATS - GET, 7.5, 56
2018-11-23 21:40:01 (14433945475582) STATS - GET, 7.6, 45
2018-11-23 21:40:01 (14433945642988) STATS - GET, 7.7, 38
2018-11-23 21:40:01 (14433945768292) STATS - GET, 7.8, 39
2018-11-23 21:40:01 (14433945887997) STATS - GET, 7.9, 38
2018-11-23 21:40:01 (14433946037702) STATS - GET, 8.0, 27
2018-11-23 21:40:01 (14433946153206) STATS - GET, 8.1, 23
2018-11-23 21:40:01 (14433946267010) STATS - GET, 8.2, 42
2018-11-23 21:40:01 (14433946380214) STATS - GET, 8.3, 35
2018-11-23 21:40:01 (14433946493318) STATS - GET, 8.4, 14
2018-11-23 21:40:01 (14433946657824) STATS - GET, 8.5, 25
2018-11-23 21:40:01 (14433952479529) STATS - GET, 8.6, 35
2018-11-23 21:40:01 (14433952674836) STATS - GET, 8.7, 24
2018-11-23 21:40:01 (14433952786739) STATS - GET, 8.8, 36
2018-11-23 21:40:01 (14433952899543) STATS - GET, 8.9, 26
2018-11-23 21:40:01 (14433953003647) STATS - GET, 9.0, 25
2018-11-23 21:40:01 (14433953109651) STATS - GET, 9.1, 26
2018-11-23 21:40:01 (14433953215455) STATS - GET, 9.2, 25
2018-11-23 21:40:01 (14433953364460) STATS - GET, 9.3, 25
2018-11-23 21:40:01 (14433953479164) STATS - GET, 9.4, 18
2018-11-23 21:40:01 (14433953592368) STATS - GET, 9.5, 20
2018-11-23 21:40:01 (14433953709272) STATS - GET, 9.6, 20
2018-11-23 21:40:01 (14433953821976) STATS - GET, 9.7, 25
2018-11-23 21:40:01 (14433953932480) STATS - GET, 9.8, 24
2018-11-23 21:40:01 (14433954083785) STATS - GET, 9.9, 29
2018-11-23 21:40:01 (14433954371495) STATS - GET, 10.0, 40
2018-11-23 21:40:01 (14433954494300) STATS - GET, 10.1, 36
2018-11-23 21:40:01 (14433954602003) STATS - GET, 10.2, 20
2018-11-23 21:40:01 (14433954711707) STATS - GET, 10.3, 24
2018-11-23 21:40:01 (14433954827711) STATS - GET, 10.4, 25
2018-11-23 21:40:01 (14433954984617) STATS - GET, 10.5, 12
2018-11-23 21:40:01 (14433955094421) STATS - GET, 10.6, 11
2018-11-23 21:40:01 (14433955220725) STATS - GET, 10.7, 22
2018-11-23 21:40:01 (14433955376731) STATS - GET, 10.8, 18
2018-11-23 21:40:01 (14433955516336) STATS - GET, 10.9, 14
2018-11-23 21:40:01 (14433955657441) STATS - GET, 11.0, 16
2018-11-23 21:40:01 (14433956076855) STATS - GET, 11.1, 11
2018-11-23 21:40:01 (14433956243861) STATS - GET, 11.2, 7
2018-11-23 21:40:01 (14433956403667) STATS - GET, 11.3, 17
2018-11-23 21:40:01 (14433956511371) STATS - GET, 11.4, 7
2018-11-23 21:40:01 (14433962290174) STATS - GET, 11.5, 12
2018-11-23 21:40:01 (14433962452280) STATS - GET, 11.6, 10
2018-11-23 21:40:01 (14433962559383) STATS - GET, 11.7, 15
2018-11-23 21:40:01 (14433962791592) STATS - GET, 11.8, 7
2018-11-23 21:40:01 (14433962895795) STATS - GET, 11.9, 10
2018-11-23 21:40:01 (14433963038500) STATS - GET, 12.0, 5
2018-11-23 21:40:01 (14433963147404) STATS - GET, 12.1, 2
2018-11-23 21:40:01 (14433963250208) STATS - GET, 12.2, 8
2018-11-23 21:40:01 (14433963351311) STATS - GET, 12.3, 6
2018-11-23 21:40:01 (14433963697524) STATS - GET, 12.4, 6
2018-11-23 21:40:01 (14433963814828) STATS - GET, 12.5, 1
2018-11-23 21:40:01 (14433963918531) STATS - GET, 12.6, 3
2018-11-23 21:40:01 (14433964075537) STATS - GET, 12.7, 2
2018-11-23 21:40:01 (14433964191641) STATS - GET, 12.8, 0
2018-11-23 21:40:01 (14433964294845) STATS - GET, 12.9, 4
2018-11-23 21:40:01 (14433964433949) STATS - GET, 13.0, 1
2018-11-23 21:40:01 (14433964539553) STATS - GET, 13.1, 4
2018-11-23 21:40:01 (14433964680158) STATS - GET, 13.2, 3
2018-11-23 21:40:01 (14433964785062) STATS - GET, 13.3, 3
2018-11-23 21:40:01 (14433964891466) STATS - GET, 13.4, 0
2018-11-23 21:40:01 (14433964993969) STATS - GET, 13.5, 3
2018-11-23 21:40:01 (14433965095973) STATS - GET, 13.6, 1
2018-11-23 21:40:01 (14433965197776) STATS - GET, 13.7, 0
2018-11-23 21:40:01 (14433965299380) STATS - GET, 13.8, 3
2018-11-23 21:40:01 (14433965400483) STATS - GET, 13.9, 0
2018-11-23 21:40:01 (14433965501487) STATS - GET, 14.0, 1
2018-11-23 21:40:01 (14433965603091) STATS - GET, 14.1, 2
2018-11-23 21:40:01 (14433965704594) STATS - GET, 14.2, 0
2018-11-23 21:40:01 (14433965810498) STATS - GET, 14.3, 1
2018-11-23 21:40:01 (14433965945103) STATS - GET, 14.4, 5
2018-11-23 21:40:01 (14433966052106) STATS - GET, 14.5, 4
2018-11-23 21:40:01 (14433966154310) STATS - GET, 14.6, 1
2018-11-23 21:40:01 (14433966256214) STATS - GET, 14.7, 4
2018-11-23 21:40:01 (14433966357117) STATS - GET, 14.8, 2
2018-11-23 21:40:01 (14433972288826) STATS - GET, 14.9, 0
2018-11-23 21:40:01 (14433972423331) STATS - GET, 15.0, 1
2018-11-23 21:40:01 (14433972525334) STATS - GET, 15.1, 3
2018-11-23 21:40:01 (14433972623938) STATS - GET, 15.2, 2
2018-11-23 21:40:01 (14433972721741) STATS - GET, 15.3, 3
2018-11-23 21:40:01 (14433972836345) STATS - GET, 15.4, 6
2018-11-23 21:40:01 (14433972989551) STATS - GET, 15.5, 4
2018-11-23 21:40:01 (14433973090354) STATS - GET, 15.6, 1
2018-11-23 21:40:01 (14433973187958) STATS - GET, 15.7, 3
2018-11-23 21:40:01 (14433973329763) STATS - GET, 15.8, 2
2018-11-23 21:40:01 (14433973429566) STATS - GET, 15.9, 1
2018-11-23 21:40:01 (14433973523869) STATS - GET, 16.0, 0
2018-11-23 21:40:01 (14433973619573) STATS - GET, 16.1, 1
2018-11-23 21:40:01 (14433973717576) STATS - GET, 16.2, 3
2018-11-23 21:40:01 (14433973814280) STATS - GET, 16.3, 2
2018-11-23 21:40:01 (14433973915383) STATS - GET, 16.4, 0
2018-11-23 21:40:01 (14433974012487) STATS - GET, 16.5, 1
2018-11-23 21:40:01 (14433974108690) STATS - GET, 16.6, 0
2018-11-23 21:40:01 (14433974211494) STATS - GET, 16.7, 1
2018-11-23 21:40:01 (14433974313497) STATS - GET, 16.8, 1
2018-11-23 21:40:01 (14433974413001) STATS - GET, 16.9, 2
2018-11-23 21:40:01 (14433974511404) STATS - GET, 17.0, 0
2018-11-23 21:40:01 (14433974613708) STATS - GET, 17.1, 0
2018-11-23 21:40:01 (14433974713611) STATS - GET, 17.2, 2
2018-11-23 21:40:01 (14433974812315) STATS - GET, 17.3, 1
2018-11-23 21:40:01 (14433974909918) STATS - GET, 17.4, 2
2018-11-23 21:40:01 (14433975006222) STATS - GET, 17.5, 1
2018-11-23 21:40:01 (14433975116125) STATS - GET, 17.6, 1
2018-11-23 21:40:01 (14433975225029) STATS - GET, 17.7, 3
2018-11-23 21:40:01 (14433975367934) STATS - GET, 17.8, 2
2018-11-23 21:40:01 (14433975472038) STATS - GET, 17.9, 1
2018-11-23 21:40:01 (14433975565541) STATS - GET, 18.0, 2
2018-11-23 21:40:01 (14433975665245) STATS - GET, 18.1, 6
2018-11-23 21:40:01 (14433975763148) STATS - GET, 18.2, 2
2018-11-23 21:40:01 (14433975866052) STATS - GET, 18.3, 3
2018-11-23 21:40:01 (14433975963055) STATS - GET, 18.4, 2
2018-11-23 21:40:01 (14433976103460) STATS - GET, 18.5, 0
2018-11-23 21:40:01 (14433976202464) STATS - GET, 18.6, 0
2018-11-23 21:40:01 (14433982079971) STATS - GET, 18.7, 2
2018-11-23 21:40:01 (14433982324679) STATS - GET, 18.8, 3
2018-11-23 21:40:01 (14433982443283) STATS - GET, 18.9, 4
2018-11-23 21:40:01 (14433982539687) STATS - GET, 19.0, 2
2018-11-23 21:40:01 (14433982634190) STATS - GET, 19.1, 2
2018-11-23 21:40:01 (14433982735994) STATS - GET, 19.2, 1
2018-11-23 21:40:01 (14433982833097) STATS - GET, 19.3, 2
2018-11-23 21:40:01 (14433982927600) STATS - GET, 19.4, 1
2018-11-23 21:40:01 (14433983026104) STATS - GET, 19.5, 4
2018-11-23 21:40:01 (14433983120407) STATS - GET, 19.6, 3
2018-11-23 21:40:01 (14433983214010) STATS - GET, 19.7, 2
2018-11-23 21:40:01 (14433983307414) STATS - GET, 19.8, 4
2018-11-23 21:40:01 (14433983402117) STATS - GET, 19.9, 1
2018-11-23 21:40:01 (14433983491320) STATS - GET, 20.0, 2
2018-11-23 21:40:01 (14433983582523) STATS - GET, 20.1, 3
2018-11-23 21:40:01 (14433983675327) STATS - GET, 20.2, 0
2018-11-23 21:40:01 (14433983767330) STATS - GET, 20.3, 1
2018-11-23 21:40:01 (14433983859533) STATS - GET, 20.4, 3
2018-11-23 21:40:01 (14433983951836) STATS - GET, 20.5, 2
2018-11-23 21:40:01 (14433984067441) STATS - GET, 20.6, 0
2018-11-23 21:40:01 (14433984161644) STATS - GET, 20.7, 1
2018-11-23 21:40:01 (14433984254047) STATS - GET, 20.8, 1
2018-11-23 21:40:01 (14433984346650) STATS - GET, 20.9, 1
2018-11-23 21:40:01 (14433984434553) STATS - GET, 21.0, 1
2018-11-23 21:40:01 (14433984525357) STATS - GET, 21.1, 0
2018-11-23 21:40:01 (14433984859968) STATS - GET, 21.2, 1
2018-11-23 21:40:01 (14433984961972) STATS - GET, 21.3, 3
2018-11-23 21:40:01 (14433985054975) STATS - GET, 21.4, 0
2018-11-23 21:40:01 (14433985151979) STATS - GET, 21.5, 1
2018-11-23 21:40:01 (14433985294684) STATS - GET, 21.6, 1
2018-11-23 21:40:01 (14433985391587) STATS - GET, 21.7, 0
2018-11-23 21:40:01 (14433985483790) STATS - GET, 21.8, 2
2018-11-23 21:40:01 (14433985576194) STATS - GET, 21.9, 0
2018-11-23 21:40:01 (14433985664797) STATS - GET, 22.0, 0
2018-11-23 21:40:01 (14433985759800) STATS - GET, 22.1, 2
2018-11-23 21:40:01 (14433985894205) STATS - GET, 22.2, 2
2018-11-23 21:40:01 (14433986000209) STATS - GET, 22.3, 4
2018-11-23 21:40:01 (14433986096312) STATS - GET, 22.4, 0
2018-11-23 21:40:01 (14433991992319) STATS - GET, 22.5, 3
2018-11-23 21:40:01 (14433992205427) STATS - GET, 22.6, 0
2018-11-23 21:40:01 (14433992313731) STATS - GET, 22.7, 3
2018-11-23 21:40:01 (14433992407734) STATS - GET, 22.8, 0
2018-11-23 21:40:01 (14433992502237) STATS - GET, 22.9, 1
2018-11-23 21:40:01 (14433992654343) STATS - GET, 23.0, 0
2018-11-23 21:40:01 (14433992748246) STATS - GET, 23.1, 0
2018-11-23 21:40:01 (14433992864750) STATS - GET, 23.2, 0
2018-11-23 21:40:01 (14433993006355) STATS - GET, 23.3, 0
2018-11-23 21:40:01 (14433993103259) STATS - GET, 23.4, 0
2018-11-23 21:40:01 (14433993238163) STATS - GET, 23.5, 0
2018-11-23 21:40:01 (14433993356167) STATS - GET, 23.6, 0
2018-11-23 21:40:01 (14433993451171) STATS - GET, 23.7, 2
2018-11-23 21:40:01 (14433993548274) STATS - GET, 23.8, 0
2018-11-23 21:40:01 (14433993657278) STATS - GET, 23.9, 0
2018-11-23 21:40:01 (14433993960189) STATS - GET, 24.0, 0
2018-11-23 21:40:01 (14433994281600) STATS - GET, 24.1, 0
2018-11-23 21:40:01 (14433994384504) STATS - GET, 24.2, 1
2018-11-23 21:40:01 (14433994477307) STATS - GET, 24.3, 0
2018-11-23 21:40:01 (14433994575410) STATS - GET, 24.4, 0
2018-11-23 21:40:01 (14433994668814) STATS - GET, 24.5, 0
2018-11-23 21:40:01 (14433994760617) STATS - GET, 24.6, 2
2018-11-23 21:40:01 (14433994857120) STATS - GET, 24.7, 1
2018-11-23 21:40:01 (14433994948524) STATS - GET, 24.8, 1
2018-11-23 21:40:01 (14433995040027) STATS - GET, 24.9, 0
2018-11-23 21:40:01 (14433995128830) STATS - GET, 25.0, 0
2018-11-23 21:40:01 (14433995223433) STATS - GET, 25.1, 0
2018-11-23 21:40:01 (14433995318237) STATS - GET, 25.2, 0
2018-11-23 21:40:01 (14433995410040) STATS - GET, 25.3, 1
2018-11-23 21:40:01 (14433995501343) STATS - GET, 25.4, 0
2018-11-23 21:40:01 (14433995596646) STATS - GET, 25.5, 0
2018-11-23 21:40:01 (14433995693450) STATS - GET, 25.6, 0
2018-11-23 21:40:01 (14433995785253) STATS - GET, 25.7, 0
2018-11-23 21:40:01 (14433995875756) STATS - GET, 25.8, 0
2018-11-23 21:40:01 (14433995966459) STATS - GET, 25.9, 0
2018-11-23 21:40:01 (14433996084464) STATS - GET, 26.0, 0
2018-11-23 21:40:01 (14434001971571) STATS - GET, 26.1, 2
2018-11-23 21:40:01 (14434002076874) STATS - GET, 26.2, 1
2018-11-23 21:40:01 (14434002178278) STATS - GET, 26.3, 1
2018-11-23 21:40:01 (14434002271881) STATS - GET, 26.4, 0
2018-11-23 21:40:01 (14434002363885) STATS - GET, 26.5, 1
2018-11-23 21:40:01 (14434002456688) STATS - GET, 26.6, 0
2018-11-23 21:40:01 (14434002548291) STATS - GET, 26.7, 0
2018-11-23 21:40:01 (14434002642894) STATS - GET, 26.8, 0
2018-11-23 21:40:01 (14434002733598) STATS - GET, 26.9, 1
2018-11-23 21:40:01 (14434002822601) STATS - GET, 27.0, 0
2018-11-23 21:40:01 (14434002918304) STATS - GET, 27.1, 1
2018-11-23 21:40:01 (14434003011207) STATS - GET, 27.2, 1
2018-11-23 21:40:01 (14434003102311) STATS - GET, 27.3, 0
2018-11-23 21:40:01 (14434003192614) STATS - GET, 27.4, 0
2018-11-23 21:40:01 (14434003335619) STATS - GET, 27.5, 0
2018-11-23 21:40:01 (14434003428122) STATS - GET, 27.6, 0
2018-11-23 21:40:01 (14434003518525) STATS - GET, 27.7, 0
2018-11-23 21:40:01 (14434003607728) STATS - GET, 27.8, 0
2018-11-23 21:40:01 (14434003701832) STATS - GET, 27.9, 0
2018-11-23 21:40:01 (14434003790935) STATS - GET, 28.0, 1
2018-11-23 21:40:01 (14434003880038) STATS - GET, 28.1, 0
2018-11-23 21:40:01 (14434003970441) STATS - GET, 28.2, 1
2018-11-23 21:40:01 (14434004100846) STATS - GET, 28.3, 0
2018-11-23 21:40:01 (14434004192749) STATS - GET, 28.4, 1
2018-11-23 21:40:01 (14434004282752) STATS - GET, 28.5, 1
2018-11-23 21:40:01 (14434004371155) STATS - GET, 28.6, 0
2018-11-23 21:40:01 (14434004460658) STATS - GET, 28.7, 2
2018-11-23 21:40:01 (14434004550362) STATS - GET, 28.8, 0
2018-11-23 21:40:01 (14434004639765) STATS - GET, 28.9, 1
2018-11-23 21:40:01 (14434004731468) STATS - GET, 29.0, 0
2018-11-23 21:40:01 (14434004858072) STATS - GET, 29.1, 0
2018-11-23 21:40:01 (14434004954076) STATS - GET, 29.2, 0
2018-11-23 21:40:01 (14434005044279) STATS - GET, 29.3, 1
2018-11-23 21:40:01 (14434005135382) STATS - GET, 29.4, 2
2018-11-23 21:40:01 (14434005225785) STATS - GET, 29.5, 2
2018-11-23 21:40:01 (14434005315788) STATS - GET, 29.6, 0
2018-11-23 21:40:01 (14434005406192) STATS - GET, 29.7, 1
2018-11-23 21:40:01 (14434005495895) STATS - GET, 29.8, 1
2018-11-23 21:40:01 (14434005629800) STATS - GET, 29.9, 0
2018-11-23 21:40:01 (14434005732303) STATS - GET, 30.0, 0
2018-11-23 21:40:01 (14434005853407) STATS - GET, 30.1, 2
2018-11-23 21:40:01 (14434005951211) STATS - GET, 30.2, 1
2018-11-23 21:40:01 (14434011825618) STATS - GET, 30.3, 1
2018-11-23 21:40:01 (14434012031825) STATS - GET, 30.4, 0
2018-11-23 21:40:01 (14434012146629) STATS - GET, 30.5, 1
2018-11-23 21:40:01 (14434012240332) STATS - GET, 30.6, 0
2018-11-23 21:40:01 (14434012333035) STATS - GET, 30.7, 1
2018-11-23 21:40:01 (14434012424339) STATS - GET, 30.8, 0
2018-11-23 21:40:01 (14434012515242) STATS - GET, 30.9, 0
2018-11-23 21:40:01 (14434012603745) STATS - GET, 31.0, 0
2018-11-23 21:40:01 (14434012694448) STATS - GET, 31.1, 0
2018-11-23 21:40:01 (14434012785351) STATS - GET, 31.2, 0
2018-11-23 21:40:01 (14434012875255) STATS - GET, 31.3, 0
2018-11-23 21:40:01 (14434012969958) STATS - GET, 31.4, 0
2018-11-23 21:40:01 (14434013060861) STATS - GET, 31.5, 0
2018-11-23 21:40:01 (14434013150664) STATS - GET, 31.6, 1
2018-11-23 21:40:01 (14434013240967) STATS - GET, 31.7, 0
2018-11-23 21:40:01 (14434013330671) STATS - GET, 31.8, 1
2018-11-23 21:40:01 (14434013501977) STATS - GET, 31.9, 0
2018-11-23 21:40:01 (14434013616481) STATS - GET, 32.0, 1
2018-11-23 21:40:01 (14434013708084) STATS - GET, 32.1, 1
2018-11-23 21:40:01 (14434013798487) STATS - GET, 32.2, 0
2018-11-23 21:40:01 (14434013887990) STATS - GET, 32.3, 0
2018-11-23 21:40:01 (14434013977593) STATS - GET, 32.4, 0
2018-11-23 21:40:01 (14434014066796) STATS - GET, 32.5, 0
2018-11-23 21:40:01 (14434014155900) STATS - GET, 32.6, 0
2018-11-23 21:40:01 (14434014244703) STATS - GET, 32.7, 0
2018-11-23 21:40:01 (14434014333806) STATS - GET, 32.8, 1
2018-11-23 21:40:01 (14434014423509) STATS - GET, 32.9, 1
2018-11-23 21:40:01 (14434014510212) STATS - GET, 33.0, 0
2018-11-23 21:40:01 (14434014599315) STATS - GET, 33.1, 0
2018-11-23 21:40:01 (14434014688718) STATS - GET, 33.2, 0
2018-11-23 21:40:01 (14434014778922) STATS - GET, 33.3, 0
2018-11-23 21:40:01 (14434014867925) STATS - GET, 33.4, 0
2018-11-23 21:40:01 (14434014957228) STATS - GET, 33.5, 0
2018-11-23 21:40:01 (14434015046031) STATS - GET, 33.6, 0
2018-11-23 21:40:01 (14434015135234) STATS - GET, 33.7, 0
2018-11-23 21:40:01 (14434015225737) STATS - GET, 33.8, 0
2018-11-23 21:40:01 (14434015315640) STATS - GET, 33.9, 0
2018-11-23 21:40:01 (14434015402644) STATS - GET, 34.0, 0
2018-11-23 21:40:01 (14434015492047) STATS - GET, 34.1, 0
2018-11-23 21:40:01 (14434015581550) STATS - GET, 34.2, 1
2018-11-23 21:40:01 (14434015670953) STATS - GET, 34.3, 0
2018-11-23 21:40:01 (14434015759956) STATS - GET, 34.4, 0
2018-11-23 21:40:01 (14434015853859) STATS - GET, 34.5, 0
2018-11-23 21:40:01 (14434021724866) STATS - GET, 34.6, 0
2018-11-23 21:40:01 (14434021846070) STATS - GET, 34.7, 0
2018-11-23 21:40:01 (14434021940474) STATS - GET, 34.8, 0
2018-11-23 21:40:01 (14434022038177) STATS - GET, 34.9, 0
2018-11-23 21:40:01 (14434022131180) STATS - GET, 35.0, 0
2018-11-23 21:40:01 (14434022225684) STATS - GET, 35.1, 1
2018-11-23 21:40:01 (14434022315887) STATS - GET, 35.2, 0
2018-11-23 21:40:01 (14434022409890) STATS - GET, 35.3, 0
2018-11-23 21:40:01 (14434022500493) STATS - GET, 35.4, 0
2018-11-23 21:40:01 (14434022618998) STATS - GET, 35.5, 0
2018-11-23 21:40:01 (14434022728401) STATS - GET, 35.6, 0
2018-11-23 21:40:01 (14434022823405) STATS - GET, 35.7, 0
2018-11-23 21:40:01 (14434022914808) STATS - GET, 35.8, 1
2018-11-23 21:40:01 (14434023005011) STATS - GET, 35.9, 2
2018-11-23 21:40:01 (14434023092814) STATS - GET, 36.0, 0
2018-11-23 21:40:01 (14434023185617) STATS - GET, 36.1, 0
2018-11-23 21:40:01 (14434023274821) STATS - GET, 36.2, 0
2018-11-23 21:40:01 (14434023374624) STATS - GET, 36.3, 1
2018-11-23 21:40:01 (14434023474628) STATS - GET, 36.4, 0
2018-11-23 21:40:01 (14434023568531) STATS - GET, 36.5, 0
2018-11-23 21:40:01 (14434023666334) STATS - GET, 36.6, 0
2018-11-23 21:40:01 (14434023774738) STATS - GET, 36.7, 0
2018-11-23 21:40:01 (14434023939344) STATS - GET, 36.8, 0
2018-11-23 21:40:01 (14434024690470) STATS - GET, 36.9, 0
2018-11-23 21:40:01 (14434024790074) STATS - GET, 37.0, 0
2018-11-23 21:40:01 (14434024883777) STATS - GET, 37.1, 0
2018-11-23 21:40:01 (14434024977681) STATS - GET, 37.2, 0
2018-11-23 21:40:01 (14434025066284) STATS - GET, 37.3, 0
2018-11-23 21:40:01 (14434025262591) STATS - GET, 37.4, 0
2018-11-23 21:40:01 (14434025353894) STATS - GET, 37.5, 0
2018-11-23 21:40:01 (14434025480998) STATS - GET, 37.6, 0
2018-11-23 21:40:01 (14434025566401) STATS - GET, 37.7, 0
2018-11-23 21:40:01 (14434025650804) STATS - GET, 37.8, 0
2018-11-23 21:40:01 (14434025735607) STATS - GET, 37.9, 1
2018-11-23 21:40:01 (14434025822210) STATS - GET, 38.0, 0
2018-11-23 21:40:01 (14434025908113) STATS - GET, 38.1, 0
2018-11-23 21:40:01 (14434026035318) STATS - GET, 38.2, 0
2018-11-23 21:40:01 (14434026128921) STATS - GET, 38.3, 0
2018-11-23 21:40:01 (14434026220124) STATS - GET, 38.4, 0
2018-11-23 21:40:01 (14434026305127) STATS - GET, 38.5, 0
2018-11-23 21:40:01 (14434032167834) STATS - GET, 38.6, 0
2018-11-23 21:40:01 (14434032315639) STATS - GET, 38.7, 0
2018-11-23 21:40:01 (14434032426443) STATS - GET, 38.8, 0
2018-11-23 21:40:01 (14434032517746) STATS - GET, 38.9, 0
2018-11-23 21:40:01 (14434032601349) STATS - GET, 39.0, 0
2018-11-23 21:40:01 (14434032685652) STATS - GET, 39.1, 0
2018-11-23 21:40:01 (14434032769555) STATS - GET, 39.2, 0
2018-11-23 21:40:01 (14434032876959) STATS - GET, 39.3, 0
2018-11-23 21:40:01 (14434032962862) STATS - GET, 39.4, 0
2018-11-23 21:40:01 (14434033046665) STATS - GET, 39.5, 0
2018-11-23 21:40:01 (14434033134768) STATS - GET, 39.6, 0
2018-11-23 21:40:01 (14434033219271) STATS - GET, 39.7, 0
2018-11-23 21:40:01 (14434033303174) STATS - GET, 39.8, 0
2018-11-23 21:40:01 (14434033391977) STATS - GET, 39.9, 0
2018-11-23 21:40:01 (14434033473680) STATS - GET, 40.0, 0
2018-11-23 21:40:01 (14434033556983) STATS - GET, 40.1, 1
2018-11-23 21:40:01 (14434033640085) STATS - GET, 40.2, 0
2018-11-23 21:40:01 (14434033723688) STATS - GET, 40.3, 0
2018-11-23 21:40:01 (14434033807691) STATS - GET, 40.4, 0
2018-11-23 21:40:01 (14434033890694) STATS - GET, 40.5, 0
2018-11-23 21:40:01 (14434033973497) STATS - GET, 40.6, 0
2018-11-23 21:40:01 (14434034109002) STATS - GET, 40.7, 0
2018-11-23 21:40:01 (14434034198805) STATS - GET, 40.8, 0
2018-11-23 21:40:01 (14434034283108) STATS - GET, 40.9, 0
2018-11-23 21:40:01 (14434034364411) STATS - GET, 41.0, 0
2018-11-23 21:40:01 (14434034446514) STATS - GET, 41.1, 0
2018-11-23 21:40:01 (14434034529617) STATS - GET, 41.2, 0
2018-11-23 21:40:01 (14434034613120) STATS - GET, 41.3, 0
2018-11-23 21:40:01 (14434034696923) STATS - GET, 41.4, 1
2018-11-23 21:40:01 (14434034780526) STATS - GET, 41.5, 0
2018-11-23 21:40:01 (14434034863329) STATS - GET, 41.6, 0
2018-11-23 21:40:01 (14434034946231) STATS - GET, 41.7, 0
2018-11-23 21:40:01 (14434035029534) STATS - GET, 41.8, 0
2018-11-23 21:40:01 (14434035142438) STATS - GET, 41.9, 0
2018-11-23 21:40:01 (14434035226941) STATS - GET, 42.0, 0
2018-11-23 21:40:01 (14434035310144) STATS - GET, 42.1, 0
2018-11-23 21:40:01 (14434035393347) STATS - GET, 42.2, 0
2018-11-23 21:40:01 (14434035476450) STATS - GET, 42.3, 0
2018-11-23 21:40:01 (14434035560253) STATS - GET, 42.4, 0
2018-11-23 21:40:01 (14434035642756) STATS - GET, 42.5, 0
2018-11-23 21:40:01 (14434035725759) STATS - GET, 42.6, 0
2018-11-23 21:40:01 (14434035807962) STATS - GET, 42.7, 1
2018-11-23 21:40:01 (14434035890965) STATS - GET, 42.8, 0
2018-11-23 21:40:01 (14434035984668) STATS - GET, 42.9, 0
2018-11-23 21:40:01 (14434036090672) STATS - GET, 43.0, 0
2018-11-23 21:40:01 (14434036178375) STATS - GET, 43.1, 0
2018-11-23 21:40:01 (14434036264878) STATS - GET, 43.2, 1
2018-11-23 21:40:01 (14434042228688) STATS - GET, 43.3, 0
2018-11-23 21:40:01 (14434042318391) STATS - GET, 43.4, 0
2018-11-23 21:40:01 (14434042403794) STATS - GET, 43.5, 0
2018-11-23 21:40:01 (14434042488497) STATS - GET, 43.6, 0
2018-11-23 21:40:01 (14434042572600) STATS - GET, 43.7, 0
2018-11-23 21:40:01 (14434042656103) STATS - GET, 43.8, 0
2018-11-23 21:40:01 (14434042740506) STATS - GET, 43.9, 0
2018-11-23 21:40:01 (14434042829309) STATS - GET, 44.0, 0
2018-11-23 21:40:01 (14434042913512) STATS - GET, 44.1, 1
2018-11-23 21:40:01 (14434042996215) STATS - GET, 44.2, 0
2018-11-23 21:40:01 (14434043080018) STATS - GET, 44.3, 0
2018-11-23 21:40:01 (14434043163421) STATS - GET, 44.4, 0
2018-11-23 21:40:01 (14434043246124) STATS - GET, 44.5, 0
2018-11-23 21:40:01 (14434043328726) STATS - GET, 44.6, 0
2018-11-23 21:40:01 (14434043411829) STATS - GET, 44.7, 0
2018-11-23 21:40:01 (14434043494732) STATS - GET, 44.8, 0
2018-11-23 21:40:01 (14434043584636) STATS - GET, 44.9, 0
2018-11-23 21:40:01 (14434043666338) STATS - GET, 45.0, 0
2018-11-23 21:40:01 (14434043748941) STATS - GET, 45.1, 0
2018-11-23 21:40:01 (14434043832344) STATS - GET, 45.2, 0
2018-11-23 21:40:01 (14434043915447) STATS - GET, 45.3, 0
2018-11-23 21:40:01 (14434043998350) STATS - GET, 45.4, 0
2018-11-23 21:40:01 (14434044103654) STATS - GET, 45.5, 0
2018-11-23 21:40:01 (14434044218958) STATS - GET, 45.6, 1
2018-11-23 21:40:01 (14434044307161) STATS - GET, 45.7, 0
2018-11-23 21:40:01 (14434044391364) STATS - GET, 45.8, 0
2018-11-23 21:40:01 (14434044474467) STATS - GET, 45.9, 0
2018-11-23 21:40:01 (14434044558670) STATS - GET, 46.0, 0
2018-11-23 21:40:01 (14434044642373) STATS - GET, 46.1, 0
2018-11-23 21:40:01 (14434044727276) STATS - GET, 46.2, 0
2018-11-23 21:40:01 (14434044810479) STATS - GET, 46.3, 0
2018-11-23 21:40:01 (14434044893782) STATS - GET, 46.4, 1
2018-11-23 21:40:01 (14434044976484) STATS - GET, 46.5, 0
2018-11-23 21:40:01 (14434045059187) STATS - GET, 46.6, 0
2018-11-23 21:40:01 (14434045165491) STATS - GET, 46.7, 0
2018-11-23 21:40:01 (14434045248894) STATS - GET, 46.8, 0
2018-11-23 21:40:01 (14434045332597) STATS - GET, 46.9, 0
2018-11-23 21:40:01 (14434045412700) STATS - GET, 47.0, 0
2018-11-23 21:40:01 (14434045498503) STATS - GET, 47.1, 0
2018-11-23 21:40:01 (14434045581206) STATS - GET, 47.2, 0
2018-11-23 21:40:01 (14434045665309) STATS - GET, 47.3, 0
2018-11-23 21:40:01 (14434045763512) STATS - GET, 47.4, 0
2018-11-23 21:40:01 (14434045869616) STATS - GET, 47.5, 0
2018-11-23 21:40:01 (14434045953819) STATS - GET, 47.6, 1
2018-11-23 21:40:01 (14434046036822) STATS - GET, 47.7, 0
2018-11-23 21:40:01 (14434046119425) STATS - GET, 47.8, 0
2018-11-23 21:40:01 (14434052095735) STATS - GET, 47.9, 0
2018-11-23 21:40:01 (14434052208139) STATS - GET, 48.0, 0
2018-11-23 21:40:01 (14434052305642) STATS - GET, 48.1, 0
2018-11-23 21:40:01 (14434052393646) STATS - GET, 48.2, 0
2018-11-23 21:40:01 (14434052489549) STATS - GET, 48.3, 0
2018-11-23 21:40:01 (14434052577852) STATS - GET, 48.4, 0
2018-11-23 21:40:01 (14434052670855) STATS - GET, 48.5, 0
2018-11-23 21:40:01 (14434052752858) STATS - GET, 48.6, 1
2018-11-23 21:40:01 (14434052835861) STATS - GET, 48.7, 0
2018-11-23 21:40:01 (14434052943565) STATS - GET, 48.8, 0
2018-11-23 21:40:01 (14434053051769) STATS - GET, 48.9, 0
2018-11-23 21:40:01 (14434053132072) STATS - GET, 49.0, 0
2018-11-23 21:40:01 (14434053276377) STATS - GET, 49.1, 0
2018-11-23 21:40:01 (14434053541586) STATS - GET, 49.2, 0
2018-11-23 21:40:01 (14434053632989) STATS - GET, 49.3, 0
2018-11-23 21:40:01 (14434053764594) STATS - GET, 49.4, 0
2018-11-23 21:40:01 (14434054006102) STATS - GET, 49.5, 0
2018-11-23 21:40:01 (14434054228510) STATS - GET, 49.6, 0
2018-11-23 21:40:01 (14434054380816) STATS - GET, 49.7, 0
2018-11-23 21:40:01 (14434054468019) STATS - GET, 49.8, 0
2018-11-23 21:40:01 (14434054554122) STATS - GET, 49.9, 0
2018-11-23 21:40:01 (14434054639425) STATS - GET, 50.0, 0
2018-11-23 21:40:01 (14434054720927) STATS - GET, 50.1, 0
2018-11-23 21:40:01 (14434054801830) STATS - GET, 50.2, 0
2018-11-23 21:40:01 (14434054883833) STATS - GET, 50.3, 0
2018-11-23 21:40:01 (14434055060539) STATS - GET, 50.4, 0
2018-11-23 21:40:01 (14434055141942) STATS - GET, 50.5, 0
2018-11-23 21:40:01 (14434055222445) STATS - GET, 50.6, 0
2018-11-23 21:40:01 (14434055302748) STATS - GET, 50.7, 0
2018-11-23 21:40:01 (14434055387251) STATS - GET, 50.8, 0
2018-11-23 21:40:01 (14434055469054) STATS - GET, 50.9, 0
2018-11-23 21:40:01 (14434055567957) STATS - GET, 51.0, 0
2018-11-23 21:40:01 (14434055692162) STATS - GET, 51.1, 0
2018-11-23 21:40:01 (14434055809566) STATS - GET, 51.2, 0
2018-11-23 21:40:01 (14434055895369) STATS - GET, 51.3, 0
2018-11-23 21:40:01 (14434055976672) STATS - GET, 51.4, 0
2018-11-23 21:40:01 (14434061878379) STATS - GET, 51.5, 0
2018-11-23 21:40:01 (14434062006984) STATS - GET, 51.6, 0
2018-11-23 21:40:01 (14434062092387) STATS - GET, 51.7, 0
2018-11-23 21:40:01 (14434062174490) STATS - GET, 51.8, 0
2018-11-23 21:40:01 (14434062255393) STATS - GET, 51.9, 0
2018-11-23 21:40:01 (14434062333895) STATS - GET, 52.0, 0
2018-11-23 21:40:01 (14434062438799) STATS - GET, 52.1, 0
2018-11-23 21:40:01 (14434062520102) STATS - GET, 52.2, 0
2018-11-23 21:40:01 (14434062622206) STATS - GET, 52.3, 0
2018-11-23 21:40:01 (14434062790312) STATS - GET, 52.4, 0
2018-11-23 21:40:01 (14434062876715) STATS - GET, 52.5, 0
2018-11-23 21:40:01 (14434062957817) STATS - GET, 52.6, 0
2018-11-23 21:40:01 (14434063037520) STATS - GET, 52.7, 0
2018-11-23 21:40:01 (14434063117523) STATS - GET, 52.8, 0
2018-11-23 21:40:01 (14434063198326) STATS - GET, 52.9, 0
2018-11-23 21:40:01 (14434063276129) STATS - GET, 53.0, 0
2018-11-23 21:40:01 (14434063355231) STATS - GET, 53.1, 0
2018-11-23 21:40:01 (14434063434834) STATS - GET, 53.2, 0
2018-11-23 21:40:01 (14434063515037) STATS - GET, 53.3, 0
2018-11-23 21:40:01 (14434063595040) STATS - GET, 53.4, 0
2018-11-23 21:40:01 (14434063674943) STATS - GET, 53.5, 0
2018-11-23 21:40:01 (14434063754945) STATS - GET, 53.6, 0
2018-11-23 21:40:01 (14434063836048) STATS - GET, 53.7, 0
2018-11-23 21:40:01 (14434063978853) STATS - GET, 53.8, 0
2018-11-23 21:40:01 (14434064085257) STATS - GET, 53.9, 0
2018-11-23 21:40:01 (14434064163560) STATS - GET, 54.0, 0
2018-11-23 21:40:01 (14434064242763) STATS - GET, 54.1, 0
2018-11-23 21:40:01 (14434064329966) STATS - GET, 54.2, 0
2018-11-23 21:40:01 (14434064462570) STATS - GET, 54.3, 0
2018-11-23 21:40:01 (14434064543373) STATS - GET, 54.4, 0
2018-11-23 21:40:01 (14434064622976) STATS - GET, 54.5, 0
2018-11-23 21:40:01 (14434064707779) STATS - GET, 54.6, 0
2018-11-23 21:40:01 (14434064787282) STATS - GET, 54.7, 0
2018-11-23 21:40:01 (14434064866685) STATS - GET, 54.8, 0
2018-11-23 21:40:01 (14434064946187) STATS - GET, 54.9, 0
2018-11-23 21:40:01 (14434065023090) STATS - GET, 55.0, 0
2018-11-23 21:40:01 (14434065106593) STATS - GET, 55.1, 0
2018-11-23 21:40:01 (14434065186296) STATS - GET, 55.2, 0
2018-11-23 21:40:01 (14434065311900) STATS - GET, 55.3, 0
2018-11-23 21:40:01 (14434065395703) STATS - GET, 55.4, 0
2018-11-23 21:40:01 (14434065481406) STATS - GET, 55.5, 0
2018-11-23 21:40:01 (14434065561509) STATS - GET, 55.6, 0
2018-11-23 21:40:01 (14434065659413) STATS - GET, 55.7, 0
2018-11-23 21:40:01 (14434065740515) STATS - GET, 55.8, 0
2018-11-23 21:40:01 (14434065825718) STATS - GET, 55.9, 0
2018-11-23 21:40:01 (14434065929922) STATS - GET, 56.0, 0
2018-11-23 21:40:01 (14434071840230) STATS - GET, 56.1, 0
2018-11-23 21:40:01 (14434071938734) STATS - GET, 56.2, 0
2018-11-23 21:40:01 (14434072226044) STATS - GET, 56.3, 0
2018-11-23 21:40:01 (14434072313447) STATS - GET, 56.4, 0
2018-11-23 21:40:01 (14434072393650) STATS - GET, 56.5, 0
2018-11-23 21:40:01 (14434072471752) STATS - GET, 56.6, 0
2018-11-23 21:40:01 (14434072549255) STATS - GET, 56.7, 0
2018-11-23 21:40:01 (14434072627058) STATS - GET, 56.8, 0
2018-11-23 21:40:01 (14434072704060) STATS - GET, 56.9, 0
2018-11-23 21:40:01 (14434072779763) STATS - GET, 57.0, 0
2018-11-23 21:40:01 (14434072857666) STATS - GET, 57.1, 0
2018-11-23 21:40:01 (14434072935169) STATS - GET, 57.2, 0
2018-11-23 21:40:01 (14434073013671) STATS - GET, 57.3, 0
2018-11-23 21:40:01 (14434073091874) STATS - GET, 57.4, 0
2018-11-23 21:40:01 (14434073169977) STATS - GET, 57.5, 0
2018-11-23 21:40:01 (14434073292881) STATS - GET, 57.6, 0
2018-11-23 21:40:01 (14434073372584) STATS - GET, 57.7, 0
2018-11-23 21:40:01 (14434073449187) STATS - GET, 57.8, 0
2018-11-23 21:40:01 (14434073552890) STATS - GET, 57.9, 0
2018-11-23 21:40:01 (14434073629693) STATS - GET, 58.0, 0
2018-11-23 21:40:01 (14434073704996) STATS - GET, 58.1, 0
2018-11-23 21:40:01 (14434073780498) STATS - GET, 58.2, 0
2018-11-23 21:40:01 (14434073856201) STATS - GET, 58.3, 0
2018-11-23 21:40:01 (14434073931604) STATS - GET, 58.4, 0
2018-11-23 21:40:01 (14434074007006) STATS - GET, 58.5, 0
2018-11-23 21:40:01 (14434074082409) STATS - GET, 58.6, 0
2018-11-23 21:40:01 (14434074157612) STATS - GET, 58.7, 0
2018-11-23 21:40:01 (14434074233314) STATS - GET, 58.8, 0
2018-11-23 21:40:01 (14434074308617) STATS - GET, 58.9, 0
2018-11-23 21:40:01 (14434074382220) STATS - GET, 59.0, 0
2018-11-23 21:40:01 (14434074456722) STATS - GET, 59.1, 0
2018-11-23 21:40:01 (14434074534325) STATS - GET, 59.2, 0
2018-11-23 21:40:01 (14434074634328) STATS - GET, 59.3, 0
2018-11-23 21:40:01 (14434074709731) STATS - GET, 59.4, 0
2018-11-23 21:40:01 (14434074784434) STATS - GET, 59.5, 0
2018-11-23 21:40:01 (14434074858136) STATS - GET, 59.6, 0
2018-11-23 21:40:01 (14434074936339) STATS - GET, 59.7, 0
2018-11-23 21:40:01 (14434075012242) STATS - GET, 59.8, 0
2018-11-23 21:40:01 (14434075086944) STATS - GET, 59.9, 0
2018-11-23 21:40:01 (14434075204549) STATS - GET, 60.0, 0
2018-11-23 21:40:01 (14434075294752) STATS - GET, 60.1, 0
2018-11-23 21:40:01 (14434075369854) STATS - GET, 60.2, 0
2018-11-23 21:40:01 (14434075444257) STATS - GET, 60.3, 0
2018-11-23 21:40:01 (14434075518960) STATS - GET, 60.4, 0
2018-11-23 21:40:01 (14434075596362) STATS - GET, 60.5, 0
2018-11-23 21:40:01 (14434075716167) STATS - GET, 60.6, 0
2018-11-23 21:40:01 (14434075833771) STATS - GET, 60.7, 0
2018-11-23 21:40:01 (14434075910473) STATS - GET, 60.8, 0
2018-11-23 21:40:01 (14434075993476) STATS - GET, 60.9, 0
2018-11-23 21:40:01 (14434081939986) STATS - GET, 61.0, 0
2018-11-23 21:40:01 (14434082098591) STATS - GET, 61.1, 0
2018-11-23 21:40:01 (14434082186594) STATS - GET, 61.2, 0
2018-11-23 21:40:01 (14434082265397) STATS - GET, 61.3, 0
2018-11-23 21:40:01 (14434082338900) STATS - GET, 61.4, 0
2018-11-23 21:40:01 (14434082444803) STATS - GET, 61.5, 0
2018-11-23 21:40:01 (14434082519606) STATS - GET, 61.6, 0
2018-11-23 21:40:01 (14434082593409) STATS - GET, 61.7, 0
2018-11-23 21:40:01 (14434082663711) STATS - GET, 61.8, 0
2018-11-23 21:40:01 (14434082809416) STATS - GET, 61.9, 0
2018-11-23 21:40:01 (14434082891419) STATS - GET, 62.0, 0
2018-11-23 21:40:01 (14434082961222) STATS - GET, 62.1, 0
2018-11-23 21:40:01 (14434083037924) STATS - GET, 62.2, 0
2018-11-23 21:40:01 (14434083127927) STATS - GET, 62.3, 0
2018-11-23 21:40:01 (14434083378436) STATS - GET, 62.4, 0
2018-11-23 21:40:01 (14434083476940) STATS - GET, 62.5, 0
2018-11-23 21:40:01 (14434083551542) STATS - GET, 62.6, 0
2018-11-23 21:40:01 (14434083623345) STATS - GET, 62.7, 0
2018-11-23 21:40:01 (14434083727649) STATS - GET, 62.8, 0
2018-11-23 21:40:01 (14434083798351) STATS - GET, 62.9, 0
2018-11-23 21:40:01 (14434083864553) STATS - GET, 63.0, 0
2018-11-23 21:40:01 (14434083956257) STATS - GET, 63.1, 0
2018-11-23 21:40:01 (14434084047660) STATS - GET, 63.2, 0
2018-11-23 21:40:01 (14434084119362) STATS - GET, 63.3, 0
2018-11-23 21:40:01 (14434084186065) STATS - GET, 63.4, 0
2018-11-23 21:40:01 (14434084253067) STATS - GET, 63.5, 0
2018-11-23 21:40:01 (14434084353971) STATS - GET, 63.6, 0
2018-11-23 21:40:01 (14434084427173) STATS - GET, 63.7, 0
2018-11-23 21:40:01 (14434084494476) STATS - GET, 63.8, 0
2018-11-23 21:40:01 (14434084635280) STATS - GET, 63.9, 0
2018-11-23 21:40:01 (14434084712283) STATS - GET, 64.0, 0
2018-11-23 21:40:01 (14434084782386) STATS - GET, 64.1, 0
2018-11-23 21:40:01 (14434084848888) STATS - GET, 64.2, 0
2018-11-23 21:40:01 (14434084915290) STATS - GET, 64.3, 0
2018-11-23 21:40:01 (14434085012594) STATS - GET, 64.4, 0
2018-11-23 21:40:01 (14434085090396) STATS - GET, 64.5, 0
2018-11-23 21:40:01 (14434085157799) STATS - GET, 64.6, 0
2018-11-23 21:40:01 (14434085223801) STATS - GET, 64.7, 0
2018-11-23 21:40:01 (14434085289503) STATS - GET, 64.8, 0
2018-11-23 21:40:01 (14434085355206) STATS - GET, 64.9, 0
2018-11-23 21:40:01 (14434085418308) STATS - GET, 65.0, 0
2018-11-23 21:40:01 (14434085484510) STATS - GET, 65.1, 0
2018-11-23 21:40:01 (14434085553313) STATS - GET, 65.2, 0
2018-11-23 21:40:01 (14434085619815) STATS - GET, 65.3, 0
2018-11-23 21:40:01 (14434085686117) STATS - GET, 65.4, 0
2018-11-23 21:40:01 (14434085752720) STATS - GET, 65.5, 0
2018-11-23 21:40:01 (14434085820122) STATS - GET, 65.6, 0
2018-11-23 21:40:01 (14434085886024) STATS - GET, 65.7, 0
2018-11-23 21:40:01 (14434085952127) STATS - GET, 65.8, 0
2018-11-23 21:40:01 (14434086018029) STATS - GET, 65.9, 0
2018-11-23 21:40:01 (14434086081331) STATS - GET, 66.0, 0
2018-11-23 21:40:01 (14434092031941) STATS - GET, 66.1, 0
2018-11-23 21:40:01 (14434092119244) STATS - GET, 66.2, 0
2018-11-23 21:40:01 (14434092188546) STATS - GET, 66.3, 0
2018-11-23 21:40:01 (14434092255449) STATS - GET, 66.4, 0
2018-11-23 21:40:01 (14434092369653) STATS - GET, 66.5, 0
2018-11-23 21:40:01 (14434092439855) STATS - GET, 66.6, 0
2018-11-23 21:40:01 (14434092506658) STATS - GET, 66.7, 0
2018-11-23 21:40:01 (14434092573160) STATS - GET, 66.8, 0
2018-11-23 21:40:01 (14434092639262) STATS - GET, 66.9, 0
2018-11-23 21:40:01 (14434092707765) STATS - GET, 67.0, 0
2018-11-23 21:40:01 (14434092774967) STATS - GET, 67.1, 0
2018-11-23 21:40:01 (14434092840869) STATS - GET, 67.2, 0
2018-11-23 21:40:01 (14434092907072) STATS - GET, 67.3, 0
2018-11-23 21:40:01 (14434092973474) STATS - GET, 67.4, 0
2018-11-23 21:40:01 (14434093039676) STATS - GET, 67.5, 0
2018-11-23 21:40:01 (14434093106479) STATS - GET, 67.6, 0
2018-11-23 21:40:01 (14434093172981) STATS - GET, 67.7, 0
2018-11-23 21:40:01 (14434093239083) STATS - GET, 67.8, 0
2018-11-23 21:40:01 (14434093305286) STATS - GET, 67.9, 0
2018-11-23 21:40:01 (14434093369488) STATS - GET, 68.0, 0
2018-11-23 21:40:01 (14434093435890) STATS - GET, 68.1, 0
2018-11-23 21:40:01 (14434093501493) STATS - GET, 68.2, 0
2018-11-23 21:40:01 (14434093567895) STATS - GET, 68.3, 0
2018-11-23 21:40:01 (14434093634097) STATS - GET, 68.4, 0
2018-11-23 21:40:01 (14434093700200) STATS - GET, 68.5, 0
2018-11-23 21:40:01 (14434093766602) STATS - GET, 68.6, 0
2018-11-23 21:40:01 (14434093876506) STATS - GET, 68.7, 0
2018-11-23 21:40:01 (14434093946208) STATS - GET, 68.8, 0
2018-11-23 21:40:01 (14434094012411) STATS - GET, 68.9, 0
2018-11-23 21:40:01 (14434094076713) STATS - GET, 69.0, 0
2018-11-23 21:40:01 (14434094143115) STATS - GET, 69.1, 0
2018-11-23 21:40:01 (14434094209817) STATS - GET, 69.2, 0
2018-11-23 21:40:01 (14434094282420) STATS - GET, 69.3, 0
2018-11-23 21:40:01 (14434094350622) STATS - GET, 69.4, 0
2018-11-23 21:40:01 (14434094416825) STATS - GET, 69.5, 0
2018-11-23 21:40:01 (14434094483827) STATS - GET, 69.6, 0
2018-11-23 21:40:01 (14434094549829) STATS - GET, 69.7, 0
2018-11-23 21:40:01 (14434094616332) STATS - GET, 69.8, 0
2018-11-23 21:40:01 (14434094685634) STATS - GET, 69.9, 0
2018-11-23 21:40:01 (14434094753337) STATS - GET, 70.0, 0
2018-11-23 21:40:01 (14434094821039) STATS - GET, 70.1, 0
2018-11-23 21:40:01 (14434094886841) STATS - GET, 70.2, 0
2018-11-23 21:40:01 (14434094953244) STATS - GET, 70.3, 0
2018-11-23 21:40:01 (14434095018846) STATS - GET, 70.4, 0
2018-11-23 21:40:01 (14434095087848) STATS - GET, 70.5, 0
2018-11-23 21:40:01 (14434095184452) STATS - GET, 70.6, 0
2018-11-23 21:40:01 (14434095252954) STATS - GET, 70.7, 0
2018-11-23 21:40:01 (14434095317556) STATS - GET, 70.8, 0
2018-11-23 21:40:01 (14434095380659) STATS - GET, 70.9, 0
2018-11-23 21:40:01 (14434095459861) STATS - GET, 71.0, 0
2018-11-23 21:40:01 (14434095527364) STATS - GET, 71.1, 0
2018-11-23 21:40:01 (14434095590966) STATS - GET, 71.2, 0
2018-11-23 21:40:01 (14434095654468) STATS - GET, 71.3, 0
2018-11-23 21:40:01 (14434095717471) STATS - GET, 71.4, 0
2018-11-23 21:40:01 (14434095780073) STATS - GET, 71.5, 0
2018-11-23 21:40:01 (14434095843375) STATS - GET, 71.6, 0
2018-11-23 21:40:01 (14434095905977) STATS - GET, 71.7, 0
2018-11-23 21:40:01 (14434095969379) STATS - GET, 71.8, 0
2018-11-23 21:40:01 (14434096054382) STATS - GET, 71.9, 0
2018-11-23 21:40:01 (14434101929389) STATS - GET, 72.0, 0
2018-11-23 21:40:01 (14434102003392) STATS - GET, 72.1, 0
2018-11-23 21:40:01 (14434102068694) STATS - GET, 72.2, 0
2018-11-23 21:40:01 (14434102133496) STATS - GET, 72.3, 0
2018-11-23 21:40:01 (14434102196699) STATS - GET, 72.4, 0
2018-11-23 21:40:01 (14434102259701) STATS - GET, 72.5, 0
2018-11-23 21:40:01 (14434102329103) STATS - GET, 72.6, 0
2018-11-23 21:40:01 (14434102397406) STATS - GET, 72.7, 0
2018-11-23 21:40:01 (14434102461408) STATS - GET, 72.8, 0
2018-11-23 21:40:01 (14434102523810) STATS - GET, 72.9, 0
2018-11-23 21:40:01 (14434102590612) STATS - GET, 73.0, 0
2018-11-23 21:40:01 (14434102654315) STATS - GET, 73.1, 0
2018-11-23 21:40:01 (14434102721217) STATS - GET, 73.2, 0
2018-11-23 21:40:01 (14434102827521) STATS - GET, 73.3, 0
2018-11-23 21:40:01 (14434102890923) STATS - GET, 73.4, 0
2018-11-23 21:40:01 (14434102957625) STATS - GET, 73.5, 0
2018-11-23 21:40:01 (14434103023028) STATS - GET, 73.6, 0
2018-11-23 21:40:01 (14434103085030) STATS - GET, 73.7, 0
2018-11-23 21:40:01 (14434103145832) STATS - GET, 73.8, 0
2018-11-23 21:40:01 (14434103206234) STATS - GET, 73.9, 0
2018-11-23 21:40:01 (14434103369840) STATS - GET, 74.0, 0
2018-11-23 21:40:01 (14434103482944) STATS - GET, 74.1, 0
2018-11-23 21:40:01 (14434103545846) STATS - GET, 74.2, 0
2018-11-23 21:40:01 (14434103606948) STATS - GET, 74.3, 0
2018-11-23 21:40:01 (14434103667950) STATS - GET, 74.4, 0
2018-11-23 21:40:01 (14434103765954) STATS - GET, 74.5, 0
2018-11-23 21:40:01 (14434103828556) STATS - GET, 74.6, 0
2018-11-23 21:40:01 (14434103909359) STATS - GET, 74.7, 0
2018-11-23 21:40:01 (14434104068265) STATS - GET, 74.8, 0
2018-11-23 21:40:01 (14434104142767) STATS - GET, 74.9, 0
2018-11-23 21:40:01 (14434104246471) STATS - GET, 75.0, 0
2018-11-23 21:40:01 (14434104325074) STATS - GET, 75.1, 0
2018-11-23 21:40:01 (14434104407876) STATS - GET, 75.2, 0
2018-11-23 21:40:01 (14434104536881) STATS - GET, 75.3, 0
2018-11-23 21:40:01 (14434104603983) STATS - GET, 75.4, 0
2018-11-23 21:40:01 (14434104664585) STATS - GET, 75.5, 0
2018-11-23 21:40:01 (14434104726588) STATS - GET, 75.6, 0
2018-11-23 21:40:01 (14434104785290) STATS - GET, 75.7, 0
2018-11-23 21:40:01 (14434104844692) STATS - GET, 75.8, 0
2018-11-23 21:40:01 (14434104922395) STATS - GET, 75.9, 0
2018-11-23 21:40:01 (14434104984797) STATS - GET, 76.0, 0
2018-11-23 21:40:01 (14434105044499) STATS - GET, 76.1, 0
2018-11-23 21:40:01 (14434105103901) STATS - GET, 76.2, 0
2018-11-23 21:40:01 (14434105163503) STATS - GET, 76.3, 0
2018-11-23 21:40:01 (14434105222405) STATS - GET, 76.4, 0
2018-11-23 21:40:01 (14434105281707) STATS - GET, 76.5, 0
2018-11-23 21:40:01 (14434105341309) STATS - GET, 76.6, 0
2018-11-23 21:40:01 (14434105402611) STATS - GET, 76.7, 0
2018-11-23 21:40:01 (14434105542616) STATS - GET, 76.8, 0
2018-11-23 21:40:01 (14434105610319) STATS - GET, 76.9, 0
2018-11-23 21:40:01 (14434105670321) STATS - GET, 77.0, 0
2018-11-23 21:40:01 (14434105729923) STATS - GET, 77.1, 0
2018-11-23 21:40:01 (14434105789125) STATS - GET, 77.2, 0
2018-11-23 21:40:01 (14434105848727) STATS - GET, 77.3, 0
2018-11-23 21:40:01 (14434105908029) STATS - GET, 77.4, 0
2018-11-23 21:40:01 (14434105967131) STATS - GET, 77.5, 0
2018-11-23 21:40:01 (14434106026733) STATS - GET, 77.6, 0
2018-11-23 21:40:01 (14434111874039) STATS - GET, 77.7, 0
2018-11-23 21:40:01 (14434111960642) STATS - GET, 77.8, 0
2018-11-23 21:40:01 (14434112040145) STATS - GET, 77.9, 1
2018-11-23 21:40:01 (14434112115148) STATS - GET, 78.0, 0
2018-11-23 21:40:01 (14434112189450) STATS - GET, 78.1, 0
2018-11-23 21:40:01 (14434112249552) STATS - GET, 78.2, 0
2018-11-23 21:40:01 (14434112312155) STATS - GET, 78.3, 0
2018-11-23 21:40:01 (14434112371857) STATS - GET, 78.4, 0
2018-11-23 21:40:01 (14434112430759) STATS - GET, 78.5, 0
2018-11-23 21:40:01 (14434112490161) STATS - GET, 78.6, 0
2018-11-23 21:40:01 (14434112548863) STATS - GET, 78.7, 0
2018-11-23 21:40:01 (14434112608165) STATS - GET, 78.8, 0
2018-11-23 21:40:01 (14434112666367) STATS - GET, 78.9, 0
2018-11-23 21:40:01 (14434112724669) STATS - GET, 79.0, 0
2018-11-23 21:40:01 (14434112783571) STATS - GET, 79.1, 0
2018-11-23 21:40:01 (14434112841273) STATS - GET, 79.2, 0
2018-11-23 21:40:01 (14434112900075) STATS - GET, 79.3, 0
2018-11-23 21:40:01 (14434112958077) STATS - GET, 79.4, 0
2018-11-23 21:40:01 (14434113016479) STATS - GET, 79.5, 0
2018-11-23 21:40:01 (14434113075182) STATS - GET, 79.6, 0
2018-11-23 21:40:01 (14434113132884) STATS - GET, 79.7, 0
2018-11-23 21:40:01 (14434113191886) STATS - GET, 79.8, 0
2018-11-23 21:40:01 (14434113250788) STATS - GET, 79.9, 0
2018-11-23 21:40:01 (14434113310390) STATS - GET, 80.0, 0
2018-11-23 21:40:01 (14434113368992) STATS - GET, 80.1, 0
2018-11-23 21:40:01 (14434113430594) STATS - GET, 80.2, 0
2018-11-23 21:40:01 (14434113489996) STATS - GET, 80.3, 0
2018-11-23 21:40:01 (14434113548898) STATS - GET, 80.4, 0
2018-11-23 21:40:01 (14434113606700) STATS - GET, 80.5, 0
2018-11-23 21:40:01 (14434113710704) STATS - GET, 80.6, 0
2018-11-23 21:40:01 (14434113773506) STATS - GET, 80.7, 0
2018-11-23 21:40:01 (14434113835708) STATS - GET, 80.8, 0
2018-11-23 21:40:01 (14434113907711) STATS - GET, 80.9, 0
2018-11-23 21:40:01 (14434113968213) STATS - GET, 81.0, 0
2018-11-23 21:40:01 (14434114026415) STATS - GET, 81.1, 0
2018-11-23 21:40:01 (14434114084217) STATS - GET, 81.2, 0
2018-11-23 21:40:01 (14434114142419) STATS - GET, 81.3, 0
2018-11-23 21:40:01 (14434114200221) STATS - GET, 81.4, 0
2018-11-23 21:40:01 (14434114261423) STATS - GET, 81.5, 0
2018-11-23 21:40:01 (14434114320525) STATS - GET, 81.6, 0
2018-11-23 21:40:01 (14434114378527) STATS - GET, 81.7, 0
2018-11-23 21:40:01 (14434114436529) STATS - GET, 81.8, 0
2018-11-23 21:40:01 (14434114496132) STATS - GET, 81.9, 0
2018-11-23 21:40:01 (14434114553634) STATS - GET, 82.0, 0
2018-11-23 21:40:01 (14434114611636) STATS - GET, 82.1, 0
2018-11-23 21:40:01 (14434114668838) STATS - GET, 82.2, 0
2018-11-23 21:40:01 (14434114727140) STATS - GET, 82.3, 0
2018-11-23 21:40:01 (14434114785542) STATS - GET, 82.4, 0
2018-11-23 21:40:01 (14434114843244) STATS - GET, 82.5, 0
2018-11-23 21:40:01 (14434114901046) STATS - GET, 82.6, 0
2018-11-23 21:40:01 (14434114958348) STATS - GET, 82.7, 0
2018-11-23 21:40:01 (14434115104453) STATS - GET, 82.8, 0
2018-11-23 21:40:01 (14434115167655) STATS - GET, 82.9, 0
2018-11-23 21:40:01 (14434115225257) STATS - GET, 83.0, 0
2018-11-23 21:40:01 (14434115283559) STATS - GET, 83.1, 0
2018-11-23 21:40:01 (14434115340561) STATS - GET, 83.2, 0
2018-11-23 21:40:01 (14434115399063) STATS - GET, 83.3, 0
2018-11-23 21:40:01 (14434115456465) STATS - GET, 83.4, 0
2018-11-23 21:40:01 (14434115513767) STATS - GET, 83.5, 0
2018-11-23 21:40:01 (14434115571869) STATS - GET, 83.6, 0
2018-11-23 21:40:01 (14434115633172) STATS - GET, 83.7, 0
2018-11-23 21:40:01 (14434115697474) STATS - GET, 83.8, 0
2018-11-23 21:40:01 (14434115755176) STATS - GET, 83.9, 0
2018-11-23 21:40:01 (14434115818678) STATS - GET, 84.0, 0
2018-11-23 21:40:01 (14434115876780) STATS - GET, 84.1, 0
2018-11-23 21:40:01 (14434115934482) STATS - GET, 84.2, 0
2018-11-23 21:40:01 (14434121793788) STATS - GET, 84.3, 0
2018-11-23 21:40:01 (14434121904992) STATS - GET, 84.4, 0
2018-11-23 21:40:01 (14434121968795) STATS - GET, 84.5, 0
2018-11-23 21:40:01 (14434122041497) STATS - GET, 84.6, 0
2018-11-23 21:40:01 (14434122100399) STATS - GET, 84.7, 0
2018-11-23 21:40:01 (14434122158201) STATS - GET, 84.8, 0
2018-11-23 21:40:01 (14434122215403) STATS - GET, 84.9, 0
2018-11-23 21:40:01 (14434122279106) STATS - GET, 85.0, 0
2018-11-23 21:40:01 (14434122337308) STATS - GET, 85.1, 0
2018-11-23 21:40:01 (14434122395210) STATS - GET, 85.2, 0
2018-11-23 21:40:01 (14434122453012) STATS - GET, 85.3, 0
2018-11-23 21:40:01 (14434122510214) STATS - GET, 85.4, 0
2018-11-23 21:40:01 (14434122567716) STATS - GET, 85.5, 0
2018-11-23 21:40:01 (14434122624918) STATS - GET, 85.6, 0
2018-11-23 21:40:01 (14434122681820) STATS - GET, 85.7, 0
2018-11-23 21:40:01 (14434122739522) STATS - GET, 85.8, 0
2018-11-23 21:40:01 (14434122796824) STATS - GET, 85.9, 0
2018-11-23 21:40:01 (14434122854326) STATS - GET, 86.0, 0
2018-11-23 21:40:01 (14434122911428) STATS - GET, 86.1, 0
2018-11-23 21:40:01 (14434122968530) STATS - GET, 86.2, 0
2018-11-23 21:40:01 (14434123025832) STATS - GET, 86.3, 0
2018-11-23 21:40:01 (14434123082934) STATS - GET, 86.4, 0
2018-11-23 21:40:01 (14434123140136) STATS - GET, 86.5, 0
2018-11-23 21:40:01 (14434123201638) STATS - GET, 86.6, 0
2018-11-23 21:40:01 (14434123259340) STATS - GET, 86.7, 0
2018-11-23 21:40:01 (14434123317042) STATS - GET, 86.8, 0
2018-11-23 21:40:01 (14434123372944) STATS - GET, 86.9, 0
2018-11-23 21:40:01 (14434123428946) STATS - GET, 87.0, 0
2018-11-23 21:40:01 (14434123485048) STATS - GET, 87.1, 0
2018-11-23 21:40:01 (14434123599952) STATS - GET, 87.2, 0
2018-11-23 21:40:01 (14434123662354) STATS - GET, 87.3, 0
2018-11-23 21:40:01 (14434123717556) STATS - GET, 87.4, 0
2018-11-23 21:40:01 (14434123821260) STATS - GET, 87.5, 0
2018-11-23 21:40:01 (14434123917663) STATS - GET, 87.6, 0
2018-11-23 21:40:01 (14434123974465) STATS - GET, 87.7, 0
2018-11-23 21:40:01 (14434124085769) STATS - GET, 87.8, 0
2018-11-23 21:40:01 (14434124168872) STATS - GET, 87.9, 0
2018-11-23 21:40:01 (14434124240975) STATS - GET, 88.0, 0
2018-11-23 21:40:01 (14434124352879) STATS - GET, 88.1, 0
2018-11-23 21:40:01 (14434124429681) STATS - GET, 88.2, 0
2018-11-23 21:40:01 (14434124487683) STATS - GET, 88.3, 0
2018-11-23 21:40:01 (14434124542985) STATS - GET, 88.4, 0
2018-11-23 21:40:01 (14434124597187) STATS - GET, 88.5, 0
2018-11-23 21:40:01 (14434124652289) STATS - GET, 88.6, 0
2018-11-23 21:40:01 (14434124707491) STATS - GET, 88.7, 0
2018-11-23 21:40:01 (14434124762393) STATS - GET, 88.8, 0
2018-11-23 21:40:01 (14434124818295) STATS - GET, 88.9, 0
2018-11-23 21:40:01 (14434124872797) STATS - GET, 89.0, 0
2018-11-23 21:40:01 (14434124927099) STATS - GET, 89.1, 0
2018-11-23 21:40:01 (14434124981601) STATS - GET, 89.2, 0
2018-11-23 21:40:01 (14434125036703) STATS - GET, 89.3, 1
2018-11-23 21:40:01 (14434125090704) STATS - GET, 89.4, 1
2018-11-23 21:40:01 (14434125145306) STATS - GET, 89.5, 1
2018-11-23 21:40:01 (14434125204208) STATS - GET, 89.6, 0
2018-11-23 21:40:01 (14434125260010) STATS - GET, 89.7, 0
2018-11-23 21:40:01 (14434125315012) STATS - GET, 89.8, 0
2018-11-23 21:40:01 (14434125369414) STATS - GET, 89.9, 0
2018-11-23 21:40:01 (14434125435417) STATS - GET, 90.0, 0
2018-11-23 21:40:01 (14434125494119) STATS - GET, 90.1, 0
2018-11-23 21:40:01 (14434125548921) STATS - GET, 90.2, 0
2018-11-23 21:40:01 (14434125607523) STATS - GET, 90.3, 0
2018-11-23 21:40:01 (14434125701126) STATS - GET, 90.4, 0
2018-11-23 21:40:01 (14434125760128) STATS - GET, 90.5, 0
2018-11-23 21:40:01 (14434125815030) STATS - GET, 90.6, 0
2018-11-23 21:40:01 (14434125867532) STATS - GET, 90.7, 0
2018-11-23 21:40:01 (14434131764839) STATS - GET, 90.8, 0
2018-11-23 21:40:01 (14434131844342) STATS - GET, 90.9, 0
2018-11-23 21:40:01 (14434131900544) STATS - GET, 91.0, 0
2018-11-23 21:40:01 (14434131954346) STATS - GET, 91.1, 0
2018-11-23 21:40:01 (14434132022748) STATS - GET, 91.2, 0
2018-11-23 21:40:01 (14434132081751) STATS - GET, 91.3, 0
2018-11-23 21:40:01 (14434132175354) STATS - GET, 91.4, 0
2018-11-23 21:40:01 (14434132229456) STATS - GET, 91.5, 0
2018-11-23 21:40:01 (14434132281758) STATS - GET, 91.6, 0
2018-11-23 21:40:01 (14434132333459) STATS - GET, 91.7, 1
2018-11-23 21:40:01 (14434132385361) STATS - GET, 91.8, 0
2018-11-23 21:40:01 (14434132436463) STATS - GET, 91.9, 0
2018-11-23 21:40:01 (14434132488065) STATS - GET, 92.0, 0
2018-11-23 21:40:01 (14434132539667) STATS - GET, 92.1, 0
2018-11-23 21:40:01 (14434132590768) STATS - GET, 92.2, 0
2018-11-23 21:40:01 (14434132642370) STATS - GET, 92.3, 0
2018-11-23 21:40:01 (14434132693372) STATS - GET, 92.4, 0
2018-11-23 21:40:01 (14434132744774) STATS - GET, 92.5, 0
2018-11-23 21:40:01 (14434132796776) STATS - GET, 92.6, 0
2018-11-23 21:40:01 (14434132848678) STATS - GET, 92.7, 0
2018-11-23 21:40:01 (14434132900279) STATS - GET, 92.8, 0
2018-11-23 21:40:01 (14434132951381) STATS - GET, 92.9, 0
2018-11-23 21:40:01 (14434133002883) STATS - GET, 93.0, 0
2018-11-23 21:40:01 (14434133054485) STATS - GET, 93.1, 0
2018-11-23 21:40:01 (14434133105787) STATS - GET, 93.2, 0
2018-11-23 21:40:01 (14434133156988) STATS - GET, 93.3, 0
2018-11-23 21:40:01 (14434133207990) STATS - GET, 93.4, 0
2018-11-23 21:40:01 (14434133262692) STATS - GET, 93.5, 0
2018-11-23 21:40:01 (14434133315194) STATS - GET, 93.6, 0
2018-11-23 21:40:01 (14434133365596) STATS - GET, 93.7, 0
2018-11-23 21:40:01 (14434133417098) STATS - GET, 93.8, 0
2018-11-23 21:40:01 (14434133467899) STATS - GET, 93.9, 0
2018-11-23 21:40:01 (14434133519401) STATS - GET, 94.0, 0
2018-11-23 21:40:01 (14434133570403) STATS - GET, 94.1, 0
2018-11-23 21:40:01 (14434133621505) STATS - GET, 94.2, 0
2018-11-23 21:40:01 (14434133673407) STATS - GET, 94.3, 0
2018-11-23 21:40:01 (14434133723808) STATS - GET, 94.4, 0
2018-11-23 21:40:01 (14434133774310) STATS - GET, 94.5, 0
2018-11-23 21:40:01 (14434133825912) STATS - GET, 94.6, 0
2018-11-23 21:40:01 (14434133945316) STATS - GET, 94.7, 0
2018-11-23 21:40:01 (14434134001918) STATS - GET, 94.8, 0
2018-11-23 21:40:01 (14434134052820) STATS - GET, 94.9, 0
2018-11-23 21:40:01 (14434134110122) STATS - GET, 95.0, 0
2018-11-23 21:40:01 (14434134163124) STATS - GET, 95.1, 0
2018-11-23 21:40:01 (14434134213626) STATS - GET, 95.2, 0
2018-11-23 21:40:01 (14434134264627) STATS - GET, 95.3, 0
2018-11-23 21:40:01 (14434134314929) STATS - GET, 95.4, 0
2018-11-23 21:40:01 (14434134365431) STATS - GET, 95.5, 0
2018-11-23 21:40:01 (14434134417133) STATS - GET, 95.6, 0
2018-11-23 21:40:01 (14434134467835) STATS - GET, 95.7, 0
2018-11-23 21:40:01 (14434134651441) STATS - GET, 95.8, 0
2018-11-23 21:40:01 (14434134703443) STATS - GET, 95.9, 0
2018-11-23 21:40:01 (14434134755245) STATS - GET, 96.0, 0
2018-11-23 21:40:01 (14434134808147) STATS - GET, 96.1, 0
2018-11-23 21:40:01 (14434134859348) STATS - GET, 96.2, 0
2018-11-23 21:40:01 (14434134910350) STATS - GET, 96.3, 0
2018-11-23 21:40:01 (14434134960852) STATS - GET, 96.4, 1
2018-11-23 21:40:01 (14434135072856) INFO  - END: Middleware stopped.
