2018-11-23 20:53:29 (11642219017138) INFO  - START: Middleware listening on address 10.0.0.4:8888.
2018-11-23 20:54:52 (11724836030240) STATS -  5.00, 1783, 0, 0.259071, 1.009238, 1.388036, 0.000000, 1.388036, 0.000000, 0, 8916, 0, 0.00, 0.00, 0
2018-11-23 20:54:52 (11724994672572) STATS - 10.00, 2064, 0, 0.185858, 0.839611, 1.087506, 0.000000, 1.087506, 0.000000, 0, 10322, 0, 0.00, 0.00, 0
2018-11-23 20:54:52 (11725103581838) STATS - 15.00, 2060, 0, 0.164229, 0.884419, 1.116007, 0.000000, 1.116007, 0.000000, 0, 10303, 0, 0.00, 0.00, 0
2018-11-23 20:54:52 (11725135986289) STATS - 20.00, 2131, 0, 0.167950, 0.836351, 1.064136, 0.000000, 1.064136, 0.000000, 0, 10656, 0, 0.00, 0.00, 0
2018-11-23 20:54:52 (11725172760294) STATS - 25.00, 2101, 0, 0.158635, 0.850005, 1.074546, 0.000000, 1.074546, 0.000000, 0, 10505, 0, 0.00, 0.00, 0
2018-11-23 20:54:52 (11725208666869) STATS - 30.00, 2116, 0, 0.166585, 0.859144, 1.088561, 0.000000, 1.088561, 0.000000, 0, 10582, 0, 0.00, 0.00, 0
2018-11-23 20:54:52 (11725237700400) STATS - 35.00, 2082, 0, 0.155566, 0.875419, 1.112812, 0.000000, 1.112812, 0.000000, 0, 10411, 0, 0.00, 0.00, 0
2018-11-23 20:54:52 (11725259603477) STATS - 40.00, 2010, 0, 0.176303, 0.901340, 1.148523, 0.000000, 1.148523, 0.000000, 0, 10051, 0, 0.00, 0.00, 0
2018-11-23 20:54:52 (11725281035338) STATS - 45.00, 2081, 0, 0.169298, 0.884490, 1.116644, 0.000000, 1.116644, 0.000000, 0, 10407, 0, 0.00, 0.00, 0
2018-11-23 20:54:52 (11725301305358) STATS - 50.00, 2069, 0, 0.170734, 0.884045, 1.131838, 0.000000, 1.131838, 0.000000, 0, 10345, 0, 0.00, 0.00, 0
2018-11-23 20:54:53 (11725322340904) STATS - 55.00, 2054, 0, 0.182051, 0.878237, 1.126672, 0.000000, 1.126672, 0.000000, 0, 10273, 0, 0.00, 0.00, 0
2018-11-23 20:54:53 (11725335241662) STATS - 60.00, 2052, 0, 0.164441, 0.890111, 1.124676, 0.000000, 1.124676, 0.000000, 0, 10261, 0, 0.00, 0.00, 0
2018-11-23 20:54:53 (11725352516176) STATS - 65.00, 2015, 0, 0.177227, 0.904921, 1.156549, 0.000000, 1.156549, 0.000000, 0, 10079, 0, 0.00, 0.00, 0
2018-11-23 20:54:53 (11725362671636) STATS - 70.00, 2013, 0, 0.194318, 0.891847, 1.168838, 0.000000, 1.168838, 0.000000, 0, 10066, 0, 0.00, 0.00, 0
2018-11-23 20:54:53 (11725364178290) STATS - 70.00, 10, 0, 0.307157, 0.789755, 1.161095, 0.000000, 1.161095, 0.000000, 0, 52, 0, 0.00, 0.00, 0
2018-11-23 20:54:53 (11725614452474) STATS - Type, Interval, Responses
2018-11-23 20:54:53 (11725763714973) STATS - GET, 0.1, 0
2018-11-23 20:54:53 (11725769561881) STATS - GET, 0.2, 0
2018-11-23 20:54:53 (11725769693785) STATS - GET, 0.3, 0
2018-11-23 20:54:53 (11725769833090) STATS - GET, 0.4, 532
2018-11-23 20:54:53 (11725769961895) STATS - GET, 0.5, 8260
2018-11-23 20:54:53 (11725770158402) STATS - GET, 0.6, 22027
2018-11-23 20:54:53 (11725770284106) STATS - GET, 0.7, 26835
2018-11-23 20:54:53 (11725770405211) STATS - GET, 0.8, 23801
2018-11-23 20:54:53 (11725770574517) STATS - GET, 0.9, 17268
2018-11-23 20:54:53 (11725770703921) STATS - GET, 1.0, 11851
2018-11-23 20:54:53 (11725770827126) STATS - GET, 1.1, 7497
2018-11-23 20:54:53 (11725770964831) STATS - GET, 1.2, 4768
2018-11-23 20:54:53 (11725771132537) STATS - GET, 1.3, 2962
2018-11-23 20:54:53 (11725771263041) STATS - GET, 1.4, 2101
2018-11-23 20:54:53 (11725771402246) STATS - GET, 1.5, 1455
2018-11-23 20:54:53 (11725771567252) STATS - GET, 1.6, 1050
2018-11-23 20:54:53 (11725771731458) STATS - GET, 1.7, 828
2018-11-23 20:54:53 (11725771862462) STATS - GET, 1.8, 601
2018-11-23 20:54:53 (11725772071370) STATS - GET, 1.9, 514
2018-11-23 20:54:53 (11725772193774) STATS - GET, 2.0, 434
2018-11-23 20:54:53 (11725772328479) STATS - GET, 2.1, 407
2018-11-23 20:54:53 (11725772488985) STATS - GET, 2.2, 339
2018-11-23 20:54:53 (11725772611189) STATS - GET, 2.3, 334
2018-11-23 20:54:53 (11725772730293) STATS - GET, 2.4, 249
2018-11-23 20:54:53 (11725773203610) STATS - GET, 2.5, 228
2018-11-23 20:54:53 (11725773376516) STATS - GET, 2.6, 193
2018-11-23 20:54:53 (11725779208623) STATS - GET, 2.7, 193
2018-11-23 20:54:53 (11725779335528) STATS - GET, 2.8, 187
2018-11-23 20:54:53 (11725779465032) STATS - GET, 2.9, 158
2018-11-23 20:54:53 (11725779629938) STATS - GET, 3.0, 132
2018-11-23 20:54:53 (11725779771143) STATS - GET, 3.1, 151
2018-11-23 20:54:53 (11725779891147) STATS - GET, 3.2, 137
2018-11-23 20:54:53 (11725780029452) STATS - GET, 3.3, 147
2018-11-23 20:54:53 (11725780176658) STATS - GET, 3.4, 126
2018-11-23 20:54:53 (11725780306762) STATS - GET, 3.5, 103
2018-11-23 20:54:53 (11725780427067) STATS - GET, 3.6, 104
2018-11-23 20:54:53 (11725780591272) STATS - GET, 3.7, 103
2018-11-23 20:54:53 (11725780709677) STATS - GET, 3.8, 101
2018-11-23 20:54:53 (11725780864982) STATS - GET, 3.9, 84
2018-11-23 20:54:53 (11725780986086) STATS - GET, 4.0, 113
2018-11-23 20:54:53 (11725781115891) STATS - GET, 4.1, 83
2018-11-23 20:54:53 (11725781242395) STATS - GET, 4.2, 77
2018-11-23 20:54:53 (11725781403401) STATS - GET, 4.3, 81
2018-11-23 20:54:53 (11725781526606) STATS - GET, 4.4, 80
2018-11-23 20:54:53 (11725781690411) STATS - GET, 4.5, 68
2018-11-23 20:54:53 (11725781811316) STATS - GET, 4.6, 82
2018-11-23 20:54:53 (11725781971021) STATS - GET, 4.7, 81
2018-11-23 20:54:53 (11725782110526) STATS - GET, 4.8, 62
2018-11-23 20:54:53 (11725782288733) STATS - GET, 4.9, 72
2018-11-23 20:54:53 (11725782403037) STATS - GET, 5.0, 77
2018-11-23 20:54:53 (11725782523341) STATS - GET, 5.1, 75
2018-11-23 20:54:53 (11725782661046) STATS - GET, 5.2, 79
2018-11-23 20:54:53 (11725782777950) STATS - GET, 5.3, 65
2018-11-23 20:54:53 (11725782894154) STATS - GET, 5.4, 88
2018-11-23 20:54:53 (11725788647558) STATS - GET, 5.5, 75
2018-11-23 20:54:53 (11725788809064) STATS - GET, 5.6, 105
2018-11-23 20:54:53 (11725788923368) STATS - GET, 5.7, 128
2018-11-23 20:54:53 (11725789035172) STATS - GET, 5.8, 159
2018-11-23 20:54:53 (11725789146076) STATS - GET, 5.9, 265
2018-11-23 20:54:53 (11725789312282) STATS - GET, 6.0, 429
2018-11-23 20:54:53 (11725789437686) STATS - GET, 6.1, 523
2018-11-23 20:54:53 (11725789725797) STATS - GET, 6.2, 506
2018-11-23 20:54:53 (11725789998506) STATS - GET, 6.3, 486
2018-11-23 20:54:53 (11725790111810) STATS - GET, 6.4, 448
2018-11-23 20:54:53 (11725790318518) STATS - GET, 6.5, 388
2018-11-23 20:54:53 (11725790431422) STATS - GET, 6.6, 282
2018-11-23 20:54:53 (11725790634929) STATS - GET, 6.7, 187
2018-11-23 20:54:53 (11725790752733) STATS - GET, 6.8, 154
2018-11-23 20:54:53 (11725790975341) STATS - GET, 6.9, 109
2018-11-23 20:54:53 (11725791092845) STATS - GET, 7.0, 99
2018-11-23 20:54:53 (11725791246751) STATS - GET, 7.1, 82
2018-11-23 20:54:53 (11725791356354) STATS - GET, 7.2, 64
2018-11-23 20:54:53 (11725791464758) STATS - GET, 7.3, 67
2018-11-23 20:54:53 (11725791614064) STATS - GET, 7.4, 60
2018-11-23 20:54:53 (11725791730368) STATS - GET, 7.5, 50
2018-11-23 20:54:53 (11725791840072) STATS - GET, 7.6, 45
2018-11-23 20:54:53 (11725791996077) STATS - GET, 7.7, 39
2018-11-23 20:54:53 (11725792131982) STATS - GET, 7.8, 41
2018-11-23 20:54:53 (11725792278387) STATS - GET, 7.9, 32
2018-11-23 20:54:53 (11725792421092) STATS - GET, 8.0, 41
2018-11-23 20:54:53 (11725792529696) STATS - GET, 8.1, 27
2018-11-23 20:54:53 (11725792637700) STATS - GET, 8.2, 32
2018-11-23 20:54:53 (11725792749304) STATS - GET, 8.3, 33
2018-11-23 20:54:53 (11725792864308) STATS - GET, 8.4, 25
2018-11-23 20:54:53 (11725792978812) STATS - GET, 8.5, 21
2018-11-23 20:54:53 (11725798789718) STATS - GET, 8.6, 25
2018-11-23 20:54:53 (11725798983025) STATS - GET, 8.7, 30
2018-11-23 20:54:53 (11725799216034) STATS - GET, 8.8, 14
2018-11-23 20:54:53 (11725799364939) STATS - GET, 8.9, 25
2018-11-23 20:54:53 (11725799477443) STATS - GET, 9.0, 30
2018-11-23 20:54:53 (11725799587047) STATS - GET, 9.1, 10
2018-11-23 20:54:53 (11725799770053) STATS - GET, 9.2, 11
2018-11-23 20:54:53 (11725799893058) STATS - GET, 9.3, 13
2018-11-23 20:54:53 (11725800023262) STATS - GET, 9.4, 14
2018-11-23 20:54:53 (11725800143366) STATS - GET, 9.5, 14
2018-11-23 20:54:53 (11725800255970) STATS - GET, 9.6, 20
2018-11-23 20:54:53 (11725800369374) STATS - GET, 9.7, 20
2018-11-23 20:54:53 (11725800477778) STATS - GET, 9.8, 22
2018-11-23 20:54:53 (11725800634384) STATS - GET, 9.9, 13
2018-11-23 20:54:53 (11725800761888) STATS - GET, 10.0, 32
2018-11-23 20:54:53 (11725801007697) STATS - GET, 10.1, 30
2018-11-23 20:54:53 (11725801192404) STATS - GET, 10.2, 28
2018-11-23 20:54:53 (11725801313608) STATS - GET, 10.3, 18
2018-11-23 20:54:53 (11725801425812) STATS - GET, 10.4, 16
2018-11-23 20:54:53 (11725801542016) STATS - GET, 10.5, 9
2018-11-23 20:54:53 (11725801646920) STATS - GET, 10.6, 17
2018-11-23 20:54:53 (11725801770624) STATS - GET, 10.7, 13
2018-11-23 20:54:53 (11725801901829) STATS - GET, 10.8, 15
2018-11-23 20:54:53 (11725802047934) STATS - GET, 10.9, 17
2018-11-23 20:54:53 (11725802189639) STATS - GET, 11.0, 15
2018-11-23 20:54:53 (11725802482249) STATS - GET, 11.1, 10
2018-11-23 20:54:53 (11725802635655) STATS - GET, 11.2, 10
2018-11-23 20:54:53 (11725802751159) STATS - GET, 11.3, 18
2018-11-23 20:54:53 (11725802899964) STATS - GET, 11.4, 9
2018-11-23 20:54:53 (11725808776873) STATS - GET, 11.5, 9
2018-11-23 20:54:53 (11725808902277) STATS - GET, 11.6, 11
2018-11-23 20:54:53 (11725809004581) STATS - GET, 11.7, 8
2018-11-23 20:54:53 (11725809104285) STATS - GET, 11.8, 8
2018-11-23 20:54:53 (11725809203488) STATS - GET, 11.9, 11
2018-11-23 20:54:53 (11725809302692) STATS - GET, 12.0, 6
2018-11-23 20:54:53 (11725809402895) STATS - GET, 12.1, 6
2018-11-23 20:54:53 (11725809502499) STATS - GET, 12.2, 4
2018-11-23 20:54:53 (11725809601702) STATS - GET, 12.3, 3
2018-11-23 20:54:53 (11725809740107) STATS - GET, 12.4, 1
2018-11-23 20:54:53 (11725810133221) STATS - GET, 12.5, 3
2018-11-23 20:54:53 (11725810236425) STATS - GET, 12.6, 6
2018-11-23 20:54:53 (11725810347329) STATS - GET, 12.7, 4
2018-11-23 20:54:53 (11725810454232) STATS - GET, 12.8, 1
2018-11-23 20:54:53 (11725810553836) STATS - GET, 12.9, 1
2018-11-23 20:54:53 (11725810649339) STATS - GET, 13.0, 1
2018-11-23 20:54:53 (11725810750743) STATS - GET, 13.1, 0
2018-11-23 20:54:53 (11725810902048) STATS - GET, 13.2, 3
2018-11-23 20:54:53 (11725811003452) STATS - GET, 13.3, 2
2018-11-23 20:54:53 (11725811108056) STATS - GET, 13.4, 1
2018-11-23 20:54:53 (11725811206559) STATS - GET, 13.5, 3
2018-11-23 20:54:53 (11725811305063) STATS - GET, 13.6, 4
2018-11-23 20:54:53 (11725811402766) STATS - GET, 13.7, 5
2018-11-23 20:54:53 (11725811500670) STATS - GET, 13.8, 2
2018-11-23 20:54:53 (11725811598273) STATS - GET, 13.9, 4
2018-11-23 20:54:53 (11725811692376) STATS - GET, 14.0, 3
2018-11-23 20:54:53 (11725811800680) STATS - GET, 14.1, 5
2018-11-23 20:54:53 (11725811900884) STATS - GET, 14.2, 4
2018-11-23 20:54:53 (11725812021988) STATS - GET, 14.3, 2
2018-11-23 20:54:53 (11725812137192) STATS - GET, 14.4, 0
2018-11-23 20:54:53 (11725812239096) STATS - GET, 14.5, 1
2018-11-23 20:54:53 (11725812338799) STATS - GET, 14.6, 3
2018-11-23 20:54:53 (11725812442403) STATS - GET, 14.7, 1
2018-11-23 20:54:53 (11725812541307) STATS - GET, 14.8, 0
2018-11-23 20:54:53 (11725812639210) STATS - GET, 14.9, 4
2018-11-23 20:54:53 (11725812733613) STATS - GET, 15.0, 3
2018-11-23 20:54:53 (11725819184942) STATS - GET, 15.1, 1
2018-11-23 20:54:53 (11725819284146) STATS - GET, 15.2, 0
2018-11-23 20:54:53 (11725819379949) STATS - GET, 15.3, 0
2018-11-23 20:54:53 (11725819475553) STATS - GET, 15.4, 0
2018-11-23 20:54:53 (11725819667360) STATS - GET, 15.5, 2
2018-11-23 20:54:53 (11725819766363) STATS - GET, 15.6, 0
2018-11-23 20:54:53 (11725819862866) STATS - GET, 15.7, 1
2018-11-23 20:54:53 (11725819961870) STATS - GET, 15.8, 3
2018-11-23 20:54:53 (11725820102475) STATS - GET, 15.9, 2
2018-11-23 20:54:53 (11725820232680) STATS - GET, 16.0, 1
2018-11-23 20:54:53 (11725820330383) STATS - GET, 16.1, 1
2018-11-23 20:54:53 (11725820426286) STATS - GET, 16.2, 3
2018-11-23 20:54:53 (11725820520190) STATS - GET, 16.3, 3
2018-11-23 20:54:53 (11725820615293) STATS - GET, 16.4, 2
2018-11-23 20:54:53 (11725820710397) STATS - GET, 16.5, 0
2018-11-23 20:54:53 (11725820961205) STATS - GET, 16.6, 0
2018-11-23 20:54:53 (11725821140412) STATS - GET, 16.7, 1
2018-11-23 20:54:53 (11725821242015) STATS - GET, 16.8, 2
2018-11-23 20:54:53 (11725821500525) STATS - GET, 16.9, 1
2018-11-23 20:54:53 (11725821608728) STATS - GET, 17.0, 3
2018-11-23 20:54:53 (11725821717332) STATS - GET, 17.1, 1
2018-11-23 20:54:53 (11725821819936) STATS - GET, 17.2, 0
2018-11-23 20:54:53 (11725821917939) STATS - GET, 17.3, 2
2018-11-23 20:54:53 (11725822012543) STATS - GET, 17.4, 5
2018-11-23 20:54:53 (11725822105546) STATS - GET, 17.5, 1
2018-11-23 20:54:53 (11725822209750) STATS - GET, 17.6, 1
2018-11-23 20:54:53 (11725822345055) STATS - GET, 17.7, 0
2018-11-23 20:54:53 (11725822439258) STATS - GET, 17.8, 0
2018-11-23 20:54:53 (11725822538261) STATS - GET, 17.9, 2
2018-11-23 20:54:53 (11725822631565) STATS - GET, 18.0, 2
2018-11-23 20:54:53 (11725822724668) STATS - GET, 18.1, 3
2018-11-23 20:54:53 (11725822817171) STATS - GET, 18.2, 0
2018-11-23 20:54:53 (11725822998478) STATS - GET, 18.3, 1
2018-11-23 20:54:53 (11725828692980) STATS - GET, 18.4, 1
2018-11-23 20:54:53 (11725828807684) STATS - GET, 18.5, 2
2018-11-23 20:54:53 (11725828899487) STATS - GET, 18.6, 1
2018-11-23 20:54:53 (11725828992491) STATS - GET, 18.7, 1
2018-11-23 20:54:53 (11725829092194) STATS - GET, 18.8, 0
2018-11-23 20:54:53 (11725829255600) STATS - GET, 18.9, 0
2018-11-23 20:54:53 (11725829384504) STATS - GET, 19.0, 0
2018-11-23 20:54:53 (11725829545510) STATS - GET, 19.1, 2
2018-11-23 20:54:53 (11725829639114) STATS - GET, 19.2, 2
2018-11-23 20:54:53 (11725829785519) STATS - GET, 19.3, 1
2018-11-23 20:54:53 (11725829878622) STATS - GET, 19.4, 4
2018-11-23 20:54:53 (11725829970825) STATS - GET, 19.5, 0
2018-11-23 20:54:53 (11725830063029) STATS - GET, 19.6, 2
2018-11-23 20:54:53 (11725830155332) STATS - GET, 19.7, 5
2018-11-23 20:54:53 (11725830247035) STATS - GET, 19.8, 0
2018-11-23 20:54:53 (11725830399241) STATS - GET, 19.9, 0
2018-11-23 20:54:53 (11725830491444) STATS - GET, 20.0, 3
2018-11-23 20:54:53 (11725830583147) STATS - GET, 20.1, 1
2018-11-23 20:54:53 (11725830681551) STATS - GET, 20.2, 1
2018-11-23 20:54:53 (11725830787554) STATS - GET, 20.3, 1
2018-11-23 20:54:53 (11725830881058) STATS - GET, 20.4, 2
2018-11-23 20:54:53 (11725830974361) STATS - GET, 20.5, 0
2018-11-23 20:54:53 (11725831066764) STATS - GET, 20.6, 3
2018-11-23 20:54:53 (11725831158767) STATS - GET, 20.7, 0
2018-11-23 20:54:53 (11725831250671) STATS - GET, 20.8, 1
2018-11-23 20:54:53 (11725831342974) STATS - GET, 20.9, 0
2018-11-23 20:54:53 (11725831434677) STATS - GET, 21.0, 0
2018-11-23 20:54:53 (11725831556282) STATS - GET, 21.1, 0
2018-11-23 20:54:53 (11725831961896) STATS - GET, 21.2, 1
2018-11-23 20:54:53 (11725832119202) STATS - GET, 21.3, 0
2018-11-23 20:54:53 (11725832259707) STATS - GET, 21.4, 0
2018-11-23 20:54:53 (11725832356110) STATS - GET, 21.5, 0
2018-11-23 20:54:53 (11725832450113) STATS - GET, 21.6, 1
2018-11-23 20:54:53 (11725832542617) STATS - GET, 21.7, 0
2018-11-23 20:54:53 (11725832642020) STATS - GET, 21.8, 0
2018-11-23 20:54:53 (11725832733623) STATS - GET, 21.9, 0
2018-11-23 20:54:53 (11725838386524) STATS - GET, 22.0, 2
2018-11-23 20:54:53 (11725838486528) STATS - GET, 22.1, 0
2018-11-23 20:54:53 (11725838634333) STATS - GET, 22.2, 3
2018-11-23 20:54:53 (11725838731436) STATS - GET, 22.3, 1
2018-11-23 20:54:53 (11725838824140) STATS - GET, 22.4, 0
2018-11-23 20:54:53 (11725838919143) STATS - GET, 22.5, 1
2018-11-23 20:54:53 (11725839016446) STATS - GET, 22.6, 2
2018-11-23 20:54:53 (11725839110950) STATS - GET, 22.7, 0
2018-11-23 20:54:53 (11725839203153) STATS - GET, 22.8, 1
2018-11-23 20:54:53 (11725839298356) STATS - GET, 22.9, 2
2018-11-23 20:54:53 (11725839387260) STATS - GET, 23.0, 1
2018-11-23 20:54:53 (11725839478663) STATS - GET, 23.1, 0
2018-11-23 20:54:53 (11725839570666) STATS - GET, 23.2, 0
2018-11-23 20:54:53 (11725839665169) STATS - GET, 23.3, 2
2018-11-23 20:54:53 (11725839756973) STATS - GET, 23.4, 0
2018-11-23 20:54:53 (11725839920079) STATS - GET, 23.5, 1
2018-11-23 20:54:53 (11725840046883) STATS - GET, 23.6, 0
2018-11-23 20:54:53 (11725840149887) STATS - GET, 23.7, 0
2018-11-23 20:54:53 (11725840250290) STATS - GET, 23.8, 0
2018-11-23 20:54:53 (11725840363594) STATS - GET, 23.9, 0
2018-11-23 20:54:53 (11725840606103) STATS - GET, 24.0, 0
2018-11-23 20:54:53 (11725840845411) STATS - GET, 24.1, 1
2018-11-23 20:54:53 (11725841035918) STATS - GET, 24.2, 1
2018-11-23 20:54:53 (11725841148422) STATS - GET, 24.3, 0
2018-11-23 20:54:53 (11725841256526) STATS - GET, 24.4, 0
2018-11-23 20:54:53 (11725841353829) STATS - GET, 24.5, 1
2018-11-23 20:54:53 (11725841447633) STATS - GET, 24.6, 0
2018-11-23 20:54:53 (11725841542236) STATS - GET, 24.7, 2
2018-11-23 20:54:53 (11725841638940) STATS - GET, 24.8, 0
2018-11-23 20:54:53 (11725841733343) STATS - GET, 24.9, 0
2018-11-23 20:54:53 (11725841828046) STATS - GET, 25.0, 1
2018-11-23 20:54:53 (11725841921150) STATS - GET, 25.1, 0
2018-11-23 20:54:53 (11725842014853) STATS - GET, 25.2, 0
2018-11-23 20:54:53 (11725842107456) STATS - GET, 25.3, 0
2018-11-23 20:54:53 (11725842200559) STATS - GET, 25.4, 0
2018-11-23 20:54:53 (11725847849060) STATS - GET, 25.5, 1
2018-11-23 20:54:53 (11725847955964) STATS - GET, 25.6, 0
2018-11-23 20:54:53 (11725848070068) STATS - GET, 25.7, 0
2018-11-23 20:54:53 (11725848164471) STATS - GET, 25.8, 1
2018-11-23 20:54:53 (11725848258175) STATS - GET, 25.9, 0
2018-11-23 20:54:53 (11725848351078) STATS - GET, 26.0, 0
2018-11-23 20:54:53 (11725848445181) STATS - GET, 26.1, 0
2018-11-23 20:54:53 (11725848541485) STATS - GET, 26.2, 2
2018-11-23 20:54:53 (11725848642288) STATS - GET, 26.3, 1
2018-11-23 20:54:53 (11725848735691) STATS - GET, 26.4, 0
2018-11-23 20:54:53 (11725848828395) STATS - GET, 26.5, 1
2018-11-23 20:54:53 (11725848921298) STATS - GET, 26.6, 0
2018-11-23 20:54:53 (11725849059503) STATS - GET, 26.7, 0
2018-11-23 20:54:53 (11725849159607) STATS - GET, 26.8, 1
2018-11-23 20:54:53 (11725849257110) STATS - GET, 26.9, 0
2018-11-23 20:54:53 (11725849347913) STATS - GET, 27.0, 0
2018-11-23 20:54:53 (11725849440816) STATS - GET, 27.1, 0
2018-11-23 20:54:53 (11725849537720) STATS - GET, 27.2, 0
2018-11-23 20:54:53 (11725849630823) STATS - GET, 27.3, 0
2018-11-23 20:54:53 (11725849724127) STATS - GET, 27.4, 0
2018-11-23 20:54:53 (11725849820730) STATS - GET, 27.5, 1
2018-11-23 20:54:53 (11725849913233) STATS - GET, 27.6, 2
2018-11-23 20:54:53 (11725850006637) STATS - GET, 27.7, 0
2018-11-23 20:54:53 (11725850099440) STATS - GET, 27.8, 0
2018-11-23 20:54:53 (11725850192543) STATS - GET, 27.9, 0
2018-11-23 20:54:53 (11725850282246) STATS - GET, 28.0, 0
2018-11-23 20:54:53 (11725850374550) STATS - GET, 28.1, 1
2018-11-23 20:54:53 (11725850467553) STATS - GET, 28.2, 0
2018-11-23 20:54:53 (11725850560256) STATS - GET, 28.3, 0
2018-11-23 20:54:53 (11725850653060) STATS - GET, 28.4, 0
2018-11-23 20:54:53 (11725850749263) STATS - GET, 28.5, 0
2018-11-23 20:54:53 (11725850852667) STATS - GET, 28.6, 0
2018-11-23 20:54:53 (11725850946170) STATS - GET, 28.7, 0
2018-11-23 20:54:53 (11725851038573) STATS - GET, 28.8, 0
2018-11-23 20:54:53 (11725851131677) STATS - GET, 28.9, 0
2018-11-23 20:54:53 (11725851222280) STATS - GET, 29.0, 0
2018-11-23 20:54:53 (11725851319183) STATS - GET, 29.1, 0
2018-11-23 20:54:53 (11725851413787) STATS - GET, 29.2, 0
2018-11-23 20:54:53 (11725851506990) STATS - GET, 29.3, 0
2018-11-23 20:54:53 (11725851607893) STATS - GET, 29.4, 1
2018-11-23 20:54:53 (11725851700897) STATS - GET, 29.5, 0
2018-11-23 20:54:53 (11725857335697) STATS - GET, 29.6, 2
2018-11-23 20:54:53 (11725857608406) STATS - GET, 29.7, 0
2018-11-23 20:54:53 (11725857721410) STATS - GET, 29.8, 0
2018-11-23 20:54:53 (11725857810814) STATS - GET, 29.9, 1
2018-11-23 20:54:53 (11725857897117) STATS - GET, 30.0, 0
2018-11-23 20:54:53 (11725857991220) STATS - GET, 30.1, 0
2018-11-23 20:54:53 (11725858078623) STATS - GET, 30.2, 1
2018-11-23 20:54:53 (11725858165826) STATS - GET, 30.3, 0
2018-11-23 20:54:53 (11725858322332) STATS - GET, 30.4, 0
2018-11-23 20:54:53 (11725858436336) STATS - GET, 30.5, 0
2018-11-23 20:54:53 (11725858525339) STATS - GET, 30.6, 0
2018-11-23 20:54:53 (11725858612742) STATS - GET, 30.7, 0
2018-11-23 20:54:53 (11725858711146) STATS - GET, 30.8, 5
2018-11-23 20:54:53 (11725858798849) STATS - GET, 30.9, 1
2018-11-23 20:54:53 (11725858894252) STATS - GET, 31.0, 0
2018-11-23 20:54:53 (11725858984155) STATS - GET, 31.1, 1
2018-11-23 20:54:53 (11725859072458) STATS - GET, 31.2, 0
2018-11-23 20:54:53 (11725859159762) STATS - GET, 31.3, 0
2018-11-23 20:54:53 (11725859247565) STATS - GET, 31.4, 0
2018-11-23 20:54:53 (11725859334368) STATS - GET, 31.5, 0
2018-11-23 20:54:53 (11725859421671) STATS - GET, 31.6, 0
2018-11-23 20:54:53 (11725859509074) STATS - GET, 31.7, 0
2018-11-23 20:54:53 (11725859601677) STATS - GET, 31.8, 0
2018-11-23 20:54:53 (11725859702581) STATS - GET, 31.9, 0
2018-11-23 20:54:53 (11725859793584) STATS - GET, 32.0, 0
2018-11-23 20:54:53 (11725859879787) STATS - GET, 32.1, 0
2018-11-23 20:54:53 (11725859969990) STATS - GET, 32.2, 0
2018-11-23 20:54:53 (11725860105695) STATS - GET, 32.3, 1
2018-11-23 20:54:53 (11725860195398) STATS - GET, 32.4, 2
2018-11-23 20:54:53 (11725860282701) STATS - GET, 32.5, 0
2018-11-23 20:54:53 (11725860369304) STATS - GET, 32.6, 0
2018-11-23 20:54:53 (11725860460208) STATS - GET, 32.7, 0
2018-11-23 20:54:53 (11725860551111) STATS - GET, 32.8, 0
2018-11-23 20:54:53 (11725860638214) STATS - GET, 32.9, 0
2018-11-23 20:54:53 (11725860721317) STATS - GET, 33.0, 0
2018-11-23 20:54:53 (11725860812920) STATS - GET, 33.1, 0
2018-11-23 20:54:53 (11725860900523) STATS - GET, 33.2, 0
2018-11-23 20:54:53 (11725860987626) STATS - GET, 33.3, 0
2018-11-23 20:54:53 (11725861075130) STATS - GET, 33.4, 0
2018-11-23 20:54:53 (11725861162233) STATS - GET, 33.5, 0
2018-11-23 20:54:53 (11725861249136) STATS - GET, 33.6, 0
2018-11-23 20:54:53 (11725866875835) STATS - GET, 33.7, 0
2018-11-23 20:54:53 (11725867001340) STATS - GET, 33.8, 0
2018-11-23 20:54:53 (11725867092443) STATS - GET, 33.9, 0
2018-11-23 20:54:53 (11725867176346) STATS - GET, 34.0, 0
2018-11-23 20:54:53 (11725867262149) STATS - GET, 34.1, 0
2018-11-23 20:54:53 (11725867354252) STATS - GET, 34.2, 0
2018-11-23 20:54:53 (11725867441056) STATS - GET, 34.3, 0
2018-11-23 20:54:53 (11725867531359) STATS - GET, 34.4, 0
2018-11-23 20:54:53 (11725867618162) STATS - GET, 34.5, 0
2018-11-23 20:54:53 (11725867841670) STATS - GET, 34.6, 0
2018-11-23 20:54:53 (11725867936173) STATS - GET, 34.7, 0
2018-11-23 20:54:53 (11725868046677) STATS - GET, 34.8, 0
2018-11-23 20:54:53 (11725868137280) STATS - GET, 34.9, 0
2018-11-23 20:54:53 (11725868221183) STATS - GET, 35.0, 0
2018-11-23 20:54:53 (11725868311686) STATS - GET, 35.1, 0
2018-11-23 20:54:53 (11725868404090) STATS - GET, 35.2, 0
2018-11-23 20:54:53 (11725868494293) STATS - GET, 35.3, 0
2018-11-23 20:54:53 (11725868581496) STATS - GET, 35.4, 0
2018-11-23 20:54:53 (11725868670899) STATS - GET, 35.5, 0
2018-11-23 20:54:53 (11725868778303) STATS - GET, 35.6, 0
2018-11-23 20:54:53 (11725868869506) STATS - GET, 35.7, 0
2018-11-23 20:54:53 (11725868960109) STATS - GET, 35.8, 0
2018-11-23 20:54:53 (11725869047313) STATS - GET, 35.9, 0
2018-11-23 20:54:53 (11725869130715) STATS - GET, 36.0, 0
2018-11-23 20:54:53 (11725869220319) STATS - GET, 36.1, 0
2018-11-23 20:54:53 (11725869306622) STATS - GET, 36.2, 0
2018-11-23 20:54:53 (11725869401725) STATS - GET, 36.3, 0
2018-11-23 20:54:53 (11725869506229) STATS - GET, 36.4, 0
2018-11-23 20:54:53 (11725869593332) STATS - GET, 36.5, 0
2018-11-23 20:54:53 (11725869686535) STATS - GET, 36.6, 0
2018-11-23 20:54:53 (11725869814540) STATS - GET, 36.7, 0
2018-11-23 20:54:53 (11725869925944) STATS - GET, 36.8, 0
2018-11-23 20:54:53 (11725870082049) STATS - GET, 36.9, 0
2018-11-23 20:54:53 (11725870166452) STATS - GET, 37.0, 0
2018-11-23 20:54:53 (11725870253155) STATS - GET, 37.1, 0
2018-11-23 20:54:53 (11725870343559) STATS - GET, 37.2, 0
2018-11-23 20:54:53 (11725870468063) STATS - GET, 37.3, 0
2018-11-23 20:54:53 (11725870566866) STATS - GET, 37.4, 0
2018-11-23 20:54:53 (11725870653970) STATS - GET, 37.5, 0
2018-11-23 20:54:53 (11725870761373) STATS - GET, 37.6, 0
2018-11-23 20:54:53 (11725870853777) STATS - GET, 37.7, 0
2018-11-23 20:54:53 (11725876494377) STATS - GET, 37.8, 0
2018-11-23 20:54:53 (11725876622881) STATS - GET, 37.9, 0
2018-11-23 20:54:53 (11725876709785) STATS - GET, 38.0, 0
2018-11-23 20:54:53 (11725876794588) STATS - GET, 38.1, 0
2018-11-23 20:54:53 (11725876879391) STATS - GET, 38.2, 0
2018-11-23 20:54:53 (11725877030696) STATS - GET, 38.3, 0
2018-11-23 20:54:53 (11725877124699) STATS - GET, 38.4, 0
2018-11-23 20:54:53 (11725877211602) STATS - GET, 38.5, 0
2018-11-23 20:54:53 (11725877296505) STATS - GET, 38.6, 0
2018-11-23 20:54:53 (11725877381308) STATS - GET, 38.7, 0
2018-11-23 20:54:53 (11725877491512) STATS - GET, 38.8, 0
2018-11-23 20:54:53 (11725877580715) STATS - GET, 38.9, 0
2018-11-23 20:54:53 (11725877662918) STATS - GET, 39.0, 0
2018-11-23 20:54:53 (11725877748121) STATS - GET, 39.1, 0
2018-11-23 20:54:53 (11725877834824) STATS - GET, 39.2, 0
2018-11-23 20:54:53 (11725877920328) STATS - GET, 39.3, 0
2018-11-23 20:54:53 (11725878005831) STATS - GET, 39.4, 0
2018-11-23 20:54:53 (11725878091034) STATS - GET, 39.5, 0
2018-11-23 20:54:53 (11725878175637) STATS - GET, 39.6, 0
2018-11-23 20:54:53 (11725878260940) STATS - GET, 39.7, 0
2018-11-23 20:54:53 (11725878346443) STATS - GET, 39.8, 0
2018-11-23 20:54:53 (11725878431946) STATS - GET, 39.9, 0
2018-11-23 20:54:53 (11725878518649) STATS - GET, 40.0, 0
2018-11-23 20:54:53 (11725878603652) STATS - GET, 40.1, 0
2018-11-23 20:54:53 (11725878688755) STATS - GET, 40.2, 0
2018-11-23 20:54:53 (11725878779658) STATS - GET, 40.3, 0
2018-11-23 20:54:53 (11725878864761) STATS - GET, 40.4, 0
2018-11-23 20:54:53 (11725878949764) STATS - GET, 40.5, 0
2018-11-23 20:54:53 (11725879034767) STATS - GET, 40.6, 0
2018-11-23 20:54:53 (11725879119770) STATS - GET, 40.7, 0
2018-11-23 20:54:53 (11725879204573) STATS - GET, 40.8, 0
2018-11-23 20:54:53 (11725879289576) STATS - GET, 40.9, 0
2018-11-23 20:54:53 (11725879373979) STATS - GET, 41.0, 0
2018-11-23 20:54:53 (11725879458282) STATS - GET, 41.1, 0
2018-11-23 20:54:53 (11725879549685) STATS - GET, 41.2, 0
2018-11-23 20:54:53 (11725879657789) STATS - GET, 41.3, 0
2018-11-23 20:54:53 (11725879743292) STATS - GET, 41.4, 0
2018-11-23 20:54:53 (11725879830195) STATS - GET, 41.5, 0
2018-11-23 20:54:53 (11725879914898) STATS - GET, 41.6, 0
2018-11-23 20:54:53 (11725879999401) STATS - GET, 41.7, 0
2018-11-23 20:54:53 (11725880108705) STATS - GET, 41.8, 0
2018-11-23 20:54:53 (11725880195108) STATS - GET, 41.9, 0
2018-11-23 20:54:53 (11725880330113) STATS - GET, 42.0, 0
2018-11-23 20:54:53 (11725880419816) STATS - GET, 42.1, 0
2018-11-23 20:54:53 (11725886103718) STATS - GET, 42.2, 0
2018-11-23 20:54:53 (11725886269424) STATS - GET, 42.3, 0
2018-11-23 20:54:53 (11725886356227) STATS - GET, 42.4, 0
2018-11-23 20:54:53 (11725886439630) STATS - GET, 42.5, 0
2018-11-23 20:54:53 (11725886522733) STATS - GET, 42.6, 0
2018-11-23 20:54:53 (11725886605836) STATS - GET, 42.7, 0
2018-11-23 20:54:53 (11725886689339) STATS - GET, 42.8, 0
2018-11-23 20:54:53 (11725886772942) STATS - GET, 42.9, 0
2018-11-23 20:54:53 (11725886854545) STATS - GET, 43.0, 0
2018-11-23 20:54:53 (11725886937648) STATS - GET, 43.1, 0
2018-11-23 20:54:53 (11725887021151) STATS - GET, 43.2, 0
2018-11-23 20:54:53 (11725887179556) STATS - GET, 43.3, 0
2018-11-23 20:54:53 (11725887263659) STATS - GET, 43.4, 0
2018-11-23 20:54:53 (11725887346662) STATS - GET, 43.5, 0
2018-11-23 20:54:53 (11725887565670) STATS - GET, 43.6, 0
2018-11-23 20:54:53 (11725887654273) STATS - GET, 43.7, 0
2018-11-23 20:54:53 (11725887742276) STATS - GET, 43.8, 0
2018-11-23 20:54:53 (11725887830679) STATS - GET, 43.9, 0
2018-11-23 20:54:53 (11725887910882) STATS - GET, 44.0, 0
2018-11-23 20:54:53 (11725887993685) STATS - GET, 44.1, 0
2018-11-23 20:54:53 (11725888105589) STATS - GET, 44.2, 0
2018-11-23 20:54:53 (11725888189992) STATS - GET, 44.3, 0
2018-11-23 20:54:53 (11725888273895) STATS - GET, 44.4, 0
2018-11-23 20:54:53 (11725888357598) STATS - GET, 44.5, 0
2018-11-23 20:54:53 (11725888446201) STATS - GET, 44.6, 0
2018-11-23 20:54:53 (11725888530204) STATS - GET, 44.7, 0
2018-11-23 20:54:53 (11725888614007) STATS - GET, 44.8, 0
2018-11-23 20:54:53 (11725888704410) STATS - GET, 44.9, 0
2018-11-23 20:54:53 (11725888785213) STATS - GET, 45.0, 0
2018-11-23 20:54:53 (11725888877417) STATS - GET, 45.1, 0
2018-11-23 20:54:53 (11725888961419) STATS - GET, 45.2, 0
2018-11-23 20:54:53 (11725889045322) STATS - GET, 45.3, 0
2018-11-23 20:54:53 (11725889129225) STATS - GET, 45.4, 0
2018-11-23 20:54:53 (11725889216129) STATS - GET, 45.5, 0
2018-11-23 20:54:53 (11725889299731) STATS - GET, 45.6, 0
2018-11-23 20:54:53 (11725889382534) STATS - GET, 45.7, 0
2018-11-23 20:54:53 (11725889466237) STATS - GET, 45.8, 0
2018-11-23 20:54:53 (11725889604542) STATS - GET, 45.9, 0
2018-11-23 20:54:53 (11725889686545) STATS - GET, 46.0, 0
2018-11-23 20:54:53 (11725889767648) STATS - GET, 46.1, 0
2018-11-23 20:54:53 (11725889893053) STATS - GET, 46.2, 0
2018-11-23 20:54:53 (11725895648357) STATS - GET, 46.3, 0
2018-11-23 20:54:53 (11725895772161) STATS - GET, 46.4, 0
2018-11-23 20:54:53 (11725895863264) STATS - GET, 46.5, 0
2018-11-23 20:54:53 (11725895946767) STATS - GET, 46.6, 0
2018-11-23 20:54:53 (11725896044671) STATS - GET, 46.7, 0
2018-11-23 20:54:53 (11725896167775) STATS - GET, 46.8, 0
2018-11-23 20:54:53 (11725896282779) STATS - GET, 46.9, 0
2018-11-23 20:54:53 (11725896381583) STATS - GET, 47.0, 0
2018-11-23 20:54:53 (11725896462986) STATS - GET, 47.1, 0
2018-11-23 20:54:53 (11725896541889) STATS - GET, 47.2, 0
2018-11-23 20:54:53 (11725896624792) STATS - GET, 47.3, 0
2018-11-23 20:54:53 (11725896707494) STATS - GET, 47.4, 0
2018-11-23 20:54:53 (11725896786797) STATS - GET, 47.5, 0
2018-11-23 20:54:53 (11725896867900) STATS - GET, 47.6, 0
2018-11-23 20:54:53 (11725896946803) STATS - GET, 47.7, 0
2018-11-23 20:54:53 (11725897026006) STATS - GET, 47.8, 0
2018-11-23 20:54:53 (11725897134410) STATS - GET, 47.9, 0
2018-11-23 20:54:53 (11725897219513) STATS - GET, 48.0, 0
2018-11-23 20:54:53 (11725897310516) STATS - GET, 48.1, 0
2018-11-23 20:54:53 (11725897390219) STATS - GET, 48.2, 0
2018-11-23 20:54:53 (11725897475822) STATS - GET, 48.3, 0
2018-11-23 20:54:53 (11725897593726) STATS - GET, 48.4, 0
2018-11-23 20:54:53 (11725897689029) STATS - GET, 48.5, 0
2018-11-23 20:54:53 (11725897810634) STATS - GET, 48.6, 0
2018-11-23 20:54:53 (11725897889936) STATS - GET, 48.7, 0
2018-11-23 20:54:53 (11725897969639) STATS - GET, 48.8, 0
2018-11-23 20:54:53 (11725898084543) STATS - GET, 48.9, 0
2018-11-23 20:54:53 (11725898186447) STATS - GET, 49.0, 0
2018-11-23 20:54:53 (11725898327552) STATS - GET, 49.1, 0
2018-11-23 20:54:53 (11725898575661) STATS - GET, 49.2, 0
2018-11-23 20:54:53 (11725898660864) STATS - GET, 49.3, 0
2018-11-23 20:54:53 (11725898853271) STATS - GET, 49.4, 0
2018-11-23 20:54:53 (11725899260885) STATS - GET, 49.5, 0
2018-11-23 20:54:53 (11725899534095) STATS - GET, 49.6, 0
2018-11-23 20:54:53 (11725905186295) STATS - GET, 49.7, 0
2018-11-23 20:54:53 (11725905314000) STATS - GET, 49.8, 0
2018-11-23 20:54:53 (11725905393003) STATS - GET, 49.9, 0
2018-11-23 20:54:53 (11725905510207) STATS - GET, 50.0, 0
2018-11-23 20:54:53 (11725905639212) STATS - GET, 50.1, 0
2018-11-23 20:54:53 (11725905722314) STATS - GET, 50.2, 0
2018-11-23 20:54:53 (11725905798517) STATS - GET, 50.3, 0
2018-11-23 20:54:53 (11725905908521) STATS - GET, 50.4, 0
2018-11-23 20:54:53 (11725906058426) STATS - GET, 50.5, 0
2018-11-23 20:54:53 (11725906133629) STATS - GET, 50.6, 0
2018-11-23 20:54:53 (11725906209732) STATS - GET, 50.7, 0
2018-11-23 20:54:53 (11725906285334) STATS - GET, 50.8, 0
2018-11-23 20:54:53 (11725906360337) STATS - GET, 50.9, 0
2018-11-23 20:54:53 (11725906431940) STATS - GET, 51.0, 0
2018-11-23 20:54:53 (11725906554644) STATS - GET, 51.1, 0
2018-11-23 20:54:53 (11725906690049) STATS - GET, 51.2, 0
2018-11-23 20:54:53 (11725906771652) STATS - GET, 51.3, 0
2018-11-23 20:54:53 (11725906869355) STATS - GET, 51.4, 0
2018-11-23 20:54:53 (11725906947458) STATS - GET, 51.5, 0
2018-11-23 20:54:53 (11725907057362) STATS - GET, 51.6, 0
2018-11-23 20:54:53 (11725907138665) STATS - GET, 51.7, 0
2018-11-23 20:54:53 (11725907213967) STATS - GET, 51.8, 0
2018-11-23 20:54:53 (11725907288870) STATS - GET, 51.9, 0
2018-11-23 20:54:53 (11725907360373) STATS - GET, 52.0, 0
2018-11-23 20:54:53 (11725907434775) STATS - GET, 52.1, 0
2018-11-23 20:54:53 (11725907508978) STATS - GET, 52.2, 0
2018-11-23 20:54:53 (11725907583081) STATS - GET, 52.3, 0
2018-11-23 20:54:53 (11725907758487) STATS - GET, 52.4, 0
2018-11-23 20:54:53 (11725907840890) STATS - GET, 52.5, 0
2018-11-23 20:54:53 (11725907915992) STATS - GET, 52.6, 0
2018-11-23 20:54:53 (11725908066698) STATS - GET, 52.7, 0
2018-11-23 20:54:53 (11725908151001) STATS - GET, 52.8, 0
2018-11-23 20:54:53 (11725908224903) STATS - GET, 52.9, 0
2018-11-23 20:54:53 (11725908294306) STATS - GET, 53.0, 0
2018-11-23 20:54:53 (11725908366308) STATS - GET, 53.1, 0
2018-11-23 20:54:53 (11725908438711) STATS - GET, 53.2, 0
2018-11-23 20:54:53 (11725908511314) STATS - GET, 53.3, 0
2018-11-23 20:54:53 (11725908584316) STATS - GET, 53.4, 0
2018-11-23 20:54:53 (11725908688520) STATS - GET, 53.5, 0
2018-11-23 20:54:53 (11725908763122) STATS - GET, 53.6, 0
2018-11-23 20:54:53 (11725908837325) STATS - GET, 53.7, 0
2018-11-23 20:54:53 (11725908935229) STATS - GET, 53.8, 0
2018-11-23 20:54:53 (11725909009431) STATS - GET, 53.9, 0
2018-11-23 20:54:53 (11725909076334) STATS - GET, 54.0, 0
2018-11-23 20:54:53 (11725909145836) STATS - GET, 54.1, 0
2018-11-23 20:54:53 (11725914807837) STATS - GET, 54.2, 0
2018-11-23 20:54:53 (11725914910141) STATS - GET, 54.3, 0
2018-11-23 20:54:53 (11725914982743) STATS - GET, 54.4, 0
2018-11-23 20:54:53 (11725915053146) STATS - GET, 54.5, 0
2018-11-23 20:54:53 (11725915122648) STATS - GET, 54.6, 0
2018-11-23 20:54:53 (11725915191651) STATS - GET, 54.7, 0
2018-11-23 20:54:53 (11725915261553) STATS - GET, 54.8, 0
2018-11-23 20:54:53 (11725915333056) STATS - GET, 54.9, 0
2018-11-23 20:54:53 (11725915408258) STATS - GET, 55.0, 0
2018-11-23 20:54:53 (11725915480061) STATS - GET, 55.1, 0
2018-11-23 20:54:53 (11725915548863) STATS - GET, 55.2, 0
2018-11-23 20:54:53 (11725915617966) STATS - GET, 55.3, 0
2018-11-23 20:54:53 (11725915701869) STATS - GET, 55.4, 0
2018-11-23 20:54:53 (11725915770271) STATS - GET, 55.5, 0
2018-11-23 20:54:53 (11725915838774) STATS - GET, 55.6, 0
2018-11-23 20:54:53 (11725915911376) STATS - GET, 55.7, 0
2018-11-23 20:54:53 (11725915980679) STATS - GET, 55.8, 0
2018-11-23 20:54:53 (11725916098583) STATS - GET, 55.9, 0
2018-11-23 20:54:53 (11725916168285) STATS - GET, 56.0, 0
2018-11-23 20:54:53 (11725916235588) STATS - GET, 56.1, 0
2018-11-23 20:54:53 (11725916302990) STATS - GET, 56.2, 0
2018-11-23 20:54:53 (11725916371293) STATS - GET, 56.3, 0
2018-11-23 20:54:53 (11725916483897) STATS - GET, 56.4, 0
2018-11-23 20:54:53 (11725916557999) STATS - GET, 56.5, 0
2018-11-23 20:54:53 (11725916638702) STATS - GET, 56.6, 0
2018-11-23 20:54:53 (11725916715605) STATS - GET, 56.7, 0
2018-11-23 20:54:53 (11725916784007) STATS - GET, 56.8, 0
2018-11-23 20:54:53 (11725916851710) STATS - GET, 56.9, 0
2018-11-23 20:54:53 (11725916915812) STATS - GET, 57.0, 0
2018-11-23 20:54:53 (11725916982514) STATS - GET, 57.1, 0
2018-11-23 20:54:53 (11725917049817) STATS - GET, 57.2, 0
2018-11-23 20:54:53 (11725917117819) STATS - GET, 57.3, 0
2018-11-23 20:54:53 (11725917185021) STATS - GET, 57.4, 0
2018-11-23 20:54:53 (11725917252724) STATS - GET, 57.5, 0
2018-11-23 20:54:53 (11725917326926) STATS - GET, 57.6, 0
2018-11-23 20:54:53 (11725917431330) STATS - GET, 57.7, 0
2018-11-23 20:54:53 (11725917504433) STATS - GET, 57.8, 0
2018-11-23 20:54:53 (11725917572235) STATS - GET, 57.9, 0
2018-11-23 20:54:53 (11725917635337) STATS - GET, 58.0, 0
2018-11-23 20:54:53 (11725917701740) STATS - GET, 58.1, 0
2018-11-23 20:54:53 (11725917768542) STATS - GET, 58.2, 0
2018-11-23 20:54:53 (11725917835645) STATS - GET, 58.3, 0
2018-11-23 20:54:53 (11725917902447) STATS - GET, 58.4, 0
2018-11-23 20:54:53 (11725917969449) STATS - GET, 58.5, 0
2018-11-23 20:54:53 (11725918040252) STATS - GET, 58.6, 0
2018-11-23 20:54:53 (11725918139855) STATS - GET, 58.7, 0
2018-11-23 20:54:53 (11725918222558) STATS - GET, 58.8, 0
2018-11-23 20:54:53 (11725918299861) STATS - GET, 58.9, 0
2018-11-23 20:54:53 (11725918363563) STATS - GET, 59.0, 0
2018-11-23 20:54:53 (11725918430066) STATS - GET, 59.1, 0
2018-11-23 20:54:53 (11725918496868) STATS - GET, 59.2, 0
2018-11-23 20:54:53 (11725918564270) STATS - GET, 59.3, 0
2018-11-23 20:54:53 (11725918631673) STATS - GET, 59.4, 0
2018-11-23 20:54:53 (11725918698275) STATS - GET, 59.5, 0
2018-11-23 20:54:53 (11725924153769) STATS - GET, 59.6, 0
2018-11-23 20:54:53 (11725924227571) STATS - GET, 59.7, 0
2018-11-23 20:54:53 (11725924295974) STATS - GET, 59.8, 0
2018-11-23 20:54:53 (11725924363476) STATS - GET, 59.9, 0
2018-11-23 20:54:53 (11725924427779) STATS - GET, 60.0, 0
2018-11-23 20:54:53 (11725924494081) STATS - GET, 60.1, 0
2018-11-23 20:54:53 (11725924560783) STATS - GET, 60.2, 0
2018-11-23 20:54:53 (11725924627486) STATS - GET, 60.3, 0
2018-11-23 20:54:53 (11725924700288) STATS - GET, 60.4, 0
2018-11-23 20:54:53 (11725924767691) STATS - GET, 60.5, 0
2018-11-23 20:54:53 (11725924834593) STATS - GET, 60.6, 0
2018-11-23 20:54:53 (11725924905095) STATS - GET, 60.7, 0
2018-11-23 20:54:53 (11725924972598) STATS - GET, 60.8, 0
2018-11-23 20:54:53 (11725925042900) STATS - GET, 60.9, 0
2018-11-23 20:54:53 (11725925105903) STATS - GET, 61.0, 0
2018-11-23 20:54:53 (11725925174605) STATS - GET, 61.1, 0
2018-11-23 20:54:53 (11725925246108) STATS - GET, 61.2, 0
2018-11-23 20:54:53 (11725925316110) STATS - GET, 61.3, 0
2018-11-23 20:54:53 (11725925382912) STATS - GET, 61.4, 0
2018-11-23 20:54:53 (11725925449215) STATS - GET, 61.5, 0
2018-11-23 20:54:53 (11725925515417) STATS - GET, 61.6, 0
2018-11-23 20:54:53 (11725925584720) STATS - GET, 61.7, 0
2018-11-23 20:54:53 (11725925651722) STATS - GET, 61.8, 0
2018-11-23 20:54:53 (11725925727625) STATS - GET, 61.9, 0
2018-11-23 20:54:53 (11725925806327) STATS - GET, 62.0, 0
2018-11-23 20:54:53 (11725925873030) STATS - GET, 62.1, 0
2018-11-23 20:54:53 (11725925946632) STATS - GET, 62.2, 0
2018-11-23 20:54:53 (11725926034336) STATS - GET, 62.3, 0
2018-11-23 20:54:53 (11725926156140) STATS - GET, 62.4, 0
2018-11-23 20:54:53 (11725926230043) STATS - GET, 62.5, 0
2018-11-23 20:54:53 (11725926297145) STATS - GET, 62.6, 0
2018-11-23 20:54:53 (11725926363947) STATS - GET, 62.7, 0
2018-11-23 20:54:53 (11725926434750) STATS - GET, 62.8, 0
2018-11-23 20:54:53 (11725926502752) STATS - GET, 62.9, 0
2018-11-23 20:54:53 (11725926565954) STATS - GET, 63.0, 0
2018-11-23 20:54:53 (11725926632157) STATS - GET, 63.1, 0
2018-11-23 20:54:53 (11725926698559) STATS - GET, 63.2, 0
2018-11-23 20:54:53 (11725926765162) STATS - GET, 63.3, 0
2018-11-23 20:54:53 (11725926832264) STATS - GET, 63.4, 0
2018-11-23 20:54:53 (11725926898466) STATS - GET, 63.5, 0
2018-11-23 20:54:53 (11725926964869) STATS - GET, 63.6, 0
2018-11-23 20:54:53 (11725927031671) STATS - GET, 63.7, 0
2018-11-23 20:54:53 (11725927098473) STATS - GET, 63.8, 0
2018-11-23 20:54:53 (11725927169276) STATS - GET, 63.9, 0
2018-11-23 20:54:53 (11725927237978) STATS - GET, 64.0, 0
2018-11-23 20:54:53 (11725927306281) STATS - GET, 64.1, 0
2018-11-23 20:54:53 (11725927376683) STATS - GET, 64.2, 0
2018-11-23 20:54:53 (11725927450086) STATS - GET, 64.3, 0
2018-11-23 20:54:53 (11725927535589) STATS - GET, 64.4, 0
2018-11-23 20:54:53 (11725927602491) STATS - GET, 64.5, 0
2018-11-23 20:54:53 (11725927685494) STATS - GET, 64.6, 0
2018-11-23 20:54:53 (11725927756697) STATS - GET, 64.7, 0
2018-11-23 20:54:53 (11725927822899) STATS - GET, 64.8, 0
2018-11-23 20:54:53 (11725933294193) STATS - GET, 64.9, 0
2018-11-23 20:54:53 (11725933409997) STATS - GET, 65.0, 0
2018-11-23 20:54:53 (11725933480400) STATS - GET, 65.1, 0
2018-11-23 20:54:53 (11725933550802) STATS - GET, 65.2, 0
2018-11-23 20:54:53 (11725933637305) STATS - GET, 65.3, 0
2018-11-23 20:54:53 (11725933702808) STATS - GET, 65.4, 0
2018-11-23 20:54:53 (11725933767110) STATS - GET, 65.5, 0
2018-11-23 20:54:53 (11725933888914) STATS - GET, 65.6, 0
2018-11-23 20:54:53 (11725933955017) STATS - GET, 65.7, 0
2018-11-23 20:54:53 (11725934018719) STATS - GET, 65.8, 0
2018-11-23 20:54:53 (11725934082021) STATS - GET, 65.9, 0
2018-11-23 20:54:53 (11725934143423) STATS - GET, 66.0, 0
2018-11-23 20:54:53 (11725934206826) STATS - GET, 66.1, 0
2018-11-23 20:54:53 (11725934276528) STATS - GET, 66.2, 0
2018-11-23 20:54:53 (11725934343931) STATS - GET, 66.3, 0
2018-11-23 20:54:53 (11725934413733) STATS - GET, 66.4, 0
2018-11-23 20:54:53 (11725934589939) STATS - GET, 66.5, 0
2018-11-23 20:54:53 (11725934662842) STATS - GET, 66.6, 0
2018-11-23 20:54:53 (11725934726144) STATS - GET, 66.7, 0
2018-11-23 20:54:53 (11725934788946) STATS - GET, 66.8, 0
2018-11-23 20:54:53 (11725934852749) STATS - GET, 66.9, 0
2018-11-23 20:54:53 (11725934913651) STATS - GET, 67.0, 0
2018-11-23 20:54:53 (11725934976353) STATS - GET, 67.1, 0
2018-11-23 20:54:53 (11725935043555) STATS - GET, 67.2, 0
2018-11-23 20:54:53 (11725935106258) STATS - GET, 67.3, 0
2018-11-23 20:54:53 (11725935168460) STATS - GET, 67.4, 0
2018-11-23 20:54:53 (11725935230662) STATS - GET, 67.5, 0
2018-11-23 20:54:53 (11725935293364) STATS - GET, 67.6, 0
2018-11-23 20:54:53 (11725935355066) STATS - GET, 67.7, 0
2018-11-23 20:54:53 (11725935421769) STATS - GET, 67.8, 0
2018-11-23 20:54:53 (11725935487871) STATS - GET, 67.9, 0
2018-11-23 20:54:53 (11725935548773) STATS - GET, 68.0, 0
2018-11-23 20:54:53 (11725935611376) STATS - GET, 68.1, 0
2018-11-23 20:54:53 (11725935673878) STATS - GET, 68.2, 0
2018-11-23 20:54:53 (11725935736680) STATS - GET, 68.3, 0
2018-11-23 20:54:53 (11725935798982) STATS - GET, 68.4, 0
2018-11-23 20:54:53 (11725935861084) STATS - GET, 68.5, 0
2018-11-23 20:54:53 (11725935927887) STATS - GET, 68.6, 0
2018-11-23 20:54:53 (11725935990489) STATS - GET, 68.7, 0
2018-11-23 20:54:53 (11725936079192) STATS - GET, 68.8, 0
2018-11-23 20:54:53 (11725936142494) STATS - GET, 68.9, 0
2018-11-23 20:54:53 (11725936202997) STATS - GET, 69.0, 0
2018-11-23 20:54:53 (11725936265099) STATS - GET, 69.1, 0
2018-11-23 20:54:53 (11725936327101) STATS - GET, 69.2, 0
2018-11-23 20:54:53 (11725936390103) STATS - GET, 69.3, 0
2018-11-23 20:54:53 (11725936454305) STATS - GET, 69.4, 0
2018-11-23 20:54:53 (11725936518008) STATS - GET, 69.5, 0
2018-11-23 20:54:53 (11725936580510) STATS - GET, 69.6, 0
2018-11-23 20:54:53 (11725936642512) STATS - GET, 69.7, 0
2018-11-23 20:54:53 (11725936705014) STATS - GET, 69.8, 0
2018-11-23 20:54:53 (11725936801318) STATS - GET, 69.9, 0
2018-11-23 20:54:53 (11725936864620) STATS - GET, 70.0, 0
2018-11-23 20:54:53 (11725936926422) STATS - GET, 70.1, 0
2018-11-23 20:54:53 (11725936993025) STATS - GET, 70.2, 0
2018-11-23 20:54:53 (11725942910135) STATS - GET, 70.3, 0
2018-11-23 20:54:53 (11725942999138) STATS - GET, 70.4, 0
2018-11-23 20:54:53 (11725943063240) STATS - GET, 70.5, 0
2018-11-23 20:54:53 (11725943125942) STATS - GET, 70.6, 0
2018-11-23 20:54:53 (11725943187945) STATS - GET, 70.7, 0
2018-11-23 20:54:53 (11725943250347) STATS - GET, 70.8, 0
2018-11-23 20:54:53 (11725943311449) STATS - GET, 70.9, 0
2018-11-23 20:54:53 (11725943372151) STATS - GET, 71.0, 0
2018-11-23 20:54:53 (11725943433753) STATS - GET, 71.1, 0
2018-11-23 20:54:53 (11725943495855) STATS - GET, 71.2, 0
2018-11-23 20:54:53 (11725943557958) STATS - GET, 71.3, 0
2018-11-23 20:54:53 (11725943619160) STATS - GET, 71.4, 0
2018-11-23 20:54:53 (11725943680062) STATS - GET, 71.5, 0
2018-11-23 20:54:53 (11725944076076) STATS - GET, 71.6, 0
2018-11-23 20:54:53 (11725944150179) STATS - GET, 71.7, 0
2018-11-23 20:54:53 (11725944213281) STATS - GET, 71.8, 0
2018-11-23 20:54:53 (11725944274783) STATS - GET, 71.9, 0
2018-11-23 20:54:53 (11725944334785) STATS - GET, 72.0, 0
2018-11-23 20:54:53 (11725944396287) STATS - GET, 72.1, 0
2018-11-23 20:54:53 (11725944457790) STATS - GET, 72.2, 0
2018-11-23 20:54:53 (11725944520892) STATS - GET, 72.3, 0
2018-11-23 20:54:53 (11725944586794) STATS - GET, 72.4, 0
2018-11-23 20:54:53 (11725944648296) STATS - GET, 72.5, 0
2018-11-23 20:54:53 (11725944710099) STATS - GET, 72.6, 0
2018-11-23 20:54:53 (11725944772001) STATS - GET, 72.7, 0
2018-11-23 20:54:53 (11725944834003) STATS - GET, 72.8, 0
2018-11-23 20:54:53 (11725944895905) STATS - GET, 72.9, 0
2018-11-23 20:54:53 (11725944956207) STATS - GET, 73.0, 0
2018-11-23 20:54:53 (11725945018210) STATS - GET, 73.1, 0
2018-11-23 20:54:53 (11725945129213) STATS - GET, 73.2, 0
2018-11-23 20:54:53 (11725945193716) STATS - GET, 73.3, 0
2018-11-23 20:54:53 (11725945260318) STATS - GET, 73.4, 0
2018-11-23 20:54:53 (11725945335221) STATS - GET, 73.5, 0
2018-11-23 20:54:53 (11725945398923) STATS - GET, 73.6, 0
2018-11-23 20:54:53 (11725945498727) STATS - GET, 73.7, 0
2018-11-23 20:54:53 (11725945561829) STATS - GET, 73.8, 0
2018-11-23 20:54:53 (11725945678833) STATS - GET, 73.9, 0
2018-11-23 20:54:53 (11725945748035) STATS - GET, 74.0, 0
2018-11-23 20:54:53 (11725945920442) STATS - GET, 74.1, 0
2018-11-23 20:54:53 (11725945985044) STATS - GET, 74.2, 0
2018-11-23 20:54:53 (11725946046946) STATS - GET, 74.3, 0
2018-11-23 20:54:53 (11725946108248) STATS - GET, 74.4, 0
2018-11-23 20:54:53 (11725946207552) STATS - GET, 74.5, 0
2018-11-23 20:54:53 (11725946271654) STATS - GET, 74.6, 0
2018-11-23 20:54:53 (11725948967150) STATS - GET, 74.7, 0
2018-11-23 20:54:53 (11725949108355) STATS - GET, 74.8, 0
2018-11-23 20:54:53 (11725949176457) STATS - GET, 74.9, 0
2018-11-23 20:54:53 (11725949243059) STATS - GET, 75.0, 0
2018-11-23 20:54:53 (11725949322262) STATS - GET, 75.1, 0
2018-11-23 20:54:53 (11725949412966) STATS - GET, 75.2, 0
2018-11-23 20:54:53 (11725949558871) STATS - GET, 75.3, 0
2018-11-23 20:54:53 (11725949628473) STATS - GET, 75.4, 0
2018-11-23 20:54:53 (11725949688975) STATS - GET, 75.5, 0
2018-11-23 20:54:53 (11725949749177) STATS - GET, 75.6, 0
2018-11-23 20:54:53 (11725949815180) STATS - GET, 75.7, 0
2018-11-23 20:54:53 (11725949922784) STATS - GET, 75.8, 0
2018-11-23 20:54:53 (11725949986286) STATS - GET, 75.9, 0
2018-11-23 20:54:53 (11725950044188) STATS - GET, 76.0, 0
2018-11-23 20:54:53 (11725950104790) STATS - GET, 76.1, 0
2018-11-23 20:54:53 (11725950164392) STATS - GET, 76.2, 0
2018-11-23 20:54:53 (11725950224194) STATS - GET, 76.3, 0
2018-11-23 20:54:53 (11725950284196) STATS - GET, 76.4, 0
2018-11-23 20:54:53 (11725950343499) STATS - GET, 76.5, 0
2018-11-23 20:54:53 (11725950403501) STATS - GET, 76.6, 0
2018-11-23 20:54:53 (11725950476003) STATS - GET, 76.7, 0
2018-11-23 20:54:53 (11725950542906) STATS - GET, 76.8, 0
2018-11-23 20:54:53 (11725950603808) STATS - GET, 76.9, 0
2018-11-23 20:54:53 (11725950661510) STATS - GET, 77.0, 0
2018-11-23 20:54:53 (11725950720612) STATS - GET, 77.1, 0
2018-11-23 20:54:53 (11725950779814) STATS - GET, 77.2, 0
2018-11-23 20:54:53 (11725950845816) STATS - GET, 77.3, 0
2018-11-23 20:54:53 (11725950904618) STATS - GET, 77.4, 0
2018-11-23 20:54:53 (11725951020623) STATS - GET, 77.5, 0
2018-11-23 20:54:53 (11725951083925) STATS - GET, 77.6, 0
2018-11-23 20:54:53 (11725951150927) STATS - GET, 77.7, 0
2018-11-23 20:54:53 (11725951210429) STATS - GET, 77.8, 0
2018-11-23 20:54:53 (11725951269131) STATS - GET, 77.9, 0
2018-11-23 20:54:53 (11725951326733) STATS - GET, 78.0, 0
2018-11-23 20:54:53 (11725951385636) STATS - GET, 78.1, 0
2018-11-23 20:54:53 (11725951446838) STATS - GET, 78.2, 0
2018-11-23 20:54:53 (11725951508140) STATS - GET, 78.3, 0
2018-11-23 20:54:53 (11725951640045) STATS - GET, 78.4, 0
2018-11-23 20:54:53 (11725951706647) STATS - GET, 78.5, 0
2018-11-23 20:54:53 (11725951767849) STATS - GET, 78.6, 0
2018-11-23 20:54:53 (11725951828151) STATS - GET, 78.7, 0
2018-11-23 20:54:53 (11725951887253) STATS - GET, 78.8, 0
2018-11-23 20:54:53 (11725951945355) STATS - GET, 78.9, 0
2018-11-23 20:54:53 (11725952002857) STATS - GET, 79.0, 0
2018-11-23 20:54:53 (11725952061960) STATS - GET, 79.1, 0
2018-11-23 20:54:53 (11725952127262) STATS - GET, 79.2, 0
2018-11-23 20:54:53 (11725952186264) STATS - GET, 79.3, 0
2018-11-23 20:54:53 (11725952244466) STATS - GET, 79.4, 0
2018-11-23 20:54:53 (11725952303068) STATS - GET, 79.5, 0
2018-11-23 20:54:53 (11725952373971) STATS - GET, 79.6, 0
2018-11-23 20:54:53 (11725952440073) STATS - GET, 79.7, 0
2018-11-23 20:54:53 (11725952500275) STATS - GET, 79.8, 0
2018-11-23 20:54:53 (11725952558877) STATS - GET, 79.9, 0
2018-11-23 20:54:53 (11725952617379) STATS - GET, 80.0, 0
2018-11-23 20:54:53 (11725952676281) STATS - GET, 80.1, 0
2018-11-23 20:54:53 (11725952734783) STATS - GET, 80.2, 0
2018-11-23 20:54:53 (11725952793886) STATS - GET, 80.3, 0
2018-11-23 20:54:53 (11725952852388) STATS - GET, 80.4, 0
2018-11-23 20:54:53 (11725952910690) STATS - GET, 80.5, 0
2018-11-23 20:54:53 (11725953038594) STATS - GET, 80.6, 0
2018-11-23 20:54:53 (11725953101396) STATS - GET, 80.7, 0
2018-11-23 20:54:53 (11725953160299) STATS - GET, 80.8, 0
2018-11-23 20:54:53 (11725953218901) STATS - GET, 80.9, 0
2018-11-23 20:54:53 (11725953275703) STATS - GET, 81.0, 0
2018-11-23 20:54:53 (11725953334505) STATS - GET, 81.1, 0
2018-11-23 20:54:53 (11725953392707) STATS - GET, 81.2, 0
2018-11-23 20:54:53 (11725953456009) STATS - GET, 81.3, 0
2018-11-23 20:54:53 (11725953514911) STATS - GET, 81.4, 0
2018-11-23 20:54:53 (11725953573113) STATS - GET, 81.5, 0
2018-11-23 20:54:53 (11725959415821) STATS - GET, 81.6, 0
2018-11-23 20:54:53 (11725959610928) STATS - GET, 81.7, 0
2018-11-23 20:54:53 (11725959672030) STATS - GET, 81.8, 0
2018-11-23 20:54:53 (11725959728132) STATS - GET, 81.9, 0
2018-11-23 20:54:53 (11725959788634) STATS - GET, 82.0, 0
2018-11-23 20:54:53 (11725959844536) STATS - GET, 82.1, 0
2018-11-23 20:54:53 (11725959899438) STATS - GET, 82.2, 0
2018-11-23 20:54:53 (11725959955340) STATS - GET, 82.3, 0
2018-11-23 20:54:53 (11725960035943) STATS - GET, 82.4, 0
2018-11-23 20:54:53 (11725960099745) STATS - GET, 82.5, 0
2018-11-23 20:54:53 (11725960155747) STATS - GET, 82.6, 0
2018-11-23 20:54:53 (11725960210749) STATS - GET, 82.7, 0
2018-11-23 20:54:53 (11725960266251) STATS - GET, 82.8, 0
2018-11-23 20:54:53 (11725960321153) STATS - GET, 82.9, 0
2018-11-23 20:54:53 (11725960375155) STATS - GET, 83.0, 0
2018-11-23 20:54:53 (11725960430257) STATS - GET, 83.1, 0
2018-11-23 20:54:53 (11725960485359) STATS - GET, 83.2, 0
2018-11-23 20:54:53 (11725960540461) STATS - GET, 83.3, 0
2018-11-23 20:54:53 (11725960595763) STATS - GET, 83.4, 0
2018-11-23 20:54:53 (11725960649864) STATS - GET, 83.5, 0
2018-11-23 20:54:53 (11725960705166) STATS - GET, 83.6, 0
2018-11-23 20:54:53 (11725960759968) STATS - GET, 83.7, 0
2018-11-23 20:54:53 (11725960839171) STATS - GET, 83.8, 0
2018-11-23 20:54:53 (11725960894973) STATS - GET, 83.9, 0
2018-11-23 20:54:53 (11725960948875) STATS - GET, 84.0, 0
2018-11-23 20:54:53 (11725961003977) STATS - GET, 84.1, 0
2018-11-23 20:54:53 (11725961066479) STATS - GET, 84.2, 0
2018-11-23 20:54:53 (11725961122781) STATS - GET, 84.3, 0
2018-11-23 20:54:53 (11725961177583) STATS - GET, 84.4, 0
2018-11-23 20:54:53 (11725961231485) STATS - GET, 84.5, 0
2018-11-23 20:54:53 (11725961286387) STATS - GET, 84.6, 0
2018-11-23 20:54:53 (11725961340889) STATS - GET, 84.7, 0
2018-11-23 20:54:53 (11725961395991) STATS - GET, 84.8, 0
2018-11-23 20:54:53 (11725961601798) STATS - GET, 84.9, 0
2018-11-23 20:54:53 (11725961662100) STATS - GET, 85.0, 0
2018-11-23 20:54:53 (11725961717902) STATS - GET, 85.1, 0
2018-11-23 20:54:53 (11725961781905) STATS - GET, 85.2, 0
2018-11-23 20:54:53 (11725961838107) STATS - GET, 85.3, 0
2018-11-23 20:54:53 (11725961892909) STATS - GET, 85.4, 0
2018-11-23 20:54:53 (11725961947710) STATS - GET, 85.5, 0
2018-11-23 20:54:53 (11725962002712) STATS - GET, 85.6, 0
2018-11-23 20:54:53 (11725962058114) STATS - GET, 85.7, 0
2018-11-23 20:54:53 (11725962113316) STATS - GET, 85.8, 0
2018-11-23 20:54:53 (11725962168018) STATS - GET, 85.9, 0
2018-11-23 20:54:53 (11725962221320) STATS - GET, 86.0, 0
2018-11-23 20:54:53 (11725962276322) STATS - GET, 86.1, 0
2018-11-23 20:54:53 (11725962331224) STATS - GET, 86.2, 0
2018-11-23 20:54:53 (11725962386626) STATS - GET, 86.3, 0
2018-11-23 20:54:53 (11725962441528) STATS - GET, 86.4, 0
2018-11-23 20:54:53 (11725962495830) STATS - GET, 86.5, 0
2018-11-23 20:54:53 (11725962550532) STATS - GET, 86.6, 0
2018-11-23 20:54:53 (11725962605334) STATS - GET, 86.7, 0
2018-11-23 20:54:53 (11725962660636) STATS - GET, 86.8, 0
2018-11-23 20:54:53 (11725962715738) STATS - GET, 86.9, 0
2018-11-23 20:54:53 (11725962769640) STATS - GET, 87.0, 0
2018-11-23 20:54:53 (11725962824242) STATS - GET, 87.1, 0
2018-11-23 20:54:53 (11725962878844) STATS - GET, 87.2, 0
2018-11-23 20:54:53 (11725962939046) STATS - GET, 87.3, 0
2018-11-23 20:54:53 (11725962994348) STATS - GET, 87.4, 0
2018-11-23 20:54:53 (11725963053250) STATS - GET, 87.5, 0
2018-11-23 20:54:53 (11725963207855) STATS - GET, 87.6, 0
2018-11-23 20:54:53 (11725963265157) STATS - GET, 87.7, 0
2018-11-23 20:54:53 (11725963370861) STATS - GET, 87.8, 0
2018-11-23 20:54:53 (11725963453364) STATS - GET, 87.9, 0
2018-11-23 20:54:53 (11725963565868) STATS - GET, 88.0, 0
2018-11-23 20:54:53 (11725963625770) STATS - GET, 88.1, 0
2018-11-23 20:54:53 (11725969480778) STATS - GET, 88.2, 0
2018-11-23 20:54:53 (11725969590782) STATS - GET, 88.3, 0
2018-11-23 20:54:53 (11725969677185) STATS - GET, 88.4, 0
2018-11-23 20:54:53 (11725969733487) STATS - GET, 88.5, 0
2018-11-23 20:54:53 (11725969788089) STATS - GET, 88.6, 0
2018-11-23 20:54:53 (11725969842191) STATS - GET, 88.7, 0
2018-11-23 20:54:53 (11725969896293) STATS - GET, 88.8, 0
2018-11-23 20:54:53 (11725969950495) STATS - GET, 88.9, 0
2018-11-23 20:54:53 (11725970003096) STATS - GET, 89.0, 0
2018-11-23 20:54:53 (11725970057098) STATS - GET, 89.1, 0
2018-11-23 20:54:53 (11725970111000) STATS - GET, 89.2, 0
2018-11-23 20:54:53 (11725970165202) STATS - GET, 89.3, 0
2018-11-23 20:54:53 (11725970218504) STATS - GET, 89.4, 0
2018-11-23 20:54:53 (11725970325008) STATS - GET, 89.5, 0
2018-11-23 20:54:53 (11725970426511) STATS - GET, 89.6, 0
2018-11-23 20:54:53 (11725970487714) STATS - GET, 89.7, 0
2018-11-23 20:54:53 (11725970542316) STATS - GET, 89.8, 0
2018-11-23 20:54:53 (11725970596418) STATS - GET, 89.9, 0
2018-11-23 20:54:53 (11725970650619) STATS - GET, 90.0, 0
2018-11-23 20:54:53 (11725970704321) STATS - GET, 90.1, 0
2018-11-23 20:54:53 (11725970758523) STATS - GET, 90.2, 0
2018-11-23 20:54:53 (11725970817425) STATS - GET, 90.3, 0
2018-11-23 20:54:53 (11725970873527) STATS - GET, 90.4, 0
2018-11-23 20:54:53 (11725970927729) STATS - GET, 90.5, 0
2018-11-23 20:54:53 (11725970981631) STATS - GET, 90.6, 0
2018-11-23 20:54:53 (11725971035233) STATS - GET, 90.7, 0
2018-11-23 20:54:53 (11725971093335) STATS - GET, 90.8, 0
2018-11-23 20:54:53 (11725971149437) STATS - GET, 90.9, 0
2018-11-23 20:54:53 (11725971201739) STATS - GET, 91.0, 0
2018-11-23 20:54:53 (11725971255141) STATS - GET, 91.1, 0
2018-11-23 20:54:53 (11725971308743) STATS - GET, 91.2, 0
2018-11-23 20:54:53 (11725971363245) STATS - GET, 91.3, 0
2018-11-23 20:54:53 (11725971416447) STATS - GET, 91.4, 0
2018-11-23 20:54:53 (11725971469749) STATS - GET, 91.5, 0
2018-11-23 20:54:53 (11725971523450) STATS - GET, 91.6, 0
2018-11-23 20:54:53 (11725971576852) STATS - GET, 91.7, 0
2018-11-23 20:54:53 (11725971630554) STATS - GET, 91.8, 0
2018-11-23 20:54:53 (11725971684156) STATS - GET, 91.9, 0
2018-11-23 20:54:53 (11725971736058) STATS - GET, 92.0, 0
2018-11-23 20:54:53 (11725971789760) STATS - GET, 92.1, 0
2018-11-23 20:54:53 (11725971843062) STATS - GET, 92.2, 0
2018-11-23 20:54:53 (11725971896964) STATS - GET, 92.3, 0
2018-11-23 20:54:53 (11725971950766) STATS - GET, 92.4, 0
2018-11-23 20:54:53 (11725972022068) STATS - GET, 92.5, 0
2018-11-23 20:54:53 (11725972081270) STATS - GET, 92.6, 0
2018-11-23 20:54:53 (11725972139272) STATS - GET, 92.7, 0
2018-11-23 20:54:53 (11725972195274) STATS - GET, 92.8, 0
2018-11-23 20:54:53 (11725972248576) STATS - GET, 92.9, 0
2018-11-23 20:54:53 (11725972301378) STATS - GET, 93.0, 0
2018-11-23 20:54:53 (11725972355080) STATS - GET, 93.1, 0
2018-11-23 20:54:53 (11725972408782) STATS - GET, 93.2, 0
2018-11-23 20:54:53 (11725972471784) STATS - GET, 93.3, 0
2018-11-23 20:54:53 (11725972525786) STATS - GET, 93.4, 0
2018-11-23 20:54:53 (11725972578888) STATS - GET, 93.5, 0
2018-11-23 20:54:53 (11725972632890) STATS - GET, 93.6, 0
2018-11-23 20:54:53 (11725972686992) STATS - GET, 93.7, 0
2018-11-23 20:54:53 (11725972741094) STATS - GET, 93.8, 0
2018-11-23 20:54:53 (11725972794796) STATS - GET, 93.9, 0
2018-11-23 20:54:53 (11725972846897) STATS - GET, 94.0, 0
2018-11-23 20:54:53 (11725972900399) STATS - GET, 94.1, 0
2018-11-23 20:54:53 (11725972954301) STATS - GET, 94.2, 0
2018-11-23 20:54:53 (11725973008403) STATS - GET, 94.3, 0
2018-11-23 20:54:53 (11725973062205) STATS - GET, 94.4, 0
2018-11-23 20:54:53 (11725973115607) STATS - GET, 94.5, 0
2018-11-23 20:54:53 (11725973169709) STATS - GET, 94.6, 0
2018-11-23 20:54:53 (11725973223611) STATS - GET, 94.7, 0
2018-11-23 20:54:53 (11725973339415) STATS - GET, 94.8, 0
2018-11-23 20:54:53 (11725973396717) STATS - GET, 94.9, 0
2018-11-23 20:54:53 (11725973448919) STATS - GET, 95.0, 0
2018-11-23 20:54:53 (11725973502821) STATS - GET, 95.1, 0
2018-11-23 20:54:53 (11725979469033) STATS - GET, 95.2, 0
2018-11-23 20:54:53 (11725979594437) STATS - GET, 95.3, 0
2018-11-23 20:54:53 (11725979715141) STATS - GET, 95.4, 0
2018-11-23 20:54:53 (11725979769643) STATS - GET, 95.5, 0
2018-11-23 20:54:53 (11725979821645) STATS - GET, 95.6, 0
2018-11-23 20:54:53 (11725979872547) STATS - GET, 95.7, 0
2018-11-23 20:54:53 (11725979934449) STATS - GET, 95.8, 0
2018-11-23 20:54:53 (11725979986151) STATS - GET, 95.9, 0
2018-11-23 20:54:53 (11725980057753) STATS - GET, 96.0, 0
2018-11-23 20:54:53 (11725980110355) STATS - GET, 96.1, 0
2018-11-23 20:54:53 (11725980160957) STATS - GET, 96.2, 0
2018-11-23 20:54:53 (11725980211859) STATS - GET, 96.3, 0
2018-11-23 20:54:53 (11725980297862) STATS - GET, 96.4, 0
2018-11-23 20:54:53 (11725980349964) STATS - GET, 96.5, 0
2018-11-23 20:54:53 (11725980400866) STATS - GET, 96.6, 0
2018-11-23 20:54:53 (11725980451267) STATS - GET, 96.7, 0
2018-11-23 20:54:53 (11725980502169) STATS - GET, 96.8, 0
2018-11-23 20:54:53 (11725980552771) STATS - GET, 96.9, 0
2018-11-23 20:54:53 (11725980602073) STATS - GET, 97.0, 0
2018-11-23 20:54:53 (11725980652775) STATS - GET, 97.1, 0
2018-11-23 20:54:53 (11725980703076) STATS - GET, 97.2, 0
2018-11-23 20:54:53 (11725980754178) STATS - GET, 97.3, 0
2018-11-23 20:54:53 (11725980805680) STATS - GET, 97.4, 0
2018-11-23 20:54:53 (11725980856182) STATS - GET, 97.5, 0
2018-11-23 20:54:53 (11725980907484) STATS - GET, 97.6, 0
2018-11-23 20:54:53 (11725980958085) STATS - GET, 97.7, 0
2018-11-23 20:54:53 (11725981009187) STATS - GET, 97.8, 0
2018-11-23 20:54:53 (11725981059089) STATS - GET, 97.9, 0
2018-11-23 20:54:53 (11725981108391) STATS - GET, 98.0, 0
2018-11-23 20:54:53 (11725981158592) STATS - GET, 98.1, 0
2018-11-23 20:54:53 (11725981208994) STATS - GET, 98.2, 0
2018-11-23 20:54:53 (11725981288997) STATS - GET, 98.3, 0
2018-11-23 20:54:53 (11725981341399) STATS - GET, 98.4, 0
2018-11-23 20:54:53 (11725981391601) STATS - GET, 98.5, 0
2018-11-23 20:54:53 (11725981441903) STATS - GET, 98.6, 0
2018-11-23 20:54:53 (11725981492004) STATS - GET, 98.7, 0
2018-11-23 20:54:53 (11725981542106) STATS - GET, 98.8, 0
2018-11-23 20:54:53 (11725981592108) STATS - GET, 98.9, 0
2018-11-23 20:54:53 (11725981640810) STATS - GET, 99.0, 0
2018-11-23 20:54:53 (11725981691111) STATS - GET, 99.1, 0
2018-11-23 20:54:53 (11725981741413) STATS - GET, 99.2, 0
2018-11-23 20:54:53 (11725981792115) STATS - GET, 99.3, 0
2018-11-23 20:54:53 (11725981842617) STATS - GET, 99.4, 0
2018-11-23 20:54:53 (11725981892619) STATS - GET, 99.5, 0
2018-11-23 20:54:53 (11725981943320) STATS - GET, 99.6, 0
2018-11-23 20:54:53 (11725981993822) STATS - GET, 99.7, 0
2018-11-23 20:54:53 (11725982044324) STATS - GET, 99.8, 0
2018-11-23 20:54:53 (11725982094626) STATS - GET, 99.9, 0
2018-11-23 20:54:53 (11725982159728) STATS - GET, 100.0, 0
2018-11-23 20:54:53 (11725982214630) STATS - GET, 100.1, 0
2018-11-23 20:54:53 (11725982301133) STATS - GET, 100.2, 0
2018-11-23 20:54:53 (11725982354635) STATS - GET, 100.3, 0
2018-11-23 20:54:53 (11725982413537) STATS - GET, 100.4, 0
2018-11-23 20:54:53 (11725982469439) STATS - GET, 100.5, 0
2018-11-23 20:54:53 (11725982581843) STATS - GET, 100.6, 0
2018-11-23 20:54:53 (11725982678046) STATS - GET, 100.7, 0
2018-11-23 20:54:53 (11725982752849) STATS - GET, 100.8, 0
2018-11-23 20:54:53 (11725982806851) STATS - GET, 100.9, 0
2018-11-23 20:54:53 (11725982856953) STATS - GET, 101.0, 0
2018-11-23 20:54:53 (11725982907755) STATS - GET, 101.1, 0
2018-11-23 20:54:53 (11725982957756) STATS - GET, 101.2, 0
2018-11-23 20:54:53 (11725983008658) STATS - GET, 101.3, 0
2018-11-23 20:54:53 (11725983059160) STATS - GET, 101.4, 0
2018-11-23 20:54:53 (11725983113162) STATS - GET, 101.5, 0
2018-11-23 20:54:53 (11725983165764) STATS - GET, 101.6, 0
2018-11-23 20:54:53 (11725983215866) STATS - GET, 101.7, 0
2018-11-23 20:54:53 (11725983298568) STATS - GET, 101.8, 0
2018-11-23 20:54:53 (11725983350870) STATS - GET, 101.9, 0
2018-11-23 20:54:53 (11725983400672) STATS - GET, 102.0, 0
2018-11-23 20:54:53 (11725983451174) STATS - GET, 102.1, 0
2018-11-23 20:54:53 (11725983501476) STATS - GET, 102.2, 0
2018-11-23 20:54:53 (11725989621393) STATS - GET, 102.3, 0
2018-11-23 20:54:53 (11725989763398) STATS - GET, 102.4, 0
2018-11-23 20:54:53 (11725989831300) STATS - GET, 102.5, 0
2018-11-23 20:54:53 (11725989880502) STATS - GET, 102.6, 0
2018-11-23 20:54:53 (11725989923704) STATS - GET, 102.7, 0
2018-11-23 20:54:53 (11725989967205) STATS - GET, 102.8, 0
2018-11-23 20:54:53 (11725990010307) STATS - GET, 102.9, 0
2018-11-23 20:54:53 (11725990053008) STATS - GET, 103.0, 0
2018-11-23 20:54:53 (11725990096210) STATS - GET, 103.1, 0
2018-11-23 20:54:53 (11725990138911) STATS - GET, 103.2, 0
2018-11-23 20:54:53 (11725990181713) STATS - GET, 103.3, 0
2018-11-23 20:54:53 (11725990225014) STATS - GET, 103.4, 0
2018-11-23 20:54:53 (11725990267616) STATS - GET, 103.5, 0
2018-11-23 20:54:53 (11725990310817) STATS - GET, 103.6, 0
2018-11-23 20:54:53 (11725990353719) STATS - GET, 103.7, 0
2018-11-23 20:54:53 (11725990396520) STATS - GET, 103.8, 0
2018-11-23 20:54:53 (11725990439522) STATS - GET, 103.9, 0
2018-11-23 20:54:53 (11725990487724) STATS - GET, 104.0, 0
2018-11-23 20:54:53 (11725990531925) STATS - GET, 104.1, 0
2018-11-23 20:54:53 (11725990574727) STATS - GET, 104.2, 0
2018-11-23 20:54:53 (11725990617128) STATS - GET, 104.3, 0
2018-11-23 20:54:53 (11725990659830) STATS - GET, 104.4, 0
2018-11-23 20:54:53 (11725990702431) STATS - GET, 104.5, 0
2018-11-23 20:54:53 (11725990745633) STATS - GET, 104.6, 0
2018-11-23 20:54:53 (11725990788534) STATS - GET, 104.7, 0
2018-11-23 20:54:53 (11725990831636) STATS - GET, 104.8, 0
2018-11-23 20:54:53 (11725990875137) STATS - GET, 104.9, 0
2018-11-23 20:54:53 (11725990916539) STATS - GET, 105.0, 0
2018-11-23 20:54:53 (11725990959540) STATS - GET, 105.1, 0
2018-11-23 20:54:53 (11725991001942) STATS - GET, 105.2, 0
2018-11-23 20:54:53 (11725991044943) STATS - GET, 105.3, 0
2018-11-23 20:54:53 (11725991088045) STATS - GET, 105.4, 0
2018-11-23 20:54:53 (11725991130947) STATS - GET, 105.5, 0
2018-11-23 20:54:53 (11725991173548) STATS - GET, 105.6, 0
2018-11-23 20:54:53 (11725991216750) STATS - GET, 105.7, 0
2018-11-23 20:54:53 (11725991265851) STATS - GET, 105.8, 0
2018-11-23 20:54:53 (11725991310153) STATS - GET, 105.9, 0
2018-11-23 20:54:53 (11725991351754) STATS - GET, 106.0, 0
2018-11-23 20:54:53 (11725991394456) STATS - GET, 106.1, 0
2018-11-23 20:54:53 (11725991436957) STATS - GET, 106.2, 0
2018-11-23 20:54:53 (11725991480159) STATS - GET, 106.3, 0
2018-11-23 20:54:53 (11725991522960) STATS - GET, 106.4, 0
2018-11-23 20:54:53 (11725991565662) STATS - GET, 106.5, 0
2018-11-23 20:54:53 (11725991608663) STATS - GET, 106.6, 0
2018-11-23 20:54:53 (11725991651665) STATS - GET, 106.7, 0
2018-11-23 20:54:53 (11725991695067) STATS - GET, 106.8, 0
2018-11-23 20:54:53 (11725991776469) STATS - GET, 106.9, 0
2018-11-23 20:54:53 (11725991824971) STATS - GET, 107.0, 0
2018-11-23 20:54:53 (11725991868973) STATS - GET, 107.1, 0
2018-11-23 20:54:53 (11725991911774) STATS - GET, 107.2, 0
2018-11-23 20:54:53 (11725991955176) STATS - GET, 107.3, 0
2018-11-23 20:54:53 (11725991997677) STATS - GET, 107.4, 0
2018-11-23 20:54:53 (11725992065880) STATS - GET, 107.5, 0
2018-11-23 20:54:53 (11725992109981) STATS - GET, 107.6, 0
2018-11-23 20:54:53 (11725992153083) STATS - GET, 107.7, 0
2018-11-23 20:54:53 (11725992196984) STATS - GET, 107.8, 0
2018-11-23 20:54:53 (11725992284787) STATS - GET, 107.9, 0
2018-11-23 20:54:53 (11725992331789) STATS - GET, 108.0, 0
2018-11-23 20:54:53 (11725992376291) STATS - GET, 108.1, 0
2018-11-23 20:54:53 (11725992420092) STATS - GET, 108.2, 0
2018-11-23 20:54:53 (11725992462994) STATS - GET, 108.3, 0
2018-11-23 20:54:53 (11725992505395) STATS - GET, 108.4, 0
2018-11-23 20:54:53 (11725992547897) STATS - GET, 108.5, 0
2018-11-23 20:54:53 (11725992590698) STATS - GET, 108.6, 0
2018-11-23 20:54:53 (11725992917210) STATS - GET, 108.7, 0
2018-11-23 20:54:53 (11725993025014) STATS - GET, 108.8, 0
2018-11-23 20:54:53 (11725993072115) STATS - GET, 108.9, 0
2018-11-23 20:54:53 (11725993114717) STATS - GET, 109.0, 0
2018-11-23 20:54:53 (11725993158118) STATS - GET, 109.1, 0
2018-11-23 20:54:53 (11725993201420) STATS - GET, 109.2, 0
2018-11-23 20:54:53 (11725993244922) STATS - GET, 109.3, 0
2018-11-23 20:54:53 (11725993307424) STATS - GET, 109.4, 0
2018-11-23 20:54:53 (11725993351925) STATS - GET, 109.5, 0
2018-11-23 20:54:53 (11725993395427) STATS - GET, 109.6, 0
2018-11-23 20:54:53 (11725993438828) STATS - GET, 109.7, 0
2018-11-23 20:54:53 (11725993482430) STATS - GET, 109.8, 0
2018-11-23 20:54:53 (11725993525232) STATS - GET, 109.9, 0
2018-11-23 20:54:53 (11725993567433) STATS - GET, 110.0, 0
2018-11-23 20:54:53 (11725999467342) STATS - GET, 110.1, 0
2018-11-23 20:54:53 (11725999593747) STATS - GET, 110.2, 0
2018-11-23 20:54:53 (11725999660449) STATS - GET, 110.3, 0
2018-11-23 20:54:53 (11725999704751) STATS - GET, 110.4, 0
2018-11-23 20:54:53 (11725999746852) STATS - GET, 110.5, 0
2018-11-23 20:54:53 (11725999789354) STATS - GET, 110.6, 0
2018-11-23 20:54:53 (11725999831055) STATS - GET, 110.7, 0
2018-11-23 20:54:53 (11725999872957) STATS - GET, 110.8, 0
2018-11-23 20:54:53 (11725999923459) STATS - GET, 110.9, 0
2018-11-23 20:54:53 (11725999966560) STATS - GET, 111.0, 0
2018-11-23 20:54:53 (11726000027662) STATS - GET, 111.1, 0
2018-11-23 20:54:53 (11726000073664) STATS - GET, 111.2, 0
2018-11-23 20:54:53 (11726000116465) STATS - GET, 111.3, 0
2018-11-23 20:54:53 (11726000157967) STATS - GET, 111.4, 0
2018-11-23 20:54:53 (11726000198868) STATS - GET, 111.5, 0
2018-11-23 20:54:53 (11726000240370) STATS - GET, 111.6, 0
2018-11-23 20:54:53 (11726000281571) STATS - GET, 111.7, 0
2018-11-23 20:54:53 (11726000323073) STATS - GET, 111.8, 0
2018-11-23 20:54:53 (11726000364774) STATS - GET, 111.9, 0
2018-11-23 20:54:53 (11726000405076) STATS - GET, 112.0, 0
2018-11-23 20:54:53 (11726000446277) STATS - GET, 112.1, 0
2018-11-23 20:54:53 (11726000487479) STATS - GET, 112.2, 0
2018-11-23 20:54:53 (11726000528780) STATS - GET, 112.3, 0
2018-11-23 20:54:53 (11726000569782) STATS - GET, 112.4, 0
2018-11-23 20:54:53 (11726000610783) STATS - GET, 112.5, 0
2018-11-23 20:54:53 (11726000703886) STATS - GET, 112.6, 0
2018-11-23 20:54:53 (11726000746388) STATS - GET, 112.7, 0
2018-11-23 20:54:53 (11726000788089) STATS - GET, 112.8, 0
2018-11-23 20:54:53 (11726000829191) STATS - GET, 112.9, 0
2018-11-23 20:54:53 (11726000868992) STATS - GET, 113.0, 0
2018-11-23 20:54:53 (11726000910194) STATS - GET, 113.1, 0
2018-11-23 20:54:53 (11726000951395) STATS - GET, 113.2, 0
2018-11-23 20:54:53 (11726000992897) STATS - GET, 113.3, 0
2018-11-23 20:54:53 (11726001038698) STATS - GET, 113.4, 0
2018-11-23 20:54:53 (11726001206904) STATS - GET, 113.5, 0
2018-11-23 20:54:53 (11726001271807) STATS - GET, 113.6, 0
2018-11-23 20:54:53 (11726001319708) STATS - GET, 113.7, 0
2018-11-23 20:54:53 (11726001363110) STATS - GET, 113.8, 0
2018-11-23 20:54:53 (11726001408711) STATS - GET, 113.9, 0
2018-11-23 20:54:53 (11726001451113) STATS - GET, 114.0, 0
2018-11-23 20:54:53 (11726001492814) STATS - GET, 114.1, 0
2018-11-23 20:54:53 (11726001534116) STATS - GET, 114.2, 0
2018-11-23 20:54:53 (11726001575717) STATS - GET, 114.3, 0
2018-11-23 20:54:53 (11726001617019) STATS - GET, 114.4, 0
2018-11-23 20:54:53 (11726001658020) STATS - GET, 114.5, 0
2018-11-23 20:54:53 (11726001699622) STATS - GET, 114.6, 0
2018-11-23 20:54:53 (11726001741023) STATS - GET, 114.7, 0
2018-11-23 20:54:53 (11726001782725) STATS - GET, 114.8, 0
2018-11-23 20:54:53 (11726001823926) STATS - GET, 114.9, 0
2018-11-23 20:54:53 (11726001864028) STATS - GET, 115.0, 0
2018-11-23 20:54:53 (11726001905629) STATS - GET, 115.1, 0
2018-11-23 20:54:53 (11726001949831) STATS - GET, 115.2, 0
2018-11-23 20:54:53 (11726001992532) STATS - GET, 115.3, 0
2018-11-23 20:54:53 (11726002033834) STATS - GET, 115.4, 0
2018-11-23 20:54:53 (11726002074835) STATS - GET, 115.5, 0
2018-11-23 20:54:53 (11726002116336) STATS - GET, 115.6, 0
2018-11-23 20:54:53 (11726002162338) STATS - GET, 115.7, 0
2018-11-23 20:54:53 (11726002204440) STATS - GET, 115.8, 0
2018-11-23 20:54:53 (11726002246141) STATS - GET, 115.9, 0
2018-11-23 20:54:53 (11726002292343) STATS - GET, 116.0, 0
2018-11-23 20:54:53 (11726002336344) STATS - GET, 116.1, 0
2018-11-23 20:54:53 (11726002377946) STATS - GET, 116.2, 0
2018-11-23 20:54:53 (11726002419647) STATS - GET, 116.3, 0
2018-11-23 20:54:53 (11726002461649) STATS - GET, 116.4, 0
2018-11-23 20:54:53 (11726002502650) STATS - GET, 116.5, 0
2018-11-23 20:54:53 (11726002544652) STATS - GET, 116.6, 0
2018-11-23 20:54:53 (11726002586253) STATS - GET, 116.7, 0
2018-11-23 20:54:53 (11726002632255) STATS - GET, 116.8, 0
2018-11-23 20:54:53 (11726002674856) STATS - GET, 116.9, 0
2018-11-23 20:54:53 (11726002715158) STATS - GET, 117.0, 0
2018-11-23 20:54:53 (11726002760859) STATS - GET, 117.1, 0
2018-11-23 20:54:53 (11726002804261) STATS - GET, 117.2, 0
2018-11-23 20:54:53 (11726002846062) STATS - GET, 117.3, 0
2018-11-23 20:54:53 (11726002887664) STATS - GET, 117.4, 0
2018-11-23 20:54:53 (11726002928965) STATS - GET, 117.5, 0
2018-11-23 20:54:53 (11726002970567) STATS - GET, 117.6, 0
2018-11-23 20:54:53 (11726003011868) STATS - GET, 117.7, 0
2018-11-23 20:54:53 (11726003053570) STATS - GET, 117.8, 0
2018-11-23 20:54:53 (11726003100071) STATS - GET, 117.9, 0
2018-11-23 20:54:53 (11726003140673) STATS - GET, 118.0, 0
2018-11-23 20:54:53 (11726003182174) STATS - GET, 118.1, 0
2018-11-23 20:54:53 (11726003223176) STATS - GET, 118.2, 0
2018-11-23 20:54:53 (11726003264877) STATS - GET, 118.3, 0
2018-11-23 20:54:53 (11726003311279) STATS - GET, 118.4, 0
2018-11-23 20:54:53 (11726003353080) STATS - GET, 118.5, 0
2018-11-23 20:54:53 (11726009343293) STATS - GET, 118.6, 0
2018-11-23 20:54:53 (11726009429396) STATS - GET, 118.7, 0
2018-11-23 20:54:53 (11726009475198) STATS - GET, 118.8, 0
2018-11-23 20:54:53 (11726009517799) STATS - GET, 118.9, 0
2018-11-23 20:54:53 (11726009559301) STATS - GET, 119.0, 0
2018-11-23 20:54:53 (11726009601202) STATS - GET, 119.1, 0
2018-11-23 20:54:53 (11726009642804) STATS - GET, 119.2, 0
2018-11-23 20:54:53 (11726009685105) STATS - GET, 119.3, 0
2018-11-23 20:54:53 (11726009733807) STATS - GET, 119.4, 0
2018-11-23 20:54:53 (11726009776708) STATS - GET, 119.5, 0
2018-11-23 20:54:53 (11726009818610) STATS - GET, 119.6, 0
2018-11-23 20:54:53 (11726009860111) STATS - GET, 119.7, 0
2018-11-23 20:54:53 (11726009902113) STATS - GET, 119.8, 0
2018-11-23 20:54:53 (11726009943814) STATS - GET, 119.9, 0
2018-11-23 20:54:53 (11726009984816) STATS - GET, 120.0, 0
2018-11-23 20:54:53 (11726010026817) STATS - GET, 120.1, 0
2018-11-23 20:54:53 (11726010068719) STATS - GET, 120.2, 0
2018-11-23 20:54:53 (11726010110520) STATS - GET, 120.3, 0
2018-11-23 20:54:53 (11726010152422) STATS - GET, 120.4, 0
2018-11-23 20:54:53 (11726010193723) STATS - GET, 120.5, 0
2018-11-23 20:54:53 (11726010235525) STATS - GET, 120.6, 0
2018-11-23 20:54:53 (11726010277026) STATS - GET, 120.7, 0
2018-11-23 20:54:53 (11726010319028) STATS - GET, 120.8, 0
2018-11-23 20:54:53 (11726010360729) STATS - GET, 120.9, 0
2018-11-23 20:54:53 (11726010401431) STATS - GET, 121.0, 0
2018-11-23 20:54:53 (11726010443332) STATS - GET, 121.1, 0
2018-11-23 20:54:53 (11726010488834) STATS - GET, 121.2, 0
2018-11-23 20:54:53 (11726010532135) STATS - GET, 121.3, 0
2018-11-23 20:54:53 (11726010573637) STATS - GET, 121.4, 0
2018-11-23 20:54:53 (11726010614838) STATS - GET, 121.5, 0
2018-11-23 20:54:53 (11726010656940) STATS - GET, 121.6, 0
2018-11-23 20:54:53 (11726010698041) STATS - GET, 121.7, 0
2018-11-23 20:54:53 (11726010739943) STATS - GET, 121.8, 0
2018-11-23 20:54:53 (11726010781344) STATS - GET, 121.9, 0
2018-11-23 20:54:53 (11726010821446) STATS - GET, 122.0, 0
2018-11-23 20:54:53 (11726010863047) STATS - GET, 122.1, 0
2018-11-23 20:54:53 (11726010904548) STATS - GET, 122.2, 0
2018-11-23 20:54:53 (11726010946150) STATS - GET, 122.3, 0
2018-11-23 20:54:53 (11726010993552) STATS - GET, 122.4, 0
2018-11-23 20:54:53 (11726011035553) STATS - GET, 122.5, 0
2018-11-23 20:54:53 (11726011126056) STATS - GET, 122.6, 0
2018-11-23 20:54:53 (11726011171958) STATS - GET, 122.7, 0
2018-11-23 20:54:53 (11726011218360) STATS - GET, 122.8, 0
2018-11-23 20:54:53 (11726011265761) STATS - GET, 122.9, 0
2018-11-23 20:54:53 (11726011306863) STATS - GET, 123.0, 0
2018-11-23 20:54:53 (11726011349064) STATS - GET, 123.1, 0
2018-11-23 20:54:53 (11726011390766) STATS - GET, 123.2, 0
2018-11-23 20:54:53 (11726011432867) STATS - GET, 123.3, 0
2018-11-23 20:54:53 (11726011474669) STATS - GET, 123.4, 0
2018-11-23 20:54:53 (11726011515870) STATS - GET, 123.5, 0
2018-11-23 20:54:53 (11726011558072) STATS - GET, 123.6, 0
2018-11-23 20:54:53 (11726011599873) STATS - GET, 123.7, 0
2018-11-23 20:54:53 (11726011641675) STATS - GET, 123.8, 0
2018-11-23 20:54:53 (11726011682976) STATS - GET, 123.9, 0
2018-11-23 20:54:53 (11726011723078) STATS - GET, 124.0, 0
2018-11-23 20:54:53 (11726011765079) STATS - GET, 124.1, 0
2018-11-23 20:54:53 (11726011806280) STATS - GET, 124.2, 0
2018-11-23 20:54:53 (11726011848182) STATS - GET, 124.3, 0
2018-11-23 20:54:53 (11726011894084) STATS - GET, 124.4, 0
2018-11-23 20:54:53 (11726011935985) STATS - GET, 124.5, 0
2018-11-23 20:54:53 (11726011982787) STATS - GET, 124.6, 0
2018-11-23 20:54:53 (11726012049489) STATS - GET, 124.7, 0
2018-11-23 20:54:53 (11726012093391) STATS - GET, 124.8, 0
2018-11-23 20:54:53 (11726012135592) STATS - GET, 124.9, 0
2018-11-23 20:54:53 (11726012175994) STATS - GET, 125.0, 0
2018-11-23 20:54:53 (11726012217495) STATS - GET, 125.1, 0
2018-11-23 20:54:53 (11726012259097) STATS - GET, 125.2, 0
2018-11-23 20:54:53 (11726012307298) STATS - GET, 125.3, 0
2018-11-23 20:54:53 (11726012350000) STATS - GET, 125.4, 0
2018-11-23 20:54:53 (11726012391101) STATS - GET, 125.5, 0
2018-11-23 20:54:53 (11726012432903) STATS - GET, 125.6, 0
2018-11-23 20:54:53 (11726012474004) STATS - GET, 125.7, 0
2018-11-23 20:54:53 (11726012516206) STATS - GET, 125.8, 0
2018-11-23 20:54:53 (11726012557907) STATS - GET, 125.9, 0
2018-11-23 20:54:53 (11726012598109) STATS - GET, 126.0, 0
2018-11-23 20:54:53 (11726012702612) STATS - GET, 126.1, 0
2018-11-23 20:54:53 (11726012748214) STATS - GET, 126.2, 0
2018-11-23 20:54:53 (11726012817116) STATS - GET, 126.3, 0
2018-11-23 20:54:53 (11726012892719) STATS - GET, 126.4, 0
2018-11-23 20:54:53 (11726012951621) STATS - GET, 126.5, 0
2018-11-23 20:54:53 (11726012994723) STATS - GET, 126.6, 0
2018-11-23 20:54:53 (11726013036424) STATS - GET, 126.7, 0
2018-11-23 20:54:53 (11726013078326) STATS - GET, 126.8, 0
2018-11-23 20:54:53 (11726013119927) STATS - GET, 126.9, 0
2018-11-23 20:54:53 (11726013159829) STATS - GET, 127.0, 0
2018-11-23 20:54:53 (11726013201830) STATS - GET, 127.1, 0
2018-11-23 20:54:53 (11726013243832) STATS - GET, 127.2, 0
2018-11-23 20:54:53 (11726013286133) STATS - GET, 127.3, 0
2018-11-23 20:54:53 (11726019326847) STATS - GET, 127.4, 0
2018-11-23 20:54:53 (11726019482253) STATS - GET, 127.5, 0
2018-11-23 20:54:53 (11726019526555) STATS - GET, 127.6, 0
2018-11-23 20:54:53 (11726019564556) STATS - GET, 127.7, 0
2018-11-23 20:54:53 (11726019601557) STATS - GET, 127.8, 0
2018-11-23 20:54:53 (11726019638559) STATS - GET, 127.9, 0
2018-11-23 20:54:53 (11726019679260) STATS - GET, 128.0, 0
2018-11-23 20:54:53 (11726019717761) STATS - GET, 128.1, 0
2018-11-23 20:54:53 (11726019755163) STATS - GET, 128.2, 0
2018-11-23 20:54:53 (11726019792864) STATS - GET, 128.3, 0
2018-11-23 20:54:53 (11726019829365) STATS - GET, 128.4, 0
2018-11-23 20:54:53 (11726019865667) STATS - GET, 128.5, 0
2018-11-23 20:54:53 (11726019908968) STATS - GET, 128.6, 0
2018-11-23 20:54:53 (11726019948170) STATS - GET, 128.7, 0
2018-11-23 20:54:53 (11726019985171) STATS - GET, 128.8, 0
2018-11-23 20:54:53 (11726020044073) STATS - GET, 128.9, 0
2018-11-23 20:54:53 (11726020082174) STATS - GET, 129.0, 0
2018-11-23 20:54:53 (11726020119076) STATS - GET, 129.1, 0
2018-11-23 20:54:53 (11726020156277) STATS - GET, 129.2, 0
2018-11-23 20:54:53 (11726020192678) STATS - GET, 129.3, 0
2018-11-23 20:54:53 (11726020228779) STATS - GET, 129.4, 0
2018-11-23 20:54:53 (11726020265181) STATS - GET, 129.5, 0
2018-11-23 20:54:53 (11726020301882) STATS - GET, 129.6, 0
2018-11-23 20:54:53 (11726020338983) STATS - GET, 129.7, 0
2018-11-23 20:54:53 (11726020375585) STATS - GET, 129.8, 0
2018-11-23 20:54:53 (11726020411686) STATS - GET, 129.9, 0
2018-11-23 20:54:53 (11726020447687) STATS - GET, 130.0, 0
2018-11-23 20:54:53 (11726020484589) STATS - GET, 130.1, 0
2018-11-23 20:54:53 (11726020521690) STATS - GET, 130.2, 0
2018-11-23 20:54:53 (11726020557991) STATS - GET, 130.3, 0
2018-11-23 20:54:53 (11726020594292) STATS - GET, 130.4, 0
2018-11-23 20:54:53 (11726020630494) STATS - GET, 130.5, 0
2018-11-23 20:54:53 (11726020667795) STATS - GET, 130.6, 0
2018-11-23 20:54:53 (11726020704596) STATS - GET, 130.7, 0
2018-11-23 20:54:53 (11726020741198) STATS - GET, 130.8, 0
2018-11-23 20:54:53 (11726020777499) STATS - GET, 130.9, 0
2018-11-23 20:54:53 (11726020813200) STATS - GET, 131.0, 0
2018-11-23 20:54:53 (11726020850202) STATS - GET, 131.1, 0
2018-11-23 20:54:53 (11726020887003) STATS - GET, 131.2, 0
2018-11-23 20:54:53 (11726020923804) STATS - GET, 131.3, 0
2018-11-23 20:54:53 (11726020960205) STATS - GET, 131.4, 0
2018-11-23 20:54:53 (11726020996207) STATS - GET, 131.5, 0
2018-11-23 20:54:53 (11726021033108) STATS - GET, 131.6, 0
2018-11-23 20:54:53 (11726021070309) STATS - GET, 131.7, 0
2018-11-23 20:54:53 (11726021107111) STATS - GET, 131.8, 0
2018-11-23 20:54:53 (11726021143112) STATS - GET, 131.9, 0
2018-11-23 20:54:53 (11726021178713) STATS - GET, 132.0, 0
2018-11-23 20:54:53 (11726021215315) STATS - GET, 132.1, 0
2018-11-23 20:54:53 (11726021252516) STATS - GET, 132.2, 0
2018-11-23 20:54:53 (11726021289117) STATS - GET, 132.3, 0
2018-11-23 20:54:53 (11726021325318) STATS - GET, 132.4, 0
2018-11-23 20:54:53 (11726021418122) STATS - GET, 132.5, 0
2018-11-23 20:54:53 (11726021457223) STATS - GET, 132.6, 0
2018-11-23 20:54:53 (11726021495124) STATS - GET, 132.7, 0
2018-11-23 20:54:53 (11726021532026) STATS - GET, 132.8, 0
2018-11-23 20:54:53 (11726021568527) STATS - GET, 132.9, 0
2018-11-23 20:54:53 (11726021603928) STATS - GET, 133.0, 0
2018-11-23 20:54:53 (11726021640830) STATS - GET, 133.1, 0
2018-11-23 20:54:53 (11726021678131) STATS - GET, 133.2, 0
2018-11-23 20:54:53 (11726021714232) STATS - GET, 133.3, 0
2018-11-23 20:54:53 (11726021750834) STATS - GET, 133.4, 0
2018-11-23 20:54:53 (11726021787435) STATS - GET, 133.5, 0
2018-11-23 20:54:53 (11726021824836) STATS - GET, 133.6, 0
2018-11-23 20:54:53 (11726021862037) STATS - GET, 133.7, 0
2018-11-23 20:54:53 (11726021898839) STATS - GET, 133.8, 0
2018-11-23 20:54:53 (11726021935040) STATS - GET, 133.9, 0
2018-11-23 20:54:53 (11726021970441) STATS - GET, 134.0, 0
2018-11-23 20:54:53 (11726022007643) STATS - GET, 134.1, 0
2018-11-23 20:54:53 (11726022044844) STATS - GET, 134.2, 0
2018-11-23 20:54:53 (11726022081445) STATS - GET, 134.3, 0
2018-11-23 20:54:53 (11726022117547) STATS - GET, 134.4, 0
2018-11-23 20:54:53 (11726022153548) STATS - GET, 134.5, 0
2018-11-23 20:54:53 (11726022190449) STATS - GET, 134.6, 0
2018-11-23 20:54:53 (11726022227350) STATS - GET, 134.7, 0
2018-11-23 20:54:53 (11726022263852) STATS - GET, 134.8, 0
2018-11-23 20:54:53 (11726022300053) STATS - GET, 134.9, 0
2018-11-23 20:54:53 (11726022335554) STATS - GET, 135.0, 0
2018-11-23 20:54:53 (11726022372456) STATS - GET, 135.1, 0
2018-11-23 20:54:53 (11726022409657) STATS - GET, 135.2, 0
2018-11-23 20:54:53 (11726022446158) STATS - GET, 135.3, 0
2018-11-23 20:54:53 (11726022485460) STATS - GET, 135.4, 0
2018-11-23 20:54:53 (11726022523261) STATS - GET, 135.5, 0
2018-11-23 20:54:53 (11726022560362) STATS - GET, 135.6, 0
2018-11-23 20:54:53 (11726022597564) STATS - GET, 135.7, 0
2018-11-23 20:54:53 (11726022633965) STATS - GET, 135.8, 0
2018-11-23 20:54:53 (11726022670066) STATS - GET, 135.9, 0
2018-11-23 20:54:53 (11726022705567) STATS - GET, 136.0, 0
2018-11-23 20:54:53 (11726022742269) STATS - GET, 136.1, 0
2018-11-23 20:54:53 (11726022779370) STATS - GET, 136.2, 0
2018-11-23 20:54:53 (11726022815871) STATS - GET, 136.3, 0
2018-11-23 20:54:53 (11726022851773) STATS - GET, 136.4, 0
2018-11-23 20:54:53 (11726022941876) STATS - GET, 136.5, 0
2018-11-23 20:54:53 (11726022984077) STATS - GET, 136.6, 0
2018-11-23 20:54:53 (11726023021679) STATS - GET, 136.7, 0
2018-11-23 20:54:53 (11726023057980) STATS - GET, 136.8, 0
2018-11-23 20:54:53 (11726023093981) STATS - GET, 136.9, 0
2018-11-23 20:54:53 (11726023129382) STATS - GET, 137.0, 0
2018-11-23 20:54:53 (11726023166084) STATS - GET, 137.1, 0
2018-11-23 20:54:53 (11726029179997) STATS - GET, 137.2, 0
2018-11-23 20:54:53 (11726029284601) STATS - GET, 137.3, 0
2018-11-23 20:54:53 (11726029325402) STATS - GET, 137.4, 0
2018-11-23 20:54:53 (11726029361404) STATS - GET, 137.5, 0
2018-11-23 20:54:53 (11726029397405) STATS - GET, 137.6, 0
2018-11-23 20:54:53 (11726029433006) STATS - GET, 137.7, 0
2018-11-23 20:54:53 (11726029468107) STATS - GET, 137.8, 0
2018-11-23 20:54:53 (11726029503209) STATS - GET, 137.9, 0
2018-11-23 20:54:53 (11726029545810) STATS - GET, 138.0, 0
2018-11-23 20:54:53 (11726029582712) STATS - GET, 138.1, 0
2018-11-23 20:54:53 (11726029618413) STATS - GET, 138.2, 0
2018-11-23 20:54:53 (11726029653714) STATS - GET, 138.3, 0
2018-11-23 20:54:53 (11726029688315) STATS - GET, 138.4, 0
2018-11-23 20:54:53 (11726029723317) STATS - GET, 138.5, 0
2018-11-23 20:54:53 (11726029758318) STATS - GET, 138.6, 0
2018-11-23 20:54:53 (11726029794319) STATS - GET, 138.7, 0
2018-11-23 20:54:53 (11726029829020) STATS - GET, 138.8, 0
2018-11-23 20:54:53 (11726029863622) STATS - GET, 138.9, 0
2018-11-23 20:54:53 (11726029897423) STATS - GET, 139.0, 0
2018-11-23 20:54:53 (11726030049428) STATS - GET, 139.1, 0
2018-11-23 20:54:53 (11726030128031) STATS - GET, 139.2, 0
2018-11-23 20:54:53 (11726030165932) STATS - GET, 139.3, 0
2018-11-23 20:54:53 (11726030200933) STATS - GET, 139.4, 0
2018-11-23 20:54:53 (11726030235435) STATS - GET, 139.5, 0
2018-11-23 20:54:53 (11726030270636) STATS - GET, 139.6, 0
2018-11-23 20:54:53 (11726030306037) STATS - GET, 139.7, 0
2018-11-23 20:54:53 (11726030340438) STATS - GET, 139.8, 0
2018-11-23 20:54:53 (11726030374740) STATS - GET, 139.9, 0
2018-11-23 20:54:53 (11726030412641) STATS - GET, 140.0, 0
2018-11-23 20:54:53 (11726030449642) STATS - GET, 140.1, 0
2018-11-23 20:54:53 (11726030485244) STATS - GET, 140.2, 0
2018-11-23 20:54:53 (11726030520145) STATS - GET, 140.3, 0
2018-11-23 20:54:53 (11726030594747) STATS - GET, 140.4, 0
2018-11-23 20:54:53 (11726030655950) STATS - GET, 140.5, 0
2018-11-23 20:54:53 (11726030694351) STATS - GET, 140.6, 0
2018-11-23 20:54:53 (11726030730352) STATS - GET, 140.7, 0
2018-11-23 20:54:53 (11726030768154) STATS - GET, 140.8, 0
2018-11-23 20:54:53 (11726030804155) STATS - GET, 140.9, 0
2018-11-23 20:54:53 (11726030838456) STATS - GET, 141.0, 0
2018-11-23 20:54:53 (11726030873557) STATS - GET, 141.1, 0
2018-11-23 20:54:53 (11726030912659) STATS - GET, 141.2, 0
2018-11-23 20:54:53 (11726030949060) STATS - GET, 141.3, 0
2018-11-23 20:54:53 (11726030983861) STATS - GET, 141.4, 0
2018-11-23 20:54:53 (11726031018263) STATS - GET, 141.5, 0
2018-11-23 20:54:53 (11726031053464) STATS - GET, 141.6, 0
2018-11-23 20:54:53 (11726031088865) STATS - GET, 141.7, 0
2018-11-23 20:54:53 (11726031123766) STATS - GET, 141.8, 0
2018-11-23 20:54:53 (11726031168268) STATS - GET, 141.9, 0
2018-11-23 20:54:53 (11726031219470) STATS - GET, 142.0, 0
2018-11-23 20:54:53 (11726031257671) STATS - GET, 142.1, 0
2018-11-23 20:54:53 (11726031293272) STATS - GET, 142.2, 0
2018-11-23 20:54:53 (11726031328074) STATS - GET, 142.3, 0
2018-11-23 20:54:53 (11726031362975) STATS - GET, 142.4, 0
2018-11-23 20:54:53 (11726031397676) STATS - GET, 142.5, 0
2018-11-23 20:54:53 (11726031432477) STATS - GET, 142.6, 0
2018-11-23 20:54:53 (11726031467978) STATS - GET, 142.7, 0
2018-11-23 20:54:53 (11726031502880) STATS - GET, 142.8, 0
2018-11-23 20:54:53 (11726031537381) STATS - GET, 142.9, 0
2018-11-23 20:54:53 (11726031570982) STATS - GET, 143.0, 0
2018-11-23 20:54:53 (11726031606083) STATS - GET, 143.1, 0
2018-11-23 20:54:53 (11726031641585) STATS - GET, 143.2, 0
2018-11-23 20:54:53 (11726031676686) STATS - GET, 143.3, 0
2018-11-23 20:54:53 (11726031711087) STATS - GET, 143.4, 0
2018-11-23 20:54:53 (11726031745488) STATS - GET, 143.5, 0
2018-11-23 20:54:53 (11726031780390) STATS - GET, 143.6, 0
2018-11-23 20:54:53 (11726031815691) STATS - GET, 143.7, 0
2018-11-23 20:54:53 (11726031850392) STATS - GET, 143.8, 0
2018-11-23 20:54:53 (11726031884793) STATS - GET, 143.9, 0
2018-11-23 20:54:53 (11726031918494) STATS - GET, 144.0, 0
2018-11-23 20:54:53 (11726031953696) STATS - GET, 144.1, 0
2018-11-23 20:54:53 (11726031988997) STATS - GET, 144.2, 0
2018-11-23 20:54:53 (11726032047999) STATS - GET, 144.3, 0
2018-11-23 20:54:53 (11726032084400) STATS - GET, 144.4, 0
2018-11-23 20:54:53 (11726032119302) STATS - GET, 144.5, 0
2018-11-23 20:54:53 (11726032154703) STATS - GET, 144.6, 0
2018-11-23 20:54:53 (11726032190104) STATS - GET, 144.7, 0
2018-11-23 20:54:53 (11726032224905) STATS - GET, 144.8, 0
2018-11-23 20:54:53 (11726032258907) STATS - GET, 144.9, 0
2018-11-23 20:54:53 (11726032292408) STATS - GET, 145.0, 0
2018-11-23 20:54:53 (11726032327109) STATS - GET, 145.1, 0
2018-11-23 20:54:53 (11726032362510) STATS - GET, 145.2, 0
2018-11-23 20:54:53 (11726032397111) STATS - GET, 145.3, 0
2018-11-23 20:54:53 (11726032431413) STATS - GET, 145.4, 0
2018-11-23 20:54:53 (11726032465814) STATS - GET, 145.5, 0
2018-11-23 20:54:53 (11726032500515) STATS - GET, 145.6, 0
2018-11-23 20:54:53 (11726032535816) STATS - GET, 145.7, 0
2018-11-23 20:54:53 (11726032570518) STATS - GET, 145.8, 0
2018-11-23 20:54:53 (11726032604919) STATS - GET, 145.9, 0
2018-11-23 20:54:53 (11726032642520) STATS - GET, 146.0, 0
2018-11-23 20:54:53 (11726032679922) STATS - GET, 146.1, 0
2018-11-23 20:54:53 (11726032715723) STATS - GET, 146.2, 0
2018-11-23 20:54:53 (11726032750424) STATS - GET, 146.3, 0
2018-11-23 20:54:53 (11726032785325) STATS - GET, 146.4, 0
2018-11-23 20:54:53 (11726032820026) STATS - GET, 146.5, 0
2018-11-23 20:54:53 (11726032855228) STATS - GET, 146.6, 0
2018-11-23 20:54:53 (11726032890529) STATS - GET, 146.7, 0
2018-11-23 20:54:53 (11726032925530) STATS - GET, 146.8, 0
2018-11-23 20:54:53 (11726032959931) STATS - GET, 146.9, 0
2018-11-23 20:54:53 (11726032993633) STATS - GET, 147.0, 1
2018-11-23 20:54:53 (11726033028934) STATS - GET, 147.1, 0
2018-11-23 20:54:53 (11726033068935) STATS - GET, 147.2, 0
2018-11-23 20:54:53 (11726039130851) STATS - GET, 147.3, 1
2018-11-23 20:54:53 (11726039242554) STATS - GET, 147.4, 1
2018-11-23 20:54:53 (11726039298656) STATS - GET, 147.5, 0
2018-11-23 20:54:53 (11726039333458) STATS - GET, 147.6, 0
2018-11-23 20:54:53 (11726039367259) STATS - GET, 147.7, 0
2018-11-23 20:54:53 (11726039400160) STATS - GET, 147.8, 0
2018-11-23 20:54:53 (11726039439161) STATS - GET, 147.9, 0
2018-11-23 20:54:53 (11726039472663) STATS - GET, 148.0, 0
2018-11-23 20:54:53 (11726039506064) STATS - GET, 148.1, 0
2018-11-23 20:54:53 (11726039650869) STATS - GET, 148.2, 0
2018-11-23 20:54:53 (11726039692170) STATS - GET, 148.3, 0
2018-11-23 20:54:53 (11726039726172) STATS - GET, 148.4, 0
2018-11-23 20:54:53 (11726039758773) STATS - GET, 148.5, 0
2018-11-23 20:54:53 (11726039792674) STATS - GET, 148.6, 0
2018-11-23 20:54:53 (11726039825375) STATS - GET, 148.7, 0
2018-11-23 20:54:53 (11726039858176) STATS - GET, 148.8, 0
2018-11-23 20:54:53 (11726039890377) STATS - GET, 148.9, 0
2018-11-23 20:54:53 (11726039922179) STATS - GET, 149.0, 0
2018-11-23 20:54:53 (11726039955080) STATS - GET, 149.1, 0
2018-11-23 20:54:53 (11726039994081) STATS - GET, 149.2, 0
2018-11-23 20:54:53 (11726040051783) STATS - GET, 149.3, 0
2018-11-23 20:54:53 (11726040085984) STATS - GET, 149.4, 0
2018-11-23 20:54:53 (11726040118786) STATS - GET, 149.5, 0
2018-11-23 20:54:53 (11726040155387) STATS - GET, 149.6, 0
2018-11-23 20:54:53 (11726040189888) STATS - GET, 149.7, 0
2018-11-23 20:54:53 (11726040222789) STATS - GET, 149.8, 0
2018-11-23 20:54:53 (11726040255490) STATS - GET, 149.9, 0
2018-11-23 20:54:53 (11726040287692) STATS - GET, 150.0, 0
2018-11-23 20:54:53 (11726040321193) STATS - GET, 150.1, 0
2018-11-23 20:54:53 (11726040354594) STATS - GET, 150.2, 0
2018-11-23 20:54:53 (11726040392195) STATS - GET, 150.3, 0
2018-11-23 20:54:53 (11726040487599) STATS - GET, 150.4, 0
2018-11-23 20:54:53 (11726040525200) STATS - GET, 150.5, 0
2018-11-23 20:54:53 (11726040559201) STATS - GET, 150.6, 0
2018-11-23 20:54:53 (11726040592302) STATS - GET, 150.7, 0
2018-11-23 20:54:53 (11726040624904) STATS - GET, 150.8, 0
2018-11-23 20:54:53 (11726040663605) STATS - GET, 150.9, 0
2018-11-23 20:54:53 (11726040698006) STATS - GET, 151.0, 0
2018-11-23 20:54:53 (11726040731507) STATS - GET, 151.1, 0
2018-11-23 20:54:53 (11726040765509) STATS - GET, 151.2, 0
2018-11-23 20:54:53 (11726040804710) STATS - GET, 151.3, 0
2018-11-23 20:54:53 (11726040837911) STATS - GET, 151.4, 0
2018-11-23 20:54:53 (11726040879313) STATS - GET, 151.5, 0
2018-11-23 20:54:53 (11726040924214) STATS - GET, 151.6, 0
2018-11-23 20:54:53 (11726040958415) STATS - GET, 151.7, 0
2018-11-23 20:54:53 (11726040996417) STATS - GET, 151.8, 0
2018-11-23 20:54:53 (11726041092020) STATS - GET, 151.9, 0
2018-11-23 20:54:53 (11726041199724) STATS - GET, 152.0, 0
2018-11-23 20:54:53 (11726041240025) STATS - GET, 152.1, 0
2018-11-23 20:54:53 (11726041274227) STATS - GET, 152.2, 0
2018-11-23 20:54:53 (11726041306728) STATS - GET, 152.3, 0
2018-11-23 20:54:53 (11726041339329) STATS - GET, 152.4, 0
2018-11-23 20:54:53 (11726041428432) STATS - GET, 152.5, 0
2018-11-23 20:54:53 (11726041466133) STATS - GET, 152.6, 0
2018-11-23 20:54:53 (11726041500135) STATS - GET, 152.7, 0
2018-11-23 20:54:53 (11726041533536) STATS - GET, 152.8, 0
2018-11-23 20:54:53 (11726041566437) STATS - GET, 152.9, 0
2018-11-23 20:54:53 (11726041598538) STATS - GET, 153.0, 0
2018-11-23 20:54:53 (11726041631539) STATS - GET, 153.1, 0
2018-11-23 20:54:53 (11726041664740) STATS - GET, 153.2, 0
2018-11-23 20:54:53 (11726041697942) STATS - GET, 153.3, 1
2018-11-23 20:54:53 (11726041730743) STATS - GET, 153.4, 0
2018-11-23 20:54:53 (11726041767344) STATS - GET, 153.5, 0
2018-11-23 20:54:53 (11726041806045) STATS - GET, 153.6, 0
2018-11-23 20:54:53 (11726041841847) STATS - GET, 153.7, 0
2018-11-23 20:54:53 (11726041874548) STATS - GET, 153.8, 1
2018-11-23 20:54:53 (11726041906949) STATS - GET, 153.9, 0
2018-11-23 20:54:53 (11726041939150) STATS - GET, 154.0, 0
2018-11-23 20:54:53 (11726041971751) STATS - GET, 154.1, 0
2018-11-23 20:54:53 (11726042004853) STATS - GET, 154.2, 0
2018-11-23 20:54:53 (11726042037854) STATS - GET, 154.3, 0
2018-11-23 20:54:53 (11726042070555) STATS - GET, 154.4, 0
2018-11-23 20:54:53 (11726042102756) STATS - GET, 154.5, 0
2018-11-23 20:54:53 (11726042135857) STATS - GET, 154.6, 0
2018-11-23 20:54:53 (11726042172358) STATS - GET, 154.7, 0
2018-11-23 20:54:53 (11726042206760) STATS - GET, 154.8, 0
2018-11-23 20:54:53 (11726042239161) STATS - GET, 154.9, 0
2018-11-23 20:54:53 (11726042271062) STATS - GET, 155.0, 0
2018-11-23 20:54:53 (11726042304163) STATS - GET, 155.1, 0
2018-11-23 20:54:53 (11726042337164) STATS - GET, 155.2, 0
2018-11-23 20:54:53 (11726042369865) STATS - GET, 155.3, 0
2018-11-23 20:54:53 (11726042402267) STATS - GET, 155.4, 0
2018-11-23 20:54:53 (11726042434768) STATS - GET, 155.5, 0
2018-11-23 20:54:53 (11726042468069) STATS - GET, 155.6, 0
2018-11-23 20:54:53 (11726042500970) STATS - GET, 155.7, 0
2018-11-23 20:54:53 (11726042533371) STATS - GET, 155.8, 0
2018-11-23 20:54:53 (11726042565672) STATS - GET, 155.9, 0
2018-11-23 20:54:53 (11726042596974) STATS - GET, 156.0, 0
2018-11-23 20:54:53 (11726042629975) STATS - GET, 156.1, 0
2018-11-23 20:54:53 (11726042663376) STATS - GET, 156.2, 0
2018-11-23 20:54:53 (11726042696777) STATS - GET, 156.3, 0
2018-11-23 20:54:53 (11726042729478) STATS - GET, 156.4, 0
2018-11-23 20:54:53 (11726042761979) STATS - GET, 156.5, 0
2018-11-23 20:54:53 (11726042795381) STATS - GET, 156.6, 0
2018-11-23 20:54:53 (11726042828482) STATS - GET, 156.7, 0
2018-11-23 20:54:53 (11726042860883) STATS - GET, 156.8, 1
2018-11-23 20:54:53 (11726042934086) INFO  - END: Middleware stopped.
