Elapsed Time, AVG Throughput, AVG Queue Size, AVG Waiting Time, AVG Service Time, AVG Response Time, AVG SET Response Time, AVG GET Response Time, AVG MULTI-GET Response Time, #SETS, #GETS, #MULTIGETS, GET MissRatio, MULTI-GET MissRatio, AVG MULTI-GET Size
 5.00, 2763, 146, 52.007149, 2.615088, 54.758234, 0.000000, 54.758234, 0.000000, 0, 13818, 0, 0.00, 0.00, 0
10.00, 2924, 169, 60.021694, 2.673737, 62.760912, 0.000000, 62.760912, 0.000000, 0, 14624, 0, 0.00, 0.00, 0
15.00, 2935, 169, 59.896235, 2.655106, 62.628516, 0.000000, 62.628516, 0.000000, 0, 14679, 0, 0.00, 0.00, 0
20.00, 2942, 170, 59.826139, 2.654832, 62.546500, 0.000000, 62.546500, 0.000000, 0, 14711, 0, 0.00, 0.00, 0
25.00, 2925, 170, 60.224989, 2.671549, 62.968875, 0.000000, 62.968875, 0.000000, 0, 14629, 0, 0.00, 0.00, 0
30.00, 2943, 170, 59.922641, 2.655447, 62.647777, 0.000000, 62.647777, 0.000000, 0, 14716, 0, 0.00, 0.00, 0
35.00, 2924, 170, 60.196421, 2.670071, 62.937912, 0.000000, 62.937912, 0.000000, 0, 14623, 0, 0.00, 0.00, 0
40.00, 2933, 170, 60.011942, 2.668318, 62.751241, 0.000000, 62.751241, 0.000000, 0, 14668, 0, 0.00, 0.00, 0
45.00, 2952, 169, 59.713038, 2.636849, 62.427344, 0.000000, 62.427344, 0.000000, 0, 14762, 0, 0.00, 0.00, 0
50.00, 2952, 170, 59.635669, 2.648635, 62.351755, 0.000000, 62.351755, 0.000000, 0, 14760, 0, 0.00, 0.00, 0
55.00, 2924, 169, 60.257936, 2.673070, 62.999578, 0.000000, 62.999578, 0.000000, 0, 14624, 0, 0.00, 0.00, 0
60.00, 2942, 169, 60.006976, 2.653830, 62.733450, 0.000000, 62.733450, 0.000000, 0, 14714, 0, 0.00, 0.00, 0
65.00, 2962, 170, 59.497497, 2.639144, 62.211250, 0.000000, 62.211250, 0.000000, 0, 14810, 0, 0.00, 0.00, 0
70.00, 2943, 170, 59.823301, 2.643911, 62.547766, 0.000000, 62.547766, 0.000000, 0, 14715, 0, 0.00, 0.00, 0
71.00, 640, 106, 39.919405, 2.677249, 42.660761, 0.000000, 42.660761, 0.000000, 0, 3201, 0, 0.00, 0.00, 0
Type, Interval, Responses
GET, 0.1, 0
GET, 0.2, 0
GET, 0.3, 0
GET, 0.4, 0
GET, 0.5, 1
GET, 0.6, 1
GET, 0.7, 0
GET, 0.8, 0
GET, 0.9, 2
GET, 1.0, 3
GET, 1.1, 0
GET, 1.2, 3
GET, 1.3, 2
GET, 1.4, 2
GET, 1.5, 0
GET, 1.6, 1
GET, 1.7, 2
GET, 1.8, 1
GET, 1.9, 0
GET, 2.0, 0
GET, 2.1, 1
GET, 2.2, 0
GET, 2.3, 1
GET, 2.4, 1
GET, 2.5, 0
GET, 2.6, 0
GET, 2.7, 1
GET, 2.8, 1
GET, 2.9, 1
GET, 3.0, 2
GET, 3.1, 2
GET, 3.2, 0
GET, 3.3, 0
GET, 3.4, 2
GET, 3.5, 0
GET, 3.6, 1
GET, 3.7, 0
GET, 3.8, 0
GET, 3.9, 0
GET, 4.0, 0
GET, 4.1, 0
GET, 4.2, 0
GET, 4.3, 0
GET, 4.4, 0
GET, 4.5, 0
GET, 4.6, 0
GET, 4.7, 0
GET, 4.8, 0
GET, 4.9, 1
GET, 5.0, 0
GET, 5.1, 0
GET, 5.2, 4
GET, 5.3, 4
GET, 5.4, 0
GET, 5.5, 3
GET, 5.6, 2
GET, 5.7, 5
GET, 5.8, 1
GET, 5.9, 3
GET, 6.0, 4
GET, 6.1, 4
GET, 6.2, 2
GET, 6.3, 2
GET, 6.4, 1
GET, 6.5, 3
GET, 6.6, 6
GET, 6.7, 5
GET, 6.8, 6
GET, 6.9, 4
GET, 7.0, 3
GET, 7.1, 6
GET, 7.2, 5
GET, 7.3, 1
GET, 7.4, 3
GET, 7.5, 3
GET, 7.6, 4
GET, 7.7, 2
GET, 7.8, 4
GET, 7.9, 5
GET, 8.0, 6
GET, 8.1, 4
GET, 8.2, 4
GET, 8.3, 4
GET, 8.4, 5
GET, 8.5, 9
GET, 8.6, 3
GET, 8.7, 1
GET, 8.8, 4
GET, 8.9, 8
GET, 9.0, 6
GET, 9.1, 2
GET, 9.2, 3
GET, 9.3, 3
GET, 9.4, 2
GET, 9.5, 9
GET, 9.6, 2
GET, 9.7, 3
GET, 9.8, 4
GET, 9.9, 4
GET, 10.0, 7
GET, 10.1, 11
GET, 10.2, 7
GET, 10.3, 7
GET, 10.4, 10
GET, 10.5, 9
GET, 10.6, 8
GET, 10.7, 4
GET, 10.8, 12
GET, 10.9, 7
GET, 11.0, 13
GET, 11.1, 7
GET, 11.2, 11
GET, 11.3, 7
GET, 11.4, 9
GET, 11.5, 12
GET, 11.6, 10
GET, 11.7, 19
GET, 11.8, 15
GET, 11.9, 24
GET, 12.0, 26
GET, 12.1, 25
GET, 12.2, 17
GET, 12.3, 14
GET, 12.4, 15
GET, 12.5, 29
GET, 12.6, 22
GET, 12.7, 23
GET, 12.8, 13
GET, 12.9, 25
GET, 13.0, 13
GET, 13.1, 12
GET, 13.2, 16
GET, 13.3, 11
GET, 13.4, 13
GET, 13.5, 9
GET, 13.6, 20
GET, 13.7, 17
GET, 13.8, 15
GET, 13.9, 11
GET, 14.0, 14
GET, 14.1, 12
GET, 14.2, 17
GET, 14.3, 22
GET, 14.4, 18
GET, 14.5, 18
GET, 14.6, 15
GET, 14.7, 17
GET, 14.8, 10
GET, 14.9, 17
GET, 15.0, 18
GET, 15.1, 20
GET, 15.2, 13
GET, 15.3, 25
GET, 15.4, 17
GET, 15.5, 10
GET, 15.6, 16
GET, 15.7, 13
GET, 15.8, 11
GET, 15.9, 15
GET, 16.0, 8
GET, 16.1, 4
GET, 16.2, 10
GET, 16.3, 9
GET, 16.4, 6
GET, 16.5, 13
GET, 16.6, 9
GET, 16.7, 9
GET, 16.8, 13
GET, 16.9, 13
GET, 17.0, 16
GET, 17.1, 7
GET, 17.2, 14
GET, 17.3, 17
GET, 17.4, 10
GET, 17.5, 14
GET, 17.6, 15
GET, 17.7, 22
GET, 17.8, 14
GET, 17.9, 20
GET, 18.0, 21
GET, 18.1, 13
GET, 18.2, 12
GET, 18.3, 14
GET, 18.4, 8
GET, 18.5, 10
GET, 18.6, 9
GET, 18.7, 16
GET, 18.8, 6
GET, 18.9, 8
GET, 19.0, 8
GET, 19.1, 4
GET, 19.2, 11
GET, 19.3, 2
GET, 19.4, 6
GET, 19.5, 7
GET, 19.6, 6
GET, 19.7, 3
GET, 19.8, 9
GET, 19.9, 10
GET, 20.0, 11
GET, 20.1, 10
GET, 20.2, 5
GET, 20.3, 6
GET, 20.4, 5
GET, 20.5, 4
GET, 20.6, 3
GET, 20.7, 3
GET, 20.8, 4
GET, 20.9, 7
GET, 21.0, 7
GET, 21.1, 3
GET, 21.2, 7
GET, 21.3, 6
GET, 21.4, 4
GET, 21.5, 9
GET, 21.6, 7
GET, 21.7, 7
GET, 21.8, 10
GET, 21.9, 14
GET, 22.0, 2
GET, 22.1, 4
GET, 22.2, 10
GET, 22.3, 11
GET, 22.4, 5
GET, 22.5, 4
GET, 22.6, 6
GET, 22.7, 14
GET, 22.8, 7
GET, 22.9, 8
GET, 23.0, 7
GET, 23.1, 12
GET, 23.2, 8
GET, 23.3, 6
GET, 23.4, 4
GET, 23.5, 9
GET, 23.6, 12
GET, 23.7, 12
GET, 23.8, 6
GET, 23.9, 11
GET, 24.0, 14
GET, 24.1, 10
GET, 24.2, 5
GET, 24.3, 8
GET, 24.4, 6
GET, 24.5, 10
GET, 24.6, 12
GET, 24.7, 3
GET, 24.8, 3
GET, 24.9, 8
GET, 25.0, 10
GET, 25.1, 5
GET, 25.2, 8
GET, 25.3, 5
GET, 25.4, 6
GET, 25.5, 5
GET, 25.6, 9
GET, 25.7, 5
GET, 25.8, 2
GET, 25.9, 3
GET, 26.0, 5
GET, 26.1, 4
GET, 26.2, 8
GET, 26.3, 5
GET, 26.4, 7
GET, 26.5, 5
GET, 26.6, 6
GET, 26.7, 11
GET, 26.8, 5
GET, 26.9, 6
GET, 27.0, 13
GET, 27.1, 12
GET, 27.2, 11
GET, 27.3, 9
GET, 27.4, 10
GET, 27.5, 5
GET, 27.6, 13
GET, 27.7, 8
GET, 27.8, 13
GET, 27.9, 12
GET, 28.0, 5
GET, 28.1, 10
GET, 28.2, 9
GET, 28.3, 11
GET, 28.4, 6
GET, 28.5, 12
GET, 28.6, 11
GET, 28.7, 5
GET, 28.8, 13
GET, 28.9, 11
GET, 29.0, 11
GET, 29.1, 10
GET, 29.2, 13
GET, 29.3, 13
GET, 29.4, 17
GET, 29.5, 7
GET, 29.6, 6
GET, 29.7, 9
GET, 29.8, 8
GET, 29.9, 5
GET, 30.0, 3
GET, 30.1, 1
GET, 30.2, 0
GET, 30.3, 1
GET, 30.4, 9
GET, 30.5, 3
GET, 30.6, 4
GET, 30.7, 7
GET, 30.8, 6
GET, 30.9, 5
GET, 31.0, 2
GET, 31.1, 6
GET, 31.2, 18
GET, 31.3, 12
GET, 31.4, 9
GET, 31.5, 15
GET, 31.6, 10
GET, 31.7, 10
GET, 31.8, 6
GET, 31.9, 9
GET, 32.0, 5
GET, 32.1, 10
GET, 32.2, 6
GET, 32.3, 14
GET, 32.4, 12
GET, 32.5, 15
GET, 32.6, 15
GET, 32.7, 20
GET, 32.8, 26
GET, 32.9, 20
GET, 33.0, 21
GET, 33.1, 23
GET, 33.2, 25
GET, 33.3, 33
GET, 33.4, 17
GET, 33.5, 23
GET, 33.6, 24
GET, 33.7, 24
GET, 33.8, 28
GET, 33.9, 23
GET, 34.0, 16
GET, 34.1, 14
GET, 34.2, 9
GET, 34.3, 11
GET, 34.4, 14
GET, 34.5, 7
GET, 34.6, 13
GET, 34.7, 9
GET, 34.8, 10
GET, 34.9, 14
GET, 35.0, 16
GET, 35.1, 7
GET, 35.2, 9
GET, 35.3, 12
GET, 35.4, 4
GET, 35.5, 9
GET, 35.6, 8
GET, 35.7, 11
GET, 35.8, 11
GET, 35.9, 5
GET, 36.0, 8
GET, 36.1, 8
GET, 36.2, 11
GET, 36.3, 5
GET, 36.4, 6
GET, 36.5, 9
GET, 36.6, 6
GET, 36.7, 9
GET, 36.8, 11
GET, 36.9, 9
GET, 37.0, 16
GET, 37.1, 13
GET, 37.2, 5
GET, 37.3, 4
GET, 37.4, 10
GET, 37.5, 4
GET, 37.6, 11
GET, 37.7, 14
GET, 37.8, 13
GET, 37.9, 17
GET, 38.0, 16
GET, 38.1, 21
GET, 38.2, 19
GET, 38.3, 17
GET, 38.4, 15
GET, 38.5, 10
GET, 38.6, 16
GET, 38.7, 23
GET, 38.8, 28
GET, 38.9, 27
GET, 39.0, 16
GET, 39.1, 13
GET, 39.2, 39
GET, 39.3, 31
GET, 39.4, 19
GET, 39.5, 23
GET, 39.6, 31
GET, 39.7, 30
GET, 39.8, 30
GET, 39.9, 29
GET, 40.0, 30
GET, 40.1, 36
GET, 40.2, 43
GET, 40.3, 38
GET, 40.4, 32
GET, 40.5, 26
GET, 40.6, 30
GET, 40.7, 57
GET, 40.8, 52
GET, 40.9, 67
GET, 41.0, 54
GET, 41.1, 38
GET, 41.2, 30
GET, 41.3, 57
GET, 41.4, 58
GET, 41.5, 60
GET, 41.6, 57
GET, 41.7, 59
GET, 41.8, 63
GET, 41.9, 58
GET, 42.0, 51
GET, 42.1, 63
GET, 42.2, 56
GET, 42.3, 60
GET, 42.4, 63
GET, 42.5, 60
GET, 42.6, 72
GET, 42.7, 76
GET, 42.8, 53
GET, 42.9, 58
GET, 43.0, 59
GET, 43.1, 65
GET, 43.2, 41
GET, 43.3, 45
GET, 43.4, 58
GET, 43.5, 40
GET, 43.6, 41
GET, 43.7, 39
GET, 43.8, 48
GET, 43.9, 37
GET, 44.0, 38
GET, 44.1, 43
GET, 44.2, 32
GET, 44.3, 48
GET, 44.4, 54
GET, 44.5, 41
GET, 44.6, 54
GET, 44.7, 66
GET, 44.8, 62
GET, 44.9, 75
GET, 45.0, 94
GET, 45.1, 95
GET, 45.2, 123
GET, 45.3, 87
GET, 45.4, 105
GET, 45.5, 135
GET, 45.6, 111
GET, 45.7, 94
GET, 45.8, 81
GET, 45.9, 102
GET, 46.0, 74
GET, 46.1, 68
GET, 46.2, 76
GET, 46.3, 72
GET, 46.4, 92
GET, 46.5, 82
GET, 46.6, 94
GET, 46.7, 121
GET, 46.8, 126
GET, 46.9, 131
GET, 47.0, 146
GET, 47.1, 125
GET, 47.2, 118
GET, 47.3, 117
GET, 47.4, 126
GET, 47.5, 99
GET, 47.6, 88
GET, 47.7, 60
GET, 47.8, 66
GET, 47.9, 71
GET, 48.0, 66
GET, 48.1, 66
GET, 48.2, 45
GET, 48.3, 45
GET, 48.4, 61
GET, 48.5, 42
GET, 48.6, 55
GET, 48.7, 47
GET, 48.8, 42
GET, 48.9, 51
GET, 49.0, 56
GET, 49.1, 34
GET, 49.2, 42
GET, 49.3, 34
GET, 49.4, 34
GET, 49.5, 34
GET, 49.6, 49
GET, 49.7, 59
GET, 49.8, 28
GET, 49.9, 43
GET, 50.0, 39
GET, 50.1, 48
GET, 50.2, 53
GET, 50.3, 42
GET, 50.4, 54
GET, 50.5, 52
GET, 50.6, 60
GET, 50.7, 60
GET, 50.8, 55
GET, 50.9, 44
GET, 51.0, 48
GET, 51.1, 60
GET, 51.2, 57
GET, 51.3, 42
GET, 51.4, 33
GET, 51.5, 57
GET, 51.6, 54
GET, 51.7, 44
GET, 51.8, 50
GET, 51.9, 38
GET, 52.0, 64
GET, 52.1, 44
GET, 52.2, 58
GET, 52.3, 54
GET, 52.4, 46
GET, 52.5, 57
GET, 52.6, 55
GET, 52.7, 31
GET, 52.8, 59
GET, 52.9, 47
GET, 53.0, 41
GET, 53.1, 46
GET, 53.2, 51
GET, 53.3, 54
GET, 53.4, 85
GET, 53.5, 60
GET, 53.6, 71
GET, 53.7, 86
GET, 53.8, 83
GET, 53.9, 92
GET, 54.0, 87
GET, 54.1, 106
GET, 54.2, 74
GET, 54.3, 101
GET, 54.4, 81
GET, 54.5, 88
GET, 54.6, 77
GET, 54.7, 106
GET, 54.8, 100
GET, 54.9, 106
GET, 55.0, 120
GET, 55.1, 146
GET, 55.2, 129
GET, 55.3, 167
GET, 55.4, 177
GET, 55.5, 199
GET, 55.6, 201
GET, 55.7, 240
GET, 55.8, 257
GET, 55.9, 224
GET, 56.0, 302
GET, 56.1, 322
GET, 56.2, 426
GET, 56.3, 478
GET, 56.4, 587
GET, 56.5, 694
GET, 56.6, 753
GET, 56.7, 945
GET, 56.8, 1023
GET, 56.9, 1038
GET, 57.0, 1102
GET, 57.1, 1274
GET, 57.2, 1407
GET, 57.3, 1359
GET, 57.4, 1376
GET, 57.5, 1445
GET, 57.6, 1418
GET, 57.7, 1529
GET, 57.8, 1445
GET, 57.9, 1486
GET, 58.0, 1484
GET, 58.1, 1414
GET, 58.2, 1509
GET, 58.3, 1508
GET, 58.4, 1536
GET, 58.5, 1482
GET, 58.6, 1536
GET, 58.7, 1508
GET, 58.8, 1521
GET, 58.9, 1486
GET, 59.0, 1457
GET, 59.1, 1617
GET, 59.2, 1566
GET, 59.3, 1496
GET, 59.4, 1549
GET, 59.5, 1520
GET, 59.6, 1516
GET, 59.7, 1504
GET, 59.8, 1573
GET, 59.9, 1554
GET, 60.0, 1600
GET, 60.1, 1618
GET, 60.2, 1600
GET, 60.3, 1548
GET, 60.4, 1557
GET, 60.5, 1603
GET, 60.6, 1552
GET, 60.7, 1506
GET, 60.8, 1502
GET, 60.9, 1661
GET, 61.0, 1735
GET, 61.1, 1766
GET, 61.2, 1746
GET, 61.3, 1812
GET, 61.4, 1895
GET, 61.5, 2007
GET, 61.6, 2110
GET, 61.7, 2358
GET, 61.8, 2399
GET, 61.9, 2580
GET, 62.0, 3036
GET, 62.1, 3305
GET, 62.2, 3894
GET, 62.3, 4423
GET, 62.4, 5158
GET, 62.5, 5678
GET, 62.6, 5665
GET, 62.7, 4976
GET, 62.8, 4528
GET, 62.9, 3641
GET, 63.0, 2991
GET, 63.1, 2353
GET, 63.2, 2002
GET, 63.3, 1628
GET, 63.4, 1296
GET, 63.5, 1036
GET, 63.6, 881
GET, 63.7, 756
GET, 63.8, 575
GET, 63.9, 510
GET, 64.0, 451
GET, 64.1, 389
GET, 64.2, 342
GET, 64.3, 355
GET, 64.4, 288
GET, 64.5, 263
GET, 64.6, 237
GET, 64.7, 221
GET, 64.8, 208
GET, 64.9, 225
GET, 65.0, 213
GET, 65.1, 200
GET, 65.2, 189
GET, 65.3, 248
GET, 65.4, 206
GET, 65.5, 192
GET, 65.6, 187
GET, 65.7, 172
GET, 65.8, 238
GET, 65.9, 197
GET, 66.0, 172
GET, 66.1, 223
GET, 66.2, 197
GET, 66.3, 190
GET, 66.4, 164
GET, 66.5, 177
GET, 66.6, 171
GET, 66.7, 178
GET, 66.8, 200
GET, 66.9, 208
GET, 67.0, 186
GET, 67.1, 190
GET, 67.2, 209
GET, 67.3, 201
GET, 67.4, 256
GET, 67.5, 243
GET, 67.6, 233
GET, 67.7, 291
GET, 67.8, 334
GET, 67.9, 302
GET, 68.0, 354
GET, 68.1, 356
GET, 68.2, 389
GET, 68.3, 411
GET, 68.4, 441
GET, 68.5, 380
GET, 68.6, 425
GET, 68.7, 414
GET, 68.8, 408
GET, 68.9, 400
GET, 69.0, 455
GET, 69.1, 509
GET, 69.2, 459
GET, 69.3, 474
GET, 69.4, 444
GET, 69.5, 501
GET, 69.6, 462
GET, 69.7, 480
GET, 69.8, 494
GET, 69.9, 439
GET, 70.0, 428
GET, 70.1, 478
GET, 70.2, 455
GET, 70.3, 410
GET, 70.4, 433
GET, 70.5, 462
GET, 70.6, 464
GET, 70.7, 419
GET, 70.8, 424
GET, 70.9, 387
GET, 71.0, 424
GET, 71.1, 402
GET, 71.2, 432
GET, 71.3, 442
GET, 71.4, 432
GET, 71.5, 427
GET, 71.6, 425
GET, 71.7, 435
GET, 71.8, 411
GET, 71.9, 400
GET, 72.0, 392
GET, 72.1, 460
GET, 72.2, 432
GET, 72.3, 445
GET, 72.4, 390
GET, 72.5, 445
GET, 72.6, 489
GET, 72.7, 465
GET, 72.8, 466
GET, 72.9, 556
GET, 73.0, 515
GET, 73.1, 518
GET, 73.2, 556
GET, 73.3, 546
GET, 73.4, 547
GET, 73.5, 579
GET, 73.6, 654
GET, 73.7, 606
GET, 73.8, 635
GET, 73.9, 659
GET, 74.0, 748
GET, 74.1, 731
GET, 74.2, 782
GET, 74.3, 742
GET, 74.4, 783
GET, 74.5, 713
GET, 74.6, 615
GET, 74.7, 590
GET, 74.8, 495
GET, 74.9, 378
GET, 75.0, 282
GET, 75.1, 200
GET, 75.2, 171
GET, 75.3, 132
GET, 75.4, 112
GET, 75.5, 78
GET, 75.6, 88
GET, 75.7, 71
GET, 75.8, 86
GET, 75.9, 65
GET, 76.0, 71
GET, 76.1, 56
GET, 76.2, 60
GET, 76.3, 68
GET, 76.4, 56
GET, 76.5, 48
GET, 76.6, 48
GET, 76.7, 44
GET, 76.8, 51
GET, 76.9, 70
GET, 77.0, 67
GET, 77.1, 56
GET, 77.2, 44
GET, 77.3, 39
GET, 77.4, 44
GET, 77.5, 73
GET, 77.6, 75
GET, 77.7, 66
GET, 77.8, 64
GET, 77.9, 61
GET, 78.0, 69
GET, 78.1, 73
GET, 78.2, 76
GET, 78.3, 68
GET, 78.4, 42
GET, 78.5, 50
GET, 78.6, 39
GET, 78.7, 38
GET, 78.8, 42
GET, 78.9, 38
GET, 79.0, 36
GET, 79.1, 31
GET, 79.2, 27
GET, 79.3, 32
GET, 79.4, 13
GET, 79.5, 24
GET, 79.6, 28
GET, 79.7, 18
GET, 79.8, 18
GET, 79.9, 21
GET, 80.0, 34
GET, 80.1, 19
GET, 80.2, 23
GET, 80.3, 19
GET, 80.4, 23
GET, 80.5, 13
GET, 80.6, 24
GET, 80.7, 16
GET, 80.8, 13
GET, 80.9, 16
GET, 81.0, 4
GET, 81.1, 12
GET, 81.2, 7
GET, 81.3, 14
GET, 81.4, 11
GET, 81.5, 13
GET, 81.6, 10
GET, 81.7, 12
GET, 81.8, 13
GET, 81.9, 6
GET, 82.0, 18
GET, 82.1, 4
GET, 82.2, 6
GET, 82.3, 6
GET, 82.4, 7
GET, 82.5, 1
GET, 82.6, 2
GET, 82.7, 4
GET, 82.8, 2
GET, 82.9, 5
GET, 83.0, 2
GET, 83.1, 8
GET, 83.2, 6
GET, 83.3, 7
GET, 83.4, 3
GET, 83.5, 9
GET, 83.6, 5
GET, 83.7, 4
GET, 83.8, 9
GET, 83.9, 8
GET, 84.0, 4
GET, 84.1, 12
GET, 84.2, 9
GET, 84.3, 9
GET, 84.4, 15
GET, 84.5, 13
GET, 84.6, 9
GET, 84.7, 16
GET, 84.8, 5
GET, 84.9, 11
GET, 85.0, 10
GET, 85.1, 10
GET, 85.2, 8
GET, 85.3, 5
GET, 85.4, 3
GET, 85.5, 2
GET, 85.6, 7
GET, 85.7, 4
GET, 85.8, 4
GET, 85.9, 9
GET, 86.0, 7
GET, 86.1, 4
GET, 86.2, 5
GET, 86.3, 5
GET, 86.4, 6
GET, 86.5, 10
GET, 86.6, 8
GET, 86.7, 8
GET, 86.8, 2
GET, 86.9, 7
GET, 87.0, 3
GET, 87.1, 4
GET, 87.2, 3
GET, 87.3, 2
GET, 87.4, 6
GET, 87.5, 3
GET, 87.6, 2
GET, 87.7, 3
GET, 87.8, 5
GET, 87.9, 2
GET, 88.0, 3
GET, 88.1, 5
GET, 88.2, 4
GET, 88.3, 9
GET, 88.4, 5
GET, 88.5, 4
GET, 88.6, 2
GET, 88.7, 0
GET, 88.8, 2
GET, 88.9, 8
GET, 89.0, 5
GET, 89.1, 5
GET, 89.2, 3
GET, 89.3, 2
GET, 89.4, 1
GET, 89.5, 5
GET, 89.6, 4
GET, 89.7, 6
GET, 89.8, 5
GET, 89.9, 7
GET, 90.0, 6
GET, 90.1, 2
GET, 90.2, 5
GET, 90.3, 4
GET, 90.4, 4
GET, 90.5, 0
GET, 90.6, 3
GET, 90.7, 3
GET, 90.8, 5
GET, 90.9, 2
GET, 91.0, 1
GET, 91.1, 0
GET, 91.2, 2
GET, 91.3, 1
GET, 91.4, 0
GET, 91.5, 2
GET, 91.6, 4
GET, 91.7, 3
GET, 91.8, 0
GET, 91.9, 2
GET, 92.0, 0
GET, 92.1, 0
GET, 92.2, 0
GET, 92.3, 2
GET, 92.4, 2
GET, 92.5, 0
GET, 92.6, 0
GET, 92.7, 1
GET, 92.8, 1
GET, 92.9, 3
GET, 93.0, 2
GET, 93.1, 1
GET, 93.2, 0
GET, 93.3, 1
GET, 93.4, 0
GET, 93.5, 1
GET, 93.6, 1
GET, 93.7, 1
GET, 93.8, 0
GET, 93.9, 2
GET, 94.0, 0
GET, 94.1, 1
GET, 94.2, 3
GET, 94.3, 0
GET, 94.4, 0
GET, 94.5, 0
GET, 94.6, 0
GET, 94.7, 4
GET, 94.8, 0
GET, 94.9, 0
GET, 95.0, 2
GET, 95.1, 1
GET, 95.2, 3
GET, 95.3, 1
GET, 95.4, 0
GET, 95.5, 3
GET, 95.6, 8
GET, 95.7, 0
GET, 95.8, 1
GET, 95.9, 4
GET, 96.0, 2
GET, 96.1, 2
GET, 96.2, 3
GET, 96.3, 0
GET, 96.4, 1
GET, 96.5, 3
GET, 96.6, 2
GET, 96.7, 2
GET, 96.8, 0
GET, 96.9, 0
GET, 97.0, 0
GET, 97.1, 1
GET, 97.2, 0
GET, 97.3, 0
GET, 97.4, 0
GET, 97.5, 0
GET, 97.6, 0
GET, 97.7, 0
GET, 97.8, 0
GET, 97.9, 0
GET, 98.0, 2
GET, 98.1, 2
GET, 98.2, 0
GET, 98.3, 2
GET, 98.4, 0
GET, 98.5, 1
GET, 98.6, 0
GET, 98.7, 0
GET, 98.8, 1
GET, 98.9, 0
GET, 99.0, 0
GET, 99.1, 0
GET, 99.2, 0
GET, 99.3, 0
GET, 99.4, 0
GET, 99.5, 0
GET, 99.6, 0
GET, 99.7, 0
GET, 99.8, 0
GET, 99.9, 0
GET, 100.0, 0
GET, 100.1, 0
GET, 100.2, 0
GET, 100.3, 0
GET, 100.4, 0
GET, 100.5, 0
GET, 100.6, 0
GET, 100.7, 0
GET, 100.8, 0
GET, 100.9, 0
GET, 101.0, 0
GET, 101.1, 0
GET, 101.2, 0
GET, 101.3, 0
GET, 101.4, 1
GET, 101.5, 0
GET, 101.6, 0
GET, 101.7, 0
GET, 101.8, 0
GET, 101.9, 0
GET, 102.0, 0
GET, 102.1, 0
GET, 102.2, 0
GET, 102.3, 0
GET, 102.4, 0
GET, 102.5, 0
GET, 102.6, 0
GET, 102.7, 0
GET, 102.8, 0
GET, 102.9, 0
GET, 103.0, 0
GET, 103.1, 0
GET, 103.2, 0
GET, 103.3, 0
GET, 103.4, 0
GET, 103.5, 0
GET, 103.6, 0
GET, 103.7, 0
GET, 103.8, 0
GET, 103.9, 0
GET, 104.0, 0
GET, 104.1, 0
GET, 104.2, 0
GET, 104.3, 0
GET, 104.4, 0
GET, 104.5, 0
GET, 104.6, 0
GET, 104.7, 0
GET, 104.8, 0
GET, 104.9, 0
GET, 105.0, 0
GET, 105.1, 0
GET, 105.2, 0
GET, 105.3, 0
GET, 105.4, 0
GET, 105.5, 0
GET, 105.6, 0
GET, 105.7, 0
GET, 105.8, 0
GET, 105.9, 0
GET, 106.0, 0
GET, 106.1, 0
GET, 106.2, 0
GET, 106.3, 0
GET, 106.4, 0
GET, 106.5, 0
GET, 106.6, 0
GET, 106.7, 0
GET, 106.8, 0
GET, 106.9, 0
GET, 107.0, 0
GET, 107.1, 0
GET, 107.2, 0
GET, 107.3, 0
GET, 107.4, 0
GET, 107.5, 0
GET, 107.6, 0
GET, 107.7, 0
GET, 107.8, 0
GET, 107.9, 0
GET, 108.0, 0
GET, 108.1, 0
GET, 108.2, 0
GET, 108.3, 0
GET, 108.4, 0
GET, 108.5, 0
GET, 108.6, 0
GET, 108.7, 0
GET, 108.8, 0
GET, 108.9, 0
GET, 109.0, 0
GET, 109.1, 0
GET, 109.2, 0
GET, 109.3, 0
GET, 109.4, 0
GET, 109.5, 0
GET, 109.6, 0
GET, 109.7, 0
GET, 109.8, 0
GET, 109.9, 0
GET, 110.0, 0
GET, 110.1, 0
GET, 110.2, 0
GET, 110.3, 0
GET, 110.4, 0
GET, 110.5, 0
GET, 110.6, 0
GET, 110.7, 0
GET, 110.8, 0
GET, 110.9, 0
GET, 111.0, 0
GET, 111.1, 0
GET, 111.2, 0
GET, 111.3, 0
GET, 111.4, 0
GET, 111.5, 0
GET, 111.6, 0
GET, 111.7, 0
GET, 111.8, 0
GET, 111.9, 0
GET, 112.0, 0
GET, 112.1, 0
GET, 112.2, 0
GET, 112.3, 0
GET, 112.4, 0
GET, 112.5, 0
GET, 112.6, 0
GET, 112.7, 0
GET, 112.8, 0
GET, 112.9, 0
GET, 113.0, 0
GET, 113.1, 0
GET, 113.2, 0
GET, 113.3, 0
GET, 113.4, 0
GET, 113.5, 0
GET, 113.6, 0
GET, 113.7, 0
GET, 113.8, 0
GET, 113.9, 0
GET, 114.0, 0
GET, 114.1, 0
GET, 114.2, 0
GET, 114.3, 0
GET, 114.4, 0
GET, 114.5, 0
GET, 114.6, 0
GET, 114.7, 0
GET, 114.8, 0
GET, 114.9, 0
GET, 115.0, 0
GET, 115.1, 0
GET, 115.2, 0
GET, 115.3, 0
GET, 115.4, 0
GET, 115.5, 0
GET, 115.6, 0
GET, 115.7, 0
GET, 115.8, 0
GET, 115.9, 0
GET, 116.0, 0
GET, 116.1, 0
GET, 116.2, 0
GET, 116.3, 0
GET, 116.4, 0
GET, 116.5, 0
GET, 116.6, 0
GET, 116.7, 0
GET, 116.8, 0
GET, 116.9, 0
GET, 117.0, 0
GET, 117.1, 0
GET, 117.2, 0
GET, 117.3, 0
GET, 117.4, 0
GET, 117.5, 0
GET, 117.6, 0
GET, 117.7, 0
GET, 117.8, 0
GET, 117.9, 0
GET, 118.0, 0
GET, 118.1, 0
GET, 118.2, 0
GET, 118.3, 0
GET, 118.4, 0
GET, 118.5, 0
GET, 118.6, 0
GET, 118.7, 0
GET, 118.8, 0
GET, 118.9, 0
GET, 119.0, 0
GET, 119.1, 0
GET, 119.2, 0
GET, 119.3, 0
GET, 119.4, 0
GET, 119.5, 0
GET, 119.6, 0
GET, 119.7, 0
GET, 119.8, 0
GET, 119.9, 0
GET, 120.0, 0
GET, 120.1, 0
GET, 120.2, 0
GET, 120.3, 0
GET, 120.4, 0
GET, 120.5, 0
GET, 120.6, 0
GET, 120.7, 0
GET, 120.8, 0
GET, 120.9, 0
GET, 121.0, 0
GET, 121.1, 0
GET, 121.2, 0
GET, 121.3, 0
GET, 121.4, 0
GET, 121.5, 0
GET, 121.6, 0
GET, 121.7, 0
GET, 121.8, 0
GET, 121.9, 0
GET, 122.0, 0
GET, 122.1, 0
GET, 122.2, 0
GET, 122.3, 0
GET, 122.4, 0
GET, 122.5, 0
GET, 122.6, 0
GET, 122.7, 0
GET, 122.8, 0
GET, 122.9, 0
GET, 123.0, 0
GET, 123.1, 0
GET, 123.2, 0
GET, 123.3, 0
GET, 123.4, 0
GET, 123.5, 0
GET, 123.6, 0
GET, 123.7, 0
GET, 123.8, 0
GET, 123.9, 0
GET, 124.0, 0
GET, 124.1, 0
GET, 124.2, 0
GET, 124.3, 0
GET, 124.4, 0
GET, 124.5, 0
GET, 124.6, 0
GET, 124.7, 0
GET, 124.8, 0
GET, 124.9, 0
GET, 125.0, 0
GET, 125.1, 0
GET, 125.2, 0
GET, 125.3, 0
GET, 125.4, 0
GET, 125.5, 0
GET, 125.6, 0
GET, 125.7, 0
GET, 125.8, 0
GET, 125.9, 0
GET, 126.0, 0
GET, 126.1, 0
GET, 126.2, 0
GET, 126.3, 0
GET, 126.4, 0
GET, 126.5, 0
GET, 126.6, 0
GET, 126.7, 0
GET, 126.8, 0
GET, 126.9, 0
GET, 127.0, 0
GET, 127.1, 0
GET, 127.2, 0
GET, 127.3, 0
GET, 127.4, 0
GET, 127.5, 0
GET, 127.6, 0
GET, 127.7, 0
GET, 127.8, 0
GET, 127.9, 0
GET, 128.0, 0
GET, 128.1, 0
GET, 128.2, 0
GET, 128.3, 0
GET, 128.4, 0
GET, 128.5, 0
GET, 128.6, 0
GET, 128.7, 0
GET, 128.8, 0
GET, 128.9, 0
GET, 129.0, 0
GET, 129.1, 0
GET, 129.2, 0
GET, 129.3, 0
GET, 129.4, 0
GET, 129.5, 0
GET, 129.6, 0
GET, 129.7, 0
GET, 129.8, 0
GET, 129.9, 0
GET, 130.0, 0
GET, 130.1, 0
GET, 130.2, 0
GET, 130.3, 0
GET, 130.4, 0
GET, 130.5, 0
GET, 130.6, 0
GET, 130.7, 0
GET, 130.8, 0
GET, 130.9, 0
GET, 131.0, 0
GET, 131.1, 0
GET, 131.2, 0
GET, 131.3, 0
GET, 131.4, 0
GET, 131.5, 0
GET, 131.6, 0
GET, 131.7, 0
GET, 131.8, 0
GET, 131.9, 0
GET, 132.0, 0
GET, 132.1, 0
GET, 132.2, 0
GET, 132.3, 0
GET, 132.4, 0
GET, 132.5, 0
GET, 132.6, 0
GET, 132.7, 0
GET, 132.8, 0
GET, 132.9, 0
GET, 133.0, 0
GET, 133.1, 0
GET, 133.2, 0
GET, 133.3, 0
GET, 133.4, 0
GET, 133.5, 0
GET, 133.6, 0
GET, 133.7, 0
GET, 133.8, 0
GET, 133.9, 0
GET, 134.0, 0
GET, 134.1, 0
GET, 134.2, 0
GET, 134.3, 0
GET, 134.4, 0
GET, 134.5, 0
GET, 134.6, 0
GET, 134.7, 0
GET, 134.8, 0
GET, 134.9, 0
GET, 135.0, 0
GET, 135.1, 0
GET, 135.2, 0
GET, 135.3, 0
GET, 135.4, 0
GET, 135.5, 0
GET, 135.6, 0
GET, 135.7, 0
GET, 135.8, 0
GET, 135.9, 0
GET, 136.0, 0
GET, 136.1, 0
GET, 136.2, 0
GET, 136.3, 0
GET, 136.4, 0
GET, 136.5, 0
GET, 136.6, 0
GET, 136.7, 0
GET, 136.8, 0
GET, 136.9, 0
GET, 137.0, 0
GET, 137.1, 0
GET, 137.2, 0
GET, 137.3, 0
GET, 137.4, 0
GET, 137.5, 0
GET, 137.6, 0
GET, 137.7, 0
GET, 137.8, 0
GET, 137.9, 0
GET, 138.0, 0
GET, 138.1, 0
GET, 138.2, 0
GET, 138.3, 0
GET, 138.4, 0
GET, 138.5, 0
GET, 138.6, 0
GET, 138.7, 0
GET, 138.8, 0
GET, 138.9, 0
GET, 139.0, 0
GET, 139.1, 0
GET, 139.2, 0
GET, 139.3, 0
GET, 139.4, 0
GET, 139.5, 0
GET, 139.6, 0
GET, 139.7, 0
GET, 139.8, 0
GET, 139.9, 0
GET, 140.0, 0
GET, 140.1, 0
GET, 140.2, 0
GET, 140.3, 0
GET, 140.4, 0
GET, 140.5, 0
GET, 140.6, 0
GET, 140.7, 0
GET, 140.8, 0
GET, 140.9, 0
GET, 141.0, 0
GET, 141.1, 0
GET, 141.2, 0
GET, 141.3, 0
GET, 141.4, 0
GET, 141.5, 0
GET, 141.6, 0
GET, 141.7, 0
GET, 141.8, 0
GET, 141.9, 0
GET, 142.0, 0
GET, 142.1, 0
GET, 142.2, 0
GET, 142.3, 0
GET, 142.4, 0
GET, 142.5, 0
GET, 142.6, 0
GET, 142.7, 0
GET, 142.8, 0
GET, 142.9, 0
GET, 143.0, 0
GET, 143.1, 0
GET, 143.2, 0
GET, 143.3, 0
GET, 143.4, 0
GET, 143.5, 0
GET, 143.6, 0
GET, 143.7, 0
GET, 143.8, 0
GET, 143.9, 0
GET, 144.0, 0
GET, 144.1, 0
GET, 144.2, 0
GET, 144.3, 0
GET, 144.4, 0
GET, 144.5, 0
GET, 144.6, 0
GET, 144.7, 0
GET, 144.8, 0
GET, 144.9, 0
GET, 145.0, 0
GET, 145.1, 0
GET, 145.2, 0
GET, 145.3, 0
GET, 145.4, 0
GET, 145.5, 0
GET, 145.6, 0
GET, 145.7, 0
GET, 145.8, 0
GET, 145.9, 0
GET, 146.0, 0
GET, 146.1, 0
GET, 146.2, 0
GET, 146.3, 0
GET, 146.4, 0
GET, 146.5, 0
GET, 146.6, 0
GET, 146.7, 0
GET, 146.8, 0
GET, 146.9, 0
GET, 147.0, 0
GET, 147.1, 0
GET, 147.2, 0
GET, 147.3, 0
GET, 147.4, 0
GET, 147.5, 0
GET, 147.6, 0
GET, 147.7, 0
GET, 147.8, 0
GET, 147.9, 0
GET, 148.0, 0
GET, 148.1, 0
GET, 148.2, 0
GET, 148.3, 0
GET, 148.4, 0
GET, 148.5, 0
GET, 148.6, 0
GET, 148.7, 0
GET, 148.8, 0
GET, 148.9, 0
GET, 149.0, 0
GET, 149.1, 0
GET, 149.2, 0
GET, 149.3, 0
GET, 149.4, 0
GET, 149.5, 0
GET, 149.6, 0
GET, 149.7, 0
GET, 149.8, 0
GET, 149.9, 0
GET, 150.0, 0
GET, 150.1, 0
GET, 150.2, 0
GET, 150.3, 0
GET, 150.4, 0
GET, 150.5, 0
GET, 150.6, 0
GET, 150.7, 0
GET, 150.8, 0
GET, 150.9, 0
GET, 151.0, 0
GET, 151.1, 0
GET, 151.2, 0
GET, 151.3, 0
GET, 151.4, 0
GET, 151.5, 0
GET, 151.6, 0
GET, 151.7, 0
GET, 151.8, 0
GET, 151.9, 0
GET, 152.0, 0
GET, 152.1, 0
GET, 152.2, 0
GET, 152.3, 0
GET, 152.4, 0
GET, 152.5, 0
GET, 152.6, 0
GET, 152.7, 0
GET, 152.8, 0
GET, 152.9, 0
GET, 153.0, 0
GET, 153.1, 0
GET, 153.2, 0
GET, 153.3, 0
GET, 153.4, 0
GET, 153.5, 0
GET, 153.6, 0
GET, 153.7, 0
GET, 153.8, 0
GET, 153.9, 0
GET, 154.0, 0
GET, 154.1, 0
GET, 154.2, 0
GET, 154.3, 0
GET, 154.4, 0
GET, 154.5, 0
GET, 154.6, 0
GET, 154.7, 0
GET, 154.8, 0
GET, 154.9, 0
GET, 155.0, 0
GET, 155.1, 0
GET, 155.2, 0
GET, 155.3, 0
GET, 155.4, 0
GET, 155.5, 0
GET, 155.6, 0
GET, 155.7, 0
GET, 155.8, 0
GET, 155.9, 0
GET, 156.0, 0
GET, 156.1, 0
GET, 156.2, 0
GET, 156.3, 0
GET, 156.4, 0
GET, 156.5, 0
GET, 156.6, 0
GET, 156.7, 0
GET, 156.8, 0
GET, 156.9, 0
GET, 157.0, 0
GET, 157.1, 0
GET, 157.2, 0
GET, 157.3, 0
GET, 157.4, 0
GET, 157.5, 0
GET, 157.6, 0
GET, 157.7, 0
GET, 157.8, 0
GET, 157.9, 0
GET, 158.0, 0
GET, 158.1, 0
GET, 158.2, 0
GET, 158.3, 0
GET, 158.4, 0
GET, 158.5, 0
GET, 158.6, 0
GET, 158.7, 0
GET, 158.8, 0
GET, 158.9, 0
GET, 159.0, 0
GET, 159.1, 0
GET, 159.2, 0
GET, 159.3, 0
GET, 159.4, 0
GET, 159.5, 0
GET, 159.6, 0
GET, 159.7, 0
GET, 159.8, 0
GET, 159.9, 0
GET, 160.0, 0
GET, 160.1, 0
GET, 160.2, 0
GET, 160.3, 0
GET, 160.4, 0
GET, 160.5, 0
GET, 160.6, 0
GET, 160.7, 0
GET, 160.8, 0
GET, 160.9, 0
GET, 161.0, 0
GET, 161.1, 0
GET, 161.2, 0
GET, 161.3, 0
GET, 161.4, 0
GET, 161.5, 0
GET, 161.6, 0
GET, 161.7, 0
GET, 161.8, 0
GET, 161.9, 0
GET, 162.0, 0
GET, 162.1, 0
GET, 162.2, 0
GET, 162.3, 0
GET, 162.4, 0
GET, 162.5, 0
GET, 162.6, 0
GET, 162.7, 0
GET, 162.8, 0
GET, 162.9, 0
GET, 163.0, 0
GET, 163.1, 0
GET, 163.2, 0
GET, 163.3, 0
GET, 163.4, 0
GET, 163.5, 0
GET, 163.6, 0
GET, 163.7, 0
GET, 163.8, 0
GET, 163.9, 0
GET, 164.0, 0
GET, 164.1, 0
GET, 164.2, 0
GET, 164.3, 0
GET, 164.4, 0
GET, 164.5, 0
GET, 164.6, 0
GET, 164.7, 0
GET, 164.8, 0
GET, 164.9, 0
GET, 165.0, 0
GET, 165.1, 0
GET, 165.2, 0
GET, 165.3, 0
GET, 165.4, 0
GET, 165.5, 0
GET, 165.6, 0
GET, 165.7, 0
GET, 165.8, 0
GET, 165.9, 0
GET, 166.0, 0
GET, 166.1, 0
GET, 166.2, 0
GET, 166.3, 0
GET, 166.4, 0
GET, 166.5, 0
GET, 166.6, 0
GET, 166.7, 0
GET, 166.8, 0
GET, 166.9, 0
GET, 167.0, 0
GET, 167.1, 0
GET, 167.2, 0
GET, 167.3, 0
GET, 167.4, 0
GET, 167.5, 0
GET, 167.6, 0
GET, 167.7, 0
GET, 167.8, 0
GET, 167.9, 0
GET, 168.0, 0
GET, 168.1, 0
GET, 168.2, 0
GET, 168.3, 0
GET, 168.4, 0
GET, 168.5, 0
GET, 168.6, 0
GET, 168.7, 0
GET, 168.8, 0
GET, 168.9, 0
GET, 169.0, 0
GET, 169.1, 0
GET, 169.2, 0
GET, 169.3, 0
GET, 169.4, 0
GET, 169.5, 0
GET, 169.6, 0
GET, 169.7, 0
GET, 169.8, 0
GET, 169.9, 0
GET, 170.0, 0
GET, 170.1, 0
GET, 170.2, 0
GET, 170.3, 0
GET, 170.4, 0
GET, 170.5, 0
GET, 170.6, 0
GET, 170.7, 0
GET, 170.8, 0
GET, 170.9, 0
GET, 171.0, 0
GET, 171.1, 0
GET, 171.2, 0
GET, 171.3, 0
GET, 171.4, 0
GET, 171.5, 0
GET, 171.6, 0
GET, 171.7, 0
GET, 171.8, 0
GET, 171.9, 0
GET, 172.0, 0
GET, 172.1, 0
GET, 172.2, 0
GET, 172.3, 0
GET, 172.4, 0
GET, 172.5, 0
GET, 172.6, 0
GET, 172.7, 0
GET, 172.8, 0
GET, 172.9, 0
GET, 173.0, 0
GET, 173.1, 0
GET, 173.2, 0
GET, 173.3, 0
GET, 173.4, 0
GET, 173.5, 0
GET, 173.6, 0
GET, 173.7, 0
GET, 173.8, 0
GET, 173.9, 0
GET, 174.0, 0
GET, 174.1, 0
GET, 174.2, 0
GET, 174.3, 0
GET, 174.4, 0
GET, 174.5, 0
GET, 174.6, 0
GET, 174.7, 0
GET, 174.8, 0
GET, 174.9, 0
GET, 175.0, 0
GET, 175.1, 0
GET, 175.2, 0
GET, 175.3, 0
GET, 175.4, 0
GET, 175.5, 0
GET, 175.6, 0
GET, 175.7, 0
GET, 175.8, 0
GET, 175.9, 0
GET, 176.0, 0
GET, 176.1, 0
GET, 176.2, 0
GET, 176.3, 0
GET, 176.4, 0
GET, 176.5, 0
GET, 176.6, 0
GET, 176.7, 0
GET, 176.8, 0
GET, 176.9, 0
GET, 177.0, 0
GET, 177.1, 0
GET, 177.2, 0
GET, 177.3, 0
GET, 177.4, 0
GET, 177.5, 0
GET, 177.6, 0
GET, 177.7, 0
GET, 177.8, 0
GET, 177.9, 0
GET, 178.0, 0
GET, 178.1, 0
GET, 178.2, 0
GET, 178.3, 0
GET, 178.4, 0
GET, 178.5, 0
GET, 178.6, 0
GET, 178.7, 0
GET, 178.8, 0
GET, 178.9, 0
GET, 179.0, 0
GET, 179.1, 0
GET, 179.2, 0
GET, 179.3, 0
GET, 179.4, 0
GET, 179.5, 0
GET, 179.6, 0
GET, 179.7, 0
GET, 179.8, 0
GET, 179.9, 0
GET, 180.0, 0
GET, 180.1, 0
GET, 180.2, 0
GET, 180.3, 0
GET, 180.4, 0
GET, 180.5, 0
GET, 180.6, 0
GET, 180.7, 0
GET, 180.8, 0
GET, 180.9, 0
GET, 181.0, 0
GET, 181.1, 0
GET, 181.2, 0
GET, 181.3, 0
GET, 181.4, 0
GET, 181.5, 0
GET, 181.6, 0
GET, 181.7, 0
GET, 181.8, 0
GET, 181.9, 0
GET, 182.0, 0
GET, 182.1, 0
GET, 182.2, 0
GET, 182.3, 0
GET, 182.4, 0
GET, 182.5, 0
GET, 182.6, 0
GET, 182.7, 0
GET, 182.8, 0
GET, 182.9, 0
GET, 183.0, 0
GET, 183.1, 0
GET, 183.2, 0
GET, 183.3, 0
GET, 183.4, 0
GET, 183.5, 0
GET, 183.6, 0
GET, 183.7, 0
GET, 183.8, 0
GET, 183.9, 0
GET, 184.0, 0
GET, 184.1, 0
GET, 184.2, 0
GET, 184.3, 0
GET, 184.4, 0
GET, 184.5, 0
GET, 184.6, 0
GET, 184.7, 0
GET, 184.8, 0
GET, 184.9, 0
GET, 185.0, 0
GET, 185.1, 0
GET, 185.2, 0
GET, 185.3, 0
GET, 185.4, 0
GET, 185.5, 0
GET, 185.6, 0
GET, 185.7, 0
GET, 185.8, 0
GET, 185.9, 0
GET, 186.0, 0
GET, 186.1, 0
GET, 186.2, 0
GET, 186.3, 0
GET, 186.4, 0
GET, 186.5, 0
GET, 186.6, 0
GET, 186.7, 0
GET, 186.8, 0
GET, 186.9, 0
GET, 187.0, 0
GET, 187.1, 0
GET, 187.2, 0
GET, 187.3, 0
GET, 187.4, 0
GET, 187.5, 0
GET, 187.6, 0
GET, 187.7, 0
GET, 187.8, 0
GET, 187.9, 0
GET, 188.0, 0
GET, 188.1, 0
GET, 188.2, 0
GET, 188.3, 0
GET, 188.4, 0
GET, 188.5, 0
GET, 188.6, 0
GET, 188.7, 0
GET, 188.8, 0
GET, 188.9, 0
GET, 189.0, 0
GET, 189.1, 0
GET, 189.2, 0
GET, 189.3, 0
GET, 189.4, 0
GET, 189.5, 0
GET, 189.6, 0
GET, 189.7, 0
GET, 189.8, 0
GET, 189.9, 0
GET, 190.0, 0
GET, 190.1, 0
GET, 190.2, 0
GET, 190.3, 0
GET, 190.4, 0
GET, 190.5, 0
GET, 190.6, 0
GET, 190.7, 0
GET, 190.8, 0
GET, 190.9, 0
GET, 191.0, 0
GET, 191.1, 0
GET, 191.2, 0
GET, 191.3, 0
GET, 191.4, 0
GET, 191.5, 0
GET, 191.6, 0
GET, 191.7, 0
GET, 191.8, 0
GET, 191.9, 0
GET, 192.0, 0
GET, 192.1, 0
GET, 192.2, 0
GET, 192.3, 0
GET, 192.4, 0
GET, 192.5, 0
GET, 192.6, 0
GET, 192.7, 0
GET, 192.8, 0
GET, 192.9, 0
GET, 193.0, 0
GET, 193.1, 0
GET, 193.2, 0
GET, 193.3, 0
GET, 193.4, 0
GET, 193.5, 0
GET, 193.6, 0
GET, 193.7, 0
GET, 193.8, 0
GET, 193.9, 0
GET, 194.0, 0
GET, 194.1, 0
GET, 194.2, 0
GET, 194.3, 0
GET, 194.4, 0
GET, 194.5, 0
GET, 194.6, 0
GET, 194.7, 0
GET, 194.8, 0
GET, 194.9, 0
GET, 195.0, 0
GET, 195.1, 0
GET, 195.2, 0
GET, 195.3, 0
GET, 195.4, 0
GET, 195.5, 0
GET, 195.6, 0
GET, 195.7, 0
GET, 195.8, 0
GET, 195.9, 0
GET, 196.0, 0
GET, 196.1, 0
GET, 196.2, 0
GET, 196.3, 0
GET, 196.4, 0
GET, 196.5, 0
GET, 196.6, 0
GET, 196.7, 0
GET, 196.8, 0
GET, 196.9, 0
GET, 197.0, 0
GET, 197.1, 0
GET, 197.2, 0
GET, 197.3, 0
GET, 197.4, 0
GET, 197.5, 0
GET, 197.6, 0
GET, 197.7, 0
GET, 197.8, 0
GET, 197.9, 0
GET, 198.0, 0
GET, 198.1, 0
GET, 198.2, 0
GET, 198.3, 0
GET, 198.4, 0
GET, 198.5, 0
GET, 198.6, 0
GET, 198.7, 0
GET, 198.8, 0
GET, 198.9, 0
GET, 199.0, 0
GET, 199.1, 0
GET, 199.2, 0
GET, 199.3, 0
GET, 199.4, 0
GET, 199.5, 0
GET, 199.6, 0
GET, 199.7, 0
GET, 199.8, 0
GET, 199.9, 0
GET, 200.0, 0
GET, 200.1, 0
GET, 200.2, 0
GET, 200.3, 0
GET, 200.4, 0
GET, 200.5, 0
GET, 200.6, 0
GET, 200.7, 0
GET, 200.8, 0
GET, 200.9, 0
GET, 201.0, 0
GET, 201.1, 0
GET, 201.2, 0
GET, 201.3, 0
GET, 201.4, 0
GET, 201.5, 0
GET, 201.6, 0
GET, 201.7, 0
GET, 201.8, 0
GET, 201.9, 0
GET, 202.0, 0
GET, 202.1, 0
GET, 202.2, 0
GET, 202.3, 0
GET, 202.4, 0
GET, 202.5, 0
GET, 202.6, 0
GET, 202.7, 0
GET, 202.8, 0
GET, 202.9, 0
GET, 203.0, 0
GET, 203.1, 0
GET, 203.2, 0
GET, 203.3, 0
GET, 203.4, 1
GET, 203.5, 0
GET, 203.6, 0
GET, 203.7, 1
GET, 203.8, 0
GET, 203.9, 0
GET, 204.0, 0
GET, 204.1, 0
GET, 204.2, 0
GET, 204.3, 0
GET, 204.4, 0
GET, 204.5, 0
GET, 204.6, 0
GET, 204.7, 0
GET, 204.8, 0
GET, 204.9, 0
GET, 205.0, 0
GET, 205.1, 0
GET, 205.2, 0
GET, 205.3, 0
GET, 205.4, 0
GET, 205.5, 0
GET, 205.6, 0
GET, 205.7, 0
GET, 205.8, 0
GET, 205.9, 0
GET, 206.0, 0
GET, 206.1, 0
GET, 206.2, 0
GET, 206.3, 0
GET, 206.4, 0
GET, 206.5, 0
GET, 206.6, 0
GET, 206.7, 0
GET, 206.8, 0
GET, 206.9, 0
GET, 207.0, 0
GET, 207.1, 1
GET, 207.2, 0
GET, 207.3, 0
GET, 207.4, 2
GET, 207.5, 2
GET, 207.6, 0
GET, 207.7, 0
GET, 207.8, 0
GET, 207.9, 0
GET, 208.0, 0
GET, 208.1, 0
GET, 208.2, 1
GET, 208.3, 1
GET, 208.4, 1
GET, 208.5, 0
GET, 208.6, 0
GET, 208.7, 0
GET, 208.8, 0
GET, 208.9, 0
GET, 209.0, 0
GET, 209.1, 0
GET, 209.2, 0
GET, 209.3, 0
GET, 209.4, 0
GET, 209.5, 0
GET, 209.6, 0
GET, 209.7, 0
GET, 209.8, 0
GET, 209.9, 0
GET, 210.0, 0
GET, 210.1, 0
GET, 210.2, 0
GET, 210.3, 0
GET, 210.4, 0
GET, 210.5, 0
GET, 210.6, 1
GET, 210.7, 0
GET, 210.8, 0
GET, 210.9, 1
GET, 211.0, 0
GET, 211.1, 0
GET, 211.2, 0
GET, 211.3, 0
GET, 211.4, 0
GET, 211.5, 0
GET, 211.6, 0
GET, 211.7, 0
GET, 211.8, 1
GET, 211.9, 0
GET, 212.0, 0
GET, 212.1, 0
GET, 212.2, 0
GET, 212.3, 0
GET, 212.4, 0
GET, 212.5, 0
GET, 212.6, 0
GET, 212.7, 1
GET, 212.8, 1
GET, 212.9, 0
GET, 213.0, 0
GET, 213.1, 0
GET, 213.2, 0
GET, 213.3, 0
GET, 213.4, 0
GET, 213.5, 1
GET, 213.6, 0
GET, 213.7, 0
GET, 213.8, 0
GET, 213.9, 0
GET, 214.0, 0
GET, 214.1, 0
GET, 214.2, 0
GET, 214.3, 0
GET, 214.4, 0
GET, 214.5, 0
GET, 214.6, 0
GET, 214.7, 0
GET, 214.8, 0
GET, 214.9, 0
GET, 215.0, 0
GET, 215.1, 0
GET, 215.2, 0
GET, 215.3, 0
GET, 215.4, 0
GET, 215.5, 1
GET, 215.6, 0
GET, 215.7, 1
GET, 215.8, 0
GET, 215.9, 0
GET, 216.0, 0
GET, 216.1, 1
GET, 216.2, 1
GET, 216.3, 0
GET, 216.4, 1
GET, 216.5, 0
GET, 216.6, 0
GET, 216.7, 0
GET, 216.8, 1
GET, 216.9, 1
GET, 217.0, 3
GET, 217.1, 0
GET, 217.2, 1
GET, 217.3, 1
GET, 217.4, 2
GET, 217.5, 0
GET, 217.6, 1
GET, 217.7, 0
GET, 217.8, 0
GET, 217.9, 1
GET, 218.0, 1
GET, 218.1, 5
GET, 218.2, 0
GET, 218.3, 2
GET, 218.4, 0
GET, 218.5, 0
GET, 218.6, 1
GET, 218.7, 1
GET, 218.8, 0
GET, 218.9, 0
GET, 219.0, 1
GET, 219.1, 0
GET, 219.2, 0
GET, 219.3, 0
GET, 219.4, 1
GET, 219.5, 0
GET, 219.6, 0
GET, 219.7, 0
GET, 219.8, 0
GET, 219.9, 0
GET, 220.0, 0
GET, 220.1, 0
GET, 220.2, 0
GET, 220.3, 0
GET, 220.4, 1
GET, 220.5, 1
GET, 220.6, 1
GET, 220.7, 0
GET, 220.8, 0
GET, 220.9, 0
GET, 221.0, 0
GET, 221.1, 0
GET, 221.2, 0
GET, 221.3, 0
GET, 221.4, 0
GET, 221.5, 0
GET, 221.6, 0
GET, 221.7, 0
GET, 221.8, 0
GET, 221.9, 0
GET, 222.0, 0
GET, 222.1, 0
GET, 222.2, 0
GET, 222.3, 0
GET, 222.4, 0
GET, 222.5, 0
GET, 222.6, 0
GET, 222.7, 0
GET, 222.8, 0
GET, 222.9, 0
GET, 223.0, 0
GET, 223.1, 0
GET, 223.2, 1
GET, 223.3, 0
GET, 223.4, 0
GET, 223.5, 1
GET, 223.6, 1
GET, 223.7, 0
GET, 223.8, 0
GET, 223.9, 0
GET, 224.0, 1
GET, 224.1, 0
GET, 224.2, 0
GET, 224.3, 1
GET, 224.4, 0
GET, 224.5, 0
GET, 224.6, 1
GET, 224.7, 1
GET, 224.8, 0
GET, 224.9, 0
GET, 225.0, 0
GET, 225.1, 0
GET, 225.2, 0
GET, 225.3, 0
GET, 225.4, 3
GET, 225.5, 0
GET, 225.6, 0
GET, 225.7, 0
GET, 225.8, 0
GET, 225.9, 0
GET, 226.0, 0
GET, 226.1, 0
GET, 226.2, 0
GET, 226.3, 0
GET, 226.4, 0
GET, 226.5, 0
GET, 226.6, 0
GET, 226.7, 0
GET, 226.8, 0
GET, 226.9, 0
GET, 227.0, 0
GET, 227.1, 1
GET, 227.2, 0
GET, 227.3, 0
GET, 227.4, 0
GET, 227.5, 0
GET, 227.6, 0
GET, 227.7, 0
GET, 227.8, 0
GET, 227.9, 0
GET, 228.0, 0
GET, 228.1, 0
GET, 228.2, 0
GET, 228.3, 0
GET, 228.4, 0
GET, 228.5, 0
GET, 228.6, 0
GET, 228.7, 0
GET, 228.8, 0
GET, 228.9, 0
GET, 229.0, 0
GET, 229.1, 0
GET, 229.2, 0
GET, 229.3, 0
GET, 229.4, 0
GET, 229.5, 0
GET, 229.6, 0
GET, 229.7, 0
GET, 229.8, 0
GET, 229.9, 0
GET, 230.0, 0
GET, 230.1, 0
GET, 230.2, 0
GET, 230.3, 0
GET, 230.4, 0
GET, 230.5, 0
GET, 230.6, 0
GET, 230.7, 0
GET, 230.8, 0
GET, 230.9, 0
GET, 231.0, 0
GET, 231.1, 0
GET, 231.2, 0
GET, 231.3, 0
GET, 231.4, 0
GET, 231.5, 0
GET, 231.6, 0
GET, 231.7, 1
