Elapsed Time, AVG Throughput, AVG Queue Size, AVG Waiting Time, AVG Service Time, AVG Response Time, AVG SET Response Time, AVG GET Response Time, AVG MULTI-GET Response Time, #SETS, #GETS, #MULTIGETS, GET MissRatio, MULTI-GET MissRatio, AVG MULTI-GET Size
 5.00, 7018, 93, 13.294320, 1.738615, 15.181246, 15.181246, 0.000000, 0.000000, 35090, 0, 0, 0.00, 0.00, 0
10.00, 8250, 94, 11.825336, 1.641629, 13.572313, 13.572313, 0.000000, 0.000000, 41252, 0, 0, 0.00, 0.00, 0
15.00, 8390, 94, 11.708440, 1.600455, 13.422729, 13.422729, 0.000000, 0.000000, 41950, 0, 0, 0.00, 0.00, 0
20.00, 8426, 94, 11.723352, 1.613437, 13.445532, 13.445532, 0.000000, 0.000000, 42133, 0, 0, 0.00, 0.00, 0
25.00, 8265, 95, 12.049301, 1.670041, 13.816963, 13.816963, 0.000000, 0.000000, 41326, 0, 0, 0.00, 0.00, 0
30.00, 8425, 94, 11.803312, 1.614007, 13.527561, 13.527561, 0.000000, 0.000000, 42125, 0, 0, 0.00, 0.00, 0
35.00, 8606, 94, 11.452627, 1.563012, 13.119220, 13.119220, 0.000000, 0.000000, 43032, 0, 0, 0.00, 0.00, 0
40.00, 8566, 94, 11.483389, 1.580850, 13.176836, 13.176836, 0.000000, 0.000000, 42830, 0, 0, 0.00, 0.00, 0
45.00, 8533, 94, 11.637543, 1.608244, 13.349450, 13.349450, 0.000000, 0.000000, 42669, 0, 0, 0.00, 0.00, 0
50.00, 8513, 94, 11.613894, 1.595485, 13.315481, 13.315481, 0.000000, 0.000000, 42566, 0, 0, 0.00, 0.00, 0
55.00, 8668, 92, 11.174714, 1.553769, 12.833073, 12.833073, 0.000000, 0.000000, 43344, 0, 0, 0.00, 0.00, 0
60.00, 8613, 94, 11.391602, 1.581199, 13.076110, 13.076110, 0.000000, 0.000000, 43067, 0, 0, 0.00, 0.00, 0
65.00, 8514, 93, 11.431632, 1.592912, 13.141966, 13.141966, 0.000000, 0.000000, 42574, 0, 0, 0.00, 0.00, 0
70.00, 8390, 94, 11.654108, 1.622985, 13.392443, 13.392443, 0.000000, 0.000000, 41953, 0, 0, 0.00, 0.00, 0
71.00, 425, 12, 1.663729, 1.100259, 2.849980, 2.849980, 0.000000, 0.000000, 2127, 0, 0, 0.00, 0.00, 0
Type, Interval, Responses
SET, 0.1, 0
SET, 0.2, 0
SET, 0.3, 0
SET, 0.4, 4
SET, 0.5, 88
SET, 0.6, 251
SET, 0.7, 331
SET, 0.8, 316
SET, 0.9, 243
SET, 1.0, 167
SET, 1.1, 161
SET, 1.2, 137
SET, 1.3, 118
SET, 1.4, 149
SET, 1.5, 131
SET, 1.6, 129
SET, 1.7, 132
SET, 1.8, 128
SET, 1.9, 132
SET, 2.0, 143
SET, 2.1, 139
SET, 2.2, 158
SET, 2.3, 149
SET, 2.4, 160
SET, 2.5, 148
SET, 2.6, 152
SET, 2.7, 184
SET, 2.8, 195
SET, 2.9, 191
SET, 3.0, 248
SET, 3.1, 214
SET, 3.2, 236
SET, 3.3, 233
SET, 3.4, 266
SET, 3.5, 310
SET, 3.6, 300
SET, 3.7, 274
SET, 3.8, 288
SET, 3.9, 296
SET, 4.0, 335
SET, 4.1, 359
SET, 4.2, 343
SET, 4.3, 344
SET, 4.4, 421
SET, 4.5, 408
SET, 4.6, 415
SET, 4.7, 465
SET, 4.8, 499
SET, 4.9, 460
SET, 5.0, 547
SET, 5.1, 513
SET, 5.2, 547
SET, 5.3, 550
SET, 5.4, 647
SET, 5.5, 624
SET, 5.6, 713
SET, 5.7, 756
SET, 5.8, 740
SET, 5.9, 746
SET, 6.0, 875
SET, 6.1, 862
SET, 6.2, 952
SET, 6.3, 968
SET, 6.4, 1022
SET, 6.5, 1077
SET, 6.6, 1154
SET, 6.7, 1229
SET, 6.8, 1320
SET, 6.9, 1383
SET, 7.0, 1454
SET, 7.1, 1427
SET, 7.2, 1581
SET, 7.3, 1718
SET, 7.4, 1897
SET, 7.5, 1923
SET, 7.6, 2044
SET, 7.7, 2158
SET, 7.8, 2194
SET, 7.9, 2362
SET, 8.0, 2667
SET, 8.1, 2787
SET, 8.2, 2860
SET, 8.3, 3071
SET, 8.4, 3138
SET, 8.5, 3308
SET, 8.6, 3472
SET, 8.7, 3581
SET, 8.8, 3636
SET, 8.9, 3800
SET, 9.0, 3852
SET, 9.1, 3954
SET, 9.2, 4059
SET, 9.3, 4098
SET, 9.4, 4254
SET, 9.5, 4202
SET, 9.6, 4460
SET, 9.7, 4379
SET, 9.8, 4604
SET, 9.9, 4712
SET, 10.0, 4790
SET, 10.1, 4865
SET, 10.2, 4822
SET, 10.3, 5051
SET, 10.4, 4986
SET, 10.5, 5228
SET, 10.6, 5235
SET, 10.7, 5255
SET, 10.8, 5361
SET, 10.9, 5185
SET, 11.0, 5266
SET, 11.1, 5341
SET, 11.2, 5191
SET, 11.3, 5294
SET, 11.4, 5233
SET, 11.5, 5344
SET, 11.6, 5463
SET, 11.7, 5456
SET, 11.8, 5420
SET, 11.9, 5612
SET, 12.0, 5579
SET, 12.1, 5516
SET, 12.2, 5400
SET, 12.3, 5659
SET, 12.4, 5723
SET, 12.5, 5802
SET, 12.6, 6120
SET, 12.7, 5861
SET, 12.8, 5927
SET, 12.9, 5872
SET, 13.0, 6113
SET, 13.1, 6218
SET, 13.2, 6452
SET, 13.3, 6452
SET, 13.4, 6539
SET, 13.5, 6584
SET, 13.6, 6793
SET, 13.7, 6737
SET, 13.8, 6640
SET, 13.9, 6426
SET, 14.0, 6585
SET, 14.1, 6734
SET, 14.2, 6624
SET, 14.3, 6461
SET, 14.4, 6386
SET, 14.5, 6464
SET, 14.6, 6249
SET, 14.7, 5731
SET, 14.8, 5659
SET, 14.9, 5363
SET, 15.0, 5250
SET, 15.1, 5043
SET, 15.2, 4842
SET, 15.3, 4768
SET, 15.4, 4481
SET, 15.5, 4600
SET, 15.6, 4282
SET, 15.7, 4093
SET, 15.8, 4001
SET, 15.9, 3801
SET, 16.0, 3568
SET, 16.1, 3402
SET, 16.2, 3213
SET, 16.3, 3102
SET, 16.4, 3001
SET, 16.5, 2875
SET, 16.6, 2770
SET, 16.7, 2708
SET, 16.8, 2734
SET, 16.9, 2712
SET, 17.0, 2523
SET, 17.1, 2537
SET, 17.2, 2496
SET, 17.3, 2494
SET, 17.4, 2492
SET, 17.5, 2430
SET, 17.6, 2374
SET, 17.7, 2316
SET, 17.8, 2282
SET, 17.9, 2275
SET, 18.0, 2178
SET, 18.1, 2135
SET, 18.2, 2247
SET, 18.3, 2171
SET, 18.4, 2181
SET, 18.5, 2052
SET, 18.6, 2190
SET, 18.7, 2112
SET, 18.8, 2103
SET, 18.9, 2163
SET, 19.0, 1946
SET, 19.1, 1950
SET, 19.2, 1910
SET, 19.3, 1874
SET, 19.4, 1943
SET, 19.5, 1786
SET, 19.6, 1677
SET, 19.7, 1645
SET, 19.8, 1601
SET, 19.9, 1543
SET, 20.0, 1485
SET, 20.1, 1463
SET, 20.2, 1421
SET, 20.3, 1400
SET, 20.4, 1225
SET, 20.5, 1174
SET, 20.6, 1144
SET, 20.7, 1153
SET, 20.8, 1118
SET, 20.9, 1075
SET, 21.0, 918
SET, 21.1, 901
SET, 21.2, 892
SET, 21.3, 793
SET, 21.4, 776
SET, 21.5, 752
SET, 21.6, 781
SET, 21.7, 765
SET, 21.8, 688
SET, 21.9, 635
SET, 22.0, 546
SET, 22.1, 553
SET, 22.2, 563
SET, 22.3, 519
SET, 22.4, 465
SET, 22.5, 486
SET, 22.6, 422
SET, 22.7, 404
SET, 22.8, 400
SET, 22.9, 388
SET, 23.0, 340
SET, 23.1, 313
SET, 23.2, 310
SET, 23.3, 332
SET, 23.4, 303
SET, 23.5, 274
SET, 23.6, 276
SET, 23.7, 245
SET, 23.8, 216
SET, 23.9, 239
SET, 24.0, 231
SET, 24.1, 196
SET, 24.2, 232
SET, 24.3, 195
SET, 24.4, 200
SET, 24.5, 166
SET, 24.6, 163
SET, 24.7, 145
SET, 24.8, 130
SET, 24.9, 146
SET, 25.0, 121
SET, 25.1, 140
SET, 25.2, 126
SET, 25.3, 126
SET, 25.4, 127
SET, 25.5, 142
SET, 25.6, 111
SET, 25.7, 127
SET, 25.8, 119
SET, 25.9, 133
SET, 26.0, 114
SET, 26.1, 120
SET, 26.2, 116
SET, 26.3, 103
SET, 26.4, 104
SET, 26.5, 106
SET, 26.6, 75
SET, 26.7, 99
SET, 26.8, 96
SET, 26.9, 87
SET, 27.0, 74
SET, 27.1, 68
SET, 27.2, 59
SET, 27.3, 68
SET, 27.4, 59
SET, 27.5, 79
SET, 27.6, 78
SET, 27.7, 67
SET, 27.8, 51
SET, 27.9, 51
SET, 28.0, 49
SET, 28.1, 58
SET, 28.2, 49
SET, 28.3, 61
SET, 28.4, 66
SET, 28.5, 44
SET, 28.6, 37
SET, 28.7, 41
SET, 28.8, 33
SET, 28.9, 25
SET, 29.0, 33
SET, 29.1, 53
SET, 29.2, 52
SET, 29.3, 34
SET, 29.4, 33
SET, 29.5, 29
SET, 29.6, 38
SET, 29.7, 35
SET, 29.8, 33
SET, 29.9, 28
SET, 30.0, 38
SET, 30.1, 32
SET, 30.2, 25
SET, 30.3, 27
SET, 30.4, 30
SET, 30.5, 31
SET, 30.6, 31
SET, 30.7, 37
SET, 30.8, 39
SET, 30.9, 40
SET, 31.0, 36
SET, 31.1, 26
SET, 31.2, 31
SET, 31.3, 25
SET, 31.4, 36
SET, 31.5, 28
SET, 31.6, 24
SET, 31.7, 25
SET, 31.8, 25
SET, 31.9, 17
SET, 32.0, 20
SET, 32.1, 28
SET, 32.2, 26
SET, 32.3, 28
SET, 32.4, 22
SET, 32.5, 16
SET, 32.6, 24
SET, 32.7, 11
SET, 32.8, 24
SET, 32.9, 23
SET, 33.0, 18
SET, 33.1, 15
SET, 33.2, 22
SET, 33.3, 11
SET, 33.4, 8
SET, 33.5, 6
SET, 33.6, 18
SET, 33.7, 8
SET, 33.8, 6
SET, 33.9, 6
SET, 34.0, 12
SET, 34.1, 6
SET, 34.2, 5
SET, 34.3, 9
SET, 34.4, 11
SET, 34.5, 13
SET, 34.6, 7
SET, 34.7, 13
SET, 34.8, 8
SET, 34.9, 23
SET, 35.0, 17
SET, 35.1, 9
SET, 35.2, 12
SET, 35.3, 30
SET, 35.4, 22
SET, 35.5, 13
SET, 35.6, 9
SET, 35.7, 22
SET, 35.8, 30
SET, 35.9, 23
SET, 36.0, 17
SET, 36.1, 26
SET, 36.2, 18
SET, 36.3, 13
SET, 36.4, 19
SET, 36.5, 20
SET, 36.6, 25
SET, 36.7, 14
SET, 36.8, 20
SET, 36.9, 11
SET, 37.0, 10
SET, 37.1, 13
SET, 37.2, 9
SET, 37.3, 7
SET, 37.4, 18
SET, 37.5, 8
SET, 37.6, 12
SET, 37.7, 20
SET, 37.8, 23
SET, 37.9, 7
SET, 38.0, 11
SET, 38.1, 16
SET, 38.2, 11
SET, 38.3, 13
SET, 38.4, 19
SET, 38.5, 9
SET, 38.6, 14
SET, 38.7, 15
SET, 38.8, 16
SET, 38.9, 11
SET, 39.0, 18
SET, 39.1, 18
SET, 39.2, 13
SET, 39.3, 18
SET, 39.4, 12
SET, 39.5, 18
SET, 39.6, 18
SET, 39.7, 29
SET, 39.8, 27
SET, 39.9, 19
SET, 40.0, 29
SET, 40.1, 24
SET, 40.2, 21
SET, 40.3, 24
SET, 40.4, 21
SET, 40.5, 16
SET, 40.6, 17
SET, 40.7, 19
SET, 40.8, 24
SET, 40.9, 15
SET, 41.0, 15
SET, 41.1, 15
SET, 41.2, 16
SET, 41.3, 27
SET, 41.4, 22
SET, 41.5, 13
SET, 41.6, 12
SET, 41.7, 29
SET, 41.8, 32
SET, 41.9, 35
SET, 42.0, 22
SET, 42.1, 25
SET, 42.2, 30
SET, 42.3, 19
SET, 42.4, 15
SET, 42.5, 23
SET, 42.6, 20
SET, 42.7, 21
SET, 42.8, 16
SET, 42.9, 10
SET, 43.0, 16
SET, 43.1, 12
SET, 43.2, 14
SET, 43.3, 13
SET, 43.4, 8
SET, 43.5, 8
SET, 43.6, 10
SET, 43.7, 14
SET, 43.8, 9
SET, 43.9, 16
SET, 44.0, 11
SET, 44.1, 12
SET, 44.2, 10
SET, 44.3, 9
SET, 44.4, 12
SET, 44.5, 15
SET, 44.6, 14
SET, 44.7, 14
SET, 44.8, 20
SET, 44.9, 19
SET, 45.0, 13
SET, 45.1, 16
SET, 45.2, 19
SET, 45.3, 26
SET, 45.4, 18
SET, 45.5, 18
SET, 45.6, 16
SET, 45.7, 35
SET, 45.8, 19
SET, 45.9, 28
SET, 46.0, 26
SET, 46.1, 15
SET, 46.2, 19
SET, 46.3, 22
SET, 46.4, 22
SET, 46.5, 18
SET, 46.6, 30
SET, 46.7, 22
SET, 46.8, 15
SET, 46.9, 26
SET, 47.0, 15
SET, 47.1, 19
SET, 47.2, 18
SET, 47.3, 12
SET, 47.4, 17
SET, 47.5, 24
SET, 47.6, 19
SET, 47.7, 15
SET, 47.8, 5
SET, 47.9, 16
SET, 48.0, 21
SET, 48.1, 13
SET, 48.2, 25
SET, 48.3, 19
SET, 48.4, 15
SET, 48.5, 9
SET, 48.6, 15
SET, 48.7, 17
SET, 48.8, 10
SET, 48.9, 16
SET, 49.0, 13
SET, 49.1, 13
SET, 49.2, 12
SET, 49.3, 10
SET, 49.4, 6
SET, 49.5, 9
SET, 49.6, 11
SET, 49.7, 5
SET, 49.8, 8
SET, 49.9, 4
SET, 50.0, 3
SET, 50.1, 1
SET, 50.2, 5
SET, 50.3, 5
SET, 50.4, 9
SET, 50.5, 13
SET, 50.6, 11
SET, 50.7, 9
SET, 50.8, 13
SET, 50.9, 14
SET, 51.0, 9
SET, 51.1, 5
SET, 51.2, 7
SET, 51.3, 12
SET, 51.4, 8
SET, 51.5, 5
SET, 51.6, 3
SET, 51.7, 5
SET, 51.8, 2
SET, 51.9, 4
SET, 52.0, 7
SET, 52.1, 4
SET, 52.2, 7
SET, 52.3, 5
SET, 52.4, 4
SET, 52.5, 9
SET, 52.6, 3
SET, 52.7, 6
SET, 52.8, 9
SET, 52.9, 2
SET, 53.0, 14
SET, 53.1, 5
SET, 53.2, 2
SET, 53.3, 7
SET, 53.4, 12
SET, 53.5, 16
SET, 53.6, 5
SET, 53.7, 11
SET, 53.8, 8
SET, 53.9, 11
SET, 54.0, 7
SET, 54.1, 7
SET, 54.2, 11
SET, 54.3, 9
SET, 54.4, 13
SET, 54.5, 9
SET, 54.6, 6
SET, 54.7, 9
SET, 54.8, 7
SET, 54.9, 9
SET, 55.0, 7
SET, 55.1, 6
SET, 55.2, 12
SET, 55.3, 10
SET, 55.4, 6
SET, 55.5, 10
SET, 55.6, 6
SET, 55.7, 11
SET, 55.8, 6
SET, 55.9, 13
SET, 56.0, 8
SET, 56.1, 5
SET, 56.2, 4
SET, 56.3, 7
SET, 56.4, 10
SET, 56.5, 6
SET, 56.6, 7
SET, 56.7, 5
SET, 56.8, 5
SET, 56.9, 10
SET, 57.0, 7
SET, 57.1, 6
SET, 57.2, 5
SET, 57.3, 3
SET, 57.4, 6
SET, 57.5, 3
SET, 57.6, 6
SET, 57.7, 3
SET, 57.8, 7
SET, 57.9, 6
SET, 58.0, 3
SET, 58.1, 1
SET, 58.2, 2
SET, 58.3, 2
SET, 58.4, 5
SET, 58.5, 0
SET, 58.6, 5
SET, 58.7, 2
SET, 58.8, 3
SET, 58.9, 4
SET, 59.0, 4
SET, 59.1, 6
SET, 59.2, 3
SET, 59.3, 4
SET, 59.4, 7
SET, 59.5, 2
SET, 59.6, 5
SET, 59.7, 6
SET, 59.8, 9
SET, 59.9, 4
SET, 60.0, 8
SET, 60.1, 2
SET, 60.2, 2
SET, 60.3, 8
SET, 60.4, 4
SET, 60.5, 4
SET, 60.6, 5
SET, 60.7, 3
SET, 60.8, 3
SET, 60.9, 3
SET, 61.0, 1
SET, 61.1, 6
SET, 61.2, 0
SET, 61.3, 5
SET, 61.4, 8
SET, 61.5, 7
SET, 61.6, 9
SET, 61.7, 6
SET, 61.8, 4
SET, 61.9, 3
SET, 62.0, 3
SET, 62.1, 4
SET, 62.2, 2
SET, 62.3, 3
SET, 62.4, 4
SET, 62.5, 3
SET, 62.6, 3
SET, 62.7, 3
SET, 62.8, 3
SET, 62.9, 1
SET, 63.0, 0
SET, 63.1, 0
SET, 63.2, 2
SET, 63.3, 0
SET, 63.4, 3
SET, 63.5, 1
SET, 63.6, 0
SET, 63.7, 2
SET, 63.8, 0
SET, 63.9, 0
SET, 64.0, 0
SET, 64.1, 1
SET, 64.2, 0
SET, 64.3, 0
SET, 64.4, 0
SET, 64.5, 1
SET, 64.6, 3
SET, 64.7, 0
SET, 64.8, 0
SET, 64.9, 1
SET, 65.0, 2
SET, 65.1, 5
SET, 65.2, 3
SET, 65.3, 1
SET, 65.4, 2
SET, 65.5, 1
SET, 65.6, 1
SET, 65.7, 0
SET, 65.8, 0
SET, 65.9, 3
SET, 66.0, 0
SET, 66.1, 3
SET, 66.2, 0
SET, 66.3, 0
SET, 66.4, 1
SET, 66.5, 0
SET, 66.6, 0
SET, 66.7, 0
SET, 66.8, 0
SET, 66.9, 0
SET, 67.0, 0
SET, 67.1, 0
SET, 67.2, 2
SET, 67.3, 2
SET, 67.4, 1
SET, 67.5, 0
SET, 67.6, 0
SET, 67.7, 0
SET, 67.8, 1
SET, 67.9, 0
SET, 68.0, 0
SET, 68.1, 0
SET, 68.2, 0
SET, 68.3, 0
SET, 68.4, 0
SET, 68.5, 0
SET, 68.6, 0
SET, 68.7, 1
SET, 68.8, 0
SET, 68.9, 2
SET, 69.0, 0
SET, 69.1, 0
SET, 69.2, 1
SET, 69.3, 0
SET, 69.4, 1
SET, 69.5, 1
SET, 69.6, 0
SET, 69.7, 0
SET, 69.8, 2
SET, 69.9, 0
SET, 70.0, 0
SET, 70.1, 1
SET, 70.2, 0
SET, 70.3, 0
SET, 70.4, 0
SET, 70.5, 0
SET, 70.6, 1
SET, 70.7, 1
SET, 70.8, 0
SET, 70.9, 0
SET, 71.0, 0
SET, 71.1, 0
SET, 71.2, 0
SET, 71.3, 0
SET, 71.4, 1
SET, 71.5, 0
SET, 71.6, 0
SET, 71.7, 1
SET, 71.8, 0
SET, 71.9, 1
SET, 72.0, 0
SET, 72.1, 0
SET, 72.2, 0
SET, 72.3, 0
SET, 72.4, 0
SET, 72.5, 0
SET, 72.6, 0
SET, 72.7, 0
SET, 72.8, 0
SET, 72.9, 0
SET, 73.0, 0
SET, 73.1, 0
SET, 73.2, 0
SET, 73.3, 0
SET, 73.4, 0
SET, 73.5, 0
SET, 73.6, 0
SET, 73.7, 0
SET, 73.8, 0
SET, 73.9, 0
SET, 74.0, 0
SET, 74.1, 0
SET, 74.2, 0
SET, 74.3, 0
SET, 74.4, 0
SET, 74.5, 0
SET, 74.6, 0
SET, 74.7, 0
SET, 74.8, 0
SET, 74.9, 0
SET, 75.0, 0
SET, 75.1, 0
SET, 75.2, 0
SET, 75.3, 0
SET, 75.4, 0
SET, 75.5, 0
SET, 75.6, 0
SET, 75.7, 0
SET, 75.8, 0
SET, 75.9, 0
SET, 76.0, 0
SET, 76.1, 0
SET, 76.2, 0
SET, 76.3, 0
SET, 76.4, 0
SET, 76.5, 0
SET, 76.6, 0
SET, 76.7, 0
SET, 76.8, 0
SET, 76.9, 0
SET, 77.0, 0
SET, 77.1, 0
SET, 77.2, 0
SET, 77.3, 0
SET, 77.4, 0
SET, 77.5, 0
SET, 77.6, 0
SET, 77.7, 0
SET, 77.8, 0
SET, 77.9, 0
SET, 78.0, 0
SET, 78.1, 0
SET, 78.2, 0
SET, 78.3, 0
SET, 78.4, 0
SET, 78.5, 0
SET, 78.6, 0
SET, 78.7, 0
SET, 78.8, 0
SET, 78.9, 0
SET, 79.0, 0
SET, 79.1, 0
SET, 79.2, 0
SET, 79.3, 0
SET, 79.4, 0
SET, 79.5, 0
SET, 79.6, 1
SET, 79.7, 0
SET, 79.8, 0
SET, 79.9, 0
SET, 80.0, 0
SET, 80.1, 0
SET, 80.2, 0
SET, 80.3, 0
SET, 80.4, 0
SET, 80.5, 0
SET, 80.6, 0
SET, 80.7, 0
SET, 80.8, 0
SET, 80.9, 0
SET, 81.0, 0
SET, 81.1, 0
SET, 81.2, 0
SET, 81.3, 0
SET, 81.4, 0
SET, 81.5, 0
SET, 81.6, 0
SET, 81.7, 0
SET, 81.8, 0
SET, 81.9, 0
SET, 82.0, 0
SET, 82.1, 0
SET, 82.2, 0
SET, 82.3, 0
SET, 82.4, 0
SET, 82.5, 0
SET, 82.6, 0
SET, 82.7, 0
SET, 82.8, 0
SET, 82.9, 0
SET, 83.0, 0
SET, 83.1, 0
SET, 83.2, 0
SET, 83.3, 0
SET, 83.4, 0
SET, 83.5, 0
SET, 83.6, 0
SET, 83.7, 0
SET, 83.8, 0
SET, 83.9, 0
SET, 84.0, 0
SET, 84.1, 0
SET, 84.2, 0
SET, 84.3, 0
SET, 84.4, 0
SET, 84.5, 0
SET, 84.6, 0
SET, 84.7, 0
SET, 84.8, 0
SET, 84.9, 0
SET, 85.0, 0
SET, 85.1, 0
SET, 85.2, 0
SET, 85.3, 0
SET, 85.4, 0
SET, 85.5, 0
SET, 85.6, 0
SET, 85.7, 0
SET, 85.8, 0
SET, 85.9, 0
SET, 86.0, 0
SET, 86.1, 0
SET, 86.2, 0
SET, 86.3, 0
SET, 86.4, 0
SET, 86.5, 0
SET, 86.6, 0
SET, 86.7, 0
SET, 86.8, 0
SET, 86.9, 0
SET, 87.0, 0
SET, 87.1, 0
SET, 87.2, 0
SET, 87.3, 0
SET, 87.4, 0
SET, 87.5, 0
SET, 87.6, 0
SET, 87.7, 0
SET, 87.8, 0
SET, 87.9, 0
SET, 88.0, 0
SET, 88.1, 0
SET, 88.2, 0
SET, 88.3, 0
SET, 88.4, 0
SET, 88.5, 0
SET, 88.6, 0
SET, 88.7, 0
SET, 88.8, 0
SET, 88.9, 0
SET, 89.0, 0
SET, 89.1, 0
SET, 89.2, 0
SET, 89.3, 0
SET, 89.4, 0
SET, 89.5, 0
SET, 89.6, 0
SET, 89.7, 0
SET, 89.8, 0
SET, 89.9, 0
SET, 90.0, 0
SET, 90.1, 0
SET, 90.2, 0
SET, 90.3, 0
SET, 90.4, 0
SET, 90.5, 0
SET, 90.6, 0
SET, 90.7, 0
SET, 90.8, 0
SET, 90.9, 0
SET, 91.0, 0
SET, 91.1, 0
SET, 91.2, 0
SET, 91.3, 0
SET, 91.4, 0
SET, 91.5, 0
SET, 91.6, 0
SET, 91.7, 0
SET, 91.8, 0
SET, 91.9, 0
SET, 92.0, 0
SET, 92.1, 0
SET, 92.2, 0
SET, 92.3, 0
SET, 92.4, 0
SET, 92.5, 0
SET, 92.6, 0
SET, 92.7, 0
SET, 92.8, 0
SET, 92.9, 0
SET, 93.0, 0
SET, 93.1, 0
SET, 93.2, 0
SET, 93.3, 0
SET, 93.4, 0
SET, 93.5, 0
SET, 93.6, 0
SET, 93.7, 0
SET, 93.8, 0
SET, 93.9, 0
SET, 94.0, 0
SET, 94.1, 0
SET, 94.2, 0
SET, 94.3, 0
SET, 94.4, 0
SET, 94.5, 0
SET, 94.6, 0
SET, 94.7, 0
SET, 94.8, 0
SET, 94.9, 0
SET, 95.0, 0
SET, 95.1, 0
SET, 95.2, 0
SET, 95.3, 0
SET, 95.4, 0
SET, 95.5, 0
SET, 95.6, 0
SET, 95.7, 0
SET, 95.8, 0
SET, 95.9, 0
SET, 96.0, 0
SET, 96.1, 0
SET, 96.2, 0
SET, 96.3, 0
SET, 96.4, 0
SET, 96.5, 0
SET, 96.6, 0
SET, 96.7, 0
SET, 96.8, 0
SET, 96.9, 0
SET, 97.0, 0
SET, 97.1, 0
SET, 97.2, 0
SET, 97.3, 0
SET, 97.4, 0
SET, 97.5, 0
SET, 97.6, 0
SET, 97.7, 0
SET, 97.8, 0
SET, 97.9, 0
SET, 98.0, 0
SET, 98.1, 0
SET, 98.2, 0
SET, 98.3, 0
SET, 98.4, 0
SET, 98.5, 0
SET, 98.6, 0
SET, 98.7, 0
SET, 98.8, 0
SET, 98.9, 0
SET, 99.0, 0
SET, 99.1, 0
SET, 99.2, 0
SET, 99.3, 0
SET, 99.4, 0
SET, 99.5, 0
SET, 99.6, 0
SET, 99.7, 0
SET, 99.8, 0
SET, 99.9, 0
SET, 100.0, 0
SET, 100.1, 0
SET, 100.2, 0
SET, 100.3, 0
SET, 100.4, 0
SET, 100.5, 0
SET, 100.6, 0
SET, 100.7, 0
SET, 100.8, 0
SET, 100.9, 0
SET, 101.0, 0
SET, 101.1, 0
SET, 101.2, 0
SET, 101.3, 0
SET, 101.4, 0
SET, 101.5, 0
SET, 101.6, 0
SET, 101.7, 0
SET, 101.8, 0
SET, 101.9, 0
SET, 102.0, 0
SET, 102.1, 0
SET, 102.2, 0
SET, 102.3, 0
SET, 102.4, 0
SET, 102.5, 0
SET, 102.6, 0
SET, 102.7, 0
SET, 102.8, 0
SET, 102.9, 0
SET, 103.0, 0
SET, 103.1, 0
SET, 103.2, 0
SET, 103.3, 0
SET, 103.4, 0
SET, 103.5, 0
SET, 103.6, 0
SET, 103.7, 0
SET, 103.8, 0
SET, 103.9, 0
SET, 104.0, 0
SET, 104.1, 0
SET, 104.2, 0
SET, 104.3, 0
SET, 104.4, 0
SET, 104.5, 0
SET, 104.6, 0
SET, 104.7, 0
SET, 104.8, 0
SET, 104.9, 0
SET, 105.0, 0
SET, 105.1, 0
SET, 105.2, 0
SET, 105.3, 0
SET, 105.4, 0
SET, 105.5, 0
SET, 105.6, 0
SET, 105.7, 0
SET, 105.8, 0
SET, 105.9, 0
SET, 106.0, 0
SET, 106.1, 0
SET, 106.2, 0
SET, 106.3, 0
SET, 106.4, 0
SET, 106.5, 0
SET, 106.6, 0
SET, 106.7, 0
SET, 106.8, 0
SET, 106.9, 0
SET, 107.0, 0
SET, 107.1, 0
SET, 107.2, 0
SET, 107.3, 0
SET, 107.4, 0
SET, 107.5, 0
SET, 107.6, 0
SET, 107.7, 0
SET, 107.8, 0
SET, 107.9, 0
SET, 108.0, 0
SET, 108.1, 0
SET, 108.2, 0
SET, 108.3, 0
SET, 108.4, 0
SET, 108.5, 0
SET, 108.6, 0
SET, 108.7, 0
SET, 108.8, 0
SET, 108.9, 0
SET, 109.0, 0
SET, 109.1, 0
SET, 109.2, 0
SET, 109.3, 0
SET, 109.4, 0
SET, 109.5, 0
SET, 109.6, 0
SET, 109.7, 0
SET, 109.8, 0
SET, 109.9, 0
SET, 110.0, 0
SET, 110.1, 0
SET, 110.2, 0
SET, 110.3, 0
SET, 110.4, 0
SET, 110.5, 0
SET, 110.6, 0
SET, 110.7, 0
SET, 110.8, 0
SET, 110.9, 0
SET, 111.0, 0
SET, 111.1, 0
SET, 111.2, 0
SET, 111.3, 0
SET, 111.4, 0
SET, 111.5, 0
SET, 111.6, 0
SET, 111.7, 0
SET, 111.8, 0
SET, 111.9, 0
SET, 112.0, 0
SET, 112.1, 0
SET, 112.2, 0
SET, 112.3, 0
SET, 112.4, 0
SET, 112.5, 0
SET, 112.6, 0
SET, 112.7, 0
SET, 112.8, 0
SET, 112.9, 0
SET, 113.0, 0
SET, 113.1, 0
SET, 113.2, 0
SET, 113.3, 0
SET, 113.4, 0
SET, 113.5, 0
SET, 113.6, 0
SET, 113.7, 0
SET, 113.8, 0
SET, 113.9, 0
SET, 114.0, 0
SET, 114.1, 0
SET, 114.2, 0
SET, 114.3, 0
SET, 114.4, 0
SET, 114.5, 0
SET, 114.6, 0
SET, 114.7, 0
SET, 114.8, 0
SET, 114.9, 0
SET, 115.0, 0
SET, 115.1, 0
SET, 115.2, 0
SET, 115.3, 0
SET, 115.4, 0
SET, 115.5, 0
SET, 115.6, 0
SET, 115.7, 0
SET, 115.8, 0
SET, 115.9, 0
SET, 116.0, 0
SET, 116.1, 0
SET, 116.2, 0
SET, 116.3, 0
SET, 116.4, 0
SET, 116.5, 0
SET, 116.6, 0
SET, 116.7, 0
SET, 116.8, 0
SET, 116.9, 0
SET, 117.0, 0
SET, 117.1, 0
SET, 117.2, 0
SET, 117.3, 0
SET, 117.4, 0
SET, 117.5, 0
SET, 117.6, 0
SET, 117.7, 0
SET, 117.8, 0
SET, 117.9, 0
SET, 118.0, 0
SET, 118.1, 0
SET, 118.2, 0
SET, 118.3, 0
SET, 118.4, 0
SET, 118.5, 0
SET, 118.6, 0
SET, 118.7, 0
SET, 118.8, 0
SET, 118.9, 0
SET, 119.0, 0
SET, 119.1, 0
SET, 119.2, 0
SET, 119.3, 0
SET, 119.4, 0
SET, 119.5, 0
SET, 119.6, 0
SET, 119.7, 0
SET, 119.8, 0
SET, 119.9, 0
SET, 120.0, 0
SET, 120.1, 0
SET, 120.2, 0
SET, 120.3, 0
SET, 120.4, 0
SET, 120.5, 0
SET, 120.6, 0
SET, 120.7, 0
SET, 120.8, 0
SET, 120.9, 0
SET, 121.0, 0
SET, 121.1, 0
SET, 121.2, 0
SET, 121.3, 0
SET, 121.4, 0
SET, 121.5, 0
SET, 121.6, 0
SET, 121.7, 0
SET, 121.8, 0
SET, 121.9, 0
SET, 122.0, 0
SET, 122.1, 0
SET, 122.2, 0
SET, 122.3, 0
SET, 122.4, 0
SET, 122.5, 0
SET, 122.6, 0
SET, 122.7, 0
SET, 122.8, 0
SET, 122.9, 0
SET, 123.0, 0
SET, 123.1, 0
SET, 123.2, 0
SET, 123.3, 0
SET, 123.4, 0
SET, 123.5, 0
SET, 123.6, 0
SET, 123.7, 0
SET, 123.8, 0
SET, 123.9, 0
SET, 124.0, 0
SET, 124.1, 0
SET, 124.2, 0
SET, 124.3, 0
SET, 124.4, 0
SET, 124.5, 0
SET, 124.6, 0
SET, 124.7, 0
SET, 124.8, 0
SET, 124.9, 0
SET, 125.0, 0
SET, 125.1, 0
SET, 125.2, 0
SET, 125.3, 0
SET, 125.4, 0
SET, 125.5, 0
SET, 125.6, 0
SET, 125.7, 0
SET, 125.8, 0
SET, 125.9, 0
SET, 126.0, 0
SET, 126.1, 0
SET, 126.2, 0
SET, 126.3, 0
SET, 126.4, 0
SET, 126.5, 0
SET, 126.6, 0
SET, 126.7, 0
SET, 126.8, 0
SET, 126.9, 0
SET, 127.0, 0
SET, 127.1, 0
SET, 127.2, 0
SET, 127.3, 0
SET, 127.4, 0
SET, 127.5, 0
SET, 127.6, 0
SET, 127.7, 0
SET, 127.8, 0
SET, 127.9, 0
SET, 128.0, 0
SET, 128.1, 0
SET, 128.2, 0
SET, 128.3, 0
SET, 128.4, 0
SET, 128.5, 0
SET, 128.6, 0
SET, 128.7, 0
SET, 128.8, 0
SET, 128.9, 0
SET, 129.0, 0
SET, 129.1, 0
SET, 129.2, 0
SET, 129.3, 0
SET, 129.4, 0
SET, 129.5, 0
SET, 129.6, 0
SET, 129.7, 0
SET, 129.8, 0
SET, 129.9, 0
SET, 130.0, 0
SET, 130.1, 0
SET, 130.2, 0
SET, 130.3, 0
SET, 130.4, 0
SET, 130.5, 0
SET, 130.6, 0
SET, 130.7, 0
SET, 130.8, 0
SET, 130.9, 0
SET, 131.0, 0
SET, 131.1, 0
SET, 131.2, 0
SET, 131.3, 0
SET, 131.4, 0
SET, 131.5, 0
SET, 131.6, 0
SET, 131.7, 0
SET, 131.8, 0
SET, 131.9, 0
SET, 132.0, 0
SET, 132.1, 0
SET, 132.2, 0
SET, 132.3, 0
SET, 132.4, 0
SET, 132.5, 0
SET, 132.6, 0
SET, 132.7, 0
SET, 132.8, 0
SET, 132.9, 0
SET, 133.0, 0
SET, 133.1, 0
SET, 133.2, 0
SET, 133.3, 0
SET, 133.4, 0
SET, 133.5, 0
SET, 133.6, 0
SET, 133.7, 0
SET, 133.8, 0
SET, 133.9, 0
SET, 134.0, 0
SET, 134.1, 0
SET, 134.2, 0
SET, 134.3, 0
SET, 134.4, 0
SET, 134.5, 0
SET, 134.6, 0
SET, 134.7, 0
SET, 134.8, 0
SET, 134.9, 0
SET, 135.0, 0
SET, 135.1, 0
SET, 135.2, 0
SET, 135.3, 0
SET, 135.4, 0
SET, 135.5, 0
SET, 135.6, 0
SET, 135.7, 0
SET, 135.8, 0
SET, 135.9, 0
SET, 136.0, 0
SET, 136.1, 0
SET, 136.2, 0
SET, 136.3, 0
SET, 136.4, 0
SET, 136.5, 0
SET, 136.6, 0
SET, 136.7, 0
SET, 136.8, 0
SET, 136.9, 0
SET, 137.0, 0
SET, 137.1, 0
SET, 137.2, 0
SET, 137.3, 0
SET, 137.4, 0
SET, 137.5, 0
SET, 137.6, 0
SET, 137.7, 0
SET, 137.8, 0
SET, 137.9, 0
SET, 138.0, 0
SET, 138.1, 0
SET, 138.2, 0
SET, 138.3, 0
SET, 138.4, 0
SET, 138.5, 0
SET, 138.6, 0
SET, 138.7, 0
SET, 138.8, 0
SET, 138.9, 0
SET, 139.0, 0
SET, 139.1, 0
SET, 139.2, 0
SET, 139.3, 0
SET, 139.4, 0
SET, 139.5, 0
SET, 139.6, 0
SET, 139.7, 0
SET, 139.8, 0
SET, 139.9, 0
SET, 140.0, 0
SET, 140.1, 0
SET, 140.2, 0
SET, 140.3, 0
SET, 140.4, 0
SET, 140.5, 0
SET, 140.6, 0
SET, 140.7, 0
SET, 140.8, 0
SET, 140.9, 0
SET, 141.0, 0
SET, 141.1, 0
SET, 141.2, 0
SET, 141.3, 0
SET, 141.4, 0
SET, 141.5, 0
SET, 141.6, 0
SET, 141.7, 0
SET, 141.8, 0
SET, 141.9, 0
SET, 142.0, 0
SET, 142.1, 0
SET, 142.2, 0
SET, 142.3, 0
SET, 142.4, 0
SET, 142.5, 0
SET, 142.6, 0
SET, 142.7, 0
SET, 142.8, 0
SET, 142.9, 0
SET, 143.0, 0
SET, 143.1, 0
SET, 143.2, 0
SET, 143.3, 0
SET, 143.4, 0
SET, 143.5, 0
SET, 143.6, 0
SET, 143.7, 0
SET, 143.8, 0
SET, 143.9, 0
SET, 144.0, 0
SET, 144.1, 0
SET, 144.2, 0
SET, 144.3, 0
SET, 144.4, 0
SET, 144.5, 0
SET, 144.6, 0
SET, 144.7, 0
SET, 144.8, 0
SET, 144.9, 0
SET, 145.0, 0
SET, 145.1, 0
SET, 145.2, 0
SET, 145.3, 0
SET, 145.4, 0
SET, 145.5, 0
SET, 145.6, 0
SET, 145.7, 0
SET, 145.8, 0
SET, 145.9, 0
SET, 146.0, 0
SET, 146.1, 0
SET, 146.2, 0
SET, 146.3, 0
SET, 146.4, 0
SET, 146.5, 0
SET, 146.6, 0
SET, 146.7, 0
SET, 146.8, 0
SET, 146.9, 0
SET, 147.0, 0
SET, 147.1, 0
SET, 147.2, 0
SET, 147.3, 0
SET, 147.4, 0
SET, 147.5, 0
SET, 147.6, 0
SET, 147.7, 0
SET, 147.8, 0
SET, 147.9, 0
SET, 148.0, 0
SET, 148.1, 0
SET, 148.2, 0
SET, 148.3, 0
SET, 148.4, 0
SET, 148.5, 0
SET, 148.6, 0
SET, 148.7, 0
SET, 148.8, 0
SET, 148.9, 0
SET, 149.0, 0
SET, 149.1, 0
SET, 149.2, 0
SET, 149.3, 0
SET, 149.4, 0
SET, 149.5, 0
SET, 149.6, 0
SET, 149.7, 0
SET, 149.8, 0
SET, 149.9, 0
SET, 150.0, 0
SET, 150.1, 0
SET, 150.2, 0
SET, 150.3, 0
SET, 150.4, 0
SET, 150.5, 0
SET, 150.6, 0
SET, 150.7, 0
SET, 150.8, 0
SET, 150.9, 0
SET, 151.0, 0
SET, 151.1, 0
SET, 151.2, 0
SET, 151.3, 0
SET, 151.4, 0
SET, 151.5, 0
SET, 151.6, 0
SET, 151.7, 0
SET, 151.8, 0
SET, 151.9, 0
SET, 152.0, 0
SET, 152.1, 0
SET, 152.2, 0
SET, 152.3, 0
SET, 152.4, 0
SET, 152.5, 0
SET, 152.6, 0
SET, 152.7, 0
SET, 152.8, 0
SET, 152.9, 0
SET, 153.0, 0
SET, 153.1, 0
SET, 153.2, 0
SET, 153.3, 0
SET, 153.4, 0
SET, 153.5, 0
SET, 153.6, 0
SET, 153.7, 0
SET, 153.8, 0
SET, 153.9, 0
SET, 154.0, 0
SET, 154.1, 0
SET, 154.2, 0
SET, 154.3, 0
SET, 154.4, 0
SET, 154.5, 0
SET, 154.6, 0
SET, 154.7, 0
SET, 154.8, 0
SET, 154.9, 0
SET, 155.0, 0
SET, 155.1, 0
SET, 155.2, 0
SET, 155.3, 0
SET, 155.4, 0
SET, 155.5, 0
SET, 155.6, 0
SET, 155.7, 0
SET, 155.8, 0
SET, 155.9, 0
SET, 156.0, 0
SET, 156.1, 0
SET, 156.2, 0
SET, 156.3, 0
SET, 156.4, 0
SET, 156.5, 0
SET, 156.6, 0
SET, 156.7, 0
SET, 156.8, 0
SET, 156.9, 0
SET, 157.0, 0
SET, 157.1, 0
SET, 157.2, 0
SET, 157.3, 0
SET, 157.4, 0
SET, 157.5, 0
SET, 157.6, 0
SET, 157.7, 0
SET, 157.8, 0
SET, 157.9, 0
SET, 158.0, 0
SET, 158.1, 0
SET, 158.2, 0
SET, 158.3, 0
SET, 158.4, 0
SET, 158.5, 0
SET, 158.6, 0
SET, 158.7, 0
SET, 158.8, 0
SET, 158.9, 0
SET, 159.0, 0
SET, 159.1, 0
SET, 159.2, 0
SET, 159.3, 0
SET, 159.4, 0
SET, 159.5, 0
SET, 159.6, 0
SET, 159.7, 0
SET, 159.8, 0
SET, 159.9, 0
SET, 160.0, 0
SET, 160.1, 0
SET, 160.2, 0
SET, 160.3, 0
SET, 160.4, 0
SET, 160.5, 0
SET, 160.6, 0
SET, 160.7, 0
SET, 160.8, 1
SET, 160.9, 0
SET, 161.0, 0
SET, 161.1, 0
SET, 161.2, 1
SET, 161.3, 0
SET, 161.4, 1
SET, 161.5, 0
SET, 161.6, 0
SET, 161.7, 0
SET, 161.8, 0
SET, 161.9, 0
SET, 162.0, 0
SET, 162.1, 0
SET, 162.2, 0
SET, 162.3, 1
SET, 162.4, 1
SET, 162.5, 0
SET, 162.6, 0
SET, 162.7, 0
SET, 162.8, 1
SET, 162.9, 0
SET, 163.0, 0
SET, 163.1, 1
SET, 163.2, 0
SET, 163.3, 0
SET, 163.4, 1
SET, 163.5, 0
SET, 163.6, 0
SET, 163.7, 0
SET, 163.8, 0
SET, 163.9, 0
SET, 164.0, 0
SET, 164.1, 0
SET, 164.2, 0
SET, 164.3, 0
SET, 164.4, 0
SET, 164.5, 0
SET, 164.6, 0
SET, 164.7, 0
SET, 164.8, 0
SET, 164.9, 0
SET, 165.0, 0
SET, 165.1, 0
SET, 165.2, 0
SET, 165.3, 0
SET, 165.4, 0
SET, 165.5, 0
SET, 165.6, 0
SET, 165.7, 1
SET, 165.8, 0
SET, 165.9, 0
SET, 166.0, 1
SET, 166.1, 0
SET, 166.2, 0
SET, 166.3, 0
SET, 166.4, 1
SET, 166.5, 0
SET, 166.6, 0
SET, 166.7, 0
SET, 166.8, 0
SET, 166.9, 0
SET, 167.0, 0
SET, 167.1, 1
SET, 167.2, 0
SET, 167.3, 0
SET, 167.4, 0
SET, 167.5, 0
SET, 167.6, 0
SET, 167.7, 0
SET, 167.8, 0
SET, 167.9, 0
SET, 168.0, 1
SET, 168.1, 0
SET, 168.2, 0
SET, 168.3, 0
SET, 168.4, 0
SET, 168.5, 0
SET, 168.6, 0
SET, 168.7, 0
SET, 168.8, 0
SET, 168.9, 0
SET, 169.0, 0
SET, 169.1, 0
SET, 169.2, 0
SET, 169.3, 0
SET, 169.4, 0
SET, 169.5, 0
SET, 169.6, 0
SET, 169.7, 0
SET, 169.8, 0
SET, 169.9, 0
SET, 170.0, 0
SET, 170.1, 0
SET, 170.2, 0
SET, 170.3, 0
SET, 170.4, 0
SET, 170.5, 0
SET, 170.6, 0
SET, 170.7, 0
SET, 170.8, 1
SET, 170.9, 0
SET, 171.0, 0
SET, 171.1, 0
SET, 171.2, 1
SET, 171.3, 0
SET, 171.4, 0
SET, 171.5, 0
SET, 171.6, 0
SET, 171.7, 1
SET, 171.8, 0
SET, 171.9, 0
SET, 172.0, 0
SET, 172.1, 0
SET, 172.2, 0
SET, 172.3, 0
SET, 172.4, 0
SET, 172.5, 0
SET, 172.6, 1
SET, 172.7, 0
SET, 172.8, 0
SET, 172.9, 0
SET, 173.0, 0
SET, 173.1, 0
SET, 173.2, 0
SET, 173.3, 0
SET, 173.4, 0
SET, 173.5, 0
SET, 173.6, 0
SET, 173.7, 0
SET, 173.8, 0
SET, 173.9, 0
SET, 174.0, 0
SET, 174.1, 0
SET, 174.2, 0
SET, 174.3, 0
SET, 174.4, 0
SET, 174.5, 0
SET, 174.6, 0
SET, 174.7, 0
SET, 174.8, 0
SET, 174.9, 0
SET, 175.0, 0
SET, 175.1, 0
SET, 175.2, 0
SET, 175.3, 0
SET, 175.4, 0
SET, 175.5, 0
SET, 175.6, 0
SET, 175.7, 0
SET, 175.8, 0
SET, 175.9, 0
SET, 176.0, 0
SET, 176.1, 0
SET, 176.2, 0
SET, 176.3, 0
SET, 176.4, 0
SET, 176.5, 0
SET, 176.6, 0
SET, 176.7, 0
SET, 176.8, 0
SET, 176.9, 0
SET, 177.0, 0
SET, 177.1, 0
SET, 177.2, 0
SET, 177.3, 0
SET, 177.4, 0
SET, 177.5, 0
SET, 177.6, 0
SET, 177.7, 0
SET, 177.8, 0
SET, 177.9, 0
SET, 178.0, 0
SET, 178.1, 0
SET, 178.2, 0
SET, 178.3, 0
SET, 178.4, 1
SET, 178.5, 0
SET, 178.6, 0
SET, 178.7, 0
SET, 178.8, 0
SET, 178.9, 1
SET, 179.0, 0
SET, 179.1, 0
SET, 179.2, 0
SET, 179.3, 1
SET, 179.4, 0
SET, 179.5, 0
SET, 179.6, 0
SET, 179.7, 0
SET, 179.8, 0
SET, 179.9, 0
SET, 180.0, 0
SET, 180.1, 0
SET, 180.2, 0
SET, 180.3, 0
SET, 180.4, 0
SET, 180.5, 0
SET, 180.6, 0
SET, 180.7, 0
SET, 180.8, 0
SET, 180.9, 0
SET, 181.0, 0
SET, 181.1, 0
SET, 181.2, 0
SET, 181.3, 1
SET, 181.4, 0
SET, 181.5, 0
SET, 181.6, 0
SET, 181.7, 0
SET, 181.8, 0
SET, 181.9, 0
SET, 182.0, 0
SET, 182.1, 0
SET, 182.2, 1
SET, 182.3, 0
SET, 182.4, 0
SET, 182.5, 0
SET, 182.6, 0
SET, 182.7, 0
SET, 182.8, 0
SET, 182.9, 0
SET, 183.0, 0
SET, 183.1, 0
SET, 183.2, 0
SET, 183.3, 0
SET, 183.4, 0
SET, 183.5, 0
SET, 183.6, 0
SET, 183.7, 0
SET, 183.8, 0
SET, 183.9, 0
SET, 184.0, 0
SET, 184.1, 0
SET, 184.2, 1
SET, 184.3, 1
SET, 184.4, 0
SET, 184.5, 0
SET, 184.6, 0
SET, 184.7, 4
SET, 184.8, 0
SET, 184.9, 0
SET, 185.0, 1
SET, 185.1, 0
SET, 185.2, 1
SET, 185.3, 0
SET, 185.4, 2
SET, 185.5, 1
SET, 185.6, 0
SET, 185.7, 0
SET, 185.8, 0
SET, 185.9, 1
SET, 186.0, 0
SET, 186.1, 0
SET, 186.2, 0
SET, 186.3, 0
SET, 186.4, 0
SET, 186.5, 1
SET, 186.6, 0
SET, 186.7, 2
SET, 186.8, 0
SET, 186.9, 0
SET, 187.0, 0
SET, 187.1, 0
SET, 187.2, 1
SET, 187.3, 1
SET, 187.4, 0
SET, 187.5, 0
SET, 187.6, 1
SET, 187.7, 0
SET, 187.8, 0
SET, 187.9, 0
SET, 188.0, 1
SET, 188.1, 1
SET, 188.2, 2
SET, 188.3, 0
SET, 188.4, 0
SET, 188.5, 0
SET, 188.6, 0
SET, 188.7, 0
SET, 188.8, 0
SET, 188.9, 0
SET, 189.0, 0
SET, 189.1, 0
SET, 189.2, 3
SET, 189.3, 0
SET, 189.4, 0
SET, 189.5, 0
SET, 189.6, 0
SET, 189.7, 0
SET, 189.8, 0
SET, 189.9, 1
SET, 190.0, 0
SET, 190.1, 0
SET, 190.2, 0
SET, 190.3, 0
SET, 190.4, 0
SET, 190.5, 0
SET, 190.6, 0
SET, 190.7, 0
SET, 190.8, 0
SET, 190.9, 0
SET, 191.0, 0
SET, 191.1, 0
SET, 191.2, 0
SET, 191.3, 0
SET, 191.4, 0
SET, 191.5, 0
SET, 191.6, 0
SET, 191.7, 0
SET, 191.8, 1
SET, 191.9, 0
SET, 192.0, 0
SET, 192.1, 0
SET, 192.2, 0
SET, 192.3, 0
SET, 192.4, 0
SET, 192.5, 0
SET, 192.6, 0
SET, 192.7, 0
SET, 192.8, 0
SET, 192.9, 0
SET, 193.0, 0
SET, 193.1, 0
SET, 193.2, 0
SET, 193.3, 0
SET, 193.4, 0
SET, 193.5, 0
SET, 193.6, 1
SET, 193.7, 0
SET, 193.8, 0
SET, 193.9, 0
SET, 194.0, 0
SET, 194.1, 0
SET, 194.2, 0
SET, 194.3, 0
SET, 194.4, 0
SET, 194.5, 0
SET, 194.6, 0
SET, 194.7, 0
SET, 194.8, 0
SET, 194.9, 0
SET, 195.0, 0
SET, 195.1, 2
SET, 195.2, 0
SET, 195.3, 0
SET, 195.4, 0
SET, 195.5, 0
SET, 195.6, 0
SET, 195.7, 0
SET, 195.8, 0
SET, 195.9, 0
SET, 196.0, 1
SET, 196.1, 0
SET, 196.2, 0
SET, 196.3, 0
SET, 196.4, 0
SET, 196.5, 0
SET, 196.6, 0
SET, 196.7, 0
SET, 196.8, 0
SET, 196.9, 0
SET, 197.0, 0
SET, 197.1, 0
SET, 197.2, 0
SET, 197.3, 0
SET, 197.4, 1
SET, 197.5, 0
SET, 197.6, 0
SET, 197.7, 1
SET, 197.8, 0
SET, 197.9, 0
SET, 198.0, 0
SET, 198.1, 0
SET, 198.2, 0
SET, 198.3, 0
SET, 198.4, 0
SET, 198.5, 0
SET, 198.6, 1
SET, 198.7, 0
SET, 198.8, 0
SET, 198.9, 0
SET, 199.0, 0
SET, 199.1, 1
SET, 199.2, 0
SET, 199.3, 0
SET, 199.4, 0
SET, 199.5, 0
SET, 199.6, 2
SET, 199.7, 0
SET, 199.8, 1
SET, 199.9, 0
SET, 200.0, 0
SET, 200.1, 0
SET, 200.2, 0
SET, 200.3, 0
SET, 200.4, 0
SET, 200.5, 0
SET, 200.6, 0
SET, 200.7, 0
SET, 200.8, 0
SET, 200.9, 0
SET, 201.0, 1
SET, 201.1, 0
SET, 201.2, 1
SET, 201.3, 1
SET, 201.4, 1
SET, 201.5, 1
SET, 201.6, 0
SET, 201.7, 2
SET, 201.8, 0
SET, 201.9, 0
SET, 202.0, 0
SET, 202.1, 0
SET, 202.2, 0
SET, 202.3, 1
SET, 202.4, 0
SET, 202.5, 0
SET, 202.6, 0
SET, 202.7, 0
SET, 202.8, 0
SET, 202.9, 0
SET, 203.0, 1
SET, 203.1, 0
SET, 203.2, 0
SET, 203.3, 1
SET, 203.4, 0
SET, 203.5, 0
SET, 203.6, 0
SET, 203.7, 0
SET, 203.8, 0
SET, 203.9, 0
SET, 204.0, 0
SET, 204.1, 0
SET, 204.2, 1
SET, 204.3, 0
SET, 204.4, 0
SET, 204.5, 1
SET, 204.6, 0
SET, 204.7, 0
SET, 204.8, 1
SET, 204.9, 0
SET, 205.0, 0
SET, 205.1, 1
SET, 205.2, 0
SET, 205.3, 0
SET, 205.4, 0
SET, 205.5, 0
SET, 205.6, 0
SET, 205.7, 0
SET, 205.8, 0
SET, 205.9, 0
SET, 206.0, 1
SET, 206.1, 0
SET, 206.2, 0
SET, 206.3, 0
SET, 206.4, 0
SET, 206.5, 0
SET, 206.6, 0
SET, 206.7, 0
SET, 206.8, 0
SET, 206.9, 1
SET, 207.0, 0
SET, 207.1, 0
SET, 207.2, 0
SET, 207.3, 0
SET, 207.4, 0
SET, 207.5, 0
SET, 207.6, 0
SET, 207.7, 0
SET, 207.8, 0
SET, 207.9, 0
SET, 208.0, 0
SET, 208.1, 0
SET, 208.2, 0
SET, 208.3, 0
SET, 208.4, 0
SET, 208.5, 0
SET, 208.6, 0
SET, 208.7, 0
SET, 208.8, 1
SET, 208.9, 0
SET, 209.0, 0
SET, 209.1, 0
SET, 209.2, 0
SET, 209.3, 0
SET, 209.4, 0
SET, 209.5, 0
SET, 209.6, 1
SET, 209.7, 0
SET, 209.8, 0
SET, 209.9, 0
SET, 210.0, 0
SET, 210.1, 1
SET, 210.2, 1
SET, 210.3, 0
SET, 210.4, 0
SET, 210.5, 1
SET, 210.6, 0
SET, 210.7, 1
SET, 210.8, 0
SET, 210.9, 0
SET, 211.0, 0
SET, 211.1, 0
SET, 211.2, 0
SET, 211.3, 0
SET, 211.4, 1
SET, 211.5, 0
SET, 211.6, 0
SET, 211.7, 1
SET, 211.8, 0
SET, 211.9, 1
SET, 212.0, 1
SET, 212.1, 0
SET, 212.2, 0
SET, 212.3, 0
SET, 212.4, 0
SET, 212.5, 2
SET, 212.6, 1
SET, 212.7, 0
SET, 212.8, 1
SET, 212.9, 0
SET, 213.0, 1
SET, 213.1, 0
SET, 213.2, 0
SET, 213.3, 0
SET, 213.4, 1
SET, 213.5, 0
SET, 213.6, 0
SET, 213.7, 0
SET, 213.8, 0
SET, 213.9, 0
SET, 214.0, 0
SET, 214.1, 0
SET, 214.2, 0
SET, 214.3, 0
SET, 214.4, 0
SET, 214.5, 0
SET, 214.6, 1
SET, 214.7, 1
SET, 214.8, 0
SET, 214.9, 0
SET, 215.0, 0
SET, 215.1, 0
SET, 215.2, 0
SET, 215.3, 0
SET, 215.4, 0
SET, 215.5, 2
SET, 215.6, 0
SET, 215.7, 0
SET, 215.8, 0
SET, 215.9, 0
SET, 216.0, 1
SET, 216.1, 1
SET, 216.2, 1
SET, 216.3, 0
SET, 216.4, 1
SET, 216.5, 0
SET, 216.6, 1
SET, 216.7, 0
SET, 216.8, 0
SET, 216.9, 0
SET, 217.0, 0
SET, 217.1, 0
SET, 217.2, 1
SET, 217.3, 0
SET, 217.4, 0
SET, 217.5, 0
SET, 217.6, 0
SET, 217.7, 0
SET, 217.8, 0
SET, 217.9, 0
SET, 218.0, 0
SET, 218.1, 1
SET, 218.2, 0
SET, 218.3, 0
SET, 218.4, 0
SET, 218.5, 1
SET, 218.6, 0
SET, 218.7, 0
SET, 218.8, 0
SET, 218.9, 0
SET, 219.0, 0
SET, 219.1, 0
SET, 219.2, 0
SET, 219.3, 0
SET, 219.4, 0
SET, 219.5, 0
SET, 219.6, 0
SET, 219.7, 0
SET, 219.8, 0
SET, 219.9, 0
SET, 220.0, 0
SET, 220.1, 0
SET, 220.2, 0
SET, 220.3, 0
SET, 220.4, 0
SET, 220.5, 0
SET, 220.6, 0
SET, 220.7, 0
SET, 220.8, 0
SET, 220.9, 0
SET, 221.0, 0
SET, 221.1, 0
SET, 221.2, 0
SET, 221.3, 0
SET, 221.4, 0
SET, 221.5, 0
SET, 221.6, 1
SET, 221.7, 0
SET, 221.8, 0
SET, 221.9, 0
SET, 222.0, 0
SET, 222.1, 0
SET, 222.2, 0
SET, 222.3, 0
SET, 222.4, 0
SET, 222.5, 0
SET, 222.6, 0
SET, 222.7, 0
SET, 222.8, 0
SET, 222.9, 0
SET, 223.0, 0
SET, 223.1, 0
SET, 223.2, 0
SET, 223.3, 0
SET, 223.4, 0
SET, 223.5, 0
SET, 223.6, 0
SET, 223.7, 0
SET, 223.8, 0
SET, 223.9, 0
SET, 224.0, 0
SET, 224.1, 0
SET, 224.2, 0
SET, 224.3, 0
SET, 224.4, 0
SET, 224.5, 0
SET, 224.6, 0
SET, 224.7, 0
SET, 224.8, 0
SET, 224.9, 0
SET, 225.0, 0
SET, 225.1, 0
SET, 225.2, 0
SET, 225.3, 0
SET, 225.4, 0
SET, 225.5, 0
SET, 225.6, 0
SET, 225.7, 0
SET, 225.8, 0
SET, 225.9, 0
SET, 226.0, 0
SET, 226.1, 0
SET, 226.2, 0
SET, 226.3, 0
SET, 226.4, 0
SET, 226.5, 0
SET, 226.6, 0
SET, 226.7, 0
SET, 226.8, 0
SET, 226.9, 0
SET, 227.0, 0
SET, 227.1, 0
SET, 227.2, 0
SET, 227.3, 0
SET, 227.4, 0
SET, 227.5, 0
SET, 227.6, 0
SET, 227.7, 0
SET, 227.8, 0
SET, 227.9, 0
SET, 228.0, 0
SET, 228.1, 0
SET, 228.2, 0
SET, 228.3, 0
SET, 228.4, 0
SET, 228.5, 0
SET, 228.6, 0
SET, 228.7, 0
SET, 228.8, 0
SET, 228.9, 1
SET, 229.0, 0
SET, 229.1, 0
SET, 229.2, 1
SET, 229.3, 1
SET, 229.4, 0
SET, 229.5, 0
SET, 229.6, 0
SET, 229.7, 0
SET, 229.8, 0
SET, 229.9, 0
SET, 230.0, 2
SET, 230.1, 0
SET, 230.2, 0
SET, 230.3, 0
SET, 230.4, 0
SET, 230.5, 0
SET, 230.6, 0
SET, 230.7, 0
SET, 230.8, 0
SET, 230.9, 0
SET, 231.0, 0
SET, 231.1, 0
SET, 231.2, 0
SET, 231.3, 0
SET, 231.4, 0
SET, 231.5, 0
SET, 231.6, 0
SET, 231.7, 0
SET, 231.8, 0
SET, 231.9, 0
SET, 232.0, 0
SET, 232.1, 0
SET, 232.2, 0
SET, 232.3, 0
SET, 232.4, 0
SET, 232.5, 0
SET, 232.6, 0
SET, 232.7, 0
SET, 232.8, 0
SET, 232.9, 0
SET, 233.0, 0
SET, 233.1, 0
SET, 233.2, 0
SET, 233.3, 0
SET, 233.4, 0
SET, 233.5, 0
SET, 233.6, 0
SET, 233.7, 0
SET, 233.8, 0
SET, 233.9, 0
SET, 234.0, 0
SET, 234.1, 0
SET, 234.2, 0
SET, 234.3, 0
SET, 234.4, 0
SET, 234.5, 0
SET, 234.6, 0
SET, 234.7, 0
SET, 234.8, 0
SET, 234.9, 0
SET, 235.0, 0
SET, 235.1, 0
SET, 235.2, 0
SET, 235.3, 0
SET, 235.4, 0
SET, 235.5, 0
SET, 235.6, 0
SET, 235.7, 0
SET, 235.8, 0
SET, 235.9, 0
SET, 236.0, 0
SET, 236.1, 0
SET, 236.2, 0
SET, 236.3, 0
SET, 236.4, 0
SET, 236.5, 0
SET, 236.6, 0
SET, 236.7, 0
SET, 236.8, 0
SET, 236.9, 0
SET, 237.0, 0
SET, 237.1, 0
SET, 237.2, 0
SET, 237.3, 0
SET, 237.4, 0
SET, 237.5, 0
SET, 237.6, 0
SET, 237.7, 0
SET, 237.8, 0
SET, 237.9, 0
SET, 238.0, 0
SET, 238.1, 0
SET, 238.2, 0
SET, 238.3, 0
SET, 238.4, 0
SET, 238.5, 0
SET, 238.6, 0
SET, 238.7, 0
SET, 238.8, 0
SET, 238.9, 0
SET, 239.0, 0
SET, 239.1, 0
SET, 239.2, 0
SET, 239.3, 0
SET, 239.4, 0
SET, 239.5, 0
SET, 239.6, 0
SET, 239.7, 0
SET, 239.8, 0
SET, 239.9, 0
SET, 240.0, 0
SET, 240.1, 0
SET, 240.2, 0
SET, 240.3, 0
SET, 240.4, 0
SET, 240.5, 1
SET, 240.6, 0
SET, 240.7, 0
SET, 240.8, 0
SET, 240.9, 0
SET, 241.0, 0
SET, 241.1, 0
SET, 241.2, 0
SET, 241.3, 0
SET, 241.4, 0
SET, 241.5, 0
SET, 241.6, 0
SET, 241.7, 0
SET, 241.8, 0
SET, 241.9, 0
SET, 242.0, 0
SET, 242.1, 0
SET, 242.2, 0
SET, 242.3, 0
SET, 242.4, 0
SET, 242.5, 1
