Elapsed Time, AVG Throughput, AVG Queue Size, AVG Waiting Time, AVG Service Time, AVG Response Time, AVG SET Response Time, AVG GET Response Time, AVG MULTI-GET Response Time, #SETS, #GETS, #MULTIGETS, GET MissRatio, MULTI-GET MissRatio, AVG MULTI-GET Size
 5.00, 5189, 157, 29.330293, 1.157121, 30.598448, 30.598448, 0.000000, 0.000000, 25945, 0, 0, 0.00, 0.00, 0
10.00, 6526, 157, 24.290934, 0.973555, 25.350735, 25.350735, 0.000000, 0.000000, 32633, 0, 0, 0.00, 0.00, 0
15.00, 6429, 157, 24.550423, 0.997277, 25.637514, 25.637514, 0.000000, 0.000000, 32147, 0, 0, 0.00, 0.00, 0
20.00, 6842, 155, 22.945553, 0.931258, 23.957721, 23.957721, 0.000000, 0.000000, 34212, 0, 0, 0.00, 0.00, 0
25.00, 6789, 156, 23.209669, 0.940537, 24.235786, 24.235786, 0.000000, 0.000000, 33946, 0, 0, 0.00, 0.00, 0
30.00, 6674, 156, 23.657989, 0.973635, 24.702938, 24.702938, 0.000000, 0.000000, 33373, 0, 0, 0.00, 0.00, 0
35.00, 6613, 159, 24.195939, 0.996754, 25.273623, 25.273623, 0.000000, 0.000000, 33067, 0, 0, 0.00, 0.00, 0
40.00, 6344, 160, 25.264051, 1.047364, 26.391857, 26.391857, 0.000000, 0.000000, 31720, 0, 0, 0.00, 0.00, 0
45.00, 5927, 162, 27.382578, 1.140050, 28.611507, 28.611507, 0.000000, 0.000000, 29639, 0, 0, 0.00, 0.00, 0
50.00, 6076, 159, 26.389465, 1.097850, 27.568010, 27.568010, 0.000000, 0.000000, 30382, 0, 0, 0.00, 0.00, 0
55.00, 6513, 156, 24.179012, 0.992642, 25.256294, 25.256294, 0.000000, 0.000000, 32566, 0, 0, 0.00, 0.00, 0
60.00, 6604, 156, 23.943541, 0.973431, 24.995333, 24.995333, 0.000000, 0.000000, 33020, 0, 0, 0.00, 0.00, 0
65.00, 6033, 160, 26.700101, 1.104945, 27.895026, 27.895026, 0.000000, 0.000000, 30169, 0, 0, 0.00, 0.00, 0
70.00, 6448, 158, 24.675891, 1.001551, 25.760088, 25.760088, 0.000000, 0.000000, 32240, 0, 0, 0.00, 0.00, 0
71.00, 912, 15, 2.553369, 0.979256, 3.637003, 3.637003, 0.000000, 0.000000, 4563, 0, 0, 0.00, 0.00, 0
Type, Interval, Responses
SET, 0.1, 0
SET, 0.2, 0
SET, 0.3, 0
SET, 0.4, 3
SET, 0.5, 34
SET, 0.6, 113
SET, 0.7, 187
SET, 0.8, 240
SET, 0.9, 306
SET, 1.0, 322
SET, 1.1, 330
SET, 1.2, 304
SET, 1.3, 254
SET, 1.4, 215
SET, 1.5, 175
SET, 1.6, 150
SET, 1.7, 115
SET, 1.8, 93
SET, 1.9, 72
SET, 2.0, 74
SET, 2.1, 42
SET, 2.2, 37
SET, 2.3, 38
SET, 2.4, 40
SET, 2.5, 32
SET, 2.6, 37
SET, 2.7, 32
SET, 2.8, 17
SET, 2.9, 18
SET, 3.0, 19
SET, 3.1, 25
SET, 3.2, 11
SET, 3.3, 16
SET, 3.4, 6
SET, 3.5, 11
SET, 3.6, 20
SET, 3.7, 16
SET, 3.8, 7
SET, 3.9, 17
SET, 4.0, 16
SET, 4.1, 10
SET, 4.2, 6
SET, 4.3, 11
SET, 4.4, 10
SET, 4.5, 12
SET, 4.6, 18
SET, 4.7, 6
SET, 4.8, 4
SET, 4.9, 12
SET, 5.0, 8
SET, 5.1, 8
SET, 5.2, 16
SET, 5.3, 8
SET, 5.4, 20
SET, 5.5, 12
SET, 5.6, 15
SET, 5.7, 10
SET, 5.8, 12
SET, 5.9, 16
SET, 6.0, 22
SET, 6.1, 16
SET, 6.2, 17
SET, 6.3, 26
SET, 6.4, 19
SET, 6.5, 32
SET, 6.6, 27
SET, 6.7, 22
SET, 6.8, 30
SET, 6.9, 27
SET, 7.0, 26
SET, 7.1, 22
SET, 7.2, 8
SET, 7.3, 9
SET, 7.4, 10
SET, 7.5, 14
SET, 7.6, 18
SET, 7.7, 13
SET, 7.8, 9
SET, 7.9, 13
SET, 8.0, 18
SET, 8.1, 9
SET, 8.2, 7
SET, 8.3, 13
SET, 8.4, 13
SET, 8.5, 16
SET, 8.6, 18
SET, 8.7, 12
SET, 8.8, 12
SET, 8.9, 13
SET, 9.0, 7
SET, 9.1, 13
SET, 9.2, 24
SET, 9.3, 8
SET, 9.4, 14
SET, 9.5, 22
SET, 9.6, 36
SET, 9.7, 24
SET, 9.8, 13
SET, 9.9, 15
SET, 10.0, 14
SET, 10.1, 11
SET, 10.2, 11
SET, 10.3, 6
SET, 10.4, 14
SET, 10.5, 9
SET, 10.6, 4
SET, 10.7, 8
SET, 10.8, 9
SET, 10.9, 11
SET, 11.0, 13
SET, 11.1, 7
SET, 11.2, 22
SET, 11.3, 21
SET, 11.4, 20
SET, 11.5, 11
SET, 11.6, 12
SET, 11.7, 15
SET, 11.8, 10
SET, 11.9, 10
SET, 12.0, 12
SET, 12.1, 20
SET, 12.2, 20
SET, 12.3, 12
SET, 12.4, 17
SET, 12.5, 18
SET, 12.6, 19
SET, 12.7, 36
SET, 12.8, 20
SET, 12.9, 27
SET, 13.0, 35
SET, 13.1, 21
SET, 13.2, 52
SET, 13.3, 47
SET, 13.4, 38
SET, 13.5, 59
SET, 13.6, 60
SET, 13.7, 52
SET, 13.8, 75
SET, 13.9, 89
SET, 14.0, 79
SET, 14.1, 95
SET, 14.2, 120
SET, 14.3, 126
SET, 14.4, 145
SET, 14.5, 146
SET, 14.6, 136
SET, 14.7, 158
SET, 14.8, 226
SET, 14.9, 235
SET, 15.0, 255
SET, 15.1, 277
SET, 15.2, 259
SET, 15.3, 293
SET, 15.4, 341
SET, 15.5, 368
SET, 15.6, 407
SET, 15.7, 349
SET, 15.8, 404
SET, 15.9, 463
SET, 16.0, 515
SET, 16.1, 509
SET, 16.2, 548
SET, 16.3, 557
SET, 16.4, 581
SET, 16.5, 651
SET, 16.6, 635
SET, 16.7, 686
SET, 16.8, 763
SET, 16.9, 778
SET, 17.0, 874
SET, 17.1, 836
SET, 17.2, 831
SET, 17.3, 923
SET, 17.4, 938
SET, 17.5, 983
SET, 17.6, 1063
SET, 17.7, 1115
SET, 17.8, 1125
SET, 17.9, 1205
SET, 18.0, 1161
SET, 18.1, 1251
SET, 18.2, 1286
SET, 18.3, 1243
SET, 18.4, 1366
SET, 18.5, 1486
SET, 18.6, 1443
SET, 18.7, 1456
SET, 18.8, 1417
SET, 18.9, 1600
SET, 19.0, 1563
SET, 19.1, 1631
SET, 19.2, 1805
SET, 19.3, 1692
SET, 19.4, 1762
SET, 19.5, 1819
SET, 19.6, 1897
SET, 19.7, 2023
SET, 19.8, 1991
SET, 19.9, 2037
SET, 20.0, 2156
SET, 20.1, 2256
SET, 20.2, 2237
SET, 20.3, 2519
SET, 20.4, 2361
SET, 20.5, 2519
SET, 20.6, 2558
SET, 20.7, 2651
SET, 20.8, 2707
SET, 20.9, 2779
SET, 21.0, 2881
SET, 21.1, 2960
SET, 21.2, 3003
SET, 21.3, 2975
SET, 21.4, 3084
SET, 21.5, 3130
SET, 21.6, 3161
SET, 21.7, 3392
SET, 21.8, 3390
SET, 21.9, 3419
SET, 22.0, 3439
SET, 22.1, 3478
SET, 22.2, 3442
SET, 22.3, 3685
SET, 22.4, 3620
SET, 22.5, 3581
SET, 22.6, 3622
SET, 22.7, 3685
SET, 22.8, 3633
SET, 22.9, 3670
SET, 23.0, 3733
SET, 23.1, 3863
SET, 23.2, 3799
SET, 23.3, 3737
SET, 23.4, 3738
SET, 23.5, 3831
SET, 23.6, 3634
SET, 23.7, 3586
SET, 23.8, 3685
SET, 23.9, 3698
SET, 24.0, 3684
SET, 24.1, 3784
SET, 24.2, 3760
SET, 24.3, 3748
SET, 24.4, 3643
SET, 24.5, 3764
SET, 24.6, 3714
SET, 24.7, 3682
SET, 24.8, 3661
SET, 24.9, 3606
SET, 25.0, 3616
SET, 25.1, 3563
SET, 25.2, 3495
SET, 25.3, 3392
SET, 25.4, 3338
SET, 25.5, 3379
SET, 25.6, 3423
SET, 25.7, 3306
SET, 25.8, 3345
SET, 25.9, 3172
SET, 26.0, 3312
SET, 26.1, 3141
SET, 26.2, 3147
SET, 26.3, 3114
SET, 26.4, 3080
SET, 26.5, 3017
SET, 26.6, 3051
SET, 26.7, 3019
SET, 26.8, 2961
SET, 26.9, 2887
SET, 27.0, 2758
SET, 27.1, 2839
SET, 27.2, 2794
SET, 27.3, 2650
SET, 27.4, 2721
SET, 27.5, 2738
SET, 27.6, 2689
SET, 27.7, 2614
SET, 27.8, 2529
SET, 27.9, 2581
SET, 28.0, 2549
SET, 28.1, 2552
SET, 28.2, 2520
SET, 28.3, 2580
SET, 28.4, 2519
SET, 28.5, 2515
SET, 28.6, 2395
SET, 28.7, 2324
SET, 28.8, 2385
SET, 28.9, 2286
SET, 29.0, 2330
SET, 29.1, 2227
SET, 29.2, 2162
SET, 29.3, 2119
SET, 29.4, 2122
SET, 29.5, 2103
SET, 29.6, 2006
SET, 29.7, 2004
SET, 29.8, 1919
SET, 29.9, 1893
SET, 30.0, 1872
SET, 30.1, 1822
SET, 30.2, 1790
SET, 30.3, 1784
SET, 30.4, 1781
SET, 30.5, 1756
SET, 30.6, 1722
SET, 30.7, 1665
SET, 30.8, 1699
SET, 30.9, 1686
SET, 31.0, 1569
SET, 31.1, 1607
SET, 31.2, 1497
SET, 31.3, 1449
SET, 31.4, 1474
SET, 31.5, 1326
SET, 31.6, 1360
SET, 31.7, 1342
SET, 31.8, 1221
SET, 31.9, 1220
SET, 32.0, 1221
SET, 32.1, 1271
SET, 32.2, 1149
SET, 32.3, 1149
SET, 32.4, 1082
SET, 32.5, 1034
SET, 32.6, 945
SET, 32.7, 973
SET, 32.8, 923
SET, 32.9, 955
SET, 33.0, 893
SET, 33.1, 914
SET, 33.2, 820
SET, 33.3, 851
SET, 33.4, 776
SET, 33.5, 788
SET, 33.6, 779
SET, 33.7, 721
SET, 33.8, 718
SET, 33.9, 685
SET, 34.0, 737
SET, 34.1, 707
SET, 34.2, 653
SET, 34.3, 638
SET, 34.4, 622
SET, 34.5, 667
SET, 34.6, 568
SET, 34.7, 602
SET, 34.8, 554
SET, 34.9, 508
SET, 35.0, 512
SET, 35.1, 507
SET, 35.2, 539
SET, 35.3, 528
SET, 35.4, 467
SET, 35.5, 488
SET, 35.6, 479
SET, 35.7, 463
SET, 35.8, 421
SET, 35.9, 434
SET, 36.0, 444
SET, 36.1, 415
SET, 36.2, 472
SET, 36.3, 401
SET, 36.4, 401
SET, 36.5, 402
SET, 36.6, 416
SET, 36.7, 415
SET, 36.8, 375
SET, 36.9, 363
SET, 37.0, 401
SET, 37.1, 315
SET, 37.2, 330
SET, 37.3, 338
SET, 37.4, 319
SET, 37.5, 331
SET, 37.6, 285
SET, 37.7, 274
SET, 37.8, 303
SET, 37.9, 275
SET, 38.0, 299
SET, 38.1, 251
SET, 38.2, 280
SET, 38.3, 262
SET, 38.4, 237
SET, 38.5, 236
SET, 38.6, 280
SET, 38.7, 275
SET, 38.8, 234
SET, 38.9, 226
SET, 39.0, 225
SET, 39.1, 256
SET, 39.2, 221
SET, 39.3, 216
SET, 39.4, 196
SET, 39.5, 218
SET, 39.6, 185
SET, 39.7, 199
SET, 39.8, 219
SET, 39.9, 212
SET, 40.0, 182
SET, 40.1, 227
SET, 40.2, 191
SET, 40.3, 211
SET, 40.4, 181
SET, 40.5, 189
SET, 40.6, 216
SET, 40.7, 194
SET, 40.8, 176
SET, 40.9, 175
SET, 41.0, 164
SET, 41.1, 164
SET, 41.2, 165
SET, 41.3, 165
SET, 41.4, 166
SET, 41.5, 167
SET, 41.6, 163
SET, 41.7, 176
SET, 41.8, 139
SET, 41.9, 137
SET, 42.0, 144
SET, 42.1, 146
SET, 42.2, 124
SET, 42.3, 150
SET, 42.4, 131
SET, 42.5, 127
SET, 42.6, 107
SET, 42.7, 115
SET, 42.8, 105
SET, 42.9, 111
SET, 43.0, 111
SET, 43.1, 101
SET, 43.2, 117
SET, 43.3, 98
SET, 43.4, 120
SET, 43.5, 102
SET, 43.6, 89
SET, 43.7, 87
SET, 43.8, 103
SET, 43.9, 109
SET, 44.0, 86
SET, 44.1, 68
SET, 44.2, 106
SET, 44.3, 119
SET, 44.4, 85
SET, 44.5, 84
SET, 44.6, 87
SET, 44.7, 87
SET, 44.8, 93
SET, 44.9, 89
SET, 45.0, 97
SET, 45.1, 72
SET, 45.2, 86
SET, 45.3, 98
SET, 45.4, 86
SET, 45.5, 64
SET, 45.6, 64
SET, 45.7, 55
SET, 45.8, 81
SET, 45.9, 77
SET, 46.0, 69
SET, 46.1, 68
SET, 46.2, 74
SET, 46.3, 54
SET, 46.4, 75
SET, 46.5, 80
SET, 46.6, 74
SET, 46.7, 68
SET, 46.8, 65
SET, 46.9, 80
SET, 47.0, 62
SET, 47.1, 47
SET, 47.2, 69
SET, 47.3, 64
SET, 47.4, 69
SET, 47.5, 49
SET, 47.6, 47
SET, 47.7, 44
SET, 47.8, 73
SET, 47.9, 56
SET, 48.0, 53
SET, 48.1, 52
SET, 48.2, 62
SET, 48.3, 47
SET, 48.4, 67
SET, 48.5, 49
SET, 48.6, 57
SET, 48.7, 46
SET, 48.8, 49
SET, 48.9, 49
SET, 49.0, 48
SET, 49.1, 52
SET, 49.2, 50
SET, 49.3, 33
SET, 49.4, 43
SET, 49.5, 36
SET, 49.6, 46
SET, 49.7, 56
SET, 49.8, 39
SET, 49.9, 39
SET, 50.0, 47
SET, 50.1, 34
SET, 50.2, 37
SET, 50.3, 44
SET, 50.4, 37
SET, 50.5, 45
SET, 50.6, 33
SET, 50.7, 23
SET, 50.8, 18
SET, 50.9, 23
SET, 51.0, 31
SET, 51.1, 22
SET, 51.2, 30
SET, 51.3, 26
SET, 51.4, 31
SET, 51.5, 21
SET, 51.6, 18
SET, 51.7, 18
SET, 51.8, 24
SET, 51.9, 24
SET, 52.0, 26
SET, 52.1, 32
SET, 52.2, 32
SET, 52.3, 26
SET, 52.4, 38
SET, 52.5, 38
SET, 52.6, 23
SET, 52.7, 25
SET, 52.8, 36
SET, 52.9, 34
SET, 53.0, 38
SET, 53.1, 38
SET, 53.2, 38
SET, 53.3, 41
SET, 53.4, 23
SET, 53.5, 27
SET, 53.6, 23
SET, 53.7, 26
SET, 53.8, 21
SET, 53.9, 36
SET, 54.0, 16
SET, 54.1, 19
SET, 54.2, 19
SET, 54.3, 26
SET, 54.4, 30
SET, 54.5, 21
SET, 54.6, 19
SET, 54.7, 29
SET, 54.8, 15
SET, 54.9, 22
SET, 55.0, 23
SET, 55.1, 25
SET, 55.2, 30
SET, 55.3, 23
SET, 55.4, 24
SET, 55.5, 33
SET, 55.6, 33
SET, 55.7, 19
SET, 55.8, 21
SET, 55.9, 20
SET, 56.0, 22
SET, 56.1, 29
SET, 56.2, 19
SET, 56.3, 20
SET, 56.4, 17
SET, 56.5, 16
SET, 56.6, 34
SET, 56.7, 27
SET, 56.8, 35
SET, 56.9, 25
SET, 57.0, 21
SET, 57.1, 24
SET, 57.2, 36
SET, 57.3, 31
SET, 57.4, 29
SET, 57.5, 27
SET, 57.6, 33
SET, 57.7, 30
SET, 57.8, 29
SET, 57.9, 22
SET, 58.0, 31
SET, 58.1, 26
SET, 58.2, 21
SET, 58.3, 30
SET, 58.4, 13
SET, 58.5, 22
SET, 58.6, 11
SET, 58.7, 27
SET, 58.8, 15
SET, 58.9, 30
SET, 59.0, 15
SET, 59.1, 14
SET, 59.2, 26
SET, 59.3, 20
SET, 59.4, 14
SET, 59.5, 19
SET, 59.6, 19
SET, 59.7, 13
SET, 59.8, 16
SET, 59.9, 19
SET, 60.0, 12
SET, 60.1, 19
SET, 60.2, 20
SET, 60.3, 20
SET, 60.4, 17
SET, 60.5, 19
SET, 60.6, 22
SET, 60.7, 19
SET, 60.8, 18
SET, 60.9, 21
SET, 61.0, 20
SET, 61.1, 20
SET, 61.2, 17
SET, 61.3, 31
SET, 61.4, 21
SET, 61.5, 13
SET, 61.6, 27
SET, 61.7, 22
SET, 61.8, 27
SET, 61.9, 20
SET, 62.0, 28
SET, 62.1, 28
SET, 62.2, 16
SET, 62.3, 21
SET, 62.4, 12
SET, 62.5, 25
SET, 62.6, 24
SET, 62.7, 20
SET, 62.8, 21
SET, 62.9, 27
SET, 63.0, 19
SET, 63.1, 23
SET, 63.2, 16
SET, 63.3, 21
SET, 63.4, 15
SET, 63.5, 14
SET, 63.6, 22
SET, 63.7, 20
SET, 63.8, 21
SET, 63.9, 24
SET, 64.0, 15
SET, 64.1, 17
SET, 64.2, 9
SET, 64.3, 22
SET, 64.4, 18
SET, 64.5, 17
SET, 64.6, 12
SET, 64.7, 15
SET, 64.8, 14
SET, 64.9, 11
SET, 65.0, 26
SET, 65.1, 19
SET, 65.2, 10
SET, 65.3, 17
SET, 65.4, 13
SET, 65.5, 11
SET, 65.6, 9
SET, 65.7, 13
SET, 65.8, 9
SET, 65.9, 24
SET, 66.0, 18
SET, 66.1, 19
SET, 66.2, 18
SET, 66.3, 13
SET, 66.4, 20
SET, 66.5, 18
SET, 66.6, 9
SET, 66.7, 24
SET, 66.8, 13
SET, 66.9, 8
SET, 67.0, 12
SET, 67.1, 11
SET, 67.2, 10
SET, 67.3, 9
SET, 67.4, 8
SET, 67.5, 12
SET, 67.6, 8
SET, 67.7, 13
SET, 67.8, 12
SET, 67.9, 14
SET, 68.0, 5
SET, 68.1, 5
SET, 68.2, 6
SET, 68.3, 8
SET, 68.4, 15
SET, 68.5, 7
SET, 68.6, 5
SET, 68.7, 7
SET, 68.8, 6
SET, 68.9, 17
SET, 69.0, 8
SET, 69.1, 10
SET, 69.2, 5
SET, 69.3, 8
SET, 69.4, 9
SET, 69.5, 8
SET, 69.6, 7
SET, 69.7, 6
SET, 69.8, 7
SET, 69.9, 10
SET, 70.0, 7
SET, 70.1, 3
SET, 70.2, 3
SET, 70.3, 1
SET, 70.4, 3
SET, 70.5, 8
SET, 70.6, 7
SET, 70.7, 6
SET, 70.8, 9
SET, 70.9, 6
SET, 71.0, 3
SET, 71.1, 4
SET, 71.2, 9
SET, 71.3, 5
SET, 71.4, 18
SET, 71.5, 14
SET, 71.6, 9
SET, 71.7, 11
SET, 71.8, 5
SET, 71.9, 9
SET, 72.0, 5
SET, 72.1, 8
SET, 72.2, 10
SET, 72.3, 11
SET, 72.4, 13
SET, 72.5, 8
SET, 72.6, 12
SET, 72.7, 13
SET, 72.8, 18
SET, 72.9, 4
SET, 73.0, 13
SET, 73.1, 13
SET, 73.2, 4
SET, 73.3, 10
SET, 73.4, 8
SET, 73.5, 2
SET, 73.6, 14
SET, 73.7, 5
SET, 73.8, 5
SET, 73.9, 8
SET, 74.0, 11
SET, 74.1, 3
SET, 74.2, 4
SET, 74.3, 3
SET, 74.4, 0
SET, 74.5, 1
SET, 74.6, 2
SET, 74.7, 2
SET, 74.8, 2
SET, 74.9, 1
SET, 75.0, 0
SET, 75.1, 0
SET, 75.2, 0
SET, 75.3, 0
SET, 75.4, 0
SET, 75.5, 0
SET, 75.6, 2
SET, 75.7, 2
SET, 75.8, 0
SET, 75.9, 0
SET, 76.0, 0
SET, 76.1, 0
SET, 76.2, 0
SET, 76.3, 0
SET, 76.4, 0
SET, 76.5, 0
SET, 76.6, 0
SET, 76.7, 0
SET, 76.8, 0
SET, 76.9, 1
SET, 77.0, 1
SET, 77.1, 2
SET, 77.2, 0
SET, 77.3, 1
SET, 77.4, 0
SET, 77.5, 0
SET, 77.6, 1
SET, 77.7, 0
SET, 77.8, 0
SET, 77.9, 1
SET, 78.0, 1
SET, 78.1, 0
SET, 78.2, 1
SET, 78.3, 1
SET, 78.4, 2
SET, 78.5, 2
SET, 78.6, 0
SET, 78.7, 1
SET, 78.8, 2
SET, 78.9, 2
SET, 79.0, 3
SET, 79.1, 0
SET, 79.2, 0
SET, 79.3, 0
SET, 79.4, 0
SET, 79.5, 0
SET, 79.6, 0
SET, 79.7, 0
SET, 79.8, 0
SET, 79.9, 1
SET, 80.0, 0
SET, 80.1, 3
SET, 80.2, 1
SET, 80.3, 0
SET, 80.4, 0
SET, 80.5, 2
SET, 80.6, 1
SET, 80.7, 1
SET, 80.8, 1
SET, 80.9, 0
SET, 81.0, 0
SET, 81.1, 0
SET, 81.2, 1
SET, 81.3, 0
SET, 81.4, 2
SET, 81.5, 1
SET, 81.6, 2
SET, 81.7, 3
SET, 81.8, 1
SET, 81.9, 2
SET, 82.0, 0
SET, 82.1, 2
SET, 82.2, 1
SET, 82.3, 1
SET, 82.4, 2
SET, 82.5, 0
SET, 82.6, 1
SET, 82.7, 1
SET, 82.8, 0
SET, 82.9, 0
SET, 83.0, 0
SET, 83.1, 0
SET, 83.2, 0
SET, 83.3, 0
SET, 83.4, 0
SET, 83.5, 0
SET, 83.6, 0
SET, 83.7, 0
SET, 83.8, 0
SET, 83.9, 1
SET, 84.0, 0
SET, 84.1, 0
SET, 84.2, 0
SET, 84.3, 0
SET, 84.4, 0
SET, 84.5, 0
SET, 84.6, 0
SET, 84.7, 0
SET, 84.8, 0
SET, 84.9, 0
SET, 85.0, 0
SET, 85.1, 0
SET, 85.2, 0
SET, 85.3, 0
SET, 85.4, 1
SET, 85.5, 0
SET, 85.6, 0
SET, 85.7, 0
SET, 85.8, 0
SET, 85.9, 0
SET, 86.0, 0
SET, 86.1, 0
SET, 86.2, 0
SET, 86.3, 0
SET, 86.4, 0
SET, 86.5, 0
SET, 86.6, 0
SET, 86.7, 0
SET, 86.8, 0
SET, 86.9, 1
SET, 87.0, 0
SET, 87.1, 0
SET, 87.2, 0
SET, 87.3, 0
SET, 87.4, 0
SET, 87.5, 0
SET, 87.6, 0
SET, 87.7, 0
SET, 87.8, 0
SET, 87.9, 0
SET, 88.0, 0
SET, 88.1, 0
SET, 88.2, 0
SET, 88.3, 0
SET, 88.4, 0
SET, 88.5, 0
SET, 88.6, 0
SET, 88.7, 0
SET, 88.8, 0
SET, 88.9, 0
SET, 89.0, 0
SET, 89.1, 0
SET, 89.2, 0
SET, 89.3, 0
SET, 89.4, 0
SET, 89.5, 0
SET, 89.6, 0
SET, 89.7, 0
SET, 89.8, 0
SET, 89.9, 0
SET, 90.0, 0
SET, 90.1, 0
SET, 90.2, 0
SET, 90.3, 0
SET, 90.4, 0
SET, 90.5, 0
SET, 90.6, 0
SET, 90.7, 0
SET, 90.8, 0
SET, 90.9, 0
SET, 91.0, 0
SET, 91.1, 0
SET, 91.2, 0
SET, 91.3, 0
SET, 91.4, 0
SET, 91.5, 0
SET, 91.6, 0
SET, 91.7, 0
SET, 91.8, 0
SET, 91.9, 0
SET, 92.0, 0
SET, 92.1, 0
SET, 92.2, 0
SET, 92.3, 0
SET, 92.4, 0
SET, 92.5, 0
SET, 92.6, 0
SET, 92.7, 0
SET, 92.8, 0
SET, 92.9, 0
SET, 93.0, 0
SET, 93.1, 0
SET, 93.2, 0
SET, 93.3, 0
SET, 93.4, 0
SET, 93.5, 0
SET, 93.6, 0
SET, 93.7, 0
SET, 93.8, 0
SET, 93.9, 0
SET, 94.0, 0
SET, 94.1, 0
SET, 94.2, 0
SET, 94.3, 0
SET, 94.4, 0
SET, 94.5, 0
SET, 94.6, 0
SET, 94.7, 0
SET, 94.8, 0
SET, 94.9, 0
SET, 95.0, 0
SET, 95.1, 0
SET, 95.2, 0
SET, 95.3, 0
SET, 95.4, 0
SET, 95.5, 0
SET, 95.6, 0
SET, 95.7, 0
SET, 95.8, 0
SET, 95.9, 0
SET, 96.0, 0
SET, 96.1, 0
SET, 96.2, 0
SET, 96.3, 0
SET, 96.4, 0
SET, 96.5, 0
SET, 96.6, 0
SET, 96.7, 0
SET, 96.8, 0
SET, 96.9, 0
SET, 97.0, 0
SET, 97.1, 0
SET, 97.2, 0
SET, 97.3, 0
SET, 97.4, 0
SET, 97.5, 0
SET, 97.6, 0
SET, 97.7, 0
SET, 97.8, 0
SET, 97.9, 0
SET, 98.0, 0
SET, 98.1, 0
SET, 98.2, 0
SET, 98.3, 0
SET, 98.4, 0
SET, 98.5, 0
SET, 98.6, 0
SET, 98.7, 0
SET, 98.8, 0
SET, 98.9, 0
SET, 99.0, 0
SET, 99.1, 0
SET, 99.2, 0
SET, 99.3, 0
SET, 99.4, 0
SET, 99.5, 0
SET, 99.6, 0
SET, 99.7, 0
SET, 99.8, 0
SET, 99.9, 0
SET, 100.0, 0
SET, 100.1, 0
SET, 100.2, 0
SET, 100.3, 0
SET, 100.4, 0
SET, 100.5, 0
SET, 100.6, 0
SET, 100.7, 0
SET, 100.8, 0
SET, 100.9, 0
SET, 101.0, 0
SET, 101.1, 0
SET, 101.2, 0
SET, 101.3, 0
SET, 101.4, 0
SET, 101.5, 0
SET, 101.6, 0
SET, 101.7, 0
SET, 101.8, 0
SET, 101.9, 0
SET, 102.0, 0
SET, 102.1, 0
SET, 102.2, 0
SET, 102.3, 0
SET, 102.4, 0
SET, 102.5, 0
SET, 102.6, 0
SET, 102.7, 0
SET, 102.8, 0
SET, 102.9, 0
SET, 103.0, 0
SET, 103.1, 0
SET, 103.2, 0
SET, 103.3, 0
SET, 103.4, 0
SET, 103.5, 0
SET, 103.6, 0
SET, 103.7, 0
SET, 103.8, 0
SET, 103.9, 0
SET, 104.0, 0
SET, 104.1, 0
SET, 104.2, 0
SET, 104.3, 0
SET, 104.4, 0
SET, 104.5, 0
SET, 104.6, 0
SET, 104.7, 0
SET, 104.8, 0
SET, 104.9, 0
SET, 105.0, 0
SET, 105.1, 0
SET, 105.2, 0
SET, 105.3, 0
SET, 105.4, 0
SET, 105.5, 0
SET, 105.6, 0
SET, 105.7, 0
SET, 105.8, 0
SET, 105.9, 0
SET, 106.0, 0
SET, 106.1, 0
SET, 106.2, 0
SET, 106.3, 0
SET, 106.4, 0
SET, 106.5, 0
SET, 106.6, 0
SET, 106.7, 0
SET, 106.8, 0
SET, 106.9, 0
SET, 107.0, 0
SET, 107.1, 0
SET, 107.2, 0
SET, 107.3, 0
SET, 107.4, 0
SET, 107.5, 0
SET, 107.6, 0
SET, 107.7, 0
SET, 107.8, 0
SET, 107.9, 0
SET, 108.0, 0
SET, 108.1, 0
SET, 108.2, 0
SET, 108.3, 0
SET, 108.4, 0
SET, 108.5, 0
SET, 108.6, 0
SET, 108.7, 0
SET, 108.8, 0
SET, 108.9, 0
SET, 109.0, 0
SET, 109.1, 0
SET, 109.2, 0
SET, 109.3, 0
SET, 109.4, 0
SET, 109.5, 0
SET, 109.6, 0
SET, 109.7, 0
SET, 109.8, 0
SET, 109.9, 0
SET, 110.0, 0
SET, 110.1, 0
SET, 110.2, 0
SET, 110.3, 0
SET, 110.4, 0
SET, 110.5, 0
SET, 110.6, 0
SET, 110.7, 0
SET, 110.8, 0
SET, 110.9, 0
SET, 111.0, 0
SET, 111.1, 0
SET, 111.2, 0
SET, 111.3, 0
SET, 111.4, 0
SET, 111.5, 0
SET, 111.6, 0
SET, 111.7, 0
SET, 111.8, 0
SET, 111.9, 0
SET, 112.0, 0
SET, 112.1, 0
SET, 112.2, 0
SET, 112.3, 0
SET, 112.4, 0
SET, 112.5, 0
SET, 112.6, 0
SET, 112.7, 0
SET, 112.8, 0
SET, 112.9, 0
SET, 113.0, 0
SET, 113.1, 0
SET, 113.2, 0
SET, 113.3, 0
SET, 113.4, 0
SET, 113.5, 0
SET, 113.6, 0
SET, 113.7, 0
SET, 113.8, 0
SET, 113.9, 0
SET, 114.0, 0
SET, 114.1, 0
SET, 114.2, 0
SET, 114.3, 0
SET, 114.4, 0
SET, 114.5, 0
SET, 114.6, 0
SET, 114.7, 0
SET, 114.8, 0
SET, 114.9, 0
SET, 115.0, 0
SET, 115.1, 0
SET, 115.2, 0
SET, 115.3, 0
SET, 115.4, 0
SET, 115.5, 0
SET, 115.6, 0
SET, 115.7, 0
SET, 115.8, 0
SET, 115.9, 0
SET, 116.0, 0
SET, 116.1, 0
SET, 116.2, 0
SET, 116.3, 0
SET, 116.4, 0
SET, 116.5, 0
SET, 116.6, 0
SET, 116.7, 0
SET, 116.8, 0
SET, 116.9, 0
SET, 117.0, 0
SET, 117.1, 0
SET, 117.2, 0
SET, 117.3, 0
SET, 117.4, 0
SET, 117.5, 0
SET, 117.6, 0
SET, 117.7, 0
SET, 117.8, 0
SET, 117.9, 0
SET, 118.0, 0
SET, 118.1, 0
SET, 118.2, 0
SET, 118.3, 0
SET, 118.4, 0
SET, 118.5, 0
SET, 118.6, 0
SET, 118.7, 0
SET, 118.8, 0
SET, 118.9, 0
SET, 119.0, 0
SET, 119.1, 0
SET, 119.2, 0
SET, 119.3, 0
SET, 119.4, 0
SET, 119.5, 0
SET, 119.6, 0
SET, 119.7, 0
SET, 119.8, 0
SET, 119.9, 0
SET, 120.0, 0
SET, 120.1, 0
SET, 120.2, 0
SET, 120.3, 0
SET, 120.4, 0
SET, 120.5, 0
SET, 120.6, 0
SET, 120.7, 0
SET, 120.8, 0
SET, 120.9, 0
SET, 121.0, 0
SET, 121.1, 0
SET, 121.2, 0
SET, 121.3, 0
SET, 121.4, 0
SET, 121.5, 0
SET, 121.6, 0
SET, 121.7, 0
SET, 121.8, 0
SET, 121.9, 0
SET, 122.0, 0
SET, 122.1, 0
SET, 122.2, 0
SET, 122.3, 0
SET, 122.4, 0
SET, 122.5, 0
SET, 122.6, 0
SET, 122.7, 0
SET, 122.8, 0
SET, 122.9, 0
SET, 123.0, 0
SET, 123.1, 0
SET, 123.2, 0
SET, 123.3, 0
SET, 123.4, 0
SET, 123.5, 0
SET, 123.6, 0
SET, 123.7, 0
SET, 123.8, 0
SET, 123.9, 0
SET, 124.0, 0
SET, 124.1, 0
SET, 124.2, 0
SET, 124.3, 0
SET, 124.4, 0
SET, 124.5, 0
SET, 124.6, 0
SET, 124.7, 0
SET, 124.8, 0
SET, 124.9, 0
SET, 125.0, 0
SET, 125.1, 0
SET, 125.2, 0
SET, 125.3, 0
SET, 125.4, 0
SET, 125.5, 0
SET, 125.6, 0
SET, 125.7, 0
SET, 125.8, 0
SET, 125.9, 0
SET, 126.0, 0
SET, 126.1, 0
SET, 126.2, 0
SET, 126.3, 0
SET, 126.4, 0
SET, 126.5, 0
SET, 126.6, 0
SET, 126.7, 0
SET, 126.8, 0
SET, 126.9, 0
SET, 127.0, 0
SET, 127.1, 0
SET, 127.2, 0
SET, 127.3, 0
SET, 127.4, 0
SET, 127.5, 0
SET, 127.6, 0
SET, 127.7, 0
SET, 127.8, 0
SET, 127.9, 0
SET, 128.0, 0
SET, 128.1, 0
SET, 128.2, 0
SET, 128.3, 0
SET, 128.4, 0
SET, 128.5, 0
SET, 128.6, 0
SET, 128.7, 0
SET, 128.8, 0
SET, 128.9, 0
SET, 129.0, 0
SET, 129.1, 0
SET, 129.2, 0
SET, 129.3, 0
SET, 129.4, 0
SET, 129.5, 0
SET, 129.6, 0
SET, 129.7, 0
SET, 129.8, 0
SET, 129.9, 0
SET, 130.0, 0
SET, 130.1, 0
SET, 130.2, 0
SET, 130.3, 0
SET, 130.4, 0
SET, 130.5, 0
SET, 130.6, 0
SET, 130.7, 0
SET, 130.8, 0
SET, 130.9, 0
SET, 131.0, 0
SET, 131.1, 0
SET, 131.2, 0
SET, 131.3, 0
SET, 131.4, 0
SET, 131.5, 0
SET, 131.6, 0
SET, 131.7, 0
SET, 131.8, 0
SET, 131.9, 0
SET, 132.0, 0
SET, 132.1, 0
SET, 132.2, 0
SET, 132.3, 0
SET, 132.4, 0
SET, 132.5, 0
SET, 132.6, 0
SET, 132.7, 0
SET, 132.8, 0
SET, 132.9, 0
SET, 133.0, 0
SET, 133.1, 0
SET, 133.2, 0
SET, 133.3, 0
SET, 133.4, 0
SET, 133.5, 0
SET, 133.6, 0
SET, 133.7, 0
SET, 133.8, 0
SET, 133.9, 0
SET, 134.0, 0
SET, 134.1, 0
SET, 134.2, 0
SET, 134.3, 0
SET, 134.4, 0
SET, 134.5, 0
SET, 134.6, 0
SET, 134.7, 0
SET, 134.8, 0
SET, 134.9, 0
SET, 135.0, 0
SET, 135.1, 0
SET, 135.2, 0
SET, 135.3, 0
SET, 135.4, 0
SET, 135.5, 0
SET, 135.6, 0
SET, 135.7, 0
SET, 135.8, 0
SET, 135.9, 0
SET, 136.0, 0
SET, 136.1, 0
SET, 136.2, 0
SET, 136.3, 0
SET, 136.4, 0
SET, 136.5, 0
SET, 136.6, 0
SET, 136.7, 0
SET, 136.8, 0
SET, 136.9, 0
SET, 137.0, 0
SET, 137.1, 0
SET, 137.2, 0
SET, 137.3, 0
SET, 137.4, 0
SET, 137.5, 0
SET, 137.6, 0
SET, 137.7, 0
SET, 137.8, 0
SET, 137.9, 0
SET, 138.0, 0
SET, 138.1, 0
SET, 138.2, 0
SET, 138.3, 0
SET, 138.4, 0
SET, 138.5, 0
SET, 138.6, 0
SET, 138.7, 0
SET, 138.8, 0
SET, 138.9, 0
SET, 139.0, 0
SET, 139.1, 0
SET, 139.2, 0
SET, 139.3, 0
SET, 139.4, 0
SET, 139.5, 0
SET, 139.6, 0
SET, 139.7, 0
SET, 139.8, 0
SET, 139.9, 0
SET, 140.0, 0
SET, 140.1, 0
SET, 140.2, 0
SET, 140.3, 0
SET, 140.4, 0
SET, 140.5, 0
SET, 140.6, 0
SET, 140.7, 0
SET, 140.8, 0
SET, 140.9, 0
SET, 141.0, 0
SET, 141.1, 0
SET, 141.2, 0
SET, 141.3, 0
SET, 141.4, 0
SET, 141.5, 0
SET, 141.6, 0
SET, 141.7, 0
SET, 141.8, 0
SET, 141.9, 0
SET, 142.0, 0
SET, 142.1, 0
SET, 142.2, 0
SET, 142.3, 0
SET, 142.4, 0
SET, 142.5, 0
SET, 142.6, 0
SET, 142.7, 0
SET, 142.8, 0
SET, 142.9, 0
SET, 143.0, 0
SET, 143.1, 0
SET, 143.2, 0
SET, 143.3, 0
SET, 143.4, 0
SET, 143.5, 0
SET, 143.6, 0
SET, 143.7, 0
SET, 143.8, 0
SET, 143.9, 0
SET, 144.0, 0
SET, 144.1, 0
SET, 144.2, 0
SET, 144.3, 0
SET, 144.4, 0
SET, 144.5, 0
SET, 144.6, 0
SET, 144.7, 0
SET, 144.8, 0
SET, 144.9, 0
SET, 145.0, 0
SET, 145.1, 0
SET, 145.2, 0
SET, 145.3, 0
SET, 145.4, 0
SET, 145.5, 0
SET, 145.6, 0
SET, 145.7, 0
SET, 145.8, 0
SET, 145.9, 0
SET, 146.0, 0
SET, 146.1, 0
SET, 146.2, 0
SET, 146.3, 0
SET, 146.4, 0
SET, 146.5, 0
SET, 146.6, 0
SET, 146.7, 0
SET, 146.8, 0
SET, 146.9, 0
SET, 147.0, 0
SET, 147.1, 0
SET, 147.2, 0
SET, 147.3, 0
SET, 147.4, 0
SET, 147.5, 0
SET, 147.6, 0
SET, 147.7, 0
SET, 147.8, 0
SET, 147.9, 0
SET, 148.0, 0
SET, 148.1, 0
SET, 148.2, 0
SET, 148.3, 0
SET, 148.4, 0
SET, 148.5, 0
SET, 148.6, 0
SET, 148.7, 0
SET, 148.8, 0
SET, 148.9, 0
SET, 149.0, 0
SET, 149.1, 0
SET, 149.2, 0
SET, 149.3, 0
SET, 149.4, 0
SET, 149.5, 0
SET, 149.6, 0
SET, 149.7, 0
SET, 149.8, 0
SET, 149.9, 0
SET, 150.0, 0
SET, 150.1, 0
SET, 150.2, 0
SET, 150.3, 0
SET, 150.4, 0
SET, 150.5, 0
SET, 150.6, 0
SET, 150.7, 0
SET, 150.8, 0
SET, 150.9, 0
SET, 151.0, 0
SET, 151.1, 0
SET, 151.2, 0
SET, 151.3, 0
SET, 151.4, 0
SET, 151.5, 0
SET, 151.6, 0
SET, 151.7, 0
SET, 151.8, 0
SET, 151.9, 0
SET, 152.0, 0
SET, 152.1, 0
SET, 152.2, 0
SET, 152.3, 0
SET, 152.4, 0
SET, 152.5, 0
SET, 152.6, 0
SET, 152.7, 0
SET, 152.8, 0
SET, 152.9, 0
SET, 153.0, 0
SET, 153.1, 0
SET, 153.2, 0
SET, 153.3, 0
SET, 153.4, 0
SET, 153.5, 0
SET, 153.6, 0
SET, 153.7, 0
SET, 153.8, 0
SET, 153.9, 0
SET, 154.0, 0
SET, 154.1, 0
SET, 154.2, 0
SET, 154.3, 0
SET, 154.4, 0
SET, 154.5, 0
SET, 154.6, 0
SET, 154.7, 0
SET, 154.8, 0
SET, 154.9, 0
SET, 155.0, 0
SET, 155.1, 0
SET, 155.2, 0
SET, 155.3, 0
SET, 155.4, 0
SET, 155.5, 0
SET, 155.6, 0
SET, 155.7, 0
SET, 155.8, 0
SET, 155.9, 0
SET, 156.0, 0
SET, 156.1, 0
SET, 156.2, 0
SET, 156.3, 0
SET, 156.4, 0
SET, 156.5, 0
SET, 156.6, 0
SET, 156.7, 0
SET, 156.8, 0
SET, 156.9, 0
SET, 157.0, 0
SET, 157.1, 0
SET, 157.2, 0
SET, 157.3, 0
SET, 157.4, 0
SET, 157.5, 0
SET, 157.6, 0
SET, 157.7, 0
SET, 157.8, 0
SET, 157.9, 0
SET, 158.0, 0
SET, 158.1, 0
SET, 158.2, 0
SET, 158.3, 0
SET, 158.4, 0
SET, 158.5, 0
SET, 158.6, 0
SET, 158.7, 0
SET, 158.8, 0
SET, 158.9, 0
SET, 159.0, 0
SET, 159.1, 0
SET, 159.2, 1
SET, 159.3, 2
SET, 159.4, 0
SET, 159.5, 0
SET, 159.6, 0
SET, 159.7, 0
SET, 159.8, 0
SET, 159.9, 0
SET, 160.0, 0
SET, 160.1, 1
SET, 160.2, 0
SET, 160.3, 1
SET, 160.4, 0
SET, 160.5, 0
SET, 160.6, 0
SET, 160.7, 0
SET, 160.8, 0
SET, 160.9, 0
SET, 161.0, 0
SET, 161.1, 0
SET, 161.2, 0
SET, 161.3, 0
SET, 161.4, 0
SET, 161.5, 0
SET, 161.6, 0
SET, 161.7, 0
SET, 161.8, 0
SET, 161.9, 0
SET, 162.0, 0
SET, 162.1, 0
SET, 162.2, 0
SET, 162.3, 1
SET, 162.4, 1
SET, 162.5, 1
SET, 162.6, 2
SET, 162.7, 1
SET, 162.8, 1
SET, 162.9, 1
SET, 163.0, 0
SET, 163.1, 2
SET, 163.2, 1
SET, 163.3, 0
SET, 163.4, 0
SET, 163.5, 0
SET, 163.6, 1
SET, 163.7, 0
SET, 163.8, 0
SET, 163.9, 0
SET, 164.0, 0
SET, 164.1, 0
SET, 164.2, 0
SET, 164.3, 0
SET, 164.4, 0
SET, 164.5, 0
SET, 164.6, 0
SET, 164.7, 0
SET, 164.8, 0
SET, 164.9, 0
SET, 165.0, 0
SET, 165.1, 0
SET, 165.2, 0
SET, 165.3, 0
SET, 165.4, 0
SET, 165.5, 0
SET, 165.6, 0
SET, 165.7, 0
SET, 165.8, 0
SET, 165.9, 0
SET, 166.0, 0
SET, 166.1, 0
SET, 166.2, 0
SET, 166.3, 0
SET, 166.4, 1
SET, 166.5, 0
SET, 166.6, 1
SET, 166.7, 0
SET, 166.8, 0
SET, 166.9, 0
SET, 167.0, 1
SET, 167.1, 0
SET, 167.2, 0
SET, 167.3, 0
SET, 167.4, 1
SET, 167.5, 0
SET, 167.6, 0
SET, 167.7, 1
SET, 167.8, 0
SET, 167.9, 1
SET, 168.0, 0
SET, 168.1, 0
SET, 168.2, 0
SET, 168.3, 0
SET, 168.4, 0
SET, 168.5, 0
SET, 168.6, 0
SET, 168.7, 0
SET, 168.8, 0
SET, 168.9, 0
SET, 169.0, 2
SET, 169.1, 0
SET, 169.2, 1
SET, 169.3, 2
SET, 169.4, 0
SET, 169.5, 1
SET, 169.6, 0
SET, 169.7, 0
SET, 169.8, 0
SET, 169.9, 1
SET, 170.0, 2
SET, 170.1, 1
SET, 170.2, 1
SET, 170.3, 0
SET, 170.4, 0
SET, 170.5, 2
SET, 170.6, 1
SET, 170.7, 1
SET, 170.8, 0
SET, 170.9, 1
SET, 171.0, 0
SET, 171.1, 0
SET, 171.2, 0
SET, 171.3, 0
SET, 171.4, 0
SET, 171.5, 0
SET, 171.6, 0
SET, 171.7, 0
SET, 171.8, 0
SET, 171.9, 0
SET, 172.0, 0
SET, 172.1, 0
SET, 172.2, 0
SET, 172.3, 0
SET, 172.4, 0
SET, 172.5, 0
SET, 172.6, 0
SET, 172.7, 0
SET, 172.8, 0
SET, 172.9, 0
SET, 173.0, 0
SET, 173.1, 0
SET, 173.2, 0
SET, 173.3, 0
SET, 173.4, 0
SET, 173.5, 0
SET, 173.6, 0
SET, 173.7, 0
SET, 173.8, 0
SET, 173.9, 0
SET, 174.0, 0
SET, 174.1, 0
SET, 174.2, 0
SET, 174.3, 0
SET, 174.4, 0
SET, 174.5, 0
SET, 174.6, 0
SET, 174.7, 0
SET, 174.8, 0
SET, 174.9, 0
SET, 175.0, 0
SET, 175.1, 0
SET, 175.2, 0
SET, 175.3, 0
SET, 175.4, 0
SET, 175.5, 0
SET, 175.6, 0
SET, 175.7, 0
SET, 175.8, 0
SET, 175.9, 0
SET, 176.0, 0
SET, 176.1, 0
SET, 176.2, 0
SET, 176.3, 0
SET, 176.4, 0
SET, 176.5, 0
SET, 176.6, 1
SET, 176.7, 0
SET, 176.8, 1
SET, 176.9, 0
SET, 177.0, 1
SET, 177.1, 1
SET, 177.2, 1
SET, 177.3, 0
SET, 177.4, 1
SET, 177.5, 0
SET, 177.6, 0
SET, 177.7, 0
SET, 177.8, 0
SET, 177.9, 0
SET, 178.0, 0
SET, 178.1, 0
SET, 178.2, 0
SET, 178.3, 0
SET, 178.4, 0
SET, 178.5, 0
SET, 178.6, 1
SET, 178.7, 0
SET, 178.8, 0
SET, 178.9, 0
SET, 179.0, 1
SET, 179.1, 0
SET, 179.2, 1
SET, 179.3, 1
SET, 179.4, 1
SET, 179.5, 1
SET, 179.6, 1
SET, 179.7, 1
SET, 179.8, 5
SET, 179.9, 0
SET, 180.0, 2
SET, 180.1, 0
SET, 180.2, 0
SET, 180.3, 1
SET, 180.4, 1
SET, 180.5, 0
SET, 180.6, 0
SET, 180.7, 0
SET, 180.8, 0
SET, 180.9, 0
SET, 181.0, 0
SET, 181.1, 0
SET, 181.2, 0
SET, 181.3, 0
SET, 181.4, 0
SET, 181.5, 0
SET, 181.6, 0
SET, 181.7, 0
SET, 181.8, 0
SET, 181.9, 0
SET, 182.0, 0
SET, 182.1, 0
SET, 182.2, 0
SET, 182.3, 0
SET, 182.4, 0
SET, 182.5, 0
SET, 182.6, 0
SET, 182.7, 0
SET, 182.8, 0
SET, 182.9, 0
SET, 183.0, 0
SET, 183.1, 0
SET, 183.2, 0
SET, 183.3, 0
SET, 183.4, 0
SET, 183.5, 0
SET, 183.6, 0
SET, 183.7, 0
SET, 183.8, 0
SET, 183.9, 0
SET, 184.0, 0
SET, 184.1, 0
SET, 184.2, 0
SET, 184.3, 0
SET, 184.4, 0
SET, 184.5, 0
SET, 184.6, 0
SET, 184.7, 0
SET, 184.8, 0
SET, 184.9, 0
SET, 185.0, 0
SET, 185.1, 0
SET, 185.2, 0
SET, 185.3, 0
SET, 185.4, 0
SET, 185.5, 0
SET, 185.6, 0
SET, 185.7, 0
SET, 185.8, 0
SET, 185.9, 0
SET, 186.0, 0
SET, 186.1, 0
SET, 186.2, 0
SET, 186.3, 0
SET, 186.4, 0
SET, 186.5, 0
SET, 186.6, 0
SET, 186.7, 0
SET, 186.8, 0
SET, 186.9, 0
SET, 187.0, 0
SET, 187.1, 0
SET, 187.2, 0
SET, 187.3, 0
SET, 187.4, 0
SET, 187.5, 0
SET, 187.6, 0
SET, 187.7, 0
SET, 187.8, 0
SET, 187.9, 0
SET, 188.0, 0
SET, 188.1, 0
SET, 188.2, 0
SET, 188.3, 0
SET, 188.4, 0
SET, 188.5, 0
SET, 188.6, 0
SET, 188.7, 0
SET, 188.8, 0
SET, 188.9, 0
SET, 189.0, 0
SET, 189.1, 0
SET, 189.2, 0
SET, 189.3, 0
SET, 189.4, 0
SET, 189.5, 0
SET, 189.6, 0
SET, 189.7, 0
SET, 189.8, 0
SET, 189.9, 0
SET, 190.0, 0
SET, 190.1, 1
SET, 190.2, 0
SET, 190.3, 0
SET, 190.4, 0
SET, 190.5, 0
SET, 190.6, 0
SET, 190.7, 1
SET, 190.8, 0
SET, 190.9, 0
SET, 191.0, 0
SET, 191.1, 1
SET, 191.2, 0
SET, 191.3, 0
SET, 191.4, 0
SET, 191.5, 0
SET, 191.6, 1
SET, 191.7, 0
SET, 191.8, 0
SET, 191.9, 1
SET, 192.0, 0
SET, 192.1, 0
SET, 192.2, 0
SET, 192.3, 1
SET, 192.4, 2
SET, 192.5, 0
SET, 192.6, 0
SET, 192.7, 0
SET, 192.8, 0
SET, 192.9, 1
SET, 193.0, 0
SET, 193.1, 0
SET, 193.2, 0
SET, 193.3, 0
SET, 193.4, 0
SET, 193.5, 0
SET, 193.6, 0
SET, 193.7, 0
SET, 193.8, 0
SET, 193.9, 0
SET, 194.0, 0
SET, 194.1, 0
SET, 194.2, 0
SET, 194.3, 0
SET, 194.4, 0
SET, 194.5, 0
SET, 194.6, 1
SET, 194.7, 0
SET, 194.8, 0
SET, 194.9, 2
SET, 195.0, 0
SET, 195.1, 0
SET, 195.2, 0
SET, 195.3, 0
SET, 195.4, 0
SET, 195.5, 0
SET, 195.6, 0
SET, 195.7, 0
SET, 195.8, 1
SET, 195.9, 0
SET, 196.0, 0
SET, 196.1, 0
SET, 196.2, 0
SET, 196.3, 0
SET, 196.4, 0
SET, 196.5, 0
SET, 196.6, 0
SET, 196.7, 0
SET, 196.8, 0
SET, 196.9, 0
SET, 197.0, 0
SET, 197.1, 0
SET, 197.2, 0
SET, 197.3, 0
SET, 197.4, 0
SET, 197.5, 0
SET, 197.6, 0
SET, 197.7, 0
SET, 197.8, 0
SET, 197.9, 0
SET, 198.0, 0
SET, 198.1, 0
SET, 198.2, 0
SET, 198.3, 0
SET, 198.4, 1
SET, 198.5, 0
SET, 198.6, 0
SET, 198.7, 0
SET, 198.8, 0
SET, 198.9, 0
SET, 199.0, 0
SET, 199.1, 0
SET, 199.2, 0
SET, 199.3, 0
SET, 199.4, 0
SET, 199.5, 0
SET, 199.6, 0
SET, 199.7, 0
SET, 199.8, 0
SET, 199.9, 0
SET, 200.0, 0
SET, 200.1, 0
SET, 200.2, 0
SET, 200.3, 0
SET, 200.4, 0
SET, 200.5, 0
SET, 200.6, 0
SET, 200.7, 0
SET, 200.8, 0
SET, 200.9, 0
SET, 201.0, 0
SET, 201.1, 0
SET, 201.2, 0
SET, 201.3, 0
SET, 201.4, 0
SET, 201.5, 0
SET, 201.6, 0
SET, 201.7, 0
SET, 201.8, 0
SET, 201.9, 0
SET, 202.0, 0
SET, 202.1, 0
SET, 202.2, 0
SET, 202.3, 1
SET, 202.4, 0
SET, 202.5, 1
SET, 202.6, 1
SET, 202.7, 0
SET, 202.8, 0
SET, 202.9, 0
SET, 203.0, 0
SET, 203.1, 0
SET, 203.2, 0
SET, 203.3, 0
SET, 203.4, 0
SET, 203.5, 0
SET, 203.6, 0
SET, 203.7, 0
SET, 203.8, 0
SET, 203.9, 0
SET, 204.0, 0
SET, 204.1, 0
SET, 204.2, 0
SET, 204.3, 0
SET, 204.4, 0
SET, 204.5, 0
SET, 204.6, 1
SET, 204.7, 0
SET, 204.8, 1
SET, 204.9, 0
SET, 205.0, 0
SET, 205.1, 0
SET, 205.2, 0
SET, 205.3, 1
SET, 205.4, 0
SET, 205.5, 0
SET, 205.6, 1
SET, 205.7, 0
SET, 205.8, 0
SET, 205.9, 1
SET, 206.0, 0
SET, 206.1, 0
SET, 206.2, 0
SET, 206.3, 0
SET, 206.4, 0
SET, 206.5, 0
SET, 206.6, 2
SET, 206.7, 0
SET, 206.8, 0
SET, 206.9, 0
SET, 207.0, 0
SET, 207.1, 1
SET, 207.2, 0
SET, 207.3, 0
SET, 207.4, 0
SET, 207.5, 0
SET, 207.6, 0
SET, 207.7, 0
SET, 207.8, 0
SET, 207.9, 0
SET, 208.0, 0
SET, 208.1, 0
SET, 208.2, 0
SET, 208.3, 0
SET, 208.4, 0
SET, 208.5, 0
SET, 208.6, 0
SET, 208.7, 0
SET, 208.8, 0
SET, 208.9, 0
SET, 209.0, 0
SET, 209.1, 0
SET, 209.2, 0
SET, 209.3, 0
SET, 209.4, 0
SET, 209.5, 0
SET, 209.6, 0
SET, 209.7, 0
SET, 209.8, 0
SET, 209.9, 0
SET, 210.0, 0
SET, 210.1, 0
SET, 210.2, 1
SET, 210.3, 0
SET, 210.4, 0
SET, 210.5, 1
SET, 210.6, 1
SET, 210.7, 0
SET, 210.8, 0
SET, 210.9, 0
SET, 211.0, 0
SET, 211.1, 0
SET, 211.2, 0
SET, 211.3, 0
SET, 211.4, 0
SET, 211.5, 0
SET, 211.6, 0
SET, 211.7, 0
SET, 211.8, 0
SET, 211.9, 0
SET, 212.0, 0
SET, 212.1, 0
SET, 212.2, 0
SET, 212.3, 0
SET, 212.4, 0
SET, 212.5, 0
SET, 212.6, 0
SET, 212.7, 0
SET, 212.8, 0
SET, 212.9, 0
SET, 213.0, 0
SET, 213.1, 0
SET, 213.2, 0
SET, 213.3, 0
SET, 213.4, 0
SET, 213.5, 0
SET, 213.6, 0
SET, 213.7, 0
SET, 213.8, 0
SET, 213.9, 0
SET, 214.0, 0
SET, 214.1, 0
SET, 214.2, 0
SET, 214.3, 0
SET, 214.4, 0
SET, 214.5, 0
SET, 214.6, 0
SET, 214.7, 0
SET, 214.8, 0
SET, 214.9, 0
SET, 215.0, 0
SET, 215.1, 0
SET, 215.2, 0
SET, 215.3, 0
SET, 215.4, 0
SET, 215.5, 0
SET, 215.6, 0
SET, 215.7, 0
SET, 215.8, 0
SET, 215.9, 0
SET, 216.0, 0
SET, 216.1, 0
SET, 216.2, 0
SET, 216.3, 0
SET, 216.4, 0
SET, 216.5, 0
SET, 216.6, 0
SET, 216.7, 0
SET, 216.8, 0
SET, 216.9, 0
SET, 217.0, 0
SET, 217.1, 0
SET, 217.2, 0
SET, 217.3, 0
SET, 217.4, 0
SET, 217.5, 0
SET, 217.6, 0
SET, 217.7, 0
SET, 217.8, 0
SET, 217.9, 0
SET, 218.0, 0
SET, 218.1, 0
SET, 218.2, 0
SET, 218.3, 0
SET, 218.4, 0
SET, 218.5, 0
SET, 218.6, 0
SET, 218.7, 0
SET, 218.8, 0
SET, 218.9, 0
SET, 219.0, 1
SET, 219.1, 0
SET, 219.2, 0
SET, 219.3, 1
SET, 219.4, 0
SET, 219.5, 0
SET, 219.6, 1
SET, 219.7, 0
SET, 219.8, 1
SET, 219.9, 0
SET, 220.0, 0
SET, 220.1, 1
SET, 220.2, 0
SET, 220.3, 0
SET, 220.4, 0
SET, 220.5, 0
SET, 220.6, 0
SET, 220.7, 0
SET, 220.8, 0
SET, 220.9, 0
SET, 221.0, 0
SET, 221.1, 0
SET, 221.2, 0
SET, 221.3, 0
SET, 221.4, 0
SET, 221.5, 0
SET, 221.6, 1
SET, 221.7, 2
SET, 221.8, 0
SET, 221.9, 0
SET, 222.0, 0
SET, 222.1, 0
SET, 222.2, 0
SET, 222.3, 0
SET, 222.4, 0
SET, 222.5, 1
SET, 222.6, 0
SET, 222.7, 0
SET, 222.8, 1
SET, 222.9, 1
SET, 223.0, 0
SET, 223.1, 0
SET, 223.2, 0
SET, 223.3, 0
SET, 223.4, 0
SET, 223.5, 0
SET, 223.6, 0
SET, 223.7, 1
SET, 223.8, 0
SET, 223.9, 0
SET, 224.0, 1
SET, 224.1, 0
SET, 224.2, 1
SET, 224.3, 0
SET, 224.4, 0
SET, 224.5, 0
SET, 224.6, 2
SET, 224.7, 1
SET, 224.8, 0
SET, 224.9, 0
SET, 225.0, 0
SET, 225.1, 0
SET, 225.2, 0
SET, 225.3, 0
SET, 225.4, 0
SET, 225.5, 0
SET, 225.6, 0
SET, 225.7, 0
SET, 225.8, 0
SET, 225.9, 0
SET, 226.0, 0
SET, 226.1, 1
SET, 226.2, 0
SET, 226.3, 0
SET, 226.4, 0
SET, 226.5, 0
SET, 226.6, 0
SET, 226.7, 0
SET, 226.8, 0
SET, 226.9, 0
SET, 227.0, 0
SET, 227.1, 0
SET, 227.2, 0
SET, 227.3, 1
SET, 227.4, 0
SET, 227.5, 0
SET, 227.6, 0
SET, 227.7, 0
SET, 227.8, 0
SET, 227.9, 0
SET, 228.0, 0
SET, 228.1, 1
SET, 228.2, 1
SET, 228.3, 0
SET, 228.4, 0
SET, 228.5, 0
SET, 228.6, 1
SET, 228.7, 0
SET, 228.8, 0
SET, 228.9, 1
SET, 229.0, 0
SET, 229.1, 0
SET, 229.2, 0
SET, 229.3, 0
SET, 229.4, 1
SET, 229.5, 0
SET, 229.6, 0
SET, 229.7, 0
SET, 229.8, 0
SET, 229.9, 0
SET, 230.0, 0
SET, 230.1, 0
SET, 230.2, 0
SET, 230.3, 0
SET, 230.4, 0
SET, 230.5, 0
SET, 230.6, 0
SET, 230.7, 0
SET, 230.8, 0
SET, 230.9, 0
SET, 231.0, 0
SET, 231.1, 0
SET, 231.2, 0
SET, 231.3, 0
SET, 231.4, 0
SET, 231.5, 0
SET, 231.6, 0
SET, 231.7, 0
SET, 231.8, 0
SET, 231.9, 0
SET, 232.0, 0
SET, 232.1, 0
SET, 232.2, 0
SET, 232.3, 0
SET, 232.4, 0
SET, 232.5, 0
SET, 232.6, 0
SET, 232.7, 0
SET, 232.8, 0
SET, 232.9, 0
SET, 233.0, 0
SET, 233.1, 0
SET, 233.2, 0
SET, 233.3, 0
SET, 233.4, 0
SET, 233.5, 0
SET, 233.6, 0
SET, 233.7, 0
SET, 233.8, 0
SET, 233.9, 0
SET, 234.0, 0
SET, 234.1, 0
SET, 234.2, 0
SET, 234.3, 0
SET, 234.4, 0
SET, 234.5, 0
SET, 234.6, 0
SET, 234.7, 0
SET, 234.8, 0
SET, 234.9, 0
SET, 235.0, 0
SET, 235.1, 0
SET, 235.2, 0
SET, 235.3, 0
SET, 235.4, 0
SET, 235.5, 0
SET, 235.6, 0
SET, 235.7, 0
SET, 235.8, 0
SET, 235.9, 0
SET, 236.0, 0
SET, 236.1, 0
SET, 236.2, 0
SET, 236.3, 0
SET, 236.4, 0
SET, 236.5, 0
SET, 236.6, 0
SET, 236.7, 0
SET, 236.8, 0
SET, 236.9, 0
SET, 237.0, 0
SET, 237.1, 0
SET, 237.2, 0
SET, 237.3, 0
SET, 237.4, 0
SET, 237.5, 0
SET, 237.6, 0
SET, 237.7, 0
SET, 237.8, 0
SET, 237.9, 1
SET, 238.0, 0
SET, 238.1, 0
SET, 238.2, 0
SET, 238.3, 1
SET, 238.4, 1
SET, 238.5, 0
SET, 238.6, 0
SET, 238.7, 0
SET, 238.8, 0
SET, 238.9, 1
SET, 239.0, 0
SET, 239.1, 1
SET, 239.2, 1
SET, 239.3, 0
SET, 239.4, 0
SET, 239.5, 1
