Elapsed Time, AVG Throughput, AVG Queue Size, AVG Waiting Time, AVG Service Time, AVG Response Time, AVG SET Response Time, AVG GET Response Time, AVG MULTI-GET Response Time, #SETS, #GETS, #MULTIGETS, GET MissRatio, MULTI-GET MissRatio, AVG MULTI-GET Size
 5.00, 2860, 90, 34.147408, 10.247001, 44.696556, 0.000000, 44.696556, 0.000000, 0, 14301, 0, 0.00, 0.00, 0
10.00, 2929, 93, 35.162808, 10.790827, 46.083130, 0.000000, 46.083130, 0.000000, 0, 14646, 0, 0.00, 0.00, 0
15.00, 2956, 83, 31.297442, 10.709252, 42.100914, 0.000000, 42.100914, 0.000000, 0, 14784, 0, 0.00, 0.00, 0
20.00, 2938, 93, 34.938177, 10.788939, 45.822984, 0.000000, 45.822984, 0.000000, 0, 14694, 0, 0.00, 0.00, 0
25.00, 2995, 93, 34.255447, 10.562177, 44.933588, 0.000000, 44.933588, 0.000000, 0, 14979, 0, 0.00, 0.00, 0
30.00, 2957, 93, 34.699062, 10.701649, 45.507954, 0.000000, 45.507954, 0.000000, 0, 14788, 0, 0.00, 0.00, 0
35.00, 2949, 93, 34.816144, 10.735307, 45.665679, 0.000000, 45.665679, 0.000000, 0, 14748, 0, 0.00, 0.00, 0
40.00, 2938, 93, 34.923937, 10.754098, 45.767408, 0.000000, 45.767408, 0.000000, 0, 14690, 0, 0.00, 0.00, 0
45.00, 2939, 86, 32.462395, 10.802597, 43.350931, 0.000000, 43.350931, 0.000000, 0, 14695, 0, 0.00, 0.00, 0
50.00, 2931, 94, 35.192403, 10.839268, 46.110340, 0.000000, 46.110340, 0.000000, 0, 14659, 0, 0.00, 0.00, 0
55.00, 2948, 93, 34.886777, 10.735711, 45.738595, 0.000000, 45.738595, 0.000000, 0, 14744, 0, 0.00, 0.00, 0
60.00, 2959, 93, 34.759243, 10.709072, 45.575498, 0.000000, 45.575498, 0.000000, 0, 14795, 0, 0.00, 0.00, 0
65.00, 2957, 93, 34.964127, 10.722443, 45.788814, 0.000000, 45.788814, 0.000000, 0, 14789, 0, 0.00, 0.00, 0
70.00, 2949, 93, 34.992331, 10.758901, 45.838371, 0.000000, 45.838371, 0.000000, 0, 14747, 0, 0.00, 0.00, 0
70.00, 84, 26, 17.570075, 9.925967, 27.612001, 0.000000, 27.612001, 0.000000, 0, 420, 0, 0.00, 0.00, 0
Type, Interval, Responses
GET, 0.1, 0
GET, 0.2, 0
GET, 0.3, 0
GET, 0.4, 0
GET, 0.5, 0
GET, 0.6, 1
GET, 0.7, 0
GET, 0.8, 1
GET, 0.9, 1
GET, 1.0, 0
GET, 1.1, 2
GET, 1.2, 3
GET, 1.3, 3
GET, 1.4, 4
GET, 1.5, 1
GET, 1.6, 1
GET, 1.7, 4
GET, 1.8, 4
GET, 1.9, 0
GET, 2.0, 2
GET, 2.1, 2
GET, 2.2, 4
GET, 2.3, 0
GET, 2.4, 2
GET, 2.5, 1
GET, 2.6, 2
GET, 2.7, 3
GET, 2.8, 3
GET, 2.9, 3
GET, 3.0, 3
GET, 3.1, 0
GET, 3.2, 5
GET, 3.3, 2
GET, 3.4, 7
GET, 3.5, 4
GET, 3.6, 1
GET, 3.7, 2
GET, 3.8, 1
GET, 3.9, 4
GET, 4.0, 4
GET, 4.1, 1
GET, 4.2, 2
GET, 4.3, 1
GET, 4.4, 3
GET, 4.5, 2
GET, 4.6, 0
GET, 4.7, 1
GET, 4.8, 1
GET, 4.9, 1
GET, 5.0, 0
GET, 5.1, 2
GET, 5.2, 1
GET, 5.3, 1
GET, 5.4, 2
GET, 5.5, 1
GET, 5.6, 2
GET, 5.7, 1
GET, 5.8, 4
GET, 5.9, 2
GET, 6.0, 1
GET, 6.1, 1
GET, 6.2, 1
GET, 6.3, 2
GET, 6.4, 0
GET, 6.5, 2
GET, 6.6, 3
GET, 6.7, 2
GET, 6.8, 3
GET, 6.9, 2
GET, 7.0, 3
GET, 7.1, 1
GET, 7.2, 1
GET, 7.3, 1
GET, 7.4, 2
GET, 7.5, 2
GET, 7.6, 2
GET, 7.7, 2
GET, 7.8, 3
GET, 7.9, 2
GET, 8.0, 2
GET, 8.1, 0
GET, 8.2, 2
GET, 8.3, 2
GET, 8.4, 1
GET, 8.5, 2
GET, 8.6, 5
GET, 8.7, 3
GET, 8.8, 2
GET, 8.9, 5
GET, 9.0, 3
GET, 9.1, 0
GET, 9.2, 7
GET, 9.3, 8
GET, 9.4, 4
GET, 9.5, 5
GET, 9.6, 14
GET, 9.7, 10
GET, 9.8, 1
GET, 9.9, 5
GET, 10.0, 8
GET, 10.1, 3
GET, 10.2, 7
GET, 10.3, 6
GET, 10.4, 10
GET, 10.5, 9
GET, 10.6, 6
GET, 10.7, 7
GET, 10.8, 6
GET, 10.9, 5
GET, 11.0, 1
GET, 11.1, 5
GET, 11.2, 10
GET, 11.3, 5
GET, 11.4, 3
GET, 11.5, 0
GET, 11.6, 4
GET, 11.7, 2
GET, 11.8, 2
GET, 11.9, 1
GET, 12.0, 1
GET, 12.1, 2
GET, 12.2, 1
GET, 12.3, 2
GET, 12.4, 0
GET, 12.5, 3
GET, 12.6, 4
GET, 12.7, 4
GET, 12.8, 5
GET, 12.9, 4
GET, 13.0, 6
GET, 13.1, 5
GET, 13.2, 9
GET, 13.3, 8
GET, 13.4, 10
GET, 13.5, 13
GET, 13.6, 19
GET, 13.7, 17
GET, 13.8, 24
GET, 13.9, 20
GET, 14.0, 13
GET, 14.1, 13
GET, 14.2, 17
GET, 14.3, 15
GET, 14.4, 16
GET, 14.5, 14
GET, 14.6, 14
GET, 14.7, 14
GET, 14.8, 11
GET, 14.9, 8
GET, 15.0, 9
GET, 15.1, 7
GET, 15.2, 5
GET, 15.3, 6
GET, 15.4, 8
GET, 15.5, 6
GET, 15.6, 2
GET, 15.7, 7
GET, 15.8, 7
GET, 15.9, 3
GET, 16.0, 9
GET, 16.1, 10
GET, 16.2, 10
GET, 16.3, 8
GET, 16.4, 5
GET, 16.5, 11
GET, 16.6, 9
GET, 16.7, 12
GET, 16.8, 9
GET, 16.9, 12
GET, 17.0, 10
GET, 17.1, 5
GET, 17.2, 5
GET, 17.3, 7
GET, 17.4, 21
GET, 17.5, 12
GET, 17.6, 10
GET, 17.7, 9
GET, 17.8, 9
GET, 17.9, 8
GET, 18.0, 10
GET, 18.1, 6
GET, 18.2, 10
GET, 18.3, 16
GET, 18.4, 13
GET, 18.5, 17
GET, 18.6, 15
GET, 18.7, 15
GET, 18.8, 16
GET, 18.9, 18
GET, 19.0, 10
GET, 19.1, 16
GET, 19.2, 7
GET, 19.3, 13
GET, 19.4, 14
GET, 19.5, 11
GET, 19.6, 9
GET, 19.7, 8
GET, 19.8, 7
GET, 19.9, 9
GET, 20.0, 10
GET, 20.1, 8
GET, 20.2, 8
GET, 20.3, 7
GET, 20.4, 9
GET, 20.5, 8
GET, 20.6, 12
GET, 20.7, 14
GET, 20.8, 17
GET, 20.9, 9
GET, 21.0, 14
GET, 21.1, 16
GET, 21.2, 11
GET, 21.3, 6
GET, 21.4, 4
GET, 21.5, 9
GET, 21.6, 6
GET, 21.7, 11
GET, 21.8, 18
GET, 21.9, 13
GET, 22.0, 21
GET, 22.1, 9
GET, 22.2, 16
GET, 22.3, 10
GET, 22.4, 29
GET, 22.5, 12
GET, 22.6, 16
GET, 22.7, 15
GET, 22.8, 15
GET, 22.9, 28
GET, 23.0, 26
GET, 23.1, 27
GET, 23.2, 29
GET, 23.3, 22
GET, 23.4, 21
GET, 23.5, 28
GET, 23.6, 19
GET, 23.7, 25
GET, 23.8, 18
GET, 23.9, 23
GET, 24.0, 17
GET, 24.1, 35
GET, 24.2, 35
GET, 24.3, 30
GET, 24.4, 34
GET, 24.5, 30
GET, 24.6, 42
GET, 24.7, 32
GET, 24.8, 35
GET, 24.9, 41
GET, 25.0, 51
GET, 25.1, 71
GET, 25.2, 73
GET, 25.3, 66
GET, 25.4, 76
GET, 25.5, 73
GET, 25.6, 68
GET, 25.7, 59
GET, 25.8, 48
GET, 25.9, 55
GET, 26.0, 78
GET, 26.1, 91
GET, 26.2, 101
GET, 26.3, 80
GET, 26.4, 80
GET, 26.5, 79
GET, 26.6, 98
GET, 26.7, 97
GET, 26.8, 72
GET, 26.9, 79
GET, 27.0, 100
GET, 27.1, 116
GET, 27.2, 98
GET, 27.3, 104
GET, 27.4, 115
GET, 27.5, 102
GET, 27.6, 81
GET, 27.7, 79
GET, 27.8, 60
GET, 27.9, 86
GET, 28.0, 81
GET, 28.1, 105
GET, 28.2, 106
GET, 28.3, 90
GET, 28.4, 103
GET, 28.5, 105
GET, 28.6, 87
GET, 28.7, 90
GET, 28.8, 98
GET, 28.9, 107
GET, 29.0, 102
GET, 29.1, 105
GET, 29.2, 99
GET, 29.3, 113
GET, 29.4, 129
GET, 29.5, 137
GET, 29.6, 153
GET, 29.7, 147
GET, 29.8, 165
GET, 29.9, 181
GET, 30.0, 171
GET, 30.1, 180
GET, 30.2, 187
GET, 30.3, 215
GET, 30.4, 226
GET, 30.5, 233
GET, 30.6, 238
GET, 30.7, 251
GET, 30.8, 214
GET, 30.9, 198
GET, 31.0, 177
GET, 31.1, 175
GET, 31.2, 205
GET, 31.3, 194
GET, 31.4, 167
GET, 31.5, 169
GET, 31.6, 187
GET, 31.7, 212
GET, 31.8, 239
GET, 31.9, 169
GET, 32.0, 183
GET, 32.1, 172
GET, 32.2, 142
GET, 32.3, 151
GET, 32.4, 107
GET, 32.5, 111
GET, 32.6, 98
GET, 32.7, 92
GET, 32.8, 79
GET, 32.9, 82
GET, 33.0, 68
GET, 33.1, 51
GET, 33.2, 64
GET, 33.3, 61
GET, 33.4, 60
GET, 33.5, 71
GET, 33.6, 72
GET, 33.7, 71
GET, 33.8, 73
GET, 33.9, 79
GET, 34.0, 44
GET, 34.1, 51
GET, 34.2, 59
GET, 34.3, 71
GET, 34.4, 79
GET, 34.5, 82
GET, 34.6, 67
GET, 34.7, 61
GET, 34.8, 85
GET, 34.9, 96
GET, 35.0, 63
GET, 35.1, 87
GET, 35.2, 73
GET, 35.3, 75
GET, 35.4, 87
GET, 35.5, 100
GET, 35.6, 120
GET, 35.7, 88
GET, 35.8, 94
GET, 35.9, 110
GET, 36.0, 128
GET, 36.1, 114
GET, 36.2, 141
GET, 36.3, 126
GET, 36.4, 137
GET, 36.5, 151
GET, 36.6, 143
GET, 36.7, 168
GET, 36.8, 163
GET, 36.9, 186
GET, 37.0, 182
GET, 37.1, 201
GET, 37.2, 175
GET, 37.3, 212
GET, 37.4, 217
GET, 37.5, 225
GET, 37.6, 250
GET, 37.7, 231
GET, 37.8, 252
GET, 37.9, 225
GET, 38.0, 213
GET, 38.1, 232
GET, 38.2, 245
GET, 38.3, 272
GET, 38.4, 258
GET, 38.5, 257
GET, 38.6, 260
GET, 38.7, 278
GET, 38.8, 264
GET, 38.9, 291
GET, 39.0, 276
GET, 39.1, 321
GET, 39.2, 304
GET, 39.3, 321
GET, 39.4, 326
GET, 39.5, 373
GET, 39.6, 459
GET, 39.7, 487
GET, 39.8, 521
GET, 39.9, 676
GET, 40.0, 769
GET, 40.1, 805
GET, 40.2, 996
GET, 40.3, 1056
GET, 40.4, 1266
GET, 40.5, 1366
GET, 40.6, 1506
GET, 40.7, 1593
GET, 40.8, 1603
GET, 40.9, 1606
GET, 41.0, 1624
GET, 41.1, 1604
GET, 41.2, 1572
GET, 41.3, 1613
GET, 41.4, 1533
GET, 41.5, 1594
GET, 41.6, 1653
GET, 41.7, 1656
GET, 41.8, 1604
GET, 41.9, 1665
GET, 42.0, 1471
GET, 42.1, 1581
GET, 42.2, 1597
GET, 42.3, 1507
GET, 42.4, 1540
GET, 42.5, 1520
GET, 42.6, 1489
GET, 42.7, 1535
GET, 42.8, 1455
GET, 42.9, 1422
GET, 43.0, 1500
GET, 43.1, 1479
GET, 43.2, 1464
GET, 43.3, 1413
GET, 43.4, 1467
GET, 43.5, 1486
GET, 43.6, 1378
GET, 43.7, 1335
GET, 43.8, 1376
GET, 43.9, 1421
GET, 44.0, 1440
GET, 44.1, 1501
GET, 44.2, 1463
GET, 44.3, 1499
GET, 44.4, 1476
GET, 44.5, 1498
GET, 44.6, 1532
GET, 44.7, 1706
GET, 44.8, 1731
GET, 44.9, 1871
GET, 45.0, 1955
GET, 45.1, 2020
GET, 45.2, 2192
GET, 45.3, 2374
GET, 45.4, 2672
GET, 45.5, 3080
GET, 45.6, 3335
GET, 45.7, 3776
GET, 45.8, 4045
GET, 45.9, 4622
GET, 46.0, 4554
GET, 46.1, 4741
GET, 46.2, 4541
GET, 46.3, 4087
GET, 46.4, 3452
GET, 46.5, 2816
GET, 46.6, 2300
GET, 46.7, 1816
GET, 46.8, 1443
GET, 46.9, 1039
GET, 47.0, 913
GET, 47.1, 823
GET, 47.2, 658
GET, 47.3, 602
GET, 47.4, 539
GET, 47.5, 543
GET, 47.6, 478
GET, 47.7, 443
GET, 47.8, 400
GET, 47.9, 428
GET, 48.0, 371
GET, 48.1, 362
GET, 48.2, 350
GET, 48.3, 297
GET, 48.4, 338
GET, 48.5, 336
GET, 48.6, 336
GET, 48.7, 377
GET, 48.8, 347
GET, 48.9, 317
GET, 49.0, 313
GET, 49.1, 332
GET, 49.2, 352
GET, 49.3, 313
GET, 49.4, 278
GET, 49.5, 298
GET, 49.6, 351
GET, 49.7, 307
GET, 49.8, 299
GET, 49.9, 297
GET, 50.0, 294
GET, 50.1, 293
GET, 50.2, 291
GET, 50.3, 235
GET, 50.4, 279
GET, 50.5, 291
GET, 50.6, 294
GET, 50.7, 291
GET, 50.8, 253
GET, 50.9, 265
GET, 51.0, 295
GET, 51.1, 285
GET, 51.2, 262
GET, 51.3, 248
GET, 51.4, 281
GET, 51.5, 262
GET, 51.6, 252
GET, 51.7, 241
GET, 51.8, 226
GET, 51.9, 228
GET, 52.0, 199
GET, 52.1, 217
GET, 52.2, 214
GET, 52.3, 186
GET, 52.4, 185
GET, 52.5, 178
GET, 52.6, 165
GET, 52.7, 187
GET, 52.8, 148
GET, 52.9, 147
GET, 53.0, 177
GET, 53.1, 193
GET, 53.2, 154
GET, 53.3, 171
GET, 53.4, 181
GET, 53.5, 157
GET, 53.6, 176
GET, 53.7, 164
GET, 53.8, 164
GET, 53.9, 174
GET, 54.0, 170
GET, 54.1, 177
GET, 54.2, 212
GET, 54.3, 220
GET, 54.4, 196
GET, 54.5, 210
GET, 54.6, 237
GET, 54.7, 227
GET, 54.8, 256
GET, 54.9, 251
GET, 55.0, 280
GET, 55.1, 310
GET, 55.2, 303
GET, 55.3, 338
GET, 55.4, 367
GET, 55.5, 324
GET, 55.6, 354
GET, 55.7, 344
GET, 55.8, 355
GET, 55.9, 346
GET, 56.0, 328
GET, 56.1, 340
GET, 56.2, 360
GET, 56.3, 345
GET, 56.4, 337
GET, 56.5, 300
GET, 56.6, 278
GET, 56.7, 304
GET, 56.8, 294
GET, 56.9, 288
GET, 57.0, 288
GET, 57.1, 294
GET, 57.2, 328
GET, 57.3, 310
GET, 57.4, 317
GET, 57.5, 294
GET, 57.6, 269
GET, 57.7, 280
GET, 57.8, 241
GET, 57.9, 262
GET, 58.0, 260
GET, 58.1, 235
GET, 58.2, 249
GET, 58.3, 232
GET, 58.4, 251
GET, 58.5, 268
GET, 58.6, 261
GET, 58.7, 241
GET, 58.8, 247
GET, 58.9, 230
GET, 59.0, 255
GET, 59.1, 245
GET, 59.2, 234
GET, 59.3, 228
GET, 59.4, 247
GET, 59.5, 244
GET, 59.6, 272
GET, 59.7, 262
GET, 59.8, 247
GET, 59.9, 295
GET, 60.0, 299
GET, 60.1, 384
GET, 60.2, 376
GET, 60.3, 370
GET, 60.4, 430
GET, 60.5, 441
GET, 60.6, 455
GET, 60.7, 501
GET, 60.8, 517
GET, 60.9, 467
GET, 61.0, 410
GET, 61.1, 361
GET, 61.2, 287
GET, 61.3, 265
GET, 61.4, 167
GET, 61.5, 171
GET, 61.6, 129
GET, 61.7, 115
GET, 61.8, 95
GET, 61.9, 99
GET, 62.0, 89
GET, 62.1, 93
GET, 62.2, 75
GET, 62.3, 88
GET, 62.4, 75
GET, 62.5, 57
GET, 62.6, 60
GET, 62.7, 56
GET, 62.8, 56
GET, 62.9, 48
GET, 63.0, 50
GET, 63.1, 53
GET, 63.2, 45
GET, 63.3, 48
GET, 63.4, 51
GET, 63.5, 44
GET, 63.6, 39
GET, 63.7, 41
GET, 63.8, 56
GET, 63.9, 49
GET, 64.0, 33
GET, 64.1, 44
GET, 64.2, 36
GET, 64.3, 28
GET, 64.4, 32
GET, 64.5, 42
GET, 64.6, 30
GET, 64.7, 37
GET, 64.8, 35
GET, 64.9, 36
GET, 65.0, 34
GET, 65.1, 43
GET, 65.2, 37
GET, 65.3, 33
GET, 65.4, 31
GET, 65.5, 37
GET, 65.6, 30
GET, 65.7, 41
GET, 65.8, 36
GET, 65.9, 39
GET, 66.0, 24
GET, 66.1, 31
GET, 66.2, 30
GET, 66.3, 22
GET, 66.4, 28
GET, 66.5, 34
GET, 66.6, 23
GET, 66.7, 27
GET, 66.8, 21
GET, 66.9, 14
GET, 67.0, 28
GET, 67.1, 19
GET, 67.2, 15
GET, 67.3, 12
GET, 67.4, 15
GET, 67.5, 11
GET, 67.6, 18
GET, 67.7, 12
GET, 67.8, 10
GET, 67.9, 9
GET, 68.0, 11
GET, 68.1, 13
GET, 68.2, 12
GET, 68.3, 13
GET, 68.4, 7
GET, 68.5, 8
GET, 68.6, 13
GET, 68.7, 5
GET, 68.8, 14
GET, 68.9, 5
GET, 69.0, 8
GET, 69.1, 10
GET, 69.2, 11
GET, 69.3, 11
GET, 69.4, 9
GET, 69.5, 9
GET, 69.6, 8
GET, 69.7, 9
GET, 69.8, 10
GET, 69.9, 10
GET, 70.0, 14
GET, 70.1, 9
GET, 70.2, 10
GET, 70.3, 11
GET, 70.4, 6
GET, 70.5, 9
GET, 70.6, 9
GET, 70.7, 9
GET, 70.8, 10
GET, 70.9, 5
GET, 71.0, 9
GET, 71.1, 5
GET, 71.2, 8
GET, 71.3, 10
GET, 71.4, 7
GET, 71.5, 6
GET, 71.6, 9
GET, 71.7, 10
GET, 71.8, 9
GET, 71.9, 10
GET, 72.0, 8
GET, 72.1, 7
GET, 72.2, 8
GET, 72.3, 4
GET, 72.4, 2
GET, 72.5, 3
GET, 72.6, 3
GET, 72.7, 4
GET, 72.8, 6
GET, 72.9, 5
GET, 73.0, 8
GET, 73.1, 9
GET, 73.2, 5
GET, 73.3, 6
GET, 73.4, 8
GET, 73.5, 2
GET, 73.6, 6
GET, 73.7, 11
GET, 73.8, 6
GET, 73.9, 7
GET, 74.0, 5
GET, 74.1, 7
GET, 74.2, 1
GET, 74.3, 3
GET, 74.4, 5
GET, 74.5, 1
GET, 74.6, 6
GET, 74.7, 4
GET, 74.8, 5
GET, 74.9, 4
GET, 75.0, 4
GET, 75.1, 2
GET, 75.2, 3
GET, 75.3, 2
GET, 75.4, 3
GET, 75.5, 6
GET, 75.6, 5
GET, 75.7, 2
GET, 75.8, 3
GET, 75.9, 0
GET, 76.0, 3
GET, 76.1, 1
GET, 76.2, 0
GET, 76.3, 2
GET, 76.4, 1
GET, 76.5, 1
GET, 76.6, 0
GET, 76.7, 4
GET, 76.8, 3
GET, 76.9, 3
GET, 77.0, 2
GET, 77.1, 3
GET, 77.2, 2
GET, 77.3, 0
GET, 77.4, 4
GET, 77.5, 2
GET, 77.6, 1
GET, 77.7, 2
GET, 77.8, 0
GET, 77.9, 3
GET, 78.0, 0
GET, 78.1, 0
GET, 78.2, 2
GET, 78.3, 4
GET, 78.4, 2
GET, 78.5, 1
GET, 78.6, 1
GET, 78.7, 2
GET, 78.8, 0
GET, 78.9, 0
GET, 79.0, 0
GET, 79.1, 0
GET, 79.2, 0
GET, 79.3, 1
GET, 79.4, 2
GET, 79.5, 0
GET, 79.6, 0
GET, 79.7, 0
GET, 79.8, 1
GET, 79.9, 1
GET, 80.0, 0
GET, 80.1, 1
GET, 80.2, 1
GET, 80.3, 1
GET, 80.4, 0
GET, 80.5, 0
GET, 80.6, 1
GET, 80.7, 0
GET, 80.8, 0
GET, 80.9, 0
GET, 81.0, 0
GET, 81.1, 0
GET, 81.2, 3
GET, 81.3, 0
GET, 81.4, 1
GET, 81.5, 0
GET, 81.6, 0
GET, 81.7, 1
GET, 81.8, 0
GET, 81.9, 0
GET, 82.0, 0
GET, 82.1, 0
GET, 82.2, 1
GET, 82.3, 0
GET, 82.4, 0
GET, 82.5, 0
GET, 82.6, 2
GET, 82.7, 0
GET, 82.8, 0
GET, 82.9, 0
GET, 83.0, 0
GET, 83.1, 0
GET, 83.2, 0
GET, 83.3, 2
GET, 83.4, 1
GET, 83.5, 1
GET, 83.6, 0
GET, 83.7, 2
GET, 83.8, 0
GET, 83.9, 1
GET, 84.0, 0
GET, 84.1, 1
GET, 84.2, 0
GET, 84.3, 0
GET, 84.4, 2
GET, 84.5, 0
GET, 84.6, 0
GET, 84.7, 0
GET, 84.8, 0
GET, 84.9, 1
GET, 85.0, 1
GET, 85.1, 1
GET, 85.2, 0
GET, 85.3, 0
GET, 85.4, 0
GET, 85.5, 0
GET, 85.6, 1
GET, 85.7, 1
GET, 85.8, 2
GET, 85.9, 0
GET, 86.0, 0
GET, 86.1, 0
GET, 86.2, 0
GET, 86.3, 2
GET, 86.4, 0
GET, 86.5, 0
GET, 86.6, 2
GET, 86.7, 0
GET, 86.8, 0
GET, 86.9, 0
GET, 87.0, 1
GET, 87.1, 0
GET, 87.2, 0
GET, 87.3, 2
GET, 87.4, 0
GET, 87.5, 0
GET, 87.6, 0
GET, 87.7, 0
GET, 87.8, 0
GET, 87.9, 0
GET, 88.0, 0
GET, 88.1, 0
GET, 88.2, 0
GET, 88.3, 0
GET, 88.4, 0
GET, 88.5, 0
GET, 88.6, 0
GET, 88.7, 0
GET, 88.8, 1
GET, 88.9, 0
GET, 89.0, 0
GET, 89.1, 0
GET, 89.2, 0
GET, 89.3, 0
GET, 89.4, 0
GET, 89.5, 0
GET, 89.6, 1
GET, 89.7, 0
GET, 89.8, 0
GET, 89.9, 0
GET, 90.0, 0
GET, 90.1, 0
GET, 90.2, 0
GET, 90.3, 0
GET, 90.4, 0
GET, 90.5, 0
GET, 90.6, 0
GET, 90.7, 1
GET, 90.8, 0
GET, 90.9, 0
GET, 91.0, 0
GET, 91.1, 0
GET, 91.2, 0
GET, 91.3, 0
GET, 91.4, 0
GET, 91.5, 0
GET, 91.6, 1
GET, 91.7, 0
GET, 91.8, 0
GET, 91.9, 0
GET, 92.0, 0
GET, 92.1, 0
GET, 92.2, 0
GET, 92.3, 1
GET, 92.4, 0
GET, 92.5, 0
GET, 92.6, 0
GET, 92.7, 0
GET, 92.8, 0
GET, 92.9, 0
GET, 93.0, 0
GET, 93.1, 0
GET, 93.2, 0
GET, 93.3, 0
GET, 93.4, 0
GET, 93.5, 0
GET, 93.6, 0
GET, 93.7, 0
GET, 93.8, 0
GET, 93.9, 0
GET, 94.0, 0
GET, 94.1, 0
GET, 94.2, 0
GET, 94.3, 0
GET, 94.4, 0
GET, 94.5, 0
GET, 94.6, 0
GET, 94.7, 0
GET, 94.8, 0
GET, 94.9, 1
GET, 95.0, 0
GET, 95.1, 0
GET, 95.2, 0
GET, 95.3, 0
GET, 95.4, 0
GET, 95.5, 0
GET, 95.6, 0
GET, 95.7, 0
GET, 95.8, 0
GET, 95.9, 0
GET, 96.0, 0
GET, 96.1, 0
GET, 96.2, 0
GET, 96.3, 0
GET, 96.4, 0
GET, 96.5, 0
GET, 96.6, 0
GET, 96.7, 0
GET, 96.8, 0
GET, 96.9, 0
GET, 97.0, 0
GET, 97.1, 0
GET, 97.2, 0
GET, 97.3, 0
GET, 97.4, 0
GET, 97.5, 0
GET, 97.6, 0
GET, 97.7, 0
GET, 97.8, 0
GET, 97.9, 0
GET, 98.0, 0
GET, 98.1, 0
GET, 98.2, 0
GET, 98.3, 0
GET, 98.4, 1
GET, 98.5, 0
GET, 98.6, 0
GET, 98.7, 0
GET, 98.8, 0
GET, 98.9, 0
GET, 99.0, 0
GET, 99.1, 0
GET, 99.2, 0
GET, 99.3, 0
GET, 99.4, 0
GET, 99.5, 0
GET, 99.6, 0
GET, 99.7, 0
GET, 99.8, 0
GET, 99.9, 0
GET, 100.0, 0
GET, 100.1, 0
GET, 100.2, 0
GET, 100.3, 0
GET, 100.4, 0
GET, 100.5, 0
GET, 100.6, 0
GET, 100.7, 0
GET, 100.8, 0
GET, 100.9, 0
GET, 101.0, 0
GET, 101.1, 0
GET, 101.2, 0
GET, 101.3, 0
GET, 101.4, 0
GET, 101.5, 0
GET, 101.6, 0
GET, 101.7, 0
GET, 101.8, 0
GET, 101.9, 0
GET, 102.0, 0
GET, 102.1, 0
GET, 102.2, 0
GET, 102.3, 0
GET, 102.4, 0
GET, 102.5, 0
GET, 102.6, 0
GET, 102.7, 0
GET, 102.8, 0
GET, 102.9, 0
GET, 103.0, 0
GET, 103.1, 0
GET, 103.2, 0
GET, 103.3, 0
GET, 103.4, 0
GET, 103.5, 0
GET, 103.6, 0
GET, 103.7, 0
GET, 103.8, 0
GET, 103.9, 0
GET, 104.0, 0
GET, 104.1, 0
GET, 104.2, 0
GET, 104.3, 0
GET, 104.4, 0
GET, 104.5, 0
GET, 104.6, 0
GET, 104.7, 0
GET, 104.8, 0
GET, 104.9, 0
GET, 105.0, 0
GET, 105.1, 0
GET, 105.2, 0
GET, 105.3, 0
GET, 105.4, 0
GET, 105.5, 0
GET, 105.6, 0
GET, 105.7, 0
GET, 105.8, 0
GET, 105.9, 0
GET, 106.0, 0
GET, 106.1, 0
GET, 106.2, 0
GET, 106.3, 0
GET, 106.4, 0
GET, 106.5, 0
GET, 106.6, 0
GET, 106.7, 0
GET, 106.8, 0
GET, 106.9, 0
GET, 107.0, 0
GET, 107.1, 0
GET, 107.2, 0
GET, 107.3, 0
GET, 107.4, 0
GET, 107.5, 0
GET, 107.6, 0
GET, 107.7, 0
GET, 107.8, 0
GET, 107.9, 0
GET, 108.0, 0
GET, 108.1, 0
GET, 108.2, 0
GET, 108.3, 0
GET, 108.4, 0
GET, 108.5, 0
GET, 108.6, 0
GET, 108.7, 0
GET, 108.8, 0
GET, 108.9, 0
GET, 109.0, 0
GET, 109.1, 0
GET, 109.2, 0
GET, 109.3, 0
GET, 109.4, 0
GET, 109.5, 0
GET, 109.6, 0
GET, 109.7, 0
GET, 109.8, 0
GET, 109.9, 0
GET, 110.0, 0
GET, 110.1, 0
GET, 110.2, 0
GET, 110.3, 0
GET, 110.4, 0
GET, 110.5, 0
GET, 110.6, 0
GET, 110.7, 0
GET, 110.8, 0
GET, 110.9, 0
GET, 111.0, 0
GET, 111.1, 0
GET, 111.2, 0
GET, 111.3, 0
GET, 111.4, 0
GET, 111.5, 1
GET, 111.6, 0
GET, 111.7, 1
GET, 111.8, 0
GET, 111.9, 0
GET, 112.0, 0
GET, 112.1, 0
GET, 112.2, 0
GET, 112.3, 0
GET, 112.4, 0
GET, 112.5, 0
GET, 112.6, 0
GET, 112.7, 0
GET, 112.8, 0
GET, 112.9, 0
GET, 113.0, 0
GET, 113.1, 0
GET, 113.2, 0
GET, 113.3, 0
GET, 113.4, 0
GET, 113.5, 1
GET, 113.6, 0
GET, 113.7, 0
GET, 113.8, 0
GET, 113.9, 0
GET, 114.0, 0
GET, 114.1, 0
GET, 114.2, 0
GET, 114.3, 0
GET, 114.4, 0
GET, 114.5, 0
GET, 114.6, 0
GET, 114.7, 0
GET, 114.8, 0
GET, 114.9, 0
GET, 115.0, 0
GET, 115.1, 1
GET, 115.2, 0
GET, 115.3, 0
GET, 115.4, 0
GET, 115.5, 0
GET, 115.6, 0
GET, 115.7, 0
GET, 115.8, 0
GET, 115.9, 0
GET, 116.0, 0
GET, 116.1, 0
GET, 116.2, 0
GET, 116.3, 0
GET, 116.4, 0
GET, 116.5, 0
GET, 116.6, 0
GET, 116.7, 0
GET, 116.8, 0
GET, 116.9, 0
GET, 117.0, 1
GET, 117.1, 0
GET, 117.2, 0
GET, 117.3, 0
GET, 117.4, 1
GET, 117.5, 0
GET, 117.6, 0
GET, 117.7, 0
GET, 117.8, 0
GET, 117.9, 0
GET, 118.0, 0
GET, 118.1, 0
GET, 118.2, 0
GET, 118.3, 0
GET, 118.4, 0
GET, 118.5, 0
GET, 118.6, 0
GET, 118.7, 1
GET, 118.8, 0
GET, 118.9, 0
GET, 119.0, 1
GET, 119.1, 0
GET, 119.2, 0
GET, 119.3, 0
GET, 119.4, 0
GET, 119.5, 0
GET, 119.6, 0
GET, 119.7, 0
GET, 119.8, 1
GET, 119.9, 1
GET, 120.0, 0
GET, 120.1, 0
GET, 120.2, 0
GET, 120.3, 0
GET, 120.4, 0
GET, 120.5, 0
GET, 120.6, 0
GET, 120.7, 0
GET, 120.8, 0
GET, 120.9, 0
GET, 121.0, 0
GET, 121.1, 0
GET, 121.2, 0
GET, 121.3, 0
GET, 121.4, 0
GET, 121.5, 0
GET, 121.6, 0
GET, 121.7, 0
GET, 121.8, 0
GET, 121.9, 0
GET, 122.0, 0
GET, 122.1, 0
GET, 122.2, 0
GET, 122.3, 0
GET, 122.4, 0
GET, 122.5, 0
GET, 122.6, 0
GET, 122.7, 0
GET, 122.8, 0
GET, 122.9, 0
GET, 123.0, 0
GET, 123.1, 0
GET, 123.2, 0
GET, 123.3, 0
GET, 123.4, 0
GET, 123.5, 0
GET, 123.6, 0
GET, 123.7, 0
GET, 123.8, 0
GET, 123.9, 0
GET, 124.0, 0
GET, 124.1, 1
GET, 124.2, 1
GET, 124.3, 0
GET, 124.4, 0
GET, 124.5, 1
GET, 124.6, 0
GET, 124.7, 0
GET, 124.8, 0
GET, 124.9, 0
GET, 125.0, 1
GET, 125.1, 0
GET, 125.2, 0
GET, 125.3, 1
GET, 125.4, 0
GET, 125.5, 1
GET, 125.6, 0
GET, 125.7, 0
GET, 125.8, 0
GET, 125.9, 0
GET, 126.0, 0
GET, 126.1, 0
GET, 126.2, 0
GET, 126.3, 0
GET, 126.4, 0
GET, 126.5, 0
GET, 126.6, 1
GET, 126.7, 0
GET, 126.8, 0
GET, 126.9, 0
GET, 127.0, 0
GET, 127.1, 0
GET, 127.2, 0
GET, 127.3, 0
GET, 127.4, 1
GET, 127.5, 0
GET, 127.6, 1
GET, 127.7, 1
GET, 127.8, 1
GET, 127.9, 1
GET, 128.0, 0
GET, 128.1, 2
GET, 128.2, 0
GET, 128.3, 1
GET, 128.4, 0
GET, 128.5, 0
GET, 128.6, 1
GET, 128.7, 0
GET, 128.8, 0
GET, 128.9, 1
GET, 129.0, 0
GET, 129.1, 0
GET, 129.2, 0
GET, 129.3, 2
GET, 129.4, 2
GET, 129.5, 1
GET, 129.6, 0
GET, 129.7, 0
GET, 129.8, 0
GET, 129.9, 0
GET, 130.0, 1
GET, 130.1, 1
GET, 130.2, 0
GET, 130.3, 0
GET, 130.4, 1
GET, 130.5, 1
GET, 130.6, 0
GET, 130.7, 0
GET, 130.8, 0
GET, 130.9, 0
GET, 131.0, 0
GET, 131.1, 0
GET, 131.2, 1
GET, 131.3, 0
GET, 131.4, 0
GET, 131.5, 1
GET, 131.6, 0
GET, 131.7, 0
GET, 131.8, 0
GET, 131.9, 0
GET, 132.0, 0
GET, 132.1, 0
GET, 132.2, 0
GET, 132.3, 0
GET, 132.4, 0
GET, 132.5, 0
GET, 132.6, 0
GET, 132.7, 0
GET, 132.8, 0
GET, 132.9, 1
GET, 133.0, 0
GET, 133.1, 0
GET, 133.2, 0
GET, 133.3, 0
GET, 133.4, 1
GET, 133.5, 0
GET, 133.6, 0
GET, 133.7, 0
GET, 133.8, 0
GET, 133.9, 0
GET, 134.0, 2
GET, 134.1, 0
GET, 134.2, 0
GET, 134.3, 0
GET, 134.4, 0
GET, 134.5, 0
GET, 134.6, 0
GET, 134.7, 0
GET, 134.8, 0
GET, 134.9, 0
GET, 135.0, 0
GET, 135.1, 0
GET, 135.2, 1
GET, 135.3, 0
GET, 135.4, 0
GET, 135.5, 1
GET, 135.6, 0
GET, 135.7, 0
GET, 135.8, 0
GET, 135.9, 0
GET, 136.0, 0
GET, 136.1, 0
GET, 136.2, 0
GET, 136.3, 0
GET, 136.4, 0
GET, 136.5, 1
GET, 136.6, 0
GET, 136.7, 0
GET, 136.8, 0
GET, 136.9, 0
GET, 137.0, 0
GET, 137.1, 0
GET, 137.2, 0
GET, 137.3, 0
GET, 137.4, 0
GET, 137.5, 0
GET, 137.6, 0
GET, 137.7, 0
GET, 137.8, 0
GET, 137.9, 0
GET, 138.0, 0
GET, 138.1, 0
GET, 138.2, 0
GET, 138.3, 0
GET, 138.4, 0
GET, 138.5, 0
GET, 138.6, 0
GET, 138.7, 0
GET, 138.8, 0
GET, 138.9, 0
GET, 139.0, 0
GET, 139.1, 0
GET, 139.2, 0
GET, 139.3, 0
GET, 139.4, 0
GET, 139.5, 0
GET, 139.6, 0
GET, 139.7, 0
GET, 139.8, 0
GET, 139.9, 0
GET, 140.0, 0
GET, 140.1, 0
GET, 140.2, 0
GET, 140.3, 0
GET, 140.4, 0
GET, 140.5, 0
GET, 140.6, 0
GET, 140.7, 0
GET, 140.8, 0
GET, 140.9, 0
GET, 141.0, 0
GET, 141.1, 0
GET, 141.2, 0
GET, 141.3, 0
GET, 141.4, 0
GET, 141.5, 0
GET, 141.6, 1
GET, 141.7, 0
GET, 141.8, 0
GET, 141.9, 0
GET, 142.0, 0
GET, 142.1, 0
GET, 142.2, 0
GET, 142.3, 0
GET, 142.4, 0
GET, 142.5, 0
GET, 142.6, 0
GET, 142.7, 0
GET, 142.8, 0
GET, 142.9, 0
GET, 143.0, 1
GET, 143.1, 0
GET, 143.2, 0
GET, 143.3, 0
GET, 143.4, 0
GET, 143.5, 0
GET, 143.6, 0
GET, 143.7, 0
GET, 143.8, 0
GET, 143.9, 0
GET, 144.0, 0
GET, 144.1, 0
GET, 144.2, 0
GET, 144.3, 0
GET, 144.4, 0
GET, 144.5, 0
GET, 144.6, 0
GET, 144.7, 0
GET, 144.8, 0
GET, 144.9, 0
GET, 145.0, 0
GET, 145.1, 0
GET, 145.2, 0
GET, 145.3, 0
GET, 145.4, 0
GET, 145.5, 0
GET, 145.6, 0
GET, 145.7, 0
GET, 145.8, 0
GET, 145.9, 0
GET, 146.0, 0
GET, 146.1, 0
GET, 146.2, 0
GET, 146.3, 0
GET, 146.4, 0
GET, 146.5, 0
GET, 146.6, 0
GET, 146.7, 0
GET, 146.8, 0
GET, 146.9, 0
GET, 147.0, 0
GET, 147.1, 0
GET, 147.2, 0
GET, 147.3, 0
GET, 147.4, 0
GET, 147.5, 0
GET, 147.6, 0
GET, 147.7, 0
GET, 147.8, 0
GET, 147.9, 0
GET, 148.0, 0
GET, 148.1, 0
GET, 148.2, 0
GET, 148.3, 0
GET, 148.4, 0
GET, 148.5, 0
GET, 148.6, 0
GET, 148.7, 0
GET, 148.8, 0
GET, 148.9, 0
GET, 149.0, 0
GET, 149.1, 0
GET, 149.2, 0
GET, 149.3, 0
GET, 149.4, 0
GET, 149.5, 0
GET, 149.6, 0
GET, 149.7, 0
GET, 149.8, 0
GET, 149.9, 0
GET, 150.0, 0
GET, 150.1, 0
GET, 150.2, 0
GET, 150.3, 0
GET, 150.4, 0
GET, 150.5, 0
GET, 150.6, 0
GET, 150.7, 0
GET, 150.8, 0
GET, 150.9, 0
GET, 151.0, 0
GET, 151.1, 0
GET, 151.2, 0
GET, 151.3, 0
GET, 151.4, 0
GET, 151.5, 0
GET, 151.6, 0
GET, 151.7, 0
GET, 151.8, 0
GET, 151.9, 0
GET, 152.0, 0
GET, 152.1, 0
GET, 152.2, 0
GET, 152.3, 0
GET, 152.4, 0
GET, 152.5, 0
GET, 152.6, 0
GET, 152.7, 0
GET, 152.8, 0
GET, 152.9, 0
GET, 153.0, 0
GET, 153.1, 0
GET, 153.2, 0
GET, 153.3, 0
GET, 153.4, 0
GET, 153.5, 0
GET, 153.6, 0
GET, 153.7, 0
GET, 153.8, 0
GET, 153.9, 0
GET, 154.0, 0
GET, 154.1, 0
GET, 154.2, 0
GET, 154.3, 0
GET, 154.4, 0
GET, 154.5, 0
GET, 154.6, 0
GET, 154.7, 0
GET, 154.8, 0
GET, 154.9, 0
GET, 155.0, 0
GET, 155.1, 0
GET, 155.2, 0
GET, 155.3, 0
GET, 155.4, 0
GET, 155.5, 0
GET, 155.6, 0
GET, 155.7, 0
GET, 155.8, 0
GET, 155.9, 0
GET, 156.0, 0
GET, 156.1, 0
GET, 156.2, 0
GET, 156.3, 0
GET, 156.4, 0
GET, 156.5, 0
GET, 156.6, 0
GET, 156.7, 0
GET, 156.8, 0
GET, 156.9, 0
GET, 157.0, 0
GET, 157.1, 0
GET, 157.2, 0
GET, 157.3, 0
GET, 157.4, 0
GET, 157.5, 0
GET, 157.6, 0
GET, 157.7, 1
GET, 157.8, 0
GET, 157.9, 0
GET, 158.0, 0
GET, 158.1, 0
GET, 158.2, 0
GET, 158.3, 0
GET, 158.4, 0
GET, 158.5, 0
GET, 158.6, 0
GET, 158.7, 0
GET, 158.8, 0
GET, 158.9, 0
GET, 159.0, 0
GET, 159.1, 0
GET, 159.2, 0
GET, 159.3, 0
GET, 159.4, 0
GET, 159.5, 0
GET, 159.6, 0
GET, 159.7, 0
GET, 159.8, 0
GET, 159.9, 0
GET, 160.0, 0
GET, 160.1, 0
GET, 160.2, 0
GET, 160.3, 0
GET, 160.4, 0
GET, 160.5, 0
GET, 160.6, 0
GET, 160.7, 0
GET, 160.8, 0
GET, 160.9, 0
GET, 161.0, 0
GET, 161.1, 0
GET, 161.2, 0
GET, 161.3, 0
GET, 161.4, 0
GET, 161.5, 0
GET, 161.6, 0
GET, 161.7, 0
GET, 161.8, 0
GET, 161.9, 0
GET, 162.0, 0
GET, 162.1, 0
GET, 162.2, 0
GET, 162.3, 0
GET, 162.4, 0
GET, 162.5, 0
GET, 162.6, 0
GET, 162.7, 0
GET, 162.8, 0
GET, 162.9, 0
GET, 163.0, 0
GET, 163.1, 0
GET, 163.2, 0
GET, 163.3, 0
GET, 163.4, 0
GET, 163.5, 0
GET, 163.6, 0
GET, 163.7, 0
GET, 163.8, 0
GET, 163.9, 0
GET, 164.0, 0
GET, 164.1, 0
GET, 164.2, 0
GET, 164.3, 0
GET, 164.4, 0
GET, 164.5, 0
GET, 164.6, 0
GET, 164.7, 0
GET, 164.8, 0
GET, 164.9, 0
GET, 165.0, 0
GET, 165.1, 0
GET, 165.2, 0
GET, 165.3, 0
GET, 165.4, 0
GET, 165.5, 0
GET, 165.6, 0
GET, 165.7, 0
GET, 165.8, 0
GET, 165.9, 0
GET, 166.0, 0
GET, 166.1, 0
GET, 166.2, 0
GET, 166.3, 0
GET, 166.4, 0
GET, 166.5, 0
GET, 166.6, 0
GET, 166.7, 0
GET, 166.8, 0
GET, 166.9, 0
GET, 167.0, 0
GET, 167.1, 0
GET, 167.2, 0
GET, 167.3, 0
GET, 167.4, 0
GET, 167.5, 0
GET, 167.6, 0
GET, 167.7, 0
GET, 167.8, 0
GET, 167.9, 0
GET, 168.0, 0
GET, 168.1, 0
GET, 168.2, 0
GET, 168.3, 0
GET, 168.4, 0
GET, 168.5, 0
GET, 168.6, 0
GET, 168.7, 0
GET, 168.8, 0
GET, 168.9, 0
GET, 169.0, 0
GET, 169.1, 0
GET, 169.2, 0
GET, 169.3, 0
GET, 169.4, 0
GET, 169.5, 0
GET, 169.6, 0
GET, 169.7, 0
GET, 169.8, 0
GET, 169.9, 0
GET, 170.0, 0
GET, 170.1, 0
GET, 170.2, 0
GET, 170.3, 0
GET, 170.4, 0
GET, 170.5, 0
GET, 170.6, 0
GET, 170.7, 0
GET, 170.8, 0
GET, 170.9, 0
GET, 171.0, 0
GET, 171.1, 0
GET, 171.2, 0
GET, 171.3, 0
GET, 171.4, 0
GET, 171.5, 0
GET, 171.6, 0
GET, 171.7, 0
GET, 171.8, 0
GET, 171.9, 0
GET, 172.0, 0
GET, 172.1, 0
GET, 172.2, 0
GET, 172.3, 0
GET, 172.4, 0
GET, 172.5, 0
GET, 172.6, 0
GET, 172.7, 0
GET, 172.8, 0
GET, 172.9, 0
GET, 173.0, 0
GET, 173.1, 0
GET, 173.2, 0
GET, 173.3, 0
GET, 173.4, 0
GET, 173.5, 0
GET, 173.6, 0
GET, 173.7, 0
GET, 173.8, 0
GET, 173.9, 0
GET, 174.0, 0
GET, 174.1, 0
GET, 174.2, 0
GET, 174.3, 0
GET, 174.4, 0
GET, 174.5, 0
GET, 174.6, 0
GET, 174.7, 0
GET, 174.8, 0
GET, 174.9, 0
GET, 175.0, 0
GET, 175.1, 0
GET, 175.2, 0
GET, 175.3, 0
GET, 175.4, 0
GET, 175.5, 0
GET, 175.6, 0
GET, 175.7, 0
GET, 175.8, 0
GET, 175.9, 0
GET, 176.0, 0
GET, 176.1, 0
GET, 176.2, 0
GET, 176.3, 0
GET, 176.4, 0
GET, 176.5, 0
GET, 176.6, 0
GET, 176.7, 0
GET, 176.8, 0
GET, 176.9, 0
GET, 177.0, 0
GET, 177.1, 0
GET, 177.2, 0
GET, 177.3, 0
GET, 177.4, 0
GET, 177.5, 0
GET, 177.6, 0
GET, 177.7, 0
GET, 177.8, 0
GET, 177.9, 0
GET, 178.0, 0
GET, 178.1, 0
GET, 178.2, 0
GET, 178.3, 0
GET, 178.4, 0
GET, 178.5, 0
GET, 178.6, 0
GET, 178.7, 0
GET, 178.8, 0
GET, 178.9, 0
GET, 179.0, 0
GET, 179.1, 0
GET, 179.2, 0
GET, 179.3, 0
GET, 179.4, 0
GET, 179.5, 0
GET, 179.6, 0
GET, 179.7, 0
GET, 179.8, 0
GET, 179.9, 0
GET, 180.0, 0
GET, 180.1, 0
GET, 180.2, 1
GET, 180.3, 0
GET, 180.4, 0
GET, 180.5, 0
GET, 180.6, 0
GET, 180.7, 0
GET, 180.8, 0
GET, 180.9, 0
GET, 181.0, 0
GET, 181.1, 0
GET, 181.2, 0
GET, 181.3, 0
GET, 181.4, 0
GET, 181.5, 0
GET, 181.6, 0
GET, 181.7, 0
GET, 181.8, 0
GET, 181.9, 0
GET, 182.0, 0
GET, 182.1, 0
GET, 182.2, 0
GET, 182.3, 0
GET, 182.4, 0
GET, 182.5, 0
GET, 182.6, 0
GET, 182.7, 0
GET, 182.8, 0
GET, 182.9, 0
GET, 183.0, 0
GET, 183.1, 0
GET, 183.2, 0
GET, 183.3, 0
GET, 183.4, 0
GET, 183.5, 0
GET, 183.6, 0
GET, 183.7, 0
GET, 183.8, 0
GET, 183.9, 0
GET, 184.0, 0
GET, 184.1, 0
GET, 184.2, 0
GET, 184.3, 0
GET, 184.4, 0
GET, 184.5, 0
GET, 184.6, 0
GET, 184.7, 0
GET, 184.8, 0
GET, 184.9, 0
GET, 185.0, 0
GET, 185.1, 0
GET, 185.2, 0
GET, 185.3, 0
GET, 185.4, 0
GET, 185.5, 0
GET, 185.6, 0
GET, 185.7, 0
GET, 185.8, 0
GET, 185.9, 0
GET, 186.0, 0
GET, 186.1, 0
GET, 186.2, 0
GET, 186.3, 0
GET, 186.4, 5
GET, 186.5, 2
GET, 186.6, 0
GET, 186.7, 0
GET, 186.8, 0
GET, 186.9, 0
GET, 187.0, 0
GET, 187.1, 0
GET, 187.2, 0
GET, 187.3, 0
GET, 187.4, 0
GET, 187.5, 0
GET, 187.6, 0
GET, 187.7, 0
GET, 187.8, 1
GET, 187.9, 0
GET, 188.0, 0
GET, 188.1, 0
GET, 188.2, 0
GET, 188.3, 0
GET, 188.4, 0
GET, 188.5, 0
GET, 188.6, 0
GET, 188.7, 0
GET, 188.8, 0
GET, 188.9, 1
GET, 189.0, 0
GET, 189.1, 0
GET, 189.2, 0
GET, 189.3, 1
GET, 189.4, 2
GET, 189.5, 2
GET, 189.6, 0
GET, 189.7, 0
GET, 189.8, 0
GET, 189.9, 0
GET, 190.0, 1
GET, 190.1, 1
GET, 190.2, 1
GET, 190.3, 1
GET, 190.4, 1
GET, 190.5, 0
GET, 190.6, 0
GET, 190.7, 0
GET, 190.8, 0
GET, 190.9, 0
GET, 191.0, 0
GET, 191.1, 0
GET, 191.2, 0
GET, 191.3, 0
GET, 191.4, 0
GET, 191.5, 0
GET, 191.6, 0
GET, 191.7, 0
GET, 191.8, 0
GET, 191.9, 0
GET, 192.0, 0
GET, 192.1, 1
GET, 192.2, 0
GET, 192.3, 0
GET, 192.4, 0
GET, 192.5, 0
GET, 192.6, 0
GET, 192.7, 1
GET, 192.8, 0
GET, 192.9, 0
GET, 193.0, 0
GET, 193.1, 0
GET, 193.2, 0
GET, 193.3, 0
GET, 193.4, 0
GET, 193.5, 0
GET, 193.6, 0
GET, 193.7, 0
GET, 193.8, 0
GET, 193.9, 0
GET, 194.0, 0
GET, 194.1, 0
GET, 194.2, 0
GET, 194.3, 0
GET, 194.4, 0
GET, 194.5, 0
GET, 194.6, 0
GET, 194.7, 0
GET, 194.8, 0
GET, 194.9, 0
GET, 195.0, 0
GET, 195.1, 0
GET, 195.2, 0
GET, 195.3, 0
GET, 195.4, 0
GET, 195.5, 0
GET, 195.6, 0
GET, 195.7, 1
GET, 195.8, 0
GET, 195.9, 0
GET, 196.0, 1
GET, 196.1, 0
GET, 196.2, 0
GET, 196.3, 0
GET, 196.4, 0
GET, 196.5, 0
GET, 196.6, 0
GET, 196.7, 0
GET, 196.8, 0
GET, 196.9, 0
GET, 197.0, 0
GET, 197.1, 0
GET, 197.2, 0
GET, 197.3, 1
GET, 197.4, 0
GET, 197.5, 0
GET, 197.6, 0
GET, 197.7, 0
GET, 197.8, 0
GET, 197.9, 3
GET, 198.0, 3
GET, 198.1, 0
GET, 198.2, 1
GET, 198.3, 0
GET, 198.4, 0
GET, 198.5, 0
GET, 198.6, 2
GET, 198.7, 0
GET, 198.8, 1
GET, 198.9, 1
GET, 199.0, 0
GET, 199.1, 0
GET, 199.2, 0
GET, 199.3, 1
GET, 199.4, 1
GET, 199.5, 0
GET, 199.6, 0
GET, 199.7, 0
GET, 199.8, 0
GET, 199.9, 1
GET, 200.0, 0
GET, 200.1, 0
GET, 200.2, 0
GET, 200.3, 0
GET, 200.4, 0
GET, 200.5, 0
GET, 200.6, 0
GET, 200.7, 0
GET, 200.8, 0
GET, 200.9, 0
GET, 201.0, 0
GET, 201.1, 0
GET, 201.2, 0
GET, 201.3, 0
GET, 201.4, 0
GET, 201.5, 0
GET, 201.6, 0
GET, 201.7, 0
GET, 201.8, 0
GET, 201.9, 0
GET, 202.0, 0
GET, 202.1, 0
GET, 202.2, 0
GET, 202.3, 0
GET, 202.4, 0
GET, 202.5, 0
GET, 202.6, 0
GET, 202.7, 0
GET, 202.8, 0
GET, 202.9, 0
GET, 203.0, 0
GET, 203.1, 0
GET, 203.2, 0
GET, 203.3, 0
GET, 203.4, 0
GET, 203.5, 1
GET, 203.6, 0
GET, 203.7, 1
GET, 203.8, 0
GET, 203.9, 0
GET, 204.0, 1
GET, 204.1, 0
GET, 204.2, 0
GET, 204.3, 0
GET, 204.4, 0
GET, 204.5, 0
GET, 204.6, 0
GET, 204.7, 0
GET, 204.8, 0
GET, 204.9, 0
GET, 205.0, 0
GET, 205.1, 0
GET, 205.2, 2
GET, 205.3, 0
GET, 205.4, 0
GET, 205.5, 0
GET, 205.6, 0
GET, 205.7, 0
GET, 205.8, 0
GET, 205.9, 1
GET, 206.0, 0
GET, 206.1, 0
GET, 206.2, 0
GET, 206.3, 0
GET, 206.4, 1
GET, 206.5, 0
GET, 206.6, 0
GET, 206.7, 0
GET, 206.8, 0
GET, 206.9, 0
GET, 207.0, 0
GET, 207.1, 0
GET, 207.2, 0
GET, 207.3, 0
GET, 207.4, 0
GET, 207.5, 0
GET, 207.6, 0
GET, 207.7, 0
GET, 207.8, 0
GET, 207.9, 1
GET, 208.0, 1
GET, 208.1, 0
GET, 208.2, 0
GET, 208.3, 0
GET, 208.4, 0
GET, 208.5, 1
GET, 208.6, 1
GET, 208.7, 0
GET, 208.8, 0
GET, 208.9, 1
GET, 209.0, 0
GET, 209.1, 0
GET, 209.2, 0
GET, 209.3, 0
GET, 209.4, 0
GET, 209.5, 0
GET, 209.6, 0
GET, 209.7, 1
GET, 209.8, 1
GET, 209.9, 0
GET, 210.0, 0
GET, 210.1, 0
GET, 210.2, 0
GET, 210.3, 0
GET, 210.4, 0
GET, 210.5, 0
GET, 210.6, 0
GET, 210.7, 0
GET, 210.8, 0
GET, 210.9, 0
GET, 211.0, 0
GET, 211.1, 0
GET, 211.2, 0
GET, 211.3, 0
GET, 211.4, 0
GET, 211.5, 0
GET, 211.6, 0
GET, 211.7, 0
GET, 211.8, 0
GET, 211.9, 0
GET, 212.0, 1
GET, 212.1, 0
GET, 212.2, 0
GET, 212.3, 0
GET, 212.4, 0
GET, 212.5, 0
GET, 212.6, 0
GET, 212.7, 0
GET, 212.8, 0
GET, 212.9, 0
GET, 213.0, 0
GET, 213.1, 0
GET, 213.2, 0
GET, 213.3, 0
GET, 213.4, 0
GET, 213.5, 0
GET, 213.6, 0
GET, 213.7, 0
GET, 213.8, 0
GET, 213.9, 0
GET, 214.0, 0
GET, 214.1, 0
GET, 214.2, 0
GET, 214.3, 0
GET, 214.4, 0
GET, 214.5, 1
GET, 214.6, 0
GET, 214.7, 0
GET, 214.8, 0
GET, 214.9, 0
GET, 215.0, 0
GET, 215.1, 0
GET, 215.2, 0
GET, 215.3, 0
GET, 215.4, 1
GET, 215.5, 0
GET, 215.6, 0
GET, 215.7, 0
GET, 215.8, 0
GET, 215.9, 0
GET, 216.0, 0
GET, 216.1, 0
GET, 216.2, 0
GET, 216.3, 0
GET, 216.4, 0
GET, 216.5, 0
GET, 216.6, 0
GET, 216.7, 1
GET, 216.8, 0
GET, 216.9, 0
GET, 217.0, 0
GET, 217.1, 0
GET, 217.2, 0
GET, 217.3, 0
GET, 217.4, 0
GET, 217.5, 0
GET, 217.6, 0
GET, 217.7, 0
GET, 217.8, 0
GET, 217.9, 0
GET, 218.0, 0
GET, 218.1, 0
GET, 218.2, 0
GET, 218.3, 0
GET, 218.4, 0
GET, 218.5, 0
GET, 218.6, 0
GET, 218.7, 0
GET, 218.8, 0
GET, 218.9, 0
GET, 219.0, 0
GET, 219.1, 0
GET, 219.2, 0
GET, 219.3, 0
GET, 219.4, 0
GET, 219.5, 0
GET, 219.6, 1
GET, 219.7, 0
GET, 219.8, 0
GET, 219.9, 0
GET, 220.0, 0
GET, 220.1, 0
GET, 220.2, 0
GET, 220.3, 0
GET, 220.4, 0
GET, 220.5, 0
GET, 220.6, 0
GET, 220.7, 0
GET, 220.8, 0
GET, 220.9, 2
GET, 221.0, 0
GET, 221.1, 0
GET, 221.2, 0
GET, 221.3, 0
GET, 221.4, 0
GET, 221.5, 0
GET, 221.6, 0
GET, 221.7, 0
GET, 221.8, 0
GET, 221.9, 0
GET, 222.0, 0
GET, 222.1, 0
GET, 222.2, 0
GET, 222.3, 0
GET, 222.4, 0
GET, 222.5, 0
GET, 222.6, 0
GET, 222.7, 0
GET, 222.8, 1
GET, 222.9, 0
GET, 223.0, 0
GET, 223.1, 0
GET, 223.2, 0
GET, 223.3, 0
GET, 223.4, 0
GET, 223.5, 0
GET, 223.6, 0
GET, 223.7, 0
GET, 223.8, 1
GET, 223.9, 0
GET, 224.0, 0
GET, 224.1, 0
GET, 224.2, 0
GET, 224.3, 0
GET, 224.4, 1
GET, 224.5, 0
GET, 224.6, 0
GET, 224.7, 0
GET, 224.8, 0
GET, 224.9, 0
GET, 225.0, 0
GET, 225.1, 0
GET, 225.2, 0
GET, 225.3, 0
GET, 225.4, 0
GET, 225.5, 0
GET, 225.6, 0
GET, 225.7, 0
GET, 225.8, 0
GET, 225.9, 0
GET, 226.0, 0
GET, 226.1, 0
GET, 226.2, 0
GET, 226.3, 0
GET, 226.4, 0
GET, 226.5, 0
GET, 226.6, 0
GET, 226.7, 0
GET, 226.8, 0
GET, 226.9, 0
GET, 227.0, 0
GET, 227.1, 0
GET, 227.2, 0
GET, 227.3, 1
GET, 227.4, 0
GET, 227.5, 0
GET, 227.6, 0
GET, 227.7, 0
GET, 227.8, 0
GET, 227.9, 0
GET, 228.0, 0
GET, 228.1, 0
GET, 228.2, 0
GET, 228.3, 0
GET, 228.4, 0
GET, 228.5, 0
GET, 228.6, 0
GET, 228.7, 0
GET, 228.8, 0
GET, 228.9, 0
GET, 229.0, 0
GET, 229.1, 0
GET, 229.2, 0
GET, 229.3, 0
GET, 229.4, 0
GET, 229.5, 0
GET, 229.6, 0
GET, 229.7, 0
GET, 229.8, 0
GET, 229.9, 0
GET, 230.0, 0
GET, 230.1, 0
GET, 230.2, 0
GET, 230.3, 0
GET, 230.4, 0
GET, 230.5, 0
GET, 230.6, 0
GET, 230.7, 0
GET, 230.8, 0
GET, 230.9, 0
GET, 231.0, 0
GET, 231.1, 0
GET, 231.2, 0
GET, 231.3, 0
GET, 231.4, 0
GET, 231.5, 0
GET, 231.6, 0
GET, 231.7, 0
GET, 231.8, 0
GET, 231.9, 0
GET, 232.0, 0
GET, 232.1, 1
GET, 232.2, 0
GET, 232.3, 0
GET, 232.4, 0
GET, 232.5, 0
GET, 232.6, 0
GET, 232.7, 0
GET, 232.8, 0
GET, 232.9, 0
GET, 233.0, 0
GET, 233.1, 0
GET, 233.2, 0
GET, 233.3, 0
GET, 233.4, 0
GET, 233.5, 0
GET, 233.6, 0
GET, 233.7, 0
GET, 233.8, 0
GET, 233.9, 0
GET, 234.0, 0
GET, 234.1, 0
GET, 234.2, 0
GET, 234.3, 0
GET, 234.4, 0
GET, 234.5, 0
GET, 234.6, 0
GET, 234.7, 0
GET, 234.8, 0
GET, 234.9, 0
GET, 235.0, 0
GET, 235.1, 0
GET, 235.2, 0
GET, 235.3, 0
GET, 235.4, 0
GET, 235.5, 0
GET, 235.6, 0
GET, 235.7, 0
GET, 235.8, 0
GET, 235.9, 0
GET, 236.0, 0
GET, 236.1, 0
GET, 236.2, 0
GET, 236.3, 0
GET, 236.4, 0
GET, 236.5, 0
GET, 236.6, 0
GET, 236.7, 0
GET, 236.8, 0
GET, 236.9, 0
GET, 237.0, 0
GET, 237.1, 0
GET, 237.2, 0
GET, 237.3, 0
GET, 237.4, 0
GET, 237.5, 0
GET, 237.6, 0
GET, 237.7, 0
GET, 237.8, 0
GET, 237.9, 0
GET, 238.0, 1
