Elapsed Time, AVG Throughput, AVG Queue Size, AVG Waiting Time, AVG Service Time, AVG Response Time, AVG SET Response Time, AVG GET Response Time, AVG MULTI-GET Response Time, #SETS, #GETS, #MULTIGETS, GET MissRatio, MULTI-GET MissRatio, AVG MULTI-GET Size
 5.00, 2816, 156, 56.246634, 5.190870, 61.687434, 0.000000, 61.687434, 0.000000, 0, 14080, 0, 0.00, 0.00, 0
10.00, 2937, 159, 56.792768, 5.348233, 62.237556, 0.000000, 62.237556, 0.000000, 0, 14686, 0, 0.00, 0.00, 0
15.00, 2928, 159, 57.037682, 5.360434, 62.499242, 0.000000, 62.499242, 0.000000, 0, 14643, 0, 0.00, 0.00, 0
20.00, 2937, 159, 56.873109, 5.346065, 62.312386, 0.000000, 62.312386, 0.000000, 0, 14686, 0, 0.00, 0.00, 0
25.00, 2945, 159, 56.675074, 5.319142, 62.104555, 0.000000, 62.104555, 0.000000, 0, 14726, 0, 0.00, 0.00, 0
30.00, 2963, 159, 56.250575, 5.321986, 61.653934, 0.000000, 61.653934, 0.000000, 0, 14816, 0, 0.00, 0.00, 0
35.00, 2936, 160, 57.011824, 5.311783, 62.458835, 0.000000, 62.458835, 0.000000, 0, 14682, 0, 0.00, 0.00, 0
40.00, 2944, 159, 56.703258, 5.333401, 62.137848, 0.000000, 62.137848, 0.000000, 0, 14722, 0, 0.00, 0.00, 0
45.00, 2948, 158, 56.567288, 5.337159, 61.996402, 0.000000, 61.996402, 0.000000, 0, 14742, 0, 0.00, 0.00, 0
50.00, 2947, 159, 56.779015, 5.335981, 62.199609, 0.000000, 62.199609, 0.000000, 0, 14735, 0, 0.00, 0.00, 0
55.00, 2927, 159, 57.067357, 5.379006, 62.536789, 0.000000, 62.536789, 0.000000, 0, 14635, 0, 0.00, 0.00, 0
60.00, 2939, 159, 57.024768, 5.349633, 62.472267, 0.000000, 62.472267, 0.000000, 0, 14695, 0, 0.00, 0.00, 0
65.00, 2965, 159, 56.379288, 5.299138, 61.779803, 0.000000, 61.779803, 0.000000, 0, 14826, 0, 0.00, 0.00, 0
70.00, 2943, 159, 56.732553, 5.352956, 62.169785, 0.000000, 62.169785, 0.000000, 0, 14716, 0, 0.00, 0.00, 0
70.00, 95, 65, 35.762373, 5.634158, 41.468784, 0.000000, 41.468784, 0.000000, 0, 478, 0, 0.00, 0.00, 0
Type, Interval, Responses
GET, 0.1, 0
GET, 0.2, 0
GET, 0.3, 0
GET, 0.4, 0
GET, 0.5, 0
GET, 0.6, 0
GET, 0.7, 0
GET, 0.8, 0
GET, 0.9, 0
GET, 1.0, 0
GET, 1.1, 0
GET, 1.2, 0
GET, 1.3, 0
GET, 1.4, 0
GET, 1.5, 0
GET, 1.6, 0
GET, 1.7, 0
GET, 1.8, 0
GET, 1.9, 0
GET, 2.0, 0
GET, 2.1, 0
GET, 2.2, 0
GET, 2.3, 0
GET, 2.4, 0
GET, 2.5, 0
GET, 2.6, 0
GET, 2.7, 0
GET, 2.8, 0
GET, 2.9, 0
GET, 3.0, 0
GET, 3.1, 0
GET, 3.2, 0
GET, 3.3, 0
GET, 3.4, 0
GET, 3.5, 0
GET, 3.6, 0
GET, 3.7, 0
GET, 3.8, 0
GET, 3.9, 0
GET, 4.0, 0
GET, 4.1, 0
GET, 4.2, 0
GET, 4.3, 0
GET, 4.4, 0
GET, 4.5, 0
GET, 4.6, 0
GET, 4.7, 0
GET, 4.8, 0
GET, 4.9, 0
GET, 5.0, 0
GET, 5.1, 0
GET, 5.2, 0
GET, 5.3, 0
GET, 5.4, 0
GET, 5.5, 0
GET, 5.6, 0
GET, 5.7, 0
GET, 5.8, 0
GET, 5.9, 0
GET, 6.0, 0
GET, 6.1, 0
GET, 6.2, 0
GET, 6.3, 0
GET, 6.4, 0
GET, 6.5, 0
GET, 6.6, 0
GET, 6.7, 0
GET, 6.8, 0
GET, 6.9, 0
GET, 7.0, 0
GET, 7.1, 0
GET, 7.2, 0
GET, 7.3, 0
GET, 7.4, 0
GET, 7.5, 0
GET, 7.6, 0
GET, 7.7, 0
GET, 7.8, 0
GET, 7.9, 1
GET, 8.0, 0
GET, 8.1, 0
GET, 8.2, 0
GET, 8.3, 1
GET, 8.4, 0
GET, 8.5, 0
GET, 8.6, 1
GET, 8.7, 1
GET, 8.8, 0
GET, 8.9, 0
GET, 9.0, 0
GET, 9.1, 0
GET, 9.2, 0
GET, 9.3, 0
GET, 9.4, 0
GET, 9.5, 0
GET, 9.6, 0
GET, 9.7, 0
GET, 9.8, 3
GET, 9.9, 4
GET, 10.0, 0
GET, 10.1, 0
GET, 10.2, 0
GET, 10.3, 1
GET, 10.4, 3
GET, 10.5, 2
GET, 10.6, 2
GET, 10.7, 6
GET, 10.8, 1
GET, 10.9, 4
GET, 11.0, 4
GET, 11.1, 1
GET, 11.2, 0
GET, 11.3, 1
GET, 11.4, 1
GET, 11.5, 0
GET, 11.6, 1
GET, 11.7, 0
GET, 11.8, 0
GET, 11.9, 0
GET, 12.0, 0
GET, 12.1, 0
GET, 12.2, 0
GET, 12.3, 3
GET, 12.4, 1
GET, 12.5, 0
GET, 12.6, 4
GET, 12.7, 2
GET, 12.8, 2
GET, 12.9, 0
GET, 13.0, 0
GET, 13.1, 0
GET, 13.2, 0
GET, 13.3, 0
GET, 13.4, 7
GET, 13.5, 2
GET, 13.6, 1
GET, 13.7, 0
GET, 13.8, 0
GET, 13.9, 0
GET, 14.0, 2
GET, 14.1, 2
GET, 14.2, 4
GET, 14.3, 2
GET, 14.4, 1
GET, 14.5, 0
GET, 14.6, 0
GET, 14.7, 2
GET, 14.8, 1
GET, 14.9, 0
GET, 15.0, 2
GET, 15.1, 2
GET, 15.2, 5
GET, 15.3, 2
GET, 15.4, 4
GET, 15.5, 6
GET, 15.6, 6
GET, 15.7, 7
GET, 15.8, 4
GET, 15.9, 1
GET, 16.0, 4
GET, 16.1, 2
GET, 16.2, 3
GET, 16.3, 3
GET, 16.4, 1
GET, 16.5, 0
GET, 16.6, 0
GET, 16.7, 2
GET, 16.8, 0
GET, 16.9, 0
GET, 17.0, 2
GET, 17.1, 0
GET, 17.2, 0
GET, 17.3, 0
GET, 17.4, 2
GET, 17.5, 0
GET, 17.6, 0
GET, 17.7, 0
GET, 17.8, 0
GET, 17.9, 0
GET, 18.0, 3
GET, 18.1, 0
GET, 18.2, 0
GET, 18.3, 0
GET, 18.4, 0
GET, 18.5, 0
GET, 18.6, 0
GET, 18.7, 0
GET, 18.8, 0
GET, 18.9, 0
GET, 19.0, 0
GET, 19.1, 0
GET, 19.2, 0
GET, 19.3, 0
GET, 19.4, 0
GET, 19.5, 0
GET, 19.6, 1
GET, 19.7, 0
GET, 19.8, 0
GET, 19.9, 1
GET, 20.0, 0
GET, 20.1, 0
GET, 20.2, 0
GET, 20.3, 0
GET, 20.4, 0
GET, 20.5, 0
GET, 20.6, 0
GET, 20.7, 0
GET, 20.8, 0
GET, 20.9, 0
GET, 21.0, 0
GET, 21.1, 0
GET, 21.2, 2
GET, 21.3, 2
GET, 21.4, 0
GET, 21.5, 0
GET, 21.6, 0
GET, 21.7, 3
GET, 21.8, 2
GET, 21.9, 1
GET, 22.0, 0
GET, 22.1, 1
GET, 22.2, 1
GET, 22.3, 0
GET, 22.4, 1
GET, 22.5, 1
GET, 22.6, 1
GET, 22.7, 1
GET, 22.8, 0
GET, 22.9, 2
GET, 23.0, 1
GET, 23.1, 3
GET, 23.2, 2
GET, 23.3, 1
GET, 23.4, 2
GET, 23.5, 0
GET, 23.6, 1
GET, 23.7, 2
GET, 23.8, 1
GET, 23.9, 1
GET, 24.0, 1
GET, 24.1, 3
GET, 24.2, 8
GET, 24.3, 8
GET, 24.4, 6
GET, 24.5, 2
GET, 24.6, 3
GET, 24.7, 3
GET, 24.8, 7
GET, 24.9, 6
GET, 25.0, 2
GET, 25.1, 5
GET, 25.2, 1
GET, 25.3, 1
GET, 25.4, 2
GET, 25.5, 4
GET, 25.6, 0
GET, 25.7, 4
GET, 25.8, 2
GET, 25.9, 0
GET, 26.0, 0
GET, 26.1, 2
GET, 26.2, 7
GET, 26.3, 3
GET, 26.4, 4
GET, 26.5, 3
GET, 26.6, 4
GET, 26.7, 8
GET, 26.8, 1
GET, 26.9, 3
GET, 27.0, 1
GET, 27.1, 1
GET, 27.2, 4
GET, 27.3, 1
GET, 27.4, 1
GET, 27.5, 1
GET, 27.6, 3
GET, 27.7, 3
GET, 27.8, 1
GET, 27.9, 1
GET, 28.0, 1
GET, 28.1, 3
GET, 28.2, 4
GET, 28.3, 7
GET, 28.4, 5
GET, 28.5, 3
GET, 28.6, 7
GET, 28.7, 5
GET, 28.8, 4
GET, 28.9, 13
GET, 29.0, 10
GET, 29.1, 13
GET, 29.2, 6
GET, 29.3, 2
GET, 29.4, 8
GET, 29.5, 7
GET, 29.6, 1
GET, 29.7, 7
GET, 29.8, 4
GET, 29.9, 2
GET, 30.0, 4
GET, 30.1, 10
GET, 30.2, 5
GET, 30.3, 8
GET, 30.4, 9
GET, 30.5, 10
GET, 30.6, 9
GET, 30.7, 14
GET, 30.8, 12
GET, 30.9, 4
GET, 31.0, 6
GET, 31.1, 11
GET, 31.2, 5
GET, 31.3, 6
GET, 31.4, 3
GET, 31.5, 8
GET, 31.6, 6
GET, 31.7, 13
GET, 31.8, 12
GET, 31.9, 7
GET, 32.0, 3
GET, 32.1, 6
GET, 32.2, 3
GET, 32.3, 8
GET, 32.4, 4
GET, 32.5, 3
GET, 32.6, 5
GET, 32.7, 4
GET, 32.8, 5
GET, 32.9, 4
GET, 33.0, 2
GET, 33.1, 5
GET, 33.2, 4
GET, 33.3, 6
GET, 33.4, 1
GET, 33.5, 5
GET, 33.6, 3
GET, 33.7, 3
GET, 33.8, 2
GET, 33.9, 5
GET, 34.0, 3
GET, 34.1, 6
GET, 34.2, 4
GET, 34.3, 8
GET, 34.4, 5
GET, 34.5, 9
GET, 34.6, 5
GET, 34.7, 1
GET, 34.8, 6
GET, 34.9, 7
GET, 35.0, 1
GET, 35.1, 2
GET, 35.2, 3
GET, 35.3, 4
GET, 35.4, 4
GET, 35.5, 2
GET, 35.6, 3
GET, 35.7, 6
GET, 35.8, 3
GET, 35.9, 2
GET, 36.0, 0
GET, 36.1, 9
GET, 36.2, 4
GET, 36.3, 9
GET, 36.4, 7
GET, 36.5, 4
GET, 36.6, 8
GET, 36.7, 7
GET, 36.8, 9
GET, 36.9, 8
GET, 37.0, 6
GET, 37.1, 11
GET, 37.2, 11
GET, 37.3, 10
GET, 37.4, 10
GET, 37.5, 8
GET, 37.6, 4
GET, 37.7, 5
GET, 37.8, 13
GET, 37.9, 6
GET, 38.0, 4
GET, 38.1, 10
GET, 38.2, 10
GET, 38.3, 8
GET, 38.4, 11
GET, 38.5, 13
GET, 38.6, 12
GET, 38.7, 11
GET, 38.8, 5
GET, 38.9, 13
GET, 39.0, 7
GET, 39.1, 16
GET, 39.2, 14
GET, 39.3, 7
GET, 39.4, 7
GET, 39.5, 12
GET, 39.6, 12
GET, 39.7, 7
GET, 39.8, 4
GET, 39.9, 10
GET, 40.0, 8
GET, 40.1, 18
GET, 40.2, 19
GET, 40.3, 23
GET, 40.4, 20
GET, 40.5, 17
GET, 40.6, 28
GET, 40.7, 25
GET, 40.8, 18
GET, 40.9, 30
GET, 41.0, 33
GET, 41.1, 25
GET, 41.2, 27
GET, 41.3, 35
GET, 41.4, 41
GET, 41.5, 33
GET, 41.6, 26
GET, 41.7, 22
GET, 41.8, 29
GET, 41.9, 35
GET, 42.0, 43
GET, 42.1, 37
GET, 42.2, 39
GET, 42.3, 42
GET, 42.4, 31
GET, 42.5, 26
GET, 42.6, 36
GET, 42.7, 54
GET, 42.8, 41
GET, 42.9, 44
GET, 43.0, 58
GET, 43.1, 49
GET, 43.2, 53
GET, 43.3, 52
GET, 43.4, 46
GET, 43.5, 32
GET, 43.6, 41
GET, 43.7, 50
GET, 43.8, 46
GET, 43.9, 43
GET, 44.0, 56
GET, 44.1, 53
GET, 44.2, 66
GET, 44.3, 56
GET, 44.4, 51
GET, 44.5, 55
GET, 44.6, 47
GET, 44.7, 41
GET, 44.8, 51
GET, 44.9, 33
GET, 45.0, 60
GET, 45.1, 63
GET, 45.2, 56
GET, 45.3, 71
GET, 45.4, 65
GET, 45.5, 78
GET, 45.6, 72
GET, 45.7, 85
GET, 45.8, 80
GET, 45.9, 58
GET, 46.0, 81
GET, 46.1, 98
GET, 46.2, 101
GET, 46.3, 93
GET, 46.4, 96
GET, 46.5, 93
GET, 46.6, 62
GET, 46.7, 71
GET, 46.8, 61
GET, 46.9, 65
GET, 47.0, 61
GET, 47.1, 52
GET, 47.2, 40
GET, 47.3, 52
GET, 47.4, 32
GET, 47.5, 46
GET, 47.6, 46
GET, 47.7, 42
GET, 47.8, 41
GET, 47.9, 35
GET, 48.0, 47
GET, 48.1, 45
GET, 48.2, 31
GET, 48.3, 29
GET, 48.4, 43
GET, 48.5, 49
GET, 48.6, 51
GET, 48.7, 68
GET, 48.8, 65
GET, 48.9, 51
GET, 49.0, 68
GET, 49.1, 57
GET, 49.2, 51
GET, 49.3, 45
GET, 49.4, 44
GET, 49.5, 39
GET, 49.6, 47
GET, 49.7, 35
GET, 49.8, 40
GET, 49.9, 38
GET, 50.0, 34
GET, 50.1, 54
GET, 50.2, 44
GET, 50.3, 37
GET, 50.4, 47
GET, 50.5, 61
GET, 50.6, 61
GET, 50.7, 48
GET, 50.8, 63
GET, 50.9, 50
GET, 51.0, 41
GET, 51.1, 54
GET, 51.2, 61
GET, 51.3, 55
GET, 51.4, 43
GET, 51.5, 71
GET, 51.6, 72
GET, 51.7, 63
GET, 51.8, 67
GET, 51.9, 74
GET, 52.0, 69
GET, 52.1, 86
GET, 52.2, 86
GET, 52.3, 82
GET, 52.4, 106
GET, 52.5, 127
GET, 52.6, 106
GET, 52.7, 111
GET, 52.8, 103
GET, 52.9, 104
GET, 53.0, 100
GET, 53.1, 106
GET, 53.2, 132
GET, 53.3, 129
GET, 53.4, 91
GET, 53.5, 121
GET, 53.6, 141
GET, 53.7, 116
GET, 53.8, 125
GET, 53.9, 138
GET, 54.0, 133
GET, 54.1, 152
GET, 54.2, 162
GET, 54.3, 168
GET, 54.4, 137
GET, 54.5, 163
GET, 54.6, 163
GET, 54.7, 164
GET, 54.8, 160
GET, 54.9, 184
GET, 55.0, 179
GET, 55.1, 182
GET, 55.2, 197
GET, 55.3, 233
GET, 55.4, 254
GET, 55.5, 296
GET, 55.6, 348
GET, 55.7, 389
GET, 55.8, 500
GET, 55.9, 578
GET, 56.0, 697
GET, 56.1, 749
GET, 56.2, 926
GET, 56.3, 1021
GET, 56.4, 1132
GET, 56.5, 1214
GET, 56.6, 1247
GET, 56.7, 1425
GET, 56.8, 1463
GET, 56.9, 1520
GET, 57.0, 1528
GET, 57.1, 1532
GET, 57.2, 1569
GET, 57.3, 1628
GET, 57.4, 1575
GET, 57.5, 1657
GET, 57.6, 1559
GET, 57.7, 1597
GET, 57.8, 1491
GET, 57.9, 1478
GET, 58.0, 1576
GET, 58.1, 1646
GET, 58.2, 1524
GET, 58.3, 1610
GET, 58.4, 1474
GET, 58.5, 1540
GET, 58.6, 1450
GET, 58.7, 1487
GET, 58.8, 1543
GET, 58.9, 1540
GET, 59.0, 1576
GET, 59.1, 1510
GET, 59.2, 1607
GET, 59.3, 1543
GET, 59.4, 1486
GET, 59.5, 1643
GET, 59.6, 1630
GET, 59.7, 1598
GET, 59.8, 1573
GET, 59.9, 1616
GET, 60.0, 1664
GET, 60.1, 1590
GET, 60.2, 1674
GET, 60.3, 1757
GET, 60.4, 1791
GET, 60.5, 1707
GET, 60.6, 1722
GET, 60.7, 1760
GET, 60.8, 1986
GET, 60.9, 2013
GET, 61.0, 2087
GET, 61.1, 2145
GET, 61.2, 2237
GET, 61.3, 2490
GET, 61.4, 2627
GET, 61.5, 2943
GET, 61.6, 3420
GET, 61.7, 4027
GET, 61.8, 4659
GET, 61.9, 5014
GET, 62.0, 5104
GET, 62.1, 4682
GET, 62.2, 4292
GET, 62.3, 3929
GET, 62.4, 3251
GET, 62.5, 2961
GET, 62.6, 2525
GET, 62.7, 1849
GET, 62.8, 1418
GET, 62.9, 1228
GET, 63.0, 963
GET, 63.1, 811
GET, 63.2, 682
GET, 63.3, 579
GET, 63.4, 534
GET, 63.5, 490
GET, 63.6, 423
GET, 63.7, 423
GET, 63.8, 351
GET, 63.9, 346
GET, 64.0, 318
GET, 64.1, 292
GET, 64.2, 290
GET, 64.3, 274
GET, 64.4, 264
GET, 64.5, 275
GET, 64.6, 275
GET, 64.7, 220
GET, 64.8, 224
GET, 64.9, 218
GET, 65.0, 226
GET, 65.1, 247
GET, 65.2, 258
GET, 65.3, 243
GET, 65.4, 246
GET, 65.5, 247
GET, 65.6, 234
GET, 65.7, 236
GET, 65.8, 229
GET, 65.9, 235
GET, 66.0, 250
GET, 66.1, 268
GET, 66.2, 266
GET, 66.3, 285
GET, 66.4, 291
GET, 66.5, 305
GET, 66.6, 292
GET, 66.7, 321
GET, 66.8, 283
GET, 66.9, 292
GET, 67.0, 344
GET, 67.1, 320
GET, 67.2, 339
GET, 67.3, 344
GET, 67.4, 349
GET, 67.5, 303
GET, 67.6, 339
GET, 67.7, 333
GET, 67.8, 335
GET, 67.9, 237
GET, 68.0, 229
GET, 68.1, 282
GET, 68.2, 258
GET, 68.3, 238
GET, 68.4, 251
GET, 68.5, 218
GET, 68.6, 247
GET, 68.7, 237
GET, 68.8, 262
GET, 68.9, 249
GET, 69.0, 272
GET, 69.1, 262
GET, 69.2, 254
GET, 69.3, 266
GET, 69.4, 297
GET, 69.5, 307
GET, 69.6, 330
GET, 69.7, 337
GET, 69.8, 414
GET, 69.9, 398
GET, 70.0, 382
GET, 70.1, 390
GET, 70.2, 379
GET, 70.3, 490
GET, 70.4, 454
GET, 70.5, 482
GET, 70.6, 481
GET, 70.7, 462
GET, 70.8, 423
GET, 70.9, 393
GET, 71.0, 443
GET, 71.1, 469
GET, 71.2, 469
GET, 71.3, 499
GET, 71.4, 477
GET, 71.5, 437
GET, 71.6, 428
GET, 71.7, 448
GET, 71.8, 397
GET, 71.9, 383
GET, 72.0, 452
GET, 72.1, 448
GET, 72.2, 397
GET, 72.3, 403
GET, 72.4, 427
GET, 72.5, 459
GET, 72.6, 455
GET, 72.7, 424
GET, 72.8, 415
GET, 72.9, 411
GET, 73.0, 394
GET, 73.1, 308
GET, 73.2, 342
GET, 73.3, 339
GET, 73.4, 412
GET, 73.5, 381
GET, 73.6, 382
GET, 73.7, 353
GET, 73.8, 386
GET, 73.9, 424
GET, 74.0, 408
GET, 74.1, 379
GET, 74.2, 439
GET, 74.3, 383
GET, 74.4, 366
GET, 74.5, 404
GET, 74.6, 424
GET, 74.7, 434
GET, 74.8, 476
GET, 74.9, 537
GET, 75.0, 529
GET, 75.1, 570
GET, 75.2, 630
GET, 75.3, 623
GET, 75.4, 654
GET, 75.5, 628
GET, 75.6, 585
GET, 75.7, 528
GET, 75.8, 392
GET, 75.9, 276
GET, 76.0, 247
GET, 76.1, 186
GET, 76.2, 159
GET, 76.3, 97
GET, 76.4, 138
GET, 76.5, 112
GET, 76.6, 85
GET, 76.7, 95
GET, 76.8, 97
GET, 76.9, 71
GET, 77.0, 89
GET, 77.1, 77
GET, 77.2, 69
GET, 77.3, 81
GET, 77.4, 71
GET, 77.5, 89
GET, 77.6, 56
GET, 77.7, 72
GET, 77.8, 68
GET, 77.9, 59
GET, 78.0, 69
GET, 78.1, 58
GET, 78.2, 64
GET, 78.3, 62
GET, 78.4, 52
GET, 78.5, 58
GET, 78.6, 47
GET, 78.7, 71
GET, 78.8, 59
GET, 78.9, 59
GET, 79.0, 52
GET, 79.1, 57
GET, 79.2, 56
GET, 79.3, 41
GET, 79.4, 58
GET, 79.5, 54
GET, 79.6, 53
GET, 79.7, 37
GET, 79.8, 44
GET, 79.9, 38
GET, 80.0, 30
GET, 80.1, 40
GET, 80.2, 43
GET, 80.3, 46
GET, 80.4, 48
GET, 80.5, 30
GET, 80.6, 27
GET, 80.7, 27
GET, 80.8, 31
GET, 80.9, 23
GET, 81.0, 25
GET, 81.1, 20
GET, 81.2, 26
GET, 81.3, 20
GET, 81.4, 9
GET, 81.5, 27
GET, 81.6, 14
GET, 81.7, 22
GET, 81.8, 7
GET, 81.9, 17
GET, 82.0, 14
GET, 82.1, 11
GET, 82.2, 9
GET, 82.3, 6
GET, 82.4, 11
GET, 82.5, 14
GET, 82.6, 13
GET, 82.7, 4
GET, 82.8, 11
GET, 82.9, 10
GET, 83.0, 10
GET, 83.1, 9
GET, 83.2, 0
GET, 83.3, 6
GET, 83.4, 7
GET, 83.5, 6
GET, 83.6, 7
GET, 83.7, 5
GET, 83.8, 15
GET, 83.9, 7
GET, 84.0, 13
GET, 84.1, 18
GET, 84.2, 10
GET, 84.3, 7
GET, 84.4, 10
GET, 84.5, 10
GET, 84.6, 5
GET, 84.7, 5
GET, 84.8, 1
GET, 84.9, 5
GET, 85.0, 6
GET, 85.1, 4
GET, 85.2, 3
GET, 85.3, 2
GET, 85.4, 6
GET, 85.5, 9
GET, 85.6, 4
GET, 85.7, 9
GET, 85.8, 9
GET, 85.9, 8
GET, 86.0, 10
GET, 86.1, 9
GET, 86.2, 3
GET, 86.3, 6
GET, 86.4, 12
GET, 86.5, 9
GET, 86.6, 11
GET, 86.7, 10
GET, 86.8, 13
GET, 86.9, 11
GET, 87.0, 8
GET, 87.1, 9
GET, 87.2, 9
GET, 87.3, 11
GET, 87.4, 13
GET, 87.5, 6
GET, 87.6, 5
GET, 87.7, 5
GET, 87.8, 7
GET, 87.9, 3
GET, 88.0, 2
GET, 88.1, 8
GET, 88.2, 8
GET, 88.3, 3
GET, 88.4, 2
GET, 88.5, 5
GET, 88.6, 5
GET, 88.7, 4
GET, 88.8, 5
GET, 88.9, 6
GET, 89.0, 5
GET, 89.1, 10
GET, 89.2, 2
GET, 89.3, 0
GET, 89.4, 0
GET, 89.5, 2
GET, 89.6, 3
GET, 89.7, 0
GET, 89.8, 2
GET, 89.9, 2
GET, 90.0, 6
GET, 90.1, 3
GET, 90.2, 2
GET, 90.3, 6
GET, 90.4, 5
GET, 90.5, 3
GET, 90.6, 4
GET, 90.7, 5
GET, 90.8, 7
GET, 90.9, 2
GET, 91.0, 3
GET, 91.1, 3
GET, 91.2, 3
GET, 91.3, 2
GET, 91.4, 7
GET, 91.5, 3
GET, 91.6, 2
GET, 91.7, 2
GET, 91.8, 0
GET, 91.9, 0
GET, 92.0, 1
GET, 92.1, 2
GET, 92.2, 2
GET, 92.3, 1
GET, 92.4, 1
GET, 92.5, 2
GET, 92.6, 0
GET, 92.7, 2
GET, 92.8, 0
GET, 92.9, 1
GET, 93.0, 0
GET, 93.1, 0
GET, 93.2, 1
GET, 93.3, 0
GET, 93.4, 2
GET, 93.5, 1
GET, 93.6, 1
GET, 93.7, 1
GET, 93.8, 2
GET, 93.9, 1
GET, 94.0, 3
GET, 94.1, 1
GET, 94.2, 0
GET, 94.3, 2
GET, 94.4, 1
GET, 94.5, 0
GET, 94.6, 0
GET, 94.7, 1
GET, 94.8, 1
GET, 94.9, 0
GET, 95.0, 0
GET, 95.1, 0
GET, 95.2, 0
GET, 95.3, 0
GET, 95.4, 0
GET, 95.5, 1
GET, 95.6, 2
GET, 95.7, 0
GET, 95.8, 0
GET, 95.9, 2
GET, 96.0, 0
GET, 96.1, 0
GET, 96.2, 1
GET, 96.3, 1
GET, 96.4, 2
GET, 96.5, 0
GET, 96.6, 1
GET, 96.7, 0
GET, 96.8, 2
GET, 96.9, 1
GET, 97.0, 1
GET, 97.1, 2
GET, 97.2, 0
GET, 97.3, 1
GET, 97.4, 2
GET, 97.5, 2
GET, 97.6, 1
GET, 97.7, 3
GET, 97.8, 0
GET, 97.9, 0
GET, 98.0, 1
GET, 98.1, 0
GET, 98.2, 1
GET, 98.3, 1
GET, 98.4, 0
GET, 98.5, 0
GET, 98.6, 0
GET, 98.7, 0
GET, 98.8, 0
GET, 98.9, 0
GET, 99.0, 0
GET, 99.1, 0
GET, 99.2, 1
GET, 99.3, 0
GET, 99.4, 0
GET, 99.5, 0
GET, 99.6, 0
GET, 99.7, 0
GET, 99.8, 0
GET, 99.9, 0
GET, 100.0, 0
GET, 100.1, 0
GET, 100.2, 0
GET, 100.3, 0
GET, 100.4, 0
GET, 100.5, 1
GET, 100.6, 0
GET, 100.7, 0
GET, 100.8, 0
GET, 100.9, 2
GET, 101.0, 0
GET, 101.1, 0
GET, 101.2, 0
GET, 101.3, 0
GET, 101.4, 0
GET, 101.5, 0
GET, 101.6, 1
GET, 101.7, 0
GET, 101.8, 1
GET, 101.9, 0
GET, 102.0, 0
GET, 102.1, 0
GET, 102.2, 0
GET, 102.3, 2
GET, 102.4, 0
GET, 102.5, 2
GET, 102.6, 1
GET, 102.7, 1
GET, 102.8, 1
GET, 102.9, 1
GET, 103.0, 1
GET, 103.1, 0
GET, 103.2, 0
GET, 103.3, 0
GET, 103.4, 1
GET, 103.5, 0
GET, 103.6, 0
GET, 103.7, 0
GET, 103.8, 0
GET, 103.9, 2
GET, 104.0, 0
GET, 104.1, 1
GET, 104.2, 1
GET, 104.3, 0
GET, 104.4, 0
GET, 104.5, 1
GET, 104.6, 0
GET, 104.7, 0
GET, 104.8, 1
GET, 104.9, 0
GET, 105.0, 0
GET, 105.1, 0
GET, 105.2, 0
GET, 105.3, 0
GET, 105.4, 0
GET, 105.5, 0
GET, 105.6, 0
GET, 105.7, 0
GET, 105.8, 0
GET, 105.9, 0
GET, 106.0, 0
GET, 106.1, 0
GET, 106.2, 0
GET, 106.3, 0
GET, 106.4, 0
GET, 106.5, 0
GET, 106.6, 0
GET, 106.7, 0
GET, 106.8, 0
GET, 106.9, 0
GET, 107.0, 0
GET, 107.1, 0
GET, 107.2, 0
GET, 107.3, 0
GET, 107.4, 0
GET, 107.5, 0
GET, 107.6, 1
GET, 107.7, 1
GET, 107.8, 0
GET, 107.9, 0
GET, 108.0, 1
GET, 108.1, 0
GET, 108.2, 1
GET, 108.3, 1
GET, 108.4, 0
GET, 108.5, 1
GET, 108.6, 0
GET, 108.7, 0
GET, 108.8, 0
GET, 108.9, 0
GET, 109.0, 0
GET, 109.1, 1
GET, 109.2, 0
GET, 109.3, 0
GET, 109.4, 0
GET, 109.5, 0
GET, 109.6, 1
GET, 109.7, 0
GET, 109.8, 0
GET, 109.9, 0
GET, 110.0, 0
GET, 110.1, 0
GET, 110.2, 0
GET, 110.3, 0
GET, 110.4, 1
GET, 110.5, 1
GET, 110.6, 0
GET, 110.7, 0
GET, 110.8, 0
GET, 110.9, 1
GET, 111.0, 0
GET, 111.1, 0
GET, 111.2, 0
GET, 111.3, 0
GET, 111.4, 0
GET, 111.5, 0
GET, 111.6, 0
GET, 111.7, 0
GET, 111.8, 0
GET, 111.9, 0
GET, 112.0, 0
GET, 112.1, 0
GET, 112.2, 0
GET, 112.3, 0
GET, 112.4, 0
GET, 112.5, 0
GET, 112.6, 0
GET, 112.7, 0
GET, 112.8, 1
GET, 112.9, 0
GET, 113.0, 0
GET, 113.1, 0
GET, 113.2, 0
GET, 113.3, 0
GET, 113.4, 0
GET, 113.5, 0
GET, 113.6, 0
GET, 113.7, 0
GET, 113.8, 0
GET, 113.9, 0
GET, 114.0, 0
GET, 114.1, 0
GET, 114.2, 0
GET, 114.3, 0
GET, 114.4, 0
GET, 114.5, 0
GET, 114.6, 0
GET, 114.7, 0
GET, 114.8, 0
GET, 114.9, 0
GET, 115.0, 0
GET, 115.1, 0
GET, 115.2, 0
GET, 115.3, 0
GET, 115.4, 0
GET, 115.5, 0
GET, 115.6, 1
GET, 115.7, 0
GET, 115.8, 0
GET, 115.9, 0
GET, 116.0, 0
GET, 116.1, 0
GET, 116.2, 1
GET, 116.3, 0
GET, 116.4, 0
GET, 116.5, 0
GET, 116.6, 0
GET, 116.7, 0
GET, 116.8, 0
GET, 116.9, 0
GET, 117.0, 0
GET, 117.1, 0
GET, 117.2, 0
GET, 117.3, 0
GET, 117.4, 0
GET, 117.5, 0
GET, 117.6, 0
GET, 117.7, 0
GET, 117.8, 0
GET, 117.9, 0
GET, 118.0, 0
GET, 118.1, 0
GET, 118.2, 0
GET, 118.3, 0
GET, 118.4, 0
GET, 118.5, 0
GET, 118.6, 0
GET, 118.7, 0
GET, 118.8, 0
GET, 118.9, 0
GET, 119.0, 0
GET, 119.1, 0
GET, 119.2, 0
GET, 119.3, 0
GET, 119.4, 0
GET, 119.5, 0
GET, 119.6, 0
GET, 119.7, 0
GET, 119.8, 0
GET, 119.9, 0
GET, 120.0, 0
GET, 120.1, 0
GET, 120.2, 0
GET, 120.3, 0
GET, 120.4, 0
GET, 120.5, 0
GET, 120.6, 0
GET, 120.7, 0
GET, 120.8, 0
GET, 120.9, 0
GET, 121.0, 0
GET, 121.1, 0
GET, 121.2, 0
GET, 121.3, 0
GET, 121.4, 0
GET, 121.5, 0
GET, 121.6, 0
GET, 121.7, 0
GET, 121.8, 0
GET, 121.9, 0
GET, 122.0, 0
GET, 122.1, 0
GET, 122.2, 0
GET, 122.3, 0
GET, 122.4, 0
GET, 122.5, 0
GET, 122.6, 0
GET, 122.7, 0
GET, 122.8, 0
GET, 122.9, 0
GET, 123.0, 0
GET, 123.1, 0
GET, 123.2, 0
GET, 123.3, 0
GET, 123.4, 0
GET, 123.5, 0
GET, 123.6, 0
GET, 123.7, 0
GET, 123.8, 0
GET, 123.9, 0
GET, 124.0, 0
GET, 124.1, 0
GET, 124.2, 0
GET, 124.3, 0
GET, 124.4, 0
GET, 124.5, 0
GET, 124.6, 0
GET, 124.7, 0
GET, 124.8, 0
GET, 124.9, 0
GET, 125.0, 0
GET, 125.1, 0
GET, 125.2, 0
GET, 125.3, 0
GET, 125.4, 0
GET, 125.5, 0
GET, 125.6, 0
GET, 125.7, 0
GET, 125.8, 0
GET, 125.9, 0
GET, 126.0, 0
GET, 126.1, 0
GET, 126.2, 0
GET, 126.3, 0
GET, 126.4, 0
GET, 126.5, 0
GET, 126.6, 0
GET, 126.7, 0
GET, 126.8, 0
GET, 126.9, 0
GET, 127.0, 0
GET, 127.1, 0
GET, 127.2, 0
GET, 127.3, 0
GET, 127.4, 0
GET, 127.5, 0
GET, 127.6, 0
GET, 127.7, 0
GET, 127.8, 0
GET, 127.9, 0
GET, 128.0, 0
GET, 128.1, 0
GET, 128.2, 0
GET, 128.3, 0
GET, 128.4, 0
GET, 128.5, 0
GET, 128.6, 0
GET, 128.7, 0
GET, 128.8, 0
GET, 128.9, 0
GET, 129.0, 0
GET, 129.1, 0
GET, 129.2, 0
GET, 129.3, 0
GET, 129.4, 0
GET, 129.5, 0
GET, 129.6, 0
GET, 129.7, 0
GET, 129.8, 0
GET, 129.9, 0
GET, 130.0, 0
GET, 130.1, 0
GET, 130.2, 0
GET, 130.3, 0
GET, 130.4, 0
GET, 130.5, 0
GET, 130.6, 0
GET, 130.7, 0
GET, 130.8, 0
GET, 130.9, 0
GET, 131.0, 0
GET, 131.1, 0
GET, 131.2, 0
GET, 131.3, 0
GET, 131.4, 0
GET, 131.5, 0
GET, 131.6, 0
GET, 131.7, 0
GET, 131.8, 0
GET, 131.9, 0
GET, 132.0, 0
GET, 132.1, 0
GET, 132.2, 0
GET, 132.3, 0
GET, 132.4, 0
GET, 132.5, 0
GET, 132.6, 0
GET, 132.7, 0
GET, 132.8, 0
GET, 132.9, 0
GET, 133.0, 0
GET, 133.1, 0
GET, 133.2, 0
GET, 133.3, 0
GET, 133.4, 0
GET, 133.5, 0
GET, 133.6, 0
GET, 133.7, 0
GET, 133.8, 0
GET, 133.9, 0
GET, 134.0, 0
GET, 134.1, 0
GET, 134.2, 0
GET, 134.3, 0
GET, 134.4, 0
GET, 134.5, 0
GET, 134.6, 0
GET, 134.7, 0
GET, 134.8, 0
GET, 134.9, 0
GET, 135.0, 0
GET, 135.1, 0
GET, 135.2, 0
GET, 135.3, 0
GET, 135.4, 0
GET, 135.5, 0
GET, 135.6, 0
GET, 135.7, 0
GET, 135.8, 0
GET, 135.9, 0
GET, 136.0, 0
GET, 136.1, 0
GET, 136.2, 0
GET, 136.3, 0
GET, 136.4, 0
GET, 136.5, 0
GET, 136.6, 0
GET, 136.7, 0
GET, 136.8, 0
GET, 136.9, 0
GET, 137.0, 0
GET, 137.1, 0
GET, 137.2, 0
GET, 137.3, 0
GET, 137.4, 0
GET, 137.5, 0
GET, 137.6, 0
GET, 137.7, 0
GET, 137.8, 0
GET, 137.9, 0
GET, 138.0, 0
GET, 138.1, 0
GET, 138.2, 0
GET, 138.3, 0
GET, 138.4, 0
GET, 138.5, 0
GET, 138.6, 0
GET, 138.7, 0
GET, 138.8, 0
GET, 138.9, 0
GET, 139.0, 0
GET, 139.1, 0
GET, 139.2, 0
GET, 139.3, 0
GET, 139.4, 0
GET, 139.5, 0
GET, 139.6, 0
GET, 139.7, 0
GET, 139.8, 0
GET, 139.9, 0
GET, 140.0, 0
GET, 140.1, 0
GET, 140.2, 0
GET, 140.3, 0
GET, 140.4, 0
GET, 140.5, 0
GET, 140.6, 0
GET, 140.7, 0
GET, 140.8, 0
GET, 140.9, 0
GET, 141.0, 0
GET, 141.1, 0
GET, 141.2, 0
GET, 141.3, 0
GET, 141.4, 0
GET, 141.5, 0
GET, 141.6, 0
GET, 141.7, 0
GET, 141.8, 0
GET, 141.9, 0
GET, 142.0, 0
GET, 142.1, 0
GET, 142.2, 0
GET, 142.3, 0
GET, 142.4, 0
GET, 142.5, 0
GET, 142.6, 0
GET, 142.7, 0
GET, 142.8, 0
GET, 142.9, 0
GET, 143.0, 0
GET, 143.1, 0
GET, 143.2, 0
GET, 143.3, 0
GET, 143.4, 0
GET, 143.5, 0
GET, 143.6, 0
GET, 143.7, 0
GET, 143.8, 0
GET, 143.9, 0
GET, 144.0, 0
GET, 144.1, 0
GET, 144.2, 0
GET, 144.3, 0
GET, 144.4, 0
GET, 144.5, 0
GET, 144.6, 0
GET, 144.7, 0
GET, 144.8, 0
GET, 144.9, 0
GET, 145.0, 0
GET, 145.1, 0
GET, 145.2, 0
GET, 145.3, 0
GET, 145.4, 0
GET, 145.5, 0
GET, 145.6, 0
GET, 145.7, 0
GET, 145.8, 0
GET, 145.9, 0
GET, 146.0, 0
GET, 146.1, 0
GET, 146.2, 0
GET, 146.3, 0
GET, 146.4, 0
GET, 146.5, 0
GET, 146.6, 0
GET, 146.7, 0
GET, 146.8, 0
GET, 146.9, 0
GET, 147.0, 0
GET, 147.1, 0
GET, 147.2, 0
GET, 147.3, 0
GET, 147.4, 0
GET, 147.5, 0
GET, 147.6, 0
GET, 147.7, 0
GET, 147.8, 0
GET, 147.9, 0
GET, 148.0, 0
GET, 148.1, 0
GET, 148.2, 0
GET, 148.3, 0
GET, 148.4, 0
GET, 148.5, 0
GET, 148.6, 0
GET, 148.7, 0
GET, 148.8, 0
GET, 148.9, 0
GET, 149.0, 0
GET, 149.1, 0
GET, 149.2, 0
GET, 149.3, 0
GET, 149.4, 0
GET, 149.5, 0
GET, 149.6, 0
GET, 149.7, 0
GET, 149.8, 0
GET, 149.9, 0
GET, 150.0, 0
GET, 150.1, 0
GET, 150.2, 0
GET, 150.3, 0
GET, 150.4, 0
GET, 150.5, 0
GET, 150.6, 0
GET, 150.7, 0
GET, 150.8, 0
GET, 150.9, 0
GET, 151.0, 0
GET, 151.1, 0
GET, 151.2, 0
GET, 151.3, 0
GET, 151.4, 0
GET, 151.5, 0
GET, 151.6, 0
GET, 151.7, 0
GET, 151.8, 0
GET, 151.9, 0
GET, 152.0, 0
GET, 152.1, 0
GET, 152.2, 0
GET, 152.3, 0
GET, 152.4, 0
GET, 152.5, 0
GET, 152.6, 0
GET, 152.7, 0
GET, 152.8, 0
GET, 152.9, 0
GET, 153.0, 0
GET, 153.1, 0
GET, 153.2, 0
GET, 153.3, 0
GET, 153.4, 0
GET, 153.5, 0
GET, 153.6, 0
GET, 153.7, 0
GET, 153.8, 0
GET, 153.9, 0
GET, 154.0, 0
GET, 154.1, 0
GET, 154.2, 0
GET, 154.3, 0
GET, 154.4, 0
GET, 154.5, 0
GET, 154.6, 0
GET, 154.7, 0
GET, 154.8, 0
GET, 154.9, 0
GET, 155.0, 0
GET, 155.1, 0
GET, 155.2, 0
GET, 155.3, 0
GET, 155.4, 0
GET, 155.5, 0
GET, 155.6, 0
GET, 155.7, 0
GET, 155.8, 0
GET, 155.9, 0
GET, 156.0, 0
GET, 156.1, 0
GET, 156.2, 0
GET, 156.3, 0
GET, 156.4, 0
GET, 156.5, 0
GET, 156.6, 0
GET, 156.7, 0
GET, 156.8, 0
GET, 156.9, 0
GET, 157.0, 0
GET, 157.1, 0
GET, 157.2, 0
GET, 157.3, 0
GET, 157.4, 0
GET, 157.5, 0
GET, 157.6, 0
GET, 157.7, 0
GET, 157.8, 0
GET, 157.9, 0
GET, 158.0, 0
GET, 158.1, 0
GET, 158.2, 0
GET, 158.3, 0
GET, 158.4, 0
GET, 158.5, 0
GET, 158.6, 0
GET, 158.7, 0
GET, 158.8, 0
GET, 158.9, 0
GET, 159.0, 0
GET, 159.1, 0
GET, 159.2, 0
GET, 159.3, 0
GET, 159.4, 0
GET, 159.5, 0
GET, 159.6, 0
GET, 159.7, 0
GET, 159.8, 0
GET, 159.9, 0
GET, 160.0, 0
GET, 160.1, 0
GET, 160.2, 0
GET, 160.3, 0
GET, 160.4, 0
GET, 160.5, 0
GET, 160.6, 0
GET, 160.7, 0
GET, 160.8, 0
GET, 160.9, 0
GET, 161.0, 0
GET, 161.1, 0
GET, 161.2, 0
GET, 161.3, 0
GET, 161.4, 0
GET, 161.5, 0
GET, 161.6, 0
GET, 161.7, 0
GET, 161.8, 0
GET, 161.9, 0
GET, 162.0, 0
GET, 162.1, 0
GET, 162.2, 0
GET, 162.3, 0
GET, 162.4, 0
GET, 162.5, 0
GET, 162.6, 0
GET, 162.7, 0
GET, 162.8, 0
GET, 162.9, 0
GET, 163.0, 0
GET, 163.1, 0
GET, 163.2, 0
GET, 163.3, 0
GET, 163.4, 0
GET, 163.5, 0
GET, 163.6, 0
GET, 163.7, 0
GET, 163.8, 0
GET, 163.9, 0
GET, 164.0, 0
GET, 164.1, 0
GET, 164.2, 0
GET, 164.3, 0
GET, 164.4, 0
GET, 164.5, 0
GET, 164.6, 0
GET, 164.7, 0
GET, 164.8, 0
GET, 164.9, 0
GET, 165.0, 0
GET, 165.1, 0
GET, 165.2, 0
GET, 165.3, 0
GET, 165.4, 0
GET, 165.5, 0
GET, 165.6, 0
GET, 165.7, 0
GET, 165.8, 0
GET, 165.9, 0
GET, 166.0, 0
GET, 166.1, 0
GET, 166.2, 0
GET, 166.3, 0
GET, 166.4, 0
GET, 166.5, 0
GET, 166.6, 0
GET, 166.7, 0
GET, 166.8, 0
GET, 166.9, 0
GET, 167.0, 0
GET, 167.1, 0
GET, 167.2, 0
GET, 167.3, 0
GET, 167.4, 0
GET, 167.5, 0
GET, 167.6, 0
GET, 167.7, 0
GET, 167.8, 0
GET, 167.9, 0
GET, 168.0, 0
GET, 168.1, 0
GET, 168.2, 0
GET, 168.3, 0
GET, 168.4, 0
GET, 168.5, 0
GET, 168.6, 0
GET, 168.7, 0
GET, 168.8, 0
GET, 168.9, 0
GET, 169.0, 0
GET, 169.1, 0
GET, 169.2, 0
GET, 169.3, 0
GET, 169.4, 0
GET, 169.5, 0
GET, 169.6, 0
GET, 169.7, 0
GET, 169.8, 0
GET, 169.9, 0
GET, 170.0, 0
GET, 170.1, 0
GET, 170.2, 0
GET, 170.3, 0
GET, 170.4, 0
GET, 170.5, 0
GET, 170.6, 0
GET, 170.7, 0
GET, 170.8, 0
GET, 170.9, 0
GET, 171.0, 0
GET, 171.1, 0
GET, 171.2, 0
GET, 171.3, 0
GET, 171.4, 0
GET, 171.5, 0
GET, 171.6, 0
GET, 171.7, 0
GET, 171.8, 0
GET, 171.9, 0
GET, 172.0, 0
GET, 172.1, 0
GET, 172.2, 0
GET, 172.3, 0
GET, 172.4, 0
GET, 172.5, 0
GET, 172.6, 0
GET, 172.7, 0
GET, 172.8, 0
GET, 172.9, 0
GET, 173.0, 0
GET, 173.1, 0
GET, 173.2, 0
GET, 173.3, 0
GET, 173.4, 0
GET, 173.5, 0
GET, 173.6, 0
GET, 173.7, 0
GET, 173.8, 0
GET, 173.9, 0
GET, 174.0, 0
GET, 174.1, 0
GET, 174.2, 0
GET, 174.3, 0
GET, 174.4, 0
GET, 174.5, 0
GET, 174.6, 1
GET, 174.7, 0
GET, 174.8, 1
GET, 174.9, 0
GET, 175.0, 0
GET, 175.1, 1
GET, 175.2, 0
GET, 175.3, 0
GET, 175.4, 0
GET, 175.5, 1
GET, 175.6, 0
GET, 175.7, 0
GET, 175.8, 0
GET, 175.9, 1
GET, 176.0, 1
GET, 176.1, 0
GET, 176.2, 1
GET, 176.3, 0
GET, 176.4, 0
GET, 176.5, 0
GET, 176.6, 2
GET, 176.7, 2
GET, 176.8, 2
GET, 176.9, 0
GET, 177.0, 0
GET, 177.1, 0
GET, 177.2, 1
GET, 177.3, 2
GET, 177.4, 1
GET, 177.5, 0
GET, 177.6, 1
GET, 177.7, 1
GET, 177.8, 0
GET, 177.9, 0
GET, 178.0, 0
GET, 178.1, 0
GET, 178.2, 1
GET, 178.3, 2
GET, 178.4, 0
GET, 178.5, 1
GET, 178.6, 1
GET, 178.7, 3
GET, 178.8, 3
GET, 178.9, 1
GET, 179.0, 0
GET, 179.1, 0
GET, 179.2, 0
GET, 179.3, 0
GET, 179.4, 0
GET, 179.5, 0
GET, 179.6, 0
GET, 179.7, 0
GET, 179.8, 1
GET, 179.9, 1
GET, 180.0, 2
GET, 180.1, 1
GET, 180.2, 2
GET, 180.3, 1
GET, 180.4, 0
GET, 180.5, 1
GET, 180.6, 0
GET, 180.7, 0
GET, 180.8, 0
GET, 180.9, 0
GET, 181.0, 0
GET, 181.1, 0
GET, 181.2, 0
GET, 181.3, 0
GET, 181.4, 0
GET, 181.5, 0
GET, 181.6, 0
GET, 181.7, 0
GET, 181.8, 0
GET, 181.9, 0
GET, 182.0, 0
GET, 182.1, 0
GET, 182.2, 0
GET, 182.3, 0
GET, 182.4, 0
GET, 182.5, 0
GET, 182.6, 0
GET, 182.7, 0
GET, 182.8, 0
GET, 182.9, 0
GET, 183.0, 0
GET, 183.1, 0
GET, 183.2, 0
GET, 183.3, 0
GET, 183.4, 0
GET, 183.5, 0
GET, 183.6, 0
GET, 183.7, 1
GET, 183.8, 0
GET, 183.9, 1
GET, 184.0, 1
GET, 184.1, 2
GET, 184.2, 0
GET, 184.3, 1
GET, 184.4, 0
GET, 184.5, 0
GET, 184.6, 1
GET, 184.7, 0
GET, 184.8, 0
GET, 184.9, 0
GET, 185.0, 0
GET, 185.1, 0
GET, 185.2, 0
GET, 185.3, 2
GET, 185.4, 0
GET, 185.5, 0
GET, 185.6, 0
GET, 185.7, 1
GET, 185.8, 3
GET, 185.9, 0
GET, 186.0, 0
GET, 186.1, 1
GET, 186.2, 0
GET, 186.3, 0
GET, 186.4, 0
GET, 186.5, 1
GET, 186.6, 0
GET, 186.7, 1
GET, 186.8, 0
GET, 186.9, 0
GET, 187.0, 0
GET, 187.1, 1
GET, 187.2, 0
GET, 187.3, 1
GET, 187.4, 0
GET, 187.5, 2
GET, 187.6, 0
GET, 187.7, 0
GET, 187.8, 1
GET, 187.9, 0
GET, 188.0, 0
GET, 188.1, 0
GET, 188.2, 1
GET, 188.3, 0
GET, 188.4, 1
GET, 188.5, 0
GET, 188.6, 0
GET, 188.7, 1
GET, 188.8, 0
GET, 188.9, 0
GET, 189.0, 0
GET, 189.1, 0
GET, 189.2, 0
GET, 189.3, 0
GET, 189.4, 0
GET, 189.5, 1
GET, 189.6, 0
GET, 189.7, 0
GET, 189.8, 0
GET, 189.9, 0
GET, 190.0, 0
GET, 190.1, 0
GET, 190.2, 0
GET, 190.3, 0
GET, 190.4, 0
GET, 190.5, 0
GET, 190.6, 0
GET, 190.7, 0
GET, 190.8, 0
GET, 190.9, 0
GET, 191.0, 0
GET, 191.1, 0
GET, 191.2, 0
GET, 191.3, 0
GET, 191.4, 0
GET, 191.5, 0
GET, 191.6, 0
GET, 191.7, 1
GET, 191.8, 0
GET, 191.9, 1
GET, 192.0, 0
GET, 192.1, 0
GET, 192.2, 0
GET, 192.3, 0
GET, 192.4, 0
GET, 192.5, 0
GET, 192.6, 0
GET, 192.7, 0
GET, 192.8, 0
GET, 192.9, 0
GET, 193.0, 0
GET, 193.1, 0
GET, 193.2, 0
GET, 193.3, 0
GET, 193.4, 0
GET, 193.5, 0
GET, 193.6, 0
GET, 193.7, 0
GET, 193.8, 0
GET, 193.9, 0
GET, 194.0, 0
GET, 194.1, 1
GET, 194.2, 0
GET, 194.3, 0
GET, 194.4, 0
GET, 194.5, 0
GET, 194.6, 0
GET, 194.7, 0
GET, 194.8, 0
GET, 194.9, 0
GET, 195.0, 0
GET, 195.1, 0
GET, 195.2, 0
GET, 195.3, 1
GET, 195.4, 0
GET, 195.5, 0
GET, 195.6, 0
GET, 195.7, 0
GET, 195.8, 0
GET, 195.9, 0
GET, 196.0, 0
GET, 196.1, 0
GET, 196.2, 0
GET, 196.3, 0
GET, 196.4, 0
GET, 196.5, 0
GET, 196.6, 0
GET, 196.7, 0
GET, 196.8, 0
GET, 196.9, 0
GET, 197.0, 0
GET, 197.1, 1
GET, 197.2, 0
GET, 197.3, 0
GET, 197.4, 0
GET, 197.5, 1
GET, 197.6, 0
GET, 197.7, 1
GET, 197.8, 0
GET, 197.9, 0
GET, 198.0, 0
GET, 198.1, 0
GET, 198.2, 0
GET, 198.3, 0
GET, 198.4, 0
GET, 198.5, 0
GET, 198.6, 0
GET, 198.7, 0
GET, 198.8, 0
GET, 198.9, 0
GET, 199.0, 0
GET, 199.1, 0
GET, 199.2, 0
GET, 199.3, 0
GET, 199.4, 0
GET, 199.5, 0
GET, 199.6, 0
GET, 199.7, 0
GET, 199.8, 0
GET, 199.9, 0
GET, 200.0, 0
GET, 200.1, 0
GET, 200.2, 1
GET, 200.3, 0
GET, 200.4, 0
GET, 200.5, 0
GET, 200.6, 0
GET, 200.7, 0
GET, 200.8, 0
GET, 200.9, 0
GET, 201.0, 1
GET, 201.1, 0
GET, 201.2, 0
GET, 201.3, 0
GET, 201.4, 1
GET, 201.5, 0
GET, 201.6, 0
GET, 201.7, 0
GET, 201.8, 0
GET, 201.9, 0
GET, 202.0, 0
GET, 202.1, 0
GET, 202.2, 0
GET, 202.3, 1
GET, 202.4, 0
GET, 202.5, 0
GET, 202.6, 0
GET, 202.7, 0
GET, 202.8, 0
GET, 202.9, 1
GET, 203.0, 0
GET, 203.1, 0
GET, 203.2, 0
GET, 203.3, 0
GET, 203.4, 0
GET, 203.5, 0
GET, 203.6, 0
GET, 203.7, 0
GET, 203.8, 0
GET, 203.9, 0
GET, 204.0, 0
GET, 204.1, 0
GET, 204.2, 0
GET, 204.3, 0
GET, 204.4, 0
GET, 204.5, 0
GET, 204.6, 0
GET, 204.7, 0
GET, 204.8, 0
GET, 204.9, 0
GET, 205.0, 0
GET, 205.1, 0
GET, 205.2, 0
GET, 205.3, 0
GET, 205.4, 0
GET, 205.5, 0
GET, 205.6, 0
GET, 205.7, 1
