Elapsed Time, AVG Throughput, AVG Queue Size, AVG Waiting Time, AVG Service Time, AVG Response Time, AVG SET Response Time, AVG GET Response Time, AVG MULTI-GET Response Time, #SETS, #GETS, #MULTIGETS, GET MissRatio, MULTI-GET MissRatio, AVG MULTI-GET Size
 5.00, 6951, 93, 13.701286, 1.780267, 15.629704, 15.629704, 0.000000, 0.000000, 34755, 0, 0, 0.00, 0.00, 0
10.00, 8573, 93, 11.372353, 1.563205, 13.042138, 13.042138, 0.000000, 0.000000, 42868, 0, 0, 0.00, 0.00, 0
15.00, 8393, 93, 11.643935, 1.616766, 13.369594, 13.369594, 0.000000, 0.000000, 41965, 0, 0, 0.00, 0.00, 0
20.00, 8513, 95, 11.658473, 1.592267, 13.364042, 13.364042, 0.000000, 0.000000, 42567, 0, 0, 0.00, 0.00, 0
25.00, 8395, 94, 11.782999, 1.624477, 13.508470, 13.508470, 0.000000, 0.000000, 41979, 0, 0, 0.00, 0.00, 0
30.00, 8372, 95, 11.900123, 1.645771, 13.647616, 13.647616, 0.000000, 0.000000, 41861, 0, 0, 0.00, 0.00, 0
35.00, 8453, 95, 11.850317, 1.608122, 13.560636, 13.560636, 0.000000, 0.000000, 42266, 0, 0, 0.00, 0.00, 0
40.00, 8342, 95, 11.960509, 1.608865, 13.692914, 13.692914, 0.000000, 0.000000, 41712, 0, 0, 0.00, 0.00, 0
45.00, 8429, 94, 11.706189, 1.619492, 13.427340, 13.427340, 0.000000, 0.000000, 42145, 0, 0, 0.00, 0.00, 0
50.00, 7986, 95, 12.350168, 1.701048, 14.167951, 14.167951, 0.000000, 0.000000, 39931, 0, 0, 0.00, 0.00, 0
55.00, 8284, 95, 12.111745, 1.639001, 13.853349, 13.853349, 0.000000, 0.000000, 41421, 0, 0, 0.00, 0.00, 0
60.00, 7895, 95, 12.523728, 1.732435, 14.375990, 14.375990, 0.000000, 0.000000, 39475, 0, 0, 0.00, 0.00, 0
65.00, 8298, 93, 11.748401, 1.623598, 13.490387, 13.490387, 0.000000, 0.000000, 41493, 0, 0, 0.00, 0.00, 0
70.00, 8263, 95, 12.068920, 1.636698, 13.823474, 13.823474, 0.000000, 0.000000, 41319, 0, 0, 0.00, 0.00, 0
70.00, 153, 44, 5.907604, 1.954142, 7.921016, 7.921016, 0.000000, 0.000000, 767, 0, 0, 0.00, 0.00, 0
Type, Interval, Responses
SET, 0.1, 0
SET, 0.2, 0
SET, 0.3, 0
SET, 0.4, 3
SET, 0.5, 15
SET, 0.6, 38
SET, 0.7, 52
SET, 0.8, 60
SET, 0.9, 98
SET, 1.0, 84
SET, 1.1, 87
SET, 1.2, 67
SET, 1.3, 106
SET, 1.4, 112
SET, 1.5, 98
SET, 1.6, 134
SET, 1.7, 126
SET, 1.8, 125
SET, 1.9, 135
SET, 2.0, 138
SET, 2.1, 146
SET, 2.2, 144
SET, 2.3, 143
SET, 2.4, 151
SET, 2.5, 164
SET, 2.6, 164
SET, 2.7, 166
SET, 2.8, 160
SET, 2.9, 194
SET, 3.0, 191
SET, 3.1, 196
SET, 3.2, 169
SET, 3.3, 194
SET, 3.4, 196
SET, 3.5, 206
SET, 3.6, 201
SET, 3.7, 224
SET, 3.8, 252
SET, 3.9, 229
SET, 4.0, 264
SET, 4.1, 306
SET, 4.2, 314
SET, 4.3, 285
SET, 4.4, 338
SET, 4.5, 354
SET, 4.6, 375
SET, 4.7, 392
SET, 4.8, 446
SET, 4.9, 487
SET, 5.0, 469
SET, 5.1, 531
SET, 5.2, 547
SET, 5.3, 556
SET, 5.4, 521
SET, 5.5, 588
SET, 5.6, 605
SET, 5.7, 634
SET, 5.8, 638
SET, 5.9, 700
SET, 6.0, 753
SET, 6.1, 755
SET, 6.2, 770
SET, 6.3, 816
SET, 6.4, 913
SET, 6.5, 895
SET, 6.6, 1015
SET, 6.7, 1022
SET, 6.8, 1123
SET, 6.9, 1178
SET, 7.0, 1233
SET, 7.1, 1330
SET, 7.2, 1331
SET, 7.3, 1382
SET, 7.4, 1547
SET, 7.5, 1655
SET, 7.6, 1677
SET, 7.7, 1768
SET, 7.8, 1940
SET, 7.9, 2044
SET, 8.0, 2206
SET, 8.1, 2313
SET, 8.2, 2363
SET, 8.3, 2507
SET, 8.4, 2796
SET, 8.5, 2968
SET, 8.6, 2972
SET, 8.7, 3224
SET, 8.8, 3369
SET, 8.9, 3563
SET, 9.0, 3538
SET, 9.1, 3611
SET, 9.2, 3728
SET, 9.3, 3860
SET, 9.4, 4151
SET, 9.5, 4136
SET, 9.6, 4194
SET, 9.7, 4197
SET, 9.8, 4381
SET, 9.9, 4329
SET, 10.0, 4517
SET, 10.1, 4702
SET, 10.2, 4654
SET, 10.3, 4764
SET, 10.4, 4882
SET, 10.5, 4906
SET, 10.6, 4923
SET, 10.7, 5101
SET, 10.8, 5132
SET, 10.9, 4976
SET, 11.0, 5285
SET, 11.1, 5177
SET, 11.2, 5232
SET, 11.3, 5294
SET, 11.4, 5183
SET, 11.5, 5271
SET, 11.6, 5457
SET, 11.7, 5449
SET, 11.8, 5415
SET, 11.9, 5273
SET, 12.0, 5329
SET, 12.1, 5324
SET, 12.2, 5387
SET, 12.3, 5424
SET, 12.4, 5532
SET, 12.5, 5350
SET, 12.6, 5511
SET, 12.7, 5464
SET, 12.8, 5495
SET, 12.9, 5664
SET, 13.0, 5673
SET, 13.1, 5644
SET, 13.2, 5838
SET, 13.3, 5830
SET, 13.4, 5877
SET, 13.5, 6037
SET, 13.6, 6104
SET, 13.7, 6138
SET, 13.8, 6250
SET, 13.9, 6238
SET, 14.0, 6229
SET, 14.1, 6411
SET, 14.2, 6375
SET, 14.3, 6398
SET, 14.4, 6370
SET, 14.5, 6140
SET, 14.6, 5934
SET, 14.7, 5943
SET, 14.8, 5770
SET, 14.9, 5583
SET, 15.0, 5325
SET, 15.1, 5192
SET, 15.2, 4976
SET, 15.3, 4827
SET, 15.4, 4778
SET, 15.5, 4510
SET, 15.6, 4359
SET, 15.7, 4172
SET, 15.8, 4025
SET, 15.9, 3893
SET, 16.0, 3762
SET, 16.1, 3505
SET, 16.2, 3521
SET, 16.3, 3375
SET, 16.4, 3248
SET, 16.5, 3166
SET, 16.6, 3049
SET, 16.7, 2938
SET, 16.8, 3037
SET, 16.9, 2921
SET, 17.0, 2920
SET, 17.1, 2890
SET, 17.2, 2768
SET, 17.3, 2697
SET, 17.4, 2636
SET, 17.5, 2616
SET, 17.6, 2324
SET, 17.7, 2376
SET, 17.8, 2364
SET, 17.9, 2391
SET, 18.0, 2380
SET, 18.1, 2338
SET, 18.2, 2204
SET, 18.3, 2237
SET, 18.4, 2220
SET, 18.5, 2137
SET, 18.6, 2097
SET, 18.7, 2075
SET, 18.8, 2024
SET, 18.9, 2074
SET, 19.0, 2066
SET, 19.1, 2030
SET, 19.2, 2000
SET, 19.3, 2008
SET, 19.4, 1916
SET, 19.5, 1931
SET, 19.6, 1922
SET, 19.7, 1798
SET, 19.8, 1736
SET, 19.9, 1778
SET, 20.0, 1824
SET, 20.1, 1712
SET, 20.2, 1723
SET, 20.3, 1586
SET, 20.4, 1496
SET, 20.5, 1501
SET, 20.6, 1403
SET, 20.7, 1427
SET, 20.8, 1279
SET, 20.9, 1208
SET, 21.0, 1138
SET, 21.1, 1072
SET, 21.2, 1103
SET, 21.3, 1022
SET, 21.4, 1046
SET, 21.5, 918
SET, 21.6, 984
SET, 21.7, 918
SET, 21.8, 859
SET, 21.9, 746
SET, 22.0, 645
SET, 22.1, 695
SET, 22.2, 614
SET, 22.3, 636
SET, 22.4, 631
SET, 22.5, 593
SET, 22.6, 557
SET, 22.7, 610
SET, 22.8, 539
SET, 22.9, 562
SET, 23.0, 494
SET, 23.1, 446
SET, 23.2, 360
SET, 23.3, 388
SET, 23.4, 392
SET, 23.5, 407
SET, 23.6, 367
SET, 23.7, 328
SET, 23.8, 267
SET, 23.9, 289
SET, 24.0, 265
SET, 24.1, 248
SET, 24.2, 214
SET, 24.3, 226
SET, 24.4, 188
SET, 24.5, 210
SET, 24.6, 204
SET, 24.7, 169
SET, 24.8, 160
SET, 24.9, 186
SET, 25.0, 191
SET, 25.1, 182
SET, 25.2, 159
SET, 25.3, 166
SET, 25.4, 129
SET, 25.5, 153
SET, 25.6, 151
SET, 25.7, 139
SET, 25.8, 145
SET, 25.9, 127
SET, 26.0, 114
SET, 26.1, 111
SET, 26.2, 106
SET, 26.3, 108
SET, 26.4, 108
SET, 26.5, 102
SET, 26.6, 150
SET, 26.7, 124
SET, 26.8, 117
SET, 26.9, 100
SET, 27.0, 89
SET, 27.1, 94
SET, 27.2, 96
SET, 27.3, 100
SET, 27.4, 89
SET, 27.5, 81
SET, 27.6, 72
SET, 27.7, 78
SET, 27.8, 64
SET, 27.9, 70
SET, 28.0, 58
SET, 28.1, 59
SET, 28.2, 55
SET, 28.3, 57
SET, 28.4, 55
SET, 28.5, 52
SET, 28.6, 64
SET, 28.7, 68
SET, 28.8, 59
SET, 28.9, 71
SET, 29.0, 53
SET, 29.1, 55
SET, 29.2, 60
SET, 29.3, 58
SET, 29.4, 39
SET, 29.5, 46
SET, 29.6, 50
SET, 29.7, 52
SET, 29.8, 40
SET, 29.9, 50
SET, 30.0, 40
SET, 30.1, 61
SET, 30.2, 48
SET, 30.3, 45
SET, 30.4, 40
SET, 30.5, 26
SET, 30.6, 41
SET, 30.7, 39
SET, 30.8, 32
SET, 30.9, 30
SET, 31.0, 37
SET, 31.1, 33
SET, 31.2, 30
SET, 31.3, 32
SET, 31.4, 35
SET, 31.5, 31
SET, 31.6, 17
SET, 31.7, 17
SET, 31.8, 10
SET, 31.9, 17
SET, 32.0, 16
SET, 32.1, 16
SET, 32.2, 32
SET, 32.3, 31
SET, 32.4, 35
SET, 32.5, 21
SET, 32.6, 34
SET, 32.7, 25
SET, 32.8, 19
SET, 32.9, 26
SET, 33.0, 17
SET, 33.1, 15
SET, 33.2, 18
SET, 33.3, 16
SET, 33.4, 18
SET, 33.5, 17
SET, 33.6, 18
SET, 33.7, 8
SET, 33.8, 17
SET, 33.9, 17
SET, 34.0, 21
SET, 34.1, 23
SET, 34.2, 16
SET, 34.3, 14
SET, 34.4, 7
SET, 34.5, 11
SET, 34.6, 19
SET, 34.7, 17
SET, 34.8, 24
SET, 34.9, 30
SET, 35.0, 25
SET, 35.1, 25
SET, 35.2, 20
SET, 35.3, 22
SET, 35.4, 19
SET, 35.5, 16
SET, 35.6, 22
SET, 35.7, 18
SET, 35.8, 11
SET, 35.9, 21
SET, 36.0, 15
SET, 36.1, 20
SET, 36.2, 20
SET, 36.3, 17
SET, 36.4, 22
SET, 36.5, 13
SET, 36.6, 16
SET, 36.7, 21
SET, 36.8, 22
SET, 36.9, 22
SET, 37.0, 24
SET, 37.1, 18
SET, 37.2, 14
SET, 37.3, 21
SET, 37.4, 15
SET, 37.5, 17
SET, 37.6, 20
SET, 37.7, 15
SET, 37.8, 12
SET, 37.9, 16
SET, 38.0, 16
SET, 38.1, 12
SET, 38.2, 15
SET, 38.3, 15
SET, 38.4, 14
SET, 38.5, 13
SET, 38.6, 19
SET, 38.7, 10
SET, 38.8, 20
SET, 38.9, 14
SET, 39.0, 20
SET, 39.1, 13
SET, 39.2, 26
SET, 39.3, 6
SET, 39.4, 14
SET, 39.5, 8
SET, 39.6, 5
SET, 39.7, 9
SET, 39.8, 9
SET, 39.9, 15
SET, 40.0, 11
SET, 40.1, 7
SET, 40.2, 14
SET, 40.3, 10
SET, 40.4, 10
SET, 40.5, 6
SET, 40.6, 13
SET, 40.7, 16
SET, 40.8, 9
SET, 40.9, 16
SET, 41.0, 15
SET, 41.1, 10
SET, 41.2, 11
SET, 41.3, 25
SET, 41.4, 17
SET, 41.5, 16
SET, 41.6, 24
SET, 41.7, 17
SET, 41.8, 14
SET, 41.9, 11
SET, 42.0, 7
SET, 42.1, 16
SET, 42.2, 10
SET, 42.3, 24
SET, 42.4, 13
SET, 42.5, 9
SET, 42.6, 12
SET, 42.7, 14
SET, 42.8, 8
SET, 42.9, 15
SET, 43.0, 10
SET, 43.1, 7
SET, 43.2, 7
SET, 43.3, 5
SET, 43.4, 13
SET, 43.5, 9
SET, 43.6, 8
SET, 43.7, 9
SET, 43.8, 7
SET, 43.9, 12
SET, 44.0, 12
SET, 44.1, 19
SET, 44.2, 19
SET, 44.3, 19
SET, 44.4, 18
SET, 44.5, 28
SET, 44.6, 23
SET, 44.7, 23
SET, 44.8, 20
SET, 44.9, 19
SET, 45.0, 22
SET, 45.1, 10
SET, 45.2, 21
SET, 45.3, 13
SET, 45.4, 20
SET, 45.5, 16
SET, 45.6, 8
SET, 45.7, 9
SET, 45.8, 8
SET, 45.9, 11
SET, 46.0, 7
SET, 46.1, 9
SET, 46.2, 8
SET, 46.3, 8
SET, 46.4, 8
SET, 46.5, 13
SET, 46.6, 9
SET, 46.7, 10
SET, 46.8, 13
SET, 46.9, 9
SET, 47.0, 17
SET, 47.1, 11
SET, 47.2, 18
SET, 47.3, 16
SET, 47.4, 28
SET, 47.5, 26
SET, 47.6, 20
SET, 47.7, 17
SET, 47.8, 24
SET, 47.9, 13
SET, 48.0, 19
SET, 48.1, 15
SET, 48.2, 12
SET, 48.3, 9
SET, 48.4, 7
SET, 48.5, 10
SET, 48.6, 12
SET, 48.7, 11
SET, 48.8, 8
SET, 48.9, 13
SET, 49.0, 9
SET, 49.1, 7
SET, 49.2, 9
SET, 49.3, 3
SET, 49.4, 15
SET, 49.5, 7
SET, 49.6, 8
SET, 49.7, 19
SET, 49.8, 18
SET, 49.9, 17
SET, 50.0, 18
SET, 50.1, 20
SET, 50.2, 16
SET, 50.3, 18
SET, 50.4, 10
SET, 50.5, 13
SET, 50.6, 10
SET, 50.7, 6
SET, 50.8, 14
SET, 50.9, 12
SET, 51.0, 7
SET, 51.1, 10
SET, 51.2, 16
SET, 51.3, 14
SET, 51.4, 12
SET, 51.5, 8
SET, 51.6, 15
SET, 51.7, 13
SET, 51.8, 22
SET, 51.9, 19
SET, 52.0, 19
SET, 52.1, 15
SET, 52.2, 15
SET, 52.3, 16
SET, 52.4, 13
SET, 52.5, 14
SET, 52.6, 12
SET, 52.7, 23
SET, 52.8, 13
SET, 52.9, 16
SET, 53.0, 10
SET, 53.1, 13
SET, 53.2, 9
SET, 53.3, 16
SET, 53.4, 10
SET, 53.5, 14
SET, 53.6, 22
SET, 53.7, 18
SET, 53.8, 19
SET, 53.9, 12
SET, 54.0, 11
SET, 54.1, 11
SET, 54.2, 5
SET, 54.3, 4
SET, 54.4, 4
SET, 54.5, 9
SET, 54.6, 5
SET, 54.7, 10
SET, 54.8, 10
SET, 54.9, 5
SET, 55.0, 16
SET, 55.1, 12
SET, 55.2, 10
SET, 55.3, 7
SET, 55.4, 12
SET, 55.5, 12
SET, 55.6, 4
SET, 55.7, 13
SET, 55.8, 22
SET, 55.9, 26
SET, 56.0, 22
SET, 56.1, 25
SET, 56.2, 24
SET, 56.3, 10
SET, 56.4, 20
SET, 56.5, 8
SET, 56.6, 10
SET, 56.7, 9
SET, 56.8, 8
SET, 56.9, 13
SET, 57.0, 4
SET, 57.1, 7
SET, 57.2, 8
SET, 57.3, 13
SET, 57.4, 7
SET, 57.5, 9
SET, 57.6, 6
SET, 57.7, 3
SET, 57.8, 3
SET, 57.9, 4
SET, 58.0, 9
SET, 58.1, 2
SET, 58.2, 9
SET, 58.3, 5
SET, 58.4, 7
SET, 58.5, 5
SET, 58.6, 4
SET, 58.7, 6
SET, 58.8, 7
SET, 58.9, 3
SET, 59.0, 4
SET, 59.1, 6
SET, 59.2, 4
SET, 59.3, 2
SET, 59.4, 9
SET, 59.5, 10
SET, 59.6, 6
SET, 59.7, 7
SET, 59.8, 3
SET, 59.9, 3
SET, 60.0, 3
SET, 60.1, 6
SET, 60.2, 4
SET, 60.3, 5
SET, 60.4, 3
SET, 60.5, 4
SET, 60.6, 2
SET, 60.7, 3
SET, 60.8, 2
SET, 60.9, 1
SET, 61.0, 5
SET, 61.1, 5
SET, 61.2, 3
SET, 61.3, 1
SET, 61.4, 0
SET, 61.5, 6
SET, 61.6, 3
SET, 61.7, 2
SET, 61.8, 6
SET, 61.9, 3
SET, 62.0, 4
SET, 62.1, 5
SET, 62.2, 2
SET, 62.3, 3
SET, 62.4, 1
SET, 62.5, 3
SET, 62.6, 0
SET, 62.7, 2
SET, 62.8, 1
SET, 62.9, 1
SET, 63.0, 1
SET, 63.1, 4
SET, 63.2, 1
SET, 63.3, 0
SET, 63.4, 2
SET, 63.5, 1
SET, 63.6, 0
SET, 63.7, 0
SET, 63.8, 0
SET, 63.9, 1
SET, 64.0, 0
SET, 64.1, 0
SET, 64.2, 2
SET, 64.3, 0
SET, 64.4, 0
SET, 64.5, 0
SET, 64.6, 0
SET, 64.7, 0
SET, 64.8, 0
SET, 64.9, 3
SET, 65.0, 1
SET, 65.1, 1
SET, 65.2, 0
SET, 65.3, 0
SET, 65.4, 0
SET, 65.5, 0
SET, 65.6, 0
SET, 65.7, 0
SET, 65.8, 0
SET, 65.9, 0
SET, 66.0, 0
SET, 66.1, 0
SET, 66.2, 0
SET, 66.3, 0
SET, 66.4, 0
SET, 66.5, 2
SET, 66.6, 0
SET, 66.7, 0
SET, 66.8, 0
SET, 66.9, 0
SET, 67.0, 1
SET, 67.1, 0
SET, 67.2, 0
SET, 67.3, 0
SET, 67.4, 0
SET, 67.5, 2
SET, 67.6, 2
SET, 67.7, 1
SET, 67.8, 0
SET, 67.9, 0
SET, 68.0, 1
SET, 68.1, 0
SET, 68.2, 0
SET, 68.3, 2
SET, 68.4, 0
SET, 68.5, 2
SET, 68.6, 1
SET, 68.7, 0
SET, 68.8, 0
SET, 68.9, 0
SET, 69.0, 0
SET, 69.1, 0
SET, 69.2, 0
SET, 69.3, 0
SET, 69.4, 1
SET, 69.5, 0
SET, 69.6, 1
SET, 69.7, 0
SET, 69.8, 0
SET, 69.9, 0
SET, 70.0, 0
SET, 70.1, 0
SET, 70.2, 1
SET, 70.3, 0
SET, 70.4, 0
SET, 70.5, 1
SET, 70.6, 0
SET, 70.7, 0
SET, 70.8, 0
SET, 70.9, 0
SET, 71.0, 0
SET, 71.1, 1
SET, 71.2, 0
SET, 71.3, 0
SET, 71.4, 0
SET, 71.5, 0
SET, 71.6, 1
SET, 71.7, 0
SET, 71.8, 0
SET, 71.9, 0
SET, 72.0, 0
SET, 72.1, 0
SET, 72.2, 0
SET, 72.3, 0
SET, 72.4, 0
SET, 72.5, 0
SET, 72.6, 0
SET, 72.7, 0
SET, 72.8, 0
SET, 72.9, 0
SET, 73.0, 0
SET, 73.1, 0
SET, 73.2, 0
SET, 73.3, 0
SET, 73.4, 0
SET, 73.5, 0
SET, 73.6, 0
SET, 73.7, 0
SET, 73.8, 0
SET, 73.9, 0
SET, 74.0, 0
SET, 74.1, 0
SET, 74.2, 0
SET, 74.3, 0
SET, 74.4, 0
SET, 74.5, 0
SET, 74.6, 0
SET, 74.7, 0
SET, 74.8, 0
SET, 74.9, 0
SET, 75.0, 0
SET, 75.1, 0
SET, 75.2, 0
SET, 75.3, 0
SET, 75.4, 0
SET, 75.5, 0
SET, 75.6, 0
SET, 75.7, 0
SET, 75.8, 0
SET, 75.9, 0
SET, 76.0, 0
SET, 76.1, 0
SET, 76.2, 0
SET, 76.3, 0
SET, 76.4, 0
SET, 76.5, 0
SET, 76.6, 0
SET, 76.7, 0
SET, 76.8, 0
SET, 76.9, 0
SET, 77.0, 0
SET, 77.1, 0
SET, 77.2, 0
SET, 77.3, 0
SET, 77.4, 0
SET, 77.5, 0
SET, 77.6, 0
SET, 77.7, 0
SET, 77.8, 0
SET, 77.9, 0
SET, 78.0, 0
SET, 78.1, 0
SET, 78.2, 0
SET, 78.3, 0
SET, 78.4, 0
SET, 78.5, 0
SET, 78.6, 0
SET, 78.7, 0
SET, 78.8, 0
SET, 78.9, 0
SET, 79.0, 0
SET, 79.1, 0
SET, 79.2, 0
SET, 79.3, 0
SET, 79.4, 0
SET, 79.5, 0
SET, 79.6, 0
SET, 79.7, 0
SET, 79.8, 0
SET, 79.9, 0
SET, 80.0, 0
SET, 80.1, 0
SET, 80.2, 0
SET, 80.3, 0
SET, 80.4, 0
SET, 80.5, 0
SET, 80.6, 0
SET, 80.7, 0
SET, 80.8, 0
SET, 80.9, 0
SET, 81.0, 0
SET, 81.1, 0
SET, 81.2, 0
SET, 81.3, 0
SET, 81.4, 0
SET, 81.5, 0
SET, 81.6, 0
SET, 81.7, 0
SET, 81.8, 0
SET, 81.9, 0
SET, 82.0, 0
SET, 82.1, 0
SET, 82.2, 0
SET, 82.3, 0
SET, 82.4, 0
SET, 82.5, 0
SET, 82.6, 0
SET, 82.7, 0
SET, 82.8, 0
SET, 82.9, 0
SET, 83.0, 0
SET, 83.1, 0
SET, 83.2, 0
SET, 83.3, 0
SET, 83.4, 0
SET, 83.5, 0
SET, 83.6, 0
SET, 83.7, 0
SET, 83.8, 0
SET, 83.9, 0
SET, 84.0, 0
SET, 84.1, 0
SET, 84.2, 0
SET, 84.3, 0
SET, 84.4, 0
SET, 84.5, 0
SET, 84.6, 0
SET, 84.7, 0
SET, 84.8, 0
SET, 84.9, 0
SET, 85.0, 0
SET, 85.1, 0
SET, 85.2, 0
SET, 85.3, 0
SET, 85.4, 0
SET, 85.5, 0
SET, 85.6, 0
SET, 85.7, 0
SET, 85.8, 0
SET, 85.9, 0
SET, 86.0, 0
SET, 86.1, 0
SET, 86.2, 0
SET, 86.3, 0
SET, 86.4, 0
SET, 86.5, 0
SET, 86.6, 0
SET, 86.7, 0
SET, 86.8, 0
SET, 86.9, 0
SET, 87.0, 0
SET, 87.1, 0
SET, 87.2, 0
SET, 87.3, 0
SET, 87.4, 0
SET, 87.5, 0
SET, 87.6, 0
SET, 87.7, 0
SET, 87.8, 0
SET, 87.9, 0
SET, 88.0, 0
SET, 88.1, 0
SET, 88.2, 0
SET, 88.3, 0
SET, 88.4, 0
SET, 88.5, 0
SET, 88.6, 0
SET, 88.7, 0
SET, 88.8, 0
SET, 88.9, 0
SET, 89.0, 0
SET, 89.1, 0
SET, 89.2, 0
SET, 89.3, 0
SET, 89.4, 0
SET, 89.5, 0
SET, 89.6, 0
SET, 89.7, 0
SET, 89.8, 0
SET, 89.9, 0
SET, 90.0, 0
SET, 90.1, 0
SET, 90.2, 0
SET, 90.3, 0
SET, 90.4, 0
SET, 90.5, 0
SET, 90.6, 0
SET, 90.7, 0
SET, 90.8, 0
SET, 90.9, 0
SET, 91.0, 0
SET, 91.1, 0
SET, 91.2, 0
SET, 91.3, 0
SET, 91.4, 0
SET, 91.5, 0
SET, 91.6, 0
SET, 91.7, 0
SET, 91.8, 0
SET, 91.9, 0
SET, 92.0, 0
SET, 92.1, 0
SET, 92.2, 0
SET, 92.3, 0
SET, 92.4, 0
SET, 92.5, 0
SET, 92.6, 0
SET, 92.7, 0
SET, 92.8, 0
SET, 92.9, 0
SET, 93.0, 0
SET, 93.1, 0
SET, 93.2, 0
SET, 93.3, 0
SET, 93.4, 0
SET, 93.5, 0
SET, 93.6, 0
SET, 93.7, 0
SET, 93.8, 0
SET, 93.9, 0
SET, 94.0, 0
SET, 94.1, 0
SET, 94.2, 0
SET, 94.3, 0
SET, 94.4, 0
SET, 94.5, 0
SET, 94.6, 0
SET, 94.7, 0
SET, 94.8, 0
SET, 94.9, 0
SET, 95.0, 0
SET, 95.1, 0
SET, 95.2, 0
SET, 95.3, 0
SET, 95.4, 0
SET, 95.5, 0
SET, 95.6, 0
SET, 95.7, 0
SET, 95.8, 0
SET, 95.9, 0
SET, 96.0, 0
SET, 96.1, 0
SET, 96.2, 0
SET, 96.3, 0
SET, 96.4, 0
SET, 96.5, 0
SET, 96.6, 0
SET, 96.7, 0
SET, 96.8, 0
SET, 96.9, 0
SET, 97.0, 0
SET, 97.1, 0
SET, 97.2, 0
SET, 97.3, 0
SET, 97.4, 0
SET, 97.5, 0
SET, 97.6, 0
SET, 97.7, 0
SET, 97.8, 0
SET, 97.9, 0
SET, 98.0, 0
SET, 98.1, 0
SET, 98.2, 0
SET, 98.3, 0
SET, 98.4, 0
SET, 98.5, 0
SET, 98.6, 0
SET, 98.7, 0
SET, 98.8, 0
SET, 98.9, 0
SET, 99.0, 0
SET, 99.1, 0
SET, 99.2, 0
SET, 99.3, 0
SET, 99.4, 0
SET, 99.5, 0
SET, 99.6, 0
SET, 99.7, 0
SET, 99.8, 0
SET, 99.9, 0
SET, 100.0, 0
SET, 100.1, 0
SET, 100.2, 0
SET, 100.3, 0
SET, 100.4, 0
SET, 100.5, 0
SET, 100.6, 0
SET, 100.7, 0
SET, 100.8, 0
SET, 100.9, 0
SET, 101.0, 0
SET, 101.1, 0
SET, 101.2, 0
SET, 101.3, 0
SET, 101.4, 0
SET, 101.5, 0
SET, 101.6, 0
SET, 101.7, 0
SET, 101.8, 0
SET, 101.9, 0
SET, 102.0, 0
SET, 102.1, 0
SET, 102.2, 0
SET, 102.3, 0
SET, 102.4, 0
SET, 102.5, 0
SET, 102.6, 0
SET, 102.7, 0
SET, 102.8, 0
SET, 102.9, 0
SET, 103.0, 0
SET, 103.1, 0
SET, 103.2, 0
SET, 103.3, 0
SET, 103.4, 0
SET, 103.5, 0
SET, 103.6, 0
SET, 103.7, 0
SET, 103.8, 0
SET, 103.9, 0
SET, 104.0, 0
SET, 104.1, 0
SET, 104.2, 0
SET, 104.3, 0
SET, 104.4, 0
SET, 104.5, 0
SET, 104.6, 0
SET, 104.7, 0
SET, 104.8, 0
SET, 104.9, 0
SET, 105.0, 0
SET, 105.1, 0
SET, 105.2, 0
SET, 105.3, 0
SET, 105.4, 0
SET, 105.5, 0
SET, 105.6, 0
SET, 105.7, 0
SET, 105.8, 0
SET, 105.9, 0
SET, 106.0, 0
SET, 106.1, 0
SET, 106.2, 0
SET, 106.3, 0
SET, 106.4, 0
SET, 106.5, 0
SET, 106.6, 0
SET, 106.7, 0
SET, 106.8, 0
SET, 106.9, 0
SET, 107.0, 0
SET, 107.1, 0
SET, 107.2, 0
SET, 107.3, 0
SET, 107.4, 0
SET, 107.5, 0
SET, 107.6, 0
SET, 107.7, 0
SET, 107.8, 0
SET, 107.9, 0
SET, 108.0, 0
SET, 108.1, 0
SET, 108.2, 0
SET, 108.3, 0
SET, 108.4, 0
SET, 108.5, 0
SET, 108.6, 0
SET, 108.7, 0
SET, 108.8, 0
SET, 108.9, 0
SET, 109.0, 0
SET, 109.1, 0
SET, 109.2, 0
SET, 109.3, 0
SET, 109.4, 0
SET, 109.5, 0
SET, 109.6, 0
SET, 109.7, 0
SET, 109.8, 0
SET, 109.9, 0
SET, 110.0, 0
SET, 110.1, 0
SET, 110.2, 0
SET, 110.3, 0
SET, 110.4, 0
SET, 110.5, 0
SET, 110.6, 0
SET, 110.7, 0
SET, 110.8, 0
SET, 110.9, 0
SET, 111.0, 0
SET, 111.1, 0
SET, 111.2, 0
SET, 111.3, 0
SET, 111.4, 0
SET, 111.5, 0
SET, 111.6, 0
SET, 111.7, 0
SET, 111.8, 0
SET, 111.9, 0
SET, 112.0, 0
SET, 112.1, 0
SET, 112.2, 0
SET, 112.3, 0
SET, 112.4, 0
SET, 112.5, 0
SET, 112.6, 0
SET, 112.7, 0
SET, 112.8, 0
SET, 112.9, 0
SET, 113.0, 0
SET, 113.1, 0
SET, 113.2, 0
SET, 113.3, 0
SET, 113.4, 0
SET, 113.5, 0
SET, 113.6, 0
SET, 113.7, 0
SET, 113.8, 0
SET, 113.9, 0
SET, 114.0, 0
SET, 114.1, 0
SET, 114.2, 0
SET, 114.3, 0
SET, 114.4, 0
SET, 114.5, 0
SET, 114.6, 0
SET, 114.7, 0
SET, 114.8, 0
SET, 114.9, 0
SET, 115.0, 0
SET, 115.1, 0
SET, 115.2, 0
SET, 115.3, 0
SET, 115.4, 0
SET, 115.5, 0
SET, 115.6, 0
SET, 115.7, 0
SET, 115.8, 0
SET, 115.9, 0
SET, 116.0, 0
SET, 116.1, 0
SET, 116.2, 0
SET, 116.3, 0
SET, 116.4, 0
SET, 116.5, 0
SET, 116.6, 0
SET, 116.7, 0
SET, 116.8, 0
SET, 116.9, 0
SET, 117.0, 0
SET, 117.1, 0
SET, 117.2, 0
SET, 117.3, 0
SET, 117.4, 0
SET, 117.5, 0
SET, 117.6, 0
SET, 117.7, 0
SET, 117.8, 0
SET, 117.9, 0
SET, 118.0, 0
SET, 118.1, 0
SET, 118.2, 0
SET, 118.3, 0
SET, 118.4, 0
SET, 118.5, 0
SET, 118.6, 0
SET, 118.7, 0
SET, 118.8, 0
SET, 118.9, 0
SET, 119.0, 0
SET, 119.1, 0
SET, 119.2, 0
SET, 119.3, 0
SET, 119.4, 0
SET, 119.5, 0
SET, 119.6, 0
SET, 119.7, 0
SET, 119.8, 0
SET, 119.9, 0
SET, 120.0, 0
SET, 120.1, 0
SET, 120.2, 0
SET, 120.3, 0
SET, 120.4, 0
SET, 120.5, 0
SET, 120.6, 0
SET, 120.7, 0
SET, 120.8, 0
SET, 120.9, 0
SET, 121.0, 0
SET, 121.1, 0
SET, 121.2, 0
SET, 121.3, 0
SET, 121.4, 0
SET, 121.5, 0
SET, 121.6, 0
SET, 121.7, 0
SET, 121.8, 0
SET, 121.9, 0
SET, 122.0, 0
SET, 122.1, 0
SET, 122.2, 0
SET, 122.3, 0
SET, 122.4, 0
SET, 122.5, 0
SET, 122.6, 0
SET, 122.7, 0
SET, 122.8, 0
SET, 122.9, 0
SET, 123.0, 0
SET, 123.1, 0
SET, 123.2, 0
SET, 123.3, 0
SET, 123.4, 0
SET, 123.5, 0
SET, 123.6, 0
SET, 123.7, 0
SET, 123.8, 0
SET, 123.9, 0
SET, 124.0, 0
SET, 124.1, 0
SET, 124.2, 0
SET, 124.3, 0
SET, 124.4, 0
SET, 124.5, 0
SET, 124.6, 0
SET, 124.7, 0
SET, 124.8, 0
SET, 124.9, 0
SET, 125.0, 0
SET, 125.1, 0
SET, 125.2, 0
SET, 125.3, 0
SET, 125.4, 0
SET, 125.5, 0
SET, 125.6, 0
SET, 125.7, 0
SET, 125.8, 0
SET, 125.9, 0
SET, 126.0, 0
SET, 126.1, 0
SET, 126.2, 0
SET, 126.3, 0
SET, 126.4, 0
SET, 126.5, 0
SET, 126.6, 0
SET, 126.7, 0
SET, 126.8, 0
SET, 126.9, 0
SET, 127.0, 0
SET, 127.1, 0
SET, 127.2, 0
SET, 127.3, 0
SET, 127.4, 0
SET, 127.5, 0
SET, 127.6, 0
SET, 127.7, 0
SET, 127.8, 0
SET, 127.9, 0
SET, 128.0, 0
SET, 128.1, 0
SET, 128.2, 0
SET, 128.3, 0
SET, 128.4, 0
SET, 128.5, 0
SET, 128.6, 0
SET, 128.7, 0
SET, 128.8, 0
SET, 128.9, 0
SET, 129.0, 0
SET, 129.1, 0
SET, 129.2, 0
SET, 129.3, 0
SET, 129.4, 0
SET, 129.5, 0
SET, 129.6, 0
SET, 129.7, 0
SET, 129.8, 0
SET, 129.9, 0
SET, 130.0, 0
SET, 130.1, 0
SET, 130.2, 0
SET, 130.3, 0
SET, 130.4, 0
SET, 130.5, 0
SET, 130.6, 0
SET, 130.7, 0
SET, 130.8, 0
SET, 130.9, 0
SET, 131.0, 0
SET, 131.1, 0
SET, 131.2, 0
SET, 131.3, 0
SET, 131.4, 0
SET, 131.5, 0
SET, 131.6, 0
SET, 131.7, 0
SET, 131.8, 0
SET, 131.9, 0
SET, 132.0, 0
SET, 132.1, 0
SET, 132.2, 0
SET, 132.3, 0
SET, 132.4, 0
SET, 132.5, 0
SET, 132.6, 0
SET, 132.7, 0
SET, 132.8, 0
SET, 132.9, 0
SET, 133.0, 0
SET, 133.1, 0
SET, 133.2, 0
SET, 133.3, 0
SET, 133.4, 0
SET, 133.5, 0
SET, 133.6, 0
SET, 133.7, 0
SET, 133.8, 0
SET, 133.9, 0
SET, 134.0, 0
SET, 134.1, 0
SET, 134.2, 0
SET, 134.3, 0
SET, 134.4, 0
SET, 134.5, 0
SET, 134.6, 0
SET, 134.7, 0
SET, 134.8, 0
SET, 134.9, 0
SET, 135.0, 0
SET, 135.1, 0
SET, 135.2, 0
SET, 135.3, 0
SET, 135.4, 0
SET, 135.5, 0
SET, 135.6, 0
SET, 135.7, 0
SET, 135.8, 0
SET, 135.9, 0
SET, 136.0, 0
SET, 136.1, 0
SET, 136.2, 0
SET, 136.3, 0
SET, 136.4, 0
SET, 136.5, 0
SET, 136.6, 0
SET, 136.7, 0
SET, 136.8, 0
SET, 136.9, 0
SET, 137.0, 0
SET, 137.1, 0
SET, 137.2, 0
SET, 137.3, 0
SET, 137.4, 0
SET, 137.5, 0
SET, 137.6, 0
SET, 137.7, 0
SET, 137.8, 0
SET, 137.9, 0
SET, 138.0, 0
SET, 138.1, 0
SET, 138.2, 0
SET, 138.3, 0
SET, 138.4, 0
SET, 138.5, 0
SET, 138.6, 0
SET, 138.7, 0
SET, 138.8, 0
SET, 138.9, 0
SET, 139.0, 0
SET, 139.1, 0
SET, 139.2, 0
SET, 139.3, 0
SET, 139.4, 0
SET, 139.5, 0
SET, 139.6, 0
SET, 139.7, 0
SET, 139.8, 0
SET, 139.9, 0
SET, 140.0, 0
SET, 140.1, 0
SET, 140.2, 0
SET, 140.3, 0
SET, 140.4, 0
SET, 140.5, 0
SET, 140.6, 0
SET, 140.7, 0
SET, 140.8, 0
SET, 140.9, 0
SET, 141.0, 0
SET, 141.1, 0
SET, 141.2, 0
SET, 141.3, 0
SET, 141.4, 0
SET, 141.5, 0
SET, 141.6, 0
SET, 141.7, 0
SET, 141.8, 0
SET, 141.9, 0
SET, 142.0, 0
SET, 142.1, 0
SET, 142.2, 0
SET, 142.3, 0
SET, 142.4, 0
SET, 142.5, 0
SET, 142.6, 0
SET, 142.7, 0
SET, 142.8, 0
SET, 142.9, 0
SET, 143.0, 0
SET, 143.1, 0
SET, 143.2, 0
SET, 143.3, 0
SET, 143.4, 0
SET, 143.5, 0
SET, 143.6, 0
SET, 143.7, 0
SET, 143.8, 0
SET, 143.9, 0
SET, 144.0, 0
SET, 144.1, 0
SET, 144.2, 0
SET, 144.3, 0
SET, 144.4, 0
SET, 144.5, 0
SET, 144.6, 0
SET, 144.7, 0
SET, 144.8, 0
SET, 144.9, 0
SET, 145.0, 0
SET, 145.1, 0
SET, 145.2, 0
SET, 145.3, 0
SET, 145.4, 0
SET, 145.5, 0
SET, 145.6, 0
SET, 145.7, 0
SET, 145.8, 0
SET, 145.9, 0
SET, 146.0, 0
SET, 146.1, 0
SET, 146.2, 0
SET, 146.3, 0
SET, 146.4, 0
SET, 146.5, 0
SET, 146.6, 0
SET, 146.7, 0
SET, 146.8, 0
SET, 146.9, 0
SET, 147.0, 0
SET, 147.1, 0
SET, 147.2, 0
SET, 147.3, 0
SET, 147.4, 0
SET, 147.5, 0
SET, 147.6, 0
SET, 147.7, 0
SET, 147.8, 0
SET, 147.9, 0
SET, 148.0, 0
SET, 148.1, 0
SET, 148.2, 0
SET, 148.3, 0
SET, 148.4, 0
SET, 148.5, 0
SET, 148.6, 0
SET, 148.7, 0
SET, 148.8, 0
SET, 148.9, 0
SET, 149.0, 0
SET, 149.1, 0
SET, 149.2, 0
SET, 149.3, 0
SET, 149.4, 0
SET, 149.5, 0
SET, 149.6, 0
SET, 149.7, 0
SET, 149.8, 0
SET, 149.9, 0
SET, 150.0, 0
SET, 150.1, 0
SET, 150.2, 0
SET, 150.3, 0
SET, 150.4, 0
SET, 150.5, 0
SET, 150.6, 0
SET, 150.7, 0
SET, 150.8, 0
SET, 150.9, 0
SET, 151.0, 0
SET, 151.1, 0
SET, 151.2, 0
SET, 151.3, 0
SET, 151.4, 0
SET, 151.5, 0
SET, 151.6, 0
SET, 151.7, 0
SET, 151.8, 0
SET, 151.9, 0
SET, 152.0, 0
SET, 152.1, 0
SET, 152.2, 0
SET, 152.3, 1
SET, 152.4, 0
SET, 152.5, 0
SET, 152.6, 1
SET, 152.7, 0
SET, 152.8, 0
SET, 152.9, 0
SET, 153.0, 0
SET, 153.1, 0
SET, 153.2, 0
SET, 153.3, 0
SET, 153.4, 0
SET, 153.5, 0
SET, 153.6, 0
SET, 153.7, 0
SET, 153.8, 0
SET, 153.9, 0
SET, 154.0, 0
SET, 154.1, 0
SET, 154.2, 0
SET, 154.3, 0
SET, 154.4, 0
SET, 154.5, 0
SET, 154.6, 1
SET, 154.7, 1
SET, 154.8, 0
SET, 154.9, 0
SET, 155.0, 0
SET, 155.1, 0
SET, 155.2, 0
SET, 155.3, 1
SET, 155.4, 0
SET, 155.5, 1
SET, 155.6, 0
SET, 155.7, 0
SET, 155.8, 1
SET, 155.9, 0
SET, 156.0, 1
SET, 156.1, 1
SET, 156.2, 0
SET, 156.3, 0
SET, 156.4, 1
SET, 156.5, 0
SET, 156.6, 1
SET, 156.7, 0
SET, 156.8, 0
SET, 156.9, 0
SET, 157.0, 0
SET, 157.1, 0
SET, 157.2, 0
SET, 157.3, 1
SET, 157.4, 0
SET, 157.5, 0
SET, 157.6, 0
SET, 157.7, 1
SET, 157.8, 0
SET, 157.9, 0
SET, 158.0, 0
SET, 158.1, 0
SET, 158.2, 0
SET, 158.3, 1
SET, 158.4, 0
SET, 158.5, 0
SET, 158.6, 0
SET, 158.7, 0
SET, 158.8, 0
SET, 158.9, 0
SET, 159.0, 0
SET, 159.1, 0
SET, 159.2, 0
SET, 159.3, 0
SET, 159.4, 0
SET, 159.5, 0
SET, 159.6, 0
SET, 159.7, 0
SET, 159.8, 0
SET, 159.9, 0
SET, 160.0, 0
SET, 160.1, 0
SET, 160.2, 0
SET, 160.3, 0
SET, 160.4, 0
SET, 160.5, 0
SET, 160.6, 0
SET, 160.7, 0
SET, 160.8, 0
SET, 160.9, 0
SET, 161.0, 0
SET, 161.1, 0
SET, 161.2, 0
SET, 161.3, 0
SET, 161.4, 0
SET, 161.5, 0
SET, 161.6, 0
SET, 161.7, 1
SET, 161.8, 0
SET, 161.9, 0
SET, 162.0, 0
SET, 162.1, 0
SET, 162.2, 0
SET, 162.3, 0
SET, 162.4, 0
SET, 162.5, 0
SET, 162.6, 0
SET, 162.7, 0
SET, 162.8, 0
SET, 162.9, 1
SET, 163.0, 0
SET, 163.1, 0
SET, 163.2, 1
SET, 163.3, 0
SET, 163.4, 0
SET, 163.5, 0
SET, 163.6, 0
SET, 163.7, 0
SET, 163.8, 0
SET, 163.9, 1
SET, 164.0, 1
SET, 164.1, 2
SET, 164.2, 0
SET, 164.3, 0
SET, 164.4, 1
SET, 164.5, 0
SET, 164.6, 1
SET, 164.7, 0
SET, 164.8, 0
SET, 164.9, 1
SET, 165.0, 1
SET, 165.1, 1
SET, 165.2, 0
SET, 165.3, 2
SET, 165.4, 0
SET, 165.5, 1
SET, 165.6, 0
SET, 165.7, 1
SET, 165.8, 2
SET, 165.9, 0
SET, 166.0, 0
SET, 166.1, 1
SET, 166.2, 1
SET, 166.3, 3
SET, 166.4, 0
SET, 166.5, 0
SET, 166.6, 0
SET, 166.7, 0
SET, 166.8, 0
SET, 166.9, 0
SET, 167.0, 0
SET, 167.1, 0
SET, 167.2, 0
SET, 167.3, 0
SET, 167.4, 0
SET, 167.5, 0
SET, 167.6, 0
SET, 167.7, 0
SET, 167.8, 0
SET, 167.9, 0
SET, 168.0, 0
SET, 168.1, 0
SET, 168.2, 0
SET, 168.3, 0
SET, 168.4, 0
SET, 168.5, 0
SET, 168.6, 0
SET, 168.7, 0
SET, 168.8, 1
SET, 168.9, 0
SET, 169.0, 0
SET, 169.1, 0
SET, 169.2, 0
SET, 169.3, 0
SET, 169.4, 0
SET, 169.5, 0
SET, 169.6, 0
SET, 169.7, 0
SET, 169.8, 0
SET, 169.9, 0
SET, 170.0, 0
SET, 170.1, 0
SET, 170.2, 0
SET, 170.3, 0
SET, 170.4, 0
SET, 170.5, 0
SET, 170.6, 0
SET, 170.7, 0
SET, 170.8, 0
SET, 170.9, 0
SET, 171.0, 0
SET, 171.1, 0
SET, 171.2, 0
SET, 171.3, 0
SET, 171.4, 1
SET, 171.5, 0
SET, 171.6, 0
SET, 171.7, 0
SET, 171.8, 0
SET, 171.9, 0
SET, 172.0, 0
SET, 172.1, 0
SET, 172.2, 0
SET, 172.3, 0
SET, 172.4, 0
SET, 172.5, 0
SET, 172.6, 0
SET, 172.7, 0
SET, 172.8, 0
SET, 172.9, 0
SET, 173.0, 0
SET, 173.1, 0
SET, 173.2, 0
SET, 173.3, 0
SET, 173.4, 0
SET, 173.5, 1
SET, 173.6, 1
SET, 173.7, 0
SET, 173.8, 1
SET, 173.9, 2
SET, 174.0, 0
SET, 174.1, 1
SET, 174.2, 1
SET, 174.3, 0
SET, 174.4, 1
SET, 174.5, 1
SET, 174.6, 0
SET, 174.7, 1
SET, 174.8, 0
SET, 174.9, 0
SET, 175.0, 0
SET, 175.1, 0
SET, 175.2, 0
SET, 175.3, 0
SET, 175.4, 0
SET, 175.5, 0
SET, 175.6, 1
SET, 175.7, 0
SET, 175.8, 0
SET, 175.9, 0
SET, 176.0, 1
SET, 176.1, 1
SET, 176.2, 0
SET, 176.3, 0
SET, 176.4, 2
SET, 176.5, 0
SET, 176.6, 0
SET, 176.7, 2
SET, 176.8, 1
SET, 176.9, 0
SET, 177.0, 0
SET, 177.1, 0
SET, 177.2, 1
SET, 177.3, 1
SET, 177.4, 0
SET, 177.5, 0
SET, 177.6, 0
SET, 177.7, 0
SET, 177.8, 0
SET, 177.9, 1
SET, 178.0, 0
SET, 178.1, 0
SET, 178.2, 0
SET, 178.3, 0
SET, 178.4, 0
SET, 178.5, 0
SET, 178.6, 0
SET, 178.7, 0
SET, 178.8, 0
SET, 178.9, 0
SET, 179.0, 0
SET, 179.1, 0
SET, 179.2, 1
SET, 179.3, 0
SET, 179.4, 0
SET, 179.5, 0
SET, 179.6, 1
SET, 179.7, 0
SET, 179.8, 0
SET, 179.9, 1
SET, 180.0, 1
SET, 180.1, 1
SET, 180.2, 1
SET, 180.3, 1
SET, 180.4, 2
SET, 180.5, 0
SET, 180.6, 0
SET, 180.7, 1
SET, 180.8, 1
SET, 180.9, 1
SET, 181.0, 2
SET, 181.1, 0
SET, 181.2, 2
SET, 181.3, 2
SET, 181.4, 0
SET, 181.5, 1
SET, 181.6, 0
SET, 181.7, 0
SET, 181.8, 1
SET, 181.9, 1
SET, 182.0, 0
SET, 182.1, 0
SET, 182.2, 0
SET, 182.3, 1
SET, 182.4, 1
SET, 182.5, 0
SET, 182.6, 0
SET, 182.7, 1
SET, 182.8, 0
SET, 182.9, 0
SET, 183.0, 0
SET, 183.1, 0
SET, 183.2, 0
SET, 183.3, 0
SET, 183.4, 0
SET, 183.5, 0
SET, 183.6, 0
SET, 183.7, 1
SET, 183.8, 0
SET, 183.9, 0
SET, 184.0, 0
SET, 184.1, 0
SET, 184.2, 0
SET, 184.3, 1
SET, 184.4, 0
SET, 184.5, 0
SET, 184.6, 0
SET, 184.7, 1
SET, 184.8, 0
SET, 184.9, 0
SET, 185.0, 0
SET, 185.1, 0
SET, 185.2, 0
SET, 185.3, 0
SET, 185.4, 0
SET, 185.5, 1
SET, 185.6, 0
SET, 185.7, 0
SET, 185.8, 0
SET, 185.9, 0
SET, 186.0, 0
SET, 186.1, 0
SET, 186.2, 0
SET, 186.3, 0
SET, 186.4, 0
SET, 186.5, 0
SET, 186.6, 0
SET, 186.7, 0
SET, 186.8, 0
SET, 186.9, 1
SET, 187.0, 0
SET, 187.1, 0
SET, 187.2, 0
SET, 187.3, 0
SET, 187.4, 0
SET, 187.5, 1
SET, 187.6, 0
SET, 187.7, 0
SET, 187.8, 0
SET, 187.9, 0
SET, 188.0, 0
SET, 188.1, 0
SET, 188.2, 0
SET, 188.3, 0
SET, 188.4, 1
SET, 188.5, 0
SET, 188.6, 0
SET, 188.7, 0
SET, 188.8, 0
SET, 188.9, 0
SET, 189.0, 0
SET, 189.1, 0
SET, 189.2, 0
SET, 189.3, 0
SET, 189.4, 0
SET, 189.5, 0
SET, 189.6, 0
SET, 189.7, 0
SET, 189.8, 0
SET, 189.9, 0
SET, 190.0, 0
SET, 190.1, 0
SET, 190.2, 0
SET, 190.3, 0
SET, 190.4, 0
SET, 190.5, 0
SET, 190.6, 0
SET, 190.7, 0
SET, 190.8, 0
SET, 190.9, 0
SET, 191.0, 0
SET, 191.1, 0
SET, 191.2, 0
SET, 191.3, 0
SET, 191.4, 0
SET, 191.5, 0
SET, 191.6, 0
SET, 191.7, 0
SET, 191.8, 1
SET, 191.9, 0
SET, 192.0, 0
SET, 192.1, 0
SET, 192.2, 1
SET, 192.3, 0
SET, 192.4, 1
SET, 192.5, 0
SET, 192.6, 0
SET, 192.7, 0
SET, 192.8, 0
SET, 192.9, 0
SET, 193.0, 2
SET, 193.1, 0
SET, 193.2, 0
SET, 193.3, 1
SET, 193.4, 0
SET, 193.5, 0
SET, 193.6, 0
SET, 193.7, 0
SET, 193.8, 1
SET, 193.9, 0
SET, 194.0, 0
SET, 194.1, 0
SET, 194.2, 0
SET, 194.3, 0
SET, 194.4, 0
SET, 194.5, 0
SET, 194.6, 0
SET, 194.7, 0
SET, 194.8, 0
SET, 194.9, 0
SET, 195.0, 0
SET, 195.1, 0
SET, 195.2, 0
SET, 195.3, 0
SET, 195.4, 0
SET, 195.5, 0
SET, 195.6, 0
SET, 195.7, 0
SET, 195.8, 0
SET, 195.9, 0
SET, 196.0, 0
SET, 196.1, 0
SET, 196.2, 0
SET, 196.3, 0
SET, 196.4, 0
SET, 196.5, 0
SET, 196.6, 0
SET, 196.7, 0
SET, 196.8, 0
SET, 196.9, 0
SET, 197.0, 0
SET, 197.1, 0
SET, 197.2, 0
SET, 197.3, 0
SET, 197.4, 0
SET, 197.5, 0
SET, 197.6, 0
SET, 197.7, 0
SET, 197.8, 0
SET, 197.9, 0
SET, 198.0, 0
SET, 198.1, 0
SET, 198.2, 0
SET, 198.3, 0
SET, 198.4, 0
SET, 198.5, 0
SET, 198.6, 0
SET, 198.7, 0
SET, 198.8, 0
SET, 198.9, 0
SET, 199.0, 0
SET, 199.1, 0
SET, 199.2, 0
SET, 199.3, 0
SET, 199.4, 0
SET, 199.5, 0
SET, 199.6, 0
SET, 199.7, 0
SET, 199.8, 0
SET, 199.9, 0
SET, 200.0, 1
SET, 200.1, 0
SET, 200.2, 0
SET, 200.3, 0
SET, 200.4, 0
SET, 200.5, 0
SET, 200.6, 0
SET, 200.7, 0
SET, 200.8, 0
SET, 200.9, 0
SET, 201.0, 0
SET, 201.1, 0
SET, 201.2, 0
SET, 201.3, 0
SET, 201.4, 0
SET, 201.5, 0
SET, 201.6, 0
SET, 201.7, 0
SET, 201.8, 0
SET, 201.9, 0
SET, 202.0, 0
SET, 202.1, 0
SET, 202.2, 0
SET, 202.3, 0
SET, 202.4, 0
SET, 202.5, 0
SET, 202.6, 0
SET, 202.7, 0
SET, 202.8, 0
SET, 202.9, 0
SET, 203.0, 0
SET, 203.1, 0
SET, 203.2, 0
SET, 203.3, 0
SET, 203.4, 0
SET, 203.5, 0
SET, 203.6, 0
SET, 203.7, 0
SET, 203.8, 0
SET, 203.9, 0
SET, 204.0, 0
SET, 204.1, 0
SET, 204.2, 0
SET, 204.3, 0
SET, 204.4, 0
SET, 204.5, 0
SET, 204.6, 0
SET, 204.7, 0
SET, 204.8, 0
SET, 204.9, 0
SET, 205.0, 0
SET, 205.1, 0
SET, 205.2, 0
SET, 205.3, 0
SET, 205.4, 0
SET, 205.5, 1
SET, 205.6, 0
SET, 205.7, 0
SET, 205.8, 0
SET, 205.9, 0
SET, 206.0, 0
SET, 206.1, 0
SET, 206.2, 0
SET, 206.3, 0
SET, 206.4, 0
SET, 206.5, 0
SET, 206.6, 0
SET, 206.7, 0
SET, 206.8, 0
SET, 206.9, 0
SET, 207.0, 0
SET, 207.1, 1
SET, 207.2, 0
SET, 207.3, 0
SET, 207.4, 0
SET, 207.5, 0
SET, 207.6, 1
SET, 207.7, 0
SET, 207.8, 0
SET, 207.9, 0
SET, 208.0, 0
SET, 208.1, 0
SET, 208.2, 0
SET, 208.3, 0
SET, 208.4, 0
SET, 208.5, 0
SET, 208.6, 0
SET, 208.7, 0
SET, 208.8, 0
SET, 208.9, 1
SET, 209.0, 0
SET, 209.1, 0
SET, 209.2, 0
SET, 209.3, 0
SET, 209.4, 0
SET, 209.5, 0
SET, 209.6, 0
SET, 209.7, 0
SET, 209.8, 0
SET, 209.9, 0
SET, 210.0, 0
SET, 210.1, 0
SET, 210.2, 0
SET, 210.3, 0
SET, 210.4, 0
SET, 210.5, 0
SET, 210.6, 0
SET, 210.7, 0
SET, 210.8, 1
SET, 210.9, 0
SET, 211.0, 0
SET, 211.1, 0
SET, 211.2, 0
SET, 211.3, 0
SET, 211.4, 0
SET, 211.5, 0
SET, 211.6, 0
SET, 211.7, 0
SET, 211.8, 1
SET, 211.9, 0
SET, 212.0, 0
SET, 212.1, 0
SET, 212.2, 0
SET, 212.3, 1
SET, 212.4, 1
SET, 212.5, 0
SET, 212.6, 0
SET, 212.7, 1
SET, 212.8, 0
SET, 212.9, 2
SET, 213.0, 1
SET, 213.1, 0
SET, 213.2, 1
SET, 213.3, 0
SET, 213.4, 1
SET, 213.5, 2
SET, 213.6, 2
SET, 213.7, 0
SET, 213.8, 0
SET, 213.9, 1
SET, 214.0, 0
SET, 214.1, 0
SET, 214.2, 0
SET, 214.3, 0
SET, 214.4, 0
SET, 214.5, 0
SET, 214.6, 0
SET, 214.7, 0
SET, 214.8, 1
SET, 214.9, 0
SET, 215.0, 0
SET, 215.1, 0
SET, 215.2, 0
SET, 215.3, 1
SET, 215.4, 0
SET, 215.5, 0
SET, 215.6, 0
SET, 215.7, 0
SET, 215.8, 0
SET, 215.9, 0
SET, 216.0, 0
SET, 216.1, 0
SET, 216.2, 0
SET, 216.3, 0
SET, 216.4, 0
SET, 216.5, 0
SET, 216.6, 1
SET, 216.7, 1
SET, 216.8, 0
SET, 216.9, 0
SET, 217.0, 0
SET, 217.1, 3
SET, 217.2, 0
SET, 217.3, 1
SET, 217.4, 0
SET, 217.5, 0
SET, 217.6, 0
SET, 217.7, 0
SET, 217.8, 1
SET, 217.9, 1
SET, 218.0, 0
SET, 218.1, 1
SET, 218.2, 0
SET, 218.3, 0
SET, 218.4, 0
SET, 218.5, 0
SET, 218.6, 0
SET, 218.7, 0
SET, 218.8, 0
SET, 218.9, 0
SET, 219.0, 0
SET, 219.1, 0
SET, 219.2, 1
SET, 219.3, 0
SET, 219.4, 0
SET, 219.5, 0
SET, 219.6, 0
SET, 219.7, 0
SET, 219.8, 0
SET, 219.9, 0
SET, 220.0, 0
SET, 220.1, 0
SET, 220.2, 0
SET, 220.3, 0
SET, 220.4, 0
SET, 220.5, 1
SET, 220.6, 0
SET, 220.7, 0
SET, 220.8, 0
SET, 220.9, 0
SET, 221.0, 0
SET, 221.1, 0
SET, 221.2, 0
SET, 221.3, 0
SET, 221.4, 0
SET, 221.5, 1
SET, 221.6, 0
SET, 221.7, 0
SET, 221.8, 0
SET, 221.9, 0
SET, 222.0, 1
SET, 222.1, 0
SET, 222.2, 1
SET, 222.3, 0
SET, 222.4, 0
SET, 222.5, 0
SET, 222.6, 0
SET, 222.7, 0
SET, 222.8, 0
SET, 222.9, 0
SET, 223.0, 0
SET, 223.1, 0
SET, 223.2, 0
SET, 223.3, 0
SET, 223.4, 0
SET, 223.5, 0
SET, 223.6, 0
SET, 223.7, 0
SET, 223.8, 0
SET, 223.9, 0
SET, 224.0, 0
SET, 224.1, 0
SET, 224.2, 0
SET, 224.3, 0
SET, 224.4, 0
SET, 224.5, 0
SET, 224.6, 0
SET, 224.7, 0
SET, 224.8, 0
SET, 224.9, 0
SET, 225.0, 0
SET, 225.1, 0
SET, 225.2, 0
SET, 225.3, 0
SET, 225.4, 0
SET, 225.5, 0
SET, 225.6, 0
SET, 225.7, 0
SET, 225.8, 0
SET, 225.9, 0
SET, 226.0, 0
SET, 226.1, 0
SET, 226.2, 0
SET, 226.3, 0
SET, 226.4, 0
SET, 226.5, 0
SET, 226.6, 0
SET, 226.7, 0
SET, 226.8, 0
SET, 226.9, 0
SET, 227.0, 0
SET, 227.1, 0
SET, 227.2, 0
SET, 227.3, 0
SET, 227.4, 0
SET, 227.5, 0
SET, 227.6, 0
SET, 227.7, 0
SET, 227.8, 0
SET, 227.9, 0
SET, 228.0, 0
SET, 228.1, 0
SET, 228.2, 0
SET, 228.3, 0
SET, 228.4, 0
SET, 228.5, 0
SET, 228.6, 0
SET, 228.7, 0
SET, 228.8, 0
SET, 228.9, 1
SET, 229.0, 0
SET, 229.1, 0
SET, 229.2, 0
SET, 229.3, 0
SET, 229.4, 0
SET, 229.5, 0
SET, 229.6, 0
SET, 229.7, 0
SET, 229.8, 0
SET, 229.9, 0
SET, 230.0, 0
SET, 230.1, 0
SET, 230.2, 0
SET, 230.3, 0
SET, 230.4, 0
SET, 230.5, 0
SET, 230.6, 0
SET, 230.7, 0
SET, 230.8, 0
SET, 230.9, 0
SET, 231.0, 1
SET, 231.1, 0
SET, 231.2, 1
