Elapsed Time, AVG Throughput, AVG Queue Size, AVG Waiting Time, AVG Service Time, AVG Response Time, AVG SET Response Time, AVG GET Response Time, AVG MULTI-GET Response Time, #SETS, #GETS, #MULTIGETS, GET MissRatio, MULTI-GET MissRatio, AVG MULTI-GET Size
 5.00, 5662, 112, 19.280012, 1.090061, 20.470801, 20.470801, 0.000000, 0.000000, 28310, 0, 0, 0.00, 0.00, 0
10.00, 6589, 116, 17.643065, 1.011667, 18.735868, 18.735868, 0.000000, 0.000000, 32948, 0, 0, 0.00, 0.00, 0
15.00, 7026, 113, 16.216343, 0.921858, 17.218969, 17.218969, 0.000000, 0.000000, 35130, 0, 0, 0.00, 0.00, 0
20.00, 7407, 113, 15.478502, 0.875817, 16.437040, 16.437040, 0.000000, 0.000000, 37038, 0, 0, 0.00, 0.00, 0
25.00, 7176, 115, 16.034331, 0.921662, 17.031288, 17.031288, 0.000000, 0.000000, 35883, 0, 0, 0.00, 0.00, 0
30.00, 7300, 113, 15.653622, 0.895723, 16.630402, 16.630402, 0.000000, 0.000000, 36502, 0, 0, 0.00, 0.00, 0
35.00, 7208, 112, 15.855801, 0.903089, 16.842806, 16.842806, 0.000000, 0.000000, 36041, 0, 0, 0.00, 0.00, 0
40.00, 7091, 112, 16.108629, 0.921600, 17.111633, 17.111633, 0.000000, 0.000000, 35455, 0, 0, 0.00, 0.00, 0
45.00, 6907, 115, 16.693213, 0.954956, 17.729848, 17.729848, 0.000000, 0.000000, 34537, 0, 0, 0.00, 0.00, 0
50.00, 7436, 111, 15.323511, 0.877365, 16.276234, 16.276234, 0.000000, 0.000000, 37182, 0, 0, 0.00, 0.00, 0
55.00, 6856, 115, 16.932719, 0.962664, 17.983214, 17.983214, 0.000000, 0.000000, 34284, 0, 0, 0.00, 0.00, 0
60.00, 7040, 116, 16.528424, 0.942397, 17.551033, 17.551033, 0.000000, 0.000000, 35204, 0, 0, 0.00, 0.00, 0
65.00, 6911, 116, 16.830578, 0.957462, 17.868091, 17.868091, 0.000000, 0.000000, 34556, 0, 0, 0.00, 0.00, 0
70.00, 6912, 115, 16.776508, 0.946930, 17.808551, 17.808551, 0.000000, 0.000000, 34562, 0, 0, 0.00, 0.00, 0
71.00, 1223, 21, 2.974196, 0.777999, 3.826636, 3.826636, 0.000000, 0.000000, 6116, 0, 0, 0.00, 0.00, 0
Type, Interval, Responses
SET, 0.1, 0
SET, 0.2, 0
SET, 0.3, 0
SET, 0.4, 2
SET, 0.5, 12
SET, 0.6, 76
SET, 0.7, 115
SET, 0.8, 154
SET, 0.9, 119
SET, 1.0, 91
SET, 1.1, 62
SET, 1.2, 84
SET, 1.3, 110
SET, 1.4, 103
SET, 1.5, 102
SET, 1.6, 113
SET, 1.7, 90
SET, 1.8, 140
SET, 1.9, 100
SET, 2.0, 153
SET, 2.1, 191
SET, 2.2, 229
SET, 2.3, 277
SET, 2.4, 280
SET, 2.5, 295
SET, 2.6, 267
SET, 2.7, 271
SET, 2.8, 263
SET, 2.9, 219
SET, 3.0, 217
SET, 3.1, 183
SET, 3.2, 159
SET, 3.3, 160
SET, 3.4, 113
SET, 3.5, 104
SET, 3.6, 95
SET, 3.7, 71
SET, 3.8, 84
SET, 3.9, 53
SET, 4.0, 55
SET, 4.1, 45
SET, 4.2, 39
SET, 4.3, 31
SET, 4.4, 36
SET, 4.5, 38
SET, 4.6, 43
SET, 4.7, 28
SET, 4.8, 28
SET, 4.9, 34
SET, 5.0, 29
SET, 5.1, 27
SET, 5.2, 19
SET, 5.3, 27
SET, 5.4, 22
SET, 5.5, 29
SET, 5.6, 30
SET, 5.7, 19
SET, 5.8, 29
SET, 5.9, 31
SET, 6.0, 29
SET, 6.1, 34
SET, 6.2, 38
SET, 6.3, 24
SET, 6.4, 57
SET, 6.5, 59
SET, 6.6, 69
SET, 6.7, 51
SET, 6.8, 68
SET, 6.9, 50
SET, 7.0, 75
SET, 7.1, 80
SET, 7.2, 98
SET, 7.3, 97
SET, 7.4, 126
SET, 7.5, 106
SET, 7.6, 119
SET, 7.7, 145
SET, 7.8, 157
SET, 7.9, 181
SET, 8.0, 211
SET, 8.1, 234
SET, 8.2, 227
SET, 8.3, 224
SET, 8.4, 302
SET, 8.5, 351
SET, 8.6, 355
SET, 8.7, 349
SET, 8.8, 378
SET, 8.9, 426
SET, 9.0, 532
SET, 9.1, 520
SET, 9.2, 574
SET, 9.3, 599
SET, 9.4, 667
SET, 9.5, 653
SET, 9.6, 760
SET, 9.7, 744
SET, 9.8, 814
SET, 9.9, 815
SET, 10.0, 1026
SET, 10.1, 1000
SET, 10.2, 1048
SET, 10.3, 1066
SET, 10.4, 1218
SET, 10.5, 1282
SET, 10.6, 1454
SET, 10.7, 1522
SET, 10.8, 1534
SET, 10.9, 1599
SET, 11.0, 1720
SET, 11.1, 1825
SET, 11.2, 1867
SET, 11.3, 2041
SET, 11.4, 2150
SET, 11.5, 2244
SET, 11.6, 2353
SET, 11.7, 2326
SET, 11.8, 2341
SET, 11.9, 2464
SET, 12.0, 2568
SET, 12.1, 2652
SET, 12.2, 2953
SET, 12.3, 2865
SET, 12.4, 2874
SET, 12.5, 2833
SET, 12.6, 3141
SET, 12.7, 3126
SET, 12.8, 3258
SET, 12.9, 3198
SET, 13.0, 3327
SET, 13.1, 3545
SET, 13.2, 3495
SET, 13.3, 3498
SET, 13.4, 3632
SET, 13.5, 3716
SET, 13.6, 3723
SET, 13.7, 3622
SET, 13.8, 3811
SET, 13.9, 3816
SET, 14.0, 3867
SET, 14.1, 3998
SET, 14.2, 4057
SET, 14.3, 3942
SET, 14.4, 4237
SET, 14.5, 4268
SET, 14.6, 4402
SET, 14.7, 4328
SET, 14.8, 4367
SET, 14.9, 4566
SET, 15.0, 4745
SET, 15.1, 4635
SET, 15.2, 4549
SET, 15.3, 4704
SET, 15.4, 4717
SET, 15.5, 4920
SET, 15.6, 5016
SET, 15.7, 4968
SET, 15.8, 4911
SET, 15.9, 4951
SET, 16.0, 4885
SET, 16.1, 4939
SET, 16.2, 4931
SET, 16.3, 4996
SET, 16.4, 4870
SET, 16.5, 4737
SET, 16.6, 4854
SET, 16.7, 4850
SET, 16.8, 4791
SET, 16.9, 4692
SET, 17.0, 4687
SET, 17.1, 4603
SET, 17.2, 4618
SET, 17.3, 4564
SET, 17.4, 4556
SET, 17.5, 4411
SET, 17.6, 4379
SET, 17.7, 4260
SET, 17.8, 4296
SET, 17.9, 4216
SET, 18.0, 4149
SET, 18.1, 4088
SET, 18.2, 4164
SET, 18.3, 4136
SET, 18.4, 4256
SET, 18.5, 4014
SET, 18.6, 3933
SET, 18.7, 3974
SET, 18.8, 3861
SET, 18.9, 3972
SET, 19.0, 3965
SET, 19.1, 3857
SET, 19.2, 3583
SET, 19.3, 3767
SET, 19.4, 3571
SET, 19.5, 3535
SET, 19.6, 3384
SET, 19.7, 3455
SET, 19.8, 3342
SET, 19.9, 3299
SET, 20.0, 3080
SET, 20.1, 2947
SET, 20.2, 2990
SET, 20.3, 3006
SET, 20.4, 2920
SET, 20.5, 2615
SET, 20.6, 2711
SET, 20.7, 2758
SET, 20.8, 2541
SET, 20.9, 2517
SET, 21.0, 2363
SET, 21.1, 2259
SET, 21.2, 2286
SET, 21.3, 2219
SET, 21.4, 2030
SET, 21.5, 2109
SET, 21.6, 1972
SET, 21.7, 2051
SET, 21.8, 1922
SET, 21.9, 1918
SET, 22.0, 1906
SET, 22.1, 1787
SET, 22.2, 1693
SET, 22.3, 1699
SET, 22.4, 1601
SET, 22.5, 1638
SET, 22.6, 1555
SET, 22.7, 1494
SET, 22.8, 1434
SET, 22.9, 1481
SET, 23.0, 1310
SET, 23.1, 1285
SET, 23.2, 1259
SET, 23.3, 1230
SET, 23.4, 1209
SET, 23.5, 1174
SET, 23.6, 1083
SET, 23.7, 1083
SET, 23.8, 1017
SET, 23.9, 1009
SET, 24.0, 1073
SET, 24.1, 969
SET, 24.2, 881
SET, 24.3, 871
SET, 24.4, 842
SET, 24.5, 797
SET, 24.6, 821
SET, 24.7, 722
SET, 24.8, 786
SET, 24.9, 786
SET, 25.0, 740
SET, 25.1, 730
SET, 25.2, 724
SET, 25.3, 664
SET, 25.4, 701
SET, 25.5, 630
SET, 25.6, 630
SET, 25.7, 616
SET, 25.8, 623
SET, 25.9, 633
SET, 26.0, 565
SET, 26.1, 573
SET, 26.2, 593
SET, 26.3, 532
SET, 26.4, 553
SET, 26.5, 502
SET, 26.6, 468
SET, 26.7, 454
SET, 26.8, 439
SET, 26.9, 462
SET, 27.0, 378
SET, 27.1, 442
SET, 27.2, 395
SET, 27.3, 396
SET, 27.4, 433
SET, 27.5, 374
SET, 27.6, 370
SET, 27.7, 362
SET, 27.8, 329
SET, 27.9, 332
SET, 28.0, 340
SET, 28.1, 313
SET, 28.2, 314
SET, 28.3, 354
SET, 28.4, 324
SET, 28.5, 354
SET, 28.6, 273
SET, 28.7, 327
SET, 28.8, 309
SET, 28.9, 281
SET, 29.0, 312
SET, 29.1, 281
SET, 29.2, 252
SET, 29.3, 275
SET, 29.4, 254
SET, 29.5, 253
SET, 29.6, 231
SET, 29.7, 224
SET, 29.8, 188
SET, 29.9, 194
SET, 30.0, 197
SET, 30.1, 175
SET, 30.2, 155
SET, 30.3, 179
SET, 30.4, 171
SET, 30.5, 189
SET, 30.6, 155
SET, 30.7, 164
SET, 30.8, 135
SET, 30.9, 169
SET, 31.0, 164
SET, 31.1, 118
SET, 31.2, 123
SET, 31.3, 134
SET, 31.4, 133
SET, 31.5, 125
SET, 31.6, 112
SET, 31.7, 110
SET, 31.8, 108
SET, 31.9, 112
SET, 32.0, 110
SET, 32.1, 121
SET, 32.2, 123
SET, 32.3, 110
SET, 32.4, 113
SET, 32.5, 88
SET, 32.6, 77
SET, 32.7, 104
SET, 32.8, 100
SET, 32.9, 76
SET, 33.0, 80
SET, 33.1, 87
SET, 33.2, 67
SET, 33.3, 70
SET, 33.4, 55
SET, 33.5, 60
SET, 33.6, 70
SET, 33.7, 63
SET, 33.8, 52
SET, 33.9, 54
SET, 34.0, 46
SET, 34.1, 43
SET, 34.2, 37
SET, 34.3, 45
SET, 34.4, 59
SET, 34.5, 46
SET, 34.6, 33
SET, 34.7, 52
SET, 34.8, 46
SET, 34.9, 41
SET, 35.0, 46
SET, 35.1, 49
SET, 35.2, 48
SET, 35.3, 54
SET, 35.4, 43
SET, 35.5, 52
SET, 35.6, 48
SET, 35.7, 32
SET, 35.8, 24
SET, 35.9, 42
SET, 36.0, 38
SET, 36.1, 26
SET, 36.2, 50
SET, 36.3, 46
SET, 36.4, 47
SET, 36.5, 38
SET, 36.6, 47
SET, 36.7, 37
SET, 36.8, 32
SET, 36.9, 27
SET, 37.0, 46
SET, 37.1, 28
SET, 37.2, 41
SET, 37.3, 30
SET, 37.4, 36
SET, 37.5, 26
SET, 37.6, 31
SET, 37.7, 38
SET, 37.8, 39
SET, 37.9, 29
SET, 38.0, 28
SET, 38.1, 32
SET, 38.2, 21
SET, 38.3, 33
SET, 38.4, 34
SET, 38.5, 29
SET, 38.6, 26
SET, 38.7, 30
SET, 38.8, 30
SET, 38.9, 23
SET, 39.0, 27
SET, 39.1, 14
SET, 39.2, 21
SET, 39.3, 28
SET, 39.4, 25
SET, 39.5, 36
SET, 39.6, 33
SET, 39.7, 27
SET, 39.8, 20
SET, 39.9, 33
SET, 40.0, 22
SET, 40.1, 28
SET, 40.2, 25
SET, 40.3, 24
SET, 40.4, 21
SET, 40.5, 27
SET, 40.6, 28
SET, 40.7, 20
SET, 40.8, 23
SET, 40.9, 10
SET, 41.0, 27
SET, 41.1, 24
SET, 41.2, 15
SET, 41.3, 25
SET, 41.4, 15
SET, 41.5, 21
SET, 41.6, 14
SET, 41.7, 21
SET, 41.8, 15
SET, 41.9, 12
SET, 42.0, 18
SET, 42.1, 38
SET, 42.2, 20
SET, 42.3, 18
SET, 42.4, 14
SET, 42.5, 12
SET, 42.6, 13
SET, 42.7, 20
SET, 42.8, 21
SET, 42.9, 14
SET, 43.0, 18
SET, 43.1, 20
SET, 43.2, 28
SET, 43.3, 26
SET, 43.4, 23
SET, 43.5, 27
SET, 43.6, 25
SET, 43.7, 22
SET, 43.8, 27
SET, 43.9, 23
SET, 44.0, 29
SET, 44.1, 19
SET, 44.2, 17
SET, 44.3, 13
SET, 44.4, 18
SET, 44.5, 25
SET, 44.6, 20
SET, 44.7, 26
SET, 44.8, 21
SET, 44.9, 34
SET, 45.0, 29
SET, 45.1, 22
SET, 45.2, 33
SET, 45.3, 14
SET, 45.4, 28
SET, 45.5, 28
SET, 45.6, 31
SET, 45.7, 19
SET, 45.8, 26
SET, 45.9, 22
SET, 46.0, 26
SET, 46.1, 33
SET, 46.2, 21
SET, 46.3, 23
SET, 46.4, 23
SET, 46.5, 28
SET, 46.6, 25
SET, 46.7, 21
SET, 46.8, 23
SET, 46.9, 20
SET, 47.0, 13
SET, 47.1, 18
SET, 47.2, 16
SET, 47.3, 6
SET, 47.4, 13
SET, 47.5, 11
SET, 47.6, 19
SET, 47.7, 26
SET, 47.8, 13
SET, 47.9, 11
SET, 48.0, 17
SET, 48.1, 15
SET, 48.2, 23
SET, 48.3, 19
SET, 48.4, 24
SET, 48.5, 18
SET, 48.6, 14
SET, 48.7, 17
SET, 48.8, 11
SET, 48.9, 17
SET, 49.0, 19
SET, 49.1, 16
SET, 49.2, 9
SET, 49.3, 16
SET, 49.4, 12
SET, 49.5, 9
SET, 49.6, 12
SET, 49.7, 21
SET, 49.8, 12
SET, 49.9, 11
SET, 50.0, 14
SET, 50.1, 17
SET, 50.2, 9
SET, 50.3, 7
SET, 50.4, 20
SET, 50.5, 9
SET, 50.6, 9
SET, 50.7, 16
SET, 50.8, 10
SET, 50.9, 13
SET, 51.0, 4
SET, 51.1, 8
SET, 51.2, 11
SET, 51.3, 15
SET, 51.4, 12
SET, 51.5, 15
SET, 51.6, 12
SET, 51.7, 7
SET, 51.8, 16
SET, 51.9, 13
SET, 52.0, 7
SET, 52.1, 15
SET, 52.2, 16
SET, 52.3, 11
SET, 52.4, 18
SET, 52.5, 20
SET, 52.6, 14
SET, 52.7, 11
SET, 52.8, 12
SET, 52.9, 9
SET, 53.0, 11
SET, 53.1, 10
SET, 53.2, 4
SET, 53.3, 15
SET, 53.4, 10
SET, 53.5, 15
SET, 53.6, 8
SET, 53.7, 9
SET, 53.8, 4
SET, 53.9, 6
SET, 54.0, 27
SET, 54.1, 11
SET, 54.2, 15
SET, 54.3, 6
SET, 54.4, 15
SET, 54.5, 12
SET, 54.6, 17
SET, 54.7, 10
SET, 54.8, 9
SET, 54.9, 10
SET, 55.0, 8
SET, 55.1, 14
SET, 55.2, 13
SET, 55.3, 12
SET, 55.4, 3
SET, 55.5, 6
SET, 55.6, 8
SET, 55.7, 9
SET, 55.8, 8
SET, 55.9, 12
SET, 56.0, 4
SET, 56.1, 4
SET, 56.2, 7
SET, 56.3, 11
SET, 56.4, 2
SET, 56.5, 4
SET, 56.6, 10
SET, 56.7, 9
SET, 56.8, 3
SET, 56.9, 3
SET, 57.0, 2
SET, 57.1, 2
SET, 57.2, 7
SET, 57.3, 8
SET, 57.4, 5
SET, 57.5, 3
SET, 57.6, 5
SET, 57.7, 2
SET, 57.8, 8
SET, 57.9, 9
SET, 58.0, 8
SET, 58.1, 0
SET, 58.2, 4
SET, 58.3, 4
SET, 58.4, 21
SET, 58.5, 12
SET, 58.6, 7
SET, 58.7, 11
SET, 58.8, 10
SET, 58.9, 13
SET, 59.0, 9
SET, 59.1, 7
SET, 59.2, 2
SET, 59.3, 4
SET, 59.4, 7
SET, 59.5, 1
SET, 59.6, 1
SET, 59.7, 4
SET, 59.8, 4
SET, 59.9, 3
SET, 60.0, 6
SET, 60.1, 7
SET, 60.2, 4
SET, 60.3, 4
SET, 60.4, 8
SET, 60.5, 8
SET, 60.6, 5
SET, 60.7, 3
SET, 60.8, 3
SET, 60.9, 6
SET, 61.0, 5
SET, 61.1, 7
SET, 61.2, 3
SET, 61.3, 9
SET, 61.4, 9
SET, 61.5, 10
SET, 61.6, 10
SET, 61.7, 14
SET, 61.8, 17
SET, 61.9, 12
SET, 62.0, 9
SET, 62.1, 4
SET, 62.2, 5
SET, 62.3, 3
SET, 62.4, 15
SET, 62.5, 8
SET, 62.6, 6
SET, 62.7, 7
SET, 62.8, 3
SET, 62.9, 2
SET, 63.0, 1
SET, 63.1, 1
SET, 63.2, 7
SET, 63.3, 1
SET, 63.4, 1
SET, 63.5, 1
SET, 63.6, 2
SET, 63.7, 8
SET, 63.8, 2
SET, 63.9, 2
SET, 64.0, 2
SET, 64.1, 3
SET, 64.2, 6
SET, 64.3, 5
SET, 64.4, 7
SET, 64.5, 9
SET, 64.6, 6
SET, 64.7, 5
SET, 64.8, 4
SET, 64.9, 6
SET, 65.0, 4
SET, 65.1, 6
SET, 65.2, 11
SET, 65.3, 2
SET, 65.4, 4
SET, 65.5, 4
SET, 65.6, 2
SET, 65.7, 3
SET, 65.8, 1
SET, 65.9, 2
SET, 66.0, 2
SET, 66.1, 2
SET, 66.2, 0
SET, 66.3, 1
SET, 66.4, 4
SET, 66.5, 2
SET, 66.6, 1
SET, 66.7, 0
SET, 66.8, 3
SET, 66.9, 1
SET, 67.0, 0
SET, 67.1, 1
SET, 67.2, 0
SET, 67.3, 1
SET, 67.4, 0
SET, 67.5, 0
SET, 67.6, 0
SET, 67.7, 0
SET, 67.8, 0
SET, 67.9, 0
SET, 68.0, 0
SET, 68.1, 0
SET, 68.2, 0
SET, 68.3, 0
SET, 68.4, 0
SET, 68.5, 0
SET, 68.6, 0
SET, 68.7, 0
SET, 68.8, 0
SET, 68.9, 1
SET, 69.0, 0
SET, 69.1, 1
SET, 69.2, 0
SET, 69.3, 0
SET, 69.4, 0
SET, 69.5, 0
SET, 69.6, 1
SET, 69.7, 0
SET, 69.8, 0
SET, 69.9, 1
SET, 70.0, 0
SET, 70.1, 0
SET, 70.2, 0
SET, 70.3, 0
SET, 70.4, 1
SET, 70.5, 0
SET, 70.6, 0
SET, 70.7, 0
SET, 70.8, 0
SET, 70.9, 4
SET, 71.0, 3
SET, 71.1, 0
SET, 71.2, 1
SET, 71.3, 2
SET, 71.4, 3
SET, 71.5, 1
SET, 71.6, 0
SET, 71.7, 1
SET, 71.8, 8
SET, 71.9, 2
SET, 72.0, 1
SET, 72.1, 1
SET, 72.2, 2
SET, 72.3, 0
SET, 72.4, 1
SET, 72.5, 0
SET, 72.6, 1
SET, 72.7, 0
SET, 72.8, 4
SET, 72.9, 0
SET, 73.0, 0
SET, 73.1, 0
SET, 73.2, 0
SET, 73.3, 0
SET, 73.4, 0
SET, 73.5, 0
SET, 73.6, 0
SET, 73.7, 0
SET, 73.8, 0
SET, 73.9, 0
SET, 74.0, 0
SET, 74.1, 0
SET, 74.2, 0
SET, 74.3, 0
SET, 74.4, 0
SET, 74.5, 0
SET, 74.6, 0
SET, 74.7, 0
SET, 74.8, 0
SET, 74.9, 0
SET, 75.0, 0
SET, 75.1, 1
SET, 75.2, 0
SET, 75.3, 0
SET, 75.4, 0
SET, 75.5, 0
SET, 75.6, 0
SET, 75.7, 0
SET, 75.8, 0
SET, 75.9, 0
SET, 76.0, 0
SET, 76.1, 0
SET, 76.2, 0
SET, 76.3, 0
SET, 76.4, 0
SET, 76.5, 0
SET, 76.6, 0
SET, 76.7, 0
SET, 76.8, 0
SET, 76.9, 0
SET, 77.0, 0
SET, 77.1, 0
SET, 77.2, 1
SET, 77.3, 1
SET, 77.4, 1
SET, 77.5, 2
SET, 77.6, 0
SET, 77.7, 1
SET, 77.8, 0
SET, 77.9, 0
SET, 78.0, 0
SET, 78.1, 0
SET, 78.2, 0
SET, 78.3, 0
SET, 78.4, 0
SET, 78.5, 0
SET, 78.6, 0
SET, 78.7, 0
SET, 78.8, 0
SET, 78.9, 0
SET, 79.0, 0
SET, 79.1, 0
SET, 79.2, 0
SET, 79.3, 0
SET, 79.4, 0
SET, 79.5, 0
SET, 79.6, 0
SET, 79.7, 0
SET, 79.8, 0
SET, 79.9, 0
SET, 80.0, 0
SET, 80.1, 0
SET, 80.2, 0
SET, 80.3, 0
SET, 80.4, 0
SET, 80.5, 0
SET, 80.6, 0
SET, 80.7, 0
SET, 80.8, 0
SET, 80.9, 0
SET, 81.0, 0
SET, 81.1, 0
SET, 81.2, 0
SET, 81.3, 0
SET, 81.4, 1
SET, 81.5, 0
SET, 81.6, 1
SET, 81.7, 0
SET, 81.8, 0
SET, 81.9, 0
SET, 82.0, 0
SET, 82.1, 0
SET, 82.2, 0
SET, 82.3, 0
SET, 82.4, 0
SET, 82.5, 0
SET, 82.6, 0
SET, 82.7, 0
SET, 82.8, 0
SET, 82.9, 0
SET, 83.0, 0
SET, 83.1, 0
SET, 83.2, 0
SET, 83.3, 0
SET, 83.4, 0
SET, 83.5, 0
SET, 83.6, 0
SET, 83.7, 0
SET, 83.8, 0
SET, 83.9, 0
SET, 84.0, 0
SET, 84.1, 0
SET, 84.2, 0
SET, 84.3, 0
SET, 84.4, 0
SET, 84.5, 0
SET, 84.6, 0
SET, 84.7, 0
SET, 84.8, 0
SET, 84.9, 0
SET, 85.0, 0
SET, 85.1, 0
SET, 85.2, 0
SET, 85.3, 0
SET, 85.4, 0
SET, 85.5, 0
SET, 85.6, 0
SET, 85.7, 0
SET, 85.8, 0
SET, 85.9, 0
SET, 86.0, 0
SET, 86.1, 0
SET, 86.2, 0
SET, 86.3, 0
SET, 86.4, 0
SET, 86.5, 0
SET, 86.6, 0
SET, 86.7, 0
SET, 86.8, 0
SET, 86.9, 0
SET, 87.0, 0
SET, 87.1, 0
SET, 87.2, 0
SET, 87.3, 0
SET, 87.4, 0
SET, 87.5, 0
SET, 87.6, 0
SET, 87.7, 0
SET, 87.8, 0
SET, 87.9, 0
SET, 88.0, 0
SET, 88.1, 0
SET, 88.2, 0
SET, 88.3, 0
SET, 88.4, 0
SET, 88.5, 0
SET, 88.6, 0
SET, 88.7, 0
SET, 88.8, 0
SET, 88.9, 0
SET, 89.0, 0
SET, 89.1, 0
SET, 89.2, 0
SET, 89.3, 0
SET, 89.4, 0
SET, 89.5, 0
SET, 89.6, 0
SET, 89.7, 0
SET, 89.8, 0
SET, 89.9, 0
SET, 90.0, 0
SET, 90.1, 0
SET, 90.2, 0
SET, 90.3, 0
SET, 90.4, 0
SET, 90.5, 0
SET, 90.6, 0
SET, 90.7, 0
SET, 90.8, 0
SET, 90.9, 0
SET, 91.0, 0
SET, 91.1, 0
SET, 91.2, 0
SET, 91.3, 0
SET, 91.4, 0
SET, 91.5, 0
SET, 91.6, 0
SET, 91.7, 0
SET, 91.8, 0
SET, 91.9, 0
SET, 92.0, 0
SET, 92.1, 0
SET, 92.2, 0
SET, 92.3, 0
SET, 92.4, 0
SET, 92.5, 0
SET, 92.6, 0
SET, 92.7, 0
SET, 92.8, 0
SET, 92.9, 0
SET, 93.0, 0
SET, 93.1, 0
SET, 93.2, 0
SET, 93.3, 0
SET, 93.4, 0
SET, 93.5, 0
SET, 93.6, 0
SET, 93.7, 0
SET, 93.8, 0
SET, 93.9, 0
SET, 94.0, 0
SET, 94.1, 0
SET, 94.2, 0
SET, 94.3, 0
SET, 94.4, 0
SET, 94.5, 0
SET, 94.6, 0
SET, 94.7, 0
SET, 94.8, 0
SET, 94.9, 0
SET, 95.0, 0
SET, 95.1, 0
SET, 95.2, 0
SET, 95.3, 0
SET, 95.4, 0
SET, 95.5, 0
SET, 95.6, 0
SET, 95.7, 0
SET, 95.8, 0
SET, 95.9, 0
SET, 96.0, 0
SET, 96.1, 0
SET, 96.2, 0
SET, 96.3, 0
SET, 96.4, 0
SET, 96.5, 0
SET, 96.6, 0
SET, 96.7, 0
SET, 96.8, 0
SET, 96.9, 0
SET, 97.0, 0
SET, 97.1, 0
SET, 97.2, 0
SET, 97.3, 0
SET, 97.4, 0
SET, 97.5, 0
SET, 97.6, 0
SET, 97.7, 0
SET, 97.8, 0
SET, 97.9, 0
SET, 98.0, 0
SET, 98.1, 0
SET, 98.2, 0
SET, 98.3, 0
SET, 98.4, 0
SET, 98.5, 0
SET, 98.6, 0
SET, 98.7, 0
SET, 98.8, 0
SET, 98.9, 0
SET, 99.0, 0
SET, 99.1, 0
SET, 99.2, 0
SET, 99.3, 0
SET, 99.4, 0
SET, 99.5, 0
SET, 99.6, 0
SET, 99.7, 0
SET, 99.8, 0
SET, 99.9, 0
SET, 100.0, 0
SET, 100.1, 0
SET, 100.2, 0
SET, 100.3, 0
SET, 100.4, 0
SET, 100.5, 0
SET, 100.6, 0
SET, 100.7, 0
SET, 100.8, 0
SET, 100.9, 0
SET, 101.0, 0
SET, 101.1, 0
SET, 101.2, 0
SET, 101.3, 0
SET, 101.4, 0
SET, 101.5, 0
SET, 101.6, 0
SET, 101.7, 0
SET, 101.8, 0
SET, 101.9, 0
SET, 102.0, 0
SET, 102.1, 0
SET, 102.2, 0
SET, 102.3, 0
SET, 102.4, 0
SET, 102.5, 0
SET, 102.6, 0
SET, 102.7, 0
SET, 102.8, 0
SET, 102.9, 0
SET, 103.0, 0
SET, 103.1, 0
SET, 103.2, 0
SET, 103.3, 0
SET, 103.4, 0
SET, 103.5, 0
SET, 103.6, 0
SET, 103.7, 0
SET, 103.8, 0
SET, 103.9, 0
SET, 104.0, 0
SET, 104.1, 0
SET, 104.2, 0
SET, 104.3, 0
SET, 104.4, 0
SET, 104.5, 0
SET, 104.6, 0
SET, 104.7, 0
SET, 104.8, 0
SET, 104.9, 0
SET, 105.0, 0
SET, 105.1, 0
SET, 105.2, 0
SET, 105.3, 0
SET, 105.4, 0
SET, 105.5, 0
SET, 105.6, 0
SET, 105.7, 0
SET, 105.8, 0
SET, 105.9, 0
SET, 106.0, 0
SET, 106.1, 0
SET, 106.2, 0
SET, 106.3, 0
SET, 106.4, 0
SET, 106.5, 0
SET, 106.6, 0
SET, 106.7, 0
SET, 106.8, 0
SET, 106.9, 0
SET, 107.0, 0
SET, 107.1, 0
SET, 107.2, 0
SET, 107.3, 0
SET, 107.4, 0
SET, 107.5, 0
SET, 107.6, 0
SET, 107.7, 0
SET, 107.8, 0
SET, 107.9, 0
SET, 108.0, 0
SET, 108.1, 0
SET, 108.2, 0
SET, 108.3, 0
SET, 108.4, 0
SET, 108.5, 0
SET, 108.6, 0
SET, 108.7, 0
SET, 108.8, 0
SET, 108.9, 0
SET, 109.0, 0
SET, 109.1, 0
SET, 109.2, 0
SET, 109.3, 0
SET, 109.4, 0
SET, 109.5, 0
SET, 109.6, 0
SET, 109.7, 0
SET, 109.8, 0
SET, 109.9, 0
SET, 110.0, 0
SET, 110.1, 0
SET, 110.2, 0
SET, 110.3, 0
SET, 110.4, 0
SET, 110.5, 0
SET, 110.6, 0
SET, 110.7, 0
SET, 110.8, 0
SET, 110.9, 0
SET, 111.0, 0
SET, 111.1, 0
SET, 111.2, 0
SET, 111.3, 0
SET, 111.4, 0
SET, 111.5, 0
SET, 111.6, 0
SET, 111.7, 0
SET, 111.8, 0
SET, 111.9, 0
SET, 112.0, 0
SET, 112.1, 0
SET, 112.2, 0
SET, 112.3, 2
SET, 112.4, 0
SET, 112.5, 0
SET, 112.6, 2
SET, 112.7, 1
SET, 112.8, 2
SET, 112.9, 2
SET, 113.0, 0
SET, 113.1, 0
SET, 113.2, 0
SET, 113.3, 1
SET, 113.4, 0
SET, 113.5, 1
SET, 113.6, 0
SET, 113.7, 0
SET, 113.8, 0
SET, 113.9, 0
SET, 114.0, 0
SET, 114.1, 0
SET, 114.2, 0
SET, 114.3, 0
SET, 114.4, 0
SET, 114.5, 0
SET, 114.6, 0
SET, 114.7, 0
SET, 114.8, 0
SET, 114.9, 0
SET, 115.0, 0
SET, 115.1, 0
SET, 115.2, 0
SET, 115.3, 0
SET, 115.4, 0
SET, 115.5, 0
SET, 115.6, 0
SET, 115.7, 0
SET, 115.8, 0
SET, 115.9, 0
SET, 116.0, 0
SET, 116.1, 0
SET, 116.2, 0
SET, 116.3, 0
SET, 116.4, 0
SET, 116.5, 0
SET, 116.6, 0
SET, 116.7, 0
SET, 116.8, 0
SET, 116.9, 0
SET, 117.0, 0
SET, 117.1, 0
SET, 117.2, 0
SET, 117.3, 0
SET, 117.4, 0
SET, 117.5, 0
SET, 117.6, 0
SET, 117.7, 0
SET, 117.8, 0
SET, 117.9, 0
SET, 118.0, 1
SET, 118.1, 1
SET, 118.2, 1
SET, 118.3, 1
SET, 118.4, 0
SET, 118.5, 0
SET, 118.6, 0
SET, 118.7, 0
SET, 118.8, 0
SET, 118.9, 1
SET, 119.0, 1
SET, 119.1, 0
SET, 119.2, 1
SET, 119.3, 1
SET, 119.4, 3
SET, 119.5, 3
SET, 119.6, 3
SET, 119.7, 2
SET, 119.8, 1
SET, 119.9, 1
SET, 120.0, 0
SET, 120.1, 1
SET, 120.2, 0
SET, 120.3, 0
SET, 120.4, 0
SET, 120.5, 0
SET, 120.6, 0
SET, 120.7, 0
SET, 120.8, 0
SET, 120.9, 0
SET, 121.0, 0
SET, 121.1, 0
SET, 121.2, 0
SET, 121.3, 0
SET, 121.4, 0
SET, 121.5, 0
SET, 121.6, 1
SET, 121.7, 0
SET, 121.8, 0
SET, 121.9, 0
SET, 122.0, 0
SET, 122.1, 0
SET, 122.2, 0
SET, 122.3, 1
SET, 122.4, 0
SET, 122.5, 0
SET, 122.6, 0
SET, 122.7, 0
SET, 122.8, 0
SET, 122.9, 1
SET, 123.0, 0
SET, 123.1, 0
SET, 123.2, 0
SET, 123.3, 0
SET, 123.4, 1
SET, 123.5, 0
SET, 123.6, 0
SET, 123.7, 1
SET, 123.8, 0
SET, 123.9, 0
SET, 124.0, 0
SET, 124.1, 0
SET, 124.2, 0
SET, 124.3, 0
SET, 124.4, 0
SET, 124.5, 1
SET, 124.6, 0
SET, 124.7, 0
SET, 124.8, 0
SET, 124.9, 0
SET, 125.0, 0
SET, 125.1, 0
SET, 125.2, 0
SET, 125.3, 0
SET, 125.4, 0
SET, 125.5, 0
SET, 125.6, 0
SET, 125.7, 0
SET, 125.8, 0
SET, 125.9, 0
SET, 126.0, 0
SET, 126.1, 0
SET, 126.2, 0
SET, 126.3, 0
SET, 126.4, 0
SET, 126.5, 0
SET, 126.6, 0
SET, 126.7, 0
SET, 126.8, 0
SET, 126.9, 0
SET, 127.0, 0
SET, 127.1, 0
SET, 127.2, 0
SET, 127.3, 0
SET, 127.4, 0
SET, 127.5, 1
SET, 127.6, 0
SET, 127.7, 0
SET, 127.8, 0
SET, 127.9, 0
SET, 128.0, 0
SET, 128.1, 0
SET, 128.2, 0
SET, 128.3, 0
SET, 128.4, 0
SET, 128.5, 0
SET, 128.6, 0
SET, 128.7, 1
SET, 128.8, 0
SET, 128.9, 0
SET, 129.0, 0
SET, 129.1, 0
SET, 129.2, 0
SET, 129.3, 0
SET, 129.4, 0
SET, 129.5, 0
SET, 129.6, 0
SET, 129.7, 0
SET, 129.8, 0
SET, 129.9, 0
SET, 130.0, 0
SET, 130.1, 0
SET, 130.2, 0
SET, 130.3, 0
SET, 130.4, 0
SET, 130.5, 0
SET, 130.6, 0
SET, 130.7, 0
SET, 130.8, 0
SET, 130.9, 0
SET, 131.0, 0
SET, 131.1, 0
SET, 131.2, 0
SET, 131.3, 0
SET, 131.4, 0
SET, 131.5, 0
SET, 131.6, 0
SET, 131.7, 0
SET, 131.8, 0
SET, 131.9, 0
SET, 132.0, 0
SET, 132.1, 0
SET, 132.2, 0
SET, 132.3, 0
SET, 132.4, 0
SET, 132.5, 0
SET, 132.6, 0
SET, 132.7, 0
SET, 132.8, 0
SET, 132.9, 0
SET, 133.0, 0
SET, 133.1, 0
SET, 133.2, 0
SET, 133.3, 0
SET, 133.4, 0
SET, 133.5, 0
SET, 133.6, 0
SET, 133.7, 0
SET, 133.8, 0
SET, 133.9, 0
SET, 134.0, 0
SET, 134.1, 0
SET, 134.2, 0
SET, 134.3, 0
SET, 134.4, 0
SET, 134.5, 0
SET, 134.6, 0
SET, 134.7, 0
SET, 134.8, 0
SET, 134.9, 0
SET, 135.0, 0
SET, 135.1, 0
SET, 135.2, 0
SET, 135.3, 0
SET, 135.4, 0
SET, 135.5, 0
SET, 135.6, 0
SET, 135.7, 0
SET, 135.8, 0
SET, 135.9, 0
SET, 136.0, 0
SET, 136.1, 0
SET, 136.2, 0
SET, 136.3, 0
SET, 136.4, 0
SET, 136.5, 0
SET, 136.6, 0
SET, 136.7, 0
SET, 136.8, 0
SET, 136.9, 0
SET, 137.0, 0
SET, 137.1, 0
SET, 137.2, 0
SET, 137.3, 0
SET, 137.4, 0
SET, 137.5, 0
SET, 137.6, 0
SET, 137.7, 0
SET, 137.8, 0
SET, 137.9, 0
SET, 138.0, 0
SET, 138.1, 0
SET, 138.2, 0
SET, 138.3, 0
SET, 138.4, 0
SET, 138.5, 0
SET, 138.6, 0
SET, 138.7, 0
SET, 138.8, 0
SET, 138.9, 0
SET, 139.0, 0
SET, 139.1, 0
SET, 139.2, 0
SET, 139.3, 0
SET, 139.4, 0
SET, 139.5, 0
SET, 139.6, 0
SET, 139.7, 0
SET, 139.8, 0
SET, 139.9, 0
SET, 140.0, 0
SET, 140.1, 0
SET, 140.2, 0
SET, 140.3, 0
SET, 140.4, 0
SET, 140.5, 0
SET, 140.6, 0
SET, 140.7, 0
SET, 140.8, 0
SET, 140.9, 0
SET, 141.0, 0
SET, 141.1, 0
SET, 141.2, 0
SET, 141.3, 0
SET, 141.4, 0
SET, 141.5, 0
SET, 141.6, 0
SET, 141.7, 0
SET, 141.8, 0
SET, 141.9, 0
SET, 142.0, 0
SET, 142.1, 0
SET, 142.2, 0
SET, 142.3, 0
SET, 142.4, 0
SET, 142.5, 0
SET, 142.6, 0
SET, 142.7, 0
SET, 142.8, 0
SET, 142.9, 0
SET, 143.0, 0
SET, 143.1, 0
SET, 143.2, 0
SET, 143.3, 0
SET, 143.4, 0
SET, 143.5, 0
SET, 143.6, 0
SET, 143.7, 0
SET, 143.8, 0
SET, 143.9, 0
SET, 144.0, 0
SET, 144.1, 0
SET, 144.2, 0
SET, 144.3, 0
SET, 144.4, 0
SET, 144.5, 0
SET, 144.6, 0
SET, 144.7, 0
SET, 144.8, 0
SET, 144.9, 0
SET, 145.0, 0
SET, 145.1, 0
SET, 145.2, 0
SET, 145.3, 0
SET, 145.4, 0
SET, 145.5, 0
SET, 145.6, 0
SET, 145.7, 0
SET, 145.8, 0
SET, 145.9, 0
SET, 146.0, 0
SET, 146.1, 0
SET, 146.2, 0
SET, 146.3, 0
SET, 146.4, 0
SET, 146.5, 0
SET, 146.6, 0
SET, 146.7, 0
SET, 146.8, 0
SET, 146.9, 0
SET, 147.0, 0
SET, 147.1, 0
SET, 147.2, 0
SET, 147.3, 0
SET, 147.4, 0
SET, 147.5, 0
SET, 147.6, 0
SET, 147.7, 0
SET, 147.8, 0
SET, 147.9, 0
SET, 148.0, 0
SET, 148.1, 0
SET, 148.2, 0
SET, 148.3, 0
SET, 148.4, 0
SET, 148.5, 0
SET, 148.6, 0
SET, 148.7, 0
SET, 148.8, 0
SET, 148.9, 0
SET, 149.0, 0
SET, 149.1, 0
SET, 149.2, 0
SET, 149.3, 0
SET, 149.4, 0
SET, 149.5, 0
SET, 149.6, 0
SET, 149.7, 0
SET, 149.8, 0
SET, 149.9, 0
SET, 150.0, 0
SET, 150.1, 0
SET, 150.2, 0
SET, 150.3, 0
SET, 150.4, 0
SET, 150.5, 0
SET, 150.6, 0
SET, 150.7, 0
SET, 150.8, 0
SET, 150.9, 0
SET, 151.0, 0
SET, 151.1, 0
SET, 151.2, 0
SET, 151.3, 0
SET, 151.4, 0
SET, 151.5, 0
SET, 151.6, 0
SET, 151.7, 0
SET, 151.8, 0
SET, 151.9, 0
SET, 152.0, 0
SET, 152.1, 0
SET, 152.2, 0
SET, 152.3, 0
SET, 152.4, 0
SET, 152.5, 0
SET, 152.6, 0
SET, 152.7, 0
SET, 152.8, 0
SET, 152.9, 0
SET, 153.0, 0
SET, 153.1, 0
SET, 153.2, 0
SET, 153.3, 0
SET, 153.4, 0
SET, 153.5, 0
SET, 153.6, 1
SET, 153.7, 0
SET, 153.8, 2
SET, 153.9, 2
SET, 154.0, 0
SET, 154.1, 0
SET, 154.2, 0
SET, 154.3, 0
SET, 154.4, 0
SET, 154.5, 1
SET, 154.6, 0
SET, 154.7, 1
SET, 154.8, 0
SET, 154.9, 0
SET, 155.0, 0
SET, 155.1, 0
SET, 155.2, 0
SET, 155.3, 0
SET, 155.4, 0
SET, 155.5, 0
SET, 155.6, 0
SET, 155.7, 0
SET, 155.8, 0
SET, 155.9, 0
SET, 156.0, 0
SET, 156.1, 0
SET, 156.2, 0
SET, 156.3, 0
SET, 156.4, 0
SET, 156.5, 0
SET, 156.6, 0
SET, 156.7, 0
SET, 156.8, 0
SET, 156.9, 0
SET, 157.0, 0
SET, 157.1, 0
SET, 157.2, 0
SET, 157.3, 0
SET, 157.4, 0
SET, 157.5, 0
SET, 157.6, 0
SET, 157.7, 0
SET, 157.8, 0
SET, 157.9, 0
SET, 158.0, 0
SET, 158.1, 0
SET, 158.2, 0
SET, 158.3, 0
SET, 158.4, 0
SET, 158.5, 0
SET, 158.6, 0
SET, 158.7, 0
SET, 158.8, 0
SET, 158.9, 0
SET, 159.0, 0
SET, 159.1, 0
SET, 159.2, 0
SET, 159.3, 0
SET, 159.4, 0
SET, 159.5, 0
SET, 159.6, 0
SET, 159.7, 0
SET, 159.8, 0
SET, 159.9, 0
SET, 160.0, 0
SET, 160.1, 0
SET, 160.2, 0
SET, 160.3, 0
SET, 160.4, 0
SET, 160.5, 0
SET, 160.6, 0
SET, 160.7, 0
SET, 160.8, 0
SET, 160.9, 0
SET, 161.0, 0
SET, 161.1, 0
SET, 161.2, 0
SET, 161.3, 0
SET, 161.4, 0
SET, 161.5, 0
SET, 161.6, 0
SET, 161.7, 0
SET, 161.8, 0
SET, 161.9, 0
SET, 162.0, 0
SET, 162.1, 0
SET, 162.2, 0
SET, 162.3, 0
SET, 162.4, 0
SET, 162.5, 0
SET, 162.6, 0
SET, 162.7, 0
SET, 162.8, 0
SET, 162.9, 0
SET, 163.0, 0
SET, 163.1, 0
SET, 163.2, 0
SET, 163.3, 0
SET, 163.4, 0
SET, 163.5, 0
SET, 163.6, 0
SET, 163.7, 0
SET, 163.8, 0
SET, 163.9, 0
SET, 164.0, 0
SET, 164.1, 0
SET, 164.2, 0
SET, 164.3, 0
SET, 164.4, 0
SET, 164.5, 0
SET, 164.6, 0
SET, 164.7, 0
SET, 164.8, 0
SET, 164.9, 0
SET, 165.0, 0
SET, 165.1, 0
SET, 165.2, 0
SET, 165.3, 0
SET, 165.4, 0
SET, 165.5, 0
SET, 165.6, 0
SET, 165.7, 0
SET, 165.8, 0
SET, 165.9, 0
SET, 166.0, 0
SET, 166.1, 0
SET, 166.2, 0
SET, 166.3, 0
SET, 166.4, 0
SET, 166.5, 0
SET, 166.6, 0
SET, 166.7, 0
SET, 166.8, 0
SET, 166.9, 0
SET, 167.0, 0
SET, 167.1, 0
SET, 167.2, 0
SET, 167.3, 0
SET, 167.4, 0
SET, 167.5, 0
SET, 167.6, 0
SET, 167.7, 0
SET, 167.8, 0
SET, 167.9, 0
SET, 168.0, 0
SET, 168.1, 0
SET, 168.2, 0
SET, 168.3, 0
SET, 168.4, 0
SET, 168.5, 0
SET, 168.6, 0
SET, 168.7, 0
SET, 168.8, 0
SET, 168.9, 0
SET, 169.0, 0
SET, 169.1, 0
SET, 169.2, 0
SET, 169.3, 0
SET, 169.4, 0
SET, 169.5, 0
SET, 169.6, 0
SET, 169.7, 0
SET, 169.8, 0
SET, 169.9, 0
SET, 170.0, 0
SET, 170.1, 0
SET, 170.2, 0
SET, 170.3, 0
SET, 170.4, 0
SET, 170.5, 0
SET, 170.6, 0
SET, 170.7, 0
SET, 170.8, 0
SET, 170.9, 0
SET, 171.0, 0
SET, 171.1, 0
SET, 171.2, 0
SET, 171.3, 0
SET, 171.4, 0
SET, 171.5, 0
SET, 171.6, 0
SET, 171.7, 0
SET, 171.8, 0
SET, 171.9, 0
SET, 172.0, 0
SET, 172.1, 0
SET, 172.2, 0
SET, 172.3, 0
SET, 172.4, 1
SET, 172.5, 1
SET, 172.6, 0
SET, 172.7, 0
SET, 172.8, 0
SET, 172.9, 0
SET, 173.0, 0
SET, 173.1, 0
SET, 173.2, 0
SET, 173.3, 0
SET, 173.4, 1
SET, 173.5, 0
SET, 173.6, 1
SET, 173.7, 0
SET, 173.8, 0
SET, 173.9, 0
SET, 174.0, 0
SET, 174.1, 2
SET, 174.2, 0
SET, 174.3, 2
SET, 174.4, 2
SET, 174.5, 2
SET, 174.6, 0
SET, 174.7, 2
SET, 174.8, 2
SET, 174.9, 1
SET, 175.0, 3
SET, 175.1, 1
SET, 175.2, 0
SET, 175.3, 1
SET, 175.4, 2
SET, 175.5, 3
SET, 175.6, 0
SET, 175.7, 0
SET, 175.8, 1
SET, 175.9, 0
SET, 176.0, 0
SET, 176.1, 0
SET, 176.2, 0
SET, 176.3, 0
SET, 176.4, 0
SET, 176.5, 1
SET, 176.6, 0
SET, 176.7, 1
SET, 176.8, 0
SET, 176.9, 0
SET, 177.0, 0
SET, 177.1, 0
SET, 177.2, 0
SET, 177.3, 0
SET, 177.4, 0
SET, 177.5, 0
SET, 177.6, 0
SET, 177.7, 0
SET, 177.8, 0
SET, 177.9, 0
SET, 178.0, 0
SET, 178.1, 1
SET, 178.2, 0
SET, 178.3, 0
SET, 178.4, 0
SET, 178.5, 1
SET, 178.6, 0
SET, 178.7, 0
SET, 178.8, 1
SET, 178.9, 0
SET, 179.0, 0
SET, 179.1, 0
SET, 179.2, 1
SET, 179.3, 1
SET, 179.4, 0
SET, 179.5, 0
SET, 179.6, 0
SET, 179.7, 0
SET, 179.8, 0
SET, 179.9, 0
SET, 180.0, 0
SET, 180.1, 0
SET, 180.2, 0
SET, 180.3, 0
SET, 180.4, 0
SET, 180.5, 0
SET, 180.6, 0
SET, 180.7, 0
SET, 180.8, 0
SET, 180.9, 0
SET, 181.0, 0
SET, 181.1, 0
SET, 181.2, 0
SET, 181.3, 1
SET, 181.4, 0
SET, 181.5, 0
SET, 181.6, 1
SET, 181.7, 0
SET, 181.8, 0
SET, 181.9, 1
SET, 182.0, 0
SET, 182.1, 0
SET, 182.2, 1
SET, 182.3, 0
SET, 182.4, 0
SET, 182.5, 0
SET, 182.6, 0
SET, 182.7, 0
SET, 182.8, 0
SET, 182.9, 0
SET, 183.0, 0
SET, 183.1, 0
SET, 183.2, 0
SET, 183.3, 0
SET, 183.4, 0
SET, 183.5, 0
SET, 183.6, 0
SET, 183.7, 0
SET, 183.8, 0
SET, 183.9, 0
SET, 184.0, 0
SET, 184.1, 1
SET, 184.2, 0
SET, 184.3, 0
SET, 184.4, 1
SET, 184.5, 0
SET, 184.6, 1
SET, 184.7, 1
SET, 184.8, 0
SET, 184.9, 0
SET, 185.0, 1
SET, 185.1, 0
SET, 185.2, 0
SET, 185.3, 1
SET, 185.4, 2
SET, 185.5, 2
SET, 185.6, 0
SET, 185.7, 1
SET, 185.8, 0
SET, 185.9, 0
SET, 186.0, 0
SET, 186.1, 2
SET, 186.2, 0
SET, 186.3, 2
SET, 186.4, 0
SET, 186.5, 1
SET, 186.6, 1
SET, 186.7, 0
SET, 186.8, 1
SET, 186.9, 0
SET, 187.0, 1
SET, 187.1, 0
SET, 187.2, 0
SET, 187.3, 1
SET, 187.4, 0
SET, 187.5, 0
SET, 187.6, 0
SET, 187.7, 0
SET, 187.8, 0
SET, 187.9, 0
SET, 188.0, 0
SET, 188.1, 0
SET, 188.2, 0
SET, 188.3, 0
SET, 188.4, 0
SET, 188.5, 0
SET, 188.6, 0
SET, 188.7, 0
SET, 188.8, 0
SET, 188.9, 0
SET, 189.0, 0
SET, 189.1, 0
SET, 189.2, 0
SET, 189.3, 0
SET, 189.4, 0
SET, 189.5, 0
SET, 189.6, 0
SET, 189.7, 0
SET, 189.8, 0
SET, 189.9, 0
SET, 190.0, 0
SET, 190.1, 0
SET, 190.2, 0
SET, 190.3, 0
SET, 190.4, 0
SET, 190.5, 0
SET, 190.6, 0
SET, 190.7, 0
SET, 190.8, 0
SET, 190.9, 0
SET, 191.0, 0
SET, 191.1, 1
SET, 191.2, 0
SET, 191.3, 0
SET, 191.4, 0
SET, 191.5, 0
SET, 191.6, 0
SET, 191.7, 0
SET, 191.8, 0
SET, 191.9, 0
SET, 192.0, 0
SET, 192.1, 0
SET, 192.2, 0
SET, 192.3, 0
SET, 192.4, 0
SET, 192.5, 0
SET, 192.6, 0
SET, 192.7, 0
SET, 192.8, 0
SET, 192.9, 0
SET, 193.0, 0
SET, 193.1, 1
