Elapsed Time, AVG Throughput, AVG Queue Size, AVG Waiting Time, AVG Service Time, AVG Response Time, AVG SET Response Time, AVG GET Response Time, AVG MULTI-GET Response Time, #SETS, #GETS, #MULTIGETS, GET MissRatio, MULTI-GET MissRatio, AVG MULTI-GET Size
 5.00, 1523, 0, 0.240411, 1.021797, 1.386767, 1.386767, 0.000000, 0.000000, 7616, 0, 0, 0.00, 0.00, 0
10.00, 1797, 0, 0.155515, 0.931788, 1.175284, 1.175284, 0.000000, 0.000000, 8986, 0, 0, 0.00, 0.00, 0
15.00, 1825, 0, 0.167001, 0.917808, 1.174319, 1.174319, 0.000000, 0.000000, 9128, 0, 0, 0.00, 0.00, 0
20.00, 1954, 0, 0.155310, 0.907828, 1.157017, 1.157017, 0.000000, 0.000000, 9774, 0, 0, 0.00, 0.00, 0
25.00, 2001, 0, 0.180209, 0.884454, 1.145676, 1.145676, 0.000000, 0.000000, 10006, 0, 0, 0.00, 0.00, 0
30.00, 1963, 0, 0.187420, 0.932649, 1.215067, 1.215067, 0.000000, 0.000000, 9819, 0, 0, 0.00, 0.00, 0
35.00, 1920, 0, 0.177819, 0.908022, 1.181538, 1.181538, 0.000000, 0.000000, 9603, 0, 0, 0.00, 0.00, 0
40.00, 2015, 0, 0.157562, 0.928056, 1.189032, 1.189032, 0.000000, 0.000000, 10077, 0, 0, 0.00, 0.00, 0
45.00, 2001, 0, 0.173374, 0.910659, 1.167304, 1.167304, 0.000000, 0.000000, 10005, 0, 0, 0.00, 0.00, 0
50.00, 2026, 0, 0.163768, 0.915854, 1.165385, 1.165385, 0.000000, 0.000000, 10131, 0, 0, 0.00, 0.00, 0
55.00, 2000, 0, 0.165499, 0.964050, 1.223360, 1.223360, 0.000000, 0.000000, 10004, 0, 0, 0.00, 0.00, 0
60.00, 2032, 0, 0.166965, 0.881115, 1.132836, 1.132836, 0.000000, 0.000000, 10163, 0, 0, 0.00, 0.00, 0
65.00, 2102, 0, 0.142686, 0.851611, 1.082871, 1.082871, 0.000000, 0.000000, 10512, 0, 0, 0.00, 0.00, 0
70.00, 2085, 0, 0.159834, 0.882919, 1.141181, 1.141181, 0.000000, 0.000000, 10428, 0, 0, 0.00, 0.00, 0
71.00, 89, 0, 0.116767, 1.047544, 1.280856, 1.280856, 0.000000, 0.000000, 447, 0, 0, 0.00, 0.00, 0
Type, Interval, Responses
SET, 0.1, 0
SET, 0.2, 0
SET, 0.3, 0
SET, 0.4, 749
SET, 0.5, 10847
SET, 0.6, 23880
SET, 0.7, 24657
SET, 0.8, 19767
SET, 0.9, 13647
SET, 1.0, 9144
SET, 1.1, 6217
SET, 1.2, 4408
SET, 1.3, 3140
SET, 1.4, 2382
SET, 1.5, 1777
SET, 1.6, 1195
SET, 1.7, 939
SET, 1.8, 709
SET, 1.9, 607
SET, 2.0, 561
SET, 2.1, 473
SET, 2.2, 396
SET, 2.3, 357
SET, 2.4, 322
SET, 2.5, 303
SET, 2.6, 243
SET, 2.7, 230
SET, 2.8, 211
SET, 2.9, 181
SET, 3.0, 188
SET, 3.1, 164
SET, 3.2, 164
SET, 3.3, 135
SET, 3.4, 143
SET, 3.5, 168
SET, 3.6, 129
SET, 3.7, 137
SET, 3.8, 113
SET, 3.9, 123
SET, 4.0, 118
SET, 4.1, 91
SET, 4.2, 106
SET, 4.3, 87
SET, 4.4, 80
SET, 4.5, 75
SET, 4.6, 88
SET, 4.7, 95
SET, 4.8, 98
SET, 4.9, 77
SET, 5.0, 87
SET, 5.1, 103
SET, 5.2, 88
SET, 5.3, 97
SET, 5.4, 108
SET, 5.5, 119
SET, 5.6, 145
SET, 5.7, 184
SET, 5.8, 247
SET, 5.9, 328
SET, 6.0, 528
SET, 6.1, 580
SET, 6.2, 533
SET, 6.3, 530
SET, 6.4, 449
SET, 6.5, 395
SET, 6.6, 307
SET, 6.7, 232
SET, 6.8, 160
SET, 6.9, 133
SET, 7.0, 113
SET, 7.1, 88
SET, 7.2, 86
SET, 7.3, 65
SET, 7.4, 60
SET, 7.5, 43
SET, 7.6, 52
SET, 7.7, 44
SET, 7.8, 23
SET, 7.9, 33
SET, 8.0, 43
SET, 8.1, 26
SET, 8.2, 31
SET, 8.3, 27
SET, 8.4, 31
SET, 8.5, 22
SET, 8.6, 31
SET, 8.7, 35
SET, 8.8, 29
SET, 8.9, 22
SET, 9.0, 23
SET, 9.1, 22
SET, 9.2, 21
SET, 9.3, 28
SET, 9.4, 39
SET, 9.5, 31
SET, 9.6, 29
SET, 9.7, 23
SET, 9.8, 31
SET, 9.9, 37
SET, 10.0, 33
SET, 10.1, 26
SET, 10.2, 27
SET, 10.3, 17
SET, 10.4, 15
SET, 10.5, 12
SET, 10.6, 14
SET, 10.7, 13
SET, 10.8, 13
SET, 10.9, 16
SET, 11.0, 17
SET, 11.1, 4
SET, 11.2, 5
SET, 11.3, 15
SET, 11.4, 10
SET, 11.5, 7
SET, 11.6, 12
SET, 11.7, 7
SET, 11.8, 3
SET, 11.9, 4
SET, 12.0, 6
SET, 12.1, 2
SET, 12.2, 5
SET, 12.3, 1
SET, 12.4, 4
SET, 12.5, 1
SET, 12.6, 2
SET, 12.7, 2
SET, 12.8, 5
SET, 12.9, 3
SET, 13.0, 1
SET, 13.1, 0
SET, 13.2, 3
SET, 13.3, 5
SET, 13.4, 3
SET, 13.5, 2
SET, 13.6, 2
SET, 13.7, 3
SET, 13.8, 3
SET, 13.9, 1
SET, 14.0, 6
SET, 14.1, 2
SET, 14.2, 3
SET, 14.3, 3
SET, 14.4, 3
SET, 14.5, 1
SET, 14.6, 2
SET, 14.7, 3
SET, 14.8, 1
SET, 14.9, 4
SET, 15.0, 4
SET, 15.1, 2
SET, 15.2, 1
SET, 15.3, 0
SET, 15.4, 3
SET, 15.5, 3
SET, 15.6, 0
SET, 15.7, 0
SET, 15.8, 1
SET, 15.9, 2
SET, 16.0, 4
SET, 16.1, 1
SET, 16.2, 1
SET, 16.3, 1
SET, 16.4, 0
SET, 16.5, 1
SET, 16.6, 3
SET, 16.7, 2
SET, 16.8, 3
SET, 16.9, 2
SET, 17.0, 1
SET, 17.1, 0
SET, 17.2, 1
SET, 17.3, 2
SET, 17.4, 2
SET, 17.5, 0
SET, 17.6, 2
SET, 17.7, 1
SET, 17.8, 3
SET, 17.9, 1
SET, 18.0, 0
SET, 18.1, 0
SET, 18.2, 2
SET, 18.3, 0
SET, 18.4, 0
SET, 18.5, 0
SET, 18.6, 0
SET, 18.7, 2
SET, 18.8, 1
SET, 18.9, 0
SET, 19.0, 1
SET, 19.1, 1
SET, 19.2, 0
SET, 19.3, 2
SET, 19.4, 0
SET, 19.5, 0
SET, 19.6, 2
SET, 19.7, 2
SET, 19.8, 0
SET, 19.9, 0
SET, 20.0, 1
SET, 20.1, 0
SET, 20.2, 0
SET, 20.3, 0
SET, 20.4, 0
SET, 20.5, 0
SET, 20.6, 0
SET, 20.7, 0
SET, 20.8, 0
SET, 20.9, 1
SET, 21.0, 0
SET, 21.1, 2
SET, 21.2, 0
SET, 21.3, 0
SET, 21.4, 0
SET, 21.5, 2
SET, 21.6, 1
SET, 21.7, 0
SET, 21.8, 0
SET, 21.9, 0
SET, 22.0, 0
SET, 22.1, 0
SET, 22.2, 0
SET, 22.3, 1
SET, 22.4, 0
SET, 22.5, 1
SET, 22.6, 1
SET, 22.7, 0
SET, 22.8, 0
SET, 22.9, 0
SET, 23.0, 1
SET, 23.1, 0
SET, 23.2, 0
SET, 23.3, 0
SET, 23.4, 0
SET, 23.5, 0
SET, 23.6, 0
SET, 23.7, 0
SET, 23.8, 1
SET, 23.9, 0
SET, 24.0, 0
SET, 24.1, 0
SET, 24.2, 0
SET, 24.3, 0
SET, 24.4, 0
SET, 24.5, 0
SET, 24.6, 0
SET, 24.7, 0
SET, 24.8, 1
SET, 24.9, 1
SET, 25.0, 0
SET, 25.1, 0
SET, 25.2, 0
SET, 25.3, 0
SET, 25.4, 0
SET, 25.5, 0
SET, 25.6, 0
SET, 25.7, 0
SET, 25.8, 0
SET, 25.9, 0
SET, 26.0, 0
SET, 26.1, 0
SET, 26.2, 0
SET, 26.3, 0
SET, 26.4, 0
SET, 26.5, 0
SET, 26.6, 0
SET, 26.7, 1
SET, 26.8, 0
SET, 26.9, 0
SET, 27.0, 0
SET, 27.1, 1
SET, 27.2, 0
SET, 27.3, 0
SET, 27.4, 0
SET, 27.5, 0
SET, 27.6, 0
SET, 27.7, 0
SET, 27.8, 0
SET, 27.9, 0
SET, 28.0, 0
SET, 28.1, 0
SET, 28.2, 0
SET, 28.3, 0
SET, 28.4, 0
SET, 28.5, 0
SET, 28.6, 0
SET, 28.7, 0
SET, 28.8, 0
SET, 28.9, 0
SET, 29.0, 0
SET, 29.1, 0
SET, 29.2, 0
SET, 29.3, 0
SET, 29.4, 0
SET, 29.5, 0
SET, 29.6, 0
SET, 29.7, 0
SET, 29.8, 0
SET, 29.9, 0
SET, 30.0, 0
SET, 30.1, 0
SET, 30.2, 0
SET, 30.3, 0
SET, 30.4, 0
SET, 30.5, 0
SET, 30.6, 0
SET, 30.7, 0
SET, 30.8, 0
SET, 30.9, 0
SET, 31.0, 0
SET, 31.1, 0
SET, 31.2, 0
SET, 31.3, 0
SET, 31.4, 0
SET, 31.5, 0
SET, 31.6, 0
SET, 31.7, 0
SET, 31.8, 0
SET, 31.9, 0
SET, 32.0, 0
SET, 32.1, 0
SET, 32.2, 0
SET, 32.3, 0
SET, 32.4, 0
SET, 32.5, 0
SET, 32.6, 0
SET, 32.7, 0
SET, 32.8, 0
SET, 32.9, 0
SET, 33.0, 0
SET, 33.1, 0
SET, 33.2, 0
SET, 33.3, 0
SET, 33.4, 0
SET, 33.5, 0
SET, 33.6, 0
SET, 33.7, 0
SET, 33.8, 0
SET, 33.9, 0
SET, 34.0, 0
SET, 34.1, 0
SET, 34.2, 0
SET, 34.3, 0
SET, 34.4, 0
SET, 34.5, 0
SET, 34.6, 0
SET, 34.7, 0
SET, 34.8, 0
SET, 34.9, 0
SET, 35.0, 0
SET, 35.1, 0
SET, 35.2, 1
SET, 35.3, 0
SET, 35.4, 1
SET, 35.5, 0
SET, 35.6, 0
SET, 35.7, 0
SET, 35.8, 0
SET, 35.9, 0
SET, 36.0, 0
SET, 36.1, 2
SET, 36.2, 1
SET, 36.3, 0
SET, 36.4, 0
SET, 36.5, 0
SET, 36.6, 0
SET, 36.7, 0
SET, 36.8, 0
SET, 36.9, 0
SET, 37.0, 0
SET, 37.1, 0
SET, 37.2, 0
SET, 37.3, 0
SET, 37.4, 0
SET, 37.5, 0
SET, 37.6, 0
SET, 37.7, 0
SET, 37.8, 0
SET, 37.9, 0
SET, 38.0, 0
SET, 38.1, 0
SET, 38.2, 0
SET, 38.3, 0
SET, 38.4, 0
SET, 38.5, 0
SET, 38.6, 0
SET, 38.7, 0
SET, 38.8, 0
SET, 38.9, 0
SET, 39.0, 0
SET, 39.1, 0
SET, 39.2, 0
SET, 39.3, 0
SET, 39.4, 0
SET, 39.5, 0
SET, 39.6, 0
SET, 39.7, 0
SET, 39.8, 0
SET, 39.9, 0
SET, 40.0, 0
SET, 40.1, 0
SET, 40.2, 0
SET, 40.3, 0
SET, 40.4, 0
SET, 40.5, 0
SET, 40.6, 0
SET, 40.7, 0
SET, 40.8, 0
SET, 40.9, 0
SET, 41.0, 0
SET, 41.1, 0
SET, 41.2, 0
SET, 41.3, 0
SET, 41.4, 0
SET, 41.5, 0
SET, 41.6, 0
SET, 41.7, 0
SET, 41.8, 0
SET, 41.9, 0
SET, 42.0, 0
SET, 42.1, 0
SET, 42.2, 0
SET, 42.3, 0
SET, 42.4, 0
SET, 42.5, 0
SET, 42.6, 0
SET, 42.7, 0
SET, 42.8, 0
SET, 42.9, 0
SET, 43.0, 0
SET, 43.1, 0
SET, 43.2, 0
SET, 43.3, 0
SET, 43.4, 0
SET, 43.5, 0
SET, 43.6, 0
SET, 43.7, 0
SET, 43.8, 0
SET, 43.9, 0
SET, 44.0, 0
SET, 44.1, 0
SET, 44.2, 0
SET, 44.3, 0
SET, 44.4, 0
SET, 44.5, 0
SET, 44.6, 0
SET, 44.7, 0
SET, 44.8, 0
SET, 44.9, 0
SET, 45.0, 0
SET, 45.1, 0
SET, 45.2, 0
SET, 45.3, 0
SET, 45.4, 0
SET, 45.5, 0
SET, 45.6, 0
SET, 45.7, 0
SET, 45.8, 0
SET, 45.9, 0
SET, 46.0, 0
SET, 46.1, 0
SET, 46.2, 0
SET, 46.3, 0
SET, 46.4, 0
SET, 46.5, 0
SET, 46.6, 0
SET, 46.7, 0
SET, 46.8, 0
SET, 46.9, 0
SET, 47.0, 0
SET, 47.1, 0
SET, 47.2, 0
SET, 47.3, 0
SET, 47.4, 0
SET, 47.5, 0
SET, 47.6, 0
SET, 47.7, 0
SET, 47.8, 0
SET, 47.9, 0
SET, 48.0, 0
SET, 48.1, 0
SET, 48.2, 0
SET, 48.3, 0
SET, 48.4, 0
SET, 48.5, 0
SET, 48.6, 0
SET, 48.7, 0
SET, 48.8, 0
SET, 48.9, 0
SET, 49.0, 0
SET, 49.1, 0
SET, 49.2, 0
SET, 49.3, 0
SET, 49.4, 0
SET, 49.5, 0
SET, 49.6, 0
SET, 49.7, 0
SET, 49.8, 0
SET, 49.9, 0
SET, 50.0, 0
SET, 50.1, 0
SET, 50.2, 0
SET, 50.3, 0
SET, 50.4, 0
SET, 50.5, 0
SET, 50.6, 0
SET, 50.7, 0
SET, 50.8, 0
SET, 50.9, 0
SET, 51.0, 0
SET, 51.1, 0
SET, 51.2, 0
SET, 51.3, 0
SET, 51.4, 0
SET, 51.5, 0
SET, 51.6, 0
SET, 51.7, 0
SET, 51.8, 0
SET, 51.9, 0
SET, 52.0, 0
SET, 52.1, 0
SET, 52.2, 0
SET, 52.3, 0
SET, 52.4, 0
SET, 52.5, 0
SET, 52.6, 0
SET, 52.7, 0
SET, 52.8, 0
SET, 52.9, 0
SET, 53.0, 0
SET, 53.1, 0
SET, 53.2, 0
SET, 53.3, 0
SET, 53.4, 0
SET, 53.5, 0
SET, 53.6, 0
SET, 53.7, 0
SET, 53.8, 0
SET, 53.9, 0
SET, 54.0, 0
SET, 54.1, 0
SET, 54.2, 0
SET, 54.3, 0
SET, 54.4, 0
SET, 54.5, 0
SET, 54.6, 0
SET, 54.7, 0
SET, 54.8, 0
SET, 54.9, 0
SET, 55.0, 0
SET, 55.1, 0
SET, 55.2, 0
SET, 55.3, 0
SET, 55.4, 0
SET, 55.5, 0
SET, 55.6, 0
SET, 55.7, 0
SET, 55.8, 0
SET, 55.9, 0
SET, 56.0, 0
SET, 56.1, 0
SET, 56.2, 0
SET, 56.3, 0
SET, 56.4, 0
SET, 56.5, 0
SET, 56.6, 0
SET, 56.7, 0
SET, 56.8, 0
SET, 56.9, 0
SET, 57.0, 0
SET, 57.1, 0
SET, 57.2, 0
SET, 57.3, 0
SET, 57.4, 0
SET, 57.5, 0
SET, 57.6, 0
SET, 57.7, 0
SET, 57.8, 0
SET, 57.9, 0
SET, 58.0, 0
SET, 58.1, 0
SET, 58.2, 0
SET, 58.3, 0
SET, 58.4, 0
SET, 58.5, 0
SET, 58.6, 0
SET, 58.7, 0
SET, 58.8, 0
SET, 58.9, 0
SET, 59.0, 0
SET, 59.1, 0
SET, 59.2, 0
SET, 59.3, 0
SET, 59.4, 0
SET, 59.5, 0
SET, 59.6, 0
SET, 59.7, 0
SET, 59.8, 0
SET, 59.9, 0
SET, 60.0, 0
SET, 60.1, 0
SET, 60.2, 0
SET, 60.3, 0
SET, 60.4, 0
SET, 60.5, 0
SET, 60.6, 0
SET, 60.7, 0
SET, 60.8, 0
SET, 60.9, 0
SET, 61.0, 0
SET, 61.1, 0
SET, 61.2, 0
SET, 61.3, 0
SET, 61.4, 0
SET, 61.5, 0
SET, 61.6, 0
SET, 61.7, 0
SET, 61.8, 0
SET, 61.9, 0
SET, 62.0, 0
SET, 62.1, 0
SET, 62.2, 0
SET, 62.3, 0
SET, 62.4, 0
SET, 62.5, 0
SET, 62.6, 0
SET, 62.7, 0
SET, 62.8, 0
SET, 62.9, 0
SET, 63.0, 0
SET, 63.1, 0
SET, 63.2, 0
SET, 63.3, 0
SET, 63.4, 0
SET, 63.5, 0
SET, 63.6, 0
SET, 63.7, 0
SET, 63.8, 0
SET, 63.9, 0
SET, 64.0, 0
SET, 64.1, 0
SET, 64.2, 0
SET, 64.3, 0
SET, 64.4, 0
SET, 64.5, 0
SET, 64.6, 0
SET, 64.7, 0
SET, 64.8, 0
SET, 64.9, 0
SET, 65.0, 0
SET, 65.1, 0
SET, 65.2, 0
SET, 65.3, 0
SET, 65.4, 0
SET, 65.5, 1
SET, 65.6, 0
SET, 65.7, 0
SET, 65.8, 0
SET, 65.9, 0
SET, 66.0, 0
SET, 66.1, 0
SET, 66.2, 0
SET, 66.3, 0
SET, 66.4, 0
SET, 66.5, 1
SET, 66.6, 0
SET, 66.7, 0
SET, 66.8, 0
SET, 66.9, 0
SET, 67.0, 0
SET, 67.1, 0
SET, 67.2, 0
SET, 67.3, 0
SET, 67.4, 0
SET, 67.5, 0
SET, 67.6, 0
SET, 67.7, 0
SET, 67.8, 0
SET, 67.9, 0
SET, 68.0, 0
SET, 68.1, 0
SET, 68.2, 0
SET, 68.3, 0
SET, 68.4, 0
SET, 68.5, 0
SET, 68.6, 0
SET, 68.7, 0
SET, 68.8, 0
SET, 68.9, 0
SET, 69.0, 0
SET, 69.1, 0
SET, 69.2, 0
SET, 69.3, 0
SET, 69.4, 0
SET, 69.5, 0
SET, 69.6, 0
SET, 69.7, 0
SET, 69.8, 0
SET, 69.9, 0
SET, 70.0, 0
SET, 70.1, 0
SET, 70.2, 0
SET, 70.3, 0
SET, 70.4, 0
SET, 70.5, 0
SET, 70.6, 0
SET, 70.7, 0
SET, 70.8, 0
SET, 70.9, 0
SET, 71.0, 0
SET, 71.1, 0
SET, 71.2, 0
SET, 71.3, 0
SET, 71.4, 0
SET, 71.5, 0
SET, 71.6, 0
SET, 71.7, 0
SET, 71.8, 0
SET, 71.9, 0
SET, 72.0, 0
SET, 72.1, 0
SET, 72.2, 0
SET, 72.3, 0
SET, 72.4, 0
SET, 72.5, 0
SET, 72.6, 0
SET, 72.7, 0
SET, 72.8, 0
SET, 72.9, 0
SET, 73.0, 0
SET, 73.1, 0
SET, 73.2, 0
SET, 73.3, 0
SET, 73.4, 0
SET, 73.5, 0
SET, 73.6, 0
SET, 73.7, 0
SET, 73.8, 0
SET, 73.9, 0
SET, 74.0, 0
SET, 74.1, 0
SET, 74.2, 0
SET, 74.3, 0
SET, 74.4, 0
SET, 74.5, 0
SET, 74.6, 0
SET, 74.7, 0
SET, 74.8, 0
SET, 74.9, 0
SET, 75.0, 0
SET, 75.1, 0
SET, 75.2, 0
SET, 75.3, 0
SET, 75.4, 0
SET, 75.5, 0
SET, 75.6, 0
SET, 75.7, 0
SET, 75.8, 0
SET, 75.9, 0
SET, 76.0, 0
SET, 76.1, 0
SET, 76.2, 0
SET, 76.3, 0
SET, 76.4, 0
SET, 76.5, 0
SET, 76.6, 0
SET, 76.7, 0
SET, 76.8, 0
SET, 76.9, 0
SET, 77.0, 0
SET, 77.1, 0
SET, 77.2, 0
SET, 77.3, 0
SET, 77.4, 0
SET, 77.5, 0
SET, 77.6, 0
SET, 77.7, 0
SET, 77.8, 0
SET, 77.9, 0
SET, 78.0, 0
SET, 78.1, 0
SET, 78.2, 0
SET, 78.3, 0
SET, 78.4, 0
SET, 78.5, 0
SET, 78.6, 0
SET, 78.7, 0
SET, 78.8, 0
SET, 78.9, 0
SET, 79.0, 0
SET, 79.1, 0
SET, 79.2, 0
SET, 79.3, 0
SET, 79.4, 0
SET, 79.5, 0
SET, 79.6, 0
SET, 79.7, 0
SET, 79.8, 0
SET, 79.9, 0
SET, 80.0, 0
SET, 80.1, 0
SET, 80.2, 0
SET, 80.3, 0
SET, 80.4, 0
SET, 80.5, 0
SET, 80.6, 0
SET, 80.7, 0
SET, 80.8, 0
SET, 80.9, 0
SET, 81.0, 0
SET, 81.1, 0
SET, 81.2, 0
SET, 81.3, 0
SET, 81.4, 0
SET, 81.5, 0
SET, 81.6, 0
SET, 81.7, 0
SET, 81.8, 0
SET, 81.9, 0
SET, 82.0, 0
SET, 82.1, 0
SET, 82.2, 0
SET, 82.3, 0
SET, 82.4, 0
SET, 82.5, 0
SET, 82.6, 0
SET, 82.7, 0
SET, 82.8, 0
SET, 82.9, 0
SET, 83.0, 0
SET, 83.1, 0
SET, 83.2, 0
SET, 83.3, 0
SET, 83.4, 0
SET, 83.5, 0
SET, 83.6, 0
SET, 83.7, 0
SET, 83.8, 0
SET, 83.9, 0
SET, 84.0, 0
SET, 84.1, 0
SET, 84.2, 0
SET, 84.3, 0
SET, 84.4, 0
SET, 84.5, 0
SET, 84.6, 0
SET, 84.7, 0
SET, 84.8, 0
SET, 84.9, 0
SET, 85.0, 0
SET, 85.1, 0
SET, 85.2, 0
SET, 85.3, 0
SET, 85.4, 0
SET, 85.5, 0
SET, 85.6, 0
SET, 85.7, 0
SET, 85.8, 0
SET, 85.9, 0
SET, 86.0, 0
SET, 86.1, 0
SET, 86.2, 0
SET, 86.3, 0
SET, 86.4, 0
SET, 86.5, 0
SET, 86.6, 0
SET, 86.7, 0
SET, 86.8, 0
SET, 86.9, 0
SET, 87.0, 0
SET, 87.1, 0
SET, 87.2, 0
SET, 87.3, 0
SET, 87.4, 0
SET, 87.5, 0
SET, 87.6, 0
SET, 87.7, 0
SET, 87.8, 0
SET, 87.9, 0
SET, 88.0, 0
SET, 88.1, 0
SET, 88.2, 0
SET, 88.3, 0
SET, 88.4, 0
SET, 88.5, 0
SET, 88.6, 0
SET, 88.7, 0
SET, 88.8, 0
SET, 88.9, 0
SET, 89.0, 0
SET, 89.1, 0
SET, 89.2, 0
SET, 89.3, 0
SET, 89.4, 0
SET, 89.5, 0
SET, 89.6, 0
SET, 89.7, 0
SET, 89.8, 0
SET, 89.9, 0
SET, 90.0, 0
SET, 90.1, 0
SET, 90.2, 0
SET, 90.3, 0
SET, 90.4, 0
SET, 90.5, 0
SET, 90.6, 0
SET, 90.7, 0
SET, 90.8, 0
SET, 90.9, 0
SET, 91.0, 0
SET, 91.1, 0
SET, 91.2, 0
SET, 91.3, 0
SET, 91.4, 0
SET, 91.5, 0
SET, 91.6, 0
SET, 91.7, 0
SET, 91.8, 0
SET, 91.9, 0
SET, 92.0, 0
SET, 92.1, 0
SET, 92.2, 0
SET, 92.3, 0
SET, 92.4, 0
SET, 92.5, 0
SET, 92.6, 0
SET, 92.7, 0
SET, 92.8, 0
SET, 92.9, 0
SET, 93.0, 0
SET, 93.1, 0
SET, 93.2, 0
SET, 93.3, 0
SET, 93.4, 0
SET, 93.5, 0
SET, 93.6, 0
SET, 93.7, 0
SET, 93.8, 0
SET, 93.9, 0
SET, 94.0, 0
SET, 94.1, 0
SET, 94.2, 0
SET, 94.3, 0
SET, 94.4, 0
SET, 94.5, 0
SET, 94.6, 0
SET, 94.7, 0
SET, 94.8, 0
SET, 94.9, 0
SET, 95.0, 0
SET, 95.1, 0
SET, 95.2, 0
SET, 95.3, 0
SET, 95.4, 0
SET, 95.5, 0
SET, 95.6, 0
SET, 95.7, 0
SET, 95.8, 0
SET, 95.9, 0
SET, 96.0, 0
SET, 96.1, 0
SET, 96.2, 0
SET, 96.3, 0
SET, 96.4, 0
SET, 96.5, 0
SET, 96.6, 0
SET, 96.7, 0
SET, 96.8, 0
SET, 96.9, 0
SET, 97.0, 0
SET, 97.1, 0
SET, 97.2, 0
SET, 97.3, 0
SET, 97.4, 0
SET, 97.5, 0
SET, 97.6, 0
SET, 97.7, 0
SET, 97.8, 0
SET, 97.9, 0
SET, 98.0, 0
SET, 98.1, 0
SET, 98.2, 0
SET, 98.3, 0
SET, 98.4, 0
SET, 98.5, 0
SET, 98.6, 0
SET, 98.7, 0
SET, 98.8, 0
SET, 98.9, 0
SET, 99.0, 0
SET, 99.1, 0
SET, 99.2, 0
SET, 99.3, 0
SET, 99.4, 0
SET, 99.5, 0
SET, 99.6, 0
SET, 99.7, 0
SET, 99.8, 0
SET, 99.9, 0
SET, 100.0, 0
SET, 100.1, 0
SET, 100.2, 0
SET, 100.3, 0
SET, 100.4, 0
SET, 100.5, 0
SET, 100.6, 0
SET, 100.7, 0
SET, 100.8, 0
SET, 100.9, 0
SET, 101.0, 0
SET, 101.1, 0
SET, 101.2, 0
SET, 101.3, 0
SET, 101.4, 0
SET, 101.5, 0
SET, 101.6, 0
SET, 101.7, 0
SET, 101.8, 0
SET, 101.9, 0
SET, 102.0, 0
SET, 102.1, 0
SET, 102.2, 0
SET, 102.3, 0
SET, 102.4, 0
SET, 102.5, 0
SET, 102.6, 0
SET, 102.7, 0
SET, 102.8, 0
SET, 102.9, 0
SET, 103.0, 0
SET, 103.1, 0
SET, 103.2, 0
SET, 103.3, 0
SET, 103.4, 0
SET, 103.5, 0
SET, 103.6, 0
SET, 103.7, 0
SET, 103.8, 0
SET, 103.9, 0
SET, 104.0, 0
SET, 104.1, 0
SET, 104.2, 0
SET, 104.3, 0
SET, 104.4, 0
SET, 104.5, 0
SET, 104.6, 0
SET, 104.7, 0
SET, 104.8, 0
SET, 104.9, 0
SET, 105.0, 0
SET, 105.1, 0
SET, 105.2, 0
SET, 105.3, 0
SET, 105.4, 0
SET, 105.5, 0
SET, 105.6, 0
SET, 105.7, 0
SET, 105.8, 0
SET, 105.9, 0
SET, 106.0, 0
SET, 106.1, 0
SET, 106.2, 0
SET, 106.3, 0
SET, 106.4, 0
SET, 106.5, 0
SET, 106.6, 0
SET, 106.7, 0
SET, 106.8, 0
SET, 106.9, 0
SET, 107.0, 0
SET, 107.1, 0
SET, 107.2, 0
SET, 107.3, 0
SET, 107.4, 0
SET, 107.5, 0
SET, 107.6, 0
SET, 107.7, 0
SET, 107.8, 0
SET, 107.9, 0
SET, 108.0, 0
SET, 108.1, 0
SET, 108.2, 0
SET, 108.3, 0
SET, 108.4, 0
SET, 108.5, 0
SET, 108.6, 0
SET, 108.7, 0
SET, 108.8, 0
SET, 108.9, 0
SET, 109.0, 0
SET, 109.1, 0
SET, 109.2, 0
SET, 109.3, 0
SET, 109.4, 0
SET, 109.5, 0
SET, 109.6, 0
SET, 109.7, 0
SET, 109.8, 0
SET, 109.9, 0
SET, 110.0, 0
SET, 110.1, 0
SET, 110.2, 0
SET, 110.3, 0
SET, 110.4, 0
SET, 110.5, 0
SET, 110.6, 0
SET, 110.7, 0
SET, 110.8, 0
SET, 110.9, 0
SET, 111.0, 0
SET, 111.1, 0
SET, 111.2, 0
SET, 111.3, 0
SET, 111.4, 0
SET, 111.5, 0
SET, 111.6, 0
SET, 111.7, 0
SET, 111.8, 0
SET, 111.9, 0
SET, 112.0, 0
SET, 112.1, 0
SET, 112.2, 0
SET, 112.3, 0
SET, 112.4, 0
SET, 112.5, 0
SET, 112.6, 0
SET, 112.7, 0
SET, 112.8, 0
SET, 112.9, 0
SET, 113.0, 0
SET, 113.1, 0
SET, 113.2, 0
SET, 113.3, 0
SET, 113.4, 0
SET, 113.5, 0
SET, 113.6, 0
SET, 113.7, 0
SET, 113.8, 0
SET, 113.9, 0
SET, 114.0, 0
SET, 114.1, 0
SET, 114.2, 0
SET, 114.3, 0
SET, 114.4, 0
SET, 114.5, 0
SET, 114.6, 0
SET, 114.7, 0
SET, 114.8, 0
SET, 114.9, 0
SET, 115.0, 0
SET, 115.1, 0
SET, 115.2, 0
SET, 115.3, 0
SET, 115.4, 0
SET, 115.5, 0
SET, 115.6, 0
SET, 115.7, 0
SET, 115.8, 0
SET, 115.9, 0
SET, 116.0, 0
SET, 116.1, 0
SET, 116.2, 0
SET, 116.3, 0
SET, 116.4, 0
SET, 116.5, 0
SET, 116.6, 0
SET, 116.7, 0
SET, 116.8, 0
SET, 116.9, 0
SET, 117.0, 0
SET, 117.1, 0
SET, 117.2, 0
SET, 117.3, 0
SET, 117.4, 0
SET, 117.5, 0
SET, 117.6, 0
SET, 117.7, 0
SET, 117.8, 0
SET, 117.9, 0
SET, 118.0, 0
SET, 118.1, 0
SET, 118.2, 0
SET, 118.3, 0
SET, 118.4, 0
SET, 118.5, 0
SET, 118.6, 0
SET, 118.7, 0
SET, 118.8, 0
SET, 118.9, 0
SET, 119.0, 0
SET, 119.1, 0
SET, 119.2, 0
SET, 119.3, 0
SET, 119.4, 0
SET, 119.5, 0
SET, 119.6, 0
SET, 119.7, 0
SET, 119.8, 0
SET, 119.9, 0
SET, 120.0, 0
SET, 120.1, 0
SET, 120.2, 0
SET, 120.3, 0
SET, 120.4, 0
SET, 120.5, 0
SET, 120.6, 0
SET, 120.7, 0
SET, 120.8, 0
SET, 120.9, 0
SET, 121.0, 0
SET, 121.1, 0
SET, 121.2, 0
SET, 121.3, 0
SET, 121.4, 0
SET, 121.5, 0
SET, 121.6, 0
SET, 121.7, 0
SET, 121.8, 0
SET, 121.9, 0
SET, 122.0, 0
SET, 122.1, 0
SET, 122.2, 0
SET, 122.3, 0
SET, 122.4, 0
SET, 122.5, 0
SET, 122.6, 0
SET, 122.7, 0
SET, 122.8, 0
SET, 122.9, 0
SET, 123.0, 0
SET, 123.1, 0
SET, 123.2, 0
SET, 123.3, 0
SET, 123.4, 0
SET, 123.5, 0
SET, 123.6, 0
SET, 123.7, 0
SET, 123.8, 0
SET, 123.9, 0
SET, 124.0, 0
SET, 124.1, 0
SET, 124.2, 0
SET, 124.3, 0
SET, 124.4, 0
SET, 124.5, 0
SET, 124.6, 0
SET, 124.7, 0
SET, 124.8, 0
SET, 124.9, 0
SET, 125.0, 0
SET, 125.1, 0
SET, 125.2, 0
SET, 125.3, 0
SET, 125.4, 0
SET, 125.5, 0
SET, 125.6, 0
SET, 125.7, 0
SET, 125.8, 0
SET, 125.9, 0
SET, 126.0, 0
SET, 126.1, 0
SET, 126.2, 0
SET, 126.3, 0
SET, 126.4, 0
SET, 126.5, 0
SET, 126.6, 0
SET, 126.7, 0
SET, 126.8, 0
SET, 126.9, 0
SET, 127.0, 0
SET, 127.1, 1
SET, 127.2, 0
SET, 127.3, 0
SET, 127.4, 0
SET, 127.5, 0
SET, 127.6, 0
SET, 127.7, 0
SET, 127.8, 0
SET, 127.9, 0
SET, 128.0, 0
SET, 128.1, 0
SET, 128.2, 0
SET, 128.3, 0
SET, 128.4, 0
SET, 128.5, 0
SET, 128.6, 0
SET, 128.7, 0
SET, 128.8, 1
