Elapsed Time, AVG Throughput, AVG Queue Size, AVG Waiting Time, AVG Service Time, AVG Response Time, AVG SET Response Time, AVG GET Response Time, AVG MULTI-GET Response Time, #SETS, #GETS, #MULTIGETS, GET MissRatio, MULTI-GET MissRatio, AVG MULTI-GET Size
 5.00, 2816, 18, 9.238216, 19.273989, 28.943916, 0.000000, 28.943916, 0.000000, 0, 14082, 0, 0.00, 0.00, 0
10.00, 2963, 10, 5.967652, 19.941743, 25.990472, 0.000000, 25.990472, 0.000000, 0, 14815, 0, 0.00, 0.00, 0
15.00, 2936, 15, 8.264959, 21.435302, 29.798929, 0.000000, 29.798929, 0.000000, 0, 14683, 0, 0.00, 0.00, 0
20.00, 2968, 11, 6.787085, 20.214457, 27.101369, 0.000000, 27.101369, 0.000000, 0, 14840, 0, 0.00, 0.00, 0
25.00, 2954, 15, 8.100990, 20.919770, 29.098239, 0.000000, 29.098239, 0.000000, 0, 14774, 0, 0.00, 0.00, 0
30.00, 2925, 11, 6.258378, 20.550881, 26.907798, 0.000000, 26.907798, 0.000000, 0, 14627, 0, 0.00, 0.00, 0
35.00, 2954, 13, 7.592366, 20.724961, 28.414083, 0.000000, 28.414083, 0.000000, 0, 14770, 0, 0.00, 0.00, 0
40.00, 2935, 15, 8.127229, 21.113558, 29.418238, 0.000000, 29.418238, 0.000000, 0, 14676, 0, 0.00, 0.00, 0
45.00, 2944, 15, 8.175857, 21.197005, 29.442976, 0.000000, 29.442976, 0.000000, 0, 14723, 0, 0.00, 0.00, 0
50.00, 2954, 15, 8.099570, 21.106544, 29.282897, 0.000000, 29.282897, 0.000000, 0, 14772, 0, 0.00, 0.00, 0
55.00, 2941, 16, 8.379677, 20.905224, 29.366746, 0.000000, 29.366746, 0.000000, 0, 14705, 0, 0.00, 0.00, 0
60.00, 2958, 15, 8.228530, 21.001475, 29.347154, 0.000000, 29.347154, 0.000000, 0, 14792, 0, 0.00, 0.00, 0
65.00, 2956, 15, 8.291657, 21.144360, 29.540101, 0.000000, 29.540101, 0.000000, 0, 14784, 0, 0.00, 0.00, 0
70.00, 2933, 15, 8.347413, 21.207885, 29.648566, 0.000000, 29.648566, 0.000000, 0, 14666, 0, 0.00, 0.00, 0
70.00, 57, 2, 3.501117, 20.241669, 23.812122, 0.000000, 23.812122, 0.000000, 0, 285, 0, 0.00, 0.00, 0
Type, Interval, Responses
GET, 0.1, 0
GET, 0.2, 0
GET, 0.3, 0
GET, 0.4, 0
GET, 0.5, 2
GET, 0.6, 14
GET, 0.7, 16
GET, 0.8, 22
GET, 0.9, 15
GET, 1.0, 25
GET, 1.1, 24
GET, 1.2, 16
GET, 1.3, 23
GET, 1.4, 26
GET, 1.5, 29
GET, 1.6, 23
GET, 1.7, 24
GET, 1.8, 26
GET, 1.9, 28
GET, 2.0, 26
GET, 2.1, 20
GET, 2.2, 27
GET, 2.3, 25
GET, 2.4, 13
GET, 2.5, 14
GET, 2.6, 18
GET, 2.7, 22
GET, 2.8, 27
GET, 2.9, 25
GET, 3.0, 27
GET, 3.1, 15
GET, 3.2, 19
GET, 3.3, 17
GET, 3.4, 17
GET, 3.5, 13
GET, 3.6, 19
GET, 3.7, 27
GET, 3.8, 16
GET, 3.9, 18
GET, 4.0, 16
GET, 4.1, 23
GET, 4.2, 33
GET, 4.3, 30
GET, 4.4, 26
GET, 4.5, 23
GET, 4.6, 22
GET, 4.7, 22
GET, 4.8, 27
GET, 4.9, 22
GET, 5.0, 32
GET, 5.1, 25
GET, 5.2, 33
GET, 5.3, 28
GET, 5.4, 26
GET, 5.5, 34
GET, 5.6, 34
GET, 5.7, 39
GET, 5.8, 52
GET, 5.9, 38
GET, 6.0, 51
GET, 6.1, 54
GET, 6.2, 41
GET, 6.3, 57
GET, 6.4, 47
GET, 6.5, 46
GET, 6.6, 45
GET, 6.7, 58
GET, 6.8, 65
GET, 6.9, 59
GET, 7.0, 67
GET, 7.1, 83
GET, 7.2, 67
GET, 7.3, 84
GET, 7.4, 71
GET, 7.5, 82
GET, 7.6, 72
GET, 7.7, 62
GET, 7.8, 66
GET, 7.9, 66
GET, 8.0, 70
GET, 8.1, 55
GET, 8.2, 81
GET, 8.3, 72
GET, 8.4, 80
GET, 8.5, 79
GET, 8.6, 86
GET, 8.7, 114
GET, 8.8, 150
GET, 8.9, 165
GET, 9.0, 191
GET, 9.1, 204
GET, 9.2, 254
GET, 9.3, 277
GET, 9.4, 289
GET, 9.5, 326
GET, 9.6, 360
GET, 9.7, 371
GET, 9.8, 450
GET, 9.9, 458
GET, 10.0, 513
GET, 10.1, 530
GET, 10.2, 506
GET, 10.3, 486
GET, 10.4, 448
GET, 10.5, 473
GET, 10.6, 449
GET, 10.7, 481
GET, 10.8, 476
GET, 10.9, 476
GET, 11.0, 436
GET, 11.1, 436
GET, 11.2, 449
GET, 11.3, 449
GET, 11.4, 417
GET, 11.5, 421
GET, 11.6, 409
GET, 11.7, 428
GET, 11.8, 417
GET, 11.9, 391
GET, 12.0, 393
GET, 12.1, 471
GET, 12.2, 446
GET, 12.3, 423
GET, 12.4, 413
GET, 12.5, 410
GET, 12.6, 437
GET, 12.7, 458
GET, 12.8, 454
GET, 12.9, 492
GET, 13.0, 426
GET, 13.1, 454
GET, 13.2, 420
GET, 13.3, 467
GET, 13.4, 504
GET, 13.5, 519
GET, 13.6, 501
GET, 13.7, 527
GET, 13.8, 529
GET, 13.9, 548
GET, 14.0, 574
GET, 14.1, 638
GET, 14.2, 647
GET, 14.3, 665
GET, 14.4, 725
GET, 14.5, 787
GET, 14.6, 872
GET, 14.7, 982
GET, 14.8, 1148
GET, 14.9, 1255
GET, 15.0, 1343
GET, 15.1, 1363
GET, 15.2, 1306
GET, 15.3, 1163
GET, 15.4, 1079
GET, 15.5, 903
GET, 15.6, 852
GET, 15.7, 728
GET, 15.8, 586
GET, 15.9, 544
GET, 16.0, 464
GET, 16.1, 386
GET, 16.2, 382
GET, 16.3, 308
GET, 16.4, 295
GET, 16.5, 288
GET, 16.6, 270
GET, 16.7, 252
GET, 16.8, 253
GET, 16.9, 255
GET, 17.0, 217
GET, 17.1, 206
GET, 17.2, 237
GET, 17.3, 190
GET, 17.4, 204
GET, 17.5, 219
GET, 17.6, 223
GET, 17.7, 226
GET, 17.8, 204
GET, 17.9, 242
GET, 18.0, 238
GET, 18.1, 204
GET, 18.2, 217
GET, 18.3, 227
GET, 18.4, 231
GET, 18.5, 189
GET, 18.6, 288
GET, 18.7, 254
GET, 18.8, 243
GET, 18.9, 246
GET, 19.0, 258
GET, 19.1, 286
GET, 19.2, 292
GET, 19.3, 309
GET, 19.4, 360
GET, 19.5, 349
GET, 19.6, 332
GET, 19.7, 349
GET, 19.8, 396
GET, 19.9, 368
GET, 20.0, 365
GET, 20.1, 332
GET, 20.2, 291
GET, 20.3, 305
GET, 20.4, 304
GET, 20.5, 300
GET, 20.6, 370
GET, 20.7, 290
GET, 20.8, 297
GET, 20.9, 293
GET, 21.0, 266
GET, 21.1, 288
GET, 21.2, 294
GET, 21.3, 275
GET, 21.4, 273
GET, 21.5, 254
GET, 21.6, 264
GET, 21.7, 282
GET, 21.8, 258
GET, 21.9, 273
GET, 22.0, 286
GET, 22.1, 261
GET, 22.2, 277
GET, 22.3, 313
GET, 22.4, 307
GET, 22.5, 355
GET, 22.6, 365
GET, 22.7, 367
GET, 22.8, 369
GET, 22.9, 352
GET, 23.0, 408
GET, 23.1, 371
GET, 23.2, 416
GET, 23.3, 402
GET, 23.4, 457
GET, 23.5, 462
GET, 23.6, 458
GET, 23.7, 440
GET, 23.8, 464
GET, 23.9, 503
GET, 24.0, 575
GET, 24.1, 580
GET, 24.2, 659
GET, 24.3, 744
GET, 24.4, 860
GET, 24.5, 888
GET, 24.6, 908
GET, 24.7, 970
GET, 24.8, 1023
GET, 24.9, 1042
GET, 25.0, 1176
GET, 25.1, 1164
GET, 25.2, 1191
GET, 25.3, 1242
GET, 25.4, 1250
GET, 25.5, 1283
GET, 25.6, 1180
GET, 25.7, 1154
GET, 25.8, 1078
GET, 25.9, 1046
GET, 26.0, 1115
GET, 26.1, 990
GET, 26.2, 1029
GET, 26.3, 1027
GET, 26.4, 1013
GET, 26.5, 1056
GET, 26.6, 995
GET, 26.7, 964
GET, 26.8, 962
GET, 26.9, 964
GET, 27.0, 960
GET, 27.1, 942
GET, 27.2, 896
GET, 27.3, 888
GET, 27.4, 889
GET, 27.5, 874
GET, 27.6, 888
GET, 27.7, 850
GET, 27.8, 851
GET, 27.9, 880
GET, 28.0, 1003
GET, 28.1, 1018
GET, 28.2, 993
GET, 28.3, 958
GET, 28.4, 966
GET, 28.5, 1072
GET, 28.6, 1061
GET, 28.7, 1017
GET, 28.8, 1103
GET, 28.9, 1176
GET, 29.0, 1141
GET, 29.1, 1161
GET, 29.2, 1268
GET, 29.3, 1280
GET, 29.4, 1359
GET, 29.5, 1472
GET, 29.6, 1609
GET, 29.7, 1647
GET, 29.8, 1815
GET, 29.9, 1886
GET, 30.0, 1935
GET, 30.1, 2237
GET, 30.2, 2343
GET, 30.3, 2357
GET, 30.4, 2298
GET, 30.5, 2184
GET, 30.6, 1829
GET, 30.7, 1575
GET, 30.8, 1364
GET, 30.9, 1159
GET, 31.0, 1036
GET, 31.1, 929
GET, 31.2, 820
GET, 31.3, 733
GET, 31.4, 599
GET, 31.5, 554
GET, 31.6, 455
GET, 31.7, 466
GET, 31.8, 360
GET, 31.9, 360
GET, 32.0, 329
GET, 32.1, 327
GET, 32.2, 295
GET, 32.3, 312
GET, 32.4, 295
GET, 32.5, 283
GET, 32.6, 242
GET, 32.7, 253
GET, 32.8, 267
GET, 32.9, 245
GET, 33.0, 233
GET, 33.1, 232
GET, 33.2, 217
GET, 33.3, 204
GET, 33.4, 188
GET, 33.5, 202
GET, 33.6, 203
GET, 33.7, 197
GET, 33.8, 245
GET, 33.9, 210
GET, 34.0, 222
GET, 34.1, 209
GET, 34.2, 239
GET, 34.3, 204
GET, 34.4, 207
GET, 34.5, 206
GET, 34.6, 214
GET, 34.7, 225
GET, 34.8, 197
GET, 34.9, 190
GET, 35.0, 184
GET, 35.1, 211
GET, 35.2, 219
GET, 35.3, 221
GET, 35.4, 227
GET, 35.5, 196
GET, 35.6, 220
GET, 35.7, 209
GET, 35.8, 191
GET, 35.9, 211
GET, 36.0, 210
GET, 36.1, 210
GET, 36.2, 185
GET, 36.3, 165
GET, 36.4, 155
GET, 36.5, 170
GET, 36.6, 168
GET, 36.7, 169
GET, 36.8, 155
GET, 36.9, 144
GET, 37.0, 131
GET, 37.1, 139
GET, 37.2, 119
GET, 37.3, 136
GET, 37.4, 146
GET, 37.5, 152
GET, 37.6, 130
GET, 37.7, 110
GET, 37.8, 134
GET, 37.9, 125
GET, 38.0, 119
GET, 38.1, 134
GET, 38.2, 142
GET, 38.3, 133
GET, 38.4, 144
GET, 38.5, 153
GET, 38.6, 138
GET, 38.7, 135
GET, 38.8, 148
GET, 38.9, 142
GET, 39.0, 152
GET, 39.1, 162
GET, 39.2, 134
GET, 39.3, 148
GET, 39.4, 137
GET, 39.5, 141
GET, 39.6, 183
GET, 39.7, 166
GET, 39.8, 179
GET, 39.9, 204
GET, 40.0, 210
GET, 40.1, 239
GET, 40.2, 200
GET, 40.3, 227
GET, 40.4, 236
GET, 40.5, 250
GET, 40.6, 254
GET, 40.7, 280
GET, 40.8, 289
GET, 40.9, 275
GET, 41.0, 285
GET, 41.1, 262
GET, 41.2, 265
GET, 41.3, 241
GET, 41.4, 264
GET, 41.5, 250
GET, 41.6, 234
GET, 41.7, 239
GET, 41.8, 256
GET, 41.9, 248
GET, 42.0, 214
GET, 42.1, 248
GET, 42.2, 221
GET, 42.3, 198
GET, 42.4, 191
GET, 42.5, 223
GET, 42.6, 223
GET, 42.7, 200
GET, 42.8, 235
GET, 42.9, 232
GET, 43.0, 197
GET, 43.1, 196
GET, 43.2, 203
GET, 43.3, 206
GET, 43.4, 224
GET, 43.5, 227
GET, 43.6, 229
GET, 43.7, 220
GET, 43.8, 202
GET, 43.9, 193
GET, 44.0, 195
GET, 44.1, 214
GET, 44.2, 184
GET, 44.3, 200
GET, 44.4, 203
GET, 44.5, 227
GET, 44.6, 223
GET, 44.7, 252
GET, 44.8, 249
GET, 44.9, 243
GET, 45.0, 230
GET, 45.1, 246
GET, 45.2, 257
GET, 45.3, 297
GET, 45.4, 322
GET, 45.5, 343
GET, 45.6, 414
GET, 45.7, 367
GET, 45.8, 393
GET, 45.9, 423
GET, 46.0, 383
GET, 46.1, 368
GET, 46.2, 318
GET, 46.3, 310
GET, 46.4, 278
GET, 46.5, 252
GET, 46.6, 237
GET, 46.7, 167
GET, 46.8, 165
GET, 46.9, 147
GET, 47.0, 113
GET, 47.1, 124
GET, 47.2, 98
GET, 47.3, 83
GET, 47.4, 104
GET, 47.5, 105
GET, 47.6, 92
GET, 47.7, 79
GET, 47.8, 81
GET, 47.9, 69
GET, 48.0, 65
GET, 48.1, 69
GET, 48.2, 82
GET, 48.3, 83
GET, 48.4, 72
GET, 48.5, 78
GET, 48.6, 72
GET, 48.7, 64
GET, 48.8, 65
GET, 48.9, 74
GET, 49.0, 61
GET, 49.1, 52
GET, 49.2, 65
GET, 49.3, 78
GET, 49.4, 70
GET, 49.5, 57
GET, 49.6, 69
GET, 49.7, 64
GET, 49.8, 67
GET, 49.9, 63
GET, 50.0, 58
GET, 50.1, 75
GET, 50.2, 61
GET, 50.3, 63
GET, 50.4, 46
GET, 50.5, 43
GET, 50.6, 54
GET, 50.7, 53
GET, 50.8, 49
GET, 50.9, 51
GET, 51.0, 42
GET, 51.1, 46
GET, 51.2, 49
GET, 51.3, 44
GET, 51.4, 49
GET, 51.5, 52
GET, 51.6, 46
GET, 51.7, 43
GET, 51.8, 37
GET, 51.9, 43
GET, 52.0, 45
GET, 52.1, 29
GET, 52.2, 31
GET, 52.3, 37
GET, 52.4, 30
GET, 52.5, 36
GET, 52.6, 29
GET, 52.7, 33
GET, 52.8, 40
GET, 52.9, 38
GET, 53.0, 26
GET, 53.1, 33
GET, 53.2, 35
GET, 53.3, 51
GET, 53.4, 43
GET, 53.5, 43
GET, 53.6, 47
GET, 53.7, 39
GET, 53.8, 36
GET, 53.9, 24
GET, 54.0, 40
GET, 54.1, 40
GET, 54.2, 47
GET, 54.3, 40
GET, 54.4, 52
GET, 54.5, 42
GET, 54.6, 51
GET, 54.7, 48
GET, 54.8, 38
GET, 54.9, 47
GET, 55.0, 43
GET, 55.1, 51
GET, 55.2, 40
GET, 55.3, 48
GET, 55.4, 46
GET, 55.5, 58
GET, 55.6, 62
GET, 55.7, 41
GET, 55.8, 62
GET, 55.9, 67
GET, 56.0, 59
GET, 56.1, 70
GET, 56.2, 69
GET, 56.3, 75
GET, 56.4, 80
GET, 56.5, 78
GET, 56.6, 76
GET, 56.7, 86
GET, 56.8, 78
GET, 56.9, 73
GET, 57.0, 64
GET, 57.1, 68
GET, 57.2, 73
GET, 57.3, 81
GET, 57.4, 58
GET, 57.5, 59
GET, 57.6, 56
GET, 57.7, 50
GET, 57.8, 67
GET, 57.9, 57
GET, 58.0, 63
GET, 58.1, 68
GET, 58.2, 69
GET, 58.3, 66
GET, 58.4, 40
GET, 58.5, 51
GET, 58.6, 48
GET, 58.7, 69
GET, 58.8, 53
GET, 58.9, 45
GET, 59.0, 59
GET, 59.1, 43
GET, 59.2, 57
GET, 59.3, 65
GET, 59.4, 63
GET, 59.5, 62
GET, 59.6, 66
GET, 59.7, 62
GET, 59.8, 69
GET, 59.9, 76
GET, 60.0, 67
GET, 60.1, 61
GET, 60.2, 59
GET, 60.3, 76
GET, 60.4, 73
GET, 60.5, 79
GET, 60.6, 85
GET, 60.7, 80
GET, 60.8, 88
GET, 60.9, 114
GET, 61.0, 100
GET, 61.1, 135
GET, 61.2, 112
GET, 61.3, 108
GET, 61.4, 138
GET, 61.5, 142
GET, 61.6, 121
GET, 61.7, 115
GET, 61.8, 134
GET, 61.9, 100
GET, 62.0, 100
GET, 62.1, 68
GET, 62.2, 56
GET, 62.3, 62
GET, 62.4, 62
GET, 62.5, 51
GET, 62.6, 44
GET, 62.7, 48
GET, 62.8, 26
GET, 62.9, 33
GET, 63.0, 36
GET, 63.1, 23
GET, 63.2, 20
GET, 63.3, 28
GET, 63.4, 26
GET, 63.5, 17
GET, 63.6, 23
GET, 63.7, 23
GET, 63.8, 28
GET, 63.9, 20
GET, 64.0, 31
GET, 64.1, 17
GET, 64.2, 14
GET, 64.3, 14
GET, 64.4, 19
GET, 64.5, 22
GET, 64.6, 24
GET, 64.7, 28
GET, 64.8, 18
GET, 64.9, 17
GET, 65.0, 27
GET, 65.1, 28
GET, 65.2, 25
GET, 65.3, 23
GET, 65.4, 20
GET, 65.5, 25
GET, 65.6, 19
GET, 65.7, 13
GET, 65.8, 12
GET, 65.9, 9
GET, 66.0, 18
GET, 66.1, 12
GET, 66.2, 17
GET, 66.3, 20
GET, 66.4, 15
GET, 66.5, 22
GET, 66.6, 20
GET, 66.7, 21
GET, 66.8, 15
GET, 66.9, 17
GET, 67.0, 12
GET, 67.1, 23
GET, 67.2, 23
GET, 67.3, 20
GET, 67.4, 19
GET, 67.5, 20
GET, 67.6, 24
GET, 67.7, 16
GET, 67.8, 18
GET, 67.9, 19
GET, 68.0, 15
GET, 68.1, 4
GET, 68.2, 19
GET, 68.3, 10
GET, 68.4, 16
GET, 68.5, 16
GET, 68.6, 13
GET, 68.7, 15
GET, 68.8, 17
GET, 68.9, 11
GET, 69.0, 14
GET, 69.1, 25
GET, 69.2, 14
GET, 69.3, 12
GET, 69.4, 12
GET, 69.5, 13
GET, 69.6, 16
GET, 69.7, 16
GET, 69.8, 10
GET, 69.9, 18
GET, 70.0, 13
GET, 70.1, 10
GET, 70.2, 8
GET, 70.3, 16
GET, 70.4, 21
GET, 70.5, 12
GET, 70.6, 16
GET, 70.7, 15
GET, 70.8, 17
GET, 70.9, 23
GET, 71.0, 15
GET, 71.1, 17
GET, 71.2, 21
GET, 71.3, 26
GET, 71.4, 31
GET, 71.5, 15
GET, 71.6, 28
GET, 71.7, 31
GET, 71.8, 29
GET, 71.9, 27
GET, 72.0, 28
GET, 72.1, 31
GET, 72.2, 35
GET, 72.3, 31
GET, 72.4, 33
GET, 72.5, 20
GET, 72.6, 28
GET, 72.7, 44
GET, 72.8, 23
GET, 72.9, 35
GET, 73.0, 19
GET, 73.1, 29
GET, 73.2, 28
GET, 73.3, 34
GET, 73.4, 25
GET, 73.5, 23
GET, 73.6, 18
GET, 73.7, 20
GET, 73.8, 20
GET, 73.9, 16
GET, 74.0, 18
GET, 74.1, 27
GET, 74.2, 31
GET, 74.3, 34
GET, 74.4, 34
GET, 74.5, 30
GET, 74.6, 31
GET, 74.7, 19
GET, 74.8, 12
GET, 74.9, 18
GET, 75.0, 20
GET, 75.1, 21
GET, 75.2, 14
GET, 75.3, 14
GET, 75.4, 13
GET, 75.5, 26
GET, 75.6, 24
GET, 75.7, 28
GET, 75.8, 23
GET, 75.9, 32
GET, 76.0, 22
GET, 76.1, 27
GET, 76.2, 27
GET, 76.3, 30
GET, 76.4, 25
GET, 76.5, 32
GET, 76.6, 29
GET, 76.7, 35
GET, 76.8, 43
GET, 76.9, 37
GET, 77.0, 39
GET, 77.1, 35
GET, 77.2, 42
GET, 77.3, 50
GET, 77.4, 38
GET, 77.5, 41
GET, 77.6, 37
GET, 77.7, 32
GET, 77.8, 27
GET, 77.9, 20
GET, 78.0, 19
GET, 78.1, 23
GET, 78.2, 19
GET, 78.3, 22
GET, 78.4, 12
GET, 78.5, 12
GET, 78.6, 12
GET, 78.7, 15
GET, 78.8, 7
GET, 78.9, 11
GET, 79.0, 6
GET, 79.1, 5
GET, 79.2, 12
GET, 79.3, 6
GET, 79.4, 8
GET, 79.5, 7
GET, 79.6, 15
GET, 79.7, 10
GET, 79.8, 9
GET, 79.9, 7
GET, 80.0, 4
GET, 80.1, 10
GET, 80.2, 14
GET, 80.3, 6
GET, 80.4, 7
GET, 80.5, 9
GET, 80.6, 5
GET, 80.7, 9
GET, 80.8, 7
GET, 80.9, 5
GET, 81.0, 3
GET, 81.1, 8
GET, 81.2, 7
GET, 81.3, 5
GET, 81.4, 6
GET, 81.5, 5
GET, 81.6, 9
GET, 81.7, 6
GET, 81.8, 5
GET, 81.9, 8
GET, 82.0, 4
GET, 82.1, 7
GET, 82.2, 6
GET, 82.3, 7
GET, 82.4, 6
GET, 82.5, 8
GET, 82.6, 3
GET, 82.7, 9
GET, 82.8, 4
GET, 82.9, 5
GET, 83.0, 8
GET, 83.1, 10
GET, 83.2, 15
GET, 83.3, 12
GET, 83.4, 10
GET, 83.5, 8
GET, 83.6, 7
GET, 83.7, 8
GET, 83.8, 3
GET, 83.9, 4
GET, 84.0, 12
GET, 84.1, 5
GET, 84.2, 4
GET, 84.3, 2
GET, 84.4, 2
GET, 84.5, 6
GET, 84.6, 2
GET, 84.7, 5
GET, 84.8, 7
GET, 84.9, 5
GET, 85.0, 3
GET, 85.1, 6
GET, 85.2, 2
GET, 85.3, 2
GET, 85.4, 6
GET, 85.5, 6
GET, 85.6, 7
GET, 85.7, 6
GET, 85.8, 6
GET, 85.9, 7
GET, 86.0, 6
GET, 86.1, 6
GET, 86.2, 5
GET, 86.3, 7
GET, 86.4, 1
GET, 86.5, 7
GET, 86.6, 4
GET, 86.7, 4
GET, 86.8, 11
GET, 86.9, 9
GET, 87.0, 6
GET, 87.1, 13
GET, 87.2, 7
GET, 87.3, 8
GET, 87.4, 11
GET, 87.5, 9
GET, 87.6, 8
GET, 87.7, 8
GET, 87.8, 7
GET, 87.9, 8
GET, 88.0, 6
GET, 88.1, 7
GET, 88.2, 12
GET, 88.3, 9
GET, 88.4, 15
GET, 88.5, 19
GET, 88.6, 11
GET, 88.7, 12
GET, 88.8, 11
GET, 88.9, 8
GET, 89.0, 10
GET, 89.1, 8
GET, 89.2, 12
GET, 89.3, 12
GET, 89.4, 12
GET, 89.5, 14
GET, 89.6, 10
GET, 89.7, 12
GET, 89.8, 13
GET, 89.9, 10
GET, 90.0, 6
GET, 90.1, 8
GET, 90.2, 13
GET, 90.3, 7
GET, 90.4, 15
GET, 90.5, 7
GET, 90.6, 5
GET, 90.7, 3
GET, 90.8, 10
GET, 90.9, 8
GET, 91.0, 5
GET, 91.1, 4
GET, 91.2, 12
GET, 91.3, 6
GET, 91.4, 7
GET, 91.5, 16
GET, 91.6, 13
GET, 91.7, 13
GET, 91.8, 7
GET, 91.9, 7
GET, 92.0, 13
GET, 92.1, 7
GET, 92.2, 13
GET, 92.3, 10
GET, 92.4, 13
GET, 92.5, 23
GET, 92.6, 16
GET, 92.7, 17
GET, 92.8, 19
GET, 92.9, 19
GET, 93.0, 21
GET, 93.1, 13
GET, 93.2, 11
GET, 93.3, 16
GET, 93.4, 7
GET, 93.5, 13
GET, 93.6, 3
GET, 93.7, 9
GET, 93.8, 5
GET, 93.9, 3
GET, 94.0, 9
GET, 94.1, 9
GET, 94.2, 5
GET, 94.3, 7
GET, 94.4, 6
GET, 94.5, 3
GET, 94.6, 2
GET, 94.7, 3
GET, 94.8, 2
GET, 94.9, 1
GET, 95.0, 4
GET, 95.1, 2
GET, 95.2, 2
GET, 95.3, 1
GET, 95.4, 1
GET, 95.5, 3
GET, 95.6, 6
GET, 95.7, 1
GET, 95.8, 2
GET, 95.9, 3
GET, 96.0, 1
GET, 96.1, 4
GET, 96.2, 2
GET, 96.3, 3
GET, 96.4, 4
GET, 96.5, 5
GET, 96.6, 2
GET, 96.7, 1
GET, 96.8, 4
GET, 96.9, 4
GET, 97.0, 4
GET, 97.1, 3
GET, 97.2, 6
GET, 97.3, 3
GET, 97.4, 3
GET, 97.5, 1
GET, 97.6, 6
GET, 97.7, 4
GET, 97.8, 4
GET, 97.9, 2
GET, 98.0, 2
GET, 98.1, 2
GET, 98.2, 1
GET, 98.3, 2
GET, 98.4, 2
GET, 98.5, 1
GET, 98.6, 1
GET, 98.7, 1
GET, 98.8, 3
GET, 98.9, 0
GET, 99.0, 2
GET, 99.1, 3
GET, 99.2, 1
GET, 99.3, 1
GET, 99.4, 1
GET, 99.5, 3
GET, 99.6, 3
GET, 99.7, 3
GET, 99.8, 2
GET, 99.9, 0
GET, 100.0, 2
GET, 100.1, 0
GET, 100.2, 2
GET, 100.3, 2
GET, 100.4, 1
GET, 100.5, 2
GET, 100.6, 0
GET, 100.7, 1
GET, 100.8, 2
GET, 100.9, 0
GET, 101.0, 1
GET, 101.1, 3
GET, 101.2, 1
GET, 101.3, 1
GET, 101.4, 1
GET, 101.5, 0
GET, 101.6, 1
GET, 101.7, 0
GET, 101.8, 1
GET, 101.9, 2
GET, 102.0, 5
GET, 102.1, 2
GET, 102.2, 2
GET, 102.3, 6
GET, 102.4, 5
GET, 102.5, 2
GET, 102.6, 2
GET, 102.7, 3
GET, 102.8, 3
GET, 102.9, 3
GET, 103.0, 4
GET, 103.1, 0
GET, 103.2, 4
GET, 103.3, 1
GET, 103.4, 3
GET, 103.5, 3
GET, 103.6, 5
GET, 103.7, 3
GET, 103.8, 2
GET, 103.9, 3
GET, 104.0, 5
GET, 104.1, 3
GET, 104.2, 0
GET, 104.3, 5
GET, 104.4, 5
GET, 104.5, 6
GET, 104.6, 4
GET, 104.7, 2
GET, 104.8, 4
GET, 104.9, 5
GET, 105.0, 1
GET, 105.1, 5
GET, 105.2, 3
GET, 105.3, 5
GET, 105.4, 3
GET, 105.5, 1
GET, 105.6, 4
GET, 105.7, 1
GET, 105.8, 7
GET, 105.9, 2
GET, 106.0, 4
GET, 106.1, 3
GET, 106.2, 8
GET, 106.3, 3
GET, 106.4, 3
GET, 106.5, 1
GET, 106.6, 4
GET, 106.7, 3
GET, 106.8, 7
GET, 106.9, 5
GET, 107.0, 5
GET, 107.1, 6
GET, 107.2, 2
GET, 107.3, 4
GET, 107.4, 8
GET, 107.5, 1
GET, 107.6, 4
GET, 107.7, 4
GET, 107.8, 7
GET, 107.9, 8
GET, 108.0, 5
GET, 108.1, 9
GET, 108.2, 6
GET, 108.3, 11
GET, 108.4, 5
GET, 108.5, 8
GET, 108.6, 4
GET, 108.7, 8
GET, 108.8, 3
GET, 108.9, 4
GET, 109.0, 5
GET, 109.1, 4
GET, 109.2, 3
GET, 109.3, 2
GET, 109.4, 3
GET, 109.5, 3
GET, 109.6, 0
GET, 109.7, 3
GET, 109.8, 2
GET, 109.9, 4
GET, 110.0, 6
GET, 110.1, 4
GET, 110.2, 1
GET, 110.3, 1
GET, 110.4, 5
GET, 110.5, 1
GET, 110.6, 1
GET, 110.7, 1
GET, 110.8, 4
GET, 110.9, 3
GET, 111.0, 1
GET, 111.1, 5
GET, 111.2, 4
GET, 111.3, 6
GET, 111.4, 1
GET, 111.5, 1
GET, 111.6, 2
GET, 111.7, 3
GET, 111.8, 1
GET, 111.9, 2
GET, 112.0, 0
GET, 112.1, 0
GET, 112.2, 1
GET, 112.3, 2
GET, 112.4, 2
GET, 112.5, 1
GET, 112.6, 0
GET, 112.7, 0
GET, 112.8, 2
GET, 112.9, 0
GET, 113.0, 2
GET, 113.1, 0
GET, 113.2, 0
GET, 113.3, 0
GET, 113.4, 0
GET, 113.5, 3
GET, 113.6, 1
GET, 113.7, 1
GET, 113.8, 1
GET, 113.9, 0
GET, 114.0, 0
GET, 114.1, 1
GET, 114.2, 0
GET, 114.3, 0
GET, 114.4, 0
GET, 114.5, 0
GET, 114.6, 0
GET, 114.7, 0
GET, 114.8, 0
GET, 114.9, 1
GET, 115.0, 0
GET, 115.1, 0
GET, 115.2, 2
GET, 115.3, 0
GET, 115.4, 0
GET, 115.5, 0
GET, 115.6, 0
GET, 115.7, 1
GET, 115.8, 0
GET, 115.9, 3
GET, 116.0, 0
GET, 116.1, 0
GET, 116.2, 0
GET, 116.3, 0
GET, 116.4, 0
GET, 116.5, 0
GET, 116.6, 0
GET, 116.7, 0
GET, 116.8, 0
GET, 116.9, 0
GET, 117.0, 0
GET, 117.1, 0
GET, 117.2, 1
GET, 117.3, 1
GET, 117.4, 0
GET, 117.5, 0
GET, 117.6, 0
GET, 117.7, 1
GET, 117.8, 0
GET, 117.9, 0
GET, 118.0, 1
GET, 118.1, 4
GET, 118.2, 3
GET, 118.3, 2
GET, 118.4, 1
GET, 118.5, 0
GET, 118.6, 2
GET, 118.7, 0
GET, 118.8, 0
GET, 118.9, 2
GET, 119.0, 1
GET, 119.1, 0
GET, 119.2, 0
GET, 119.3, 0
GET, 119.4, 0
GET, 119.5, 0
GET, 119.6, 0
GET, 119.7, 1
GET, 119.8, 1
GET, 119.9, 3
GET, 120.0, 4
GET, 120.1, 2
GET, 120.2, 1
GET, 120.3, 1
GET, 120.4, 1
GET, 120.5, 0
GET, 120.6, 0
GET, 120.7, 0
GET, 120.8, 0
GET, 120.9, 1
GET, 121.0, 2
GET, 121.1, 2
GET, 121.2, 4
GET, 121.3, 0
GET, 121.4, 2
GET, 121.5, 0
GET, 121.6, 0
GET, 121.7, 1
GET, 121.8, 6
GET, 121.9, 4
GET, 122.0, 3
GET, 122.1, 1
GET, 122.2, 4
GET, 122.3, 4
GET, 122.4, 0
GET, 122.5, 1
GET, 122.6, 2
GET, 122.7, 3
GET, 122.8, 3
GET, 122.9, 1
GET, 123.0, 3
GET, 123.1, 8
GET, 123.2, 1
GET, 123.3, 5
GET, 123.4, 5
GET, 123.5, 4
GET, 123.6, 3
GET, 123.7, 2
GET, 123.8, 4
GET, 123.9, 1
GET, 124.0, 1
GET, 124.1, 3
GET, 124.2, 4
GET, 124.3, 4
GET, 124.4, 4
GET, 124.5, 4
GET, 124.6, 3
GET, 124.7, 3
GET, 124.8, 2
GET, 124.9, 2
GET, 125.0, 1
GET, 125.1, 2
GET, 125.2, 0
GET, 125.3, 0
GET, 125.4, 0
GET, 125.5, 0
GET, 125.6, 0
GET, 125.7, 0
GET, 125.8, 2
GET, 125.9, 2
GET, 126.0, 0
GET, 126.1, 0
GET, 126.2, 0
GET, 126.3, 1
GET, 126.4, 0
GET, 126.5, 0
GET, 126.6, 0
GET, 126.7, 0
GET, 126.8, 2
GET, 126.9, 2
GET, 127.0, 0
GET, 127.1, 0
GET, 127.2, 0
GET, 127.3, 0
GET, 127.4, 0
GET, 127.5, 0
GET, 127.6, 0
GET, 127.7, 0
GET, 127.8, 0
GET, 127.9, 0
GET, 128.0, 1
GET, 128.1, 1
GET, 128.2, 0
GET, 128.3, 0
GET, 128.4, 0
GET, 128.5, 1
GET, 128.6, 0
GET, 128.7, 0
GET, 128.8, 0
GET, 128.9, 0
GET, 129.0, 0
GET, 129.1, 1
GET, 129.2, 0
GET, 129.3, 1
GET, 129.4, 2
GET, 129.5, 1
GET, 129.6, 0
GET, 129.7, 0
GET, 129.8, 0
GET, 129.9, 0
GET, 130.0, 1
GET, 130.1, 1
GET, 130.2, 0
GET, 130.3, 0
GET, 130.4, 1
GET, 130.5, 1
GET, 130.6, 0
GET, 130.7, 1
GET, 130.8, 1
GET, 130.9, 0
GET, 131.0, 0
GET, 131.1, 0
GET, 131.2, 0
GET, 131.3, 0
GET, 131.4, 0
GET, 131.5, 0
GET, 131.6, 2
GET, 131.7, 1
GET, 131.8, 0
GET, 131.9, 0
GET, 132.0, 0
GET, 132.1, 2
GET, 132.2, 0
GET, 132.3, 1
GET, 132.4, 3
GET, 132.5, 0
GET, 132.6, 1
GET, 132.7, 1
GET, 132.8, 0
GET, 132.9, 0
GET, 133.0, 1
GET, 133.1, 1
GET, 133.2, 0
GET, 133.3, 0
GET, 133.4, 0
GET, 133.5, 0
GET, 133.6, 0
GET, 133.7, 0
GET, 133.8, 0
GET, 133.9, 1
GET, 134.0, 0
GET, 134.1, 0
GET, 134.2, 1
GET, 134.3, 0
GET, 134.4, 0
GET, 134.5, 1
GET, 134.6, 0
GET, 134.7, 0
GET, 134.8, 0
GET, 134.9, 2
GET, 135.0, 0
GET, 135.1, 0
GET, 135.2, 0
GET, 135.3, 0
GET, 135.4, 0
GET, 135.5, 0
GET, 135.6, 1
GET, 135.7, 2
GET, 135.8, 0
GET, 135.9, 2
GET, 136.0, 1
GET, 136.1, 1
GET, 136.2, 1
GET, 136.3, 1
GET, 136.4, 0
GET, 136.5, 0
GET, 136.6, 0
GET, 136.7, 0
GET, 136.8, 3
GET, 136.9, 1
GET, 137.0, 4
GET, 137.1, 3
GET, 137.2, 1
GET, 137.3, 0
GET, 137.4, 1
GET, 137.5, 2
GET, 137.6, 3
GET, 137.7, 2
GET, 137.8, 0
GET, 137.9, 0
GET, 138.0, 1
GET, 138.1, 0
GET, 138.2, 3
GET, 138.3, 0
GET, 138.4, 1
GET, 138.5, 1
GET, 138.6, 0
GET, 138.7, 0
GET, 138.8, 2
GET, 138.9, 0
GET, 139.0, 0
GET, 139.1, 3
GET, 139.2, 3
GET, 139.3, 2
GET, 139.4, 2
GET, 139.5, 2
GET, 139.6, 2
GET, 139.7, 2
GET, 139.8, 7
GET, 139.9, 5
GET, 140.0, 2
GET, 140.1, 1
GET, 140.2, 4
GET, 140.3, 2
GET, 140.4, 0
GET, 140.5, 1
GET, 140.6, 1
GET, 140.7, 0
GET, 140.8, 0
GET, 140.9, 1
GET, 141.0, 0
GET, 141.1, 2
GET, 141.2, 1
GET, 141.3, 0
GET, 141.4, 0
GET, 141.5, 1
GET, 141.6, 0
GET, 141.7, 0
GET, 141.8, 0
GET, 141.9, 1
GET, 142.0, 1
GET, 142.1, 0
GET, 142.2, 2
GET, 142.3, 0
GET, 142.4, 0
GET, 142.5, 1
GET, 142.6, 0
GET, 142.7, 0
GET, 142.8, 1
GET, 142.9, 0
GET, 143.0, 0
GET, 143.1, 0
GET, 143.2, 0
GET, 143.3, 2
GET, 143.4, 2
GET, 143.5, 0
GET, 143.6, 0
GET, 143.7, 0
GET, 143.8, 0
GET, 143.9, 1
GET, 144.0, 1
GET, 144.1, 1
GET, 144.2, 0
GET, 144.3, 1
GET, 144.4, 1
GET, 144.5, 0
GET, 144.6, 0
GET, 144.7, 1
GET, 144.8, 0
GET, 144.9, 0
GET, 145.0, 1
GET, 145.1, 1
GET, 145.2, 1
GET, 145.3, 1
GET, 145.4, 1
GET, 145.5, 1
GET, 145.6, 1
GET, 145.7, 0
GET, 145.8, 0
GET, 145.9, 1
GET, 146.0, 0
GET, 146.1, 1
GET, 146.2, 2
GET, 146.3, 1
GET, 146.4, 1
GET, 146.5, 0
GET, 146.6, 0
GET, 146.7, 1
GET, 146.8, 2
GET, 146.9, 2
GET, 147.0, 0
GET, 147.1, 2
GET, 147.2, 0
GET, 147.3, 1
GET, 147.4, 0
GET, 147.5, 1
GET, 147.6, 0
GET, 147.7, 0
GET, 147.8, 0
GET, 147.9, 1
GET, 148.0, 0
GET, 148.1, 0
GET, 148.2, 0
GET, 148.3, 0
GET, 148.4, 1
GET, 148.5, 1
GET, 148.6, 0
GET, 148.7, 0
GET, 148.8, 0
GET, 148.9, 0
GET, 149.0, 1
GET, 149.1, 0
GET, 149.2, 3
GET, 149.3, 0
GET, 149.4, 0
GET, 149.5, 0
GET, 149.6, 0
GET, 149.7, 1
GET, 149.8, 1
GET, 149.9, 1
GET, 150.0, 0
GET, 150.1, 0
GET, 150.2, 0
GET, 150.3, 1
GET, 150.4, 1
GET, 150.5, 0
GET, 150.6, 0
GET, 150.7, 0
GET, 150.8, 1
GET, 150.9, 2
GET, 151.0, 0
GET, 151.1, 3
GET, 151.2, 3
GET, 151.3, 0
GET, 151.4, 3
GET, 151.5, 0
GET, 151.6, 1
GET, 151.7, 0
GET, 151.8, 2
GET, 151.9, 1
GET, 152.0, 2
GET, 152.1, 1
GET, 152.2, 0
GET, 152.3, 0
GET, 152.4, 0
GET, 152.5, 2
GET, 152.6, 0
GET, 152.7, 1
GET, 152.8, 1
GET, 152.9, 0
GET, 153.0, 0
GET, 153.1, 0
GET, 153.2, 0
GET, 153.3, 0
GET, 153.4, 4
GET, 153.5, 2
GET, 153.6, 2
GET, 153.7, 0
GET, 153.8, 2
GET, 153.9, 0
GET, 154.0, 2
GET, 154.1, 0
GET, 154.2, 0
GET, 154.3, 0
GET, 154.4, 1
GET, 154.5, 0
GET, 154.6, 2
GET, 154.7, 1
GET, 154.8, 2
GET, 154.9, 5
GET, 155.0, 4
GET, 155.1, 2
GET, 155.2, 0
GET, 155.3, 1
GET, 155.4, 0
GET, 155.5, 1
GET, 155.6, 0
GET, 155.7, 1
GET, 155.8, 0
GET, 155.9, 1
GET, 156.0, 0
GET, 156.1, 1
GET, 156.2, 0
GET, 156.3, 0
GET, 156.4, 1
GET, 156.5, 1
GET, 156.6, 0
GET, 156.7, 0
GET, 156.8, 0
GET, 156.9, 0
GET, 157.0, 0
GET, 157.1, 0
GET, 157.2, 0
GET, 157.3, 0
GET, 157.4, 0
GET, 157.5, 1
GET, 157.6, 1
GET, 157.7, 0
GET, 157.8, 0
GET, 157.9, 0
GET, 158.0, 2
GET, 158.1, 0
GET, 158.2, 0
GET, 158.3, 0
GET, 158.4, 0
GET, 158.5, 0
GET, 158.6, 0
GET, 158.7, 0
GET, 158.8, 0
GET, 158.9, 1
GET, 159.0, 0
GET, 159.1, 1
GET, 159.2, 0
GET, 159.3, 0
GET, 159.4, 0
GET, 159.5, 0
GET, 159.6, 1
GET, 159.7, 0
GET, 159.8, 0
GET, 159.9, 1
GET, 160.0, 1
GET, 160.1, 0
GET, 160.2, 0
GET, 160.3, 0
GET, 160.4, 0
GET, 160.5, 1
GET, 160.6, 0
GET, 160.7, 2
GET, 160.8, 0
GET, 160.9, 2
GET, 161.0, 0
GET, 161.1, 0
GET, 161.2, 1
GET, 161.3, 1
GET, 161.4, 0
GET, 161.5, 1
GET, 161.6, 0
GET, 161.7, 0
GET, 161.8, 0
GET, 161.9, 0
GET, 162.0, 1
GET, 162.1, 0
GET, 162.2, 0
GET, 162.3, 0
GET, 162.4, 0
GET, 162.5, 1
GET, 162.6, 1
GET, 162.7, 0
GET, 162.8, 0
GET, 162.9, 0
GET, 163.0, 0
GET, 163.1, 0
GET, 163.2, 0
GET, 163.3, 0
GET, 163.4, 0
GET, 163.5, 0
GET, 163.6, 1
GET, 163.7, 0
GET, 163.8, 0
GET, 163.9, 0
GET, 164.0, 0
GET, 164.1, 0
GET, 164.2, 0
GET, 164.3, 0
GET, 164.4, 0
GET, 164.5, 0
GET, 164.6, 0
GET, 164.7, 0
GET, 164.8, 0
GET, 164.9, 0
GET, 165.0, 0
GET, 165.1, 0
GET, 165.2, 1
GET, 165.3, 0
GET, 165.4, 0
GET, 165.5, 0
GET, 165.6, 0
GET, 165.7, 0
GET, 165.8, 0
GET, 165.9, 0
GET, 166.0, 0
GET, 166.1, 0
GET, 166.2, 1
GET, 166.3, 0
GET, 166.4, 0
GET, 166.5, 0
GET, 166.6, 0
GET, 166.7, 0
GET, 166.8, 1
GET, 166.9, 1
GET, 167.0, 0
GET, 167.1, 1
GET, 167.2, 2
GET, 167.3, 0
GET, 167.4, 0
GET, 167.5, 1
GET, 167.6, 1
GET, 167.7, 1
GET, 167.8, 1
GET, 167.9, 1
GET, 168.0, 0
GET, 168.1, 0
GET, 168.2, 2
GET, 168.3, 2
GET, 168.4, 1
GET, 168.5, 0
GET, 168.6, 0
GET, 168.7, 0
GET, 168.8, 0
GET, 168.9, 0
GET, 169.0, 0
GET, 169.1, 0
GET, 169.2, 0
GET, 169.3, 0
GET, 169.4, 0
GET, 169.5, 0
GET, 169.6, 0
GET, 169.7, 0
GET, 169.8, 0
GET, 169.9, 0
GET, 170.0, 0
GET, 170.1, 1
GET, 170.2, 0
GET, 170.3, 1
GET, 170.4, 1
GET, 170.5, 1
GET, 170.6, 2
GET, 170.7, 2
GET, 170.8, 0
GET, 170.9, 0
GET, 171.0, 1
GET, 171.1, 0
GET, 171.2, 0
GET, 171.3, 1
GET, 171.4, 0
GET, 171.5, 0
GET, 171.6, 0
GET, 171.7, 0
GET, 171.8, 0
GET, 171.9, 0
GET, 172.0, 0
GET, 172.1, 0
GET, 172.2, 0
GET, 172.3, 1
GET, 172.4, 0
GET, 172.5, 0
GET, 172.6, 0
GET, 172.7, 1
GET, 172.8, 0
GET, 172.9, 0
GET, 173.0, 1
GET, 173.1, 1
GET, 173.2, 0
GET, 173.3, 0
GET, 173.4, 0
GET, 173.5, 1
GET, 173.6, 1
GET, 173.7, 0
GET, 173.8, 0
GET, 173.9, 0
GET, 174.0, 0
GET, 174.1, 0
GET, 174.2, 0
GET, 174.3, 0
GET, 174.4, 0
GET, 174.5, 1
GET, 174.6, 0
GET, 174.7, 0
GET, 174.8, 1
GET, 174.9, 0
GET, 175.0, 0
GET, 175.1, 0
GET, 175.2, 1
GET, 175.3, 0
GET, 175.4, 1
GET, 175.5, 0
GET, 175.6, 1
GET, 175.7, 0
GET, 175.8, 0
GET, 175.9, 2
GET, 176.0, 2
GET, 176.1, 0
GET, 176.2, 0
GET, 176.3, 2
GET, 176.4, 0
GET, 176.5, 1
GET, 176.6, 0
GET, 176.7, 1
GET, 176.8, 2
GET, 176.9, 0
GET, 177.0, 1
GET, 177.1, 0
GET, 177.2, 0
GET, 177.3, 0
GET, 177.4, 0
GET, 177.5, 0
GET, 177.6, 1
GET, 177.7, 1
GET, 177.8, 2
GET, 177.9, 0
GET, 178.0, 0
GET, 178.1, 0
GET, 178.2, 0
GET, 178.3, 0
GET, 178.4, 0
GET, 178.5, 0
GET, 178.6, 0
GET, 178.7, 1
GET, 178.8, 0
GET, 178.9, 0
GET, 179.0, 0
GET, 179.1, 0
GET, 179.2, 0
GET, 179.3, 0
GET, 179.4, 0
GET, 179.5, 1
GET, 179.6, 1
GET, 179.7, 0
GET, 179.8, 0
GET, 179.9, 0
GET, 180.0, 1
GET, 180.1, 0
GET, 180.2, 0
GET, 180.3, 0
GET, 180.4, 0
GET, 180.5, 0
GET, 180.6, 2
GET, 180.7, 2
GET, 180.8, 0
GET, 180.9, 1
GET, 181.0, 1
GET, 181.1, 1
GET, 181.2, 0
GET, 181.3, 0
GET, 181.4, 1
GET, 181.5, 0
GET, 181.6, 1
GET, 181.7, 0
GET, 181.8, 0
GET, 181.9, 0
GET, 182.0, 0
GET, 182.1, 0
GET, 182.2, 0
GET, 182.3, 2
GET, 182.4, 0
GET, 182.5, 0
GET, 182.6, 1
GET, 182.7, 2
GET, 182.8, 0
GET, 182.9, 1
GET, 183.0, 2
GET, 183.1, 0
GET, 183.2, 0
GET, 183.3, 0
GET, 183.4, 0
GET, 183.5, 1
GET, 183.6, 0
GET, 183.7, 1
GET, 183.8, 1
GET, 183.9, 0
GET, 184.0, 1
GET, 184.1, 2
GET, 184.2, 2
GET, 184.3, 1
GET, 184.4, 0
GET, 184.5, 1
GET, 184.6, 0
GET, 184.7, 1
GET, 184.8, 2
GET, 184.9, 1
GET, 185.0, 2
GET, 185.1, 0
GET, 185.2, 0
GET, 185.3, 0
GET, 185.4, 0
GET, 185.5, 0
GET, 185.6, 1
GET, 185.7, 0
GET, 185.8, 0
GET, 185.9, 1
GET, 186.0, 0
GET, 186.1, 0
GET, 186.2, 0
GET, 186.3, 1
GET, 186.4, 1
GET, 186.5, 0
GET, 186.6, 1
GET, 186.7, 0
GET, 186.8, 0
GET, 186.9, 2
GET, 187.0, 1
GET, 187.1, 1
GET, 187.2, 0
GET, 187.3, 0
GET, 187.4, 0
GET, 187.5, 0
GET, 187.6, 0
GET, 187.7, 0
GET, 187.8, 0
GET, 187.9, 0
GET, 188.0, 0
GET, 188.1, 0
GET, 188.2, 0
GET, 188.3, 0
GET, 188.4, 0
GET, 188.5, 0
GET, 188.6, 0
GET, 188.7, 0
GET, 188.8, 0
GET, 188.9, 0
GET, 189.0, 0
GET, 189.1, 0
GET, 189.2, 0
GET, 189.3, 0
GET, 189.4, 0
GET, 189.5, 0
GET, 189.6, 0
GET, 189.7, 0
GET, 189.8, 1
GET, 189.9, 0
GET, 190.0, 0
GET, 190.1, 0
GET, 190.2, 0
GET, 190.3, 0
GET, 190.4, 0
GET, 190.5, 0
GET, 190.6, 0
GET, 190.7, 1
GET, 190.8, 0
GET, 190.9, 0
GET, 191.0, 0
GET, 191.1, 0
GET, 191.2, 0
GET, 191.3, 0
GET, 191.4, 0
GET, 191.5, 0
GET, 191.6, 0
GET, 191.7, 0
GET, 191.8, 0
GET, 191.9, 0
GET, 192.0, 1
GET, 192.1, 0
GET, 192.2, 0
GET, 192.3, 0
GET, 192.4, 0
GET, 192.5, 0
GET, 192.6, 1
GET, 192.7, 0
GET, 192.8, 0
GET, 192.9, 0
GET, 193.0, 0
GET, 193.1, 2
GET, 193.2, 0
GET, 193.3, 0
GET, 193.4, 0
GET, 193.5, 0
GET, 193.6, 0
GET, 193.7, 0
GET, 193.8, 0
GET, 193.9, 0
GET, 194.0, 1
GET, 194.1, 0
GET, 194.2, 0
GET, 194.3, 0
GET, 194.4, 0
GET, 194.5, 0
GET, 194.6, 0
GET, 194.7, 0
GET, 194.8, 0
GET, 194.9, 0
GET, 195.0, 1
GET, 195.1, 0
GET, 195.2, 0
GET, 195.3, 0
GET, 195.4, 0
GET, 195.5, 0
GET, 195.6, 1
GET, 195.7, 1
GET, 195.8, 0
GET, 195.9, 0
GET, 196.0, 0
GET, 196.1, 0
GET, 196.2, 0
GET, 196.3, 0
GET, 196.4, 0
GET, 196.5, 0
GET, 196.6, 0
GET, 196.7, 1
GET, 196.8, 0
GET, 196.9, 0
GET, 197.0, 0
GET, 197.1, 0
GET, 197.2, 0
GET, 197.3, 0
GET, 197.4, 0
GET, 197.5, 1
GET, 197.6, 0
GET, 197.7, 0
GET, 197.8, 0
GET, 197.9, 0
GET, 198.0, 1
GET, 198.1, 0
GET, 198.2, 0
GET, 198.3, 0
GET, 198.4, 0
GET, 198.5, 0
GET, 198.6, 0
GET, 198.7, 0
GET, 198.8, 0
GET, 198.9, 0
GET, 199.0, 0
GET, 199.1, 0
GET, 199.2, 0
GET, 199.3, 0
GET, 199.4, 0
GET, 199.5, 0
GET, 199.6, 0
GET, 199.7, 0
GET, 199.8, 0
GET, 199.9, 0
GET, 200.0, 0
GET, 200.1, 0
GET, 200.2, 0
GET, 200.3, 0
GET, 200.4, 0
GET, 200.5, 1
GET, 200.6, 2
GET, 200.7, 1
GET, 200.8, 0
GET, 200.9, 1
GET, 201.0, 1
GET, 201.1, 0
GET, 201.2, 0
GET, 201.3, 0
GET, 201.4, 0
GET, 201.5, 0
GET, 201.6, 0
GET, 201.7, 0
GET, 201.8, 0
GET, 201.9, 0
GET, 202.0, 0
GET, 202.1, 1
GET, 202.2, 0
GET, 202.3, 0
GET, 202.4, 0
GET, 202.5, 0
GET, 202.6, 0
GET, 202.7, 0
GET, 202.8, 0
GET, 202.9, 0
GET, 203.0, 0
GET, 203.1, 0
GET, 203.2, 0
GET, 203.3, 0
GET, 203.4, 0
GET, 203.5, 0
GET, 203.6, 0
GET, 203.7, 0
GET, 203.8, 0
GET, 203.9, 0
GET, 204.0, 0
GET, 204.1, 0
GET, 204.2, 0
GET, 204.3, 0
GET, 204.4, 0
GET, 204.5, 0
GET, 204.6, 0
GET, 204.7, 1
GET, 204.8, 0
GET, 204.9, 0
GET, 205.0, 0
GET, 205.1, 0
GET, 205.2, 0
GET, 205.3, 0
GET, 205.4, 0
GET, 205.5, 0
GET, 205.6, 0
GET, 205.7, 1
GET, 205.8, 0
GET, 205.9, 1
GET, 206.0, 0
GET, 206.1, 0
GET, 206.2, 0
GET, 206.3, 0
GET, 206.4, 0
GET, 206.5, 0
GET, 206.6, 0
GET, 206.7, 0
GET, 206.8, 0
GET, 206.9, 0
GET, 207.0, 0
GET, 207.1, 0
GET, 207.2, 0
GET, 207.3, 0
GET, 207.4, 0
GET, 207.5, 0
GET, 207.6, 0
GET, 207.7, 0
GET, 207.8, 0
GET, 207.9, 0
GET, 208.0, 0
GET, 208.1, 0
GET, 208.2, 0
GET, 208.3, 0
GET, 208.4, 0
GET, 208.5, 0
GET, 208.6, 1
GET, 208.7, 0
GET, 208.8, 0
GET, 208.9, 0
GET, 209.0, 0
GET, 209.1, 0
GET, 209.2, 0
GET, 209.3, 0
GET, 209.4, 0
GET, 209.5, 0
GET, 209.6, 0
GET, 209.7, 0
GET, 209.8, 0
GET, 209.9, 0
GET, 210.0, 1
GET, 210.1, 0
GET, 210.2, 0
GET, 210.3, 0
GET, 210.4, 0
GET, 210.5, 0
GET, 210.6, 0
GET, 210.7, 0
GET, 210.8, 0
GET, 210.9, 0
GET, 211.0, 0
GET, 211.1, 0
GET, 211.2, 0
GET, 211.3, 0
GET, 211.4, 0
GET, 211.5, 0
GET, 211.6, 0
GET, 211.7, 0
GET, 211.8, 0
GET, 211.9, 0
GET, 212.0, 0
GET, 212.1, 0
GET, 212.2, 0
GET, 212.3, 0
GET, 212.4, 0
GET, 212.5, 0
GET, 212.6, 0
GET, 212.7, 0
GET, 212.8, 1
GET, 212.9, 0
GET, 213.0, 0
GET, 213.1, 0
GET, 213.2, 1
GET, 213.3, 0
GET, 213.4, 0
GET, 213.5, 0
GET, 213.6, 0
GET, 213.7, 0
GET, 213.8, 0
GET, 213.9, 0
GET, 214.0, 0
GET, 214.1, 0
GET, 214.2, 0
GET, 214.3, 0
GET, 214.4, 0
GET, 214.5, 0
GET, 214.6, 0
GET, 214.7, 0
GET, 214.8, 0
GET, 214.9, 0
GET, 215.0, 0
GET, 215.1, 0
GET, 215.2, 0
GET, 215.3, 0
GET, 215.4, 0
GET, 215.5, 0
GET, 215.6, 1
GET, 215.7, 0
GET, 215.8, 0
GET, 215.9, 1
GET, 216.0, 0
GET, 216.1, 0
GET, 216.2, 0
GET, 216.3, 0
GET, 216.4, 0
GET, 216.5, 0
GET, 216.6, 0
GET, 216.7, 0
GET, 216.8, 0
GET, 216.9, 0
GET, 217.0, 0
GET, 217.1, 0
GET, 217.2, 0
GET, 217.3, 0
GET, 217.4, 0
GET, 217.5, 0
GET, 217.6, 0
GET, 217.7, 0
GET, 217.8, 1
GET, 217.9, 0
GET, 218.0, 0
GET, 218.1, 0
GET, 218.2, 0
GET, 218.3, 0
GET, 218.4, 0
GET, 218.5, 0
GET, 218.6, 0
GET, 218.7, 0
GET, 218.8, 0
GET, 218.9, 0
GET, 219.0, 0
GET, 219.1, 0
GET, 219.2, 0
GET, 219.3, 0
GET, 219.4, 0
GET, 219.5, 0
GET, 219.6, 0
GET, 219.7, 0
GET, 219.8, 0
GET, 219.9, 0
GET, 220.0, 0
GET, 220.1, 0
GET, 220.2, 0
GET, 220.3, 0
GET, 220.4, 0
GET, 220.5, 0
GET, 220.6, 0
GET, 220.7, 0
GET, 220.8, 1
GET, 220.9, 0
GET, 221.0, 0
GET, 221.1, 0
GET, 221.2, 0
GET, 221.3, 1
GET, 221.4, 0
GET, 221.5, 0
GET, 221.6, 0
GET, 221.7, 0
GET, 221.8, 0
GET, 221.9, 0
GET, 222.0, 0
GET, 222.1, 0
GET, 222.2, 0
GET, 222.3, 0
GET, 222.4, 0
GET, 222.5, 0
GET, 222.6, 0
GET, 222.7, 1
GET, 222.8, 0
GET, 222.9, 0
GET, 223.0, 0
GET, 223.1, 0
GET, 223.2, 0
GET, 223.3, 0
GET, 223.4, 0
GET, 223.5, 0
GET, 223.6, 0
GET, 223.7, 0
GET, 223.8, 0
GET, 223.9, 0
GET, 224.0, 0
GET, 224.1, 0
GET, 224.2, 0
GET, 224.3, 0
GET, 224.4, 0
GET, 224.5, 0
GET, 224.6, 0
GET, 224.7, 0
GET, 224.8, 0
GET, 224.9, 0
GET, 225.0, 0
GET, 225.1, 0
GET, 225.2, 0
GET, 225.3, 0
GET, 225.4, 0
GET, 225.5, 0
GET, 225.6, 0
GET, 225.7, 0
GET, 225.8, 0
GET, 225.9, 0
GET, 226.0, 0
GET, 226.1, 0
GET, 226.2, 0
GET, 226.3, 0
GET, 226.4, 0
GET, 226.5, 0
GET, 226.6, 0
GET, 226.7, 0
GET, 226.8, 0
GET, 226.9, 0
GET, 227.0, 0
GET, 227.1, 0
GET, 227.2, 0
GET, 227.3, 0
GET, 227.4, 0
GET, 227.5, 0
GET, 227.6, 0
GET, 227.7, 0
GET, 227.8, 0
GET, 227.9, 0
GET, 228.0, 0
GET, 228.1, 0
GET, 228.2, 1
GET, 228.3, 0
GET, 228.4, 0
GET, 228.5, 0
GET, 228.6, 0
GET, 228.7, 0
GET, 228.8, 1
GET, 228.9, 0
GET, 229.0, 0
GET, 229.1, 0
GET, 229.2, 0
GET, 229.3, 0
GET, 229.4, 0
GET, 229.5, 0
GET, 229.6, 0
GET, 229.7, 0
GET, 229.8, 0
GET, 229.9, 0
GET, 230.0, 0
GET, 230.1, 0
GET, 230.2, 0
GET, 230.3, 0
GET, 230.4, 0
GET, 230.5, 0
GET, 230.6, 0
GET, 230.7, 0
GET, 230.8, 0
GET, 230.9, 0
GET, 231.0, 0
GET, 231.1, 0
GET, 231.2, 0
GET, 231.3, 0
GET, 231.4, 0
GET, 231.5, 0
GET, 231.6, 0
GET, 231.7, 0
GET, 231.8, 0
GET, 231.9, 1
GET, 232.0, 0
GET, 232.1, 0
GET, 232.2, 0
GET, 232.3, 0
GET, 232.4, 0
GET, 232.5, 0
GET, 232.6, 0
GET, 232.7, 0
GET, 232.8, 0
GET, 232.9, 0
GET, 233.0, 0
GET, 233.1, 0
GET, 233.2, 0
GET, 233.3, 0
GET, 233.4, 0
GET, 233.5, 0
GET, 233.6, 0
GET, 233.7, 0
GET, 233.8, 0
GET, 233.9, 0
GET, 234.0, 0
GET, 234.1, 0
GET, 234.2, 0
GET, 234.3, 0
GET, 234.4, 0
GET, 234.5, 0
GET, 234.6, 0
GET, 234.7, 0
GET, 234.8, 0
GET, 234.9, 0
GET, 235.0, 0
GET, 235.1, 0
GET, 235.2, 0
GET, 235.3, 0
GET, 235.4, 0
GET, 235.5, 0
GET, 235.6, 0
GET, 235.7, 0
GET, 235.8, 0
GET, 235.9, 0
GET, 236.0, 0
GET, 236.1, 0
GET, 236.2, 0
GET, 236.3, 0
GET, 236.4, 0
GET, 236.5, 0
GET, 236.6, 0
GET, 236.7, 0
GET, 236.8, 0
GET, 236.9, 0
GET, 237.0, 0
GET, 237.1, 1
GET, 237.2, 0
GET, 237.3, 0
GET, 237.4, 0
GET, 237.5, 0
GET, 237.6, 0
GET, 237.7, 0
GET, 237.8, 0
GET, 237.9, 0
GET, 238.0, 0
GET, 238.1, 0
GET, 238.2, 0
GET, 238.3, 0
GET, 238.4, 0
GET, 238.5, 0
GET, 238.6, 0
GET, 238.7, 0
GET, 238.8, 0
GET, 238.9, 0
GET, 239.0, 0
GET, 239.1, 0
GET, 239.2, 0
GET, 239.3, 0
GET, 239.4, 0
GET, 239.5, 0
GET, 239.6, 0
GET, 239.7, 0
GET, 239.8, 0
GET, 239.9, 0
GET, 240.0, 0
GET, 240.1, 0
GET, 240.2, 0
GET, 240.3, 0
GET, 240.4, 0
GET, 240.5, 0
GET, 240.6, 0
GET, 240.7, 0
GET, 240.8, 0
GET, 240.9, 0
GET, 241.0, 0
GET, 241.1, 0
GET, 241.2, 0
GET, 241.3, 0
GET, 241.4, 0
GET, 241.5, 0
GET, 241.6, 0
GET, 241.7, 0
GET, 241.8, 0
GET, 241.9, 0
GET, 242.0, 0
GET, 242.1, 0
GET, 242.2, 0
GET, 242.3, 0
GET, 242.4, 0
GET, 242.5, 0
GET, 242.6, 0
GET, 242.7, 0
GET, 242.8, 0
GET, 242.9, 0
GET, 243.0, 0
GET, 243.1, 0
GET, 243.2, 0
GET, 243.3, 0
GET, 243.4, 0
GET, 243.5, 0
GET, 243.6, 0
GET, 243.7, 0
GET, 243.8, 0
GET, 243.9, 0
GET, 244.0, 0
GET, 244.1, 0
GET, 244.2, 0
GET, 244.3, 0
GET, 244.4, 0
GET, 244.5, 0
GET, 244.6, 0
GET, 244.7, 0
GET, 244.8, 1
GET, 244.9, 1
GET, 245.0, 0
GET, 245.1, 0
GET, 245.2, 1
GET, 245.3, 0
GET, 245.4, 0
GET, 245.5, 0
GET, 245.6, 0
GET, 245.7, 0
GET, 245.8, 0
GET, 245.9, 0
GET, 246.0, 0
GET, 246.1, 0
GET, 246.2, 0
GET, 246.3, 1
GET, 246.4, 4
GET, 246.5, 2
GET, 246.6, 2
GET, 246.7, 1
GET, 246.8, 0
GET, 246.9, 0
GET, 247.0, 0
GET, 247.1, 0
GET, 247.2, 0
GET, 247.3, 0
GET, 247.4, 0
GET, 247.5, 0
GET, 247.6, 0
GET, 247.7, 0
GET, 247.8, 0
GET, 247.9, 0
GET, 248.0, 0
GET, 248.1, 0
GET, 248.2, 0
GET, 248.3, 0
GET, 248.4, 0
GET, 248.5, 0
GET, 248.6, 0
GET, 248.7, 0
GET, 248.8, 0
GET, 248.9, 0
GET, 249.0, 0
GET, 249.1, 0
GET, 249.2, 0
GET, 249.3, 0
GET, 249.4, 0
GET, 249.5, 0
GET, 249.6, 0
GET, 249.7, 0
GET, 249.8, 0
GET, 249.9, 0
GET, 250.0, 0
GET, 250.1, 0
GET, 250.2, 0
GET, 250.3, 0
GET, 250.4, 1
GET, 250.5, 1
GET, 250.6, 0
GET, 250.7, 0
GET, 250.8, 0
GET, 250.9, 1
GET, 251.0, 0
GET, 251.1, 0
GET, 251.2, 0
GET, 251.3, 0
GET, 251.4, 0
GET, 251.5, 0
GET, 251.6, 0
GET, 251.7, 0
GET, 251.8, 0
GET, 251.9, 0
GET, 252.0, 0
GET, 252.1, 0
GET, 252.2, 0
GET, 252.3, 0
GET, 252.4, 0
GET, 252.5, 0
GET, 252.6, 0
GET, 252.7, 0
GET, 252.8, 0
GET, 252.9, 0
GET, 253.0, 0
GET, 253.1, 0
GET, 253.2, 0
GET, 253.3, 0
GET, 253.4, 0
GET, 253.5, 0
GET, 253.6, 0
GET, 253.7, 0
GET, 253.8, 0
GET, 253.9, 0
GET, 254.0, 0
GET, 254.1, 0
GET, 254.2, 0
GET, 254.3, 0
GET, 254.4, 0
GET, 254.5, 0
GET, 254.6, 0
GET, 254.7, 0
GET, 254.8, 0
GET, 254.9, 0
GET, 255.0, 0
GET, 255.1, 0
GET, 255.2, 0
GET, 255.3, 0
GET, 255.4, 0
GET, 255.5, 0
GET, 255.6, 0
GET, 255.7, 0
GET, 255.8, 0
GET, 255.9, 0
GET, 256.0, 0
GET, 256.1, 0
GET, 256.2, 0
GET, 256.3, 0
GET, 256.4, 0
GET, 256.5, 0
GET, 256.6, 0
GET, 256.7, 0
GET, 256.8, 0
GET, 256.9, 0
GET, 257.0, 0
GET, 257.1, 0
GET, 257.2, 0
GET, 257.3, 0
GET, 257.4, 0
GET, 257.5, 0
GET, 257.6, 0
GET, 257.7, 0
GET, 257.8, 0
GET, 257.9, 0
GET, 258.0, 0
GET, 258.1, 0
GET, 258.2, 0
GET, 258.3, 0
GET, 258.4, 0
GET, 258.5, 0
GET, 258.6, 0
GET, 258.7, 0
GET, 258.8, 0
GET, 258.9, 0
GET, 259.0, 0
GET, 259.1, 0
GET, 259.2, 0
GET, 259.3, 0
GET, 259.4, 0
GET, 259.5, 0
GET, 259.6, 0
GET, 259.7, 0
GET, 259.8, 0
GET, 259.9, 0
GET, 260.0, 0
GET, 260.1, 0
GET, 260.2, 0
GET, 260.3, 0
GET, 260.4, 0
GET, 260.5, 0
GET, 260.6, 0
GET, 260.7, 0
GET, 260.8, 0
GET, 260.9, 0
GET, 261.0, 0
GET, 261.1, 0
GET, 261.2, 0
GET, 261.3, 0
GET, 261.4, 0
GET, 261.5, 0
GET, 261.6, 0
GET, 261.7, 0
GET, 261.8, 0
GET, 261.9, 0
GET, 262.0, 0
GET, 262.1, 0
GET, 262.2, 0
GET, 262.3, 0
GET, 262.4, 0
GET, 262.5, 0
GET, 262.6, 0
GET, 262.7, 0
GET, 262.8, 0
GET, 262.9, 0
GET, 263.0, 0
GET, 263.1, 0
GET, 263.2, 0
GET, 263.3, 0
GET, 263.4, 0
GET, 263.5, 0
GET, 263.6, 0
GET, 263.7, 0
GET, 263.8, 0
GET, 263.9, 0
GET, 264.0, 0
GET, 264.1, 0
GET, 264.2, 0
GET, 264.3, 0
GET, 264.4, 0
GET, 264.5, 0
GET, 264.6, 0
GET, 264.7, 0
GET, 264.8, 0
GET, 264.9, 0
GET, 265.0, 0
GET, 265.1, 0
GET, 265.2, 0
GET, 265.3, 0
GET, 265.4, 0
GET, 265.5, 0
GET, 265.6, 0
GET, 265.7, 0
GET, 265.8, 0
GET, 265.9, 0
GET, 266.0, 0
GET, 266.1, 0
GET, 266.2, 0
GET, 266.3, 0
GET, 266.4, 0
GET, 266.5, 0
GET, 266.6, 0
GET, 266.7, 0
GET, 266.8, 0
GET, 266.9, 0
GET, 267.0, 0
GET, 267.1, 0
GET, 267.2, 0
GET, 267.3, 0
GET, 267.4, 0
GET, 267.5, 0
GET, 267.6, 0
GET, 267.7, 0
GET, 267.8, 0
GET, 267.9, 0
GET, 268.0, 0
GET, 268.1, 0
GET, 268.2, 0
GET, 268.3, 0
GET, 268.4, 0
GET, 268.5, 0
GET, 268.6, 0
GET, 268.7, 0
GET, 268.8, 0
GET, 268.9, 0
GET, 269.0, 0
GET, 269.1, 0
GET, 269.2, 0
GET, 269.3, 0
GET, 269.4, 0
GET, 269.5, 0
GET, 269.6, 0
GET, 269.7, 0
GET, 269.8, 0
GET, 269.9, 0
GET, 270.0, 0
GET, 270.1, 0
GET, 270.2, 0
GET, 270.3, 0
GET, 270.4, 0
GET, 270.5, 0
GET, 270.6, 0
GET, 270.7, 0
GET, 270.8, 0
GET, 270.9, 0
GET, 271.0, 0
GET, 271.1, 0
GET, 271.2, 0
GET, 271.3, 0
GET, 271.4, 0
GET, 271.5, 0
GET, 271.6, 0
GET, 271.7, 0
GET, 271.8, 0
GET, 271.9, 0
GET, 272.0, 0
GET, 272.1, 0
GET, 272.2, 0
GET, 272.3, 0
GET, 272.4, 0
GET, 272.5, 0
GET, 272.6, 0
GET, 272.7, 0
GET, 272.8, 0
GET, 272.9, 0
GET, 273.0, 0
GET, 273.1, 0
GET, 273.2, 0
GET, 273.3, 0
GET, 273.4, 0
GET, 273.5, 0
GET, 273.6, 0
GET, 273.7, 0
GET, 273.8, 0
GET, 273.9, 0
GET, 274.0, 0
GET, 274.1, 0
GET, 274.2, 0
GET, 274.3, 0
GET, 274.4, 0
GET, 274.5, 0
GET, 274.6, 0
GET, 274.7, 0
GET, 274.8, 0
GET, 274.9, 0
GET, 275.0, 0
GET, 275.1, 0
GET, 275.2, 0
GET, 275.3, 0
GET, 275.4, 0
GET, 275.5, 0
GET, 275.6, 0
GET, 275.7, 0
GET, 275.8, 0
GET, 275.9, 0
GET, 276.0, 0
GET, 276.1, 0
GET, 276.2, 0
GET, 276.3, 0
GET, 276.4, 0
GET, 276.5, 0
GET, 276.6, 0
GET, 276.7, 0
GET, 276.8, 0
GET, 276.9, 0
GET, 277.0, 0
GET, 277.1, 0
GET, 277.2, 0
GET, 277.3, 0
GET, 277.4, 0
GET, 277.5, 0
GET, 277.6, 0
GET, 277.7, 0
GET, 277.8, 0
GET, 277.9, 0
GET, 278.0, 0
GET, 278.1, 0
GET, 278.2, 0
GET, 278.3, 0
GET, 278.4, 0
GET, 278.5, 0
GET, 278.6, 0
GET, 278.7, 0
GET, 278.8, 0
GET, 278.9, 0
GET, 279.0, 0
GET, 279.1, 0
GET, 279.2, 0
GET, 279.3, 0
GET, 279.4, 0
GET, 279.5, 0
GET, 279.6, 0
GET, 279.7, 0
GET, 279.8, 0
GET, 279.9, 0
GET, 280.0, 0
GET, 280.1, 0
GET, 280.2, 0
GET, 280.3, 0
GET, 280.4, 0
GET, 280.5, 0
GET, 280.6, 0
GET, 280.7, 0
GET, 280.8, 0
GET, 280.9, 0
GET, 281.0, 0
GET, 281.1, 0
GET, 281.2, 0
GET, 281.3, 0
GET, 281.4, 0
GET, 281.5, 0
GET, 281.6, 0
GET, 281.7, 0
GET, 281.8, 0
GET, 281.9, 0
GET, 282.0, 0
GET, 282.1, 0
GET, 282.2, 0
GET, 282.3, 0
GET, 282.4, 0
GET, 282.5, 0
GET, 282.6, 0
GET, 282.7, 0
GET, 282.8, 0
GET, 282.9, 0
GET, 283.0, 0
GET, 283.1, 0
GET, 283.2, 0
GET, 283.3, 0
GET, 283.4, 0
GET, 283.5, 0
GET, 283.6, 0
GET, 283.7, 0
GET, 283.8, 0
GET, 283.9, 0
GET, 284.0, 0
GET, 284.1, 0
GET, 284.2, 0
GET, 284.3, 0
GET, 284.4, 0
GET, 284.5, 0
GET, 284.6, 0
GET, 284.7, 0
GET, 284.8, 0
GET, 284.9, 0
GET, 285.0, 0
GET, 285.1, 0
GET, 285.2, 0
GET, 285.3, 0
GET, 285.4, 0
GET, 285.5, 0
GET, 285.6, 0
GET, 285.7, 0
GET, 285.8, 0
GET, 285.9, 0
GET, 286.0, 0
GET, 286.1, 0
GET, 286.2, 0
GET, 286.3, 0
GET, 286.4, 0
GET, 286.5, 0
GET, 286.6, 0
GET, 286.7, 0
GET, 286.8, 0
GET, 286.9, 0
GET, 287.0, 0
GET, 287.1, 0
GET, 287.2, 0
GET, 287.3, 0
GET, 287.4, 0
GET, 287.5, 0
GET, 287.6, 0
GET, 287.7, 0
GET, 287.8, 0
GET, 287.9, 0
GET, 288.0, 0
GET, 288.1, 0
GET, 288.2, 0
GET, 288.3, 0
GET, 288.4, 0
GET, 288.5, 0
GET, 288.6, 0
GET, 288.7, 0
GET, 288.8, 0
GET, 288.9, 0
GET, 289.0, 0
GET, 289.1, 0
GET, 289.2, 0
GET, 289.3, 0
GET, 289.4, 0
GET, 289.5, 0
GET, 289.6, 0
GET, 289.7, 0
GET, 289.8, 0
GET, 289.9, 0
GET, 290.0, 0
GET, 290.1, 0
GET, 290.2, 0
GET, 290.3, 0
GET, 290.4, 0
GET, 290.5, 0
GET, 290.6, 0
GET, 290.7, 0
GET, 290.8, 0
GET, 290.9, 0
GET, 291.0, 0
GET, 291.1, 0
GET, 291.2, 0
GET, 291.3, 0
GET, 291.4, 0
GET, 291.5, 0
GET, 291.6, 0
GET, 291.7, 0
GET, 291.8, 0
GET, 291.9, 0
GET, 292.0, 0
GET, 292.1, 0
GET, 292.2, 0
GET, 292.3, 0
GET, 292.4, 0
GET, 292.5, 0
GET, 292.6, 0
GET, 292.7, 0
GET, 292.8, 0
GET, 292.9, 0
GET, 293.0, 0
GET, 293.1, 0
GET, 293.2, 0
GET, 293.3, 0
GET, 293.4, 0
GET, 293.5, 0
GET, 293.6, 0
GET, 293.7, 0
GET, 293.8, 0
GET, 293.9, 0
GET, 294.0, 0
GET, 294.1, 0
GET, 294.2, 0
GET, 294.3, 0
GET, 294.4, 0
GET, 294.5, 0
GET, 294.6, 0
GET, 294.7, 0
GET, 294.8, 0
GET, 294.9, 0
GET, 295.0, 0
GET, 295.1, 0
GET, 295.2, 0
GET, 295.3, 0
GET, 295.4, 0
GET, 295.5, 0
GET, 295.6, 0
GET, 295.7, 0
GET, 295.8, 0
GET, 295.9, 0
GET, 296.0, 0
GET, 296.1, 0
GET, 296.2, 0
GET, 296.3, 0
GET, 296.4, 0
GET, 296.5, 0
GET, 296.6, 0
GET, 296.7, 0
GET, 296.8, 0
GET, 296.9, 0
GET, 297.0, 0
GET, 297.1, 0
GET, 297.2, 0
GET, 297.3, 0
GET, 297.4, 0
GET, 297.5, 0
GET, 297.6, 0
GET, 297.7, 0
GET, 297.8, 0
GET, 297.9, 0
GET, 298.0, 0
GET, 298.1, 0
GET, 298.2, 0
GET, 298.3, 0
GET, 298.4, 0
GET, 298.5, 0
GET, 298.6, 0
GET, 298.7, 0
GET, 298.8, 0
GET, 298.9, 0
GET, 299.0, 0
GET, 299.1, 0
GET, 299.2, 0
GET, 299.3, 0
GET, 299.4, 0
GET, 299.5, 0
GET, 299.6, 0
GET, 299.7, 0
GET, 299.8, 0
GET, 299.9, 0
GET, 300.0, 0
GET, 300.1, 0
GET, 300.2, 0
GET, 300.3, 0
GET, 300.4, 0
GET, 300.5, 0
GET, 300.6, 0
GET, 300.7, 0
GET, 300.8, 0
GET, 300.9, 0
GET, 301.0, 0
GET, 301.1, 0
GET, 301.2, 0
GET, 301.3, 0
GET, 301.4, 0
GET, 301.5, 0
GET, 301.6, 0
GET, 301.7, 0
GET, 301.8, 0
GET, 301.9, 0
GET, 302.0, 0
GET, 302.1, 0
GET, 302.2, 0
GET, 302.3, 0
GET, 302.4, 0
GET, 302.5, 0
GET, 302.6, 0
GET, 302.7, 0
GET, 302.8, 0
GET, 302.9, 0
GET, 303.0, 0
GET, 303.1, 0
GET, 303.2, 0
GET, 303.3, 0
GET, 303.4, 0
GET, 303.5, 0
GET, 303.6, 0
GET, 303.7, 0
GET, 303.8, 0
GET, 303.9, 0
GET, 304.0, 0
GET, 304.1, 0
GET, 304.2, 0
GET, 304.3, 0
GET, 304.4, 0
GET, 304.5, 0
GET, 304.6, 0
GET, 304.7, 0
GET, 304.8, 0
GET, 304.9, 0
GET, 305.0, 0
GET, 305.1, 0
GET, 305.2, 0
GET, 305.3, 0
GET, 305.4, 0
GET, 305.5, 0
GET, 305.6, 0
GET, 305.7, 0
GET, 305.8, 0
GET, 305.9, 0
GET, 306.0, 0
GET, 306.1, 0
GET, 306.2, 0
GET, 306.3, 0
GET, 306.4, 0
GET, 306.5, 0
GET, 306.6, 0
GET, 306.7, 0
GET, 306.8, 0
GET, 306.9, 0
GET, 307.0, 0
GET, 307.1, 0
GET, 307.2, 0
GET, 307.3, 0
GET, 307.4, 0
GET, 307.5, 0
GET, 307.6, 0
GET, 307.7, 0
GET, 307.8, 0
GET, 307.9, 0
GET, 308.0, 0
GET, 308.1, 0
GET, 308.2, 0
GET, 308.3, 0
GET, 308.4, 0
GET, 308.5, 0
GET, 308.6, 0
GET, 308.7, 0
GET, 308.8, 0
GET, 308.9, 0
GET, 309.0, 0
GET, 309.1, 0
GET, 309.2, 0
GET, 309.3, 0
GET, 309.4, 0
GET, 309.5, 0
GET, 309.6, 0
GET, 309.7, 0
GET, 309.8, 0
GET, 309.9, 0
GET, 310.0, 0
GET, 310.1, 0
GET, 310.2, 0
GET, 310.3, 0
GET, 310.4, 0
GET, 310.5, 0
GET, 310.6, 0
GET, 310.7, 0
GET, 310.8, 0
GET, 310.9, 0
GET, 311.0, 0
GET, 311.1, 0
GET, 311.2, 0
GET, 311.3, 0
GET, 311.4, 0
GET, 311.5, 0
GET, 311.6, 0
GET, 311.7, 0
GET, 311.8, 0
GET, 311.9, 0
GET, 312.0, 0
GET, 312.1, 0
GET, 312.2, 0
GET, 312.3, 0
GET, 312.4, 1
GET, 312.5, 1
GET, 312.6, 1
GET, 312.7, 0
GET, 312.8, 0
GET, 312.9, 0
GET, 313.0, 0
GET, 313.1, 0
GET, 313.2, 0
GET, 313.3, 0
GET, 313.4, 0
GET, 313.5, 0
GET, 313.6, 0
GET, 313.7, 0
GET, 313.8, 0
GET, 313.9, 0
GET, 314.0, 0
GET, 314.1, 0
GET, 314.2, 0
GET, 314.3, 0
GET, 314.4, 0
GET, 314.5, 0
GET, 314.6, 0
GET, 314.7, 0
GET, 314.8, 0
GET, 314.9, 0
GET, 315.0, 0
GET, 315.1, 0
GET, 315.2, 0
GET, 315.3, 0
GET, 315.4, 0
GET, 315.5, 0
GET, 315.6, 0
GET, 315.7, 0
GET, 315.8, 0
GET, 315.9, 0
GET, 316.0, 0
GET, 316.1, 0
GET, 316.2, 0
GET, 316.3, 0
GET, 316.4, 0
GET, 316.5, 0
GET, 316.6, 0
GET, 316.7, 0
GET, 316.8, 0
GET, 316.9, 0
GET, 317.0, 0
GET, 317.1, 0
GET, 317.2, 0
GET, 317.3, 0
GET, 317.4, 0
GET, 317.5, 0
GET, 317.6, 0
GET, 317.7, 0
GET, 317.8, 0
GET, 317.9, 0
GET, 318.0, 0
GET, 318.1, 0
GET, 318.2, 0
GET, 318.3, 0
GET, 318.4, 0
GET, 318.5, 0
GET, 318.6, 0
GET, 318.7, 0
GET, 318.8, 0
GET, 318.9, 0
GET, 319.0, 0
GET, 319.1, 0
GET, 319.2, 0
GET, 319.3, 0
GET, 319.4, 0
GET, 319.5, 0
GET, 319.6, 0
GET, 319.7, 0
GET, 319.8, 0
GET, 319.9, 0
GET, 320.0, 0
GET, 320.1, 0
GET, 320.2, 0
GET, 320.3, 0
GET, 320.4, 0
GET, 320.5, 0
GET, 320.6, 0
GET, 320.7, 0
GET, 320.8, 0
GET, 320.9, 0
GET, 321.0, 0
GET, 321.1, 0
GET, 321.2, 0
GET, 321.3, 0
GET, 321.4, 0
GET, 321.5, 0
GET, 321.6, 0
GET, 321.7, 0
GET, 321.8, 0
GET, 321.9, 0
GET, 322.0, 0
GET, 322.1, 0
GET, 322.2, 0
GET, 322.3, 0
GET, 322.4, 0
GET, 322.5, 0
GET, 322.6, 0
GET, 322.7, 0
GET, 322.8, 0
GET, 322.9, 0
GET, 323.0, 0
GET, 323.1, 0
GET, 323.2, 0
GET, 323.3, 0
GET, 323.4, 0
GET, 323.5, 0
GET, 323.6, 0
GET, 323.7, 0
GET, 323.8, 0
GET, 323.9, 0
GET, 324.0, 0
GET, 324.1, 0
GET, 324.2, 0
GET, 324.3, 0
GET, 324.4, 0
GET, 324.5, 0
GET, 324.6, 0
GET, 324.7, 0
GET, 324.8, 0
GET, 324.9, 0
GET, 325.0, 0
GET, 325.1, 0
GET, 325.2, 0
GET, 325.3, 0
GET, 325.4, 0
GET, 325.5, 0
GET, 325.6, 0
GET, 325.7, 0
GET, 325.8, 0
GET, 325.9, 0
GET, 326.0, 0
GET, 326.1, 0
GET, 326.2, 0
GET, 326.3, 0
GET, 326.4, 0
GET, 326.5, 0
GET, 326.6, 0
GET, 326.7, 0
GET, 326.8, 0
GET, 326.9, 0
GET, 327.0, 0
GET, 327.1, 0
GET, 327.2, 0
GET, 327.3, 0
GET, 327.4, 0
GET, 327.5, 0
GET, 327.6, 0
GET, 327.7, 0
GET, 327.8, 0
GET, 327.9, 0
GET, 328.0, 0
GET, 328.1, 0
GET, 328.2, 0
GET, 328.3, 0
GET, 328.4, 0
GET, 328.5, 0
GET, 328.6, 0
GET, 328.7, 0
GET, 328.8, 0
GET, 328.9, 0
GET, 329.0, 0
GET, 329.1, 0
GET, 329.2, 0
GET, 329.3, 0
GET, 329.4, 0
GET, 329.5, 0
GET, 329.6, 0
GET, 329.7, 0
GET, 329.8, 0
GET, 329.9, 0
GET, 330.0, 0
GET, 330.1, 1
GET, 330.2, 1
