Elapsed Time, AVG Throughput, AVG Queue Size, AVG Waiting Time, AVG Service Time, AVG Response Time, AVG SET Response Time, AVG GET Response Time, AVG MULTI-GET Response Time, #SETS, #GETS, #MULTIGETS, GET MissRatio, MULTI-GET MissRatio, AVG MULTI-GET Size
 5.00, 2743, 58, 23.323847, 19.802274, 43.691964, 0.000000, 43.691964, 0.000000, 0, 13716, 0, 0.00, 0.00, 0
10.00, 2907, 61, 25.048719, 22.550200, 47.695027, 0.000000, 47.695027, 0.000000, 0, 14538, 0, 0.00, 0.00, 0
15.00, 2928, 61, 24.229050, 21.786259, 46.103804, 0.000000, 46.103804, 0.000000, 0, 14641, 0, 0.00, 0.00, 0
20.00, 2954, 61, 23.907976, 21.553501, 45.548869, 0.000000, 45.548869, 0.000000, 0, 14774, 0, 0.00, 0.00, 0
25.00, 2961, 61, 23.826335, 21.481427, 45.412442, 0.000000, 45.412442, 0.000000, 0, 14807, 0, 0.00, 0.00, 0
30.00, 2924, 62, 24.200894, 21.774677, 46.073292, 0.000000, 46.073292, 0.000000, 0, 14622, 0, 0.00, 0.00, 0
35.00, 2960, 61, 23.887528, 21.522972, 45.501013, 0.000000, 45.501013, 0.000000, 0, 14801, 0, 0.00, 0.00, 0
40.00, 2708, 61, 26.456077, 23.108842, 49.675003, 0.000000, 49.675003, 0.000000, 0, 13544, 0, 0.00, 0.00, 0
45.00, 2879, 61, 24.589734, 22.331856, 47.056893, 0.000000, 47.056893, 0.000000, 0, 14396, 0, 0.00, 0.00, 0
50.00, 2960, 62, 23.955194, 21.495872, 45.603079, 0.000000, 45.603079, 0.000000, 0, 14800, 0, 0.00, 0.00, 0
55.00, 2945, 61, 23.911969, 21.578350, 45.609668, 0.000000, 45.609668, 0.000000, 0, 14728, 0, 0.00, 0.00, 0
60.00, 2954, 62, 24.019105, 21.545074, 45.696740, 0.000000, 45.696740, 0.000000, 0, 14774, 0, 0.00, 0.00, 0
65.00, 2962, 61, 23.656939, 21.460984, 45.211585, 0.000000, 45.211585, 0.000000, 0, 14814, 0, 0.00, 0.00, 0
70.00, 2945, 61, 24.119039, 21.609439, 45.840228, 0.000000, 45.840228, 0.000000, 0, 14727, 0, 0.00, 0.00, 0
71.00, 212, 4, 3.352178, 8.109457, 11.557290, 0.000000, 11.557290, 0.000000, 0, 1064, 0, 0.00, 0.00, 0
Type, Interval, Responses
GET, 0.1, 0
GET, 0.2, 0
GET, 0.3, 0
GET, 0.4, 0
GET, 0.5, 1
GET, 0.6, 28
GET, 0.7, 100
GET, 0.8, 122
GET, 0.9, 115
GET, 1.0, 55
GET, 1.1, 48
GET, 1.2, 41
GET, 1.3, 31
GET, 1.4, 20
GET, 1.5, 22
GET, 1.6, 18
GET, 1.7, 14
GET, 1.8, 17
GET, 1.9, 17
GET, 2.0, 18
GET, 2.1, 13
GET, 2.2, 17
GET, 2.3, 12
GET, 2.4, 11
GET, 2.5, 9
GET, 2.6, 9
GET, 2.7, 18
GET, 2.8, 12
GET, 2.9, 8
GET, 3.0, 10
GET, 3.1, 12
GET, 3.2, 19
GET, 3.3, 12
GET, 3.4, 6
GET, 3.5, 15
GET, 3.6, 7
GET, 3.7, 5
GET, 3.8, 8
GET, 3.9, 11
GET, 4.0, 8
GET, 4.1, 4
GET, 4.2, 10
GET, 4.3, 6
GET, 4.4, 9
GET, 4.5, 11
GET, 4.6, 5
GET, 4.7, 4
GET, 4.8, 7
GET, 4.9, 14
GET, 5.0, 8
GET, 5.1, 9
GET, 5.2, 15
GET, 5.3, 10
GET, 5.4, 14
GET, 5.5, 7
GET, 5.6, 8
GET, 5.7, 7
GET, 5.8, 9
GET, 5.9, 6
GET, 6.0, 6
GET, 6.1, 7
GET, 6.2, 10
GET, 6.3, 9
GET, 6.4, 7
GET, 6.5, 11
GET, 6.6, 6
GET, 6.7, 10
GET, 6.8, 13
GET, 6.9, 9
GET, 7.0, 5
GET, 7.1, 3
GET, 7.2, 6
GET, 7.3, 4
GET, 7.4, 1
GET, 7.5, 5
GET, 7.6, 4
GET, 7.7, 2
GET, 7.8, 8
GET, 7.9, 5
GET, 8.0, 7
GET, 8.1, 6
GET, 8.2, 8
GET, 8.3, 8
GET, 8.4, 12
GET, 8.5, 24
GET, 8.6, 12
GET, 8.7, 17
GET, 8.8, 20
GET, 8.9, 18
GET, 9.0, 18
GET, 9.1, 16
GET, 9.2, 13
GET, 9.3, 5
GET, 9.4, 15
GET, 9.5, 8
GET, 9.6, 20
GET, 9.7, 8
GET, 9.8, 14
GET, 9.9, 13
GET, 10.0, 10
GET, 10.1, 13
GET, 10.2, 11
GET, 10.3, 11
GET, 10.4, 15
GET, 10.5, 10
GET, 10.6, 11
GET, 10.7, 9
GET, 10.8, 14
GET, 10.9, 10
GET, 11.0, 17
GET, 11.1, 17
GET, 11.2, 11
GET, 11.3, 13
GET, 11.4, 14
GET, 11.5, 10
GET, 11.6, 14
GET, 11.7, 19
GET, 11.8, 6
GET, 11.9, 15
GET, 12.0, 7
GET, 12.1, 15
GET, 12.2, 14
GET, 12.3, 17
GET, 12.4, 21
GET, 12.5, 18
GET, 12.6, 15
GET, 12.7, 28
GET, 12.8, 17
GET, 12.9, 34
GET, 13.0, 17
GET, 13.1, 17
GET, 13.2, 19
GET, 13.3, 27
GET, 13.4, 20
GET, 13.5, 30
GET, 13.6, 28
GET, 13.7, 31
GET, 13.8, 20
GET, 13.9, 21
GET, 14.0, 21
GET, 14.1, 17
GET, 14.2, 21
GET, 14.3, 25
GET, 14.4, 14
GET, 14.5, 19
GET, 14.6, 22
GET, 14.7, 22
GET, 14.8, 28
GET, 14.9, 24
GET, 15.0, 14
GET, 15.1, 23
GET, 15.2, 21
GET, 15.3, 29
GET, 15.4, 26
GET, 15.5, 19
GET, 15.6, 24
GET, 15.7, 24
GET, 15.8, 24
GET, 15.9, 25
GET, 16.0, 26
GET, 16.1, 17
GET, 16.2, 14
GET, 16.3, 14
GET, 16.4, 9
GET, 16.5, 11
GET, 16.6, 6
GET, 16.7, 17
GET, 16.8, 15
GET, 16.9, 17
GET, 17.0, 12
GET, 17.1, 9
GET, 17.2, 12
GET, 17.3, 10
GET, 17.4, 6
GET, 17.5, 19
GET, 17.6, 14
GET, 17.7, 19
GET, 17.8, 16
GET, 17.9, 9
GET, 18.0, 13
GET, 18.1, 9
GET, 18.2, 14
GET, 18.3, 11
GET, 18.4, 14
GET, 18.5, 17
GET, 18.6, 22
GET, 18.7, 16
GET, 18.8, 17
GET, 18.9, 11
GET, 19.0, 19
GET, 19.1, 17
GET, 19.2, 18
GET, 19.3, 14
GET, 19.4, 13
GET, 19.5, 22
GET, 19.6, 21
GET, 19.7, 22
GET, 19.8, 24
GET, 19.9, 24
GET, 20.0, 21
GET, 20.1, 24
GET, 20.2, 33
GET, 20.3, 26
GET, 20.4, 23
GET, 20.5, 24
GET, 20.6, 16
GET, 20.7, 31
GET, 20.8, 42
GET, 20.9, 37
GET, 21.0, 32
GET, 21.1, 31
GET, 21.2, 43
GET, 21.3, 35
GET, 21.4, 31
GET, 21.5, 33
GET, 21.6, 35
GET, 21.7, 22
GET, 21.8, 31
GET, 21.9, 37
GET, 22.0, 30
GET, 22.1, 28
GET, 22.2, 46
GET, 22.3, 38
GET, 22.4, 41
GET, 22.5, 31
GET, 22.6, 35
GET, 22.7, 32
GET, 22.8, 24
GET, 22.9, 30
GET, 23.0, 34
GET, 23.1, 30
GET, 23.2, 20
GET, 23.3, 33
GET, 23.4, 32
GET, 23.5, 35
GET, 23.6, 52
GET, 23.7, 52
GET, 23.8, 51
GET, 23.9, 49
GET, 24.0, 48
GET, 24.1, 38
GET, 24.2, 56
GET, 24.3, 43
GET, 24.4, 69
GET, 24.5, 79
GET, 24.6, 118
GET, 24.7, 134
GET, 24.8, 146
GET, 24.9, 161
GET, 25.0, 186
GET, 25.1, 199
GET, 25.2, 198
GET, 25.3, 239
GET, 25.4, 252
GET, 25.5, 261
GET, 25.6, 268
GET, 25.7, 282
GET, 25.8, 299
GET, 25.9, 299
GET, 26.0, 287
GET, 26.1, 299
GET, 26.2, 307
GET, 26.3, 320
GET, 26.4, 311
GET, 26.5, 270
GET, 26.6, 287
GET, 26.7, 269
GET, 26.8, 314
GET, 26.9, 274
GET, 27.0, 273
GET, 27.1, 264
GET, 27.2, 249
GET, 27.3, 247
GET, 27.4, 298
GET, 27.5, 288
GET, 27.6, 303
GET, 27.7, 289
GET, 27.8, 292
GET, 27.9, 307
GET, 28.0, 320
GET, 28.1, 361
GET, 28.2, 360
GET, 28.3, 321
GET, 28.4, 316
GET, 28.5, 331
GET, 28.6, 326
GET, 28.7, 315
GET, 28.8, 355
GET, 28.9, 371
GET, 29.0, 342
GET, 29.1, 356
GET, 29.2, 354
GET, 29.3, 382
GET, 29.4, 409
GET, 29.5, 358
GET, 29.6, 416
GET, 29.7, 480
GET, 29.8, 468
GET, 29.9, 524
GET, 30.0, 561
GET, 30.1, 604
GET, 30.2, 654
GET, 30.3, 814
GET, 30.4, 795
GET, 30.5, 939
GET, 30.6, 966
GET, 30.7, 983
GET, 30.8, 1005
GET, 30.9, 909
GET, 31.0, 895
GET, 31.1, 705
GET, 31.2, 673
GET, 31.3, 563
GET, 31.4, 536
GET, 31.5, 481
GET, 31.6, 403
GET, 31.7, 352
GET, 31.8, 289
GET, 31.9, 249
GET, 32.0, 244
GET, 32.1, 221
GET, 32.2, 232
GET, 32.3, 180
GET, 32.4, 200
GET, 32.5, 188
GET, 32.6, 157
GET, 32.7, 172
GET, 32.8, 151
GET, 32.9, 147
GET, 33.0, 166
GET, 33.1, 157
GET, 33.2, 144
GET, 33.3, 167
GET, 33.4, 174
GET, 33.5, 150
GET, 33.6, 170
GET, 33.7, 159
GET, 33.8, 168
GET, 33.9, 151
GET, 34.0, 154
GET, 34.1, 162
GET, 34.2, 171
GET, 34.3, 192
GET, 34.4, 207
GET, 34.5, 181
GET, 34.6, 211
GET, 34.7, 187
GET, 34.8, 190
GET, 34.9, 220
GET, 35.0, 194
GET, 35.1, 209
GET, 35.2, 205
GET, 35.3, 212
GET, 35.4, 205
GET, 35.5, 238
GET, 35.6, 260
GET, 35.7, 251
GET, 35.8, 232
GET, 35.9, 255
GET, 36.0, 236
GET, 36.1, 299
GET, 36.2, 281
GET, 36.3, 317
GET, 36.4, 300
GET, 36.5, 251
GET, 36.6, 238
GET, 36.7, 255
GET, 36.8, 267
GET, 36.9, 293
GET, 37.0, 292
GET, 37.1, 260
GET, 37.2, 272
GET, 37.3, 266
GET, 37.4, 257
GET, 37.5, 285
GET, 37.6, 281
GET, 37.7, 284
GET, 37.8, 279
GET, 37.9, 290
GET, 38.0, 279
GET, 38.1, 280
GET, 38.2, 274
GET, 38.3, 324
GET, 38.4, 291
GET, 38.5, 310
GET, 38.6, 356
GET, 38.7, 346
GET, 38.8, 345
GET, 38.9, 371
GET, 39.0, 347
GET, 39.1, 418
GET, 39.2, 414
GET, 39.3, 458
GET, 39.4, 435
GET, 39.5, 533
GET, 39.6, 541
GET, 39.7, 579
GET, 39.8, 665
GET, 39.9, 653
GET, 40.0, 784
GET, 40.1, 889
GET, 40.2, 906
GET, 40.3, 990
GET, 40.4, 1010
GET, 40.5, 1069
GET, 40.6, 1129
GET, 40.7, 1249
GET, 40.8, 1290
GET, 40.9, 1214
GET, 41.0, 1312
GET, 41.1, 1332
GET, 41.2, 1253
GET, 41.3, 1325
GET, 41.4, 1357
GET, 41.5, 1296
GET, 41.6, 1284
GET, 41.7, 1199
GET, 41.8, 1241
GET, 41.9, 1260
GET, 42.0, 1214
GET, 42.1, 1169
GET, 42.2, 1200
GET, 42.3, 1140
GET, 42.4, 1141
GET, 42.5, 1030
GET, 42.6, 1084
GET, 42.7, 1151
GET, 42.8, 1131
GET, 42.9, 1158
GET, 43.0, 1151
GET, 43.1, 1035
GET, 43.2, 1088
GET, 43.3, 934
GET, 43.4, 1064
GET, 43.5, 1114
GET, 43.6, 1047
GET, 43.7, 1008
GET, 43.8, 1031
GET, 43.9, 1024
GET, 44.0, 1049
GET, 44.1, 1057
GET, 44.2, 1049
GET, 44.3, 1008
GET, 44.4, 1125
GET, 44.5, 1036
GET, 44.6, 1000
GET, 44.7, 1127
GET, 44.8, 1223
GET, 44.9, 1355
GET, 45.0, 1417
GET, 45.1, 1371
GET, 45.2, 1457
GET, 45.3, 1608
GET, 45.4, 1769
GET, 45.5, 1863
GET, 45.6, 2032
GET, 45.7, 2245
GET, 45.8, 2385
GET, 45.9, 2552
GET, 46.0, 2424
GET, 46.1, 2122
GET, 46.2, 1887
GET, 46.3, 1557
GET, 46.4, 1412
GET, 46.5, 1201
GET, 46.6, 1045
GET, 46.7, 897
GET, 46.8, 807
GET, 46.9, 727
GET, 47.0, 687
GET, 47.1, 650
GET, 47.2, 550
GET, 47.3, 512
GET, 47.4, 438
GET, 47.5, 458
GET, 47.6, 390
GET, 47.7, 413
GET, 47.8, 373
GET, 47.9, 354
GET, 48.0, 325
GET, 48.1, 295
GET, 48.2, 327
GET, 48.3, 327
GET, 48.4, 334
GET, 48.5, 308
GET, 48.6, 328
GET, 48.7, 297
GET, 48.8, 338
GET, 48.9, 310
GET, 49.0, 297
GET, 49.1, 282
GET, 49.2, 284
GET, 49.3, 294
GET, 49.4, 295
GET, 49.5, 285
GET, 49.6, 293
GET, 49.7, 315
GET, 49.8, 266
GET, 49.9, 253
GET, 50.0, 265
GET, 50.1, 252
GET, 50.2, 256
GET, 50.3, 260
GET, 50.4, 250
GET, 50.5, 214
GET, 50.6, 255
GET, 50.7, 238
GET, 50.8, 236
GET, 50.9, 254
GET, 51.0, 221
GET, 51.1, 230
GET, 51.2, 196
GET, 51.3, 220
GET, 51.4, 249
GET, 51.5, 229
GET, 51.6, 197
GET, 51.7, 208
GET, 51.8, 172
GET, 51.9, 184
GET, 52.0, 187
GET, 52.1, 178
GET, 52.2, 157
GET, 52.3, 170
GET, 52.4, 155
GET, 52.5, 153
GET, 52.6, 138
GET, 52.7, 145
GET, 52.8, 134
GET, 52.9, 136
GET, 53.0, 163
GET, 53.1, 144
GET, 53.2, 138
GET, 53.3, 116
GET, 53.4, 147
GET, 53.5, 156
GET, 53.6, 134
GET, 53.7, 130
GET, 53.8, 117
GET, 53.9, 159
GET, 54.0, 164
GET, 54.1, 136
GET, 54.2, 156
GET, 54.3, 160
GET, 54.4, 153
GET, 54.5, 162
GET, 54.6, 145
GET, 54.7, 165
GET, 54.8, 165
GET, 54.9, 180
GET, 55.0, 206
GET, 55.1, 215
GET, 55.2, 229
GET, 55.3, 234
GET, 55.4, 241
GET, 55.5, 251
GET, 55.6, 277
GET, 55.7, 270
GET, 55.8, 284
GET, 55.9, 289
GET, 56.0, 321
GET, 56.1, 269
GET, 56.2, 339
GET, 56.3, 338
GET, 56.4, 294
GET, 56.5, 307
GET, 56.6, 349
GET, 56.7, 350
GET, 56.8, 364
GET, 56.9, 386
GET, 57.0, 357
GET, 57.1, 360
GET, 57.2, 319
GET, 57.3, 325
GET, 57.4, 297
GET, 57.5, 294
GET, 57.6, 291
GET, 57.7, 295
GET, 57.8, 296
GET, 57.9, 319
GET, 58.0, 286
GET, 58.1, 276
GET, 58.2, 290
GET, 58.3, 317
GET, 58.4, 264
GET, 58.5, 279
GET, 58.6, 300
GET, 58.7, 298
GET, 58.8, 285
GET, 58.9, 273
GET, 59.0, 284
GET, 59.1, 249
GET, 59.2, 291
GET, 59.3, 265
GET, 59.4, 265
GET, 59.5, 286
GET, 59.6, 242
GET, 59.7, 271
GET, 59.8, 257
GET, 59.9, 248
GET, 60.0, 266
GET, 60.1, 316
GET, 60.2, 277
GET, 60.3, 280
GET, 60.4, 308
GET, 60.5, 314
GET, 60.6, 353
GET, 60.7, 386
GET, 60.8, 373
GET, 60.9, 393
GET, 61.0, 395
GET, 61.1, 407
GET, 61.2, 453
GET, 61.3, 508
GET, 61.4, 506
GET, 61.5, 475
GET, 61.6, 466
GET, 61.7, 423
GET, 61.8, 358
GET, 61.9, 318
GET, 62.0, 281
GET, 62.1, 255
GET, 62.2, 228
GET, 62.3, 202
GET, 62.4, 179
GET, 62.5, 160
GET, 62.6, 150
GET, 62.7, 114
GET, 62.8, 118
GET, 62.9, 123
GET, 63.0, 99
GET, 63.1, 103
GET, 63.2, 86
GET, 63.3, 80
GET, 63.4, 87
GET, 63.5, 76
GET, 63.6, 74
GET, 63.7, 64
GET, 63.8, 73
GET, 63.9, 71
GET, 64.0, 74
GET, 64.1, 70
GET, 64.2, 69
GET, 64.3, 58
GET, 64.4, 56
GET, 64.5, 61
GET, 64.6, 63
GET, 64.7, 80
GET, 64.8, 74
GET, 64.9, 71
GET, 65.0, 75
GET, 65.1, 91
GET, 65.2, 75
GET, 65.3, 60
GET, 65.4, 70
GET, 65.5, 65
GET, 65.6, 76
GET, 65.7, 72
GET, 65.8, 64
GET, 65.9, 70
GET, 66.0, 62
GET, 66.1, 78
GET, 66.2, 68
GET, 66.3, 60
GET, 66.4, 74
GET, 66.5, 62
GET, 66.6, 72
GET, 66.7, 62
GET, 66.8, 53
GET, 66.9, 49
GET, 67.0, 60
GET, 67.1, 70
GET, 67.2, 45
GET, 67.3, 80
GET, 67.4, 64
GET, 67.5, 45
GET, 67.6, 49
GET, 67.7, 38
GET, 67.8, 41
GET, 67.9, 42
GET, 68.0, 34
GET, 68.1, 31
GET, 68.2, 39
GET, 68.3, 44
GET, 68.4, 35
GET, 68.5, 34
GET, 68.6, 43
GET, 68.7, 44
GET, 68.8, 53
GET, 68.9, 45
GET, 69.0, 44
GET, 69.1, 46
GET, 69.2, 35
GET, 69.3, 50
GET, 69.4, 32
GET, 69.5, 40
GET, 69.6, 37
GET, 69.7, 47
GET, 69.8, 51
GET, 69.9, 46
GET, 70.0, 46
GET, 70.1, 53
GET, 70.2, 44
GET, 70.3, 40
GET, 70.4, 42
GET, 70.5, 60
GET, 70.6, 53
GET, 70.7, 55
GET, 70.8, 40
GET, 70.9, 56
GET, 71.0, 69
GET, 71.1, 53
GET, 71.2, 55
GET, 71.3, 69
GET, 71.4, 68
GET, 71.5, 77
GET, 71.6, 71
GET, 71.7, 89
GET, 71.8, 60
GET, 71.9, 78
GET, 72.0, 78
GET, 72.1, 77
GET, 72.2, 77
GET, 72.3, 76
GET, 72.4, 82
GET, 72.5, 80
GET, 72.6, 84
GET, 72.7, 85
GET, 72.8, 81
GET, 72.9, 86
GET, 73.0, 84
GET, 73.1, 65
GET, 73.2, 88
GET, 73.3, 93
GET, 73.4, 73
GET, 73.5, 53
GET, 73.6, 69
GET, 73.7, 62
GET, 73.8, 57
GET, 73.9, 60
GET, 74.0, 67
GET, 74.1, 55
GET, 74.2, 60
GET, 74.3, 60
GET, 74.4, 52
GET, 74.5, 61
GET, 74.6, 71
GET, 74.7, 79
GET, 74.8, 62
GET, 74.9, 71
GET, 75.0, 87
GET, 75.1, 63
GET, 75.2, 38
GET, 75.3, 74
GET, 75.4, 53
GET, 75.5, 68
GET, 75.6, 75
GET, 75.7, 79
GET, 75.8, 70
GET, 75.9, 88
GET, 76.0, 80
GET, 76.1, 66
GET, 76.2, 92
GET, 76.3, 87
GET, 76.4, 100
GET, 76.5, 98
GET, 76.6, 104
GET, 76.7, 112
GET, 76.8, 127
GET, 76.9, 129
GET, 77.0, 115
GET, 77.1, 122
GET, 77.2, 106
GET, 77.3, 114
GET, 77.4, 80
GET, 77.5, 78
GET, 77.6, 76
GET, 77.7, 66
GET, 77.8, 66
GET, 77.9, 60
GET, 78.0, 57
GET, 78.1, 54
GET, 78.2, 41
GET, 78.3, 48
GET, 78.4, 48
GET, 78.5, 38
GET, 78.6, 32
GET, 78.7, 26
GET, 78.8, 21
GET, 78.9, 27
GET, 79.0, 26
GET, 79.1, 22
GET, 79.2, 27
GET, 79.3, 24
GET, 79.4, 24
GET, 79.5, 24
GET, 79.6, 21
GET, 79.7, 18
GET, 79.8, 14
GET, 79.9, 25
GET, 80.0, 17
GET, 80.1, 24
GET, 80.2, 12
GET, 80.3, 19
GET, 80.4, 22
GET, 80.5, 22
GET, 80.6, 34
GET, 80.7, 17
GET, 80.8, 17
GET, 80.9, 10
GET, 81.0, 12
GET, 81.1, 18
GET, 81.2, 14
GET, 81.3, 18
GET, 81.4, 15
GET, 81.5, 23
GET, 81.6, 14
GET, 81.7, 19
GET, 81.8, 17
GET, 81.9, 13
GET, 82.0, 16
GET, 82.1, 22
GET, 82.2, 11
GET, 82.3, 13
GET, 82.4, 18
GET, 82.5, 21
GET, 82.6, 14
GET, 82.7, 17
GET, 82.8, 23
GET, 82.9, 11
GET, 83.0, 16
GET, 83.1, 22
GET, 83.2, 17
GET, 83.3, 19
GET, 83.4, 14
GET, 83.5, 21
GET, 83.6, 9
GET, 83.7, 11
GET, 83.8, 13
GET, 83.9, 7
GET, 84.0, 15
GET, 84.1, 14
GET, 84.2, 13
GET, 84.3, 15
GET, 84.4, 10
GET, 84.5, 8
GET, 84.6, 11
GET, 84.7, 12
GET, 84.8, 9
GET, 84.9, 11
GET, 85.0, 15
GET, 85.1, 16
GET, 85.2, 12
GET, 85.3, 9
GET, 85.4, 14
GET, 85.5, 11
GET, 85.6, 14
GET, 85.7, 7
GET, 85.8, 16
GET, 85.9, 18
GET, 86.0, 17
GET, 86.1, 23
GET, 86.2, 21
GET, 86.3, 31
GET, 86.4, 27
GET, 86.5, 17
GET, 86.6, 25
GET, 86.7, 14
GET, 86.8, 22
GET, 86.9, 17
GET, 87.0, 13
GET, 87.1, 16
GET, 87.2, 14
GET, 87.3, 25
GET, 87.4, 16
GET, 87.5, 27
GET, 87.6, 25
GET, 87.7, 33
GET, 87.8, 16
GET, 87.9, 27
GET, 88.0, 21
GET, 88.1, 30
GET, 88.2, 18
GET, 88.3, 21
GET, 88.4, 21
GET, 88.5, 32
GET, 88.6, 24
GET, 88.7, 36
GET, 88.8, 31
GET, 88.9, 32
GET, 89.0, 33
GET, 89.1, 21
GET, 89.2, 17
GET, 89.3, 19
GET, 89.4, 16
GET, 89.5, 20
GET, 89.6, 28
GET, 89.7, 29
GET, 89.8, 16
GET, 89.9, 19
GET, 90.0, 24
GET, 90.1, 19
GET, 90.2, 15
GET, 90.3, 15
GET, 90.4, 25
GET, 90.5, 15
GET, 90.6, 24
GET, 90.7, 26
GET, 90.8, 21
GET, 90.9, 29
GET, 91.0, 15
GET, 91.1, 18
GET, 91.2, 26
GET, 91.3, 24
GET, 91.4, 22
GET, 91.5, 22
GET, 91.6, 14
GET, 91.7, 23
GET, 91.8, 11
GET, 91.9, 24
GET, 92.0, 20
GET, 92.1, 31
GET, 92.2, 27
GET, 92.3, 22
GET, 92.4, 35
GET, 92.5, 42
GET, 92.6, 34
GET, 92.7, 48
GET, 92.8, 37
GET, 92.9, 58
GET, 93.0, 30
GET, 93.1, 30
GET, 93.2, 27
GET, 93.3, 24
GET, 93.4, 17
GET, 93.5, 11
GET, 93.6, 8
GET, 93.7, 14
GET, 93.8, 12
GET, 93.9, 11
GET, 94.0, 9
GET, 94.1, 6
GET, 94.2, 8
GET, 94.3, 9
GET, 94.4, 7
GET, 94.5, 8
GET, 94.6, 8
GET, 94.7, 12
GET, 94.8, 6
GET, 94.9, 8
GET, 95.0, 11
GET, 95.1, 12
GET, 95.2, 12
GET, 95.3, 12
GET, 95.4, 8
GET, 95.5, 7
GET, 95.6, 5
GET, 95.7, 9
GET, 95.8, 7
GET, 95.9, 4
GET, 96.0, 8
GET, 96.1, 7
GET, 96.2, 4
GET, 96.3, 9
GET, 96.4, 7
GET, 96.5, 4
GET, 96.6, 6
GET, 96.7, 6
GET, 96.8, 4
GET, 96.9, 9
GET, 97.0, 5
GET, 97.1, 4
GET, 97.2, 9
GET, 97.3, 8
GET, 97.4, 9
GET, 97.5, 8
GET, 97.6, 7
GET, 97.7, 6
GET, 97.8, 5
GET, 97.9, 3
GET, 98.0, 7
GET, 98.1, 3
GET, 98.2, 2
GET, 98.3, 9
GET, 98.4, 6
GET, 98.5, 4
GET, 98.6, 1
GET, 98.7, 3
GET, 98.8, 1
GET, 98.9, 1
GET, 99.0, 9
GET, 99.1, 1
GET, 99.2, 2
GET, 99.3, 6
GET, 99.4, 8
GET, 99.5, 3
GET, 99.6, 3
GET, 99.7, 0
GET, 99.8, 4
GET, 99.9, 1
GET, 100.0, 8
GET, 100.1, 2
GET, 100.2, 3
GET, 100.3, 1
GET, 100.4, 4
GET, 100.5, 3
GET, 100.6, 3
GET, 100.7, 2
GET, 100.8, 6
GET, 100.9, 5
GET, 101.0, 2
GET, 101.1, 6
GET, 101.2, 2
GET, 101.3, 3
GET, 101.4, 5
GET, 101.5, 2
GET, 101.6, 4
GET, 101.7, 5
GET, 101.8, 4
GET, 101.9, 1
GET, 102.0, 1
GET, 102.1, 6
GET, 102.2, 3
GET, 102.3, 0
GET, 102.4, 4
GET, 102.5, 3
GET, 102.6, 3
GET, 102.7, 3
GET, 102.8, 4
GET, 102.9, 5
GET, 103.0, 4
GET, 103.1, 3
GET, 103.2, 7
GET, 103.3, 8
GET, 103.4, 6
GET, 103.5, 2
GET, 103.6, 7
GET, 103.7, 2
GET, 103.8, 5
GET, 103.9, 11
GET, 104.0, 12
GET, 104.1, 12
GET, 104.2, 6
GET, 104.3, 8
GET, 104.4, 10
GET, 104.5, 9
GET, 104.6, 7
GET, 104.7, 10
GET, 104.8, 7
GET, 104.9, 3
GET, 105.0, 4
GET, 105.1, 6
GET, 105.2, 6
GET, 105.3, 9
GET, 105.4, 9
GET, 105.5, 8
GET, 105.6, 6
GET, 105.7, 7
GET, 105.8, 3
GET, 105.9, 8
GET, 106.0, 8
GET, 106.1, 12
GET, 106.2, 10
GET, 106.3, 6
GET, 106.4, 4
GET, 106.5, 4
GET, 106.6, 11
GET, 106.7, 9
GET, 106.8, 11
GET, 106.9, 15
GET, 107.0, 20
GET, 107.1, 7
GET, 107.2, 15
GET, 107.3, 17
GET, 107.4, 6
GET, 107.5, 8
GET, 107.6, 16
GET, 107.7, 5
GET, 107.8, 8
GET, 107.9, 10
GET, 108.0, 6
GET, 108.1, 11
GET, 108.2, 13
GET, 108.3, 17
GET, 108.4, 9
GET, 108.5, 17
GET, 108.6, 6
GET, 108.7, 10
GET, 108.8, 8
GET, 108.9, 6
GET, 109.0, 5
GET, 109.1, 4
GET, 109.2, 2
GET, 109.3, 2
GET, 109.4, 5
GET, 109.5, 2
GET, 109.6, 3
GET, 109.7, 2
GET, 109.8, 1
GET, 109.9, 1
GET, 110.0, 2
GET, 110.1, 2
GET, 110.2, 3
GET, 110.3, 1
GET, 110.4, 2
GET, 110.5, 1
GET, 110.6, 3
GET, 110.7, 3
GET, 110.8, 2
GET, 110.9, 3
GET, 111.0, 0
GET, 111.1, 3
GET, 111.2, 1
GET, 111.3, 4
GET, 111.4, 10
GET, 111.5, 8
GET, 111.6, 1
GET, 111.7, 2
GET, 111.8, 2
GET, 111.9, 6
GET, 112.0, 2
GET, 112.1, 2
GET, 112.2, 5
GET, 112.3, 1
GET, 112.4, 3
GET, 112.5, 1
GET, 112.6, 1
GET, 112.7, 3
GET, 112.8, 5
GET, 112.9, 3
GET, 113.0, 2
GET, 113.1, 1
GET, 113.2, 3
GET, 113.3, 1
GET, 113.4, 3
GET, 113.5, 1
GET, 113.6, 0
GET, 113.7, 2
GET, 113.8, 3
GET, 113.9, 2
GET, 114.0, 0
GET, 114.1, 2
GET, 114.2, 1
GET, 114.3, 1
GET, 114.4, 0
GET, 114.5, 1
GET, 114.6, 2
GET, 114.7, 0
GET, 114.8, 1
GET, 114.9, 1
GET, 115.0, 1
GET, 115.1, 5
GET, 115.2, 1
GET, 115.3, 1
GET, 115.4, 1
GET, 115.5, 2
GET, 115.6, 1
GET, 115.7, 2
GET, 115.8, 1
GET, 115.9, 1
GET, 116.0, 0
GET, 116.1, 2
GET, 116.2, 3
GET, 116.3, 2
GET, 116.4, 2
GET, 116.5, 4
GET, 116.6, 4
GET, 116.7, 0
GET, 116.8, 5
GET, 116.9, 8
GET, 117.0, 8
GET, 117.1, 3
GET, 117.2, 4
GET, 117.3, 0
GET, 117.4, 3
GET, 117.5, 6
GET, 117.6, 0
GET, 117.7, 1
GET, 117.8, 1
GET, 117.9, 1
GET, 118.0, 1
GET, 118.1, 1
GET, 118.2, 3
GET, 118.3, 2
GET, 118.4, 0
GET, 118.5, 2
GET, 118.6, 3
GET, 118.7, 3
GET, 118.8, 2
GET, 118.9, 2
GET, 119.0, 4
GET, 119.1, 4
GET, 119.2, 1
GET, 119.3, 2
GET, 119.4, 4
GET, 119.5, 2
GET, 119.6, 8
GET, 119.7, 4
GET, 119.8, 7
GET, 119.9, 2
GET, 120.0, 3
GET, 120.1, 5
GET, 120.2, 3
GET, 120.3, 1
GET, 120.4, 3
GET, 120.5, 0
GET, 120.6, 2
GET, 120.7, 2
GET, 120.8, 2
GET, 120.9, 5
GET, 121.0, 6
GET, 121.1, 4
GET, 121.2, 3
GET, 121.3, 0
GET, 121.4, 3
GET, 121.5, 7
GET, 121.6, 2
GET, 121.7, 4
GET, 121.8, 4
GET, 121.9, 4
GET, 122.0, 4
GET, 122.1, 7
GET, 122.2, 4
GET, 122.3, 1
GET, 122.4, 3
GET, 122.5, 0
GET, 122.6, 1
GET, 122.7, 4
GET, 122.8, 4
GET, 122.9, 4
GET, 123.0, 6
GET, 123.1, 9
GET, 123.2, 1
GET, 123.3, 4
GET, 123.4, 4
GET, 123.5, 4
GET, 123.6, 4
GET, 123.7, 6
GET, 123.8, 5
GET, 123.9, 5
GET, 124.0, 4
GET, 124.1, 8
GET, 124.2, 4
GET, 124.3, 1
GET, 124.4, 0
GET, 124.5, 3
GET, 124.6, 3
GET, 124.7, 6
GET, 124.8, 1
GET, 124.9, 0
GET, 125.0, 0
GET, 125.1, 0
GET, 125.2, 2
GET, 125.3, 1
GET, 125.4, 0
GET, 125.5, 2
GET, 125.6, 2
GET, 125.7, 1
GET, 125.8, 0
GET, 125.9, 5
GET, 126.0, 4
GET, 126.1, 3
GET, 126.2, 0
GET, 126.3, 1
GET, 126.4, 1
GET, 126.5, 2
GET, 126.6, 2
GET, 126.7, 2
GET, 126.8, 1
GET, 126.9, 0
GET, 127.0, 1
GET, 127.1, 2
GET, 127.2, 2
GET, 127.3, 2
GET, 127.4, 1
GET, 127.5, 0
GET, 127.6, 2
GET, 127.7, 3
GET, 127.8, 0
GET, 127.9, 1
GET, 128.0, 1
GET, 128.1, 1
GET, 128.2, 0
GET, 128.3, 0
GET, 128.4, 1
GET, 128.5, 1
GET, 128.6, 0
GET, 128.7, 1
GET, 128.8, 0
GET, 128.9, 0
GET, 129.0, 0
GET, 129.1, 2
GET, 129.2, 1
GET, 129.3, 1
GET, 129.4, 1
GET, 129.5, 1
GET, 129.6, 0
GET, 129.7, 1
GET, 129.8, 1
GET, 129.9, 0
GET, 130.0, 0
GET, 130.1, 0
GET, 130.2, 2
GET, 130.3, 1
GET, 130.4, 0
GET, 130.5, 0
GET, 130.6, 1
GET, 130.7, 1
GET, 130.8, 0
GET, 130.9, 0
GET, 131.0, 1
GET, 131.1, 2
GET, 131.2, 3
GET, 131.3, 1
GET, 131.4, 2
GET, 131.5, 2
GET, 131.6, 0
GET, 131.7, 1
GET, 131.8, 3
GET, 131.9, 1
GET, 132.0, 0
GET, 132.1, 0
GET, 132.2, 1
GET, 132.3, 0
GET, 132.4, 0
GET, 132.5, 2
GET, 132.6, 0
GET, 132.7, 1
GET, 132.8, 0
GET, 132.9, 0
GET, 133.0, 4
GET, 133.1, 1
GET, 133.2, 1
GET, 133.3, 0
GET, 133.4, 1
GET, 133.5, 1
GET, 133.6, 0
GET, 133.7, 2
GET, 133.8, 0
GET, 133.9, 1
GET, 134.0, 0
GET, 134.1, 1
GET, 134.2, 0
GET, 134.3, 0
GET, 134.4, 1
GET, 134.5, 3
GET, 134.6, 1
GET, 134.7, 2
GET, 134.8, 4
GET, 134.9, 0
GET, 135.0, 0
GET, 135.1, 3
GET, 135.2, 1
GET, 135.3, 1
GET, 135.4, 4
GET, 135.5, 4
GET, 135.6, 7
GET, 135.7, 7
GET, 135.8, 6
GET, 135.9, 10
GET, 136.0, 7
GET, 136.1, 1
GET, 136.2, 3
GET, 136.3, 4
GET, 136.4, 4
GET, 136.5, 2
GET, 136.6, 0
GET, 136.7, 2
GET, 136.8, 2
GET, 136.9, 5
GET, 137.0, 0
GET, 137.1, 0
GET, 137.2, 1
GET, 137.3, 2
GET, 137.4, 1
GET, 137.5, 2
GET, 137.6, 0
GET, 137.7, 0
GET, 137.8, 0
GET, 137.9, 1
GET, 138.0, 0
GET, 138.1, 0
GET, 138.2, 0
GET, 138.3, 0
GET, 138.4, 3
GET, 138.5, 2
GET, 138.6, 0
GET, 138.7, 2
GET, 138.8, 0
GET, 138.9, 0
GET, 139.0, 0
GET, 139.1, 1
GET, 139.2, 1
GET, 139.3, 5
GET, 139.4, 3
GET, 139.5, 6
GET, 139.6, 8
GET, 139.7, 4
GET, 139.8, 3
GET, 139.9, 1
GET, 140.0, 4
GET, 140.1, 2
GET, 140.2, 4
GET, 140.3, 3
GET, 140.4, 0
GET, 140.5, 0
GET, 140.6, 3
GET, 140.7, 2
GET, 140.8, 0
GET, 140.9, 1
GET, 141.0, 1
GET, 141.1, 2
GET, 141.2, 0
GET, 141.3, 1
GET, 141.4, 1
GET, 141.5, 2
GET, 141.6, 1
GET, 141.7, 1
GET, 141.8, 1
GET, 141.9, 2
GET, 142.0, 3
GET, 142.1, 0
GET, 142.2, 0
GET, 142.3, 0
GET, 142.4, 1
GET, 142.5, 0
GET, 142.6, 0
GET, 142.7, 1
GET, 142.8, 0
GET, 142.9, 0
GET, 143.0, 0
GET, 143.1, 0
GET, 143.2, 1
GET, 143.3, 1
GET, 143.4, 0
GET, 143.5, 1
GET, 143.6, 0
GET, 143.7, 0
GET, 143.8, 0
GET, 143.9, 1
GET, 144.0, 0
GET, 144.1, 1
GET, 144.2, 0
GET, 144.3, 1
GET, 144.4, 0
GET, 144.5, 0
GET, 144.6, 1
GET, 144.7, 0
GET, 144.8, 0
GET, 144.9, 0
GET, 145.0, 0
GET, 145.1, 0
GET, 145.2, 0
GET, 145.3, 0
GET, 145.4, 0
GET, 145.5, 0
GET, 145.6, 0
GET, 145.7, 0
GET, 145.8, 0
GET, 145.9, 1
GET, 146.0, 0
GET, 146.1, 0
GET, 146.2, 0
GET, 146.3, 0
GET, 146.4, 0
GET, 146.5, 0
GET, 146.6, 0
GET, 146.7, 0
GET, 146.8, 0
GET, 146.9, 1
GET, 147.0, 0
GET, 147.1, 0
GET, 147.2, 0
GET, 147.3, 0
GET, 147.4, 0
GET, 147.5, 0
GET, 147.6, 0
GET, 147.7, 0
GET, 147.8, 0
GET, 147.9, 0
GET, 148.0, 0
GET, 148.1, 0
GET, 148.2, 0
GET, 148.3, 0
GET, 148.4, 0
GET, 148.5, 0
GET, 148.6, 0
GET, 148.7, 0
GET, 148.8, 0
GET, 148.9, 0
GET, 149.0, 1
GET, 149.1, 1
GET, 149.2, 1
GET, 149.3, 0
GET, 149.4, 0
GET, 149.5, 1
GET, 149.6, 0
GET, 149.7, 2
GET, 149.8, 1
GET, 149.9, 1
GET, 150.0, 1
GET, 150.1, 1
GET, 150.2, 0
GET, 150.3, 3
GET, 150.4, 2
GET, 150.5, 1
GET, 150.6, 0
GET, 150.7, 1
GET, 150.8, 1
GET, 150.9, 0
GET, 151.0, 0
GET, 151.1, 1
GET, 151.2, 0
GET, 151.3, 0
GET, 151.4, 1
GET, 151.5, 1
GET, 151.6, 1
GET, 151.7, 1
GET, 151.8, 0
GET, 151.9, 0
GET, 152.0, 0
GET, 152.1, 0
GET, 152.2, 0
GET, 152.3, 1
GET, 152.4, 0
GET, 152.5, 0
GET, 152.6, 0
GET, 152.7, 0
GET, 152.8, 0
GET, 152.9, 0
GET, 153.0, 0
GET, 153.1, 0
GET, 153.2, 1
GET, 153.3, 0
GET, 153.4, 3
GET, 153.5, 0
GET, 153.6, 0
GET, 153.7, 0
GET, 153.8, 0
GET, 153.9, 2
GET, 154.0, 3
GET, 154.1, 6
GET, 154.2, 2
GET, 154.3, 2
GET, 154.4, 1
GET, 154.5, 1
GET, 154.6, 3
GET, 154.7, 1
GET, 154.8, 4
GET, 154.9, 2
GET, 155.0, 6
GET, 155.1, 1
GET, 155.2, 5
GET, 155.3, 8
GET, 155.4, 4
GET, 155.5, 2
GET, 155.6, 1
GET, 155.7, 0
GET, 155.8, 2
GET, 155.9, 0
GET, 156.0, 0
GET, 156.1, 2
GET, 156.2, 0
GET, 156.3, 2
GET, 156.4, 1
GET, 156.5, 0
GET, 156.6, 0
GET, 156.7, 1
GET, 156.8, 0
GET, 156.9, 0
GET, 157.0, 0
GET, 157.1, 1
GET, 157.2, 0
GET, 157.3, 0
GET, 157.4, 0
GET, 157.5, 0
GET, 157.6, 0
GET, 157.7, 0
GET, 157.8, 0
GET, 157.9, 0
GET, 158.0, 2
GET, 158.1, 2
GET, 158.2, 4
GET, 158.3, 4
GET, 158.4, 2
GET, 158.5, 1
GET, 158.6, 1
GET, 158.7, 3
GET, 158.8, 0
GET, 158.9, 0
GET, 159.0, 0
GET, 159.1, 0
GET, 159.2, 0
GET, 159.3, 0
GET, 159.4, 1
GET, 159.5, 0
GET, 159.6, 1
GET, 159.7, 0
GET, 159.8, 1
GET, 159.9, 0
GET, 160.0, 0
GET, 160.1, 1
GET, 160.2, 0
GET, 160.3, 1
GET, 160.4, 1
GET, 160.5, 0
GET, 160.6, 0
GET, 160.7, 0
GET, 160.8, 0
GET, 160.9, 0
GET, 161.0, 0
GET, 161.1, 0
GET, 161.2, 0
GET, 161.3, 0
GET, 161.4, 0
GET, 161.5, 0
GET, 161.6, 0
GET, 161.7, 0
GET, 161.8, 1
GET, 161.9, 0
GET, 162.0, 0
GET, 162.1, 0
GET, 162.2, 0
GET, 162.3, 0
GET, 162.4, 1
GET, 162.5, 0
GET, 162.6, 0
GET, 162.7, 0
GET, 162.8, 1
GET, 162.9, 2
GET, 163.0, 4
GET, 163.1, 2
GET, 163.2, 1
GET, 163.3, 3
GET, 163.4, 1
GET, 163.5, 2
GET, 163.6, 1
GET, 163.7, 0
GET, 163.8, 0
GET, 163.9, 0
GET, 164.0, 1
GET, 164.1, 0
GET, 164.2, 0
GET, 164.3, 0
GET, 164.4, 1
GET, 164.5, 0
GET, 164.6, 2
GET, 164.7, 0
GET, 164.8, 1
GET, 164.9, 3
GET, 165.0, 2
GET, 165.1, 3
GET, 165.2, 1
GET, 165.3, 0
GET, 165.4, 3
GET, 165.5, 3
GET, 165.6, 0
GET, 165.7, 3
GET, 165.8, 2
GET, 165.9, 0
GET, 166.0, 0
GET, 166.1, 0
GET, 166.2, 1
GET, 166.3, 2
GET, 166.4, 1
GET, 166.5, 2
GET, 166.6, 0
GET, 166.7, 0
GET, 166.8, 0
GET, 166.9, 2
GET, 167.0, 1
GET, 167.1, 0
GET, 167.2, 0
GET, 167.3, 1
GET, 167.4, 2
GET, 167.5, 0
GET, 167.6, 0
GET, 167.7, 0
GET, 167.8, 1
GET, 167.9, 2
GET, 168.0, 0
GET, 168.1, 0
GET, 168.2, 0
GET, 168.3, 2
GET, 168.4, 2
GET, 168.5, 1
GET, 168.6, 1
GET, 168.7, 0
GET, 168.8, 2
GET, 168.9, 0
GET, 169.0, 1
GET, 169.1, 0
GET, 169.2, 0
GET, 169.3, 0
GET, 169.4, 1
GET, 169.5, 0
GET, 169.6, 0
GET, 169.7, 0
GET, 169.8, 0
GET, 169.9, 1
GET, 170.0, 0
GET, 170.1, 0
GET, 170.2, 0
GET, 170.3, 0
GET, 170.4, 0
GET, 170.5, 0
GET, 170.6, 1
GET, 170.7, 0
GET, 170.8, 0
GET, 170.9, 0
GET, 171.0, 0
GET, 171.1, 0
GET, 171.2, 1
GET, 171.3, 0
GET, 171.4, 1
GET, 171.5, 0
GET, 171.6, 0
GET, 171.7, 0
GET, 171.8, 0
GET, 171.9, 2
GET, 172.0, 0
GET, 172.1, 0
GET, 172.2, 0
GET, 172.3, 0
GET, 172.4, 0
GET, 172.5, 0
GET, 172.6, 0
GET, 172.7, 1
GET, 172.8, 0
GET, 172.9, 0
GET, 173.0, 0
GET, 173.1, 0
GET, 173.2, 1
GET, 173.3, 0
GET, 173.4, 0
GET, 173.5, 0
GET, 173.6, 0
GET, 173.7, 0
GET, 173.8, 0
GET, 173.9, 2
GET, 174.0, 0
GET, 174.1, 0
GET, 174.2, 1
GET, 174.3, 0
GET, 174.4, 1
GET, 174.5, 2
GET, 174.6, 1
GET, 174.7, 1
GET, 174.8, 0
GET, 174.9, 0
GET, 175.0, 1
GET, 175.1, 0
GET, 175.2, 0
GET, 175.3, 0
GET, 175.4, 0
GET, 175.5, 0
GET, 175.6, 0
GET, 175.7, 0
GET, 175.8, 0
GET, 175.9, 1
GET, 176.0, 1
GET, 176.1, 0
GET, 176.2, 0
GET, 176.3, 0
GET, 176.4, 0
GET, 176.5, 0
GET, 176.6, 1
GET, 176.7, 0
GET, 176.8, 0
GET, 176.9, 0
GET, 177.0, 0
GET, 177.1, 0
GET, 177.2, 0
GET, 177.3, 0
GET, 177.4, 1
GET, 177.5, 0
GET, 177.6, 0
GET, 177.7, 0
GET, 177.8, 0
GET, 177.9, 0
GET, 178.0, 0
GET, 178.1, 0
GET, 178.2, 0
GET, 178.3, 0
GET, 178.4, 0
GET, 178.5, 0
GET, 178.6, 0
GET, 178.7, 0
GET, 178.8, 0
GET, 178.9, 0
GET, 179.0, 0
GET, 179.1, 1
GET, 179.2, 0
GET, 179.3, 0
GET, 179.4, 0
GET, 179.5, 0
GET, 179.6, 0
GET, 179.7, 0
GET, 179.8, 0
GET, 179.9, 1
GET, 180.0, 0
GET, 180.1, 0
GET, 180.2, 0
GET, 180.3, 0
GET, 180.4, 0
GET, 180.5, 0
GET, 180.6, 0
GET, 180.7, 0
GET, 180.8, 0
GET, 180.9, 0
GET, 181.0, 0
GET, 181.1, 0
GET, 181.2, 0
GET, 181.3, 0
GET, 181.4, 0
GET, 181.5, 0
GET, 181.6, 0
GET, 181.7, 0
GET, 181.8, 0
GET, 181.9, 0
GET, 182.0, 0
GET, 182.1, 0
GET, 182.2, 0
GET, 182.3, 0
GET, 182.4, 0
GET, 182.5, 0
GET, 182.6, 0
GET, 182.7, 0
GET, 182.8, 0
GET, 182.9, 0
GET, 183.0, 0
GET, 183.1, 0
GET, 183.2, 1
GET, 183.3, 1
GET, 183.4, 0
GET, 183.5, 0
GET, 183.6, 0
GET, 183.7, 1
GET, 183.8, 1
GET, 183.9, 0
GET, 184.0, 0
GET, 184.1, 0
GET, 184.2, 0
GET, 184.3, 0
GET, 184.4, 0
GET, 184.5, 0
GET, 184.6, 0
GET, 184.7, 0
GET, 184.8, 0
GET, 184.9, 0
GET, 185.0, 0
GET, 185.1, 1
GET, 185.2, 0
GET, 185.3, 0
GET, 185.4, 0
GET, 185.5, 0
GET, 185.6, 0
GET, 185.7, 0
GET, 185.8, 0
GET, 185.9, 0
GET, 186.0, 0
GET, 186.1, 2
GET, 186.2, 0
GET, 186.3, 0
GET, 186.4, 1
GET, 186.5, 0
GET, 186.6, 0
GET, 186.7, 1
GET, 186.8, 0
GET, 186.9, 2
GET, 187.0, 2
GET, 187.1, 1
GET, 187.2, 2
GET, 187.3, 1
GET, 187.4, 2
GET, 187.5, 0
GET, 187.6, 0
GET, 187.7, 0
GET, 187.8, 0
GET, 187.9, 0
GET, 188.0, 0
GET, 188.1, 0
GET, 188.2, 0
GET, 188.3, 0
GET, 188.4, 2
GET, 188.5, 2
GET, 188.6, 0
GET, 188.7, 0
GET, 188.8, 0
GET, 188.9, 0
GET, 189.0, 0
GET, 189.1, 0
GET, 189.2, 0
GET, 189.3, 0
GET, 189.4, 0
GET, 189.5, 0
GET, 189.6, 0
GET, 189.7, 0
GET, 189.8, 0
GET, 189.9, 0
GET, 190.0, 0
GET, 190.1, 0
GET, 190.2, 0
GET, 190.3, 0
GET, 190.4, 0
GET, 190.5, 0
GET, 190.6, 0
GET, 190.7, 0
GET, 190.8, 1
GET, 190.9, 1
GET, 191.0, 0
GET, 191.1, 2
GET, 191.2, 1
GET, 191.3, 0
GET, 191.4, 0
GET, 191.5, 0
GET, 191.6, 0
GET, 191.7, 0
GET, 191.8, 0
GET, 191.9, 0
GET, 192.0, 0
GET, 192.1, 0
GET, 192.2, 0
GET, 192.3, 0
GET, 192.4, 0
GET, 192.5, 0
GET, 192.6, 0
GET, 192.7, 0
GET, 192.8, 1
GET, 192.9, 0
GET, 193.0, 2
GET, 193.1, 2
GET, 193.2, 0
GET, 193.3, 3
GET, 193.4, 2
GET, 193.5, 2
GET, 193.6, 6
GET, 193.7, 1
GET, 193.8, 7
GET, 193.9, 13
GET, 194.0, 7
GET, 194.1, 11
GET, 194.2, 8
GET, 194.3, 10
GET, 194.4, 8
GET, 194.5, 4
GET, 194.6, 6
GET, 194.7, 2
GET, 194.8, 5
GET, 194.9, 1
GET, 195.0, 1
GET, 195.1, 1
GET, 195.2, 2
GET, 195.3, 0
GET, 195.4, 3
GET, 195.5, 0
GET, 195.6, 1
GET, 195.7, 1
GET, 195.8, 2
GET, 195.9, 0
GET, 196.0, 1
GET, 196.1, 0
GET, 196.2, 0
GET, 196.3, 0
GET, 196.4, 0
GET, 196.5, 0
GET, 196.6, 0
GET, 196.7, 1
GET, 196.8, 0
GET, 196.9, 1
GET, 197.0, 0
GET, 197.1, 0
GET, 197.2, 1
GET, 197.3, 1
GET, 197.4, 0
GET, 197.5, 0
GET, 197.6, 0
GET, 197.7, 3
GET, 197.8, 0
GET, 197.9, 0
GET, 198.0, 0
GET, 198.1, 0
GET, 198.2, 0
GET, 198.3, 0
GET, 198.4, 0
GET, 198.5, 0
GET, 198.6, 0
GET, 198.7, 0
GET, 198.8, 0
GET, 198.9, 0
GET, 199.0, 0
GET, 199.1, 0
GET, 199.2, 0
GET, 199.3, 0
GET, 199.4, 0
GET, 199.5, 0
GET, 199.6, 0
GET, 199.7, 1
GET, 199.8, 2
GET, 199.9, 0
GET, 200.0, 0
GET, 200.1, 0
GET, 200.2, 0
GET, 200.3, 0
GET, 200.4, 0
GET, 200.5, 0
GET, 200.6, 0
GET, 200.7, 0
GET, 200.8, 0
GET, 200.9, 0
GET, 201.0, 0
GET, 201.1, 0
GET, 201.2, 0
GET, 201.3, 0
GET, 201.4, 0
GET, 201.5, 0
GET, 201.6, 1
GET, 201.7, 1
GET, 201.8, 2
GET, 201.9, 1
GET, 202.0, 2
GET, 202.1, 2
GET, 202.2, 1
GET, 202.3, 0
GET, 202.4, 0
GET, 202.5, 0
GET, 202.6, 0
GET, 202.7, 1
GET, 202.8, 1
GET, 202.9, 0
GET, 203.0, 0
GET, 203.1, 0
GET, 203.2, 1
GET, 203.3, 1
GET, 203.4, 0
GET, 203.5, 0
GET, 203.6, 0
GET, 203.7, 0
GET, 203.8, 0
GET, 203.9, 1
GET, 204.0, 1
GET, 204.1, 0
GET, 204.2, 1
GET, 204.3, 0
GET, 204.4, 0
GET, 204.5, 0
GET, 204.6, 0
GET, 204.7, 0
GET, 204.8, 0
GET, 204.9, 0
GET, 205.0, 0
GET, 205.1, 0
GET, 205.2, 0
GET, 205.3, 0
GET, 205.4, 0
GET, 205.5, 0
GET, 205.6, 0
GET, 205.7, 0
GET, 205.8, 0
GET, 205.9, 0
GET, 206.0, 0
GET, 206.1, 0
GET, 206.2, 0
GET, 206.3, 0
GET, 206.4, 0
GET, 206.5, 0
GET, 206.6, 0
GET, 206.7, 0
GET, 206.8, 0
GET, 206.9, 0
GET, 207.0, 0
GET, 207.1, 1
GET, 207.2, 1
GET, 207.3, 0
GET, 207.4, 1
GET, 207.5, 0
GET, 207.6, 0
GET, 207.7, 0
GET, 207.8, 0
GET, 207.9, 0
GET, 208.0, 0
GET, 208.1, 0
GET, 208.2, 0
GET, 208.3, 0
GET, 208.4, 0
GET, 208.5, 1
GET, 208.6, 0
GET, 208.7, 0
GET, 208.8, 0
GET, 208.9, 0
GET, 209.0, 0
GET, 209.1, 0
GET, 209.2, 0
GET, 209.3, 0
GET, 209.4, 0
GET, 209.5, 0
GET, 209.6, 0
GET, 209.7, 0
GET, 209.8, 0
GET, 209.9, 0
GET, 210.0, 0
GET, 210.1, 0
GET, 210.2, 0
GET, 210.3, 0
GET, 210.4, 0
GET, 210.5, 0
GET, 210.6, 0
GET, 210.7, 0
GET, 210.8, 0
GET, 210.9, 0
GET, 211.0, 0
GET, 211.1, 0
GET, 211.2, 1
GET, 211.3, 1
GET, 211.4, 0
GET, 211.5, 0
GET, 211.6, 0
GET, 211.7, 0
GET, 211.8, 0
GET, 211.9, 0
GET, 212.0, 0
GET, 212.1, 0
GET, 212.2, 0
GET, 212.3, 0
GET, 212.4, 0
GET, 212.5, 1
GET, 212.6, 0
GET, 212.7, 0
GET, 212.8, 0
GET, 212.9, 0
GET, 213.0, 0
GET, 213.1, 0
GET, 213.2, 0
GET, 213.3, 0
GET, 213.4, 0
GET, 213.5, 0
GET, 213.6, 0
GET, 213.7, 0
GET, 213.8, 0
GET, 213.9, 0
GET, 214.0, 0
GET, 214.1, 0
GET, 214.2, 0
GET, 214.3, 0
GET, 214.4, 0
GET, 214.5, 0
GET, 214.6, 0
GET, 214.7, 0
GET, 214.8, 0
GET, 214.9, 0
GET, 215.0, 0
GET, 215.1, 0
GET, 215.2, 0
GET, 215.3, 0
GET, 215.4, 0
GET, 215.5, 0
GET, 215.6, 0
GET, 215.7, 0
GET, 215.8, 0
GET, 215.9, 0
GET, 216.0, 0
GET, 216.1, 0
GET, 216.2, 0
GET, 216.3, 0
GET, 216.4, 0
GET, 216.5, 0
GET, 216.6, 0
GET, 216.7, 0
GET, 216.8, 0
GET, 216.9, 0
GET, 217.0, 0
GET, 217.1, 0
GET, 217.2, 0
GET, 217.3, 0
GET, 217.4, 0
GET, 217.5, 0
GET, 217.6, 0
GET, 217.7, 0
GET, 217.8, 1
GET, 217.9, 0
GET, 218.0, 2
GET, 218.1, 0
GET, 218.2, 0
GET, 218.3, 0
GET, 218.4, 0
GET, 218.5, 0
GET, 218.6, 0
GET, 218.7, 0
GET, 218.8, 0
GET, 218.9, 0
GET, 219.0, 0
GET, 219.1, 0
GET, 219.2, 0
GET, 219.3, 0
GET, 219.4, 0
GET, 219.5, 0
GET, 219.6, 0
GET, 219.7, 0
GET, 219.8, 0
GET, 219.9, 0
GET, 220.0, 0
GET, 220.1, 0
GET, 220.2, 0
GET, 220.3, 1
GET, 220.4, 0
GET, 220.5, 0
GET, 220.6, 0
GET, 220.7, 0
GET, 220.8, 0
GET, 220.9, 0
GET, 221.0, 0
GET, 221.1, 0
GET, 221.2, 0
GET, 221.3, 0
GET, 221.4, 1
GET, 221.5, 0
GET, 221.6, 0
GET, 221.7, 0
GET, 221.8, 0
GET, 221.9, 0
GET, 222.0, 0
GET, 222.1, 0
GET, 222.2, 0
GET, 222.3, 0
GET, 222.4, 0
GET, 222.5, 0
GET, 222.6, 0
GET, 222.7, 0
GET, 222.8, 0
GET, 222.9, 0
GET, 223.0, 0
GET, 223.1, 0
GET, 223.2, 0
GET, 223.3, 0
GET, 223.4, 0
GET, 223.5, 0
GET, 223.6, 0
GET, 223.7, 0
GET, 223.8, 0
GET, 223.9, 0
GET, 224.0, 0
GET, 224.1, 0
GET, 224.2, 0
GET, 224.3, 0
GET, 224.4, 0
GET, 224.5, 0
GET, 224.6, 0
GET, 224.7, 0
GET, 224.8, 0
GET, 224.9, 0
GET, 225.0, 0
GET, 225.1, 0
GET, 225.2, 0
GET, 225.3, 0
GET, 225.4, 0
GET, 225.5, 0
GET, 225.6, 0
GET, 225.7, 0
GET, 225.8, 0
GET, 225.9, 0
GET, 226.0, 0
GET, 226.1, 0
GET, 226.2, 0
GET, 226.3, 0
GET, 226.4, 0
GET, 226.5, 0
GET, 226.6, 0
GET, 226.7, 0
GET, 226.8, 1
GET, 226.9, 0
GET, 227.0, 0
GET, 227.1, 0
GET, 227.2, 0
GET, 227.3, 0
GET, 227.4, 0
GET, 227.5, 0
GET, 227.6, 0
GET, 227.7, 0
GET, 227.8, 0
GET, 227.9, 0
GET, 228.0, 0
GET, 228.1, 0
GET, 228.2, 0
GET, 228.3, 0
GET, 228.4, 1
GET, 228.5, 0
GET, 228.6, 0
GET, 228.7, 0
GET, 228.8, 0
GET, 228.9, 0
GET, 229.0, 0
GET, 229.1, 0
GET, 229.2, 0
GET, 229.3, 0
GET, 229.4, 0
GET, 229.5, 0
GET, 229.6, 1
GET, 229.7, 0
GET, 229.8, 0
GET, 229.9, 0
GET, 230.0, 3
GET, 230.1, 0
GET, 230.2, 0
GET, 230.3, 1
GET, 230.4, 0
GET, 230.5, 0
GET, 230.6, 0
GET, 230.7, 0
GET, 230.8, 0
GET, 230.9, 0
GET, 231.0, 0
GET, 231.1, 0
GET, 231.2, 0
GET, 231.3, 1
GET, 231.4, 1
GET, 231.5, 0
GET, 231.6, 0
GET, 231.7, 0
GET, 231.8, 0
GET, 231.9, 0
GET, 232.0, 0
GET, 232.1, 0
GET, 232.2, 0
GET, 232.3, 0
GET, 232.4, 0
GET, 232.5, 0
GET, 232.6, 0
GET, 232.7, 0
GET, 232.8, 0
GET, 232.9, 0
GET, 233.0, 0
GET, 233.1, 0
GET, 233.2, 0
GET, 233.3, 0
GET, 233.4, 3
GET, 233.5, 1
GET, 233.6, 0
GET, 233.7, 0
GET, 233.8, 0
GET, 233.9, 0
GET, 234.0, 0
GET, 234.1, 0
GET, 234.2, 0
GET, 234.3, 0
GET, 234.4, 0
GET, 234.5, 0
GET, 234.6, 0
GET, 234.7, 0
GET, 234.8, 0
GET, 234.9, 0
GET, 235.0, 0
GET, 235.1, 0
GET, 235.2, 0
GET, 235.3, 0
GET, 235.4, 0
GET, 235.5, 0
GET, 235.6, 0
GET, 235.7, 0
GET, 235.8, 0
GET, 235.9, 0
GET, 236.0, 0
GET, 236.1, 0
GET, 236.2, 0
GET, 236.3, 0
GET, 236.4, 0
GET, 236.5, 0
GET, 236.6, 0
GET, 236.7, 0
GET, 236.8, 0
GET, 236.9, 0
GET, 237.0, 0
GET, 237.1, 0
GET, 237.2, 0
GET, 237.3, 0
GET, 237.4, 0
GET, 237.5, 0
GET, 237.6, 0
GET, 237.7, 0
GET, 237.8, 0
GET, 237.9, 0
GET, 238.0, 0
GET, 238.1, 0
GET, 238.2, 0
GET, 238.3, 0
GET, 238.4, 0
GET, 238.5, 0
GET, 238.6, 0
GET, 238.7, 0
GET, 238.8, 0
GET, 238.9, 0
GET, 239.0, 0
GET, 239.1, 0
GET, 239.2, 0
GET, 239.3, 0
GET, 239.4, 0
GET, 239.5, 0
GET, 239.6, 0
GET, 239.7, 0
GET, 239.8, 0
GET, 239.9, 0
GET, 240.0, 0
GET, 240.1, 0
GET, 240.2, 0
GET, 240.3, 0
GET, 240.4, 0
GET, 240.5, 0
GET, 240.6, 0
GET, 240.7, 0
GET, 240.8, 0
GET, 240.9, 0
GET, 241.0, 0
GET, 241.1, 0
GET, 241.2, 0
GET, 241.3, 0
GET, 241.4, 0
GET, 241.5, 0
GET, 241.6, 0
GET, 241.7, 0
GET, 241.8, 0
GET, 241.9, 0
GET, 242.0, 0
GET, 242.1, 0
GET, 242.2, 0
GET, 242.3, 0
GET, 242.4, 0
GET, 242.5, 0
GET, 242.6, 0
GET, 242.7, 0
GET, 242.8, 0
GET, 242.9, 0
GET, 243.0, 0
GET, 243.1, 0
GET, 243.2, 0
GET, 243.3, 0
GET, 243.4, 0
GET, 243.5, 0
GET, 243.6, 0
GET, 243.7, 0
GET, 243.8, 0
GET, 243.9, 0
GET, 244.0, 0
GET, 244.1, 0
GET, 244.2, 0
GET, 244.3, 0
GET, 244.4, 0
GET, 244.5, 0
GET, 244.6, 0
GET, 244.7, 0
GET, 244.8, 0
GET, 244.9, 0
GET, 245.0, 0
GET, 245.1, 0
GET, 245.2, 0
GET, 245.3, 0
GET, 245.4, 0
GET, 245.5, 0
GET, 245.6, 0
GET, 245.7, 0
GET, 245.8, 0
GET, 245.9, 0
GET, 246.0, 0
GET, 246.1, 0
GET, 246.2, 0
GET, 246.3, 0
GET, 246.4, 0
GET, 246.5, 0
GET, 246.6, 0
GET, 246.7, 0
GET, 246.8, 0
GET, 246.9, 0
GET, 247.0, 0
GET, 247.1, 0
GET, 247.2, 0
GET, 247.3, 0
GET, 247.4, 0
GET, 247.5, 0
GET, 247.6, 0
GET, 247.7, 0
GET, 247.8, 0
GET, 247.9, 0
GET, 248.0, 0
GET, 248.1, 0
GET, 248.2, 0
GET, 248.3, 0
GET, 248.4, 0
GET, 248.5, 0
GET, 248.6, 0
GET, 248.7, 0
GET, 248.8, 0
GET, 248.9, 0
GET, 249.0, 0
GET, 249.1, 0
GET, 249.2, 0
GET, 249.3, 0
GET, 249.4, 0
GET, 249.5, 0
GET, 249.6, 0
GET, 249.7, 0
GET, 249.8, 0
GET, 249.9, 0
GET, 250.0, 0
GET, 250.1, 0
GET, 250.2, 0
GET, 250.3, 0
GET, 250.4, 0
GET, 250.5, 0
GET, 250.6, 0
GET, 250.7, 0
GET, 250.8, 0
GET, 250.9, 0
GET, 251.0, 0
GET, 251.1, 0
GET, 251.2, 0
GET, 251.3, 0
GET, 251.4, 0
GET, 251.5, 0
GET, 251.6, 0
GET, 251.7, 0
GET, 251.8, 0
GET, 251.9, 0
GET, 252.0, 0
GET, 252.1, 0
GET, 252.2, 0
GET, 252.3, 0
GET, 252.4, 0
GET, 252.5, 0
GET, 252.6, 0
GET, 252.7, 0
GET, 252.8, 0
GET, 252.9, 0
GET, 253.0, 0
GET, 253.1, 0
GET, 253.2, 0
GET, 253.3, 0
GET, 253.4, 0
GET, 253.5, 0
GET, 253.6, 0
GET, 253.7, 0
GET, 253.8, 0
GET, 253.9, 0
GET, 254.0, 0
GET, 254.1, 0
GET, 254.2, 0
GET, 254.3, 0
GET, 254.4, 0
GET, 254.5, 0
GET, 254.6, 0
GET, 254.7, 0
GET, 254.8, 0
GET, 254.9, 0
GET, 255.0, 0
GET, 255.1, 0
GET, 255.2, 0
GET, 255.3, 0
GET, 255.4, 0
GET, 255.5, 0
GET, 255.6, 0
GET, 255.7, 0
GET, 255.8, 0
GET, 255.9, 0
GET, 256.0, 0
GET, 256.1, 0
GET, 256.2, 0
GET, 256.3, 0
GET, 256.4, 0
GET, 256.5, 0
GET, 256.6, 0
GET, 256.7, 0
GET, 256.8, 0
GET, 256.9, 0
GET, 257.0, 0
GET, 257.1, 0
GET, 257.2, 0
GET, 257.3, 0
GET, 257.4, 0
GET, 257.5, 0
GET, 257.6, 0
GET, 257.7, 0
GET, 257.8, 0
GET, 257.9, 0
GET, 258.0, 0
GET, 258.1, 0
GET, 258.2, 0
GET, 258.3, 0
GET, 258.4, 0
GET, 258.5, 0
GET, 258.6, 0
GET, 258.7, 0
GET, 258.8, 0
GET, 258.9, 0
GET, 259.0, 0
GET, 259.1, 0
GET, 259.2, 0
GET, 259.3, 0
GET, 259.4, 0
GET, 259.5, 0
GET, 259.6, 0
GET, 259.7, 0
GET, 259.8, 0
GET, 259.9, 0
GET, 260.0, 0
GET, 260.1, 0
GET, 260.2, 0
GET, 260.3, 0
GET, 260.4, 0
GET, 260.5, 0
GET, 260.6, 0
GET, 260.7, 0
GET, 260.8, 0
GET, 260.9, 0
GET, 261.0, 0
GET, 261.1, 0
GET, 261.2, 0
GET, 261.3, 0
GET, 261.4, 0
GET, 261.5, 0
GET, 261.6, 0
GET, 261.7, 0
GET, 261.8, 0
GET, 261.9, 0
GET, 262.0, 0
GET, 262.1, 0
GET, 262.2, 0
GET, 262.3, 0
GET, 262.4, 0
GET, 262.5, 0
GET, 262.6, 0
GET, 262.7, 0
GET, 262.8, 0
GET, 262.9, 0
GET, 263.0, 0
GET, 263.1, 0
GET, 263.2, 0
GET, 263.3, 0
GET, 263.4, 0
GET, 263.5, 0
GET, 263.6, 0
GET, 263.7, 0
GET, 263.8, 0
GET, 263.9, 0
GET, 264.0, 0
GET, 264.1, 0
GET, 264.2, 0
GET, 264.3, 0
GET, 264.4, 0
GET, 264.5, 0
GET, 264.6, 0
GET, 264.7, 0
GET, 264.8, 0
GET, 264.9, 0
GET, 265.0, 0
GET, 265.1, 0
GET, 265.2, 0
GET, 265.3, 0
GET, 265.4, 0
GET, 265.5, 0
GET, 265.6, 0
GET, 265.7, 0
GET, 265.8, 0
GET, 265.9, 0
GET, 266.0, 0
GET, 266.1, 0
GET, 266.2, 0
GET, 266.3, 0
GET, 266.4, 0
GET, 266.5, 0
GET, 266.6, 0
GET, 266.7, 0
GET, 266.8, 0
GET, 266.9, 0
GET, 267.0, 0
GET, 267.1, 0
GET, 267.2, 0
GET, 267.3, 0
GET, 267.4, 0
GET, 267.5, 0
GET, 267.6, 0
GET, 267.7, 0
GET, 267.8, 0
GET, 267.9, 0
GET, 268.0, 0
GET, 268.1, 0
GET, 268.2, 0
GET, 268.3, 0
GET, 268.4, 0
GET, 268.5, 0
GET, 268.6, 0
GET, 268.7, 0
GET, 268.8, 0
GET, 268.9, 0
GET, 269.0, 0
GET, 269.1, 0
GET, 269.2, 0
GET, 269.3, 0
GET, 269.4, 0
GET, 269.5, 0
GET, 269.6, 0
GET, 269.7, 0
GET, 269.8, 0
GET, 269.9, 0
GET, 270.0, 0
GET, 270.1, 0
GET, 270.2, 0
GET, 270.3, 0
GET, 270.4, 0
GET, 270.5, 0
GET, 270.6, 0
GET, 270.7, 0
GET, 270.8, 0
GET, 270.9, 0
GET, 271.0, 0
GET, 271.1, 0
GET, 271.2, 0
GET, 271.3, 0
GET, 271.4, 0
GET, 271.5, 0
GET, 271.6, 0
GET, 271.7, 0
GET, 271.8, 0
GET, 271.9, 0
GET, 272.0, 0
GET, 272.1, 0
GET, 272.2, 0
GET, 272.3, 0
GET, 272.4, 0
GET, 272.5, 0
GET, 272.6, 0
GET, 272.7, 0
GET, 272.8, 0
GET, 272.9, 0
GET, 273.0, 0
GET, 273.1, 0
GET, 273.2, 0
GET, 273.3, 0
GET, 273.4, 0
GET, 273.5, 0
GET, 273.6, 0
GET, 273.7, 0
GET, 273.8, 0
GET, 273.9, 0
GET, 274.0, 0
GET, 274.1, 0
GET, 274.2, 0
GET, 274.3, 0
GET, 274.4, 0
GET, 274.5, 0
GET, 274.6, 0
GET, 274.7, 0
GET, 274.8, 0
GET, 274.9, 0
GET, 275.0, 0
GET, 275.1, 0
GET, 275.2, 0
GET, 275.3, 0
GET, 275.4, 0
GET, 275.5, 0
GET, 275.6, 0
GET, 275.7, 0
GET, 275.8, 0
GET, 275.9, 0
GET, 276.0, 0
GET, 276.1, 0
GET, 276.2, 0
GET, 276.3, 0
GET, 276.4, 0
GET, 276.5, 0
GET, 276.6, 0
GET, 276.7, 0
GET, 276.8, 0
GET, 276.9, 0
GET, 277.0, 0
GET, 277.1, 0
GET, 277.2, 0
GET, 277.3, 0
GET, 277.4, 0
GET, 277.5, 0
GET, 277.6, 0
GET, 277.7, 0
GET, 277.8, 0
GET, 277.9, 0
GET, 278.0, 0
GET, 278.1, 0
GET, 278.2, 0
GET, 278.3, 0
GET, 278.4, 0
GET, 278.5, 0
GET, 278.6, 0
GET, 278.7, 0
GET, 278.8, 0
GET, 278.9, 0
GET, 279.0, 0
GET, 279.1, 0
GET, 279.2, 0
GET, 279.3, 0
GET, 279.4, 0
GET, 279.5, 0
GET, 279.6, 0
GET, 279.7, 0
GET, 279.8, 0
GET, 279.9, 0
GET, 280.0, 0
GET, 280.1, 0
GET, 280.2, 0
GET, 280.3, 0
GET, 280.4, 0
GET, 280.5, 0
GET, 280.6, 0
GET, 280.7, 0
GET, 280.8, 0
GET, 280.9, 0
GET, 281.0, 0
GET, 281.1, 0
GET, 281.2, 0
GET, 281.3, 0
GET, 281.4, 0
GET, 281.5, 0
GET, 281.6, 0
GET, 281.7, 0
GET, 281.8, 0
GET, 281.9, 0
GET, 282.0, 0
GET, 282.1, 0
GET, 282.2, 0
GET, 282.3, 0
GET, 282.4, 0
GET, 282.5, 0
GET, 282.6, 0
GET, 282.7, 0
GET, 282.8, 0
GET, 282.9, 0
GET, 283.0, 0
GET, 283.1, 0
GET, 283.2, 0
GET, 283.3, 0
GET, 283.4, 0
GET, 283.5, 0
GET, 283.6, 0
GET, 283.7, 0
GET, 283.8, 0
GET, 283.9, 0
GET, 284.0, 0
GET, 284.1, 0
GET, 284.2, 0
GET, 284.3, 0
GET, 284.4, 0
GET, 284.5, 0
GET, 284.6, 0
GET, 284.7, 0
GET, 284.8, 0
GET, 284.9, 0
GET, 285.0, 0
GET, 285.1, 0
GET, 285.2, 1
GET, 285.3, 0
GET, 285.4, 1
GET, 285.5, 0
GET, 285.6, 1
GET, 285.7, 2
GET, 285.8, 3
GET, 285.9, 2
GET, 286.0, 1
GET, 286.1, 3
GET, 286.2, 0
GET, 286.3, 3
GET, 286.4, 3
GET, 286.5, 3
GET, 286.6, 0
GET, 286.7, 3
GET, 286.8, 2
GET, 286.9, 0
GET, 287.0, 2
GET, 287.1, 1
GET, 287.2, 1
GET, 287.3, 2
GET, 287.4, 0
GET, 287.5, 0
GET, 287.6, 0
GET, 287.7, 0
GET, 287.8, 0
GET, 287.9, 2
GET, 288.0, 1
GET, 288.1, 3
GET, 288.2, 1
GET, 288.3, 1
GET, 288.4, 1
GET, 288.5, 0
GET, 288.6, 1
GET, 288.7, 1
GET, 288.8, 0
GET, 288.9, 0
GET, 289.0, 0
GET, 289.1, 0
GET, 289.2, 0
GET, 289.3, 0
GET, 289.4, 0
GET, 289.5, 0
GET, 289.6, 0
GET, 289.7, 0
GET, 289.8, 1
GET, 289.9, 0
GET, 290.0, 1
GET, 290.1, 1
GET, 290.2, 1
GET, 290.3, 0
GET, 290.4, 0
GET, 290.5, 0
GET, 290.6, 0
GET, 290.7, 0
GET, 290.8, 0
GET, 290.9, 0
GET, 291.0, 0
GET, 291.1, 1
GET, 291.2, 0
GET, 291.3, 0
GET, 291.4, 0
GET, 291.5, 0
GET, 291.6, 0
GET, 291.7, 0
GET, 291.8, 0
GET, 291.9, 0
GET, 292.0, 0
GET, 292.1, 0
GET, 292.2, 0
GET, 292.3, 0
GET, 292.4, 0
GET, 292.5, 0
GET, 292.6, 0
GET, 292.7, 0
GET, 292.8, 0
GET, 292.9, 0
GET, 293.0, 0
GET, 293.1, 1
GET, 293.2, 0
GET, 293.3, 0
GET, 293.4, 0
GET, 293.5, 0
GET, 293.6, 0
GET, 293.7, 0
GET, 293.8, 0
GET, 293.9, 0
GET, 294.0, 1
GET, 294.1, 0
GET, 294.2, 0
GET, 294.3, 0
GET, 294.4, 0
GET, 294.5, 0
GET, 294.6, 1
GET, 294.7, 0
GET, 294.8, 0
GET, 294.9, 0
GET, 295.0, 0
GET, 295.1, 0
GET, 295.2, 0
GET, 295.3, 0
GET, 295.4, 0
GET, 295.5, 0
GET, 295.6, 0
GET, 295.7, 0
GET, 295.8, 0
GET, 295.9, 0
GET, 296.0, 0
GET, 296.1, 0
GET, 296.2, 0
GET, 296.3, 0
GET, 296.4, 0
GET, 296.5, 0
GET, 296.6, 0
GET, 296.7, 0
GET, 296.8, 0
GET, 296.9, 0
GET, 297.0, 0
GET, 297.1, 0
GET, 297.2, 0
GET, 297.3, 0
GET, 297.4, 0
GET, 297.5, 0
GET, 297.6, 0
GET, 297.7, 0
GET, 297.8, 0
GET, 297.9, 1
GET, 298.0, 3
GET, 298.1, 1
GET, 298.2, 1
GET, 298.3, 0
GET, 298.4, 2
GET, 298.5, 2
GET, 298.6, 1
GET, 298.7, 1
GET, 298.8, 0
GET, 298.9, 0
GET, 299.0, 0
GET, 299.1, 2
GET, 299.2, 0
GET, 299.3, 2
GET, 299.4, 1
GET, 299.5, 1
GET, 299.6, 1
GET, 299.7, 1
GET, 299.8, 1
GET, 299.9, 2
GET, 300.0, 1
GET, 300.1, 0
GET, 300.2, 0
GET, 300.3, 0
GET, 300.4, 1
GET, 300.5, 0
GET, 300.6, 1
GET, 300.7, 0
GET, 300.8, 0
GET, 300.9, 0
GET, 301.0, 0
GET, 301.1, 0
GET, 301.2, 1
GET, 301.3, 0
GET, 301.4, 0
GET, 301.5, 0
GET, 301.6, 0
GET, 301.7, 0
GET, 301.8, 0
GET, 301.9, 0
GET, 302.0, 0
GET, 302.1, 0
GET, 302.2, 0
GET, 302.3, 0
GET, 302.4, 0
GET, 302.5, 0
GET, 302.6, 1
GET, 302.7, 0
GET, 302.8, 0
GET, 302.9, 0
GET, 303.0, 0
GET, 303.1, 0
GET, 303.2, 0
GET, 303.3, 0
GET, 303.4, 0
GET, 303.5, 0
GET, 303.6, 0
GET, 303.7, 2
GET, 303.8, 0
GET, 303.9, 0
GET, 304.0, 3
GET, 304.1, 0
GET, 304.2, 0
GET, 304.3, 3
GET, 304.4, 3
GET, 304.5, 1
GET, 304.6, 0
GET, 304.7, 0
GET, 304.8, 0
GET, 304.9, 0
GET, 305.0, 0
GET, 305.1, 1
GET, 305.2, 2
GET, 305.3, 0
GET, 305.4, 0
GET, 305.5, 0
GET, 305.6, 1
GET, 305.7, 1
GET, 305.8, 1
GET, 305.9, 0
GET, 306.0, 2
GET, 306.1, 4
GET, 306.2, 3
GET, 306.3, 3
GET, 306.4, 1
GET, 306.5, 0
GET, 306.6, 6
GET, 306.7, 0
GET, 306.8, 1
GET, 306.9, 1
GET, 307.0, 0
GET, 307.1, 1
GET, 307.2, 0
GET, 307.3, 0
GET, 307.4, 1
GET, 307.5, 0
GET, 307.6, 0
GET, 307.7, 0
GET, 307.8, 0
GET, 307.9, 0
GET, 308.0, 1
GET, 308.1, 1
GET, 308.2, 0
GET, 308.3, 0
GET, 308.4, 1
GET, 308.5, 0
GET, 308.6, 1
GET, 308.7, 0
GET, 308.8, 1
GET, 308.9, 0
GET, 309.0, 1
GET, 309.1, 0
GET, 309.2, 0
GET, 309.3, 0
GET, 309.4, 0
GET, 309.5, 0
GET, 309.6, 0
GET, 309.7, 0
GET, 309.8, 0
GET, 309.9, 0
GET, 310.0, 1
GET, 310.1, 0
GET, 310.2, 0
GET, 310.3, 0
GET, 310.4, 0
GET, 310.5, 1
GET, 310.6, 0
GET, 310.7, 0
GET, 310.8, 0
GET, 310.9, 0
GET, 311.0, 0
GET, 311.1, 0
GET, 311.2, 0
GET, 311.3, 0
GET, 311.4, 0
GET, 311.5, 0
GET, 311.6, 0
GET, 311.7, 0
GET, 311.8, 0
GET, 311.9, 0
GET, 312.0, 0
GET, 312.1, 0
GET, 312.2, 0
GET, 312.3, 0
GET, 312.4, 0
GET, 312.5, 0
GET, 312.6, 0
GET, 312.7, 1
GET, 312.8, 1
GET, 312.9, 1
GET, 313.0, 2
GET, 313.1, 3
GET, 313.2, 5
GET, 313.3, 3
GET, 313.4, 1
GET, 313.5, 3
GET, 313.6, 1
GET, 313.7, 1
GET, 313.8, 0
GET, 313.9, 0
GET, 314.0, 0
GET, 314.1, 0
GET, 314.2, 0
GET, 314.3, 0
GET, 314.4, 0
GET, 314.5, 0
GET, 314.6, 0
GET, 314.7, 1
GET, 314.8, 0
GET, 314.9, 4
GET, 315.0, 1
GET, 315.1, 0
GET, 315.2, 2
GET, 315.3, 2
GET, 315.4, 0
GET, 315.5, 1
GET, 315.6, 1
GET, 315.7, 0
GET, 315.8, 3
GET, 315.9, 10
GET, 316.0, 8
GET, 316.1, 10
GET, 316.2, 7
GET, 316.3, 5
GET, 316.4, 0
GET, 316.5, 0
GET, 316.6, 0
GET, 316.7, 0
GET, 316.8, 1
GET, 316.9, 0
GET, 317.0, 0
GET, 317.1, 0
GET, 317.2, 0
GET, 317.3, 1
GET, 317.4, 0
GET, 317.5, 0
GET, 317.6, 0
GET, 317.7, 0
GET, 317.8, 0
GET, 317.9, 0
GET, 318.0, 0
GET, 318.1, 0
GET, 318.2, 0
GET, 318.3, 1
GET, 318.4, 1
GET, 318.5, 0
GET, 318.6, 0
GET, 318.7, 1
GET, 318.8, 1
GET, 318.9, 0
GET, 319.0, 0
GET, 319.1, 1
GET, 319.2, 0
GET, 319.3, 0
GET, 319.4, 0
GET, 319.5, 1
GET, 319.6, 2
GET, 319.7, 0
GET, 319.8, 1
GET, 319.9, 2
GET, 320.0, 0
GET, 320.1, 0
GET, 320.2, 1
GET, 320.3, 0
GET, 320.4, 0
GET, 320.5, 0
GET, 320.6, 0
GET, 320.7, 0
GET, 320.8, 0
GET, 320.9, 0
GET, 321.0, 1
GET, 321.1, 0
GET, 321.2, 0
GET, 321.3, 1
GET, 321.4, 0
GET, 321.5, 0
GET, 321.6, 0
GET, 321.7, 0
GET, 321.8, 1
GET, 321.9, 0
GET, 322.0, 0
GET, 322.1, 0
GET, 322.2, 0
GET, 322.3, 1
GET, 322.4, 0
GET, 322.5, 0
GET, 322.6, 2
GET, 322.7, 0
GET, 322.8, 1
GET, 322.9, 0
GET, 323.0, 0
GET, 323.1, 0
GET, 323.2, 0
GET, 323.3, 0
GET, 323.4, 1
GET, 323.5, 0
GET, 323.6, 0
GET, 323.7, 0
GET, 323.8, 7
GET, 323.9, 4
GET, 324.0, 0
GET, 324.1, 0
GET, 324.2, 0
GET, 324.3, 0
GET, 324.4, 0
GET, 324.5, 0
GET, 324.6, 0
GET, 324.7, 0
GET, 324.8, 1
GET, 324.9, 0
GET, 325.0, 0
GET, 325.1, 0
GET, 325.2, 1
GET, 325.3, 0
GET, 325.4, 0
GET, 325.5, 0
GET, 325.6, 0
GET, 325.7, 0
GET, 325.8, 0
GET, 325.9, 0
GET, 326.0, 0
GET, 326.1, 0
GET, 326.2, 0
GET, 326.3, 0
GET, 326.4, 0
GET, 326.5, 0
GET, 326.6, 0
GET, 326.7, 0
GET, 326.8, 0
GET, 326.9, 0
GET, 327.0, 0
GET, 327.1, 0
GET, 327.2, 0
GET, 327.3, 0
GET, 327.4, 0
GET, 327.5, 0
GET, 327.6, 0
GET, 327.7, 0
GET, 327.8, 0
GET, 327.9, 0
GET, 328.0, 0
GET, 328.1, 0
GET, 328.2, 0
GET, 328.3, 0
GET, 328.4, 0
GET, 328.5, 0
GET, 328.6, 0
GET, 328.7, 0
GET, 328.8, 0
GET, 328.9, 0
GET, 329.0, 0
GET, 329.1, 1
GET, 329.2, 0
GET, 329.3, 1
GET, 329.4, 0
GET, 329.5, 1
GET, 329.6, 1
GET, 329.7, 0
GET, 329.8, 0
GET, 329.9, 2
GET, 330.0, 0
GET, 330.1, 1
GET, 330.2, 0
GET, 330.3, 1
GET, 330.4, 0
GET, 330.5, 4
GET, 330.6, 3
GET, 330.7, 3
GET, 330.8, 2
GET, 330.9, 0
GET, 331.0, 0
GET, 331.1, 0
GET, 331.2, 0
GET, 331.3, 0
GET, 331.4, 1
GET, 331.5, 2
GET, 331.6, 0
GET, 331.7, 1
GET, 331.8, 0
GET, 331.9, 0
GET, 332.0, 0
GET, 332.1, 0
GET, 332.2, 0
GET, 332.3, 0
GET, 332.4, 0
GET, 332.5, 1
GET, 332.6, 0
GET, 332.7, 0
GET, 332.8, 0
GET, 332.9, 0
GET, 333.0, 0
GET, 333.1, 0
GET, 333.2, 0
GET, 333.3, 0
GET, 333.4, 0
GET, 333.5, 0
GET, 333.6, 0
GET, 333.7, 0
GET, 333.8, 1
GET, 333.9, 0
GET, 334.0, 0
GET, 334.1, 0
GET, 334.2, 0
GET, 334.3, 0
GET, 334.4, 1
GET, 334.5, 0
GET, 334.6, 0
GET, 334.7, 0
GET, 334.8, 0
GET, 334.9, 0
GET, 335.0, 0
GET, 335.1, 0
GET, 335.2, 0
GET, 335.3, 0
GET, 335.4, 0
GET, 335.5, 0
GET, 335.6, 0
GET, 335.7, 0
GET, 335.8, 0
GET, 335.9, 0
GET, 336.0, 0
GET, 336.1, 0
GET, 336.2, 0
GET, 336.3, 0
GET, 336.4, 0
GET, 336.5, 0
GET, 336.6, 0
GET, 336.7, 0
GET, 336.8, 0
GET, 336.9, 0
GET, 337.0, 0
GET, 337.1, 0
GET, 337.2, 0
GET, 337.3, 0
GET, 337.4, 0
GET, 337.5, 0
GET, 337.6, 0
GET, 337.7, 0
GET, 337.8, 0
GET, 337.9, 0
GET, 338.0, 0
GET, 338.1, 0
GET, 338.2, 0
GET, 338.3, 0
GET, 338.4, 0
GET, 338.5, 1
GET, 338.6, 0
GET, 338.7, 0
GET, 338.8, 0
GET, 338.9, 0
GET, 339.0, 0
GET, 339.1, 0
GET, 339.2, 0
GET, 339.3, 0
GET, 339.4, 0
GET, 339.5, 0
GET, 339.6, 0
GET, 339.7, 0
GET, 339.8, 0
GET, 339.9, 0
GET, 340.0, 0
GET, 340.1, 0
GET, 340.2, 0
GET, 340.3, 0
GET, 340.4, 0
GET, 340.5, 0
GET, 340.6, 0
GET, 340.7, 0
GET, 340.8, 0
GET, 340.9, 0
GET, 341.0, 0
GET, 341.1, 0
GET, 341.2, 2
GET, 341.3, 0
GET, 341.4, 0
GET, 341.5, 1
GET, 341.6, 0
GET, 341.7, 0
GET, 341.8, 1
GET, 341.9, 1
GET, 342.0, 0
GET, 342.1, 0
GET, 342.2, 0
GET, 342.3, 0
GET, 342.4, 0
GET, 342.5, 0
GET, 342.6, 0
GET, 342.7, 0
GET, 342.8, 0
GET, 342.9, 0
GET, 343.0, 0
GET, 343.1, 0
GET, 343.2, 0
GET, 343.3, 0
GET, 343.4, 0
GET, 343.5, 0
GET, 343.6, 0
GET, 343.7, 0
GET, 343.8, 0
GET, 343.9, 0
GET, 344.0, 0
GET, 344.1, 0
GET, 344.2, 0
GET, 344.3, 0
GET, 344.4, 0
GET, 344.5, 0
GET, 344.6, 0
GET, 344.7, 0
GET, 344.8, 0
GET, 344.9, 0
GET, 345.0, 0
GET, 345.1, 0
GET, 345.2, 0
GET, 345.3, 0
GET, 345.4, 0
GET, 345.5, 0
GET, 345.6, 0
GET, 345.7, 0
GET, 345.8, 0
GET, 345.9, 0
GET, 346.0, 0
GET, 346.1, 0
GET, 346.2, 0
GET, 346.3, 0
GET, 346.4, 0
GET, 346.5, 0
GET, 346.6, 0
GET, 346.7, 0
GET, 346.8, 0
GET, 346.9, 0
GET, 347.0, 0
GET, 347.1, 0
GET, 347.2, 0
GET, 347.3, 0
GET, 347.4, 0
GET, 347.5, 0
GET, 347.6, 0
GET, 347.7, 0
GET, 347.8, 0
GET, 347.9, 0
GET, 348.0, 0
GET, 348.1, 0
GET, 348.2, 0
GET, 348.3, 0
GET, 348.4, 0
GET, 348.5, 0
GET, 348.6, 0
GET, 348.7, 0
GET, 348.8, 0
GET, 348.9, 0
GET, 349.0, 0
GET, 349.1, 0
GET, 349.2, 0
GET, 349.3, 0
GET, 349.4, 0
GET, 349.5, 0
GET, 349.6, 0
GET, 349.7, 0
GET, 349.8, 0
GET, 349.9, 0
GET, 350.0, 0
GET, 350.1, 0
GET, 350.2, 0
GET, 350.3, 0
GET, 350.4, 0
GET, 350.5, 0
GET, 350.6, 0
GET, 350.7, 0
GET, 350.8, 0
GET, 350.9, 0
GET, 351.0, 0
GET, 351.1, 0
GET, 351.2, 0
GET, 351.3, 0
GET, 351.4, 1
GET, 351.5, 1
GET, 351.6, 0
GET, 351.7, 0
GET, 351.8, 0
GET, 351.9, 0
GET, 352.0, 0
GET, 352.1, 0
GET, 352.2, 0
GET, 352.3, 0
GET, 352.4, 0
GET, 352.5, 0
GET, 352.6, 0
GET, 352.7, 0
GET, 352.8, 0
GET, 352.9, 0
GET, 353.0, 0
GET, 353.1, 0
GET, 353.2, 0
GET, 353.3, 0
GET, 353.4, 0
GET, 353.5, 0
GET, 353.6, 0
GET, 353.7, 0
GET, 353.8, 0
GET, 353.9, 0
GET, 354.0, 0
GET, 354.1, 0
GET, 354.2, 0
GET, 354.3, 0
GET, 354.4, 0
GET, 354.5, 0
GET, 354.6, 0
GET, 354.7, 0
GET, 354.8, 0
GET, 354.9, 0
GET, 355.0, 0
GET, 355.1, 0
GET, 355.2, 0
GET, 355.3, 0
GET, 355.4, 0
GET, 355.5, 0
GET, 355.6, 0
GET, 355.7, 0
GET, 355.8, 0
GET, 355.9, 0
GET, 356.0, 0
GET, 356.1, 0
GET, 356.2, 0
GET, 356.3, 0
GET, 356.4, 0
GET, 356.5, 0
GET, 356.6, 0
GET, 356.7, 0
GET, 356.8, 0
GET, 356.9, 0
GET, 357.0, 0
GET, 357.1, 0
GET, 357.2, 0
GET, 357.3, 0
GET, 357.4, 0
GET, 357.5, 0
GET, 357.6, 0
GET, 357.7, 0
GET, 357.8, 0
GET, 357.9, 0
GET, 358.0, 0
GET, 358.1, 0
GET, 358.2, 0
GET, 358.3, 0
GET, 358.4, 0
GET, 358.5, 0
GET, 358.6, 0
GET, 358.7, 0
GET, 358.8, 0
GET, 358.9, 0
GET, 359.0, 0
GET, 359.1, 0
GET, 359.2, 0
GET, 359.3, 0
GET, 359.4, 0
GET, 359.5, 0
GET, 359.6, 0
GET, 359.7, 0
GET, 359.8, 0
GET, 359.9, 0
GET, 360.0, 0
GET, 360.1, 0
GET, 360.2, 0
GET, 360.3, 0
GET, 360.4, 0
GET, 360.5, 1
GET, 360.6, 0
GET, 360.7, 0
GET, 360.8, 1
GET, 360.9, 1
GET, 361.0, 0
GET, 361.1, 1
GET, 361.2, 0
GET, 361.3, 0
GET, 361.4, 0
GET, 361.5, 0
GET, 361.6, 0
GET, 361.7, 2
GET, 361.8, 0
GET, 361.9, 0
GET, 362.0, 0
GET, 362.1, 0
GET, 362.2, 0
GET, 362.3, 0
GET, 362.4, 0
GET, 362.5, 0
GET, 362.6, 0
GET, 362.7, 0
GET, 362.8, 0
GET, 362.9, 0
GET, 363.0, 0
GET, 363.1, 0
GET, 363.2, 0
GET, 363.3, 0
GET, 363.4, 0
GET, 363.5, 0
GET, 363.6, 0
GET, 363.7, 0
GET, 363.8, 0
GET, 363.9, 0
GET, 364.0, 0
GET, 364.1, 0
GET, 364.2, 0
GET, 364.3, 0
GET, 364.4, 0
GET, 364.5, 0
GET, 364.6, 0
GET, 364.7, 0
GET, 364.8, 0
GET, 364.9, 0
GET, 365.0, 0
GET, 365.1, 0
GET, 365.2, 0
GET, 365.3, 0
GET, 365.4, 0
GET, 365.5, 0
GET, 365.6, 0
GET, 365.7, 0
GET, 365.8, 0
GET, 365.9, 0
GET, 366.0, 0
GET, 366.1, 0
GET, 366.2, 0
GET, 366.3, 0
GET, 366.4, 0
GET, 366.5, 0
GET, 366.6, 0
GET, 366.7, 0
GET, 366.8, 0
GET, 366.9, 0
GET, 367.0, 0
GET, 367.1, 0
GET, 367.2, 0
GET, 367.3, 0
GET, 367.4, 0
GET, 367.5, 0
GET, 367.6, 0
GET, 367.7, 0
GET, 367.8, 0
GET, 367.9, 0
GET, 368.0, 0
GET, 368.1, 0
GET, 368.2, 0
GET, 368.3, 0
GET, 368.4, 0
GET, 368.5, 0
GET, 368.6, 0
GET, 368.7, 0
GET, 368.8, 0
GET, 368.9, 0
GET, 369.0, 0
GET, 369.1, 0
GET, 369.2, 0
GET, 369.3, 0
GET, 369.4, 0
GET, 369.5, 0
GET, 369.6, 0
GET, 369.7, 0
GET, 369.8, 0
GET, 369.9, 0
GET, 370.0, 0
GET, 370.1, 0
GET, 370.2, 0
GET, 370.3, 0
GET, 370.4, 0
GET, 370.5, 0
GET, 370.6, 0
GET, 370.7, 0
GET, 370.8, 0
GET, 370.9, 0
GET, 371.0, 0
GET, 371.1, 0
GET, 371.2, 0
GET, 371.3, 0
GET, 371.4, 0
GET, 371.5, 0
GET, 371.6, 0
GET, 371.7, 0
GET, 371.8, 0
GET, 371.9, 1
GET, 372.0, 0
GET, 372.1, 0
GET, 372.2, 0
GET, 372.3, 0
GET, 372.4, 0
GET, 372.5, 0
GET, 372.6, 0
GET, 372.7, 0
GET, 372.8, 0
GET, 372.9, 0
GET, 373.0, 0
GET, 373.1, 0
GET, 373.2, 0
GET, 373.3, 0
GET, 373.4, 0
GET, 373.5, 0
GET, 373.6, 0
GET, 373.7, 0
GET, 373.8, 0
GET, 373.9, 0
GET, 374.0, 0
GET, 374.1, 0
GET, 374.2, 0
GET, 374.3, 0
GET, 374.4, 0
GET, 374.5, 0
GET, 374.6, 0
GET, 374.7, 0
GET, 374.8, 0
GET, 374.9, 0
GET, 375.0, 0
GET, 375.1, 0
GET, 375.2, 0
GET, 375.3, 0
GET, 375.4, 0
GET, 375.5, 0
GET, 375.6, 0
GET, 375.7, 0
GET, 375.8, 0
GET, 375.9, 0
GET, 376.0, 0
GET, 376.1, 0
GET, 376.2, 0
GET, 376.3, 0
GET, 376.4, 0
GET, 376.5, 0
GET, 376.6, 0
GET, 376.7, 0
GET, 376.8, 0
GET, 376.9, 0
GET, 377.0, 0
GET, 377.1, 0
GET, 377.2, 0
GET, 377.3, 0
GET, 377.4, 0
GET, 377.5, 0
GET, 377.6, 0
GET, 377.7, 0
GET, 377.8, 0
GET, 377.9, 0
GET, 378.0, 0
GET, 378.1, 0
GET, 378.2, 0
GET, 378.3, 0
GET, 378.4, 0
GET, 378.5, 0
GET, 378.6, 0
GET, 378.7, 0
GET, 378.8, 0
GET, 378.9, 0
GET, 379.0, 0
GET, 379.1, 0
GET, 379.2, 0
GET, 379.3, 0
GET, 379.4, 0
GET, 379.5, 0
GET, 379.6, 0
GET, 379.7, 0
GET, 379.8, 0
GET, 379.9, 0
GET, 380.0, 0
GET, 380.1, 0
GET, 380.2, 0
GET, 380.3, 0
GET, 380.4, 0
GET, 380.5, 0
GET, 380.6, 0
GET, 380.7, 0
GET, 380.8, 0
GET, 380.9, 0
GET, 381.0, 0
GET, 381.1, 0
GET, 381.2, 0
GET, 381.3, 0
GET, 381.4, 0
GET, 381.5, 0
GET, 381.6, 0
GET, 381.7, 0
GET, 381.8, 0
GET, 381.9, 0
GET, 382.0, 0
GET, 382.1, 0
GET, 382.2, 0
GET, 382.3, 0
GET, 382.4, 0
GET, 382.5, 0
GET, 382.6, 0
GET, 382.7, 0
GET, 382.8, 0
GET, 382.9, 0
GET, 383.0, 0
GET, 383.1, 0
GET, 383.2, 0
GET, 383.3, 0
GET, 383.4, 0
GET, 383.5, 0
GET, 383.6, 0
GET, 383.7, 0
GET, 383.8, 0
GET, 383.9, 0
GET, 384.0, 0
GET, 384.1, 0
GET, 384.2, 0
GET, 384.3, 0
GET, 384.4, 0
GET, 384.5, 0
GET, 384.6, 0
GET, 384.7, 0
GET, 384.8, 0
GET, 384.9, 0
GET, 385.0, 0
GET, 385.1, 0
GET, 385.2, 0
GET, 385.3, 0
GET, 385.4, 0
GET, 385.5, 0
GET, 385.6, 0
GET, 385.7, 0
GET, 385.8, 0
GET, 385.9, 0
GET, 386.0, 0
GET, 386.1, 0
GET, 386.2, 0
GET, 386.3, 0
GET, 386.4, 0
GET, 386.5, 0
GET, 386.6, 0
GET, 386.7, 0
GET, 386.8, 0
GET, 386.9, 0
GET, 387.0, 0
GET, 387.1, 0
GET, 387.2, 0
GET, 387.3, 0
GET, 387.4, 0
GET, 387.5, 0
GET, 387.6, 0
GET, 387.7, 0
GET, 387.8, 0
GET, 387.9, 0
GET, 388.0, 0
GET, 388.1, 0
GET, 388.2, 0
GET, 388.3, 0
GET, 388.4, 0
GET, 388.5, 0
GET, 388.6, 0
GET, 388.7, 0
GET, 388.8, 0
GET, 388.9, 0
GET, 389.0, 0
GET, 389.1, 0
GET, 389.2, 0
GET, 389.3, 1
GET, 389.4, 2
GET, 389.5, 1
GET, 389.6, 3
GET, 389.7, 0
GET, 389.8, 0
GET, 389.9, 0
GET, 390.0, 0
GET, 390.1, 0
GET, 390.2, 0
GET, 390.3, 0
GET, 390.4, 0
GET, 390.5, 0
GET, 390.6, 0
GET, 390.7, 0
GET, 390.8, 0
GET, 390.9, 0
GET, 391.0, 0
GET, 391.1, 0
GET, 391.2, 0
GET, 391.3, 0
GET, 391.4, 0
GET, 391.5, 0
GET, 391.6, 0
GET, 391.7, 0
GET, 391.8, 0
GET, 391.9, 0
GET, 392.0, 0
GET, 392.1, 0
GET, 392.2, 0
GET, 392.3, 0
GET, 392.4, 0
GET, 392.5, 0
GET, 392.6, 0
GET, 392.7, 0
GET, 392.8, 0
GET, 392.9, 0
GET, 393.0, 0
GET, 393.1, 0
GET, 393.2, 0
GET, 393.3, 0
GET, 393.4, 0
GET, 393.5, 0
GET, 393.6, 0
GET, 393.7, 0
GET, 393.8, 0
GET, 393.9, 0
GET, 394.0, 0
GET, 394.1, 0
GET, 394.2, 0
GET, 394.3, 0
GET, 394.4, 0
GET, 394.5, 0
GET, 394.6, 0
GET, 394.7, 0
GET, 394.8, 0
GET, 394.9, 0
GET, 395.0, 0
GET, 395.1, 0
GET, 395.2, 0
GET, 395.3, 0
GET, 395.4, 0
GET, 395.5, 0
GET, 395.6, 0
GET, 395.7, 0
GET, 395.8, 0
GET, 395.9, 0
GET, 396.0, 0
GET, 396.1, 0
GET, 396.2, 0
GET, 396.3, 0
GET, 396.4, 0
GET, 396.5, 0
GET, 396.6, 0
GET, 396.7, 0
GET, 396.8, 0
GET, 396.9, 0
GET, 397.0, 0
GET, 397.1, 0
GET, 397.2, 0
GET, 397.3, 0
GET, 397.4, 0
GET, 397.5, 0
GET, 397.6, 0
GET, 397.7, 0
GET, 397.8, 0
GET, 397.9, 0
GET, 398.0, 0
GET, 398.1, 0
GET, 398.2, 0
GET, 398.3, 0
GET, 398.4, 0
GET, 398.5, 0
GET, 398.6, 0
GET, 398.7, 0
GET, 398.8, 0
GET, 398.9, 0
GET, 399.0, 0
GET, 399.1, 0
GET, 399.2, 0
GET, 399.3, 0
GET, 399.4, 0
GET, 399.5, 0
GET, 399.6, 0
GET, 399.7, 0
GET, 399.8, 0
GET, 399.9, 0
GET, 400.0, 0
GET, 400.1, 0
GET, 400.2, 0
GET, 400.3, 0
GET, 400.4, 0
GET, 400.5, 0
GET, 400.6, 0
GET, 400.7, 0
GET, 400.8, 0
GET, 400.9, 0
GET, 401.0, 0
GET, 401.1, 0
GET, 401.2, 0
GET, 401.3, 0
GET, 401.4, 0
GET, 401.5, 0
GET, 401.6, 0
GET, 401.7, 0
GET, 401.8, 0
GET, 401.9, 0
GET, 402.0, 1
GET, 402.1, 0
GET, 402.2, 0
GET, 402.3, 3
GET, 402.4, 2
GET, 402.5, 0
GET, 402.6, 0
GET, 402.7, 1
GET, 402.8, 0
GET, 402.9, 0
GET, 403.0, 0
GET, 403.1, 0
GET, 403.2, 0
GET, 403.3, 0
GET, 403.4, 0
GET, 403.5, 0
GET, 403.6, 0
GET, 403.7, 0
GET, 403.8, 0
GET, 403.9, 0
GET, 404.0, 0
GET, 404.1, 0
GET, 404.2, 0
GET, 404.3, 0
GET, 404.4, 0
GET, 404.5, 0
GET, 404.6, 0
GET, 404.7, 0
GET, 404.8, 0
GET, 404.9, 0
GET, 405.0, 0
GET, 405.1, 0
GET, 405.2, 0
GET, 405.3, 0
GET, 405.4, 0
GET, 405.5, 0
GET, 405.6, 0
GET, 405.7, 0
GET, 405.8, 0
GET, 405.9, 0
GET, 406.0, 0
GET, 406.1, 0
GET, 406.2, 0
GET, 406.3, 0
GET, 406.4, 0
GET, 406.5, 0
GET, 406.6, 0
GET, 406.7, 0
GET, 406.8, 0
GET, 406.9, 1
GET, 407.0, 0
GET, 407.1, 0
GET, 407.2, 0
GET, 407.3, 0
GET, 407.4, 0
GET, 407.5, 0
GET, 407.6, 0
GET, 407.7, 0
GET, 407.8, 0
GET, 407.9, 0
GET, 408.0, 0
GET, 408.1, 0
GET, 408.2, 0
GET, 408.3, 0
GET, 408.4, 0
GET, 408.5, 0
GET, 408.6, 0
GET, 408.7, 0
GET, 408.8, 0
GET, 408.9, 0
GET, 409.0, 0
GET, 409.1, 0
GET, 409.2, 0
GET, 409.3, 0
GET, 409.4, 0
GET, 409.5, 0
GET, 409.6, 0
GET, 409.7, 0
GET, 409.8, 0
GET, 409.9, 1
GET, 410.0, 0
GET, 410.1, 0
GET, 410.2, 0
GET, 410.3, 0
GET, 410.4, 0
GET, 410.5, 0
GET, 410.6, 0
GET, 410.7, 0
GET, 410.8, 1
GET, 410.9, 0
GET, 411.0, 0
GET, 411.1, 0
GET, 411.2, 0
GET, 411.3, 0
GET, 411.4, 0
GET, 411.5, 0
GET, 411.6, 0
GET, 411.7, 0
GET, 411.8, 0
GET, 411.9, 0
GET, 412.0, 0
GET, 412.1, 0
GET, 412.2, 0
GET, 412.3, 0
GET, 412.4, 0
GET, 412.5, 0
GET, 412.6, 0
GET, 412.7, 0
GET, 412.8, 0
GET, 412.9, 0
GET, 413.0, 0
GET, 413.1, 0
GET, 413.2, 0
GET, 413.3, 0
GET, 413.4, 0
GET, 413.5, 0
GET, 413.6, 0
GET, 413.7, 0
GET, 413.8, 0
GET, 413.9, 0
GET, 414.0, 0
GET, 414.1, 0
GET, 414.2, 0
GET, 414.3, 0
GET, 414.4, 0
GET, 414.5, 0
GET, 414.6, 0
GET, 414.7, 0
GET, 414.8, 0
GET, 414.9, 0
GET, 415.0, 0
GET, 415.1, 0
GET, 415.2, 0
GET, 415.3, 0
GET, 415.4, 0
GET, 415.5, 0
GET, 415.6, 0
GET, 415.7, 0
GET, 415.8, 0
GET, 415.9, 0
GET, 416.0, 0
GET, 416.1, 0
GET, 416.2, 0
GET, 416.3, 0
GET, 416.4, 0
GET, 416.5, 0
GET, 416.6, 0
GET, 416.7, 0
GET, 416.8, 0
GET, 416.9, 0
GET, 417.0, 0
GET, 417.1, 0
GET, 417.2, 0
GET, 417.3, 0
GET, 417.4, 0
GET, 417.5, 0
GET, 417.6, 0
GET, 417.7, 0
GET, 417.8, 0
GET, 417.9, 0
GET, 418.0, 0
GET, 418.1, 0
GET, 418.2, 0
GET, 418.3, 0
GET, 418.4, 0
GET, 418.5, 0
GET, 418.6, 0
GET, 418.7, 0
GET, 418.8, 0
GET, 418.9, 0
GET, 419.0, 0
GET, 419.1, 0
GET, 419.2, 0
GET, 419.3, 0
GET, 419.4, 0
GET, 419.5, 0
GET, 419.6, 0
GET, 419.7, 0
GET, 419.8, 0
GET, 419.9, 0
GET, 420.0, 0
GET, 420.1, 0
GET, 420.2, 0
GET, 420.3, 0
GET, 420.4, 0
GET, 420.5, 0
GET, 420.6, 0
GET, 420.7, 0
GET, 420.8, 0
GET, 420.9, 0
GET, 421.0, 0
GET, 421.1, 0
GET, 421.2, 0
GET, 421.3, 0
GET, 421.4, 0
GET, 421.5, 0
GET, 421.6, 0
GET, 421.7, 0
GET, 421.8, 0
GET, 421.9, 0
GET, 422.0, 0
GET, 422.1, 0
GET, 422.2, 0
GET, 422.3, 0
GET, 422.4, 0
GET, 422.5, 0
GET, 422.6, 0
GET, 422.7, 0
GET, 422.8, 0
GET, 422.9, 0
GET, 423.0, 0
GET, 423.1, 0
GET, 423.2, 0
GET, 423.3, 0
GET, 423.4, 0
GET, 423.5, 0
GET, 423.6, 0
GET, 423.7, 0
GET, 423.8, 0
GET, 423.9, 0
GET, 424.0, 0
GET, 424.1, 0
GET, 424.2, 0
GET, 424.3, 0
GET, 424.4, 0
GET, 424.5, 0
GET, 424.6, 0
GET, 424.7, 0
GET, 424.8, 0
GET, 424.9, 0
GET, 425.0, 0
GET, 425.1, 0
GET, 425.2, 0
GET, 425.3, 0
GET, 425.4, 0
GET, 425.5, 0
GET, 425.6, 0
GET, 425.7, 0
GET, 425.8, 0
GET, 425.9, 0
GET, 426.0, 0
GET, 426.1, 0
GET, 426.2, 0
GET, 426.3, 0
GET, 426.4, 0
GET, 426.5, 0
GET, 426.6, 0
GET, 426.7, 0
GET, 426.8, 0
GET, 426.9, 0
GET, 427.0, 0
GET, 427.1, 0
GET, 427.2, 0
GET, 427.3, 0
GET, 427.4, 0
GET, 427.5, 0
GET, 427.6, 0
GET, 427.7, 0
GET, 427.8, 0
GET, 427.9, 0
GET, 428.0, 0
GET, 428.1, 0
GET, 428.2, 0
GET, 428.3, 0
GET, 428.4, 0
GET, 428.5, 0
GET, 428.6, 0
GET, 428.7, 0
GET, 428.8, 0
GET, 428.9, 0
GET, 429.0, 0
GET, 429.1, 0
GET, 429.2, 0
GET, 429.3, 0
GET, 429.4, 0
GET, 429.5, 0
GET, 429.6, 0
GET, 429.7, 0
GET, 429.8, 0
GET, 429.9, 0
GET, 430.0, 0
GET, 430.1, 0
GET, 430.2, 0
GET, 430.3, 0
GET, 430.4, 0
GET, 430.5, 0
GET, 430.6, 0
GET, 430.7, 0
GET, 430.8, 0
GET, 430.9, 0
GET, 431.0, 0
GET, 431.1, 0
GET, 431.2, 0
GET, 431.3, 0
GET, 431.4, 0
GET, 431.5, 0
GET, 431.6, 0
GET, 431.7, 0
GET, 431.8, 0
GET, 431.9, 0
GET, 432.0, 0
GET, 432.1, 0
GET, 432.2, 0
GET, 432.3, 0
GET, 432.4, 0
GET, 432.5, 0
GET, 432.6, 0
GET, 432.7, 0
GET, 432.8, 0
GET, 432.9, 0
GET, 433.0, 0
GET, 433.1, 0
GET, 433.2, 0
GET, 433.3, 0
GET, 433.4, 0
GET, 433.5, 0
GET, 433.6, 0
GET, 433.7, 0
GET, 433.8, 0
GET, 433.9, 0
GET, 434.0, 0
GET, 434.1, 0
GET, 434.2, 0
GET, 434.3, 0
GET, 434.4, 0
GET, 434.5, 0
GET, 434.6, 0
GET, 434.7, 0
GET, 434.8, 0
GET, 434.9, 0
GET, 435.0, 0
GET, 435.1, 0
GET, 435.2, 0
GET, 435.3, 0
GET, 435.4, 0
GET, 435.5, 0
GET, 435.6, 0
GET, 435.7, 0
GET, 435.8, 0
GET, 435.9, 0
GET, 436.0, 0
GET, 436.1, 0
GET, 436.2, 0
GET, 436.3, 0
GET, 436.4, 0
GET, 436.5, 0
GET, 436.6, 0
GET, 436.7, 0
GET, 436.8, 0
GET, 436.9, 0
GET, 437.0, 0
GET, 437.1, 0
GET, 437.2, 0
GET, 437.3, 0
GET, 437.4, 0
GET, 437.5, 0
GET, 437.6, 0
GET, 437.7, 0
GET, 437.8, 0
GET, 437.9, 0
GET, 438.0, 0
GET, 438.1, 0
GET, 438.2, 0
GET, 438.3, 0
GET, 438.4, 0
GET, 438.5, 0
GET, 438.6, 0
GET, 438.7, 0
GET, 438.8, 0
GET, 438.9, 0
GET, 439.0, 0
GET, 439.1, 0
GET, 439.2, 0
GET, 439.3, 0
GET, 439.4, 0
GET, 439.5, 0
GET, 439.6, 0
GET, 439.7, 0
GET, 439.8, 0
GET, 439.9, 0
GET, 440.0, 0
GET, 440.1, 0
GET, 440.2, 0
GET, 440.3, 0
GET, 440.4, 0
GET, 440.5, 0
GET, 440.6, 0
GET, 440.7, 0
GET, 440.8, 0
GET, 440.9, 0
GET, 441.0, 0
GET, 441.1, 0
GET, 441.2, 0
GET, 441.3, 0
GET, 441.4, 0
GET, 441.5, 0
GET, 441.6, 0
GET, 441.7, 0
GET, 441.8, 0
GET, 441.9, 0
GET, 442.0, 0
GET, 442.1, 0
GET, 442.2, 0
GET, 442.3, 0
GET, 442.4, 0
GET, 442.5, 0
GET, 442.6, 0
GET, 442.7, 0
GET, 442.8, 0
GET, 442.9, 0
GET, 443.0, 0
GET, 443.1, 0
GET, 443.2, 0
GET, 443.3, 0
GET, 443.4, 0
GET, 443.5, 0
GET, 443.6, 0
GET, 443.7, 0
GET, 443.8, 0
GET, 443.9, 0
GET, 444.0, 0
GET, 444.1, 0
GET, 444.2, 0
GET, 444.3, 0
GET, 444.4, 0
GET, 444.5, 0
GET, 444.6, 0
GET, 444.7, 0
GET, 444.8, 0
GET, 444.9, 0
GET, 445.0, 0
GET, 445.1, 0
GET, 445.2, 0
GET, 445.3, 0
GET, 445.4, 0
GET, 445.5, 0
GET, 445.6, 0
GET, 445.7, 0
GET, 445.8, 0
GET, 445.9, 0
GET, 446.0, 0
GET, 446.1, 0
GET, 446.2, 0
GET, 446.3, 0
GET, 446.4, 0
GET, 446.5, 0
GET, 446.6, 0
GET, 446.7, 0
GET, 446.8, 0
GET, 446.9, 0
GET, 447.0, 0
GET, 447.1, 0
GET, 447.2, 0
GET, 447.3, 0
GET, 447.4, 0
GET, 447.5, 0
GET, 447.6, 0
GET, 447.7, 0
GET, 447.8, 0
GET, 447.9, 0
GET, 448.0, 0
GET, 448.1, 0
GET, 448.2, 0
GET, 448.3, 0
GET, 448.4, 0
GET, 448.5, 0
GET, 448.6, 0
GET, 448.7, 0
GET, 448.8, 0
GET, 448.9, 0
GET, 449.0, 0
GET, 449.1, 0
GET, 449.2, 0
GET, 449.3, 0
GET, 449.4, 0
GET, 449.5, 0
GET, 449.6, 0
GET, 449.7, 0
GET, 449.8, 0
GET, 449.9, 0
GET, 450.0, 0
GET, 450.1, 0
GET, 450.2, 0
GET, 450.3, 0
GET, 450.4, 0
GET, 450.5, 0
GET, 450.6, 0
GET, 450.7, 0
GET, 450.8, 0
GET, 450.9, 0
GET, 451.0, 0
GET, 451.1, 0
GET, 451.2, 0
GET, 451.3, 0
GET, 451.4, 0
GET, 451.5, 0
GET, 451.6, 0
GET, 451.7, 0
GET, 451.8, 0
GET, 451.9, 0
GET, 452.0, 0
GET, 452.1, 0
GET, 452.2, 0
GET, 452.3, 0
GET, 452.4, 0
GET, 452.5, 0
GET, 452.6, 0
GET, 452.7, 0
GET, 452.8, 0
GET, 452.9, 0
GET, 453.0, 0
GET, 453.1, 0
GET, 453.2, 0
GET, 453.3, 0
GET, 453.4, 0
GET, 453.5, 0
GET, 453.6, 0
GET, 453.7, 0
GET, 453.8, 0
GET, 453.9, 0
GET, 454.0, 0
GET, 454.1, 0
GET, 454.2, 0
GET, 454.3, 0
GET, 454.4, 0
GET, 454.5, 0
GET, 454.6, 0
GET, 454.7, 0
GET, 454.8, 0
GET, 454.9, 0
GET, 455.0, 0
GET, 455.1, 0
GET, 455.2, 0
GET, 455.3, 0
GET, 455.4, 0
GET, 455.5, 0
GET, 455.6, 0
GET, 455.7, 0
GET, 455.8, 0
GET, 455.9, 0
GET, 456.0, 0
GET, 456.1, 0
GET, 456.2, 0
GET, 456.3, 0
GET, 456.4, 0
GET, 456.5, 0
GET, 456.6, 0
GET, 456.7, 0
GET, 456.8, 0
GET, 456.9, 0
GET, 457.0, 0
GET, 457.1, 0
GET, 457.2, 0
GET, 457.3, 0
GET, 457.4, 0
GET, 457.5, 0
GET, 457.6, 0
GET, 457.7, 0
GET, 457.8, 0
GET, 457.9, 0
GET, 458.0, 0
GET, 458.1, 0
GET, 458.2, 0
GET, 458.3, 0
GET, 458.4, 0
GET, 458.5, 0
GET, 458.6, 0
GET, 458.7, 0
GET, 458.8, 0
GET, 458.9, 0
GET, 459.0, 0
GET, 459.1, 0
GET, 459.2, 0
GET, 459.3, 0
GET, 459.4, 0
GET, 459.5, 0
GET, 459.6, 0
GET, 459.7, 0
GET, 459.8, 0
GET, 459.9, 0
GET, 460.0, 0
GET, 460.1, 0
GET, 460.2, 0
GET, 460.3, 0
GET, 460.4, 0
GET, 460.5, 0
GET, 460.6, 0
GET, 460.7, 0
GET, 460.8, 0
GET, 460.9, 0
GET, 461.0, 0
GET, 461.1, 0
GET, 461.2, 0
GET, 461.3, 0
GET, 461.4, 0
GET, 461.5, 0
GET, 461.6, 0
GET, 461.7, 0
GET, 461.8, 0
GET, 461.9, 0
GET, 462.0, 0
GET, 462.1, 0
GET, 462.2, 0
GET, 462.3, 0
GET, 462.4, 0
GET, 462.5, 0
GET, 462.6, 0
GET, 462.7, 0
GET, 462.8, 0
GET, 462.9, 0
GET, 463.0, 0
GET, 463.1, 0
GET, 463.2, 0
GET, 463.3, 0
GET, 463.4, 0
GET, 463.5, 0
GET, 463.6, 0
GET, 463.7, 0
GET, 463.8, 0
GET, 463.9, 0
GET, 464.0, 0
GET, 464.1, 0
GET, 464.2, 0
GET, 464.3, 0
GET, 464.4, 0
GET, 464.5, 0
GET, 464.6, 0
GET, 464.7, 0
GET, 464.8, 0
GET, 464.9, 0
GET, 465.0, 0
GET, 465.1, 0
GET, 465.2, 0
GET, 465.3, 0
GET, 465.4, 0
GET, 465.5, 0
GET, 465.6, 0
GET, 465.7, 0
GET, 465.8, 0
GET, 465.9, 0
GET, 466.0, 0
GET, 466.1, 0
GET, 466.2, 0
GET, 466.3, 0
GET, 466.4, 0
GET, 466.5, 0
GET, 466.6, 0
GET, 466.7, 0
GET, 466.8, 0
GET, 466.9, 0
GET, 467.0, 0
GET, 467.1, 0
GET, 467.2, 0
GET, 467.3, 0
GET, 467.4, 0
GET, 467.5, 0
GET, 467.6, 0
GET, 467.7, 0
GET, 467.8, 0
GET, 467.9, 0
GET, 468.0, 0
GET, 468.1, 1
GET, 468.2, 0
GET, 468.3, 0
GET, 468.4, 0
GET, 468.5, 0
GET, 468.6, 0
GET, 468.7, 0
GET, 468.8, 0
GET, 468.9, 0
GET, 469.0, 0
GET, 469.1, 0
GET, 469.2, 0
GET, 469.3, 0
GET, 469.4, 0
GET, 469.5, 0
GET, 469.6, 0
GET, 469.7, 0
GET, 469.8, 0
GET, 469.9, 0
GET, 470.0, 0
GET, 470.1, 0
GET, 470.2, 0
GET, 470.3, 0
GET, 470.4, 0
GET, 470.5, 0
GET, 470.6, 0
GET, 470.7, 0
GET, 470.8, 0
GET, 470.9, 0
GET, 471.0, 0
GET, 471.1, 0
GET, 471.2, 0
GET, 471.3, 0
GET, 471.4, 0
GET, 471.5, 0
GET, 471.6, 0
GET, 471.7, 0
GET, 471.8, 0
GET, 471.9, 0
GET, 472.0, 0
GET, 472.1, 0
GET, 472.2, 0
GET, 472.3, 0
GET, 472.4, 0
GET, 472.5, 0
GET, 472.6, 0
GET, 472.7, 0
GET, 472.8, 0
GET, 472.9, 0
GET, 473.0, 0
GET, 473.1, 0
GET, 473.2, 0
GET, 473.3, 0
GET, 473.4, 0
GET, 473.5, 0
GET, 473.6, 0
GET, 473.7, 0
GET, 473.8, 0
GET, 473.9, 0
GET, 474.0, 0
GET, 474.1, 0
GET, 474.2, 0
GET, 474.3, 0
GET, 474.4, 0
GET, 474.5, 0
GET, 474.6, 0
GET, 474.7, 0
GET, 474.8, 0
GET, 474.9, 0
GET, 475.0, 0
GET, 475.1, 0
GET, 475.2, 0
GET, 475.3, 0
GET, 475.4, 0
GET, 475.5, 0
GET, 475.6, 0
GET, 475.7, 0
GET, 475.8, 1
GET, 475.9, 0
GET, 476.0, 0
GET, 476.1, 0
GET, 476.2, 0
GET, 476.3, 3
GET, 476.4, 0
GET, 476.5, 0
GET, 476.6, 0
GET, 476.7, 0
GET, 476.8, 1
GET, 476.9, 0
GET, 477.0, 0
GET, 477.1, 0
GET, 477.2, 0
GET, 477.3, 0
GET, 477.4, 1
GET, 477.5, 0
GET, 477.6, 0
GET, 477.7, 0
GET, 477.8, 0
GET, 477.9, 0
GET, 478.0, 1
GET, 478.1, 0
GET, 478.2, 0
GET, 478.3, 0
GET, 478.4, 0
GET, 478.5, 0
GET, 478.6, 0
GET, 478.7, 0
GET, 478.8, 0
GET, 478.9, 0
GET, 479.0, 0
GET, 479.1, 0
GET, 479.2, 0
GET, 479.3, 0
GET, 479.4, 0
GET, 479.5, 0
GET, 479.6, 0
GET, 479.7, 0
GET, 479.8, 0
GET, 479.9, 0
GET, 480.0, 0
GET, 480.1, 0
GET, 480.2, 0
GET, 480.3, 1
GET, 480.4, 0
GET, 480.5, 0
GET, 480.6, 0
GET, 480.7, 0
GET, 480.8, 0
GET, 480.9, 0
GET, 481.0, 0
GET, 481.1, 0
GET, 481.2, 0
GET, 481.3, 0
GET, 481.4, 0
GET, 481.5, 0
GET, 481.6, 0
GET, 481.7, 0
GET, 481.8, 0
GET, 481.9, 0
GET, 482.0, 0
GET, 482.1, 0
GET, 482.2, 0
GET, 482.3, 0
GET, 482.4, 0
GET, 482.5, 0
GET, 482.6, 0
GET, 482.7, 0
GET, 482.8, 0
GET, 482.9, 0
GET, 483.0, 0
GET, 483.1, 0
GET, 483.2, 0
GET, 483.3, 0
GET, 483.4, 0
GET, 483.5, 0
GET, 483.6, 0
GET, 483.7, 0
GET, 483.8, 0
GET, 483.9, 0
GET, 484.0, 0
GET, 484.1, 0
GET, 484.2, 0
GET, 484.3, 0
GET, 484.4, 0
GET, 484.5, 0
GET, 484.6, 0
GET, 484.7, 0
GET, 484.8, 0
GET, 484.9, 0
GET, 485.0, 0
GET, 485.1, 0
GET, 485.2, 0
GET, 485.3, 0
GET, 485.4, 0
GET, 485.5, 0
GET, 485.6, 0
GET, 485.7, 0
GET, 485.8, 0
GET, 485.9, 0
GET, 486.0, 0
GET, 486.1, 0
GET, 486.2, 0
GET, 486.3, 0
GET, 486.4, 0
GET, 486.5, 0
GET, 486.6, 0
GET, 486.7, 0
GET, 486.8, 0
GET, 486.9, 0
GET, 487.0, 0
GET, 487.1, 0
GET, 487.2, 0
GET, 487.3, 0
GET, 487.4, 0
GET, 487.5, 0
GET, 487.6, 0
GET, 487.7, 0
GET, 487.8, 0
GET, 487.9, 0
GET, 488.0, 0
GET, 488.1, 0
GET, 488.2, 0
GET, 488.3, 0
GET, 488.4, 0
GET, 488.5, 0
GET, 488.6, 0
GET, 488.7, 0
GET, 488.8, 0
GET, 488.9, 0
GET, 489.0, 0
GET, 489.1, 0
GET, 489.2, 0
GET, 489.3, 0
GET, 489.4, 0
GET, 489.5, 0
GET, 489.6, 0
GET, 489.7, 0
GET, 489.8, 0
GET, 489.9, 0
GET, 490.0, 0
GET, 490.1, 0
GET, 490.2, 0
GET, 490.3, 0
GET, 490.4, 0
GET, 490.5, 0
GET, 490.6, 0
GET, 490.7, 0
GET, 490.8, 0
GET, 490.9, 0
GET, 491.0, 0
GET, 491.1, 0
GET, 491.2, 0
GET, 491.3, 0
GET, 491.4, 0
GET, 491.5, 0
GET, 491.6, 0
GET, 491.7, 0
GET, 491.8, 0
GET, 491.9, 0
GET, 492.0, 0
GET, 492.1, 0
GET, 492.2, 0
GET, 492.3, 0
GET, 492.4, 0
GET, 492.5, 0
GET, 492.6, 0
GET, 492.7, 0
GET, 492.8, 0
GET, 492.9, 0
GET, 493.0, 0
GET, 493.1, 0
GET, 493.2, 0
GET, 493.3, 0
GET, 493.4, 0
GET, 493.5, 0
GET, 493.6, 0
GET, 493.7, 0
GET, 493.8, 0
GET, 493.9, 0
GET, 494.0, 0
GET, 494.1, 0
GET, 494.2, 0
GET, 494.3, 0
GET, 494.4, 0
GET, 494.5, 0
GET, 494.6, 0
GET, 494.7, 0
GET, 494.8, 0
GET, 494.9, 0
GET, 495.0, 0
GET, 495.1, 0
GET, 495.2, 0
GET, 495.3, 0
GET, 495.4, 0
GET, 495.5, 0
GET, 495.6, 0
GET, 495.7, 0
GET, 495.8, 0
GET, 495.9, 0
GET, 496.0, 0
GET, 496.1, 0
GET, 496.2, 0
GET, 496.3, 0
GET, 496.4, 0
GET, 496.5, 0
GET, 496.6, 0
GET, 496.7, 0
GET, 496.8, 0
GET, 496.9, 0
GET, 497.0, 0
GET, 497.1, 0
GET, 497.2, 0
GET, 497.3, 0
GET, 497.4, 0
GET, 497.5, 0
GET, 497.6, 0
GET, 497.7, 0
GET, 497.8, 0
GET, 497.9, 0
GET, 498.0, 0
GET, 498.1, 0
GET, 498.2, 0
GET, 498.3, 0
GET, 498.4, 0
GET, 498.5, 0
GET, 498.6, 0
GET, 498.7, 0
GET, 498.8, 0
GET, 498.9, 0
GET, 499.0, 0
GET, 499.1, 0
GET, 499.2, 0
GET, 499.3, 0
GET, 499.4, 0
GET, 499.5, 0
GET, 499.6, 0
GET, 499.7, 0
GET, 499.8, 0
GET, 499.9, 0
GET, 500.0, 0
GET, 500.1, 0
GET, 500.2, 0
GET, 500.3, 0
GET, 500.4, 0
GET, 500.5, 0
GET, 500.6, 0
GET, 500.7, 0
GET, 500.8, 0
GET, 500.9, 0
GET, 501.0, 0
GET, 501.1, 0
GET, 501.2, 0
GET, 501.3, 0
GET, 501.4, 0
GET, 501.5, 0
GET, 501.6, 0
GET, 501.7, 0
GET, 501.8, 0
GET, 501.9, 0
GET, 502.0, 0
GET, 502.1, 0
GET, 502.2, 0
GET, 502.3, 0
GET, 502.4, 0
GET, 502.5, 0
GET, 502.6, 0
GET, 502.7, 0
GET, 502.8, 0
GET, 502.9, 0
GET, 503.0, 0
GET, 503.1, 0
GET, 503.2, 0
GET, 503.3, 0
GET, 503.4, 0
GET, 503.5, 0
GET, 503.6, 0
GET, 503.7, 0
GET, 503.8, 0
GET, 503.9, 0
GET, 504.0, 0
GET, 504.1, 0
GET, 504.2, 0
GET, 504.3, 0
GET, 504.4, 0
GET, 504.5, 0
GET, 504.6, 0
GET, 504.7, 0
GET, 504.8, 0
GET, 504.9, 0
GET, 505.0, 0
GET, 505.1, 0
GET, 505.2, 0
GET, 505.3, 0
GET, 505.4, 0
GET, 505.5, 0
GET, 505.6, 0
GET, 505.7, 0
GET, 505.8, 0
GET, 505.9, 0
GET, 506.0, 0
GET, 506.1, 0
GET, 506.2, 0
GET, 506.3, 0
GET, 506.4, 0
GET, 506.5, 0
GET, 506.6, 0
GET, 506.7, 0
GET, 506.8, 0
GET, 506.9, 0
GET, 507.0, 0
GET, 507.1, 0
GET, 507.2, 0
GET, 507.3, 0
GET, 507.4, 0
GET, 507.5, 0
GET, 507.6, 0
GET, 507.7, 0
GET, 507.8, 0
GET, 507.9, 0
GET, 508.0, 0
GET, 508.1, 0
GET, 508.2, 0
GET, 508.3, 0
GET, 508.4, 0
GET, 508.5, 0
GET, 508.6, 0
GET, 508.7, 0
GET, 508.8, 0
GET, 508.9, 0
GET, 509.0, 0
GET, 509.1, 0
GET, 509.2, 0
GET, 509.3, 0
GET, 509.4, 0
GET, 509.5, 0
GET, 509.6, 0
GET, 509.7, 0
GET, 509.8, 0
GET, 509.9, 0
GET, 510.0, 0
GET, 510.1, 0
GET, 510.2, 0
GET, 510.3, 0
GET, 510.4, 0
GET, 510.5, 0
GET, 510.6, 0
GET, 510.7, 0
GET, 510.8, 0
GET, 510.9, 0
GET, 511.0, 0
GET, 511.1, 0
GET, 511.2, 0
GET, 511.3, 0
GET, 511.4, 0
GET, 511.5, 0
GET, 511.6, 0
GET, 511.7, 0
GET, 511.8, 0
GET, 511.9, 0
GET, 512.0, 0
GET, 512.1, 0
GET, 512.2, 0
GET, 512.3, 0
GET, 512.4, 0
GET, 512.5, 0
GET, 512.6, 0
GET, 512.7, 0
GET, 512.8, 0
GET, 512.9, 0
GET, 513.0, 0
GET, 513.1, 0
GET, 513.2, 0
GET, 513.3, 0
GET, 513.4, 0
GET, 513.5, 0
GET, 513.6, 0
GET, 513.7, 0
GET, 513.8, 0
GET, 513.9, 0
GET, 514.0, 0
GET, 514.1, 0
GET, 514.2, 0
GET, 514.3, 0
GET, 514.4, 0
GET, 514.5, 0
GET, 514.6, 0
GET, 514.7, 0
GET, 514.8, 0
GET, 514.9, 0
GET, 515.0, 0
GET, 515.1, 0
GET, 515.2, 0
GET, 515.3, 0
GET, 515.4, 0
GET, 515.5, 0
GET, 515.6, 0
GET, 515.7, 0
GET, 515.8, 0
GET, 515.9, 0
GET, 516.0, 0
GET, 516.1, 0
GET, 516.2, 0
GET, 516.3, 0
GET, 516.4, 0
GET, 516.5, 0
GET, 516.6, 0
GET, 516.7, 0
GET, 516.8, 0
GET, 516.9, 0
GET, 517.0, 0
GET, 517.1, 0
GET, 517.2, 0
GET, 517.3, 0
GET, 517.4, 0
GET, 517.5, 0
GET, 517.6, 0
GET, 517.7, 0
GET, 517.8, 0
GET, 517.9, 0
GET, 518.0, 0
GET, 518.1, 0
GET, 518.2, 0
GET, 518.3, 0
GET, 518.4, 0
GET, 518.5, 0
GET, 518.6, 0
GET, 518.7, 0
GET, 518.8, 0
GET, 518.9, 0
GET, 519.0, 0
GET, 519.1, 0
GET, 519.2, 0
GET, 519.3, 0
GET, 519.4, 0
GET, 519.5, 0
GET, 519.6, 0
GET, 519.7, 0
GET, 519.8, 0
GET, 519.9, 0
GET, 520.0, 0
GET, 520.1, 0
GET, 520.2, 0
GET, 520.3, 0
GET, 520.4, 0
GET, 520.5, 0
GET, 520.6, 0
GET, 520.7, 0
GET, 520.8, 0
GET, 520.9, 0
GET, 521.0, 0
GET, 521.1, 0
GET, 521.2, 0
GET, 521.3, 0
GET, 521.4, 0
GET, 521.5, 0
GET, 521.6, 0
GET, 521.7, 0
GET, 521.8, 0
GET, 521.9, 0
GET, 522.0, 0
GET, 522.1, 0
GET, 522.2, 0
GET, 522.3, 0
GET, 522.4, 0
GET, 522.5, 0
GET, 522.6, 0
GET, 522.7, 0
GET, 522.8, 0
GET, 522.9, 0
GET, 523.0, 0
GET, 523.1, 0
GET, 523.2, 0
GET, 523.3, 0
GET, 523.4, 0
GET, 523.5, 0
GET, 523.6, 0
GET, 523.7, 0
GET, 523.8, 0
GET, 523.9, 0
GET, 524.0, 0
GET, 524.1, 0
GET, 524.2, 0
GET, 524.3, 0
GET, 524.4, 0
GET, 524.5, 0
GET, 524.6, 0
GET, 524.7, 0
GET, 524.8, 0
GET, 524.9, 0
GET, 525.0, 0
GET, 525.1, 0
GET, 525.2, 0
GET, 525.3, 0
GET, 525.4, 0
GET, 525.5, 0
GET, 525.6, 0
GET, 525.7, 0
GET, 525.8, 0
GET, 525.9, 0
GET, 526.0, 0
GET, 526.1, 0
GET, 526.2, 0
GET, 526.3, 0
GET, 526.4, 0
GET, 526.5, 0
GET, 526.6, 0
GET, 526.7, 0
GET, 526.8, 0
GET, 526.9, 0
GET, 527.0, 0
GET, 527.1, 0
GET, 527.2, 0
GET, 527.3, 0
GET, 527.4, 0
GET, 527.5, 0
GET, 527.6, 0
GET, 527.7, 0
GET, 527.8, 0
GET, 527.9, 0
GET, 528.0, 0
GET, 528.1, 0
GET, 528.2, 0
GET, 528.3, 0
GET, 528.4, 0
GET, 528.5, 0
GET, 528.6, 0
GET, 528.7, 0
GET, 528.8, 0
GET, 528.9, 0
GET, 529.0, 0
GET, 529.1, 0
GET, 529.2, 0
GET, 529.3, 0
GET, 529.4, 0
GET, 529.5, 0
GET, 529.6, 0
GET, 529.7, 0
GET, 529.8, 0
GET, 529.9, 0
GET, 530.0, 0
GET, 530.1, 0
GET, 530.2, 0
GET, 530.3, 0
GET, 530.4, 0
GET, 530.5, 0
GET, 530.6, 0
GET, 530.7, 0
GET, 530.8, 0
GET, 530.9, 0
GET, 531.0, 0
GET, 531.1, 0
GET, 531.2, 0
GET, 531.3, 0
GET, 531.4, 0
GET, 531.5, 0
GET, 531.6, 0
GET, 531.7, 0
GET, 531.8, 0
GET, 531.9, 0
GET, 532.0, 0
GET, 532.1, 0
GET, 532.2, 0
GET, 532.3, 0
GET, 532.4, 0
GET, 532.5, 0
GET, 532.6, 0
GET, 532.7, 0
GET, 532.8, 0
GET, 532.9, 0
GET, 533.0, 0
GET, 533.1, 0
GET, 533.2, 0
GET, 533.3, 0
GET, 533.4, 0
GET, 533.5, 0
GET, 533.6, 0
GET, 533.7, 0
GET, 533.8, 0
GET, 533.9, 0
GET, 534.0, 0
GET, 534.1, 0
GET, 534.2, 0
GET, 534.3, 0
GET, 534.4, 0
GET, 534.5, 0
GET, 534.6, 0
GET, 534.7, 0
GET, 534.8, 0
GET, 534.9, 0
GET, 535.0, 0
GET, 535.1, 0
GET, 535.2, 0
GET, 535.3, 0
GET, 535.4, 0
GET, 535.5, 0
GET, 535.6, 0
GET, 535.7, 0
GET, 535.8, 0
GET, 535.9, 0
GET, 536.0, 0
GET, 536.1, 0
GET, 536.2, 0
GET, 536.3, 0
GET, 536.4, 0
GET, 536.5, 0
GET, 536.6, 0
GET, 536.7, 0
GET, 536.8, 0
GET, 536.9, 0
GET, 537.0, 0
GET, 537.1, 0
GET, 537.2, 0
GET, 537.3, 0
GET, 537.4, 0
GET, 537.5, 0
GET, 537.6, 0
GET, 537.7, 0
GET, 537.8, 0
GET, 537.9, 0
GET, 538.0, 0
GET, 538.1, 0
GET, 538.2, 0
GET, 538.3, 0
GET, 538.4, 0
GET, 538.5, 0
GET, 538.6, 0
GET, 538.7, 0
GET, 538.8, 0
GET, 538.9, 0
GET, 539.0, 0
GET, 539.1, 0
GET, 539.2, 0
GET, 539.3, 0
GET, 539.4, 0
GET, 539.5, 0
GET, 539.6, 0
GET, 539.7, 0
GET, 539.8, 0
GET, 539.9, 0
GET, 540.0, 0
GET, 540.1, 0
GET, 540.2, 0
GET, 540.3, 0
GET, 540.4, 0
GET, 540.5, 0
GET, 540.6, 0
GET, 540.7, 0
GET, 540.8, 0
GET, 540.9, 0
GET, 541.0, 0
GET, 541.1, 0
GET, 541.2, 0
GET, 541.3, 0
GET, 541.4, 0
GET, 541.5, 0
GET, 541.6, 0
GET, 541.7, 0
GET, 541.8, 0
GET, 541.9, 0
GET, 542.0, 0
GET, 542.1, 0
GET, 542.2, 0
GET, 542.3, 0
GET, 542.4, 0
GET, 542.5, 0
GET, 542.6, 0
GET, 542.7, 0
GET, 542.8, 0
GET, 542.9, 0
GET, 543.0, 0
GET, 543.1, 0
GET, 543.2, 0
GET, 543.3, 2
GET, 543.4, 1
GET, 543.5, 2
GET, 543.6, 3
GET, 543.7, 2
GET, 543.8, 1
GET, 543.9, 0
GET, 544.0, 0
GET, 544.1, 0
GET, 544.2, 0
GET, 544.3, 0
GET, 544.4, 0
GET, 544.5, 0
GET, 544.6, 0
GET, 544.7, 0
GET, 544.8, 0
GET, 544.9, 0
GET, 545.0, 0
GET, 545.1, 0
GET, 545.2, 0
GET, 545.3, 1
GET, 545.4, 0
GET, 545.5, 0
GET, 545.6, 0
GET, 545.7, 0
GET, 545.8, 0
GET, 545.9, 0
GET, 546.0, 0
GET, 546.1, 0
GET, 546.2, 1
GET, 546.3, 0
GET, 546.4, 0
GET, 546.5, 0
GET, 546.6, 0
GET, 546.7, 0
GET, 546.8, 0
GET, 546.9, 0
GET, 547.0, 0
GET, 547.1, 0
GET, 547.2, 0
GET, 547.3, 0
GET, 547.4, 0
GET, 547.5, 0
GET, 547.6, 0
GET, 547.7, 0
GET, 547.8, 0
GET, 547.9, 0
GET, 548.0, 0
GET, 548.1, 0
GET, 548.2, 0
GET, 548.3, 0
GET, 548.4, 0
GET, 548.5, 0
GET, 548.6, 0
GET, 548.7, 0
GET, 548.8, 0
GET, 548.9, 0
GET, 549.0, 0
GET, 549.1, 0
GET, 549.2, 0
GET, 549.3, 0
GET, 549.4, 0
GET, 549.5, 0
GET, 549.6, 0
GET, 549.7, 0
GET, 549.8, 0
GET, 549.9, 0
GET, 550.0, 0
GET, 550.1, 0
GET, 550.2, 0
GET, 550.3, 0
GET, 550.4, 0
GET, 550.5, 0
GET, 550.6, 0
GET, 550.7, 0
GET, 550.8, 0
GET, 550.9, 0
GET, 551.0, 0
GET, 551.1, 0
GET, 551.2, 0
GET, 551.3, 0
GET, 551.4, 0
GET, 551.5, 0
GET, 551.6, 0
GET, 551.7, 0
GET, 551.8, 0
GET, 551.9, 0
GET, 552.0, 0
GET, 552.1, 0
GET, 552.2, 0
GET, 552.3, 0
GET, 552.4, 0
GET, 552.5, 0
GET, 552.6, 0
GET, 552.7, 0
GET, 552.8, 0
GET, 552.9, 0
GET, 553.0, 0
GET, 553.1, 0
GET, 553.2, 0
GET, 553.3, 0
GET, 553.4, 0
GET, 553.5, 0
GET, 553.6, 0
GET, 553.7, 0
GET, 553.8, 0
GET, 553.9, 0
GET, 554.0, 0
GET, 554.1, 0
GET, 554.2, 0
GET, 554.3, 0
GET, 554.4, 0
GET, 554.5, 0
GET, 554.6, 0
GET, 554.7, 0
GET, 554.8, 0
GET, 554.9, 0
GET, 555.0, 0
GET, 555.1, 0
GET, 555.2, 0
GET, 555.3, 0
GET, 555.4, 0
GET, 555.5, 0
GET, 555.6, 0
GET, 555.7, 0
GET, 555.8, 0
GET, 555.9, 0
GET, 556.0, 0
GET, 556.1, 0
GET, 556.2, 0
GET, 556.3, 0
GET, 556.4, 0
GET, 556.5, 0
GET, 556.6, 0
GET, 556.7, 0
GET, 556.8, 0
GET, 556.9, 0
GET, 557.0, 0
GET, 557.1, 0
GET, 557.2, 0
GET, 557.3, 0
GET, 557.4, 0
GET, 557.5, 0
GET, 557.6, 0
GET, 557.7, 0
GET, 557.8, 0
GET, 557.9, 0
GET, 558.0, 0
GET, 558.1, 0
GET, 558.2, 0
GET, 558.3, 0
GET, 558.4, 0
GET, 558.5, 0
GET, 558.6, 0
GET, 558.7, 0
GET, 558.8, 0
GET, 558.9, 0
GET, 559.0, 0
GET, 559.1, 0
GET, 559.2, 0
GET, 559.3, 0
GET, 559.4, 0
GET, 559.5, 0
GET, 559.6, 0
GET, 559.7, 0
GET, 559.8, 0
GET, 559.9, 0
GET, 560.0, 0
GET, 560.1, 0
GET, 560.2, 0
GET, 560.3, 0
GET, 560.4, 0
GET, 560.5, 0
GET, 560.6, 0
GET, 560.7, 0
GET, 560.8, 0
GET, 560.9, 0
GET, 561.0, 0
GET, 561.1, 0
GET, 561.2, 0
GET, 561.3, 0
GET, 561.4, 0
GET, 561.5, 0
GET, 561.6, 0
GET, 561.7, 0
GET, 561.8, 0
GET, 561.9, 0
GET, 562.0, 0
GET, 562.1, 0
GET, 562.2, 0
GET, 562.3, 0
GET, 562.4, 0
GET, 562.5, 0
GET, 562.6, 0
GET, 562.7, 0
GET, 562.8, 0
GET, 562.9, 0
GET, 563.0, 0
GET, 563.1, 0
GET, 563.2, 0
GET, 563.3, 0
GET, 563.4, 0
GET, 563.5, 0
GET, 563.6, 0
GET, 563.7, 0
GET, 563.8, 0
GET, 563.9, 0
GET, 564.0, 0
GET, 564.1, 0
GET, 564.2, 0
GET, 564.3, 0
GET, 564.4, 0
GET, 564.5, 0
GET, 564.6, 0
GET, 564.7, 0
GET, 564.8, 0
GET, 564.9, 0
GET, 565.0, 0
GET, 565.1, 0
GET, 565.2, 0
GET, 565.3, 0
GET, 565.4, 0
GET, 565.5, 0
GET, 565.6, 0
GET, 565.7, 0
GET, 565.8, 0
GET, 565.9, 0
GET, 566.0, 0
GET, 566.1, 0
GET, 566.2, 0
GET, 566.3, 0
GET, 566.4, 0
GET, 566.5, 0
GET, 566.6, 0
GET, 566.7, 0
GET, 566.8, 0
GET, 566.9, 0
GET, 567.0, 0
GET, 567.1, 0
GET, 567.2, 0
GET, 567.3, 0
GET, 567.4, 0
GET, 567.5, 0
GET, 567.6, 0
GET, 567.7, 0
GET, 567.8, 0
GET, 567.9, 0
GET, 568.0, 0
GET, 568.1, 0
GET, 568.2, 0
GET, 568.3, 0
GET, 568.4, 0
GET, 568.5, 0
GET, 568.6, 0
GET, 568.7, 0
GET, 568.8, 0
GET, 568.9, 0
GET, 569.0, 0
GET, 569.1, 0
GET, 569.2, 0
GET, 569.3, 0
GET, 569.4, 0
GET, 569.5, 0
GET, 569.6, 0
GET, 569.7, 0
GET, 569.8, 0
GET, 569.9, 0
GET, 570.0, 0
GET, 570.1, 0
GET, 570.2, 0
GET, 570.3, 0
GET, 570.4, 0
GET, 570.5, 0
GET, 570.6, 0
GET, 570.7, 0
GET, 570.8, 0
GET, 570.9, 0
GET, 571.0, 0
GET, 571.1, 0
GET, 571.2, 0
GET, 571.3, 0
GET, 571.4, 0
GET, 571.5, 0
GET, 571.6, 0
GET, 571.7, 0
GET, 571.8, 0
GET, 571.9, 0
GET, 572.0, 0
GET, 572.1, 0
GET, 572.2, 0
GET, 572.3, 0
GET, 572.4, 0
GET, 572.5, 0
GET, 572.6, 0
GET, 572.7, 0
GET, 572.8, 0
GET, 572.9, 0
GET, 573.0, 0
GET, 573.1, 0
GET, 573.2, 0
GET, 573.3, 0
GET, 573.4, 0
GET, 573.5, 0
GET, 573.6, 0
GET, 573.7, 0
GET, 573.8, 0
GET, 573.9, 0
GET, 574.0, 0
GET, 574.1, 0
GET, 574.2, 0
GET, 574.3, 0
GET, 574.4, 0
GET, 574.5, 0
GET, 574.6, 0
GET, 574.7, 0
GET, 574.8, 0
GET, 574.9, 0
GET, 575.0, 0
GET, 575.1, 0
GET, 575.2, 0
GET, 575.3, 0
GET, 575.4, 0
GET, 575.5, 0
GET, 575.6, 0
GET, 575.7, 0
GET, 575.8, 0
GET, 575.9, 0
GET, 576.0, 0
GET, 576.1, 0
GET, 576.2, 0
GET, 576.3, 0
GET, 576.4, 0
GET, 576.5, 0
GET, 576.6, 0
GET, 576.7, 0
GET, 576.8, 0
GET, 576.9, 0
GET, 577.0, 0
GET, 577.1, 0
GET, 577.2, 0
GET, 577.3, 0
GET, 577.4, 0
GET, 577.5, 0
GET, 577.6, 0
GET, 577.7, 0
GET, 577.8, 0
GET, 577.9, 0
GET, 578.0, 0
GET, 578.1, 0
GET, 578.2, 0
GET, 578.3, 0
GET, 578.4, 0
GET, 578.5, 0
GET, 578.6, 0
GET, 578.7, 0
GET, 578.8, 0
GET, 578.9, 0
GET, 579.0, 0
GET, 579.1, 0
GET, 579.2, 0
GET, 579.3, 0
GET, 579.4, 0
GET, 579.5, 0
GET, 579.6, 0
GET, 579.7, 0
GET, 579.8, 0
GET, 579.9, 0
GET, 580.0, 0
GET, 580.1, 0
GET, 580.2, 0
GET, 580.3, 0
GET, 580.4, 0
GET, 580.5, 0
GET, 580.6, 0
GET, 580.7, 0
GET, 580.8, 0
GET, 580.9, 0
GET, 581.0, 0
GET, 581.1, 0
GET, 581.2, 0
GET, 581.3, 0
GET, 581.4, 0
GET, 581.5, 0
GET, 581.6, 0
GET, 581.7, 0
GET, 581.8, 0
GET, 581.9, 0
GET, 582.0, 0
GET, 582.1, 0
GET, 582.2, 0
GET, 582.3, 0
GET, 582.4, 0
GET, 582.5, 0
GET, 582.6, 0
GET, 582.7, 0
GET, 582.8, 0
GET, 582.9, 0
GET, 583.0, 0
GET, 583.1, 0
GET, 583.2, 0
GET, 583.3, 0
GET, 583.4, 0
GET, 583.5, 0
GET, 583.6, 0
GET, 583.7, 0
GET, 583.8, 0
GET, 583.9, 0
GET, 584.0, 0
GET, 584.1, 0
GET, 584.2, 0
GET, 584.3, 0
GET, 584.4, 0
GET, 584.5, 0
GET, 584.6, 0
GET, 584.7, 0
GET, 584.8, 0
GET, 584.9, 0
GET, 585.0, 0
GET, 585.1, 0
GET, 585.2, 0
GET, 585.3, 0
GET, 585.4, 0
GET, 585.5, 0
GET, 585.6, 0
GET, 585.7, 0
GET, 585.8, 0
GET, 585.9, 0
GET, 586.0, 0
GET, 586.1, 0
GET, 586.2, 0
GET, 586.3, 0
GET, 586.4, 0
GET, 586.5, 0
GET, 586.6, 0
GET, 586.7, 0
GET, 586.8, 0
GET, 586.9, 0
GET, 587.0, 0
GET, 587.1, 0
GET, 587.2, 0
GET, 587.3, 0
GET, 587.4, 0
GET, 587.5, 0
GET, 587.6, 0
GET, 587.7, 0
GET, 587.8, 0
GET, 587.9, 0
GET, 588.0, 0
GET, 588.1, 0
GET, 588.2, 0
GET, 588.3, 0
GET, 588.4, 0
GET, 588.5, 0
GET, 588.6, 0
GET, 588.7, 0
GET, 588.8, 0
GET, 588.9, 0
GET, 589.0, 0
GET, 589.1, 0
GET, 589.2, 0
GET, 589.3, 0
GET, 589.4, 0
GET, 589.5, 0
GET, 589.6, 0
GET, 589.7, 0
GET, 589.8, 0
GET, 589.9, 0
GET, 590.0, 0
GET, 590.1, 0
GET, 590.2, 0
GET, 590.3, 0
GET, 590.4, 0
GET, 590.5, 0
GET, 590.6, 0
GET, 590.7, 0
GET, 590.8, 0
GET, 590.9, 0
GET, 591.0, 0
GET, 591.1, 0
GET, 591.2, 0
GET, 591.3, 0
GET, 591.4, 0
GET, 591.5, 0
GET, 591.6, 0
GET, 591.7, 0
GET, 591.8, 0
GET, 591.9, 0
GET, 592.0, 0
GET, 592.1, 0
GET, 592.2, 0
GET, 592.3, 0
GET, 592.4, 0
GET, 592.5, 0
GET, 592.6, 0
GET, 592.7, 0
GET, 592.8, 0
GET, 592.9, 0
GET, 593.0, 0
GET, 593.1, 0
GET, 593.2, 0
GET, 593.3, 1
GET, 593.4, 0
GET, 593.5, 0
GET, 593.6, 0
GET, 593.7, 0
GET, 593.8, 0
GET, 593.9, 1
GET, 594.0, 0
GET, 594.1, 0
GET, 594.2, 0
GET, 594.3, 0
GET, 594.4, 0
GET, 594.5, 0
GET, 594.6, 0
GET, 594.7, 0
GET, 594.8, 1
GET, 594.9, 0
GET, 595.0, 0
GET, 595.1, 0
GET, 595.2, 0
GET, 595.3, 0
GET, 595.4, 0
GET, 595.5, 0
GET, 595.6, 0
GET, 595.7, 0
GET, 595.8, 0
GET, 595.9, 0
GET, 596.0, 0
GET, 596.1, 0
GET, 596.2, 0
GET, 596.3, 0
GET, 596.4, 0
GET, 596.5, 0
GET, 596.6, 0
GET, 596.7, 0
GET, 596.8, 1
GET, 596.9, 0
GET, 597.0, 0
GET, 597.1, 0
GET, 597.2, 0
GET, 597.3, 0
GET, 597.4, 0
GET, 597.5, 0
GET, 597.6, 0
GET, 597.7, 0
GET, 597.8, 0
GET, 597.9, 0
GET, 598.0, 0
GET, 598.1, 0
GET, 598.2, 0
GET, 598.3, 0
GET, 598.4, 0
GET, 598.5, 0
GET, 598.6, 0
GET, 598.7, 0
GET, 598.8, 0
GET, 598.9, 0
GET, 599.0, 0
GET, 599.1, 0
GET, 599.2, 0
GET, 599.3, 0
GET, 599.4, 0
GET, 599.5, 0
GET, 599.6, 0
GET, 599.7, 0
GET, 599.8, 0
GET, 599.9, 0
GET, 600.0, 0
GET, 600.1, 0
GET, 600.2, 0
GET, 600.3, 0
GET, 600.4, 0
GET, 600.5, 0
GET, 600.6, 0
GET, 600.7, 0
GET, 600.8, 0
GET, 600.9, 0
GET, 601.0, 0
GET, 601.1, 0
GET, 601.2, 0
GET, 601.3, 0
GET, 601.4, 0
GET, 601.5, 0
GET, 601.6, 0
GET, 601.7, 0
GET, 601.8, 0
GET, 601.9, 0
GET, 602.0, 0
GET, 602.1, 0
GET, 602.2, 0
GET, 602.3, 0
GET, 602.4, 0
GET, 602.5, 0
GET, 602.6, 0
GET, 602.7, 0
GET, 602.8, 0
GET, 602.9, 0
GET, 603.0, 0
GET, 603.1, 0
GET, 603.2, 0
GET, 603.3, 0
GET, 603.4, 0
GET, 603.5, 0
GET, 603.6, 0
GET, 603.7, 0
GET, 603.8, 0
GET, 603.9, 0
GET, 604.0, 0
GET, 604.1, 0
GET, 604.2, 0
GET, 604.3, 0
GET, 604.4, 0
GET, 604.5, 0
GET, 604.6, 0
GET, 604.7, 0
GET, 604.8, 0
GET, 604.9, 0
GET, 605.0, 0
GET, 605.1, 0
GET, 605.2, 0
GET, 605.3, 0
GET, 605.4, 0
GET, 605.5, 0
GET, 605.6, 0
GET, 605.7, 0
GET, 605.8, 0
GET, 605.9, 0
GET, 606.0, 0
GET, 606.1, 1
GET, 606.2, 1
GET, 606.3, 0
GET, 606.4, 1
GET, 606.5, 1
GET, 606.6, 2
GET, 606.7, 0
GET, 606.8, 0
GET, 606.9, 1
GET, 607.0, 0
GET, 607.1, 0
GET, 607.2, 0
GET, 607.3, 1
GET, 607.4, 0
GET, 607.5, 0
GET, 607.6, 1
