Elapsed Time, AVG Throughput, AVG Queue Size, AVG Waiting Time, AVG Service Time, AVG Response Time, AVG SET Response Time, AVG GET Response Time, AVG MULTI-GET Response Time, #SETS, #GETS, #MULTIGETS, GET MissRatio, MULTI-GET MissRatio, AVG MULTI-GET Size
 5.00, 5639, 153, 26.133712, 1.064395, 27.313544, 27.313544, 0.000000, 0.000000, 28197, 0, 0, 0.00, 0.00, 0
10.00, 7461, 152, 20.555763, 0.836577, 21.467294, 21.467294, 0.000000, 0.000000, 37306, 0, 0, 0.00, 0.00, 0
15.00, 7371, 152, 20.877514, 0.844272, 21.802163, 21.802163, 0.000000, 0.000000, 36857, 0, 0, 0.00, 0.00, 0
20.00, 7203, 155, 21.610814, 0.888536, 22.578521, 22.578521, 0.000000, 0.000000, 36016, 0, 0, 0.00, 0.00, 0
25.00, 6891, 155, 22.699727, 0.937332, 23.722784, 23.722784, 0.000000, 0.000000, 34456, 0, 0, 0.00, 0.00, 0
30.00, 7113, 154, 21.872266, 0.898533, 22.847152, 22.847152, 0.000000, 0.000000, 35568, 0, 0, 0.00, 0.00, 0
35.00, 7145, 154, 21.675535, 0.899851, 22.650868, 22.650868, 0.000000, 0.000000, 35727, 0, 0, 0.00, 0.00, 0
40.00, 7309, 153, 21.192053, 0.865692, 22.136219, 22.136219, 0.000000, 0.000000, 36546, 0, 0, 0.00, 0.00, 0
45.00, 7203, 155, 21.648215, 0.884866, 22.618861, 22.618861, 0.000000, 0.000000, 36016, 0, 0, 0.00, 0.00, 0
50.00, 7113, 155, 22.006766, 0.900194, 22.993930, 22.993930, 0.000000, 0.000000, 35567, 0, 0, 0.00, 0.00, 0
55.00, 7101, 154, 21.987868, 0.899357, 22.975539, 22.975539, 0.000000, 0.000000, 35508, 0, 0, 0.00, 0.00, 0
60.00, 7262, 153, 21.327083, 0.866490, 22.271655, 22.271655, 0.000000, 0.000000, 36312, 0, 0, 0.00, 0.00, 0
65.00, 7071, 155, 22.074225, 0.900254, 23.063337, 23.063337, 0.000000, 0.000000, 35359, 0, 0, 0.00, 0.00, 0
70.00, 7271, 153, 21.282027, 0.871351, 22.223430, 22.223430, 0.000000, 0.000000, 36355, 0, 0, 0.00, 0.00, 0
71.00, 1248, 26, 3.934643, 0.773700, 4.786392, 4.786392, 0.000000, 0.000000, 6241, 0, 0, 0.00, 0.00, 0
Type, Interval, Responses
SET, 0.1, 0
SET, 0.2, 0
SET, 0.3, 0
SET, 0.4, 1
SET, 0.5, 18
SET, 0.6, 82
SET, 0.7, 118
SET, 0.8, 102
SET, 0.9, 95
SET, 1.0, 107
SET, 1.1, 80
SET, 1.2, 92
SET, 1.3, 105
SET, 1.4, 122
SET, 1.5, 91
SET, 1.6, 103
SET, 1.7, 94
SET, 1.8, 106
SET, 1.9, 121
SET, 2.0, 151
SET, 2.1, 159
SET, 2.2, 190
SET, 2.3, 215
SET, 2.4, 284
SET, 2.5, 307
SET, 2.6, 306
SET, 2.7, 245
SET, 2.8, 248
SET, 2.9, 185
SET, 3.0, 171
SET, 3.1, 145
SET, 3.2, 103
SET, 3.3, 100
SET, 3.4, 78
SET, 3.5, 76
SET, 3.6, 77
SET, 3.7, 38
SET, 3.8, 41
SET, 3.9, 46
SET, 4.0, 31
SET, 4.1, 29
SET, 4.2, 22
SET, 4.3, 37
SET, 4.4, 31
SET, 4.5, 29
SET, 4.6, 33
SET, 4.7, 29
SET, 4.8, 20
SET, 4.9, 23
SET, 5.0, 19
SET, 5.1, 9
SET, 5.2, 23
SET, 5.3, 13
SET, 5.4, 10
SET, 5.5, 8
SET, 5.6, 11
SET, 5.7, 6
SET, 5.8, 11
SET, 5.9, 13
SET, 6.0, 11
SET, 6.1, 10
SET, 6.2, 13
SET, 6.3, 12
SET, 6.4, 5
SET, 6.5, 7
SET, 6.6, 9
SET, 6.7, 8
SET, 6.8, 13
SET, 6.9, 11
SET, 7.0, 7
SET, 7.1, 12
SET, 7.2, 14
SET, 7.3, 18
SET, 7.4, 13
SET, 7.5, 18
SET, 7.6, 12
SET, 7.7, 16
SET, 7.8, 23
SET, 7.9, 16
SET, 8.0, 20
SET, 8.1, 22
SET, 8.2, 13
SET, 8.3, 28
SET, 8.4, 16
SET, 8.5, 23
SET, 8.6, 23
SET, 8.7, 20
SET, 8.8, 20
SET, 8.9, 23
SET, 9.0, 11
SET, 9.1, 15
SET, 9.2, 20
SET, 9.3, 19
SET, 9.4, 17
SET, 9.5, 20
SET, 9.6, 29
SET, 9.7, 28
SET, 9.8, 27
SET, 9.9, 38
SET, 10.0, 18
SET, 10.1, 19
SET, 10.2, 33
SET, 10.3, 27
SET, 10.4, 28
SET, 10.5, 21
SET, 10.6, 36
SET, 10.7, 30
SET, 10.8, 42
SET, 10.9, 31
SET, 11.0, 44
SET, 11.1, 41
SET, 11.2, 34
SET, 11.3, 37
SET, 11.4, 54
SET, 11.5, 64
SET, 11.6, 63
SET, 11.7, 69
SET, 11.8, 59
SET, 11.9, 77
SET, 12.0, 101
SET, 12.1, 93
SET, 12.2, 113
SET, 12.3, 91
SET, 12.4, 137
SET, 12.5, 99
SET, 12.6, 158
SET, 12.7, 163
SET, 12.8, 173
SET, 12.9, 198
SET, 13.0, 243
SET, 13.1, 253
SET, 13.2, 258
SET, 13.3, 310
SET, 13.4, 347
SET, 13.5, 396
SET, 13.6, 427
SET, 13.7, 472
SET, 13.8, 486
SET, 13.9, 537
SET, 14.0, 524
SET, 14.1, 638
SET, 14.2, 681
SET, 14.3, 704
SET, 14.4, 742
SET, 14.5, 735
SET, 14.6, 910
SET, 14.7, 896
SET, 14.8, 941
SET, 14.9, 1038
SET, 15.0, 1022
SET, 15.1, 1114
SET, 15.2, 1106
SET, 15.3, 1112
SET, 15.4, 1291
SET, 15.5, 1406
SET, 15.6, 1409
SET, 15.7, 1477
SET, 15.8, 1411
SET, 15.9, 1670
SET, 16.0, 1692
SET, 16.1, 1663
SET, 16.2, 1744
SET, 16.3, 1886
SET, 16.4, 1862
SET, 16.5, 1811
SET, 16.6, 2029
SET, 16.7, 2091
SET, 16.8, 2168
SET, 16.9, 2232
SET, 17.0, 2307
SET, 17.1, 2356
SET, 17.2, 2452
SET, 17.3, 2585
SET, 17.4, 2672
SET, 17.5, 2731
SET, 17.6, 2674
SET, 17.7, 2857
SET, 17.8, 2969
SET, 17.9, 3045
SET, 18.0, 3164
SET, 18.1, 3046
SET, 18.2, 3301
SET, 18.3, 3260
SET, 18.4, 3350
SET, 18.5, 3380
SET, 18.6, 3523
SET, 18.7, 3585
SET, 18.8, 3714
SET, 18.9, 3812
SET, 19.0, 3803
SET, 19.1, 3897
SET, 19.2, 4212
SET, 19.3, 3983
SET, 19.4, 4244
SET, 19.5, 4328
SET, 19.6, 4505
SET, 19.7, 4542
SET, 19.8, 4570
SET, 19.9, 4483
SET, 20.0, 4700
SET, 20.1, 4868
SET, 20.2, 4720
SET, 20.3, 4878
SET, 20.4, 4876
SET, 20.5, 4934
SET, 20.6, 4987
SET, 20.7, 5011
SET, 20.8, 4991
SET, 20.9, 4922
SET, 21.0, 4916
SET, 21.1, 5018
SET, 21.2, 4961
SET, 21.3, 5008
SET, 21.4, 4962
SET, 21.5, 5095
SET, 21.6, 4840
SET, 21.7, 4706
SET, 21.8, 4749
SET, 21.9, 4970
SET, 22.0, 4788
SET, 22.1, 4602
SET, 22.2, 4593
SET, 22.3, 4536
SET, 22.4, 4597
SET, 22.5, 4518
SET, 22.6, 4508
SET, 22.7, 4404
SET, 22.8, 4506
SET, 22.9, 4397
SET, 23.0, 4440
SET, 23.1, 4181
SET, 23.2, 4187
SET, 23.3, 4270
SET, 23.4, 4110
SET, 23.5, 4044
SET, 23.6, 3974
SET, 23.7, 3860
SET, 23.8, 3781
SET, 23.9, 3700
SET, 24.0, 3671
SET, 24.1, 3572
SET, 24.2, 3459
SET, 24.3, 3464
SET, 24.4, 3391
SET, 24.5, 3278
SET, 24.6, 3218
SET, 24.7, 3126
SET, 24.8, 3127
SET, 24.9, 3075
SET, 25.0, 3063
SET, 25.1, 3027
SET, 25.2, 2868
SET, 25.3, 2848
SET, 25.4, 2860
SET, 25.5, 2769
SET, 25.6, 2621
SET, 25.7, 2476
SET, 25.8, 2470
SET, 25.9, 2392
SET, 26.0, 2395
SET, 26.1, 2344
SET, 26.2, 2274
SET, 26.3, 2240
SET, 26.4, 2263
SET, 26.5, 2107
SET, 26.6, 2121
SET, 26.7, 2032
SET, 26.8, 2022
SET, 26.9, 1974
SET, 27.0, 1866
SET, 27.1, 1838
SET, 27.2, 1742
SET, 27.3, 1739
SET, 27.4, 1694
SET, 27.5, 1712
SET, 27.6, 1714
SET, 27.7, 1619
SET, 27.8, 1577
SET, 27.9, 1580
SET, 28.0, 1533
SET, 28.1, 1522
SET, 28.2, 1536
SET, 28.3, 1413
SET, 28.4, 1339
SET, 28.5, 1382
SET, 28.6, 1309
SET, 28.7, 1355
SET, 28.8, 1271
SET, 28.9, 1203
SET, 29.0, 1187
SET, 29.1, 1200
SET, 29.2, 1187
SET, 29.3, 1150
SET, 29.4, 1104
SET, 29.5, 1081
SET, 29.6, 1085
SET, 29.7, 1096
SET, 29.8, 1083
SET, 29.9, 1021
SET, 30.0, 874
SET, 30.1, 882
SET, 30.2, 915
SET, 30.3, 879
SET, 30.4, 781
SET, 30.5, 801
SET, 30.6, 810
SET, 30.7, 811
SET, 30.8, 741
SET, 30.9, 761
SET, 31.0, 693
SET, 31.1, 731
SET, 31.2, 743
SET, 31.3, 697
SET, 31.4, 661
SET, 31.5, 615
SET, 31.6, 624
SET, 31.7, 550
SET, 31.8, 564
SET, 31.9, 535
SET, 32.0, 538
SET, 32.1, 436
SET, 32.2, 475
SET, 32.3, 449
SET, 32.4, 456
SET, 32.5, 406
SET, 32.6, 406
SET, 32.7, 389
SET, 32.8, 324
SET, 32.9, 334
SET, 33.0, 310
SET, 33.1, 309
SET, 33.2, 300
SET, 33.3, 279
SET, 33.4, 299
SET, 33.5, 255
SET, 33.6, 248
SET, 33.7, 282
SET, 33.8, 252
SET, 33.9, 250
SET, 34.0, 218
SET, 34.1, 226
SET, 34.2, 204
SET, 34.3, 218
SET, 34.4, 237
SET, 34.5, 231
SET, 34.6, 241
SET, 34.7, 244
SET, 34.8, 207
SET, 34.9, 235
SET, 35.0, 192
SET, 35.1, 226
SET, 35.2, 188
SET, 35.3, 201
SET, 35.4, 185
SET, 35.5, 158
SET, 35.6, 160
SET, 35.7, 161
SET, 35.8, 160
SET, 35.9, 131
SET, 36.0, 155
SET, 36.1, 187
SET, 36.2, 125
SET, 36.3, 154
SET, 36.4, 164
SET, 36.5, 182
SET, 36.6, 170
SET, 36.7, 169
SET, 36.8, 165
SET, 36.9, 159
SET, 37.0, 143
SET, 37.1, 132
SET, 37.2, 148
SET, 37.3, 187
SET, 37.4, 161
SET, 37.5, 146
SET, 37.6, 146
SET, 37.7, 147
SET, 37.8, 164
SET, 37.9, 126
SET, 38.0, 122
SET, 38.1, 120
SET, 38.2, 103
SET, 38.3, 116
SET, 38.4, 131
SET, 38.5, 104
SET, 38.6, 108
SET, 38.7, 80
SET, 38.8, 100
SET, 38.9, 114
SET, 39.0, 105
SET, 39.1, 88
SET, 39.2, 108
SET, 39.3, 78
SET, 39.4, 82
SET, 39.5, 98
SET, 39.6, 74
SET, 39.7, 62
SET, 39.8, 83
SET, 39.9, 93
SET, 40.0, 79
SET, 40.1, 74
SET, 40.2, 76
SET, 40.3, 62
SET, 40.4, 60
SET, 40.5, 65
SET, 40.6, 69
SET, 40.7, 79
SET, 40.8, 51
SET, 40.9, 53
SET, 41.0, 85
SET, 41.1, 68
SET, 41.2, 76
SET, 41.3, 61
SET, 41.4, 60
SET, 41.5, 77
SET, 41.6, 70
SET, 41.7, 51
SET, 41.8, 52
SET, 41.9, 62
SET, 42.0, 39
SET, 42.1, 61
SET, 42.2, 54
SET, 42.3, 33
SET, 42.4, 42
SET, 42.5, 39
SET, 42.6, 38
SET, 42.7, 54
SET, 42.8, 54
SET, 42.9, 33
SET, 43.0, 37
SET, 43.1, 34
SET, 43.2, 30
SET, 43.3, 25
SET, 43.4, 37
SET, 43.5, 36
SET, 43.6, 29
SET, 43.7, 19
SET, 43.8, 41
SET, 43.9, 34
SET, 44.0, 37
SET, 44.1, 46
SET, 44.2, 41
SET, 44.3, 36
SET, 44.4, 33
SET, 44.5, 36
SET, 44.6, 50
SET, 44.7, 47
SET, 44.8, 40
SET, 44.9, 34
SET, 45.0, 50
SET, 45.1, 32
SET, 45.2, 30
SET, 45.3, 32
SET, 45.4, 27
SET, 45.5, 28
SET, 45.6, 26
SET, 45.7, 19
SET, 45.8, 26
SET, 45.9, 31
SET, 46.0, 27
SET, 46.1, 34
SET, 46.2, 25
SET, 46.3, 33
SET, 46.4, 38
SET, 46.5, 40
SET, 46.6, 35
SET, 46.7, 28
SET, 46.8, 21
SET, 46.9, 26
SET, 47.0, 22
SET, 47.1, 25
SET, 47.2, 30
SET, 47.3, 31
SET, 47.4, 23
SET, 47.5, 19
SET, 47.6, 28
SET, 47.7, 24
SET, 47.8, 28
SET, 47.9, 28
SET, 48.0, 24
SET, 48.1, 18
SET, 48.2, 20
SET, 48.3, 26
SET, 48.4, 28
SET, 48.5, 27
SET, 48.6, 28
SET, 48.7, 14
SET, 48.8, 12
SET, 48.9, 31
SET, 49.0, 28
SET, 49.1, 38
SET, 49.2, 39
SET, 49.3, 34
SET, 49.4, 36
SET, 49.5, 42
SET, 49.6, 22
SET, 49.7, 29
SET, 49.8, 26
SET, 49.9, 38
SET, 50.0, 24
SET, 50.1, 24
SET, 50.2, 33
SET, 50.3, 35
SET, 50.4, 30
SET, 50.5, 22
SET, 50.6, 24
SET, 50.7, 30
SET, 50.8, 22
SET, 50.9, 24
SET, 51.0, 27
SET, 51.1, 28
SET, 51.2, 16
SET, 51.3, 19
SET, 51.4, 25
SET, 51.5, 18
SET, 51.6, 9
SET, 51.7, 21
SET, 51.8, 19
SET, 51.9, 7
SET, 52.0, 22
SET, 52.1, 25
SET, 52.2, 18
SET, 52.3, 18
SET, 52.4, 19
SET, 52.5, 19
SET, 52.6, 20
SET, 52.7, 19
SET, 52.8, 28
SET, 52.9, 18
SET, 53.0, 22
SET, 53.1, 32
SET, 53.2, 29
SET, 53.3, 21
SET, 53.4, 19
SET, 53.5, 21
SET, 53.6, 18
SET, 53.7, 19
SET, 53.8, 24
SET, 53.9, 22
SET, 54.0, 16
SET, 54.1, 24
SET, 54.2, 14
SET, 54.3, 17
SET, 54.4, 11
SET, 54.5, 15
SET, 54.6, 13
SET, 54.7, 16
SET, 54.8, 14
SET, 54.9, 16
SET, 55.0, 19
SET, 55.1, 26
SET, 55.2, 9
SET, 55.3, 23
SET, 55.4, 14
SET, 55.5, 20
SET, 55.6, 31
SET, 55.7, 22
SET, 55.8, 29
SET, 55.9, 26
SET, 56.0, 21
SET, 56.1, 18
SET, 56.2, 36
SET, 56.3, 21
SET, 56.4, 27
SET, 56.5, 16
SET, 56.6, 20
SET, 56.7, 25
SET, 56.8, 20
SET, 56.9, 21
SET, 57.0, 39
SET, 57.1, 22
SET, 57.2, 33
SET, 57.3, 36
SET, 57.4, 26
SET, 57.5, 27
SET, 57.6, 25
SET, 57.7, 27
SET, 57.8, 22
SET, 57.9, 26
SET, 58.0, 20
SET, 58.1, 21
SET, 58.2, 22
SET, 58.3, 34
SET, 58.4, 28
SET, 58.5, 14
SET, 58.6, 23
SET, 58.7, 19
SET, 58.8, 17
SET, 58.9, 31
SET, 59.0, 19
SET, 59.1, 26
SET, 59.2, 13
SET, 59.3, 19
SET, 59.4, 24
SET, 59.5, 11
SET, 59.6, 13
SET, 59.7, 18
SET, 59.8, 10
SET, 59.9, 15
SET, 60.0, 16
SET, 60.1, 14
SET, 60.2, 10
SET, 60.3, 14
SET, 60.4, 19
SET, 60.5, 14
SET, 60.6, 13
SET, 60.7, 19
SET, 60.8, 19
SET, 60.9, 28
SET, 61.0, 17
SET, 61.1, 13
SET, 61.2, 11
SET, 61.3, 12
SET, 61.4, 10
SET, 61.5, 17
SET, 61.6, 7
SET, 61.7, 9
SET, 61.8, 3
SET, 61.9, 14
SET, 62.0, 13
SET, 62.1, 11
SET, 62.2, 16
SET, 62.3, 18
SET, 62.4, 22
SET, 62.5, 19
SET, 62.6, 11
SET, 62.7, 12
SET, 62.8, 10
SET, 62.9, 10
SET, 63.0, 4
SET, 63.1, 2
SET, 63.2, 6
SET, 63.3, 9
SET, 63.4, 8
SET, 63.5, 8
SET, 63.6, 14
SET, 63.7, 3
SET, 63.8, 8
SET, 63.9, 7
SET, 64.0, 3
SET, 64.1, 4
SET, 64.2, 2
SET, 64.3, 5
SET, 64.4, 6
SET, 64.5, 5
SET, 64.6, 1
SET, 64.7, 4
SET, 64.8, 9
SET, 64.9, 10
SET, 65.0, 8
SET, 65.1, 9
SET, 65.2, 11
SET, 65.3, 5
SET, 65.4, 4
SET, 65.5, 1
SET, 65.6, 4
SET, 65.7, 3
SET, 65.8, 2
SET, 65.9, 3
SET, 66.0, 3
SET, 66.1, 3
SET, 66.2, 3
SET, 66.3, 2
SET, 66.4, 2
SET, 66.5, 3
SET, 66.6, 5
SET, 66.7, 3
SET, 66.8, 4
SET, 66.9, 3
SET, 67.0, 0
SET, 67.1, 0
SET, 67.2, 6
SET, 67.3, 1
SET, 67.4, 0
SET, 67.5, 3
SET, 67.6, 5
SET, 67.7, 1
SET, 67.8, 4
SET, 67.9, 1
SET, 68.0, 7
SET, 68.1, 2
SET, 68.2, 4
SET, 68.3, 3
SET, 68.4, 4
SET, 68.5, 7
SET, 68.6, 4
SET, 68.7, 5
SET, 68.8, 4
SET, 68.9, 1
SET, 69.0, 0
SET, 69.1, 0
SET, 69.2, 2
SET, 69.3, 0
SET, 69.4, 0
SET, 69.5, 3
SET, 69.6, 1
SET, 69.7, 2
SET, 69.8, 0
SET, 69.9, 1
SET, 70.0, 0
SET, 70.1, 5
SET, 70.2, 0
SET, 70.3, 7
SET, 70.4, 0
SET, 70.5, 4
SET, 70.6, 4
SET, 70.7, 3
SET, 70.8, 4
SET, 70.9, 1
SET, 71.0, 8
SET, 71.1, 5
SET, 71.2, 0
SET, 71.3, 0
SET, 71.4, 0
SET, 71.5, 2
SET, 71.6, 2
SET, 71.7, 4
SET, 71.8, 2
SET, 71.9, 3
SET, 72.0, 1
SET, 72.1, 3
SET, 72.2, 0
SET, 72.3, 3
SET, 72.4, 0
SET, 72.5, 0
SET, 72.6, 1
SET, 72.7, 0
SET, 72.8, 2
SET, 72.9, 0
SET, 73.0, 2
SET, 73.1, 3
SET, 73.2, 1
SET, 73.3, 9
SET, 73.4, 1
SET, 73.5, 3
SET, 73.6, 4
SET, 73.7, 2
SET, 73.8, 9
SET, 73.9, 6
SET, 74.0, 6
SET, 74.1, 6
SET, 74.2, 10
SET, 74.3, 2
SET, 74.4, 4
SET, 74.5, 6
SET, 74.6, 5
SET, 74.7, 8
SET, 74.8, 9
SET, 74.9, 8
SET, 75.0, 2
SET, 75.1, 3
SET, 75.2, 12
SET, 75.3, 2
SET, 75.4, 7
SET, 75.5, 8
SET, 75.6, 7
SET, 75.7, 5
SET, 75.8, 10
SET, 75.9, 11
SET, 76.0, 9
SET, 76.1, 9
SET, 76.2, 4
SET, 76.3, 4
SET, 76.4, 7
SET, 76.5, 5
SET, 76.6, 1
SET, 76.7, 1
SET, 76.8, 2
SET, 76.9, 6
SET, 77.0, 10
SET, 77.1, 4
SET, 77.2, 4
SET, 77.3, 7
SET, 77.4, 6
SET, 77.5, 4
SET, 77.6, 8
SET, 77.7, 10
SET, 77.8, 1
SET, 77.9, 3
SET, 78.0, 3
SET, 78.1, 0
SET, 78.2, 2
SET, 78.3, 6
SET, 78.4, 4
SET, 78.5, 4
SET, 78.6, 4
SET, 78.7, 0
SET, 78.8, 4
SET, 78.9, 4
SET, 79.0, 1
SET, 79.1, 6
SET, 79.2, 3
SET, 79.3, 1
SET, 79.4, 5
SET, 79.5, 1
SET, 79.6, 1
SET, 79.7, 0
SET, 79.8, 2
SET, 79.9, 0
SET, 80.0, 5
SET, 80.1, 0
SET, 80.2, 0
SET, 80.3, 1
SET, 80.4, 1
SET, 80.5, 1
SET, 80.6, 3
SET, 80.7, 1
SET, 80.8, 0
SET, 80.9, 1
SET, 81.0, 0
SET, 81.1, 1
SET, 81.2, 0
SET, 81.3, 4
SET, 81.4, 1
SET, 81.5, 1
SET, 81.6, 0
SET, 81.7, 1
SET, 81.8, 0
SET, 81.9, 0
SET, 82.0, 0
SET, 82.1, 5
SET, 82.2, 3
SET, 82.3, 4
SET, 82.4, 0
SET, 82.5, 0
SET, 82.6, 0
SET, 82.7, 5
SET, 82.8, 1
SET, 82.9, 1
SET, 83.0, 0
SET, 83.1, 1
SET, 83.2, 2
SET, 83.3, 8
SET, 83.4, 4
SET, 83.5, 4
SET, 83.6, 12
SET, 83.7, 9
SET, 83.8, 11
SET, 83.9, 5
SET, 84.0, 12
SET, 84.1, 6
SET, 84.2, 8
SET, 84.3, 13
SET, 84.4, 13
SET, 84.5, 7
SET, 84.6, 3
SET, 84.7, 4
SET, 84.8, 4
SET, 84.9, 6
SET, 85.0, 4
SET, 85.1, 2
SET, 85.2, 0
SET, 85.3, 3
SET, 85.4, 5
SET, 85.5, 0
SET, 85.6, 0
SET, 85.7, 0
SET, 85.8, 0
SET, 85.9, 0
SET, 86.0, 0
SET, 86.1, 1
SET, 86.2, 1
SET, 86.3, 0
SET, 86.4, 0
SET, 86.5, 0
SET, 86.6, 0
SET, 86.7, 1
SET, 86.8, 0
SET, 86.9, 2
SET, 87.0, 0
SET, 87.1, 0
SET, 87.2, 0
SET, 87.3, 1
SET, 87.4, 0
SET, 87.5, 1
SET, 87.6, 1
SET, 87.7, 0
SET, 87.8, 0
SET, 87.9, 0
SET, 88.0, 1
SET, 88.1, 0
SET, 88.2, 0
SET, 88.3, 0
SET, 88.4, 1
SET, 88.5, 0
SET, 88.6, 0
SET, 88.7, 0
SET, 88.8, 1
SET, 88.9, 0
SET, 89.0, 0
SET, 89.1, 0
SET, 89.2, 0
SET, 89.3, 0
SET, 89.4, 0
SET, 89.5, 1
SET, 89.6, 1
SET, 89.7, 0
SET, 89.8, 0
SET, 89.9, 2
SET, 90.0, 0
SET, 90.1, 1
SET, 90.2, 2
SET, 90.3, 1
SET, 90.4, 2
SET, 90.5, 0
SET, 90.6, 3
SET, 90.7, 1
SET, 90.8, 0
SET, 90.9, 0
SET, 91.0, 0
SET, 91.1, 1
SET, 91.2, 1
SET, 91.3, 1
SET, 91.4, 0
SET, 91.5, 0
SET, 91.6, 0
SET, 91.7, 4
SET, 91.8, 2
SET, 91.9, 2
SET, 92.0, 1
SET, 92.1, 1
SET, 92.2, 1
SET, 92.3, 0
SET, 92.4, 0
SET, 92.5, 0
SET, 92.6, 0
SET, 92.7, 0
SET, 92.8, 0
SET, 92.9, 0
SET, 93.0, 0
SET, 93.1, 0
SET, 93.2, 0
SET, 93.3, 0
SET, 93.4, 0
SET, 93.5, 0
SET, 93.6, 0
SET, 93.7, 0
SET, 93.8, 0
SET, 93.9, 0
SET, 94.0, 0
SET, 94.1, 0
SET, 94.2, 0
SET, 94.3, 0
SET, 94.4, 0
SET, 94.5, 0
SET, 94.6, 0
SET, 94.7, 0
SET, 94.8, 0
SET, 94.9, 0
SET, 95.0, 0
SET, 95.1, 0
SET, 95.2, 0
SET, 95.3, 0
SET, 95.4, 0
SET, 95.5, 0
SET, 95.6, 0
SET, 95.7, 0
SET, 95.8, 1
SET, 95.9, 1
SET, 96.0, 2
SET, 96.1, 1
SET, 96.2, 3
SET, 96.3, 2
SET, 96.4, 1
SET, 96.5, 1
SET, 96.6, 0
SET, 96.7, 3
SET, 96.8, 1
SET, 96.9, 1
SET, 97.0, 0
SET, 97.1, 0
SET, 97.2, 0
SET, 97.3, 0
SET, 97.4, 0
SET, 97.5, 0
SET, 97.6, 0
SET, 97.7, 0
SET, 97.8, 0
SET, 97.9, 1
SET, 98.0, 0
SET, 98.1, 1
SET, 98.2, 2
SET, 98.3, 1
SET, 98.4, 0
SET, 98.5, 0
SET, 98.6, 1
SET, 98.7, 0
SET, 98.8, 0
SET, 98.9, 0
SET, 99.0, 0
SET, 99.1, 0
SET, 99.2, 0
SET, 99.3, 0
SET, 99.4, 1
SET, 99.5, 0
SET, 99.6, 1
SET, 99.7, 2
SET, 99.8, 0
SET, 99.9, 0
SET, 100.0, 0
SET, 100.1, 0
SET, 100.2, 0
SET, 100.3, 1
SET, 100.4, 0
SET, 100.5, 1
SET, 100.6, 0
SET, 100.7, 1
SET, 100.8, 0
SET, 100.9, 1
SET, 101.0, 0
SET, 101.1, 1
SET, 101.2, 0
SET, 101.3, 0
SET, 101.4, 0
SET, 101.5, 0
SET, 101.6, 0
SET, 101.7, 1
SET, 101.8, 0
SET, 101.9, 0
SET, 102.0, 1
SET, 102.1, 0
SET, 102.2, 0
SET, 102.3, 1
SET, 102.4, 0
SET, 102.5, 0
SET, 102.6, 0
SET, 102.7, 0
SET, 102.8, 0
SET, 102.9, 0
SET, 103.0, 1
SET, 103.1, 0
SET, 103.2, 2
SET, 103.3, 2
SET, 103.4, 1
SET, 103.5, 3
SET, 103.6, 0
SET, 103.7, 0
SET, 103.8, 0
SET, 103.9, 0
SET, 104.0, 1
SET, 104.1, 2
SET, 104.2, 2
SET, 104.3, 0
SET, 104.4, 0
SET, 104.5, 0
SET, 104.6, 0
SET, 104.7, 0
SET, 104.8, 0
SET, 104.9, 0
SET, 105.0, 0
SET, 105.1, 0
SET, 105.2, 1
SET, 105.3, 0
SET, 105.4, 0
SET, 105.5, 0
SET, 105.6, 0
SET, 105.7, 0
SET, 105.8, 0
SET, 105.9, 0
SET, 106.0, 1
SET, 106.1, 0
SET, 106.2, 1
SET, 106.3, 2
SET, 106.4, 0
SET, 106.5, 1
SET, 106.6, 0
SET, 106.7, 1
SET, 106.8, 0
SET, 106.9, 2
SET, 107.0, 2
SET, 107.1, 0
SET, 107.2, 0
SET, 107.3, 0
SET, 107.4, 1
SET, 107.5, 1
SET, 107.6, 1
SET, 107.7, 0
SET, 107.8, 0
SET, 107.9, 0
SET, 108.0, 0
SET, 108.1, 0
SET, 108.2, 0
SET, 108.3, 0
SET, 108.4, 0
SET, 108.5, 0
SET, 108.6, 0
SET, 108.7, 0
SET, 108.8, 0
SET, 108.9, 0
SET, 109.0, 0
SET, 109.1, 0
SET, 109.2, 0
SET, 109.3, 0
SET, 109.4, 0
SET, 109.5, 0
SET, 109.6, 0
SET, 109.7, 0
SET, 109.8, 0
SET, 109.9, 0
SET, 110.0, 0
SET, 110.1, 0
SET, 110.2, 0
SET, 110.3, 0
SET, 110.4, 0
SET, 110.5, 0
SET, 110.6, 0
SET, 110.7, 0
SET, 110.8, 0
SET, 110.9, 0
SET, 111.0, 0
SET, 111.1, 0
SET, 111.2, 0
SET, 111.3, 0
SET, 111.4, 0
SET, 111.5, 0
SET, 111.6, 0
SET, 111.7, 0
SET, 111.8, 0
SET, 111.9, 0
SET, 112.0, 0
SET, 112.1, 0
SET, 112.2, 0
SET, 112.3, 0
SET, 112.4, 0
SET, 112.5, 0
SET, 112.6, 0
SET, 112.7, 0
SET, 112.8, 0
SET, 112.9, 0
SET, 113.0, 0
SET, 113.1, 0
SET, 113.2, 0
SET, 113.3, 0
SET, 113.4, 0
SET, 113.5, 0
SET, 113.6, 0
SET, 113.7, 0
SET, 113.8, 0
SET, 113.9, 0
SET, 114.0, 0
SET, 114.1, 0
SET, 114.2, 0
SET, 114.3, 0
SET, 114.4, 0
SET, 114.5, 0
SET, 114.6, 0
SET, 114.7, 0
SET, 114.8, 0
SET, 114.9, 0
SET, 115.0, 0
SET, 115.1, 0
SET, 115.2, 0
SET, 115.3, 0
SET, 115.4, 0
SET, 115.5, 0
SET, 115.6, 0
SET, 115.7, 0
SET, 115.8, 0
SET, 115.9, 0
SET, 116.0, 0
SET, 116.1, 0
SET, 116.2, 0
SET, 116.3, 0
SET, 116.4, 0
SET, 116.5, 0
SET, 116.6, 0
SET, 116.7, 0
SET, 116.8, 0
SET, 116.9, 0
SET, 117.0, 0
SET, 117.1, 0
SET, 117.2, 0
SET, 117.3, 0
SET, 117.4, 0
SET, 117.5, 0
SET, 117.6, 0
SET, 117.7, 0
SET, 117.8, 0
SET, 117.9, 0
SET, 118.0, 0
SET, 118.1, 0
SET, 118.2, 0
SET, 118.3, 0
SET, 118.4, 0
SET, 118.5, 0
SET, 118.6, 0
SET, 118.7, 0
SET, 118.8, 0
SET, 118.9, 0
SET, 119.0, 0
SET, 119.1, 0
SET, 119.2, 0
SET, 119.3, 0
SET, 119.4, 0
SET, 119.5, 0
SET, 119.6, 0
SET, 119.7, 0
SET, 119.8, 0
SET, 119.9, 0
SET, 120.0, 0
SET, 120.1, 0
SET, 120.2, 0
SET, 120.3, 0
SET, 120.4, 0
SET, 120.5, 0
SET, 120.6, 0
SET, 120.7, 0
SET, 120.8, 0
SET, 120.9, 0
SET, 121.0, 0
SET, 121.1, 0
SET, 121.2, 0
SET, 121.3, 0
SET, 121.4, 0
SET, 121.5, 0
SET, 121.6, 0
SET, 121.7, 0
SET, 121.8, 0
SET, 121.9, 0
SET, 122.0, 0
SET, 122.1, 0
SET, 122.2, 0
SET, 122.3, 0
SET, 122.4, 0
SET, 122.5, 0
SET, 122.6, 0
SET, 122.7, 0
SET, 122.8, 0
SET, 122.9, 0
SET, 123.0, 0
SET, 123.1, 0
SET, 123.2, 0
SET, 123.3, 0
SET, 123.4, 0
SET, 123.5, 0
SET, 123.6, 0
SET, 123.7, 0
SET, 123.8, 0
SET, 123.9, 0
SET, 124.0, 0
SET, 124.1, 0
SET, 124.2, 0
SET, 124.3, 0
SET, 124.4, 0
SET, 124.5, 0
SET, 124.6, 0
SET, 124.7, 0
SET, 124.8, 0
SET, 124.9, 0
SET, 125.0, 0
SET, 125.1, 0
SET, 125.2, 0
SET, 125.3, 0
SET, 125.4, 0
SET, 125.5, 0
SET, 125.6, 0
SET, 125.7, 0
SET, 125.8, 0
SET, 125.9, 0
SET, 126.0, 0
SET, 126.1, 0
SET, 126.2, 0
SET, 126.3, 0
SET, 126.4, 0
SET, 126.5, 0
SET, 126.6, 0
SET, 126.7, 0
SET, 126.8, 0
SET, 126.9, 0
SET, 127.0, 0
SET, 127.1, 0
SET, 127.2, 0
SET, 127.3, 0
SET, 127.4, 0
SET, 127.5, 0
SET, 127.6, 0
SET, 127.7, 0
SET, 127.8, 0
SET, 127.9, 0
SET, 128.0, 0
SET, 128.1, 0
SET, 128.2, 0
SET, 128.3, 0
SET, 128.4, 0
SET, 128.5, 0
SET, 128.6, 0
SET, 128.7, 0
SET, 128.8, 0
SET, 128.9, 0
SET, 129.0, 0
SET, 129.1, 0
SET, 129.2, 0
SET, 129.3, 0
SET, 129.4, 0
SET, 129.5, 0
SET, 129.6, 0
SET, 129.7, 0
SET, 129.8, 0
SET, 129.9, 0
SET, 130.0, 0
SET, 130.1, 0
SET, 130.2, 0
SET, 130.3, 0
SET, 130.4, 0
SET, 130.5, 0
SET, 130.6, 0
SET, 130.7, 0
SET, 130.8, 0
SET, 130.9, 0
SET, 131.0, 0
SET, 131.1, 0
SET, 131.2, 0
SET, 131.3, 0
SET, 131.4, 0
SET, 131.5, 0
SET, 131.6, 0
SET, 131.7, 0
SET, 131.8, 0
SET, 131.9, 0
SET, 132.0, 0
SET, 132.1, 0
SET, 132.2, 0
SET, 132.3, 0
SET, 132.4, 0
SET, 132.5, 0
SET, 132.6, 0
SET, 132.7, 0
SET, 132.8, 0
SET, 132.9, 0
SET, 133.0, 0
SET, 133.1, 0
SET, 133.2, 0
SET, 133.3, 0
SET, 133.4, 0
SET, 133.5, 0
SET, 133.6, 0
SET, 133.7, 0
SET, 133.8, 0
SET, 133.9, 0
SET, 134.0, 0
SET, 134.1, 0
SET, 134.2, 0
SET, 134.3, 0
SET, 134.4, 0
SET, 134.5, 0
SET, 134.6, 0
SET, 134.7, 0
SET, 134.8, 0
SET, 134.9, 0
SET, 135.0, 0
SET, 135.1, 0
SET, 135.2, 0
SET, 135.3, 0
SET, 135.4, 0
SET, 135.5, 0
SET, 135.6, 0
SET, 135.7, 0
SET, 135.8, 0
SET, 135.9, 0
SET, 136.0, 0
SET, 136.1, 0
SET, 136.2, 0
SET, 136.3, 0
SET, 136.4, 0
SET, 136.5, 0
SET, 136.6, 0
SET, 136.7, 0
SET, 136.8, 0
SET, 136.9, 0
SET, 137.0, 0
SET, 137.1, 0
SET, 137.2, 0
SET, 137.3, 0
SET, 137.4, 0
SET, 137.5, 0
SET, 137.6, 0
SET, 137.7, 0
SET, 137.8, 0
SET, 137.9, 0
SET, 138.0, 0
SET, 138.1, 0
SET, 138.2, 0
SET, 138.3, 0
SET, 138.4, 0
SET, 138.5, 0
SET, 138.6, 0
SET, 138.7, 0
SET, 138.8, 0
SET, 138.9, 0
SET, 139.0, 0
SET, 139.1, 0
SET, 139.2, 0
SET, 139.3, 0
SET, 139.4, 0
SET, 139.5, 0
SET, 139.6, 0
SET, 139.7, 0
SET, 139.8, 0
SET, 139.9, 0
SET, 140.0, 0
SET, 140.1, 0
SET, 140.2, 0
SET, 140.3, 0
SET, 140.4, 0
SET, 140.5, 0
SET, 140.6, 0
SET, 140.7, 0
SET, 140.8, 0
SET, 140.9, 0
SET, 141.0, 0
SET, 141.1, 0
SET, 141.2, 0
SET, 141.3, 0
SET, 141.4, 0
SET, 141.5, 0
SET, 141.6, 0
SET, 141.7, 0
SET, 141.8, 0
SET, 141.9, 0
SET, 142.0, 0
SET, 142.1, 0
SET, 142.2, 0
SET, 142.3, 0
SET, 142.4, 0
SET, 142.5, 0
SET, 142.6, 0
SET, 142.7, 0
SET, 142.8, 0
SET, 142.9, 0
SET, 143.0, 0
SET, 143.1, 0
SET, 143.2, 0
SET, 143.3, 0
SET, 143.4, 0
SET, 143.5, 0
SET, 143.6, 0
SET, 143.7, 0
SET, 143.8, 0
SET, 143.9, 0
SET, 144.0, 0
SET, 144.1, 0
SET, 144.2, 0
SET, 144.3, 0
SET, 144.4, 0
SET, 144.5, 0
SET, 144.6, 0
SET, 144.7, 0
SET, 144.8, 0
SET, 144.9, 0
SET, 145.0, 0
SET, 145.1, 0
SET, 145.2, 0
SET, 145.3, 0
SET, 145.4, 0
SET, 145.5, 0
SET, 145.6, 0
SET, 145.7, 0
SET, 145.8, 0
SET, 145.9, 0
SET, 146.0, 0
SET, 146.1, 0
SET, 146.2, 0
SET, 146.3, 0
SET, 146.4, 0
SET, 146.5, 0
SET, 146.6, 0
SET, 146.7, 0
SET, 146.8, 0
SET, 146.9, 0
SET, 147.0, 0
SET, 147.1, 0
SET, 147.2, 0
SET, 147.3, 0
SET, 147.4, 0
SET, 147.5, 0
SET, 147.6, 0
SET, 147.7, 0
SET, 147.8, 0
SET, 147.9, 0
SET, 148.0, 0
SET, 148.1, 0
SET, 148.2, 0
SET, 148.3, 0
SET, 148.4, 0
SET, 148.5, 0
SET, 148.6, 0
SET, 148.7, 0
SET, 148.8, 0
SET, 148.9, 0
SET, 149.0, 0
SET, 149.1, 0
SET, 149.2, 0
SET, 149.3, 0
SET, 149.4, 0
SET, 149.5, 0
SET, 149.6, 0
SET, 149.7, 0
SET, 149.8, 0
SET, 149.9, 0
SET, 150.0, 0
SET, 150.1, 0
SET, 150.2, 0
SET, 150.3, 0
SET, 150.4, 0
SET, 150.5, 0
SET, 150.6, 0
SET, 150.7, 0
SET, 150.8, 0
SET, 150.9, 0
SET, 151.0, 0
SET, 151.1, 0
SET, 151.2, 0
SET, 151.3, 0
SET, 151.4, 0
SET, 151.5, 0
SET, 151.6, 0
SET, 151.7, 0
SET, 151.8, 0
SET, 151.9, 0
SET, 152.0, 0
SET, 152.1, 0
SET, 152.2, 0
SET, 152.3, 0
SET, 152.4, 0
SET, 152.5, 0
SET, 152.6, 0
SET, 152.7, 0
SET, 152.8, 0
SET, 152.9, 0
SET, 153.0, 0
SET, 153.1, 0
SET, 153.2, 0
SET, 153.3, 0
SET, 153.4, 0
SET, 153.5, 0
SET, 153.6, 0
SET, 153.7, 0
SET, 153.8, 0
SET, 153.9, 0
SET, 154.0, 0
SET, 154.1, 0
SET, 154.2, 0
SET, 154.3, 0
SET, 154.4, 0
SET, 154.5, 0
SET, 154.6, 0
SET, 154.7, 0
SET, 154.8, 0
SET, 154.9, 0
SET, 155.0, 0
SET, 155.1, 0
SET, 155.2, 0
SET, 155.3, 0
SET, 155.4, 0
SET, 155.5, 0
SET, 155.6, 0
SET, 155.7, 0
SET, 155.8, 0
SET, 155.9, 0
SET, 156.0, 0
SET, 156.1, 0
SET, 156.2, 0
SET, 156.3, 0
SET, 156.4, 0
SET, 156.5, 0
SET, 156.6, 0
SET, 156.7, 0
SET, 156.8, 0
SET, 156.9, 0
SET, 157.0, 0
SET, 157.1, 0
SET, 157.2, 0
SET, 157.3, 0
SET, 157.4, 0
SET, 157.5, 0
SET, 157.6, 0
SET, 157.7, 0
SET, 157.8, 0
SET, 157.9, 0
SET, 158.0, 0
SET, 158.1, 0
SET, 158.2, 0
SET, 158.3, 0
SET, 158.4, 0
SET, 158.5, 0
SET, 158.6, 0
SET, 158.7, 0
SET, 158.8, 0
SET, 158.9, 0
SET, 159.0, 0
SET, 159.1, 0
SET, 159.2, 0
SET, 159.3, 0
SET, 159.4, 0
SET, 159.5, 0
SET, 159.6, 0
SET, 159.7, 0
SET, 159.8, 0
SET, 159.9, 0
SET, 160.0, 0
SET, 160.1, 0
SET, 160.2, 0
SET, 160.3, 0
SET, 160.4, 0
SET, 160.5, 0
SET, 160.6, 0
SET, 160.7, 0
SET, 160.8, 0
SET, 160.9, 0
SET, 161.0, 0
SET, 161.1, 0
SET, 161.2, 0
SET, 161.3, 0
SET, 161.4, 0
SET, 161.5, 0
SET, 161.6, 0
SET, 161.7, 0
SET, 161.8, 0
SET, 161.9, 0
SET, 162.0, 0
SET, 162.1, 0
SET, 162.2, 0
SET, 162.3, 0
SET, 162.4, 0
SET, 162.5, 0
SET, 162.6, 0
SET, 162.7, 0
SET, 162.8, 0
SET, 162.9, 0
SET, 163.0, 0
SET, 163.1, 0
SET, 163.2, 0
SET, 163.3, 0
SET, 163.4, 0
SET, 163.5, 0
SET, 163.6, 0
SET, 163.7, 0
SET, 163.8, 0
SET, 163.9, 0
SET, 164.0, 0
SET, 164.1, 0
SET, 164.2, 0
SET, 164.3, 0
SET, 164.4, 0
SET, 164.5, 0
SET, 164.6, 0
SET, 164.7, 0
SET, 164.8, 0
SET, 164.9, 1
SET, 165.0, 0
SET, 165.1, 0
SET, 165.2, 0
SET, 165.3, 0
SET, 165.4, 0
SET, 165.5, 0
SET, 165.6, 0
SET, 165.7, 0
SET, 165.8, 0
SET, 165.9, 0
SET, 166.0, 0
SET, 166.1, 1
SET, 166.2, 0
SET, 166.3, 0
SET, 166.4, 1
SET, 166.5, 0
SET, 166.6, 0
SET, 166.7, 1
SET, 166.8, 0
SET, 166.9, 0
SET, 167.0, 1
SET, 167.1, 1
SET, 167.2, 0
SET, 167.3, 0
SET, 167.4, 0
SET, 167.5, 0
SET, 167.6, 1
SET, 167.7, 1
SET, 167.8, 1
SET, 167.9, 0
SET, 168.0, 1
SET, 168.1, 0
SET, 168.2, 0
SET, 168.3, 0
SET, 168.4, 0
SET, 168.5, 0
SET, 168.6, 0
SET, 168.7, 0
SET, 168.8, 0
SET, 168.9, 1
SET, 169.0, 0
SET, 169.1, 1
SET, 169.2, 0
SET, 169.3, 2
SET, 169.4, 0
SET, 169.5, 2
SET, 169.6, 0
SET, 169.7, 0
SET, 169.8, 2
SET, 169.9, 0
SET, 170.0, 0
SET, 170.1, 1
SET, 170.2, 0
SET, 170.3, 0
SET, 170.4, 0
SET, 170.5, 1
SET, 170.6, 0
SET, 170.7, 0
SET, 170.8, 0
SET, 170.9, 0
SET, 171.0, 0
SET, 171.1, 0
SET, 171.2, 0
SET, 171.3, 1
SET, 171.4, 0
SET, 171.5, 0
SET, 171.6, 0
SET, 171.7, 0
SET, 171.8, 1
SET, 171.9, 0
SET, 172.0, 1
SET, 172.1, 1
SET, 172.2, 0
SET, 172.3, 3
SET, 172.4, 0
SET, 172.5, 0
SET, 172.6, 1
SET, 172.7, 0
SET, 172.8, 1
SET, 172.9, 0
SET, 173.0, 1
SET, 173.1, 0
SET, 173.2, 2
SET, 173.3, 1
SET, 173.4, 0
SET, 173.5, 0
SET, 173.6, 0
SET, 173.7, 0
SET, 173.8, 0
SET, 173.9, 1
SET, 174.0, 0
SET, 174.1, 0
SET, 174.2, 1
SET, 174.3, 0
SET, 174.4, 1
SET, 174.5, 0
SET, 174.6, 0
SET, 174.7, 0
SET, 174.8, 0
SET, 174.9, 0
SET, 175.0, 0
SET, 175.1, 0
SET, 175.2, 2
SET, 175.3, 0
SET, 175.4, 0
SET, 175.5, 0
SET, 175.6, 0
SET, 175.7, 0
SET, 175.8, 0
SET, 175.9, 1
SET, 176.0, 0
SET, 176.1, 0
SET, 176.2, 0
SET, 176.3, 2
SET, 176.4, 0
SET, 176.5, 0
SET, 176.6, 0
SET, 176.7, 0
SET, 176.8, 0
SET, 176.9, 0
SET, 177.0, 0
SET, 177.1, 0
SET, 177.2, 0
SET, 177.3, 0
SET, 177.4, 2
SET, 177.5, 0
SET, 177.6, 0
SET, 177.7, 0
SET, 177.8, 0
SET, 177.9, 0
SET, 178.0, 0
SET, 178.1, 0
SET, 178.2, 0
SET, 178.3, 0
SET, 178.4, 1
SET, 178.5, 0
SET, 178.6, 0
SET, 178.7, 0
SET, 178.8, 0
SET, 178.9, 0
SET, 179.0, 0
SET, 179.1, 0
SET, 179.2, 0
SET, 179.3, 0
SET, 179.4, 0
SET, 179.5, 0
SET, 179.6, 0
SET, 179.7, 0
SET, 179.8, 0
SET, 179.9, 0
SET, 180.0, 0
SET, 180.1, 0
SET, 180.2, 0
SET, 180.3, 0
SET, 180.4, 0
SET, 180.5, 0
SET, 180.6, 0
SET, 180.7, 0
SET, 180.8, 0
SET, 180.9, 0
SET, 181.0, 0
SET, 181.1, 0
SET, 181.2, 0
SET, 181.3, 0
SET, 181.4, 0
SET, 181.5, 0
SET, 181.6, 0
SET, 181.7, 0
SET, 181.8, 0
SET, 181.9, 0
SET, 182.0, 0
SET, 182.1, 0
SET, 182.2, 0
SET, 182.3, 0
SET, 182.4, 0
SET, 182.5, 0
SET, 182.6, 0
SET, 182.7, 0
SET, 182.8, 0
SET, 182.9, 0
SET, 183.0, 0
SET, 183.1, 0
SET, 183.2, 0
SET, 183.3, 1
SET, 183.4, 0
SET, 183.5, 0
SET, 183.6, 0
SET, 183.7, 0
SET, 183.8, 0
SET, 183.9, 1
SET, 184.0, 0
SET, 184.1, 1
SET, 184.2, 0
SET, 184.3, 0
SET, 184.4, 1
SET, 184.5, 0
SET, 184.6, 0
SET, 184.7, 1
SET, 184.8, 1
SET, 184.9, 1
SET, 185.0, 1
SET, 185.1, 0
SET, 185.2, 1
SET, 185.3, 1
SET, 185.4, 0
SET, 185.5, 0
SET, 185.6, 1
SET, 185.7, 0
SET, 185.8, 0
SET, 185.9, 0
SET, 186.0, 0
SET, 186.1, 0
SET, 186.2, 0
SET, 186.3, 0
SET, 186.4, 0
SET, 186.5, 0
SET, 186.6, 0
SET, 186.7, 0
SET, 186.8, 0
SET, 186.9, 0
SET, 187.0, 0
SET, 187.1, 0
SET, 187.2, 0
SET, 187.3, 0
SET, 187.4, 0
SET, 187.5, 0
SET, 187.6, 0
SET, 187.7, 0
SET, 187.8, 0
SET, 187.9, 0
SET, 188.0, 0
SET, 188.1, 0
SET, 188.2, 0
SET, 188.3, 0
SET, 188.4, 0
SET, 188.5, 0
SET, 188.6, 0
SET, 188.7, 0
SET, 188.8, 0
SET, 188.9, 0
SET, 189.0, 0
SET, 189.1, 0
SET, 189.2, 0
SET, 189.3, 0
SET, 189.4, 0
SET, 189.5, 0
SET, 189.6, 0
SET, 189.7, 0
SET, 189.8, 0
SET, 189.9, 0
SET, 190.0, 0
SET, 190.1, 0
SET, 190.2, 0
SET, 190.3, 0
SET, 190.4, 0
SET, 190.5, 0
SET, 190.6, 0
SET, 190.7, 0
SET, 190.8, 0
SET, 190.9, 0
SET, 191.0, 0
SET, 191.1, 0
SET, 191.2, 0
SET, 191.3, 0
SET, 191.4, 0
SET, 191.5, 0
SET, 191.6, 0
SET, 191.7, 0
SET, 191.8, 0
SET, 191.9, 0
SET, 192.0, 0
SET, 192.1, 0
SET, 192.2, 1
SET, 192.3, 0
SET, 192.4, 0
SET, 192.5, 0
SET, 192.6, 0
SET, 192.7, 0
SET, 192.8, 0
SET, 192.9, 0
SET, 193.0, 0
SET, 193.1, 0
SET, 193.2, 0
SET, 193.3, 0
SET, 193.4, 0
SET, 193.5, 0
SET, 193.6, 0
SET, 193.7, 0
SET, 193.8, 0
SET, 193.9, 0
SET, 194.0, 0
SET, 194.1, 0
SET, 194.2, 0
SET, 194.3, 0
SET, 194.4, 0
SET, 194.5, 0
SET, 194.6, 0
SET, 194.7, 0
SET, 194.8, 0
SET, 194.9, 0
SET, 195.0, 0
SET, 195.1, 0
SET, 195.2, 0
SET, 195.3, 0
SET, 195.4, 0
SET, 195.5, 0
SET, 195.6, 0
SET, 195.7, 0
SET, 195.8, 0
SET, 195.9, 0
SET, 196.0, 0
SET, 196.1, 0
SET, 196.2, 0
SET, 196.3, 0
SET, 196.4, 0
SET, 196.5, 0
SET, 196.6, 0
SET, 196.7, 0
SET, 196.8, 0
SET, 196.9, 0
SET, 197.0, 0
SET, 197.1, 0
SET, 197.2, 0
SET, 197.3, 0
SET, 197.4, 0
SET, 197.5, 0
SET, 197.6, 1
SET, 197.7, 0
SET, 197.8, 0
SET, 197.9, 0
SET, 198.0, 0
SET, 198.1, 0
SET, 198.2, 1
SET, 198.3, 0
SET, 198.4, 0
SET, 198.5, 0
SET, 198.6, 0
SET, 198.7, 0
SET, 198.8, 1
SET, 198.9, 0
SET, 199.0, 0
SET, 199.1, 0
SET, 199.2, 1
