Elapsed Time, AVG Throughput, AVG Queue Size, AVG Waiting Time, AVG Service Time, AVG Response Time, AVG SET Response Time, AVG GET Response Time, AVG MULTI-GET Response Time, #SETS, #GETS, #MULTIGETS, GET MissRatio, MULTI-GET MissRatio, AVG MULTI-GET Size
 5.00, 2785, 74, 28.097734, 2.608380, 30.832828, 0.000000, 30.832828, 0.000000, 0, 13929, 0, 0.00, 0.00, 0
10.00, 2934, 74, 27.482923, 2.647234, 30.198311, 0.000000, 30.198311, 0.000000, 0, 14673, 0, 0.00, 0.00, 0
15.00, 2923, 74, 27.292368, 2.673560, 30.023915, 0.000000, 30.023915, 0.000000, 0, 14617, 0, 0.00, 0.00, 0
20.00, 2940, 74, 27.328578, 2.659349, 30.043047, 0.000000, 30.043047, 0.000000, 0, 14702, 0, 0.00, 0.00, 0
25.00, 2925, 74, 27.448719, 2.669813, 30.179694, 0.000000, 30.179694, 0.000000, 0, 14626, 0, 0.00, 0.00, 0
30.00, 2926, 75, 27.769464, 2.656006, 30.502496, 0.000000, 30.502496, 0.000000, 0, 14630, 0, 0.00, 0.00, 0
35.00, 2932, 75, 27.642659, 2.651278, 30.366132, 0.000000, 30.366132, 0.000000, 0, 14663, 0, 0.00, 0.00, 0
40.00, 2924, 75, 27.665163, 2.646406, 30.395513, 0.000000, 30.395513, 0.000000, 0, 14623, 0, 0.00, 0.00, 0
45.00, 2925, 74, 27.615024, 2.654225, 30.345334, 0.000000, 30.345334, 0.000000, 0, 14625, 0, 0.00, 0.00, 0
50.00, 2924, 74, 27.548320, 2.663862, 30.278100, 0.000000, 30.278100, 0.000000, 0, 14620, 0, 0.00, 0.00, 0
55.00, 2925, 74, 27.444253, 2.666875, 30.174594, 0.000000, 30.174594, 0.000000, 0, 14625, 0, 0.00, 0.00, 0
60.00, 2924, 74, 27.484316, 2.675160, 30.216998, 0.000000, 30.216998, 0.000000, 0, 14621, 0, 0.00, 0.00, 0
65.00, 2923, 74, 27.546257, 2.671266, 30.277854, 0.000000, 30.277854, 0.000000, 0, 14615, 0, 0.00, 0.00, 0
70.00, 2934, 75, 27.589641, 2.661109, 30.313673, 0.000000, 30.313673, 0.000000, 0, 14670, 0, 0.00, 0.00, 0
70.00, 83, 25, 12.415102, 2.689612, 15.166185, 0.000000, 15.166185, 0.000000, 0, 418, 0, 0.00, 0.00, 0
Type, Interval, Responses
GET, 0.1, 0
GET, 0.2, 0
GET, 0.3, 0
GET, 0.4, 0
GET, 0.5, 0
GET, 0.6, 0
GET, 0.7, 3
GET, 0.8, 0
GET, 0.9, 0
GET, 1.0, 5
GET, 1.1, 4
GET, 1.2, 0
GET, 1.3, 4
GET, 1.4, 1
GET, 1.5, 1
GET, 1.6, 3
GET, 1.7, 7
GET, 1.8, 4
GET, 1.9, 4
GET, 2.0, 8
GET, 2.1, 7
GET, 2.2, 8
GET, 2.3, 6
GET, 2.4, 10
GET, 2.5, 6
GET, 2.6, 6
GET, 2.7, 2
GET, 2.8, 4
GET, 2.9, 1
GET, 3.0, 5
GET, 3.1, 4
GET, 3.2, 6
GET, 3.3, 2
GET, 3.4, 3
GET, 3.5, 3
GET, 3.6, 2
GET, 3.7, 7
GET, 3.8, 3
GET, 3.9, 0
GET, 4.0, 2
GET, 4.1, 1
GET, 4.2, 2
GET, 4.3, 1
GET, 4.4, 0
GET, 4.5, 0
GET, 4.6, 3
GET, 4.7, 1
GET, 4.8, 0
GET, 4.9, 2
GET, 5.0, 0
GET, 5.1, 1
GET, 5.2, 2
GET, 5.3, 6
GET, 5.4, 5
GET, 5.5, 0
GET, 5.6, 2
GET, 5.7, 5
GET, 5.8, 6
GET, 5.9, 2
GET, 6.0, 9
GET, 6.1, 9
GET, 6.2, 9
GET, 6.3, 5
GET, 6.4, 2
GET, 6.5, 3
GET, 6.6, 1
GET, 6.7, 2
GET, 6.8, 5
GET, 6.9, 4
GET, 7.0, 4
GET, 7.1, 8
GET, 7.2, 3
GET, 7.3, 4
GET, 7.4, 3
GET, 7.5, 1
GET, 7.6, 1
GET, 7.7, 2
GET, 7.8, 4
GET, 7.9, 9
GET, 8.0, 3
GET, 8.1, 4
GET, 8.2, 8
GET, 8.3, 19
GET, 8.4, 18
GET, 8.5, 13
GET, 8.6, 24
GET, 8.7, 18
GET, 8.8, 20
GET, 8.9, 14
GET, 9.0, 15
GET, 9.1, 12
GET, 9.2, 16
GET, 9.3, 13
GET, 9.4, 16
GET, 9.5, 11
GET, 9.6, 10
GET, 9.7, 11
GET, 9.8, 10
GET, 9.9, 18
GET, 10.0, 13
GET, 10.1, 15
GET, 10.2, 11
GET, 10.3, 14
GET, 10.4, 16
GET, 10.5, 28
GET, 10.6, 24
GET, 10.7, 18
GET, 10.8, 15
GET, 10.9, 18
GET, 11.0, 23
GET, 11.1, 19
GET, 11.2, 21
GET, 11.3, 15
GET, 11.4, 11
GET, 11.5, 19
GET, 11.6, 24
GET, 11.7, 20
GET, 11.8, 18
GET, 11.9, 18
GET, 12.0, 27
GET, 12.1, 44
GET, 12.2, 22
GET, 12.3, 34
GET, 12.4, 27
GET, 12.5, 22
GET, 12.6, 18
GET, 12.7, 26
GET, 12.8, 24
GET, 12.9, 25
GET, 13.0, 24
GET, 13.1, 39
GET, 13.2, 38
GET, 13.3, 34
GET, 13.4, 49
GET, 13.5, 35
GET, 13.6, 33
GET, 13.7, 37
GET, 13.8, 44
GET, 13.9, 39
GET, 14.0, 46
GET, 14.1, 42
GET, 14.2, 21
GET, 14.3, 23
GET, 14.4, 35
GET, 14.5, 25
GET, 14.6, 29
GET, 14.7, 42
GET, 14.8, 35
GET, 14.9, 42
GET, 15.0, 46
GET, 15.1, 42
GET, 15.2, 56
GET, 15.3, 63
GET, 15.4, 46
GET, 15.5, 55
GET, 15.6, 68
GET, 15.7, 47
GET, 15.8, 43
GET, 15.9, 43
GET, 16.0, 45
GET, 16.1, 27
GET, 16.2, 24
GET, 16.3, 26
GET, 16.4, 21
GET, 16.5, 21
GET, 16.6, 30
GET, 16.7, 24
GET, 16.8, 28
GET, 16.9, 30
GET, 17.0, 34
GET, 17.1, 27
GET, 17.2, 56
GET, 17.3, 40
GET, 17.4, 43
GET, 17.5, 22
GET, 17.6, 36
GET, 17.7, 34
GET, 17.8, 34
GET, 17.9, 42
GET, 18.0, 39
GET, 18.1, 36
GET, 18.2, 45
GET, 18.3, 34
GET, 18.4, 37
GET, 18.5, 52
GET, 18.6, 41
GET, 18.7, 45
GET, 18.8, 43
GET, 18.9, 60
GET, 19.0, 58
GET, 19.1, 50
GET, 19.2, 50
GET, 19.3, 60
GET, 19.4, 34
GET, 19.5, 55
GET, 19.6, 59
GET, 19.7, 70
GET, 19.8, 54
GET, 19.9, 51
GET, 20.0, 38
GET, 20.1, 62
GET, 20.2, 52
GET, 20.3, 51
GET, 20.4, 58
GET, 20.5, 52
GET, 20.6, 59
GET, 20.7, 66
GET, 20.8, 101
GET, 20.9, 81
GET, 21.0, 78
GET, 21.1, 83
GET, 21.2, 69
GET, 21.3, 82
GET, 21.4, 80
GET, 21.5, 79
GET, 21.6, 105
GET, 21.7, 86
GET, 21.8, 88
GET, 21.9, 94
GET, 22.0, 96
GET, 22.1, 87
GET, 22.2, 73
GET, 22.3, 76
GET, 22.4, 82
GET, 22.5, 98
GET, 22.6, 98
GET, 22.7, 97
GET, 22.8, 110
GET, 22.9, 127
GET, 23.0, 124
GET, 23.1, 144
GET, 23.2, 128
GET, 23.3, 177
GET, 23.4, 149
GET, 23.5, 171
GET, 23.6, 165
GET, 23.7, 175
GET, 23.8, 174
GET, 23.9, 202
GET, 24.0, 188
GET, 24.1, 221
GET, 24.2, 224
GET, 24.3, 299
GET, 24.4, 342
GET, 24.5, 376
GET, 24.6, 428
GET, 24.7, 487
GET, 24.8, 556
GET, 24.9, 687
GET, 25.0, 812
GET, 25.1, 861
GET, 25.2, 909
GET, 25.3, 1099
GET, 25.4, 1160
GET, 25.5, 1279
GET, 25.6, 1267
GET, 25.7, 1426
GET, 25.8, 1452
GET, 25.9, 1400
GET, 26.0, 1518
GET, 26.1, 1544
GET, 26.2, 1571
GET, 26.3, 1527
GET, 26.4, 1659
GET, 26.5, 1589
GET, 26.6, 1571
GET, 26.7, 1686
GET, 26.8, 1609
GET, 26.9, 1683
GET, 27.0, 1649
GET, 27.1, 1566
GET, 27.2, 1673
GET, 27.3, 1643
GET, 27.4, 1742
GET, 27.5, 1790
GET, 27.6, 1774
GET, 27.7, 1685
GET, 27.8, 1678
GET, 27.9, 1686
GET, 28.0, 1702
GET, 28.1, 1648
GET, 28.2, 1768
GET, 28.3, 1672
GET, 28.4, 1779
GET, 28.5, 1756
GET, 28.6, 1721
GET, 28.7, 1860
GET, 28.8, 1774
GET, 28.9, 1918
GET, 29.0, 1920
GET, 29.1, 1942
GET, 29.2, 2069
GET, 29.3, 2104
GET, 29.4, 2074
GET, 29.5, 2137
GET, 29.6, 2189
GET, 29.7, 2295
GET, 29.8, 2443
GET, 29.9, 2595
GET, 30.0, 2652
GET, 30.1, 2941
GET, 30.2, 2929
GET, 30.3, 3247
GET, 30.4, 3601
GET, 30.5, 4158
GET, 30.6, 4750
GET, 30.7, 5637
GET, 30.8, 5873
GET, 30.9, 5734
GET, 31.0, 5435
GET, 31.1, 5198
GET, 31.2, 4804
GET, 31.3, 4149
GET, 31.4, 3384
GET, 31.5, 2629
GET, 31.6, 2161
GET, 31.7, 1732
GET, 31.8, 1449
GET, 31.9, 1204
GET, 32.0, 1052
GET, 32.1, 811
GET, 32.2, 714
GET, 32.3, 690
GET, 32.4, 540
GET, 32.5, 574
GET, 32.6, 435
GET, 32.7, 426
GET, 32.8, 432
GET, 32.9, 361
GET, 33.0, 341
GET, 33.1, 333
GET, 33.2, 258
GET, 33.3, 264
GET, 33.4, 311
GET, 33.5, 204
GET, 33.6, 222
GET, 33.7, 190
GET, 33.8, 197
GET, 33.9, 188
GET, 34.0, 221
GET, 34.1, 217
GET, 34.2, 230
GET, 34.3, 194
GET, 34.4, 188
GET, 34.5, 196
GET, 34.6, 189
GET, 34.7, 199
GET, 34.8, 186
GET, 34.9, 193
GET, 35.0, 175
GET, 35.1, 151
GET, 35.2, 180
GET, 35.3, 188
GET, 35.4, 192
GET, 35.5, 165
GET, 35.6, 172
GET, 35.7, 194
GET, 35.8, 219
GET, 35.9, 219
GET, 36.0, 243
GET, 36.1, 240
GET, 36.2, 247
GET, 36.3, 235
GET, 36.4, 259
GET, 36.5, 278
GET, 36.6, 319
GET, 36.7, 236
GET, 36.8, 288
GET, 36.9, 275
GET, 37.0, 275
GET, 37.1, 248
GET, 37.2, 243
GET, 37.3, 272
GET, 37.4, 273
GET, 37.5, 260
GET, 37.6, 252
GET, 37.7, 225
GET, 37.8, 235
GET, 37.9, 265
GET, 38.0, 239
GET, 38.1, 262
GET, 38.2, 248
GET, 38.3, 253
GET, 38.4, 273
GET, 38.5, 269
GET, 38.6, 244
GET, 38.7, 247
GET, 38.8, 245
GET, 38.9, 245
GET, 39.0, 242
GET, 39.1, 238
GET, 39.2, 239
GET, 39.3, 216
GET, 39.4, 296
GET, 39.5, 297
GET, 39.6, 268
GET, 39.7, 246
GET, 39.8, 254
GET, 39.9, 241
GET, 40.0, 279
GET, 40.1, 270
GET, 40.2, 232
GET, 40.3, 245
GET, 40.4, 233
GET, 40.5, 233
GET, 40.6, 222
GET, 40.7, 257
GET, 40.8, 256
GET, 40.9, 255
GET, 41.0, 229
GET, 41.1, 214
GET, 41.2, 228
GET, 41.3, 279
GET, 41.4, 272
GET, 41.5, 264
GET, 41.6, 305
GET, 41.7, 303
GET, 41.8, 284
GET, 41.9, 304
GET, 42.0, 345
GET, 42.1, 297
GET, 42.2, 310
GET, 42.3, 321
GET, 42.4, 319
GET, 42.5, 359
GET, 42.6, 327
GET, 42.7, 328
GET, 42.8, 341
GET, 42.9, 313
GET, 43.0, 339
GET, 43.1, 253
GET, 43.2, 233
GET, 43.3, 223
GET, 43.4, 211
GET, 43.5, 152
GET, 43.6, 123
GET, 43.7, 90
GET, 43.8, 76
GET, 43.9, 81
GET, 44.0, 53
GET, 44.1, 40
GET, 44.2, 46
GET, 44.3, 44
GET, 44.4, 55
GET, 44.5, 43
GET, 44.6, 46
GET, 44.7, 33
GET, 44.8, 28
GET, 44.9, 43
GET, 45.0, 39
GET, 45.1, 37
GET, 45.2, 36
GET, 45.3, 35
GET, 45.4, 38
GET, 45.5, 35
GET, 45.6, 42
GET, 45.7, 41
GET, 45.8, 30
GET, 45.9, 43
GET, 46.0, 27
GET, 46.1, 26
GET, 46.2, 47
GET, 46.3, 48
GET, 46.4, 46
GET, 46.5, 51
GET, 46.6, 27
GET, 46.7, 34
GET, 46.8, 25
GET, 46.9, 20
GET, 47.0, 40
GET, 47.1, 32
GET, 47.2, 28
GET, 47.3, 27
GET, 47.4, 26
GET, 47.5, 25
GET, 47.6, 30
GET, 47.7, 33
GET, 47.8, 16
GET, 47.9, 29
GET, 48.0, 15
GET, 48.1, 22
GET, 48.2, 18
GET, 48.3, 12
GET, 48.4, 20
GET, 48.5, 12
GET, 48.6, 16
GET, 48.7, 15
GET, 48.8, 11
GET, 48.9, 10
GET, 49.0, 16
GET, 49.1, 18
GET, 49.2, 11
GET, 49.3, 8
GET, 49.4, 7
GET, 49.5, 12
GET, 49.6, 13
GET, 49.7, 14
GET, 49.8, 13
GET, 49.9, 14
GET, 50.0, 9
GET, 50.1, 3
GET, 50.2, 12
GET, 50.3, 12
GET, 50.4, 7
GET, 50.5, 13
GET, 50.6, 14
GET, 50.7, 8
GET, 50.8, 5
GET, 50.9, 10
GET, 51.0, 3
GET, 51.1, 1
GET, 51.2, 4
GET, 51.3, 1
GET, 51.4, 6
GET, 51.5, 5
GET, 51.6, 5
GET, 51.7, 2
GET, 51.8, 5
GET, 51.9, 1
GET, 52.0, 3
GET, 52.1, 4
GET, 52.2, 5
GET, 52.3, 4
GET, 52.4, 6
GET, 52.5, 0
GET, 52.6, 2
GET, 52.7, 5
GET, 52.8, 3
GET, 52.9, 2
GET, 53.0, 5
GET, 53.1, 2
GET, 53.2, 3
GET, 53.3, 0
GET, 53.4, 2
GET, 53.5, 4
GET, 53.6, 3
GET, 53.7, 7
GET, 53.8, 6
GET, 53.9, 5
GET, 54.0, 6
GET, 54.1, 4
GET, 54.2, 3
GET, 54.3, 14
GET, 54.4, 14
GET, 54.5, 5
GET, 54.6, 12
GET, 54.7, 15
GET, 54.8, 11
GET, 54.9, 3
GET, 55.0, 7
GET, 55.1, 5
GET, 55.2, 8
GET, 55.3, 3
GET, 55.4, 5
GET, 55.5, 6
GET, 55.6, 6
GET, 55.7, 6
GET, 55.8, 11
GET, 55.9, 13
GET, 56.0, 14
GET, 56.1, 9
GET, 56.2, 4
GET, 56.3, 3
GET, 56.4, 2
GET, 56.5, 3
GET, 56.6, 1
GET, 56.7, 1
GET, 56.8, 6
GET, 56.9, 0
GET, 57.0, 3
GET, 57.1, 1
GET, 57.2, 1
GET, 57.3, 0
GET, 57.4, 6
GET, 57.5, 2
GET, 57.6, 3
GET, 57.7, 2
GET, 57.8, 1
GET, 57.9, 1
GET, 58.0, 6
GET, 58.1, 5
GET, 58.2, 2
GET, 58.3, 2
GET, 58.4, 1
GET, 58.5, 3
GET, 58.6, 4
GET, 58.7, 1
GET, 58.8, 2
GET, 58.9, 3
GET, 59.0, 1
GET, 59.1, 2
GET, 59.2, 5
GET, 59.3, 1
GET, 59.4, 4
GET, 59.5, 4
GET, 59.6, 3
GET, 59.7, 4
GET, 59.8, 5
GET, 59.9, 5
GET, 60.0, 5
GET, 60.1, 1
GET, 60.2, 2
GET, 60.3, 0
GET, 60.4, 0
GET, 60.5, 0
GET, 60.6, 2
GET, 60.7, 0
GET, 60.8, 1
GET, 60.9, 0
GET, 61.0, 0
GET, 61.1, 2
GET, 61.2, 1
GET, 61.3, 0
GET, 61.4, 1
GET, 61.5, 0
GET, 61.6, 0
GET, 61.7, 1
GET, 61.8, 0
GET, 61.9, 0
GET, 62.0, 0
GET, 62.1, 0
GET, 62.2, 1
GET, 62.3, 2
GET, 62.4, 0
GET, 62.5, 3
GET, 62.6, 1
GET, 62.7, 1
GET, 62.8, 1
GET, 62.9, 0
GET, 63.0, 0
GET, 63.1, 1
GET, 63.2, 2
GET, 63.3, 2
GET, 63.4, 5
GET, 63.5, 2
GET, 63.6, 2
GET, 63.7, 3
GET, 63.8, 8
GET, 63.9, 3
GET, 64.0, 2
GET, 64.1, 2
GET, 64.2, 0
GET, 64.3, 2
GET, 64.4, 3
GET, 64.5, 1
GET, 64.6, 3
GET, 64.7, 1
GET, 64.8, 2
GET, 64.9, 3
GET, 65.0, 1
GET, 65.1, 1
GET, 65.2, 5
GET, 65.3, 2
GET, 65.4, 0
GET, 65.5, 0
GET, 65.6, 1
GET, 65.7, 1
GET, 65.8, 0
GET, 65.9, 0
GET, 66.0, 1
GET, 66.1, 2
GET, 66.2, 2
GET, 66.3, 0
GET, 66.4, 0
GET, 66.5, 0
GET, 66.6, 2
GET, 66.7, 1
GET, 66.8, 1
GET, 66.9, 2
GET, 67.0, 0
GET, 67.1, 0
GET, 67.2, 1
GET, 67.3, 0
GET, 67.4, 1
GET, 67.5, 1
GET, 67.6, 0
GET, 67.7, 1
GET, 67.8, 1
GET, 67.9, 0
GET, 68.0, 0
GET, 68.1, 0
GET, 68.2, 0
GET, 68.3, 0
GET, 68.4, 0
GET, 68.5, 0
GET, 68.6, 0
GET, 68.7, 0
GET, 68.8, 0
GET, 68.9, 0
GET, 69.0, 0
GET, 69.1, 0
GET, 69.2, 0
GET, 69.3, 0
GET, 69.4, 1
GET, 69.5, 2
GET, 69.6, 0
GET, 69.7, 2
GET, 69.8, 1
GET, 69.9, 2
GET, 70.0, 2
GET, 70.1, 4
GET, 70.2, 2
GET, 70.3, 0
GET, 70.4, 0
GET, 70.5, 0
GET, 70.6, 0
GET, 70.7, 0
GET, 70.8, 0
GET, 70.9, 0
GET, 71.0, 0
GET, 71.1, 0
GET, 71.2, 0
GET, 71.3, 1
GET, 71.4, 0
GET, 71.5, 1
GET, 71.6, 2
GET, 71.7, 1
GET, 71.8, 1
GET, 71.9, 0
GET, 72.0, 2
GET, 72.1, 2
GET, 72.2, 0
GET, 72.3, 0
GET, 72.4, 0
GET, 72.5, 0
GET, 72.6, 0
GET, 72.7, 0
GET, 72.8, 1
GET, 72.9, 0
GET, 73.0, 1
GET, 73.1, 2
GET, 73.2, 5
GET, 73.3, 2
GET, 73.4, 2
GET, 73.5, 0
GET, 73.6, 0
GET, 73.7, 0
GET, 73.8, 0
GET, 73.9, 0
GET, 74.0, 0
GET, 74.1, 1
GET, 74.2, 0
GET, 74.3, 1
GET, 74.4, 4
GET, 74.5, 1
GET, 74.6, 0
GET, 74.7, 0
GET, 74.8, 0
GET, 74.9, 0
GET, 75.0, 0
GET, 75.1, 0
GET, 75.2, 0
GET, 75.3, 0
GET, 75.4, 0
GET, 75.5, 0
GET, 75.6, 0
GET, 75.7, 0
GET, 75.8, 0
GET, 75.9, 0
GET, 76.0, 0
GET, 76.1, 1
GET, 76.2, 0
GET, 76.3, 0
GET, 76.4, 0
GET, 76.5, 0
GET, 76.6, 0
GET, 76.7, 0
GET, 76.8, 0
GET, 76.9, 0
GET, 77.0, 0
GET, 77.1, 0
GET, 77.2, 0
GET, 77.3, 0
GET, 77.4, 0
GET, 77.5, 0
GET, 77.6, 0
GET, 77.7, 0
GET, 77.8, 0
GET, 77.9, 0
GET, 78.0, 2
GET, 78.1, 1
GET, 78.2, 0
GET, 78.3, 0
GET, 78.4, 0
GET, 78.5, 0
GET, 78.6, 0
GET, 78.7, 0
GET, 78.8, 0
GET, 78.9, 0
GET, 79.0, 0
GET, 79.1, 0
GET, 79.2, 0
GET, 79.3, 0
GET, 79.4, 0
GET, 79.5, 0
GET, 79.6, 0
GET, 79.7, 0
GET, 79.8, 0
GET, 79.9, 0
GET, 80.0, 0
GET, 80.1, 0
GET, 80.2, 0
GET, 80.3, 0
GET, 80.4, 0
GET, 80.5, 0
GET, 80.6, 0
GET, 80.7, 0
GET, 80.8, 0
GET, 80.9, 0
GET, 81.0, 0
GET, 81.1, 0
GET, 81.2, 0
GET, 81.3, 0
GET, 81.4, 0
GET, 81.5, 0
GET, 81.6, 0
GET, 81.7, 0
GET, 81.8, 0
GET, 81.9, 0
GET, 82.0, 0
GET, 82.1, 0
GET, 82.2, 0
GET, 82.3, 0
GET, 82.4, 0
GET, 82.5, 1
GET, 82.6, 0
GET, 82.7, 0
GET, 82.8, 0
GET, 82.9, 0
GET, 83.0, 0
GET, 83.1, 0
GET, 83.2, 0
GET, 83.3, 0
GET, 83.4, 0
GET, 83.5, 0
GET, 83.6, 0
GET, 83.7, 0
GET, 83.8, 0
GET, 83.9, 0
GET, 84.0, 0
GET, 84.1, 0
GET, 84.2, 0
GET, 84.3, 0
GET, 84.4, 0
GET, 84.5, 0
GET, 84.6, 0
GET, 84.7, 0
GET, 84.8, 0
GET, 84.9, 0
GET, 85.0, 0
GET, 85.1, 0
GET, 85.2, 0
GET, 85.3, 0
GET, 85.4, 0
GET, 85.5, 0
GET, 85.6, 0
GET, 85.7, 0
GET, 85.8, 0
GET, 85.9, 0
GET, 86.0, 0
GET, 86.1, 0
GET, 86.2, 0
GET, 86.3, 0
GET, 86.4, 0
GET, 86.5, 0
GET, 86.6, 0
GET, 86.7, 0
GET, 86.8, 0
GET, 86.9, 0
GET, 87.0, 0
GET, 87.1, 0
GET, 87.2, 0
GET, 87.3, 0
GET, 87.4, 0
GET, 87.5, 0
GET, 87.6, 0
GET, 87.7, 0
GET, 87.8, 0
GET, 87.9, 0
GET, 88.0, 0
GET, 88.1, 0
GET, 88.2, 0
GET, 88.3, 0
GET, 88.4, 0
GET, 88.5, 0
GET, 88.6, 0
GET, 88.7, 0
GET, 88.8, 0
GET, 88.9, 0
GET, 89.0, 0
GET, 89.1, 0
GET, 89.2, 0
GET, 89.3, 0
GET, 89.4, 0
GET, 89.5, 0
GET, 89.6, 0
GET, 89.7, 0
GET, 89.8, 0
GET, 89.9, 0
GET, 90.0, 0
GET, 90.1, 0
GET, 90.2, 0
GET, 90.3, 0
GET, 90.4, 0
GET, 90.5, 0
GET, 90.6, 0
GET, 90.7, 0
GET, 90.8, 0
GET, 90.9, 0
GET, 91.0, 0
GET, 91.1, 0
GET, 91.2, 0
GET, 91.3, 0
GET, 91.4, 0
GET, 91.5, 0
GET, 91.6, 0
GET, 91.7, 0
GET, 91.8, 0
GET, 91.9, 0
GET, 92.0, 0
GET, 92.1, 0
GET, 92.2, 0
GET, 92.3, 0
GET, 92.4, 0
GET, 92.5, 0
GET, 92.6, 0
GET, 92.7, 0
GET, 92.8, 0
GET, 92.9, 0
GET, 93.0, 0
GET, 93.1, 0
GET, 93.2, 0
GET, 93.3, 0
GET, 93.4, 0
GET, 93.5, 0
GET, 93.6, 0
GET, 93.7, 0
GET, 93.8, 0
GET, 93.9, 0
GET, 94.0, 0
GET, 94.1, 0
GET, 94.2, 0
GET, 94.3, 0
GET, 94.4, 0
GET, 94.5, 0
GET, 94.6, 0
GET, 94.7, 0
GET, 94.8, 0
GET, 94.9, 0
GET, 95.0, 0
GET, 95.1, 0
GET, 95.2, 0
GET, 95.3, 0
GET, 95.4, 0
GET, 95.5, 0
GET, 95.6, 0
GET, 95.7, 0
GET, 95.8, 0
GET, 95.9, 0
GET, 96.0, 0
GET, 96.1, 0
GET, 96.2, 0
GET, 96.3, 0
GET, 96.4, 0
GET, 96.5, 0
GET, 96.6, 0
GET, 96.7, 0
GET, 96.8, 0
GET, 96.9, 0
GET, 97.0, 0
GET, 97.1, 0
GET, 97.2, 0
GET, 97.3, 0
GET, 97.4, 0
GET, 97.5, 0
GET, 97.6, 0
GET, 97.7, 0
GET, 97.8, 0
GET, 97.9, 0
GET, 98.0, 0
GET, 98.1, 0
GET, 98.2, 0
GET, 98.3, 0
GET, 98.4, 0
GET, 98.5, 0
GET, 98.6, 0
GET, 98.7, 0
GET, 98.8, 0
GET, 98.9, 0
GET, 99.0, 0
GET, 99.1, 0
GET, 99.2, 0
GET, 99.3, 0
GET, 99.4, 0
GET, 99.5, 0
GET, 99.6, 0
GET, 99.7, 0
GET, 99.8, 0
GET, 99.9, 0
GET, 100.0, 0
GET, 100.1, 0
GET, 100.2, 0
GET, 100.3, 0
GET, 100.4, 0
GET, 100.5, 0
GET, 100.6, 0
GET, 100.7, 0
GET, 100.8, 0
GET, 100.9, 0
GET, 101.0, 0
GET, 101.1, 0
GET, 101.2, 0
GET, 101.3, 0
GET, 101.4, 0
GET, 101.5, 0
GET, 101.6, 0
GET, 101.7, 0
GET, 101.8, 0
GET, 101.9, 0
GET, 102.0, 0
GET, 102.1, 0
GET, 102.2, 0
GET, 102.3, 0
GET, 102.4, 0
GET, 102.5, 0
GET, 102.6, 0
GET, 102.7, 0
GET, 102.8, 0
GET, 102.9, 0
GET, 103.0, 0
GET, 103.1, 0
GET, 103.2, 0
GET, 103.3, 0
GET, 103.4, 0
GET, 103.5, 0
GET, 103.6, 0
GET, 103.7, 0
GET, 103.8, 0
GET, 103.9, 0
GET, 104.0, 0
GET, 104.1, 0
GET, 104.2, 0
GET, 104.3, 0
GET, 104.4, 0
GET, 104.5, 0
GET, 104.6, 0
GET, 104.7, 0
GET, 104.8, 0
GET, 104.9, 0
GET, 105.0, 0
GET, 105.1, 0
GET, 105.2, 0
GET, 105.3, 1
GET, 105.4, 0
GET, 105.5, 0
GET, 105.6, 0
GET, 105.7, 0
GET, 105.8, 0
GET, 105.9, 0
GET, 106.0, 0
GET, 106.1, 0
GET, 106.2, 0
GET, 106.3, 0
GET, 106.4, 2
GET, 106.5, 0
GET, 106.6, 1
GET, 106.7, 0
GET, 106.8, 0
GET, 106.9, 0
GET, 107.0, 1
GET, 107.1, 0
GET, 107.2, 3
GET, 107.3, 0
GET, 107.4, 0
GET, 107.5, 0
GET, 107.6, 0
GET, 107.7, 0
GET, 107.8, 0
GET, 107.9, 0
GET, 108.0, 0
GET, 108.1, 0
GET, 108.2, 1
GET, 108.3, 0
GET, 108.4, 0
GET, 108.5, 0
GET, 108.6, 0
GET, 108.7, 0
GET, 108.8, 0
GET, 108.9, 1
GET, 109.0, 0
GET, 109.1, 0
GET, 109.2, 0
GET, 109.3, 1
GET, 109.4, 0
GET, 109.5, 1
GET, 109.6, 0
GET, 109.7, 0
GET, 109.8, 0
GET, 109.9, 1
GET, 110.0, 0
GET, 110.1, 0
GET, 110.2, 0
GET, 110.3, 0
GET, 110.4, 0
GET, 110.5, 0
GET, 110.6, 0
GET, 110.7, 1
GET, 110.8, 0
GET, 110.9, 0
GET, 111.0, 0
GET, 111.1, 1
GET, 111.2, 0
GET, 111.3, 1
GET, 111.4, 0
GET, 111.5, 0
GET, 111.6, 0
GET, 111.7, 0
GET, 111.8, 0
GET, 111.9, 0
GET, 112.0, 0
GET, 112.1, 0
GET, 112.2, 0
GET, 112.3, 0
GET, 112.4, 0
GET, 112.5, 0
GET, 112.6, 0
GET, 112.7, 0
GET, 112.8, 0
GET, 112.9, 0
GET, 113.0, 0
GET, 113.1, 0
GET, 113.2, 0
GET, 113.3, 0
GET, 113.4, 1
GET, 113.5, 0
GET, 113.6, 0
GET, 113.7, 0
GET, 113.8, 0
GET, 113.9, 0
GET, 114.0, 0
GET, 114.1, 0
GET, 114.2, 0
GET, 114.3, 0
GET, 114.4, 0
GET, 114.5, 0
GET, 114.6, 0
GET, 114.7, 0
GET, 114.8, 0
GET, 114.9, 0
GET, 115.0, 0
GET, 115.1, 0
GET, 115.2, 0
GET, 115.3, 0
GET, 115.4, 0
GET, 115.5, 1
GET, 115.6, 0
GET, 115.7, 0
GET, 115.8, 0
GET, 115.9, 0
GET, 116.0, 0
GET, 116.1, 0
GET, 116.2, 0
GET, 116.3, 0
GET, 116.4, 0
GET, 116.5, 0
GET, 116.6, 0
GET, 116.7, 0
GET, 116.8, 0
GET, 116.9, 0
GET, 117.0, 0
GET, 117.1, 0
GET, 117.2, 0
GET, 117.3, 0
GET, 117.4, 1
GET, 117.5, 0
GET, 117.6, 0
GET, 117.7, 0
GET, 117.8, 1
GET, 117.9, 0
GET, 118.0, 0
GET, 118.1, 0
GET, 118.2, 0
GET, 118.3, 0
GET, 118.4, 0
GET, 118.5, 0
GET, 118.6, 0
GET, 118.7, 0
GET, 118.8, 0
GET, 118.9, 1
GET, 119.0, 0
GET, 119.1, 0
GET, 119.2, 0
GET, 119.3, 0
GET, 119.4, 0
GET, 119.5, 0
GET, 119.6, 0
GET, 119.7, 0
GET, 119.8, 0
GET, 119.9, 0
GET, 120.0, 0
GET, 120.1, 0
GET, 120.2, 0
GET, 120.3, 1
GET, 120.4, 0
GET, 120.5, 1
GET, 120.6, 1
GET, 120.7, 0
GET, 120.8, 0
GET, 120.9, 0
GET, 121.0, 0
GET, 121.1, 0
GET, 121.2, 0
GET, 121.3, 0
GET, 121.4, 0
GET, 121.5, 0
GET, 121.6, 0
GET, 121.7, 0
GET, 121.8, 0
GET, 121.9, 1
GET, 122.0, 0
GET, 122.1, 0
GET, 122.2, 0
GET, 122.3, 0
GET, 122.4, 0
GET, 122.5, 0
GET, 122.6, 0
GET, 122.7, 0
GET, 122.8, 0
GET, 122.9, 0
GET, 123.0, 0
GET, 123.1, 0
GET, 123.2, 0
GET, 123.3, 0
GET, 123.4, 0
GET, 123.5, 0
GET, 123.6, 1
GET, 123.7, 0
GET, 123.8, 0
GET, 123.9, 0
GET, 124.0, 0
GET, 124.1, 0
GET, 124.2, 1
GET, 124.3, 0
GET, 124.4, 0
GET, 124.5, 0
GET, 124.6, 0
GET, 124.7, 0
GET, 124.8, 0
GET, 124.9, 0
GET, 125.0, 0
GET, 125.1, 0
GET, 125.2, 0
GET, 125.3, 0
GET, 125.4, 1
GET, 125.5, 0
GET, 125.6, 0
GET, 125.7, 0
GET, 125.8, 0
GET, 125.9, 0
GET, 126.0, 0
GET, 126.1, 0
GET, 126.2, 0
GET, 126.3, 0
GET, 126.4, 0
GET, 126.5, 1
GET, 126.6, 0
GET, 126.7, 0
GET, 126.8, 0
GET, 126.9, 0
GET, 127.0, 0
GET, 127.1, 0
GET, 127.2, 0
GET, 127.3, 0
GET, 127.4, 0
GET, 127.5, 0
GET, 127.6, 0
GET, 127.7, 0
GET, 127.8, 0
GET, 127.9, 0
GET, 128.0, 0
GET, 128.1, 0
GET, 128.2, 0
GET, 128.3, 0
GET, 128.4, 0
GET, 128.5, 0
GET, 128.6, 0
GET, 128.7, 0
GET, 128.8, 0
GET, 128.9, 0
GET, 129.0, 1
GET, 129.1, 1
GET, 129.2, 0
GET, 129.3, 0
GET, 129.4, 0
GET, 129.5, 0
GET, 129.6, 0
GET, 129.7, 0
GET, 129.8, 0
GET, 129.9, 0
GET, 130.0, 0
GET, 130.1, 0
GET, 130.2, 0
GET, 130.3, 0
GET, 130.4, 0
GET, 130.5, 0
GET, 130.6, 0
GET, 130.7, 0
GET, 130.8, 0
GET, 130.9, 0
GET, 131.0, 0
GET, 131.1, 0
GET, 131.2, 0
GET, 131.3, 0
GET, 131.4, 0
GET, 131.5, 0
GET, 131.6, 0
GET, 131.7, 0
GET, 131.8, 0
GET, 131.9, 0
GET, 132.0, 0
GET, 132.1, 0
GET, 132.2, 0
GET, 132.3, 0
GET, 132.4, 0
GET, 132.5, 0
GET, 132.6, 0
GET, 132.7, 0
GET, 132.8, 0
GET, 132.9, 0
GET, 133.0, 0
GET, 133.1, 0
GET, 133.2, 0
GET, 133.3, 0
GET, 133.4, 0
GET, 133.5, 0
GET, 133.6, 0
GET, 133.7, 0
GET, 133.8, 0
GET, 133.9, 0
GET, 134.0, 0
GET, 134.1, 0
GET, 134.2, 0
GET, 134.3, 0
GET, 134.4, 0
GET, 134.5, 0
GET, 134.6, 0
GET, 134.7, 0
GET, 134.8, 0
GET, 134.9, 0
GET, 135.0, 0
GET, 135.1, 0
GET, 135.2, 0
GET, 135.3, 0
GET, 135.4, 0
GET, 135.5, 0
GET, 135.6, 0
GET, 135.7, 0
GET, 135.8, 0
GET, 135.9, 0
GET, 136.0, 0
GET, 136.1, 0
GET, 136.2, 0
GET, 136.3, 0
GET, 136.4, 0
GET, 136.5, 1
GET, 136.6, 0
GET, 136.7, 0
GET, 136.8, 0
GET, 136.9, 0
GET, 137.0, 0
GET, 137.1, 0
GET, 137.2, 0
GET, 137.3, 0
GET, 137.4, 1
GET, 137.5, 0
GET, 137.6, 0
GET, 137.7, 0
GET, 137.8, 0
GET, 137.9, 0
GET, 138.0, 0
GET, 138.1, 0
GET, 138.2, 0
GET, 138.3, 0
GET, 138.4, 0
GET, 138.5, 0
GET, 138.6, 0
GET, 138.7, 0
GET, 138.8, 0
GET, 138.9, 0
GET, 139.0, 0
GET, 139.1, 0
GET, 139.2, 0
GET, 139.3, 0
GET, 139.4, 0
GET, 139.5, 0
GET, 139.6, 0
GET, 139.7, 0
GET, 139.8, 0
GET, 139.9, 0
GET, 140.0, 0
GET, 140.1, 0
GET, 140.2, 0
GET, 140.3, 0
GET, 140.4, 0
GET, 140.5, 0
GET, 140.6, 0
GET, 140.7, 0
GET, 140.8, 0
GET, 140.9, 0
GET, 141.0, 0
GET, 141.1, 0
GET, 141.2, 0
GET, 141.3, 0
GET, 141.4, 0
GET, 141.5, 0
GET, 141.6, 0
GET, 141.7, 0
GET, 141.8, 0
GET, 141.9, 0
GET, 142.0, 0
GET, 142.1, 0
GET, 142.2, 0
GET, 142.3, 0
GET, 142.4, 0
GET, 142.5, 0
GET, 142.6, 0
GET, 142.7, 0
GET, 142.8, 0
GET, 142.9, 0
GET, 143.0, 0
GET, 143.1, 0
GET, 143.2, 0
GET, 143.3, 0
GET, 143.4, 0
GET, 143.5, 0
GET, 143.6, 0
GET, 143.7, 0
GET, 143.8, 0
GET, 143.9, 0
GET, 144.0, 0
GET, 144.1, 0
GET, 144.2, 0
GET, 144.3, 0
GET, 144.4, 0
GET, 144.5, 0
GET, 144.6, 0
GET, 144.7, 0
GET, 144.8, 0
GET, 144.9, 0
GET, 145.0, 0
GET, 145.1, 0
GET, 145.2, 0
GET, 145.3, 0
GET, 145.4, 0
GET, 145.5, 0
GET, 145.6, 0
GET, 145.7, 0
GET, 145.8, 0
GET, 145.9, 0
GET, 146.0, 0
GET, 146.1, 0
GET, 146.2, 0
GET, 146.3, 0
GET, 146.4, 0
GET, 146.5, 0
GET, 146.6, 0
GET, 146.7, 0
GET, 146.8, 0
GET, 146.9, 0
GET, 147.0, 0
GET, 147.1, 0
GET, 147.2, 0
GET, 147.3, 0
GET, 147.4, 0
GET, 147.5, 0
GET, 147.6, 0
GET, 147.7, 0
GET, 147.8, 0
GET, 147.9, 0
GET, 148.0, 0
GET, 148.1, 0
GET, 148.2, 0
GET, 148.3, 0
GET, 148.4, 1
GET, 148.5, 0
GET, 148.6, 0
GET, 148.7, 0
GET, 148.8, 0
GET, 148.9, 0
GET, 149.0, 0
GET, 149.1, 0
GET, 149.2, 0
GET, 149.3, 0
GET, 149.4, 0
GET, 149.5, 0
GET, 149.6, 0
GET, 149.7, 0
GET, 149.8, 0
GET, 149.9, 0
GET, 150.0, 0
GET, 150.1, 0
GET, 150.2, 0
GET, 150.3, 0
GET, 150.4, 0
GET, 150.5, 0
GET, 150.6, 0
GET, 150.7, 0
GET, 150.8, 0
GET, 150.9, 0
GET, 151.0, 0
GET, 151.1, 0
GET, 151.2, 0
GET, 151.3, 0
GET, 151.4, 0
GET, 151.5, 0
GET, 151.6, 0
GET, 151.7, 0
GET, 151.8, 0
GET, 151.9, 0
GET, 152.0, 0
GET, 152.1, 0
GET, 152.2, 0
GET, 152.3, 0
GET, 152.4, 0
GET, 152.5, 0
GET, 152.6, 0
GET, 152.7, 0
GET, 152.8, 0
GET, 152.9, 0
GET, 153.0, 0
GET, 153.1, 0
GET, 153.2, 0
GET, 153.3, 0
GET, 153.4, 0
GET, 153.5, 0
GET, 153.6, 0
GET, 153.7, 0
GET, 153.8, 0
GET, 153.9, 0
GET, 154.0, 0
GET, 154.1, 0
GET, 154.2, 0
GET, 154.3, 0
GET, 154.4, 0
GET, 154.5, 0
GET, 154.6, 0
GET, 154.7, 0
GET, 154.8, 0
GET, 154.9, 0
GET, 155.0, 0
GET, 155.1, 0
GET, 155.2, 0
GET, 155.3, 0
GET, 155.4, 0
GET, 155.5, 0
GET, 155.6, 0
GET, 155.7, 0
GET, 155.8, 0
GET, 155.9, 0
GET, 156.0, 0
GET, 156.1, 0
GET, 156.2, 0
GET, 156.3, 0
GET, 156.4, 0
GET, 156.5, 0
GET, 156.6, 0
GET, 156.7, 0
GET, 156.8, 0
GET, 156.9, 0
GET, 157.0, 0
GET, 157.1, 0
GET, 157.2, 0
GET, 157.3, 0
GET, 157.4, 0
GET, 157.5, 0
GET, 157.6, 0
GET, 157.7, 0
GET, 157.8, 0
GET, 157.9, 0
GET, 158.0, 0
GET, 158.1, 0
GET, 158.2, 0
GET, 158.3, 0
GET, 158.4, 0
GET, 158.5, 0
GET, 158.6, 0
GET, 158.7, 0
GET, 158.8, 0
GET, 158.9, 0
GET, 159.0, 0
GET, 159.1, 0
GET, 159.2, 0
GET, 159.3, 0
GET, 159.4, 0
GET, 159.5, 0
GET, 159.6, 0
GET, 159.7, 0
GET, 159.8, 0
GET, 159.9, 0
GET, 160.0, 0
GET, 160.1, 0
GET, 160.2, 0
GET, 160.3, 0
GET, 160.4, 0
GET, 160.5, 0
GET, 160.6, 0
GET, 160.7, 0
GET, 160.8, 0
GET, 160.9, 0
GET, 161.0, 0
GET, 161.1, 0
GET, 161.2, 0
GET, 161.3, 0
GET, 161.4, 0
GET, 161.5, 0
GET, 161.6, 0
GET, 161.7, 0
GET, 161.8, 0
GET, 161.9, 0
GET, 162.0, 0
GET, 162.1, 0
GET, 162.2, 0
GET, 162.3, 0
GET, 162.4, 0
GET, 162.5, 0
GET, 162.6, 0
GET, 162.7, 0
GET, 162.8, 0
GET, 162.9, 0
GET, 163.0, 0
GET, 163.1, 0
GET, 163.2, 0
GET, 163.3, 0
GET, 163.4, 0
GET, 163.5, 0
GET, 163.6, 0
GET, 163.7, 0
GET, 163.8, 0
GET, 163.9, 0
GET, 164.0, 0
GET, 164.1, 0
GET, 164.2, 0
GET, 164.3, 0
GET, 164.4, 0
GET, 164.5, 0
GET, 164.6, 0
GET, 164.7, 0
GET, 164.8, 0
GET, 164.9, 0
GET, 165.0, 0
GET, 165.1, 0
GET, 165.2, 0
GET, 165.3, 0
GET, 165.4, 0
GET, 165.5, 0
GET, 165.6, 0
GET, 165.7, 0
GET, 165.8, 0
GET, 165.9, 0
GET, 166.0, 0
GET, 166.1, 0
GET, 166.2, 0
GET, 166.3, 0
GET, 166.4, 0
GET, 166.5, 0
GET, 166.6, 0
GET, 166.7, 0
GET, 166.8, 0
GET, 166.9, 0
GET, 167.0, 0
GET, 167.1, 0
GET, 167.2, 0
GET, 167.3, 0
GET, 167.4, 0
GET, 167.5, 0
GET, 167.6, 0
GET, 167.7, 0
GET, 167.8, 0
GET, 167.9, 0
GET, 168.0, 0
GET, 168.1, 0
GET, 168.2, 0
GET, 168.3, 0
GET, 168.4, 0
GET, 168.5, 0
GET, 168.6, 0
GET, 168.7, 0
GET, 168.8, 0
GET, 168.9, 0
GET, 169.0, 0
GET, 169.1, 0
GET, 169.2, 0
GET, 169.3, 0
GET, 169.4, 0
GET, 169.5, 0
GET, 169.6, 0
GET, 169.7, 0
GET, 169.8, 0
GET, 169.9, 0
GET, 170.0, 0
GET, 170.1, 0
GET, 170.2, 0
GET, 170.3, 0
GET, 170.4, 0
GET, 170.5, 0
GET, 170.6, 0
GET, 170.7, 0
GET, 170.8, 0
GET, 170.9, 0
GET, 171.0, 0
GET, 171.1, 0
GET, 171.2, 0
GET, 171.3, 0
GET, 171.4, 0
GET, 171.5, 0
GET, 171.6, 0
GET, 171.7, 0
GET, 171.8, 0
GET, 171.9, 0
GET, 172.0, 0
GET, 172.1, 0
GET, 172.2, 0
GET, 172.3, 0
GET, 172.4, 0
GET, 172.5, 0
GET, 172.6, 0
GET, 172.7, 0
GET, 172.8, 0
GET, 172.9, 0
GET, 173.0, 0
GET, 173.1, 0
GET, 173.2, 0
GET, 173.3, 0
GET, 173.4, 0
GET, 173.5, 0
GET, 173.6, 0
GET, 173.7, 0
GET, 173.8, 0
GET, 173.9, 0
GET, 174.0, 0
GET, 174.1, 0
GET, 174.2, 0
GET, 174.3, 0
GET, 174.4, 0
GET, 174.5, 0
GET, 174.6, 0
GET, 174.7, 0
GET, 174.8, 0
GET, 174.9, 0
GET, 175.0, 0
GET, 175.1, 0
GET, 175.2, 0
GET, 175.3, 0
GET, 175.4, 0
GET, 175.5, 0
GET, 175.6, 0
GET, 175.7, 0
GET, 175.8, 0
GET, 175.9, 0
GET, 176.0, 0
GET, 176.1, 0
GET, 176.2, 0
GET, 176.3, 0
GET, 176.4, 0
GET, 176.5, 0
GET, 176.6, 0
GET, 176.7, 0
GET, 176.8, 0
GET, 176.9, 0
GET, 177.0, 0
GET, 177.1, 0
GET, 177.2, 0
GET, 177.3, 0
GET, 177.4, 0
GET, 177.5, 0
GET, 177.6, 0
GET, 177.7, 0
GET, 177.8, 0
GET, 177.9, 0
GET, 178.0, 0
GET, 178.1, 0
GET, 178.2, 0
GET, 178.3, 0
GET, 178.4, 0
GET, 178.5, 0
GET, 178.6, 0
GET, 178.7, 0
GET, 178.8, 0
GET, 178.9, 0
GET, 179.0, 0
GET, 179.1, 0
GET, 179.2, 0
GET, 179.3, 0
GET, 179.4, 0
GET, 179.5, 0
GET, 179.6, 0
GET, 179.7, 0
GET, 179.8, 0
GET, 179.9, 0
GET, 180.0, 0
GET, 180.1, 0
GET, 180.2, 0
GET, 180.3, 0
GET, 180.4, 0
GET, 180.5, 0
GET, 180.6, 0
GET, 180.7, 0
GET, 180.8, 0
GET, 180.9, 0
GET, 181.0, 0
GET, 181.1, 0
GET, 181.2, 0
GET, 181.3, 0
GET, 181.4, 0
GET, 181.5, 0
GET, 181.6, 0
GET, 181.7, 0
GET, 181.8, 0
GET, 181.9, 0
GET, 182.0, 0
GET, 182.1, 0
GET, 182.2, 0
GET, 182.3, 0
GET, 182.4, 0
GET, 182.5, 0
GET, 182.6, 0
GET, 182.7, 0
GET, 182.8, 0
GET, 182.9, 0
GET, 183.0, 0
GET, 183.1, 0
GET, 183.2, 0
GET, 183.3, 0
GET, 183.4, 0
GET, 183.5, 0
GET, 183.6, 0
GET, 183.7, 0
GET, 183.8, 0
GET, 183.9, 0
GET, 184.0, 0
GET, 184.1, 0
GET, 184.2, 0
GET, 184.3, 0
GET, 184.4, 0
GET, 184.5, 0
GET, 184.6, 0
GET, 184.7, 0
GET, 184.8, 0
GET, 184.9, 0
GET, 185.0, 0
GET, 185.1, 0
GET, 185.2, 0
GET, 185.3, 0
GET, 185.4, 0
GET, 185.5, 0
GET, 185.6, 0
GET, 185.7, 0
GET, 185.8, 0
GET, 185.9, 0
GET, 186.0, 0
GET, 186.1, 0
GET, 186.2, 0
GET, 186.3, 0
GET, 186.4, 0
GET, 186.5, 0
GET, 186.6, 0
GET, 186.7, 0
GET, 186.8, 0
GET, 186.9, 0
GET, 187.0, 0
GET, 187.1, 0
GET, 187.2, 0
GET, 187.3, 0
GET, 187.4, 0
GET, 187.5, 0
GET, 187.6, 0
GET, 187.7, 0
GET, 187.8, 0
GET, 187.9, 0
GET, 188.0, 0
GET, 188.1, 0
GET, 188.2, 0
GET, 188.3, 0
GET, 188.4, 0
GET, 188.5, 0
GET, 188.6, 0
GET, 188.7, 0
GET, 188.8, 0
GET, 188.9, 0
GET, 189.0, 0
GET, 189.1, 0
GET, 189.2, 0
GET, 189.3, 0
GET, 189.4, 0
GET, 189.5, 0
GET, 189.6, 0
GET, 189.7, 0
GET, 189.8, 0
GET, 189.9, 0
GET, 190.0, 0
GET, 190.1, 0
GET, 190.2, 0
GET, 190.3, 0
GET, 190.4, 0
GET, 190.5, 0
GET, 190.6, 0
GET, 190.7, 0
GET, 190.8, 0
GET, 190.9, 0
GET, 191.0, 0
GET, 191.1, 0
GET, 191.2, 0
GET, 191.3, 0
GET, 191.4, 0
GET, 191.5, 0
GET, 191.6, 0
GET, 191.7, 0
GET, 191.8, 0
GET, 191.9, 0
GET, 192.0, 0
GET, 192.1, 0
GET, 192.2, 0
GET, 192.3, 0
GET, 192.4, 0
GET, 192.5, 0
GET, 192.6, 0
GET, 192.7, 0
GET, 192.8, 0
GET, 192.9, 0
GET, 193.0, 0
GET, 193.1, 0
GET, 193.2, 0
GET, 193.3, 0
GET, 193.4, 0
GET, 193.5, 0
GET, 193.6, 0
GET, 193.7, 0
GET, 193.8, 0
GET, 193.9, 0
GET, 194.0, 0
GET, 194.1, 0
GET, 194.2, 0
GET, 194.3, 0
GET, 194.4, 0
GET, 194.5, 0
GET, 194.6, 0
GET, 194.7, 0
GET, 194.8, 0
GET, 194.9, 0
GET, 195.0, 0
GET, 195.1, 1
GET, 195.2, 0
GET, 195.3, 0
GET, 195.4, 0
GET, 195.5, 0
GET, 195.6, 0
GET, 195.7, 0
GET, 195.8, 0
GET, 195.9, 0
GET, 196.0, 0
GET, 196.1, 1
GET, 196.2, 0
GET, 196.3, 0
GET, 196.4, 0
GET, 196.5, 0
GET, 196.6, 0
GET, 196.7, 1
GET, 196.8, 2
GET, 196.9, 1
GET, 197.0, 1
GET, 197.1, 0
GET, 197.2, 2
GET, 197.3, 4
GET, 197.4, 1
GET, 197.5, 1
GET, 197.6, 1
GET, 197.7, 0
GET, 197.8, 1
GET, 197.9, 1
GET, 198.0, 0
GET, 198.1, 0
GET, 198.2, 0
GET, 198.3, 0
GET, 198.4, 0
GET, 198.5, 0
GET, 198.6, 0
GET, 198.7, 0
GET, 198.8, 0
GET, 198.9, 0
GET, 199.0, 0
GET, 199.1, 0
GET, 199.2, 0
GET, 199.3, 0
GET, 199.4, 0
GET, 199.5, 0
GET, 199.6, 0
GET, 199.7, 0
GET, 199.8, 0
GET, 199.9, 0
GET, 200.0, 0
GET, 200.1, 0
GET, 200.2, 0
GET, 200.3, 0
GET, 200.4, 0
GET, 200.5, 0
GET, 200.6, 0
GET, 200.7, 0
GET, 200.8, 0
GET, 200.9, 0
GET, 201.0, 0
GET, 201.1, 0
GET, 201.2, 0
GET, 201.3, 0
GET, 201.4, 0
GET, 201.5, 0
GET, 201.6, 0
GET, 201.7, 0
GET, 201.8, 0
GET, 201.9, 0
GET, 202.0, 0
GET, 202.1, 0
GET, 202.2, 0
GET, 202.3, 0
GET, 202.4, 0
GET, 202.5, 0
GET, 202.6, 0
GET, 202.7, 0
GET, 202.8, 0
GET, 202.9, 0
GET, 203.0, 0
GET, 203.1, 0
GET, 203.2, 0
GET, 203.3, 0
GET, 203.4, 0
GET, 203.5, 0
GET, 203.6, 1
GET, 203.7, 0
GET, 203.8, 0
GET, 203.9, 0
GET, 204.0, 0
GET, 204.1, 0
GET, 204.2, 0
GET, 204.3, 0
GET, 204.4, 0
GET, 204.5, 0
GET, 204.6, 0
GET, 204.7, 0
GET, 204.8, 0
GET, 204.9, 0
GET, 205.0, 0
GET, 205.1, 0
GET, 205.2, 0
GET, 205.3, 0
GET, 205.4, 0
GET, 205.5, 0
GET, 205.6, 0
GET, 205.7, 0
GET, 205.8, 0
GET, 205.9, 0
GET, 206.0, 0
GET, 206.1, 0
GET, 206.2, 0
GET, 206.3, 0
GET, 206.4, 0
GET, 206.5, 0
GET, 206.6, 0
GET, 206.7, 0
GET, 206.8, 0
GET, 206.9, 0
GET, 207.0, 0
GET, 207.1, 0
GET, 207.2, 0
GET, 207.3, 0
GET, 207.4, 0
GET, 207.5, 0
GET, 207.6, 0
GET, 207.7, 0
GET, 207.8, 0
GET, 207.9, 0
GET, 208.0, 0
GET, 208.1, 0
GET, 208.2, 0
GET, 208.3, 0
GET, 208.4, 0
GET, 208.5, 0
GET, 208.6, 0
GET, 208.7, 0
GET, 208.8, 0
GET, 208.9, 0
GET, 209.0, 0
GET, 209.1, 0
GET, 209.2, 0
GET, 209.3, 0
GET, 209.4, 0
GET, 209.5, 0
GET, 209.6, 1
GET, 209.7, 1
GET, 209.8, 1
GET, 209.9, 0
GET, 210.0, 0
GET, 210.1, 0
GET, 210.2, 0
GET, 210.3, 0
GET, 210.4, 0
GET, 210.5, 0
GET, 210.6, 1
GET, 210.7, 0
GET, 210.8, 0
GET, 210.9, 0
GET, 211.0, 0
GET, 211.1, 0
GET, 211.2, 0
GET, 211.3, 0
GET, 211.4, 0
GET, 211.5, 1
GET, 211.6, 0
GET, 211.7, 0
GET, 211.8, 0
GET, 211.9, 0
GET, 212.0, 0
GET, 212.1, 1
GET, 212.2, 0
GET, 212.3, 0
GET, 212.4, 0
GET, 212.5, 0
GET, 212.6, 0
GET, 212.7, 0
GET, 212.8, 0
GET, 212.9, 0
GET, 213.0, 0
GET, 213.1, 1
GET, 213.2, 0
GET, 213.3, 0
GET, 213.4, 1
GET, 213.5, 0
GET, 213.6, 0
GET, 213.7, 1
GET, 213.8, 2
GET, 213.9, 0
GET, 214.0, 0
GET, 214.1, 0
GET, 214.2, 0
GET, 214.3, 1
GET, 214.4, 0
GET, 214.5, 0
GET, 214.6, 0
GET, 214.7, 0
GET, 214.8, 0
GET, 214.9, 1
GET, 215.0, 0
GET, 215.1, 0
GET, 215.2, 2
GET, 215.3, 2
GET, 215.4, 1
GET, 215.5, 1
GET, 215.6, 2
GET, 215.7, 0
GET, 215.8, 2
GET, 215.9, 0
GET, 216.0, 0
GET, 216.1, 0
GET, 216.2, 0
GET, 216.3, 0
GET, 216.4, 0
GET, 216.5, 0
GET, 216.6, 0
GET, 216.7, 1
GET, 216.8, 0
GET, 216.9, 0
GET, 217.0, 0
GET, 217.1, 0
GET, 217.2, 1
GET, 217.3, 0
GET, 217.4, 0
GET, 217.5, 0
GET, 217.6, 0
GET, 217.7, 2
GET, 217.8, 1
GET, 217.9, 0
GET, 218.0, 0
GET, 218.1, 0
GET, 218.2, 1
GET, 218.3, 1
GET, 218.4, 0
GET, 218.5, 0
GET, 218.6, 0
GET, 218.7, 0
GET, 218.8, 0
GET, 218.9, 0
GET, 219.0, 0
GET, 219.1, 0
GET, 219.2, 0
GET, 219.3, 0
GET, 219.4, 1
GET, 219.5, 1
GET, 219.6, 0
GET, 219.7, 0
GET, 219.8, 0
GET, 219.9, 1
GET, 220.0, 0
GET, 220.1, 0
GET, 220.2, 0
GET, 220.3, 1
GET, 220.4, 0
GET, 220.5, 1
GET, 220.6, 0
GET, 220.7, 0
GET, 220.8, 0
GET, 220.9, 0
GET, 221.0, 0
GET, 221.1, 0
GET, 221.2, 0
GET, 221.3, 0
GET, 221.4, 1
GET, 221.5, 0
GET, 221.6, 0
GET, 221.7, 0
GET, 221.8, 0
GET, 221.9, 0
GET, 222.0, 0
GET, 222.1, 0
GET, 222.2, 0
GET, 222.3, 0
GET, 222.4, 0
GET, 222.5, 0
GET, 222.6, 1
GET, 222.7, 0
GET, 222.8, 0
GET, 222.9, 0
GET, 223.0, 0
GET, 223.1, 0
GET, 223.2, 0
GET, 223.3, 0
GET, 223.4, 0
GET, 223.5, 0
GET, 223.6, 1
GET, 223.7, 0
GET, 223.8, 1
GET, 223.9, 0
GET, 224.0, 0
GET, 224.1, 0
GET, 224.2, 0
GET, 224.3, 0
GET, 224.4, 0
GET, 224.5, 0
GET, 224.6, 0
GET, 224.7, 0
GET, 224.8, 0
GET, 224.9, 0
GET, 225.0, 0
GET, 225.1, 0
GET, 225.2, 0
GET, 225.3, 0
GET, 225.4, 0
GET, 225.5, 0
GET, 225.6, 0
GET, 225.7, 0
GET, 225.8, 0
GET, 225.9, 0
GET, 226.0, 0
GET, 226.1, 0
GET, 226.2, 0
GET, 226.3, 0
GET, 226.4, 0
GET, 226.5, 0
GET, 226.6, 0
GET, 226.7, 0
GET, 226.8, 0
GET, 226.9, 0
GET, 227.0, 0
GET, 227.1, 0
GET, 227.2, 0
GET, 227.3, 0
GET, 227.4, 0
GET, 227.5, 0
GET, 227.6, 0
GET, 227.7, 0
GET, 227.8, 0
GET, 227.9, 0
GET, 228.0, 0
GET, 228.1, 0
GET, 228.2, 0
GET, 228.3, 0
GET, 228.4, 0
GET, 228.5, 0
GET, 228.6, 0
GET, 228.7, 0
GET, 228.8, 0
GET, 228.9, 0
GET, 229.0, 0
GET, 229.1, 0
GET, 229.2, 0
GET, 229.3, 0
GET, 229.4, 0
GET, 229.5, 0
GET, 229.6, 0
GET, 229.7, 0
GET, 229.8, 0
GET, 229.9, 0
GET, 230.0, 0
GET, 230.1, 0
GET, 230.2, 0
GET, 230.3, 0
GET, 230.4, 0
GET, 230.5, 0
GET, 230.6, 0
GET, 230.7, 0
GET, 230.8, 0
GET, 230.9, 0
GET, 231.0, 0
GET, 231.1, 0
GET, 231.2, 0
GET, 231.3, 0
GET, 231.4, 0
GET, 231.5, 0
GET, 231.6, 0
GET, 231.7, 0
GET, 231.8, 0
GET, 231.9, 0
GET, 232.0, 0
GET, 232.1, 0
GET, 232.2, 0
GET, 232.3, 0
GET, 232.4, 0
GET, 232.5, 0
GET, 232.6, 0
GET, 232.7, 0
GET, 232.8, 0
GET, 232.9, 0
GET, 233.0, 0
GET, 233.1, 0
GET, 233.2, 0
GET, 233.3, 0
GET, 233.4, 0
GET, 233.5, 0
GET, 233.6, 0
GET, 233.7, 0
GET, 233.8, 0
GET, 233.9, 0
GET, 234.0, 0
GET, 234.1, 0
GET, 234.2, 0
GET, 234.3, 0
GET, 234.4, 1
GET, 234.5, 0
GET, 234.6, 0
GET, 234.7, 1
GET, 234.8, 0
GET, 234.9, 0
GET, 235.0, 0
GET, 235.1, 0
GET, 235.2, 0
GET, 235.3, 0
GET, 235.4, 0
GET, 235.5, 0
GET, 235.6, 0
GET, 235.7, 0
GET, 235.8, 0
GET, 235.9, 0
GET, 236.0, 0
GET, 236.1, 0
GET, 236.2, 0
GET, 236.3, 0
GET, 236.4, 0
GET, 236.5, 0
GET, 236.6, 0
GET, 236.7, 0
GET, 236.8, 0
GET, 236.9, 0
GET, 237.0, 0
GET, 237.1, 0
GET, 237.2, 0
GET, 237.3, 0
GET, 237.4, 0
GET, 237.5, 0
GET, 237.6, 0
GET, 237.7, 0
GET, 237.8, 0
GET, 237.9, 0
GET, 238.0, 1
GET, 238.1, 0
GET, 238.2, 0
GET, 238.3, 0
GET, 238.4, 0
GET, 238.5, 0
GET, 238.6, 0
GET, 238.7, 0
GET, 238.8, 0
GET, 238.9, 0
GET, 239.0, 0
GET, 239.1, 0
GET, 239.2, 0
GET, 239.3, 0
GET, 239.4, 0
GET, 239.5, 0
GET, 239.6, 0
GET, 239.7, 0
GET, 239.8, 0
GET, 239.9, 0
GET, 240.0, 0
GET, 240.1, 0
GET, 240.2, 0
GET, 240.3, 0
GET, 240.4, 0
GET, 240.5, 0
GET, 240.6, 0
GET, 240.7, 0
GET, 240.8, 0
GET, 240.9, 0
GET, 241.0, 0
GET, 241.1, 0
GET, 241.2, 0
GET, 241.3, 0
GET, 241.4, 0
GET, 241.5, 0
GET, 241.6, 0
GET, 241.7, 0
GET, 241.8, 0
GET, 241.9, 0
GET, 242.0, 0
GET, 242.1, 0
GET, 242.2, 0
GET, 242.3, 0
GET, 242.4, 0
GET, 242.5, 0
GET, 242.6, 0
GET, 242.7, 0
GET, 242.8, 0
GET, 242.9, 0
GET, 243.0, 0
GET, 243.1, 0
GET, 243.2, 0
GET, 243.3, 0
GET, 243.4, 0
GET, 243.5, 0
GET, 243.6, 0
GET, 243.7, 1
