Elapsed Time, AVG Throughput, AVG Queue Size, AVG Waiting Time, AVG Service Time, AVG Response Time, AVG SET Response Time, AVG GET Response Time, AVG MULTI-GET Response Time, #SETS, #GETS, #MULTIGETS, GET MissRatio, MULTI-GET MissRatio, AVG MULTI-GET Size
 5.00, 5924, 112, 18.860165, 1.014455, 19.973026, 19.973026, 0.000000, 0.000000, 29624, 0, 0, 0.00, 0.00, 0
10.00, 7179, 113, 15.938174, 0.911531, 16.932412, 16.932412, 0.000000, 0.000000, 35895, 0, 0, 0.00, 0.00, 0
15.00, 7297, 112, 15.703272, 0.896828, 16.678774, 16.678774, 0.000000, 0.000000, 36487, 0, 0, 0.00, 0.00, 0
20.00, 7179, 112, 15.916422, 0.910308, 16.907681, 16.907681, 0.000000, 0.000000, 35899, 0, 0, 0.00, 0.00, 0
25.00, 7235, 112, 15.820728, 0.900269, 16.800023, 16.800023, 0.000000, 0.000000, 36175, 0, 0, 0.00, 0.00, 0
30.00, 7460, 112, 15.316757, 0.871219, 16.267345, 16.267345, 0.000000, 0.000000, 37303, 0, 0, 0.00, 0.00, 0
35.00, 7451, 112, 15.221604, 0.863216, 16.168568, 16.168568, 0.000000, 0.000000, 37258, 0, 0, 0.00, 0.00, 0
40.00, 7610, 112, 14.860049, 0.849987, 15.787143, 15.787143, 0.000000, 0.000000, 38052, 0, 0, 0.00, 0.00, 0
45.00, 7655, 112, 14.722340, 0.843646, 15.641093, 15.641093, 0.000000, 0.000000, 38278, 0, 0, 0.00, 0.00, 0
50.00, 7321, 112, 15.555547, 0.886635, 16.522309, 16.522309, 0.000000, 0.000000, 36608, 0, 0, 0.00, 0.00, 0
55.00, 7486, 112, 15.214372, 0.867944, 16.160183, 16.160183, 0.000000, 0.000000, 37430, 0, 0, 0.00, 0.00, 0
60.00, 7736, 111, 14.628120, 0.828358, 15.532021, 15.532021, 0.000000, 0.000000, 38680, 0, 0, 0.00, 0.00, 0
65.00, 7714, 111, 14.636125, 0.837427, 15.547142, 15.547142, 0.000000, 0.000000, 38571, 0, 0, 0.00, 0.00, 0
70.00, 7406, 112, 15.298836, 0.884804, 16.266970, 16.266970, 0.000000, 0.000000, 37030, 0, 0, 0.00, 0.00, 0
71.00, 674, 11, 1.803734, 0.829273, 2.726980, 2.726980, 0.000000, 0.000000, 3370, 0, 0, 0.00, 0.00, 0
Type, Interval, Responses
SET, 0.1, 0
SET, 0.2, 0
SET, 0.3, 0
SET, 0.4, 26
SET, 0.5, 238
SET, 0.6, 487
SET, 0.7, 471
SET, 0.8, 381
SET, 0.9, 263
SET, 1.0, 178
SET, 1.1, 154
SET, 1.2, 81
SET, 1.3, 79
SET, 1.4, 47
SET, 1.5, 35
SET, 1.6, 29
SET, 1.7, 31
SET, 1.8, 29
SET, 1.9, 22
SET, 2.0, 14
SET, 2.1, 25
SET, 2.2, 16
SET, 2.3, 12
SET, 2.4, 20
SET, 2.5, 21
SET, 2.6, 11
SET, 2.7, 13
SET, 2.8, 17
SET, 2.9, 22
SET, 3.0, 24
SET, 3.1, 21
SET, 3.2, 16
SET, 3.3, 18
SET, 3.4, 25
SET, 3.5, 29
SET, 3.6, 31
SET, 3.7, 27
SET, 3.8, 26
SET, 3.9, 35
SET, 4.0, 30
SET, 4.1, 22
SET, 4.2, 34
SET, 4.3, 33
SET, 4.4, 22
SET, 4.5, 36
SET, 4.6, 44
SET, 4.7, 42
SET, 4.8, 37
SET, 4.9, 34
SET, 5.0, 27
SET, 5.1, 43
SET, 5.2, 32
SET, 5.3, 20
SET, 5.4, 33
SET, 5.5, 49
SET, 5.6, 38
SET, 5.7, 41
SET, 5.8, 55
SET, 5.9, 60
SET, 6.0, 61
SET, 6.1, 67
SET, 6.2, 77
SET, 6.3, 83
SET, 6.4, 62
SET, 6.5, 109
SET, 6.6, 104
SET, 6.7, 105
SET, 6.8, 132
SET, 6.9, 168
SET, 7.0, 141
SET, 7.1, 158
SET, 7.2, 220
SET, 7.3, 258
SET, 7.4, 244
SET, 7.5, 304
SET, 7.6, 303
SET, 7.7, 336
SET, 7.8, 421
SET, 7.9, 439
SET, 8.0, 487
SET, 8.1, 507
SET, 8.2, 561
SET, 8.3, 629
SET, 8.4, 689
SET, 8.5, 735
SET, 8.6, 793
SET, 8.7, 769
SET, 8.8, 843
SET, 8.9, 1055
SET, 9.0, 1029
SET, 9.1, 1116
SET, 9.2, 1116
SET, 9.3, 1201
SET, 9.4, 1355
SET, 9.5, 1335
SET, 9.6, 1361
SET, 9.7, 1450
SET, 9.8, 1566
SET, 9.9, 1642
SET, 10.0, 1839
SET, 10.1, 1886
SET, 10.2, 1973
SET, 10.3, 2065
SET, 10.4, 2174
SET, 10.5, 2245
SET, 10.6, 2312
SET, 10.7, 2380
SET, 10.8, 2480
SET, 10.9, 2701
SET, 11.0, 2764
SET, 11.1, 2727
SET, 11.2, 3008
SET, 11.3, 3012
SET, 11.4, 2995
SET, 11.5, 3235
SET, 11.6, 3292
SET, 11.7, 3349
SET, 11.8, 3443
SET, 11.9, 3555
SET, 12.0, 3696
SET, 12.1, 3493
SET, 12.2, 3776
SET, 12.3, 3802
SET, 12.4, 3959
SET, 12.5, 3950
SET, 12.6, 3970
SET, 12.7, 4214
SET, 12.8, 4230
SET, 12.9, 4295
SET, 13.0, 4524
SET, 13.1, 4612
SET, 13.2, 4665
SET, 13.3, 4634
SET, 13.4, 4794
SET, 13.5, 5047
SET, 13.6, 4994
SET, 13.7, 4859
SET, 13.8, 4903
SET, 13.9, 5212
SET, 14.0, 5219
SET, 14.1, 5163
SET, 14.2, 5361
SET, 14.3, 5212
SET, 14.4, 5461
SET, 14.5, 5667
SET, 14.6, 5423
SET, 14.7, 5396
SET, 14.8, 5488
SET, 14.9, 5513
SET, 15.0, 5471
SET, 15.1, 5390
SET, 15.2, 5473
SET, 15.3, 5537
SET, 15.4, 5302
SET, 15.5, 5393
SET, 15.6, 5429
SET, 15.7, 5225
SET, 15.8, 5191
SET, 15.9, 5112
SET, 16.0, 5065
SET, 16.1, 4968
SET, 16.2, 5005
SET, 16.3, 5068
SET, 16.4, 4880
SET, 16.5, 4677
SET, 16.6, 4489
SET, 16.7, 4456
SET, 16.8, 4338
SET, 16.9, 4198
SET, 17.0, 4040
SET, 17.1, 4327
SET, 17.2, 4009
SET, 17.3, 3960
SET, 17.4, 3814
SET, 17.5, 3727
SET, 17.6, 3754
SET, 17.7, 3590
SET, 17.8, 3418
SET, 17.9, 3524
SET, 18.0, 3369
SET, 18.1, 3543
SET, 18.2, 3304
SET, 18.3, 3357
SET, 18.4, 3296
SET, 18.5, 3380
SET, 18.6, 3296
SET, 18.7, 3265
SET, 18.8, 3135
SET, 18.9, 3249
SET, 19.0, 3207
SET, 19.1, 3221
SET, 19.2, 3333
SET, 19.3, 3119
SET, 19.4, 3117
SET, 19.5, 3079
SET, 19.6, 2960
SET, 19.7, 2849
SET, 19.8, 2784
SET, 19.9, 2687
SET, 20.0, 2617
SET, 20.1, 2453
SET, 20.2, 2437
SET, 20.3, 2313
SET, 20.4, 2308
SET, 20.5, 2111
SET, 20.6, 2179
SET, 20.7, 1944
SET, 20.8, 2035
SET, 20.9, 1883
SET, 21.0, 1826
SET, 21.1, 1731
SET, 21.2, 1696
SET, 21.3, 1666
SET, 21.4, 1620
SET, 21.5, 1473
SET, 21.6, 1491
SET, 21.7, 1344
SET, 21.8, 1288
SET, 21.9, 1296
SET, 22.0, 1292
SET, 22.1, 1145
SET, 22.2, 1127
SET, 22.3, 1148
SET, 22.4, 1102
SET, 22.5, 1082
SET, 22.6, 1092
SET, 22.7, 986
SET, 22.8, 990
SET, 22.9, 959
SET, 23.0, 956
SET, 23.1, 942
SET, 23.2, 884
SET, 23.3, 787
SET, 23.4, 831
SET, 23.5, 810
SET, 23.6, 803
SET, 23.7, 811
SET, 23.8, 671
SET, 23.9, 670
SET, 24.0, 687
SET, 24.1, 691
SET, 24.2, 672
SET, 24.3, 699
SET, 24.4, 652
SET, 24.5, 620
SET, 24.6, 641
SET, 24.7, 629
SET, 24.8, 627
SET, 24.9, 647
SET, 25.0, 659
SET, 25.1, 634
SET, 25.2, 664
SET, 25.3, 675
SET, 25.4, 671
SET, 25.5, 610
SET, 25.6, 631
SET, 25.7, 634
SET, 25.8, 599
SET, 25.9, 537
SET, 26.0, 567
SET, 26.1, 586
SET, 26.2, 538
SET, 26.3, 488
SET, 26.4, 495
SET, 26.5, 511
SET, 26.6, 439
SET, 26.7, 477
SET, 26.8, 429
SET, 26.9, 373
SET, 27.0, 412
SET, 27.1, 354
SET, 27.2, 352
SET, 27.3, 339
SET, 27.4, 312
SET, 27.5, 323
SET, 27.6, 280
SET, 27.7, 269
SET, 27.8, 259
SET, 27.9, 259
SET, 28.0, 252
SET, 28.1, 241
SET, 28.2, 210
SET, 28.3, 228
SET, 28.4, 216
SET, 28.5, 227
SET, 28.6, 223
SET, 28.7, 183
SET, 28.8, 181
SET, 28.9, 183
SET, 29.0, 170
SET, 29.1, 172
SET, 29.2, 149
SET, 29.3, 183
SET, 29.4, 170
SET, 29.5, 123
SET, 29.6, 161
SET, 29.7, 154
SET, 29.8, 152
SET, 29.9, 115
SET, 30.0, 129
SET, 30.1, 127
SET, 30.2, 115
SET, 30.3, 103
SET, 30.4, 135
SET, 30.5, 105
SET, 30.6, 112
SET, 30.7, 112
SET, 30.8, 81
SET, 30.9, 116
SET, 31.0, 126
SET, 31.1, 93
SET, 31.2, 102
SET, 31.3, 108
SET, 31.4, 114
SET, 31.5, 90
SET, 31.6, 97
SET, 31.7, 113
SET, 31.8, 97
SET, 31.9, 75
SET, 32.0, 84
SET, 32.1, 97
SET, 32.2, 78
SET, 32.3, 93
SET, 32.4, 72
SET, 32.5, 87
SET, 32.6, 83
SET, 32.7, 91
SET, 32.8, 88
SET, 32.9, 62
SET, 33.0, 63
SET, 33.1, 63
SET, 33.2, 79
SET, 33.3, 79
SET, 33.4, 58
SET, 33.5, 86
SET, 33.6, 83
SET, 33.7, 77
SET, 33.8, 69
SET, 33.9, 60
SET, 34.0, 70
SET, 34.1, 82
SET, 34.2, 65
SET, 34.3, 73
SET, 34.4, 61
SET, 34.5, 69
SET, 34.6, 65
SET, 34.7, 62
SET, 34.8, 72
SET, 34.9, 51
SET, 35.0, 68
SET, 35.1, 69
SET, 35.2, 60
SET, 35.3, 35
SET, 35.4, 50
SET, 35.5, 46
SET, 35.6, 53
SET, 35.7, 52
SET, 35.8, 53
SET, 35.9, 51
SET, 36.0, 60
SET, 36.1, 54
SET, 36.2, 69
SET, 36.3, 71
SET, 36.4, 61
SET, 36.5, 49
SET, 36.6, 44
SET, 36.7, 32
SET, 36.8, 43
SET, 36.9, 47
SET, 37.0, 29
SET, 37.1, 38
SET, 37.2, 38
SET, 37.3, 46
SET, 37.4, 32
SET, 37.5, 35
SET, 37.6, 33
SET, 37.7, 39
SET, 37.8, 41
SET, 37.9, 42
SET, 38.0, 39
SET, 38.1, 34
SET, 38.2, 29
SET, 38.3, 33
SET, 38.4, 28
SET, 38.5, 48
SET, 38.6, 43
SET, 38.7, 41
SET, 38.8, 30
SET, 38.9, 43
SET, 39.0, 56
SET, 39.1, 54
SET, 39.2, 30
SET, 39.3, 31
SET, 39.4, 35
SET, 39.5, 28
SET, 39.6, 41
SET, 39.7, 42
SET, 39.8, 28
SET, 39.9, 28
SET, 40.0, 34
SET, 40.1, 37
SET, 40.2, 41
SET, 40.3, 33
SET, 40.4, 30
SET, 40.5, 28
SET, 40.6, 25
SET, 40.7, 27
SET, 40.8, 17
SET, 40.9, 20
SET, 41.0, 26
SET, 41.1, 21
SET, 41.2, 11
SET, 41.3, 18
SET, 41.4, 22
SET, 41.5, 21
SET, 41.6, 19
SET, 41.7, 17
SET, 41.8, 20
SET, 41.9, 20
SET, 42.0, 15
SET, 42.1, 27
SET, 42.2, 20
SET, 42.3, 24
SET, 42.4, 30
SET, 42.5, 24
SET, 42.6, 16
SET, 42.7, 24
SET, 42.8, 25
SET, 42.9, 21
SET, 43.0, 20
SET, 43.1, 13
SET, 43.2, 18
SET, 43.3, 20
SET, 43.4, 14
SET, 43.5, 12
SET, 43.6, 14
SET, 43.7, 10
SET, 43.8, 24
SET, 43.9, 14
SET, 44.0, 17
SET, 44.1, 9
SET, 44.2, 15
SET, 44.3, 14
SET, 44.4, 9
SET, 44.5, 12
SET, 44.6, 10
SET, 44.7, 16
SET, 44.8, 15
SET, 44.9, 15
SET, 45.0, 14
SET, 45.1, 19
SET, 45.2, 15
SET, 45.3, 15
SET, 45.4, 6
SET, 45.5, 27
SET, 45.6, 23
SET, 45.7, 19
SET, 45.8, 35
SET, 45.9, 23
SET, 46.0, 20
SET, 46.1, 21
SET, 46.2, 12
SET, 46.3, 24
SET, 46.4, 31
SET, 46.5, 31
SET, 46.6, 23
SET, 46.7, 18
SET, 46.8, 26
SET, 46.9, 24
SET, 47.0, 19
SET, 47.1, 21
SET, 47.2, 17
SET, 47.3, 21
SET, 47.4, 20
SET, 47.5, 22
SET, 47.6, 21
SET, 47.7, 18
SET, 47.8, 13
SET, 47.9, 16
SET, 48.0, 8
SET, 48.1, 17
SET, 48.2, 20
SET, 48.3, 15
SET, 48.4, 15
SET, 48.5, 10
SET, 48.6, 14
SET, 48.7, 5
SET, 48.8, 15
SET, 48.9, 15
SET, 49.0, 14
SET, 49.1, 16
SET, 49.2, 10
SET, 49.3, 9
SET, 49.4, 10
SET, 49.5, 15
SET, 49.6, 14
SET, 49.7, 14
SET, 49.8, 16
SET, 49.9, 16
SET, 50.0, 13
SET, 50.1, 20
SET, 50.2, 15
SET, 50.3, 7
SET, 50.4, 18
SET, 50.5, 20
SET, 50.6, 15
SET, 50.7, 15
SET, 50.8, 11
SET, 50.9, 15
SET, 51.0, 16
SET, 51.1, 23
SET, 51.2, 9
SET, 51.3, 13
SET, 51.4, 21
SET, 51.5, 17
SET, 51.6, 17
SET, 51.7, 13
SET, 51.8, 16
SET, 51.9, 16
SET, 52.0, 18
SET, 52.1, 23
SET, 52.2, 23
SET, 52.3, 11
SET, 52.4, 15
SET, 52.5, 20
SET, 52.6, 13
SET, 52.7, 17
SET, 52.8, 13
SET, 52.9, 24
SET, 53.0, 21
SET, 53.1, 15
SET, 53.2, 25
SET, 53.3, 23
SET, 53.4, 15
SET, 53.5, 16
SET, 53.6, 21
SET, 53.7, 29
SET, 53.8, 23
SET, 53.9, 12
SET, 54.0, 15
SET, 54.1, 11
SET, 54.2, 16
SET, 54.3, 15
SET, 54.4, 7
SET, 54.5, 18
SET, 54.6, 7
SET, 54.7, 10
SET, 54.8, 16
SET, 54.9, 18
SET, 55.0, 16
SET, 55.1, 12
SET, 55.2, 12
SET, 55.3, 10
SET, 55.4, 9
SET, 55.5, 8
SET, 55.6, 10
SET, 55.7, 11
SET, 55.8, 6
SET, 55.9, 8
SET, 56.0, 6
SET, 56.1, 8
SET, 56.2, 10
SET, 56.3, 11
SET, 56.4, 7
SET, 56.5, 15
SET, 56.6, 11
SET, 56.7, 7
SET, 56.8, 7
SET, 56.9, 3
SET, 57.0, 5
SET, 57.1, 3
SET, 57.2, 3
SET, 57.3, 7
SET, 57.4, 3
SET, 57.5, 6
SET, 57.6, 4
SET, 57.7, 7
SET, 57.8, 6
SET, 57.9, 2
SET, 58.0, 5
SET, 58.1, 2
SET, 58.2, 3
SET, 58.3, 4
SET, 58.4, 3
SET, 58.5, 4
SET, 58.6, 6
SET, 58.7, 3
SET, 58.8, 3
SET, 58.9, 3
SET, 59.0, 9
SET, 59.1, 5
SET, 59.2, 2
SET, 59.3, 6
SET, 59.4, 6
SET, 59.5, 10
SET, 59.6, 7
SET, 59.7, 4
SET, 59.8, 7
SET, 59.9, 7
SET, 60.0, 8
SET, 60.1, 14
SET, 60.2, 13
SET, 60.3, 10
SET, 60.4, 12
SET, 60.5, 2
SET, 60.6, 6
SET, 60.7, 2
SET, 60.8, 6
SET, 60.9, 5
SET, 61.0, 10
SET, 61.1, 9
SET, 61.2, 13
SET, 61.3, 5
SET, 61.4, 8
SET, 61.5, 7
SET, 61.6, 8
SET, 61.7, 9
SET, 61.8, 3
SET, 61.9, 6
SET, 62.0, 8
SET, 62.1, 8
SET, 62.2, 1
SET, 62.3, 3
SET, 62.4, 2
SET, 62.5, 4
SET, 62.6, 1
SET, 62.7, 1
SET, 62.8, 8
SET, 62.9, 1
SET, 63.0, 2
SET, 63.1, 1
SET, 63.2, 1
SET, 63.3, 3
SET, 63.4, 4
SET, 63.5, 0
SET, 63.6, 8
SET, 63.7, 1
SET, 63.8, 3
SET, 63.9, 6
SET, 64.0, 3
SET, 64.1, 5
SET, 64.2, 4
SET, 64.3, 8
SET, 64.4, 2
SET, 64.5, 5
SET, 64.6, 7
SET, 64.7, 5
SET, 64.8, 12
SET, 64.9, 11
SET, 65.0, 10
SET, 65.1, 7
SET, 65.2, 8
SET, 65.3, 8
SET, 65.4, 11
SET, 65.5, 6
SET, 65.6, 6
SET, 65.7, 6
SET, 65.8, 4
SET, 65.9, 3
SET, 66.0, 3
SET, 66.1, 3
SET, 66.2, 1
SET, 66.3, 2
SET, 66.4, 2
SET, 66.5, 1
SET, 66.6, 1
SET, 66.7, 2
SET, 66.8, 2
SET, 66.9, 0
SET, 67.0, 2
SET, 67.1, 1
SET, 67.2, 4
SET, 67.3, 3
SET, 67.4, 0
SET, 67.5, 2
SET, 67.6, 2
SET, 67.7, 1
SET, 67.8, 0
SET, 67.9, 2
SET, 68.0, 1
SET, 68.1, 1
SET, 68.2, 1
SET, 68.3, 5
SET, 68.4, 3
SET, 68.5, 3
SET, 68.6, 3
SET, 68.7, 4
SET, 68.8, 1
SET, 68.9, 0
SET, 69.0, 1
SET, 69.1, 2
SET, 69.2, 6
SET, 69.3, 2
SET, 69.4, 1
SET, 69.5, 3
SET, 69.6, 1
SET, 69.7, 3
SET, 69.8, 1
SET, 69.9, 1
SET, 70.0, 1
SET, 70.1, 0
SET, 70.2, 0
SET, 70.3, 0
SET, 70.4, 0
SET, 70.5, 0
SET, 70.6, 0
SET, 70.7, 0
SET, 70.8, 0
SET, 70.9, 0
SET, 71.0, 0
SET, 71.1, 0
SET, 71.2, 0
SET, 71.3, 0
SET, 71.4, 0
SET, 71.5, 0
SET, 71.6, 1
SET, 71.7, 0
SET, 71.8, 0
SET, 71.9, 0
SET, 72.0, 0
SET, 72.1, 0
SET, 72.2, 0
SET, 72.3, 1
SET, 72.4, 0
SET, 72.5, 1
SET, 72.6, 0
SET, 72.7, 0
SET, 72.8, 0
SET, 72.9, 0
SET, 73.0, 0
SET, 73.1, 0
SET, 73.2, 0
SET, 73.3, 0
SET, 73.4, 1
SET, 73.5, 0
SET, 73.6, 0
SET, 73.7, 0
SET, 73.8, 1
SET, 73.9, 0
SET, 74.0, 0
SET, 74.1, 0
SET, 74.2, 0
SET, 74.3, 0
SET, 74.4, 0
SET, 74.5, 0
SET, 74.6, 0
SET, 74.7, 0
SET, 74.8, 0
SET, 74.9, 0
SET, 75.0, 0
SET, 75.1, 0
SET, 75.2, 0
SET, 75.3, 0
SET, 75.4, 0
SET, 75.5, 0
SET, 75.6, 0
SET, 75.7, 0
SET, 75.8, 0
SET, 75.9, 0
SET, 76.0, 0
SET, 76.1, 0
SET, 76.2, 0
SET, 76.3, 0
SET, 76.4, 0
SET, 76.5, 0
SET, 76.6, 0
SET, 76.7, 0
SET, 76.8, 0
SET, 76.9, 0
SET, 77.0, 0
SET, 77.1, 0
SET, 77.2, 0
SET, 77.3, 0
SET, 77.4, 0
SET, 77.5, 0
SET, 77.6, 0
SET, 77.7, 0
SET, 77.8, 0
SET, 77.9, 0
SET, 78.0, 0
SET, 78.1, 0
SET, 78.2, 0
SET, 78.3, 0
SET, 78.4, 0
SET, 78.5, 0
SET, 78.6, 0
SET, 78.7, 0
SET, 78.8, 0
SET, 78.9, 0
SET, 79.0, 0
SET, 79.1, 0
SET, 79.2, 0
SET, 79.3, 0
SET, 79.4, 0
SET, 79.5, 0
SET, 79.6, 0
SET, 79.7, 0
SET, 79.8, 0
SET, 79.9, 0
SET, 80.0, 0
SET, 80.1, 0
SET, 80.2, 0
SET, 80.3, 0
SET, 80.4, 0
SET, 80.5, 0
SET, 80.6, 0
SET, 80.7, 0
SET, 80.8, 0
SET, 80.9, 0
SET, 81.0, 0
SET, 81.1, 0
SET, 81.2, 0
SET, 81.3, 0
SET, 81.4, 0
SET, 81.5, 0
SET, 81.6, 0
SET, 81.7, 0
SET, 81.8, 0
SET, 81.9, 0
SET, 82.0, 0
SET, 82.1, 0
SET, 82.2, 0
SET, 82.3, 0
SET, 82.4, 0
SET, 82.5, 0
SET, 82.6, 0
SET, 82.7, 0
SET, 82.8, 0
SET, 82.9, 0
SET, 83.0, 0
SET, 83.1, 0
SET, 83.2, 0
SET, 83.3, 0
SET, 83.4, 0
SET, 83.5, 0
SET, 83.6, 0
SET, 83.7, 0
SET, 83.8, 0
SET, 83.9, 0
SET, 84.0, 0
SET, 84.1, 0
SET, 84.2, 0
SET, 84.3, 0
SET, 84.4, 0
SET, 84.5, 0
SET, 84.6, 0
SET, 84.7, 0
SET, 84.8, 0
SET, 84.9, 0
SET, 85.0, 0
SET, 85.1, 0
SET, 85.2, 0
SET, 85.3, 0
SET, 85.4, 0
SET, 85.5, 0
SET, 85.6, 0
SET, 85.7, 0
SET, 85.8, 0
SET, 85.9, 0
SET, 86.0, 0
SET, 86.1, 0
SET, 86.2, 0
SET, 86.3, 0
SET, 86.4, 0
SET, 86.5, 0
SET, 86.6, 0
SET, 86.7, 0
SET, 86.8, 0
SET, 86.9, 0
SET, 87.0, 0
SET, 87.1, 0
SET, 87.2, 0
SET, 87.3, 0
SET, 87.4, 0
SET, 87.5, 0
SET, 87.6, 0
SET, 87.7, 0
SET, 87.8, 0
SET, 87.9, 0
SET, 88.0, 0
SET, 88.1, 0
SET, 88.2, 0
SET, 88.3, 0
SET, 88.4, 0
SET, 88.5, 0
SET, 88.6, 0
SET, 88.7, 0
SET, 88.8, 0
SET, 88.9, 0
SET, 89.0, 0
SET, 89.1, 0
SET, 89.2, 0
SET, 89.3, 0
SET, 89.4, 0
SET, 89.5, 0
SET, 89.6, 0
SET, 89.7, 0
SET, 89.8, 0
SET, 89.9, 0
SET, 90.0, 0
SET, 90.1, 0
SET, 90.2, 0
SET, 90.3, 0
SET, 90.4, 0
SET, 90.5, 0
SET, 90.6, 0
SET, 90.7, 0
SET, 90.8, 0
SET, 90.9, 0
SET, 91.0, 0
SET, 91.1, 0
SET, 91.2, 0
SET, 91.3, 0
SET, 91.4, 0
SET, 91.5, 0
SET, 91.6, 0
SET, 91.7, 0
SET, 91.8, 0
SET, 91.9, 0
SET, 92.0, 0
SET, 92.1, 0
SET, 92.2, 0
SET, 92.3, 0
SET, 92.4, 0
SET, 92.5, 0
SET, 92.6, 0
SET, 92.7, 0
SET, 92.8, 0
SET, 92.9, 0
SET, 93.0, 0
SET, 93.1, 0
SET, 93.2, 0
SET, 93.3, 0
SET, 93.4, 0
SET, 93.5, 0
SET, 93.6, 0
SET, 93.7, 0
SET, 93.8, 0
SET, 93.9, 0
SET, 94.0, 0
SET, 94.1, 0
SET, 94.2, 0
SET, 94.3, 0
SET, 94.4, 0
SET, 94.5, 0
SET, 94.6, 0
SET, 94.7, 0
SET, 94.8, 0
SET, 94.9, 0
SET, 95.0, 0
SET, 95.1, 0
SET, 95.2, 0
SET, 95.3, 0
SET, 95.4, 0
SET, 95.5, 0
SET, 95.6, 0
SET, 95.7, 0
SET, 95.8, 0
SET, 95.9, 0
SET, 96.0, 0
SET, 96.1, 0
SET, 96.2, 0
SET, 96.3, 0
SET, 96.4, 0
SET, 96.5, 0
SET, 96.6, 0
SET, 96.7, 0
SET, 96.8, 0
SET, 96.9, 0
SET, 97.0, 0
SET, 97.1, 0
SET, 97.2, 0
SET, 97.3, 0
SET, 97.4, 0
SET, 97.5, 0
SET, 97.6, 0
SET, 97.7, 0
SET, 97.8, 0
SET, 97.9, 0
SET, 98.0, 0
SET, 98.1, 0
SET, 98.2, 0
SET, 98.3, 0
SET, 98.4, 0
SET, 98.5, 0
SET, 98.6, 0
SET, 98.7, 0
SET, 98.8, 0
SET, 98.9, 0
SET, 99.0, 0
SET, 99.1, 0
SET, 99.2, 0
SET, 99.3, 0
SET, 99.4, 0
SET, 99.5, 0
SET, 99.6, 0
SET, 99.7, 0
SET, 99.8, 0
SET, 99.9, 0
SET, 100.0, 0
SET, 100.1, 0
SET, 100.2, 0
SET, 100.3, 0
SET, 100.4, 0
SET, 100.5, 0
SET, 100.6, 0
SET, 100.7, 0
SET, 100.8, 0
SET, 100.9, 0
SET, 101.0, 0
SET, 101.1, 0
SET, 101.2, 0
SET, 101.3, 0
SET, 101.4, 0
SET, 101.5, 0
SET, 101.6, 0
SET, 101.7, 0
SET, 101.8, 0
SET, 101.9, 0
SET, 102.0, 0
SET, 102.1, 0
SET, 102.2, 0
SET, 102.3, 0
SET, 102.4, 0
SET, 102.5, 0
SET, 102.6, 0
SET, 102.7, 0
SET, 102.8, 0
SET, 102.9, 0
SET, 103.0, 0
SET, 103.1, 0
SET, 103.2, 0
SET, 103.3, 0
SET, 103.4, 0
SET, 103.5, 0
SET, 103.6, 0
SET, 103.7, 0
SET, 103.8, 0
SET, 103.9, 0
SET, 104.0, 0
SET, 104.1, 0
SET, 104.2, 0
SET, 104.3, 0
SET, 104.4, 0
SET, 104.5, 0
SET, 104.6, 0
SET, 104.7, 0
SET, 104.8, 0
SET, 104.9, 0
SET, 105.0, 0
SET, 105.1, 0
SET, 105.2, 0
SET, 105.3, 0
SET, 105.4, 0
SET, 105.5, 0
SET, 105.6, 0
SET, 105.7, 0
SET, 105.8, 0
SET, 105.9, 0
SET, 106.0, 0
SET, 106.1, 0
SET, 106.2, 0
SET, 106.3, 0
SET, 106.4, 0
SET, 106.5, 0
SET, 106.6, 0
SET, 106.7, 0
SET, 106.8, 0
SET, 106.9, 0
SET, 107.0, 0
SET, 107.1, 0
SET, 107.2, 0
SET, 107.3, 0
SET, 107.4, 0
SET, 107.5, 0
SET, 107.6, 0
SET, 107.7, 0
SET, 107.8, 0
SET, 107.9, 0
SET, 108.0, 0
SET, 108.1, 0
SET, 108.2, 0
SET, 108.3, 0
SET, 108.4, 0
SET, 108.5, 0
SET, 108.6, 0
SET, 108.7, 0
SET, 108.8, 0
SET, 108.9, 0
SET, 109.0, 0
SET, 109.1, 0
SET, 109.2, 0
SET, 109.3, 0
SET, 109.4, 0
SET, 109.5, 0
SET, 109.6, 0
SET, 109.7, 0
SET, 109.8, 0
SET, 109.9, 0
SET, 110.0, 0
SET, 110.1, 0
SET, 110.2, 0
SET, 110.3, 0
SET, 110.4, 0
SET, 110.5, 0
SET, 110.6, 0
SET, 110.7, 0
SET, 110.8, 0
SET, 110.9, 0
SET, 111.0, 0
SET, 111.1, 0
SET, 111.2, 0
SET, 111.3, 0
SET, 111.4, 0
SET, 111.5, 0
SET, 111.6, 0
SET, 111.7, 0
SET, 111.8, 0
SET, 111.9, 0
SET, 112.0, 0
SET, 112.1, 0
SET, 112.2, 0
SET, 112.3, 0
SET, 112.4, 0
SET, 112.5, 0
SET, 112.6, 0
SET, 112.7, 0
SET, 112.8, 0
SET, 112.9, 0
SET, 113.0, 0
SET, 113.1, 0
SET, 113.2, 0
SET, 113.3, 0
SET, 113.4, 0
SET, 113.5, 0
SET, 113.6, 0
SET, 113.7, 0
SET, 113.8, 0
SET, 113.9, 0
SET, 114.0, 0
SET, 114.1, 0
SET, 114.2, 0
SET, 114.3, 0
SET, 114.4, 0
SET, 114.5, 0
SET, 114.6, 0
SET, 114.7, 0
SET, 114.8, 0
SET, 114.9, 0
SET, 115.0, 0
SET, 115.1, 0
SET, 115.2, 0
SET, 115.3, 0
SET, 115.4, 0
SET, 115.5, 0
SET, 115.6, 0
SET, 115.7, 0
SET, 115.8, 0
SET, 115.9, 0
SET, 116.0, 0
SET, 116.1, 0
SET, 116.2, 0
SET, 116.3, 0
SET, 116.4, 0
SET, 116.5, 0
SET, 116.6, 0
SET, 116.7, 0
SET, 116.8, 0
SET, 116.9, 0
SET, 117.0, 0
SET, 117.1, 0
SET, 117.2, 0
SET, 117.3, 0
SET, 117.4, 0
SET, 117.5, 0
SET, 117.6, 0
SET, 117.7, 0
SET, 117.8, 0
SET, 117.9, 0
SET, 118.0, 0
SET, 118.1, 0
SET, 118.2, 0
SET, 118.3, 0
SET, 118.4, 0
SET, 118.5, 0
SET, 118.6, 0
SET, 118.7, 0
SET, 118.8, 0
SET, 118.9, 0
SET, 119.0, 0
SET, 119.1, 0
SET, 119.2, 0
SET, 119.3, 0
SET, 119.4, 0
SET, 119.5, 0
SET, 119.6, 0
SET, 119.7, 0
SET, 119.8, 0
SET, 119.9, 0
SET, 120.0, 0
SET, 120.1, 0
SET, 120.2, 0
SET, 120.3, 0
SET, 120.4, 0
SET, 120.5, 0
SET, 120.6, 0
SET, 120.7, 0
SET, 120.8, 0
SET, 120.9, 0
SET, 121.0, 0
SET, 121.1, 0
SET, 121.2, 0
SET, 121.3, 0
SET, 121.4, 0
SET, 121.5, 0
SET, 121.6, 0
SET, 121.7, 0
SET, 121.8, 0
SET, 121.9, 0
SET, 122.0, 0
SET, 122.1, 0
SET, 122.2, 0
SET, 122.3, 0
SET, 122.4, 0
SET, 122.5, 0
SET, 122.6, 0
SET, 122.7, 0
SET, 122.8, 0
SET, 122.9, 0
SET, 123.0, 0
SET, 123.1, 0
SET, 123.2, 0
SET, 123.3, 0
SET, 123.4, 0
SET, 123.5, 0
SET, 123.6, 0
SET, 123.7, 0
SET, 123.8, 0
SET, 123.9, 0
SET, 124.0, 0
SET, 124.1, 0
SET, 124.2, 0
SET, 124.3, 0
SET, 124.4, 0
SET, 124.5, 0
SET, 124.6, 0
SET, 124.7, 0
SET, 124.8, 0
SET, 124.9, 0
SET, 125.0, 0
SET, 125.1, 0
SET, 125.2, 0
SET, 125.3, 0
SET, 125.4, 0
SET, 125.5, 0
SET, 125.6, 0
SET, 125.7, 0
SET, 125.8, 0
SET, 125.9, 0
SET, 126.0, 0
SET, 126.1, 0
SET, 126.2, 0
SET, 126.3, 0
SET, 126.4, 0
SET, 126.5, 0
SET, 126.6, 0
SET, 126.7, 0
SET, 126.8, 0
SET, 126.9, 0
SET, 127.0, 0
SET, 127.1, 0
SET, 127.2, 0
SET, 127.3, 0
SET, 127.4, 0
SET, 127.5, 0
SET, 127.6, 0
SET, 127.7, 0
SET, 127.8, 0
SET, 127.9, 0
SET, 128.0, 0
SET, 128.1, 0
SET, 128.2, 0
SET, 128.3, 0
SET, 128.4, 0
SET, 128.5, 0
SET, 128.6, 0
SET, 128.7, 0
SET, 128.8, 0
SET, 128.9, 0
SET, 129.0, 0
SET, 129.1, 0
SET, 129.2, 0
SET, 129.3, 0
SET, 129.4, 0
SET, 129.5, 0
SET, 129.6, 0
SET, 129.7, 0
SET, 129.8, 0
SET, 129.9, 0
SET, 130.0, 0
SET, 130.1, 0
SET, 130.2, 0
SET, 130.3, 0
SET, 130.4, 0
SET, 130.5, 0
SET, 130.6, 0
SET, 130.7, 0
SET, 130.8, 0
SET, 130.9, 0
SET, 131.0, 0
SET, 131.1, 0
SET, 131.2, 0
SET, 131.3, 0
SET, 131.4, 0
SET, 131.5, 0
SET, 131.6, 0
SET, 131.7, 0
SET, 131.8, 0
SET, 131.9, 0
SET, 132.0, 0
SET, 132.1, 0
SET, 132.2, 0
SET, 132.3, 0
SET, 132.4, 0
SET, 132.5, 0
SET, 132.6, 0
SET, 132.7, 0
SET, 132.8, 0
SET, 132.9, 1
SET, 133.0, 1
SET, 133.1, 0
SET, 133.2, 2
SET, 133.3, 0
SET, 133.4, 1
SET, 133.5, 2
SET, 133.6, 0
SET, 133.7, 2
SET, 133.8, 0
SET, 133.9, 0
SET, 134.0, 0
SET, 134.1, 0
SET, 134.2, 0
SET, 134.3, 0
SET, 134.4, 0
SET, 134.5, 1
SET, 134.6, 0
SET, 134.7, 0
SET, 134.8, 0
SET, 134.9, 0
SET, 135.0, 0
SET, 135.1, 0
SET, 135.2, 0
SET, 135.3, 0
SET, 135.4, 0
SET, 135.5, 0
SET, 135.6, 0
SET, 135.7, 0
SET, 135.8, 0
SET, 135.9, 0
SET, 136.0, 0
SET, 136.1, 0
SET, 136.2, 0
SET, 136.3, 0
SET, 136.4, 0
SET, 136.5, 0
SET, 136.6, 0
SET, 136.7, 0
SET, 136.8, 0
SET, 136.9, 0
SET, 137.0, 0
SET, 137.1, 0
SET, 137.2, 0
SET, 137.3, 0
SET, 137.4, 0
SET, 137.5, 0
SET, 137.6, 0
SET, 137.7, 0
SET, 137.8, 0
SET, 137.9, 0
SET, 138.0, 1
SET, 138.1, 0
SET, 138.2, 0
SET, 138.3, 0
SET, 138.4, 1
SET, 138.5, 1
SET, 138.6, 0
SET, 138.7, 3
SET, 138.8, 0
SET, 138.9, 1
SET, 139.0, 1
SET, 139.1, 3
SET, 139.2, 0
SET, 139.3, 0
SET, 139.4, 0
SET, 139.5, 0
SET, 139.6, 0
SET, 139.7, 0
SET, 139.8, 0
SET, 139.9, 0
SET, 140.0, 0
SET, 140.1, 0
SET, 140.2, 0
SET, 140.3, 0
SET, 140.4, 0
SET, 140.5, 0
SET, 140.6, 0
SET, 140.7, 0
SET, 140.8, 0
SET, 140.9, 0
SET, 141.0, 0
SET, 141.1, 1
SET, 141.2, 0
SET, 141.3, 0
SET, 141.4, 0
SET, 141.5, 0
SET, 141.6, 1
SET, 141.7, 0
SET, 141.8, 1
SET, 141.9, 0
SET, 142.0, 0
SET, 142.1, 0
SET, 142.2, 0
SET, 142.3, 0
SET, 142.4, 0
SET, 142.5, 0
SET, 142.6, 0
SET, 142.7, 0
SET, 142.8, 0
SET, 142.9, 1
SET, 143.0, 0
SET, 143.1, 2
SET, 143.2, 0
SET, 143.3, 0
SET, 143.4, 0
SET, 143.5, 0
SET, 143.6, 1
SET, 143.7, 1
SET, 143.8, 1
SET, 143.9, 1
SET, 144.0, 0
SET, 144.1, 1
SET, 144.2, 0
SET, 144.3, 1
SET, 144.4, 0
SET, 144.5, 0
SET, 144.6, 0
SET, 144.7, 0
SET, 144.8, 0
SET, 144.9, 1
SET, 145.0, 0
SET, 145.1, 0
SET, 145.2, 0
SET, 145.3, 0
SET, 145.4, 0
SET, 145.5, 1
SET, 145.6, 0
SET, 145.7, 0
SET, 145.8, 0
SET, 145.9, 1
SET, 146.0, 0
SET, 146.1, 2
SET, 146.2, 0
SET, 146.3, 0
SET, 146.4, 0
SET, 146.5, 1
SET, 146.6, 0
SET, 146.7, 0
SET, 146.8, 0
SET, 146.9, 0
SET, 147.0, 0
SET, 147.1, 0
SET, 147.2, 0
SET, 147.3, 0
SET, 147.4, 0
SET, 147.5, 0
SET, 147.6, 0
SET, 147.7, 0
SET, 147.8, 0
SET, 147.9, 0
SET, 148.0, 1
SET, 148.1, 0
SET, 148.2, 0
SET, 148.3, 0
SET, 148.4, 1
SET, 148.5, 0
SET, 148.6, 2
SET, 148.7, 0
SET, 148.8, 1
SET, 148.9, 0
SET, 149.0, 0
SET, 149.1, 0
SET, 149.2, 0
SET, 149.3, 2
SET, 149.4, 0
SET, 149.5, 1
SET, 149.6, 0
SET, 149.7, 0
SET, 149.8, 0
SET, 149.9, 0
SET, 150.0, 0
SET, 150.1, 0
SET, 150.2, 1
SET, 150.3, 0
SET, 150.4, 0
SET, 150.5, 0
SET, 150.6, 0
SET, 150.7, 1
SET, 150.8, 0
SET, 150.9, 0
SET, 151.0, 0
SET, 151.1, 0
SET, 151.2, 0
SET, 151.3, 0
SET, 151.4, 0
SET, 151.5, 0
SET, 151.6, 1
SET, 151.7, 0
SET, 151.8, 0
SET, 151.9, 0
SET, 152.0, 0
SET, 152.1, 0
SET, 152.2, 0
SET, 152.3, 0
SET, 152.4, 0
SET, 152.5, 0
SET, 152.6, 0
SET, 152.7, 0
SET, 152.8, 0
SET, 152.9, 0
SET, 153.0, 0
SET, 153.1, 1
SET, 153.2, 0
SET, 153.3, 0
SET, 153.4, 0
SET, 153.5, 0
SET, 153.6, 0
SET, 153.7, 0
SET, 153.8, 0
SET, 153.9, 0
SET, 154.0, 0
SET, 154.1, 0
SET, 154.2, 0
SET, 154.3, 0
SET, 154.4, 0
SET, 154.5, 0
SET, 154.6, 0
SET, 154.7, 0
SET, 154.8, 0
SET, 154.9, 0
SET, 155.0, 0
SET, 155.1, 0
SET, 155.2, 0
SET, 155.3, 0
SET, 155.4, 0
SET, 155.5, 0
SET, 155.6, 0
SET, 155.7, 1
SET, 155.8, 0
SET, 155.9, 0
SET, 156.0, 0
SET, 156.1, 0
SET, 156.2, 0
SET, 156.3, 0
SET, 156.4, 0
SET, 156.5, 0
SET, 156.6, 0
SET, 156.7, 0
SET, 156.8, 0
SET, 156.9, 0
SET, 157.0, 0
SET, 157.1, 0
SET, 157.2, 0
SET, 157.3, 0
SET, 157.4, 0
SET, 157.5, 0
SET, 157.6, 0
SET, 157.7, 0
SET, 157.8, 0
SET, 157.9, 0
SET, 158.0, 0
SET, 158.1, 0
SET, 158.2, 0
SET, 158.3, 0
SET, 158.4, 0
SET, 158.5, 1
SET, 158.6, 0
SET, 158.7, 0
SET, 158.8, 0
SET, 158.9, 0
SET, 159.0, 0
SET, 159.1, 2
SET, 159.2, 0
SET, 159.3, 0
SET, 159.4, 0
SET, 159.5, 1
SET, 159.6, 0
SET, 159.7, 0
SET, 159.8, 0
SET, 159.9, 0
SET, 160.0, 1
SET, 160.1, 0
SET, 160.2, 0
SET, 160.3, 0
SET, 160.4, 0
SET, 160.5, 0
SET, 160.6, 0
SET, 160.7, 1
SET, 160.8, 0
SET, 160.9, 0
SET, 161.0, 0
SET, 161.1, 0
SET, 161.2, 1
SET, 161.3, 0
SET, 161.4, 0
SET, 161.5, 1
SET, 161.6, 0
SET, 161.7, 0
SET, 161.8, 0
SET, 161.9, 0
SET, 162.0, 0
SET, 162.1, 0
SET, 162.2, 0
SET, 162.3, 0
SET, 162.4, 1
SET, 162.5, 0
SET, 162.6, 0
SET, 162.7, 0
SET, 162.8, 0
SET, 162.9, 0
SET, 163.0, 0
SET, 163.1, 0
SET, 163.2, 0
SET, 163.3, 0
SET, 163.4, 1
SET, 163.5, 0
SET, 163.6, 0
SET, 163.7, 1
SET, 163.8, 0
SET, 163.9, 0
SET, 164.0, 0
SET, 164.1, 0
SET, 164.2, 0
SET, 164.3, 0
SET, 164.4, 0
SET, 164.5, 0
SET, 164.6, 0
SET, 164.7, 0
SET, 164.8, 1
SET, 164.9, 1
SET, 165.0, 0
SET, 165.1, 0
SET, 165.2, 0
SET, 165.3, 1
SET, 165.4, 0
SET, 165.5, 0
SET, 165.6, 0
SET, 165.7, 0
SET, 165.8, 0
SET, 165.9, 0
SET, 166.0, 0
SET, 166.1, 0
SET, 166.2, 0
SET, 166.3, 0
SET, 166.4, 0
SET, 166.5, 0
SET, 166.6, 0
SET, 166.7, 0
SET, 166.8, 0
SET, 166.9, 1
SET, 167.0, 0
SET, 167.1, 0
SET, 167.2, 1
SET, 167.3, 0
SET, 167.4, 0
SET, 167.5, 0
SET, 167.6, 0
SET, 167.7, 0
SET, 167.8, 0
SET, 167.9, 0
SET, 168.0, 0
SET, 168.1, 0
SET, 168.2, 0
SET, 168.3, 0
SET, 168.4, 0
SET, 168.5, 0
SET, 168.6, 0
SET, 168.7, 0
SET, 168.8, 0
SET, 168.9, 0
SET, 169.0, 0
SET, 169.1, 0
SET, 169.2, 0
SET, 169.3, 0
SET, 169.4, 0
SET, 169.5, 0
SET, 169.6, 2
SET, 169.7, 0
SET, 169.8, 1
SET, 169.9, 0
SET, 170.0, 0
SET, 170.1, 0
SET, 170.2, 0
SET, 170.3, 0
SET, 170.4, 0
SET, 170.5, 0
SET, 170.6, 0
SET, 170.7, 1
SET, 170.8, 0
SET, 170.9, 0
SET, 171.0, 0
SET, 171.1, 0
SET, 171.2, 0
SET, 171.3, 1
SET, 171.4, 0
SET, 171.5, 0
SET, 171.6, 0
SET, 171.7, 1
SET, 171.8, 0
SET, 171.9, 0
SET, 172.0, 0
SET, 172.1, 0
SET, 172.2, 0
SET, 172.3, 0
SET, 172.4, 0
SET, 172.5, 1
SET, 172.6, 0
SET, 172.7, 0
SET, 172.8, 0
SET, 172.9, 1
SET, 173.0, 0
SET, 173.1, 0
SET, 173.2, 1
SET, 173.3, 0
SET, 173.4, 1
SET, 173.5, 0
SET, 173.6, 1
SET, 173.7, 0
SET, 173.8, 0
SET, 173.9, 1
SET, 174.0, 0
SET, 174.1, 1
SET, 174.2, 0
SET, 174.3, 0
SET, 174.4, 0
SET, 174.5, 0
SET, 174.6, 0
SET, 174.7, 0
SET, 174.8, 0
SET, 174.9, 0
SET, 175.0, 0
SET, 175.1, 0
SET, 175.2, 0
SET, 175.3, 0
SET, 175.4, 0
SET, 175.5, 0
SET, 175.6, 0
SET, 175.7, 0
SET, 175.8, 1
SET, 175.9, 2
SET, 176.0, 0
SET, 176.1, 0
SET, 176.2, 0
SET, 176.3, 1
SET, 176.4, 0
SET, 176.5, 1
SET, 176.6, 0
SET, 176.7, 2
SET, 176.8, 1
SET, 176.9, 0
SET, 177.0, 0
SET, 177.1, 3
SET, 177.2, 0
SET, 177.3, 0
SET, 177.4, 1
SET, 177.5, 0
SET, 177.6, 0
SET, 177.7, 1
SET, 177.8, 0
SET, 177.9, 1
SET, 178.0, 2
SET, 178.1, 0
SET, 178.2, 0
SET, 178.3, 0
SET, 178.4, 1
SET, 178.5, 0
SET, 178.6, 0
SET, 178.7, 1
SET, 178.8, 0
SET, 178.9, 1
SET, 179.0, 0
SET, 179.1, 0
SET, 179.2, 0
SET, 179.3, 0
SET, 179.4, 0
SET, 179.5, 0
SET, 179.6, 0
SET, 179.7, 0
SET, 179.8, 0
SET, 179.9, 0
SET, 180.0, 0
SET, 180.1, 0
SET, 180.2, 0
SET, 180.3, 0
SET, 180.4, 0
SET, 180.5, 1
SET, 180.6, 0
SET, 180.7, 0
SET, 180.8, 0
SET, 180.9, 0
SET, 181.0, 0
SET, 181.1, 0
SET, 181.2, 0
SET, 181.3, 0
SET, 181.4, 0
SET, 181.5, 1
SET, 181.6, 0
SET, 181.7, 1
SET, 181.8, 0
SET, 181.9, 0
SET, 182.0, 0
SET, 182.1, 0
SET, 182.2, 0
SET, 182.3, 1
SET, 182.4, 0
SET, 182.5, 1
SET, 182.6, 0
SET, 182.7, 0
SET, 182.8, 0
SET, 182.9, 0
SET, 183.0, 0
SET, 183.1, 0
SET, 183.2, 0
SET, 183.3, 0
SET, 183.4, 1
SET, 183.5, 0
SET, 183.6, 0
SET, 183.7, 0
SET, 183.8, 0
SET, 183.9, 0
SET, 184.0, 0
SET, 184.1, 0
SET, 184.2, 0
SET, 184.3, 0
SET, 184.4, 0
SET, 184.5, 0
SET, 184.6, 0
SET, 184.7, 0
SET, 184.8, 0
SET, 184.9, 0
SET, 185.0, 0
SET, 185.1, 0
SET, 185.2, 0
SET, 185.3, 0
SET, 185.4, 0
SET, 185.5, 0
SET, 185.6, 0
SET, 185.7, 0
SET, 185.8, 0
SET, 185.9, 0
SET, 186.0, 0
SET, 186.1, 0
SET, 186.2, 0
SET, 186.3, 0
SET, 186.4, 0
SET, 186.5, 0
SET, 186.6, 0
SET, 186.7, 0
SET, 186.8, 0
SET, 186.9, 0
SET, 187.0, 0
SET, 187.1, 0
SET, 187.2, 0
SET, 187.3, 0
SET, 187.4, 0
SET, 187.5, 0
SET, 187.6, 0
SET, 187.7, 0
SET, 187.8, 0
SET, 187.9, 0
SET, 188.0, 0
SET, 188.1, 1
SET, 188.2, 0
SET, 188.3, 0
SET, 188.4, 1
SET, 188.5, 0
SET, 188.6, 0
SET, 188.7, 0
SET, 188.8, 0
SET, 188.9, 0
SET, 189.0, 0
SET, 189.1, 0
SET, 189.2, 0
SET, 189.3, 0
SET, 189.4, 0
SET, 189.5, 0
SET, 189.6, 0
SET, 189.7, 0
SET, 189.8, 1
SET, 189.9, 0
SET, 190.0, 0
SET, 190.1, 0
SET, 190.2, 0
SET, 190.3, 0
SET, 190.4, 0
SET, 190.5, 0
SET, 190.6, 0
SET, 190.7, 0
SET, 190.8, 0
SET, 190.9, 0
SET, 191.0, 0
SET, 191.1, 0
SET, 191.2, 0
SET, 191.3, 0
SET, 191.4, 0
SET, 191.5, 0
SET, 191.6, 1
SET, 191.7, 0
SET, 191.8, 0
SET, 191.9, 0
SET, 192.0, 0
SET, 192.1, 0
SET, 192.2, 0
SET, 192.3, 0
SET, 192.4, 0
SET, 192.5, 0
SET, 192.6, 0
SET, 192.7, 0
SET, 192.8, 0
SET, 192.9, 0
SET, 193.0, 0
SET, 193.1, 0
SET, 193.2, 1
SET, 193.3, 0
SET, 193.4, 0
SET, 193.5, 0
SET, 193.6, 0
SET, 193.7, 0
SET, 193.8, 0
SET, 193.9, 0
SET, 194.0, 0
SET, 194.1, 0
SET, 194.2, 0
SET, 194.3, 0
SET, 194.4, 0
SET, 194.5, 0
SET, 194.6, 0
SET, 194.7, 0
SET, 194.8, 0
SET, 194.9, 0
SET, 195.0, 0
SET, 195.1, 0
SET, 195.2, 0
SET, 195.3, 0
SET, 195.4, 0
SET, 195.5, 0
SET, 195.6, 0
SET, 195.7, 0
SET, 195.8, 0
SET, 195.9, 0
SET, 196.0, 0
SET, 196.1, 0
SET, 196.2, 0
SET, 196.3, 0
SET, 196.4, 0
SET, 196.5, 0
SET, 196.6, 0
SET, 196.7, 0
SET, 196.8, 0
SET, 196.9, 0
SET, 197.0, 0
SET, 197.1, 0
SET, 197.2, 0
SET, 197.3, 0
SET, 197.4, 0
SET, 197.5, 0
SET, 197.6, 0
SET, 197.7, 0
SET, 197.8, 0
SET, 197.9, 0
SET, 198.0, 0
SET, 198.1, 0
SET, 198.2, 0
SET, 198.3, 0
SET, 198.4, 0
SET, 198.5, 0
SET, 198.6, 0
SET, 198.7, 0
SET, 198.8, 0
SET, 198.9, 0
SET, 199.0, 0
SET, 199.1, 0
SET, 199.2, 0
SET, 199.3, 0
SET, 199.4, 0
SET, 199.5, 0
SET, 199.6, 0
SET, 199.7, 0
SET, 199.8, 0
SET, 199.9, 0
SET, 200.0, 0
SET, 200.1, 0
SET, 200.2, 0
SET, 200.3, 0
SET, 200.4, 0
SET, 200.5, 0
SET, 200.6, 0
SET, 200.7, 0
SET, 200.8, 0
SET, 200.9, 0
SET, 201.0, 0
SET, 201.1, 0
SET, 201.2, 0
SET, 201.3, 0
SET, 201.4, 0
SET, 201.5, 0
SET, 201.6, 0
SET, 201.7, 0
SET, 201.8, 0
SET, 201.9, 0
SET, 202.0, 0
SET, 202.1, 0
SET, 202.2, 0
SET, 202.3, 0
SET, 202.4, 0
SET, 202.5, 0
SET, 202.6, 0
SET, 202.7, 0
SET, 202.8, 0
SET, 202.9, 0
SET, 203.0, 0
SET, 203.1, 0
SET, 203.2, 0
SET, 203.3, 0
SET, 203.4, 0
SET, 203.5, 0
SET, 203.6, 0
SET, 203.7, 0
SET, 203.8, 0
SET, 203.9, 0
SET, 204.0, 0
SET, 204.1, 0
SET, 204.2, 0
SET, 204.3, 0
SET, 204.4, 0
SET, 204.5, 0
SET, 204.6, 0
SET, 204.7, 0
SET, 204.8, 0
SET, 204.9, 0
SET, 205.0, 0
SET, 205.1, 0
SET, 205.2, 0
SET, 205.3, 0
SET, 205.4, 0
SET, 205.5, 0
SET, 205.6, 0
SET, 205.7, 0
SET, 205.8, 0
SET, 205.9, 0
SET, 206.0, 0
SET, 206.1, 0
SET, 206.2, 0
SET, 206.3, 0
SET, 206.4, 0
SET, 206.5, 0
SET, 206.6, 0
SET, 206.7, 0
SET, 206.8, 0
SET, 206.9, 0
SET, 207.0, 0
SET, 207.1, 0
SET, 207.2, 0
SET, 207.3, 0
SET, 207.4, 0
SET, 207.5, 0
SET, 207.6, 0
SET, 207.7, 0
SET, 207.8, 0
SET, 207.9, 0
SET, 208.0, 0
SET, 208.1, 0
SET, 208.2, 0
SET, 208.3, 0
SET, 208.4, 0
SET, 208.5, 0
SET, 208.6, 0
SET, 208.7, 0
SET, 208.8, 0
SET, 208.9, 0
SET, 209.0, 0
SET, 209.1, 0
SET, 209.2, 0
SET, 209.3, 0
SET, 209.4, 0
SET, 209.5, 0
SET, 209.6, 0
SET, 209.7, 0
SET, 209.8, 0
SET, 209.9, 0
SET, 210.0, 0
SET, 210.1, 0
SET, 210.2, 0
SET, 210.3, 0
SET, 210.4, 0
SET, 210.5, 0
SET, 210.6, 0
SET, 210.7, 0
SET, 210.8, 0
SET, 210.9, 0
SET, 211.0, 0
SET, 211.1, 0
SET, 211.2, 0
SET, 211.3, 0
SET, 211.4, 0
SET, 211.5, 0
SET, 211.6, 0
SET, 211.7, 0
SET, 211.8, 0
SET, 211.9, 0
SET, 212.0, 0
SET, 212.1, 0
SET, 212.2, 0
SET, 212.3, 0
SET, 212.4, 0
SET, 212.5, 0
SET, 212.6, 0
SET, 212.7, 0
SET, 212.8, 0
SET, 212.9, 0
SET, 213.0, 0
SET, 213.1, 0
SET, 213.2, 0
SET, 213.3, 0
SET, 213.4, 0
SET, 213.5, 0
SET, 213.6, 0
SET, 213.7, 0
SET, 213.8, 0
SET, 213.9, 0
SET, 214.0, 0
SET, 214.1, 0
SET, 214.2, 0
SET, 214.3, 0
SET, 214.4, 0
SET, 214.5, 0
SET, 214.6, 0
SET, 214.7, 0
SET, 214.8, 0
SET, 214.9, 0
SET, 215.0, 0
SET, 215.1, 0
SET, 215.2, 0
SET, 215.3, 0
SET, 215.4, 0
SET, 215.5, 0
SET, 215.6, 0
SET, 215.7, 0
SET, 215.8, 0
SET, 215.9, 0
SET, 216.0, 0
SET, 216.1, 0
SET, 216.2, 0
SET, 216.3, 0
SET, 216.4, 0
SET, 216.5, 0
SET, 216.6, 0
SET, 216.7, 0
SET, 216.8, 0
SET, 216.9, 0
SET, 217.0, 0
SET, 217.1, 0
SET, 217.2, 0
SET, 217.3, 0
SET, 217.4, 0
SET, 217.5, 0
SET, 217.6, 0
SET, 217.7, 0
SET, 217.8, 0
SET, 217.9, 0
SET, 218.0, 0
SET, 218.1, 0
SET, 218.2, 0
SET, 218.3, 0
SET, 218.4, 0
SET, 218.5, 0
SET, 218.6, 0
SET, 218.7, 0
SET, 218.8, 0
SET, 218.9, 0
SET, 219.0, 0
SET, 219.1, 0
SET, 219.2, 0
SET, 219.3, 0
SET, 219.4, 0
SET, 219.5, 0
SET, 219.6, 0
SET, 219.7, 0
SET, 219.8, 0
SET, 219.9, 0
SET, 220.0, 0
SET, 220.1, 0
SET, 220.2, 0
SET, 220.3, 0
SET, 220.4, 0
SET, 220.5, 0
SET, 220.6, 0
SET, 220.7, 0
SET, 220.8, 0
SET, 220.9, 0
SET, 221.0, 0
SET, 221.1, 0
SET, 221.2, 0
SET, 221.3, 4
SET, 221.4, 1
