Elapsed Time, AVG Throughput, AVG Queue Size, AVG Waiting Time, AVG Service Time, AVG Response Time, AVG SET Response Time, AVG GET Response Time, AVG MULTI-GET Response Time, #SETS, #GETS, #MULTIGETS, GET MissRatio, MULTI-GET MissRatio, AVG MULTI-GET Size
 5.00, 1561, 51, 35.923242, 19.039101, 55.199723, 0.000000, 55.199723, 0.000000, 0, 7808, 0, 0.00, 0.00, 0
10.00, 1521, 53, 39.085276, 20.979175, 60.115165, 0.000000, 60.115165, 0.000000, 0, 7607, 0, 0.00, 0.00, 0
15.00, 1529, 53, 38.768382, 20.850651, 59.675349, 0.000000, 59.675349, 0.000000, 0, 7646, 0, 0.00, 0.00, 0
20.00, 1527, 53, 38.862803, 20.914737, 59.844034, 0.000000, 59.844034, 0.000000, 0, 7639, 0, 0.00, 0.00, 0
25.00, 1517, 54, 39.092897, 20.968881, 60.125780, 0.000000, 60.125780, 0.000000, 0, 7587, 0, 0.00, 0.00, 0
30.00, 1529, 53, 38.650292, 20.895498, 59.608780, 0.000000, 59.608780, 0.000000, 0, 7649, 0, 0.00, 0.00, 0
35.00, 1515, 53, 39.114945, 21.055214, 60.220989, 0.000000, 60.220989, 0.000000, 0, 7578, 0, 0.00, 0.00, 0
40.00, 1539, 53, 38.457439, 20.753997, 59.257697, 0.000000, 59.257697, 0.000000, 0, 7695, 0, 0.00, 0.00, 0
45.00, 1495, 53, 39.665483, 21.336131, 61.056019, 0.000000, 61.056019, 0.000000, 0, 7478, 0, 0.00, 0.00, 0
50.00, 1525, 53, 38.787918, 20.879289, 59.735769, 0.000000, 59.735769, 0.000000, 0, 7629, 0, 0.00, 0.00, 0
55.00, 1546, 53, 38.446725, 20.671033, 59.165710, 0.000000, 59.165710, 0.000000, 0, 7731, 0, 0.00, 0.00, 0
60.00, 1548, 53, 38.166375, 20.639117, 58.855886, 0.000000, 58.855886, 0.000000, 0, 7742, 0, 0.00, 0.00, 0
65.00, 1532, 53, 38.697085, 20.811659, 59.572681, 0.000000, 59.572681, 0.000000, 0, 7660, 0, 0.00, 0.00, 0
70.00, 1540, 53, 38.402082, 20.708796, 59.166606, 0.000000, 59.166606, 0.000000, 0, 7701, 0, 0.00, 0.00, 0
70.00, 135, 9, 9.779835, 16.500613, 26.357015, 0.000000, 26.357015, 0.000000, 0, 679, 0, 0.00, 0.00, 0
Type, Interval, Responses
GET, 0.1, 0
GET, 0.2, 0
GET, 0.3, 0
GET, 0.4, 0
GET, 0.5, 5
GET, 0.6, 4
GET, 0.7, 7
GET, 0.8, 4
GET, 0.9, 5
GET, 1.0, 5
GET, 1.1, 5
GET, 1.2, 8
GET, 1.3, 10
GET, 1.4, 0
GET, 1.5, 1
GET, 1.6, 1
GET, 1.7, 3
GET, 1.8, 0
GET, 1.9, 1
GET, 2.0, 1
GET, 2.1, 0
GET, 2.2, 1
GET, 2.3, 3
GET, 2.4, 0
GET, 2.5, 1
GET, 2.6, 2
GET, 2.7, 3
GET, 2.8, 1
GET, 2.9, 2
GET, 3.0, 2
GET, 3.1, 2
GET, 3.2, 6
GET, 3.3, 1
GET, 3.4, 2
GET, 3.5, 2
GET, 3.6, 3
GET, 3.7, 3
GET, 3.8, 0
GET, 3.9, 0
GET, 4.0, 3
GET, 4.1, 1
GET, 4.2, 0
GET, 4.3, 2
GET, 4.4, 2
GET, 4.5, 1
GET, 4.6, 1
GET, 4.7, 3
GET, 4.8, 1
GET, 4.9, 1
GET, 5.0, 0
GET, 5.1, 0
GET, 5.2, 1
GET, 5.3, 2
GET, 5.4, 1
GET, 5.5, 0
GET, 5.6, 2
GET, 5.7, 2
GET, 5.8, 1
GET, 5.9, 1
GET, 6.0, 1
GET, 6.1, 1
GET, 6.2, 2
GET, 6.3, 2
GET, 6.4, 2
GET, 6.5, 5
GET, 6.6, 3
GET, 6.7, 1
GET, 6.8, 2
GET, 6.9, 6
GET, 7.0, 9
GET, 7.1, 8
GET, 7.2, 3
GET, 7.3, 7
GET, 7.4, 5
GET, 7.5, 7
GET, 7.6, 7
GET, 7.7, 6
GET, 7.8, 3
GET, 7.9, 4
GET, 8.0, 2
GET, 8.1, 1
GET, 8.2, 4
GET, 8.3, 2
GET, 8.4, 2
GET, 8.5, 4
GET, 8.6, 8
GET, 8.7, 3
GET, 8.8, 2
GET, 8.9, 7
GET, 9.0, 6
GET, 9.1, 9
GET, 9.2, 7
GET, 9.3, 11
GET, 9.4, 6
GET, 9.5, 7
GET, 9.6, 12
GET, 9.7, 13
GET, 9.8, 8
GET, 9.9, 5
GET, 10.0, 4
GET, 10.1, 10
GET, 10.2, 9
GET, 10.3, 7
GET, 10.4, 8
GET, 10.5, 6
GET, 10.6, 4
GET, 10.7, 11
GET, 10.8, 7
GET, 10.9, 5
GET, 11.0, 5
GET, 11.1, 8
GET, 11.2, 9
GET, 11.3, 4
GET, 11.4, 10
GET, 11.5, 9
GET, 11.6, 5
GET, 11.7, 10
GET, 11.8, 8
GET, 11.9, 6
GET, 12.0, 9
GET, 12.1, 5
GET, 12.2, 4
GET, 12.3, 4
GET, 12.4, 7
GET, 12.5, 6
GET, 12.6, 4
GET, 12.7, 2
GET, 12.8, 7
GET, 12.9, 9
GET, 13.0, 10
GET, 13.1, 9
GET, 13.2, 12
GET, 13.3, 5
GET, 13.4, 8
GET, 13.5, 3
GET, 13.6, 9
GET, 13.7, 3
GET, 13.8, 6
GET, 13.9, 1
GET, 14.0, 0
GET, 14.1, 5
GET, 14.2, 4
GET, 14.3, 2
GET, 14.4, 2
GET, 14.5, 2
GET, 14.6, 8
GET, 14.7, 14
GET, 14.8, 17
GET, 14.9, 18
GET, 15.0, 14
GET, 15.1, 6
GET, 15.2, 12
GET, 15.3, 7
GET, 15.4, 8
GET, 15.5, 5
GET, 15.6, 5
GET, 15.7, 2
GET, 15.8, 2
GET, 15.9, 3
GET, 16.0, 4
GET, 16.1, 6
GET, 16.2, 2
GET, 16.3, 3
GET, 16.4, 4
GET, 16.5, 6
GET, 16.6, 5
GET, 16.7, 7
GET, 16.8, 6
GET, 16.9, 7
GET, 17.0, 6
GET, 17.1, 3
GET, 17.2, 6
GET, 17.3, 10
GET, 17.4, 2
GET, 17.5, 4
GET, 17.6, 5
GET, 17.7, 2
GET, 17.8, 2
GET, 17.9, 0
GET, 18.0, 2
GET, 18.1, 5
GET, 18.2, 2
GET, 18.3, 3
GET, 18.4, 5
GET, 18.5, 6
GET, 18.6, 0
GET, 18.7, 4
GET, 18.8, 4
GET, 18.9, 4
GET, 19.0, 3
GET, 19.1, 5
GET, 19.2, 8
GET, 19.3, 6
GET, 19.4, 4
GET, 19.5, 2
GET, 19.6, 4
GET, 19.7, 2
GET, 19.8, 2
GET, 19.9, 0
GET, 20.0, 3
GET, 20.1, 0
GET, 20.2, 1
GET, 20.3, 4
GET, 20.4, 0
GET, 20.5, 5
GET, 20.6, 5
GET, 20.7, 1
GET, 20.8, 2
GET, 20.9, 3
GET, 21.0, 2
GET, 21.1, 3
GET, 21.2, 2
GET, 21.3, 2
GET, 21.4, 1
GET, 21.5, 3
GET, 21.6, 1
GET, 21.7, 3
GET, 21.8, 0
GET, 21.9, 0
GET, 22.0, 0
GET, 22.1, 0
GET, 22.2, 1
GET, 22.3, 0
GET, 22.4, 1
GET, 22.5, 3
GET, 22.6, 1
GET, 22.7, 0
GET, 22.8, 0
GET, 22.9, 0
GET, 23.0, 0
GET, 23.1, 0
GET, 23.2, 3
GET, 23.3, 2
GET, 23.4, 2
GET, 23.5, 1
GET, 23.6, 1
GET, 23.7, 3
GET, 23.8, 1
GET, 23.9, 1
GET, 24.0, 1
GET, 24.1, 3
GET, 24.2, 1
GET, 24.3, 0
GET, 24.4, 2
GET, 24.5, 3
GET, 24.6, 3
GET, 24.7, 2
GET, 24.8, 3
GET, 24.9, 2
GET, 25.0, 8
GET, 25.1, 6
GET, 25.2, 11
GET, 25.3, 6
GET, 25.4, 7
GET, 25.5, 9
GET, 25.6, 6
GET, 25.7, 9
GET, 25.8, 3
GET, 25.9, 3
GET, 26.0, 2
GET, 26.1, 4
GET, 26.2, 9
GET, 26.3, 4
GET, 26.4, 4
GET, 26.5, 0
GET, 26.6, 4
GET, 26.7, 2
GET, 26.8, 7
GET, 26.9, 1
GET, 27.0, 8
GET, 27.1, 7
GET, 27.2, 5
GET, 27.3, 6
GET, 27.4, 6
GET, 27.5, 8
GET, 27.6, 4
GET, 27.7, 5
GET, 27.8, 3
GET, 27.9, 1
GET, 28.0, 3
GET, 28.1, 2
GET, 28.2, 4
GET, 28.3, 4
GET, 28.4, 5
GET, 28.5, 2
GET, 28.6, 6
GET, 28.7, 7
GET, 28.8, 13
GET, 28.9, 9
GET, 29.0, 12
GET, 29.1, 13
GET, 29.2, 7
GET, 29.3, 9
GET, 29.4, 6
GET, 29.5, 2
GET, 29.6, 1
GET, 29.7, 1
GET, 29.8, 3
GET, 29.9, 8
GET, 30.0, 3
GET, 30.1, 3
GET, 30.2, 8
GET, 30.3, 6
GET, 30.4, 6
GET, 30.5, 11
GET, 30.6, 10
GET, 30.7, 11
GET, 30.8, 16
GET, 30.9, 15
GET, 31.0, 10
GET, 31.1, 15
GET, 31.2, 9
GET, 31.3, 4
GET, 31.4, 7
GET, 31.5, 11
GET, 31.6, 10
GET, 31.7, 5
GET, 31.8, 3
GET, 31.9, 4
GET, 32.0, 9
GET, 32.1, 9
GET, 32.2, 8
GET, 32.3, 6
GET, 32.4, 3
GET, 32.5, 13
GET, 32.6, 13
GET, 32.7, 10
GET, 32.8, 9
GET, 32.9, 4
GET, 33.0, 5
GET, 33.1, 5
GET, 33.2, 4
GET, 33.3, 4
GET, 33.4, 6
GET, 33.5, 6
GET, 33.6, 6
GET, 33.7, 5
GET, 33.8, 3
GET, 33.9, 3
GET, 34.0, 7
GET, 34.1, 6
GET, 34.2, 1
GET, 34.3, 3
GET, 34.4, 7
GET, 34.5, 5
GET, 34.6, 3
GET, 34.7, 6
GET, 34.8, 4
GET, 34.9, 8
GET, 35.0, 1
GET, 35.1, 2
GET, 35.2, 8
GET, 35.3, 8
GET, 35.4, 8
GET, 35.5, 17
GET, 35.6, 7
GET, 35.7, 7
GET, 35.8, 13
GET, 35.9, 7
GET, 36.0, 6
GET, 36.1, 10
GET, 36.2, 13
GET, 36.3, 10
GET, 36.4, 6
GET, 36.5, 8
GET, 36.6, 13
GET, 36.7, 8
GET, 36.8, 6
GET, 36.9, 7
GET, 37.0, 11
GET, 37.1, 7
GET, 37.2, 8
GET, 37.3, 9
GET, 37.4, 12
GET, 37.5, 5
GET, 37.6, 14
GET, 37.7, 14
GET, 37.8, 12
GET, 37.9, 12
GET, 38.0, 12
GET, 38.1, 18
GET, 38.2, 3
GET, 38.3, 4
GET, 38.4, 13
GET, 38.5, 9
GET, 38.6, 3
GET, 38.7, 12
GET, 38.8, 20
GET, 38.9, 22
GET, 39.0, 12
GET, 39.1, 18
GET, 39.2, 44
GET, 39.3, 47
GET, 39.4, 68
GET, 39.5, 73
GET, 39.6, 91
GET, 39.7, 112
GET, 39.8, 118
GET, 39.9, 113
GET, 40.0, 140
GET, 40.1, 151
GET, 40.2, 184
GET, 40.3, 177
GET, 40.4, 212
GET, 40.5, 170
GET, 40.6, 193
GET, 40.7, 181
GET, 40.8, 179
GET, 40.9, 182
GET, 41.0, 217
GET, 41.1, 215
GET, 41.2, 218
GET, 41.3, 196
GET, 41.4, 200
GET, 41.5, 228
GET, 41.6, 214
GET, 41.7, 221
GET, 41.8, 211
GET, 41.9, 161
GET, 42.0, 173
GET, 42.1, 214
GET, 42.2, 210
GET, 42.3, 246
GET, 42.4, 228
GET, 42.5, 223
GET, 42.6, 228
GET, 42.7, 212
GET, 42.8, 170
GET, 42.9, 193
GET, 43.0, 195
GET, 43.1, 218
GET, 43.2, 180
GET, 43.3, 200
GET, 43.4, 234
GET, 43.5, 226
GET, 43.6, 193
GET, 43.7, 216
GET, 43.8, 201
GET, 43.9, 214
GET, 44.0, 208
GET, 44.1, 216
GET, 44.2, 207
GET, 44.3, 228
GET, 44.4, 240
GET, 44.5, 270
GET, 44.6, 297
GET, 44.7, 285
GET, 44.8, 267
GET, 44.9, 218
GET, 45.0, 248
GET, 45.1, 263
GET, 45.2, 262
GET, 45.3, 267
GET, 45.4, 268
GET, 45.5, 277
GET, 45.6, 310
GET, 45.7, 329
GET, 45.8, 353
GET, 45.9, 432
GET, 46.0, 490
GET, 46.1, 600
GET, 46.2, 644
GET, 46.3, 809
GET, 46.4, 814
GET, 46.5, 908
GET, 46.6, 800
GET, 46.7, 649
GET, 46.8, 608
GET, 46.9, 414
GET, 47.0, 338
GET, 47.1, 230
GET, 47.2, 240
GET, 47.3, 232
GET, 47.4, 200
GET, 47.5, 166
GET, 47.6, 171
GET, 47.7, 182
GET, 47.8, 131
GET, 47.9, 122
GET, 48.0, 123
GET, 48.1, 113
GET, 48.2, 91
GET, 48.3, 100
GET, 48.4, 86
GET, 48.5, 91
GET, 48.6, 91
GET, 48.7, 87
GET, 48.8, 83
GET, 48.9, 75
GET, 49.0, 78
GET, 49.1, 85
GET, 49.2, 80
GET, 49.3, 72
GET, 49.4, 73
GET, 49.5, 92
GET, 49.6, 105
GET, 49.7, 92
GET, 49.8, 91
GET, 49.9, 110
GET, 50.0, 91
GET, 50.1, 113
GET, 50.2, 103
GET, 50.3, 102
GET, 50.4, 73
GET, 50.5, 96
GET, 50.6, 78
GET, 50.7, 90
GET, 50.8, 84
GET, 50.9, 83
GET, 51.0, 83
GET, 51.1, 100
GET, 51.2, 94
GET, 51.3, 125
GET, 51.4, 131
GET, 51.5, 106
GET, 51.6, 114
GET, 51.7, 127
GET, 51.8, 108
GET, 51.9, 117
GET, 52.0, 127
GET, 52.1, 114
GET, 52.2, 126
GET, 52.3, 104
GET, 52.4, 85
GET, 52.5, 98
GET, 52.6, 103
GET, 52.7, 115
GET, 52.8, 118
GET, 52.9, 115
GET, 53.0, 113
GET, 53.1, 127
GET, 53.2, 103
GET, 53.3, 142
GET, 53.4, 96
GET, 53.5, 87
GET, 53.6, 110
GET, 53.7, 107
GET, 53.8, 115
GET, 53.9, 119
GET, 54.0, 108
GET, 54.1, 134
GET, 54.2, 161
GET, 54.3, 138
GET, 54.4, 133
GET, 54.5, 136
GET, 54.6, 143
GET, 54.7, 179
GET, 54.8, 205
GET, 54.9, 231
GET, 55.0, 255
GET, 55.1, 341
GET, 55.2, 391
GET, 55.3, 405
GET, 55.4, 435
GET, 55.5, 455
GET, 55.6, 548
GET, 55.7, 587
GET, 55.8, 557
GET, 55.9, 500
GET, 56.0, 576
GET, 56.1, 535
GET, 56.2, 538
GET, 56.3, 561
GET, 56.4, 570
GET, 56.5, 579
GET, 56.6, 670
GET, 56.7, 649
GET, 56.8, 569
GET, 56.9, 607
GET, 57.0, 689
GET, 57.1, 641
GET, 57.2, 651
GET, 57.3, 596
GET, 57.4, 615
GET, 57.5, 586
GET, 57.6, 618
GET, 57.7, 591
GET, 57.8, 617
GET, 57.9, 612
GET, 58.0, 631
GET, 58.1, 695
GET, 58.2, 659
GET, 58.3, 701
GET, 58.4, 605
GET, 58.5, 668
GET, 58.6, 625
GET, 58.7, 589
GET, 58.8, 604
GET, 58.9, 592
GET, 59.0, 590
GET, 59.1, 628
GET, 59.2, 629
GET, 59.3, 575
GET, 59.4, 577
GET, 59.5, 542
GET, 59.6, 569
GET, 59.7, 607
GET, 59.8, 637
GET, 59.9, 638
GET, 60.0, 585
GET, 60.1, 612
GET, 60.2, 603
GET, 60.3, 550
GET, 60.4, 500
GET, 60.5, 536
GET, 60.6, 551
GET, 60.7, 560
GET, 60.8, 510
GET, 60.9, 544
GET, 61.0, 574
GET, 61.1, 620
GET, 61.2, 644
GET, 61.3, 729
GET, 61.4, 927
GET, 61.5, 1128
GET, 61.6, 1304
GET, 61.7, 1637
GET, 61.8, 1782
GET, 61.9, 1747
GET, 62.0, 1585
GET, 62.1, 1274
GET, 62.2, 889
GET, 62.3, 624
GET, 62.4, 429
GET, 62.5, 281
GET, 62.6, 188
GET, 62.7, 159
GET, 62.8, 155
GET, 62.9, 152
GET, 63.0, 128
GET, 63.1, 138
GET, 63.2, 121
GET, 63.3, 118
GET, 63.4, 109
GET, 63.5, 97
GET, 63.6, 109
GET, 63.7, 94
GET, 63.8, 121
GET, 63.9, 110
GET, 64.0, 85
GET, 64.1, 117
GET, 64.2, 111
GET, 64.3, 107
GET, 64.4, 133
GET, 64.5, 103
GET, 64.6, 127
GET, 64.7, 125
GET, 64.8, 138
GET, 64.9, 145
GET, 65.0, 167
GET, 65.1, 141
GET, 65.2, 135
GET, 65.3, 99
GET, 65.4, 120
GET, 65.5, 130
GET, 65.6, 119
GET, 65.7, 134
GET, 65.8, 116
GET, 65.9, 101
GET, 66.0, 97
GET, 66.1, 118
GET, 66.2, 107
GET, 66.3, 127
GET, 66.4, 119
GET, 66.5, 90
GET, 66.6, 117
GET, 66.7, 84
GET, 66.8, 108
GET, 66.9, 84
GET, 67.0, 90
GET, 67.1, 93
GET, 67.2, 96
GET, 67.3, 86
GET, 67.4, 83
GET, 67.5, 80
GET, 67.6, 85
GET, 67.7, 94
GET, 67.8, 81
GET, 67.9, 75
GET, 68.0, 60
GET, 68.1, 69
GET, 68.2, 80
GET, 68.3, 76
GET, 68.4, 65
GET, 68.5, 45
GET, 68.6, 59
GET, 68.7, 51
GET, 68.8, 51
GET, 68.9, 62
GET, 69.0, 55
GET, 69.1, 46
GET, 69.2, 41
GET, 69.3, 49
GET, 69.4, 44
GET, 69.5, 39
GET, 69.6, 36
GET, 69.7, 46
GET, 69.8, 35
GET, 69.9, 42
GET, 70.0, 38
GET, 70.1, 31
GET, 70.2, 42
GET, 70.3, 54
GET, 70.4, 72
GET, 70.5, 90
GET, 70.6, 78
GET, 70.7, 93
GET, 70.8, 94
GET, 70.9, 110
GET, 71.0, 101
GET, 71.1, 107
GET, 71.2, 105
GET, 71.3, 138
GET, 71.4, 113
GET, 71.5, 118
GET, 71.6, 123
GET, 71.7, 109
GET, 71.8, 118
GET, 71.9, 123
GET, 72.0, 118
GET, 72.1, 104
GET, 72.2, 128
GET, 72.3, 134
GET, 72.4, 109
GET, 72.5, 118
GET, 72.6, 120
GET, 72.7, 108
GET, 72.8, 122
GET, 72.9, 135
GET, 73.0, 132
GET, 73.1, 112
GET, 73.2, 115
GET, 73.3, 112
GET, 73.4, 100
GET, 73.5, 125
GET, 73.6, 109
GET, 73.7, 106
GET, 73.8, 111
GET, 73.9, 114
GET, 74.0, 118
GET, 74.1, 125
GET, 74.2, 100
GET, 74.3, 101
GET, 74.4, 109
GET, 74.5, 133
GET, 74.6, 127
GET, 74.7, 112
GET, 74.8, 116
GET, 74.9, 130
GET, 75.0, 129
GET, 75.1, 104
GET, 75.2, 134
GET, 75.3, 133
GET, 75.4, 160
GET, 75.5, 120
GET, 75.6, 141
GET, 75.7, 115
GET, 75.8, 113
GET, 75.9, 131
GET, 76.0, 127
GET, 76.1, 119
GET, 76.2, 111
GET, 76.3, 126
GET, 76.4, 115
GET, 76.5, 133
GET, 76.6, 150
GET, 76.7, 132
GET, 76.8, 146
GET, 76.9, 176
GET, 77.0, 205
GET, 77.1, 231
GET, 77.2, 261
GET, 77.3, 304
GET, 77.4, 313
GET, 77.5, 299
GET, 77.6, 261
GET, 77.7, 207
GET, 77.8, 141
GET, 77.9, 103
GET, 78.0, 71
GET, 78.1, 65
GET, 78.2, 53
GET, 78.3, 51
GET, 78.4, 44
GET, 78.5, 43
GET, 78.6, 37
GET, 78.7, 26
GET, 78.8, 35
GET, 78.9, 41
GET, 79.0, 28
GET, 79.1, 26
GET, 79.2, 38
GET, 79.3, 37
GET, 79.4, 34
GET, 79.5, 39
GET, 79.6, 39
GET, 79.7, 23
GET, 79.8, 28
GET, 79.9, 22
GET, 80.0, 31
GET, 80.1, 34
GET, 80.2, 26
GET, 80.3, 31
GET, 80.4, 35
GET, 80.5, 35
GET, 80.6, 36
GET, 80.7, 24
GET, 80.8, 22
GET, 80.9, 32
GET, 81.0, 22
GET, 81.1, 30
GET, 81.2, 32
GET, 81.3, 24
GET, 81.4, 30
GET, 81.5, 36
GET, 81.6, 31
GET, 81.7, 31
GET, 81.8, 27
GET, 81.9, 26
GET, 82.0, 30
GET, 82.1, 25
GET, 82.2, 25
GET, 82.3, 27
GET, 82.4, 22
GET, 82.5, 18
GET, 82.6, 29
GET, 82.7, 29
GET, 82.8, 24
GET, 82.9, 27
GET, 83.0, 24
GET, 83.1, 23
GET, 83.2, 18
GET, 83.3, 18
GET, 83.4, 33
GET, 83.5, 27
GET, 83.6, 20
GET, 83.7, 18
GET, 83.8, 16
GET, 83.9, 18
GET, 84.0, 26
GET, 84.1, 9
GET, 84.2, 13
GET, 84.3, 15
GET, 84.4, 6
GET, 84.5, 9
GET, 84.6, 13
GET, 84.7, 12
GET, 84.8, 14
GET, 84.9, 19
GET, 85.0, 8
GET, 85.1, 11
GET, 85.2, 10
GET, 85.3, 9
GET, 85.4, 17
GET, 85.5, 8
GET, 85.6, 13
GET, 85.7, 7
GET, 85.8, 10
GET, 85.9, 9
GET, 86.0, 12
GET, 86.1, 10
GET, 86.2, 10
GET, 86.3, 18
GET, 86.4, 21
GET, 86.5, 14
GET, 86.6, 32
GET, 86.7, 42
GET, 86.8, 29
GET, 86.9, 31
GET, 87.0, 36
GET, 87.1, 34
GET, 87.2, 41
GET, 87.3, 42
GET, 87.4, 24
GET, 87.5, 31
GET, 87.6, 28
GET, 87.7, 29
GET, 87.8, 33
GET, 87.9, 26
GET, 88.0, 34
GET, 88.1, 30
GET, 88.2, 31
GET, 88.3, 25
GET, 88.4, 26
GET, 88.5, 34
GET, 88.6, 27
GET, 88.7, 24
GET, 88.8, 29
GET, 88.9, 34
GET, 89.0, 33
GET, 89.1, 42
GET, 89.2, 37
GET, 89.3, 32
GET, 89.4, 32
GET, 89.5, 31
GET, 89.6, 20
GET, 89.7, 23
GET, 89.8, 29
GET, 89.9, 41
GET, 90.0, 32
GET, 90.1, 18
GET, 90.2, 30
GET, 90.3, 23
GET, 90.4, 22
GET, 90.5, 23
GET, 90.6, 18
GET, 90.7, 25
GET, 90.8, 31
GET, 90.9, 30
GET, 91.0, 37
GET, 91.1, 33
GET, 91.2, 22
GET, 91.3, 25
GET, 91.4, 27
GET, 91.5, 36
GET, 91.6, 30
GET, 91.7, 35
GET, 91.8, 24
GET, 91.9, 28
GET, 92.0, 37
GET, 92.1, 31
GET, 92.2, 31
GET, 92.3, 28
GET, 92.4, 34
GET, 92.5, 35
GET, 92.6, 50
GET, 92.7, 56
GET, 92.8, 77
GET, 92.9, 67
GET, 93.0, 88
GET, 93.1, 89
GET, 93.2, 86
GET, 93.3, 64
GET, 93.4, 54
GET, 93.5, 45
GET, 93.6, 34
GET, 93.7, 21
GET, 93.8, 11
GET, 93.9, 14
GET, 94.0, 9
GET, 94.1, 7
GET, 94.2, 3
GET, 94.3, 12
GET, 94.4, 16
GET, 94.5, 12
GET, 94.6, 14
GET, 94.7, 10
GET, 94.8, 14
GET, 94.9, 10
GET, 95.0, 12
GET, 95.1, 6
GET, 95.2, 12
GET, 95.3, 7
GET, 95.4, 8
GET, 95.5, 8
GET, 95.6, 10
GET, 95.7, 11
GET, 95.8, 7
GET, 95.9, 6
GET, 96.0, 16
GET, 96.1, 17
GET, 96.2, 3
GET, 96.3, 10
GET, 96.4, 6
GET, 96.5, 8
GET, 96.6, 14
GET, 96.7, 5
GET, 96.8, 11
GET, 96.9, 6
GET, 97.0, 6
GET, 97.1, 6
GET, 97.2, 4
GET, 97.3, 9
GET, 97.4, 15
GET, 97.5, 8
GET, 97.6, 3
GET, 97.7, 5
GET, 97.8, 3
GET, 97.9, 5
GET, 98.0, 6
GET, 98.1, 4
GET, 98.2, 2
GET, 98.3, 7
GET, 98.4, 8
GET, 98.5, 9
GET, 98.6, 10
GET, 98.7, 5
GET, 98.8, 3
GET, 98.9, 7
GET, 99.0, 3
GET, 99.1, 11
GET, 99.2, 5
GET, 99.3, 4
GET, 99.4, 5
GET, 99.5, 8
GET, 99.6, 6
GET, 99.7, 6
GET, 99.8, 7
GET, 99.9, 4
GET, 100.0, 5
GET, 100.1, 4
GET, 100.2, 4
GET, 100.3, 1
GET, 100.4, 0
GET, 100.5, 2
GET, 100.6, 3
GET, 100.7, 3
GET, 100.8, 4
GET, 100.9, 6
GET, 101.0, 2
GET, 101.1, 2
GET, 101.2, 3
GET, 101.3, 3
GET, 101.4, 3
GET, 101.5, 2
GET, 101.6, 5
GET, 101.7, 9
GET, 101.8, 8
GET, 101.9, 13
GET, 102.0, 5
GET, 102.1, 5
GET, 102.2, 1
GET, 102.3, 3
GET, 102.4, 2
GET, 102.5, 3
GET, 102.6, 10
GET, 102.7, 15
GET, 102.8, 14
GET, 102.9, 12
GET, 103.0, 4
GET, 103.1, 8
GET, 103.2, 18
GET, 103.3, 16
GET, 103.4, 14
GET, 103.5, 11
GET, 103.6, 13
GET, 103.7, 15
GET, 103.8, 7
GET, 103.9, 5
GET, 104.0, 10
GET, 104.1, 10
GET, 104.2, 11
GET, 104.3, 9
GET, 104.4, 9
GET, 104.5, 9
GET, 104.6, 14
GET, 104.7, 10
GET, 104.8, 7
GET, 104.9, 8
GET, 105.0, 13
GET, 105.1, 12
GET, 105.2, 6
GET, 105.3, 8
GET, 105.4, 15
GET, 105.5, 15
GET, 105.6, 12
GET, 105.7, 12
GET, 105.8, 11
GET, 105.9, 7
GET, 106.0, 13
GET, 106.1, 6
GET, 106.2, 10
GET, 106.3, 13
GET, 106.4, 12
GET, 106.5, 6
GET, 106.6, 6
GET, 106.7, 4
GET, 106.8, 7
GET, 106.9, 5
GET, 107.0, 9
GET, 107.1, 7
GET, 107.2, 15
GET, 107.3, 11
GET, 107.4, 15
GET, 107.5, 9
GET, 107.6, 11
GET, 107.7, 11
GET, 107.8, 14
GET, 107.9, 11
GET, 108.0, 12
GET, 108.1, 17
GET, 108.2, 20
GET, 108.3, 15
GET, 108.4, 17
GET, 108.5, 24
GET, 108.6, 20
GET, 108.7, 22
GET, 108.8, 22
GET, 108.9, 22
GET, 109.0, 11
GET, 109.1, 11
GET, 109.2, 5
GET, 109.3, 7
GET, 109.4, 1
GET, 109.5, 6
GET, 109.6, 2
GET, 109.7, 3
GET, 109.8, 4
GET, 109.9, 4
GET, 110.0, 3
GET, 110.1, 9
GET, 110.2, 0
GET, 110.3, 3
GET, 110.4, 3
GET, 110.5, 5
GET, 110.6, 2
GET, 110.7, 3
GET, 110.8, 3
GET, 110.9, 4
GET, 111.0, 2
GET, 111.1, 1
GET, 111.2, 1
GET, 111.3, 1
GET, 111.4, 0
GET, 111.5, 2
GET, 111.6, 2
GET, 111.7, 1
GET, 111.8, 5
GET, 111.9, 1
GET, 112.0, 1
GET, 112.1, 2
GET, 112.2, 0
GET, 112.3, 1
GET, 112.4, 3
GET, 112.5, 2
GET, 112.6, 2
GET, 112.7, 4
GET, 112.8, 2
GET, 112.9, 6
GET, 113.0, 7
GET, 113.1, 2
GET, 113.2, 5
GET, 113.3, 0
GET, 113.4, 6
GET, 113.5, 2
GET, 113.6, 3
GET, 113.7, 3
GET, 113.8, 3
GET, 113.9, 1
GET, 114.0, 3
GET, 114.1, 3
GET, 114.2, 3
GET, 114.3, 6
GET, 114.4, 0
GET, 114.5, 1
GET, 114.6, 3
GET, 114.7, 1
GET, 114.8, 1
GET, 114.9, 5
GET, 115.0, 6
GET, 115.1, 4
GET, 115.2, 5
GET, 115.3, 2
GET, 115.4, 0
GET, 115.5, 3
GET, 115.6, 1
GET, 115.7, 3
GET, 115.8, 0
GET, 115.9, 3
GET, 116.0, 3
GET, 116.1, 2
GET, 116.2, 4
GET, 116.3, 0
GET, 116.4, 0
GET, 116.5, 0
GET, 116.6, 1
GET, 116.7, 0
GET, 116.8, 1
GET, 116.9, 1
GET, 117.0, 0
GET, 117.1, 1
GET, 117.2, 0
GET, 117.3, 2
GET, 117.4, 3
GET, 117.5, 9
GET, 117.6, 2
GET, 117.7, 3
GET, 117.8, 0
GET, 117.9, 2
GET, 118.0, 1
GET, 118.1, 1
GET, 118.2, 2
GET, 118.3, 2
GET, 118.4, 6
GET, 118.5, 3
GET, 118.6, 4
GET, 118.7, 8
GET, 118.8, 2
GET, 118.9, 0
GET, 119.0, 1
GET, 119.1, 3
GET, 119.2, 4
GET, 119.3, 5
GET, 119.4, 7
GET, 119.5, 9
GET, 119.6, 11
GET, 119.7, 10
GET, 119.8, 4
GET, 119.9, 7
GET, 120.0, 3
GET, 120.1, 2
GET, 120.2, 3
GET, 120.3, 1
GET, 120.4, 4
GET, 120.5, 3
GET, 120.6, 8
GET, 120.7, 6
GET, 120.8, 7
GET, 120.9, 15
GET, 121.0, 2
GET, 121.1, 6
GET, 121.2, 4
GET, 121.3, 4
GET, 121.4, 1
GET, 121.5, 4
GET, 121.6, 7
GET, 121.7, 7
GET, 121.8, 2
GET, 121.9, 7
GET, 122.0, 7
GET, 122.1, 0
GET, 122.2, 7
GET, 122.3, 4
GET, 122.4, 10
GET, 122.5, 6
GET, 122.6, 5
GET, 122.7, 14
GET, 122.8, 3
GET, 122.9, 6
GET, 123.0, 2
GET, 123.1, 3
GET, 123.2, 8
GET, 123.3, 3
GET, 123.4, 6
GET, 123.5, 5
GET, 123.6, 5
GET, 123.7, 10
GET, 123.8, 5
GET, 123.9, 1
GET, 124.0, 16
GET, 124.1, 13
GET, 124.2, 11
GET, 124.3, 13
GET, 124.4, 6
GET, 124.5, 6
GET, 124.6, 6
GET, 124.7, 10
GET, 124.8, 3
GET, 124.9, 6
GET, 125.0, 1
GET, 125.1, 2
GET, 125.2, 1
GET, 125.3, 0
GET, 125.4, 2
GET, 125.5, 2
GET, 125.6, 2
GET, 125.7, 0
GET, 125.8, 3
GET, 125.9, 2
GET, 126.0, 3
GET, 126.1, 2
GET, 126.2, 1
GET, 126.3, 1
GET, 126.4, 0
GET, 126.5, 0
GET, 126.6, 0
GET, 126.7, 2
GET, 126.8, 7
GET, 126.9, 2
GET, 127.0, 4
GET, 127.1, 2
GET, 127.2, 1
GET, 127.3, 1
GET, 127.4, 3
GET, 127.5, 0
GET, 127.6, 0
GET, 127.7, 0
GET, 127.8, 1
GET, 127.9, 1
GET, 128.0, 1
GET, 128.1, 3
GET, 128.2, 0
GET, 128.3, 0
GET, 128.4, 0
GET, 128.5, 0
GET, 128.6, 2
GET, 128.7, 0
GET, 128.8, 1
GET, 128.9, 0
GET, 129.0, 1
GET, 129.1, 2
GET, 129.2, 1
GET, 129.3, 6
GET, 129.4, 1
GET, 129.5, 1
GET, 129.6, 2
GET, 129.7, 4
GET, 129.8, 1
GET, 129.9, 2
GET, 130.0, 0
GET, 130.1, 2
GET, 130.2, 2
GET, 130.3, 0
GET, 130.4, 0
GET, 130.5, 3
GET, 130.6, 2
GET, 130.7, 2
GET, 130.8, 1
GET, 130.9, 0
GET, 131.0, 0
GET, 131.1, 0
GET, 131.2, 1
GET, 131.3, 0
GET, 131.4, 0
GET, 131.5, 2
GET, 131.6, 2
GET, 131.7, 0
GET, 131.8, 0
GET, 131.9, 0
GET, 132.0, 0
GET, 132.1, 1
GET, 132.2, 0
GET, 132.3, 0
GET, 132.4, 1
GET, 132.5, 3
GET, 132.6, 1
GET, 132.7, 2
GET, 132.8, 0
GET, 132.9, 2
GET, 133.0, 0
GET, 133.1, 1
GET, 133.2, 2
GET, 133.3, 1
GET, 133.4, 1
GET, 133.5, 0
GET, 133.6, 0
GET, 133.7, 2
GET, 133.8, 1
GET, 133.9, 0
GET, 134.0, 1
GET, 134.1, 2
GET, 134.2, 0
GET, 134.3, 2
GET, 134.4, 0
GET, 134.5, 0
GET, 134.6, 1
GET, 134.7, 2
GET, 134.8, 3
GET, 134.9, 2
GET, 135.0, 1
GET, 135.1, 1
GET, 135.2, 4
GET, 135.3, 1
GET, 135.4, 3
GET, 135.5, 0
GET, 135.6, 4
GET, 135.7, 0
GET, 135.8, 1
GET, 135.9, 1
GET, 136.0, 0
GET, 136.1, 1
GET, 136.2, 1
GET, 136.3, 3
GET, 136.4, 4
GET, 136.5, 2
GET, 136.6, 3
GET, 136.7, 1
GET, 136.8, 1
GET, 136.9, 1
GET, 137.0, 0
GET, 137.1, 2
GET, 137.2, 0
GET, 137.3, 4
GET, 137.4, 2
GET, 137.5, 2
GET, 137.6, 3
GET, 137.7, 3
GET, 137.8, 1
GET, 137.9, 2
GET, 138.0, 0
GET, 138.1, 3
GET, 138.2, 1
GET, 138.3, 0
GET, 138.4, 1
GET, 138.5, 1
GET, 138.6, 1
GET, 138.7, 0
GET, 138.8, 2
GET, 138.9, 1
GET, 139.0, 0
GET, 139.1, 7
GET, 139.2, 3
GET, 139.3, 2
GET, 139.4, 6
GET, 139.5, 4
GET, 139.6, 6
GET, 139.7, 1
GET, 139.8, 4
GET, 139.9, 9
GET, 140.0, 6
GET, 140.1, 4
GET, 140.2, 6
GET, 140.3, 3
GET, 140.4, 1
GET, 140.5, 1
GET, 140.6, 3
GET, 140.7, 2
GET, 140.8, 0
GET, 140.9, 1
GET, 141.0, 1
GET, 141.1, 6
GET, 141.2, 1
GET, 141.3, 0
GET, 141.4, 0
GET, 141.5, 1
GET, 141.6, 1
GET, 141.7, 1
GET, 141.8, 0
GET, 141.9, 1
GET, 142.0, 0
GET, 142.1, 0
GET, 142.2, 1
GET, 142.3, 3
GET, 142.4, 0
GET, 142.5, 0
GET, 142.6, 1
GET, 142.7, 0
GET, 142.8, 0
GET, 142.9, 1
GET, 143.0, 0
GET, 143.1, 1
GET, 143.2, 0
GET, 143.3, 0
GET, 143.4, 0
GET, 143.5, 0
GET, 143.6, 0
GET, 143.7, 0
GET, 143.8, 3
GET, 143.9, 2
GET, 144.0, 1
GET, 144.1, 0
GET, 144.2, 1
GET, 144.3, 0
GET, 144.4, 0
GET, 144.5, 0
GET, 144.6, 0
GET, 144.7, 0
GET, 144.8, 1
GET, 144.9, 1
GET, 145.0, 1
GET, 145.1, 1
GET, 145.2, 1
GET, 145.3, 2
GET, 145.4, 0
GET, 145.5, 0
GET, 145.6, 0
GET, 145.7, 2
GET, 145.8, 0
GET, 145.9, 0
GET, 146.0, 0
GET, 146.1, 1
GET, 146.2, 0
GET, 146.3, 0
GET, 146.4, 0
GET, 146.5, 0
GET, 146.6, 0
GET, 146.7, 0
GET, 146.8, 0
GET, 146.9, 0
GET, 147.0, 0
GET, 147.1, 1
GET, 147.2, 0
GET, 147.3, 0
GET, 147.4, 0
GET, 147.5, 0
GET, 147.6, 0
GET, 147.7, 0
GET, 147.8, 1
GET, 147.9, 0
GET, 148.0, 0
GET, 148.1, 1
GET, 148.2, 0
GET, 148.3, 0
GET, 148.4, 0
GET, 148.5, 0
GET, 148.6, 0
GET, 148.7, 1
GET, 148.8, 1
GET, 148.9, 1
GET, 149.0, 0
GET, 149.1, 0
GET, 149.2, 0
GET, 149.3, 0
GET, 149.4, 1
GET, 149.5, 0
GET, 149.6, 0
GET, 149.7, 0
GET, 149.8, 0
GET, 149.9, 1
GET, 150.0, 0
GET, 150.1, 0
GET, 150.2, 0
GET, 150.3, 0
GET, 150.4, 0
GET, 150.5, 0
GET, 150.6, 1
GET, 150.7, 0
GET, 150.8, 0
GET, 150.9, 0
GET, 151.0, 0
GET, 151.1, 0
GET, 151.2, 0
GET, 151.3, 0
GET, 151.4, 0
GET, 151.5, 1
GET, 151.6, 0
GET, 151.7, 1
GET, 151.8, 0
GET, 151.9, 0
GET, 152.0, 0
GET, 152.1, 1
GET, 152.2, 0
GET, 152.3, 0
GET, 152.4, 1
GET, 152.5, 0
GET, 152.6, 1
GET, 152.7, 0
GET, 152.8, 2
GET, 152.9, 1
GET, 153.0, 0
GET, 153.1, 0
GET, 153.2, 2
GET, 153.3, 2
GET, 153.4, 2
GET, 153.5, 2
GET, 153.6, 1
GET, 153.7, 0
GET, 153.8, 0
GET, 153.9, 1
GET, 154.0, 0
GET, 154.1, 3
GET, 154.2, 0
GET, 154.3, 0
GET, 154.4, 0
GET, 154.5, 0
GET, 154.6, 0
GET, 154.7, 0
GET, 154.8, 0
GET, 154.9, 0
GET, 155.0, 0
GET, 155.1, 0
GET, 155.2, 0
GET, 155.3, 1
GET, 155.4, 0
GET, 155.5, 2
GET, 155.6, 3
GET, 155.7, 7
GET, 155.8, 1
GET, 155.9, 5
GET, 156.0, 0
GET, 156.1, 2
GET, 156.2, 0
GET, 156.3, 0
GET, 156.4, 0
GET, 156.5, 1
GET, 156.6, 2
GET, 156.7, 0
GET, 156.8, 0
GET, 156.9, 0
GET, 157.0, 0
GET, 157.1, 0
GET, 157.2, 0
GET, 157.3, 1
GET, 157.4, 0
GET, 157.5, 0
GET, 157.6, 0
GET, 157.7, 0
GET, 157.8, 0
GET, 157.9, 0
GET, 158.0, 0
GET, 158.1, 1
GET, 158.2, 0
GET, 158.3, 0
GET, 158.4, 0
GET, 158.5, 0
GET, 158.6, 3
GET, 158.7, 0
GET, 158.8, 0
GET, 158.9, 2
GET, 159.0, 1
GET, 159.1, 1
GET, 159.2, 0
GET, 159.3, 0
GET, 159.4, 0
GET, 159.5, 1
GET, 159.6, 0
GET, 159.7, 0
GET, 159.8, 0
GET, 159.9, 0
GET, 160.0, 0
GET, 160.1, 0
GET, 160.2, 1
GET, 160.3, 0
GET, 160.4, 0
GET, 160.5, 0
GET, 160.6, 0
GET, 160.7, 0
GET, 160.8, 0
GET, 160.9, 0
GET, 161.0, 0
GET, 161.1, 0
GET, 161.2, 0
GET, 161.3, 0
GET, 161.4, 0
GET, 161.5, 0
GET, 161.6, 0
GET, 161.7, 0
GET, 161.8, 0
GET, 161.9, 0
GET, 162.0, 0
GET, 162.1, 0
GET, 162.2, 0
GET, 162.3, 1
GET, 162.4, 0
GET, 162.5, 0
GET, 162.6, 0
GET, 162.7, 0
GET, 162.8, 1
GET, 162.9, 0
GET, 163.0, 0
GET, 163.1, 0
GET, 163.2, 0
GET, 163.3, 0
GET, 163.4, 0
GET, 163.5, 2
GET, 163.6, 0
GET, 163.7, 0
GET, 163.8, 0
GET, 163.9, 0
GET, 164.0, 0
GET, 164.1, 0
GET, 164.2, 0
GET, 164.3, 0
GET, 164.4, 0
GET, 164.5, 4
GET, 164.6, 0
GET, 164.7, 0
GET, 164.8, 1
GET, 164.9, 1
GET, 165.0, 2
GET, 165.1, 0
GET, 165.2, 0
GET, 165.3, 1
GET, 165.4, 3
GET, 165.5, 4
GET, 165.6, 1
GET, 165.7, 0
GET, 165.8, 0
GET, 165.9, 0
GET, 166.0, 1
GET, 166.1, 3
GET, 166.2, 1
GET, 166.3, 1
GET, 166.4, 2
GET, 166.5, 1
GET, 166.6, 1
GET, 166.7, 0
GET, 166.8, 0
GET, 166.9, 0
GET, 167.0, 1
GET, 167.1, 0
GET, 167.2, 1
GET, 167.3, 1
GET, 167.4, 4
GET, 167.5, 1
GET, 167.6, 2
GET, 167.7, 1
GET, 167.8, 0
GET, 167.9, 1
GET, 168.0, 0
GET, 168.1, 1
GET, 168.2, 0
GET, 168.3, 0
GET, 168.4, 0
GET, 168.5, 0
GET, 168.6, 0
GET, 168.7, 0
GET, 168.8, 0
GET, 168.9, 0
GET, 169.0, 0
GET, 169.1, 1
GET, 169.2, 0
GET, 169.3, 0
GET, 169.4, 0
GET, 169.5, 2
GET, 169.6, 0
GET, 169.7, 0
GET, 169.8, 0
GET, 169.9, 0
GET, 170.0, 0
GET, 170.1, 0
GET, 170.2, 0
GET, 170.3, 0
GET, 170.4, 1
GET, 170.5, 0
GET, 170.6, 0
GET, 170.7, 0
GET, 170.8, 0
GET, 170.9, 0
GET, 171.0, 0
GET, 171.1, 0
GET, 171.2, 0
GET, 171.3, 0
GET, 171.4, 0
GET, 171.5, 0
GET, 171.6, 1
GET, 171.7, 0
GET, 171.8, 0
GET, 171.9, 1
GET, 172.0, 0
GET, 172.1, 0
GET, 172.2, 0
GET, 172.3, 1
GET, 172.4, 0
GET, 172.5, 0
GET, 172.6, 0
GET, 172.7, 0
GET, 172.8, 0
GET, 172.9, 0
GET, 173.0, 0
GET, 173.1, 0
GET, 173.2, 0
GET, 173.3, 0
GET, 173.4, 0
GET, 173.5, 0
GET, 173.6, 0
GET, 173.7, 0
GET, 173.8, 0
GET, 173.9, 0
GET, 174.0, 2
GET, 174.1, 0
GET, 174.2, 0
GET, 174.3, 0
GET, 174.4, 0
GET, 174.5, 0
GET, 174.6, 0
GET, 174.7, 0
GET, 174.8, 0
GET, 174.9, 0
GET, 175.0, 0
GET, 175.1, 0
GET, 175.2, 0
GET, 175.3, 0
GET, 175.4, 0
GET, 175.5, 0
GET, 175.6, 0
GET, 175.7, 0
GET, 175.8, 0
GET, 175.9, 0
GET, 176.0, 1
GET, 176.1, 0
GET, 176.2, 0
GET, 176.3, 1
GET, 176.4, 0
GET, 176.5, 0
GET, 176.6, 0
GET, 176.7, 0
GET, 176.8, 2
GET, 176.9, 0
GET, 177.0, 0
GET, 177.1, 1
GET, 177.2, 0
GET, 177.3, 0
GET, 177.4, 0
GET, 177.5, 0
GET, 177.6, 0
GET, 177.7, 0
GET, 177.8, 0
GET, 177.9, 0
GET, 178.0, 0
GET, 178.1, 0
GET, 178.2, 1
GET, 178.3, 0
GET, 178.4, 0
GET, 178.5, 0
GET, 178.6, 0
GET, 178.7, 0
GET, 178.8, 1
GET, 178.9, 0
GET, 179.0, 0
GET, 179.1, 0
GET, 179.2, 0
GET, 179.3, 0
GET, 179.4, 1
GET, 179.5, 0
GET, 179.6, 0
GET, 179.7, 0
GET, 179.8, 0
GET, 179.9, 0
GET, 180.0, 0
GET, 180.1, 0
GET, 180.2, 0
GET, 180.3, 0
GET, 180.4, 0
GET, 180.5, 0
GET, 180.6, 0
GET, 180.7, 0
GET, 180.8, 0
GET, 180.9, 0
GET, 181.0, 0
GET, 181.1, 0
GET, 181.2, 0
GET, 181.3, 0
GET, 181.4, 0
GET, 181.5, 0
GET, 181.6, 0
GET, 181.7, 0
GET, 181.8, 0
GET, 181.9, 0
GET, 182.0, 0
GET, 182.1, 0
GET, 182.2, 0
GET, 182.3, 0
GET, 182.4, 3
GET, 182.5, 0
GET, 182.6, 0
GET, 182.7, 0
GET, 182.8, 0
GET, 182.9, 0
GET, 183.0, 0
GET, 183.1, 0
GET, 183.2, 0
GET, 183.3, 0
GET, 183.4, 0
GET, 183.5, 0
GET, 183.6, 0
GET, 183.7, 0
GET, 183.8, 0
GET, 183.9, 0
GET, 184.0, 0
GET, 184.1, 0
GET, 184.2, 0
GET, 184.3, 0
GET, 184.4, 1
GET, 184.5, 0
GET, 184.6, 1
GET, 184.7, 0
GET, 184.8, 1
GET, 184.9, 1
GET, 185.0, 0
GET, 185.1, 0
GET, 185.2, 1
GET, 185.3, 0
GET, 185.4, 0
GET, 185.5, 1
GET, 185.6, 0
GET, 185.7, 0
GET, 185.8, 0
GET, 185.9, 1
GET, 186.0, 1
GET, 186.1, 0
GET, 186.2, 0
GET, 186.3, 0
GET, 186.4, 0
GET, 186.5, 1
GET, 186.6, 0
GET, 186.7, 0
GET, 186.8, 0
GET, 186.9, 0
GET, 187.0, 1
GET, 187.1, 1
GET, 187.2, 0
GET, 187.3, 0
GET, 187.4, 0
GET, 187.5, 0
GET, 187.6, 0
GET, 187.7, 0
GET, 187.8, 1
GET, 187.9, 0
GET, 188.0, 0
GET, 188.1, 0
GET, 188.2, 0
GET, 188.3, 0
GET, 188.4, 0
GET, 188.5, 0
GET, 188.6, 0
GET, 188.7, 1
GET, 188.8, 0
GET, 188.9, 0
GET, 189.0, 0
GET, 189.1, 0
GET, 189.2, 0
GET, 189.3, 0
GET, 189.4, 0
GET, 189.5, 0
GET, 189.6, 0
GET, 189.7, 0
GET, 189.8, 0
GET, 189.9, 0
GET, 190.0, 0
GET, 190.1, 0
GET, 190.2, 0
GET, 190.3, 0
GET, 190.4, 0
GET, 190.5, 0
GET, 190.6, 0
GET, 190.7, 0
GET, 190.8, 0
GET, 190.9, 0
GET, 191.0, 0
GET, 191.1, 0
GET, 191.2, 0
GET, 191.3, 0
GET, 191.4, 0
GET, 191.5, 0
GET, 191.6, 0
GET, 191.7, 0
GET, 191.8, 0
GET, 191.9, 0
GET, 192.0, 0
GET, 192.1, 0
GET, 192.2, 0
GET, 192.3, 0
GET, 192.4, 0
GET, 192.5, 0
GET, 192.6, 0
GET, 192.7, 0
GET, 192.8, 0
GET, 192.9, 2
GET, 193.0, 1
GET, 193.1, 0
GET, 193.2, 0
GET, 193.3, 0
GET, 193.4, 0
GET, 193.5, 0
GET, 193.6, 0
GET, 193.7, 0
GET, 193.8, 0
GET, 193.9, 0
GET, 194.0, 0
GET, 194.1, 0
GET, 194.2, 0
GET, 194.3, 0
GET, 194.4, 0
GET, 194.5, 0
GET, 194.6, 0
GET, 194.7, 0
GET, 194.8, 0
GET, 194.9, 0
GET, 195.0, 0
GET, 195.1, 0
GET, 195.2, 0
GET, 195.3, 0
GET, 195.4, 0
GET, 195.5, 0
GET, 195.6, 0
GET, 195.7, 0
GET, 195.8, 0
GET, 195.9, 0
GET, 196.0, 0
GET, 196.1, 0
GET, 196.2, 0
GET, 196.3, 0
GET, 196.4, 0
GET, 196.5, 0
GET, 196.6, 0
GET, 196.7, 0
GET, 196.8, 0
GET, 196.9, 0
GET, 197.0, 1
GET, 197.1, 0
GET, 197.2, 0
GET, 197.3, 0
GET, 197.4, 0
GET, 197.5, 0
GET, 197.6, 0
GET, 197.7, 0
GET, 197.8, 0
GET, 197.9, 0
GET, 198.0, 0
GET, 198.1, 0
GET, 198.2, 0
GET, 198.3, 0
GET, 198.4, 0
GET, 198.5, 0
GET, 198.6, 0
GET, 198.7, 0
GET, 198.8, 0
GET, 198.9, 0
GET, 199.0, 0
GET, 199.1, 0
GET, 199.2, 0
GET, 199.3, 0
GET, 199.4, 0
GET, 199.5, 0
GET, 199.6, 0
GET, 199.7, 0
GET, 199.8, 0
GET, 199.9, 0
GET, 200.0, 0
GET, 200.1, 0
GET, 200.2, 0
GET, 200.3, 0
GET, 200.4, 0
GET, 200.5, 0
GET, 200.6, 1
GET, 200.7, 0
GET, 200.8, 0
GET, 200.9, 0
GET, 201.0, 0
GET, 201.1, 0
GET, 201.2, 0
GET, 201.3, 0
GET, 201.4, 0
GET, 201.5, 0
GET, 201.6, 0
GET, 201.7, 0
GET, 201.8, 0
GET, 201.9, 0
GET, 202.0, 0
GET, 202.1, 0
GET, 202.2, 0
GET, 202.3, 0
GET, 202.4, 0
GET, 202.5, 0
GET, 202.6, 0
GET, 202.7, 0
GET, 202.8, 0
GET, 202.9, 0
GET, 203.0, 0
GET, 203.1, 0
GET, 203.2, 0
GET, 203.3, 0
GET, 203.4, 0
GET, 203.5, 0
GET, 203.6, 0
GET, 203.7, 0
GET, 203.8, 0
GET, 203.9, 0
GET, 204.0, 0
GET, 204.1, 0
GET, 204.2, 0
GET, 204.3, 0
GET, 204.4, 0
GET, 204.5, 0
GET, 204.6, 0
GET, 204.7, 0
GET, 204.8, 0
GET, 204.9, 1
GET, 205.0, 1
GET, 205.1, 0
GET, 205.2, 0
GET, 205.3, 0
GET, 205.4, 0
GET, 205.5, 0
GET, 205.6, 1
GET, 205.7, 0
GET, 205.8, 0
GET, 205.9, 0
GET, 206.0, 0
GET, 206.1, 0
GET, 206.2, 0
GET, 206.3, 1
GET, 206.4, 0
GET, 206.5, 0
GET, 206.6, 0
GET, 206.7, 0
GET, 206.8, 0
GET, 206.9, 0
GET, 207.0, 0
GET, 207.1, 0
GET, 207.2, 0
GET, 207.3, 0
GET, 207.4, 0
GET, 207.5, 0
GET, 207.6, 0
GET, 207.7, 0
GET, 207.8, 0
GET, 207.9, 0
GET, 208.0, 0
GET, 208.1, 0
GET, 208.2, 0
GET, 208.3, 0
GET, 208.4, 0
GET, 208.5, 0
GET, 208.6, 0
GET, 208.7, 0
GET, 208.8, 0
GET, 208.9, 0
GET, 209.0, 0
GET, 209.1, 0
GET, 209.2, 0
GET, 209.3, 0
GET, 209.4, 0
GET, 209.5, 0
GET, 209.6, 0
GET, 209.7, 0
GET, 209.8, 0
GET, 209.9, 0
GET, 210.0, 0
GET, 210.1, 0
GET, 210.2, 0
GET, 210.3, 0
GET, 210.4, 0
GET, 210.5, 0
GET, 210.6, 0
GET, 210.7, 0
GET, 210.8, 0
GET, 210.9, 0
GET, 211.0, 0
GET, 211.1, 0
GET, 211.2, 0
GET, 211.3, 0
GET, 211.4, 0
GET, 211.5, 0
GET, 211.6, 0
GET, 211.7, 0
GET, 211.8, 0
GET, 211.9, 1
GET, 212.0, 0
GET, 212.1, 0
GET, 212.2, 0
GET, 212.3, 1
GET, 212.4, 0
GET, 212.5, 0
GET, 212.6, 0
GET, 212.7, 0
GET, 212.8, 0
GET, 212.9, 0
GET, 213.0, 0
GET, 213.1, 0
GET, 213.2, 0
GET, 213.3, 0
GET, 213.4, 0
GET, 213.5, 0
GET, 213.6, 0
GET, 213.7, 0
GET, 213.8, 0
GET, 213.9, 0
GET, 214.0, 0
GET, 214.1, 0
GET, 214.2, 0
GET, 214.3, 0
GET, 214.4, 0
GET, 214.5, 0
GET, 214.6, 2
GET, 214.7, 0
GET, 214.8, 0
GET, 214.9, 0
GET, 215.0, 0
GET, 215.1, 0
GET, 215.2, 0
GET, 215.3, 0
GET, 215.4, 0
GET, 215.5, 0
GET, 215.6, 0
GET, 215.7, 0
GET, 215.8, 0
GET, 215.9, 0
GET, 216.0, 0
GET, 216.1, 0
GET, 216.2, 0
GET, 216.3, 0
GET, 216.4, 0
GET, 216.5, 0
GET, 216.6, 0
GET, 216.7, 0
GET, 216.8, 0
GET, 216.9, 0
GET, 217.0, 0
GET, 217.1, 0
GET, 217.2, 0
GET, 217.3, 0
GET, 217.4, 0
GET, 217.5, 0
GET, 217.6, 0
GET, 217.7, 0
GET, 217.8, 0
GET, 217.9, 0
GET, 218.0, 0
GET, 218.1, 0
GET, 218.2, 0
GET, 218.3, 0
GET, 218.4, 0
GET, 218.5, 0
GET, 218.6, 0
GET, 218.7, 0
GET, 218.8, 0
GET, 218.9, 0
GET, 219.0, 0
GET, 219.1, 0
GET, 219.2, 0
GET, 219.3, 0
GET, 219.4, 0
GET, 219.5, 0
GET, 219.6, 0
GET, 219.7, 0
GET, 219.8, 0
GET, 219.9, 0
GET, 220.0, 0
GET, 220.1, 0
GET, 220.2, 0
GET, 220.3, 0
GET, 220.4, 0
GET, 220.5, 0
GET, 220.6, 0
GET, 220.7, 0
GET, 220.8, 0
GET, 220.9, 0
GET, 221.0, 0
GET, 221.1, 0
GET, 221.2, 0
GET, 221.3, 0
GET, 221.4, 0
GET, 221.5, 0
GET, 221.6, 0
GET, 221.7, 0
GET, 221.8, 0
GET, 221.9, 0
GET, 222.0, 0
GET, 222.1, 0
GET, 222.2, 0
GET, 222.3, 0
GET, 222.4, 0
GET, 222.5, 0
GET, 222.6, 0
GET, 222.7, 0
GET, 222.8, 0
GET, 222.9, 0
GET, 223.0, 0
GET, 223.1, 0
GET, 223.2, 0
GET, 223.3, 0
GET, 223.4, 0
GET, 223.5, 0
GET, 223.6, 0
GET, 223.7, 0
GET, 223.8, 0
GET, 223.9, 0
GET, 224.0, 0
GET, 224.1, 0
GET, 224.2, 0
GET, 224.3, 0
GET, 224.4, 0
GET, 224.5, 0
GET, 224.6, 0
GET, 224.7, 0
GET, 224.8, 0
GET, 224.9, 0
GET, 225.0, 0
GET, 225.1, 0
GET, 225.2, 0
GET, 225.3, 0
GET, 225.4, 0
GET, 225.5, 0
GET, 225.6, 0
GET, 225.7, 0
GET, 225.8, 0
GET, 225.9, 0
GET, 226.0, 0
GET, 226.1, 0
GET, 226.2, 0
GET, 226.3, 0
GET, 226.4, 0
GET, 226.5, 0
GET, 226.6, 0
GET, 226.7, 0
GET, 226.8, 0
GET, 226.9, 0
GET, 227.0, 0
GET, 227.1, 0
GET, 227.2, 0
GET, 227.3, 0
GET, 227.4, 0
GET, 227.5, 0
GET, 227.6, 0
GET, 227.7, 0
GET, 227.8, 0
GET, 227.9, 0
GET, 228.0, 0
GET, 228.1, 0
GET, 228.2, 0
GET, 228.3, 0
GET, 228.4, 0
GET, 228.5, 0
GET, 228.6, 0
GET, 228.7, 0
GET, 228.8, 0
GET, 228.9, 0
GET, 229.0, 0
GET, 229.1, 0
GET, 229.2, 0
GET, 229.3, 0
GET, 229.4, 0
GET, 229.5, 0
GET, 229.6, 0
GET, 229.7, 0
GET, 229.8, 0
GET, 229.9, 0
GET, 230.0, 0
GET, 230.1, 0
GET, 230.2, 1
GET, 230.3, 2
GET, 230.4, 1
GET, 230.5, 2
GET, 230.6, 0
GET, 230.7, 1
GET, 230.8, 1
GET, 230.9, 0
GET, 231.0, 0
GET, 231.1, 1
GET, 231.2, 0
GET, 231.3, 0
GET, 231.4, 0
GET, 231.5, 0
GET, 231.6, 0
GET, 231.7, 0
GET, 231.8, 0
GET, 231.9, 0
GET, 232.0, 0
GET, 232.1, 0
GET, 232.2, 0
GET, 232.3, 0
GET, 232.4, 0
GET, 232.5, 0
GET, 232.6, 0
GET, 232.7, 0
GET, 232.8, 0
GET, 232.9, 0
GET, 233.0, 0
GET, 233.1, 0
GET, 233.2, 0
GET, 233.3, 0
GET, 233.4, 0
GET, 233.5, 0
GET, 233.6, 0
GET, 233.7, 0
GET, 233.8, 0
GET, 233.9, 0
GET, 234.0, 0
GET, 234.1, 0
GET, 234.2, 0
GET, 234.3, 0
GET, 234.4, 0
GET, 234.5, 0
GET, 234.6, 0
GET, 234.7, 0
GET, 234.8, 0
GET, 234.9, 0
GET, 235.0, 0
GET, 235.1, 0
GET, 235.2, 0
GET, 235.3, 0
GET, 235.4, 0
GET, 235.5, 0
GET, 235.6, 0
GET, 235.7, 0
GET, 235.8, 0
GET, 235.9, 0
GET, 236.0, 0
GET, 236.1, 2
GET, 236.2, 1
GET, 236.3, 1
GET, 236.4, 0
GET, 236.5, 0
GET, 236.6, 0
GET, 236.7, 0
GET, 236.8, 0
GET, 236.9, 0
GET, 237.0, 0
GET, 237.1, 0
GET, 237.2, 0
GET, 237.3, 0
GET, 237.4, 0
GET, 237.5, 0
GET, 237.6, 0
GET, 237.7, 0
GET, 237.8, 0
GET, 237.9, 0
GET, 238.0, 0
GET, 238.1, 0
GET, 238.2, 0
GET, 238.3, 0
GET, 238.4, 0
GET, 238.5, 0
GET, 238.6, 0
GET, 238.7, 0
GET, 238.8, 0
GET, 238.9, 0
GET, 239.0, 0
GET, 239.1, 0
GET, 239.2, 0
GET, 239.3, 0
GET, 239.4, 0
GET, 239.5, 0
GET, 239.6, 0
GET, 239.7, 0
GET, 239.8, 0
GET, 239.9, 0
GET, 240.0, 0
GET, 240.1, 0
GET, 240.2, 0
GET, 240.3, 0
GET, 240.4, 0
GET, 240.5, 0
GET, 240.6, 0
GET, 240.7, 0
GET, 240.8, 0
GET, 240.9, 0
GET, 241.0, 0
GET, 241.1, 0
GET, 241.2, 0
GET, 241.3, 0
GET, 241.4, 0
GET, 241.5, 0
GET, 241.6, 0
GET, 241.7, 0
GET, 241.8, 0
GET, 241.9, 0
GET, 242.0, 0
GET, 242.1, 0
GET, 242.2, 0
GET, 242.3, 0
GET, 242.4, 0
GET, 242.5, 0
GET, 242.6, 0
GET, 242.7, 0
GET, 242.8, 0
GET, 242.9, 0
GET, 243.0, 0
GET, 243.1, 0
GET, 243.2, 0
GET, 243.3, 0
GET, 243.4, 0
GET, 243.5, 0
GET, 243.6, 0
GET, 243.7, 0
GET, 243.8, 0
GET, 243.9, 0
GET, 244.0, 0
GET, 244.1, 0
GET, 244.2, 0
GET, 244.3, 0
GET, 244.4, 0
GET, 244.5, 0
GET, 244.6, 0
GET, 244.7, 0
GET, 244.8, 0
GET, 244.9, 0
GET, 245.0, 0
GET, 245.1, 0
GET, 245.2, 0
GET, 245.3, 0
GET, 245.4, 0
GET, 245.5, 0
GET, 245.6, 0
GET, 245.7, 0
GET, 245.8, 0
GET, 245.9, 0
GET, 246.0, 0
GET, 246.1, 0
GET, 246.2, 0
GET, 246.3, 0
GET, 246.4, 0
GET, 246.5, 0
GET, 246.6, 0
GET, 246.7, 0
GET, 246.8, 0
GET, 246.9, 0
GET, 247.0, 0
GET, 247.1, 0
GET, 247.2, 0
GET, 247.3, 0
GET, 247.4, 0
GET, 247.5, 0
GET, 247.6, 0
GET, 247.7, 0
GET, 247.8, 0
GET, 247.9, 0
GET, 248.0, 0
GET, 248.1, 0
GET, 248.2, 0
GET, 248.3, 0
GET, 248.4, 0
GET, 248.5, 0
GET, 248.6, 0
GET, 248.7, 0
GET, 248.8, 0
GET, 248.9, 0
GET, 249.0, 0
GET, 249.1, 0
GET, 249.2, 0
GET, 249.3, 0
GET, 249.4, 0
GET, 249.5, 0
GET, 249.6, 0
GET, 249.7, 0
GET, 249.8, 0
GET, 249.9, 0
GET, 250.0, 0
GET, 250.1, 0
GET, 250.2, 0
GET, 250.3, 0
GET, 250.4, 0
GET, 250.5, 0
GET, 250.6, 0
GET, 250.7, 0
GET, 250.8, 0
GET, 250.9, 0
GET, 251.0, 0
GET, 251.1, 0
GET, 251.2, 0
GET, 251.3, 0
GET, 251.4, 0
GET, 251.5, 0
GET, 251.6, 0
GET, 251.7, 0
GET, 251.8, 0
GET, 251.9, 0
GET, 252.0, 0
GET, 252.1, 0
GET, 252.2, 0
GET, 252.3, 0
GET, 252.4, 0
GET, 252.5, 0
GET, 252.6, 0
GET, 252.7, 0
GET, 252.8, 0
GET, 252.9, 0
GET, 253.0, 0
GET, 253.1, 1
GET, 253.2, 0
GET, 253.3, 0
GET, 253.4, 0
GET, 253.5, 0
GET, 253.6, 0
GET, 253.7, 0
GET, 253.8, 0
GET, 253.9, 0
GET, 254.0, 0
GET, 254.1, 0
GET, 254.2, 0
GET, 254.3, 0
GET, 254.4, 0
GET, 254.5, 0
GET, 254.6, 0
GET, 254.7, 0
GET, 254.8, 0
GET, 254.9, 0
GET, 255.0, 1
