Elapsed Time, AVG Throughput, AVG Queue Size, AVG Waiting Time, AVG Service Time, AVG Response Time, AVG SET Response Time, AVG GET Response Time, AVG MULTI-GET Response Time, #SETS, #GETS, #MULTIGETS, GET MissRatio, MULTI-GET MissRatio, AVG MULTI-GET Size
 5.00, 3507, 77, 21.856806, 1.992721, 23.936576, 23.936576, 0.000000, 0.000000, 17538, 0, 0, 0.00, 0.00, 0
10.00, 4548, 75, 16.693399, 1.582361, 18.341904, 18.341904, 0.000000, 0.000000, 22740, 0, 0, 0.00, 0.00, 0
15.00, 4373, 76, 17.579298, 1.659386, 19.319575, 19.319575, 0.000000, 0.000000, 21867, 0, 0, 0.00, 0.00, 0
20.00, 4489, 76, 17.126462, 1.624333, 18.825419, 18.825419, 0.000000, 0.000000, 22447, 0, 0, 0.00, 0.00, 0
25.00, 4266, 77, 18.074830, 1.721133, 19.874845, 19.874845, 0.000000, 0.000000, 21330, 0, 0, 0.00, 0.00, 0
30.00, 4570, 75, 16.648905, 1.578530, 18.299018, 18.299018, 0.000000, 0.000000, 22852, 0, 0, 0.00, 0.00, 0
35.00, 4519, 76, 16.925709, 1.611812, 18.608257, 18.608257, 0.000000, 0.000000, 22596, 0, 0, 0.00, 0.00, 0
40.00, 4213, 77, 18.060261, 1.738546, 19.858236, 19.858236, 0.000000, 0.000000, 21067, 0, 0, 0.00, 0.00, 0
45.00, 4222, 77, 18.039301, 1.741763, 19.841500, 19.841500, 0.000000, 0.000000, 21114, 0, 0, 0.00, 0.00, 0
50.00, 3922, 79, 20.060180, 1.880529, 22.023674, 22.023674, 0.000000, 0.000000, 19611, 0, 0, 0.00, 0.00, 0
55.00, 4424, 76, 17.272029, 1.649647, 18.985090, 18.985090, 0.000000, 0.000000, 22123, 0, 0, 0.00, 0.00, 0
60.00, 4385, 76, 17.455929, 1.658078, 19.190726, 19.190726, 0.000000, 0.000000, 21927, 0, 0, 0.00, 0.00, 0
65.00, 4325, 76, 17.782331, 1.691261, 19.543821, 19.543821, 0.000000, 0.000000, 21627, 0, 0, 0.00, 0.00, 0
70.00, 4293, 77, 17.977824, 1.707524, 19.758375, 19.758375, 0.000000, 0.000000, 21467, 0, 0, 0.00, 0.00, 0
70.00, 144, 31, 8.752020, 1.886426, 10.712526, 10.712526, 0.000000, 0.000000, 722, 0, 0, 0.00, 0.00, 0
Type, Interval, Responses
SET, 0.1, 0
SET, 0.2, 0
SET, 0.3, 0
SET, 0.4, 0
SET, 0.5, 0
SET, 0.6, 0
SET, 0.7, 2
SET, 0.8, 5
SET, 0.9, 3
SET, 1.0, 4
SET, 1.1, 6
SET, 1.2, 12
SET, 1.3, 6
SET, 1.4, 6
SET, 1.5, 4
SET, 1.6, 4
SET, 1.7, 7
SET, 1.8, 5
SET, 1.9, 7
SET, 2.0, 5
SET, 2.1, 1
SET, 2.2, 3
SET, 2.3, 4
SET, 2.4, 5
SET, 2.5, 4
SET, 2.6, 5
SET, 2.7, 5
SET, 2.8, 6
SET, 2.9, 3
SET, 3.0, 3
SET, 3.1, 1
SET, 3.2, 6
SET, 3.3, 10
SET, 3.4, 4
SET, 3.5, 2
SET, 3.6, 4
SET, 3.7, 9
SET, 3.8, 4
SET, 3.9, 9
SET, 4.0, 4
SET, 4.1, 5
SET, 4.2, 9
SET, 4.3, 8
SET, 4.4, 7
SET, 4.5, 2
SET, 4.6, 2
SET, 4.7, 6
SET, 4.8, 8
SET, 4.9, 9
SET, 5.0, 11
SET, 5.1, 1
SET, 5.2, 4
SET, 5.3, 8
SET, 5.4, 0
SET, 5.5, 2
SET, 5.6, 5
SET, 5.7, 3
SET, 5.8, 3
SET, 5.9, 2
SET, 6.0, 4
SET, 6.1, 2
SET, 6.2, 15
SET, 6.3, 4
SET, 6.4, 2
SET, 6.5, 7
SET, 6.6, 5
SET, 6.7, 2
SET, 6.8, 6
SET, 6.9, 6
SET, 7.0, 9
SET, 7.1, 5
SET, 7.2, 8
SET, 7.3, 4
SET, 7.4, 6
SET, 7.5, 10
SET, 7.6, 7
SET, 7.7, 15
SET, 7.8, 12
SET, 7.9, 10
SET, 8.0, 17
SET, 8.1, 16
SET, 8.2, 10
SET, 8.3, 28
SET, 8.4, 28
SET, 8.5, 32
SET, 8.6, 29
SET, 8.7, 32
SET, 8.8, 41
SET, 8.9, 57
SET, 9.0, 55
SET, 9.1, 46
SET, 9.2, 58
SET, 9.3, 66
SET, 9.4, 82
SET, 9.5, 79
SET, 9.6, 100
SET, 9.7, 100
SET, 9.8, 113
SET, 9.9, 132
SET, 10.0, 156
SET, 10.1, 147
SET, 10.2, 192
SET, 10.3, 196
SET, 10.4, 182
SET, 10.5, 248
SET, 10.6, 233
SET, 10.7, 260
SET, 10.8, 284
SET, 10.9, 323
SET, 11.0, 344
SET, 11.1, 336
SET, 11.2, 405
SET, 11.3, 440
SET, 11.4, 447
SET, 11.5, 470
SET, 11.6, 536
SET, 11.7, 553
SET, 11.8, 585
SET, 11.9, 601
SET, 12.0, 643
SET, 12.1, 769
SET, 12.2, 756
SET, 12.3, 847
SET, 12.4, 829
SET, 12.5, 885
SET, 12.6, 918
SET, 12.7, 851
SET, 12.8, 994
SET, 12.9, 1006
SET, 13.0, 1047
SET, 13.1, 1049
SET, 13.2, 1133
SET, 13.3, 1114
SET, 13.4, 1152
SET, 13.5, 1151
SET, 13.6, 1237
SET, 13.7, 1190
SET, 13.8, 1272
SET, 13.9, 1323
SET, 14.0, 1422
SET, 14.1, 1278
SET, 14.2, 1463
SET, 14.3, 1480
SET, 14.4, 1631
SET, 14.5, 1613
SET, 14.6, 1671
SET, 14.7, 1687
SET, 14.8, 1674
SET, 14.9, 1713
SET, 15.0, 1723
SET, 15.1, 1850
SET, 15.2, 1826
SET, 15.3, 1992
SET, 15.4, 1923
SET, 15.5, 2041
SET, 15.6, 2135
SET, 15.7, 2199
SET, 15.8, 2236
SET, 15.9, 2154
SET, 16.0, 2329
SET, 16.1, 2319
SET, 16.2, 2348
SET, 16.3, 2528
SET, 16.4, 2569
SET, 16.5, 2597
SET, 16.6, 2614
SET, 16.7, 2683
SET, 16.8, 2764
SET, 16.9, 2809
SET, 17.0, 2897
SET, 17.1, 3008
SET, 17.2, 2849
SET, 17.3, 2977
SET, 17.4, 3101
SET, 17.5, 3106
SET, 17.6, 3040
SET, 17.7, 3137
SET, 17.8, 3131
SET, 17.9, 3149
SET, 18.0, 3036
SET, 18.1, 3138
SET, 18.2, 3226
SET, 18.3, 3136
SET, 18.4, 3158
SET, 18.5, 3101
SET, 18.6, 3087
SET, 18.7, 3088
SET, 18.8, 3138
SET, 18.9, 3021
SET, 19.0, 3186
SET, 19.1, 3151
SET, 19.2, 3164
SET, 19.3, 3118
SET, 19.4, 3078
SET, 19.5, 3173
SET, 19.6, 3267
SET, 19.7, 3290
SET, 19.8, 3152
SET, 19.9, 3036
SET, 20.0, 2927
SET, 20.1, 2860
SET, 20.2, 2791
SET, 20.3, 2774
SET, 20.4, 2814
SET, 20.5, 2617
SET, 20.6, 2564
SET, 20.7, 2542
SET, 20.8, 2380
SET, 20.9, 2257
SET, 21.0, 2284
SET, 21.1, 2242
SET, 21.2, 2042
SET, 21.3, 2004
SET, 21.4, 1914
SET, 21.5, 1904
SET, 21.6, 1933
SET, 21.7, 1768
SET, 21.8, 1691
SET, 21.9, 1693
SET, 22.0, 1571
SET, 22.1, 1649
SET, 22.2, 1521
SET, 22.3, 1516
SET, 22.4, 1538
SET, 22.5, 1417
SET, 22.6, 1383
SET, 22.7, 1295
SET, 22.8, 1367
SET, 22.9, 1375
SET, 23.0, 1349
SET, 23.1, 1345
SET, 23.2, 1287
SET, 23.3, 1166
SET, 23.4, 1216
SET, 23.5, 1134
SET, 23.6, 1163
SET, 23.7, 1140
SET, 23.8, 1228
SET, 23.9, 1098
SET, 24.0, 1119
SET, 24.1, 1064
SET, 24.2, 1043
SET, 24.3, 992
SET, 24.4, 937
SET, 24.5, 965
SET, 24.6, 1015
SET, 24.7, 895
SET, 24.8, 899
SET, 24.9, 867
SET, 25.0, 828
SET, 25.1, 846
SET, 25.2, 839
SET, 25.3, 821
SET, 25.4, 764
SET, 25.5, 834
SET, 25.6, 748
SET, 25.7, 730
SET, 25.8, 728
SET, 25.9, 723
SET, 26.0, 648
SET, 26.1, 592
SET, 26.2, 599
SET, 26.3, 546
SET, 26.4, 564
SET, 26.5, 518
SET, 26.6, 537
SET, 26.7, 444
SET, 26.8, 447
SET, 26.9, 525
SET, 27.0, 495
SET, 27.1, 489
SET, 27.2, 507
SET, 27.3, 436
SET, 27.4, 455
SET, 27.5, 390
SET, 27.6, 429
SET, 27.7, 391
SET, 27.8, 409
SET, 27.9, 395
SET, 28.0, 423
SET, 28.1, 372
SET, 28.2, 395
SET, 28.3, 416
SET, 28.4, 346
SET, 28.5, 308
SET, 28.6, 313
SET, 28.7, 303
SET, 28.8, 301
SET, 28.9, 285
SET, 29.0, 287
SET, 29.1, 325
SET, 29.2, 285
SET, 29.3, 267
SET, 29.4, 274
SET, 29.5, 264
SET, 29.6, 276
SET, 29.7, 270
SET, 29.8, 254
SET, 29.9, 247
SET, 30.0, 218
SET, 30.1, 186
SET, 30.2, 202
SET, 30.3, 189
SET, 30.4, 203
SET, 30.5, 203
SET, 30.6, 199
SET, 30.7, 191
SET, 30.8, 190
SET, 30.9, 151
SET, 31.0, 152
SET, 31.1, 150
SET, 31.2, 158
SET, 31.3, 136
SET, 31.4, 167
SET, 31.5, 151
SET, 31.6, 151
SET, 31.7, 155
SET, 31.8, 137
SET, 31.9, 139
SET, 32.0, 108
SET, 32.1, 115
SET, 32.2, 148
SET, 32.3, 131
SET, 32.4, 90
SET, 32.5, 104
SET, 32.6, 112
SET, 32.7, 133
SET, 32.8, 89
SET, 32.9, 145
SET, 33.0, 122
SET, 33.1, 111
SET, 33.2, 122
SET, 33.3, 106
SET, 33.4, 106
SET, 33.5, 94
SET, 33.6, 120
SET, 33.7, 96
SET, 33.8, 96
SET, 33.9, 88
SET, 34.0, 90
SET, 34.1, 73
SET, 34.2, 79
SET, 34.3, 83
SET, 34.4, 68
SET, 34.5, 63
SET, 34.6, 72
SET, 34.7, 73
SET, 34.8, 72
SET, 34.9, 74
SET, 35.0, 67
SET, 35.1, 65
SET, 35.2, 67
SET, 35.3, 48
SET, 35.4, 71
SET, 35.5, 51
SET, 35.6, 47
SET, 35.7, 56
SET, 35.8, 46
SET, 35.9, 55
SET, 36.0, 55
SET, 36.1, 46
SET, 36.2, 36
SET, 36.3, 37
SET, 36.4, 58
SET, 36.5, 51
SET, 36.6, 69
SET, 36.7, 70
SET, 36.8, 62
SET, 36.9, 57
SET, 37.0, 52
SET, 37.1, 44
SET, 37.2, 55
SET, 37.3, 51
SET, 37.4, 45
SET, 37.5, 42
SET, 37.6, 47
SET, 37.7, 39
SET, 37.8, 44
SET, 37.9, 39
SET, 38.0, 54
SET, 38.1, 55
SET, 38.2, 48
SET, 38.3, 36
SET, 38.4, 31
SET, 38.5, 34
SET, 38.6, 27
SET, 38.7, 45
SET, 38.8, 46
SET, 38.9, 43
SET, 39.0, 42
SET, 39.1, 57
SET, 39.2, 50
SET, 39.3, 44
SET, 39.4, 50
SET, 39.5, 57
SET, 39.6, 37
SET, 39.7, 33
SET, 39.8, 49
SET, 39.9, 48
SET, 40.0, 46
SET, 40.1, 34
SET, 40.2, 35
SET, 40.3, 31
SET, 40.4, 51
SET, 40.5, 49
SET, 40.6, 37
SET, 40.7, 38
SET, 40.8, 37
SET, 40.9, 28
SET, 41.0, 36
SET, 41.1, 25
SET, 41.2, 40
SET, 41.3, 28
SET, 41.4, 24
SET, 41.5, 15
SET, 41.6, 36
SET, 41.7, 19
SET, 41.8, 26
SET, 41.9, 19
SET, 42.0, 33
SET, 42.1, 35
SET, 42.2, 32
SET, 42.3, 32
SET, 42.4, 31
SET, 42.5, 21
SET, 42.6, 29
SET, 42.7, 19
SET, 42.8, 20
SET, 42.9, 8
SET, 43.0, 21
SET, 43.1, 16
SET, 43.2, 9
SET, 43.3, 8
SET, 43.4, 14
SET, 43.5, 9
SET, 43.6, 11
SET, 43.7, 14
SET, 43.8, 17
SET, 43.9, 6
SET, 44.0, 6
SET, 44.1, 4
SET, 44.2, 4
SET, 44.3, 12
SET, 44.4, 11
SET, 44.5, 14
SET, 44.6, 6
SET, 44.7, 9
SET, 44.8, 10
SET, 44.9, 10
SET, 45.0, 11
SET, 45.1, 16
SET, 45.2, 20
SET, 45.3, 17
SET, 45.4, 14
SET, 45.5, 9
SET, 45.6, 13
SET, 45.7, 10
SET, 45.8, 4
SET, 45.9, 9
SET, 46.0, 10
SET, 46.1, 8
SET, 46.2, 4
SET, 46.3, 4
SET, 46.4, 4
SET, 46.5, 4
SET, 46.6, 13
SET, 46.7, 5
SET, 46.8, 8
SET, 46.9, 5
SET, 47.0, 2
SET, 47.1, 12
SET, 47.2, 6
SET, 47.3, 10
SET, 47.4, 15
SET, 47.5, 13
SET, 47.6, 9
SET, 47.7, 12
SET, 47.8, 16
SET, 47.9, 6
SET, 48.0, 17
SET, 48.1, 4
SET, 48.2, 5
SET, 48.3, 8
SET, 48.4, 7
SET, 48.5, 10
SET, 48.6, 7
SET, 48.7, 9
SET, 48.8, 6
SET, 48.9, 4
SET, 49.0, 7
SET, 49.1, 5
SET, 49.2, 2
SET, 49.3, 5
SET, 49.4, 7
SET, 49.5, 7
SET, 49.6, 7
SET, 49.7, 14
SET, 49.8, 10
SET, 49.9, 5
SET, 50.0, 17
SET, 50.1, 7
SET, 50.2, 13
SET, 50.3, 1
SET, 50.4, 5
SET, 50.5, 2
SET, 50.6, 5
SET, 50.7, 3
SET, 50.8, 8
SET, 50.9, 5
SET, 51.0, 5
SET, 51.1, 13
SET, 51.2, 5
SET, 51.3, 8
SET, 51.4, 11
SET, 51.5, 11
SET, 51.6, 7
SET, 51.7, 3
SET, 51.8, 9
SET, 51.9, 8
SET, 52.0, 5
SET, 52.1, 9
SET, 52.2, 19
SET, 52.3, 6
SET, 52.4, 20
SET, 52.5, 8
SET, 52.6, 8
SET, 52.7, 6
SET, 52.8, 0
SET, 52.9, 0
SET, 53.0, 3
SET, 53.1, 4
SET, 53.2, 4
SET, 53.3, 5
SET, 53.4, 3
SET, 53.5, 5
SET, 53.6, 9
SET, 53.7, 4
SET, 53.8, 6
SET, 53.9, 13
SET, 54.0, 6
SET, 54.1, 8
SET, 54.2, 4
SET, 54.3, 5
SET, 54.4, 8
SET, 54.5, 11
SET, 54.6, 12
SET, 54.7, 12
SET, 54.8, 12
SET, 54.9, 6
SET, 55.0, 6
SET, 55.1, 3
SET, 55.2, 3
SET, 55.3, 9
SET, 55.4, 5
SET, 55.5, 9
SET, 55.6, 4
SET, 55.7, 11
SET, 55.8, 4
SET, 55.9, 6
SET, 56.0, 7
SET, 56.1, 14
SET, 56.2, 8
SET, 56.3, 8
SET, 56.4, 2
SET, 56.5, 4
SET, 56.6, 3
SET, 56.7, 2
SET, 56.8, 2
SET, 56.9, 3
SET, 57.0, 4
SET, 57.1, 2
SET, 57.2, 9
SET, 57.3, 0
SET, 57.4, 1
SET, 57.5, 2
SET, 57.6, 3
SET, 57.7, 0
SET, 57.8, 6
SET, 57.9, 5
SET, 58.0, 3
SET, 58.1, 7
SET, 58.2, 7
SET, 58.3, 3
SET, 58.4, 8
SET, 58.5, 3
SET, 58.6, 4
SET, 58.7, 2
SET, 58.8, 4
SET, 58.9, 2
SET, 59.0, 0
SET, 59.1, 5
SET, 59.2, 5
SET, 59.3, 6
SET, 59.4, 5
SET, 59.5, 8
SET, 59.6, 3
SET, 59.7, 6
SET, 59.8, 4
SET, 59.9, 5
SET, 60.0, 5
SET, 60.1, 5
SET, 60.2, 4
SET, 60.3, 2
SET, 60.4, 1
SET, 60.5, 2
SET, 60.6, 0
SET, 60.7, 1
SET, 60.8, 1
SET, 60.9, 0
SET, 61.0, 1
SET, 61.1, 1
SET, 61.2, 0
SET, 61.3, 0
SET, 61.4, 0
SET, 61.5, 4
SET, 61.6, 4
SET, 61.7, 10
SET, 61.8, 4
SET, 61.9, 2
SET, 62.0, 2
SET, 62.1, 0
SET, 62.2, 3
SET, 62.3, 6
SET, 62.4, 2
SET, 62.5, 7
SET, 62.6, 3
SET, 62.7, 13
SET, 62.8, 3
SET, 62.9, 3
SET, 63.0, 2
SET, 63.1, 2
SET, 63.2, 6
SET, 63.3, 2
SET, 63.4, 5
SET, 63.5, 7
SET, 63.6, 4
SET, 63.7, 0
SET, 63.8, 1
SET, 63.9, 0
SET, 64.0, 1
SET, 64.1, 2
SET, 64.2, 13
SET, 64.3, 10
SET, 64.4, 5
SET, 64.5, 2
SET, 64.6, 4
SET, 64.7, 5
SET, 64.8, 2
SET, 64.9, 4
SET, 65.0, 5
SET, 65.1, 2
SET, 65.2, 4
SET, 65.3, 9
SET, 65.4, 4
SET, 65.5, 3
SET, 65.6, 4
SET, 65.7, 4
SET, 65.8, 2
SET, 65.9, 3
SET, 66.0, 3
SET, 66.1, 0
SET, 66.2, 2
SET, 66.3, 2
SET, 66.4, 1
SET, 66.5, 0
SET, 66.6, 0
SET, 66.7, 0
SET, 66.8, 10
SET, 66.9, 4
SET, 67.0, 0
SET, 67.1, 0
SET, 67.2, 0
SET, 67.3, 1
SET, 67.4, 0
SET, 67.5, 0
SET, 67.6, 0
SET, 67.7, 0
SET, 67.8, 1
SET, 67.9, 0
SET, 68.0, 1
SET, 68.1, 0
SET, 68.2, 1
SET, 68.3, 0
SET, 68.4, 1
SET, 68.5, 0
SET, 68.6, 0
SET, 68.7, 1
SET, 68.8, 0
SET, 68.9, 2
SET, 69.0, 4
SET, 69.1, 0
SET, 69.2, 2
SET, 69.3, 0
SET, 69.4, 0
SET, 69.5, 2
SET, 69.6, 0
SET, 69.7, 1
SET, 69.8, 5
SET, 69.9, 3
SET, 70.0, 3
SET, 70.1, 7
SET, 70.2, 1
SET, 70.3, 3
SET, 70.4, 4
SET, 70.5, 2
SET, 70.6, 1
SET, 70.7, 1
SET, 70.8, 1
SET, 70.9, 2
SET, 71.0, 0
SET, 71.1, 4
SET, 71.2, 6
SET, 71.3, 2
SET, 71.4, 1
SET, 71.5, 5
SET, 71.6, 3
SET, 71.7, 2
SET, 71.8, 2
SET, 71.9, 2
SET, 72.0, 5
SET, 72.1, 5
SET, 72.2, 1
SET, 72.3, 6
SET, 72.4, 5
SET, 72.5, 3
SET, 72.6, 3
SET, 72.7, 1
SET, 72.8, 2
SET, 72.9, 1
SET, 73.0, 1
SET, 73.1, 0
SET, 73.2, 0
SET, 73.3, 2
SET, 73.4, 1
SET, 73.5, 3
SET, 73.6, 6
SET, 73.7, 2
SET, 73.8, 0
SET, 73.9, 0
SET, 74.0, 4
SET, 74.1, 4
SET, 74.2, 5
SET, 74.3, 2
SET, 74.4, 2
SET, 74.5, 4
SET, 74.6, 1
SET, 74.7, 1
SET, 74.8, 0
SET, 74.9, 1
SET, 75.0, 2
SET, 75.1, 1
SET, 75.2, 1
SET, 75.3, 0
SET, 75.4, 2
SET, 75.5, 1
SET, 75.6, 0
SET, 75.7, 2
SET, 75.8, 0
SET, 75.9, 1
SET, 76.0, 0
SET, 76.1, 2
SET, 76.2, 1
SET, 76.3, 1
SET, 76.4, 0
SET, 76.5, 2
SET, 76.6, 3
SET, 76.7, 1
SET, 76.8, 2
SET, 76.9, 1
SET, 77.0, 2
SET, 77.1, 0
SET, 77.2, 2
SET, 77.3, 3
SET, 77.4, 4
SET, 77.5, 1
SET, 77.6, 1
SET, 77.7, 0
SET, 77.8, 0
SET, 77.9, 2
SET, 78.0, 1
SET, 78.1, 0
SET, 78.2, 2
SET, 78.3, 0
SET, 78.4, 0
SET, 78.5, 0
SET, 78.6, 1
SET, 78.7, 2
SET, 78.8, 0
SET, 78.9, 1
SET, 79.0, 0
SET, 79.1, 0
SET, 79.2, 0
SET, 79.3, 0
SET, 79.4, 0
SET, 79.5, 0
SET, 79.6, 0
SET, 79.7, 0
SET, 79.8, 0
SET, 79.9, 0
SET, 80.0, 0
SET, 80.1, 0
SET, 80.2, 0
SET, 80.3, 0
SET, 80.4, 0
SET, 80.5, 0
SET, 80.6, 0
SET, 80.7, 0
SET, 80.8, 0
SET, 80.9, 0
SET, 81.0, 0
SET, 81.1, 0
SET, 81.2, 0
SET, 81.3, 0
SET, 81.4, 0
SET, 81.5, 0
SET, 81.6, 0
SET, 81.7, 0
SET, 81.8, 1
SET, 81.9, 0
SET, 82.0, 0
SET, 82.1, 2
SET, 82.2, 0
SET, 82.3, 0
SET, 82.4, 0
SET, 82.5, 1
SET, 82.6, 0
SET, 82.7, 0
SET, 82.8, 0
SET, 82.9, 0
SET, 83.0, 0
SET, 83.1, 0
SET, 83.2, 1
SET, 83.3, 0
SET, 83.4, 0
SET, 83.5, 0
SET, 83.6, 1
SET, 83.7, 2
SET, 83.8, 0
SET, 83.9, 0
SET, 84.0, 2
SET, 84.1, 0
SET, 84.2, 1
SET, 84.3, 0
SET, 84.4, 0
SET, 84.5, 0
SET, 84.6, 0
SET, 84.7, 0
SET, 84.8, 0
SET, 84.9, 0
SET, 85.0, 0
SET, 85.1, 0
SET, 85.2, 0
SET, 85.3, 0
SET, 85.4, 0
SET, 85.5, 0
SET, 85.6, 0
SET, 85.7, 0
SET, 85.8, 1
SET, 85.9, 1
SET, 86.0, 0
SET, 86.1, 0
SET, 86.2, 0
SET, 86.3, 0
SET, 86.4, 0
SET, 86.5, 0
SET, 86.6, 0
SET, 86.7, 1
SET, 86.8, 0
SET, 86.9, 0
SET, 87.0, 0
SET, 87.1, 0
SET, 87.2, 1
SET, 87.3, 0
SET, 87.4, 0
SET, 87.5, 0
SET, 87.6, 0
SET, 87.7, 1
SET, 87.8, 0
SET, 87.9, 0
SET, 88.0, 1
SET, 88.1, 0
SET, 88.2, 2
SET, 88.3, 0
SET, 88.4, 1
SET, 88.5, 2
SET, 88.6, 2
SET, 88.7, 1
SET, 88.8, 1
SET, 88.9, 1
SET, 89.0, 0
SET, 89.1, 0
SET, 89.2, 0
SET, 89.3, 0
SET, 89.4, 0
SET, 89.5, 0
SET, 89.6, 0
SET, 89.7, 0
SET, 89.8, 0
SET, 89.9, 0
SET, 90.0, 0
SET, 90.1, 0
SET, 90.2, 0
SET, 90.3, 1
SET, 90.4, 1
SET, 90.5, 0
SET, 90.6, 0
SET, 90.7, 0
SET, 90.8, 0
SET, 90.9, 0
SET, 91.0, 0
SET, 91.1, 0
SET, 91.2, 0
SET, 91.3, 0
SET, 91.4, 0
SET, 91.5, 0
SET, 91.6, 0
SET, 91.7, 0
SET, 91.8, 0
SET, 91.9, 0
SET, 92.0, 0
SET, 92.1, 0
SET, 92.2, 0
SET, 92.3, 0
SET, 92.4, 0
SET, 92.5, 0
SET, 92.6, 0
SET, 92.7, 0
SET, 92.8, 0
SET, 92.9, 0
SET, 93.0, 1
SET, 93.1, 0
SET, 93.2, 0
SET, 93.3, 0
SET, 93.4, 1
SET, 93.5, 0
SET, 93.6, 0
SET, 93.7, 1
SET, 93.8, 0
SET, 93.9, 0
SET, 94.0, 0
SET, 94.1, 0
SET, 94.2, 0
SET, 94.3, 0
SET, 94.4, 0
SET, 94.5, 0
SET, 94.6, 0
SET, 94.7, 0
SET, 94.8, 0
SET, 94.9, 0
SET, 95.0, 0
SET, 95.1, 0
SET, 95.2, 0
SET, 95.3, 0
SET, 95.4, 0
SET, 95.5, 0
SET, 95.6, 0
SET, 95.7, 0
SET, 95.8, 0
SET, 95.9, 0
SET, 96.0, 0
SET, 96.1, 0
SET, 96.2, 0
SET, 96.3, 0
SET, 96.4, 0
SET, 96.5, 0
SET, 96.6, 0
SET, 96.7, 0
SET, 96.8, 0
SET, 96.9, 0
SET, 97.0, 0
SET, 97.1, 0
SET, 97.2, 0
SET, 97.3, 0
SET, 97.4, 0
SET, 97.5, 0
SET, 97.6, 0
SET, 97.7, 0
SET, 97.8, 0
SET, 97.9, 0
SET, 98.0, 0
SET, 98.1, 0
SET, 98.2, 0
SET, 98.3, 0
SET, 98.4, 0
SET, 98.5, 0
SET, 98.6, 0
SET, 98.7, 0
SET, 98.8, 0
SET, 98.9, 0
SET, 99.0, 0
SET, 99.1, 0
SET, 99.2, 0
SET, 99.3, 0
SET, 99.4, 0
SET, 99.5, 0
SET, 99.6, 0
SET, 99.7, 0
SET, 99.8, 0
SET, 99.9, 0
SET, 100.0, 0
SET, 100.1, 0
SET, 100.2, 0
SET, 100.3, 0
SET, 100.4, 0
SET, 100.5, 0
SET, 100.6, 0
SET, 100.7, 0
SET, 100.8, 0
SET, 100.9, 0
SET, 101.0, 0
SET, 101.1, 0
SET, 101.2, 0
SET, 101.3, 0
SET, 101.4, 0
SET, 101.5, 0
SET, 101.6, 0
SET, 101.7, 0
SET, 101.8, 0
SET, 101.9, 0
SET, 102.0, 0
SET, 102.1, 0
SET, 102.2, 0
SET, 102.3, 0
SET, 102.4, 0
SET, 102.5, 0
SET, 102.6, 0
SET, 102.7, 0
SET, 102.8, 0
SET, 102.9, 0
SET, 103.0, 0
SET, 103.1, 0
SET, 103.2, 0
SET, 103.3, 0
SET, 103.4, 0
SET, 103.5, 0
SET, 103.6, 0
SET, 103.7, 0
SET, 103.8, 0
SET, 103.9, 0
SET, 104.0, 0
SET, 104.1, 0
SET, 104.2, 0
SET, 104.3, 0
SET, 104.4, 0
SET, 104.5, 0
SET, 104.6, 0
SET, 104.7, 0
SET, 104.8, 0
SET, 104.9, 0
SET, 105.0, 0
SET, 105.1, 0
SET, 105.2, 0
SET, 105.3, 0
SET, 105.4, 0
SET, 105.5, 0
SET, 105.6, 0
SET, 105.7, 0
SET, 105.8, 0
SET, 105.9, 0
SET, 106.0, 0
SET, 106.1, 0
SET, 106.2, 0
SET, 106.3, 0
SET, 106.4, 0
SET, 106.5, 0
SET, 106.6, 0
SET, 106.7, 0
SET, 106.8, 0
SET, 106.9, 0
SET, 107.0, 0
SET, 107.1, 0
SET, 107.2, 0
SET, 107.3, 0
SET, 107.4, 0
SET, 107.5, 0
SET, 107.6, 0
SET, 107.7, 0
SET, 107.8, 0
SET, 107.9, 0
SET, 108.0, 0
SET, 108.1, 0
SET, 108.2, 0
SET, 108.3, 0
SET, 108.4, 0
SET, 108.5, 0
SET, 108.6, 0
SET, 108.7, 0
SET, 108.8, 0
SET, 108.9, 0
SET, 109.0, 0
SET, 109.1, 0
SET, 109.2, 0
SET, 109.3, 0
SET, 109.4, 0
SET, 109.5, 0
SET, 109.6, 0
SET, 109.7, 0
SET, 109.8, 0
SET, 109.9, 0
SET, 110.0, 0
SET, 110.1, 0
SET, 110.2, 0
SET, 110.3, 0
SET, 110.4, 0
SET, 110.5, 0
SET, 110.6, 0
SET, 110.7, 0
SET, 110.8, 0
SET, 110.9, 0
SET, 111.0, 0
SET, 111.1, 0
SET, 111.2, 0
SET, 111.3, 0
SET, 111.4, 0
SET, 111.5, 0
SET, 111.6, 0
SET, 111.7, 0
SET, 111.8, 0
SET, 111.9, 0
SET, 112.0, 0
SET, 112.1, 0
SET, 112.2, 0
SET, 112.3, 0
SET, 112.4, 0
SET, 112.5, 0
SET, 112.6, 0
SET, 112.7, 0
SET, 112.8, 0
SET, 112.9, 0
SET, 113.0, 0
SET, 113.1, 0
SET, 113.2, 0
SET, 113.3, 0
SET, 113.4, 0
SET, 113.5, 0
SET, 113.6, 0
SET, 113.7, 0
SET, 113.8, 0
SET, 113.9, 0
SET, 114.0, 0
SET, 114.1, 0
SET, 114.2, 0
SET, 114.3, 0
SET, 114.4, 0
SET, 114.5, 0
SET, 114.6, 0
SET, 114.7, 0
SET, 114.8, 0
SET, 114.9, 0
SET, 115.0, 0
SET, 115.1, 0
SET, 115.2, 0
SET, 115.3, 0
SET, 115.4, 0
SET, 115.5, 0
SET, 115.6, 0
SET, 115.7, 0
SET, 115.8, 0
SET, 115.9, 0
SET, 116.0, 0
SET, 116.1, 0
SET, 116.2, 0
SET, 116.3, 0
SET, 116.4, 0
SET, 116.5, 0
SET, 116.6, 0
SET, 116.7, 0
SET, 116.8, 0
SET, 116.9, 0
SET, 117.0, 0
SET, 117.1, 0
SET, 117.2, 0
SET, 117.3, 0
SET, 117.4, 0
SET, 117.5, 0
SET, 117.6, 0
SET, 117.7, 0
SET, 117.8, 0
SET, 117.9, 0
SET, 118.0, 0
SET, 118.1, 0
SET, 118.2, 0
SET, 118.3, 0
SET, 118.4, 0
SET, 118.5, 0
SET, 118.6, 0
SET, 118.7, 0
SET, 118.8, 0
SET, 118.9, 0
SET, 119.0, 0
SET, 119.1, 0
SET, 119.2, 0
SET, 119.3, 0
SET, 119.4, 0
SET, 119.5, 0
SET, 119.6, 0
SET, 119.7, 0
SET, 119.8, 0
SET, 119.9, 0
SET, 120.0, 0
SET, 120.1, 0
SET, 120.2, 0
SET, 120.3, 0
SET, 120.4, 0
SET, 120.5, 0
SET, 120.6, 0
SET, 120.7, 0
SET, 120.8, 0
SET, 120.9, 0
SET, 121.0, 0
SET, 121.1, 0
SET, 121.2, 0
SET, 121.3, 0
SET, 121.4, 0
SET, 121.5, 0
SET, 121.6, 0
SET, 121.7, 0
SET, 121.8, 0
SET, 121.9, 0
SET, 122.0, 0
SET, 122.1, 0
SET, 122.2, 0
SET, 122.3, 0
SET, 122.4, 0
SET, 122.5, 0
SET, 122.6, 0
SET, 122.7, 0
SET, 122.8, 0
SET, 122.9, 0
SET, 123.0, 0
SET, 123.1, 0
SET, 123.2, 0
SET, 123.3, 0
SET, 123.4, 0
SET, 123.5, 0
SET, 123.6, 0
SET, 123.7, 0
SET, 123.8, 0
SET, 123.9, 0
SET, 124.0, 0
SET, 124.1, 0
SET, 124.2, 0
SET, 124.3, 0
SET, 124.4, 0
SET, 124.5, 0
SET, 124.6, 0
SET, 124.7, 0
SET, 124.8, 0
SET, 124.9, 0
SET, 125.0, 0
SET, 125.1, 0
SET, 125.2, 0
SET, 125.3, 0
SET, 125.4, 0
SET, 125.5, 0
SET, 125.6, 0
SET, 125.7, 0
SET, 125.8, 0
SET, 125.9, 0
SET, 126.0, 0
SET, 126.1, 0
SET, 126.2, 0
SET, 126.3, 0
SET, 126.4, 0
SET, 126.5, 0
SET, 126.6, 0
SET, 126.7, 0
SET, 126.8, 0
SET, 126.9, 0
SET, 127.0, 0
SET, 127.1, 0
SET, 127.2, 0
SET, 127.3, 0
SET, 127.4, 0
SET, 127.5, 0
SET, 127.6, 0
SET, 127.7, 0
SET, 127.8, 0
SET, 127.9, 0
SET, 128.0, 0
SET, 128.1, 0
SET, 128.2, 0
SET, 128.3, 0
SET, 128.4, 0
SET, 128.5, 0
SET, 128.6, 0
SET, 128.7, 0
SET, 128.8, 0
SET, 128.9, 0
SET, 129.0, 0
SET, 129.1, 0
SET, 129.2, 0
SET, 129.3, 0
SET, 129.4, 0
SET, 129.5, 0
SET, 129.6, 0
SET, 129.7, 0
SET, 129.8, 0
SET, 129.9, 0
SET, 130.0, 0
SET, 130.1, 0
SET, 130.2, 0
SET, 130.3, 0
SET, 130.4, 0
SET, 130.5, 0
SET, 130.6, 0
SET, 130.7, 0
SET, 130.8, 0
SET, 130.9, 0
SET, 131.0, 0
SET, 131.1, 0
SET, 131.2, 0
SET, 131.3, 0
SET, 131.4, 0
SET, 131.5, 0
SET, 131.6, 0
SET, 131.7, 0
SET, 131.8, 0
SET, 131.9, 0
SET, 132.0, 0
SET, 132.1, 0
SET, 132.2, 0
SET, 132.3, 0
SET, 132.4, 0
SET, 132.5, 0
SET, 132.6, 0
SET, 132.7, 0
SET, 132.8, 0
SET, 132.9, 0
SET, 133.0, 0
SET, 133.1, 0
SET, 133.2, 0
SET, 133.3, 0
SET, 133.4, 0
SET, 133.5, 0
SET, 133.6, 0
SET, 133.7, 0
SET, 133.8, 0
SET, 133.9, 0
SET, 134.0, 0
SET, 134.1, 0
SET, 134.2, 0
SET, 134.3, 0
SET, 134.4, 0
SET, 134.5, 0
SET, 134.6, 0
SET, 134.7, 0
SET, 134.8, 0
SET, 134.9, 0
SET, 135.0, 0
SET, 135.1, 0
SET, 135.2, 0
SET, 135.3, 0
SET, 135.4, 0
SET, 135.5, 0
SET, 135.6, 0
SET, 135.7, 0
SET, 135.8, 0
SET, 135.9, 0
SET, 136.0, 0
SET, 136.1, 0
SET, 136.2, 0
SET, 136.3, 0
SET, 136.4, 0
SET, 136.5, 0
SET, 136.6, 0
SET, 136.7, 0
SET, 136.8, 0
SET, 136.9, 0
SET, 137.0, 0
SET, 137.1, 0
SET, 137.2, 0
SET, 137.3, 0
SET, 137.4, 0
SET, 137.5, 0
SET, 137.6, 0
SET, 137.7, 0
SET, 137.8, 0
SET, 137.9, 0
SET, 138.0, 0
SET, 138.1, 0
SET, 138.2, 0
SET, 138.3, 0
SET, 138.4, 0
SET, 138.5, 0
SET, 138.6, 0
SET, 138.7, 0
SET, 138.8, 0
SET, 138.9, 0
SET, 139.0, 0
SET, 139.1, 0
SET, 139.2, 0
SET, 139.3, 0
SET, 139.4, 0
SET, 139.5, 0
SET, 139.6, 0
SET, 139.7, 0
SET, 139.8, 0
SET, 139.9, 0
SET, 140.0, 0
SET, 140.1, 0
SET, 140.2, 0
SET, 140.3, 0
SET, 140.4, 0
SET, 140.5, 0
SET, 140.6, 0
SET, 140.7, 0
SET, 140.8, 0
SET, 140.9, 0
SET, 141.0, 0
SET, 141.1, 0
SET, 141.2, 0
SET, 141.3, 0
SET, 141.4, 0
SET, 141.5, 0
SET, 141.6, 0
SET, 141.7, 0
SET, 141.8, 0
SET, 141.9, 0
SET, 142.0, 0
SET, 142.1, 0
SET, 142.2, 0
SET, 142.3, 0
SET, 142.4, 0
SET, 142.5, 0
SET, 142.6, 0
SET, 142.7, 0
SET, 142.8, 0
SET, 142.9, 0
SET, 143.0, 0
SET, 143.1, 0
SET, 143.2, 0
SET, 143.3, 0
SET, 143.4, 0
SET, 143.5, 0
SET, 143.6, 0
SET, 143.7, 0
SET, 143.8, 0
SET, 143.9, 0
SET, 144.0, 0
SET, 144.1, 0
SET, 144.2, 0
SET, 144.3, 0
SET, 144.4, 0
SET, 144.5, 0
SET, 144.6, 0
SET, 144.7, 0
SET, 144.8, 0
SET, 144.9, 0
SET, 145.0, 0
SET, 145.1, 0
SET, 145.2, 0
SET, 145.3, 0
SET, 145.4, 0
SET, 145.5, 0
SET, 145.6, 0
SET, 145.7, 0
SET, 145.8, 0
SET, 145.9, 0
SET, 146.0, 0
SET, 146.1, 0
SET, 146.2, 0
SET, 146.3, 0
SET, 146.4, 0
SET, 146.5, 0
SET, 146.6, 0
SET, 146.7, 0
SET, 146.8, 0
SET, 146.9, 0
SET, 147.0, 0
SET, 147.1, 0
SET, 147.2, 0
SET, 147.3, 0
SET, 147.4, 0
SET, 147.5, 0
SET, 147.6, 0
SET, 147.7, 0
SET, 147.8, 0
SET, 147.9, 0
SET, 148.0, 0
SET, 148.1, 0
SET, 148.2, 0
SET, 148.3, 0
SET, 148.4, 0
SET, 148.5, 0
SET, 148.6, 0
SET, 148.7, 0
SET, 148.8, 0
SET, 148.9, 0
SET, 149.0, 0
SET, 149.1, 0
SET, 149.2, 0
SET, 149.3, 0
SET, 149.4, 0
SET, 149.5, 0
SET, 149.6, 0
SET, 149.7, 0
SET, 149.8, 0
SET, 149.9, 1
SET, 150.0, 1
SET, 150.1, 0
SET, 150.2, 2
SET, 150.3, 1
SET, 150.4, 0
SET, 150.5, 0
SET, 150.6, 0
SET, 150.7, 0
SET, 150.8, 0
SET, 150.9, 1
SET, 151.0, 0
SET, 151.1, 1
SET, 151.2, 1
SET, 151.3, 0
SET, 151.4, 0
SET, 151.5, 0
SET, 151.6, 0
SET, 151.7, 0
SET, 151.8, 0
SET, 151.9, 0
SET, 152.0, 0
SET, 152.1, 0
SET, 152.2, 0
SET, 152.3, 0
SET, 152.4, 0
SET, 152.5, 0
SET, 152.6, 0
SET, 152.7, 0
SET, 152.8, 0
SET, 152.9, 0
SET, 153.0, 0
SET, 153.1, 0
SET, 153.2, 0
SET, 153.3, 0
SET, 153.4, 0
SET, 153.5, 0
SET, 153.6, 0
SET, 153.7, 0
SET, 153.8, 0
SET, 153.9, 0
SET, 154.0, 0
SET, 154.1, 0
SET, 154.2, 0
SET, 154.3, 0
SET, 154.4, 0
SET, 154.5, 0
SET, 154.6, 0
SET, 154.7, 0
SET, 154.8, 0
SET, 154.9, 0
SET, 155.0, 0
SET, 155.1, 0
SET, 155.2, 0
SET, 155.3, 0
SET, 155.4, 0
SET, 155.5, 0
SET, 155.6, 0
SET, 155.7, 0
SET, 155.8, 0
SET, 155.9, 0
SET, 156.0, 0
SET, 156.1, 1
SET, 156.2, 0
SET, 156.3, 0
SET, 156.4, 0
SET, 156.5, 0
SET, 156.6, 0
SET, 156.7, 0
SET, 156.8, 0
SET, 156.9, 0
SET, 157.0, 0
SET, 157.1, 0
SET, 157.2, 0
SET, 157.3, 0
SET, 157.4, 0
SET, 157.5, 0
SET, 157.6, 0
SET, 157.7, 0
SET, 157.8, 0
SET, 157.9, 0
SET, 158.0, 0
SET, 158.1, 0
SET, 158.2, 0
SET, 158.3, 0
SET, 158.4, 0
SET, 158.5, 0
SET, 158.6, 0
SET, 158.7, 0
SET, 158.8, 0
SET, 158.9, 0
SET, 159.0, 0
SET, 159.1, 0
SET, 159.2, 0
SET, 159.3, 0
SET, 159.4, 0
SET, 159.5, 0
SET, 159.6, 0
SET, 159.7, 0
SET, 159.8, 0
SET, 159.9, 0
SET, 160.0, 0
SET, 160.1, 0
SET, 160.2, 1
SET, 160.3, 0
SET, 160.4, 1
SET, 160.5, 1
SET, 160.6, 0
SET, 160.7, 2
SET, 160.8, 0
SET, 160.9, 0
SET, 161.0, 0
SET, 161.1, 0
SET, 161.2, 0
SET, 161.3, 1
SET, 161.4, 0
SET, 161.5, 0
SET, 161.6, 2
SET, 161.7, 0
SET, 161.8, 1
SET, 161.9, 1
SET, 162.0, 0
SET, 162.1, 1
SET, 162.2, 0
SET, 162.3, 0
SET, 162.4, 0
SET, 162.5, 0
SET, 162.6, 1
SET, 162.7, 1
SET, 162.8, 1
SET, 162.9, 1
SET, 163.0, 1
SET, 163.1, 0
SET, 163.2, 0
SET, 163.3, 0
SET, 163.4, 0
SET, 163.5, 0
SET, 163.6, 0
SET, 163.7, 0
SET, 163.8, 0
SET, 163.9, 0
SET, 164.0, 0
SET, 164.1, 0
SET, 164.2, 1
SET, 164.3, 0
SET, 164.4, 0
SET, 164.5, 0
SET, 164.6, 0
SET, 164.7, 1
SET, 164.8, 0
SET, 164.9, 0
SET, 165.0, 0
SET, 165.1, 0
SET, 165.2, 0
SET, 165.3, 0
SET, 165.4, 0
SET, 165.5, 0
SET, 165.6, 0
SET, 165.7, 0
SET, 165.8, 0
SET, 165.9, 0
SET, 166.0, 0
SET, 166.1, 0
SET, 166.2, 0
SET, 166.3, 0
SET, 166.4, 0
SET, 166.5, 0
SET, 166.6, 0
SET, 166.7, 0
SET, 166.8, 0
SET, 166.9, 0
SET, 167.0, 0
SET, 167.1, 0
SET, 167.2, 0
SET, 167.3, 0
SET, 167.4, 0
SET, 167.5, 0
SET, 167.6, 0
SET, 167.7, 0
SET, 167.8, 0
SET, 167.9, 0
SET, 168.0, 0
SET, 168.1, 0
SET, 168.2, 1
SET, 168.3, 0
SET, 168.4, 0
SET, 168.5, 1
SET, 168.6, 0
SET, 168.7, 1
SET, 168.8, 1
SET, 168.9, 0
SET, 169.0, 0
SET, 169.1, 1
SET, 169.2, 0
SET, 169.3, 0
SET, 169.4, 0
SET, 169.5, 0
SET, 169.6, 0
SET, 169.7, 0
SET, 169.8, 0
SET, 169.9, 0
SET, 170.0, 0
SET, 170.1, 0
SET, 170.2, 0
SET, 170.3, 0
SET, 170.4, 0
SET, 170.5, 0
SET, 170.6, 0
SET, 170.7, 0
SET, 170.8, 0
SET, 170.9, 0
SET, 171.0, 0
SET, 171.1, 0
SET, 171.2, 0
SET, 171.3, 0
SET, 171.4, 0
SET, 171.5, 0
SET, 171.6, 0
SET, 171.7, 0
SET, 171.8, 0
SET, 171.9, 0
SET, 172.0, 0
SET, 172.1, 0
SET, 172.2, 0
SET, 172.3, 0
SET, 172.4, 0
SET, 172.5, 0
SET, 172.6, 0
SET, 172.7, 0
SET, 172.8, 0
SET, 172.9, 0
SET, 173.0, 0
SET, 173.1, 0
SET, 173.2, 0
SET, 173.3, 0
SET, 173.4, 0
SET, 173.5, 0
SET, 173.6, 0
SET, 173.7, 0
SET, 173.8, 0
SET, 173.9, 0
SET, 174.0, 0
SET, 174.1, 0
SET, 174.2, 0
SET, 174.3, 0
SET, 174.4, 0
SET, 174.5, 0
SET, 174.6, 0
SET, 174.7, 0
SET, 174.8, 0
SET, 174.9, 0
SET, 175.0, 0
SET, 175.1, 0
SET, 175.2, 0
SET, 175.3, 0
SET, 175.4, 0
SET, 175.5, 0
SET, 175.6, 0
SET, 175.7, 0
SET, 175.8, 0
SET, 175.9, 0
SET, 176.0, 0
SET, 176.1, 0
SET, 176.2, 0
SET, 176.3, 0
SET, 176.4, 0
SET, 176.5, 0
SET, 176.6, 1
SET, 176.7, 0
SET, 176.8, 0
SET, 176.9, 0
SET, 177.0, 0
SET, 177.1, 0
SET, 177.2, 0
SET, 177.3, 0
SET, 177.4, 0
SET, 177.5, 0
SET, 177.6, 0
SET, 177.7, 0
SET, 177.8, 0
SET, 177.9, 0
SET, 178.0, 0
SET, 178.1, 0
SET, 178.2, 0
SET, 178.3, 0
SET, 178.4, 0
SET, 178.5, 0
SET, 178.6, 0
SET, 178.7, 0
SET, 178.8, 0
SET, 178.9, 0
SET, 179.0, 0
SET, 179.1, 0
SET, 179.2, 0
SET, 179.3, 0
SET, 179.4, 0
SET, 179.5, 0
SET, 179.6, 0
SET, 179.7, 0
SET, 179.8, 0
SET, 179.9, 0
SET, 180.0, 0
SET, 180.1, 0
SET, 180.2, 0
SET, 180.3, 0
SET, 180.4, 0
SET, 180.5, 0
SET, 180.6, 0
SET, 180.7, 0
SET, 180.8, 0
SET, 180.9, 0
SET, 181.0, 0
SET, 181.1, 0
SET, 181.2, 0
SET, 181.3, 0
SET, 181.4, 0
SET, 181.5, 0
SET, 181.6, 0
SET, 181.7, 0
SET, 181.8, 0
SET, 181.9, 0
SET, 182.0, 0
SET, 182.1, 0
SET, 182.2, 0
SET, 182.3, 0
SET, 182.4, 0
SET, 182.5, 0
SET, 182.6, 0
SET, 182.7, 0
SET, 182.8, 0
SET, 182.9, 0
SET, 183.0, 0
SET, 183.1, 0
SET, 183.2, 0
SET, 183.3, 2
SET, 183.4, 3
SET, 183.5, 1
SET, 183.6, 2
SET, 183.7, 0
SET, 183.8, 0
SET, 183.9, 2
SET, 184.0, 0
SET, 184.1, 0
SET, 184.2, 1
SET, 184.3, 1
SET, 184.4, 0
SET, 184.5, 0
SET, 184.6, 1
SET, 184.7, 0
SET, 184.8, 0
SET, 184.9, 2
SET, 185.0, 0
SET, 185.1, 1
SET, 185.2, 0
SET, 185.3, 1
SET, 185.4, 0
SET, 185.5, 0
SET, 185.6, 0
SET, 185.7, 0
SET, 185.8, 0
SET, 185.9, 0
SET, 186.0, 0
SET, 186.1, 0
SET, 186.2, 0
SET, 186.3, 1
SET, 186.4, 0
SET, 186.5, 0
SET, 186.6, 0
SET, 186.7, 1
SET, 186.8, 1
SET, 186.9, 0
SET, 187.0, 0
SET, 187.1, 1
SET, 187.2, 0
SET, 187.3, 1
SET, 187.4, 0
SET, 187.5, 0
SET, 187.6, 0
SET, 187.7, 0
SET, 187.8, 0
SET, 187.9, 0
SET, 188.0, 0
SET, 188.1, 0
SET, 188.2, 0
SET, 188.3, 0
SET, 188.4, 0
SET, 188.5, 0
SET, 188.6, 0
SET, 188.7, 0
SET, 188.8, 0
SET, 188.9, 0
SET, 189.0, 0
SET, 189.1, 0
SET, 189.2, 0
SET, 189.3, 0
SET, 189.4, 0
SET, 189.5, 0
SET, 189.6, 0
SET, 189.7, 0
SET, 189.8, 0
SET, 189.9, 0
SET, 190.0, 0
SET, 190.1, 0
SET, 190.2, 0
SET, 190.3, 0
SET, 190.4, 0
SET, 190.5, 0
SET, 190.6, 0
SET, 190.7, 0
SET, 190.8, 0
SET, 190.9, 0
SET, 191.0, 0
SET, 191.1, 0
SET, 191.2, 0
SET, 191.3, 0
SET, 191.4, 0
SET, 191.5, 0
SET, 191.6, 0
SET, 191.7, 0
SET, 191.8, 0
SET, 191.9, 0
SET, 192.0, 0
SET, 192.1, 0
SET, 192.2, 0
SET, 192.3, 0
SET, 192.4, 0
SET, 192.5, 0
SET, 192.6, 0
SET, 192.7, 0
SET, 192.8, 0
SET, 192.9, 0
SET, 193.0, 0
SET, 193.1, 0
SET, 193.2, 0
SET, 193.3, 0
SET, 193.4, 0
SET, 193.5, 0
SET, 193.6, 0
SET, 193.7, 0
SET, 193.8, 0
SET, 193.9, 0
SET, 194.0, 0
SET, 194.1, 0
SET, 194.2, 0
SET, 194.3, 0
SET, 194.4, 0
SET, 194.5, 0
SET, 194.6, 0
SET, 194.7, 0
SET, 194.8, 0
SET, 194.9, 0
SET, 195.0, 0
SET, 195.1, 0
SET, 195.2, 1
SET, 195.3, 0
SET, 195.4, 0
SET, 195.5, 0
SET, 195.6, 0
SET, 195.7, 0
SET, 195.8, 0
SET, 195.9, 0
SET, 196.0, 1
SET, 196.1, 0
SET, 196.2, 1
SET, 196.3, 0
SET, 196.4, 0
SET, 196.5, 0
SET, 196.6, 0
SET, 196.7, 0
SET, 196.8, 0
SET, 196.9, 0
SET, 197.0, 1
SET, 197.1, 0
SET, 197.2, 1
SET, 197.3, 0
SET, 197.4, 0
SET, 197.5, 0
SET, 197.6, 0
SET, 197.7, 1
SET, 197.8, 1
SET, 197.9, 0
SET, 198.0, 0
SET, 198.1, 0
SET, 198.2, 0
SET, 198.3, 0
SET, 198.4, 1
SET, 198.5, 0
SET, 198.6, 0
SET, 198.7, 0
SET, 198.8, 0
SET, 198.9, 0
SET, 199.0, 0
SET, 199.1, 0
SET, 199.2, 0
SET, 199.3, 0
SET, 199.4, 1
