2018-11-13 16:02:19 (790578823602) INFO  - START: Middleware listening on address 10.0.0.4:8888.
2018-11-13 16:03:36 (868027551784) STATS -  5.00, 625, 0, 0.201716, 2.093004, 2.394894, 2.394894, 0.000000, 0.000000, 3125, 0, 0, 0.00, 0.00, 0
2018-11-13 16:03:36 (868083415938) STATS - 10.00, 728, 0, 0.082550, 1.870106, 2.029731, 2.029731, 0.000000, 0.000000, 3642, 0, 0, 0.00, 0.00, 0
2018-11-13 16:03:36 (868122034236) STATS - 15.00, 749, 0, 0.108841, 1.874712, 2.060217, 2.060217, 0.000000, 0.000000, 3746, 0, 0, 0.00, 0.00, 0
2018-11-13 16:03:37 (868151038235) STATS - 20.00, 742, 0, 0.103285, 1.806145, 1.990665, 1.990665, 0.000000, 0.000000, 3714, 0, 0, 0.00, 0.00, 0
2018-11-13 16:03:37 (868184739630) STATS - 25.00, 753, 0, 0.099354, 1.832998, 2.009364, 2.009364, 0.000000, 0.000000, 3767, 0, 0, 0.00, 0.00, 0
2018-11-13 16:03:37 (868213123716) STATS - 30.00, 736, 0, 0.085904, 1.873971, 2.028234, 2.028234, 0.000000, 0.000000, 3684, 0, 0, 0.00, 0.00, 0
2018-11-13 16:03:37 (868240483181) STATS - 35.00, 743, 0, 0.085150, 1.835319, 1.991112, 1.991112, 0.000000, 0.000000, 3719, 0, 0, 0.00, 0.00, 0
2018-11-13 16:03:37 (868261264910) STATS - 40.00, 733, 0, 0.101935, 1.895056, 2.075584, 2.075584, 0.000000, 0.000000, 3665, 0, 0, 0.00, 0.00, 0
2018-11-13 16:03:37 (868288571973) STATS - 45.00, 734, 0, 0.089741, 1.898265, 2.064236, 2.064236, 0.000000, 0.000000, 3670, 0, 0, 0.00, 0.00, 0
2018-11-13 16:03:37 (868300087911) STATS - 50.00, 726, 0, 0.111255, 1.907407, 2.094269, 2.094269, 0.000000, 0.000000, 3632, 0, 0, 0.00, 0.00, 0
2018-11-13 16:03:37 (868318710095) STATS - 55.00, 742, 0, 0.090174, 1.867595, 2.025853, 2.025853, 0.000000, 0.000000, 3711, 0, 0, 0.00, 0.00, 0
2018-11-13 16:03:37 (868330070330) STATS - 60.00, 756, 0, 0.089557, 1.840038, 1.997065, 1.997065, 0.000000, 0.000000, 3780, 0, 0, 0.00, 0.00, 0
2018-11-13 16:03:37 (868347337586) STATS - 65.00, 726, 0, 0.087321, 1.930455, 2.091688, 2.091688, 0.000000, 0.000000, 3634, 0, 0, 0.00, 0.00, 0
2018-11-13 16:03:37 (868349549232) STATS - 70.00, 760, 0, 0.101279, 1.864542, 2.059826, 2.059826, 0.000000, 0.000000, 3801, 0, 0, 0.00, 0.00, 0
2018-11-13 16:03:37 (868357700200) STATS - 71.00, 33, 0, 0.070299, 1.803430, 2.014253, 2.014253, 0.000000, 0.000000, 166, 0, 0, 0.00, 0.00, 0
2018-11-13 16:03:37 (868540093865) STATS - Interval, Responses
2018-11-13 16:03:37 (868540439972) STATS - 0.1, 0
2018-11-13 16:03:37 (868540608875) STATS - 0.2, 0
2018-11-13 16:03:37 (868540792879) STATS - 0.3, 0
2018-11-13 16:03:37 (868540945682) STATS - 0.4, 0
2018-11-13 16:03:37 (868541113986) STATS - 0.5, 74
2018-11-13 16:03:37 (868541292689) STATS - 0.6, 1124
2018-11-13 16:03:37 (868541449393) STATS - 0.7, 3701
2018-11-13 16:03:37 (868541595896) STATS - 0.8, 6139
2018-11-13 16:03:37 (868541746199) STATS - 0.9, 6434
2018-11-13 16:03:37 (868541998004) STATS - 1.0, 5177
2018-11-13 16:03:37 (868542146207) STATS - 1.1, 3761
2018-11-13 16:03:37 (868542347211) STATS - 1.2, 2896
2018-11-13 16:03:37 (868542515115) STATS - 1.3, 2258
2018-11-13 16:03:37 (868542696518) STATS - 1.4, 1846
2018-11-13 16:03:37 (868542871022) STATS - 1.5, 1505
2018-11-13 16:03:37 (868549862466) STATS - 1.6, 1130
2018-11-13 16:03:37 (868550030070) STATS - 1.7, 997
2018-11-13 16:03:37 (868550192173) STATS - 1.8, 834
2018-11-13 16:03:37 (868550353876) STATS - 1.9, 688
2018-11-13 16:03:37 (868550530580) STATS - 2.0, 572
2018-11-13 16:03:37 (868550691483) STATS - 2.1, 512
2018-11-13 16:03:37 (868550865787) STATS - 2.2, 417
2018-11-13 16:03:37 (868551031090) STATS - 2.3, 389
2018-11-13 16:03:37 (868551211794) STATS - 2.4, 337
2018-11-13 16:03:37 (868551606602) STATS - 2.5, 312
2018-11-13 16:03:37 (868551803806) STATS - 2.6, 308
2018-11-13 16:03:37 (868552037811) STATS - 2.7, 233
2018-11-13 16:03:37 (868552201015) STATS - 2.8, 225
2018-11-13 16:03:37 (868559176459) STATS - 2.9, 178
2018-11-13 16:03:37 (868559379363) STATS - 3.0, 166
2018-11-13 16:03:37 (868559525166) STATS - 3.1, 132
2018-11-13 16:03:37 (868559669169) STATS - 3.2, 157
2018-11-13 16:03:37 (868559812572) STATS - 3.3, 129
2018-11-13 16:03:37 (868559953875) STATS - 3.4, 141
2018-11-13 16:03:37 (868560149979) STATS - 3.5, 125
2018-11-13 16:03:37 (868560320482) STATS - 3.6, 143
2018-11-13 16:03:37 (868560459085) STATS - 3.7, 132
2018-11-13 16:03:37 (868560619088) STATS - 3.8, 130
2018-11-13 16:03:37 (868560764191) STATS - 3.9, 143
2018-11-13 16:03:37 (868560900494) STATS - 4.0, 119
2018-11-13 16:03:37 (868561033697) STATS - 4.1, 107
2018-11-13 16:03:37 (868561166600) STATS - 4.2, 116
2018-11-13 16:03:37 (868561321603) STATS - 4.3, 111
2018-11-13 16:03:37 (868561458606) STATS - 4.4, 112
2018-11-13 16:03:37 (868561636309) STATS - 4.5, 108
2018-11-13 16:03:37 (868561973916) STATS - 4.6, 130
2018-11-13 16:03:37 (868562130420) STATS - 4.7, 130
2018-11-13 16:03:37 (868569179365) STATS - 4.8, 100
2018-11-13 16:03:37 (868569360969) STATS - 4.9, 130
2018-11-13 16:03:37 (868569493272) STATS - 5.0, 130
2018-11-13 16:03:37 (868569625974) STATS - 5.1, 131
2018-11-13 16:03:37 (868569775277) STATS - 5.2, 130
2018-11-13 16:03:37 (868569911080) STATS - 5.3, 124
2018-11-13 16:03:37 (868570043083) STATS - 5.4, 136
2018-11-13 16:03:37 (868570196986) STATS - 5.5, 138
2018-11-13 16:03:37 (868570335089) STATS - 5.6, 133
2018-11-13 16:03:37 (868570612995) STATS - 5.7, 141
2018-11-13 16:03:37 (868570755598) STATS - 5.8, 164
2018-11-13 16:03:37 (868570891400) STATS - 5.9, 172
2018-11-13 16:03:37 (868571025603) STATS - 6.0, 184
2018-11-13 16:03:37 (868571152506) STATS - 6.1, 172
2018-11-13 16:03:37 (868571274708) STATS - 6.2, 165
2018-11-13 16:03:37 (868571397411) STATS - 6.3, 195
2018-11-13 16:03:37 (868571519013) STATS - 6.4, 182
2018-11-13 16:03:37 (868571643016) STATS - 6.5, 202
2018-11-13 16:03:37 (868571902621) STATS - 6.6, 211
2018-11-13 16:03:37 (868578942267) STATS - 6.7, 226
2018-11-13 16:03:37 (868579104970) STATS - 6.8, 255
2018-11-13 16:03:37 (868579262073) STATS - 6.9, 224
2018-11-13 16:03:37 (868579526679) STATS - 7.0, 257
2018-11-13 16:03:37 (868579726883) STATS - 7.1, 293
2018-11-13 16:03:37 (868582561841) STATS - 7.2, 329
2018-11-13 16:03:37 (868582683744) STATS - 7.3, 324
2018-11-13 16:03:37 (868582844147) STATS - 7.4, 262
2018-11-13 16:03:37 (868582961849) STATS - 7.5, 230
2018-11-13 16:03:37 (868583333357) STATS - 7.6, 186
2018-11-13 16:03:37 (868583479760) STATS - 7.7, 160
2018-11-13 16:03:37 (868583602963) STATS - 7.8, 137
2018-11-13 16:03:37 (868583719465) STATS - 7.9, 124
2018-11-13 16:03:37 (868583831967) STATS - 8.0, 97
2018-11-13 16:03:37 (868583949470) STATS - 8.1, 92
2018-11-13 16:03:37 (868584095073) STATS - 8.2, 71
2018-11-13 16:03:37 (868584211675) STATS - 8.3, 55
2018-11-13 16:03:37 (868584331978) STATS - 8.4, 72
2018-11-13 16:03:37 (868584447280) STATS - 8.5, 49
2018-11-13 16:03:37 (868588571665) STATS - 8.6, 50
2018-11-13 16:03:37 (868588743769) STATS - 8.7, 36
2018-11-13 16:03:37 (868588874172) STATS - 8.8, 19
2018-11-13 16:03:37 (868588994074) STATS - 8.9, 28
2018-11-13 16:03:37 (868589106576) STATS - 9.0, 22
2018-11-13 16:03:37 (868589220379) STATS - 9.1, 25
2018-11-13 16:03:37 (868589337981) STATS - 9.2, 18
2018-11-13 16:03:37 (868589453583) STATS - 9.3, 27
2018-11-13 16:03:37 (868589569486) STATS - 9.4, 30
2018-11-13 16:03:37 (868589734989) STATS - 9.5, 27
2018-11-13 16:03:37 (868589850892) STATS - 9.6, 17
2018-11-13 16:03:37 (868589963194) STATS - 9.7, 10
2018-11-13 16:03:37 (868590111597) STATS - 9.8, 18
2018-11-13 16:03:37 (868590227599) STATS - 9.9, 62
2018-11-13 16:03:37 (868590360302) STATS - 10.0, 72
2018-11-13 16:03:37 (868590473305) STATS - 10.1, 18
2018-11-13 16:03:37 (868590584007) STATS - 10.2, 8
2018-11-13 16:03:37 (868590694909) STATS - 10.3, 3
2018-11-13 16:03:37 (868590813012) STATS - 10.4, 3
2018-11-13 16:03:37 (868590924214) STATS - 10.5, 4
2018-11-13 16:03:37 (868591037116) STATS - 10.6, 4
2018-11-13 16:03:37 (868591150119) STATS - 10.7, 11
2018-11-13 16:03:37 (868598089962) STATS - 10.8, 6
2018-11-13 16:03:37 (868598501370) STATS - 10.9, 6
2018-11-13 16:03:37 (868598643473) STATS - 11.0, 5
2018-11-13 16:03:37 (868599067482) STATS - 11.1, 5
2018-11-13 16:03:37 (868599225585) STATS - 11.2, 3
2018-11-13 16:03:37 (868599384088) STATS - 11.3, 10
2018-11-13 16:03:37 (868599497891) STATS - 11.4, 6
2018-11-13 16:03:37 (868599689995) STATS - 11.5, 10
2018-11-13 16:03:37 (868599828398) STATS - 11.6, 1
2018-11-13 16:03:37 (868599939300) STATS - 11.7, 4
2018-11-13 16:03:37 (868600074003) STATS - 11.8, 1
2018-11-13 16:03:37 (868600184205) STATS - 11.9, 1
2018-11-13 16:03:37 (868600292407) STATS - 12.0, 0
2018-11-13 16:03:37 (868600400309) STATS - 12.1, 3
2018-11-13 16:03:37 (868600510112) STATS - 12.2, 1
2018-11-13 16:03:37 (868600618714) STATS - 12.3, 2
2018-11-13 16:03:37 (868606012425) STATS - 12.4, 1
2018-11-13 16:03:37 (868606134628) STATS - 12.5, 1
2018-11-13 16:03:37 (868606247330) STATS - 12.6, 2
2018-11-13 16:03:37 (868606428934) STATS - 12.7, 3
2018-11-13 16:03:37 (868606544336) STATS - 12.8, 1
2018-11-13 16:03:37 (868606694039) STATS - 12.9, 0
2018-11-13 16:03:37 (868606797141) STATS - 13.0, 0
2018-11-13 16:03:37 (868606901944) STATS - 13.1, 2
2018-11-13 16:03:37 (868607008746) STATS - 13.2, 2
2018-11-13 16:03:37 (868607112948) STATS - 13.3, 2
2018-11-13 16:03:37 (868607218150) STATS - 13.4, 2
2018-11-13 16:03:37 (868607358353) STATS - 13.5, 1
2018-11-13 16:03:37 (868607466155) STATS - 13.6, 1
2018-11-13 16:03:37 (868607661559) STATS - 13.7, 1
2018-11-13 16:03:37 (868607781262) STATS - 13.8, 0
2018-11-13 16:03:37 (868607885064) STATS - 13.9, 1
2018-11-13 16:03:37 (868607984866) STATS - 14.0, 0
2018-11-13 16:03:37 (868608109769) STATS - 14.1, 0
2018-11-13 16:03:37 (868608215371) STATS - 14.2, 0
2018-11-13 16:03:37 (868613738485) STATS - 14.3, 0
2018-11-13 16:03:37 (868613921489) STATS - 14.4, 1
2018-11-13 16:03:37 (868614042691) STATS - 14.5, 2
2018-11-13 16:03:37 (868614193394) STATS - 14.6, 0
2018-11-13 16:03:37 (868614319697) STATS - 14.7, 1
2018-11-13 16:03:37 (868614433699) STATS - 14.8, 2
2018-11-13 16:03:37 (868614547101) STATS - 14.9, 0
2018-11-13 16:03:37 (868614657504) STATS - 15.0, 0
2018-11-13 16:03:37 (868614770906) STATS - 15.1, 2
2018-11-13 16:03:37 (868614889908) STATS - 15.2, 2
2018-11-13 16:03:37 (868615026211) STATS - 15.3, 2
2018-11-13 16:03:37 (868615139814) STATS - 15.4, 0
2018-11-13 16:03:37 (868615505621) STATS - 15.5, 0
2018-11-13 16:03:37 (868615631324) STATS - 15.6, 0
2018-11-13 16:03:37 (868615746826) STATS - 15.7, 0
2018-11-13 16:03:37 (868615864029) STATS - 15.8, 3
2018-11-13 16:03:37 (868615983331) STATS - 15.9, 1
2018-11-13 16:03:37 (868616119134) STATS - 16.0, 0
2018-11-13 16:03:37 (868616233536) STATS - 16.1, 1
2018-11-13 16:03:37 (868616353439) STATS - 16.2, 4
2018-11-13 16:03:37 (868616468841) STATS - 16.3, 0
2018-11-13 16:03:37 (868616584243) STATS - 16.4, 0
2018-11-13 16:03:37 (868623518887) STATS - 16.5, 0
2018-11-13 16:03:37 (868623628989) STATS - 16.6, 1
2018-11-13 16:03:37 (868623739991) STATS - 16.7, 0
2018-11-13 16:03:37 (868623880594) STATS - 16.8, 0
2018-11-13 16:03:37 (868623988396) STATS - 16.9, 1
2018-11-13 16:03:37 (868624106599) STATS - 17.0, 0
2018-11-13 16:03:37 (868624290703) STATS - 17.1, 0
2018-11-13 16:03:37 (868624481606) STATS - 17.2, 0
2018-11-13 16:03:37 (868624597809) STATS - 17.3, 0
2018-11-13 16:03:37 (868624704811) STATS - 17.4, 0
2018-11-13 16:03:37 (868624816813) STATS - 17.5, 1
2018-11-13 16:03:37 (868624928316) STATS - 17.6, 0
2018-11-13 16:03:37 (868625033018) STATS - 17.7, 1
2018-11-13 16:03:37 (868625137420) STATS - 17.8, 0
2018-11-13 16:03:37 (868625241022) STATS - 17.9, 0
2018-11-13 16:03:37 (868625350224) STATS - 18.0, 0
2018-11-13 16:03:37 (868625513728) STATS - 18.1, 0
2018-11-13 16:03:37 (868625653431) STATS - 18.2, 0
2018-11-13 16:03:37 (868625837434) STATS - 18.3, 0
2018-11-13 16:03:37 (868626058539) STATS - 18.4, 0
2018-11-13 16:03:37 (868626272643) STATS - 18.5, 1
2018-11-13 16:03:37 (868626392546) STATS - 18.6, 0
2018-11-13 16:03:37 (868626550549) STATS - 18.7, 4
2018-11-13 16:03:37 (868633410291) STATS - 18.8, 1
2018-11-13 16:03:37 (868633546494) STATS - 18.9, 0
2018-11-13 16:03:37 (868633648796) STATS - 19.0, 0
2018-11-13 16:03:37 (868633753598) STATS - 19.1, 0
2018-11-13 16:03:37 (868633856900) STATS - 19.2, 2
2018-11-13 16:03:37 (868633961502) STATS - 19.3, 0
2018-11-13 16:03:37 (868634063204) STATS - 19.4, 2
2018-11-13 16:03:37 (868634164106) STATS - 19.5, 0
2018-11-13 16:03:37 (868634264508) STATS - 19.6, 0
2018-11-13 16:03:37 (868634366510) STATS - 19.7, 0
2018-11-13 16:03:37 (868634509713) STATS - 19.8, 3
2018-11-13 16:03:37 (868634613016) STATS - 19.9, 1
2018-11-13 16:03:37 (868634713418) STATS - 20.0, 2
2018-11-13 16:03:37 (868634836820) STATS - 20.1, 0
2018-11-13 16:03:37 (868634938422) STATS - 20.2, 0
2018-11-13 16:03:37 (868635045925) STATS - 20.3, 0
2018-11-13 16:03:37 (868635149027) STATS - 20.4, 1
2018-11-13 16:03:37 (868635254929) STATS - 20.5, 0
2018-11-13 16:03:37 (868635355331) STATS - 20.6, 0
2018-11-13 16:03:37 (868635455533) STATS - 20.7, 0
2018-11-13 16:03:37 (868635563135) STATS - 20.8, 0
2018-11-13 16:03:37 (868635664937) STATS - 20.9, 1
2018-11-13 16:03:37 (868635763739) STATS - 21.0, 0
2018-11-13 16:03:37 (868635910142) STATS - 21.1, 0
2018-11-13 16:03:37 (868636044345) STATS - 21.2, 1
2018-11-13 16:03:37 (868643086390) STATS - 21.3, 0
2018-11-13 16:03:37 (868643590801) STATS - 21.4, 1
2018-11-13 16:03:37 (868643767005) STATS - 21.5, 2
2018-11-13 16:03:37 (868643874307) STATS - 21.6, 1
2018-11-13 16:03:37 (868643977809) STATS - 21.7, 1
2018-11-13 16:03:37 (868644101711) STATS - 21.8, 0
2018-11-13 16:03:37 (868644228714) STATS - 21.9, 1
2018-11-13 16:03:37 (868645896248) STATS - 22.0, 0
2018-11-13 16:03:37 (868646012351) STATS - 22.1, 1
2018-11-13 16:03:37 (868646126053) STATS - 22.2, 1
2018-11-13 16:03:37 (868646238656) STATS - 22.3, 1
2018-11-13 16:03:37 (868646358758) STATS - 22.4, 1
2018-11-13 16:03:37 (868646471960) STATS - 22.5, 0
2018-11-13 16:03:37 (868646583863) STATS - 22.6, 0
2018-11-13 16:03:37 (868646707565) STATS - 22.7, 0
2018-11-13 16:03:37 (868646823768) STATS - 22.8, 0
2018-11-13 16:03:37 (868646936570) STATS - 22.9, 1
2018-11-13 16:03:37 (868647107573) STATS - 23.0, 1
2018-11-13 16:03:37 (868647210476) STATS - 23.1, 2
2018-11-13 16:03:37 (868647359979) STATS - 23.2, 0
2018-11-13 16:03:37 (868647463781) STATS - 23.3, 0
2018-11-13 16:03:37 (868647572583) STATS - 23.4, 0
2018-11-13 16:03:37 (868647674385) STATS - 23.5, 0
2018-11-13 16:03:37 (868652817691) STATS - 23.6, 0
2018-11-13 16:03:37 (868653114897) STATS - 23.7, 0
2018-11-13 16:03:37 (868653247400) STATS - 23.8, 0
2018-11-13 16:03:37 (868653732110) STATS - 23.9, 0
2018-11-13 16:03:37 (868653916814) STATS - 24.0, 0
2018-11-13 16:03:37 (868654080217) STATS - 24.1, 0
2018-11-13 16:03:37 (868654186220) STATS - 24.2, 0
2018-11-13 16:03:37 (868654291922) STATS - 24.3, 0
2018-11-13 16:03:37 (868654396124) STATS - 24.4, 0
2018-11-13 16:03:37 (868654500126) STATS - 24.5, 0
2018-11-13 16:03:37 (868654604328) STATS - 24.6, 2
2018-11-13 16:03:37 (868654709230) STATS - 24.7, 1
2018-11-13 16:03:37 (868654814833) STATS - 24.8, 0
2018-11-13 16:03:37 (868654925435) STATS - 24.9, 0
2018-11-13 16:03:37 (868655027237) STATS - 25.0, 0
2018-11-13 16:03:37 (868655147139) STATS - 25.1, 0
2018-11-13 16:03:37 (868655269242) STATS - 25.2, 1
2018-11-13 16:03:37 (868655384244) STATS - 25.3, 0
2018-11-13 16:03:37 (868655712351) STATS - 25.4, 1
2018-11-13 16:03:37 (868655856754) STATS - 25.5, 0
2018-11-13 16:03:37 (868655972756) STATS - 25.6, 0
2018-11-13 16:03:37 (868656093259) STATS - 25.7, 0
2018-11-13 16:03:37 (868662692295) STATS - 25.8, 0
2018-11-13 16:03:37 (868662943300) STATS - 25.9, 0
2018-11-13 16:03:37 (868663053403) STATS - 26.0, 2
2018-11-13 16:03:37 (868663155605) STATS - 26.1, 0
2018-11-13 16:03:37 (868663256007) STATS - 26.2, 0
2018-11-13 16:03:37 (868663376509) STATS - 26.3, 0
2018-11-13 16:03:37 (868663477911) STATS - 26.4, 0
2018-11-13 16:03:37 (868663575313) STATS - 26.5, 0
2018-11-13 16:03:37 (868663672415) STATS - 26.6, 1
2018-11-13 16:03:37 (868663767717) STATS - 26.7, 0
2018-11-13 16:03:37 (868663861419) STATS - 26.8, 0
2018-11-13 16:03:37 (868663959121) STATS - 26.9, 0
2018-11-13 16:03:37 (868664066524) STATS - 27.0, 1
2018-11-13 16:03:37 (868664162225) STATS - 27.1, 0
2018-11-13 16:03:37 (868664256527) STATS - 27.2, 2
2018-11-13 16:03:37 (868664442431) STATS - 27.3, 1
2018-11-13 16:03:37 (868664553434) STATS - 27.4, 2
2018-11-13 16:03:37 (868664648436) STATS - 27.5, 1
2018-11-13 16:03:37 (868664779038) STATS - 27.6, 0
2018-11-13 16:03:37 (868664907341) STATS - 27.7, 0
2018-11-13 16:03:37 (868665015643) STATS - 27.8, 0
2018-11-13 16:03:37 (868665122145) STATS - 27.9, 0
2018-11-13 16:03:37 (868665212947) STATS - 28.0, 0
2018-11-13 16:03:37 (868665305549) STATS - 28.1, 1
2018-11-13 16:03:37 (868665398551) STATS - 28.2, 1
2018-11-13 16:03:37 (868665588055) STATS - 28.3, 1
2018-11-13 16:03:37 (868672638700) STATS - 28.4, 0
2018-11-13 16:03:37 (868672738802) STATS - 28.5, 0
2018-11-13 16:03:37 (868672867005) STATS - 28.6, 2
2018-11-13 16:03:37 (868672964107) STATS - 28.7, 1
2018-11-13 16:03:37 (868673055909) STATS - 28.8, 1
2018-11-13 16:03:37 (868673150011) STATS - 28.9, 1
2018-11-13 16:03:37 (868673275314) STATS - 29.0, 1
2018-11-13 16:03:37 (868673386816) STATS - 29.1, 0
2018-11-13 16:03:37 (868673492418) STATS - 29.2, 0
2018-11-13 16:03:37 (868673581220) STATS - 29.3, 3
2018-11-13 16:03:37 (868673688222) STATS - 29.4, 0
2018-11-13 16:03:37 (868673785124) STATS - 29.5, 0
2018-11-13 16:03:37 (868673878226) STATS - 29.6, 2
2018-11-13 16:03:37 (868673978228) STATS - 29.7, 1
2018-11-13 16:03:37 (868674069130) STATS - 29.8, 1
2018-11-13 16:03:37 (868674156932) STATS - 29.9, 2
2018-11-13 16:03:37 (868674277934) STATS - 30.0, 0
2018-11-13 16:03:37 (868674412737) STATS - 30.1, 0
2018-11-13 16:03:37 (868674503339) STATS - 30.2, 2
2018-11-13 16:03:37 (868674598541) STATS - 30.3, 1
2018-11-13 16:03:37 (868674695043) STATS - 30.4, 0
2018-11-13 16:03:37 (868674783845) STATS - 30.5, 0
2018-11-13 16:03:37 (868674870546) STATS - 30.6, 0
2018-11-13 16:03:37 (868674957048) STATS - 30.7, 0
2018-11-13 16:03:37 (868675046050) STATS - 30.8, 0
2018-11-13 16:03:37 (868675136752) STATS - 30.9, 0
2018-11-13 16:03:37 (868675220354) STATS - 31.0, 0
2018-11-13 16:03:37 (868675307256) STATS - 31.1, 0
2018-11-13 16:03:37 (868675393957) STATS - 31.2, 0
2018-11-13 16:03:37 (868682511004) STATS - 31.3, 1
2018-11-13 16:03:37 (868682671608) STATS - 31.4, 0
2018-11-13 16:03:37 (868682769610) STATS - 31.5, 1
2018-11-13 16:03:37 (868682885112) STATS - 31.6, 0
2018-11-13 16:03:37 (868682970714) STATS - 31.7, 0
2018-11-13 16:03:37 (868683054015) STATS - 31.8, 0
2018-11-13 16:03:37 (868683141717) STATS - 31.9, 0
2018-11-13 16:03:37 (868683224519) STATS - 32.0, 0
2018-11-13 16:03:37 (868683307621) STATS - 32.1, 0
2018-11-13 16:03:37 (868683407023) STATS - 32.2, 0
2018-11-13 16:03:37 (868683492224) STATS - 32.3, 0
2018-11-13 16:03:37 (868683574226) STATS - 32.4, 0
2018-11-13 16:03:37 (868683662028) STATS - 32.5, 0
2018-11-13 16:03:37 (868683775530) STATS - 32.6, 0
2018-11-13 16:03:37 (868683861532) STATS - 32.7, 0
2018-11-13 16:03:37 (868683944034) STATS - 32.8, 0
2018-11-13 16:03:37 (868684041836) STATS - 32.9, 0
2018-11-13 16:03:37 (868684122937) STATS - 33.0, 0
2018-11-13 16:03:37 (868684204339) STATS - 33.1, 0
2018-11-13 16:03:37 (868684311141) STATS - 33.2, 0
2018-11-13 16:03:37 (868684396643) STATS - 33.3, 0
2018-11-13 16:03:37 (868684479245) STATS - 33.4, 0
2018-11-13 16:03:37 (868684561347) STATS - 33.5, 0
2018-11-13 16:03:37 (868684642648) STATS - 33.6, 0
2018-11-13 16:03:37 (868684724850) STATS - 33.7, 0
2018-11-13 16:03:37 (868684806752) STATS - 33.8, 0
2018-11-13 16:03:37 (868684888653) STATS - 33.9, 0
2018-11-13 16:03:37 (868684967955) STATS - 34.0, 0
2018-11-13 16:03:37 (868685049557) STATS - 34.1, 0
2018-11-13 16:03:37 (868685131258) STATS - 34.2, 0
2018-11-13 16:03:37 (868685213660) STATS - 34.3, 0
2018-11-13 16:03:37 (868692272406) STATS - 34.4, 0
2018-11-13 16:03:37 (868692488110) STATS - 34.5, 0
2018-11-13 16:03:37 (868692573412) STATS - 34.6, 0
2018-11-13 16:03:37 (868692654014) STATS - 34.7, 0
2018-11-13 16:03:37 (868692732915) STATS - 34.8, 0
2018-11-13 16:03:37 (868692816217) STATS - 34.9, 0
2018-11-13 16:03:37 (868692893318) STATS - 35.0, 0
2018-11-13 16:03:37 (868692975920) STATS - 35.1, 0
2018-11-13 16:03:37 (868693052922) STATS - 35.2, 0
2018-11-13 16:03:37 (868693129823) STATS - 35.3, 1
2018-11-13 16:03:37 (868693210225) STATS - 35.4, 0
2018-11-13 16:03:37 (868693291627) STATS - 35.5, 0
2018-11-13 16:03:37 (868693371828) STATS - 35.6, 0
2018-11-13 16:03:37 (868693448630) STATS - 35.7, 0
2018-11-13 16:03:37 (868693527732) STATS - 35.8, 0
2018-11-13 16:03:37 (868693605933) STATS - 35.9, 0
2018-11-13 16:03:37 (868693721736) STATS - 36.0, 0
2018-11-13 16:03:37 (868693800237) STATS - 36.1, 0
2018-11-13 16:03:37 (868693883639) STATS - 36.2, 0
2018-11-13 16:03:37 (868693962741) STATS - 36.3, 0
2018-11-13 16:03:37 (868694044942) STATS - 36.4, 0
2018-11-13 16:03:37 (868694170345) STATS - 36.5, 0
2018-11-13 16:03:37 (868694254147) STATS - 36.6, 0
2018-11-13 16:03:37 (868694360849) STATS - 36.7, 0
2018-11-13 16:03:37 (868694458551) STATS - 36.8, 0
2018-11-13 16:03:37 (868694540952) STATS - 36.9, 0
2018-11-13 16:03:37 (868694615954) STATS - 37.0, 0
2018-11-13 16:03:37 (868694694256) STATS - 37.1, 0
2018-11-13 16:03:37 (868694770757) STATS - 37.2, 0
2018-11-13 16:03:37 (868694848559) STATS - 37.3, 0
2018-11-13 16:03:37 (868694926160) STATS - 37.4, 0
2018-11-13 16:03:37 (868695009562) STATS - 37.5, 0
2018-11-13 16:03:37 (868695101864) STATS - 37.6, 0
2018-11-13 16:03:37 (868702176610) STATS - 37.7, 0
2018-11-13 16:03:37 (868702487217) STATS - 37.8, 0
2018-11-13 16:03:37 (868702583118) STATS - 37.9, 0
2018-11-13 16:03:37 (868702657020) STATS - 38.0, 0
2018-11-13 16:03:37 (868702730722) STATS - 38.1, 0
2018-11-13 16:03:37 (868702803223) STATS - 38.2, 0
2018-11-13 16:03:37 (868702878825) STATS - 38.3, 0
2018-11-13 16:03:37 (868702955226) STATS - 38.4, 0
2018-11-13 16:03:37 (868703029228) STATS - 38.5, 0
2018-11-13 16:03:37 (868703101529) STATS - 38.6, 0
2018-11-13 16:03:37 (868703173731) STATS - 38.7, 0
2018-11-13 16:03:37 (868703257032) STATS - 38.8, 0
2018-11-13 16:03:37 (868703331634) STATS - 38.9, 0
2018-11-13 16:03:37 (868703400435) STATS - 39.0, 0
2018-11-13 16:03:37 (868703471637) STATS - 39.1, 0
2018-11-13 16:03:37 (868703564339) STATS - 39.2, 0
2018-11-13 16:03:37 (868703643840) STATS - 39.3, 0
2018-11-13 16:03:37 (868703716542) STATS - 39.4, 0
2018-11-13 16:03:37 (868703789243) STATS - 39.5, 0
2018-11-13 16:03:37 (868703861745) STATS - 39.6, 0
2018-11-13 16:03:37 (868703935746) STATS - 39.7, 0
2018-11-13 16:03:37 (868704022348) STATS - 39.8, 0
2018-11-13 16:03:37 (868704100450) STATS - 39.9, 0
2018-11-13 16:03:37 (868704172251) STATS - 40.0, 0
2018-11-13 16:03:37 (868704244353) STATS - 40.1, 0
2018-11-13 16:03:37 (868704317754) STATS - 40.2, 0
2018-11-13 16:03:37 (868704389256) STATS - 40.3, 0
2018-11-13 16:03:37 (868704461057) STATS - 40.4, 0
2018-11-13 16:03:37 (868704532259) STATS - 40.5, 0
2018-11-13 16:03:37 (868704604060) STATS - 40.6, 0
2018-11-13 16:03:37 (868704685062) STATS - 40.7, 0
2018-11-13 16:03:37 (868704757063) STATS - 40.8, 0
2018-11-13 16:03:37 (868704842665) STATS - 40.9, 0
2018-11-13 16:03:37 (868704910667) STATS - 41.0, 0
2018-11-13 16:03:37 (868704981068) STATS - 41.1, 0
2018-11-13 16:03:37 (868705052569) STATS - 41.2, 0
2018-11-13 16:03:37 (868705123071) STATS - 41.3, 0
2018-11-13 16:03:37 (868711998713) STATS - 41.4, 0
2018-11-13 16:03:37 (868712211217) STATS - 41.5, 0
2018-11-13 16:03:37 (868712285919) STATS - 41.6, 0
2018-11-13 16:03:37 (868712354820) STATS - 41.7, 0
2018-11-13 16:03:37 (868712422322) STATS - 41.8, 0
2018-11-13 16:03:37 (868712488623) STATS - 41.9, 0
2018-11-13 16:03:37 (868712554824) STATS - 42.0, 0
2018-11-13 16:03:37 (868712623526) STATS - 42.1, 0
2018-11-13 16:03:37 (868712689027) STATS - 42.2, 0
2018-11-13 16:03:37 (868712754928) STATS - 42.3, 0
2018-11-13 16:03:37 (868712828530) STATS - 42.4, 0
2018-11-13 16:03:37 (868712896331) STATS - 42.5, 0
2018-11-13 16:03:37 (868712961833) STATS - 42.6, 0
2018-11-13 16:03:37 (868713027034) STATS - 42.7, 0
2018-11-13 16:03:37 (868713099636) STATS - 42.8, 0
2018-11-13 16:03:37 (868713235638) STATS - 42.9, 0
2018-11-13 16:03:37 (868713306740) STATS - 43.0, 0
2018-11-13 16:03:37 (868713380441) STATS - 43.1, 0
2018-11-13 16:03:37 (868713455843) STATS - 43.2, 0
2018-11-13 16:03:37 (868713523244) STATS - 43.3, 0
2018-11-13 16:03:37 (868713596446) STATS - 43.4, 0
2018-11-13 16:03:37 (868713661947) STATS - 43.5, 0
2018-11-13 16:03:37 (868713906752) STATS - 43.6, 0
2018-11-13 16:03:37 (868713985754) STATS - 43.7, 0
2018-11-13 16:03:37 (868714057855) STATS - 43.8, 0
2018-11-13 16:03:37 (868714125857) STATS - 43.9, 0
2018-11-13 16:03:37 (868714200858) STATS - 44.0, 0
2018-11-13 16:03:37 (868714269260) STATS - 44.1, 0
2018-11-13 16:03:37 (868714336561) STATS - 44.2, 0
2018-11-13 16:03:37 (868714403562) STATS - 44.3, 0
2018-11-13 16:03:37 (868714471964) STATS - 44.4, 0
2018-11-13 16:03:37 (868714545065) STATS - 44.5, 0
2018-11-13 16:03:37 (868714619567) STATS - 44.6, 0
2018-11-13 16:03:37 (868714687268) STATS - 44.7, 0
2018-11-13 16:03:37 (868714768470) STATS - 44.8, 0
2018-11-13 16:03:37 (868721772415) STATS - 44.9, 0
2018-11-13 16:03:37 (868721901417) STATS - 45.0, 0
2018-11-13 16:03:37 (868721971419) STATS - 45.1, 0
2018-11-13 16:03:37 (868722036120) STATS - 45.2, 0
2018-11-13 16:03:37 (868722100821) STATS - 45.3, 0
2018-11-13 16:03:37 (868722171323) STATS - 45.4, 0
2018-11-13 16:03:37 (868722236724) STATS - 45.5, 0
2018-11-13 16:03:37 (868722300125) STATS - 45.6, 0
2018-11-13 16:03:37 (868722365627) STATS - 45.7, 0
2018-11-13 16:03:37 (868722428928) STATS - 45.8, 0
2018-11-13 16:03:37 (868722493929) STATS - 45.9, 0
2018-11-13 16:03:37 (868722554731) STATS - 46.0, 0
2018-11-13 16:03:37 (868722619032) STATS - 46.1, 0
2018-11-13 16:03:37 (868722682233) STATS - 46.2, 0
2018-11-13 16:03:37 (868722745435) STATS - 46.3, 0
2018-11-13 16:03:37 (868722808636) STATS - 46.4, 0
2018-11-13 16:03:37 (868722872037) STATS - 46.5, 0
2018-11-13 16:03:37 (868722956739) STATS - 46.6, 0
2018-11-13 16:03:37 (868723027040) STATS - 46.7, 0
2018-11-13 16:03:37 (868723090142) STATS - 46.8, 0
2018-11-13 16:03:37 (868723156543) STATS - 46.9, 0
2018-11-13 16:03:37 (868723216644) STATS - 47.0, 0
2018-11-13 16:03:37 (868723278146) STATS - 47.1, 0
2018-11-13 16:03:37 (868723382648) STATS - 47.2, 0
2018-11-13 16:03:37 (868723447549) STATS - 47.3, 0
2018-11-13 16:03:37 (868723509750) STATS - 47.4, 0
2018-11-13 16:03:37 (868723574752) STATS - 47.5, 0
2018-11-13 16:03:37 (868723637653) STATS - 47.6, 0
2018-11-13 16:03:37 (868723700254) STATS - 47.7, 0
2018-11-13 16:03:37 (868723763356) STATS - 47.8, 0
2018-11-13 16:03:37 (868723824957) STATS - 47.9, 0
2018-11-13 16:03:37 (868723883558) STATS - 48.0, 0
2018-11-13 16:03:37 (868723947359) STATS - 48.1, 0
2018-11-13 16:03:37 (868724050062) STATS - 48.2, 0
2018-11-13 16:03:37 (868724148964) STATS - 48.3, 0
2018-11-13 16:03:37 (868724217965) STATS - 48.4, 0
2018-11-13 16:03:37 (868724280466) STATS - 48.5, 0
2018-11-13 16:03:37 (868724342868) STATS - 48.6, 0
2018-11-13 16:03:37 (868724404969) STATS - 48.7, 0
2018-11-13 16:03:37 (868724466270) STATS - 48.8, 0
2018-11-13 16:03:37 (868724527771) STATS - 48.9, 0
2018-11-13 16:03:37 (868724586073) STATS - 49.0, 0
2018-11-13 16:03:37 (868724646374) STATS - 49.1, 0
2018-11-13 16:03:37 (868731668119) STATS - 49.2, 0
2018-11-13 16:03:37 (868731855523) STATS - 49.3, 0
2018-11-13 16:03:37 (868731999026) STATS - 49.4, 0
2018-11-13 16:03:37 (868732280131) STATS - 49.5, 0
2018-11-13 16:03:37 (868732489036) STATS - 49.6, 0
2018-11-13 16:03:37 (868732579238) STATS - 49.7, 0
2018-11-13 16:03:37 (868732660039) STATS - 49.8, 0
2018-11-13 16:03:37 (868732717440) STATS - 49.9, 0
2018-11-13 16:03:37 (868732774942) STATS - 50.0, 0
2018-11-13 16:03:37 (868732849043) STATS - 50.1, 0
2018-11-13 16:03:37 (868732908444) STATS - 50.2, 0
2018-11-13 16:03:37 (868732975346) STATS - 50.3, 0
2018-11-13 16:03:37 (868733031147) STATS - 50.4, 0
2018-11-13 16:03:37 (868733086048) STATS - 50.5, 0
2018-11-13 16:03:37 (868733139349) STATS - 50.6, 0
2018-11-13 16:03:37 (868733192550) STATS - 50.7, 0
2018-11-13 16:03:37 (868733273352) STATS - 50.8, 0
2018-11-13 16:03:37 (868733331653) STATS - 50.9, 0
2018-11-13 16:03:37 (868733382254) STATS - 51.0, 0
2018-11-13 16:03:37 (868733462556) STATS - 51.1, 0
2018-11-13 16:03:37 (868734160670) STATS - 51.2, 0
2018-11-13 16:03:37 (868734573379) STATS - 51.3, 0
2018-11-13 16:03:37 (868734632080) STATS - 51.4, 0
2018-11-13 16:03:37 (868734686181) STATS - 51.5, 0
2018-11-13 16:03:37 (868734743382) STATS - 51.6, 0
2018-11-13 16:03:37 (868734798683) STATS - 51.7, 0
2018-11-13 16:03:37 (868734856985) STATS - 51.8, 0
2018-11-13 16:03:37 (868734910486) STATS - 51.9, 0
2018-11-13 16:03:37 (868734959887) STATS - 52.0, 0
2018-11-13 16:03:37 (868735011688) STATS - 52.1, 0
2018-11-13 16:03:37 (868735063189) STATS - 52.2, 0
2018-11-13 16:03:37 (868735116190) STATS - 52.3, 0
2018-11-13 16:03:37 (868735168591) STATS - 52.4, 0
2018-11-13 16:03:37 (868741442021) STATS - 52.5, 0
2018-11-13 16:03:37 (868741578223) STATS - 52.6, 0
2018-11-13 16:03:37 (868741636225) STATS - 52.7, 0
2018-11-13 16:03:37 (868741688426) STATS - 52.8, 0
2018-11-13 16:03:37 (868741741627) STATS - 52.9, 0
2018-11-13 16:03:37 (868741788928) STATS - 53.0, 0
2018-11-13 16:03:37 (868741838229) STATS - 53.1, 0
2018-11-13 16:03:37 (868741887430) STATS - 53.2, 0
2018-11-13 16:03:37 (868741941431) STATS - 53.3, 0
2018-11-13 16:03:37 (868741990932) STATS - 53.4, 0
2018-11-13 16:03:37 (868742043733) STATS - 53.5, 0
2018-11-13 16:03:37 (868742092234) STATS - 53.6, 0
2018-11-13 16:03:37 (868742140535) STATS - 53.7, 0
2018-11-13 16:03:37 (868742194436) STATS - 53.8, 0
2018-11-13 16:03:37 (868742243637) STATS - 53.9, 0
2018-11-13 16:03:37 (868742290838) STATS - 54.0, 0
2018-11-13 16:03:37 (868742338939) STATS - 54.1, 0
2018-11-13 16:03:37 (868742390440) STATS - 54.2, 0
2018-11-13 16:03:37 (868742441441) STATS - 54.3, 0
2018-11-13 16:03:37 (868742490542) STATS - 54.4, 0
2018-11-13 16:03:37 (868742539843) STATS - 54.5, 0
2018-11-13 16:03:37 (868742588944) STATS - 54.6, 0
2018-11-13 16:03:37 (868742637545) STATS - 54.7, 0
2018-11-13 16:03:37 (868742686346) STATS - 54.8, 0
2018-11-13 16:03:37 (868742734847) STATS - 54.9, 0
2018-11-13 16:03:37 (868742819149) STATS - 55.0, 0
2018-11-13 16:03:37 (868742871350) STATS - 55.1, 0
2018-11-13 16:03:37 (868742919651) STATS - 55.2, 0
2018-11-13 16:03:37 (868742968252) STATS - 55.3, 0
2018-11-13 16:03:37 (868743017153) STATS - 55.4, 0
2018-11-13 16:03:37 (868743066354) STATS - 55.5, 0
2018-11-13 16:03:37 (868743114955) STATS - 55.6, 0
2018-11-13 16:03:37 (868743166256) STATS - 55.7, 0
2018-11-13 16:03:37 (868743218357) STATS - 55.8, 0
2018-11-13 16:03:37 (868743267458) STATS - 55.9, 0
2018-11-13 16:03:37 (868743350060) STATS - 56.0, 0
2018-11-13 16:03:37 (868743402261) STATS - 56.1, 0
2018-11-13 16:03:37 (868743454862) STATS - 56.2, 0
2018-11-13 16:03:37 (868743504363) STATS - 56.3, 0
2018-11-13 16:03:37 (868743556664) STATS - 56.4, 0
2018-11-13 16:03:37 (868743605565) STATS - 56.5, 0
2018-11-13 16:03:37 (868743654266) STATS - 56.6, 0
2018-11-13 16:03:37 (868743702367) STATS - 56.7, 0
2018-11-13 16:03:37 (868743750968) STATS - 56.8, 0
2018-11-13 16:03:37 (868743802569) STATS - 56.9, 0
2018-11-13 16:03:37 (868743850070) STATS - 57.0, 0
2018-11-13 16:03:37 (868743901971) STATS - 57.1, 0
2018-11-13 16:03:37 (868743953772) STATS - 57.2, 0
2018-11-13 16:03:37 (868744015274) STATS - 57.3, 0
2018-11-13 16:03:37 (868744066975) STATS - 57.4, 0
2018-11-13 16:03:37 (868744118976) STATS - 57.5, 0
2018-11-13 16:03:37 (868744168377) STATS - 57.6, 0
2018-11-13 16:03:37 (868744217478) STATS - 57.7, 0
2018-11-13 16:03:37 (868751146921) STATS - 57.8, 0
2018-11-13 16:03:37 (868751359625) STATS - 57.9, 0
2018-11-13 16:03:37 (868751410026) STATS - 58.0, 0
2018-11-13 16:03:37 (868751496428) STATS - 58.1, 0
2018-11-13 16:03:37 (868751547129) STATS - 58.2, 0
2018-11-13 16:03:37 (868751596730) STATS - 58.3, 0
2018-11-13 16:03:37 (868751643231) STATS - 58.4, 0
2018-11-13 16:03:37 (868751689232) STATS - 58.5, 0
2018-11-13 16:03:37 (868751734433) STATS - 58.6, 0
2018-11-13 16:03:37 (868751779434) STATS - 58.7, 0
2018-11-13 16:03:37 (868751824435) STATS - 58.8, 0
2018-11-13 16:03:37 (868751875836) STATS - 58.9, 0
2018-11-13 16:03:37 (868751925137) STATS - 59.0, 0
2018-11-13 16:03:37 (868751970238) STATS - 59.1, 0
2018-11-13 16:03:37 (868752033639) STATS - 59.2, 0
2018-11-13 16:03:37 (868752080740) STATS - 59.3, 0
2018-11-13 16:03:37 (868752125341) STATS - 59.4, 0
2018-11-13 16:03:37 (868752169842) STATS - 59.5, 0
2018-11-13 16:03:37 (868752214043) STATS - 59.6, 0
2018-11-13 16:03:37 (868752292845) STATS - 59.7, 0
2018-11-13 16:03:37 (868752341045) STATS - 59.8, 0
2018-11-13 16:03:37 (868752387046) STATS - 59.9, 0
2018-11-13 16:03:37 (868752431247) STATS - 60.0, 0
2018-11-13 16:03:37 (868752500849) STATS - 60.1, 0
2018-11-13 16:03:37 (868752550850) STATS - 60.2, 0
2018-11-13 16:03:37 (868752596751) STATS - 60.3, 0
2018-11-13 16:03:37 (868752645252) STATS - 60.4, 0
2018-11-13 16:03:37 (868752689953) STATS - 60.5, 0
2018-11-13 16:03:37 (868752734754) STATS - 60.6, 0
2018-11-13 16:03:37 (868752781655) STATS - 60.7, 0
2018-11-13 16:03:37 (868752827856) STATS - 60.8, 0
2018-11-13 16:03:37 (868752872856) STATS - 60.9, 0
2018-11-13 16:03:37 (868752915657) STATS - 61.0, 0
2018-11-13 16:03:37 (868752982559) STATS - 61.1, 0
2018-11-13 16:03:37 (868753033860) STATS - 61.2, 0
2018-11-13 16:03:37 (868753079261) STATS - 61.3, 0
2018-11-13 16:03:37 (868753124562) STATS - 61.4, 0
2018-11-13 16:03:37 (868753169663) STATS - 61.5, 0
2018-11-13 16:03:37 (868753213764) STATS - 61.6, 0
2018-11-13 16:03:37 (868753258664) STATS - 61.7, 0
2018-11-13 16:03:37 (868753303565) STATS - 61.8, 0
2018-11-13 16:03:37 (868753419068) STATS - 61.9, 0
2018-11-13 16:03:37 (868753475869) STATS - 62.0, 0
2018-11-13 16:03:37 (868753522470) STATS - 62.1, 0
2018-11-13 16:03:37 (868753570271) STATS - 62.2, 0
2018-11-13 16:03:37 (868753633272) STATS - 62.3, 0
2018-11-13 16:03:37 (868753690773) STATS - 62.4, 0
2018-11-13 16:03:37 (868753737674) STATS - 62.5, 0
2018-11-13 16:03:37 (868753782875) STATS - 62.6, 0
2018-11-13 16:03:37 (868753827276) STATS - 62.7, 0
2018-11-13 16:03:37 (868753871977) STATS - 62.8, 0
2018-11-13 16:03:37 (868753916378) STATS - 62.9, 0
2018-11-13 16:03:37 (868753959879) STATS - 63.0, 0
2018-11-13 16:03:37 (868754004180) STATS - 63.1, 0
2018-11-13 16:03:37 (868754069881) STATS - 63.2, 0
2018-11-13 16:03:37 (868761101326) STATS - 63.3, 0
2018-11-13 16:03:37 (868761169228) STATS - 63.4, 0
2018-11-13 16:03:37 (868761215729) STATS - 63.5, 0
2018-11-13 16:03:37 (868761258130) STATS - 63.6, 0
2018-11-13 16:03:37 (868761299530) STATS - 63.7, 0
2018-11-13 16:03:37 (868761544735) STATS - 63.8, 0
2018-11-13 16:03:37 (868761635637) STATS - 63.9, 0
2018-11-13 16:03:37 (868761688838) STATS - 64.0, 0
2018-11-13 16:03:37 (868761731939) STATS - 64.1, 0
2018-11-13 16:03:37 (868761776240) STATS - 64.2, 0
2018-11-13 16:03:37 (868761838942) STATS - 64.3, 0
2018-11-13 16:03:37 (868761887843) STATS - 64.4, 0
2018-11-13 16:03:37 (868761930043) STATS - 64.5, 0
2018-11-13 16:03:37 (868761971044) STATS - 64.6, 0
2018-11-13 16:03:37 (868762010845) STATS - 64.7, 0
2018-11-13 16:03:37 (868762050346) STATS - 64.8, 0
2018-11-13 16:03:37 (868762092047) STATS - 64.9, 0
2018-11-13 16:03:37 (868762130748) STATS - 65.0, 0
2018-11-13 16:03:37 (868762170948) STATS - 65.1, 0
2018-11-13 16:03:37 (868762218449) STATS - 65.2, 0
2018-11-13 16:03:37 (868762290651) STATS - 65.3, 0
2018-11-13 16:03:37 (868762334952) STATS - 65.4, 0
2018-11-13 16:03:37 (868762396853) STATS - 65.5, 0
2018-11-13 16:03:37 (868762440254) STATS - 65.6, 0
2018-11-13 16:03:37 (868762480155) STATS - 65.7, 0
2018-11-13 16:03:37 (868762520056) STATS - 65.8, 0
2018-11-13 16:03:37 (868762559356) STATS - 65.9, 0
2018-11-13 16:03:37 (868762597457) STATS - 66.0, 0
2018-11-13 16:03:37 (868762637758) STATS - 66.1, 0
2018-11-13 16:03:37 (868762677359) STATS - 66.2, 0
2018-11-13 16:03:37 (868762716860) STATS - 66.3, 0
2018-11-13 16:03:37 (868762759761) STATS - 66.4, 0
2018-11-13 16:03:37 (868762799261) STATS - 66.5, 0
2018-11-13 16:03:37 (868762838762) STATS - 66.6, 0
2018-11-13 16:03:37 (868762880863) STATS - 66.7, 0
2018-11-13 16:03:37 (868762921064) STATS - 66.8, 0
2018-11-13 16:03:37 (868762960465) STATS - 66.9, 0
2018-11-13 16:03:37 (868762998265) STATS - 67.0, 0
2018-11-13 16:03:37 (868763039966) STATS - 67.1, 0
2018-11-13 16:03:37 (868763080067) STATS - 67.2, 0
2018-11-13 16:03:37 (868763119768) STATS - 67.3, 0
2018-11-13 16:03:37 (868763159169) STATS - 67.4, 0
2018-11-13 16:03:37 (868763198470) STATS - 67.5, 0
2018-11-13 16:03:37 (868763237970) STATS - 67.6, 0
2018-11-13 16:03:37 (868763278171) STATS - 67.7, 0
2018-11-13 16:03:37 (868763318272) STATS - 67.8, 0
2018-11-13 16:03:37 (868763358473) STATS - 67.9, 0
2018-11-13 16:03:37 (868763396774) STATS - 68.0, 0
2018-11-13 16:03:37 (868763436475) STATS - 68.1, 0
2018-11-13 16:03:37 (868763476275) STATS - 68.2, 0
2018-11-13 16:03:37 (868763516676) STATS - 68.3, 0
2018-11-13 16:03:37 (868763556577) STATS - 68.4, 0
2018-11-13 16:03:37 (868763598278) STATS - 68.5, 0
2018-11-13 16:03:37 (868763638679) STATS - 68.6, 0
2018-11-13 16:03:37 (868763677879) STATS - 68.7, 0
2018-11-13 16:03:37 (868763717780) STATS - 68.8, 0
2018-11-13 16:03:37 (868763757281) STATS - 68.9, 0
2018-11-13 16:03:37 (868763794982) STATS - 69.0, 0
2018-11-13 16:03:37 (868770883828) STATS - 69.1, 0
2018-11-13 16:03:37 (868770993530) STATS - 69.2, 0
2018-11-13 16:03:37 (868771040331) STATS - 69.3, 0
2018-11-13 16:03:37 (868771079132) STATS - 69.4, 0
2018-11-13 16:03:37 (868771116333) STATS - 69.5, 0
2018-11-13 16:03:37 (868771152334) STATS - 69.6, 0
2018-11-13 16:03:37 (868771191835) STATS - 69.7, 0
2018-11-13 16:03:37 (868771230635) STATS - 69.8, 0
2018-11-13 16:03:37 (868771266936) STATS - 69.9, 0
2018-11-13 16:03:37 (868771310837) STATS - 70.0, 0
2018-11-13 16:03:37 (868771351438) STATS - 70.1, 0
2018-11-13 16:03:37 (868771388339) STATS - 70.2, 0
2018-11-13 16:03:37 (868771449140) STATS - 70.3, 0
2018-11-13 16:03:37 (868771487941) STATS - 70.4, 0
2018-11-13 16:03:37 (868771523641) STATS - 70.5, 0
2018-11-13 16:03:37 (868771558742) STATS - 70.6, 0
2018-11-13 16:03:37 (868771593243) STATS - 70.7, 0
2018-11-13 16:03:37 (868771639244) STATS - 70.8, 0
2018-11-13 16:03:37 (868771674545) STATS - 70.9, 0
2018-11-13 16:03:37 (868771709145) STATS - 71.0, 0
2018-11-13 16:03:37 (868771744846) STATS - 71.1, 0
2018-11-13 16:03:37 (868771781447) STATS - 71.2, 0
2018-11-13 16:03:37 (868771820848) STATS - 71.3, 0
2018-11-13 16:03:37 (868771856848) STATS - 71.4, 0
2018-11-13 16:03:37 (868771892849) STATS - 71.5, 0
2018-11-13 16:03:37 (868771928350) STATS - 71.6, 0
2018-11-13 16:03:37 (868771963651) STATS - 71.7, 0
2018-11-13 16:03:37 (868771999451) STATS - 71.8, 0
2018-11-13 16:03:37 (868772188155) STATS - 71.9, 0
2018-11-13 16:03:37 (868772225056) STATS - 72.0, 0
2018-11-13 16:03:37 (868772264457) STATS - 72.1, 0
2018-11-13 16:03:37 (868772300057) STATS - 72.2, 0
2018-11-13 16:03:37 (868772335958) STATS - 72.3, 0
2018-11-13 16:03:37 (868772370759) STATS - 72.4, 0
2018-11-13 16:03:37 (868772405660) STATS - 72.5, 0
2018-11-13 16:03:37 (868772440960) STATS - 72.6, 0
2018-11-13 16:03:37 (868772546363) STATS - 72.7, 0
2018-11-13 16:03:37 (868772584563) STATS - 72.8, 0
2018-11-13 16:03:37 (868772620664) STATS - 72.9, 0
2018-11-13 16:03:37 (868772655765) STATS - 73.0, 0
2018-11-13 16:03:37 (868772691966) STATS - 73.1, 0
2018-11-13 16:03:37 (868772727566) STATS - 73.2, 0
2018-11-13 16:03:37 (868772762367) STATS - 73.3, 0
2018-11-13 16:03:37 (868772797568) STATS - 73.4, 0
2018-11-13 16:03:37 (868772832968) STATS - 73.5, 0
2018-11-13 16:03:37 (868772868469) STATS - 73.6, 0
2018-11-13 16:03:37 (868772903270) STATS - 73.7, 0
2018-11-13 16:03:37 (868772938571) STATS - 73.8, 0
2018-11-13 16:03:37 (868772973271) STATS - 73.9, 0
2018-11-13 16:03:37 (868773006972) STATS - 74.0, 0
2018-11-13 16:03:37 (868773042273) STATS - 74.1, 0
2018-11-13 16:03:37 (868773076673) STATS - 74.2, 0
2018-11-13 16:03:37 (868773111474) STATS - 74.3, 0
2018-11-13 16:03:37 (868773149875) STATS - 74.4, 0
2018-11-13 16:03:37 (868773185176) STATS - 74.5, 0
2018-11-13 16:03:37 (868773220876) STATS - 74.6, 0
2018-11-13 16:03:37 (868773255577) STATS - 74.7, 0
2018-11-13 16:03:37 (868773294878) STATS - 74.8, 0
2018-11-13 16:03:37 (868773342679) STATS - 74.9, 0
2018-11-13 16:03:37 (868773408180) STATS - 75.0, 0
2018-11-13 16:03:37 (868773469182) STATS - 75.1, 0
2018-11-13 16:03:37 (868773530683) STATS - 75.2, 0
2018-11-13 16:03:37 (868773569284) STATS - 75.3, 0
2018-11-13 16:03:37 (868773635285) STATS - 75.4, 0
2018-11-13 16:03:37 (868773675186) STATS - 75.5, 0
2018-11-13 16:03:37 (868773712087) STATS - 75.6, 0
2018-11-13 16:03:37 (868781119139) STATS - 75.7, 0
2018-11-13 16:03:37 (868781606450) STATS - 75.8, 0
2018-11-13 16:03:37 (868781651650) STATS - 75.9, 0
2018-11-13 16:03:37 (868781691251) STATS - 76.0, 0
2018-11-13 16:03:37 (868781728652) STATS - 76.1, 0
2018-11-13 16:03:37 (868781762853) STATS - 76.2, 0
2018-11-13 16:03:37 (868781797453) STATS - 76.3, 0
2018-11-13 16:03:37 (868781831454) STATS - 76.4, 0
2018-11-13 16:03:37 (868781864955) STATS - 76.5, 0
2018-11-13 16:03:37 (868781898356) STATS - 76.6, 0
2018-11-13 16:03:37 (868781931556) STATS - 76.7, 0
2018-11-13 16:03:37 (868781965257) STATS - 76.8, 0
2018-11-13 16:03:37 (868782004458) STATS - 76.9, 0
2018-11-13 16:03:37 (868782039058) STATS - 77.0, 0
2018-11-13 16:03:37 (868782122260) STATS - 77.1, 0
2018-11-13 16:03:37 (868782159561) STATS - 77.2, 0
2018-11-13 16:03:37 (868782194062) STATS - 77.3, 0
2018-11-13 16:03:37 (868782227662) STATS - 77.4, 0
2018-11-13 16:03:37 (868782261063) STATS - 77.5, 0
2018-11-13 16:03:37 (868782294964) STATS - 77.6, 0
2018-11-13 16:03:37 (868782328564) STATS - 77.7, 0
2018-11-13 16:03:37 (868782362165) STATS - 77.8, 0
2018-11-13 16:03:37 (868782395266) STATS - 77.9, 0
2018-11-13 16:03:37 (868782427566) STATS - 78.0, 0
2018-11-13 16:03:37 (868782461567) STATS - 78.1, 0
2018-11-13 16:03:37 (868782494868) STATS - 78.2, 0
2018-11-13 16:03:37 (868782535869) STATS - 78.3, 0
2018-11-13 16:03:37 (868782569769) STATS - 78.4, 0
2018-11-13 16:03:37 (868782603170) STATS - 78.5, 0
2018-11-13 16:03:37 (868782636571) STATS - 78.6, 0
2018-11-13 16:03:37 (868782669371) STATS - 78.7, 0
2018-11-13 16:03:37 (868782716772) STATS - 78.8, 0
2018-11-13 16:03:37 (868782753473) STATS - 78.9, 0
2018-11-13 16:03:37 (868782785774) STATS - 79.0, 0
2018-11-13 16:03:37 (868782819475) STATS - 79.1, 0
2018-11-13 16:03:37 (868782852475) STATS - 79.2, 0
2018-11-13 16:03:37 (868782885876) STATS - 79.3, 0
2018-11-13 16:03:37 (868782919177) STATS - 79.4, 0
2018-11-13 16:03:37 (868782954577) STATS - 79.5, 0
2018-11-13 16:03:37 (868782988478) STATS - 79.6, 0
2018-11-13 16:03:37 (868783021979) STATS - 79.7, 0
2018-11-13 16:03:37 (868783057679) STATS - 79.8, 0
2018-11-13 16:03:37 (868783093480) STATS - 79.9, 0
2018-11-13 16:03:37 (868783126181) STATS - 80.0, 0
2018-11-13 16:03:37 (868783173282) STATS - 80.1, 0
2018-11-13 16:03:37 (868783206883) STATS - 80.2, 0
2018-11-13 16:03:37 (868783240383) STATS - 80.3, 0
2018-11-13 16:03:37 (868783274684) STATS - 80.4, 0
2018-11-13 16:03:37 (868783307885) STATS - 80.5, 0
2018-11-13 16:03:37 (868783341285) STATS - 80.6, 0
2018-11-13 16:03:37 (868783374286) STATS - 80.7, 0
2018-11-13 16:03:37 (868783407987) STATS - 80.8, 0
2018-11-13 16:03:37 (868783442887) STATS - 80.9, 0
2018-11-13 16:03:37 (868783475288) STATS - 81.0, 0
2018-11-13 16:03:37 (868783508789) STATS - 81.1, 0
2018-11-13 16:03:37 (868783541689) STATS - 81.2, 0
2018-11-13 16:03:37 (868783574890) STATS - 81.3, 0
2018-11-13 16:03:37 (868783607591) STATS - 81.4, 0
2018-11-13 16:03:37 (868783640692) STATS - 81.5, 0
2018-11-13 16:03:37 (868783674192) STATS - 81.6, 0
2018-11-13 16:03:37 (868783706193) STATS - 81.7, 0
2018-11-13 16:03:37 (868783738994) STATS - 81.8, 0
2018-11-13 16:03:37 (868783772094) STATS - 81.9, 0
2018-11-13 16:03:37 (868783805795) STATS - 82.0, 0
2018-11-13 16:03:37 (868783840096) STATS - 82.1, 0
2018-11-13 16:03:37 (868783873596) STATS - 82.2, 0
2018-11-13 16:03:37 (868783959998) STATS - 82.3, 0
2018-11-13 16:03:37 (868790391131) STATS - 82.4, 0
2018-11-13 16:03:37 (868790531234) STATS - 82.5, 0
2018-11-13 16:03:37 (868790601435) STATS - 82.6, 0
2018-11-13 16:03:37 (868790636336) STATS - 82.7, 0
2018-11-13 16:03:37 (868790666837) STATS - 82.8, 0
2018-11-13 16:03:37 (868790694937) STATS - 82.9, 0
2018-11-13 16:03:37 (868790733538) STATS - 83.0, 0
2018-11-13 16:03:37 (868790766539) STATS - 83.1, 0
2018-11-13 16:03:37 (868790794339) STATS - 83.2, 0
2018-11-13 16:03:37 (868790821640) STATS - 83.3, 0
2018-11-13 16:03:37 (868790848640) STATS - 83.4, 0
2018-11-13 16:03:37 (868790877541) STATS - 83.5, 0
2018-11-13 16:03:37 (868790905041) STATS - 83.6, 0
2018-11-13 16:03:37 (868790954442) STATS - 83.7, 0
2018-11-13 16:03:37 (868790997943) STATS - 83.8, 0
2018-11-13 16:03:37 (868791027444) STATS - 83.9, 0
2018-11-13 16:03:37 (868791072445) STATS - 84.0, 0
2018-11-13 16:03:37 (868791100445) STATS - 84.1, 0
2018-11-13 16:03:37 (868791127346) STATS - 84.2, 0
2018-11-13 16:03:37 (868791154447) STATS - 84.3, 0
2018-11-13 16:03:37 (868791181847) STATS - 84.4, 0
2018-11-13 16:03:37 (868791208648) STATS - 84.5, 0
2018-11-13 16:03:37 (868791235548) STATS - 84.6, 0
2018-11-13 16:03:37 (868791262549) STATS - 84.7, 0
2018-11-13 16:03:37 (868791289349) STATS - 84.8, 0
2018-11-13 16:03:37 (868791315950) STATS - 84.9, 0
2018-11-13 16:03:37 (868791342950) STATS - 85.0, 0
2018-11-13 16:03:37 (868791369951) STATS - 85.1, 0
2018-11-13 16:03:37 (868791396552) STATS - 85.2, 0
2018-11-13 16:03:37 (868791422852) STATS - 85.3, 0
2018-11-13 16:03:37 (868791449153) STATS - 85.4, 0
2018-11-13 16:03:37 (868791475353) STATS - 85.5, 0
2018-11-13 16:03:37 (868791501954) STATS - 85.6, 0
2018-11-13 16:03:37 (868791528054) STATS - 85.7, 0
2018-11-13 16:03:37 (868791554855) STATS - 85.8, 0
2018-11-13 16:03:37 (868791581355) STATS - 85.9, 0
2018-11-13 16:03:37 (868791608056) STATS - 86.0, 0
2018-11-13 16:03:37 (868791634557) STATS - 86.1, 0
2018-11-13 16:03:37 (868791661257) STATS - 86.2, 0
2018-11-13 16:03:37 (868791687958) STATS - 86.3, 0
2018-11-13 16:03:37 (868791714058) STATS - 86.4, 0
2018-11-13 16:03:37 (868791740159) STATS - 86.5, 0
2018-11-13 16:03:37 (868791766659) STATS - 86.6, 0
2018-11-13 16:03:37 (868791792960) STATS - 86.7, 0
2018-11-13 16:03:37 (868791821860) STATS - 86.8, 0
2018-11-13 16:03:37 (868791848261) STATS - 86.9, 0
2018-11-13 16:03:37 (868791875161) STATS - 87.0, 0
2018-11-13 16:03:37 (868791901962) STATS - 87.1, 0
2018-11-13 16:03:37 (868791927863) STATS - 87.2, 0
2018-11-13 16:03:37 (868791954763) STATS - 87.3, 0
2018-11-13 16:03:37 (868791980664) STATS - 87.4, 0
2018-11-13 16:03:37 (868792019864) STATS - 87.5, 0
2018-11-13 16:03:37 (868792051565) STATS - 87.6, 0
2018-11-13 16:03:37 (868792078666) STATS - 87.7, 0
2018-11-13 16:03:37 (868792107766) STATS - 87.8, 0
2018-11-13 16:03:37 (868792161567) STATS - 87.9, 0
2018-11-13 16:03:37 (868792203468) STATS - 88.0, 0
2018-11-13 16:03:37 (868792234669) STATS - 88.1, 0
2018-11-13 16:03:37 (868792262569) STATS - 88.2, 0
2018-11-13 16:03:37 (868792290270) STATS - 88.3, 0
2018-11-13 16:03:37 (868792316971) STATS - 88.4, 0
2018-11-13 16:03:37 (868792343071) STATS - 88.5, 0
2018-11-13 16:03:37 (868792369572) STATS - 88.6, 0
2018-11-13 16:03:37 (868792395872) STATS - 88.7, 0
2018-11-13 16:03:37 (868792421973) STATS - 88.8, 0
2018-11-13 16:03:37 (868792448273) STATS - 88.9, 0
2018-11-13 16:03:37 (868792474974) STATS - 89.0, 0
2018-11-13 16:03:37 (868792501574) STATS - 89.1, 0
2018-11-13 16:03:37 (868792527975) STATS - 89.2, 0
2018-11-13 16:03:37 (868792554776) STATS - 89.3, 0
2018-11-13 16:03:37 (868792581276) STATS - 89.4, 0
2018-11-13 16:03:37 (868792607377) STATS - 89.5, 0
2018-11-13 16:03:37 (868792633777) STATS - 89.6, 0
2018-11-13 16:03:37 (868792660078) STATS - 89.7, 0
2018-11-13 16:03:37 (868792688178) STATS - 89.8, 0
2018-11-13 16:03:37 (868792714879) STATS - 89.9, 0
2018-11-13 16:03:37 (868792741679) STATS - 90.0, 0
2018-11-13 16:03:37 (868792768280) STATS - 90.1, 0
2018-11-13 16:03:37 (868792794580) STATS - 90.2, 0
2018-11-13 16:03:37 (868792822681) STATS - 90.3, 0
2018-11-13 16:03:37 (868792849782) STATS - 90.4, 0
2018-11-13 16:03:37 (868792876082) STATS - 90.5, 0
2018-11-13 16:03:37 (868792904483) STATS - 90.6, 0
2018-11-13 16:03:37 (868792930983) STATS - 90.7, 0
2018-11-13 16:03:37 (868792957084) STATS - 90.8, 0
2018-11-13 16:03:37 (868792982584) STATS - 90.9, 0
2018-11-13 16:03:37 (868793009385) STATS - 91.0, 0
2018-11-13 16:03:37 (868793037085) STATS - 91.1, 0
2018-11-13 16:03:37 (868793063886) STATS - 91.2, 0
2018-11-13 16:03:37 (868793101187) STATS - 91.3, 0
2018-11-13 16:03:37 (868793126587) STATS - 91.4, 0
2018-11-13 16:03:37 (868793151988) STATS - 91.5, 0
2018-11-13 16:03:37 (868793177188) STATS - 91.6, 0
2018-11-13 16:03:37 (868793202489) STATS - 91.7, 0
2018-11-13 16:03:37 (868793272890) STATS - 91.8, 0
2018-11-13 16:03:37 (868793302891) STATS - 91.9, 0
2018-11-13 16:03:37 (868800355937) STATS - 92.0, 0
2018-11-13 16:03:37 (868800523940) STATS - 92.1, 0
2018-11-13 16:03:37 (868800559141) STATS - 92.2, 0
2018-11-13 16:03:37 (868800599642) STATS - 92.3, 0
2018-11-13 16:03:37 (868800633842) STATS - 92.4, 0
2018-11-13 16:03:37 (868800661643) STATS - 92.5, 0
2018-11-13 16:03:37 (868800694544) STATS - 92.6, 0
2018-11-13 16:03:37 (868800721744) STATS - 92.7, 0
2018-11-13 16:03:37 (868800753245) STATS - 92.8, 0
2018-11-13 16:03:37 (868800779745) STATS - 92.9, 0
2018-11-13 16:03:37 (868800826746) STATS - 93.0, 0
2018-11-13 16:03:37 (868800858147) STATS - 93.1, 0
2018-11-13 16:03:37 (868800884647) STATS - 93.2, 0
2018-11-13 16:03:37 (868800911048) STATS - 93.3, 0
2018-11-13 16:03:37 (868800939249) STATS - 93.4, 0
2018-11-13 16:03:37 (868800978349) STATS - 93.5, 0
2018-11-13 16:03:37 (868801007650) STATS - 93.6, 0
2018-11-13 16:03:37 (868801033951) STATS - 93.7, 0
2018-11-13 16:03:37 (868801059751) STATS - 93.8, 0
2018-11-13 16:03:37 (868801085952) STATS - 93.9, 0
2018-11-13 16:03:37 (868801112452) STATS - 94.0, 0
2018-11-13 16:03:37 (868801138753) STATS - 94.1, 0
2018-11-13 16:03:37 (868801164553) STATS - 94.2, 0
2018-11-13 16:03:37 (868801191254) STATS - 94.3, 0
2018-11-13 16:03:37 (868801218954) STATS - 94.4, 0
2018-11-13 16:03:37 (868801252755) STATS - 94.5, 0
2018-11-13 16:03:37 (868801278956) STATS - 94.6, 0
2018-11-13 16:03:37 (868801304956) STATS - 94.7, 0
2018-11-13 16:03:37 (868801330957) STATS - 94.8, 0
2018-11-13 16:03:37 (868801357057) STATS - 94.9, 0
2018-11-13 16:03:37 (868801383158) STATS - 95.0, 0
2018-11-13 16:03:37 (868801409258) STATS - 95.1, 0
2018-11-13 16:03:37 (868801435359) STATS - 95.2, 0
2018-11-13 16:03:37 (868801461259) STATS - 95.3, 0
2018-11-13 16:03:37 (868801489260) STATS - 95.4, 0
2018-11-13 16:03:37 (868801515260) STATS - 95.5, 0
2018-11-13 16:03:37 (868801540761) STATS - 95.6, 0
2018-11-13 16:03:37 (868801566562) STATS - 95.7, 0
2018-11-13 16:03:37 (868801592062) STATS - 95.8, 0
2018-11-13 16:03:37 (868801618063) STATS - 95.9, 0
2018-11-13 16:03:37 (868801644063) STATS - 96.0, 0
2018-11-13 16:03:37 (868801670064) STATS - 96.1, 0
2018-11-13 16:03:37 (868801698264) STATS - 96.2, 0
2018-11-13 16:03:37 (868801724265) STATS - 96.3, 0
2018-11-13 16:03:37 (868801749665) STATS - 96.4, 0
2018-11-13 16:03:37 (868801774966) STATS - 96.5, 0
2018-11-13 16:03:37 (868801802666) STATS - 96.6, 0
2018-11-13 16:03:37 (868801830267) STATS - 96.7, 0
2018-11-13 16:03:37 (868801856467) STATS - 96.8, 0
2018-11-13 16:03:37 (868801882568) STATS - 96.9, 0
2018-11-13 16:03:37 (868801908169) STATS - 97.0, 0
2018-11-13 16:03:37 (868801935969) STATS - 97.1, 0
2018-11-13 16:03:37 (868801961970) STATS - 97.2, 0
2018-11-13 16:03:37 (868801987870) STATS - 97.3, 0
2018-11-13 16:03:37 (868802013271) STATS - 97.4, 0
2018-11-13 16:03:37 (868802038871) STATS - 97.5, 0
2018-11-13 16:03:37 (868802064572) STATS - 97.6, 0
2018-11-13 16:03:37 (868802090272) STATS - 97.7, 0
2018-11-13 16:03:37 (868802115773) STATS - 97.8, 0
2018-11-13 16:03:37 (868802141573) STATS - 97.9, 0
2018-11-13 16:03:37 (868802168274) STATS - 98.0, 0
2018-11-13 16:03:37 (868802194174) STATS - 98.1, 0
2018-11-13 16:03:37 (868802219975) STATS - 98.2, 0
2018-11-13 16:03:37 (868802246176) STATS - 98.3, 0
2018-11-13 16:03:37 (868802272576) STATS - 98.4, 0
2018-11-13 16:03:37 (868802298577) STATS - 98.5, 0
2018-11-13 16:03:37 (868802324377) STATS - 98.6, 0
2018-11-13 16:03:37 (868802350278) STATS - 98.7, 0
2018-11-13 16:03:37 (868802375778) STATS - 98.8, 0
2018-11-13 16:03:37 (868802401379) STATS - 98.9, 0
2018-11-13 16:03:37 (868802427079) STATS - 99.0, 0
2018-11-13 16:03:37 (868802452980) STATS - 99.1, 0
2018-11-13 16:03:37 (868802478280) STATS - 99.2, 0
2018-11-13 16:03:37 (868802503981) STATS - 99.3, 0
2018-11-13 16:03:37 (868802529581) STATS - 99.4, 0
2018-11-13 16:03:37 (868802556982) STATS - 99.5, 0
2018-11-13 16:03:37 (868802583282) STATS - 99.6, 0
2018-11-13 16:03:37 (868802609083) STATS - 99.7, 0
2018-11-13 16:03:37 (868802634884) STATS - 99.8, 0
2018-11-13 16:03:37 (868802660684) STATS - 99.9, 0
2018-11-13 16:03:37 (868802687185) STATS - 100.0, 0
2018-11-13 16:03:37 (868802714585) STATS - 100.1, 0
2018-11-13 16:03:37 (868802740486) STATS - 100.2, 0
2018-11-13 16:03:37 (868802766586) STATS - 100.3, 0
2018-11-13 16:03:37 (868802792187) STATS - 100.4, 0
2018-11-13 16:03:37 (868802818187) STATS - 100.5, 0
2018-11-13 16:03:37 (868802855288) STATS - 100.6, 0
2018-11-13 16:03:37 (868802905389) STATS - 100.7, 0
2018-11-13 16:03:37 (868802947190) STATS - 100.8, 0
2018-11-13 16:03:37 (868802976491) STATS - 100.9, 0
2018-11-13 16:03:37 (868803004091) STATS - 101.0, 0
2018-11-13 16:03:37 (868803030392) STATS - 101.1, 0
2018-11-13 16:03:37 (868803056792) STATS - 101.2, 0
2018-11-13 16:03:37 (868803083093) STATS - 101.3, 0
2018-11-13 16:03:37 (868803108893) STATS - 101.4, 0
2018-11-13 16:03:37 (868803134494) STATS - 101.5, 0
2018-11-13 16:03:37 (868803160094) STATS - 101.6, 0
2018-11-13 16:03:37 (868803185795) STATS - 101.7, 0
2018-11-13 16:03:37 (868810127538) STATS - 101.8, 0
2018-11-13 16:03:37 (868810227640) STATS - 101.9, 0
2018-11-13 16:03:37 (868810267341) STATS - 102.0, 0
2018-11-13 16:03:37 (868810298742) STATS - 102.1, 0
2018-11-13 16:03:37 (868810327042) STATS - 102.2, 0
2018-11-13 16:03:37 (868810357343) STATS - 102.3, 0
2018-11-13 16:03:37 (868810384544) STATS - 102.4, 0
2018-11-13 16:03:37 (868810411844) STATS - 102.5, 0
2018-11-13 16:03:37 (868810439245) STATS - 102.6, 0
2018-11-13 16:03:37 (868810466045) STATS - 102.7, 0
2018-11-13 16:03:37 (868810492946) STATS - 102.8, 0
2018-11-13 16:03:37 (868810519346) STATS - 102.9, 0
2018-11-13 16:03:37 (868810546747) STATS - 103.0, 0
2018-11-13 16:03:37 (868810573547) STATS - 103.1, 0
2018-11-13 16:03:37 (868810600648) STATS - 103.2, 0
2018-11-13 16:03:37 (868810627349) STATS - 103.3, 0
2018-11-13 16:03:37 (868810653549) STATS - 103.4, 0
2018-11-13 16:03:37 (868810680150) STATS - 103.5, 0
2018-11-13 16:03:37 (868810706250) STATS - 103.6, 0
2018-11-13 16:03:37 (868810732651) STATS - 103.7, 0
2018-11-13 16:03:37 (868810761251) STATS - 103.8, 0
2018-11-13 16:03:37 (868810787952) STATS - 103.9, 0
2018-11-13 16:03:37 (868810814652) STATS - 104.0, 0
2018-11-13 16:03:37 (868810841353) STATS - 104.1, 0
2018-11-13 16:03:37 (868810867853) STATS - 104.2, 0
2018-11-13 16:03:37 (868810893954) STATS - 104.3, 0
2018-11-13 16:03:37 (868810925055) STATS - 104.4, 0
2018-11-13 16:03:37 (868810951055) STATS - 104.5, 0
2018-11-13 16:03:37 (868810977756) STATS - 104.6, 0
2018-11-13 16:03:37 (868811003956) STATS - 104.7, 0
2018-11-13 16:03:37 (868811029757) STATS - 104.8, 0
2018-11-13 16:03:37 (868811055957) STATS - 104.9, 0
2018-11-13 16:03:37 (868811082358) STATS - 105.0, 0
2018-11-13 16:03:37 (868811111059) STATS - 105.1, 0
2018-11-13 16:03:37 (868811138759) STATS - 105.2, 0
2018-11-13 16:03:37 (868811166560) STATS - 105.3, 0
2018-11-13 16:03:37 (868811192660) STATS - 105.4, 0
2018-11-13 16:03:37 (868811219061) STATS - 105.5, 0
2018-11-13 16:03:37 (868811245161) STATS - 105.6, 0
2018-11-13 16:03:37 (868811279962) STATS - 105.7, 0
2018-11-13 16:03:37 (868811306063) STATS - 105.8, 0
2018-11-13 16:03:37 (868811339163) STATS - 105.9, 0
2018-11-13 16:03:37 (868811365064) STATS - 106.0, 0
2018-11-13 16:03:37 (868811390964) STATS - 106.1, 0
2018-11-13 16:03:37 (868811418665) STATS - 106.2, 0
2018-11-13 16:03:37 (868811445365) STATS - 106.3, 0
2018-11-13 16:03:37 (868811471566) STATS - 106.4, 0
2018-11-13 16:03:37 (868811497566) STATS - 106.5, 0
2018-11-13 16:03:37 (868811523067) STATS - 106.6, 0
2018-11-13 16:03:37 (868811555368) STATS - 106.7, 0
2018-11-13 16:03:37 (868811581068) STATS - 106.8, 0
2018-11-13 16:03:37 (868811606869) STATS - 106.9, 0
2018-11-13 16:03:37 (868811632969) STATS - 107.0, 0
2018-11-13 16:03:37 (868811868574) STATS - 107.1, 0
2018-11-13 16:03:37 (868812075078) STATS - 107.2, 0
2018-11-13 16:03:37 (868812112379) STATS - 107.3, 0
2018-11-13 16:03:37 (868812139980) STATS - 107.4, 0
2018-11-13 16:03:37 (868812166880) STATS - 107.5, 0
2018-11-13 16:03:37 (868812197081) STATS - 107.6, 0
2018-11-13 16:03:37 (868812259182) STATS - 107.7, 0
2018-11-13 16:03:37 (868812323784) STATS - 107.8, 0
2018-11-13 16:03:37 (868812354684) STATS - 107.9, 0
2018-11-13 16:03:37 (868812382885) STATS - 108.0, 0
2018-11-13 16:03:37 (868812414585) STATS - 108.1, 0
2018-11-13 16:03:37 (868812440786) STATS - 108.2, 0
2018-11-13 16:03:37 (868812465886) STATS - 108.3, 0
2018-11-13 16:03:37 (868812490987) STATS - 108.4, 0
2018-11-13 16:03:37 (868812515487) STATS - 108.5, 0
2018-11-13 16:03:37 (868812540488) STATS - 108.6, 0
2018-11-13 16:03:37 (868812578989) STATS - 108.7, 0
2018-11-13 16:03:37 (868812605189) STATS - 108.8, 0
2018-11-13 16:03:37 (868812629690) STATS - 108.9, 0
2018-11-13 16:03:37 (868812654790) STATS - 109.0, 0
2018-11-13 16:03:37 (868812679291) STATS - 109.1, 0
2018-11-13 16:03:37 (868812722692) STATS - 109.2, 0
2018-11-13 16:03:37 (868812751992) STATS - 109.3, 0
2018-11-13 16:03:37 (868812776693) STATS - 109.4, 0
2018-11-13 16:03:37 (868812803493) STATS - 109.5, 0
2018-11-13 16:03:37 (868812833494) STATS - 109.6, 0
2018-11-13 16:03:37 (868812857395) STATS - 109.7, 0
2018-11-13 16:03:37 (868812881695) STATS - 109.8, 0
2018-11-13 16:03:37 (868812905596) STATS - 109.9, 0
2018-11-13 16:03:37 (868812930996) STATS - 110.0, 0
2018-11-13 16:03:37 (868812955397) STATS - 110.1, 0
2018-11-13 16:03:37 (868812979297) STATS - 110.2, 0
2018-11-13 16:03:37 (868813003198) STATS - 110.3, 0
2018-11-13 16:03:37 (868813026998) STATS - 110.4, 0
2018-11-13 16:03:37 (868813052299) STATS - 110.5, 0
2018-11-13 16:03:37 (868813087699) STATS - 110.6, 0
2018-11-13 16:03:37 (868813114400) STATS - 110.7, 0
2018-11-13 16:03:37 (868813138600) STATS - 110.8, 0
2018-11-13 16:03:37 (868813162301) STATS - 110.9, 0
2018-11-13 16:03:37 (868813186301) STATS - 111.0, 0
2018-11-13 16:03:37 (868813212102) STATS - 111.1, 0
2018-11-13 16:03:37 (868813236202) STATS - 111.2, 0
2018-11-13 16:03:37 (868813260003) STATS - 111.3, 0
2018-11-13 16:03:37 (868819965041) STATS - 111.4, 0
2018-11-13 16:03:37 (868820012542) STATS - 111.5, 0
2018-11-13 16:03:37 (868820043443) STATS - 111.6, 0
2018-11-13 16:03:37 (868820068943) STATS - 111.7, 0
2018-11-13 16:03:37 (868820092944) STATS - 111.8, 0
2018-11-13 16:03:37 (868820116344) STATS - 111.9, 0
2018-11-13 16:03:37 (868820140745) STATS - 112.0, 0
2018-11-13 16:03:37 (868820164045) STATS - 112.1, 0
2018-11-13 16:03:37 (868820186446) STATS - 112.2, 0
2018-11-13 16:03:37 (868820209346) STATS - 112.3, 0
2018-11-13 16:03:37 (868820231447) STATS - 112.4, 0
2018-11-13 16:03:37 (868820253747) STATS - 112.5, 0
2018-11-13 16:03:37 (868820276248) STATS - 112.6, 0
2018-11-13 16:03:37 (868820298548) STATS - 112.7, 0
2018-11-13 16:03:37 (868820320649) STATS - 112.8, 0
2018-11-13 16:03:37 (868820343449) STATS - 112.9, 0
2018-11-13 16:03:37 (868820366150) STATS - 113.0, 0
2018-11-13 16:03:37 (868820389350) STATS - 113.1, 0
2018-11-13 16:03:37 (868820415651) STATS - 113.2, 0
2018-11-13 16:03:37 (868820440551) STATS - 113.3, 0
2018-11-13 16:03:37 (868820462952) STATS - 113.4, 0
2018-11-13 16:03:37 (868821945682) STATS - 113.5, 0
2018-11-13 16:03:37 (868822012284) STATS - 113.6, 0
2018-11-13 16:03:37 (868822046884) STATS - 113.7, 0
2018-11-13 16:03:37 (868822073185) STATS - 113.8, 0
2018-11-13 16:03:37 (868822098385) STATS - 113.9, 0
2018-11-13 16:03:37 (868822122986) STATS - 114.0, 0
2018-11-13 16:03:37 (868822145686) STATS - 114.1, 0
2018-11-13 16:03:37 (868822169187) STATS - 114.2, 0
2018-11-13 16:03:37 (868822191687) STATS - 114.3, 0
2018-11-13 16:03:37 (868822213488) STATS - 114.4, 0
2018-11-13 16:03:37 (868822236188) STATS - 114.5, 0
2018-11-13 16:03:37 (868822258489) STATS - 114.6, 0
2018-11-13 16:03:37 (868822280289) STATS - 114.7, 0
2018-11-13 16:03:37 (868822301889) STATS - 114.8, 0
2018-11-13 16:03:37 (868822323790) STATS - 114.9, 0
2018-11-13 16:03:37 (868822346090) STATS - 115.0, 0
2018-11-13 16:03:37 (868822368491) STATS - 115.1, 0
2018-11-13 16:03:37 (868822390091) STATS - 115.2, 0
2018-11-13 16:03:37 (868822411792) STATS - 115.3, 0
2018-11-13 16:03:37 (868822435192) STATS - 115.4, 0
2018-11-13 16:03:37 (868822457593) STATS - 115.5, 0
2018-11-13 16:03:37 (868822479293) STATS - 115.6, 0
2018-11-13 16:03:37 (868822500994) STATS - 115.7, 0
2018-11-13 16:03:37 (868822522594) STATS - 115.8, 0
2018-11-13 16:03:37 (868822544194) STATS - 115.9, 0
2018-11-13 16:03:37 (868822566095) STATS - 116.0, 0
2018-11-13 16:03:37 (868822587995) STATS - 116.1, 0
2018-11-13 16:03:37 (868822635796) STATS - 116.2, 0
2018-11-13 16:03:37 (868822663897) STATS - 116.3, 0
2018-11-13 16:03:37 (868822686497) STATS - 116.4, 0
2018-11-13 16:03:37 (868822708298) STATS - 116.5, 0
2018-11-13 16:03:37 (868822730198) STATS - 116.6, 0
2018-11-13 16:03:37 (868822752099) STATS - 116.7, 0
2018-11-13 16:03:37 (868822773899) STATS - 116.8, 0
2018-11-13 16:03:37 (868822795300) STATS - 116.9, 0
2018-11-13 16:03:37 (868822817300) STATS - 117.0, 0
2018-11-13 16:03:37 (868822839201) STATS - 117.1, 0
2018-11-13 16:03:37 (868822860501) STATS - 117.2, 0
2018-11-13 16:03:37 (868822925702) STATS - 117.3, 0
2018-11-13 16:03:37 (868822955403) STATS - 117.4, 0
2018-11-13 16:03:37 (868822977703) STATS - 117.5, 0
2018-11-13 16:03:37 (868823002104) STATS - 117.6, 0
2018-11-13 16:03:37 (868823024504) STATS - 117.7, 0
2018-11-13 16:03:37 (868823046105) STATS - 117.8, 0
2018-11-13 16:03:37 (868823084506) STATS - 117.9, 0
2018-11-13 16:03:37 (868823108306) STATS - 118.0, 0
2018-11-13 16:03:37 (868823130307) STATS - 118.1, 0
2018-11-13 16:03:37 (868823151507) STATS - 118.2, 0
2018-11-13 16:03:37 (868823173307) STATS - 118.3, 0
2018-11-13 16:03:37 (868823194508) STATS - 118.4, 0
2018-11-13 16:03:37 (868823215508) STATS - 118.5, 1
2018-11-13 16:03:37 (868823240409) STATS - 118.6, 0
2018-11-13 16:03:37 (868823263309) STATS - 118.7, 0
2018-11-13 16:03:37 (868823284610) STATS - 118.8, 0
2018-11-13 16:03:37 (868823305910) STATS - 118.9, 0
2018-11-13 16:03:37 (868823348211) STATS - 119.0, 0
2018-11-13 16:03:37 (868823385512) STATS - 119.1, 0
2018-11-13 16:03:37 (868823409412) STATS - 119.2, 0
2018-11-13 16:03:37 (868823433013) STATS - 119.3, 0
2018-11-13 16:03:37 (868823454313) STATS - 119.4, 0
2018-11-13 16:03:37 (868823475414) STATS - 119.5, 0
2018-11-13 16:03:37 (868823581216) STATS - 119.6, 0
2018-11-13 16:03:37 (868823605116) STATS - 119.7, 0
2018-11-13 16:03:37 (868823626817) STATS - 119.8, 0
2018-11-13 16:03:37 (868823648417) STATS - 119.9, 0
2018-11-13 16:03:37 (868823671018) STATS - 120.0, 0
2018-11-13 16:03:37 (868823693118) STATS - 120.1, 0
2018-11-13 16:03:37 (868823714519) STATS - 120.2, 0
2018-11-13 16:03:37 (868823736119) STATS - 120.3, 0
2018-11-13 16:03:37 (868823757120) STATS - 120.4, 0
2018-11-13 16:03:37 (868823778320) STATS - 120.5, 0
2018-11-13 16:03:37 (868823800020) STATS - 120.6, 0
2018-11-13 16:03:37 (868823821121) STATS - 120.7, 0
2018-11-13 16:03:37 (868823872022) STATS - 120.8, 0
2018-11-13 16:03:37 (868823915423) STATS - 120.9, 0
2018-11-13 16:03:37 (868823941123) STATS - 121.0, 0
2018-11-13 16:03:37 (868823963024) STATS - 121.1, 0
2018-11-13 16:03:37 (868823986124) STATS - 121.2, 0
2018-11-13 16:03:37 (868824025825) STATS - 121.3, 0
2018-11-13 16:03:37 (868824049626) STATS - 121.4, 0
2018-11-13 16:03:37 (868824070826) STATS - 121.5, 0
2018-11-13 16:03:37 (868824091926) STATS - 121.6, 0
2018-11-13 16:03:37 (868824113227) STATS - 121.7, 0
2018-11-13 16:03:37 (868824137027) STATS - 121.8, 0
2018-11-13 16:03:37 (868824159928) STATS - 121.9, 0
2018-11-13 16:03:37 (868824192929) STATS - 122.0, 0
2018-11-13 16:03:37 (868824215129) STATS - 122.1, 0
2018-11-13 16:03:37 (868829685442) STATS - 122.2, 0
2018-11-13 16:03:37 (868829734843) STATS - 122.3, 0
2018-11-13 16:03:37 (868829761243) STATS - 122.4, 0
2018-11-13 16:03:37 (868829786144) STATS - 122.5, 0
2018-11-13 16:03:37 (868829808644) STATS - 122.6, 0
2018-11-13 16:03:37 (868829830045) STATS - 122.7, 0
2018-11-13 16:03:37 (868829854145) STATS - 122.8, 0
2018-11-13 16:03:37 (868829880446) STATS - 122.9, 0
2018-11-13 16:03:37 (868829902746) STATS - 123.0, 0
2018-11-13 16:03:37 (868829924547) STATS - 123.1, 0
2018-11-13 16:03:37 (868829945447) STATS - 123.2, 0
2018-11-13 16:03:37 (868829966648) STATS - 123.3, 0
2018-11-13 16:03:37 (868829987448) STATS - 123.4, 0
2018-11-13 16:03:37 (868830047149) STATS - 123.5, 0
2018-11-13 16:03:37 (868830072550) STATS - 123.6, 0
2018-11-13 16:03:37 (868830093650) STATS - 123.7, 0
2018-11-13 16:03:37 (868830114751) STATS - 123.8, 0
2018-11-13 16:03:37 (868830135651) STATS - 123.9, 0
2018-11-13 16:03:37 (868830157252) STATS - 124.0, 0
2018-11-13 16:03:37 (868830178052) STATS - 124.1, 0
2018-11-13 16:03:37 (868830198852) STATS - 124.2, 0
2018-11-13 16:03:37 (868830219653) STATS - 124.3, 0
2018-11-13 16:03:37 (868830240153) STATS - 124.4, 0
2018-11-13 16:03:37 (868830268954) STATS - 124.5, 0
2018-11-13 16:03:37 (868830289454) STATS - 124.6, 0
2018-11-13 16:03:37 (868830310555) STATS - 124.7, 0
2018-11-13 16:03:37 (868830331255) STATS - 124.8, 0
2018-11-13 16:03:37 (868830352156) STATS - 124.9, 0
2018-11-13 16:03:37 (868830373156) STATS - 125.0, 0
2018-11-13 16:03:37 (868830394157) STATS - 125.1, 0
2018-11-13 16:03:37 (868830414457) STATS - 125.2, 0
2018-11-13 16:03:37 (868830435157) STATS - 125.3, 0
2018-11-13 16:03:37 (868830455658) STATS - 125.4, 0
2018-11-13 16:03:37 (868830476258) STATS - 125.5, 0
2018-11-13 16:03:37 (868830501559) STATS - 125.6, 0
2018-11-13 16:03:37 (868830522559) STATS - 125.7, 0
2018-11-13 16:03:37 (868830546260) STATS - 125.8, 0
2018-11-13 16:03:37 (868830567160) STATS - 125.9, 0
2018-11-13 16:03:37 (868830589961) STATS - 126.0, 0
2018-11-13 16:03:37 (868830621961) STATS - 126.1, 0
2018-11-13 16:03:37 (868830642962) STATS - 126.2, 0
2018-11-13 16:03:37 (868830687163) STATS - 126.3, 0
2018-11-13 16:03:37 (868830741764) STATS - 126.4, 0
2018-11-13 16:03:37 (868830765564) STATS - 126.5, 0
2018-11-13 16:03:37 (868830786865) STATS - 126.6, 0
2018-11-13 16:03:37 (868830808165) STATS - 126.7, 0
2018-11-13 16:03:37 (868830828765) STATS - 126.8, 0
2018-11-13 16:03:37 (868830849566) STATS - 126.9, 0
2018-11-13 16:03:37 (868830871266) STATS - 127.0, 0
2018-11-13 16:03:37 (868830892167) STATS - 127.1, 0
2018-11-13 16:03:37 (868830912767) STATS - 127.2, 0
2018-11-13 16:03:37 (868830934068) STATS - 127.3, 0
2018-11-13 16:03:37 (868830954368) STATS - 127.4, 0
2018-11-13 16:03:37 (868830974869) STATS - 127.5, 0
2018-11-13 16:03:37 (868830995369) STATS - 127.6, 0
2018-11-13 16:03:37 (868831038170) STATS - 127.7, 0
2018-11-13 16:03:37 (868831061470) STATS - 127.8, 0
2018-11-13 16:03:37 (868831082571) STATS - 127.9, 0
2018-11-13 16:03:37 (868831103571) STATS - 128.0, 0
2018-11-13 16:03:37 (868831124872) STATS - 128.1, 0
2018-11-13 16:03:37 (868831149672) STATS - 128.2, 0
2018-11-13 16:03:37 (868831170373) STATS - 128.3, 0
2018-11-13 16:03:37 (868831190773) STATS - 128.4, 0
2018-11-13 16:03:37 (868831211073) STATS - 128.5, 0
2018-11-13 16:03:37 (868831231474) STATS - 128.6, 0
2018-11-13 16:03:37 (868831252174) STATS - 128.7, 0
2018-11-13 16:03:37 (868831272375) STATS - 128.8, 0
2018-11-13 16:03:37 (868831293075) STATS - 128.9, 0
2018-11-13 16:03:37 (868831314076) STATS - 129.0, 0
2018-11-13 16:03:37 (868831334776) STATS - 129.1, 0
2018-11-13 16:03:37 (868831355576) STATS - 129.2, 0
2018-11-13 16:03:37 (868831376177) STATS - 129.3, 0
2018-11-13 16:03:37 (868831396577) STATS - 129.4, 0
2018-11-13 16:03:37 (868831417378) STATS - 129.5, 0
2018-11-13 16:03:37 (868831437978) STATS - 129.6, 0
2018-11-13 16:03:37 (868831458878) STATS - 129.7, 0
2018-11-13 16:03:37 (868831479379) STATS - 129.8, 0
2018-11-13 16:03:37 (868831499979) STATS - 129.9, 0
2018-11-13 16:03:37 (868831520580) STATS - 130.0, 0
2018-11-13 16:03:37 (868831541480) STATS - 130.1, 0
2018-11-13 16:03:37 (868831562181) STATS - 130.2, 0
2018-11-13 16:03:37 (868831582681) STATS - 130.3, 0
2018-11-13 16:03:37 (868831605682) STATS - 130.4, 0
2018-11-13 16:03:37 (868831626082) STATS - 130.5, 0
2018-11-13 16:03:37 (868831648382) STATS - 130.6, 0
2018-11-13 16:03:37 (868831669583) STATS - 130.7, 0
2018-11-13 16:03:37 (868831689983) STATS - 130.8, 0
2018-11-13 16:03:37 (868831710984) STATS - 130.9, 0
2018-11-13 16:03:37 (868831731984) STATS - 131.0, 0
2018-11-13 16:03:37 (868831754785) STATS - 131.1, 0
2018-11-13 16:03:37 (868831775485) STATS - 131.2, 0
2018-11-13 16:03:37 (868831796285) STATS - 131.3, 0
2018-11-13 16:03:37 (868831816886) STATS - 131.4, 0
2018-11-13 16:03:37 (868831839586) STATS - 131.5, 0
2018-11-13 16:03:37 (868831859987) STATS - 131.6, 0
2018-11-13 16:03:37 (868831880687) STATS - 131.7, 0
2018-11-13 16:03:37 (868831901288) STATS - 131.8, 0
2018-11-13 16:03:37 (868831921788) STATS - 131.9, 0
2018-11-13 16:03:37 (868831942188) STATS - 132.0, 0
2018-11-13 16:03:37 (868831962589) STATS - 132.1, 0
2018-11-13 16:03:37 (868831983089) STATS - 132.2, 0
2018-11-13 16:03:37 (868832065391) STATS - 132.3, 0
2018-11-13 16:03:37 (868832092192) STATS - 132.4, 0
2018-11-13 16:03:37 (868832113292) STATS - 132.5, 0
2018-11-13 16:03:37 (868832134292) STATS - 132.6, 0
2018-11-13 16:03:37 (868832155193) STATS - 132.7, 0
2018-11-13 16:03:37 (868832175593) STATS - 132.8, 0
2018-11-13 16:03:37 (868832196794) STATS - 132.9, 0
2018-11-13 16:03:37 (868832221294) STATS - 133.0, 0
2018-11-13 16:03:37 (868832244795) STATS - 133.1, 0
2018-11-13 16:03:37 (868832280895) STATS - 133.2, 0
2018-11-13 16:03:37 (868832319596) STATS - 133.3, 0
2018-11-13 16:03:37 (868832372097) STATS - 133.4, 0
2018-11-13 16:03:37 (868832405798) STATS - 133.5, 0
2018-11-13 16:03:37 (868832428899) STATS - 133.6, 0
2018-11-13 16:03:37 (868832449399) STATS - 133.7, 0
2018-11-13 16:03:37 (868832469399) STATS - 133.8, 0
2018-11-13 16:03:37 (868839382442) STATS - 133.9, 0
2018-11-13 16:03:37 (868839481244) STATS - 134.0, 0
2018-11-13 16:03:37 (868839505745) STATS - 134.1, 0
2018-11-13 16:03:37 (868839526345) STATS - 134.2, 0
2018-11-13 16:03:37 (868839545945) STATS - 134.3, 0
2018-11-13 16:03:37 (868839564746) STATS - 134.4, 0
2018-11-13 16:03:37 (868839583346) STATS - 134.5, 0
2018-11-13 16:03:37 (868839602047) STATS - 134.6, 0
2018-11-13 16:03:37 (868839620947) STATS - 134.7, 0
2018-11-13 16:03:37 (868839639447) STATS - 134.8, 0
2018-11-13 16:03:37 (868839658048) STATS - 134.9, 0
2018-11-13 16:03:37 (868839683148) STATS - 135.0, 0
2018-11-13 16:03:37 (868839704049) STATS - 135.1, 0
2018-11-13 16:03:37 (868839730049) STATS - 135.2, 0
2018-11-13 16:03:37 (868839748950) STATS - 135.3, 0
2018-11-13 16:03:37 (868839767650) STATS - 135.4, 0
2018-11-13 16:03:37 (868839786150) STATS - 135.5, 0
2018-11-13 16:03:37 (868839811651) STATS - 135.6, 0
2018-11-13 16:03:37 (868839831651) STATS - 135.7, 0
2018-11-13 16:03:37 (868839850552) STATS - 135.8, 0
2018-11-13 16:03:37 (868839869052) STATS - 135.9, 0
2018-11-13 16:03:37 (868839888252) STATS - 136.0, 0
2018-11-13 16:03:37 (868839906753) STATS - 136.1, 0
2018-11-13 16:03:37 (868839925253) STATS - 136.2, 0
2018-11-13 16:03:37 (868839943954) STATS - 136.3, 0
2018-11-13 16:03:37 (868839962254) STATS - 136.4, 0
2018-11-13 16:03:37 (868839980454) STATS - 136.5, 0
2018-11-13 16:03:37 (868839998955) STATS - 136.6, 0
2018-11-13 16:03:37 (868840033355) STATS - 136.7, 0
2018-11-13 16:03:37 (868840052756) STATS - 136.8, 0
2018-11-13 16:03:37 (868840071656) STATS - 136.9, 0
2018-11-13 16:03:37 (868840090657) STATS - 137.0, 0
2018-11-13 16:03:37 (868840109557) STATS - 137.1, 0
2018-11-13 16:03:37 (868840128357) STATS - 137.2, 0
2018-11-13 16:03:37 (868840147058) STATS - 137.3, 0
2018-11-13 16:03:37 (868840167158) STATS - 137.4, 0
2018-11-13 16:03:37 (868840185759) STATS - 137.5, 0
2018-11-13 16:03:37 (868840204859) STATS - 137.6, 0
2018-11-13 16:03:37 (868840223459) STATS - 137.7, 0
2018-11-13 16:03:37 (868840241860) STATS - 137.8, 0
2018-11-13 16:03:37 (868840260860) STATS - 137.9, 0
2018-11-13 16:03:37 (868840281261) STATS - 138.0, 0
2018-11-13 16:03:37 (868840299761) STATS - 138.1, 0
2018-11-13 16:03:37 (868840318361) STATS - 138.2, 0
2018-11-13 16:03:37 (868840336762) STATS - 138.3, 0
2018-11-13 16:03:37 (868840355462) STATS - 138.4, 0
2018-11-13 16:03:37 (868840373862) STATS - 138.5, 0
2018-11-13 16:03:37 (868840392563) STATS - 138.6, 0
2018-11-13 16:03:37 (868840411063) STATS - 138.7, 0
2018-11-13 16:03:37 (868840431764) STATS - 138.8, 0
2018-11-13 16:03:37 (868840454064) STATS - 138.9, 0
2018-11-13 16:03:37 (868840472965) STATS - 139.0, 0
2018-11-13 16:03:37 (868840495565) STATS - 139.1, 0
2018-11-13 16:03:37 (868840565366) STATS - 139.2, 0
2018-11-13 16:03:37 (868840590867) STATS - 139.3, 0
2018-11-13 16:03:37 (868840609967) STATS - 139.4, 0
2018-11-13 16:03:37 (868840629968) STATS - 139.5, 0
2018-11-13 16:03:37 (868840650168) STATS - 139.6, 0
2018-11-13 16:03:37 (868840674669) STATS - 139.7, 0
2018-11-13 16:03:37 (868840693169) STATS - 139.8, 0
2018-11-13 16:03:37 (868840711669) STATS - 139.9, 0
2018-11-13 16:03:37 (868840732470) STATS - 140.0, 0
2018-11-13 16:03:37 (868840751570) STATS - 140.1, 0
2018-11-13 16:03:37 (868840770171) STATS - 140.2, 0
2018-11-13 16:03:37 (868840788971) STATS - 140.3, 0
2018-11-13 16:03:37 (868840807671) STATS - 140.4, 0
2018-11-13 16:03:37 (868840826172) STATS - 140.5, 0
2018-11-13 16:03:37 (868840844372) STATS - 140.6, 0
2018-11-13 16:03:37 (868840862973) STATS - 140.7, 0
2018-11-13 16:03:37 (868840881573) STATS - 140.8, 0
2018-11-13 16:03:37 (868840899873) STATS - 140.9, 0
2018-11-13 16:03:37 (868840945174) STATS - 141.0, 0
2018-11-13 16:03:37 (868840965075) STATS - 141.1, 0
2018-11-13 16:03:37 (868840985675) STATS - 141.2, 0
2018-11-13 16:03:37 (868841004876) STATS - 141.3, 0
2018-11-13 16:03:37 (868841023076) STATS - 141.4, 0
2018-11-13 16:03:37 (868841040976) STATS - 141.5, 0
2018-11-13 16:03:37 (868841059477) STATS - 141.6, 0
2018-11-13 16:03:37 (868841078077) STATS - 141.7, 0
2018-11-13 16:03:37 (868841096277) STATS - 141.8, 0
2018-11-13 16:03:37 (868841113878) STATS - 141.9, 0
2018-11-13 16:03:37 (868841132178) STATS - 142.0, 0
2018-11-13 16:03:37 (868841150179) STATS - 142.1, 0
2018-11-13 16:03:37 (868841168379) STATS - 142.2, 0
2018-11-13 16:03:37 (868841186579) STATS - 142.3, 0
2018-11-13 16:03:37 (868841204680) STATS - 142.4, 0
2018-11-13 16:03:37 (868841222580) STATS - 142.5, 0
2018-11-13 16:03:37 (868841240880) STATS - 142.6, 0
2018-11-13 16:03:37 (868841259681) STATS - 142.7, 0
2018-11-13 16:03:37 (868841277981) STATS - 142.8, 0
2018-11-13 16:03:37 (868841298782) STATS - 142.9, 0
2018-11-13 16:03:37 (868841316982) STATS - 143.0, 0
2018-11-13 16:03:37 (868841335382) STATS - 143.1, 0
2018-11-13 16:03:37 (868841354383) STATS - 143.2, 0
2018-11-13 16:03:37 (868841372883) STATS - 143.3, 0
2018-11-13 16:03:37 (868841391183) STATS - 143.4, 0
2018-11-13 16:03:37 (868841409084) STATS - 143.5, 0
2018-11-13 16:03:37 (868841427184) STATS - 143.6, 0
2018-11-13 16:03:37 (868841445085) STATS - 143.7, 0
2018-11-13 16:03:37 (868841463185) STATS - 143.8, 0
2018-11-13 16:03:37 (868841481285) STATS - 143.9, 0
2018-11-13 16:03:37 (868841499386) STATS - 144.0, 0
2018-11-13 16:03:37 (868841517386) STATS - 144.1, 0
2018-11-13 16:03:37 (868841536586) STATS - 144.2, 0
2018-11-13 16:03:37 (868841554587) STATS - 144.3, 0
2018-11-13 16:03:37 (868841572587) STATS - 144.4, 0
2018-11-13 16:03:37 (868841590788) STATS - 144.5, 0
2018-11-13 16:03:37 (868841608988) STATS - 144.6, 0
2018-11-13 16:03:37 (868841637289) STATS - 144.7, 0
2018-11-13 16:03:37 (868841657889) STATS - 144.8, 0
2018-11-13 16:03:37 (868841675389) STATS - 144.9, 0
2018-11-13 16:03:37 (868841693390) STATS - 145.0, 0
2018-11-13 16:03:37 (868841711090) STATS - 145.1, 0
2018-11-13 16:03:37 (868841729090) STATS - 145.2, 0
2018-11-13 16:03:37 (868841746991) STATS - 145.3, 0
2018-11-13 16:03:37 (868841764591) STATS - 145.4, 0
2018-11-13 16:03:37 (868841781992) STATS - 145.5, 0
2018-11-13 16:03:37 (868841799492) STATS - 145.6, 0
2018-11-13 16:03:37 (868841817392) STATS - 145.7, 0
2018-11-13 16:03:37 (868841834793) STATS - 145.8, 0
2018-11-13 16:03:37 (868841852293) STATS - 145.9, 0
2018-11-13 16:03:37 (868841881894) STATS - 146.0, 0
2018-11-13 16:03:37 (868841902294) STATS - 146.1, 0
2018-11-13 16:03:37 (868841920494) STATS - 146.2, 0
2018-11-13 16:03:37 (868841938295) STATS - 146.3, 0
2018-11-13 16:03:37 (868841955995) STATS - 146.4, 0
2018-11-13 16:03:37 (868841972996) STATS - 146.5, 0
2018-11-13 16:03:37 (868841990396) STATS - 146.6, 0
2018-11-13 16:03:37 (868842008096) STATS - 146.7, 0
2018-11-13 16:03:37 (868842025597) STATS - 146.8, 0
2018-11-13 16:03:37 (868842043197) STATS - 146.9, 0
2018-11-13 16:03:37 (868842060697) STATS - 147.0, 0
2018-11-13 16:03:37 (868842077898) STATS - 147.1, 0
2018-11-13 16:03:37 (868842095498) STATS - 147.2, 0
2018-11-13 16:03:37 (868842112698) STATS - 147.3, 0
2018-11-13 16:03:37 (868842145899) STATS - 147.4, 0
2018-11-13 16:03:37 (868842165299) STATS - 147.5, 0
2018-11-13 16:03:37 (868850706376) STATS - 147.6, 0
2018-11-13 16:03:37 (868850781577) STATS - 147.7, 0
2018-11-13 16:03:37 (868850808678) STATS - 147.8, 0
2018-11-13 16:03:37 (868850827478) STATS - 147.9, 0
2018-11-13 16:03:37 (868850846079) STATS - 148.0, 0
2018-11-13 16:03:37 (868850864679) STATS - 148.1, 0
2018-11-13 16:03:37 (868850881579) STATS - 148.2, 0
2018-11-13 16:03:37 (868850897980) STATS - 148.3, 0
2018-11-13 16:03:37 (868850913980) STATS - 148.4, 0
2018-11-13 16:03:37 (868850930480) STATS - 148.5, 0
2018-11-13 16:03:37 (868850946881) STATS - 148.6, 0
2018-11-13 16:03:37 (868850963381) STATS - 148.7, 0
2018-11-13 16:03:37 (868850979781) STATS - 148.8, 0
2018-11-13 16:03:37 (868850996082) STATS - 148.9, 0
2018-11-13 16:03:37 (868851012682) STATS - 149.0, 0
2018-11-13 16:03:37 (868851029282) STATS - 149.1, 0
2018-11-13 16:03:37 (868851045783) STATS - 149.2, 0
2018-11-13 16:03:37 (868851061983) STATS - 149.3, 0
2018-11-13 16:03:37 (868851077883) STATS - 149.4, 0
2018-11-13 16:03:37 (868851093984) STATS - 149.5, 0
2018-11-13 16:03:37 (868851110284) STATS - 149.6, 0
2018-11-13 16:03:37 (868851126884) STATS - 149.7, 0
2018-11-13 16:03:37 (868851142985) STATS - 149.8, 0
2018-11-13 16:03:37 (868851159185) STATS - 149.9, 0
2018-11-13 16:03:37 (868851184086) STATS - 150.0, 0
2018-11-13 16:03:37 (868851203686) STATS - 150.1, 0
2018-11-13 16:03:37 (868851220186) STATS - 150.2, 0
2018-11-13 16:03:37 (868851236287) STATS - 150.3, 0
2018-11-13 16:03:37 (868851251987) STATS - 150.4, 0
2018-11-13 16:03:37 (868851269387) STATS - 150.5, 0
2018-11-13 16:03:37 (868851285688) STATS - 150.6, 0
2018-11-13 16:03:37 (868851302488) STATS - 150.7, 0
2018-11-13 16:03:37 (868851318488) STATS - 150.8, 0
2018-11-13 16:03:37 (868851336089) STATS - 150.9, 0
2018-11-13 16:03:37 (868851354289) STATS - 151.0, 0
2018-11-13 16:03:37 (868851370289) STATS - 151.1, 0
2018-11-13 16:03:37 (868851386290) STATS - 151.2, 0
2018-11-13 16:03:37 (868851402190) STATS - 151.3, 0
2018-11-13 16:03:37 (868851417790) STATS - 151.4, 0
2018-11-13 16:03:37 (868851433091) STATS - 151.5, 0
2018-11-13 16:03:37 (868851448891) STATS - 151.6, 0
2018-11-13 16:03:37 (868851464891) STATS - 151.7, 0
2018-11-13 16:03:37 (868851482392) STATS - 151.8, 0
2018-11-13 16:03:37 (868851512592) STATS - 151.9, 0
2018-11-13 16:03:37 (868851546393) STATS - 152.0, 0
2018-11-13 16:03:37 (868851574794) STATS - 152.1, 0
2018-11-13 16:03:37 (868851591494) STATS - 152.2, 0
2018-11-13 16:03:37 (868851607394) STATS - 152.3, 0
2018-11-13 16:03:37 (868851623295) STATS - 152.4, 0
2018-11-13 16:03:37 (868851638995) STATS - 152.5, 0
2018-11-13 16:03:37 (868851655095) STATS - 152.6, 0
2018-11-13 16:03:37 (868851671196) STATS - 152.7, 0
2018-11-13 16:03:37 (868851686996) STATS - 152.8, 0
2018-11-13 16:03:37 (868851702396) STATS - 152.9, 0
2018-11-13 16:03:37 (868851718297) STATS - 153.0, 0
2018-11-13 16:03:37 (868851734197) STATS - 153.1, 0
2018-11-13 16:03:37 (868851750397) STATS - 153.2, 0
2018-11-13 16:03:37 (868851765998) STATS - 153.3, 0
2018-11-13 16:03:37 (868851781698) STATS - 153.4, 0
2018-11-13 16:03:37 (868851798798) STATS - 153.5, 0
2018-11-13 16:03:37 (868851817199) STATS - 153.6, 0
2018-11-13 16:03:37 (868851833399) STATS - 153.7, 0
2018-11-13 16:03:37 (868851853699) STATS - 153.8, 0
2018-11-13 16:03:37 (868851868600) STATS - 153.9, 0
2018-11-13 16:03:37 (868851897000) STATS - 154.0, 0
2018-11-13 16:03:37 (868851921401) STATS - 154.1, 0
2018-11-13 16:03:37 (868851936701) STATS - 154.2, 0
2018-11-13 16:03:37 (868851957502) STATS - 154.3, 0
2018-11-13 16:03:37 (868851979502) STATS - 154.4, 0
2018-11-13 16:03:37 (868851996602) STATS - 154.5, 0
2018-11-13 16:03:37 (868852030603) STATS - 154.6, 0
2018-11-13 16:03:37 (868852046503) STATS - 154.7, 0
2018-11-13 16:03:37 (868852061604) STATS - 154.8, 0
2018-11-13 16:03:37 (868852076204) STATS - 154.9, 0
2018-11-13 16:03:37 (868852121305) STATS - 155.0, 0
2018-11-13 16:03:37 (868852140305) STATS - 155.1, 0
2018-11-13 16:03:37 (868852155706) STATS - 155.2, 0
2018-11-13 16:03:37 (868852170306) STATS - 155.3, 0
2018-11-13 16:03:37 (868852184706) STATS - 155.4, 0
2018-11-13 16:03:37 (868852199207) STATS - 155.5, 0
2018-11-13 16:03:37 (868852213807) STATS - 155.6, 0
2018-11-13 16:03:37 (868852228807) STATS - 155.7, 0
2018-11-13 16:03:37 (868852243507) STATS - 155.8, 0
2018-11-13 16:03:37 (868852275708) STATS - 155.9, 0
2018-11-13 16:03:37 (868852292208) STATS - 156.0, 0
2018-11-13 16:03:37 (868852307109) STATS - 156.1, 0
2018-11-13 16:03:37 (868852322009) STATS - 156.2, 0
2018-11-13 16:03:37 (868852341910) STATS - 156.3, 0
2018-11-13 16:03:37 (868852356410) STATS - 156.4, 0
2018-11-13 16:03:37 (868852370910) STATS - 156.5, 0
2018-11-13 16:03:37 (868852385510) STATS - 156.6, 0
2018-11-13 16:03:37 (868852400811) STATS - 156.7, 0
2018-11-13 16:03:37 (868852523813) STATS - 156.8, 0
2018-11-13 16:03:37 (868852539114) STATS - 156.9, 0
2018-11-13 16:03:37 (868852554714) STATS - 157.0, 0
2018-11-13 16:03:37 (868852570214) STATS - 157.1, 0
2018-11-13 16:03:37 (868852585915) STATS - 157.2, 0
2018-11-13 16:03:37 (868852600715) STATS - 157.3, 0
2018-11-13 16:03:37 (868852615215) STATS - 157.4, 0
2018-11-13 16:03:37 (868852629715) STATS - 157.5, 0
2018-11-13 16:03:37 (868852644316) STATS - 157.6, 0
2018-11-13 16:03:37 (868852659116) STATS - 157.7, 0
2018-11-13 16:03:37 (868852673816) STATS - 157.8, 0
2018-11-13 16:03:37 (868852688317) STATS - 157.9, 0
2018-11-13 16:03:37 (868852702917) STATS - 158.0, 0
2018-11-13 16:03:37 (868852717517) STATS - 158.1, 0
2018-11-13 16:03:37 (868852732818) STATS - 158.2, 0
2018-11-13 16:03:37 (868852747718) STATS - 158.3, 0
2018-11-13 16:03:37 (868852762018) STATS - 158.4, 0
2018-11-13 16:03:37 (868852776518) STATS - 158.5, 0
2018-11-13 16:03:37 (868852791019) STATS - 158.6, 0
2018-11-13 16:03:37 (868852805819) STATS - 158.7, 0
2018-11-13 16:03:37 (868852820719) STATS - 158.8, 0
2018-11-13 16:03:37 (868852835120) STATS - 158.9, 0
2018-11-13 16:03:37 (868852883621) STATS - 159.0, 0
2018-11-13 16:03:37 (868852911921) STATS - 159.1, 0
2018-11-13 16:03:37 (868852931222) STATS - 159.2, 0
2018-11-13 16:03:37 (868852945922) STATS - 159.3, 0
2018-11-13 16:03:37 (868852960322) STATS - 159.4, 0
2018-11-13 16:03:37 (868852974323) STATS - 159.5, 0
2018-11-13 16:03:37 (868852988923) STATS - 159.6, 0
2018-11-13 16:03:37 (868853003523) STATS - 159.7, 0
2018-11-13 16:03:37 (868853017823) STATS - 159.8, 0
2018-11-13 16:03:37 (868853031824) STATS - 159.9, 0
2018-11-13 16:03:37 (868853047524) STATS - 160.0, 0
2018-11-13 16:03:37 (868853062324) STATS - 160.1, 0
2018-11-13 16:03:37 (868853077225) STATS - 160.2, 0
2018-11-13 16:03:37 (868853091525) STATS - 160.3, 0
2018-11-13 16:03:37 (868853105625) STATS - 160.4, 0
2018-11-13 16:03:37 (868853119626) STATS - 160.5, 0
2018-11-13 16:03:37 (868853134126) STATS - 160.6, 0
2018-11-13 16:03:37 (868853184727) STATS - 160.7, 0
2018-11-13 16:03:37 (868853201427) STATS - 160.8, 0
2018-11-13 16:03:37 (868853215728) STATS - 160.9, 0
2018-11-13 16:03:37 (868853230528) STATS - 161.0, 0
2018-11-13 16:03:37 (868853245128) STATS - 161.1, 0
2018-11-13 16:03:37 (868853260528) STATS - 161.2, 0
2018-11-13 16:03:37 (868853274729) STATS - 161.3, 0
2018-11-13 16:03:37 (868853288629) STATS - 161.4, 0
2018-11-13 16:03:37 (868853302929) STATS - 161.5, 0
2018-11-13 16:03:37 (868853317230) STATS - 161.6, 0
2018-11-13 16:03:37 (868853331830) STATS - 161.7, 0
2018-11-13 16:03:37 (868853345930) STATS - 161.8, 0
2018-11-13 16:03:37 (868853360031) STATS - 161.9, 0
2018-11-13 16:03:37 (868853374431) STATS - 162.0, 0
2018-11-13 16:03:37 (868853389831) STATS - 162.1, 0
2018-11-13 16:03:37 (868853404531) STATS - 162.2, 0
2018-11-13 16:03:37 (868858781042) STATS - 162.3, 1
2018-11-13 16:03:37 (868858810943) INFO  - END: Middleware stopped.
