2018-11-13 17:09:35 (4826501245013) INFO  - START: Middleware listening on address 10.0.0.4:8888.
2018-11-13 17:11:00 (4911765440230) STATS -  5.00, 3502, 1, 0.565884, 2.680096, 3.380936, 3.380936, 0.000000, 0.000000, 17514, 0, 0, 0.00, 0.00, 0
2018-11-13 17:11:00 (4912024249574) STATS - 10.00, 4133, 1, 0.373447, 2.006402, 2.496349, 2.496349, 0.000000, 0.000000, 20665, 0, 0, 0.00, 0.00, 0
2018-11-13 17:11:00 (4912103504898) STATS - 15.00, 4126, 1, 0.407879, 2.127171, 2.630534, 2.630534, 0.000000, 0.000000, 20633, 0, 0, 0.00, 0.00, 0
2018-11-13 17:11:01 (4912171496964) STATS - 20.00, 4132, 1, 0.359603, 2.287636, 2.770582, 2.770582, 0.000000, 0.000000, 20660, 0, 0, 0.00, 0.00, 0
2018-11-13 17:11:01 (4912236146222) STATS - 25.00, 4305, 1, 0.299820, 2.206215, 2.618059, 2.618059, 0.000000, 0.000000, 21525, 0, 0, 0.00, 0.00, 0
2018-11-13 17:11:01 (4912300991787) STATS - 30.00, 4287, 1, 0.370100, 1.838142, 2.307441, 2.307441, 0.000000, 0.000000, 21439, 0, 0, 0.00, 0.00, 0
2018-11-13 17:11:01 (4912361837824) STATS - 35.00, 4298, 1, 0.334202, 2.219270, 2.666739, 2.666739, 0.000000, 0.000000, 21491, 0, 0, 0.00, 0.00, 0
2018-11-13 17:11:01 (4912418502929) STATS - 40.00, 4088, 1, 0.428831, 2.021286, 2.557125, 2.557125, 0.000000, 0.000000, 20441, 0, 0, 0.00, 0.00, 0
2018-11-13 17:11:01 (4912476390172) STATS - 45.00, 3893, 1, 0.569689, 2.210211, 2.884226, 2.884226, 0.000000, 0.000000, 19468, 0, 0, 0.00, 0.00, 0
2018-11-13 17:11:01 (4912525811146) STATS - 50.00, 4010, 1, 0.464033, 2.294900, 2.865507, 2.865507, 0.000000, 0.000000, 20051, 0, 0, 0.00, 0.00, 0
2018-11-13 17:11:01 (4912567691479) STATS - 55.00, 4215, 1, 0.379219, 2.239914, 2.732207, 2.732207, 0.000000, 0.000000, 21075, 0, 0, 0.00, 0.00, 0
2018-11-13 17:11:01 (4912622088411) STATS - 60.00, 4206, 1, 0.375124, 2.066937, 2.538068, 2.538068, 0.000000, 0.000000, 21031, 0, 0, 0.00, 0.00, 0
2018-11-13 17:11:01 (4912662211589) STATS - 65.00, 4274, 1, 0.313844, 2.219682, 2.664621, 2.664621, 0.000000, 0.000000, 21371, 0, 0, 0.00, 0.00, 0
2018-11-13 17:11:01 (4912700885820) STATS - 70.00, 4336, 1, 0.302037, 2.212979, 2.605798, 2.605798, 0.000000, 0.000000, 21684, 0, 0, 0.00, 0.00, 0
2018-11-13 17:11:01 (4912702797081) STATS - 70.00, 176, 0, 0.161224, 1.862845, 2.131762, 2.131762, 0.000000, 0.000000, 881, 0, 0, 0.00, 0.00, 0
2018-11-13 17:11:01 (4913005356615) STATS - Interval, Responses
2018-11-13 17:11:01 (4913005698126) STATS - 0.1, 0
2018-11-13 17:11:01 (4913005866332) STATS - 0.2, 0
2018-11-13 17:11:01 (4913006068938) STATS - 0.3, 0
2018-11-13 17:11:01 (4913006222643) STATS - 0.4, 0
2018-11-13 17:11:01 (4913006386348) STATS - 0.5, 238
2018-11-13 17:11:01 (4913006567454) STATS - 0.6, 1969
2018-11-13 17:11:01 (4913006716459) STATS - 0.7, 5557
2018-11-13 17:11:01 (4913006866464) STATS - 0.8, 10103
2018-11-13 17:11:01 (4913007059070) STATS - 0.9, 14707
2018-11-13 17:11:01 (4913007208974) STATS - 1.0, 18012
2018-11-13 17:11:01 (4913014436105) STATS - 1.1, 19666
2018-11-13 17:11:01 (4913014617110) STATS - 1.2, 19578
2018-11-13 17:11:01 (4913014793916) STATS - 1.3, 18058
2018-11-13 17:11:01 (4913014973322) STATS - 1.4, 16390
2018-11-13 17:11:01 (4913015148527) STATS - 1.5, 14479
2018-11-13 17:11:01 (4913015323433) STATS - 1.6, 12713
2018-11-13 17:11:01 (4913015469637) STATS - 1.7, 10849
2018-11-13 17:11:01 (4913015614242) STATS - 1.8, 9227
2018-11-13 17:11:01 (4913015774547) STATS - 1.9, 7874
2018-11-13 17:11:01 (4913015919852) STATS - 2.0, 6954
2018-11-13 17:11:01 (4913016078157) STATS - 2.1, 5822
2018-11-13 17:11:01 (4913016224562) STATS - 2.2, 5009
2018-11-13 17:11:01 (4913016371366) STATS - 2.3, 4297
2018-11-13 17:11:01 (4913016606574) STATS - 2.4, 3768
2018-11-13 17:11:01 (4913016984586) STATS - 2.5, 3495
2018-11-13 17:11:01 (4913017176292) STATS - 2.6, 2940
2018-11-13 17:11:01 (4913024451823) STATS - 2.7, 2603
2018-11-13 17:11:01 (4913024603128) STATS - 2.8, 2203
2018-11-13 17:11:01 (4913024745033) STATS - 2.9, 1966
2018-11-13 17:11:01 (4913024965040) STATS - 3.0, 1723
2018-11-13 17:11:01 (4913025135545) STATS - 3.1, 1515
2018-11-13 17:11:01 (4913025276150) STATS - 3.2, 1471
2018-11-13 17:11:01 (4913025415254) STATS - 3.3, 1382
2018-11-13 17:11:01 (4913025557859) STATS - 3.4, 1362
2018-11-13 17:11:01 (4913025697163) STATS - 3.5, 1211
2018-11-13 17:11:01 (4913025875569) STATS - 3.6, 1212
2018-11-13 17:11:01 (4913026040374) STATS - 3.7, 1133
2018-11-13 17:11:01 (4913026199979) STATS - 3.8, 1097
2018-11-13 17:11:01 (4913026342784) STATS - 3.9, 1021
2018-11-13 17:11:01 (4913026481288) STATS - 4.0, 1004
2018-11-13 17:11:01 (4913026619593) STATS - 4.1, 987
2018-11-13 17:11:01 (4913026756097) STATS - 4.2, 939
2018-11-13 17:11:01 (4913026923402) STATS - 4.3, 858
2018-11-13 17:11:01 (4913027066107) STATS - 4.4, 900
2018-11-13 17:11:01 (4913034243535) STATS - 4.5, 995
2018-11-13 17:11:01 (4913034452042) STATS - 4.6, 913
2018-11-13 17:11:01 (4913034591346) STATS - 4.7, 803
2018-11-13 17:11:01 (4913034726051) STATS - 4.8, 848
2018-11-13 17:11:01 (4913034853355) STATS - 4.9, 900
2018-11-13 17:11:01 (4913034973359) STATS - 5.0, 920
2018-11-13 17:11:01 (4913035094462) STATS - 5.1, 910
2018-11-13 17:11:01 (4913035228867) STATS - 5.2, 966
2018-11-13 17:11:01 (4913035365071) STATS - 5.3, 945
2018-11-13 17:11:01 (4913035497375) STATS - 5.4, 979
2018-11-13 17:11:01 (4913035622279) STATS - 5.5, 955
2018-11-13 17:11:01 (4913035745483) STATS - 5.6, 984
2018-11-13 17:11:01 (4913036135196) STATS - 5.7, 983
2018-11-13 17:11:01 (4913036293001) STATS - 5.8, 1096
2018-11-13 17:11:01 (4913036426505) STATS - 5.9, 1076
2018-11-13 17:11:01 (4913036549209) STATS - 6.0, 1117
2018-11-13 17:11:01 (4913036721114) STATS - 6.1, 1101
2018-11-13 17:11:01 (4913036842818) STATS - 6.2, 998
2018-11-13 17:11:01 (4913036966022) STATS - 6.3, 954
2018-11-13 17:11:01 (4913037151228) STATS - 6.4, 961
2018-11-13 17:11:01 (4913037374635) STATS - 6.5, 876
2018-11-13 17:11:01 (4913037512039) STATS - 6.6, 918
2018-11-13 17:11:01 (4913037655844) STATS - 6.7, 830
2018-11-13 17:11:01 (4913037775748) STATS - 6.8, 845
2018-11-13 17:11:01 (4913037900452) STATS - 6.9, 841
2018-11-13 17:11:01 (4913038030656) STATS - 7.0, 840
2018-11-13 17:11:01 (4913038151860) STATS - 7.1, 978
2018-11-13 17:11:01 (4913038294264) STATS - 7.2, 1399
2018-11-13 17:11:01 (4913038413168) STATS - 7.3, 1540
2018-11-13 17:11:01 (4913038538472) STATS - 7.4, 1616
2018-11-13 17:11:01 (4913038660076) STATS - 7.5, 1696
2018-11-13 17:11:01 (4913038781180) STATS - 7.6, 1691
2018-11-13 17:11:01 (4913038903584) STATS - 7.7, 1673
2018-11-13 17:11:01 (4913046019910) STATS - 7.8, 1628
2018-11-13 17:11:01 (4913046147914) STATS - 7.9, 1476
2018-11-13 17:11:01 (4913046260518) STATS - 8.0, 1379
2018-11-13 17:11:01 (4913046409423) STATS - 8.1, 1183
2018-11-13 17:11:01 (4913046524626) STATS - 8.2, 1133
2018-11-13 17:11:01 (4913046643030) STATS - 8.3, 1018
2018-11-13 17:11:01 (4913046757634) STATS - 8.4, 804
2018-11-13 17:11:01 (4913046870837) STATS - 8.5, 721
2018-11-13 17:11:01 (4913046992741) STATS - 8.6, 559
2018-11-13 17:11:01 (4913047140846) STATS - 8.7, 452
2018-11-13 17:11:01 (4913047261250) STATS - 8.8, 394
2018-11-13 17:11:01 (4913047374053) STATS - 8.9, 305
2018-11-13 17:11:01 (4913047485457) STATS - 9.0, 266
2018-11-13 17:11:01 (4913047598661) STATS - 9.1, 282
2018-11-13 17:11:01 (4913047717164) STATS - 9.2, 284
2018-11-13 17:11:01 (4913047830368) STATS - 9.3, 290
2018-11-13 17:11:01 (4913047943872) STATS - 9.4, 306
2018-11-13 17:11:01 (4913048100077) STATS - 9.5, 283
2018-11-13 17:11:01 (4913048246481) STATS - 9.6, 322
2018-11-13 17:11:01 (4913048397686) STATS - 9.7, 382
2018-11-13 17:11:01 (4913048532990) STATS - 9.8, 446
2018-11-13 17:11:01 (4913048650494) STATS - 9.9, 415
2018-11-13 17:11:01 (4913048774298) STATS - 10.0, 242
2018-11-13 17:11:01 (4913056216335) STATS - 10.1, 167
2018-11-13 17:11:01 (4913056352639) STATS - 10.2, 124
2018-11-13 17:11:01 (4913056466643) STATS - 10.3, 112
2018-11-13 17:11:01 (4913056584747) STATS - 10.4, 109
2018-11-13 17:11:01 (4913056725151) STATS - 10.5, 84
2018-11-13 17:11:01 (4913056845955) STATS - 10.6, 79
2018-11-13 17:11:01 (4913056987460) STATS - 10.7, 75
2018-11-13 17:11:01 (4913057124964) STATS - 10.8, 99
2018-11-13 17:11:01 (4913057308670) STATS - 10.9, 80
2018-11-13 17:11:01 (4913057520476) STATS - 11.0, 76
2018-11-13 17:11:01 (4913057685482) STATS - 11.1, 88
2018-11-13 17:11:01 (4913057829086) STATS - 11.2, 44
2018-11-13 17:11:01 (4913057948790) STATS - 11.3, 70
2018-11-13 17:11:01 (4913058082094) STATS - 11.4, 71
2018-11-13 17:11:01 (4913058187598) STATS - 11.5, 63
2018-11-13 17:11:01 (4913058293301) STATS - 11.6, 50
2018-11-13 17:11:01 (4913058397904) STATS - 11.7, 60
2018-11-13 17:11:01 (4913058550209) STATS - 11.8, 54
2018-11-13 17:11:01 (4913064684505) STATS - 11.9, 56
2018-11-13 17:11:01 (4913064800308) STATS - 12.0, 46
2018-11-13 17:11:01 (4913064914412) STATS - 12.1, 60
2018-11-13 17:11:01 (4913065028316) STATS - 12.2, 64
2018-11-13 17:11:01 (4913065140619) STATS - 12.3, 51
2018-11-13 17:11:01 (4913065254223) STATS - 12.4, 48
2018-11-13 17:11:01 (4913065369926) STATS - 12.5, 43
2018-11-13 17:11:01 (4913065483130) STATS - 12.6, 46
2018-11-13 17:11:01 (4913065602034) STATS - 12.7, 40
2018-11-13 17:11:01 (4913065852342) STATS - 12.8, 25
2018-11-13 17:11:01 (4913066099050) STATS - 12.9, 32
2018-11-13 17:11:01 (4913066216153) STATS - 13.0, 29
2018-11-13 17:11:01 (4913066331357) STATS - 13.1, 44
2018-11-13 17:11:01 (4913066448061) STATS - 13.2, 36
2018-11-13 17:11:01 (4913066561564) STATS - 13.3, 17
2018-11-13 17:11:01 (4913066673668) STATS - 13.4, 30
2018-11-13 17:11:01 (4913066784971) STATS - 13.5, 39
2018-11-13 17:11:01 (4913066896875) STATS - 13.6, 26
2018-11-13 17:11:01 (4913067008779) STATS - 13.7, 32
2018-11-13 17:11:01 (4913067120382) STATS - 13.8, 36
2018-11-13 17:11:01 (4913067232386) STATS - 13.9, 37
2018-11-13 17:11:01 (4913067344189) STATS - 14.0, 28
2018-11-13 17:11:01 (4913067457393) STATS - 14.1, 12
2018-11-13 17:11:01 (4913067572597) STATS - 14.2, 16
2018-11-13 17:11:01 (4913074430515) STATS - 14.3, 18
2018-11-13 17:11:01 (4913074642222) STATS - 14.4, 17
2018-11-13 17:11:01 (4913074752125) STATS - 14.5, 26
2018-11-13 17:11:01 (4913074857729) STATS - 14.6, 14
2018-11-13 17:11:01 (4913074961132) STATS - 14.7, 16
2018-11-13 17:11:01 (4913075062235) STATS - 14.8, 20
2018-11-13 17:11:01 (4913075161538) STATS - 14.9, 22
2018-11-13 17:11:01 (4913075275642) STATS - 15.0, 12
2018-11-13 17:11:01 (4913075378345) STATS - 15.1, 20
2018-11-13 17:11:01 (4913076414178) STATS - 15.2, 10
2018-11-13 17:11:01 (4913076519181) STATS - 15.3, 8
2018-11-13 17:11:01 (4913076619485) STATS - 15.4, 7
2018-11-13 17:11:01 (4913076862492) STATS - 15.5, 13
2018-11-13 17:11:01 (4913076995597) STATS - 15.6, 11
2018-11-13 17:11:01 (4913077103600) STATS - 15.7, 15
2018-11-13 17:11:01 (4913077206003) STATS - 15.8, 10
2018-11-13 17:11:01 (4913077309007) STATS - 15.9, 9
2018-11-13 17:11:01 (4913077407610) STATS - 16.0, 14
2018-11-13 17:11:01 (4913077545514) STATS - 16.1, 19
2018-11-13 17:11:01 (4913084209926) STATS - 16.2, 7
2018-11-13 17:11:01 (4913084448834) STATS - 16.3, 13
2018-11-13 17:11:01 (4913084598939) STATS - 16.4, 18
2018-11-13 17:11:01 (4913084705142) STATS - 16.5, 21
2018-11-13 17:11:01 (4913084804845) STATS - 16.6, 10
2018-11-13 17:11:01 (4913084904548) STATS - 16.7, 14
2018-11-13 17:11:01 (4913085008752) STATS - 16.8, 19
2018-11-13 17:11:01 (4913085108355) STATS - 16.9, 9
2018-11-13 17:11:01 (4913085205458) STATS - 17.0, 7
2018-11-13 17:11:01 (4913085305461) STATS - 17.1, 14
2018-11-13 17:11:01 (4913085406864) STATS - 17.2, 10
2018-11-13 17:11:01 (4913085516368) STATS - 17.3, 11
2018-11-13 17:11:01 (4913085617371) STATS - 17.4, 4
2018-11-13 17:11:01 (4913085721374) STATS - 17.5, 13
2018-11-13 17:11:01 (4913085828178) STATS - 17.6, 14
2018-11-13 17:11:01 (4913085927681) STATS - 17.7, 8
2018-11-13 17:11:01 (4913086026584) STATS - 17.8, 9
2018-11-13 17:11:01 (4913086129087) STATS - 17.9, 11
2018-11-13 17:11:01 (4913086227591) STATS - 18.0, 10
2018-11-13 17:11:01 (4913086693405) STATS - 18.1, 16
2018-11-13 17:11:01 (4913086791009) STATS - 18.2, 9
2018-11-13 17:11:01 (4913086920213) STATS - 18.3, 9
2018-11-13 17:11:01 (4913087021616) STATS - 18.4, 9
2018-11-13 17:11:01 (4913094124742) STATS - 18.5, 5
2018-11-13 17:11:01 (4913094298048) STATS - 18.6, 4
2018-11-13 17:11:01 (4913094404451) STATS - 18.7, 4
2018-11-13 17:11:01 (4913094529055) STATS - 18.8, 5
2018-11-13 17:11:01 (4913094631458) STATS - 18.9, 3
2018-11-13 17:11:01 (4913094726861) STATS - 19.0, 2
2018-11-13 17:11:01 (4913094835565) STATS - 19.1, 4
2018-11-13 17:11:01 (4913094930568) STATS - 19.2, 6
2018-11-13 17:11:01 (4913095119374) STATS - 19.3, 7
2018-11-13 17:11:01 (4913095248278) STATS - 19.4, 8
2018-11-13 17:11:01 (4913095377182) STATS - 19.5, 6
2018-11-13 17:11:01 (4913095478185) STATS - 19.6, 7
2018-11-13 17:11:01 (4913095619490) STATS - 19.7, 6
2018-11-13 17:11:01 (4913095741394) STATS - 19.8, 5
2018-11-13 17:11:01 (4913095840997) STATS - 19.9, 1
2018-11-13 17:11:01 (4913095940700) STATS - 20.0, 5
2018-11-13 17:11:01 (4913096054803) STATS - 20.1, 1
2018-11-13 17:11:01 (4913096152207) STATS - 20.2, 2
2018-11-13 17:11:01 (4913096321912) STATS - 20.3, 4
2018-11-13 17:11:01 (4913096449016) STATS - 20.4, 6
2018-11-13 17:11:01 (4913096546919) STATS - 20.5, 7
2018-11-13 17:11:01 (4913096640722) STATS - 20.6, 12
2018-11-13 17:11:01 (4913096734325) STATS - 20.7, 6
2018-11-13 17:11:01 (4913096828728) STATS - 20.8, 10
2018-11-13 17:11:01 (4913096923731) STATS - 20.9, 15
2018-11-13 17:11:01 (4913097015534) STATS - 21.0, 11
2018-11-13 17:11:01 (4913104188562) STATS - 21.1, 8
2018-11-13 17:11:01 (4913104298366) STATS - 21.2, 8
2018-11-13 17:11:01 (4913104395169) STATS - 21.3, 1
2018-11-13 17:11:01 (4913104488772) STATS - 21.4, 2
2018-11-13 17:11:01 (4913104580875) STATS - 21.5, 5
2018-11-13 17:11:01 (4913104677978) STATS - 21.6, 8
2018-11-13 17:11:01 (4913104808382) STATS - 21.7, 1
2018-11-13 17:11:01 (4913104922286) STATS - 21.8, 6
2018-11-13 17:11:01 (4913105014789) STATS - 21.9, 8
2018-11-13 17:11:01 (4913105103792) STATS - 22.0, 8
2018-11-13 17:11:01 (4913105194095) STATS - 22.1, 12
2018-11-13 17:11:01 (4913105285997) STATS - 22.2, 14
2018-11-13 17:11:01 (4913105376700) STATS - 22.3, 8
2018-11-13 17:11:01 (4913105467803) STATS - 22.4, 7
2018-11-13 17:11:01 (4913105584207) STATS - 22.5, 7
2018-11-13 17:11:01 (4913105676310) STATS - 22.6, 7
2018-11-13 17:11:01 (4913105772413) STATS - 22.7, 6
2018-11-13 17:11:01 (4913105867216) STATS - 22.8, 7
2018-11-13 17:11:01 (4913105991820) STATS - 22.9, 2
2018-11-13 17:11:01 (4913106081323) STATS - 23.0, 1
2018-11-13 17:11:01 (4913106171826) STATS - 23.1, 3
2018-11-13 17:11:01 (4913106312530) STATS - 23.2, 4
2018-11-13 17:11:01 (4913106406833) STATS - 23.3, 8
2018-11-13 17:11:01 (4913106505736) STATS - 23.4, 11
2018-11-13 17:11:01 (4913106597339) STATS - 23.5, 9
2018-11-13 17:11:01 (4913106899249) STATS - 23.6, 12
2018-11-13 17:11:01 (4913107128556) STATS - 23.7, 7
2018-11-13 17:11:01 (4913114128579) STATS - 23.8, 6
2018-11-13 17:11:01 (4913114262483) STATS - 23.9, 6
2018-11-13 17:11:01 (4913114498391) STATS - 24.0, 5
2018-11-13 17:11:01 (4913114611294) STATS - 24.1, 5
2018-11-13 17:11:01 (4913114703097) STATS - 24.2, 5
2018-11-13 17:11:01 (4913114817301) STATS - 24.3, 5
2018-11-13 17:11:01 (4913114909404) STATS - 24.4, 7
2018-11-13 17:11:01 (4913114999007) STATS - 24.5, 10
2018-11-13 17:11:01 (4913115087310) STATS - 24.6, 7
2018-11-13 17:11:01 (4913115231914) STATS - 24.7, 13
2018-11-13 17:11:01 (4913115323517) STATS - 24.8, 11
2018-11-13 17:11:01 (4913115412320) STATS - 24.9, 14
2018-11-13 17:11:01 (4913115497823) STATS - 25.0, 12
2018-11-13 17:11:01 (4913115584425) STATS - 25.1, 5
2018-11-13 17:11:01 (4913115675328) STATS - 25.2, 11
2018-11-13 17:11:01 (4913115764731) STATS - 25.3, 6
2018-11-13 17:11:01 (4913115851234) STATS - 25.4, 9
2018-11-13 17:11:01 (4913115940337) STATS - 25.5, 6
2018-11-13 17:11:01 (4913116049140) STATS - 25.6, 7
2018-11-13 17:11:01 (4913116139443) STATS - 25.7, 3
2018-11-13 17:11:01 (4913116226246) STATS - 25.8, 8
2018-11-13 17:11:01 (4913116317649) STATS - 25.9, 13
2018-11-13 17:11:01 (4913116471854) STATS - 26.0, 6
2018-11-13 17:11:01 (4913116596558) STATS - 26.1, 5
2018-11-13 17:11:01 (4913123431475) STATS - 26.2, 8
2018-11-13 17:11:01 (4913123524978) STATS - 26.3, 6
2018-11-13 17:11:01 (4913123610181) STATS - 26.4, 7
2018-11-13 17:11:01 (4913123703684) STATS - 26.5, 2
2018-11-13 17:11:01 (4913123847288) STATS - 26.6, 3
2018-11-13 17:11:01 (4913123960692) STATS - 26.7, 7
2018-11-13 17:11:01 (4913124146598) STATS - 26.8, 7
2018-11-13 17:11:01 (4913124262802) STATS - 26.9, 15
2018-11-13 17:11:01 (4913124352105) STATS - 27.0, 11
2018-11-13 17:11:01 (4913124479609) STATS - 27.1, 11
2018-11-13 17:11:01 (4913124592712) STATS - 27.2, 13
2018-11-13 17:11:01 (4913124685515) STATS - 27.3, 7
2018-11-13 17:11:01 (4913125348736) STATS - 27.4, 16
2018-11-13 17:11:01 (4913125464840) STATS - 27.5, 10
2018-11-13 17:11:01 (4913125547643) STATS - 27.6, 9
2018-11-13 17:11:01 (4913125627645) STATS - 27.7, 3
2018-11-13 17:11:01 (4913125707448) STATS - 27.8, 6
2018-11-13 17:11:01 (4913125787050) STATS - 27.9, 6
2018-11-13 17:11:01 (4913125866253) STATS - 28.0, 5
2018-11-13 17:11:01 (4913125944455) STATS - 28.1, 11
2018-11-13 17:11:01 (4913126029358) STATS - 28.2, 5
2018-11-13 17:11:01 (4913126525174) STATS - 28.3, 2
2018-11-13 17:11:01 (4913126653378) STATS - 28.4, 7
2018-11-13 17:11:01 (4913132600967) STATS - 28.5, 6
2018-11-13 17:11:01 (4913132684770) STATS - 28.6, 5
2018-11-13 17:11:01 (4913132764372) STATS - 28.7, 7
2018-11-13 17:11:01 (4913132846775) STATS - 28.8, 2
2018-11-13 17:11:01 (4913132925478) STATS - 28.9, 2
2018-11-13 17:11:01 (4913133015880) STATS - 29.0, 2
2018-11-13 17:11:01 (4913133094983) STATS - 29.1, 4
2018-11-13 17:11:01 (4913133185986) STATS - 29.2, 6
2018-11-13 17:11:01 (4913133264888) STATS - 29.3, 2
2018-11-13 17:11:01 (4913133342191) STATS - 29.4, 6
2018-11-13 17:11:01 (4913133419093) STATS - 29.5, 9
2018-11-13 17:11:01 (4913133499996) STATS - 29.6, 11
2018-11-13 17:11:01 (4913133577098) STATS - 29.7, 7
2018-11-13 17:11:01 (4913133657501) STATS - 29.8, 12
2018-11-13 17:11:01 (4913133737103) STATS - 29.9, 6
2018-11-13 17:11:01 (4913133814606) STATS - 30.0, 2
2018-11-13 17:11:01 (4913133901309) STATS - 30.1, 0
2018-11-13 17:11:01 (4913133980911) STATS - 30.2, 3
2018-11-13 17:11:01 (4913134063314) STATS - 30.3, 3
2018-11-13 17:11:01 (4913134148716) STATS - 30.4, 2
2018-11-13 17:11:01 (4913134226519) STATS - 30.5, 3
2018-11-13 17:11:01 (4913134303421) STATS - 30.6, 5
2018-11-13 17:11:01 (4913134380024) STATS - 30.7, 5
2018-11-13 17:11:01 (4913134459726) STATS - 30.8, 6
2018-11-13 17:11:01 (4913134538429) STATS - 30.9, 5
2018-11-13 17:11:01 (4913134612831) STATS - 31.0, 5
2018-11-13 17:11:01 (4913134713634) STATS - 31.1, 5
2018-11-13 17:11:01 (4913134818538) STATS - 31.2, 9
2018-11-13 17:11:01 (4913134911141) STATS - 31.3, 5
2018-11-13 17:11:01 (4913135005944) STATS - 31.4, 9
2018-11-13 17:11:01 (4913135082546) STATS - 31.5, 7
2018-11-13 17:11:01 (4913135157749) STATS - 31.6, 1
2018-11-13 17:11:01 (4913135233451) STATS - 31.7, 3
2018-11-13 17:11:01 (4913142047268) STATS - 31.8, 0
2018-11-13 17:11:01 (4913142234474) STATS - 31.9, 0
2018-11-13 17:11:01 (4913142316877) STATS - 32.0, 0
2018-11-13 17:11:01 (4913142393379) STATS - 32.1, 12
2018-11-13 17:11:01 (4913142468481) STATS - 32.2, 14
2018-11-13 17:11:01 (4913142545884) STATS - 32.3, 8
2018-11-13 17:11:01 (4913142620186) STATS - 32.4, 4
2018-11-13 17:11:01 (4913142706089) STATS - 32.5, 2
2018-11-13 17:11:01 (4913142840193) STATS - 32.6, 0
2018-11-13 17:11:01 (4913142915696) STATS - 32.7, 2
2018-11-13 17:11:01 (4913142989898) STATS - 32.8, 3
2018-11-13 17:11:01 (4913143063400) STATS - 32.9, 1
2018-11-13 17:11:01 (4913143133603) STATS - 33.0, 1
2018-11-13 17:11:01 (4913143217705) STATS - 33.1, 0
2018-11-13 17:11:01 (4913143289208) STATS - 33.2, 0
2018-11-13 17:11:01 (4913143374310) STATS - 33.3, 0
2018-11-13 17:11:01 (4913143448613) STATS - 33.4, 1
2018-11-13 17:11:01 (4913143522215) STATS - 33.5, 2
2018-11-13 17:11:01 (4913143595217) STATS - 33.6, 3
2018-11-13 17:11:01 (4913143669320) STATS - 33.7, 3
2018-11-13 17:11:01 (4913143745722) STATS - 33.8, 1
2018-11-13 17:11:01 (4913143819624) STATS - 33.9, 1
2018-11-13 17:11:01 (4913143890027) STATS - 34.0, 1
2018-11-13 17:11:01 (4913143975629) STATS - 34.1, 4
2018-11-13 17:11:01 (4913144068632) STATS - 34.2, 4
2018-11-13 17:11:01 (4913144153335) STATS - 34.3, 0
2018-11-13 17:11:01 (4913144226137) STATS - 34.4, 0
2018-11-13 17:11:01 (4913144298440) STATS - 34.5, 0
2018-11-13 17:11:01 (4913144370042) STATS - 34.6, 0
2018-11-13 17:11:01 (4913144442844) STATS - 34.7, 0
2018-11-13 17:11:01 (4913144515447) STATS - 34.8, 2
2018-11-13 17:11:01 (4913144590949) STATS - 34.9, 0
2018-11-13 17:11:01 (4913144663851) STATS - 35.0, 1
2018-11-13 17:11:01 (4913144735754) STATS - 35.1, 0
2018-11-13 17:11:01 (4913144808256) STATS - 35.2, 0
2018-11-13 17:11:02 (4913151714776) STATS - 35.3, 1
2018-11-13 17:11:02 (4913151834280) STATS - 35.4, 5
2018-11-13 17:11:02 (4913151912182) STATS - 35.5, 0
2018-11-13 17:11:02 (4913151985784) STATS - 35.6, 0
2018-11-13 17:11:02 (4913152082888) STATS - 35.7, 0
2018-11-13 17:11:02 (4913152157190) STATS - 35.8, 0
2018-11-13 17:11:02 (4913152229592) STATS - 35.9, 0
2018-11-13 17:11:02 (4913152336696) STATS - 36.0, 0
2018-11-13 17:11:02 (4913152406998) STATS - 36.1, 0
2018-11-13 17:11:02 (4913152499701) STATS - 36.2, 1
2018-11-13 17:11:02 (4913152575703) STATS - 36.3, 0
2018-11-13 17:11:02 (4913152669006) STATS - 36.4, 1
2018-11-13 17:11:02 (4913152754809) STATS - 36.5, 0
2018-11-13 17:11:02 (4913152831711) STATS - 36.6, 0
2018-11-13 17:11:02 (4913152949715) STATS - 36.7, 1
2018-11-13 17:11:02 (4913153037618) STATS - 36.8, 0
2018-11-13 17:11:02 (4913153110320) STATS - 36.9, 1
2018-11-13 17:11:02 (4913153188523) STATS - 37.0, 0
2018-11-13 17:11:02 (4913153259425) STATS - 37.1, 0
2018-11-13 17:11:02 (4913153330527) STATS - 37.2, 0
2018-11-13 17:11:02 (4913153431931) STATS - 37.3, 0
2018-11-13 17:11:02 (4913153523033) STATS - 37.4, 0
2018-11-13 17:11:02 (4913153949447) STATS - 37.5, 0
2018-11-13 17:11:02 (4913154043250) STATS - 37.6, 0
2018-11-13 17:11:02 (4913154117352) STATS - 37.7, 0
2018-11-13 17:11:02 (4913154198055) STATS - 37.8, 0
2018-11-13 17:11:02 (4913154269457) STATS - 37.9, 0
2018-11-13 17:11:02 (4913154362560) STATS - 38.0, 0
2018-11-13 17:11:02 (4913154451963) STATS - 38.1, 0
2018-11-13 17:11:02 (4913154543166) STATS - 38.2, 0
2018-11-13 17:11:02 (4913154614768) STATS - 38.3, 0
2018-11-13 17:11:02 (4913154686070) STATS - 38.4, 0
2018-11-13 17:11:02 (4913161195378) STATS - 38.5, 0
2018-11-13 17:11:02 (4913161350683) STATS - 38.6, 0
2018-11-13 17:11:02 (4913161422385) STATS - 38.7, 0
2018-11-13 17:11:02 (4913161525188) STATS - 38.8, 0
2018-11-13 17:11:02 (4913161598491) STATS - 38.9, 1
2018-11-13 17:11:02 (4913161662593) STATS - 39.0, 0
2018-11-13 17:11:02 (4913161727295) STATS - 39.1, 0
2018-11-13 17:11:02 (4913161791097) STATS - 39.2, 0
2018-11-13 17:11:02 (4913161855299) STATS - 39.3, 0
2018-11-13 17:11:02 (4913161919701) STATS - 39.4, 0
2018-11-13 17:11:02 (4913161983603) STATS - 39.5, 0
2018-11-13 17:11:02 (4913162048205) STATS - 39.6, 0
2018-11-13 17:11:02 (4913162113207) STATS - 39.7, 0
2018-11-13 17:11:02 (4913162181909) STATS - 39.8, 0
2018-11-13 17:11:02 (4913162247211) STATS - 39.9, 0
2018-11-13 17:11:02 (4913162309813) STATS - 40.0, 0
2018-11-13 17:11:02 (4913162373215) STATS - 40.1, 0
2018-11-13 17:11:02 (4913162437117) STATS - 40.2, 0
2018-11-13 17:11:02 (4913162501419) STATS - 40.3, 0
2018-11-13 17:11:02 (4913162566121) STATS - 40.4, 0
2018-11-13 17:11:02 (4913162630823) STATS - 40.5, 1
2018-11-13 17:11:02 (4913162697626) STATS - 40.6, 0
2018-11-13 17:11:02 (4913162762728) STATS - 40.7, 0
2018-11-13 17:11:02 (4913162829630) STATS - 40.8, 0
2018-11-13 17:11:02 (4913162895332) STATS - 40.9, 0
2018-11-13 17:11:02 (4913162957834) STATS - 41.0, 0
2018-11-13 17:11:02 (4913163054637) STATS - 41.1, 0
2018-11-13 17:11:02 (4913163121239) STATS - 41.2, 0
2018-11-13 17:11:02 (4913163186041) STATS - 41.3, 0
2018-11-13 17:11:02 (4913163251443) STATS - 41.4, 0
2018-11-13 17:11:02 (4913163315645) STATS - 41.5, 0
2018-11-13 17:11:02 (4913163380047) STATS - 41.6, 0
2018-11-13 17:11:02 (4913163486551) STATS - 41.7, 0
2018-11-13 17:11:02 (4913163552053) STATS - 41.8, 0
2018-11-13 17:11:02 (4913163615255) STATS - 41.9, 0
2018-11-13 17:11:02 (4913163675557) STATS - 42.0, 0
2018-11-13 17:11:02 (4913163839762) STATS - 42.1, 0
2018-11-13 17:11:02 (4913163903964) STATS - 42.2, 0
2018-11-13 17:11:02 (4913163966466) STATS - 42.3, 0
2018-11-13 17:11:02 (4913170826184) STATS - 42.4, 0
2018-11-13 17:11:02 (4913171008190) STATS - 42.5, 0
2018-11-13 17:11:02 (4913171074192) STATS - 42.6, 0
2018-11-13 17:11:02 (4913171178995) STATS - 42.7, 0
2018-11-13 17:11:02 (4913171247298) STATS - 42.8, 0
2018-11-13 17:11:02 (4913171357201) STATS - 42.9, 0
2018-11-13 17:11:02 (4913171421603) STATS - 43.0, 0
2018-11-13 17:11:02 (4913171487805) STATS - 43.1, 0
2018-11-13 17:11:02 (4913171553707) STATS - 43.2, 0
2018-11-13 17:11:02 (4913171614009) STATS - 43.3, 0
2018-11-13 17:11:02 (4913171672811) STATS - 43.4, 0
2018-11-13 17:11:02 (4913171731013) STATS - 43.5, 0
2018-11-13 17:11:02 (4913171886918) STATS - 43.6, 0
2018-11-13 17:11:02 (4913171954220) STATS - 43.7, 0
2018-11-13 17:11:02 (4913172033623) STATS - 43.8, 0
2018-11-13 17:11:02 (4913172243529) STATS - 43.9, 0
2018-11-13 17:11:02 (4913172302631) STATS - 44.0, 0
2018-11-13 17:11:02 (4913172360833) STATS - 44.1, 0
2018-11-13 17:11:02 (4913172419335) STATS - 44.2, 0
2018-11-13 17:11:02 (4913172483037) STATS - 44.3, 0
2018-11-13 17:11:02 (4913172542139) STATS - 44.4, 0
2018-11-13 17:11:02 (4913172601441) STATS - 44.5, 0
2018-11-13 17:11:02 (4913172659343) STATS - 44.6, 0
2018-11-13 17:11:02 (4913172721945) STATS - 44.7, 0
2018-11-13 17:11:02 (4913172779746) STATS - 44.8, 0
2018-11-13 17:11:02 (4913172839348) STATS - 44.9, 0
2018-11-13 17:11:02 (4913172894650) STATS - 45.0, 0
2018-11-13 17:11:02 (4913172952052) STATS - 45.1, 0
2018-11-13 17:11:02 (4913173010454) STATS - 45.2, 0
2018-11-13 17:11:02 (4913173068356) STATS - 45.3, 0
2018-11-13 17:11:02 (4913173126457) STATS - 45.4, 0
2018-11-13 17:11:02 (4913173185059) STATS - 45.5, 0
2018-11-13 17:11:02 (4913173243761) STATS - 45.6, 0
2018-11-13 17:11:02 (4913173302263) STATS - 45.7, 0
2018-11-13 17:11:02 (4913173359865) STATS - 45.8, 0
2018-11-13 17:11:02 (4913173423167) STATS - 45.9, 0
2018-11-13 17:11:02 (4913173478669) STATS - 46.0, 0
2018-11-13 17:11:02 (4913173535970) STATS - 46.1, 0
2018-11-13 17:11:02 (4913173599372) STATS - 46.2, 0
2018-11-13 17:11:02 (4913173659374) STATS - 46.3, 0
2018-11-13 17:11:02 (4913180397589) STATS - 46.4, 0
2018-11-13 17:11:02 (4913180501792) STATS - 46.5, 0
2018-11-13 17:11:02 (4913180560494) STATS - 46.6, 0
2018-11-13 17:11:02 (4913180615496) STATS - 46.7, 0
2018-11-13 17:11:02 (4913180674698) STATS - 46.8, 0
2018-11-13 17:11:02 (4913180734900) STATS - 46.9, 0
2018-11-13 17:11:02 (4913180788401) STATS - 47.0, 0
2018-11-13 17:11:02 (4913180842203) STATS - 47.1, 0
2018-11-13 17:11:02 (4913180896105) STATS - 47.2, 0
2018-11-13 17:11:02 (4913180950606) STATS - 47.3, 0
2018-11-13 17:11:02 (4913181007908) STATS - 47.4, 0
2018-11-13 17:11:02 (4913181062910) STATS - 47.5, 0
2018-11-13 17:11:02 (4913181117012) STATS - 47.6, 0
2018-11-13 17:11:02 (4913181171414) STATS - 47.7, 0
2018-11-13 17:11:02 (4913181266717) STATS - 47.8, 0
2018-11-13 17:11:02 (4913181325818) STATS - 47.9, 0
2018-11-13 17:11:02 (4913181378320) STATS - 48.0, 0
2018-11-13 17:11:02 (4913181434622) STATS - 48.1, 0
2018-11-13 17:11:02 (4913181488724) STATS - 48.2, 0
2018-11-13 17:11:02 (4913181549726) STATS - 48.3, 0
2018-11-13 17:11:02 (4913181606827) STATS - 48.4, 0
2018-11-13 17:11:02 (4913181661229) STATS - 48.5, 0
2018-11-13 17:11:02 (4913181715431) STATS - 48.6, 0
2018-11-13 17:11:02 (4913181769833) STATS - 48.7, 0
2018-11-13 17:11:02 (4913181827734) STATS - 48.8, 0
2018-11-13 17:11:02 (4913181906437) STATS - 48.9, 0
2018-11-13 17:11:02 (4913181961639) STATS - 49.0, 0
2018-11-13 17:11:02 (4913182016140) STATS - 49.1, 0
2018-11-13 17:11:02 (4913182087743) STATS - 49.2, 0
2018-11-13 17:11:02 (4913182186046) STATS - 49.3, 0
2018-11-13 17:11:02 (4913182272049) STATS - 49.4, 0
2018-11-13 17:11:02 (4913182467255) STATS - 49.5, 0
2018-11-13 17:11:02 (4913182614759) STATS - 49.6, 0
2018-11-13 17:11:02 (4913182690862) STATS - 49.7, 0
2018-11-13 17:11:02 (4913182747964) STATS - 49.8, 0
2018-11-13 17:11:02 (4913182804565) STATS - 49.9, 0
2018-11-13 17:11:02 (4913182858867) STATS - 50.0, 0
2018-11-13 17:11:02 (4913182925369) STATS - 50.1, 0
2018-11-13 17:11:02 (4913182982271) STATS - 50.2, 0
2018-11-13 17:11:02 (4913183037773) STATS - 50.3, 0
2018-11-13 17:11:02 (4913183094775) STATS - 50.4, 0
2018-11-13 17:11:02 (4913189907392) STATS - 50.5, 0
2018-11-13 17:11:02 (4913190066597) STATS - 50.6, 0
2018-11-13 17:11:02 (4913190116598) STATS - 50.7, 0
2018-11-13 17:11:02 (4913190166700) STATS - 50.8, 0
2018-11-13 17:11:02 (4913190212601) STATS - 50.9, 0
2018-11-13 17:11:02 (4913190267203) STATS - 51.0, 0
2018-11-13 17:11:02 (4913190339105) STATS - 51.1, 0
2018-11-13 17:11:02 (4913190408008) STATS - 51.2, 0
2018-11-13 17:11:02 (4913190468909) STATS - 51.3, 0
2018-11-13 17:11:02 (4913190513611) STATS - 51.4, 0
2018-11-13 17:11:02 (4913190558112) STATS - 51.5, 0
2018-11-13 17:11:02 (4913190601414) STATS - 51.6, 0
2018-11-13 17:11:02 (4913190645215) STATS - 51.7, 0
2018-11-13 17:11:02 (4913190689016) STATS - 51.8, 0
2018-11-13 17:11:02 (4913190732818) STATS - 51.9, 0
2018-11-13 17:11:02 (4913190773319) STATS - 52.0, 0
2018-11-13 17:11:02 (4913190816521) STATS - 52.1, 0
2018-11-13 17:11:02 (4913190859922) STATS - 52.2, 0
2018-11-13 17:11:02 (4913190903923) STATS - 52.3, 0
2018-11-13 17:11:02 (4913190947725) STATS - 52.4, 0
2018-11-13 17:11:02 (4913190991626) STATS - 52.5, 0
2018-11-13 17:11:02 (4913191085229) STATS - 52.6, 0
2018-11-13 17:11:02 (4913191130731) STATS - 52.7, 0
2018-11-13 17:11:02 (4913191360738) STATS - 52.8, 0
2018-11-13 17:11:02 (4913191418040) STATS - 52.9, 0
2018-11-13 17:11:02 (4913191461241) STATS - 53.0, 0
2018-11-13 17:11:02 (4913191505042) STATS - 53.1, 1
2018-11-13 17:11:02 (4913191549044) STATS - 53.2, 1
2018-11-13 17:11:02 (4913191593145) STATS - 53.3, 1
2018-11-13 17:11:02 (4913191788651) STATS - 53.4, 0
2018-11-13 17:11:02 (4913192080961) STATS - 53.5, 0
2018-11-13 17:11:02 (4913192145963) STATS - 53.6, 0
2018-11-13 17:11:02 (4913192192764) STATS - 53.7, 1
2018-11-13 17:11:02 (4913192238566) STATS - 53.8, 0
2018-11-13 17:11:02 (4913192284067) STATS - 53.9, 2
2018-11-13 17:11:02 (4913192326069) STATS - 54.0, 5
2018-11-13 17:11:02 (4913192369570) STATS - 54.1, 2
2018-11-13 17:11:02 (4913192412971) STATS - 54.2, 1
2018-11-13 17:11:02 (4913192459473) STATS - 54.3, 1
2018-11-13 17:11:02 (4913192505374) STATS - 54.4, 3
2018-11-13 17:11:02 (4913192690480) STATS - 54.5, 0
2018-11-13 17:11:02 (4913192749582) STATS - 54.6, 0
2018-11-13 17:11:02 (4913192794884) STATS - 54.7, 0
2018-11-13 17:11:02 (4913192839785) STATS - 54.8, 0
2018-11-13 17:11:02 (4913192884686) STATS - 54.9, 0
2018-11-13 17:11:02 (4913193077092) STATS - 55.0, 0
2018-11-13 17:11:02 (4913193347601) STATS - 55.1, 0
2018-11-13 17:11:02 (4913193418403) STATS - 55.2, 0
2018-11-13 17:11:02 (4913193466205) STATS - 55.3, 0
2018-11-13 17:11:02 (4913193510606) STATS - 55.4, 0
2018-11-13 17:11:02 (4913193558008) STATS - 55.5, 0
2018-11-13 17:11:02 (4913193602109) STATS - 55.6, 0
2018-11-13 17:11:02 (4913199449895) STATS - 55.7, 0
2018-11-13 17:11:02 (4913199563199) STATS - 55.8, 0
2018-11-13 17:11:02 (4913199613601) STATS - 55.9, 0
2018-11-13 17:11:02 (4913199705903) STATS - 56.0, 0
2018-11-13 17:11:02 (4913199754105) STATS - 56.1, 0
2018-11-13 17:11:02 (4913199798406) STATS - 56.2, 0
2018-11-13 17:11:02 (4913199842008) STATS - 56.3, 0
2018-11-13 17:11:02 (4913199888409) STATS - 56.4, 0
2018-11-13 17:11:02 (4913199932211) STATS - 56.5, 0
2018-11-13 17:11:02 (4913199975112) STATS - 56.6, 0
2018-11-13 17:11:02 (4913200029014) STATS - 56.7, 0
2018-11-13 17:11:02 (4913200075515) STATS - 56.8, 0
2018-11-13 17:11:02 (4913200119517) STATS - 56.9, 0
2018-11-13 17:11:02 (4913200159918) STATS - 57.0, 0
2018-11-13 17:11:02 (4913200206419) STATS - 57.1, 0
2018-11-13 17:11:02 (4913200253621) STATS - 57.2, 0
2018-11-13 17:11:02 (4913200298922) STATS - 57.3, 0
2018-11-13 17:11:02 (4913200343224) STATS - 57.4, 0
2018-11-13 17:11:02 (4913200388125) STATS - 57.5, 0
2018-11-13 17:11:02 (4913201890473) STATS - 57.6, 0
2018-11-13 17:11:02 (4913201947775) STATS - 57.7, 0
2018-11-13 17:11:02 (4913201995776) STATS - 57.8, 0
2018-11-13 17:11:02 (4913202040478) STATS - 57.9, 0
2018-11-13 17:11:02 (4913202082579) STATS - 58.0, 0
2018-11-13 17:11:02 (4913202165282) STATS - 58.1, 0
2018-11-13 17:11:02 (4913202212483) STATS - 58.2, 0
2018-11-13 17:11:02 (4913202256585) STATS - 58.3, 0
2018-11-13 17:11:02 (4913202300286) STATS - 58.4, 0
2018-11-13 17:11:02 (4913202343187) STATS - 58.5, 0
2018-11-13 17:11:02 (4913202386789) STATS - 58.6, 0
2018-11-13 17:11:02 (4913202429990) STATS - 58.7, 0
2018-11-13 17:11:02 (4913202473392) STATS - 58.8, 0
2018-11-13 17:11:02 (4913202516293) STATS - 58.9, 0
2018-11-13 17:11:02 (4913202564594) STATS - 59.0, 0
2018-11-13 17:11:02 (4913202607096) STATS - 59.1, 0
2018-11-13 17:11:02 (4913202648997) STATS - 59.2, 0
2018-11-13 17:11:02 (4913202691099) STATS - 59.3, 0
2018-11-13 17:11:02 (4913202735300) STATS - 59.4, 0
2018-11-13 17:11:02 (4913202778101) STATS - 59.5, 0
2018-11-13 17:11:02 (4913202822803) STATS - 59.6, 0
2018-11-13 17:11:02 (4913202866104) STATS - 59.7, 0
2018-11-13 17:11:02 (4913202909305) STATS - 59.8, 0
2018-11-13 17:11:02 (4913202958807) STATS - 59.9, 0
2018-11-13 17:11:02 (4913203000608) STATS - 60.0, 0
2018-11-13 17:11:02 (4913203044510) STATS - 60.1, 0
2018-11-13 17:11:02 (4913203087211) STATS - 60.2, 0
2018-11-13 17:11:02 (4913203130913) STATS - 60.3, 0
2018-11-13 17:11:02 (4913203175914) STATS - 60.4, 0
2018-11-13 17:11:02 (4913203218715) STATS - 60.5, 0
2018-11-13 17:11:02 (4913203260817) STATS - 60.6, 0
2018-11-13 17:11:02 (4913203303018) STATS - 60.7, 0
2018-11-13 17:11:02 (4913203345619) STATS - 60.8, 0
2018-11-13 17:11:02 (4913203390621) STATS - 60.9, 0
2018-11-13 17:11:02 (4913203431122) STATS - 61.0, 0
2018-11-13 17:11:02 (4913203644929) STATS - 61.1, 0
2018-11-13 17:11:02 (4913203731532) STATS - 61.2, 0
2018-11-13 17:11:02 (4913203778833) STATS - 61.3, 1
2018-11-13 17:11:02 (4913203973639) STATS - 61.4, 0
2018-11-13 17:11:02 (4913209082002) STATS - 61.5, 0
2018-11-13 17:11:02 (4913209144604) STATS - 61.6, 0
2018-11-13 17:11:02 (4913209188105) STATS - 61.7, 0
2018-11-13 17:11:02 (4913209229407) STATS - 61.8, 0
2018-11-13 17:11:02 (4913209355711) STATS - 61.9, 0
2018-11-13 17:11:02 (4913209402312) STATS - 62.0, 0
2018-11-13 17:11:02 (4913209445914) STATS - 62.1, 0
2018-11-13 17:11:02 (4913209510316) STATS - 62.2, 0
2018-11-13 17:11:02 (4913209586118) STATS - 62.3, 0
2018-11-13 17:11:02 (4913209643820) STATS - 62.4, 0
2018-11-13 17:11:02 (4913209686921) STATS - 62.5, 0
2018-11-13 17:11:02 (4913209728023) STATS - 62.6, 0
2018-11-13 17:11:02 (4913209768024) STATS - 62.7, 0
2018-11-13 17:11:02 (4913209813325) STATS - 62.8, 0
2018-11-13 17:11:02 (4913209853927) STATS - 62.9, 0
2018-11-13 17:11:02 (4913209894928) STATS - 63.0, 0
2018-11-13 17:11:02 (4913209935229) STATS - 63.1, 0
2018-11-13 17:11:02 (4913209993331) STATS - 63.2, 0
2018-11-13 17:11:02 (4913210037532) STATS - 63.3, 0
2018-11-13 17:11:02 (4913210077234) STATS - 63.4, 0
2018-11-13 17:11:02 (4913210116735) STATS - 63.5, 0
2018-11-13 17:11:02 (4913210155836) STATS - 63.6, 0
2018-11-13 17:11:02 (4913210194637) STATS - 63.7, 0
2018-11-13 17:11:02 (4913210236339) STATS - 63.8, 0
2018-11-13 17:11:02 (4913210279140) STATS - 63.9, 0
2018-11-13 17:11:02 (4913210320441) STATS - 64.0, 0
2018-11-13 17:11:02 (4913210360643) STATS - 64.1, 0
2018-11-13 17:11:02 (4913210402844) STATS - 64.2, 0
2018-11-13 17:11:02 (4913210445545) STATS - 64.3, 0
2018-11-13 17:11:02 (4913210485747) STATS - 64.4, 0
2018-11-13 17:11:02 (4913210524948) STATS - 64.5, 0
2018-11-13 17:11:02 (4913210564049) STATS - 64.6, 0
2018-11-13 17:11:02 (4913210602350) STATS - 64.7, 0
2018-11-13 17:11:02 (4913210641152) STATS - 64.8, 0
2018-11-13 17:11:02 (4913210679653) STATS - 64.9, 0
2018-11-13 17:11:02 (4913210716354) STATS - 65.0, 0
2018-11-13 17:11:02 (4913210755355) STATS - 65.1, 0
2018-11-13 17:11:02 (4913210794056) STATS - 65.2, 0
2018-11-13 17:11:02 (4913210833458) STATS - 65.3, 0
2018-11-13 17:11:02 (4913210901360) STATS - 65.4, 0
2018-11-13 17:11:02 (4913210944061) STATS - 65.5, 0
2018-11-13 17:11:02 (4913210984863) STATS - 65.6, 0
2018-11-13 17:11:02 (4913211023864) STATS - 65.7, 0
2018-11-13 17:11:02 (4913211063365) STATS - 65.8, 0
2018-11-13 17:11:02 (4913211102366) STATS - 65.9, 0
2018-11-13 17:11:02 (4913211139567) STATS - 66.0, 0
2018-11-13 17:11:02 (4913211179169) STATS - 66.1, 0
2018-11-13 17:11:02 (4913211220070) STATS - 66.2, 0
2018-11-13 17:11:02 (4913211651184) STATS - 66.3, 0
2018-11-13 17:11:02 (4913211731486) STATS - 66.4, 0
2018-11-13 17:11:02 (4913211772688) STATS - 66.5, 0
2018-11-13 17:11:02 (4913211812389) STATS - 66.6, 0
2018-11-13 17:11:02 (4913218700308) STATS - 66.7, 0
2018-11-13 17:11:02 (4913218814312) STATS - 66.8, 0
2018-11-13 17:11:02 (4913218858813) STATS - 66.9, 0
2018-11-13 17:11:02 (4913218897514) STATS - 67.0, 0
2018-11-13 17:11:02 (4913218937416) STATS - 67.1, 0
2018-11-13 17:11:02 (4913218976617) STATS - 67.2, 0
2018-11-13 17:11:02 (4913219022018) STATS - 67.3, 0
2018-11-13 17:11:02 (4913219057119) STATS - 67.4, 0
2018-11-13 17:11:02 (4913219091621) STATS - 67.5, 0
2018-11-13 17:11:02 (4913219126822) STATS - 67.6, 0
2018-11-13 17:11:02 (4913219161823) STATS - 67.7, 0
2018-11-13 17:11:02 (4913219196624) STATS - 67.8, 0
2018-11-13 17:11:02 (4913219231425) STATS - 67.9, 0
2018-11-13 17:11:02 (4913219264926) STATS - 68.0, 0
2018-11-13 17:11:02 (4913219299727) STATS - 68.1, 0
2018-11-13 17:11:02 (4913219334628) STATS - 68.2, 0
2018-11-13 17:11:02 (4913219371830) STATS - 68.3, 0
2018-11-13 17:11:02 (4913219408231) STATS - 68.4, 0
2018-11-13 17:11:02 (4913219443332) STATS - 68.5, 0
2018-11-13 17:11:02 (4913219478433) STATS - 68.6, 0
2018-11-13 17:11:02 (4913219513534) STATS - 68.7, 0
2018-11-13 17:11:02 (4913219549035) STATS - 68.8, 0
2018-11-13 17:11:02 (4913219584236) STATS - 68.9, 0
2018-11-13 17:11:02 (4913219617437) STATS - 69.0, 0
2018-11-13 17:11:02 (4913219655639) STATS - 69.1, 0
2018-11-13 17:11:02 (4913219724541) STATS - 69.2, 0
2018-11-13 17:11:02 (4913219766042) STATS - 69.3, 0
2018-11-13 17:11:02 (4913219802143) STATS - 69.4, 0
2018-11-13 17:11:02 (4913219837744) STATS - 69.5, 0
2018-11-13 17:11:02 (4913219872845) STATS - 69.6, 0
2018-11-13 17:11:02 (4913219907547) STATS - 69.7, 0
2018-11-13 17:11:02 (4913219944048) STATS - 69.8, 0
2018-11-13 17:11:02 (4913219979949) STATS - 69.9, 0
2018-11-13 17:11:02 (4913220027950) STATS - 70.0, 0
2018-11-13 17:11:02 (4913220067952) STATS - 70.1, 0
2018-11-13 17:11:02 (4913220104353) STATS - 70.2, 0
2018-11-13 17:11:02 (4913220139754) STATS - 70.3, 0
2018-11-13 17:11:02 (4913220174955) STATS - 70.4, 0
2018-11-13 17:11:02 (4913220209556) STATS - 70.5, 0
2018-11-13 17:11:02 (4913220244857) STATS - 70.6, 0
2018-11-13 17:11:02 (4913220280358) STATS - 70.7, 0
2018-11-13 17:11:02 (4913220315460) STATS - 70.8, 0
2018-11-13 17:11:02 (4913220350161) STATS - 70.9, 0
2018-11-13 17:11:02 (4913220382962) STATS - 71.0, 0
2018-11-13 17:11:02 (4913220417863) STATS - 71.1, 0
2018-11-13 17:11:02 (4913220452364) STATS - 71.2, 0
2018-11-13 17:11:02 (4913220486965) STATS - 71.3, 0
2018-11-13 17:11:02 (4913220520766) STATS - 71.4, 0
2018-11-13 17:11:02 (4913220556767) STATS - 71.5, 0
2018-11-13 17:11:02 (4913220593968) STATS - 71.6, 0
2018-11-13 17:11:02 (4913220628470) STATS - 71.7, 0
2018-11-13 17:11:02 (4913220687871) STATS - 71.8, 0
2018-11-13 17:11:02 (4913220724273) STATS - 71.9, 0
2018-11-13 17:11:02 (4913220757674) STATS - 72.0, 0
2018-11-13 17:11:02 (4913220793075) STATS - 72.1, 0
2018-11-13 17:11:02 (4913220827976) STATS - 72.2, 0
2018-11-13 17:11:02 (4913220862877) STATS - 72.3, 0
2018-11-13 17:11:02 (4913220897878) STATS - 72.4, 0
2018-11-13 17:11:02 (4913220932879) STATS - 72.5, 0
2018-11-13 17:11:02 (4913220968080) STATS - 72.6, 0
2018-11-13 17:11:02 (4913221003181) STATS - 72.7, 0
2018-11-13 17:11:02 (4913221038583) STATS - 72.8, 0
2018-11-13 17:11:02 (4913221073084) STATS - 72.9, 0
2018-11-13 17:11:02 (4913221106185) STATS - 73.0, 0
2018-11-13 17:11:02 (4913221141286) STATS - 73.1, 0
2018-11-13 17:11:02 (4913221176187) STATS - 73.2, 0
2018-11-13 17:11:02 (4913221211188) STATS - 73.3, 0
2018-11-13 17:11:02 (4913221245189) STATS - 73.4, 0
2018-11-13 17:11:02 (4913221280690) STATS - 73.5, 0
2018-11-13 17:11:02 (4913221315591) STATS - 73.6, 0
2018-11-13 17:11:02 (4913221372093) STATS - 73.7, 0
2018-11-13 17:11:02 (4913221409094) STATS - 73.8, 0
2018-11-13 17:11:02 (4913228375216) STATS - 73.9, 0
2018-11-13 17:11:02 (4913228458519) STATS - 74.0, 0
2018-11-13 17:11:02 (4913228499820) STATS - 74.1, 0
2018-11-13 17:11:02 (4913228538121) STATS - 74.2, 0
2018-11-13 17:11:02 (4913228574822) STATS - 74.3, 0
2018-11-13 17:11:02 (4913228617024) STATS - 74.4, 0
2018-11-13 17:11:02 (4913228652625) STATS - 74.5, 0
2018-11-13 17:11:02 (4913228687926) STATS - 74.6, 0
2018-11-13 17:11:02 (4913228724727) STATS - 74.7, 0
2018-11-13 17:11:02 (4913228763028) STATS - 74.8, 0
2018-11-13 17:11:02 (4913228809430) STATS - 74.9, 0
2018-11-13 17:11:02 (4913228880432) STATS - 75.0, 0
2018-11-13 17:11:02 (4913228945634) STATS - 75.1, 0
2018-11-13 17:11:02 (4913229390348) STATS - 75.2, 0
2018-11-13 17:11:02 (4913229439350) STATS - 75.3, 0
2018-11-13 17:11:02 (4913229476751) STATS - 75.4, 0
2018-11-13 17:11:02 (4913229512652) STATS - 75.5, 0
2018-11-13 17:11:02 (4913229548053) STATS - 75.6, 0
2018-11-13 17:11:02 (4913229582955) STATS - 75.7, 0
2018-11-13 17:11:02 (4913229618256) STATS - 75.8, 0
2018-11-13 17:11:02 (4913229653157) STATS - 75.9, 0
2018-11-13 17:11:02 (4913229687358) STATS - 76.0, 0
2018-11-13 17:11:02 (4913229723359) STATS - 76.1, 0
2018-11-13 17:11:02 (4913229758460) STATS - 76.2, 0
2018-11-13 17:11:02 (4913229793661) STATS - 76.3, 0
2018-11-13 17:11:02 (4913229828562) STATS - 76.4, 0
2018-11-13 17:11:02 (4913229862763) STATS - 76.5, 0
2018-11-13 17:11:02 (4913229898165) STATS - 76.6, 0
2018-11-13 17:11:02 (4913229935166) STATS - 76.7, 0
2018-11-13 17:11:02 (4913229974067) STATS - 76.8, 0
2018-11-13 17:11:02 (4913230009668) STATS - 76.9, 0
2018-11-13 17:11:02 (4913230043169) STATS - 77.0, 0
2018-11-13 17:11:02 (4913230077870) STATS - 77.1, 0
2018-11-13 17:11:02 (4913230112371) STATS - 77.2, 0
2018-11-13 17:11:02 (4913230147173) STATS - 77.3, 0
2018-11-13 17:11:02 (4913230181174) STATS - 77.4, 0
2018-11-13 17:11:02 (4913230215775) STATS - 77.5, 0
2018-11-13 17:11:02 (4913230250676) STATS - 77.6, 0
2018-11-13 17:11:02 (4913230285177) STATS - 77.7, 0
2018-11-13 17:11:02 (4913230320178) STATS - 77.8, 0
2018-11-13 17:11:02 (4913230356579) STATS - 77.9, 0
2018-11-13 17:11:02 (4913230389180) STATS - 78.0, 0
2018-11-13 17:11:02 (4913230425281) STATS - 78.1, 0
2018-11-13 17:11:02 (4913230460582) STATS - 78.2, 0
2018-11-13 17:11:02 (4913230495384) STATS - 78.3, 0
2018-11-13 17:11:02 (4913230530385) STATS - 78.4, 0
2018-11-13 17:11:02 (4913230566486) STATS - 78.5, 0
2018-11-13 17:11:02 (4913230602487) STATS - 78.6, 0
2018-11-13 17:11:02 (4913230636988) STATS - 78.7, 0
2018-11-13 17:11:02 (4913230706190) STATS - 78.8, 0
2018-11-13 17:11:02 (4913230764192) STATS - 78.9, 0
2018-11-13 17:11:02 (4913230799493) STATS - 79.0, 0
2018-11-13 17:11:02 (4913230835194) STATS - 79.1, 0
2018-11-13 17:11:02 (4913230871896) STATS - 79.2, 0
2018-11-13 17:11:02 (4913230907997) STATS - 79.3, 0
2018-11-13 17:11:02 (4913230943398) STATS - 79.4, 0
2018-11-13 17:11:02 (4913230978799) STATS - 79.5, 0
2018-11-13 17:11:02 (4913231014100) STATS - 79.6, 0
2018-11-13 17:11:02 (4913231049101) STATS - 79.7, 0
2018-11-13 17:11:02 (4913231117803) STATS - 79.8, 0
2018-11-13 17:11:02 (4913231154705) STATS - 79.9, 0
2018-11-13 17:11:02 (4913231200606) STATS - 80.0, 0
2018-11-13 17:11:02 (4913231249408) STATS - 80.1, 0
2018-11-13 17:11:02 (4913231286009) STATS - 80.2, 0
2018-11-13 17:11:02 (4913231322010) STATS - 80.3, 0
2018-11-13 17:11:02 (4913231357311) STATS - 80.4, 0
2018-11-13 17:11:02 (4913231392412) STATS - 80.5, 0
2018-11-13 17:11:02 (4913231427413) STATS - 80.6, 0
2018-11-13 17:11:02 (4913231462414) STATS - 80.7, 0
2018-11-13 17:11:02 (4913238093925) STATS - 80.8, 0
2018-11-13 17:11:02 (4913238253631) STATS - 80.9, 0
2018-11-13 17:11:02 (4913238302932) STATS - 81.0, 0
2018-11-13 17:11:02 (4913238347334) STATS - 81.1, 0
2018-11-13 17:11:02 (4913238381635) STATS - 81.2, 0
2018-11-13 17:11:02 (4913238412836) STATS - 81.3, 0
2018-11-13 17:11:02 (4913238442737) STATS - 81.4, 0
2018-11-13 17:11:02 (4913238472238) STATS - 81.5, 0
2018-11-13 17:11:02 (4913238505339) STATS - 81.6, 0
2018-11-13 17:11:02 (4913238534439) STATS - 81.7, 0
2018-11-13 17:11:02 (4913238563640) STATS - 81.8, 0
2018-11-13 17:11:02 (4913238592241) STATS - 81.9, 0
2018-11-13 17:11:02 (4913238620742) STATS - 82.0, 0
2018-11-13 17:11:02 (4913238649443) STATS - 82.1, 0
2018-11-13 17:11:02 (4913238677644) STATS - 82.2, 0
2018-11-13 17:11:02 (4913238711045) STATS - 82.3, 0
2018-11-13 17:11:02 (4913238739846) STATS - 82.4, 0
2018-11-13 17:11:02 (4913238768147) STATS - 82.5, 0
2018-11-13 17:11:02 (4913238796848) STATS - 82.6, 0
2018-11-13 17:11:02 (4913238824749) STATS - 82.7, 0
2018-11-13 17:11:02 (4913238852950) STATS - 82.8, 0
2018-11-13 17:11:02 (4913238880751) STATS - 82.9, 0
2018-11-13 17:11:02 (4913238912052) STATS - 83.0, 0
2018-11-13 17:11:02 (4913238941752) STATS - 83.1, 0
2018-11-13 17:11:02 (4913238970153) STATS - 83.2, 0
2018-11-13 17:11:02 (4913239000354) STATS - 83.3, 0
2018-11-13 17:11:02 (4913239029055) STATS - 83.4, 0
2018-11-13 17:11:02 (4913239058956) STATS - 83.5, 0
2018-11-13 17:11:02 (4913239088157) STATS - 83.6, 0
2018-11-13 17:11:02 (4913239140059) STATS - 83.7, 0
2018-11-13 17:11:02 (4913239186960) STATS - 83.8, 0
2018-11-13 17:11:02 (4913239220061) STATS - 83.9, 0
2018-11-13 17:11:02 (4913239250962) STATS - 84.0, 0
2018-11-13 17:11:02 (4913239279263) STATS - 84.1, 0
2018-11-13 17:11:02 (4913239307264) STATS - 84.2, 0
2018-11-13 17:11:02 (4913239335665) STATS - 84.3, 0
2018-11-13 17:11:02 (4913239365366) STATS - 84.4, 0
2018-11-13 17:11:02 (4913239393367) STATS - 84.5, 0
2018-11-13 17:11:02 (4913239421468) STATS - 84.6, 0
2018-11-13 17:11:02 (4913239449669) STATS - 84.7, 0
2018-11-13 17:11:02 (4913239479870) STATS - 84.8, 0
2018-11-13 17:11:02 (4913239507870) STATS - 84.9, 0
2018-11-13 17:11:02 (4913239537271) STATS - 85.0, 0
2018-11-13 17:11:02 (4913239566372) STATS - 85.1, 0
2018-11-13 17:11:02 (4913239594373) STATS - 85.2, 0
2018-11-13 17:11:02 (4913239622474) STATS - 85.3, 0
2018-11-13 17:11:02 (4913239650275) STATS - 85.4, 0
2018-11-13 17:11:02 (4913239678376) STATS - 85.5, 0
2018-11-13 17:11:02 (4913239706877) STATS - 85.6, 0
2018-11-13 17:11:02 (4913239735078) STATS - 85.7, 0
2018-11-13 17:11:02 (4913239765179) STATS - 85.8, 0
2018-11-13 17:11:02 (4913239793580) STATS - 85.9, 0
2018-11-13 17:11:02 (4913239821480) STATS - 86.0, 0
2018-11-13 17:11:02 (4913239849481) STATS - 86.1, 0
2018-11-13 17:11:02 (4913239881782) STATS - 86.2, 0
2018-11-13 17:11:02 (4913239912083) STATS - 86.3, 0
2018-11-13 17:11:02 (4913239940584) STATS - 86.4, 0
2018-11-13 17:11:02 (4913239970985) STATS - 86.5, 0
2018-11-13 17:11:02 (4913239999986) STATS - 86.6, 0
2018-11-13 17:11:02 (4913240045788) STATS - 86.7, 0
2018-11-13 17:11:02 (4913240074889) STATS - 86.8, 0
2018-11-13 17:11:02 (4913240106690) STATS - 86.9, 0
2018-11-13 17:11:02 (4913240135290) STATS - 87.0, 0
2018-11-13 17:11:02 (4913240163791) STATS - 87.1, 0
2018-11-13 17:11:02 (4913240204093) STATS - 87.2, 0
2018-11-13 17:11:02 (4913240233194) STATS - 87.3, 0
2018-11-13 17:11:02 (4913240261694) STATS - 87.4, 0
2018-11-13 17:11:02 (4913240289795) STATS - 87.5, 0
2018-11-13 17:11:02 (4913240318296) STATS - 87.6, 0
2018-11-13 17:11:02 (4913240347897) STATS - 87.7, 0
2018-11-13 17:11:02 (4913240377698) STATS - 87.8, 0
2018-11-13 17:11:02 (4913240428200) STATS - 87.9, 0
2018-11-13 17:11:02 (4913240469801) STATS - 88.0, 0
2018-11-13 17:11:02 (4913240501502) STATS - 88.1, 0
2018-11-13 17:11:02 (4913240530403) STATS - 88.2, 0
2018-11-13 17:11:02 (4913240559304) STATS - 88.3, 0
2018-11-13 17:11:02 (4913240587205) STATS - 88.4, 0
2018-11-13 17:11:02 (4913240615206) STATS - 88.5, 0
2018-11-13 17:11:02 (4913240643607) STATS - 88.6, 0
2018-11-13 17:11:02 (4913240671708) STATS - 88.7, 0
2018-11-13 17:11:02 (4913240700208) STATS - 88.8, 0
2018-11-13 17:11:02 (4913240728209) STATS - 88.9, 0
2018-11-13 17:11:02 (4913240756410) STATS - 89.0, 0
2018-11-13 17:11:02 (4913240784811) STATS - 89.1, 0
2018-11-13 17:11:02 (4913240813212) STATS - 89.2, 0
2018-11-13 17:11:02 (4913240841413) STATS - 89.3, 0
2018-11-13 17:11:02 (4913240869214) STATS - 89.4, 0
2018-11-13 17:11:02 (4913240898915) STATS - 89.5, 0
2018-11-13 17:11:02 (4913247890937) STATS - 89.6, 0
2018-11-13 17:11:02 (4913248019541) STATS - 89.7, 0
2018-11-13 17:11:02 (4913248072143) STATS - 89.8, 0
2018-11-13 17:11:02 (4913248103144) STATS - 89.9, 0
2018-11-13 17:11:02 (4913248133645) STATS - 90.0, 0
2018-11-13 17:11:02 (4913248161546) STATS - 90.1, 0
2018-11-13 17:11:02 (4913248187747) STATS - 90.2, 0
2018-11-13 17:11:02 (4913248216448) STATS - 90.3, 0
2018-11-13 17:11:02 (4913248243449) STATS - 90.4, 0
2018-11-13 17:11:02 (4913248270449) STATS - 90.5, 0
2018-11-13 17:11:02 (4913248298050) STATS - 90.6, 0
2018-11-13 17:11:02 (4913248324151) STATS - 90.7, 0
2018-11-13 17:11:02 (4913248349552) STATS - 90.8, 0
2018-11-13 17:11:02 (4913248375053) STATS - 90.9, 0
2018-11-13 17:11:02 (4913248400554) STATS - 91.0, 0
2018-11-13 17:11:02 (4913248426254) STATS - 91.1, 0
2018-11-13 17:11:02 (4913248451255) STATS - 91.2, 0
2018-11-13 17:11:02 (4913248476356) STATS - 91.3, 0
2018-11-13 17:11:02 (4913248500857) STATS - 91.4, 0
2018-11-13 17:11:02 (4913248525458) STATS - 91.5, 0
2018-11-13 17:11:02 (4913248555358) STATS - 91.6, 0
2018-11-13 17:11:02 (4913248581359) STATS - 91.7, 0
2018-11-13 17:11:02 (4913248606460) STATS - 91.8, 0
2018-11-13 17:11:02 (4913248631261) STATS - 91.9, 0
2018-11-13 17:11:02 (4913248656562) STATS - 92.0, 0
2018-11-13 17:11:02 (4913248681662) STATS - 92.1, 0
2018-11-13 17:11:02 (4913248706663) STATS - 92.2, 0
2018-11-13 17:11:02 (4913249049174) STATS - 92.3, 0
2018-11-13 17:11:02 (4913249094376) STATS - 92.4, 0
2018-11-13 17:11:02 (4913249123077) STATS - 92.5, 0
2018-11-13 17:11:02 (4913249150177) STATS - 92.6, 0
2018-11-13 17:11:02 (4913249183378) STATS - 92.7, 0
2018-11-13 17:11:02 (4913249212179) STATS - 92.8, 0
2018-11-13 17:11:02 (4913249237780) STATS - 92.9, 0
2018-11-13 17:11:02 (4913249264781) STATS - 93.0, 0
2018-11-13 17:11:02 (4913249291182) STATS - 93.1, 0
2018-11-13 17:11:02 (4913249384585) STATS - 93.2, 0
2018-11-13 17:11:02 (4913249422886) STATS - 93.3, 0
2018-11-13 17:11:02 (4913249463587) STATS - 93.4, 0
2018-11-13 17:11:02 (4913249492488) STATS - 93.5, 0
2018-11-13 17:11:02 (4913249520589) STATS - 93.6, 0
2018-11-13 17:11:02 (4913249549290) STATS - 93.7, 0
2018-11-13 17:11:02 (4913249574591) STATS - 93.8, 0
2018-11-13 17:11:02 (4913249601892) STATS - 93.9, 0
2018-11-13 17:11:02 (4913249628593) STATS - 94.0, 0
2018-11-13 17:11:02 (4913249654593) STATS - 94.1, 0
2018-11-13 17:11:02 (4913249789898) STATS - 94.2, 0
2018-11-13 17:11:02 (4913249829299) STATS - 94.3, 0
2018-11-13 17:11:02 (4913249856800) STATS - 94.4, 0
2018-11-13 17:11:02 (4913249883401) STATS - 94.5, 0
2018-11-13 17:11:02 (4913249910002) STATS - 94.6, 0
2018-11-13 17:11:02 (4913249939003) STATS - 94.7, 0
2018-11-13 17:11:02 (4913249964403) STATS - 94.8, 0
2018-11-13 17:11:02 (4913249989904) STATS - 94.9, 0
2018-11-13 17:11:02 (4913250037406) STATS - 95.0, 0
2018-11-13 17:11:02 (4913250064307) STATS - 95.1, 0
2018-11-13 17:11:02 (4913250090007) STATS - 95.2, 0
2018-11-13 17:11:02 (4913250115708) STATS - 95.3, 0
2018-11-13 17:11:02 (4913250141109) STATS - 95.4, 0
2018-11-13 17:11:02 (4913250166010) STATS - 95.5, 0
2018-11-13 17:11:02 (4913250191211) STATS - 95.6, 0
2018-11-13 17:11:02 (4913250216711) STATS - 95.7, 0
2018-11-13 17:11:02 (4913250242212) STATS - 95.8, 0
2018-11-13 17:11:02 (4913250267713) STATS - 95.9, 0
2018-11-13 17:11:02 (4913250293714) STATS - 96.0, 0
2018-11-13 17:11:02 (4913250319115) STATS - 96.1, 0
2018-11-13 17:11:02 (4913250344415) STATS - 96.2, 0
2018-11-13 17:11:02 (4913250369316) STATS - 96.3, 0
2018-11-13 17:11:02 (4913250394217) STATS - 96.4, 0
2018-11-13 17:11:02 (4913250419318) STATS - 96.5, 0
2018-11-13 17:11:02 (4913250444719) STATS - 96.6, 0
2018-11-13 17:11:02 (4913250469719) STATS - 96.7, 0
2018-11-13 17:11:02 (4913250495220) STATS - 96.8, 0
2018-11-13 17:11:02 (4913250520021) STATS - 96.9, 0
2018-11-13 17:11:02 (4913250545222) STATS - 97.0, 0
2018-11-13 17:11:02 (4913250572423) STATS - 97.1, 0
2018-11-13 17:11:02 (4913250597223) STATS - 97.2, 0
2018-11-13 17:11:02 (4913250622724) STATS - 97.3, 0
2018-11-13 17:11:02 (4913250658025) STATS - 97.4, 0
2018-11-13 17:11:02 (4913250683726) STATS - 97.5, 0
2018-11-13 17:11:02 (4913250709427) STATS - 97.6, 0
2018-11-13 17:11:02 (4913250734128) STATS - 97.7, 0
2018-11-13 17:11:02 (4913250759229) STATS - 97.8, 0
2018-11-13 17:11:02 (4913250783929) STATS - 97.9, 0
2018-11-13 17:11:02 (4913250809330) STATS - 98.0, 0
2018-11-13 17:11:02 (4913250834531) STATS - 98.1, 0
2018-11-13 17:11:02 (4913250859232) STATS - 98.2, 0
2018-11-13 17:11:02 (4913257670349) STATS - 98.3, 0
2018-11-13 17:11:02 (4913257743851) STATS - 98.4, 0
2018-11-13 17:11:02 (4913257772552) STATS - 98.5, 0
2018-11-13 17:11:02 (4913257797453) STATS - 98.6, 0
2018-11-13 17:11:02 (4913257820853) STATS - 98.7, 0
2018-11-13 17:11:02 (4913257843754) STATS - 98.8, 0
2018-11-13 17:11:02 (4913257865355) STATS - 98.9, 0
2018-11-13 17:11:02 (4913257888456) STATS - 99.0, 0
2018-11-13 17:11:02 (4913257910756) STATS - 99.1, 0
2018-11-13 17:11:02 (4913257932757) STATS - 99.2, 0
2018-11-13 17:11:02 (4913257954558) STATS - 99.3, 0
2018-11-13 17:11:02 (4913257975858) STATS - 99.4, 0
2018-11-13 17:11:02 (4913257996959) STATS - 99.5, 0
2018-11-13 17:11:02 (4913258018360) STATS - 99.6, 0
2018-11-13 17:11:02 (4913258039860) STATS - 99.7, 0
2018-11-13 17:11:02 (4913258061161) STATS - 99.8, 0
2018-11-13 17:11:02 (4913258082462) STATS - 99.9, 0
2018-11-13 17:11:02 (4913258106062) STATS - 100.0, 0
2018-11-13 17:11:02 (4913258128763) STATS - 100.1, 0
2018-11-13 17:11:02 (4913258150364) STATS - 100.2, 0
2018-11-13 17:11:02 (4913258172465) STATS - 100.3, 0
2018-11-13 17:11:02 (4913258193865) STATS - 100.4, 0
2018-11-13 17:11:02 (4913258215166) STATS - 100.5, 0
2018-11-13 17:11:02 (4913258253767) STATS - 100.6, 0
2018-11-13 17:11:02 (4913258299969) STATS - 100.7, 0
2018-11-13 17:11:02 (4913258334170) STATS - 100.8, 0
2018-11-13 17:11:02 (4913258357270) STATS - 100.9, 0
2018-11-13 17:11:02 (4913258379571) STATS - 101.0, 0
2018-11-13 17:11:02 (4913258401272) STATS - 101.1, 0
2018-11-13 17:11:02 (4913258422973) STATS - 101.2, 0
2018-11-13 17:11:02 (4913258444673) STATS - 101.3, 0
2018-11-13 17:11:02 (4913258466274) STATS - 101.4, 0
2018-11-13 17:11:02 (4913258487675) STATS - 101.5, 0
2018-11-13 17:11:02 (4913258509275) STATS - 101.6, 0
2018-11-13 17:11:02 (4913258530476) STATS - 101.7, 0
2018-11-13 17:11:02 (4913258551977) STATS - 101.8, 0
2018-11-13 17:11:02 (4913258577177) STATS - 101.9, 0
2018-11-13 17:11:02 (4913258601278) STATS - 102.0, 0
2018-11-13 17:11:02 (4913258623579) STATS - 102.1, 0
2018-11-13 17:11:02 (4913258645080) STATS - 102.2, 0
2018-11-13 17:11:02 (4913258667980) STATS - 102.3, 0
2018-11-13 17:11:02 (4913258689781) STATS - 102.4, 0
2018-11-13 17:11:02 (4913258716082) STATS - 102.5, 0
2018-11-13 17:11:02 (4913258738783) STATS - 102.6, 0
2018-11-13 17:11:02 (4913258760283) STATS - 102.7, 0
2018-11-13 17:11:02 (4913258781884) STATS - 102.8, 0
2018-11-13 17:11:02 (4913258802985) STATS - 102.9, 0
2018-11-13 17:11:02 (4913258828185) STATS - 103.0, 0
2018-11-13 17:11:02 (4913258849886) STATS - 103.1, 0
2018-11-13 17:11:02 (4913258871387) STATS - 103.2, 0
2018-11-13 17:11:02 (4913258892788) STATS - 103.3, 0
2018-11-13 17:11:02 (4913258914488) STATS - 103.4, 0
2018-11-13 17:11:02 (4913258935789) STATS - 103.5, 0
2018-11-13 17:11:02 (4913258957090) STATS - 103.6, 0
2018-11-13 17:11:02 (4913258978390) STATS - 103.7, 0
2018-11-13 17:11:02 (4913259000091) STATS - 103.8, 0
2018-11-13 17:11:02 (4913259021692) STATS - 103.9, 0
2018-11-13 17:11:02 (4913259045692) STATS - 104.0, 0
2018-11-13 17:11:02 (4913259067893) STATS - 104.1, 0
2018-11-13 17:11:02 (4913259089194) STATS - 104.2, 0
2018-11-13 17:11:02 (4913259110694) STATS - 104.3, 0
2018-11-13 17:11:02 (4913259132195) STATS - 104.4, 0
2018-11-13 17:11:02 (4913259153496) STATS - 104.5, 0
2018-11-13 17:11:02 (4913259175097) STATS - 104.6, 0
2018-11-13 17:11:02 (4913259196397) STATS - 104.7, 0
2018-11-13 17:11:02 (4913259217698) STATS - 104.8, 0
2018-11-13 17:11:02 (4913259239099) STATS - 104.9, 0
2018-11-13 17:11:02 (4913259261499) STATS - 105.0, 0
2018-11-13 17:11:02 (4913259283300) STATS - 105.1, 0
2018-11-13 17:11:02 (4913259304701) STATS - 105.2, 0
2018-11-13 17:11:02 (4913259363103) STATS - 105.3, 0
2018-11-13 17:11:02 (4913259392303) STATS - 105.4, 0
2018-11-13 17:11:02 (4913259415104) STATS - 105.5, 0
2018-11-13 17:11:02 (4913259436805) STATS - 105.6, 0
2018-11-13 17:11:02 (4913259457906) STATS - 105.7, 0
2018-11-13 17:11:02 (4913259481006) STATS - 105.8, 0
2018-11-13 17:11:02 (4913259503007) STATS - 105.9, 0
2018-11-13 17:11:02 (4913259524608) STATS - 106.0, 0
2018-11-13 17:11:02 (4913259546308) STATS - 106.1, 0
2018-11-13 17:11:02 (4913259567509) STATS - 106.2, 0
2018-11-13 17:11:02 (4913259589010) STATS - 106.3, 0
2018-11-13 17:11:02 (4913259610110) STATS - 106.4, 0
2018-11-13 17:11:02 (4913259631111) STATS - 106.5, 0
2018-11-13 17:11:02 (4913259652112) STATS - 106.6, 0
2018-11-13 17:11:02 (4913259673112) STATS - 106.7, 0
2018-11-13 17:11:02 (4913259694113) STATS - 106.8, 0
2018-11-13 17:11:02 (4913259714914) STATS - 106.9, 0
2018-11-13 17:11:02 (4913259737714) STATS - 107.0, 0
2018-11-13 17:11:02 (4913259759715) STATS - 107.1, 0
2018-11-13 17:11:02 (4913259781016) STATS - 107.2, 0
2018-11-13 17:11:02 (4913259802116) STATS - 107.3, 0
2018-11-13 17:11:02 (4913259823217) STATS - 107.4, 0
2018-11-13 17:11:02 (4913259844218) STATS - 107.5, 0
2018-11-13 17:11:02 (4913259866919) STATS - 107.6, 0
2018-11-13 17:11:02 (4913259888819) STATS - 107.7, 0
2018-11-13 17:11:02 (4913259910020) STATS - 107.8, 0
2018-11-13 17:11:02 (4913259930921) STATS - 107.9, 0
2018-11-13 17:11:02 (4913259952221) STATS - 108.0, 0
2018-11-13 17:11:02 (4913259974622) STATS - 108.1, 0
2018-11-13 17:11:02 (4913259997823) STATS - 108.2, 0
2018-11-13 17:11:02 (4913260038024) STATS - 108.3, 0
2018-11-13 17:11:02 (4913260060025) STATS - 108.4, 0
2018-11-13 17:11:02 (4913260080825) STATS - 108.5, 0
2018-11-13 17:11:02 (4913260102126) STATS - 108.6, 0
2018-11-13 17:11:02 (4913260123427) STATS - 108.7, 0
2018-11-13 17:11:02 (4913260144527) STATS - 108.8, 0
2018-11-13 17:11:02 (4913260166928) STATS - 108.9, 0
2018-11-13 17:11:02 (4913260188429) STATS - 109.0, 0
2018-11-13 17:11:02 (4913260210029) STATS - 109.1, 0
2018-11-13 17:11:02 (4913260231130) STATS - 109.2, 0
2018-11-13 17:11:02 (4913260252331) STATS - 109.3, 0
2018-11-13 17:11:02 (4913260273231) STATS - 109.4, 0
2018-11-13 17:11:02 (4913260296832) STATS - 109.5, 0
2018-11-13 17:11:02 (4913260319133) STATS - 109.6, 0
2018-11-13 17:11:02 (4913260344434) STATS - 109.7, 0
2018-11-13 17:11:02 (4913260365734) STATS - 109.8, 0
2018-11-13 17:11:02 (4913260386835) STATS - 109.9, 0
2018-11-13 17:11:02 (4913260409036) STATS - 110.0, 0
2018-11-13 17:11:02 (4913267379658) STATS - 110.1, 0
2018-11-13 17:11:02 (4913267425259) STATS - 110.2, 0
2018-11-13 17:11:02 (4913267451860) STATS - 110.3, 0
2018-11-13 17:11:02 (4913267474861) STATS - 110.4, 0
2018-11-13 17:11:02 (4913267497061) STATS - 110.5, 0
2018-11-13 17:11:02 (4913267521662) STATS - 110.6, 0
2018-11-13 17:11:02 (4913267542963) STATS - 110.7, 0
2018-11-13 17:11:02 (4913267563964) STATS - 110.8, 0
2018-11-13 17:11:02 (4913267584564) STATS - 110.9, 0
2018-11-13 17:11:02 (4913267606765) STATS - 111.0, 0
2018-11-13 17:11:02 (4913267630566) STATS - 111.1, 0
2018-11-13 17:11:02 (4913267651566) STATS - 111.2, 0
2018-11-13 17:11:02 (4913267675567) STATS - 111.3, 0
2018-11-13 17:11:02 (4913267696868) STATS - 111.4, 0
2018-11-13 17:11:02 (4913267717768) STATS - 111.5, 0
2018-11-13 17:11:02 (4913267738769) STATS - 111.6, 0
2018-11-13 17:11:02 (4913267759770) STATS - 111.7, 0
2018-11-13 17:11:02 (4913267780570) STATS - 111.8, 0
2018-11-13 17:11:02 (4913267801571) STATS - 111.9, 0
2018-11-13 17:11:02 (4913267822972) STATS - 112.0, 0
2018-11-13 17:11:02 (4913267844172) STATS - 112.1, 0
2018-11-13 17:11:02 (4913267864973) STATS - 112.2, 0
2018-11-13 17:11:02 (4913267885974) STATS - 112.3, 0
2018-11-13 17:11:02 (4913267907174) STATS - 112.4, 0
2018-11-13 17:11:02 (4913267931575) STATS - 112.5, 0
2018-11-13 17:11:02 (4913267952976) STATS - 112.6, 0
2018-11-13 17:11:02 (4913267973877) STATS - 112.7, 0
2018-11-13 17:11:02 (4913267994577) STATS - 112.8, 0
2018-11-13 17:11:02 (4913268034679) STATS - 112.9, 0
2018-11-13 17:11:02 (4913268057079) STATS - 113.0, 0
2018-11-13 17:11:02 (4913268078880) STATS - 113.1, 0
2018-11-13 17:11:02 (4913268099881) STATS - 113.2, 0
2018-11-13 17:11:02 (4913268128682) STATS - 113.3, 0
2018-11-13 17:11:02 (4913268150082) STATS - 113.4, 0
2018-11-13 17:11:02 (4913270333252) STATS - 113.5, 0
2018-11-13 17:11:02 (4913270451155) STATS - 113.6, 0
2018-11-13 17:11:02 (4913270488357) STATS - 113.7, 0
2018-11-13 17:11:02 (4913270527358) STATS - 113.8, 0
2018-11-13 17:11:02 (4913270567859) STATS - 113.9, 0
2018-11-13 17:11:02 (4913270590860) STATS - 114.0, 0
2018-11-13 17:11:02 (4913270612761) STATS - 114.1, 0
2018-11-13 17:11:02 (4913270635561) STATS - 114.2, 0
2018-11-13 17:11:02 (4913270656162) STATS - 114.3, 0
2018-11-13 17:11:02 (4913270675763) STATS - 114.4, 0
2018-11-13 17:11:02 (4913270695563) STATS - 114.5, 0
2018-11-13 17:11:02 (4913270715664) STATS - 114.6, 0
2018-11-13 17:11:02 (4913270735565) STATS - 114.7, 0
2018-11-13 17:11:02 (4913270756165) STATS - 114.8, 0
2018-11-13 17:11:02 (4913270775866) STATS - 114.9, 0
2018-11-13 17:11:02 (4913270796566) STATS - 115.0, 0
2018-11-13 17:11:02 (4913270821667) STATS - 115.1, 0
2018-11-13 17:11:02 (4913270843968) STATS - 115.2, 0
2018-11-13 17:11:02 (4913270864069) STATS - 115.3, 0
2018-11-13 17:11:02 (4913270883669) STATS - 115.4, 0
2018-11-13 17:11:02 (4913270940771) STATS - 115.5, 0
2018-11-13 17:11:02 (4913270963972) STATS - 115.6, 0
2018-11-13 17:11:02 (4913270984272) STATS - 115.7, 0
2018-11-13 17:11:02 (4913271005973) STATS - 115.8, 0
2018-11-13 17:11:02 (4913271025774) STATS - 115.9, 0
2018-11-13 17:11:02 (4913271045974) STATS - 116.0, 0
2018-11-13 17:11:02 (4913271065775) STATS - 116.1, 0
2018-11-13 17:11:02 (4913271085176) STATS - 116.2, 0
2018-11-13 17:11:02 (4913271105476) STATS - 116.3, 0
2018-11-13 17:11:02 (4913271124977) STATS - 116.4, 0
2018-11-13 17:11:02 (4913271144278) STATS - 116.5, 0
2018-11-13 17:11:02 (4913271163578) STATS - 116.6, 0
2018-11-13 17:11:02 (4913271194079) STATS - 116.7, 0
2018-11-13 17:11:02 (4913271215480) STATS - 116.8, 0
2018-11-13 17:11:02 (4913271235180) STATS - 116.9, 0
2018-11-13 17:11:02 (4913271254981) STATS - 117.0, 0
2018-11-13 17:11:02 (4913271274382) STATS - 117.1, 0
2018-11-13 17:11:02 (4913271293782) STATS - 117.2, 0
2018-11-13 17:11:02 (4913271312883) STATS - 117.3, 0
2018-11-13 17:11:02 (4913271341284) STATS - 117.4, 0
2018-11-13 17:11:02 (4913271362884) STATS - 117.5, 0
2018-11-13 17:11:02 (4913271383785) STATS - 117.6, 0
2018-11-13 17:11:02 (4913271403686) STATS - 117.7, 0
2018-11-13 17:11:02 (4913271423586) STATS - 117.8, 0
2018-11-13 17:11:02 (4913271466288) STATS - 117.9, 0
2018-11-13 17:11:02 (4913271487088) STATS - 118.0, 0
2018-11-13 17:11:02 (4913271506789) STATS - 118.1, 0
2018-11-13 17:11:02 (4913271525890) STATS - 118.2, 0
2018-11-13 17:11:02 (4913271545690) STATS - 118.3, 0
2018-11-13 17:11:02 (4913271565591) STATS - 118.4, 0
2018-11-13 17:11:02 (4913271584792) STATS - 118.5, 0
2018-11-13 17:11:02 (4913271605592) STATS - 118.6, 0
2018-11-13 17:11:02 (4913271625293) STATS - 118.7, 0
2018-11-13 17:11:02 (4913271644193) STATS - 118.8, 0
2018-11-13 17:11:02 (4913271663694) STATS - 118.9, 0
2018-11-13 17:11:02 (4913271682895) STATS - 119.0, 0
2018-11-13 17:11:02 (4913271702195) STATS - 119.1, 0
2018-11-13 17:11:02 (4913271720996) STATS - 119.2, 0
2018-11-13 17:11:02 (4913271740296) STATS - 119.3, 0
2018-11-13 17:11:02 (4913271758997) STATS - 119.4, 0
2018-11-13 17:11:02 (4913271777798) STATS - 119.5, 0
2018-11-13 17:11:02 (4913271796998) STATS - 119.6, 0
2018-11-13 17:11:02 (4913271815699) STATS - 119.7, 0
2018-11-13 17:11:02 (4913271834600) STATS - 119.8, 0
2018-11-13 17:11:02 (4913271853400) STATS - 119.9, 0
2018-11-13 17:11:02 (4913271874201) STATS - 120.0, 0
2018-11-13 17:11:02 (4913275855527) STATS - 120.1, 0
2018-11-13 17:11:02 (4913275907229) STATS - 120.2, 0
2018-11-13 17:11:02 (4913275930130) STATS - 120.3, 0
2018-11-13 17:11:02 (4913275950031) STATS - 120.4, 0
2018-11-13 17:11:02 (4913275969331) STATS - 120.5, 0
2018-11-13 17:11:02 (4913275988932) STATS - 120.6, 0
2018-11-13 17:11:02 (4913276081235) STATS - 120.7, 0
2018-11-13 17:11:02 (4913276108536) STATS - 120.8, 0
2018-11-13 17:11:02 (4913276128136) STATS - 120.9, 0
2018-11-13 17:11:02 (4913276159637) STATS - 121.0, 0
2018-11-13 17:11:02 (4913276182338) STATS - 121.1, 0
2018-11-13 17:11:02 (4913276201739) STATS - 121.2, 0
2018-11-13 17:11:02 (4913276220739) STATS - 121.3, 0
2018-11-13 17:11:02 (4913276239640) STATS - 121.4, 0
2018-11-13 17:11:02 (4913276258740) STATS - 121.5, 0
2018-11-13 17:11:02 (4913276277841) STATS - 121.6, 0
2018-11-13 17:11:02 (4913276296842) STATS - 121.7, 0
2018-11-13 17:11:02 (4913276315442) STATS - 121.8, 0
2018-11-13 17:11:02 (4913276334143) STATS - 121.9, 0
2018-11-13 17:11:02 (4913276359544) STATS - 122.0, 0
2018-11-13 17:11:02 (4913276378444) STATS - 122.1, 0
2018-11-13 17:11:02 (4913276401145) STATS - 122.2, 0
2018-11-13 17:11:02 (4913276421146) STATS - 122.3, 0
2018-11-13 17:11:02 (4913276440146) STATS - 122.4, 0
2018-11-13 17:11:02 (4913276459047) STATS - 122.5, 0
2018-11-13 17:11:02 (4913276477647) STATS - 122.6, 0
2018-11-13 17:11:02 (4913276502048) STATS - 122.7, 0
2018-11-13 17:11:02 (4913276521249) STATS - 122.8, 0
2018-11-13 17:11:02 (4913276540149) STATS - 122.9, 0
2018-11-13 17:11:02 (4913276559250) STATS - 123.0, 0
2018-11-13 17:11:02 (4913276578351) STATS - 123.1, 0
2018-11-13 17:11:02 (4913276597251) STATS - 123.2, 0
2018-11-13 17:11:02 (4913276616252) STATS - 123.3, 0
2018-11-13 17:11:02 (4913276634852) STATS - 123.4, 0
2018-11-13 17:11:02 (4913276653453) STATS - 123.5, 0
2018-11-13 17:11:02 (4913276672253) STATS - 123.6, 0
2018-11-13 17:11:02 (4913276691154) STATS - 123.7, 0
2018-11-13 17:11:02 (4913276709755) STATS - 123.8, 0
2018-11-13 17:11:02 (4913276728355) STATS - 123.9, 0
2018-11-13 17:11:02 (4913276747756) STATS - 124.0, 0
2018-11-13 17:11:02 (4913276766656) STATS - 124.1, 0
2018-11-13 17:11:02 (4913276785557) STATS - 124.2, 0
2018-11-13 17:11:02 (4913276804458) STATS - 124.3, 0
2018-11-13 17:11:02 (4913276823258) STATS - 124.4, 0
2018-11-13 17:11:02 (4913276841759) STATS - 124.5, 0
2018-11-13 17:11:02 (4913276860259) STATS - 124.6, 0
2018-11-13 17:11:02 (4913276879060) STATS - 124.7, 0
2018-11-13 17:11:02 (4913276897961) STATS - 124.8, 0
2018-11-13 17:11:02 (4913276916361) STATS - 124.9, 0
2018-11-13 17:11:02 (4913276935062) STATS - 125.0, 0
2018-11-13 17:11:02 (4913276953962) STATS - 125.1, 0
2018-11-13 17:11:02 (4913276972763) STATS - 125.2, 0
2018-11-13 17:11:02 (4913276991864) STATS - 125.3, 0
2018-11-13 17:11:02 (4913277010264) STATS - 125.4, 0
2018-11-13 17:11:02 (4913277029165) STATS - 125.5, 0
2018-11-13 17:11:02 (4913277074466) STATS - 125.6, 0
2018-11-13 17:11:02 (4913277099967) STATS - 125.7, 0
2018-11-13 17:11:02 (4913277119668) STATS - 125.8, 0
2018-11-13 17:11:02 (4913277138568) STATS - 125.9, 0
2018-11-13 17:11:02 (4913277160869) STATS - 126.0, 0
2018-11-13 17:11:02 (4913277191170) STATS - 126.1, 0
2018-11-13 17:11:02 (4913277210871) STATS - 126.2, 0
2018-11-13 17:11:02 (4913277238272) STATS - 126.3, 0
2018-11-13 17:11:02 (4913277284973) STATS - 126.4, 0
2018-11-13 17:11:02 (4913277306474) STATS - 126.5, 0
2018-11-13 17:11:02 (4913277325674) STATS - 126.6, 0
2018-11-13 17:11:02 (4913277344475) STATS - 126.7, 0
2018-11-13 17:11:02 (4913277363375) STATS - 126.8, 0
2018-11-13 17:11:02 (4913277381876) STATS - 126.9, 0
2018-11-13 17:11:02 (4913277400877) STATS - 127.0, 0
2018-11-13 17:11:02 (4913277419577) STATS - 127.1, 0
2018-11-13 17:11:02 (4913277438078) STATS - 127.2, 0
2018-11-13 17:11:02 (4913277456678) STATS - 127.3, 0
2018-11-13 17:11:02 (4913277477679) STATS - 127.4, 0
2018-11-13 17:11:02 (4913277496180) STATS - 127.5, 0
2018-11-13 17:11:02 (4913277514680) STATS - 127.6, 0
2018-11-13 17:11:02 (4913277533281) STATS - 127.7, 0
2018-11-13 17:11:02 (4913277551581) STATS - 127.8, 0
2018-11-13 17:11:02 (4913277570882) STATS - 127.9, 0
2018-11-13 17:11:02 (4913277606483) STATS - 128.0, 0
2018-11-13 17:11:02 (4913277638484) STATS - 128.1, 0
2018-11-13 17:11:02 (4913277660385) STATS - 128.2, 0
2018-11-13 17:11:02 (4913277679486) STATS - 128.3, 0
2018-11-13 17:11:02 (4913277698086) STATS - 128.4, 0
2018-11-13 17:11:02 (4913277716887) STATS - 128.5, 0
2018-11-13 17:11:02 (4913277735287) STATS - 128.6, 0
2018-11-13 17:11:02 (4913277754088) STATS - 128.7, 0
2018-11-13 17:11:02 (4913277772589) STATS - 128.8, 0
2018-11-13 17:11:02 (4913277790889) STATS - 128.9, 0
2018-11-13 17:11:02 (4913277814890) STATS - 129.0, 0
2018-11-13 17:11:02 (4913277833990) STATS - 129.1, 0
2018-11-13 17:11:02 (4913277852691) STATS - 129.2, 0
2018-11-13 17:11:02 (4913277871192) STATS - 129.3, 0
2018-11-13 17:11:02 (4913277889592) STATS - 129.4, 0
2018-11-13 17:11:02 (4913277907993) STATS - 129.5, 0
2018-11-13 17:11:02 (4913277926693) STATS - 129.6, 0
2018-11-13 17:11:02 (4913277945394) STATS - 129.7, 0
2018-11-13 17:11:02 (4913277964195) STATS - 129.8, 0
2018-11-13 17:11:02 (4913277982395) STATS - 129.9, 0
2018-11-13 17:11:02 (4913278002496) STATS - 130.0, 0
2018-11-13 17:11:02 (4913278021296) STATS - 130.1, 0
2018-11-13 17:11:02 (4913278039997) STATS - 130.2, 0
2018-11-13 17:11:02 (4913278058298) STATS - 130.3, 0
2018-11-13 17:11:02 (4913278076698) STATS - 130.4, 0
2018-11-13 17:11:02 (4913278094999) STATS - 130.5, 0
2018-11-13 17:11:02 (4913278113399) STATS - 130.6, 0
2018-11-13 17:11:02 (4913278131900) STATS - 130.7, 0
2018-11-13 17:11:02 (4913278150601) STATS - 130.8, 0
2018-11-13 17:11:02 (4913278168901) STATS - 130.9, 0
2018-11-13 17:11:02 (4913278187502) STATS - 131.0, 0
2018-11-13 17:11:02 (4913278205902) STATS - 131.1, 0
2018-11-13 17:11:02 (4913278224603) STATS - 131.2, 0
2018-11-13 17:11:02 (4913278243103) STATS - 131.3, 0
2018-11-13 17:11:02 (4913278261704) STATS - 131.4, 0
2018-11-13 17:11:02 (4913278281805) STATS - 131.5, 0
2018-11-13 17:11:02 (4913278300805) STATS - 131.6, 0
2018-11-13 17:11:02 (4913278319206) STATS - 131.7, 0
2018-11-13 17:11:02 (4913278337907) STATS - 131.8, 0
2018-11-13 17:11:02 (4913278356507) STATS - 131.9, 0
2018-11-13 17:11:02 (4913278374808) STATS - 132.0, 0
2018-11-13 17:11:02 (4913278393308) STATS - 132.1, 0
2018-11-13 17:11:02 (4913278412109) STATS - 132.2, 0
2018-11-13 17:11:02 (4913278431109) STATS - 132.3, 0
2018-11-13 17:11:02 (4913278449410) STATS - 132.4, 0
2018-11-13 17:11:02 (4913278467911) STATS - 132.5, 0
2018-11-13 17:11:02 (4913278486411) STATS - 132.6, 0
2018-11-13 17:11:02 (4913278505012) STATS - 132.7, 0
2018-11-13 17:11:02 (4913278523412) STATS - 132.8, 0
2018-11-13 17:11:02 (4913278557313) STATS - 132.9, 0
2018-11-13 17:11:02 (4913285573837) STATS - 133.0, 0
2018-11-13 17:11:02 (4913285694141) STATS - 133.1, 0
2018-11-13 17:11:02 (4913285719041) STATS - 133.2, 0
2018-11-13 17:11:02 (4913285736342) STATS - 133.3, 0
2018-11-13 17:11:02 (4913285752443) STATS - 133.4, 0
2018-11-13 17:11:02 (4913285768043) STATS - 133.5, 0
2018-11-13 17:11:02 (4913285783444) STATS - 133.6, 0
2018-11-13 17:11:02 (4913285798844) STATS - 133.7, 0
2018-11-13 17:11:02 (4913285814144) STATS - 133.8, 0
2018-11-13 17:11:02 (4913285829545) STATS - 133.9, 0
2018-11-13 17:11:02 (4913285846646) STATS - 134.0, 0
2018-11-13 17:11:02 (4913285862246) STATS - 134.1, 0
2018-11-13 17:11:02 (4913285877847) STATS - 134.2, 0
2018-11-13 17:11:02 (4913285893247) STATS - 134.3, 0
2018-11-13 17:11:02 (4913285908548) STATS - 134.4, 0
2018-11-13 17:11:02 (4913285923748) STATS - 134.5, 0
2018-11-13 17:11:02 (4913286007251) STATS - 134.6, 0
2018-11-13 17:11:02 (4913286029751) STATS - 134.7, 0
2018-11-13 17:11:02 (4913286045552) STATS - 134.8, 0
2018-11-13 17:11:02 (4913286091853) STATS - 134.9, 0
2018-11-13 17:11:02 (4913286116454) STATS - 135.0, 0
2018-11-13 17:11:02 (4913286133755) STATS - 135.1, 0
2018-11-13 17:11:02 (4913286149755) STATS - 135.2, 0
2018-11-13 17:11:02 (4913286224558) STATS - 135.3, 0
2018-11-13 17:11:02 (4913286241658) STATS - 135.4, 0
2018-11-13 17:11:02 (4913286258059) STATS - 135.5, 0
2018-11-13 17:11:02 (4913286273859) STATS - 135.6, 0
2018-11-13 17:11:02 (4913286289360) STATS - 135.7, 0
2018-11-13 17:11:02 (4913286304860) STATS - 135.8, 0
2018-11-13 17:11:02 (4913286320061) STATS - 135.9, 0
2018-11-13 17:11:02 (4913286336061) STATS - 136.0, 0
2018-11-13 17:11:02 (4913286351562) STATS - 136.1, 0
2018-11-13 17:11:02 (4913286400363) STATS - 136.2, 0
2018-11-13 17:11:02 (4913286420364) STATS - 136.3, 0
2018-11-13 17:11:02 (4913286435864) STATS - 136.4, 0
2018-11-13 17:11:02 (4913286451165) STATS - 136.5, 0
2018-11-13 17:11:02 (4913286466765) STATS - 136.6, 0
2018-11-13 17:11:02 (4913286484566) STATS - 136.7, 0
2018-11-13 17:11:02 (4913286500466) STATS - 136.8, 0
2018-11-13 17:11:02 (4913286515867) STATS - 136.9, 0
2018-11-13 17:11:02 (4913286531367) STATS - 137.0, 0
2018-11-13 17:11:02 (4913286546768) STATS - 137.1, 0
2018-11-13 17:11:02 (4913286561968) STATS - 137.2, 0
2018-11-13 17:11:02 (4913286578369) STATS - 137.3, 0
2018-11-13 17:11:02 (4913286593969) STATS - 137.4, 0
2018-11-13 17:11:02 (4913286609170) STATS - 137.5, 0
2018-11-13 17:11:02 (4913286624670) STATS - 137.6, 0
2018-11-13 17:11:02 (4913286644671) STATS - 137.7, 0
2018-11-13 17:11:02 (4913286660771) STATS - 137.8, 0
2018-11-13 17:11:02 (4913286675972) STATS - 137.9, 0
2018-11-13 17:11:02 (4913286691572) STATS - 138.0, 0
2018-11-13 17:11:02 (4913286709373) STATS - 138.1, 0
2018-11-13 17:11:02 (4913286725374) STATS - 138.2, 0
2018-11-13 17:11:02 (4913286740574) STATS - 138.3, 0
2018-11-13 17:11:02 (4913286755674) STATS - 138.4, 0
2018-11-13 17:11:02 (4913286771075) STATS - 138.5, 0
2018-11-13 17:11:02 (4913286786775) STATS - 138.6, 0
2018-11-13 17:11:02 (4913286802176) STATS - 138.7, 0
2018-11-13 17:11:02 (4913286817476) STATS - 138.8, 0
2018-11-13 17:11:02 (4913286834177) STATS - 138.9, 0
2018-11-13 17:11:02 (4913286849977) STATS - 139.0, 0
2018-11-13 17:11:02 (4913286867678) STATS - 139.1, 0
2018-11-13 17:11:02 (4913286885179) STATS - 139.2, 0
2018-11-13 17:11:02 (4913286901179) STATS - 139.3, 0
2018-11-13 17:11:02 (4913286916380) STATS - 139.4, 0
2018-11-13 17:11:02 (4913286931480) STATS - 139.5, 0
2018-11-13 17:11:02 (4913286946681) STATS - 139.6, 0
2018-11-13 17:11:02 (4913286961981) STATS - 139.7, 0
2018-11-13 17:11:02 (4913286977182) STATS - 139.8, 0
2018-11-13 17:11:02 (4913286992282) STATS - 139.9, 0
2018-11-13 17:11:02 (4913287010783) STATS - 140.0, 0
2018-11-13 17:11:02 (4913287027183) STATS - 140.1, 0
2018-11-13 17:11:02 (4913287042684) STATS - 140.2, 0
2018-11-13 17:11:02 (4913287057884) STATS - 140.3, 0
2018-11-13 17:11:02 (4913287072985) STATS - 140.4, 0
2018-11-13 17:11:02 (4913287088185) STATS - 140.5, 0
2018-11-13 17:11:02 (4913287103586) STATS - 140.6, 0
2018-11-13 17:11:02 (4913287119686) STATS - 140.7, 0
2018-11-13 17:11:02 (4913287154087) STATS - 140.8, 0
2018-11-13 17:11:02 (4913287170688) STATS - 140.9, 0
2018-11-13 17:11:02 (4913287186788) STATS - 141.0, 0
2018-11-13 17:11:02 (4913287202589) STATS - 141.1, 0
2018-11-13 17:11:02 (4913287219089) STATS - 141.2, 0
2018-11-13 17:11:02 (4913287234990) STATS - 141.3, 0
2018-11-13 17:11:02 (4913287250290) STATS - 141.4, 0
2018-11-13 17:11:02 (4913287265591) STATS - 141.5, 0
2018-11-13 17:11:02 (4913287280991) STATS - 141.6, 0
2018-11-13 17:11:02 (4913287296292) STATS - 141.7, 0
2018-11-13 17:11:02 (4913287311692) STATS - 141.8, 0
2018-11-13 17:11:02 (4913287326893) STATS - 141.9, 0
2018-11-13 17:11:02 (4913287347793) STATS - 142.0, 0
2018-11-13 17:11:02 (4913287363194) STATS - 142.1, 0
2018-11-13 17:11:02 (4913287378594) STATS - 142.2, 0
2018-11-13 17:11:02 (4913287393895) STATS - 142.3, 0
2018-11-13 17:11:02 (4913287735606) STATS - 142.4, 0
2018-11-13 17:11:02 (4913287759006) STATS - 142.5, 0
2018-11-13 17:11:02 (4913287775907) STATS - 142.6, 0
2018-11-13 17:11:02 (4913287843909) STATS - 142.7, 0
2018-11-13 17:11:02 (4913287863710) STATS - 142.8, 0
2018-11-13 17:11:02 (4913287914611) STATS - 142.9, 0
2018-11-13 17:11:02 (4913287987414) STATS - 143.0, 0
2018-11-13 17:11:02 (4913288071016) STATS - 143.1, 0
2018-11-13 17:11:02 (4913288088217) STATS - 143.2, 0
2018-11-13 17:11:02 (4913288103717) STATS - 143.3, 0
2018-11-13 17:11:02 (4913288118918) STATS - 143.4, 0
2018-11-13 17:11:02 (4913288134218) STATS - 143.5, 0
2018-11-13 17:11:02 (4913288149519) STATS - 143.6, 0
2018-11-13 17:11:02 (4913288164719) STATS - 143.7, 0
2018-11-13 17:11:02 (4913288180120) STATS - 143.8, 0
2018-11-13 17:11:02 (4913288195620) STATS - 143.9, 0
2018-11-13 17:11:02 (4913288211921) STATS - 144.0, 0
2018-11-13 17:11:02 (4913288227721) STATS - 144.1, 0
2018-11-13 17:11:02 (4913288243222) STATS - 144.2, 0
2018-11-13 17:11:02 (4913288259122) STATS - 144.3, 1
2018-11-13 17:11:02 (4913288274323) STATS - 144.4, 0
2018-11-13 17:11:02 (4913288289623) STATS - 144.5, 0
2018-11-13 17:11:02 (4913288305024) STATS - 144.6, 0
2018-11-13 17:11:02 (4913288320624) STATS - 144.7, 0
2018-11-13 17:11:02 (4913288335925) STATS - 144.8, 0
2018-11-13 17:11:02 (4913288385526) STATS - 144.9, 0
2018-11-13 17:11:02 (4913288404627) STATS - 145.0, 0
2018-11-13 17:11:02 (4913288420727) STATS - 145.1, 0
2018-11-13 17:11:02 (4913288436328) STATS - 145.2, 0
2018-11-13 17:11:02 (4913288451728) STATS - 145.3, 0
2018-11-13 17:11:02 (4913288467429) STATS - 145.4, 0
2018-11-13 17:11:02 (4913288483029) STATS - 145.5, 0
2018-11-13 17:11:02 (4913288498930) STATS - 145.6, 0
2018-11-13 17:11:02 (4913288515130) STATS - 145.7, 0
2018-11-13 17:11:02 (4913288530731) STATS - 145.8, 0
2018-11-13 17:11:02 (4913288545931) STATS - 145.9, 0
2018-11-13 17:11:02 (4913294090808) STATS - 146.0, 0
2018-11-13 17:11:02 (4913294206712) STATS - 146.1, 0
2018-11-13 17:11:02 (4913294230112) STATS - 146.2, 0
2018-11-13 17:11:02 (4913294245913) STATS - 146.3, 0
2018-11-13 17:11:02 (4913294260613) STATS - 146.4, 0
2018-11-13 17:11:02 (4913294275314) STATS - 146.5, 0
2018-11-13 17:11:02 (4913294290114) STATS - 146.6, 0
2018-11-13 17:11:02 (4913294304815) STATS - 146.7, 0
2018-11-13 17:11:02 (4913294319315) STATS - 146.8, 0
2018-11-13 17:11:02 (4913294333916) STATS - 146.9, 0
2018-11-13 17:11:02 (4913294350516) STATS - 147.0, 0
2018-11-13 17:11:02 (4913294365617) STATS - 147.1, 0
2018-11-13 17:11:02 (4913294380117) STATS - 147.2, 0
2018-11-13 17:11:02 (4913294394618) STATS - 147.3, 0
2018-11-13 17:11:02 (4913294409118) STATS - 147.4, 0
2018-11-13 17:11:02 (4913294423919) STATS - 147.5, 0
2018-11-13 17:11:02 (4913294438819) STATS - 147.6, 0
2018-11-13 17:11:02 (4913294453720) STATS - 147.7, 0
2018-11-13 17:11:02 (4913294468320) STATS - 147.8, 0
2018-11-13 17:11:02 (4913294482820) STATS - 147.9, 0
2018-11-13 17:11:02 (4913294507121) STATS - 148.0, 0
2018-11-13 17:11:02 (4913294520522) STATS - 148.1, 0
2018-11-13 17:11:02 (4913294534122) STATS - 148.2, 0
2018-11-13 17:11:02 (4913294547422) STATS - 148.3, 0
2018-11-13 17:11:02 (4913294560823) STATS - 148.4, 0
2018-11-13 17:11:02 (4913294574023) STATS - 148.5, 0
2018-11-13 17:11:02 (4913294587524) STATS - 148.6, 0
2018-11-13 17:11:02 (4913294600824) STATS - 148.7, 0
2018-11-13 17:11:02 (4913294614025) STATS - 148.8, 0
2018-11-13 17:11:02 (4913294627225) STATS - 148.9, 0
2018-11-13 17:11:02 (4913294640425) STATS - 149.0, 0
2018-11-13 17:11:02 (4913294653726) STATS - 149.1, 0
2018-11-13 17:11:02 (4913294667226) STATS - 149.2, 0
2018-11-13 17:11:02 (4913294680727) STATS - 149.3, 0
2018-11-13 17:11:02 (4913294694027) STATS - 149.4, 0
2018-11-13 17:11:02 (4913294707128) STATS - 149.5, 0
2018-11-13 17:11:02 (4913294720728) STATS - 149.6, 0
2018-11-13 17:11:02 (4913294734128) STATS - 149.7, 0
2018-11-13 17:11:02 (4913294747829) STATS - 149.8, 0
2018-11-13 17:11:02 (4913294760929) STATS - 149.9, 0
2018-11-13 17:11:02 (4913294775830) STATS - 150.0, 0
2018-11-13 17:11:02 (4913294789830) STATS - 150.1, 0
2018-11-13 17:11:02 (4913294803231) STATS - 150.2, 0
2018-11-13 17:11:02 (4913294816431) STATS - 150.3, 0
2018-11-13 17:11:02 (4913294829731) STATS - 150.4, 0
2018-11-13 17:11:02 (4913294842832) STATS - 150.5, 0
2018-11-13 17:11:02 (4913294856132) STATS - 150.6, 0
2018-11-13 17:11:02 (4913294869333) STATS - 150.7, 0
2018-11-13 17:11:02 (4913294882733) STATS - 150.8, 0
2018-11-13 17:11:02 (4913294903634) STATS - 150.9, 0
2018-11-13 17:11:02 (4913294919734) STATS - 151.0, 0
2018-11-13 17:11:02 (4913294933635) STATS - 151.1, 0
2018-11-13 17:11:02 (4913294947435) STATS - 151.2, 0
2018-11-13 17:11:02 (4913294960936) STATS - 151.3, 0
2018-11-13 17:11:02 (4913294974236) STATS - 151.4, 0
2018-11-13 17:11:02 (4913294987737) STATS - 151.5, 0
2018-11-13 17:11:02 (4913295001137) STATS - 151.6, 0
2018-11-13 17:11:02 (4913295045038) STATS - 151.7, 0
2018-11-13 17:11:02 (4913295064039) STATS - 151.8, 0
2018-11-13 17:11:02 (4913295094340) STATS - 151.9, 0
2018-11-13 17:11:02 (4913295122641) STATS - 152.0, 0
2018-11-13 17:11:02 (4913295148242) STATS - 152.1, 0
2018-11-13 17:11:02 (4913295161942) STATS - 152.2, 0
2018-11-13 17:11:02 (4913295175242) STATS - 152.3, 0
2018-11-13 17:11:02 (4913295188543) STATS - 152.4, 0
2018-11-13 17:11:02 (4913295201943) STATS - 152.5, 0
2018-11-13 17:11:02 (4913295215344) STATS - 152.6, 0
2018-11-13 17:11:02 (4913295233844) STATS - 152.7, 0
2018-11-13 17:11:02 (4913295247645) STATS - 152.8, 0
2018-11-13 17:11:02 (4913295260945) STATS - 152.9, 0
2018-11-13 17:11:02 (4913295274446) STATS - 153.0, 0
2018-11-13 17:11:02 (4913295287546) STATS - 153.1, 0
2018-11-13 17:11:02 (4913295300746) STATS - 153.2, 0
2018-11-13 17:11:02 (4913295313847) STATS - 153.3, 0
2018-11-13 17:11:02 (4913295327147) STATS - 153.4, 0
2018-11-13 17:11:02 (4913295341248) STATS - 153.5, 0
2018-11-13 17:11:02 (4913295357148) STATS - 153.6, 0
2018-11-13 17:11:02 (4913295371049) STATS - 153.7, 0
2018-11-13 17:11:02 (4913295384049) STATS - 153.8, 0
2018-11-13 17:11:02 (4913295397150) STATS - 153.9, 0
2018-11-13 17:11:02 (4913295410350) STATS - 154.0, 0
2018-11-13 17:11:02 (4913295423450) STATS - 154.1, 0
2018-11-13 17:11:02 (4913295436651) STATS - 154.2, 0
2018-11-13 17:11:02 (4913295449651) STATS - 154.3, 0
2018-11-13 17:11:02 (4913295462552) STATS - 154.4, 0
2018-11-13 17:11:02 (4913295475852) STATS - 154.5, 0
2018-11-13 17:11:02 (4913295489252) STATS - 154.6, 0
2018-11-13 17:11:02 (4913295502553) STATS - 154.7, 1
2018-11-13 17:11:02 (4913295515653) STATS - 154.8, 0
2018-11-13 17:11:02 (4913295528654) STATS - 154.9, 0
2018-11-13 17:11:02 (4913295541954) STATS - 155.0, 0
2018-11-13 17:11:02 (4913295555155) STATS - 155.1, 0
2018-11-13 17:11:02 (4913295569855) STATS - 155.2, 0
2018-11-13 17:11:02 (4913295583155) STATS - 155.3, 0
2018-11-13 17:11:02 (4913295596256) STATS - 155.4, 0
2018-11-13 17:11:02 (4913295609256) STATS - 155.5, 0
2018-11-13 17:11:02 (4913295622457) STATS - 155.6, 0
2018-11-13 17:11:02 (4913295635857) STATS - 155.7, 0
2018-11-13 17:11:02 (4913295649158) STATS - 155.8, 0
2018-11-13 17:11:02 (4913295662058) STATS - 155.9, 0
2018-11-13 17:11:02 (4913295675358) STATS - 156.0, 0
2018-11-13 17:11:02 (4913295688759) STATS - 156.1, 0
2018-11-13 17:11:02 (4913295701959) STATS - 156.2, 0
2018-11-13 17:11:02 (4913295715160) STATS - 156.3, 0
2018-11-13 17:11:02 (4913295728360) STATS - 156.4, 0
2018-11-13 17:11:02 (4913295741661) STATS - 156.5, 0
2018-11-13 17:11:02 (4913295754861) STATS - 156.6, 0
2018-11-13 17:11:02 (4913295769861) STATS - 156.7, 0
2018-11-13 17:11:02 (4913295783562) STATS - 156.8, 0
2018-11-13 17:11:02 (4913295796762) STATS - 156.9, 1
2018-11-13 17:11:02 (4913295809863) STATS - 157.0, 0
2018-11-13 17:11:02 (4913295823163) STATS - 157.1, 0
2018-11-13 17:11:02 (4913295836464) STATS - 157.2, 1
2018-11-13 17:11:02 (4913295849564) STATS - 157.3, 0
2018-11-13 17:11:02 (4913295862664) STATS - 157.4, 1
2018-11-13 17:11:02 (4913295876165) STATS - 157.5, 0
2018-11-13 17:11:02 (4913295889365) STATS - 157.6, 0
2018-11-13 17:11:02 (4913295902666) STATS - 157.7, 0
2018-11-13 17:11:02 (4913295915866) STATS - 157.8, 0
2018-11-13 17:11:02 (4913295929066) STATS - 157.9, 0
2018-11-13 17:11:02 (4913295942067) STATS - 158.0, 0
2018-11-13 17:11:02 (4913295955367) STATS - 158.1, 0
2018-11-13 17:11:02 (4913295968768) STATS - 158.2, 0
2018-11-13 17:11:02 (4913295981868) STATS - 158.3, 0
2018-11-13 17:11:02 (4913296027270) STATS - 158.4, 0
2018-11-13 17:11:02 (4913296043570) STATS - 158.5, 0
2018-11-13 17:11:02 (4913296057571) STATS - 158.6, 0
2018-11-13 17:11:02 (4913296071071) STATS - 158.7, 0
2018-11-13 17:11:02 (4913296084571) STATS - 158.8, 0
2018-11-13 17:11:02 (4913296097772) STATS - 158.9, 1
2018-11-13 17:11:02 (4913296111272) STATS - 159.0, 1
2018-11-13 17:11:02 (4913296124573) STATS - 159.1, 0
2018-11-13 17:11:02 (4913296137773) STATS - 159.2, 0
2018-11-13 17:11:02 (4913296150874) STATS - 159.3, 0
2018-11-13 17:11:02 (4913296164074) STATS - 159.4, 0
2018-11-13 17:11:02 (4913296177074) STATS - 159.5, 0
2018-11-13 17:11:02 (4913296190475) STATS - 159.6, 0
2018-11-13 17:11:02 (4913296203875) STATS - 159.7, 1
2018-11-13 17:11:02 (4913296216976) STATS - 159.8, 0
2018-11-13 17:11:02 (4913296229976) STATS - 159.9, 0
2018-11-13 17:11:02 (4913296244077) STATS - 160.0, 0
2018-11-13 17:11:02 (4913296258177) STATS - 160.1, 0
2018-11-13 17:11:02 (4913296271377) STATS - 160.2, 0
2018-11-13 17:11:02 (4913296287078) STATS - 160.3, 0
2018-11-13 17:11:02 (4913296300378) STATS - 160.4, 1
2018-11-13 17:11:02 (4913296313779) STATS - 160.5, 0
2018-11-13 17:11:02 (4913296327279) STATS - 160.6, 0
2018-11-13 17:11:02 (4913296340580) STATS - 160.7, 0
2018-11-13 17:11:02 (4913296355580) STATS - 160.8, 0
2018-11-13 17:11:02 (4913296369380) STATS - 160.9, 0
2018-11-13 17:11:02 (4913296382781) STATS - 161.0, 0
2018-11-13 17:11:02 (4913296396181) STATS - 161.1, 0
2018-11-13 17:11:02 (4913296409482) STATS - 161.2, 0
2018-11-13 17:11:02 (4913296422782) STATS - 161.3, 0
2018-11-13 17:11:02 (4913296435983) STATS - 161.4, 0
2018-11-13 17:11:02 (4913296449283) STATS - 161.5, 0
2018-11-13 17:11:02 (4913296462383) STATS - 161.6, 0
2018-11-13 17:11:02 (4913296475984) STATS - 161.7, 0
2018-11-13 17:11:02 (4913296490284) STATS - 161.8, 0
2018-11-13 17:11:02 (4913296503885) STATS - 161.9, 0
2018-11-13 17:11:02 (4913296516985) STATS - 162.0, 0
2018-11-13 17:11:02 (4913296532286) STATS - 162.1, 0
2018-11-13 17:11:02 (4913296545986) STATS - 162.2, 0
2018-11-13 17:11:02 (4913296736792) STATS - 162.3, 0
2018-11-13 17:11:02 (4913296757693) STATS - 162.4, 1
2018-11-13 17:11:02 (4913296771193) STATS - 162.5, 0
2018-11-13 17:11:02 (4913296784894) STATS - 162.6, 0
2018-11-13 17:11:02 (4913296798394) STATS - 162.7, 0
2018-11-13 17:11:02 (4913296811395) STATS - 162.8, 0
2018-11-13 17:11:02 (4913296824395) STATS - 162.9, 0
2018-11-13 17:11:02 (4913296837895) STATS - 163.0, 0
2018-11-13 17:11:02 (4913296851296) STATS - 163.1, 0
2018-11-13 17:11:02 (4913296864396) STATS - 163.2, 0
2018-11-13 17:11:02 (4913296877597) STATS - 163.3, 0
2018-11-13 17:11:02 (4913296890597) STATS - 163.4, 0
2018-11-13 17:11:02 (4913296903397) STATS - 163.5, 0
2018-11-13 17:11:02 (4913296916598) STATS - 163.6, 0
2018-11-13 17:11:02 (4913296934398) STATS - 163.7, 0
2018-11-13 17:11:02 (4913296949099) STATS - 163.8, 0
2018-11-13 17:11:02 (4913296962499) STATS - 163.9, 0
2018-11-13 17:11:02 (4913296975600) STATS - 164.0, 0
2018-11-13 17:11:02 (4913296989000) STATS - 164.1, 0
2018-11-13 17:11:02 (4913297002101) STATS - 164.2, 0
2018-11-13 17:11:02 (4913297015301) STATS - 164.3, 0
2018-11-13 17:11:02 (4913297028101) STATS - 164.4, 0
2018-11-13 17:11:02 (4913297042802) STATS - 164.5, 0
2018-11-13 17:11:02 (4913297056302) STATS - 164.6, 0
2018-11-13 17:11:02 (4913297069503) STATS - 164.7, 0
2018-11-13 17:11:02 (4913297083803) STATS - 164.8, 0
2018-11-13 17:11:02 (4913297097204) STATS - 164.9, 0
2018-11-13 17:11:02 (4913297110304) STATS - 165.0, 0
2018-11-13 17:11:02 (4913303932421) STATS - 165.1, 0
2018-11-13 17:11:02 (4913303979423) STATS - 165.2, 0
2018-11-13 17:11:02 (4913304028424) STATS - 165.3, 0
2018-11-13 17:11:02 (4913304046625) STATS - 165.4, 0
2018-11-13 17:11:02 (4913304060225) STATS - 165.5, 0
2018-11-13 17:11:02 (4913304073626) STATS - 165.6, 0
2018-11-13 17:11:02 (4913304086826) STATS - 165.7, 0
2018-11-13 17:11:02 (4913304099527) STATS - 165.8, 0
2018-11-13 17:11:02 (4913304112427) STATS - 165.9, 0
2018-11-13 17:11:02 (4913304126727) STATS - 166.0, 0
2018-11-13 17:11:02 (4913304140128) STATS - 166.1, 0
2018-11-13 17:11:02 (4913304152928) STATS - 166.2, 0
2018-11-13 17:11:02 (4913304165129) STATS - 166.3, 0
2018-11-13 17:11:02 (4913304177529) STATS - 166.4, 0
2018-11-13 17:11:02 (4913304190029) STATS - 166.5, 0
2018-11-13 17:11:02 (4913304205230) STATS - 166.6, 0
2018-11-13 17:11:02 (4913304218230) STATS - 166.7, 0
2018-11-13 17:11:02 (4913304231031) STATS - 166.8, 0
2018-11-13 17:11:02 (4913304249331) STATS - 166.9, 0
2018-11-13 17:11:02 (4913304262232) STATS - 167.0, 0
2018-11-13 17:11:02 (4913304298233) STATS - 167.1, 0
2018-11-13 17:11:02 (4913304314733) STATS - 167.2, 0
2018-11-13 17:11:02 (4913304327634) STATS - 167.3, 0
2018-11-13 17:11:02 (4913304340434) STATS - 167.4, 0
2018-11-13 17:11:02 (4913304353035) STATS - 167.5, 0
2018-11-13 17:11:02 (4913304365935) STATS - 167.6, 0
2018-11-13 17:11:02 (4913304378735) STATS - 167.7, 0
2018-11-13 17:11:02 (4913304391236) STATS - 167.8, 0
2018-11-13 17:11:02 (4913304405436) STATS - 167.9, 0
2018-11-13 17:11:02 (4913304419137) STATS - 168.0, 0
2018-11-13 17:11:02 (4913304432037) STATS - 168.1, 0
2018-11-13 17:11:02 (4913304444738) STATS - 168.2, 0
2018-11-13 17:11:02 (4913304457138) STATS - 168.3, 0
2018-11-13 17:11:02 (4913304469538) STATS - 168.4, 0
2018-11-13 17:11:02 (4913304482139) STATS - 168.5, 0
2018-11-13 17:11:02 (4913304494839) STATS - 168.6, 0
2018-11-13 17:11:02 (4913304507640) STATS - 168.7, 0
2018-11-13 17:11:02 (4913304520240) STATS - 168.8, 0
2018-11-13 17:11:02 (4913304532540) STATS - 168.9, 0
2018-11-13 17:11:02 (4913304545241) STATS - 169.0, 0
2018-11-13 17:11:02 (4913304593942) STATS - 169.1, 0
2018-11-13 17:11:02 (4913304609243) STATS - 169.2, 0
2018-11-13 17:11:02 (4913304622043) STATS - 169.3, 0
2018-11-13 17:11:02 (4913304634144) STATS - 169.4, 0
2018-11-13 17:11:02 (4913304646344) STATS - 169.5, 0
2018-11-13 17:11:02 (4913304658844) STATS - 169.6, 0
2018-11-13 17:11:02 (4913304688645) STATS - 169.7, 0
2018-11-13 17:11:02 (4913304705046) STATS - 169.8, 0
2018-11-13 17:11:02 (4913304718046) STATS - 169.9, 1
2018-11-13 17:11:02 (4913304738247) STATS - 170.0, 0
2018-11-13 17:11:02 (4913304752947) STATS - 170.1, 0
2018-11-13 17:11:02 (4913304765748) STATS - 170.2, 0
2018-11-13 17:11:02 (4913304778348) STATS - 170.3, 0
2018-11-13 17:11:02 (4913304790749) STATS - 170.4, 0
2018-11-13 17:11:02 (4913304803049) STATS - 170.5, 0
2018-11-13 17:11:02 (4913304815549) STATS - 170.6, 0
2018-11-13 17:11:02 (4913304828050) STATS - 170.7, 0
2018-11-13 17:11:02 (4913304840550) STATS - 170.8, 0
2018-11-13 17:11:02 (4913304853051) STATS - 170.9, 0
2018-11-13 17:11:02 (4913304865651) STATS - 171.0, 0
2018-11-13 17:11:02 (4913304878151) STATS - 171.1, 0
2018-11-13 17:11:02 (4913304890552) STATS - 171.2, 0
2018-11-13 17:11:02 (4913304903152) STATS - 171.3, 0
2018-11-13 17:11:02 (4913304915553) STATS - 171.4, 0
2018-11-13 17:11:02 (4913304927853) STATS - 171.5, 0
2018-11-13 17:11:02 (4913304940453) STATS - 171.6, 0
2018-11-13 17:11:02 (4913304953154) STATS - 171.7, 0
2018-11-13 17:11:02 (4913304965454) STATS - 171.8, 0
2018-11-13 17:11:02 (4913304977555) STATS - 171.9, 0
2018-11-13 17:11:02 (4913304989855) STATS - 172.0, 0
2018-11-13 17:11:02 (4913305004255) STATS - 172.1, 0
2018-11-13 17:11:02 (4913305016956) STATS - 172.2, 0
2018-11-13 17:11:02 (4913305029456) STATS - 172.3, 0
2018-11-13 17:11:02 (4913305041857) STATS - 172.4, 0
2018-11-13 17:11:02 (4913305054157) STATS - 172.5, 0
2018-11-13 17:11:02 (4913305066557) STATS - 172.6, 0
2018-11-13 17:11:02 (4913305078958) STATS - 172.7, 0
2018-11-13 17:11:02 (4913305091258) STATS - 172.8, 0
2018-11-13 17:11:02 (4913305103559) STATS - 172.9, 0
2018-11-13 17:11:02 (4913305115759) STATS - 173.0, 0
2018-11-13 17:11:02 (4913305153360) STATS - 173.1, 0
2018-11-13 17:11:02 (4913305167261) STATS - 173.2, 0
2018-11-13 17:11:02 (4913305179961) STATS - 173.3, 0
2018-11-13 17:11:02 (4913305192261) STATS - 173.4, 0
2018-11-13 17:11:02 (4913305204762) STATS - 173.5, 0
2018-11-13 17:11:02 (4913305217362) STATS - 173.6, 0
2018-11-13 17:11:02 (4913305229863) STATS - 173.7, 0
2018-11-13 17:11:02 (4913305242363) STATS - 173.8, 0
2018-11-13 17:11:02 (4913305255163) STATS - 173.9, 0
2018-11-13 17:11:02 (4913305267964) STATS - 174.0, 0
2018-11-13 17:11:02 (4913305280564) STATS - 174.1, 0
2018-11-13 17:11:02 (4913305293165) STATS - 174.2, 0
2018-11-13 17:11:02 (4913305305665) STATS - 174.3, 0
2018-11-13 17:11:02 (4913305317965) STATS - 174.4, 0
2018-11-13 17:11:02 (4913305330466) STATS - 174.5, 0
2018-11-13 17:11:02 (4913305342666) STATS - 174.6, 0
2018-11-13 17:11:02 (4913305354967) STATS - 174.7, 0
2018-11-13 17:11:02 (4913305367367) STATS - 174.8, 0
2018-11-13 17:11:02 (4913305381267) STATS - 174.9, 0
2018-11-13 17:11:02 (4913305393968) STATS - 175.0, 0
2018-11-13 17:11:02 (4913305406668) STATS - 175.1, 0
2018-11-13 17:11:02 (4913305419069) STATS - 175.2, 0
2018-11-13 17:11:02 (4913305431369) STATS - 175.3, 0
2018-11-13 17:11:02 (4913305443869) STATS - 175.4, 0
2018-11-13 17:11:02 (4913305456370) STATS - 175.5, 0
2018-11-13 17:11:02 (4913305468870) STATS - 175.6, 0
2018-11-13 17:11:02 (4913305481271) STATS - 175.7, 0
2018-11-13 17:11:02 (4913305493571) STATS - 175.8, 0
2018-11-13 17:11:02 (4913305505971) STATS - 175.9, 0
2018-11-13 17:11:02 (4913305518572) STATS - 176.0, 0
2018-11-13 17:11:02 (4913305531072) STATS - 176.1, 0
2018-11-13 17:11:02 (4913305543273) STATS - 176.2, 0
2018-11-13 17:11:02 (4913305555773) STATS - 176.3, 0
2018-11-13 17:11:02 (4913305568173) STATS - 176.4, 0
2018-11-13 17:11:02 (4913305580774) STATS - 176.5, 0
2018-11-13 17:11:02 (4913305593174) STATS - 176.6, 0
2018-11-13 17:11:02 (4913305605675) STATS - 176.7, 0
2018-11-13 17:11:02 (4913305619975) STATS - 176.8, 0
2018-11-13 17:11:02 (4913305632775) STATS - 176.9, 0
2018-11-13 17:11:02 (4913305645176) STATS - 177.0, 0
2018-11-13 17:11:02 (4913305657876) STATS - 177.1, 0
2018-11-13 17:11:02 (4913305672577) STATS - 177.2, 0
2018-11-13 17:11:02 (4913305695177) STATS - 177.3, 0
2018-11-13 17:11:02 (4913305708278) STATS - 177.4, 0
2018-11-13 17:11:02 (4913305751379) STATS - 177.5, 0
2018-11-13 17:11:02 (4913305774280) STATS - 177.6, 0
2018-11-13 17:11:02 (4913305788680) STATS - 177.7, 0
2018-11-13 17:11:02 (4913305801281) STATS - 177.8, 0
2018-11-13 17:11:02 (4913305813881) STATS - 177.9, 0
2018-11-13 17:11:02 (4913305827082) STATS - 178.0, 0
2018-11-13 17:11:02 (4913305839782) STATS - 178.1, 0
2018-11-13 17:11:02 (4913305852082) STATS - 178.2, 0
2018-11-13 17:11:02 (4913305864383) STATS - 178.3, 0
2018-11-13 17:11:02 (4913305876683) STATS - 178.4, 0
2018-11-13 17:11:02 (4913305888884) STATS - 178.5, 0
2018-11-13 17:11:02 (4913305901184) STATS - 178.6, 0
2018-11-13 17:11:02 (4913305913584) STATS - 178.7, 0
2018-11-13 17:11:02 (4913305926285) STATS - 178.8, 0
2018-11-13 17:11:02 (4913305938485) STATS - 178.9, 0
2018-11-13 17:11:02 (4913305950785) STATS - 179.0, 0
2018-11-13 17:11:02 (4913305963386) STATS - 179.1, 0
2018-11-13 17:11:02 (4913305975786) STATS - 179.2, 0
2018-11-13 17:11:02 (4913305988287) STATS - 179.3, 0
2018-11-13 17:11:02 (4913306000687) STATS - 179.4, 0
2018-11-13 17:11:02 (4913306012987) STATS - 179.5, 0
2018-11-13 17:11:02 (4913306025188) STATS - 179.6, 1
2018-11-13 17:11:02 (4913306037488) STATS - 179.7, 0
2018-11-13 17:11:02 (4913306049689) STATS - 179.8, 0
2018-11-13 17:11:02 (4913306061889) STATS - 179.9, 0
2018-11-13 17:11:02 (4913306074689) STATS - 180.0, 0
2018-11-13 17:11:02 (4913306087090) STATS - 180.1, 0
2018-11-13 17:11:02 (4913306099590) STATS - 180.2, 0
2018-11-13 17:11:02 (4913306112091) STATS - 180.3, 0
2018-11-13 17:11:02 (4913306124391) STATS - 180.4, 0
2018-11-13 17:11:02 (4913306136791) STATS - 180.5, 0
2018-11-13 17:11:02 (4913306148992) STATS - 180.6, 0
2018-11-13 17:11:02 (4913306162692) STATS - 180.7, 0
2018-11-13 17:11:02 (4913306185993) STATS - 180.8, 0
2018-11-13 17:11:02 (4913306202393) STATS - 180.9, 0
2018-11-13 17:11:02 (4913306215594) STATS - 181.0, 0
2018-11-13 17:11:02 (4913306227794) STATS - 181.1, 0
2018-11-13 17:11:02 (4913306241395) STATS - 181.2, 0
2018-11-13 17:11:02 (4913306254395) STATS - 181.3, 0
2018-11-13 17:11:02 (4913306266396) STATS - 181.4, 0
2018-11-13 17:11:02 (4913306278496) STATS - 181.5, 0
2018-11-13 17:11:02 (4913306290596) STATS - 181.6, 0
2018-11-13 17:11:02 (4913306302497) STATS - 181.7, 0
2018-11-13 17:11:02 (4913306314397) STATS - 181.8, 0
2018-11-13 17:11:02 (4913306326497) STATS - 181.9, 0
2018-11-13 17:11:02 (4913306338698) STATS - 182.0, 0
2018-11-13 17:11:02 (4913306351098) STATS - 182.1, 0
2018-11-13 17:11:02 (4913306363099) STATS - 182.2, 1
2018-11-13 17:11:02 (4913306375099) STATS - 182.3, 1
2018-11-13 17:11:02 (4913306386999) STATS - 182.4, 0
2018-11-13 17:11:02 (4913306398900) STATS - 182.5, 0
2018-11-13 17:11:02 (4913306425101) STATS - 182.6, 0
2018-11-13 17:11:02 (4913306439701) STATS - 182.7, 0
2018-11-13 17:11:02 (4913306452001) STATS - 182.8, 0
2018-11-13 17:11:02 (4913306464302) STATS - 182.9, 1
2018-11-13 17:11:02 (4913306476502) STATS - 183.0, 0
2018-11-13 17:11:02 (4913306488703) STATS - 183.1, 0
2018-11-13 17:11:02 (4913306500703) STATS - 183.2, 0
2018-11-13 17:11:02 (4913306512903) STATS - 183.3, 0
2018-11-13 17:11:02 (4913306524804) STATS - 183.4, 1
2018-11-13 17:11:02 (4913306548105) INFO  - END: Middleware stopped.
