2018-11-13 16:11:23 (1314397629684) INFO  - START: Middleware listening on address 10.0.0.11:8888.
2018-11-13 16:12:47 (1397936150141) STATS -  5.00, 757, 0, 0.173884, 1.672172, 1.951048, 1.951048, 0.000000, 0.000000, 3789, 0, 0, 0.00, 0.00, 0
2018-11-13 16:12:47 (1397984888075) STATS - 10.00, 864, 0, 0.093404, 1.496823, 1.675561, 1.675561, 0.000000, 0.000000, 4320, 0, 0, 0.00, 0.00, 0
2018-11-13 16:12:47 (1398014314916) STATS - 15.00, 856, 0, 0.104969, 1.521670, 1.707849, 1.707849, 0.000000, 0.000000, 4280, 0, 0, 0.00, 0.00, 0
2018-11-13 16:12:47 (1398034763014) STATS - 20.00, 819, 0, 0.095133, 1.675847, 1.855985, 1.855985, 0.000000, 0.000000, 4095, 0, 0, 0.00, 0.00, 0
2018-11-13 16:12:47 (1398054537608) STATS - 25.00, 840, 0, 0.114951, 1.541370, 1.731317, 1.731317, 0.000000, 0.000000, 4200, 0, 0, 0.00, 0.00, 0
2018-11-13 16:12:47 (1398073726100) STATS - 30.00, 850, 0, 0.091294, 1.574208, 1.737593, 1.737593, 0.000000, 0.000000, 4254, 0, 0, 0.00, 0.00, 0
2018-11-13 16:12:47 (1398085138455) STATS - 35.00, 805, 0, 0.094458, 1.629762, 1.779876, 1.779876, 0.000000, 0.000000, 4028, 0, 0, 0.00, 0.00, 0
2018-11-13 16:12:47 (1398103114541) STATS - 40.00, 762, 0, 0.091493, 1.841615, 2.019379, 2.019379, 0.000000, 0.000000, 3814, 0, 0, 0.00, 0.00, 0
2018-11-13 16:12:47 (1398114067094) STATS - 45.00, 806, 0, 0.097816, 1.637506, 1.801485, 1.801485, 0.000000, 0.000000, 4031, 0, 0, 0.00, 0.00, 0
2018-11-13 16:12:47 (1398124246643) STATS - 50.00, 838, 0, 0.098492, 1.581414, 1.747116, 1.747116, 0.000000, 0.000000, 4194, 0, 0, 0.00, 0.00, 0
2018-11-13 16:12:47 (1398134255491) STATS - 55.00, 839, 0, 0.096202, 1.572662, 1.750558, 1.750558, 0.000000, 0.000000, 4199, 0, 0, 0.00, 0.00, 0
2018-11-13 16:12:47 (1398144072138) STATS - 60.00, 865, 0, 0.094915, 1.518290, 1.694961, 1.694961, 0.000000, 0.000000, 4325, 0, 0, 0.00, 0.00, 0
2018-11-13 16:12:47 (1398153545483) STATS - 65.00, 833, 0, 0.103599, 1.553554, 1.724096, 1.724096, 0.000000, 0.000000, 4167, 0, 0, 0.00, 0.00, 0
2018-11-13 16:12:47 (1398162561426) STATS - 70.00, 835, 0, 0.119554, 1.561429, 1.755441, 1.755441, 0.000000, 0.000000, 4179, 0, 0, 0.00, 0.00, 0
2018-11-13 16:12:47 (1398163587731) STATS - 70.00, 12, 0, 0.074407, 1.223257, 1.348325, 1.348325, 0.000000, 0.000000, 60, 0, 0, 0.00, 0.00, 0
2018-11-13 16:12:47 (1398272108051) STATS - Interval, Responses
2018-11-13 16:12:47 (1398272396553) STATS - 0.1, 0
2018-11-13 16:12:47 (1398272649154) STATS - 0.2, 0
2018-11-13 16:12:47 (1398272867155) STATS - 0.3, 0
2018-11-13 16:12:47 (1398273046356) STATS - 0.4, 0
2018-11-13 16:12:47 (1398273288057) STATS - 0.5, 0
2018-11-13 16:12:47 (1398273515858) STATS - 0.6, 103
2018-11-13 16:12:47 (1398273681759) STATS - 0.7, 1719
2018-11-13 16:12:47 (1398281059494) STATS - 0.8, 5137
2018-11-13 16:12:47 (1398281262095) STATS - 0.9, 7936
2018-11-13 16:12:47 (1398281524296) STATS - 1.0, 8480
2018-11-13 16:12:47 (1398281710597) STATS - 1.1, 7106
2018-11-13 16:12:47 (1398281925798) STATS - 1.2, 4978
2018-11-13 16:12:47 (1398282127299) STATS - 1.3, 3633
2018-11-13 16:12:47 (1398282342600) STATS - 1.4, 2613
2018-11-13 16:12:47 (1398282553001) STATS - 1.5, 1845
2018-11-13 16:12:47 (1398282749502) STATS - 1.6, 1470
2018-11-13 16:12:47 (1398282925703) STATS - 1.7, 1151
2018-11-13 16:12:47 (1398283174504) STATS - 1.8, 879
2018-11-13 16:12:47 (1398283401505) STATS - 1.9, 709
2018-11-13 16:12:47 (1398283567906) STATS - 2.0, 615
2018-11-13 16:12:47 (1398290835141) STATS - 2.1, 498
2018-11-13 16:12:47 (1398291051042) STATS - 2.2, 407
2018-11-13 16:12:47 (1398291208343) STATS - 2.3, 382
2018-11-13 16:12:47 (1398291432044) STATS - 2.4, 307
2018-11-13 16:12:47 (1398291886046) STATS - 2.5, 268
2018-11-13 16:12:47 (1398292153147) STATS - 2.6, 225
2018-11-13 16:12:47 (1398292373448) STATS - 2.7, 201
2018-11-13 16:12:47 (1398292534049) STATS - 2.8, 176
2018-11-13 16:12:47 (1398292729250) STATS - 2.9, 134
2018-11-13 16:12:47 (1398292914951) STATS - 3.0, 131
2018-11-13 16:12:47 (1398293115852) STATS - 3.1, 137
2018-11-13 16:12:47 (1398293282053) STATS - 3.2, 125
2018-11-13 16:12:47 (1398293448154) STATS - 3.3, 117
2018-11-13 16:12:47 (1398300794389) STATS - 3.4, 111
2018-11-13 16:12:47 (1398301006290) STATS - 3.5, 118
2018-11-13 16:12:47 (1398301243191) STATS - 3.6, 103
2018-11-13 16:12:47 (1398301441192) STATS - 3.7, 98
2018-11-13 16:12:47 (1398301626493) STATS - 3.8, 94
2018-11-13 16:12:47 (1398301790593) STATS - 3.9, 84
2018-11-13 16:12:47 (1398301969794) STATS - 4.0, 87
2018-11-13 16:12:47 (1398302169995) STATS - 4.1, 112
2018-11-13 16:12:47 (1398302337796) STATS - 4.2, 84
2018-11-13 16:12:47 (1398302490997) STATS - 4.3, 78
2018-11-13 16:12:47 (1398302667598) STATS - 4.4, 94
2018-11-13 16:12:47 (1398302837699) STATS - 4.5, 100
2018-11-13 16:12:47 (1398303049700) STATS - 4.6, 102
2018-11-13 16:12:47 (1398310290234) STATS - 4.7, 100
2018-11-13 16:12:47 (1398310700836) STATS - 4.8, 101
2018-11-13 16:12:47 (1398310887437) STATS - 4.9, 91
2018-11-13 16:12:47 (1398311026138) STATS - 5.0, 101
2018-11-13 16:12:47 (1398311164438) STATS - 5.1, 87
2018-11-13 16:12:47 (1398311359239) STATS - 5.2, 107
2018-11-13 16:12:47 (1398311485440) STATS - 5.3, 102
2018-11-13 16:12:47 (1398311649941) STATS - 5.4, 117
2018-11-13 16:12:47 (1398311815642) STATS - 5.5, 111
2018-11-13 16:12:47 (1398311952142) STATS - 5.6, 101
2018-11-13 16:12:47 (1398312253944) STATS - 5.7, 104
2018-11-13 16:12:47 (1398312405944) STATS - 5.8, 83
2018-11-13 16:12:47 (1398312564545) STATS - 5.9, 110
2018-11-13 16:12:47 (1398312699046) STATS - 6.0, 93
2018-11-13 16:12:47 (1398312850646) STATS - 6.1, 115
2018-11-13 16:12:47 (1398313039647) STATS - 6.2, 86
2018-11-13 16:12:47 (1398313187348) STATS - 6.3, 111
2018-11-13 16:12:47 (1398320343382) STATS - 6.4, 114
2018-11-13 16:12:47 (1398320523683) STATS - 6.5, 134
2018-11-13 16:12:47 (1398323950600) STATS - 6.6, 165
2018-11-13 16:12:47 (1398324151901) STATS - 6.7, 159
2018-11-13 16:12:47 (1398324284701) STATS - 6.8, 177
2018-11-13 16:12:47 (1398324587303) STATS - 6.9, 197
2018-11-13 16:12:47 (1398324838804) STATS - 7.0, 179
2018-11-13 16:12:47 (1398325002005) STATS - 7.1, 180
2018-11-13 16:12:47 (1398325136805) STATS - 7.2, 182
2018-11-13 16:12:47 (1398325291306) STATS - 7.3, 202
2018-11-13 16:12:47 (1398325430807) STATS - 7.4, 189
2018-11-13 16:12:47 (1398325602508) STATS - 7.5, 166
2018-11-13 16:12:47 (1398325747808) STATS - 7.6, 152
2018-11-13 16:12:47 (1398325935409) STATS - 7.7, 128
2018-11-13 16:12:47 (1398326070410) STATS - 7.8, 123
2018-11-13 16:12:47 (1398326199110) STATS - 7.9, 85
2018-11-13 16:12:47 (1398330152129) STATS - 8.0, 92
2018-11-13 16:12:47 (1398330303630) STATS - 8.1, 80
2018-11-13 16:12:47 (1398330421331) STATS - 8.2, 51
2018-11-13 16:12:47 (1398330537631) STATS - 8.3, 56
2018-11-13 16:12:47 (1398330652832) STATS - 8.4, 48
2018-11-13 16:12:47 (1398330769432) STATS - 8.5, 46
2018-11-13 16:12:47 (1398330899133) STATS - 8.6, 27
2018-11-13 16:12:47 (1398331019234) STATS - 8.7, 24
2018-11-13 16:12:47 (1398331135234) STATS - 8.8, 21
2018-11-13 16:12:47 (1398331253135) STATS - 8.9, 13
2018-11-13 16:12:47 (1398331367935) STATS - 9.0, 18
2018-11-13 16:12:47 (1398331486036) STATS - 9.1, 20
2018-11-13 16:12:47 (1398331603836) STATS - 9.2, 23
2018-11-13 16:12:47 (1398331718837) STATS - 9.3, 8
2018-11-13 16:12:47 (1398331836537) STATS - 9.4, 11
2018-11-13 16:12:47 (1398331952438) STATS - 9.5, 9
2018-11-13 16:12:47 (1398332111239) STATS - 9.6, 23
2018-11-13 16:12:47 (1398332253839) STATS - 9.7, 20
2018-11-13 16:12:47 (1398332469441) STATS - 9.8, 22
2018-11-13 16:12:47 (1398332599541) STATS - 9.9, 21
2018-11-13 16:12:47 (1398332759442) STATS - 10.0, 34
2018-11-13 16:12:47 (1398332894743) STATS - 10.1, 31
2018-11-13 16:12:47 (1398340234578) STATS - 10.2, 7
2018-11-13 16:12:47 (1398340417179) STATS - 10.3, 2
2018-11-13 16:12:47 (1398340544179) STATS - 10.4, 3
2018-11-13 16:12:47 (1398340657280) STATS - 10.5, 5
2018-11-13 16:12:47 (1398340775480) STATS - 10.6, 2
2018-11-13 16:12:47 (1398340926281) STATS - 10.7, 4
2018-11-13 16:12:47 (1398341078382) STATS - 10.8, 5
2018-11-13 16:12:47 (1398341255483) STATS - 10.9, 7
2018-11-13 16:12:47 (1398341408083) STATS - 11.0, 5
2018-11-13 16:12:47 (1398341591884) STATS - 11.1, 5
2018-11-13 16:12:47 (1398341750185) STATS - 11.2, 4
2018-11-13 16:12:47 (1398342005086) STATS - 11.3, 2
2018-11-13 16:12:47 (1398342126487) STATS - 11.4, 7
2018-11-13 16:12:47 (1398342238987) STATS - 11.5, 6
2018-11-13 16:12:47 (1398342351688) STATS - 11.6, 2
2018-11-13 16:12:47 (1398342465688) STATS - 11.7, 5
2018-11-13 16:12:47 (1398342599289) STATS - 11.8, 2
2018-11-13 16:12:47 (1398342713190) STATS - 11.9, 1
2018-11-13 16:12:47 (1398342824890) STATS - 12.0, 0
2018-11-13 16:12:47 (1398350003825) STATS - 12.1, 3
2018-11-13 16:12:47 (1398350240026) STATS - 12.2, 3
2018-11-13 16:12:47 (1398350358926) STATS - 12.3, 3
2018-11-13 16:12:47 (1398350503627) STATS - 12.4, 3
2018-11-13 16:12:47 (1398350647828) STATS - 12.5, 0
2018-11-13 16:12:47 (1398350781128) STATS - 12.6, 1
2018-11-13 16:12:47 (1398350936629) STATS - 12.7, 3
2018-11-13 16:12:47 (1398351064930) STATS - 12.8, 2
2018-11-13 16:12:47 (1398351174630) STATS - 12.9, 1
2018-11-13 16:12:47 (1398351284731) STATS - 13.0, 1
2018-11-13 16:12:47 (1398351416331) STATS - 13.1, 2
2018-11-13 16:12:47 (1398351575732) STATS - 13.2, 3
2018-11-13 16:12:47 (1398351722033) STATS - 13.3, 2
2018-11-13 16:12:47 (1398351853233) STATS - 13.4, 3
2018-11-13 16:12:47 (1398352098535) STATS - 13.5, 1
2018-11-13 16:12:47 (1398352224735) STATS - 13.6, 3
2018-11-13 16:12:47 (1398352379336) STATS - 13.7, 0
2018-11-13 16:12:47 (1398352487636) STATS - 13.8, 4
2018-11-13 16:12:47 (1398352596037) STATS - 13.9, 0
2018-11-13 16:12:47 (1398352701637) STATS - 14.0, 1
2018-11-13 16:12:47 (1398352809738) STATS - 14.1, 1
2018-11-13 16:12:47 (1398352921539) STATS - 14.2, 0
2018-11-13 16:12:47 (1398360169373) STATS - 14.3, 1
2018-11-13 16:12:47 (1398360391574) STATS - 14.4, 3
2018-11-13 16:12:47 (1398360589175) STATS - 14.5, 0
2018-11-13 16:12:47 (1398360735176) STATS - 14.6, 1
2018-11-13 16:12:47 (1398360912877) STATS - 14.7, 0
2018-11-13 16:12:47 (1398361058878) STATS - 14.8, 3
2018-11-13 16:12:47 (1398361176578) STATS - 14.9, 2
2018-11-13 16:12:47 (1398361314579) STATS - 15.0, 2
2018-11-13 16:12:47 (1398361434679) STATS - 15.1, 1
2018-11-13 16:12:47 (1398361607980) STATS - 15.2, 0
2018-11-13 16:12:47 (1398361739581) STATS - 15.3, 0
2018-11-13 16:12:47 (1398361887482) STATS - 15.4, 1
2018-11-13 16:12:47 (1398362272083) STATS - 15.5, 0
2018-11-13 16:12:47 (1398362445584) STATS - 15.6, 0
2018-11-13 16:12:47 (1398362560385) STATS - 15.7, 0
2018-11-13 16:12:47 (1398362671585) STATS - 15.8, 0
2018-11-13 16:12:47 (1398362780586) STATS - 15.9, 1
2018-11-13 16:12:47 (1398362890186) STATS - 16.0, 1
2018-11-13 16:12:47 (1398370303022) STATS - 16.1, 1
2018-11-13 16:12:47 (1398370419122) STATS - 16.2, 1
2018-11-13 16:12:47 (1398370524723) STATS - 16.3, 0
2018-11-13 16:12:47 (1398370629523) STATS - 16.4, 2
2018-11-13 16:12:47 (1398370733024) STATS - 16.5, 2
2018-11-13 16:12:47 (1398370836624) STATS - 16.6, 4
2018-11-13 16:12:47 (1398370980925) STATS - 16.7, 2
2018-11-13 16:12:47 (1398371148726) STATS - 16.8, 3
2018-11-13 16:12:47 (1398371266526) STATS - 16.9, 1
2018-11-13 16:12:47 (1398371379527) STATS - 17.0, 0
2018-11-13 16:12:47 (1398371512928) STATS - 17.1, 1
2018-11-13 16:12:47 (1398371618428) STATS - 17.2, 0
2018-11-13 16:12:47 (1398371731229) STATS - 17.3, 1
2018-11-13 16:12:47 (1398371842729) STATS - 17.4, 0
2018-11-13 16:12:47 (1398371950730) STATS - 17.5, 0
2018-11-13 16:12:47 (1398372081130) STATS - 17.6, 0
2018-11-13 16:12:47 (1398372187831) STATS - 17.7, 0
2018-11-13 16:12:47 (1398372290631) STATS - 17.8, 0
2018-11-13 16:12:47 (1398372394332) STATS - 17.9, 0
2018-11-13 16:12:47 (1398372497232) STATS - 18.0, 1
2018-11-13 16:12:47 (1398372600633) STATS - 18.1, 0
2018-11-13 16:12:47 (1398372703433) STATS - 18.2, 0
2018-11-13 16:12:47 (1398372839734) STATS - 18.3, 0
2018-11-13 16:12:47 (1398380269370) STATS - 18.4, 2
2018-11-13 16:12:47 (1398380395370) STATS - 18.5, 0
2018-11-13 16:12:47 (1398380548671) STATS - 18.6, 0
2018-11-13 16:12:47 (1398380689972) STATS - 18.7, 0
2018-11-13 16:12:47 (1398380825872) STATS - 18.8, 0
2018-11-13 16:12:47 (1398380953873) STATS - 18.9, 0
2018-11-13 16:12:47 (1398381060873) STATS - 19.0, 0
2018-11-13 16:12:47 (1398381204474) STATS - 19.1, 0
2018-11-13 16:12:47 (1398381302775) STATS - 19.2, 0
2018-11-13 16:12:47 (1398381402275) STATS - 19.3, 0
2018-11-13 16:12:47 (1398381499876) STATS - 19.4, 0
2018-11-13 16:12:47 (1398381597876) STATS - 19.5, 1
2018-11-13 16:12:47 (1398381695976) STATS - 19.6, 0
2018-11-13 16:12:47 (1398381794177) STATS - 19.7, 0
2018-11-13 16:12:47 (1398381946978) STATS - 19.8, 0
2018-11-13 16:12:47 (1398382071378) STATS - 19.9, 0
2018-11-13 16:12:47 (1398382175479) STATS - 20.0, 1
2018-11-13 16:12:47 (1398382302679) STATS - 20.1, 0
2018-11-13 16:12:47 (1398382399880) STATS - 20.2, 0
2018-11-13 16:12:47 (1398382501880) STATS - 20.3, 2
2018-11-13 16:12:47 (1398382599181) STATS - 20.4, 1
2018-11-13 16:12:47 (1398382716381) STATS - 20.5, 0
2018-11-13 16:12:47 (1398382817982) STATS - 20.6, 2
2018-11-13 16:12:47 (1398390213117) STATS - 20.7, 0
2018-11-13 16:12:47 (1398390354318) STATS - 20.8, 2
2018-11-13 16:12:47 (1398390455018) STATS - 20.9, 1
2018-11-13 16:12:47 (1398390548719) STATS - 21.0, 0
2018-11-13 16:12:47 (1398390644119) STATS - 21.1, 0
2018-11-13 16:12:47 (1398390742920) STATS - 21.2, 0
2018-11-13 16:12:47 (1398390843820) STATS - 21.3, 0
2018-11-13 16:12:47 (1398390937121) STATS - 21.4, 0
2018-11-13 16:12:47 (1398391031921) STATS - 21.5, 0
2018-11-13 16:12:47 (1398391126722) STATS - 21.6, 0
2018-11-13 16:12:47 (1398391401623) STATS - 21.7, 0
2018-11-13 16:12:47 (1398391508023) STATS - 21.8, 1
2018-11-13 16:12:47 (1398391625824) STATS - 21.9, 0
2018-11-13 16:12:47 (1398391732025) STATS - 22.0, 2
2018-11-13 16:12:47 (1398391825825) STATS - 22.1, 2
2018-11-13 16:12:47 (1398391921925) STATS - 22.2, 2
2018-11-13 16:12:47 (1398392042526) STATS - 22.3, 2
2018-11-13 16:12:47 (1398392145827) STATS - 22.4, 1
2018-11-13 16:12:47 (1398392242927) STATS - 22.5, 0
2018-11-13 16:12:47 (1398392336827) STATS - 22.6, 1
2018-11-13 16:12:47 (1398392432328) STATS - 22.7, 0
2018-11-13 16:12:47 (1398392557729) STATS - 22.8, 1
2018-11-13 16:12:47 (1398392689029) STATS - 22.9, 1
2018-11-13 16:12:47 (1398392788630) STATS - 23.0, 1
2018-11-13 16:12:47 (1398399978364) STATS - 23.1, 0
2018-11-13 16:12:47 (1398400242065) STATS - 23.2, 0
2018-11-13 16:12:47 (1398400348066) STATS - 23.3, 0
2018-11-13 16:12:47 (1398400461366) STATS - 23.4, 0
2018-11-13 16:12:47 (1398400561667) STATS - 23.5, 0
2018-11-13 16:12:47 (1398400708168) STATS - 23.6, 1
2018-11-13 16:12:47 (1398401003369) STATS - 23.7, 1
2018-11-13 16:12:47 (1398401140070) STATS - 23.8, 0
2018-11-13 16:12:47 (1398401254270) STATS - 23.9, 0
2018-11-13 16:12:47 (1398401391371) STATS - 24.0, 0
2018-11-13 16:12:47 (1398401536672) STATS - 24.1, 1
2018-11-13 16:12:47 (1398401648972) STATS - 24.2, 0
2018-11-13 16:12:47 (1398401785473) STATS - 24.3, 0
2018-11-13 16:12:47 (1398401890273) STATS - 24.4, 0
2018-11-13 16:12:47 (1398401986274) STATS - 24.5, 0
2018-11-13 16:12:47 (1398402104574) STATS - 24.6, 0
2018-11-13 16:12:47 (1398402193175) STATS - 24.7, 2
2018-11-13 16:12:47 (1398402284775) STATS - 24.8, 1
2018-11-13 16:12:47 (1398402375176) STATS - 24.9, 0
2018-11-13 16:12:47 (1398402463376) STATS - 25.0, 0
2018-11-13 16:12:47 (1398402552376) STATS - 25.1, 0
2018-11-13 16:12:47 (1398402645377) STATS - 25.2, 0
2018-11-13 16:12:47 (1398402734177) STATS - 25.3, 3
2018-11-13 16:12:47 (1398409909912) STATS - 25.4, 3
2018-11-13 16:12:47 (1398410014412) STATS - 25.5, 0
2018-11-13 16:12:47 (1398410114913) STATS - 25.6, 0
2018-11-13 16:12:47 (1398410206413) STATS - 25.7, 0
2018-11-13 16:12:47 (1398410300414) STATS - 25.8, 0
2018-11-13 16:12:47 (1398410392414) STATS - 25.9, 1
2018-11-13 16:12:47 (1398410484414) STATS - 26.0, 1
2018-11-13 16:12:47 (1398410573815) STATS - 26.1, 1
2018-11-13 16:12:47 (1398410664415) STATS - 26.2, 2
2018-11-13 16:12:47 (1398410759116) STATS - 26.3, 0
2018-11-13 16:12:47 (1398410853616) STATS - 26.4, 1
2018-11-13 16:12:47 (1398410944217) STATS - 26.5, 0
2018-11-13 16:12:47 (1398411034217) STATS - 26.6, 0
2018-11-13 16:12:47 (1398411124018) STATS - 26.7, 0
2018-11-13 16:12:47 (1398411213118) STATS - 26.8, 0
2018-11-13 16:12:47 (1398411303118) STATS - 26.9, 1
2018-11-13 16:12:47 (1398411420119) STATS - 27.0, 1
2018-11-13 16:12:47 (1398411515719) STATS - 27.1, 0
2018-11-13 16:12:47 (1398411606220) STATS - 27.2, 1
2018-11-13 16:12:47 (1398411714720) STATS - 27.3, 1
2018-11-13 16:12:47 (1398411815821) STATS - 27.4, 0
2018-11-13 16:12:47 (1398411911921) STATS - 27.5, 0
2018-11-13 16:12:47 (1398412019422) STATS - 27.6, 0
2018-11-13 16:12:47 (1398412125722) STATS - 27.7, 0
2018-11-13 16:12:47 (1398412222623) STATS - 27.8, 0
2018-11-13 16:12:47 (1398412317023) STATS - 27.9, 0
2018-11-13 16:12:47 (1398412408124) STATS - 28.0, 0
2018-11-13 16:12:47 (1398412501224) STATS - 28.1, 0
2018-11-13 16:12:47 (1398412594825) STATS - 28.2, 1
2018-11-13 16:12:47 (1398419778459) STATS - 28.3, 1
2018-11-13 16:12:47 (1398420078660) STATS - 28.4, 1
2018-11-13 16:12:47 (1398420164461) STATS - 28.5, 0
2018-11-13 16:12:47 (1398420244961) STATS - 28.6, 1
2018-11-13 16:12:47 (1398420325162) STATS - 28.7, 0
2018-11-13 16:12:47 (1398420403562) STATS - 28.8, 1
2018-11-13 16:12:47 (1398420486862) STATS - 28.9, 1
2018-11-13 16:12:47 (1398420563163) STATS - 29.0, 0
2018-11-13 16:12:47 (1398420639463) STATS - 29.1, 0
2018-11-13 16:12:47 (1398420719663) STATS - 29.2, 0
2018-11-13 16:12:47 (1398420797064) STATS - 29.3, 0
2018-11-13 16:12:47 (1398420875964) STATS - 29.4, 1
2018-11-13 16:12:47 (1398420957165) STATS - 29.5, 0
2018-11-13 16:12:47 (1398421037865) STATS - 29.6, 0
2018-11-13 16:12:47 (1398421116365) STATS - 29.7, 1
2018-11-13 16:12:47 (1398421195966) STATS - 29.8, 1
2018-11-13 16:12:47 (1398421274166) STATS - 29.9, 1
2018-11-13 16:12:47 (1398421352467) STATS - 30.0, 3
2018-11-13 16:12:47 (1398421440767) STATS - 30.1, 1
2018-11-13 16:12:47 (1398421521667) STATS - 30.2, 0
2018-11-13 16:12:47 (1398421629968) STATS - 30.3, 0
2018-11-13 16:12:47 (1398421713768) STATS - 30.4, 0
2018-11-13 16:12:47 (1398421789969) STATS - 30.5, 0
2018-11-13 16:12:47 (1398421867869) STATS - 30.6, 0
2018-11-13 16:12:47 (1398421944869) STATS - 30.7, 0
2018-11-13 16:12:47 (1398422025870) STATS - 30.8, 0
2018-11-13 16:12:47 (1398422102870) STATS - 30.9, 0
2018-11-13 16:12:47 (1398422177170) STATS - 31.0, 0
2018-11-13 16:12:47 (1398422252471) STATS - 31.1, 0
2018-11-13 16:12:47 (1398422328771) STATS - 31.2, 0
2018-11-13 16:12:47 (1398422404472) STATS - 31.3, 0
2018-11-13 16:12:47 (1398422481572) STATS - 31.4, 0
2018-11-13 16:12:47 (1398422561772) STATS - 31.5, 0
2018-11-13 16:12:47 (1398422639873) STATS - 31.6, 0
2018-11-13 16:12:47 (1398429806007) STATS - 31.7, 0
2018-11-13 16:12:47 (1398430023508) STATS - 31.8, 1
2018-11-13 16:12:47 (1398430286409) STATS - 31.9, 2
2018-11-13 16:12:47 (1398430369310) STATS - 32.0, 0
2018-11-13 16:12:47 (1398430460910) STATS - 32.1, 0
2018-11-13 16:12:47 (1398430546511) STATS - 32.2, 0
2018-11-13 16:12:47 (1398430620411) STATS - 32.3, 0
2018-11-13 16:12:47 (1398430689611) STATS - 32.4, 0
2018-11-13 16:12:47 (1398430758212) STATS - 32.5, 0
2018-11-13 16:12:47 (1398430889212) STATS - 32.6, 0
2018-11-13 16:12:47 (1398430977213) STATS - 32.7, 0
2018-11-13 16:12:47 (1398431051013) STATS - 32.8, 0
2018-11-13 16:12:47 (1398431126913) STATS - 32.9, 0
2018-11-13 16:12:47 (1398431209814) STATS - 33.0, 0
2018-11-13 16:12:47 (1398431290214) STATS - 33.1, 0
2018-11-13 16:12:47 (1398431358114) STATS - 33.2, 0
2018-11-13 16:12:47 (1398431426215) STATS - 33.3, 0
2018-11-13 16:12:47 (1398431495515) STATS - 33.4, 0
2018-11-13 16:12:47 (1398431563515) STATS - 33.5, 0
2018-11-13 16:12:47 (1398431631616) STATS - 33.6, 0
2018-11-13 16:12:47 (1398431700216) STATS - 33.7, 0
2018-11-13 16:12:47 (1398431769016) STATS - 33.8, 0
2018-11-13 16:12:47 (1398431886717) STATS - 33.9, 0
2018-11-13 16:12:47 (1398431971917) STATS - 34.0, 0
2018-11-13 16:12:47 (1398432066418) STATS - 34.1, 0
2018-11-13 16:12:47 (1398432143318) STATS - 34.2, 0
2018-11-13 16:12:47 (1398432241419) STATS - 34.3, 0
2018-11-13 16:12:47 (1398432311519) STATS - 34.4, 0
2018-11-13 16:12:47 (1398432381519) STATS - 34.5, 0
2018-11-13 16:12:47 (1398432450520) STATS - 34.6, 0
2018-11-13 16:12:47 (1398432521120) STATS - 34.7, 1
2018-11-13 16:12:47 (1398432591320) STATS - 34.8, 0
2018-11-13 16:12:47 (1398432663421) STATS - 34.9, 0
2018-11-13 16:12:47 (1398432732621) STATS - 35.0, 0
2018-11-13 16:12:47 (1398439735655) STATS - 35.1, 0
2018-11-13 16:12:47 (1398440076256) STATS - 35.2, 0
2018-11-13 16:12:47 (1398440150557) STATS - 35.3, 2
2018-11-13 16:12:47 (1398440375058) STATS - 35.4, 0
2018-11-13 16:12:47 (1398440485058) STATS - 35.5, 0
2018-11-13 16:12:47 (1398440576159) STATS - 35.6, 0
2018-11-13 16:12:47 (1398440669859) STATS - 35.7, 0
2018-11-13 16:12:47 (1398440750859) STATS - 35.8, 0
2018-11-13 16:12:47 (1398440825460) STATS - 35.9, 0
2018-11-13 16:12:47 (1398440914660) STATS - 36.0, 0
2018-11-13 16:12:47 (1398440978761) STATS - 36.1, 0
2018-11-13 16:12:47 (1398441043161) STATS - 36.2, 0
2018-11-13 16:12:47 (1398441107061) STATS - 36.3, 0
2018-11-13 16:12:47 (1398441172062) STATS - 36.4, 0
2018-11-13 16:12:47 (1398441261162) STATS - 36.5, 0
2018-11-13 16:12:47 (1398441332762) STATS - 36.6, 0
2018-11-13 16:12:47 (1398441411263) STATS - 36.7, 0
2018-11-13 16:12:47 (1398441488763) STATS - 36.8, 0
2018-11-13 16:12:47 (1398441554963) STATS - 36.9, 0
2018-11-13 16:12:47 (1398441617064) STATS - 37.0, 0
2018-11-13 16:12:47 (1398441680464) STATS - 37.1, 0
2018-11-13 16:12:47 (1398441744764) STATS - 37.2, 0
2018-11-13 16:12:47 (1398441809665) STATS - 37.3, 0
2018-11-13 16:12:47 (1398441874765) STATS - 37.4, 0
2018-11-13 16:12:47 (1398441939665) STATS - 37.5, 0
2018-11-13 16:12:47 (1398442019466) STATS - 37.6, 0
2018-11-13 16:12:47 (1398442087766) STATS - 37.7, 0
2018-11-13 16:12:47 (1398442153866) STATS - 37.8, 0
2018-11-13 16:12:47 (1398442218867) STATS - 37.9, 0
2018-11-13 16:12:47 (1398442280667) STATS - 38.0, 0
2018-11-13 16:12:47 (1398442343567) STATS - 38.1, 0
2018-11-13 16:12:47 (1398442408467) STATS - 38.2, 0
2018-11-13 16:12:47 (1398442474668) STATS - 38.3, 0
2018-11-13 16:12:47 (1398442542168) STATS - 38.4, 0
2018-11-13 16:12:47 (1398442608768) STATS - 38.5, 0
2018-11-13 16:12:47 (1398449793103) STATS - 38.6, 0
2018-11-13 16:12:47 (1398449886303) STATS - 38.7, 0
2018-11-13 16:12:47 (1398449954604) STATS - 38.8, 0
2018-11-13 16:12:47 (1398450019204) STATS - 38.9, 0
2018-11-13 16:12:47 (1398450078604) STATS - 39.0, 0
2018-11-13 16:12:47 (1398450139404) STATS - 39.1, 0
2018-11-13 16:12:47 (1398450200605) STATS - 39.2, 0
2018-11-13 16:12:47 (1398450262105) STATS - 39.3, 0
2018-11-13 16:12:47 (1398450324705) STATS - 39.4, 0
2018-11-13 16:12:47 (1398450385406) STATS - 39.5, 0
2018-11-13 16:12:47 (1398450446006) STATS - 39.6, 0
2018-11-13 16:12:47 (1398450506606) STATS - 39.7, 0
2018-11-13 16:12:47 (1398450571607) STATS - 39.8, 0
2018-11-13 16:12:47 (1398450633507) STATS - 39.9, 0
2018-11-13 16:12:47 (1398450693807) STATS - 40.0, 0
2018-11-13 16:12:47 (1398450755907) STATS - 40.1, 0
2018-11-13 16:12:47 (1398450819608) STATS - 40.2, 0
2018-11-13 16:12:47 (1398450880808) STATS - 40.3, 0
2018-11-13 16:12:47 (1398450942308) STATS - 40.4, 0
2018-11-13 16:12:47 (1398451003409) STATS - 40.5, 0
2018-11-13 16:12:47 (1398451065009) STATS - 40.6, 0
2018-11-13 16:12:47 (1398451126309) STATS - 40.7, 0
2018-11-13 16:12:47 (1398451188010) STATS - 40.8, 0
2018-11-13 16:12:47 (1398451254510) STATS - 40.9, 0
2018-11-13 16:12:47 (1398451315610) STATS - 41.0, 0
2018-11-13 16:12:47 (1398451378610) STATS - 41.1, 0
2018-11-13 16:12:47 (1398451440511) STATS - 41.2, 0
2018-11-13 16:12:47 (1398451504111) STATS - 41.3, 0
2018-11-13 16:12:47 (1398451566011) STATS - 41.4, 0
2018-11-13 16:12:47 (1398451626812) STATS - 41.5, 0
2018-11-13 16:12:47 (1398451688012) STATS - 41.6, 0
2018-11-13 16:12:47 (1398451749212) STATS - 41.7, 0
2018-11-13 16:12:47 (1398451811313) STATS - 41.8, 0
2018-11-13 16:12:47 (1398451873013) STATS - 41.9, 0
2018-11-13 16:12:47 (1398451932013) STATS - 42.0, 0
2018-11-13 16:12:47 (1398451992613) STATS - 42.1, 0
2018-11-13 16:12:47 (1398452088714) STATS - 42.2, 0
2018-11-13 16:12:47 (1398452155014) STATS - 42.3, 0
2018-11-13 16:12:47 (1398452217714) STATS - 42.4, 0
2018-11-13 16:12:47 (1398452279715) STATS - 42.5, 0
2018-11-13 16:12:47 (1398452340315) STATS - 42.6, 0
2018-11-13 16:12:47 (1398452401615) STATS - 42.7, 0
2018-11-13 16:12:47 (1398452513916) STATS - 42.8, 0
2018-11-13 16:12:47 (1398459715950) STATS - 42.9, 0
2018-11-13 16:12:47 (1398459939251) STATS - 43.0, 0
2018-11-13 16:12:47 (1398460097852) STATS - 43.1, 0
2018-11-13 16:12:47 (1398460201053) STATS - 43.2, 0
2018-11-13 16:12:47 (1398460265753) STATS - 43.3, 0
2018-11-13 16:12:47 (1398460341353) STATS - 43.4, 0
2018-11-13 16:12:47 (1398460400654) STATS - 43.5, 0
2018-11-13 16:12:47 (1398460567354) STATS - 43.6, 0
2018-11-13 16:12:47 (1398460631455) STATS - 43.7, 0
2018-11-13 16:12:47 (1398460687755) STATS - 43.8, 0
2018-11-13 16:12:47 (1398460743155) STATS - 43.9, 0
2018-11-13 16:12:47 (1398460796656) STATS - 44.0, 0
2018-11-13 16:12:47 (1398460850356) STATS - 44.1, 0
2018-11-13 16:12:47 (1398460904756) STATS - 44.2, 0
2018-11-13 16:12:47 (1398460963356) STATS - 44.3, 0
2018-11-13 16:12:47 (1398461018757) STATS - 44.4, 0
2018-11-13 16:12:47 (1398461074757) STATS - 44.5, 0
2018-11-13 16:12:47 (1398461128757) STATS - 44.6, 0
2018-11-13 16:12:47 (1398461182657) STATS - 44.7, 0
2018-11-13 16:12:47 (1398461237058) STATS - 44.8, 0
2018-11-13 16:12:47 (1398461290358) STATS - 44.9, 0
2018-11-13 16:12:47 (1398461448159) STATS - 45.0, 0
2018-11-13 16:12:47 (1398461513759) STATS - 45.1, 0
2018-11-13 16:12:47 (1398461573559) STATS - 45.2, 0
2018-11-13 16:12:47 (1398461633260) STATS - 45.3, 0
2018-11-13 16:12:47 (1398461693160) STATS - 45.4, 0
2018-11-13 16:12:47 (1398461774360) STATS - 45.5, 0
2018-11-13 16:12:47 (1398461827761) STATS - 45.6, 0
2018-11-13 16:12:47 (1398461885761) STATS - 45.7, 0
2018-11-13 16:12:47 (1398461940361) STATS - 45.8, 0
2018-11-13 16:12:47 (1398461997561) STATS - 45.9, 0
2018-11-13 16:12:47 (1398462052162) STATS - 46.0, 0
2018-11-13 16:12:47 (1398462108462) STATS - 46.1, 0
2018-11-13 16:12:47 (1398462163162) STATS - 46.2, 0
2018-11-13 16:12:47 (1398462218762) STATS - 46.3, 0
2018-11-13 16:12:47 (1398462272763) STATS - 46.4, 0
2018-11-13 16:12:47 (1398462326863) STATS - 46.5, 0
2018-11-13 16:12:47 (1398462380763) STATS - 46.6, 0
2018-11-13 16:12:47 (1398462434563) STATS - 46.7, 0
2018-11-13 16:12:47 (1398462489764) STATS - 46.8, 0
2018-11-13 16:12:47 (1398462543764) STATS - 46.9, 0
2018-11-13 16:12:47 (1398462595864) STATS - 47.0, 0
2018-11-13 16:12:47 (1398469669598) STATS - 47.1, 0
2018-11-13 16:12:47 (1398469784499) STATS - 47.2, 0
2018-11-13 16:12:47 (1398469839799) STATS - 47.3, 0
2018-11-13 16:12:47 (1398469895799) STATS - 47.4, 0
2018-11-13 16:12:47 (1398469977600) STATS - 47.5, 0
2018-11-13 16:12:47 (1398470053500) STATS - 47.6, 0
2018-11-13 16:12:47 (1398470117400) STATS - 47.7, 0
2018-11-13 16:12:47 (1398470247501) STATS - 47.8, 0
2018-11-13 16:12:47 (1398470326401) STATS - 47.9, 0
2018-11-13 16:12:47 (1398470401402) STATS - 48.0, 0
2018-11-13 16:12:47 (1398470464102) STATS - 48.1, 0
2018-11-13 16:12:47 (1398470511602) STATS - 48.2, 0
2018-11-13 16:12:47 (1398470559002) STATS - 48.3, 0
2018-11-13 16:12:47 (1398470607303) STATS - 48.4, 0
2018-11-13 16:12:47 (1398470654203) STATS - 48.5, 0
2018-11-13 16:12:47 (1398470701503) STATS - 48.6, 0
2018-11-13 16:12:47 (1398470748003) STATS - 48.7, 0
2018-11-13 16:12:47 (1398470795503) STATS - 48.8, 0
2018-11-13 16:12:47 (1398470842704) STATS - 48.9, 0
2018-11-13 16:12:47 (1398470888304) STATS - 49.0, 0
2018-11-13 16:12:47 (1398470934904) STATS - 49.1, 0
2018-11-13 16:12:47 (1398471023405) STATS - 49.2, 0
2018-11-13 16:12:47 (1398471108805) STATS - 49.3, 0
2018-11-13 16:12:47 (1398471186405) STATS - 49.4, 0
2018-11-13 16:12:47 (1398471341806) STATS - 49.5, 0
2018-11-13 16:12:47 (1398471501607) STATS - 49.6, 0
2018-11-13 16:12:47 (1398471572307) STATS - 49.7, 0
2018-11-13 16:12:47 (1398471625007) STATS - 49.8, 0
2018-11-13 16:12:47 (1398471675608) STATS - 49.9, 0
2018-11-13 16:12:47 (1398471726008) STATS - 50.0, 0
2018-11-13 16:12:47 (1398471786608) STATS - 50.1, 0
2018-11-13 16:12:47 (1398471835008) STATS - 50.2, 0
2018-11-13 16:12:47 (1398471882609) STATS - 50.3, 0
2018-11-13 16:12:47 (1398471932109) STATS - 50.4, 0
2018-11-13 16:12:47 (1398471980909) STATS - 50.5, 0
2018-11-13 16:12:47 (1398472057610) STATS - 50.6, 0
2018-11-13 16:12:47 (1398472107810) STATS - 50.7, 0
2018-11-13 16:12:47 (1398472159610) STATS - 50.8, 0
2018-11-13 16:12:47 (1398472208310) STATS - 50.9, 0
2018-11-13 16:12:47 (1398472292011) STATS - 51.0, 0
2018-11-13 16:12:47 (1398472398611) STATS - 51.1, 0
2018-11-13 16:12:47 (1398472473212) STATS - 51.2, 0
2018-11-13 16:12:47 (1398479563846) STATS - 51.3, 0
2018-11-13 16:12:47 (1398479697946) STATS - 51.4, 0
2018-11-13 16:12:47 (1398479751346) STATS - 51.5, 1
2018-11-13 16:12:47 (1398479798447) STATS - 51.6, 0
2018-11-13 16:12:47 (1398479842447) STATS - 51.7, 0
2018-11-13 16:12:47 (1398479887147) STATS - 51.8, 0
2018-11-13 16:12:47 (1398479931047) STATS - 51.9, 0
2018-11-13 16:12:47 (1398479973047) STATS - 52.0, 0
2018-11-13 16:12:47 (1398480029848) STATS - 52.1, 0
2018-11-13 16:12:47 (1398480076548) STATS - 52.2, 2
2018-11-13 16:12:47 (1398480126048) STATS - 52.3, 0
2018-11-13 16:12:47 (1398480218549) STATS - 52.4, 0
2018-11-13 16:12:47 (1398480283049) STATS - 52.5, 0
2018-11-13 16:12:47 (1398480357349) STATS - 52.6, 0
2018-11-13 16:12:47 (1398480405750) STATS - 52.7, 0
2018-11-13 16:12:47 (1398480452050) STATS - 52.8, 0
2018-11-13 16:12:47 (1398480497950) STATS - 52.9, 0
2018-11-13 16:12:47 (1398480544350) STATS - 53.0, 0
2018-11-13 16:12:47 (1398480590650) STATS - 53.1, 0
2018-11-13 16:12:47 (1398480649051) STATS - 53.2, 0
2018-11-13 16:12:47 (1398480703851) STATS - 53.3, 0
2018-11-13 16:12:47 (1398480746851) STATS - 53.4, 0
2018-11-13 16:12:47 (1398480789051) STATS - 53.5, 0
2018-11-13 16:12:47 (1398480833252) STATS - 53.6, 0
2018-11-13 16:12:47 (1398480876152) STATS - 53.7, 0
2018-11-13 16:12:47 (1398480918352) STATS - 53.8, 0
2018-11-13 16:12:47 (1398480960952) STATS - 53.9, 0
2018-11-13 16:12:47 (1398481001952) STATS - 54.0, 0
2018-11-13 16:12:47 (1398481043753) STATS - 54.1, 0
2018-11-13 16:12:47 (1398481086253) STATS - 54.2, 0
2018-11-13 16:12:47 (1398481128953) STATS - 54.3, 0
2018-11-13 16:12:47 (1398481172053) STATS - 54.4, 0
2018-11-13 16:12:47 (1398481215353) STATS - 54.5, 0
2018-11-13 16:12:47 (1398481257854) STATS - 54.6, 0
2018-11-13 16:12:47 (1398481300554) STATS - 54.7, 0
2018-11-13 16:12:47 (1398481343754) STATS - 54.8, 0
2018-11-13 16:12:47 (1398481386854) STATS - 54.9, 0
2018-11-13 16:12:47 (1398481428454) STATS - 55.0, 0
2018-11-13 16:12:47 (1398481471255) STATS - 55.1, 0
2018-11-13 16:12:47 (1398481514055) STATS - 55.2, 0
2018-11-13 16:12:47 (1398481557655) STATS - 55.3, 0
2018-11-13 16:12:47 (1398481603255) STATS - 55.4, 0
2018-11-13 16:12:47 (1398481646555) STATS - 55.5, 0
2018-11-13 16:12:47 (1398481689756) STATS - 55.6, 0
2018-11-13 16:12:47 (1398481734256) STATS - 55.7, 0
2018-11-13 16:12:47 (1398481779056) STATS - 55.8, 0
2018-11-13 16:12:47 (1398481822256) STATS - 55.9, 0
2018-11-13 16:12:47 (1398481867157) STATS - 56.0, 1
2018-11-13 16:12:47 (1398481910657) STATS - 56.1, 0
2018-11-13 16:12:47 (1398481953357) STATS - 56.2, 0
2018-11-13 16:12:47 (1398481996357) STATS - 56.3, 0
2018-11-13 16:12:47 (1398482042957) STATS - 56.4, 0
2018-11-13 16:12:47 (1398482086658) STATS - 56.5, 1
2018-11-13 16:12:47 (1398482129558) STATS - 56.6, 1
2018-11-13 16:12:47 (1398482172158) STATS - 56.7, 0
2018-11-13 16:12:47 (1398482237858) STATS - 56.8, 0
2018-11-13 16:12:47 (1398482284059) STATS - 56.9, 0
2018-11-13 16:12:47 (1398482327959) STATS - 57.0, 0
2018-11-13 16:12:47 (1398482374659) STATS - 57.1, 0
2018-11-13 16:12:47 (1398482417759) STATS - 57.2, 0
2018-11-13 16:12:47 (1398482460659) STATS - 57.3, 0
2018-11-13 16:12:47 (1398489582694) STATS - 57.4, 0
2018-11-13 16:12:47 (1398489872395) STATS - 57.5, 0
2018-11-13 16:12:47 (1398489917295) STATS - 57.6, 0
2018-11-13 16:12:47 (1398489960795) STATS - 57.7, 0
2018-11-13 16:12:47 (1398489998396) STATS - 57.8, 0
2018-11-13 16:12:47 (1398490034696) STATS - 57.9, 0
2018-11-13 16:12:47 (1398490072996) STATS - 58.0, 0
2018-11-13 16:12:47 (1398490108996) STATS - 58.1, 0
2018-11-13 16:12:47 (1398490147096) STATS - 58.2, 0
2018-11-13 16:12:47 (1398490183096) STATS - 58.3, 0
2018-11-13 16:12:47 (1398490218497) STATS - 58.4, 0
2018-11-13 16:12:47 (1398490276597) STATS - 58.5, 0
2018-11-13 16:12:47 (1398490317797) STATS - 58.6, 0
2018-11-13 16:12:47 (1398490353697) STATS - 58.7, 0
2018-11-13 16:12:47 (1398490389397) STATS - 58.8, 0
2018-11-13 16:12:47 (1398490424598) STATS - 58.9, 0
2018-11-13 16:12:47 (1398490459398) STATS - 59.0, 0
2018-11-13 16:12:47 (1398490494898) STATS - 59.1, 2
2018-11-13 16:12:47 (1398490529398) STATS - 59.2, 1
2018-11-13 16:12:47 (1398490564898) STATS - 59.3, 0
2018-11-13 16:12:47 (1398490603598) STATS - 59.4, 0
2018-11-13 16:12:47 (1398490640099) STATS - 59.5, 0
2018-11-13 16:12:47 (1398490675399) STATS - 59.6, 0
2018-11-13 16:12:47 (1398490709999) STATS - 59.7, 0
2018-11-13 16:12:47 (1398490744899) STATS - 59.8, 0
2018-11-13 16:12:47 (1398490779499) STATS - 59.9, 0
2018-11-13 16:12:47 (1398490814399) STATS - 60.0, 0
2018-11-13 16:12:47 (1398490849600) STATS - 60.1, 0
2018-11-13 16:12:47 (1398490884400) STATS - 60.2, 0
2018-11-13 16:12:47 (1398490920600) STATS - 60.3, 0
2018-11-13 16:12:47 (1398490956500) STATS - 60.4, 0
2018-11-13 16:12:47 (1398490991900) STATS - 60.5, 0
2018-11-13 16:12:47 (1398491026200) STATS - 60.6, 0
2018-11-13 16:12:47 (1398491062901) STATS - 60.7, 0
2018-11-13 16:12:47 (1398491098501) STATS - 60.8, 0
2018-11-13 16:12:47 (1398491133901) STATS - 60.9, 0
2018-11-13 16:12:47 (1398491167901) STATS - 61.0, 0
2018-11-13 16:12:47 (1398491202301) STATS - 61.1, 0
2018-11-13 16:12:47 (1398491236601) STATS - 61.2, 0
2018-11-13 16:12:47 (1398491272102) STATS - 61.3, 0
2018-11-13 16:12:47 (1398491306902) STATS - 61.4, 0
2018-11-13 16:12:47 (1398491341602) STATS - 61.5, 0
2018-11-13 16:12:47 (1398491376502) STATS - 61.6, 0
2018-11-13 16:12:47 (1398491411302) STATS - 61.7, 1
2018-11-13 16:12:47 (1398491446102) STATS - 61.8, 0
2018-11-13 16:12:47 (1398491527203) STATS - 61.9, 2
2018-11-13 16:12:47 (1398491595703) STATS - 62.0, 0
2018-11-13 16:12:47 (1398491647803) STATS - 62.1, 0
2018-11-13 16:12:47 (1398491707704) STATS - 62.2, 0
2018-11-13 16:12:47 (1398491763404) STATS - 62.3, 2
2018-11-13 16:12:47 (1398491831104) STATS - 62.4, 0
2018-11-13 16:12:47 (1398491877805) STATS - 62.5, 1
2018-11-13 16:12:47 (1398491916805) STATS - 62.6, 0
2018-11-13 16:12:47 (1398491953605) STATS - 62.7, 0
2018-11-13 16:12:47 (1398491990905) STATS - 62.8, 0
2018-11-13 16:12:47 (1398492048805) STATS - 62.9, 0
2018-11-13 16:12:47 (1398492088706) STATS - 63.0, 0
2018-11-13 16:12:47 (1398492140506) STATS - 63.1, 0
2018-11-13 16:12:47 (1398492212706) STATS - 63.2, 0
2018-11-13 16:12:47 (1398492258306) STATS - 63.3, 0
2018-11-13 16:12:47 (1398492308707) STATS - 63.4, 0
2018-11-13 16:12:47 (1398492357507) STATS - 63.5, 0
2018-11-13 16:12:47 (1398492393907) STATS - 63.6, 0
2018-11-13 16:12:47 (1398492429807) STATS - 63.7, 0
2018-11-13 16:12:47 (1398492466307) STATS - 63.8, 0
2018-11-13 16:12:47 (1398499649642) STATS - 63.9, 0
2018-11-13 16:12:47 (1398499735542) STATS - 64.0, 0
2018-11-13 16:12:47 (1398499790042) STATS - 64.1, 0
2018-11-13 16:12:47 (1398499855443) STATS - 64.2, 0
2018-11-13 16:12:47 (1398499901743) STATS - 64.3, 0
2018-11-13 16:12:47 (1398499947543) STATS - 64.4, 0
2018-11-13 16:12:47 (1398499991843) STATS - 64.5, 0
2018-11-13 16:12:47 (1398500068344) STATS - 64.6, 0
2018-11-13 16:12:47 (1398500100644) STATS - 64.7, 0
2018-11-13 16:12:47 (1398500132444) STATS - 64.8, 0
2018-11-13 16:12:47 (1398500166444) STATS - 64.9, 0
2018-11-13 16:12:47 (1398500196444) STATS - 65.0, 0
2018-11-13 16:12:47 (1398500227445) STATS - 65.1, 0
2018-11-13 16:12:47 (1398500257545) STATS - 65.2, 0
2018-11-13 16:12:47 (1398500287545) STATS - 65.3, 0
2018-11-13 16:12:47 (1398500346245) STATS - 65.4, 0
2018-11-13 16:12:47 (1398500382945) STATS - 65.5, 0
2018-11-13 16:12:47 (1398500427946) STATS - 65.6, 0
2018-11-13 16:12:47 (1398500475546) STATS - 65.7, 0
2018-11-13 16:12:47 (1398500528446) STATS - 65.8, 0
2018-11-13 16:12:47 (1398500562046) STATS - 65.9, 0
2018-11-13 16:12:47 (1398500594646) STATS - 66.0, 0
2018-11-13 16:12:47 (1398500628246) STATS - 66.1, 0
2018-11-13 16:12:47 (1398500664147) STATS - 66.2, 0
2018-11-13 16:12:47 (1398500697147) STATS - 66.3, 0
2018-11-13 16:12:47 (1398500731047) STATS - 66.4, 0
2018-11-13 16:12:47 (1398500764347) STATS - 66.5, 0
2018-11-13 16:12:47 (1398500797247) STATS - 66.6, 0
2018-11-13 16:12:47 (1398500844548) STATS - 66.7, 0
2018-11-13 16:12:47 (1398500877248) STATS - 66.8, 0
2018-11-13 16:12:47 (1398500909148) STATS - 66.9, 0
2018-11-13 16:12:47 (1398500940748) STATS - 67.0, 0
2018-11-13 16:12:47 (1398500973048) STATS - 67.1, 0
2018-11-13 16:12:47 (1398501005148) STATS - 67.2, 0
2018-11-13 16:12:47 (1398501037148) STATS - 67.3, 0
2018-11-13 16:12:47 (1398501068849) STATS - 67.4, 0
2018-11-13 16:12:47 (1398501100649) STATS - 67.5, 0
2018-11-13 16:12:47 (1398501132549) STATS - 67.6, 0
2018-11-13 16:12:47 (1398501163949) STATS - 67.7, 0
2018-11-13 16:12:47 (1398501195849) STATS - 67.8, 1
2018-11-13 16:12:47 (1398501227349) STATS - 67.9, 0
2018-11-13 16:12:47 (1398501259949) STATS - 68.0, 0
2018-11-13 16:12:47 (1398501292050) STATS - 68.1, 0
2018-11-13 16:12:47 (1398501323350) STATS - 68.2, 0
2018-11-13 16:12:47 (1398501355550) STATS - 68.3, 0
2018-11-13 16:12:47 (1398501386850) STATS - 68.4, 0
2018-11-13 16:12:47 (1398501418050) STATS - 68.5, 0
2018-11-13 16:12:47 (1398501449750) STATS - 68.6, 0
2018-11-13 16:12:47 (1398501480551) STATS - 68.7, 0
2018-11-13 16:12:47 (1398501511951) STATS - 68.8, 1
2018-11-13 16:12:47 (1398501543151) STATS - 68.9, 1
2018-11-13 16:12:47 (1398501609651) STATS - 69.0, 1
2018-11-13 16:12:47 (1398501675451) STATS - 69.1, 0
2018-11-13 16:12:47 (1398501738752) STATS - 69.2, 0
2018-11-13 16:12:47 (1398501779252) STATS - 69.3, 0
2018-11-13 16:12:47 (1398501813452) STATS - 69.4, 0
2018-11-13 16:12:47 (1398501847052) STATS - 69.5, 0
2018-11-13 16:12:47 (1398501880652) STATS - 69.6, 0
2018-11-13 16:12:47 (1398501913153) STATS - 69.7, 0
2018-11-13 16:12:47 (1398501949053) STATS - 69.8, 0
2018-11-13 16:12:47 (1398501984253) STATS - 69.9, 0
2018-11-13 16:12:47 (1398502029453) STATS - 70.0, 0
2018-11-13 16:12:47 (1398502062653) STATS - 70.1, 0
2018-11-13 16:12:47 (1398502094953) STATS - 70.2, 0
2018-11-13 16:12:47 (1398502138354) STATS - 70.3, 0
2018-11-13 16:12:47 (1398502168154) STATS - 70.4, 0
2018-11-13 16:12:47 (1398502198154) STATS - 70.5, 0
2018-11-13 16:12:47 (1398502228154) STATS - 70.6, 0
2018-11-13 16:12:47 (1398502258654) STATS - 70.7, 0
2018-11-13 16:12:47 (1398502288754) STATS - 70.8, 0
2018-11-13 16:12:47 (1398502318755) STATS - 70.9, 0
2018-11-13 16:12:47 (1398502347855) STATS - 71.0, 0
2018-11-13 16:12:47 (1398502378155) STATS - 71.1, 0
2018-11-13 16:12:47 (1398502407855) STATS - 71.2, 0
2018-11-13 16:12:47 (1398509600989) STATS - 71.3, 0
2018-11-13 16:12:47 (1398509648890) STATS - 71.4, 0
2018-11-13 16:12:47 (1398509683790) STATS - 71.5, 0
2018-11-13 16:12:47 (1398509716390) STATS - 71.6, 0
2018-11-13 16:12:47 (1398509748790) STATS - 71.7, 0
2018-11-13 16:12:47 (1398509781190) STATS - 71.8, 0
2018-11-13 16:12:47 (1398509813690) STATS - 71.9, 0
2018-11-13 16:12:47 (1398509844591) STATS - 72.0, 0
2018-11-13 16:12:47 (1398509876091) STATS - 72.1, 0
2018-11-13 16:12:47 (1398509907591) STATS - 72.2, 0
2018-11-13 16:12:47 (1398509938691) STATS - 72.3, 0
2018-11-13 16:12:47 (1398509968891) STATS - 72.4, 0
2018-11-13 16:12:47 (1398509999491) STATS - 72.5, 0
2018-11-13 16:12:47 (1398510030792) STATS - 72.6, 0
2018-11-13 16:12:47 (1398510061692) STATS - 72.7, 0
2018-11-13 16:12:47 (1398510093292) STATS - 72.8, 0
2018-11-13 16:12:47 (1398510123992) STATS - 72.9, 0
2018-11-13 16:12:47 (1398510153692) STATS - 73.0, 0
2018-11-13 16:12:47 (1398510184792) STATS - 73.1, 0
2018-11-13 16:12:47 (1398510215392) STATS - 73.2, 0
2018-11-13 16:12:47 (1398510246393) STATS - 73.3, 0
2018-11-13 16:12:47 (1398510276693) STATS - 73.4, 0
2018-11-13 16:12:47 (1398510307193) STATS - 73.5, 0
2018-11-13 16:12:47 (1398510337493) STATS - 73.6, 0
2018-11-13 16:12:47 (1398510367893) STATS - 73.7, 0
2018-11-13 16:12:47 (1398510398093) STATS - 73.8, 0
2018-11-13 16:12:47 (1398510428393) STATS - 73.9, 0
2018-11-13 16:12:47 (1398510457994) STATS - 74.0, 0
2018-11-13 16:12:47 (1398510488794) STATS - 74.1, 0
2018-11-13 16:12:47 (1398510519194) STATS - 74.2, 0
2018-11-13 16:12:47 (1398510591794) STATS - 74.3, 0
2018-11-13 16:12:47 (1398510633094) STATS - 74.4, 0
2018-11-13 16:12:47 (1398510665395) STATS - 74.5, 0
2018-11-13 16:12:47 (1398510696995) STATS - 74.6, 0
2018-11-13 16:12:47 (1398510727595) STATS - 74.7, 0
2018-11-13 16:12:47 (1398510761595) STATS - 74.8, 0
2018-11-13 16:12:47 (1398510800295) STATS - 74.9, 0
2018-11-13 16:12:47 (1398510831595) STATS - 75.0, 0
2018-11-13 16:12:47 (1398510917596) STATS - 75.1, 0
2018-11-13 16:12:47 (1398510982696) STATS - 75.2, 0
2018-11-13 16:12:47 (1398511053796) STATS - 75.3, 0
2018-11-13 16:12:47 (1398511092597) STATS - 75.4, 0
2018-11-13 16:12:47 (1398511126097) STATS - 75.5, 0
2018-11-13 16:12:47 (1398511159597) STATS - 75.6, 0
2018-11-13 16:12:47 (1398511192297) STATS - 75.7, 0
2018-11-13 16:12:47 (1398511225097) STATS - 75.8, 0
2018-11-13 16:12:47 (1398511257497) STATS - 75.9, 0
2018-11-13 16:12:47 (1398511290398) STATS - 76.0, 0
2018-11-13 16:12:47 (1398511323498) STATS - 76.1, 0
2018-11-13 16:12:47 (1398511355698) STATS - 76.2, 0
2018-11-13 16:12:47 (1398511386998) STATS - 76.3, 0
2018-11-13 16:12:47 (1398511417798) STATS - 76.4, 0
2018-11-13 16:12:47 (1398511449098) STATS - 76.5, 0
2018-11-13 16:12:47 (1398511480498) STATS - 76.6, 0
2018-11-13 16:12:47 (1398511526199) STATS - 76.7, 0
2018-11-13 16:12:47 (1398511560099) STATS - 76.8, 0
2018-11-13 16:12:47 (1398511592199) STATS - 76.9, 0
2018-11-13 16:12:47 (1398511623199) STATS - 77.0, 0
2018-11-13 16:12:47 (1398511655299) STATS - 77.1, 0
2018-11-13 16:12:47 (1398511687399) STATS - 77.2, 0
2018-11-13 16:12:47 (1398511719400) STATS - 77.3, 0
2018-11-13 16:12:47 (1398511750900) STATS - 77.4, 0
2018-11-13 16:12:47 (1398511782700) STATS - 77.5, 0
2018-11-13 16:12:47 (1398511815900) STATS - 77.6, 0
2018-11-13 16:12:47 (1398511847700) STATS - 77.7, 0
2018-11-13 16:12:47 (1398511879600) STATS - 77.8, 0
2018-11-13 16:12:47 (1398511911801) STATS - 77.9, 0
2018-11-13 16:12:47 (1398511942501) STATS - 78.0, 0
2018-11-13 16:12:47 (1398511974701) STATS - 78.1, 0
2018-11-13 16:12:47 (1398512021701) STATS - 78.2, 0
2018-11-13 16:12:47 (1398512062101) STATS - 78.3, 0
2018-11-13 16:12:47 (1398512095701) STATS - 78.4, 0
2018-11-13 16:12:47 (1398512129902) STATS - 78.5, 0
2018-11-13 16:12:47 (1398512163602) STATS - 78.6, 0
2018-11-13 16:12:47 (1398512195302) STATS - 78.7, 0
2018-11-13 16:12:47 (1398512239202) STATS - 78.8, 0
2018-11-13 16:12:47 (1398512273202) STATS - 78.9, 0
2018-11-13 16:12:47 (1398512304702) STATS - 79.0, 0
2018-11-13 16:12:47 (1398512337203) STATS - 79.1, 0
2018-11-13 16:12:47 (1398519418937) STATS - 79.2, 0
2018-11-13 16:12:47 (1398519635438) STATS - 79.3, 0
2018-11-13 16:12:47 (1398519673038) STATS - 79.4, 0
2018-11-13 16:12:47 (1398519701138) STATS - 79.5, 0
2018-11-13 16:12:47 (1398519727738) STATS - 79.6, 0
2018-11-13 16:12:47 (1398519753038) STATS - 79.7, 0
2018-11-13 16:12:47 (1398519777838) STATS - 79.8, 0
2018-11-13 16:12:47 (1398519802038) STATS - 79.9, 0
2018-11-13 16:12:47 (1398519838039) STATS - 80.0, 0
2018-11-13 16:12:47 (1398519911739) STATS - 80.1, 0
2018-11-13 16:12:47 (1398519937939) STATS - 80.2, 0
2018-11-13 16:12:47 (1398519963639) STATS - 80.3, 0
2018-11-13 16:12:47 (1398519989939) STATS - 80.4, 0
2018-11-13 16:12:47 (1398520043540) STATS - 80.5, 0
2018-11-13 16:12:47 (1398520070940) STATS - 80.6, 0
2018-11-13 16:12:47 (1398520096640) STATS - 80.7, 0
2018-11-13 16:12:47 (1398520132340) STATS - 80.8, 0
2018-11-13 16:12:47 (1398520159140) STATS - 80.9, 0
2018-11-13 16:12:47 (1398520185040) STATS - 81.0, 0
2018-11-13 16:12:47 (1398520209840) STATS - 81.1, 0
2018-11-13 16:12:47 (1398520234140) STATS - 81.2, 0
2018-11-13 16:12:47 (1398520258541) STATS - 81.3, 0
2018-11-13 16:12:47 (1398520282541) STATS - 81.4, 0
2018-11-13 16:12:47 (1398520306041) STATS - 81.5, 1
2018-11-13 16:12:47 (1398520329941) STATS - 81.6, 0
2018-11-13 16:12:47 (1398520353741) STATS - 81.7, 0
2018-11-13 16:12:47 (1398520377741) STATS - 81.8, 0
2018-11-13 16:12:47 (1398520401841) STATS - 81.9, 0
2018-11-13 16:12:47 (1398520426541) STATS - 82.0, 0
2018-11-13 16:12:47 (1398520450941) STATS - 82.1, 1
2018-11-13 16:12:47 (1398520482142) INFO  - END: Middleware stopped.
