2018-11-13 17:29:32 (6024073697216) INFO  - START: Middleware listening on address 10.0.0.4:8888.
2018-11-13 17:30:57 (6108538456213) STATS -  5.00, 4093, 18, 4.658194, 3.323770, 8.081934, 8.081934, 0.000000, 0.000000, 20469, 0, 0, 0.00, 0.00, 0
2018-11-13 17:30:57 (6108782630248) STATS - 10.00, 4778, 18, 4.058900, 2.965439, 7.099985, 7.099985, 0.000000, 0.000000, 23893, 0, 0, 0.00, 0.00, 0
2018-11-13 17:30:57 (6108883256182) STATS - 15.00, 4735, 18, 4.053917, 3.004951, 7.120155, 7.120155, 0.000000, 0.000000, 23676, 0, 0, 0.00, 0.00, 0
2018-11-13 17:30:57 (6108967852780) STATS - 20.00, 4550, 17, 4.170219, 3.091045, 7.349635, 7.349635, 0.000000, 0.000000, 22750, 0, 0, 0.00, 0.00, 0
2018-11-13 17:30:57 (6109044288657) STATS - 25.00, 4193, 18, 4.573200, 3.319627, 7.951748, 7.951748, 0.000000, 0.000000, 20969, 0, 0, 0.00, 0.00, 0
2018-11-13 17:30:57 (6109120782036) STATS - 30.00, 4203, 18, 4.574274, 3.503225, 8.147602, 8.147602, 0.000000, 0.000000, 21019, 0, 0, 0.00, 0.00, 0
2018-11-13 17:30:58 (6109198274441) STATS - 35.00, 4174, 18, 4.676320, 3.489377, 8.235517, 8.235517, 0.000000, 0.000000, 20872, 0, 0, 0.00, 0.00, 0
2018-11-13 17:30:58 (6109265617371) STATS - 40.00, 4560, 18, 4.178255, 3.028207, 7.271157, 7.271157, 0.000000, 0.000000, 22800, 0, 0, 0.00, 0.00, 0
2018-11-13 17:30:58 (6109333662220) STATS - 45.00, 4686, 18, 4.091315, 2.997961, 7.169210, 7.169210, 0.000000, 0.000000, 23430, 0, 0, 0.00, 0.00, 0
2018-11-13 17:30:58 (6109393598348) STATS - 50.00, 4644, 18, 4.133185, 2.995850, 7.189442, 7.189442, 0.000000, 0.000000, 23223, 0, 0, 0.00, 0.00, 0
2018-11-13 17:30:58 (6109450808002) STATS - 55.00, 4736, 17, 3.972245, 2.968946, 7.002765, 7.002765, 0.000000, 0.000000, 23681, 0, 0, 0.00, 0.00, 0
2018-11-13 17:30:58 (6109498654502) STATS - 60.00, 4787, 18, 3.925661, 2.930246, 6.916504, 6.916504, 0.000000, 0.000000, 23936, 0, 0, 0.00, 0.00, 0
2018-11-13 17:30:58 (6109546662407) STATS - 65.00, 4678, 18, 4.254376, 3.037657, 7.370989, 7.370989, 0.000000, 0.000000, 23390, 0, 0, 0.00, 0.00, 0
2018-11-13 17:30:58 (6109590871108) STATS - 70.00, 4684, 18, 4.150959, 3.046774, 7.268372, 7.268372, 0.000000, 0.000000, 23420, 0, 0, 0.00, 0.00, 0
2018-11-13 17:30:58 (6109599527743) STATS - 70.00, 161, 4, 0.942893, 2.413260, 3.506257, 3.506257, 0.000000, 0.000000, 805, 0, 0, 0.00, 0.00, 0
2018-11-13 17:30:58 (6109930658040) STATS - Interval, Responses
2018-11-13 17:30:58 (6109931030150) STATS - 0.1, 0
2018-11-13 17:30:58 (6109931215655) STATS - 0.2, 0
2018-11-13 17:30:58 (6109931438761) STATS - 0.3, 0
2018-11-13 17:30:58 (6109931608866) STATS - 0.4, 0
2018-11-13 17:30:58 (6109931846772) STATS - 0.5, 5
2018-11-13 17:30:58 (6109932084779) STATS - 0.6, 75
2018-11-13 17:30:58 (6109932252383) STATS - 0.7, 412
2018-11-13 17:30:58 (6109939428378) STATS - 0.8, 997
2018-11-13 17:30:58 (6109939752187) STATS - 0.9, 1649
2018-11-13 17:30:58 (6109939908191) STATS - 1.0, 2014
2018-11-13 17:30:58 (6109940161598) STATS - 1.1, 2219
2018-11-13 17:30:58 (6109940319503) STATS - 1.2, 2161
2018-11-13 17:30:58 (6109940468407) STATS - 1.3, 1982
2018-11-13 17:30:58 (6109940639911) STATS - 1.4, 2003
2018-11-13 17:30:58 (6109940961820) STATS - 1.5, 2014
2018-11-13 17:30:58 (6109941135725) STATS - 1.6, 2051
2018-11-13 17:30:58 (6109941304429) STATS - 1.7, 2013
2018-11-13 17:30:58 (6109941448333) STATS - 1.8, 1995
2018-11-13 17:30:58 (6109941615638) STATS - 1.9, 2170
2018-11-13 17:30:58 (6109941782342) STATS - 2.0, 2076
2018-11-13 17:30:58 (6109947613301) STATS - 2.1, 2056
2018-11-13 17:30:58 (6109947919309) STATS - 2.2, 2164
2018-11-13 17:30:58 (6109948111414) STATS - 2.3, 2224
2018-11-13 17:30:58 (6109948288519) STATS - 2.4, 2381
2018-11-13 17:30:58 (6109948641129) STATS - 2.5, 2281
2018-11-13 17:30:58 (6109948842434) STATS - 2.6, 2349
2018-11-13 17:30:58 (6109949032039) STATS - 2.7, 2396
2018-11-13 17:30:58 (6109949260146) STATS - 2.8, 2395
2018-11-13 17:30:58 (6109949404049) STATS - 2.9, 2473
2018-11-13 17:30:58 (6109949540053) STATS - 3.0, 2493
2018-11-13 17:30:58 (6109949681157) STATS - 3.1, 2501
2018-11-13 17:30:58 (6109949824561) STATS - 3.2, 2299
2018-11-13 17:30:58 (6109949968565) STATS - 3.3, 2376
2018-11-13 17:30:58 (6109950109469) STATS - 3.4, 2358
2018-11-13 17:30:58 (6109956143033) STATS - 3.5, 2379
2018-11-13 17:30:58 (6109956392939) STATS - 3.6, 2384
2018-11-13 17:30:58 (6109956556144) STATS - 3.7, 2402
2018-11-13 17:30:58 (6109956797550) STATS - 3.8, 2408
2018-11-13 17:30:58 (6109956980655) STATS - 3.9, 2292
2018-11-13 17:30:58 (6109957154160) STATS - 4.0, 2363
2018-11-13 17:30:58 (6109957356566) STATS - 4.1, 2358
2018-11-13 17:30:58 (6109957496769) STATS - 4.2, 2355
2018-11-13 17:30:58 (6109957630173) STATS - 4.3, 2372
2018-11-13 17:30:58 (6109957846579) STATS - 4.4, 2352
2018-11-13 17:30:58 (6109958011583) STATS - 4.5, 2408
2018-11-13 17:30:58 (6109958164287) STATS - 4.6, 2411
2018-11-13 17:30:58 (6109958307691) STATS - 4.7, 2474
2018-11-13 17:30:58 (6109958518997) STATS - 4.8, 2406
2018-11-13 17:30:58 (6109958682502) STATS - 4.9, 2357
2018-11-13 17:30:58 (6109964741866) STATS - 5.0, 2387
2018-11-13 17:30:58 (6109964875370) STATS - 5.1, 2459
2018-11-13 17:30:58 (6109965020074) STATS - 5.2, 2527
2018-11-13 17:30:58 (6109965154177) STATS - 5.3, 2453
2018-11-13 17:30:58 (6109965280881) STATS - 5.4, 2544
2018-11-13 17:30:58 (6109965407784) STATS - 5.5, 2568
2018-11-13 17:30:58 (6109965537688) STATS - 5.6, 2605
2018-11-13 17:30:58 (6109965728593) STATS - 5.7, 2518
2018-11-13 17:30:58 (6109965885997) STATS - 5.8, 2390
2018-11-13 17:30:58 (6109966016301) STATS - 5.9, 2458
2018-11-13 17:30:58 (6109966211006) STATS - 6.0, 2567
2018-11-13 17:30:58 (6109966372210) STATS - 6.1, 2597
2018-11-13 17:30:58 (6109966504114) STATS - 6.2, 2697
2018-11-13 17:30:58 (6109966632018) STATS - 6.3, 2515
2018-11-13 17:30:58 (6109966759321) STATS - 6.4, 2509
2018-11-13 17:30:58 (6109966955226) STATS - 6.5, 2524
2018-11-13 17:30:58 (6109972857787) STATS - 6.6, 2500
2018-11-13 17:30:58 (6109972999891) STATS - 6.7, 2483
2018-11-13 17:30:58 (6109973115494) STATS - 6.8, 2587
2018-11-13 17:30:58 (6109973257798) STATS - 6.9, 2486
2018-11-13 17:30:58 (6109973408902) STATS - 7.0, 2623
2018-11-13 17:30:58 (6109973537105) STATS - 7.1, 2824
2018-11-13 17:30:58 (6109973648008) STATS - 7.2, 2704
2018-11-13 17:30:58 (6109973779712) STATS - 7.3, 2845
2018-11-13 17:30:58 (6109973899615) STATS - 7.4, 2656
2018-11-13 17:30:58 (6109974210023) STATS - 7.5, 2744
2018-11-13 17:30:58 (6109974525432) STATS - 7.6, 2676
2018-11-13 17:30:58 (6109974675036) STATS - 7.7, 2826
2018-11-13 17:30:58 (6109974783839) STATS - 7.8, 2860
2018-11-13 17:30:58 (6109974890942) STATS - 7.9, 2884
2018-11-13 17:30:58 (6109974994645) STATS - 8.0, 3220
2018-11-13 17:30:58 (6109975105148) STATS - 8.1, 3172
2018-11-13 17:30:58 (6109975212851) STATS - 8.2, 3150
2018-11-13 17:30:58 (6109975323254) STATS - 8.3, 2947
2018-11-13 17:30:58 (6109981990835) STATS - 8.4, 2994
2018-11-13 17:30:58 (6109982201741) STATS - 8.5, 3111
2018-11-13 17:30:58 (6109982324844) STATS - 8.6, 3125
2018-11-13 17:30:58 (6109982432447) STATS - 8.7, 3205
2018-11-13 17:30:58 (6109982538050) STATS - 8.8, 3228
2018-11-13 17:30:58 (6109982645553) STATS - 8.9, 3408
2018-11-13 17:30:58 (6109982753756) STATS - 9.0, 3608
2018-11-13 17:30:58 (6109982859658) STATS - 9.1, 3457
2018-11-13 17:30:58 (6109983000062) STATS - 9.2, 3770
2018-11-13 17:30:58 (6109983106465) STATS - 9.3, 3907
2018-11-13 17:30:58 (6109983210568) STATS - 9.4, 4410
2018-11-13 17:30:58 (6109983318771) STATS - 9.5, 4718
2018-11-13 17:30:58 (6109983424074) STATS - 9.6, 5376
2018-11-13 17:30:58 (6109983529477) STATS - 9.7, 5341
2018-11-13 17:30:58 (6109983658680) STATS - 9.8, 5100
2018-11-13 17:30:58 (6109983765883) STATS - 9.9, 4480
2018-11-13 17:30:58 (6109983886486) STATS - 10.0, 3819
2018-11-13 17:30:58 (6109983996189) STATS - 10.1, 3269
2018-11-13 17:30:58 (6109984141393) STATS - 10.2, 3003
2018-11-13 17:30:58 (6109984248596) STATS - 10.3, 2736
2018-11-13 17:30:58 (6109984367999) STATS - 10.4, 2605
2018-11-13 17:30:58 (6109984497303) STATS - 10.5, 2353
2018-11-13 17:30:58 (6109984601606) STATS - 10.6, 2248
2018-11-13 17:30:58 (6109991451992) STATS - 10.7, 2052
2018-11-13 17:30:58 (6109991738500) STATS - 10.8, 1895
2018-11-13 17:30:58 (6109991992907) STATS - 10.9, 1800
2018-11-13 17:30:58 (6109992155811) STATS - 11.0, 1646
2018-11-13 17:30:58 (6109992309415) STATS - 11.1, 1511
2018-11-13 17:30:58 (6109992448219) STATS - 11.2, 1450
2018-11-13 17:30:58 (6109992571522) STATS - 11.3, 1485
2018-11-13 17:30:58 (6109992675025) STATS - 11.4, 1468
2018-11-13 17:30:58 (6109992896931) STATS - 11.5, 1290
2018-11-13 17:30:58 (6109993013734) STATS - 11.6, 1292
2018-11-13 17:30:58 (6109993117237) STATS - 11.7, 1235
2018-11-13 17:30:58 (6109993239840) STATS - 11.8, 1131
2018-11-13 17:30:58 (6109993352444) STATS - 11.9, 1102
2018-11-13 17:30:58 (6109993478347) STATS - 12.0, 1082
2018-11-13 17:30:58 (6109993586850) STATS - 12.1, 975
2018-11-13 17:30:58 (6109993692753) STATS - 12.2, 941
2018-11-13 17:30:58 (6109993798356) STATS - 12.3, 988
2018-11-13 17:30:58 (6109993902758) STATS - 12.4, 941
2018-11-13 17:30:58 (6109994028362) STATS - 12.5, 851
2018-11-13 17:30:58 (6109994126865) STATS - 12.6, 842
2018-11-13 17:30:58 (6109994231367) STATS - 12.7, 721
2018-11-13 17:30:58 (6110001022052) STATS - 12.8, 698
2018-11-13 17:30:58 (6110001222557) STATS - 12.9, 742
2018-11-13 17:30:58 (6110001639969) STATS - 13.0, 741
2018-11-13 17:30:58 (6110001743972) STATS - 13.1, 646
2018-11-13 17:30:58 (6110001879375) STATS - 13.2, 637
2018-11-13 17:30:58 (6110001982278) STATS - 13.3, 644
2018-11-13 17:30:58 (6110002078881) STATS - 13.4, 671
2018-11-13 17:30:58 (6110002175983) STATS - 13.5, 638
2018-11-13 17:30:58 (6110002273086) STATS - 13.6, 604
2018-11-13 17:30:58 (6110002369689) STATS - 13.7, 525
2018-11-13 17:30:58 (6110002465591) STATS - 13.8, 520
2018-11-13 17:30:58 (6110002561694) STATS - 13.9, 490
2018-11-13 17:30:58 (6110002653396) STATS - 14.0, 496
2018-11-13 17:30:58 (6110002748199) STATS - 14.1, 490
2018-11-13 17:30:58 (6110002845201) STATS - 14.2, 458
2018-11-13 17:30:58 (6110002940304) STATS - 14.3, 419
2018-11-13 17:30:58 (6110003038707) STATS - 14.4, 368
2018-11-13 17:30:58 (6110003160710) STATS - 14.5, 325
2018-11-13 17:30:58 (6110003257513) STATS - 14.6, 366
2018-11-13 17:30:58 (6110003352815) STATS - 14.7, 406
2018-11-13 17:30:58 (6110003449118) STATS - 14.8, 385
2018-11-13 17:30:58 (6110003544320) STATS - 14.9, 383
2018-11-13 17:30:58 (6110003637823) STATS - 15.0, 325
2018-11-13 17:30:58 (6110003732226) STATS - 15.1, 397
2018-11-13 17:30:58 (6110003828328) STATS - 15.2, 333
2018-11-13 17:30:58 (6110010703115) STATS - 15.3, 362
2018-11-13 17:30:58 (6110010935421) STATS - 15.4, 341
2018-11-13 17:30:58 (6110011290131) STATS - 15.5, 340
2018-11-13 17:30:58 (6110011474136) STATS - 15.6, 329
2018-11-13 17:30:58 (6110011578439) STATS - 15.7, 305
2018-11-13 17:30:58 (6110011679241) STATS - 15.8, 317
2018-11-13 17:30:58 (6110011779844) STATS - 15.9, 302
2018-11-13 17:30:58 (6110011914548) STATS - 16.0, 253
2018-11-13 17:30:58 (6110012042951) STATS - 16.1, 261
2018-11-13 17:30:58 (6110012149854) STATS - 16.2, 234
2018-11-13 17:30:58 (6110012287158) STATS - 16.3, 215
2018-11-13 17:30:58 (6110012458163) STATS - 16.4, 222
2018-11-13 17:30:58 (6110012558165) STATS - 16.5, 213
2018-11-13 17:30:58 (6110012655968) STATS - 16.6, 228
2018-11-13 17:30:58 (6110012758071) STATS - 16.7, 213
2018-11-13 17:30:58 (6110012979977) STATS - 16.8, 229
2018-11-13 17:30:58 (6110013088780) STATS - 16.9, 236
2018-11-13 17:30:58 (6110013186482) STATS - 17.0, 235
2018-11-13 17:30:58 (6110018968640) STATS - 17.1, 209
2018-11-13 17:30:58 (6110019078743) STATS - 17.2, 221
2018-11-13 17:30:58 (6110019251347) STATS - 17.3, 197
2018-11-13 17:30:58 (6110019459553) STATS - 17.4, 194
2018-11-13 17:30:58 (6110019571856) STATS - 17.5, 179
2018-11-13 17:30:58 (6110019732860) STATS - 17.6, 189
2018-11-13 17:30:58 (6110019841863) STATS - 17.7, 151
2018-11-13 17:30:58 (6110020107370) STATS - 17.8, 144
2018-11-13 17:30:58 (6110020299476) STATS - 17.9, 157
2018-11-13 17:30:58 (6110020453580) STATS - 18.0, 140
2018-11-13 17:30:58 (6110020612184) STATS - 18.1, 135
2018-11-13 17:30:58 (6110020770388) STATS - 18.2, 130
2018-11-13 17:30:58 (6110020990894) STATS - 18.3, 117
2018-11-13 17:30:58 (6110021098197) STATS - 18.4, 82
2018-11-13 17:30:58 (6110021262802) STATS - 18.5, 121
2018-11-13 17:30:58 (6110021396906) STATS - 18.6, 94
2018-11-13 17:30:58 (6110021494708) STATS - 18.7, 62
2018-11-13 17:30:58 (6110021595611) STATS - 18.8, 90
2018-11-13 17:30:58 (6110026880855) STATS - 18.9, 74
2018-11-13 17:30:58 (6110027060859) STATS - 19.0, 80
2018-11-13 17:30:58 (6110027176463) STATS - 19.1, 71
2018-11-13 17:30:58 (6110027272265) STATS - 19.2, 78
2018-11-13 17:30:58 (6110027369068) STATS - 19.3, 85
2018-11-13 17:30:58 (6110027471171) STATS - 19.4, 58
2018-11-13 17:30:58 (6110027565273) STATS - 19.5, 52
2018-11-13 17:30:58 (6110027657976) STATS - 19.6, 40
2018-11-13 17:30:58 (6110027751778) STATS - 19.7, 67
2018-11-13 17:30:58 (6110027906082) STATS - 19.8, 42
2018-11-13 17:30:58 (6110028024286) STATS - 19.9, 33
2018-11-13 17:30:58 (6110028123888) STATS - 20.0, 32
2018-11-13 17:30:58 (6110028217191) STATS - 20.1, 51
2018-11-13 17:30:58 (6110028314393) STATS - 20.2, 40
2018-11-13 17:30:58 (6110028408896) STATS - 20.3, 41
2018-11-13 17:30:58 (6110028502599) STATS - 20.4, 35
2018-11-13 17:30:58 (6110028595301) STATS - 20.5, 32
2018-11-13 17:30:58 (6110028687804) STATS - 20.6, 32
2018-11-13 17:30:58 (6110028780506) STATS - 20.7, 26
2018-11-13 17:30:58 (6110028872009) STATS - 20.8, 31
2018-11-13 17:30:58 (6110028964211) STATS - 20.9, 30
2018-11-13 17:30:58 (6110029054814) STATS - 21.0, 30
2018-11-13 17:30:58 (6110029148116) STATS - 21.1, 31
2018-11-13 17:30:58 (6110035121778) STATS - 21.2, 41
2018-11-13 17:30:58 (6110035259182) STATS - 21.3, 31
2018-11-13 17:30:58 (6110035355485) STATS - 21.4, 43
2018-11-13 17:30:58 (6110035448387) STATS - 21.5, 28
2018-11-13 17:30:58 (6110035541190) STATS - 21.6, 27
2018-11-13 17:30:58 (6110035633692) STATS - 21.7, 33
2018-11-13 17:30:58 (6110035724995) STATS - 21.8, 28
2018-11-13 17:30:58 (6110035817797) STATS - 21.9, 32
2018-11-13 17:30:58 (6110035907300) STATS - 22.0, 24
2018-11-13 17:30:58 (6110035998002) STATS - 22.1, 17
2018-11-13 17:30:58 (6110037444342) STATS - 22.2, 9
2018-11-13 17:30:58 (6110037592446) STATS - 22.3, 21
2018-11-13 17:30:58 (6110037840652) STATS - 22.4, 33
2018-11-13 17:30:58 (6110038077259) STATS - 22.5, 37
2018-11-13 17:30:58 (6110038304565) STATS - 22.6, 31
2018-11-13 17:30:58 (6110038404868) STATS - 22.7, 26
2018-11-13 17:30:58 (6110038495870) STATS - 22.8, 26
2018-11-13 17:30:58 (6110038584673) STATS - 22.9, 22
2018-11-13 17:30:58 (6110038671175) STATS - 23.0, 14
2018-11-13 17:30:58 (6110038758677) STATS - 23.1, 11
2018-11-13 17:30:58 (6110038900481) STATS - 23.2, 17
2018-11-13 17:30:58 (6110038990784) STATS - 23.3, 13
2018-11-13 17:30:58 (6110039085786) STATS - 23.4, 25
2018-11-13 17:30:58 (6110044437132) STATS - 23.5, 11
2018-11-13 17:30:58 (6110044600936) STATS - 23.6, 18
2018-11-13 17:30:58 (6110044848143) STATS - 23.7, 23
2018-11-13 17:30:58 (6110044947745) STATS - 23.8, 27
2018-11-13 17:30:58 (6110045059948) STATS - 23.9, 17
2018-11-13 17:30:58 (6110045197952) STATS - 24.0, 23
2018-11-13 17:30:58 (6110045374757) STATS - 24.1, 24
2018-11-13 17:30:58 (6110045467460) STATS - 24.2, 25
2018-11-13 17:30:58 (6110045559962) STATS - 24.3, 22
2018-11-13 17:30:58 (6110045648664) STATS - 24.4, 16
2018-11-13 17:30:58 (6110045736667) STATS - 24.5, 12
2018-11-13 17:30:58 (6110045823769) STATS - 24.6, 17
2018-11-13 17:30:58 (6110045911572) STATS - 24.7, 21
2018-11-13 17:30:58 (6110046011974) STATS - 24.8, 38
2018-11-13 17:30:58 (6110046100277) STATS - 24.9, 18
2018-11-13 17:30:58 (6110046197379) STATS - 25.0, 21
2018-11-13 17:30:58 (6110046284682) STATS - 25.1, 19
2018-11-13 17:30:58 (6110046373784) STATS - 25.2, 26
2018-11-13 17:30:58 (6110046462687) STATS - 25.3, 13
2018-11-13 17:30:58 (6110046576190) STATS - 25.4, 19
2018-11-13 17:30:58 (6110046680292) STATS - 25.5, 15
2018-11-13 17:30:58 (6110046769095) STATS - 25.6, 16
2018-11-13 17:30:58 (6110046875898) STATS - 25.7, 9
2018-11-13 17:30:58 (6110046969400) STATS - 25.8, 8
2018-11-13 17:30:58 (6110047063903) STATS - 25.9, 16
2018-11-13 17:30:58 (6110047149105) STATS - 26.0, 9
2018-11-13 17:30:58 (6110054042993) STATS - 26.1, 3
2018-11-13 17:30:58 (6110054176596) STATS - 26.2, 9
2018-11-13 17:30:58 (6110054266599) STATS - 26.3, 7
2018-11-13 17:30:58 (6110054352801) STATS - 26.4, 16
2018-11-13 17:30:58 (6110054438303) STATS - 26.5, 15
2018-11-13 17:30:58 (6110054523506) STATS - 26.6, 2
2018-11-13 17:30:58 (6110054606708) STATS - 26.7, 12
2018-11-13 17:30:58 (6110054690610) STATS - 26.8, 12
2018-11-13 17:30:58 (6110054775312) STATS - 26.9, 13
2018-11-13 17:30:58 (6110054861815) STATS - 27.0, 10
2018-11-13 17:30:58 (6110054948117) STATS - 27.1, 11
2018-11-13 17:30:58 (6110055034619) STATS - 27.2, 15
2018-11-13 17:30:58 (6110055118822) STATS - 27.3, 8
2018-11-13 17:30:58 (6110055203624) STATS - 27.4, 11
2018-11-13 17:30:58 (6110055288326) STATS - 27.5, 6
2018-11-13 17:30:58 (6110055372629) STATS - 27.6, 5
2018-11-13 17:30:58 (6110055460931) STATS - 27.7, 15
2018-11-13 17:30:58 (6110055546533) STATS - 27.8, 19
2018-11-13 17:30:58 (6110055631636) STATS - 27.9, 7
2018-11-13 17:30:58 (6110055712938) STATS - 28.0, 0
2018-11-13 17:30:58 (6110055795940) STATS - 28.1, 5
2018-11-13 17:30:58 (6110055881142) STATS - 28.2, 7
2018-11-13 17:30:58 (6110056029046) STATS - 28.3, 5
2018-11-13 17:30:58 (6110056120749) STATS - 28.4, 9
2018-11-13 17:30:58 (6110056203951) STATS - 28.5, 6
2018-11-13 17:30:58 (6110056290454) STATS - 28.6, 11
2018-11-13 17:30:58 (6110056378956) STATS - 28.7, 23
2018-11-13 17:30:58 (6110056464658) STATS - 28.8, 16
2018-11-13 17:30:58 (6110056554061) STATS - 28.9, 11
2018-11-13 17:30:58 (6110056636663) STATS - 29.0, 16
2018-11-13 17:30:58 (6110063482649) STATS - 29.1, 13
2018-11-13 17:30:58 (6110063579052) STATS - 29.2, 7
2018-11-13 17:30:58 (6110063666654) STATS - 29.3, 9
2018-11-13 17:30:58 (6110064131867) STATS - 29.4, 4
2018-11-13 17:30:58 (6110064230769) STATS - 29.5, 7
2018-11-13 17:30:58 (6110064322172) STATS - 29.6, 13
2018-11-13 17:30:58 (6110064407374) STATS - 29.7, 13
2018-11-13 17:30:58 (6110064497477) STATS - 29.8, 8
2018-11-13 17:30:58 (6110064582779) STATS - 29.9, 12
2018-11-13 17:30:58 (6110064668781) STATS - 30.0, 8
2018-11-13 17:30:58 (6110064762384) STATS - 30.1, 7
2018-11-13 17:30:58 (6110064847686) STATS - 30.2, 6
2018-11-13 17:30:58 (6110064936288) STATS - 30.3, 13
2018-11-13 17:30:58 (6110065028691) STATS - 30.4, 22
2018-11-13 17:30:58 (6110065113193) STATS - 30.5, 11
2018-11-13 17:30:58 (6110065200296) STATS - 30.6, 5
2018-11-13 17:30:58 (6110065286498) STATS - 30.7, 11
2018-11-13 17:30:58 (6110065374200) STATS - 30.8, 13
2018-11-13 17:30:58 (6110065460103) STATS - 30.9, 16
2018-11-13 17:30:58 (6110065541905) STATS - 31.0, 11
2018-11-13 17:30:58 (6110065625507) STATS - 31.1, 9
2018-11-13 17:30:58 (6110065709609) STATS - 31.2, 5
2018-11-13 17:30:58 (6110065793412) STATS - 31.3, 10
2018-11-13 17:30:58 (6110065879614) STATS - 31.4, 15
2018-11-13 17:30:58 (6110065965016) STATS - 31.5, 13
2018-11-13 17:30:58 (6110066050119) STATS - 31.6, 17
2018-11-13 17:30:58 (6110066135921) STATS - 31.7, 18
2018-11-13 17:30:58 (6110066220123) STATS - 31.8, 22
2018-11-13 17:30:58 (6110073578123) STATS - 31.9, 12
2018-11-13 17:30:58 (6110073673026) STATS - 32.0, 14
2018-11-13 17:30:58 (6110073756228) STATS - 32.1, 5
2018-11-13 17:30:58 (6110073832930) STATS - 32.2, 6
2018-11-13 17:30:58 (6110073978634) STATS - 32.3, 11
2018-11-13 17:30:58 (6110074056136) STATS - 32.4, 2
2018-11-13 17:30:58 (6110074207040) STATS - 32.5, 4
2018-11-13 17:30:58 (6110074304643) STATS - 32.6, 9
2018-11-13 17:30:58 (6110074476948) STATS - 32.7, 6
2018-11-13 17:30:58 (6110074556150) STATS - 32.8, 2
2018-11-13 17:30:58 (6110074638052) STATS - 32.9, 2
2018-11-13 17:30:58 (6110074709854) STATS - 33.0, 3
2018-11-13 17:30:58 (6110074788956) STATS - 33.1, 6
2018-11-13 17:30:58 (6110074877959) STATS - 33.2, 5
2018-11-13 17:30:58 (6110074952461) STATS - 33.3, 3
2018-11-13 17:30:58 (6110075026163) STATS - 33.4, 5
2018-11-13 17:30:58 (6110075100865) STATS - 33.5, 4
2018-11-13 17:30:58 (6110075175367) STATS - 33.6, 3
2018-11-13 17:30:58 (6110075248269) STATS - 33.7, 5
2018-11-13 17:30:58 (6110075324371) STATS - 33.8, 3
2018-11-13 17:30:58 (6110075399173) STATS - 33.9, 2
2018-11-13 17:30:58 (6110075477675) STATS - 34.0, 1
2018-11-13 17:30:58 (6110075550377) STATS - 34.1, 1
2018-11-13 17:30:58 (6110075623679) STATS - 34.2, 2
2018-11-13 17:30:58 (6110075697081) STATS - 34.3, 5
2018-11-13 17:30:58 (6110075770683) STATS - 34.4, 2
2018-11-13 17:30:58 (6110075846085) STATS - 34.5, 3
2018-11-13 17:30:58 (6110075919687) STATS - 34.6, 8
2018-11-13 17:30:58 (6110075994089) STATS - 34.7, 4
2018-11-13 17:30:58 (6110076109392) STATS - 34.8, 9
2018-11-13 17:30:58 (6110076221095) STATS - 34.9, 6
2018-11-13 17:30:58 (6110083249286) STATS - 35.0, 0
2018-11-13 17:30:58 (6110083389390) STATS - 35.1, 6
2018-11-13 17:30:58 (6110083461192) STATS - 35.2, 2
2018-11-13 17:30:58 (6110083529994) STATS - 35.3, 5
2018-11-13 17:30:58 (6110083603396) STATS - 35.4, 1
2018-11-13 17:30:58 (6110083673498) STATS - 35.5, 3
2018-11-13 17:30:58 (6110083759500) STATS - 35.6, 4
2018-11-13 17:30:58 (6110083826802) STATS - 35.7, 12
2018-11-13 17:30:58 (6110083896104) STATS - 35.8, 11
2018-11-13 17:30:58 (6110083963705) STATS - 35.9, 12
2018-11-13 17:30:58 (6110084097409) STATS - 36.0, 11
2018-11-13 17:30:58 (6110084167611) STATS - 36.1, 7
2018-11-13 17:30:58 (6110084263614) STATS - 36.2, 6
2018-11-13 17:30:58 (6110084329715) STATS - 36.3, 13
2018-11-13 17:30:58 (6110084395417) STATS - 36.4, 9
2018-11-13 17:30:58 (6110084503720) STATS - 36.5, 6
2018-11-13 17:30:58 (6110084574522) STATS - 36.6, 10
2018-11-13 17:30:58 (6110084671125) STATS - 36.7, 5
2018-11-13 17:30:58 (6110084779128) STATS - 36.8, 4
2018-11-13 17:30:58 (6110084848930) STATS - 36.9, 7
2018-11-13 17:30:58 (6110084912431) STATS - 37.0, 2
2018-11-13 17:30:58 (6110084978433) STATS - 37.1, 10
2018-11-13 17:30:58 (6110085044435) STATS - 37.2, 9
2018-11-13 17:30:58 (6110085109937) STATS - 37.3, 17
2018-11-13 17:30:58 (6110085176138) STATS - 37.4, 8
2018-11-13 17:30:58 (6110085240440) STATS - 37.5, 3
2018-11-13 17:30:58 (6110085324242) STATS - 37.6, 2
2018-11-13 17:30:58 (6110085393144) STATS - 37.7, 5
2018-11-13 17:30:58 (6110085457946) STATS - 37.8, 3
2018-11-13 17:30:58 (6110085524348) STATS - 37.9, 2
2018-11-13 17:30:58 (6110085607350) STATS - 38.0, 1
2018-11-13 17:30:58 (6110085676252) STATS - 38.1, 3
2018-11-13 17:30:58 (6110085744854) STATS - 38.2, 3
2018-11-13 17:30:58 (6110085811156) STATS - 38.3, 3
2018-11-13 17:30:58 (6110085879358) STATS - 38.4, 5
2018-11-13 17:30:58 (6110085945659) STATS - 38.5, 4
2018-11-13 17:30:58 (6110086009561) STATS - 38.6, 2
2018-11-13 17:30:58 (6110093059953) STATS - 38.7, 2
2018-11-13 17:30:58 (6110093204957) STATS - 38.8, 2
2018-11-13 17:30:58 (6110093272258) STATS - 38.9, 5
2018-11-13 17:30:58 (6110093334060) STATS - 39.0, 2
2018-11-13 17:30:58 (6110093736371) STATS - 39.1, 2
2018-11-13 17:30:58 (6110094310487) STATS - 39.2, 6
2018-11-13 17:30:58 (6110094389789) STATS - 39.3, 4
2018-11-13 17:30:58 (6110094494792) STATS - 39.4, 2
2018-11-13 17:30:58 (6110094561493) STATS - 39.5, 2
2018-11-13 17:30:58 (6110094622595) STATS - 39.6, 2
2018-11-13 17:30:58 (6110094686497) STATS - 39.7, 2
2018-11-13 17:30:58 (6110094814900) STATS - 39.8, 1
2018-11-13 17:30:58 (6110095092608) STATS - 39.9, 0
2018-11-13 17:30:58 (6110095402116) STATS - 40.0, 1
2018-11-13 17:30:58 (6110095786927) STATS - 40.1, 0
2018-11-13 17:30:58 (6110096409844) STATS - 40.2, 1
2018-11-13 17:30:58 (6110096483246) STATS - 40.3, 0
2018-11-13 17:30:58 (6110096546647) STATS - 40.4, 0
2018-11-13 17:30:58 (6110096607849) STATS - 40.5, 0
2018-11-13 17:30:58 (6110096667951) STATS - 40.6, 0
2018-11-13 17:30:58 (6110096732352) STATS - 40.7, 0
2018-11-13 17:30:58 (6110096792954) STATS - 40.8, 3
2018-11-13 17:30:58 (6110096853256) STATS - 40.9, 5
2018-11-13 17:30:58 (6110096911057) STATS - 41.0, 4
2018-11-13 17:30:58 (6110096970259) STATS - 41.1, 4
2018-11-13 17:30:58 (6110097030360) STATS - 41.2, 3
2018-11-13 17:30:58 (6110097092762) STATS - 41.3, 3
2018-11-13 17:30:58 (6110097153064) STATS - 41.4, 6
2018-11-13 17:30:58 (6110097212565) STATS - 41.5, 5
2018-11-13 17:30:58 (6110097298968) STATS - 41.6, 4
2018-11-13 17:30:58 (6110097373970) STATS - 41.7, 4
2018-11-13 17:30:58 (6110097438972) STATS - 41.8, 2
2018-11-13 17:30:58 (6110097570775) STATS - 41.9, 2
2018-11-13 17:30:58 (6110097637077) STATS - 42.0, 2
2018-11-13 17:30:58 (6110097696779) STATS - 42.1, 3
2018-11-13 17:30:58 (6110097755680) STATS - 42.2, 3
2018-11-13 17:30:58 (6110097818482) STATS - 42.3, 2
2018-11-13 17:30:58 (6110097882084) STATS - 42.4, 1
2018-11-13 17:30:58 (6110103108526) STATS - 42.5, 3
2018-11-13 17:30:58 (6110103193528) STATS - 42.6, 2
2018-11-13 17:30:58 (6110103261330) STATS - 42.7, 0
2018-11-13 17:30:58 (6110103330932) STATS - 42.8, 0
2018-11-13 17:30:58 (6110103506536) STATS - 42.9, 1
2018-11-13 17:30:58 (6110103630340) STATS - 43.0, 3
2018-11-13 17:30:58 (6110103723842) STATS - 43.1, 1
2018-11-13 17:30:58 (6110103859346) STATS - 43.2, 1
2018-11-13 17:30:58 (6110103922348) STATS - 43.3, 1
2018-11-13 17:30:58 (6110104067852) STATS - 43.4, 1
2018-11-13 17:30:58 (6110104129353) STATS - 43.5, 1
2018-11-13 17:30:58 (6110104300458) STATS - 43.6, 1
2018-11-13 17:30:58 (6110104442362) STATS - 43.7, 0
2018-11-13 17:30:58 (6110104506164) STATS - 43.8, 0
2018-11-13 17:30:58 (6110104563965) STATS - 43.9, 0
2018-11-13 17:30:58 (6110104617967) STATS - 44.0, 2
2018-11-13 17:30:58 (6110104674468) STATS - 44.1, 3
2018-11-13 17:30:58 (6110104730170) STATS - 44.2, 4
2018-11-13 17:30:58 (6110104849573) STATS - 44.3, 2
2018-11-13 17:30:58 (6110104968376) STATS - 44.4, 3
2018-11-13 17:30:58 (6110105062179) STATS - 44.5, 3
2018-11-13 17:30:58 (6110105118780) STATS - 44.6, 2
2018-11-13 17:30:58 (6110105174682) STATS - 44.7, 3
2018-11-13 17:30:58 (6110105233783) STATS - 44.8, 1
2018-11-13 17:30:58 (6110105296285) STATS - 44.9, 1
2018-11-13 17:30:58 (6110105349787) STATS - 45.0, 4
2018-11-13 17:30:58 (6110105404488) STATS - 45.1, 0
2018-11-13 17:30:58 (6110105460190) STATS - 45.2, 1
2018-11-13 17:30:58 (6110105516991) STATS - 45.3, 2
2018-11-13 17:30:58 (6110105573893) STATS - 45.4, 2
2018-11-13 17:30:58 (6110105629494) STATS - 45.5, 2
2018-11-13 17:30:58 (6110111005640) STATS - 45.6, 3
2018-11-13 17:30:58 (6110111103743) STATS - 45.7, 3
2018-11-13 17:30:58 (6110111166245) STATS - 45.8, 3
2018-11-13 17:30:58 (6110111229446) STATS - 45.9, 0
2018-11-13 17:30:58 (6110111289048) STATS - 46.0, 0
2018-11-13 17:30:58 (6110111346449) STATS - 46.1, 1
2018-11-13 17:30:58 (6110111402451) STATS - 46.2, 1
2018-11-13 17:30:58 (6110111464753) STATS - 46.3, 0
2018-11-13 17:30:58 (6110111522354) STATS - 46.4, 1
2018-11-13 17:30:58 (6110111582856) STATS - 46.5, 0
2018-11-13 17:30:58 (6110111639957) STATS - 46.6, 0
2018-11-13 17:30:58 (6110111741660) STATS - 46.7, 0
2018-11-13 17:30:58 (6110111799262) STATS - 46.8, 0
2018-11-13 17:30:58 (6110111858063) STATS - 46.9, 2
2018-11-13 17:30:58 (6110111933665) STATS - 47.0, 1
2018-11-13 17:30:58 (6110111991367) STATS - 47.1, 2
2018-11-13 17:30:58 (6110112121471) STATS - 47.2, 0
2018-11-13 17:30:58 (6110112179972) STATS - 47.3, 0
2018-11-13 17:30:58 (6110112236474) STATS - 47.4, 0
2018-11-13 17:30:58 (6110112588483) STATS - 47.5, 0
2018-11-13 17:30:58 (6110112647285) STATS - 47.6, 0
2018-11-13 17:30:58 (6110112699486) STATS - 47.7, 0
2018-11-13 17:30:58 (6110112754588) STATS - 47.8, 0
2018-11-13 17:30:58 (6110112808789) STATS - 47.9, 0
2018-11-13 17:30:58 (6110112858791) STATS - 48.0, 0
2018-11-13 17:30:58 (6110112912092) STATS - 48.1, 0
2018-11-13 17:30:58 (6110112964293) STATS - 48.2, 0
2018-11-13 17:30:58 (6110113021495) STATS - 48.3, 0
2018-11-13 17:30:58 (6110113076696) STATS - 48.4, 0
2018-11-13 17:30:58 (6110113129698) STATS - 48.5, 0
2018-11-13 17:30:58 (6110113182399) STATS - 48.6, 0
2018-11-13 17:30:58 (6110113234201) STATS - 48.7, 0
2018-11-13 17:30:58 (6110113287402) STATS - 48.8, 0
2018-11-13 17:30:58 (6110113340304) STATS - 48.9, 0
2018-11-13 17:30:58 (6110113392705) STATS - 49.0, 0
2018-11-13 17:30:58 (6110113445106) STATS - 49.1, 1
2018-11-13 17:30:58 (6110113509708) STATS - 49.2, 0
2018-11-13 17:30:58 (6110113578410) STATS - 49.3, 0
2018-11-13 17:30:58 (6110113672213) STATS - 49.4, 0
2018-11-13 17:30:58 (6110113826517) STATS - 49.5, 0
2018-11-13 17:30:58 (6110121052513) STATS - 49.6, 0
2018-11-13 17:30:58 (6110121173516) STATS - 49.7, 0
2018-11-13 17:30:58 (6110121224718) STATS - 49.8, 0
2018-11-13 17:30:58 (6110121277319) STATS - 49.9, 0
2018-11-13 17:30:58 (6110121324221) STATS - 50.0, 0
2018-11-13 17:30:58 (6110121385522) STATS - 50.1, 0
2018-11-13 17:30:58 (6110121435124) STATS - 50.2, 0
2018-11-13 17:30:58 (6110121493725) STATS - 50.3, 0
2018-11-13 17:30:58 (6110121555627) STATS - 50.4, 0
2018-11-13 17:30:58 (6110121604228) STATS - 50.5, 0
2018-11-13 17:30:58 (6110121650129) STATS - 50.6, 0
2018-11-13 17:30:58 (6110121695431) STATS - 50.7, 0
2018-11-13 17:30:58 (6110121742432) STATS - 50.8, 0
2018-11-13 17:30:58 (6110121789733) STATS - 50.9, 0
2018-11-13 17:30:58 (6110121833234) STATS - 51.0, 0
2018-11-13 17:30:58 (6110121902336) STATS - 51.1, 0
2018-11-13 17:30:58 (6110121968638) STATS - 51.2, 0
2018-11-13 17:30:58 (6110122019439) STATS - 51.3, 0
2018-11-13 17:30:58 (6110122066541) STATS - 51.4, 0
2018-11-13 17:30:58 (6110122112842) STATS - 51.5, 1
2018-11-13 17:30:58 (6110122158743) STATS - 51.6, 1
2018-11-13 17:30:58 (6110122203744) STATS - 51.7, 3
2018-11-13 17:30:58 (6110122249246) STATS - 51.8, 2
2018-11-13 17:30:58 (6110122295147) STATS - 51.9, 3
2018-11-13 17:30:58 (6110122338848) STATS - 52.0, 4
2018-11-13 17:30:58 (6110122388449) STATS - 52.1, 3
2018-11-13 17:30:58 (6110122433951) STATS - 52.2, 1
2018-11-13 17:30:58 (6110122479252) STATS - 52.3, 3
2018-11-13 17:30:58 (6110122524853) STATS - 52.4, 5
2018-11-13 17:30:58 (6110122570254) STATS - 52.5, 1
2018-11-13 17:30:58 (6110122618256) STATS - 52.6, 0
2018-11-13 17:30:58 (6110122664857) STATS - 52.7, 1
2018-11-13 17:30:58 (6110122712358) STATS - 52.8, 1
2018-11-13 17:30:58 (6110122758360) STATS - 52.9, 3
2018-11-13 17:30:58 (6110122801661) STATS - 53.0, 1
2018-11-13 17:30:58 (6110122846162) STATS - 53.1, 0
2018-11-13 17:30:58 (6110122900863) STATS - 53.2, 0
2018-11-13 17:30:58 (6110122947465) STATS - 53.3, 1
2018-11-13 17:30:58 (6110122993366) STATS - 53.4, 0
2018-11-13 17:30:58 (6110123039167) STATS - 53.5, 1
2018-11-13 17:30:58 (6110123083468) STATS - 53.6, 1
2018-11-13 17:30:58 (6110123127370) STATS - 53.7, 0
2018-11-13 17:30:58 (6110123172571) STATS - 53.8, 0
2018-11-13 17:30:58 (6110123218372) STATS - 53.9, 1
2018-11-13 17:30:58 (6110123260773) STATS - 54.0, 0
2018-11-13 17:30:58 (6110123304574) STATS - 54.1, 1
2018-11-13 17:30:58 (6110123349076) STATS - 54.2, 3
2018-11-13 17:30:58 (6110123394077) STATS - 54.3, 1
2018-11-13 17:30:58 (6110123439478) STATS - 54.4, 0
2018-11-13 17:30:58 (6110123484679) STATS - 54.5, 0
2018-11-13 17:30:58 (6110123529480) STATS - 54.6, 0
2018-11-13 17:30:58 (6110123574082) STATS - 54.7, 0
2018-11-13 17:30:58 (6110123619483) STATS - 54.8, 0
2018-11-13 17:30:58 (6110123664584) STATS - 54.9, 1
2018-11-13 17:30:58 (6110123707285) STATS - 55.0, 0
2018-11-13 17:30:58 (6110123754787) STATS - 55.1, 0
2018-11-13 17:30:58 (6110123800188) STATS - 55.2, 0
2018-11-13 17:30:58 (6110123845589) STATS - 55.3, 0
2018-11-13 17:30:58 (6110130963382) STATS - 55.4, 0
2018-11-13 17:30:58 (6110131025984) STATS - 55.5, 0
2018-11-13 17:30:58 (6110131073485) STATS - 55.6, 0
2018-11-13 17:30:58 (6110131116887) STATS - 55.7, 0
2018-11-13 17:30:58 (6110131159788) STATS - 55.8, 0
2018-11-13 17:30:58 (6110131202189) STATS - 55.9, 0
2018-11-13 17:30:58 (6110131255890) STATS - 56.0, 0
2018-11-13 17:30:58 (6110131308292) STATS - 56.1, 0
2018-11-13 17:30:58 (6110131352093) STATS - 56.2, 0
2018-11-13 17:30:58 (6110131393494) STATS - 56.3, 0
2018-11-13 17:30:58 (6110131467096) STATS - 56.4, 0
2018-11-13 17:30:58 (6110131514497) STATS - 56.5, 0
2018-11-13 17:30:58 (6110131555699) STATS - 56.6, 0
2018-11-13 17:30:58 (6110131596600) STATS - 56.7, 0
2018-11-13 17:30:58 (6110131642201) STATS - 56.8, 0
2018-11-13 17:30:58 (6110131684902) STATS - 56.9, 0
2018-11-13 17:30:58 (6110131727703) STATS - 57.0, 0
2018-11-13 17:30:58 (6110131789405) STATS - 57.1, 0
2018-11-13 17:30:58 (6110131836906) STATS - 57.2, 0
2018-11-13 17:30:58 (6110131880407) STATS - 57.3, 0
2018-11-13 17:30:58 (6110131922509) STATS - 57.4, 0
2018-11-13 17:30:58 (6110131964010) STATS - 57.5, 0
2018-11-13 17:30:58 (6110132017411) STATS - 57.6, 0
2018-11-13 17:30:58 (6110132107714) STATS - 57.7, 0
2018-11-13 17:30:58 (6110132154515) STATS - 57.8, 0
2018-11-13 17:30:58 (6110132196516) STATS - 57.9, 0
2018-11-13 17:30:58 (6110132236017) STATS - 58.0, 0
2018-11-13 17:30:58 (6110132278418) STATS - 58.1, 0
2018-11-13 17:30:58 (6110132319119) STATS - 58.2, 0
2018-11-13 17:30:58 (6110132360420) STATS - 58.3, 0
2018-11-13 17:30:58 (6110132404122) STATS - 58.4, 0
2018-11-13 17:30:58 (6110132445823) STATS - 58.5, 0
2018-11-13 17:30:58 (6110132487224) STATS - 58.6, 0
2018-11-13 17:30:58 (6110132527425) STATS - 58.7, 0
2018-11-13 17:30:58 (6110132568126) STATS - 58.8, 0
2018-11-13 17:30:58 (6110132611627) STATS - 58.9, 1
2018-11-13 17:30:58 (6110132650528) STATS - 59.0, 0
2018-11-13 17:30:58 (6110132690829) STATS - 59.1, 0
2018-11-13 17:30:58 (6110132757431) STATS - 59.2, 0
2018-11-13 17:30:58 (6110132799632) STATS - 59.3, 0
2018-11-13 17:30:58 (6110132841233) STATS - 59.4, 0
2018-11-13 17:30:58 (6110132885335) STATS - 59.5, 1
2018-11-13 17:30:58 (6110132928536) STATS - 59.6, 0
2018-11-13 17:30:58 (6110132969937) STATS - 59.7, 0
2018-11-13 17:30:58 (6110133011338) STATS - 59.8, 0
2018-11-13 17:30:58 (6110133052239) STATS - 59.9, 0
2018-11-13 17:30:58 (6110133091640) STATS - 60.0, 0
2018-11-13 17:30:58 (6110133131941) STATS - 60.1, 0
2018-11-13 17:30:58 (6110133172142) STATS - 60.2, 0
2018-11-13 17:30:58 (6110133214644) STATS - 60.3, 0
2018-11-13 17:30:58 (6110133257145) STATS - 60.4, 0
2018-11-13 17:30:58 (6110133303246) STATS - 60.5, 0
2018-11-13 17:30:58 (6110133343747) STATS - 60.6, 0
2018-11-13 17:30:58 (6110133386148) STATS - 60.7, 0
2018-11-13 17:30:58 (6110133426849) STATS - 60.8, 1
2018-11-13 17:30:58 (6110133468151) STATS - 60.9, 0
2018-11-13 17:30:58 (6110133507652) STATS - 61.0, 0
2018-11-13 17:30:58 (6110133549853) STATS - 61.1, 0
2018-11-13 17:30:58 (6110133591754) STATS - 61.2, 0
2018-11-13 17:30:58 (6110133633055) STATS - 61.3, 0
2018-11-13 17:30:58 (6110133674756) STATS - 61.4, 0
2018-11-13 17:30:58 (6110133715657) STATS - 61.5, 0
2018-11-13 17:30:58 (6110133756358) STATS - 61.6, 0
2018-11-13 17:30:58 (6110140763749) STATS - 61.7, 0
2018-11-13 17:30:58 (6110140863051) STATS - 61.8, 0
2018-11-13 17:30:58 (6110140934453) STATS - 61.9, 0
2018-11-13 17:30:58 (6110141107058) STATS - 62.0, 0
2018-11-13 17:30:58 (6110141147559) STATS - 62.1, 0
2018-11-13 17:30:58 (6110141191760) STATS - 62.2, 0
2018-11-13 17:30:58 (6110141244162) STATS - 62.3, 0
2018-11-13 17:30:58 (6110141315864) STATS - 62.4, 0
2018-11-13 17:30:58 (6110141362965) STATS - 62.5, 0
2018-11-13 17:30:58 (6110141403666) STATS - 62.6, 0
2018-11-13 17:30:58 (6110141443467) STATS - 62.7, 0
2018-11-13 17:30:58 (6110141483568) STATS - 62.8, 0
2018-11-13 17:30:58 (6110141521869) STATS - 62.9, 0
2018-11-13 17:30:58 (6110141559970) STATS - 63.0, 0
2018-11-13 17:30:58 (6110141598671) STATS - 63.1, 0
2018-11-13 17:30:58 (6110141637472) STATS - 63.2, 2
2018-11-13 17:30:58 (6110141675674) STATS - 63.3, 1
2018-11-13 17:30:58 (6110141714675) STATS - 63.4, 0
2018-11-13 17:30:58 (6110141752076) STATS - 63.5, 0
2018-11-13 17:30:58 (6110141789777) STATS - 63.6, 0
2018-11-13 17:30:58 (6110141828378) STATS - 63.7, 0
2018-11-13 17:30:58 (6110141868279) STATS - 63.8, 0
2018-11-13 17:30:58 (6110141909580) STATS - 63.9, 0
2018-11-13 17:30:58 (6110141949881) STATS - 64.0, 1
2018-11-13 17:30:58 (6110141988982) STATS - 64.1, 0
2018-11-13 17:30:58 (6110142027183) STATS - 64.2, 0
2018-11-13 17:30:58 (6110142066584) STATS - 64.3, 0
2018-11-13 17:30:58 (6110142104685) STATS - 64.4, 0
2018-11-13 17:30:58 (6110142142286) STATS - 64.5, 0
2018-11-13 17:30:58 (6110142180387) STATS - 64.6, 0
2018-11-13 17:30:58 (6110142217888) STATS - 64.7, 0
2018-11-13 17:30:58 (6110142255689) STATS - 64.8, 0
2018-11-13 17:30:58 (6110142293090) STATS - 64.9, 0
2018-11-13 17:30:58 (6110142328991) STATS - 65.0, 0
2018-11-13 17:30:58 (6110142366792) STATS - 65.1, 0
2018-11-13 17:30:58 (6110142404593) STATS - 65.2, 0
2018-11-13 17:30:58 (6110142443994) STATS - 65.3, 0
2018-11-13 17:30:58 (6110142481995) STATS - 65.4, 0
2018-11-13 17:30:58 (6110142519296) STATS - 65.5, 0
2018-11-13 17:30:58 (6110142596999) STATS - 65.6, 0
2018-11-13 17:30:58 (6110142635900) STATS - 65.7, 0
2018-11-13 17:30:58 (6110142674601) STATS - 65.8, 0
2018-11-13 17:30:58 (6110142712602) STATS - 65.9, 0
2018-11-13 17:30:58 (6110142747803) STATS - 66.0, 0
2018-11-13 17:30:58 (6110142785804) STATS - 66.1, 0
2018-11-13 17:30:58 (6110142823705) STATS - 66.2, 0
2018-11-13 17:30:58 (6110142861806) STATS - 66.3, 0
2018-11-13 17:30:58 (6110142902107) STATS - 66.4, 0
2018-11-13 17:30:58 (6110142940708) STATS - 66.5, 0
2018-11-13 17:30:58 (6110142979309) STATS - 66.6, 0
2018-11-13 17:30:58 (6110143020310) STATS - 66.7, 0
2018-11-13 17:30:58 (6110143058911) STATS - 66.8, 0
2018-11-13 17:30:58 (6110143097412) STATS - 66.9, 0
2018-11-13 17:30:58 (6110143134213) STATS - 67.0, 0
2018-11-13 17:30:58 (6110143172814) STATS - 67.1, 0
2018-11-13 17:30:58 (6110143211115) STATS - 67.2, 0
2018-11-13 17:30:58 (6110143251616) STATS - 67.3, 0
2018-11-13 17:30:58 (6110143290717) STATS - 67.4, 0
2018-11-13 17:30:58 (6110143329018) STATS - 67.5, 0
2018-11-13 17:30:58 (6110143367319) STATS - 67.6, 0
2018-11-13 17:30:58 (6110143405621) STATS - 67.7, 0
2018-11-13 17:30:58 (6110143444222) STATS - 67.8, 0
2018-11-13 17:30:58 (6110143505123) STATS - 67.9, 0
2018-11-13 17:30:58 (6110143547024) STATS - 68.0, 0
2018-11-13 17:30:58 (6110143586025) STATS - 68.1, 0
2018-11-13 17:30:58 (6110143624526) STATS - 68.2, 0
2018-11-13 17:30:58 (6110143662727) STATS - 68.3, 0
2018-11-13 17:30:58 (6110143724829) STATS - 68.4, 0
2018-11-13 17:30:58 (6110143767430) STATS - 68.5, 0
2018-11-13 17:30:58 (6110143805731) STATS - 68.6, 0
2018-11-13 17:30:59 (6110150839522) STATS - 68.7, 0
2018-11-13 17:30:59 (6110150897324) STATS - 68.8, 0
2018-11-13 17:30:59 (6110150933925) STATS - 68.9, 0
2018-11-13 17:30:59 (6110150977526) STATS - 69.0, 1
2018-11-13 17:30:59 (6110151013627) STATS - 69.1, 0
2018-11-13 17:30:59 (6110151050028) STATS - 69.2, 0
2018-11-13 17:30:59 (6110151084329) STATS - 69.3, 0
2018-11-13 17:30:59 (6110151117530) STATS - 69.4, 0
2018-11-13 17:30:59 (6110151150231) STATS - 69.5, 0
2018-11-13 17:30:59 (6110151183432) STATS - 69.6, 0
2018-11-13 17:30:59 (6110151219733) STATS - 69.7, 0
2018-11-13 17:30:59 (6110151252734) STATS - 69.8, 0
2018-11-13 17:30:59 (6110151284935) STATS - 69.9, 0
2018-11-13 17:30:59 (6110151318636) STATS - 70.0, 0
2018-11-13 17:30:59 (6110151352536) STATS - 70.1, 0
2018-11-13 17:30:59 (6110151385037) STATS - 70.2, 0
2018-11-13 17:30:59 (6110151417938) STATS - 70.3, 0
2018-11-13 17:30:59 (6110151501040) STATS - 70.4, 0
2018-11-13 17:30:59 (6110151535741) STATS - 70.5, 0
2018-11-13 17:30:59 (6110151569342) STATS - 70.6, 0
2018-11-13 17:30:59 (6110151602143) STATS - 70.7, 0
2018-11-13 17:30:59 (6110151635344) STATS - 70.8, 0
2018-11-13 17:30:59 (6110151668345) STATS - 70.9, 0
2018-11-13 17:30:59 (6110151700746) STATS - 71.0, 0
2018-11-13 17:30:59 (6110151733047) STATS - 71.1, 0
2018-11-13 17:30:59 (6110151765548) STATS - 71.2, 0
2018-11-13 17:30:59 (6110151803249) STATS - 71.3, 0
2018-11-13 17:30:59 (6110151835750) STATS - 71.4, 0
2018-11-13 17:30:59 (6110151868350) STATS - 71.5, 0
2018-11-13 17:30:59 (6110151901051) STATS - 71.6, 0
2018-11-13 17:30:59 (6110151932852) STATS - 71.7, 0
2018-11-13 17:30:59 (6110151965153) STATS - 71.8, 0
2018-11-13 17:30:59 (6110151997754) STATS - 71.9, 0
2018-11-13 17:30:59 (6110152048655) STATS - 72.0, 0
2018-11-13 17:30:59 (6110152082756) STATS - 72.1, 0
2018-11-13 17:30:59 (6110152115257) STATS - 72.2, 1
2018-11-13 17:30:59 (6110152174359) STATS - 72.3, 0
2018-11-13 17:30:59 (6110152209360) STATS - 72.4, 0
2018-11-13 17:30:59 (6110152247661) STATS - 72.5, 0
2018-11-13 17:30:59 (6110152280962) STATS - 72.6, 0
2018-11-13 17:30:59 (6110152313463) STATS - 72.7, 0
2018-11-13 17:30:59 (6110152346163) STATS - 72.8, 0
2018-11-13 17:30:59 (6110152381264) STATS - 72.9, 0
2018-11-13 17:30:59 (6110152414065) STATS - 73.0, 0
2018-11-13 17:30:59 (6110152464567) STATS - 73.1, 0
2018-11-13 17:30:59 (6110152503168) STATS - 73.2, 0
2018-11-13 17:30:59 (6110152536569) STATS - 73.3, 0
2018-11-13 17:30:59 (6110152605470) STATS - 73.4, 0
2018-11-13 17:30:59 (6110152643271) STATS - 73.5, 0
2018-11-13 17:30:59 (6110152676172) STATS - 73.6, 0
2018-11-13 17:30:59 (6110152708173) STATS - 73.7, 0
2018-11-13 17:30:59 (6110152740074) STATS - 73.8, 0
2018-11-13 17:30:59 (6110152791176) STATS - 73.9, 0
2018-11-13 17:30:59 (6110152829177) STATS - 74.0, 0
2018-11-13 17:30:59 (6110152867978) STATS - 74.1, 0
2018-11-13 17:30:59 (6110152900778) STATS - 74.2, 0
2018-11-13 17:30:59 (6110152932979) STATS - 74.3, 0
2018-11-13 17:30:59 (6110152967880) STATS - 74.4, 0
2018-11-13 17:30:59 (6110153022382) STATS - 74.5, 0
2018-11-13 17:30:59 (6110153103884) STATS - 74.6, 0
2018-11-13 17:30:59 (6110153167286) STATS - 74.7, 0
2018-11-13 17:30:59 (6110153227087) STATS - 74.8, 0
2018-11-13 17:30:59 (6110153274289) STATS - 74.9, 0
2018-11-13 17:30:59 (6110153315190) STATS - 75.0, 0
2018-11-13 17:30:59 (6110153365791) STATS - 75.1, 0
2018-11-13 17:30:59 (6110153502395) STATS - 75.2, 0
2018-11-13 17:30:59 (6110153569397) STATS - 75.3, 0
2018-11-13 17:30:59 (6110153631898) STATS - 75.4, 0
2018-11-13 17:30:59 (6110153680600) STATS - 75.5, 0
2018-11-13 17:30:59 (6110160713991) STATS - 75.6, 0
2018-11-13 17:30:59 (6110160762792) STATS - 75.7, 0
2018-11-13 17:30:59 (6110160796993) STATS - 75.8, 0
2018-11-13 17:30:59 (6110160828694) STATS - 75.9, 0
2018-11-13 17:30:59 (6110160864095) STATS - 76.0, 0
2018-11-13 17:30:59 (6110160895796) STATS - 76.1, 0
2018-11-13 17:30:59 (6110160926897) STATS - 76.2, 0
2018-11-13 17:30:59 (6110160957497) STATS - 76.3, 0
2018-11-13 17:30:59 (6110160987598) STATS - 76.4, 0
2018-11-13 17:30:59 (6110161022099) STATS - 76.5, 0
2018-11-13 17:30:59 (6110161052900) STATS - 76.6, 0
2018-11-13 17:30:59 (6110161092401) STATS - 76.7, 0
2018-11-13 17:30:59 (6110161167003) STATS - 76.8, 0
2018-11-13 17:30:59 (6110161206504) STATS - 76.9, 0
2018-11-13 17:30:59 (6110161237705) STATS - 77.0, 0
2018-11-13 17:30:59 (6110161280606) STATS - 77.1, 0
2018-11-13 17:30:59 (6110161311907) STATS - 77.2, 0
2018-11-13 17:30:59 (6110161342608) STATS - 77.3, 0
2018-11-13 17:30:59 (6110161375109) STATS - 77.4, 0
2018-11-13 17:30:59 (6110161405510) STATS - 77.5, 0
2018-11-13 17:30:59 (6110161446911) STATS - 77.6, 0
2018-11-13 17:30:59 (6110161479812) STATS - 77.7, 0
2018-11-13 17:30:59 (6110161509212) STATS - 77.8, 0
2018-11-13 17:30:59 (6110161538313) STATS - 77.9, 0
2018-11-13 17:30:59 (6110161567214) STATS - 78.0, 0
2018-11-13 17:30:59 (6110161787920) STATS - 78.1, 0
2018-11-13 17:30:59 (6110161831121) STATS - 78.2, 0
2018-11-13 17:30:59 (6110161865122) STATS - 78.3, 0
2018-11-13 17:30:59 (6110161897523) STATS - 78.4, 0
2018-11-13 17:30:59 (6110161935424) STATS - 78.5, 0
2018-11-13 17:30:59 (6110161981225) STATS - 78.6, 0
2018-11-13 17:30:59 (6110162011726) STATS - 78.7, 0
2018-11-13 17:30:59 (6110162040827) STATS - 78.8, 0
2018-11-13 17:30:59 (6110162069628) STATS - 78.9, 0
2018-11-13 17:30:59 (6110162098728) STATS - 79.0, 0
2018-11-13 17:30:59 (6110162127829) STATS - 79.1, 0
2018-11-13 17:30:59 (6110162156730) STATS - 79.2, 0
2018-11-13 17:30:59 (6110162185631) STATS - 79.3, 0
2018-11-13 17:30:59 (6110162214132) STATS - 79.4, 0
2018-11-13 17:30:59 (6110162242532) STATS - 79.5, 0
2018-11-13 17:30:59 (6110162271433) STATS - 79.6, 0
2018-11-13 17:30:59 (6110162299434) STATS - 79.7, 0
2018-11-13 17:30:59 (6110162327735) STATS - 79.8, 0
2018-11-13 17:30:59 (6110162355535) STATS - 79.9, 0
2018-11-13 17:30:59 (6110162384736) STATS - 80.0, 0
2018-11-13 17:30:59 (6110162514140) STATS - 80.1, 0
2018-11-13 17:30:59 (6110162553941) STATS - 80.2, 0
2018-11-13 17:30:59 (6110162585942) STATS - 80.3, 0
2018-11-13 17:30:59 (6110162613642) STATS - 80.4, 0
2018-11-13 17:30:59 (6110162645343) STATS - 80.5, 0
2018-11-13 17:30:59 (6110162674344) STATS - 80.6, 0
2018-11-13 17:30:59 (6110162709445) STATS - 80.7, 0
2018-11-13 17:30:59 (6110162738946) STATS - 80.8, 0
2018-11-13 17:30:59 (6110162766547) STATS - 80.9, 0
2018-11-13 17:30:59 (6110162794447) STATS - 81.0, 0
2018-11-13 17:30:59 (6110162821948) STATS - 81.1, 0
2018-11-13 17:30:59 (6110162849049) STATS - 81.2, 0
2018-11-13 17:30:59 (6110162876450) STATS - 81.3, 0
2018-11-13 17:30:59 (6110162903250) STATS - 81.4, 0
2018-11-13 17:30:59 (6110162930151) STATS - 81.5, 0
2018-11-13 17:30:59 (6110162957052) STATS - 81.6, 0
2018-11-13 17:30:59 (6110162984252) STATS - 81.7, 0
2018-11-13 17:30:59 (6110163013753) STATS - 81.8, 0
2018-11-13 17:30:59 (6110163041354) STATS - 81.9, 0
2018-11-13 17:30:59 (6110163068855) STATS - 82.0, 0
2018-11-13 17:30:59 (6110163096155) STATS - 82.1, 0
2018-11-13 17:30:59 (6110163124656) STATS - 82.2, 0
2018-11-13 17:30:59 (6110163152257) STATS - 82.3, 0
2018-11-13 17:30:59 (6110163179058) STATS - 82.4, 0
2018-11-13 17:30:59 (6110163206358) STATS - 82.5, 0
2018-11-13 17:30:59 (6110163233659) STATS - 82.6, 0
2018-11-13 17:30:59 (6110163260660) STATS - 82.7, 0
2018-11-13 17:30:59 (6110163290961) STATS - 82.8, 0
2018-11-13 17:30:59 (6110163318162) STATS - 82.9, 0
2018-11-13 17:30:59 (6110163347762) STATS - 83.0, 0
2018-11-13 17:30:59 (6110163375863) STATS - 83.1, 0
2018-11-13 17:30:59 (6110163403064) STATS - 83.2, 0
2018-11-13 17:30:59 (6110163430465) STATS - 83.3, 0
2018-11-13 17:30:59 (6110163457165) STATS - 83.4, 0
2018-11-13 17:30:59 (6110163486166) STATS - 83.5, 0
2018-11-13 17:30:59 (6110163514067) STATS - 83.6, 0
2018-11-13 17:30:59 (6110163550868) STATS - 83.7, 0
2018-11-13 17:30:59 (6110163594869) STATS - 83.8, 0
2018-11-13 17:30:59 (6110170666861) STATS - 83.9, 0
2018-11-13 17:30:59 (6110170743863) STATS - 84.0, 0
2018-11-13 17:30:59 (6110170777264) STATS - 84.1, 0
2018-11-13 17:30:59 (6110170807165) STATS - 84.2, 0
2018-11-13 17:30:59 (6110170841066) STATS - 84.3, 0
2018-11-13 17:30:59 (6110170877867) STATS - 84.4, 0
2018-11-13 17:30:59 (6110170906668) STATS - 84.5, 0
2018-11-13 17:30:59 (6110170933668) STATS - 84.6, 0
2018-11-13 17:30:59 (6110170960069) STATS - 84.7, 0
2018-11-13 17:30:59 (6110170986370) STATS - 84.8, 0
2018-11-13 17:30:59 (6110171012371) STATS - 84.9, 0
2018-11-13 17:30:59 (6110171038771) STATS - 85.0, 0
2018-11-13 17:30:59 (6110171065172) STATS - 85.1, 0
2018-11-13 17:30:59 (6110171092873) STATS - 85.2, 0
2018-11-13 17:30:59 (6110171119973) STATS - 85.3, 0
2018-11-13 17:30:59 (6110171150074) STATS - 85.4, 0
2018-11-13 17:30:59 (6110171181075) STATS - 85.5, 0
2018-11-13 17:30:59 (6110171207576) STATS - 85.6, 0
2018-11-13 17:30:59 (6110171233377) STATS - 85.7, 0
2018-11-13 17:30:59 (6110171261377) STATS - 85.8, 0
2018-11-13 17:30:59 (6110171287578) STATS - 85.9, 0
2018-11-13 17:30:59 (6110171313979) STATS - 86.0, 0
2018-11-13 17:30:59 (6110171346180) STATS - 86.1, 0
2018-11-13 17:30:59 (6110171398781) STATS - 86.2, 0
2018-11-13 17:30:59 (6110171426482) STATS - 86.3, 0
2018-11-13 17:30:59 (6110171453683) STATS - 86.4, 0
2018-11-13 17:30:59 (6110171479983) STATS - 86.5, 0
2018-11-13 17:30:59 (6110171506684) STATS - 86.6, 0
2018-11-13 17:30:59 (6110171532985) STATS - 86.7, 0
2018-11-13 17:30:59 (6110171572686) STATS - 86.8, 0
2018-11-13 17:30:59 (6110171599487) STATS - 86.9, 0
2018-11-13 17:30:59 (6110171626487) STATS - 87.0, 0
2018-11-13 17:30:59 (6110171653088) STATS - 87.1, 0
2018-11-13 17:30:59 (6110171679289) STATS - 87.2, 0
2018-11-13 17:30:59 (6110171705589) STATS - 87.3, 0
2018-11-13 17:30:59 (6110171731390) STATS - 87.4, 0
2018-11-13 17:30:59 (6110171757091) STATS - 87.5, 0
2018-11-13 17:30:59 (6110171783292) STATS - 87.6, 0
2018-11-13 17:30:59 (6110171809092) STATS - 87.7, 0
2018-11-13 17:30:59 (6110171842193) STATS - 87.8, 0
2018-11-13 17:30:59 (6110171894795) STATS - 87.9, 0
2018-11-13 17:30:59 (6110171931796) STATS - 88.0, 0
2018-11-13 17:30:59 (6110171961796) STATS - 88.1, 0
2018-11-13 17:30:59 (6110171990997) STATS - 88.2, 0
2018-11-13 17:30:59 (6110172055099) STATS - 88.3, 0
2018-11-13 17:30:59 (6110172084100) STATS - 88.4, 0
2018-11-13 17:30:59 (6110172112600) STATS - 88.5, 0
2018-11-13 17:30:59 (6110172138701) STATS - 88.6, 0
2018-11-13 17:30:59 (6110172163902) STATS - 88.7, 0
2018-11-13 17:30:59 (6110172189003) STATS - 88.8, 0
2018-11-13 17:30:59 (6110172416209) STATS - 88.9, 0
2018-11-13 17:30:59 (6110172443709) STATS - 89.0, 0
2018-11-13 17:30:59 (6110172469810) STATS - 89.1, 0
2018-11-13 17:30:59 (6110172549412) STATS - 89.2, 0
2018-11-13 17:30:59 (6110172584213) STATS - 89.3, 0
2018-11-13 17:30:59 (6110172610614) STATS - 89.4, 0
2018-11-13 17:30:59 (6110172719817) STATS - 89.5, 0
2018-11-13 17:30:59 (6110172751918) STATS - 89.6, 0
2018-11-13 17:30:59 (6110172778919) STATS - 89.7, 0
2018-11-13 17:30:59 (6110172805319) STATS - 89.8, 0
2018-11-13 17:30:59 (6110172830320) STATS - 89.9, 0
2018-11-13 17:30:59 (6110172863321) STATS - 90.0, 0
2018-11-13 17:30:59 (6110172904122) STATS - 90.1, 0
2018-11-13 17:30:59 (6110172932723) STATS - 90.2, 0
2018-11-13 17:30:59 (6110172958423) STATS - 90.3, 0
2018-11-13 17:30:59 (6110172983024) STATS - 90.4, 0
2018-11-13 17:30:59 (6110173007325) STATS - 90.5, 0
2018-11-13 17:30:59 (6110173032425) STATS - 90.6, 0
2018-11-13 17:30:59 (6110173056626) STATS - 90.7, 0
2018-11-13 17:30:59 (6110173081027) STATS - 90.8, 0
2018-11-13 17:30:59 (6110173105227) STATS - 90.9, 0
2018-11-13 17:30:59 (6110173130028) STATS - 91.0, 0
2018-11-13 17:30:59 (6110173155129) STATS - 91.1, 0
2018-11-13 17:30:59 (6110173179329) STATS - 91.2, 0
2018-11-13 17:30:59 (6110173203730) STATS - 91.3, 0
2018-11-13 17:30:59 (6110173227831) STATS - 91.4, 0
2018-11-13 17:30:59 (6110173252031) STATS - 91.5, 0
2018-11-13 17:30:59 (6110173278132) STATS - 91.6, 0
2018-11-13 17:30:59 (6110173304333) STATS - 91.7, 0
2018-11-13 17:30:59 (6110173329934) STATS - 91.8, 0
2018-11-13 17:30:59 (6110173354134) STATS - 91.9, 0
2018-11-13 17:30:59 (6110173396435) STATS - 92.0, 0
2018-11-13 17:30:59 (6110173424736) STATS - 92.1, 0
2018-11-13 17:30:59 (6110173456837) STATS - 92.2, 0
2018-11-13 17:30:59 (6110173481838) STATS - 92.3, 0
2018-11-13 17:30:59 (6110173508438) STATS - 92.4, 0
2018-11-13 17:30:59 (6110173533239) STATS - 92.5, 0
2018-11-13 17:30:59 (6110173557540) STATS - 92.6, 0
2018-11-13 17:30:59 (6110173582740) STATS - 92.7, 0
2018-11-13 17:30:59 (6110173607941) STATS - 92.8, 0
2018-11-13 17:30:59 (6110173632442) STATS - 92.9, 0
2018-11-13 17:30:59 (6110173657042) STATS - 93.0, 0
2018-11-13 17:30:59 (6110173681943) STATS - 93.1, 0
2018-11-13 17:30:59 (6110173706444) STATS - 93.2, 0
2018-11-13 17:30:59 (6110173733244) STATS - 93.3, 0
2018-11-13 17:30:59 (6110180599431) STATS - 93.4, 0
2018-11-13 17:30:59 (6110180662533) STATS - 93.5, 0
2018-11-13 17:30:59 (6110180692734) STATS - 93.6, 0
2018-11-13 17:30:59 (6110180718934) STATS - 93.7, 0
2018-11-13 17:30:59 (6110180763836) STATS - 93.8, 0
2018-11-13 17:30:59 (6110180789836) STATS - 93.9, 0
2018-11-13 17:30:59 (6110180813937) STATS - 94.0, 0
2018-11-13 17:30:59 (6110180838038) STATS - 94.1, 0
2018-11-13 17:30:59 (6110180861338) STATS - 94.2, 0
2018-11-13 17:30:59 (6110180884239) STATS - 94.3, 0
2018-11-13 17:30:59 (6110180907039) STATS - 94.4, 0
2018-11-13 17:30:59 (6110180943140) STATS - 94.5, 0
2018-11-13 17:30:59 (6110180968741) STATS - 94.6, 0
2018-11-13 17:30:59 (6110180991742) STATS - 94.7, 0
2018-11-13 17:30:59 (6110181014942) STATS - 94.8, 0
2018-11-13 17:30:59 (6110181170947) STATS - 94.9, 0
2018-11-13 17:30:59 (6110181218648) STATS - 95.0, 0
2018-11-13 17:30:59 (6110181300650) STATS - 95.1, 0
2018-11-13 17:30:59 (6110181338651) STATS - 95.2, 0
2018-11-13 17:30:59 (6110181363852) STATS - 95.3, 0
2018-11-13 17:30:59 (6110181386252) STATS - 95.4, 0
2018-11-13 17:30:59 (6110181408053) STATS - 95.5, 0
2018-11-13 17:30:59 (6110181523756) STATS - 95.6, 0
2018-11-13 17:30:59 (6110181550857) STATS - 95.7, 0
2018-11-13 17:30:59 (6110181573358) STATS - 95.8, 0
2018-11-13 17:30:59 (6110181609358) STATS - 95.9, 0
2018-11-13 17:30:59 (6110181633759) STATS - 96.0, 0
2018-11-13 17:30:59 (6110181656060) STATS - 96.1, 0
2018-11-13 17:30:59 (6110181677660) STATS - 96.2, 0
2018-11-13 17:30:59 (6110181699261) STATS - 96.3, 0
2018-11-13 17:30:59 (6110181720762) STATS - 96.4, 0
2018-11-13 17:30:59 (6110181742062) STATS - 96.5, 0
2018-11-13 17:30:59 (6110181763463) STATS - 96.6, 0
2018-11-13 17:30:59 (6110181784463) STATS - 96.7, 0
2018-11-13 17:30:59 (6110181805664) STATS - 96.8, 0
2018-11-13 17:30:59 (6110181826864) STATS - 96.9, 0
2018-11-13 17:30:59 (6110181848065) STATS - 97.0, 0
2018-11-13 17:30:59 (6110181869166) STATS - 97.1, 0
2018-11-13 17:30:59 (6110181899466) STATS - 97.2, 0
2018-11-13 17:30:59 (6110181922467) STATS - 97.3, 0
2018-11-13 17:30:59 (6110182004769) STATS - 97.4, 0
2018-11-13 17:30:59 (6110182027570) STATS - 97.5, 0
2018-11-13 17:30:59 (6110182054271) STATS - 97.6, 0
2018-11-13 17:30:59 (6110182075671) STATS - 97.7, 0
2018-11-13 17:30:59 (6110182167374) STATS - 97.8, 0
2018-11-13 17:30:59 (6110182200075) STATS - 97.9, 0
2018-11-13 17:30:59 (6110182222275) STATS - 98.0, 0
2018-11-13 17:30:59 (6110182271276) STATS - 98.1, 0
2018-11-13 17:30:59 (6110182298377) STATS - 98.2, 0
2018-11-13 17:30:59 (6110182320678) STATS - 98.3, 0
2018-11-13 17:30:59 (6110182341278) STATS - 98.4, 0
2018-11-13 17:30:59 (6110182361679) STATS - 98.5, 0
2018-11-13 17:30:59 (6110182382880) STATS - 98.6, 0
2018-11-13 17:30:59 (6110182403180) STATS - 98.7, 0
2018-11-13 17:30:59 (6110182423781) STATS - 98.8, 0
2018-11-13 17:30:59 (6110182504083) STATS - 98.9, 0
2018-11-13 17:30:59 (6110182536284) STATS - 99.0, 0
2018-11-13 17:30:59 (6110182583885) STATS - 99.1, 0
2018-11-13 17:30:59 (6110182610286) STATS - 99.2, 0
2018-11-13 17:30:59 (6110182631986) STATS - 99.3, 0
2018-11-13 17:30:59 (6110182652787) STATS - 99.4, 0
2018-11-13 17:30:59 (6110182673287) STATS - 99.5, 0
2018-11-13 17:30:59 (6110182693788) STATS - 99.6, 0
2018-11-13 17:30:59 (6110182713988) STATS - 99.7, 0
2018-11-13 17:30:59 (6110182734189) STATS - 99.8, 0
2018-11-13 17:30:59 (6110182754190) STATS - 99.9, 0
2018-11-13 17:30:59 (6110182774990) STATS - 100.0, 0
2018-11-13 17:30:59 (6110182795691) STATS - 100.1, 0
2018-11-13 17:30:59 (6110182815991) STATS - 100.2, 0
2018-11-13 17:30:59 (6110182836192) STATS - 100.3, 0
2018-11-13 17:30:59 (6110182856292) STATS - 100.4, 0
2018-11-13 17:30:59 (6110182878593) STATS - 100.5, 0
2018-11-13 17:30:59 (6110182908394) STATS - 100.6, 0
2018-11-13 17:30:59 (6110183106499) STATS - 100.7, 0
2018-11-13 17:30:59 (6110183175801) STATS - 100.8, 0
2018-11-13 17:30:59 (6110183204502) STATS - 100.9, 0
2018-11-13 17:30:59 (6110183226502) STATS - 101.0, 0
2018-11-13 17:30:59 (6110183247303) STATS - 101.1, 0
2018-11-13 17:30:59 (6110183267504) STATS - 101.2, 0
2018-11-13 17:30:59 (6110183288004) STATS - 101.3, 0
2018-11-13 17:30:59 (6110183308005) STATS - 101.4, 0
2018-11-13 17:30:59 (6110183328005) STATS - 101.5, 0
2018-11-13 17:30:59 (6110183348306) STATS - 101.6, 0
2018-11-13 17:30:59 (6110183368006) STATS - 101.7, 0
2018-11-13 17:30:59 (6110183388007) STATS - 101.8, 0
2018-11-13 17:30:59 (6110183407807) STATS - 101.9, 0
2018-11-13 17:30:59 (6110189183364) STATS - 102.0, 0
2018-11-13 17:30:59 (6110189217465) STATS - 102.1, 0
2018-11-13 17:30:59 (6110189241766) STATS - 102.2, 0
2018-11-13 17:30:59 (6110189264366) STATS - 102.3, 0
2018-11-13 17:30:59 (6110189284667) STATS - 102.4, 0
2018-11-13 17:30:59 (6110189309968) STATS - 102.5, 0
2018-11-13 17:30:59 (6110189331868) STATS - 102.6, 0
2018-11-13 17:30:59 (6110189351669) STATS - 102.7, 0
2018-11-13 17:30:59 (6110189371769) STATS - 102.8, 0
2018-11-13 17:30:59 (6110189391370) STATS - 102.9, 1
2018-11-13 17:30:59 (6110189411270) STATS - 103.0, 0
2018-11-13 17:30:59 (6110189431371) STATS - 103.1, 0
2018-11-13 17:30:59 (6110189451072) STATS - 103.2, 0
2018-11-13 17:30:59 (6110189471672) STATS - 103.3, 0
2018-11-13 17:30:59 (6110189491073) STATS - 103.4, 0
2018-11-13 17:30:59 (6110189510573) STATS - 103.5, 0
2018-11-13 17:30:59 (6110189530274) STATS - 103.6, 0
2018-11-13 17:30:59 (6110189549774) STATS - 103.7, 1
2018-11-13 17:30:59 (6110189570775) STATS - 103.8, 2
2018-11-13 17:30:59 (6110189590575) STATS - 103.9, 0
2018-11-13 17:30:59 (6110189610376) STATS - 104.0, 0
2018-11-13 17:30:59 (6110189630376) STATS - 104.1, 0
2018-11-13 17:30:59 (6110189649777) STATS - 104.2, 0
2018-11-13 17:30:59 (6110189669277) STATS - 104.3, 0
2018-11-13 17:30:59 (6110189688678) STATS - 104.4, 1
2018-11-13 17:30:59 (6110189707979) STATS - 104.5, 2
2018-11-13 17:30:59 (6110189727179) STATS - 104.6, 0
2018-11-13 17:30:59 (6110189746180) STATS - 104.7, 0
2018-11-13 17:30:59 (6110189814981) STATS - 104.8, 0
2018-11-13 17:30:59 (6110189843882) STATS - 104.9, 0
2018-11-13 17:30:59 (6110189864683) STATS - 105.0, 0
2018-11-13 17:30:59 (6110189885583) STATS - 105.1, 0
2018-11-13 17:30:59 (6110189905784) STATS - 105.2, 0
2018-11-13 17:30:59 (6110189926084) STATS - 105.3, 0
2018-11-13 17:30:59 (6110189945585) STATS - 105.4, 0
2018-11-13 17:30:59 (6110189964885) STATS - 105.5, 0
2018-11-13 17:30:59 (6110189984486) STATS - 105.6, 0
2018-11-13 17:30:59 (6110190003887) STATS - 105.7, 0
2018-11-13 17:30:59 (6110190023287) STATS - 105.8, 0
2018-11-13 17:30:59 (6110190042788) STATS - 105.9, 0
2018-11-13 17:30:59 (6110190062488) STATS - 106.0, 0
2018-11-13 17:30:59 (6110190082089) STATS - 106.1, 0
2018-11-13 17:30:59 (6110190101589) STATS - 106.2, 0
2018-11-13 17:30:59 (6110190125490) STATS - 106.3, 0
2018-11-13 17:30:59 (6110190145490) STATS - 106.4, 0
2018-11-13 17:30:59 (6110190164591) STATS - 106.5, 0
2018-11-13 17:30:59 (6110190185291) STATS - 106.6, 0
2018-11-13 17:30:59 (6110190204992) STATS - 106.7, 0
2018-11-13 17:30:59 (6110190224793) STATS - 106.8, 0
2018-11-13 17:30:59 (6110190245493) STATS - 106.9, 0
2018-11-13 17:30:59 (6110190266094) STATS - 107.0, 0
2018-11-13 17:30:59 (6110190288494) STATS - 107.1, 0
2018-11-13 17:30:59 (6110190308495) STATS - 107.2, 0
2018-11-13 17:30:59 (6110190327995) STATS - 107.3, 0
2018-11-13 17:30:59 (6110190349696) STATS - 107.4, 0
2018-11-13 17:30:59 (6110190369096) STATS - 107.5, 0
2018-11-13 17:30:59 (6110190388597) STATS - 107.6, 0
2018-11-13 17:30:59 (6110190407798) STATS - 107.7, 0
2018-11-13 17:30:59 (6110190427098) STATS - 107.8, 0
2018-11-13 17:30:59 (6110190445899) STATS - 107.9, 0
2018-11-13 17:30:59 (6110190465799) STATS - 108.0, 0
2018-11-13 17:30:59 (6110190485200) STATS - 108.1, 0
2018-11-13 17:30:59 (6110190504000) STATS - 108.2, 0
2018-11-13 17:30:59 (6110190523201) STATS - 108.3, 0
2018-11-13 17:30:59 (6110190541901) STATS - 108.4, 0
2018-11-13 17:30:59 (6110190560802) STATS - 108.5, 0
2018-11-13 17:30:59 (6110190580002) STATS - 108.6, 0
2018-11-13 17:30:59 (6110190599003) STATS - 108.7, 0
2018-11-13 17:30:59 (6110190618703) STATS - 108.8, 0
2018-11-13 17:30:59 (6110190649604) STATS - 108.9, 0
2018-11-13 17:30:59 (6110190671805) STATS - 109.0, 0
2018-11-13 17:30:59 (6110190692405) STATS - 109.1, 0
2018-11-13 17:30:59 (6110190712406) STATS - 109.2, 0
2018-11-13 17:30:59 (6110190731706) STATS - 109.3, 0
2018-11-13 17:30:59 (6110190750507) STATS - 109.4, 0
2018-11-13 17:30:59 (6110190771407) STATS - 109.5, 0
2018-11-13 17:30:59 (6110190790808) STATS - 109.6, 0
2018-11-13 17:30:59 (6110190811709) STATS - 109.7, 1
2018-11-13 17:30:59 (6110190831509) STATS - 109.8, 0
2018-11-13 17:30:59 (6110190850710) STATS - 109.9, 0
2018-11-13 17:30:59 (6110190870110) STATS - 110.0, 0
2018-11-13 17:30:59 (6110190961713) STATS - 110.1, 0
2018-11-13 17:30:59 (6110191014714) STATS - 110.2, 0
2018-11-13 17:30:59 (6110191040715) STATS - 110.3, 0
2018-11-13 17:30:59 (6110191060715) STATS - 110.4, 0
2018-11-13 17:30:59 (6110191079916) STATS - 110.5, 0
2018-11-13 17:30:59 (6110191099016) STATS - 110.6, 0
2018-11-13 17:30:59 (6110191118017) STATS - 110.7, 0
2018-11-13 17:30:59 (6110191140517) STATS - 110.8, 0
2018-11-13 17:30:59 (6110191162118) STATS - 110.9, 0
2018-11-13 17:30:59 (6110191182319) STATS - 111.0, 0
2018-11-13 17:30:59 (6110191201619) STATS - 111.1, 0
2018-11-13 17:30:59 (6110191220420) STATS - 111.2, 0
2018-11-13 17:30:59 (6110191239420) STATS - 111.3, 0
2018-11-13 17:30:59 (6110191258521) STATS - 111.4, 0
2018-11-13 17:30:59 (6110191277121) STATS - 111.5, 0
2018-11-13 17:30:59 (6110191296122) STATS - 111.6, 0
2018-11-13 17:30:59 (6110191314722) STATS - 111.7, 0
2018-11-13 17:30:59 (6110191333223) STATS - 111.8, 0
2018-11-13 17:30:59 (6110191351823) STATS - 111.9, 0
2018-11-13 17:30:59 (6110191370924) STATS - 112.0, 0
2018-11-13 17:30:59 (6110191390124) STATS - 112.1, 1
2018-11-13 17:30:59 (6110191408525) STATS - 112.2, 3
2018-11-13 17:30:59 (6110191427225) STATS - 112.3, 0
2018-11-13 17:30:59 (6110191445926) STATS - 112.4, 0
2018-11-13 17:30:59 (6110191482527) STATS - 112.5, 0
2018-11-13 17:30:59 (6110191514028) STATS - 112.6, 0
2018-11-13 17:30:59 (6110191535428) STATS - 112.7, 0
2018-11-13 17:30:59 (6110191553929) STATS - 112.8, 0
2018-11-13 17:30:59 (6110191626931) STATS - 112.9, 1
2018-11-13 17:30:59 (6110191702133) STATS - 113.0, 1
2018-11-13 17:30:59 (6110197473990) STATS - 113.1, 0
2018-11-13 17:30:59 (6110197679095) STATS - 113.2, 0
2018-11-13 17:30:59 (6110197710196) STATS - 113.3, 0
2018-11-13 17:30:59 (6110197735097) STATS - 113.4, 0
2018-11-13 17:30:59 (6110197763897) STATS - 113.5, 0
2018-11-13 17:30:59 (6110197801498) STATS - 113.6, 0
2018-11-13 17:30:59 (6110197823599) STATS - 113.7, 0
2018-11-13 17:30:59 (6110197845100) STATS - 113.8, 0
2018-11-13 17:30:59 (6110197865900) STATS - 113.9, 0
2018-11-13 17:30:59 (6110197886501) STATS - 114.0, 1
2018-11-13 17:30:59 (6110197963903) STATS - 114.1, 0
2018-11-13 17:30:59 (6110197987503) STATS - 114.2, 1
2018-11-13 17:30:59 (6110198006304) STATS - 114.3, 0
2018-11-13 17:30:59 (6110198024304) STATS - 114.4, 0
2018-11-13 17:30:59 (6110198042105) STATS - 114.5, 0
2018-11-13 17:30:59 (6110198060105) STATS - 114.6, 1
2018-11-13 17:30:59 (6110198077806) STATS - 114.7, 0
2018-11-13 17:30:59 (6110198095906) STATS - 114.8, 1
2018-11-13 17:30:59 (6110198117707) STATS - 114.9, 0
2018-11-13 17:30:59 (6110198136708) STATS - 115.0, 0
2018-11-13 17:30:59 (6110198154808) STATS - 115.1, 0
2018-11-13 17:30:59 (6110198172308) STATS - 115.2, 0
2018-11-13 17:30:59 (6110198190109) STATS - 115.3, 0
2018-11-13 17:30:59 (6110198207409) STATS - 115.4, 0
2018-11-13 17:30:59 (6110198224910) STATS - 115.5, 0
2018-11-13 17:30:59 (6110198242610) STATS - 115.6, 0
2018-11-13 17:30:59 (6110198260711) STATS - 115.7, 0
2018-11-13 17:30:59 (6110198279811) STATS - 115.8, 0
2018-11-13 17:30:59 (6110198297912) STATS - 115.9, 0
2018-11-13 17:30:59 (6110198316012) STATS - 116.0, 0
2018-11-13 17:30:59 (6110198334213) STATS - 116.1, 0
2018-11-13 17:30:59 (6110198351713) STATS - 116.2, 0
2018-11-13 17:30:59 (6110198369314) STATS - 116.3, 0
2018-11-13 17:30:59 (6110198386914) STATS - 116.4, 0
2018-11-13 17:30:59 (6110198407715) STATS - 116.5, 0
2018-11-13 17:30:59 (6110198425415) STATS - 116.6, 0
2018-11-13 17:30:59 (6110198443416) STATS - 116.7, 0
2018-11-13 17:30:59 (6110198461316) STATS - 116.8, 0
2018-11-13 17:30:59 (6110198479017) STATS - 116.9, 0
2018-11-13 17:30:59 (6110198496917) STATS - 117.0, 0
2018-11-13 17:30:59 (6110198514418) STATS - 117.1, 0
2018-11-13 17:30:59 (6110198531918) STATS - 117.2, 0
2018-11-13 17:30:59 (6110198549319) STATS - 117.3, 0
2018-11-13 17:30:59 (6110198566819) STATS - 117.4, 0
2018-11-13 17:30:59 (6110198584220) STATS - 117.5, 0
2018-11-13 17:30:59 (6110198603020) STATS - 117.6, 0
2018-11-13 17:30:59 (6110198620821) STATS - 117.7, 0
2018-11-13 17:30:59 (6110198638321) STATS - 117.8, 0
2018-11-13 17:30:59 (6110198668622) STATS - 117.9, 0
2018-11-13 17:30:59 (6110198687822) STATS - 118.0, 0
2018-11-13 17:30:59 (6110198705823) STATS - 118.1, 0
2018-11-13 17:30:59 (6110198723423) STATS - 118.2, 0
2018-11-13 17:30:59 (6110198741324) STATS - 118.3, 0
2018-11-13 17:30:59 (6110198760424) STATS - 118.4, 0
2018-11-13 17:30:59 (6110198778525) STATS - 118.5, 0
2018-11-13 17:30:59 (6110198799526) STATS - 118.6, 1
2018-11-13 17:30:59 (6110198818226) STATS - 118.7, 0
2018-11-13 17:30:59 (6110198836127) STATS - 118.8, 0
2018-11-13 17:30:59 (6110198854027) STATS - 118.9, 0
2018-11-13 17:30:59 (6110198872528) STATS - 119.0, 0
2018-11-13 17:30:59 (6110198890328) STATS - 119.1, 0
2018-11-13 17:30:59 (6110198908128) STATS - 119.2, 0
2018-11-13 17:30:59 (6110198926129) STATS - 119.3, 0
2018-11-13 17:30:59 (6110198944029) STATS - 119.4, 0
2018-11-13 17:30:59 (6110198961730) STATS - 119.5, 1
2018-11-13 17:30:59 (6110198979730) STATS - 119.6, 0
2018-11-13 17:30:59 (6110198997631) STATS - 119.7, 0
2018-11-13 17:30:59 (6110199015531) STATS - 119.8, 0
2018-11-13 17:30:59 (6110199033132) STATS - 119.9, 0
2018-11-13 17:30:59 (6110199051732) STATS - 120.0, 0
2018-11-13 17:30:59 (6110199069533) STATS - 120.1, 0
2018-11-13 17:30:59 (6110199087233) STATS - 120.2, 0
2018-11-13 17:30:59 (6110199133135) STATS - 120.3, 0
2018-11-13 17:30:59 (6110199157135) STATS - 120.4, 0
2018-11-13 17:30:59 (6110199318340) STATS - 120.5, 0
2018-11-13 17:30:59 (6110199339540) STATS - 120.6, 0
2018-11-13 17:30:59 (6110199358541) STATS - 120.7, 0
2018-11-13 17:30:59 (6110199377141) STATS - 120.8, 0
2018-11-13 17:30:59 (6110199395142) STATS - 120.9, 0
2018-11-13 17:30:59 (6110199416442) STATS - 121.0, 0
2018-11-13 17:30:59 (6110199435043) STATS - 121.1, 0
2018-11-13 17:30:59 (6110199452843) STATS - 121.2, 0
2018-11-13 17:30:59 (6110199471944) STATS - 121.3, 0
2018-11-13 17:30:59 (6110199489644) STATS - 121.4, 0
2018-11-13 17:30:59 (6110199507545) STATS - 121.5, 0
2018-11-13 17:30:59 (6110199525245) STATS - 121.6, 0
2018-11-13 17:30:59 (6110199543046) STATS - 121.7, 0
2018-11-13 17:30:59 (6110199560946) STATS - 121.8, 0
2018-11-13 17:30:59 (6110199578647) STATS - 121.9, 0
2018-11-13 17:30:59 (6110199596647) STATS - 122.0, 0
2018-11-13 17:30:59 (6110199614848) STATS - 122.1, 0
2018-11-13 17:30:59 (6110199632348) STATS - 122.2, 0
2018-11-13 17:30:59 (6110199650049) STATS - 122.3, 0
2018-11-13 17:30:59 (6110199667849) STATS - 122.4, 0
2018-11-13 17:30:59 (6110199742451) STATS - 122.5, 0
2018-11-13 17:30:59 (6110199762352) STATS - 122.6, 0
2018-11-13 17:30:59 (6110199784952) STATS - 122.7, 0
2018-11-13 17:30:59 (6110199803453) STATS - 122.8, 0
2018-11-13 17:30:59 (6110199849054) STATS - 122.9, 0
2018-11-13 17:30:59 (6110199869655) STATS - 123.0, 0
2018-11-13 17:30:59 (6110199887755) STATS - 123.1, 0
2018-11-13 17:30:59 (6110199905856) STATS - 123.2, 0
2018-11-13 17:30:59 (6110199923756) STATS - 123.3, 0
2018-11-13 17:30:59 (6110199941157) STATS - 123.4, 0
2018-11-13 17:30:59 (6110199960257) STATS - 123.5, 0
2018-11-13 17:30:59 (6110199978558) STATS - 123.6, 0
2018-11-13 17:30:59 (6110199996158) STATS - 123.7, 0
2018-11-13 17:30:59 (6110200030459) STATS - 123.8, 0
2018-11-13 17:30:59 (6110200048959) STATS - 123.9, 0
2018-11-13 17:30:59 (6110200067560) STATS - 124.0, 0
2018-11-13 17:30:59 (6110200085560) STATS - 124.1, 0
2018-11-13 17:30:59 (6110200103361) STATS - 124.2, 0
2018-11-13 17:30:59 (6110200121161) STATS - 124.3, 0
2018-11-13 17:30:59 (6110200139962) STATS - 124.4, 0
2018-11-13 17:30:59 (6110200157762) STATS - 124.5, 0
2018-11-13 17:30:59 (6110200175563) STATS - 124.6, 0
2018-11-13 17:30:59 (6110205783415) STATS - 124.7, 0
2018-11-13 17:30:59 (6110205956520) STATS - 124.8, 0
2018-11-13 17:30:59 (6110205989021) STATS - 124.9, 0
2018-11-13 17:30:59 (6110206008821) STATS - 125.0, 0
2018-11-13 17:30:59 (6110206026722) STATS - 125.1, 0
2018-11-13 17:30:59 (6110206043222) STATS - 125.2, 0
2018-11-13 17:30:59 (6110206065023) STATS - 125.3, 0
2018-11-13 17:30:59 (6110206082423) STATS - 125.4, 0
2018-11-13 17:30:59 (6110206098724) STATS - 125.5, 0
2018-11-13 17:30:59 (6110206118924) STATS - 125.6, 0
2018-11-13 17:30:59 (6110206135425) STATS - 125.7, 0
2018-11-13 17:30:59 (6110206151925) STATS - 125.8, 0
2018-11-13 17:30:59 (6110206168126) STATS - 125.9, 0
2018-11-13 17:30:59 (6110206184826) STATS - 126.0, 0
2018-11-13 17:30:59 (6110206211627) STATS - 126.1, 0
2018-11-13 17:30:59 (6110206228527) STATS - 126.2, 0
2018-11-13 17:30:59 (6110206270329) STATS - 126.3, 0
2018-11-13 17:30:59 (6110206306829) STATS - 126.4, 0
2018-11-13 17:30:59 (6110206327430) STATS - 126.5, 0
2018-11-13 17:30:59 (6110206343931) STATS - 126.6, 0
2018-11-13 17:30:59 (6110206360231) STATS - 126.7, 0
2018-11-13 17:30:59 (6110206376631) STATS - 126.8, 0
2018-11-13 17:30:59 (6110206392632) STATS - 126.9, 0
2018-11-13 17:30:59 (6110206409332) STATS - 127.0, 0
2018-11-13 17:30:59 (6110206425733) STATS - 127.1, 0
2018-11-13 17:30:59 (6110206442033) STATS - 127.2, 0
2018-11-13 17:30:59 (6110206487834) STATS - 127.3, 0
2018-11-13 17:30:59 (6110206509835) STATS - 127.4, 0
2018-11-13 17:30:59 (6110206526935) STATS - 127.5, 0
2018-11-13 17:30:59 (6110206543436) STATS - 127.6, 0
2018-11-13 17:30:59 (6110206559536) STATS - 127.7, 0
2018-11-13 17:30:59 (6110206575737) STATS - 127.8, 0
2018-11-13 17:30:59 (6110206591537) STATS - 127.9, 0
2018-11-13 17:30:59 (6110206608538) STATS - 128.0, 0
2018-11-13 17:30:59 (6110206625038) STATS - 128.1, 0
2018-11-13 17:30:59 (6110206641439) STATS - 128.2, 0
2018-11-13 17:30:59 (6110206657839) STATS - 128.3, 0
2018-11-13 17:30:59 (6110206673939) STATS - 128.4, 0
2018-11-13 17:30:59 (6110206692140) STATS - 128.5, 0
2018-11-13 17:30:59 (6110206716041) STATS - 128.6, 0
2018-11-13 17:30:59 (6110206732441) STATS - 128.7, 0
2018-11-13 17:30:59 (6110206748642) STATS - 128.8, 1
2018-11-13 17:30:59 (6110206764942) STATS - 128.9, 0
2018-11-13 17:30:59 (6110206783842) STATS - 129.0, 0
2018-11-13 17:30:59 (6110206800443) STATS - 129.1, 0
2018-11-13 17:30:59 (6110206816843) STATS - 129.2, 0
2018-11-13 17:30:59 (6110206833044) STATS - 129.3, 0
2018-11-13 17:30:59 (6110206849144) STATS - 129.4, 0
2018-11-13 17:30:59 (6110206868545) STATS - 129.5, 0
2018-11-13 17:30:59 (6110206885245) STATS - 129.6, 0
2018-11-13 17:30:59 (6110206901646) STATS - 129.7, 0
2018-11-13 17:30:59 (6110206917846) STATS - 129.8, 0
2018-11-13 17:30:59 (6110206933747) STATS - 129.9, 0
2018-11-13 17:30:59 (6110206957747) STATS - 130.0, 0
2018-11-13 17:30:59 (6110206974048) STATS - 130.1, 0
2018-11-13 17:30:59 (6110206990048) STATS - 130.2, 0
2018-11-13 17:30:59 (6110207009249) STATS - 130.3, 0
2018-11-13 17:30:59 (6110207028949) STATS - 130.4, 0
2018-11-13 17:30:59 (6110207044850) STATS - 130.5, 0
2018-11-13 17:30:59 (6110207061150) STATS - 130.6, 0
2018-11-13 17:30:59 (6110207077350) STATS - 130.7, 0
2018-11-13 17:30:59 (6110207093351) STATS - 130.8, 0
2018-11-13 17:30:59 (6110207109551) STATS - 130.9, 0
2018-11-13 17:30:59 (6110207125952) STATS - 131.0, 0
2018-11-13 17:30:59 (6110207142352) STATS - 131.1, 0
2018-11-13 17:30:59 (6110207158853) STATS - 131.2, 0
2018-11-13 17:30:59 (6110207175053) STATS - 131.3, 0
2018-11-13 17:30:59 (6110207190954) STATS - 131.4, 0
2018-11-13 17:30:59 (6110207207054) STATS - 131.5, 0
2018-11-13 17:30:59 (6110207222954) STATS - 131.6, 0
2018-11-13 17:30:59 (6110207239155) STATS - 131.7, 0
2018-11-13 17:30:59 (6110207255755) STATS - 131.8, 0
2018-11-13 17:30:59 (6110207277256) STATS - 131.9, 0
2018-11-13 17:30:59 (6110207293356) STATS - 132.0, 0
2018-11-13 17:30:59 (6110207309557) STATS - 132.1, 0
2018-11-13 17:30:59 (6110207325657) STATS - 132.2, 0
2018-11-13 17:30:59 (6110207341658) STATS - 132.3, 0
2018-11-13 17:30:59 (6110207357858) STATS - 132.4, 0
2018-11-13 17:30:59 (6110207373958) STATS - 132.5, 0
2018-11-13 17:30:59 (6110207390059) STATS - 132.6, 0
2018-11-13 17:30:59 (6110207406159) STATS - 132.7, 0
2018-11-13 17:30:59 (6110207424360) STATS - 132.8, 0
2018-11-13 17:30:59 (6110207440960) STATS - 132.9, 0
2018-11-13 17:30:59 (6110207458961) STATS - 133.0, 0
2018-11-13 17:30:59 (6110207476661) STATS - 133.1, 0
2018-11-13 17:30:59 (6110207502762) STATS - 133.2, 0
2018-11-13 17:30:59 (6110207521963) STATS - 133.3, 0
2018-11-13 17:30:59 (6110207538263) STATS - 133.4, 0
2018-11-13 17:30:59 (6110207554163) STATS - 133.5, 0
2018-11-13 17:30:59 (6110207570364) STATS - 133.6, 0
2018-11-13 17:30:59 (6110207586564) STATS - 133.7, 0
2018-11-13 17:30:59 (6110207602665) STATS - 133.8, 0
2018-11-13 17:30:59 (6110207618565) STATS - 133.9, 0
2018-11-13 17:30:59 (6110207634766) STATS - 134.0, 0
2018-11-13 17:30:59 (6110207650866) STATS - 134.1, 0
2018-11-13 17:30:59 (6110207666766) STATS - 134.2, 0
2018-11-13 17:30:59 (6110207682567) STATS - 134.3, 0
2018-11-13 17:30:59 (6110207698467) STATS - 134.4, 0
2018-11-13 17:30:59 (6110207714268) STATS - 134.5, 0
2018-11-13 17:30:59 (6110207730468) STATS - 134.6, 0
2018-11-13 17:30:59 (6110207747969) STATS - 134.7, 0
2018-11-13 17:30:59 (6110207764069) STATS - 134.8, 0
2018-11-13 17:30:59 (6110207780070) STATS - 134.9, 0
2018-11-13 17:30:59 (6110207799370) STATS - 135.0, 0
2018-11-13 17:30:59 (6110207815870) STATS - 135.1, 0
2018-11-13 17:30:59 (6110207834371) STATS - 135.2, 0
2018-11-13 17:30:59 (6110207850571) STATS - 135.3, 0
2018-11-13 17:30:59 (6110207866472) STATS - 135.4, 0
2018-11-13 17:30:59 (6110207882672) STATS - 135.5, 0
2018-11-13 17:30:59 (6110207900273) STATS - 135.6, 0
2018-11-13 17:30:59 (6110207951474) STATS - 135.7, 0
2018-11-13 17:30:59 (6110207974475) STATS - 135.8, 0
2018-11-13 17:30:59 (6110207992175) STATS - 135.9, 0
2018-11-13 17:30:59 (6110208024376) STATS - 136.0, 0
2018-11-13 17:30:59 (6110208042677) STATS - 136.1, 0
2018-11-13 17:30:59 (6110208058877) STATS - 136.2, 0
2018-11-13 17:30:59 (6110208077578) STATS - 136.3, 0
2018-11-13 17:30:59 (6110208095878) STATS - 136.4, 0
2018-11-13 17:30:59 (6110208112479) STATS - 136.5, 0
2018-11-13 17:30:59 (6110208128579) STATS - 136.6, 0
2018-11-13 17:30:59 (6110208144579) STATS - 136.7, 0
2018-11-13 17:30:59 (6110208160680) STATS - 136.8, 0
2018-11-13 17:30:59 (6110208176680) STATS - 136.9, 0
2018-11-13 17:30:59 (6110208192681) STATS - 137.0, 0
2018-11-13 17:30:59 (6110208208681) STATS - 137.1, 0
2018-11-13 17:30:59 (6110208224682) STATS - 137.2, 0
2018-11-13 17:30:59 (6110208240382) STATS - 137.3, 0
2018-11-13 17:30:59 (6110208256582) STATS - 137.4, 0
2018-11-13 17:30:59 (6110208272483) STATS - 137.5, 0
2018-11-13 17:30:59 (6110208288483) STATS - 137.6, 0
2018-11-13 17:30:59 (6110208304384) STATS - 137.7, 0
2018-11-13 17:30:59 (6110208319984) STATS - 137.8, 0
2018-11-13 17:30:59 (6110208335885) STATS - 137.9, 0
2018-11-13 17:30:59 (6110208351885) STATS - 138.0, 0
2018-11-13 17:30:59 (6110208367685) STATS - 138.1, 0
2018-11-13 17:30:59 (6110208383486) STATS - 138.2, 0
2018-11-13 17:30:59 (6110208411687) STATS - 138.3, 0
2018-11-13 17:30:59 (6110208427087) STATS - 138.4, 0
2018-11-13 17:30:59 (6110208442788) STATS - 138.5, 0
2018-11-13 17:30:59 (6110208458488) STATS - 138.6, 0
2018-11-13 17:30:59 (6110208474088) STATS - 138.7, 0
2018-11-13 17:30:59 (6110208489589) STATS - 138.8, 0
2018-11-13 17:30:59 (6110208504989) STATS - 138.9, 0
2018-11-13 17:30:59 (6110208520390) STATS - 139.0, 0
2018-11-13 17:30:59 (6110208540790) STATS - 139.1, 0
2018-11-13 17:30:59 (6110208559391) STATS - 139.2, 0
2018-11-13 17:30:59 (6110208575291) STATS - 139.3, 0
2018-11-13 17:30:59 (6110208590592) STATS - 139.4, 1
2018-11-13 17:30:59 (6110208618192) STATS - 139.5, 0
2018-11-13 17:30:59 (6110208634393) STATS - 139.6, 0
2018-11-13 17:30:59 (6110208650593) STATS - 139.7, 0
2018-11-13 17:30:59 (6110208666494) STATS - 139.8, 0
2018-11-13 17:30:59 (6110208682494) STATS - 139.9, 0
2018-11-13 17:30:59 (6110208700995) STATS - 140.0, 0
2018-11-13 17:30:59 (6110208717595) STATS - 140.1, 0
2018-11-13 17:30:59 (6110208733495) STATS - 140.2, 0
2018-11-13 17:30:59 (6110208749096) STATS - 140.3, 1
2018-11-13 17:30:59 (6110208765096) STATS - 140.4, 0
2018-11-13 17:30:59 (6110215866289) STATS - 140.5, 0
2018-11-13 17:30:59 (6110216168697) STATS - 140.6, 0
2018-11-13 17:30:59 (6110216192698) STATS - 140.7, 0
2018-11-13 17:30:59 (6110216207498) STATS - 140.8, 0
2018-11-13 17:30:59 (6110216220799) STATS - 140.9, 1
2018-11-13 17:30:59 (6110216236199) STATS - 141.0, 0
2018-11-13 17:30:59 (6110216250000) STATS - 141.1, 0
2018-11-13 17:30:59 (6110216263200) STATS - 141.2, 0
2018-11-13 17:30:59 (6110216276300) STATS - 141.3, 0
2018-11-13 17:30:59 (6110216289001) STATS - 141.4, 0
2018-11-13 17:30:59 (6110216302101) STATS - 141.5, 0
2018-11-13 17:30:59 (6110216315001) STATS - 141.6, 0
2018-11-13 17:30:59 (6110216328102) STATS - 141.7, 1
2018-11-13 17:30:59 (6110216341102) STATS - 141.8, 0
2018-11-13 17:30:59 (6110216353802) STATS - 141.9, 0
2018-11-13 17:30:59 (6110216367503) STATS - 142.0, 1
2018-11-13 17:30:59 (6110216380603) STATS - 142.1, 0
2018-11-13 17:30:59 (6110216393704) STATS - 142.2, 0
2018-11-13 17:30:59 (6110216406404) STATS - 142.3, 0
2018-11-13 17:30:59 (6110216419104) STATS - 142.4, 0
2018-11-13 17:30:59 (6110216431905) STATS - 142.5, 0
2018-11-13 17:30:59 (6110216444905) STATS - 142.6, 0
2018-11-13 17:30:59 (6110216457805) STATS - 142.7, 0
2018-11-13 17:30:59 (6110216470806) STATS - 142.8, 0
2018-11-13 17:30:59 (6110216483506) STATS - 142.9, 0
2018-11-13 17:30:59 (6110216496406) STATS - 143.0, 0
2018-11-13 17:30:59 (6110216516007) STATS - 143.1, 0
2018-11-13 17:30:59 (6110216529207) STATS - 143.2, 0
2018-11-13 17:30:59 (6110216542308) STATS - 143.3, 0
2018-11-13 17:30:59 (6110216555108) STATS - 143.4, 0
2018-11-13 17:30:59 (6110216568008) STATS - 143.5, 0
2018-11-13 17:30:59 (6110216581109) STATS - 143.6, 1
2018-11-13 17:30:59 (6110216596609) STATS - 143.7, 0
2018-11-13 17:30:59 (6110216609409) STATS - 143.8, 0
2018-11-13 17:30:59 (6110216622310) STATS - 143.9, 0
2018-11-13 17:30:59 (6110216635310) STATS - 144.0, 1
2018-11-13 17:30:59 (6110216648310) STATS - 144.1, 0
2018-11-13 17:30:59 (6110216661011) STATS - 144.2, 0
2018-11-13 17:30:59 (6110216673911) STATS - 144.3, 0
2018-11-13 17:30:59 (6110216686812) STATS - 144.4, 0
2018-11-13 17:30:59 (6110216699712) STATS - 144.5, 0
2018-11-13 17:30:59 (6110216712512) STATS - 144.6, 0
2018-11-13 17:30:59 (6110216725513) STATS - 144.7, 0
2018-11-13 17:30:59 (6110216738313) STATS - 144.8, 0
2018-11-13 17:30:59 (6110216750813) STATS - 144.9, 0
2018-11-13 17:30:59 (6110216766214) STATS - 145.0, 0
2018-11-13 17:30:59 (6110216780414) STATS - 145.1, 0
2018-11-13 17:30:59 (6110216793514) STATS - 145.2, 0
2018-11-13 17:30:59 (6110216806615) STATS - 145.3, 0
2018-11-13 17:30:59 (6110216819215) STATS - 145.4, 0
2018-11-13 17:30:59 (6110216832015) STATS - 145.5, 0
2018-11-13 17:30:59 (6110216845116) STATS - 145.6, 1
2018-11-13 17:30:59 (6110216858216) STATS - 145.7, 0
2018-11-13 17:30:59 (6110216871017) STATS - 145.8, 0
2018-11-13 17:30:59 (6110216883617) STATS - 145.9, 0
2018-11-13 17:30:59 (6110216897517) STATS - 146.0, 0
2018-11-13 17:30:59 (6110216911218) STATS - 146.1, 0
2018-11-13 17:30:59 (6110216924018) STATS - 146.2, 1
2018-11-13 17:30:59 (6110216936918) STATS - 146.3, 0
2018-11-13 17:30:59 (6110216949819) STATS - 146.4, 0
2018-11-13 17:30:59 (6110216962519) STATS - 146.5, 0
2018-11-13 17:30:59 (6110216975319) STATS - 146.6, 1
2018-11-13 17:30:59 (6110216988320) STATS - 146.7, 0
2018-11-13 17:30:59 (6110217001120) STATS - 146.8, 0
2018-11-13 17:30:59 (6110217014020) STATS - 146.9, 0
2018-11-13 17:30:59 (6110217026921) STATS - 147.0, 0
2018-11-13 17:30:59 (6110217040021) STATS - 147.1, 0
2018-11-13 17:30:59 (6110217052821) STATS - 147.2, 0
2018-11-13 17:30:59 (6110217065822) STATS - 147.3, 0
2018-11-13 17:30:59 (6110217078722) STATS - 147.4, 0
2018-11-13 17:30:59 (6110217091523) STATS - 147.5, 0
2018-11-13 17:30:59 (6110217104423) STATS - 147.6, 0
2018-11-13 17:30:59 (6110217117523) STATS - 147.7, 0
2018-11-13 17:30:59 (6110217130524) STATS - 147.8, 0
2018-11-13 17:30:59 (6110217143524) STATS - 147.9, 0
2018-11-13 17:30:59 (6110217156324) STATS - 148.0, 0
2018-11-13 17:30:59 (6110217169425) STATS - 148.1, 0
2018-11-13 17:30:59 (6110217182725) STATS - 148.2, 0
2018-11-13 17:30:59 (6110217195525) STATS - 148.3, 0
2018-11-13 17:30:59 (6110217208426) STATS - 148.4, 0
2018-11-13 17:30:59 (6110217221526) STATS - 148.5, 1
2018-11-13 17:30:59 (6110217239827) STATS - 148.6, 0
2018-11-13 17:30:59 (6110217253827) STATS - 148.7, 1
2018-11-13 17:30:59 (6110217266927) STATS - 148.8, 0
2018-11-13 17:30:59 (6110217279828) STATS - 148.9, 0
2018-11-13 17:30:59 (6110217292528) STATS - 149.0, 0
2018-11-13 17:30:59 (6110217305628) STATS - 149.1, 1
2018-11-13 17:30:59 (6110217318829) STATS - 149.2, 0
2018-11-13 17:30:59 (6110217331729) STATS - 149.3, 1
2018-11-13 17:30:59 (6110217344629) STATS - 149.4, 0
2018-11-13 17:30:59 (6110217357430) STATS - 149.5, 0
2018-11-13 17:30:59 (6110217370730) STATS - 149.6, 0
2018-11-13 17:30:59 (6110217383930) STATS - 149.7, 0
2018-11-13 17:30:59 (6110217396831) STATS - 149.8, 0
2018-11-13 17:30:59 (6110217409731) STATS - 149.9, 0
2018-11-13 17:30:59 (6110217423032) STATS - 150.0, 0
2018-11-13 17:30:59 (6110217436232) STATS - 150.1, 0
2018-11-13 17:30:59 (6110217449532) STATS - 150.2, 0
2018-11-13 17:30:59 (6110217462333) STATS - 150.3, 0
2018-11-13 17:30:59 (6110217475133) STATS - 150.4, 0
2018-11-13 17:30:59 (6110217489033) STATS - 150.5, 0
2018-11-13 17:30:59 (6110217502134) STATS - 150.6, 0
2018-11-13 17:30:59 (6110217515334) STATS - 150.7, 0
2018-11-13 17:30:59 (6110217528234) STATS - 150.8, 0
2018-11-13 17:30:59 (6110217542635) STATS - 150.9, 0
2018-11-13 17:30:59 (6110217557035) STATS - 151.0, 0
2018-11-13 17:30:59 (6110217570036) STATS - 151.1, 0
2018-11-13 17:30:59 (6110217618937) STATS - 151.2, 0
2018-11-13 17:30:59 (6110217637237) STATS - 151.3, 1
2018-11-13 17:30:59 (6110217650338) STATS - 151.4, 0
2018-11-13 17:30:59 (6110217663038) STATS - 151.5, 0
2018-11-13 17:30:59 (6110217675838) STATS - 151.6, 0
2018-11-13 17:30:59 (6110217689039) STATS - 151.7, 0
2018-11-13 17:30:59 (6110217704139) STATS - 151.8, 0
2018-11-13 17:30:59 (6110217728940) STATS - 151.9, 0
2018-11-13 17:30:59 (6110219757895) STATS - 152.0, 0
2018-11-13 17:30:59 (6110219843197) STATS - 152.1, 0
2018-11-13 17:30:59 (6110219862098) STATS - 152.2, 0
2018-11-13 17:30:59 (6110219887798) STATS - 152.3, 0
2018-11-13 17:30:59 (6110219908599) STATS - 152.4, 0
2018-11-13 17:30:59 (6110219921699) STATS - 152.5, 0
2018-11-13 17:30:59 (6110219934200) STATS - 152.6, 0
2018-11-13 17:30:59 (6110219946700) STATS - 152.7, 0
2018-11-13 17:30:59 (6110219959300) STATS - 152.8, 0
2018-11-13 17:30:59 (6110219971601) STATS - 152.9, 0
2018-11-13 17:30:59 (6110219984901) STATS - 153.0, 0
2018-11-13 17:30:59 (6110219997801) STATS - 153.1, 0
2018-11-13 17:30:59 (6110220028302) STATS - 153.2, 0
2018-11-13 17:30:59 (6110220041603) STATS - 153.3, 0
2018-11-13 17:30:59 (6110220054103) STATS - 153.4, 0
2018-11-13 17:30:59 (6110220068303) STATS - 153.5, 0
2018-11-13 17:30:59 (6110220083104) STATS - 153.6, 0
2018-11-13 17:30:59 (6110220096204) STATS - 153.7, 0
2018-11-13 17:30:59 (6110220108804) STATS - 153.8, 0
2018-11-13 17:30:59 (6110220121105) STATS - 153.9, 0
2018-11-13 17:30:59 (6110220134205) STATS - 154.0, 0
2018-11-13 17:30:59 (6110220146906) STATS - 154.1, 0
2018-11-13 17:30:59 (6110220159606) STATS - 154.2, 0
2018-11-13 17:30:59 (6110220171906) STATS - 154.3, 0
2018-11-13 17:30:59 (6110220184607) STATS - 154.4, 0
2018-11-13 17:30:59 (6110220197207) STATS - 154.5, 0
2018-11-13 17:30:59 (6110220209507) STATS - 154.6, 0
2018-11-13 17:30:59 (6110220221908) STATS - 154.7, 0
2018-11-13 17:30:59 (6110220234308) STATS - 154.8, 1
2018-11-13 17:30:59 (6110220264609) INFO  - END: Middleware stopped.
