2018-11-13 17:17:20 (5270929620322) INFO  - START: Middleware listening on address 10.0.0.11:8888.
2018-11-13 17:18:44 (5355842885340) STATS -  5.00, 2053, 1, 0.680686, 1.847336, 2.641369, 2.641369, 0.000000, 0.000000, 10266, 0, 0, 0.00, 0.00, 0
2018-11-13 17:18:45 (5356000616400) STATS - 10.00, 2266, 2, 0.420742, 1.568418, 2.070074, 2.070074, 0.000000, 0.000000, 11332, 0, 0, 0.00, 0.00, 0
2018-11-13 17:18:45 (5356061122152) STATS - 15.00, 2401, 2, 0.422643, 1.167724, 1.677900, 1.677900, 0.000000, 0.000000, 12007, 0, 0, 0.00, 0.00, 0
2018-11-13 17:18:45 (5356089688407) STATS - 20.00, 2370, 1, 0.353006, 1.848404, 2.285351, 2.285351, 0.000000, 0.000000, 11853, 0, 0, 0.00, 0.00, 0
2018-11-13 17:18:45 (5356111411177) STATS - 25.00, 2291, 2, 0.447692, 1.381929, 1.925058, 1.925058, 0.000000, 0.000000, 11456, 0, 0, 0.00, 0.00, 0
2018-11-13 17:18:45 (5356140129534) STATS - 30.00, 2350, 2, 0.369541, 1.529706, 1.994743, 1.994743, 0.000000, 0.000000, 11753, 0, 0, 0.00, 0.00, 0
2018-11-13 17:18:45 (5356160551787) STATS - 35.00, 2221, 2, 0.432784, 1.651230, 2.186131, 2.186131, 0.000000, 0.000000, 11105, 0, 0, 0.00, 0.00, 0
2018-11-13 17:18:45 (5356181423947) STATS - 40.00, 2226, 2, 0.434768, 1.664419, 2.206115, 2.206115, 0.000000, 0.000000, 11130, 0, 0, 0.00, 0.00, 0
2018-11-13 17:18:45 (5356200592185) STATS - 45.00, 2249, 2, 0.392720, 1.992729, 2.490511, 2.490511, 0.000000, 0.000000, 11245, 0, 0, 0.00, 0.00, 0
2018-11-13 17:18:45 (5356219133515) STATS - 50.00, 2386, 2, 0.401384, 1.361616, 1.847359, 1.847359, 0.000000, 0.000000, 11934, 0, 0, 0.00, 0.00, 0
2018-11-13 17:18:45 (5356230806760) STATS - 55.00, 2324, 2, 0.400009, 1.575446, 2.061979, 2.061979, 0.000000, 0.000000, 11622, 0, 0, 0.00, 0.00, 0
2018-11-13 17:18:45 (5356249272890) STATS - 60.00, 2328, 2, 0.385305, 1.515214, 2.004772, 2.004772, 0.000000, 0.000000, 11643, 0, 0, 0.00, 0.00, 0
2018-11-13 17:18:45 (5356260504829) STATS - 65.00, 2323, 2, 0.417017, 1.417512, 1.923631, 1.923631, 0.000000, 0.000000, 11617, 0, 0, 0.00, 0.00, 0
2018-11-13 17:18:45 (5356270878058) STATS - 70.00, 2205, 2, 0.459660, 1.589035, 2.139332, 2.139332, 0.000000, 0.000000, 11026, 0, 0, 0.00, 0.00, 0
2018-11-13 17:18:45 (5356278974459) STATS - 70.00, 5, 0, 0.223317, 1.636314, 1.899731, 1.899731, 0.000000, 0.000000, 29, 0, 0, 0.00, 0.00, 0
2018-11-13 17:18:45 (5356507945204) STATS - Interval, Responses
2018-11-13 17:18:45 (5356508340109) STATS - 0.1, 0
2018-11-13 17:18:45 (5356508492011) STATS - 0.2, 0
2018-11-13 17:18:45 (5356508691213) STATS - 0.3, 0
2018-11-13 17:18:45 (5356508860815) STATS - 0.4, 0
2018-11-13 17:18:45 (5356509114018) STATS - 0.5, 13
2018-11-13 17:18:45 (5356509285921) STATS - 0.6, 1455
2018-11-13 17:18:45 (5356516443510) STATS - 0.7, 6310
2018-11-13 17:18:45 (5356516686213) STATS - 0.8, 9624
2018-11-13 17:18:45 (5356516868415) STATS - 0.9, 12610
2018-11-13 17:18:45 (5356517084617) STATS - 1.0, 15717
2018-11-13 17:18:45 (5356517247719) STATS - 1.1, 16403
2018-11-13 17:18:45 (5356517447222) STATS - 1.2, 13762
2018-11-13 17:18:45 (5356517611524) STATS - 1.3, 10353
2018-11-13 17:18:45 (5356517779826) STATS - 1.4, 8100
2018-11-13 17:18:45 (5356518020229) STATS - 1.5, 6572
2018-11-13 17:18:45 (5356518190531) STATS - 1.6, 5838
2018-11-13 17:18:45 (5356518341533) STATS - 1.7, 5365
2018-11-13 17:18:45 (5356518516235) STATS - 1.8, 4716
2018-11-13 17:18:45 (5356518663337) STATS - 1.9, 4105
2018-11-13 17:18:45 (5356518829939) STATS - 2.0, 3471
2018-11-13 17:18:45 (5356519005341) STATS - 2.1, 2893
2018-11-13 17:18:45 (5356519174943) STATS - 2.2, 2368
2018-11-13 17:18:45 (5356526555335) STATS - 2.3, 1923
2018-11-13 17:18:45 (5356526729437) STATS - 2.4, 1637
2018-11-13 17:18:45 (5356527169043) STATS - 2.5, 1352
2018-11-13 17:18:45 (5356527363945) STATS - 2.6, 1156
2018-11-13 17:18:45 (5356527573648) STATS - 2.7, 996
2018-11-13 17:18:45 (5356527739050) STATS - 2.8, 827
2018-11-13 17:18:45 (5356527894252) STATS - 2.9, 688
2018-11-13 17:18:45 (5356528146055) STATS - 3.0, 574
2018-11-13 17:18:45 (5356528306257) STATS - 3.1, 457
2018-11-13 17:18:45 (5356528750962) STATS - 3.2, 414
2018-11-13 17:18:45 (5356529149167) STATS - 3.3, 412
2018-11-13 17:18:45 (5356536149754) STATS - 3.4, 379
2018-11-13 17:18:45 (5356536357357) STATS - 3.5, 347
2018-11-13 17:18:45 (5356536541159) STATS - 3.6, 271
2018-11-13 17:18:45 (5356536753062) STATS - 3.7, 238
2018-11-13 17:18:45 (5356536914964) STATS - 3.8, 264
2018-11-13 17:18:45 (5356537076266) STATS - 3.9, 204
2018-11-13 17:18:45 (5356537212268) STATS - 4.0, 252
2018-11-13 17:18:45 (5356537343569) STATS - 4.1, 207
2018-11-13 17:18:45 (5356537504571) STATS - 4.2, 188
2018-11-13 17:18:45 (5356537619673) STATS - 4.3, 163
2018-11-13 17:18:45 (5356537738074) STATS - 4.4, 172
2018-11-13 17:18:45 (5356537880076) STATS - 4.5, 136
2018-11-13 17:18:45 (5356538033578) STATS - 4.6, 129
2018-11-13 17:18:45 (5356538191980) STATS - 4.7, 145
2018-11-13 17:18:45 (5356538331081) STATS - 4.8, 114
2018-11-13 17:18:45 (5356538478083) STATS - 4.9, 108
2018-11-13 17:18:45 (5356538625785) STATS - 5.0, 95
2018-11-13 17:18:45 (5356538753187) STATS - 5.1, 98
2018-11-13 17:18:45 (5356538909089) STATS - 5.2, 71
2018-11-13 17:18:45 (5356546074278) STATS - 5.3, 68
2018-11-13 17:18:45 (5356546286980) STATS - 5.4, 75
2018-11-13 17:18:45 (5356546455382) STATS - 5.5, 63
2018-11-13 17:18:45 (5356546585684) STATS - 5.6, 63
2018-11-13 17:18:45 (5356546746686) STATS - 5.7, 62
2018-11-13 17:18:45 (5356546936188) STATS - 5.8, 58
2018-11-13 17:18:45 (5356547076790) STATS - 5.9, 80
2018-11-13 17:18:45 (5356547185091) STATS - 6.0, 55
2018-11-13 17:18:45 (5356547369394) STATS - 6.1, 81
2018-11-13 17:18:45 (5356547549696) STATS - 6.2, 83
2018-11-13 17:18:45 (5356547689798) STATS - 6.3, 99
2018-11-13 17:18:45 (5356547836300) STATS - 6.4, 102
2018-11-13 17:18:45 (5356548032502) STATS - 6.5, 109
2018-11-13 17:18:45 (5356548174404) STATS - 6.6, 86
2018-11-13 17:18:45 (5356548339406) STATS - 6.7, 106
2018-11-13 17:18:45 (5356548458907) STATS - 6.8, 117
2018-11-13 17:18:45 (5356548669910) STATS - 6.9, 191
2018-11-13 17:18:45 (5356548987614) STATS - 7.0, 239
2018-11-13 17:18:45 (5356556135303) STATS - 7.1, 321
2018-11-13 17:18:45 (5356556279304) STATS - 7.2, 530
2018-11-13 17:18:45 (5356556382206) STATS - 7.3, 845
2018-11-13 17:18:45 (5356556490907) STATS - 7.4, 1030
2018-11-13 17:18:45 (5356556621009) STATS - 7.5, 1004
2018-11-13 17:18:45 (5356556768011) STATS - 7.6, 954
2018-11-13 17:18:45 (5356556940513) STATS - 7.7, 882
2018-11-13 17:18:45 (5356557051514) STATS - 7.8, 779
2018-11-13 17:18:45 (5356557190816) STATS - 7.9, 720
2018-11-13 17:18:45 (5356557298717) STATS - 8.0, 721
2018-11-13 17:18:45 (5356557433319) STATS - 8.1, 738
2018-11-13 17:18:45 (5356557534020) STATS - 8.2, 713
2018-11-13 17:18:45 (5356557634321) STATS - 8.3, 704
2018-11-13 17:18:45 (5356557736923) STATS - 8.4, 589
2018-11-13 17:18:45 (5356557843024) STATS - 8.5, 399
2018-11-13 17:18:45 (5356557948925) STATS - 8.6, 279
2018-11-13 17:18:45 (5356558050426) STATS - 8.7, 183
2018-11-13 17:18:45 (5356558152728) STATS - 8.8, 153
2018-11-13 17:18:45 (5356558254029) STATS - 8.9, 104
2018-11-13 17:18:45 (5356558355130) STATS - 9.0, 103
2018-11-13 17:18:45 (5356558485232) STATS - 9.1, 97
2018-11-13 17:18:45 (5356558596533) STATS - 9.2, 78
2018-11-13 17:18:45 (5356558702835) STATS - 9.3, 122
2018-11-13 17:18:45 (5356558820436) STATS - 9.4, 159
2018-11-13 17:18:45 (5356566029326) STATS - 9.5, 161
2018-11-13 17:18:45 (5356566167727) STATS - 9.6, 122
2018-11-13 17:18:45 (5356566326229) STATS - 9.7, 180
2018-11-13 17:18:45 (5356566487931) STATS - 9.8, 218
2018-11-13 17:18:45 (5356566633533) STATS - 9.9, 314
2018-11-13 17:18:45 (5356566752635) STATS - 10.0, 209
2018-11-13 17:18:45 (5356566857136) STATS - 10.1, 89
2018-11-13 17:18:45 (5356566959737) STATS - 10.2, 43
2018-11-13 17:18:45 (5356567057638) STATS - 10.3, 30
2018-11-13 17:18:45 (5356567159840) STATS - 10.4, 35
2018-11-13 17:18:45 (5356567258141) STATS - 10.5, 31
2018-11-13 17:18:45 (5356567396843) STATS - 10.6, 12
2018-11-13 17:18:45 (5356567517344) STATS - 10.7, 19
2018-11-13 17:18:45 (5356567648546) STATS - 10.8, 18
2018-11-13 17:18:45 (5356567786947) STATS - 10.9, 22
2018-11-13 17:18:45 (5356567920349) STATS - 11.0, 20
2018-11-13 17:18:45 (5356568179252) STATS - 11.1, 23
2018-11-13 17:18:45 (5356568328054) STATS - 11.2, 19
2018-11-13 17:18:45 (5356568456956) STATS - 11.3, 14
2018-11-13 17:18:45 (5356568597158) STATS - 11.4, 23
2018-11-13 17:18:45 (5356568694959) STATS - 11.5, 23
2018-11-13 17:18:45 (5356575817147) STATS - 11.6, 19
2018-11-13 17:18:45 (5356575934749) STATS - 11.7, 16
2018-11-13 17:18:45 (5356576102351) STATS - 11.8, 17
2018-11-13 17:18:45 (5356576211952) STATS - 11.9, 11
2018-11-13 17:18:45 (5356576317853) STATS - 12.0, 15
2018-11-13 17:18:45 (5356576442755) STATS - 12.1, 21
2018-11-13 17:18:45 (5356576542056) STATS - 12.2, 13
2018-11-13 17:18:45 (5356576640757) STATS - 12.3, 8
2018-11-13 17:18:45 (5356576740759) STATS - 12.4, 12
2018-11-13 17:18:45 (5356576858660) STATS - 12.5, 7
2018-11-13 17:18:45 (5356576961661) STATS - 12.6, 6
2018-11-13 17:18:45 (5356577096163) STATS - 12.7, 9
2018-11-13 17:18:45 (5356577203664) STATS - 12.8, 16
2018-11-13 17:18:45 (5356577317966) STATS - 12.9, 16
2018-11-13 17:18:45 (5356577438067) STATS - 13.0, 7
2018-11-13 17:18:45 (5356577547069) STATS - 13.1, 13
2018-11-13 17:18:45 (5356577669470) STATS - 13.2, 2
2018-11-13 17:18:45 (5356577785172) STATS - 13.3, 6
2018-11-13 17:18:45 (5356577909973) STATS - 13.4, 8
2018-11-13 17:18:45 (5356578029975) STATS - 13.5, 5
2018-11-13 17:18:45 (5356578161076) STATS - 13.6, 5
2018-11-13 17:18:45 (5356578270578) STATS - 13.7, 10
2018-11-13 17:18:45 (5356578380279) STATS - 13.8, 15
2018-11-13 17:18:45 (5356578489280) STATS - 13.9, 10
2018-11-13 17:18:45 (5356578598082) STATS - 14.0, 12
2018-11-13 17:18:45 (5356585820672) STATS - 14.1, 8
2018-11-13 17:18:45 (5356585924373) STATS - 14.2, 4
2018-11-13 17:18:45 (5356586014574) STATS - 14.3, 7
2018-11-13 17:18:45 (5356586102475) STATS - 14.4, 6
2018-11-13 17:18:45 (5356586237877) STATS - 14.5, 23
2018-11-13 17:18:45 (5356586359078) STATS - 14.6, 9
2018-11-13 17:18:45 (5356586456779) STATS - 14.7, 6
2018-11-13 17:18:45 (5356586654982) STATS - 14.8, 9
2018-11-13 17:18:45 (5356586753783) STATS - 14.9, 7
2018-11-13 17:18:45 (5356586851584) STATS - 15.0, 11
2018-11-13 17:18:45 (5356586948586) STATS - 15.1, 8
2018-11-13 17:18:45 (5356587141988) STATS - 15.2, 9
2018-11-13 17:18:45 (5356587262789) STATS - 15.3, 7
2018-11-13 17:18:45 (5356587359991) STATS - 15.4, 2
2018-11-13 17:18:45 (5356587808996) STATS - 15.5, 5
2018-11-13 17:18:45 (5356587931798) STATS - 15.6, 4
2018-11-13 17:18:45 (5356588108800) STATS - 15.7, 2
2018-11-13 17:18:45 (5356588203401) STATS - 15.8, 4
2018-11-13 17:18:45 (5356588300002) STATS - 15.9, 8
2018-11-13 17:18:45 (5356588403004) STATS - 16.0, 9
2018-11-13 17:18:45 (5356588546905) STATS - 16.1, 2
2018-11-13 17:18:45 (5356595614393) STATS - 16.2, 8
2018-11-13 17:18:45 (5356595866096) STATS - 16.3, 2
2018-11-13 17:18:45 (5356595959198) STATS - 16.4, 4
2018-11-13 17:18:45 (5356596066299) STATS - 16.5, 1
2018-11-13 17:18:45 (5356596156100) STATS - 16.6, 0
2018-11-13 17:18:45 (5356596243301) STATS - 16.7, 1
2018-11-13 17:18:45 (5356596336802) STATS - 16.8, 1
2018-11-13 17:18:45 (5356596423403) STATS - 16.9, 0
2018-11-13 17:18:45 (5356596511704) STATS - 17.0, 2
2018-11-13 17:18:45 (5356596598405) STATS - 17.1, 5
2018-11-13 17:18:45 (5356596687907) STATS - 17.2, 1
2018-11-13 17:18:45 (5356596784008) STATS - 17.3, 3
2018-11-13 17:18:45 (5356596873109) STATS - 17.4, 1
2018-11-13 17:18:45 (5356596965610) STATS - 17.5, 1
2018-11-13 17:18:45 (5356597058511) STATS - 17.6, 3
2018-11-13 17:18:45 (5356597145612) STATS - 17.7, 7
2018-11-13 17:18:45 (5356597231713) STATS - 17.8, 3
2018-11-13 17:18:45 (5356597318114) STATS - 17.9, 0
2018-11-13 17:18:45 (5356597404215) STATS - 18.0, 2
2018-11-13 17:18:45 (5356597491017) STATS - 18.1, 5
2018-11-13 17:18:45 (5356597578918) STATS - 18.2, 1
2018-11-13 17:18:45 (5356597695919) STATS - 18.3, 2
2018-11-13 17:18:45 (5356597813721) STATS - 18.4, 0
2018-11-13 17:18:45 (5356597908322) STATS - 18.5, 0
2018-11-13 17:18:45 (5356598019623) STATS - 18.6, 0
2018-11-13 17:18:45 (5356598137625) STATS - 18.7, 0
2018-11-13 17:18:45 (5356598266226) STATS - 18.8, 0
2018-11-13 17:18:45 (5356598379328) STATS - 18.9, 3
2018-11-13 17:18:45 (5356598474629) STATS - 19.0, 3
2018-11-13 17:18:45 (5356605784020) STATS - 19.1, 1
2018-11-13 17:18:45 (5356605891021) STATS - 19.2, 0
2018-11-13 17:18:45 (5356605978622) STATS - 19.3, 4
2018-11-13 17:18:45 (5356606064523) STATS - 19.4, 0
2018-11-13 17:18:45 (5356606149424) STATS - 19.5, 0
2018-11-13 17:18:45 (5356606235425) STATS - 19.6, 1
2018-11-13 17:18:45 (5356606320226) STATS - 19.7, 7
2018-11-13 17:18:45 (5356606466728) STATS - 19.8, 4
2018-11-13 17:18:45 (5356606732531) STATS - 19.9, 7
2018-11-13 17:18:45 (5356606831233) STATS - 20.0, 1
2018-11-13 17:18:45 (5356606925434) STATS - 20.1, 3
2018-11-13 17:18:45 (5356607033335) STATS - 20.2, 4
2018-11-13 17:18:45 (5356607143536) STATS - 20.3, 1
2018-11-13 17:18:45 (5356607228438) STATS - 20.4, 1
2018-11-13 17:18:45 (5356607313039) STATS - 20.5, 4
2018-11-13 17:18:45 (5356607396740) STATS - 20.6, 4
2018-11-13 17:18:45 (5356607483341) STATS - 20.7, 5
2018-11-13 17:18:45 (5356607568842) STATS - 20.8, 3
2018-11-13 17:18:45 (5356607653643) STATS - 20.9, 1
2018-11-13 17:18:45 (5356607735344) STATS - 21.0, 7
2018-11-13 17:18:45 (5356607818645) STATS - 21.1, 5
2018-11-13 17:18:45 (5356607906146) STATS - 21.2, 0
2018-11-13 17:18:45 (5356608019447) STATS - 21.3, 1
2018-11-13 17:18:45 (5356608113949) STATS - 21.4, 4
2018-11-13 17:18:45 (5356608203250) STATS - 21.5, 4
2018-11-13 17:18:45 (5356608325651) STATS - 21.6, 7
2018-11-13 17:18:45 (5356608412152) STATS - 21.7, 3
2018-11-13 17:18:45 (5356615479440) STATS - 21.8, 0
2018-11-13 17:18:45 (5356615715343) STATS - 21.9, 2
2018-11-13 17:18:45 (5356615840045) STATS - 22.0, 2
2018-11-13 17:18:45 (5356615949346) STATS - 22.1, 6
2018-11-13 17:18:45 (5356616090348) STATS - 22.2, 2
2018-11-13 17:18:45 (5356616225749) STATS - 22.3, 2
2018-11-13 17:18:45 (5356616339251) STATS - 22.4, 1
2018-11-13 17:18:45 (5356616429852) STATS - 22.5, 3
2018-11-13 17:18:45 (5356616508953) STATS - 22.6, 2
2018-11-13 17:18:45 (5356616590554) STATS - 22.7, 5
2018-11-13 17:18:45 (5356616671755) STATS - 22.8, 0
2018-11-13 17:18:45 (5356616770456) STATS - 22.9, 1
2018-11-13 17:18:45 (5356616876757) STATS - 23.0, 0
2018-11-13 17:18:45 (5356616962058) STATS - 23.1, 1
2018-11-13 17:18:45 (5356618294375) STATS - 23.2, 3
2018-11-13 17:18:45 (5356618390676) STATS - 23.3, 1
2018-11-13 17:18:45 (5356618499178) STATS - 23.4, 0
2018-11-13 17:18:45 (5356618608979) STATS - 23.5, 1
2018-11-13 17:18:45 (5356618804081) STATS - 23.6, 1
2018-11-13 17:18:45 (5356619048484) STATS - 23.7, 0
2018-11-13 17:18:45 (5356619169186) STATS - 23.8, 0
2018-11-13 17:18:45 (5356619271487) STATS - 23.9, 0
2018-11-13 17:18:45 (5356625800068) STATS - 24.0, 0
2018-11-13 17:18:45 (5356626002271) STATS - 24.1, 0
2018-11-13 17:18:45 (5356626098972) STATS - 24.2, 0
2018-11-13 17:18:45 (5356626178073) STATS - 24.3, 0
2018-11-13 17:18:45 (5356626255874) STATS - 24.4, 0
2018-11-13 17:18:45 (5356626332875) STATS - 24.5, 0
2018-11-13 17:18:45 (5356626409776) STATS - 24.6, 0
2018-11-13 17:18:45 (5356626487377) STATS - 24.7, 0
2018-11-13 17:18:45 (5356626566278) STATS - 24.8, 0
2018-11-13 17:18:45 (5356626644179) STATS - 24.9, 0
2018-11-13 17:18:45 (5356626718580) STATS - 25.0, 0
2018-11-13 17:18:45 (5356626794781) STATS - 25.1, 0
2018-11-13 17:18:45 (5356626870482) STATS - 25.2, 0
2018-11-13 17:18:45 (5356626946883) STATS - 25.3, 0
2018-11-13 17:18:45 (5356627023684) STATS - 25.4, 0
2018-11-13 17:18:45 (5356627102684) STATS - 25.5, 0
2018-11-13 17:18:45 (5356627182185) STATS - 25.6, 0
2018-11-13 17:18:45 (5356627259786) STATS - 25.7, 0
2018-11-13 17:18:45 (5356627336287) STATS - 25.8, 0
2018-11-13 17:18:45 (5356627415988) STATS - 25.9, 0
2018-11-13 17:18:45 (5356627493589) STATS - 26.0, 0
2018-11-13 17:18:45 (5356627570990) STATS - 26.1, 2
2018-11-13 17:18:45 (5356627650691) STATS - 26.2, 2
2018-11-13 17:18:45 (5356627728992) STATS - 26.3, 1
2018-11-13 17:18:45 (5356627805893) STATS - 26.4, 1
2018-11-13 17:18:45 (5356627882894) STATS - 26.5, 0
2018-11-13 17:18:45 (5356627960095) STATS - 26.6, 0
2018-11-13 17:18:45 (5356628066396) STATS - 26.7, 0
2018-11-13 17:18:45 (5356628148697) STATS - 26.8, 1
2018-11-13 17:18:45 (5356628251199) STATS - 26.9, 1
2018-11-13 17:18:45 (5356628338900) STATS - 27.0, 1
2018-11-13 17:18:45 (5356635529389) STATS - 27.1, 1
2018-11-13 17:18:45 (5356635604090) STATS - 27.2, 4
2018-11-13 17:18:45 (5356635671791) STATS - 27.3, 2
2018-11-13 17:18:45 (5356635741792) STATS - 27.4, 0
2018-11-13 17:18:45 (5356635809293) STATS - 27.5, 1
2018-11-13 17:18:45 (5356635876994) STATS - 27.6, 0
2018-11-13 17:18:45 (5356635944494) STATS - 27.7, 0
2018-11-13 17:18:45 (5356636028295) STATS - 27.8, 1
2018-11-13 17:18:45 (5356636179197) STATS - 27.9, 2
2018-11-13 17:18:45 (5356636298099) STATS - 28.0, 5
2018-11-13 17:18:45 (5356636371300) STATS - 28.1, 3
2018-11-13 17:18:45 (5356636445101) STATS - 28.2, 5
2018-11-13 17:18:45 (5356636556302) STATS - 28.3, 0
2018-11-13 17:18:45 (5356636632703) STATS - 28.4, 1
2018-11-13 17:18:45 (5356636703904) STATS - 28.5, 3
2018-11-13 17:18:45 (5356636775005) STATS - 28.6, 1
2018-11-13 17:18:45 (5356636868906) STATS - 28.7, 0
2018-11-13 17:18:45 (5356636934007) STATS - 28.8, 1
2018-11-13 17:18:45 (5356637002308) STATS - 28.9, 3
2018-11-13 17:18:45 (5356637066008) STATS - 29.0, 6
2018-11-13 17:18:45 (5356637134009) STATS - 29.1, 6
2018-11-13 17:18:45 (5356637203110) STATS - 29.2, 6
2018-11-13 17:18:45 (5356637270111) STATS - 29.3, 3
2018-11-13 17:18:45 (5356637336012) STATS - 29.4, 6
2018-11-13 17:18:45 (5356637402112) STATS - 29.5, 8
2018-11-13 17:18:45 (5356637471213) STATS - 29.6, 8
2018-11-13 17:18:45 (5356637536914) STATS - 29.7, 3
2018-11-13 17:18:45 (5356637604615) STATS - 29.8, 7
2018-11-13 17:18:45 (5356637670716) STATS - 29.9, 4
2018-11-13 17:18:45 (5356637734417) STATS - 30.0, 2
2018-11-13 17:18:45 (5356637907919) STATS - 30.1, 2
2018-11-13 17:18:45 (5356637990320) STATS - 30.2, 1
2018-11-13 17:18:45 (5356638070021) STATS - 30.3, 5
2018-11-13 17:18:45 (5356638155922) STATS - 30.4, 2
2018-11-13 17:18:45 (5356638234923) STATS - 30.5, 5
2018-11-13 17:18:45 (5356638300924) STATS - 30.6, 3
2018-11-13 17:18:45 (5356645476413) STATS - 30.7, 0
2018-11-13 17:18:45 (5356645757616) STATS - 30.8, 0
2018-11-13 17:18:45 (5356645847117) STATS - 30.9, 2
2018-11-13 17:18:45 (5356645940519) STATS - 31.0, 2
2018-11-13 17:18:45 (5356646015119) STATS - 31.1, 3
2018-11-13 17:18:45 (5356646078820) STATS - 31.2, 1
2018-11-13 17:18:45 (5356646142421) STATS - 31.3, 0
2018-11-13 17:18:45 (5356646210422) STATS - 31.4, 2
2018-11-13 17:18:45 (5356646275023) STATS - 31.5, 0
2018-11-13 17:18:45 (5356646338624) STATS - 31.6, 0
2018-11-13 17:18:45 (5356646403024) STATS - 31.7, 1
2018-11-13 17:18:45 (5356646467525) STATS - 31.8, 0
2018-11-13 17:18:45 (5356646532126) STATS - 31.9, 0
2018-11-13 17:18:45 (5356646593027) STATS - 32.0, 0
2018-11-13 17:18:45 (5356646655427) STATS - 32.1, 0
2018-11-13 17:18:45 (5356646718628) STATS - 32.2, 0
2018-11-13 17:18:45 (5356646783329) STATS - 32.3, 0
2018-11-13 17:18:45 (5356646849030) STATS - 32.4, 0
2018-11-13 17:18:45 (5356646913331) STATS - 32.5, 0
2018-11-13 17:18:45 (5356646984132) STATS - 32.6, 0
2018-11-13 17:18:45 (5356647049232) STATS - 32.7, 0
2018-11-13 17:18:45 (5356647113333) STATS - 32.8, 0
2018-11-13 17:18:45 (5356647176534) STATS - 32.9, 0
2018-11-13 17:18:45 (5356647237035) STATS - 33.0, 0
2018-11-13 17:18:45 (5356647300935) STATS - 33.1, 0
2018-11-13 17:18:45 (5356647365936) STATS - 33.2, 0
2018-11-13 17:18:45 (5356647429637) STATS - 33.3, 0
2018-11-13 17:18:45 (5356647494038) STATS - 33.4, 0
2018-11-13 17:18:45 (5356647558339) STATS - 33.5, 0
2018-11-13 17:18:45 (5356647621539) STATS - 33.6, 0
2018-11-13 17:18:45 (5356647684140) STATS - 33.7, 0
2018-11-13 17:18:45 (5356647747741) STATS - 33.8, 0
2018-11-13 17:18:45 (5356647811742) STATS - 33.9, 0
2018-11-13 17:18:45 (5356647872943) STATS - 34.0, 0
2018-11-13 17:18:45 (5356647936943) STATS - 34.1, 0
2018-11-13 17:18:45 (5356648012544) STATS - 34.2, 0
2018-11-13 17:18:45 (5356648081145) STATS - 34.3, 0
2018-11-13 17:18:45 (5356648144746) STATS - 34.4, 0
2018-11-13 17:18:45 (5356648210247) STATS - 34.5, 0
2018-11-13 17:18:45 (5356655323135) STATS - 34.6, 0
2018-11-13 17:18:45 (5356655448437) STATS - 34.7, 0
2018-11-13 17:18:45 (5356655511537) STATS - 34.8, 0
2018-11-13 17:18:45 (5356655573438) STATS - 34.9, 0
2018-11-13 17:18:45 (5356655629339) STATS - 35.0, 0
2018-11-13 17:18:45 (5356655687540) STATS - 35.1, 0
2018-11-13 17:18:45 (5356655744540) STATS - 35.2, 0
2018-11-13 17:18:45 (5356655801241) STATS - 35.3, 0
2018-11-13 17:18:45 (5356656040344) STATS - 35.4, 0
2018-11-13 17:18:45 (5356656158346) STATS - 35.5, 0
2018-11-13 17:18:45 (5356656243047) STATS - 35.6, 0
2018-11-13 17:18:45 (5356656310347) STATS - 35.7, 0
2018-11-13 17:18:45 (5356656395448) STATS - 35.8, 0
2018-11-13 17:18:45 (5356656467549) STATS - 35.9, 0
2018-11-13 17:18:45 (5356656561551) STATS - 36.0, 0
2018-11-13 17:18:45 (5356656626151) STATS - 36.1, 0
2018-11-13 17:18:45 (5356656729653) STATS - 36.2, 0
2018-11-13 17:18:45 (5356656797353) STATS - 36.3, 0
2018-11-13 17:18:45 (5356656861554) STATS - 36.4, 0
2018-11-13 17:18:45 (5356656961255) STATS - 36.5, 0
2018-11-13 17:18:45 (5356657047957) STATS - 36.6, 0
2018-11-13 17:18:45 (5356657129158) STATS - 36.7, 0
2018-11-13 17:18:45 (5356657200958) STATS - 36.8, 0
2018-11-13 17:18:45 (5356657260959) STATS - 36.9, 0
2018-11-13 17:18:45 (5356657316260) STATS - 37.0, 0
2018-11-13 17:18:45 (5356657372761) STATS - 37.1, 0
2018-11-13 17:18:45 (5356657429261) STATS - 37.2, 4
2018-11-13 17:18:45 (5356657497162) STATS - 37.3, 4
2018-11-13 17:18:45 (5356657571163) STATS - 37.4, 0
2018-11-13 17:18:45 (5356657646164) STATS - 37.5, 0
2018-11-13 17:18:45 (5356657729265) STATS - 37.6, 1
2018-11-13 17:18:45 (5356657796666) STATS - 37.7, 1
2018-11-13 17:18:45 (5356657860067) STATS - 37.8, 0
2018-11-13 17:18:45 (5356657932768) STATS - 37.9, 0
2018-11-13 17:18:45 (5356658004268) STATS - 38.0, 0
2018-11-13 17:18:45 (5356658073269) STATS - 38.1, 1
2018-11-13 17:18:45 (5356658132270) STATS - 38.2, 1
2018-11-13 17:18:45 (5356658193771) STATS - 38.3, 0
2018-11-13 17:18:45 (5356665399460) STATS - 38.4, 0
2018-11-13 17:18:45 (5356665624963) STATS - 38.5, 0
2018-11-13 17:18:45 (5356665682464) STATS - 38.6, 0
2018-11-13 17:18:45 (5356665736165) STATS - 38.7, 0
2018-11-13 17:18:45 (5356665800665) STATS - 38.8, 0
2018-11-13 17:18:45 (5356665856266) STATS - 38.9, 0
2018-11-13 17:18:45 (5356665907267) STATS - 39.0, 0
2018-11-13 17:18:45 (5356665959167) STATS - 39.1, 0
2018-11-13 17:18:45 (5356666011868) STATS - 39.2, 0
2018-11-13 17:18:45 (5356666065069) STATS - 39.3, 0
2018-11-13 17:18:45 (5356666117669) STATS - 39.4, 0
2018-11-13 17:18:45 (5356666169970) STATS - 39.5, 0
2018-11-13 17:18:45 (5356666222071) STATS - 39.6, 0
2018-11-13 17:18:45 (5356666273671) STATS - 39.7, 0
2018-11-13 17:18:45 (5356666328672) STATS - 39.8, 0
2018-11-13 17:18:45 (5356666380573) STATS - 39.9, 0
2018-11-13 17:18:45 (5356666431173) STATS - 40.0, 0
2018-11-13 17:18:45 (5356666482474) STATS - 40.1, 0
2018-11-13 17:18:45 (5356666535774) STATS - 40.2, 0
2018-11-13 17:18:45 (5356666587275) STATS - 40.3, 0
2018-11-13 17:18:45 (5356666638776) STATS - 40.4, 0
2018-11-13 17:18:45 (5356666690176) STATS - 40.5, 0
2018-11-13 17:18:45 (5356666744777) STATS - 40.6, 0
2018-11-13 17:18:45 (5356666796478) STATS - 40.7, 0
2018-11-13 17:18:45 (5356666848578) STATS - 40.8, 0
2018-11-13 17:18:45 (5356666900279) STATS - 40.9, 0
2018-11-13 17:18:45 (5356666949780) STATS - 41.0, 0
2018-11-13 17:18:45 (5356667003680) STATS - 41.1, 0
2018-11-13 17:18:45 (5356667055881) STATS - 41.2, 0
2018-11-13 17:18:45 (5356667107582) STATS - 41.3, 0
2018-11-13 17:18:45 (5356667159282) STATS - 41.4, 0
2018-11-13 17:18:45 (5356667211783) STATS - 41.5, 0
2018-11-13 17:18:45 (5356667263784) STATS - 41.6, 0
2018-11-13 17:18:45 (5356667314284) STATS - 41.7, 0
2018-11-13 17:18:45 (5356667366385) STATS - 41.8, 0
2018-11-13 17:18:45 (5356667417985) STATS - 41.9, 0
2018-11-13 17:18:45 (5356667467486) STATS - 42.0, 0
2018-11-13 17:18:45 (5356667518587) STATS - 42.1, 0
2018-11-13 17:18:45 (5356667569587) STATS - 42.2, 0
2018-11-13 17:18:45 (5356667622288) STATS - 42.3, 0
2018-11-13 17:18:45 (5356667674189) STATS - 42.4, 0
2018-11-13 17:18:45 (5356667725889) STATS - 42.5, 0
2018-11-13 17:18:45 (5356667822490) STATS - 42.6, 0
2018-11-13 17:18:45 (5356667896291) STATS - 42.7, 0
2018-11-13 17:18:45 (5356667948092) STATS - 42.8, 0
2018-11-13 17:18:45 (5356668304996) STATS - 42.9, 0
2018-11-13 17:18:45 (5356675288683) STATS - 43.0, 0
2018-11-13 17:18:45 (5356675377784) STATS - 43.1, 0
2018-11-13 17:18:45 (5356675487286) STATS - 43.2, 0
2018-11-13 17:18:45 (5356675544786) STATS - 43.3, 0
2018-11-13 17:18:45 (5356675599487) STATS - 43.4, 0
2018-11-13 17:18:45 (5356675654888) STATS - 43.5, 0
2018-11-13 17:18:45 (5356675825190) STATS - 43.6, 0
2018-11-13 17:18:45 (5356675905991) STATS - 43.7, 0
2018-11-13 17:18:45 (5356675960492) STATS - 43.8, 0
2018-11-13 17:18:45 (5356676039393) STATS - 43.9, 0
2018-11-13 17:18:45 (5356676107693) STATS - 44.0, 0
2018-11-13 17:18:45 (5356676163094) STATS - 44.1, 0
2018-11-13 17:18:45 (5356676218295) STATS - 44.2, 0
2018-11-13 17:18:45 (5356676272395) STATS - 44.3, 0
2018-11-13 17:18:45 (5356676326496) STATS - 44.4, 0
2018-11-13 17:18:45 (5356676403997) STATS - 44.5, 0
2018-11-13 17:18:45 (5356676464198) STATS - 44.6, 0
2018-11-13 17:18:45 (5356676516098) STATS - 44.7, 0
2018-11-13 17:18:45 (5356676565199) STATS - 44.8, 0
2018-11-13 17:18:45 (5356676613400) STATS - 44.9, 0
2018-11-13 17:18:45 (5356676663000) STATS - 45.0, 0
2018-11-13 17:18:45 (5356676711401) STATS - 45.1, 0
2018-11-13 17:18:45 (5356676760102) STATS - 45.2, 0
2018-11-13 17:18:45 (5356676809102) STATS - 45.3, 0
2018-11-13 17:18:45 (5356676858603) STATS - 45.4, 0
2018-11-13 17:18:45 (5356676907603) STATS - 45.5, 0
2018-11-13 17:18:45 (5356676956404) STATS - 45.6, 0
2018-11-13 17:18:45 (5356677005405) STATS - 45.7, 0
2018-11-13 17:18:45 (5356677054705) STATS - 45.8, 0
2018-11-13 17:18:45 (5356677107306) STATS - 45.9, 0
2018-11-13 17:18:45 (5356677157106) STATS - 46.0, 0
2018-11-13 17:18:45 (5356677207807) STATS - 46.1, 0
2018-11-13 17:18:45 (5356677256808) STATS - 46.2, 0
2018-11-13 17:18:45 (5356677305108) STATS - 46.3, 0
2018-11-13 17:18:45 (5356677353209) STATS - 46.4, 0
2018-11-13 17:18:45 (5356677401509) STATS - 46.5, 0
2018-11-13 17:18:45 (5356677449010) STATS - 46.6, 0
2018-11-13 17:18:45 (5356677496411) STATS - 46.7, 0
2018-11-13 17:18:45 (5356677545911) STATS - 46.8, 0
2018-11-13 17:18:45 (5356677597612) STATS - 46.9, 0
2018-11-13 17:18:45 (5356677645313) STATS - 47.0, 0
2018-11-13 17:18:45 (5356677693713) STATS - 47.1, 0
2018-11-13 17:18:45 (5356677741714) STATS - 47.2, 0
2018-11-13 17:18:45 (5356677789714) STATS - 47.3, 0
2018-11-13 17:18:45 (5356677841115) STATS - 47.4, 0
2018-11-13 17:18:45 (5356677889616) STATS - 47.5, 0
2018-11-13 17:18:45 (5356677937716) STATS - 47.6, 0
2018-11-13 17:18:45 (5356677985617) STATS - 47.7, 0
2018-11-13 17:18:45 (5356678081418) STATS - 47.8, 0
2018-11-13 17:18:45 (5356685173906) STATS - 47.9, 0
2018-11-13 17:18:45 (5356685421609) STATS - 48.0, 0
2018-11-13 17:18:45 (5356685473110) STATS - 48.1, 0
2018-11-13 17:18:45 (5356685531110) STATS - 48.2, 0
2018-11-13 17:18:45 (5356685573511) STATS - 48.3, 0
2018-11-13 17:18:45 (5356685613712) STATS - 48.4, 0
2018-11-13 17:18:45 (5356685653912) STATS - 48.5, 0
2018-11-13 17:18:45 (5356685693613) STATS - 48.6, 0
2018-11-13 17:18:45 (5356685732913) STATS - 48.7, 0
2018-11-13 17:18:45 (5356685772513) STATS - 48.8, 0
2018-11-13 17:18:45 (5356685812414) STATS - 48.9, 0
2018-11-13 17:18:45 (5356685850714) STATS - 49.0, 0
2018-11-13 17:18:45 (5356685931415) STATS - 49.1, 0
2018-11-13 17:18:45 (5356685999616) STATS - 49.2, 0
2018-11-13 17:18:45 (5356686066217) STATS - 49.3, 0
2018-11-13 17:18:45 (5356686132518) STATS - 49.4, 0
2018-11-13 17:18:45 (5356686293620) STATS - 49.5, 0
2018-11-13 17:18:45 (5356686423222) STATS - 49.6, 0
2018-11-13 17:18:45 (5356686483422) STATS - 49.7, 0
2018-11-13 17:18:45 (5356686530523) STATS - 49.8, 0
2018-11-13 17:18:45 (5356686602424) STATS - 49.9, 0
2018-11-13 17:18:45 (5356686649824) STATS - 50.0, 0
2018-11-13 17:18:45 (5356686693425) STATS - 50.1, 0
2018-11-13 17:18:45 (5356686735825) STATS - 50.2, 0
2018-11-13 17:18:45 (5356686778826) STATS - 50.3, 0
2018-11-13 17:18:45 (5356686824727) STATS - 50.4, 0
2018-11-13 17:18:45 (5356686867527) STATS - 50.5, 0
2018-11-13 17:18:45 (5356686921928) STATS - 50.6, 0
2018-11-13 17:18:45 (5356686962328) STATS - 50.7, 0
2018-11-13 17:18:45 (5356687005629) STATS - 50.8, 0
2018-11-13 17:18:45 (5356687047729) STATS - 50.9, 0
2018-11-13 17:18:45 (5356687087630) STATS - 51.0, 0
2018-11-13 17:18:45 (5356687152731) STATS - 51.1, 0
2018-11-13 17:18:45 (5356687214531) STATS - 51.2, 0
2018-11-13 17:18:45 (5356687260632) STATS - 51.3, 0
2018-11-13 17:18:45 (5356687306233) STATS - 51.4, 0
2018-11-13 17:18:45 (5356687361533) STATS - 51.5, 0
2018-11-13 17:18:45 (5356687405334) STATS - 51.6, 0
2018-11-13 17:18:45 (5356687448434) STATS - 51.7, 0
2018-11-13 17:18:45 (5356687493435) STATS - 51.8, 0
2018-11-13 17:18:45 (5356687549036) STATS - 51.9, 0
2018-11-13 17:18:45 (5356687589836) STATS - 52.0, 0
2018-11-13 17:18:45 (5356687631037) STATS - 52.1, 0
2018-11-13 17:18:45 (5356687672237) STATS - 52.2, 0
2018-11-13 17:18:45 (5356687713438) STATS - 52.3, 0
2018-11-13 17:18:45 (5356687754638) STATS - 52.4, 0
2018-11-13 17:18:45 (5356687796039) STATS - 52.5, 0
2018-11-13 17:18:45 (5356687839539) STATS - 52.6, 0
2018-11-13 17:18:45 (5356687882840) STATS - 52.7, 0
2018-11-13 17:18:45 (5356687923840) STATS - 52.8, 0
2018-11-13 17:18:45 (5356687966541) STATS - 52.9, 0
2018-11-13 17:18:45 (5356688036442) STATS - 53.0, 0
2018-11-13 17:18:45 (5356688082342) STATS - 53.1, 0
2018-11-13 17:18:45 (5356695326332) STATS - 53.2, 0
2018-11-13 17:18:45 (5356695381833) STATS - 53.3, 0
2018-11-13 17:18:45 (5356695464134) STATS - 53.4, 0
2018-11-13 17:18:45 (5356695518435) STATS - 53.5, 0
2018-11-13 17:18:45 (5356695568635) STATS - 53.6, 0
2018-11-13 17:18:45 (5356695606436) STATS - 53.7, 0
2018-11-13 17:18:45 (5356695644036) STATS - 53.8, 0
2018-11-13 17:18:45 (5356695681737) STATS - 53.9, 0
2018-11-13 17:18:45 (5356695718237) STATS - 54.0, 0
2018-11-13 17:18:45 (5356695755938) STATS - 54.1, 0
2018-11-13 17:18:45 (5356695802238) STATS - 54.2, 0
2018-11-13 17:18:45 (5356695841539) STATS - 54.3, 0
2018-11-13 17:18:45 (5356695909839) STATS - 54.4, 0
2018-11-13 17:18:45 (5356695954340) STATS - 54.5, 0
2018-11-13 17:18:45 (5356695992140) STATS - 54.6, 0
2018-11-13 17:18:45 (5356696046441) STATS - 54.7, 0
2018-11-13 17:18:45 (5356696085142) STATS - 54.8, 0
2018-11-13 17:18:45 (5356696122842) STATS - 54.9, 0
2018-11-13 17:18:45 (5356696159043) STATS - 55.0, 0
2018-11-13 17:18:45 (5356696196043) STATS - 55.1, 0
2018-11-13 17:18:45 (5356696232843) STATS - 55.2, 0
2018-11-13 17:18:45 (5356696270244) STATS - 55.3, 0
2018-11-13 17:18:45 (5356696307644) STATS - 55.4, 0
2018-11-13 17:18:45 (5356696344645) STATS - 55.5, 0
2018-11-13 17:18:45 (5356696381345) STATS - 55.6, 0
2018-11-13 17:18:45 (5356696428146) STATS - 55.7, 0
2018-11-13 17:18:45 (5356696464546) STATS - 55.8, 0
2018-11-13 17:18:45 (5356696500647) STATS - 55.9, 0
2018-11-13 17:18:45 (5356696535947) STATS - 56.0, 0
2018-11-13 17:18:45 (5356696584048) STATS - 56.1, 0
2018-11-13 17:18:45 (5356696618948) STATS - 56.2, 0
2018-11-13 17:18:45 (5356696653949) STATS - 56.3, 0
2018-11-13 17:18:45 (5356696725650) STATS - 56.4, 0
2018-11-13 17:18:45 (5356696790950) STATS - 56.5, 0
2018-11-13 17:18:45 (5356696831051) STATS - 56.6, 0
2018-11-13 17:18:45 (5356696867751) STATS - 56.7, 0
2018-11-13 17:18:45 (5356696904152) STATS - 56.8, 0
2018-11-13 17:18:45 (5356696941152) STATS - 56.9, 0
2018-11-13 17:18:45 (5356696976753) STATS - 57.0, 0
2018-11-13 17:18:45 (5356697012953) STATS - 57.1, 0
2018-11-13 17:18:45 (5356697048754) STATS - 57.2, 0
2018-11-13 17:18:45 (5356697107154) STATS - 57.3, 0
2018-11-13 17:18:45 (5356697140655) STATS - 57.4, 0
2018-11-13 17:18:45 (5356697173855) STATS - 57.5, 0
2018-11-13 17:18:45 (5356697206456) STATS - 57.6, 0
2018-11-13 17:18:45 (5356697251256) STATS - 57.7, 0
2018-11-13 17:18:45 (5356697286557) STATS - 57.8, 0
2018-11-13 17:18:45 (5356697323357) STATS - 57.9, 0
2018-11-13 17:18:45 (5356697357357) STATS - 58.0, 0
2018-11-13 17:18:45 (5356697391858) STATS - 58.1, 0
2018-11-13 17:18:45 (5356697426258) STATS - 58.2, 0
2018-11-13 17:18:45 (5356697463759) STATS - 58.3, 0
2018-11-13 17:18:45 (5356697519859) STATS - 58.4, 0
2018-11-13 17:18:45 (5356697560860) STATS - 58.5, 0
2018-11-13 17:18:45 (5356697619261) STATS - 58.6, 0
2018-11-13 17:18:45 (5356697655961) STATS - 58.7, 0
2018-11-13 17:18:45 (5356697689662) STATS - 58.8, 0
2018-11-13 17:18:45 (5356697723062) STATS - 58.9, 0
2018-11-13 17:18:45 (5356697755862) STATS - 59.0, 0
2018-11-13 17:18:45 (5356697789363) STATS - 59.1, 0
2018-11-13 17:18:45 (5356697823063) STATS - 59.2, 0
2018-11-13 17:18:45 (5356697856564) STATS - 59.3, 0
2018-11-13 17:18:45 (5356697890364) STATS - 59.4, 0
2018-11-13 17:18:45 (5356697926365) STATS - 59.5, 0
2018-11-13 17:18:45 (5356697962665) STATS - 59.6, 0
2018-11-13 17:18:45 (5356697998265) STATS - 59.7, 0
2018-11-13 17:18:45 (5356698033166) STATS - 59.8, 0
2018-11-13 17:18:45 (5356705209455) STATS - 59.9, 0
2018-11-13 17:18:45 (5356705297756) STATS - 60.0, 0
2018-11-13 17:18:45 (5356705376257) STATS - 60.1, 0
2018-11-13 17:18:45 (5356705450558) STATS - 60.2, 0
2018-11-13 17:18:45 (5356705498059) STATS - 60.3, 0
2018-11-13 17:18:45 (5356705530459) STATS - 60.4, 0
2018-11-13 17:18:45 (5356705567459) STATS - 60.5, 0
2018-11-13 17:18:45 (5356705600860) STATS - 60.6, 0
2018-11-13 17:18:45 (5356705636660) STATS - 60.7, 0
2018-11-13 17:18:45 (5356705669561) STATS - 60.8, 0
2018-11-13 17:18:45 (5356705702061) STATS - 60.9, 0
2018-11-13 17:18:45 (5356705733562) STATS - 61.0, 0
2018-11-13 17:18:45 (5356705765962) STATS - 61.1, 0
2018-11-13 17:18:45 (5356705798362) STATS - 61.2, 0
2018-11-13 17:18:45 (5356705832163) STATS - 61.3, 0
2018-11-13 17:18:45 (5356705864463) STATS - 61.4, 0
2018-11-13 17:18:45 (5356705896364) STATS - 61.5, 0
2018-11-13 17:18:45 (5356705927864) STATS - 61.6, 0
2018-11-13 17:18:45 (5356705959964) STATS - 61.7, 0
2018-11-13 17:18:45 (5356705992265) STATS - 61.8, 0
2018-11-13 17:18:45 (5356706116166) STATS - 61.9, 0
2018-11-13 17:18:45 (5356706181567) STATS - 62.0, 0
2018-11-13 17:18:45 (5356706241068) STATS - 62.1, 0
2018-11-13 17:18:45 (5356706297669) STATS - 62.2, 0
2018-11-13 17:18:45 (5356706351269) STATS - 62.3, 0
2018-11-13 17:18:45 (5356706416570) STATS - 62.4, 0
2018-11-13 17:18:45 (5356706456570) STATS - 62.5, 0
2018-11-13 17:18:45 (5356706492871) STATS - 62.6, 0
2018-11-13 17:18:45 (5356706528271) STATS - 62.7, 0
2018-11-13 17:18:45 (5356706562772) STATS - 62.8, 0
2018-11-13 17:18:45 (5356706597672) STATS - 62.9, 0
2018-11-13 17:18:45 (5356706633373) STATS - 63.0, 0
2018-11-13 17:18:45 (5356706668073) STATS - 63.1, 0
2018-11-13 17:18:45 (5356706758774) STATS - 63.2, 0
2018-11-13 17:18:45 (5356706797975) STATS - 63.3, 0
2018-11-13 17:18:45 (5356706844875) STATS - 63.4, 0
2018-11-13 17:18:45 (5356706880076) STATS - 63.5, 0
2018-11-13 17:18:45 (5356706914476) STATS - 63.6, 0
2018-11-13 17:18:45 (5356706948977) STATS - 63.7, 0
2018-11-13 17:18:45 (5356706983077) STATS - 63.8, 0
2018-11-13 17:18:45 (5356707020478) STATS - 63.9, 0
2018-11-13 17:18:45 (5356707057178) STATS - 64.0, 0
2018-11-13 17:18:45 (5356707104579) STATS - 64.1, 0
2018-11-13 17:18:45 (5356707160379) STATS - 64.2, 0
2018-11-13 17:18:45 (5356707193780) STATS - 64.3, 0
2018-11-13 17:18:45 (5356707256380) STATS - 64.4, 0
2018-11-13 17:18:45 (5356707296181) STATS - 64.5, 0
2018-11-13 17:18:45 (5356707343482) STATS - 64.6, 0
2018-11-13 17:18:45 (5356707378782) STATS - 64.7, 0
2018-11-13 17:18:45 (5356707413682) STATS - 64.8, 0
2018-11-13 17:18:45 (5356707448683) STATS - 64.9, 0
2018-11-13 17:18:45 (5356707501183) STATS - 65.0, 0
2018-11-13 17:18:45 (5356707551184) STATS - 65.1, 0
2018-11-13 17:18:45 (5356707601885) STATS - 65.2, 0
2018-11-13 17:18:45 (5356707648985) STATS - 65.3, 0
2018-11-13 17:18:45 (5356707729086) STATS - 65.4, 0
2018-11-13 17:18:45 (5356707766987) STATS - 65.5, 0
2018-11-13 17:18:45 (5356707803387) STATS - 65.6, 0
2018-11-13 17:18:45 (5356707857688) STATS - 65.7, 0
2018-11-13 17:18:45 (5356707929789) STATS - 65.8, 0
2018-11-13 17:18:45 (5356707963789) STATS - 65.9, 0
2018-11-13 17:18:45 (5356707996690) STATS - 66.0, 0
2018-11-13 17:18:45 (5356715135678) STATS - 66.1, 0
2018-11-13 17:18:45 (5356715189579) STATS - 66.2, 0
2018-11-13 17:18:45 (5356715222979) STATS - 66.3, 0
2018-11-13 17:18:45 (5356715256680) STATS - 66.4, 0
2018-11-13 17:18:45 (5356715287380) STATS - 66.5, 0
2018-11-13 17:18:45 (5356715316881) STATS - 66.6, 0
2018-11-13 17:18:45 (5356715358381) STATS - 66.7, 0
2018-11-13 17:18:45 (5356715387181) STATS - 66.8, 0
2018-11-13 17:18:45 (5356715414882) STATS - 66.9, 0
2018-11-13 17:18:45 (5356715456282) STATS - 67.0, 0
2018-11-13 17:18:45 (5356715483783) STATS - 67.1, 0
2018-11-13 17:18:45 (5356715510783) STATS - 67.2, 0
2018-11-13 17:18:45 (5356715537583) STATS - 67.3, 0
2018-11-13 17:18:45 (5356715564084) STATS - 67.4, 0
2018-11-13 17:18:45 (5356715590484) STATS - 67.5, 0
2018-11-13 17:18:45 (5356715616984) STATS - 67.6, 0
2018-11-13 17:18:45 (5356715643485) STATS - 67.7, 0
2018-11-13 17:18:45 (5356715669985) STATS - 67.8, 0
2018-11-13 17:18:45 (5356715696385) STATS - 67.9, 0
2018-11-13 17:18:45 (5356715723386) STATS - 68.0, 0
2018-11-13 17:18:45 (5356715749786) STATS - 68.1, 0
2018-11-13 17:18:45 (5356715786586) STATS - 68.2, 0
2018-11-13 17:18:45 (5356715811987) STATS - 68.3, 0
2018-11-13 17:18:45 (5356715838787) STATS - 68.4, 0
2018-11-13 17:18:45 (5356716056590) STATS - 68.5, 0
2018-11-13 17:18:45 (5356716088190) STATS - 68.6, 0
2018-11-13 17:18:45 (5356716116691) STATS - 68.7, 0
2018-11-13 17:18:45 (5356716145191) STATS - 68.8, 0
2018-11-13 17:18:45 (5356716172891) STATS - 68.9, 0
2018-11-13 17:18:45 (5356716201792) STATS - 69.0, 0
2018-11-13 17:18:45 (5356716230092) STATS - 69.1, 0
2018-11-13 17:18:45 (5356716258192) STATS - 69.2, 0
2018-11-13 17:18:45 (5356716323693) STATS - 69.3, 0
2018-11-13 17:18:45 (5356716350193) STATS - 69.4, 0
2018-11-13 17:18:45 (5356716377094) STATS - 69.5, 0
2018-11-13 17:18:45 (5356716403794) STATS - 69.6, 0
2018-11-13 17:18:45 (5356716433994) STATS - 69.7, 0
2018-11-13 17:18:45 (5356716462795) STATS - 69.8, 0
2018-11-13 17:18:45 (5356716489195) STATS - 69.9, 0
2018-11-13 17:18:45 (5356716517096) STATS - 70.0, 0
2018-11-13 17:18:45 (5356716543996) STATS - 70.1, 0
2018-11-13 17:18:45 (5356716570596) STATS - 70.2, 0
2018-11-13 17:18:45 (5356716597897) STATS - 70.3, 0
2018-11-13 17:18:45 (5356716624697) STATS - 70.4, 0
2018-11-13 17:18:45 (5356716651097) STATS - 70.5, 0
2018-11-13 17:18:45 (5356716677798) STATS - 70.6, 0
2018-11-13 17:18:45 (5356716703898) STATS - 70.7, 0
2018-11-13 17:18:45 (5356716742598) STATS - 70.8, 0
2018-11-13 17:18:45 (5356716770299) STATS - 70.9, 0
2018-11-13 17:18:45 (5356716797799) STATS - 71.0, 0
2018-11-13 17:18:45 (5356716837799) STATS - 71.1, 0
2018-11-13 17:18:45 (5356716865300) STATS - 71.2, 0
2018-11-13 17:18:45 (5356716893100) STATS - 71.3, 0
2018-11-13 17:18:45 (5356716921001) STATS - 71.4, 0
2018-11-13 17:18:45 (5356716949001) STATS - 71.5, 0
2018-11-13 17:18:45 (5356716976701) STATS - 71.6, 0
2018-11-13 17:18:45 (5356717004502) STATS - 71.7, 0
2018-11-13 17:18:45 (5356717032202) STATS - 71.8, 0
2018-11-13 17:18:45 (5356717064902) STATS - 71.9, 0
2018-11-13 17:18:45 (5356717094603) STATS - 72.0, 0
2018-11-13 17:18:45 (5356717122703) STATS - 72.1, 0
2018-11-13 17:18:45 (5356717150803) STATS - 72.2, 0
2018-11-13 17:18:45 (5356717178904) STATS - 72.3, 0
2018-11-13 17:18:45 (5356717206804) STATS - 72.4, 0
2018-11-13 17:18:45 (5356717234304) STATS - 72.5, 0
2018-11-13 17:18:45 (5356717289805) STATS - 72.6, 0
2018-11-13 17:18:45 (5356717319205) STATS - 72.7, 0
2018-11-13 17:18:45 (5356717347406) STATS - 72.8, 0
2018-11-13 17:18:45 (5356717374906) STATS - 72.9, 0
2018-11-13 17:18:45 (5356717403207) STATS - 73.0, 0
2018-11-13 17:18:45 (5356717431407) STATS - 73.1, 0
2018-11-13 17:18:45 (5356717459407) STATS - 73.2, 0
2018-11-13 17:18:45 (5356717497508) STATS - 73.3, 0
2018-11-13 17:18:45 (5356717524508) STATS - 73.4, 0
2018-11-13 17:18:45 (5356717551508) STATS - 73.5, 0
2018-11-13 17:18:45 (5356717578609) STATS - 73.6, 0
2018-11-13 17:18:45 (5356717605409) STATS - 73.7, 0
2018-11-13 17:18:45 (5356717632309) STATS - 73.8, 0
2018-11-13 17:18:45 (5356717659410) STATS - 73.9, 0
2018-11-13 17:18:45 (5356717698810) STATS - 74.0, 0
2018-11-13 17:18:45 (5356717761711) STATS - 74.1, 0
2018-11-13 17:18:45 (5356717807512) STATS - 74.2, 0
2018-11-13 17:18:45 (5356717837312) STATS - 74.3, 0
2018-11-13 17:18:45 (5356717868712) STATS - 74.4, 0
2018-11-13 17:18:45 (5356717896513) STATS - 74.5, 0
2018-11-13 17:18:45 (5356717924313) STATS - 74.6, 0
2018-11-13 17:18:45 (5356717961613) STATS - 74.7, 0
2018-11-13 17:18:45 (5356717995014) STATS - 74.8, 0
2018-11-13 17:18:45 (5356718030614) STATS - 74.9, 0
2018-11-13 17:18:45 (5356724985401) STATS - 75.0, 0
2018-11-13 17:18:45 (5356725171903) STATS - 75.1, 0
2018-11-13 17:18:45 (5356725288704) STATS - 75.2, 0
2018-11-13 17:18:45 (5356725353605) STATS - 75.3, 0
2018-11-13 17:18:45 (5356725408006) STATS - 75.4, 0
2018-11-13 17:18:45 (5356725443506) STATS - 75.5, 0
2018-11-13 17:18:45 (5356725492007) STATS - 75.6, 0
2018-11-13 17:18:45 (5356725543308) STATS - 75.7, 0
2018-11-13 17:18:45 (5356725603508) STATS - 75.8, 0
2018-11-13 17:18:45 (5356725633209) STATS - 75.9, 0
2018-11-13 17:18:45 (5356725663509) STATS - 76.0, 0
2018-11-13 17:18:45 (5356725691309) STATS - 76.1, 0
2018-11-13 17:18:45 (5356725718810) STATS - 76.2, 0
2018-11-13 17:18:45 (5356725746510) STATS - 76.3, 0
2018-11-13 17:18:45 (5356725789711) STATS - 76.4, 0
2018-11-13 17:18:45 (5356725818411) STATS - 76.5, 0
2018-11-13 17:18:45 (5356725845911) STATS - 76.6, 0
2018-11-13 17:18:45 (5356725879712) STATS - 76.7, 0
2018-11-13 17:18:45 (5356725913912) STATS - 76.8, 0
2018-11-13 17:18:45 (5356725942313) STATS - 76.9, 0
2018-11-13 17:18:45 (5356725970213) STATS - 77.0, 0
2018-11-13 17:18:45 (5356726000213) STATS - 77.1, 0
2018-11-13 17:18:45 (5356726042114) STATS - 77.2, 0
2018-11-13 17:18:45 (5356726070814) STATS - 77.3, 0
2018-11-13 17:18:45 (5356726097815) STATS - 77.4, 0
2018-11-13 17:18:45 (5356726124115) STATS - 77.5, 0
2018-11-13 17:18:45 (5356726150915) STATS - 77.6, 0
2018-11-13 17:18:45 (5356726177416) STATS - 77.7, 0
2018-11-13 17:18:45 (5356726204116) STATS - 77.8, 0
2018-11-13 17:18:45 (5356726230316) STATS - 77.9, 0
2018-11-13 17:18:45 (5356726257217) STATS - 78.0, 0
2018-11-13 17:18:45 (5356726295417) STATS - 78.1, 0
2018-11-13 17:18:45 (5356726324917) STATS - 78.2, 0
2018-11-13 17:18:45 (5356726353818) STATS - 78.3, 0
2018-11-13 17:18:45 (5356726381218) STATS - 78.4, 0
2018-11-13 17:18:45 (5356726418319) STATS - 78.5, 0
2018-11-13 17:18:45 (5356726445419) STATS - 78.6, 0
2018-11-13 17:18:45 (5356726470619) STATS - 78.7, 0
2018-11-13 17:18:45 (5356726495719) STATS - 78.8, 0
2018-11-13 17:18:45 (5356726520420) STATS - 78.9, 0
2018-11-13 17:18:45 (5356726546120) STATS - 79.0, 0
2018-11-13 17:18:45 (5356726571920) STATS - 79.1, 0
2018-11-13 17:18:45 (5356726597221) STATS - 79.2, 0
2018-11-13 17:18:45 (5356726632321) STATS - 79.3, 0
2018-11-13 17:18:45 (5356726660122) STATS - 79.4, 0
2018-11-13 17:18:45 (5356726684722) STATS - 79.5, 0
2018-11-13 17:18:45 (5356726709422) STATS - 79.6, 0
2018-11-13 17:18:45 (5356726733922) STATS - 79.7, 0
2018-11-13 17:18:45 (5356726758423) STATS - 79.8, 0
2018-11-13 17:18:45 (5356726782823) STATS - 79.9, 0
2018-11-13 17:18:45 (5356726809123) STATS - 80.0, 0
2018-11-13 17:18:45 (5356726851124) STATS - 80.1, 0
2018-11-13 17:18:45 (5356726876324) STATS - 80.2, 0
2018-11-13 17:18:45 (5356726923525) STATS - 80.3, 0
2018-11-13 17:18:45 (5356726953725) STATS - 80.4, 0
2018-11-13 17:18:45 (5356726983726) STATS - 80.5, 0
2018-11-13 17:18:45 (5356727010826) STATS - 80.6, 0
2018-11-13 17:18:45 (5356727035226) STATS - 80.7, 0
2018-11-13 17:18:45 (5356727060127) STATS - 80.8, 0
2018-11-13 17:18:45 (5356727084327) STATS - 80.9, 0
2018-11-13 17:18:45 (5356727109427) STATS - 81.0, 0
2018-11-13 17:18:45 (5356727134027) STATS - 81.1, 0
2018-11-13 17:18:45 (5356727158028) STATS - 81.2, 0
2018-11-13 17:18:45 (5356727182328) STATS - 81.3, 0
2018-11-13 17:18:45 (5356727247329) STATS - 81.4, 0
2018-11-13 17:18:45 (5356727274629) STATS - 81.5, 0
2018-11-13 17:18:45 (5356727300129) STATS - 81.6, 0
2018-11-13 17:18:45 (5356727324430) STATS - 81.7, 0
2018-11-13 17:18:45 (5356727352430) STATS - 81.8, 0
2018-11-13 17:18:45 (5356727377430) STATS - 81.9, 0
2018-11-13 17:18:45 (5356727402431) STATS - 82.0, 0
2018-11-13 17:18:45 (5356727427231) STATS - 82.1, 0
2018-11-13 17:18:45 (5356727451231) STATS - 82.2, 0
2018-11-13 17:18:45 (5356727475232) STATS - 82.3, 0
2018-11-13 17:18:45 (5356727503032) STATS - 82.4, 0
2018-11-13 17:18:45 (5356727527332) STATS - 82.5, 0
2018-11-13 17:18:45 (5356727551333) STATS - 82.6, 0
2018-11-13 17:18:45 (5356727587233) STATS - 82.7, 0
2018-11-13 17:18:45 (5356727612133) STATS - 82.8, 0
2018-11-13 17:18:45 (5356727636734) STATS - 82.9, 0
2018-11-13 17:18:45 (5356727664234) STATS - 83.0, 0
2018-11-13 17:18:45 (5356727690034) STATS - 83.1, 0
2018-11-13 17:18:45 (5356727715335) STATS - 83.2, 0
2018-11-13 17:18:45 (5356727742035) STATS - 83.3, 0
2018-11-13 17:18:45 (5356727767535) STATS - 83.4, 0
2018-11-13 17:18:45 (5356727794436) STATS - 83.5, 0
2018-11-13 17:18:45 (5356727819836) STATS - 83.6, 0
2018-11-13 17:18:45 (5356727857536) STATS - 83.7, 0
2018-11-13 17:18:45 (5356734985525) STATS - 83.8, 0
2018-11-13 17:18:45 (5356735074126) STATS - 83.9, 0
2018-11-13 17:18:45 (5356735106326) STATS - 84.0, 0
2018-11-13 17:18:45 (5356735131727) STATS - 84.1, 0
2018-11-13 17:18:45 (5356735155227) STATS - 84.2, 0
2018-11-13 17:18:45 (5356735178727) STATS - 84.3, 0
2018-11-13 17:18:45 (5356735202228) STATS - 84.4, 0
2018-11-13 17:18:45 (5356735225128) STATS - 84.5, 0
2018-11-13 17:18:45 (5356735247828) STATS - 84.6, 0
2018-11-13 17:18:45 (5356735270429) STATS - 84.7, 0
2018-11-13 17:18:45 (5356735292829) STATS - 84.8, 0
2018-11-13 17:18:45 (5356735314929) STATS - 84.9, 0
2018-11-13 17:18:45 (5356735338129) STATS - 85.0, 0
2018-11-13 17:18:45 (5356735361130) STATS - 85.1, 0
2018-11-13 17:18:45 (5356735383230) STATS - 85.2, 0
2018-11-13 17:18:45 (5356735408230) STATS - 85.3, 0
2018-11-13 17:18:45 (5356735431031) STATS - 85.4, 0
2018-11-13 17:18:45 (5356735453231) STATS - 85.5, 0
2018-11-13 17:18:45 (5356735475631) STATS - 85.6, 0
2018-11-13 17:18:45 (5356735500131) STATS - 85.7, 0
2018-11-13 17:18:45 (5356735522532) STATS - 85.8, 0
2018-11-13 17:18:45 (5356735544532) STATS - 85.9, 0
2018-11-13 17:18:45 (5356735567132) STATS - 86.0, 0
2018-11-13 17:18:45 (5356735590733) STATS - 86.1, 0
2018-11-13 17:18:45 (5356735613133) STATS - 86.2, 0
2018-11-13 17:18:45 (5356735635433) STATS - 86.3, 0
2018-11-13 17:18:45 (5356735657133) STATS - 86.4, 0
2018-11-13 17:18:45 (5356735679334) STATS - 86.5, 0
2018-11-13 17:18:45 (5356735712134) STATS - 86.6, 0
2018-11-13 17:18:45 (5356735745934) STATS - 86.7, 0
2018-11-13 17:18:45 (5356735767835) STATS - 86.8, 0
2018-11-13 17:18:45 (5356735800535) STATS - 86.9, 0
2018-11-13 17:18:45 (5356735823935) STATS - 87.0, 0
2018-11-13 17:18:45 (5356735846636) STATS - 87.1, 0
2018-11-13 17:18:45 (5356735868636) STATS - 87.2, 0
2018-11-13 17:18:45 (5356735890536) STATS - 87.3, 0
2018-11-13 17:18:45 (5356735912336) STATS - 87.4, 0
2018-11-13 17:18:45 (5356735934137) STATS - 87.5, 0
2018-11-13 17:18:45 (5356735956237) STATS - 87.6, 0
2018-11-13 17:18:45 (5356735978137) STATS - 87.7, 0
2018-11-13 17:18:45 (5356736012638) STATS - 87.8, 0
2018-11-13 17:18:45 (5356736059938) STATS - 87.9, 0
2018-11-13 17:18:45 (5356736093939) STATS - 88.0, 0
2018-11-13 17:18:45 (5356736130239) STATS - 88.1, 0
2018-11-13 17:18:45 (5356736151939) STATS - 88.2, 0
2018-11-13 17:18:45 (5356736173740) STATS - 88.3, 0
2018-11-13 17:18:45 (5356736194940) STATS - 88.4, 0
2018-11-13 17:18:45 (5356736216140) STATS - 88.5, 0
2018-11-13 17:18:45 (5356736237441) STATS - 88.6, 0
2018-11-13 17:18:45 (5356736258641) STATS - 88.7, 0
2018-11-13 17:18:45 (5356736279941) STATS - 88.8, 0
2018-11-13 17:18:45 (5356736303041) STATS - 88.9, 0
2018-11-13 17:18:45 (5356736325442) STATS - 89.0, 0
2018-11-13 17:18:45 (5356736347242) STATS - 89.1, 0
2018-11-13 17:18:45 (5356736368542) STATS - 89.2, 0
2018-11-13 17:18:45 (5356736389742) STATS - 89.3, 0
2018-11-13 17:18:45 (5356736411143) STATS - 89.4, 0
2018-11-13 17:18:45 (5356736444443) STATS - 89.5, 0
2018-11-13 17:18:45 (5356736468243) STATS - 89.6, 0
2018-11-13 17:18:45 (5356736489344) STATS - 89.7, 0
2018-11-13 17:18:45 (5356736510444) STATS - 89.8, 0
2018-11-13 17:18:45 (5356736550644) STATS - 89.9, 0
2018-11-13 17:18:45 (5356736595345) STATS - 90.0, 0
2018-11-13 17:18:45 (5356736620345) STATS - 90.1, 0
2018-11-13 17:18:45 (5356736642646) STATS - 90.2, 0
2018-11-13 17:18:45 (5356736664346) STATS - 90.3, 0
2018-11-13 17:18:45 (5356736685546) STATS - 90.4, 0
2018-11-13 17:18:45 (5356736706746) STATS - 90.5, 0
2018-11-13 17:18:45 (5356736728047) STATS - 90.6, 0
2018-11-13 17:18:45 (5356736748847) STATS - 90.7, 0
2018-11-13 17:18:45 (5356736770047) STATS - 90.8, 0
2018-11-13 17:18:45 (5356736791047) STATS - 90.9, 0
2018-11-13 17:18:45 (5356736813548) STATS - 91.0, 0
2018-11-13 17:18:45 (5356736835048) STATS - 91.1, 0
2018-11-13 17:18:45 (5356736855848) STATS - 91.2, 0
2018-11-13 17:18:45 (5356736876948) STATS - 91.3, 0
2018-11-13 17:18:45 (5356736897949) STATS - 91.4, 0
2018-11-13 17:18:45 (5356736918949) STATS - 91.5, 0
2018-11-13 17:18:45 (5356736942349) STATS - 91.6, 0
2018-11-13 17:18:45 (5356736991350) STATS - 91.7, 0
2018-11-13 17:18:45 (5356737016250) STATS - 91.8, 0
2018-11-13 17:18:45 (5356737050451) STATS - 91.9, 0
2018-11-13 17:18:45 (5356737073551) STATS - 92.0, 0
2018-11-13 17:18:45 (5356737096151) STATS - 92.1, 0
2018-11-13 17:18:45 (5356737118451) STATS - 92.2, 0
2018-11-13 17:18:45 (5356737140552) STATS - 92.3, 0
2018-11-13 17:18:45 (5356737162652) STATS - 92.4, 0
2018-11-13 17:18:45 (5356737206053) STATS - 92.5, 0
2018-11-13 17:18:45 (5356737235453) STATS - 92.6, 0
2018-11-13 17:18:45 (5356737257753) STATS - 92.7, 0
2018-11-13 17:18:45 (5356737280153) STATS - 92.8, 0
2018-11-13 17:18:45 (5356737302154) STATS - 92.9, 0
2018-11-13 17:18:45 (5356737324754) STATS - 93.0, 0
2018-11-13 17:18:45 (5356737347054) STATS - 93.1, 0
2018-11-13 17:18:45 (5356737369055) STATS - 93.2, 0
2018-11-13 17:18:45 (5356737391655) STATS - 93.3, 0
2018-11-13 17:18:45 (5356737413755) STATS - 93.4, 0
2018-11-13 17:18:45 (5356737436255) STATS - 93.5, 0
2018-11-13 17:18:45 (5356737458056) STATS - 93.6, 0
2018-11-13 17:18:45 (5356737480256) STATS - 93.7, 0
2018-11-13 17:18:45 (5356737502556) STATS - 93.8, 0
2018-11-13 17:18:45 (5356737524957) STATS - 93.9, 0
2018-11-13 17:18:45 (5356737546957) STATS - 94.0, 0
2018-11-13 17:18:45 (5356737568957) STATS - 94.1, 0
2018-11-13 17:18:45 (5356737590257) STATS - 94.2, 0
2018-11-13 17:18:45 (5356737611758) STATS - 94.3, 0
2018-11-13 17:18:45 (5356737633158) STATS - 94.4, 0
2018-11-13 17:18:45 (5356737655058) STATS - 94.5, 0
2018-11-13 17:18:45 (5356737676758) STATS - 94.6, 0
2018-11-13 17:18:45 (5356737698159) STATS - 94.7, 0
2018-11-13 17:18:45 (5356737719859) STATS - 94.8, 0
2018-11-13 17:18:45 (5356737741359) STATS - 94.9, 0
2018-11-13 17:18:45 (5356737763359) STATS - 95.0, 0
2018-11-13 17:18:45 (5356737785060) STATS - 95.1, 0
2018-11-13 17:18:45 (5356737807060) STATS - 95.2, 0
2018-11-13 17:18:45 (5356744893548) STATS - 95.3, 0
2018-11-13 17:18:45 (5356744946449) STATS - 95.4, 0
2018-11-13 17:18:45 (5356744973249) STATS - 95.5, 0
2018-11-13 17:18:45 (5356744996049) STATS - 95.6, 0
2018-11-13 17:18:45 (5356745017550) STATS - 95.7, 0
2018-11-13 17:18:45 (5356745038450) STATS - 95.8, 0
2018-11-13 17:18:45 (5356745059050) STATS - 95.9, 0
2018-11-13 17:18:45 (5356745080850) STATS - 96.0, 0
2018-11-13 17:18:45 (5356745106351) STATS - 96.1, 0
2018-11-13 17:18:45 (5356745127351) STATS - 96.2, 0
2018-11-13 17:18:45 (5356745148351) STATS - 96.3, 0
2018-11-13 17:18:45 (5356745180852) STATS - 96.4, 0
2018-11-13 17:18:45 (5356745200752) STATS - 96.5, 0
2018-11-13 17:18:45 (5356745220552) STATS - 96.6, 0
2018-11-13 17:18:45 (5356745240452) STATS - 96.7, 0
2018-11-13 17:18:45 (5356745260353) STATS - 96.8, 0
2018-11-13 17:18:45 (5356745298453) STATS - 96.9, 0
2018-11-13 17:18:45 (5356745333854) STATS - 97.0, 0
2018-11-13 17:18:45 (5356745356854) STATS - 97.1, 0
2018-11-13 17:18:45 (5356745389954) STATS - 97.2, 0
2018-11-13 17:18:45 (5356745411055) STATS - 97.3, 0
2018-11-13 17:18:45 (5356745437455) STATS - 97.4, 0
2018-11-13 17:18:45 (5356745458355) STATS - 97.5, 0
2018-11-13 17:18:45 (5356745479355) STATS - 97.6, 0
2018-11-13 17:18:45 (5356745499956) STATS - 97.7, 0
2018-11-13 17:18:45 (5356745520856) STATS - 97.8, 0
2018-11-13 17:18:45 (5356745541756) STATS - 97.9, 0
2018-11-13 17:18:45 (5356745595157) STATS - 98.0, 0
2018-11-13 17:18:45 (5356745639257) STATS - 98.1, 0
2018-11-13 17:18:45 (5356745675758) STATS - 98.2, 0
2018-11-13 17:18:45 (5356745708058) STATS - 98.3, 0
2018-11-13 17:18:45 (5356745728658) STATS - 98.4, 0
2018-11-13 17:18:45 (5356745748959) STATS - 98.5, 0
2018-11-13 17:18:45 (5356745769659) STATS - 98.6, 0
2018-11-13 17:18:45 (5356745790159) STATS - 98.7, 0
2018-11-13 17:18:45 (5356745811159) STATS - 98.8, 0
2018-11-13 17:18:45 (5356745831760) STATS - 98.9, 0
2018-11-13 17:18:45 (5356745852960) STATS - 99.0, 0
2018-11-13 17:18:45 (5356745873460) STATS - 99.1, 0
2018-11-13 17:18:45 (5356745893461) STATS - 99.2, 0
2018-11-13 17:18:45 (5356745913761) STATS - 99.3, 0
2018-11-13 17:18:45 (5356745934061) STATS - 99.4, 0
2018-11-13 17:18:45 (5356745954461) STATS - 99.5, 0
2018-11-13 17:18:45 (5356745974862) STATS - 99.6, 0
2018-11-13 17:18:45 (5356745995262) STATS - 99.7, 0
2018-11-13 17:18:45 (5356746028262) STATS - 99.8, 0
2018-11-13 17:18:45 (5356746049062) STATS - 99.9, 0
2018-11-13 17:18:45 (5356746072263) STATS - 100.0, 0
2018-11-13 17:18:45 (5356746094363) STATS - 100.1, 0
2018-11-13 17:18:45 (5356746115563) STATS - 100.2, 0
2018-11-13 17:18:45 (5356746137164) STATS - 100.3, 0
2018-11-13 17:18:45 (5356746158364) STATS - 100.4, 0
2018-11-13 17:18:45 (5356746179664) STATS - 100.5, 0
2018-11-13 17:18:45 (5356746211364) STATS - 100.6, 0
2018-11-13 17:18:45 (5356746241465) STATS - 100.7, 0
2018-11-13 17:18:45 (5356746308066) STATS - 100.8, 0
2018-11-13 17:18:45 (5356746330866) STATS - 100.9, 0
2018-11-13 17:18:45 (5356746353266) STATS - 101.0, 0
2018-11-13 17:18:45 (5356746374766) STATS - 101.1, 0
2018-11-13 17:18:45 (5356746396367) STATS - 101.2, 0
2018-11-13 17:18:45 (5356746417467) STATS - 101.3, 0
2018-11-13 17:18:45 (5356746438367) STATS - 101.4, 0
2018-11-13 17:18:45 (5356746459768) STATS - 101.5, 0
2018-11-13 17:18:45 (5356746480968) STATS - 101.6, 0
2018-11-13 17:18:45 (5356746502068) STATS - 101.7, 0
2018-11-13 17:18:45 (5356746523268) STATS - 101.8, 0
2018-11-13 17:18:45 (5356746544469) STATS - 101.9, 0
2018-11-13 17:18:45 (5356746567669) STATS - 102.0, 0
2018-11-13 17:18:45 (5356746589169) STATS - 102.1, 0
2018-11-13 17:18:45 (5356746610069) STATS - 102.2, 0
2018-11-13 17:18:45 (5356746631570) STATS - 102.3, 0
2018-11-13 17:18:45 (5356746655470) STATS - 102.4, 0
2018-11-13 17:18:45 (5356746676970) STATS - 102.5, 0
2018-11-13 17:18:45 (5356746698371) STATS - 102.6, 0
2018-11-13 17:18:45 (5356746719271) STATS - 102.7, 0
2018-11-13 17:18:45 (5356746740671) STATS - 102.8, 0
2018-11-13 17:18:45 (5356746761771) STATS - 102.9, 0
2018-11-13 17:18:45 (5356746783172) STATS - 103.0, 0
2018-11-13 17:18:45 (5356746804372) STATS - 103.1, 0
2018-11-13 17:18:45 (5356746825472) STATS - 103.2, 0
2018-11-13 17:18:45 (5356746857873) STATS - 103.3, 0
2018-11-13 17:18:45 (5356746878573) STATS - 103.4, 0
2018-11-13 17:18:45 (5356746898973) STATS - 103.5, 0
2018-11-13 17:18:45 (5356746919473) STATS - 103.6, 0
2018-11-13 17:18:45 (5356746939874) STATS - 103.7, 0
2018-11-13 17:18:45 (5356746973274) STATS - 103.8, 0
2018-11-13 17:18:45 (5356746994774) STATS - 103.9, 0
2018-11-13 17:18:45 (5356747016474) STATS - 104.0, 0
2018-11-13 17:18:45 (5356747037475) STATS - 104.1, 0
2018-11-13 17:18:45 (5356747058075) STATS - 104.2, 0
2018-11-13 17:18:45 (5356747079075) STATS - 104.3, 0
2018-11-13 17:18:45 (5356747110376) STATS - 104.4, 0
2018-11-13 17:18:45 (5356747130776) STATS - 104.5, 0
2018-11-13 17:18:45 (5356747463680) STATS - 104.6, 0
2018-11-13 17:18:45 (5356747495680) STATS - 104.7, 0
2018-11-13 17:18:45 (5356747518181) STATS - 104.8, 0
2018-11-13 17:18:45 (5356747539581) STATS - 104.9, 0
2018-11-13 17:18:45 (5356747562081) STATS - 105.0, 0
2018-11-13 17:18:45 (5356747587282) STATS - 105.1, 0
2018-11-13 17:18:45 (5356747609482) STATS - 105.2, 0
2018-11-13 17:18:45 (5356747630982) STATS - 105.3, 0
2018-11-13 17:18:45 (5356747652182) STATS - 105.4, 0
2018-11-13 17:18:45 (5356747693683) STATS - 105.5, 0
2018-11-13 17:18:45 (5356747719483) STATS - 105.6, 0
2018-11-13 17:18:45 (5356747741083) STATS - 105.7, 0
2018-11-13 17:18:45 (5356747762184) STATS - 105.8, 0
2018-11-13 17:18:45 (5356747783584) STATS - 105.9, 0
2018-11-13 17:18:45 (5356747806984) STATS - 106.0, 0
2018-11-13 17:18:45 (5356747830685) STATS - 106.1, 0
2018-11-13 17:18:45 (5356747852385) STATS - 106.2, 0
2018-11-13 17:18:45 (5356747874285) STATS - 106.3, 0
2018-11-13 17:18:45 (5356747895485) STATS - 106.4, 0
2018-11-13 17:18:45 (5356747916886) STATS - 106.5, 0
2018-11-13 17:18:45 (5356747938286) STATS - 106.6, 0
2018-11-13 17:18:45 (5356747959386) STATS - 106.7, 0
2018-11-13 17:18:45 (5356747980986) STATS - 106.8, 0
2018-11-13 17:18:45 (5356754873872) STATS - 106.9, 0
2018-11-13 17:18:45 (5356754937573) STATS - 107.0, 0
2018-11-13 17:18:45 (5356754960973) STATS - 107.1, 0
2018-11-13 17:18:45 (5356754980273) STATS - 107.2, 0
2018-11-13 17:18:45 (5356754998474) STATS - 107.3, 0
2018-11-13 17:18:45 (5356755016974) STATS - 107.4, 0
2018-11-13 17:18:45 (5356755035474) STATS - 107.5, 0
2018-11-13 17:18:45 (5356755053374) STATS - 107.6, 0
2018-11-13 17:18:45 (5356755071375) STATS - 107.7, 0
2018-11-13 17:18:45 (5356755100175) STATS - 107.8, 0
2018-11-13 17:18:45 (5356755117775) STATS - 107.9, 0
2018-11-13 17:18:45 (5356755135875) STATS - 108.0, 0
2018-11-13 17:18:45 (5356755153476) STATS - 108.1, 0
2018-11-13 17:18:45 (5356755172776) STATS - 108.2, 0
2018-11-13 17:18:45 (5356755191576) STATS - 108.3, 0
2018-11-13 17:18:45 (5356755209276) STATS - 108.4, 0
2018-11-13 17:18:45 (5356755226976) STATS - 108.5, 0
2018-11-13 17:18:45 (5356755245077) STATS - 108.6, 0
2018-11-13 17:18:45 (5356755262877) STATS - 108.7, 0
2018-11-13 17:18:45 (5356755280877) STATS - 108.8, 0
2018-11-13 17:18:45 (5356755298777) STATS - 108.9, 0
2018-11-13 17:18:45 (5356755317078) STATS - 109.0, 0
2018-11-13 17:18:45 (5356755335078) STATS - 109.1, 0
2018-11-13 17:18:45 (5356755352878) STATS - 109.2, 0
2018-11-13 17:18:45 (5356755370478) STATS - 109.3, 0
2018-11-13 17:18:45 (5356755390279) STATS - 109.4, 0
2018-11-13 17:18:45 (5356755409279) STATS - 109.5, 0
2018-11-13 17:18:45 (5356755427179) STATS - 109.6, 0
2018-11-13 17:18:45 (5356755444779) STATS - 109.7, 0
2018-11-13 17:18:45 (5356755462379) STATS - 109.8, 0
2018-11-13 17:18:45 (5356755479980) STATS - 109.9, 0
2018-11-13 17:18:45 (5356755499380) STATS - 110.0, 0
2018-11-13 17:18:45 (5356755517280) STATS - 110.1, 0
2018-11-13 17:18:45 (5356755536280) STATS - 110.2, 0
2018-11-13 17:18:45 (5356755553581) STATS - 110.3, 0
2018-11-13 17:18:45 (5356755570881) STATS - 110.4, 0
2018-11-13 17:18:45 (5356755587981) STATS - 110.5, 0
2018-11-13 17:18:45 (5356755605381) STATS - 110.6, 0
2018-11-13 17:18:45 (5356755624081) STATS - 110.7, 0
2018-11-13 17:18:45 (5356755641782) STATS - 110.8, 0
2018-11-13 17:18:45 (5356755658782) STATS - 110.9, 0
2018-11-13 17:18:45 (5356755676182) STATS - 111.0, 0
2018-11-13 17:18:45 (5356755693582) STATS - 111.1, 0
2018-11-13 17:18:45 (5356755710783) STATS - 111.2, 0
2018-11-13 17:18:45 (5356755728083) STATS - 111.3, 0
2018-11-13 17:18:45 (5356755745583) STATS - 111.4, 0
2018-11-13 17:18:45 (5356755762783) STATS - 111.5, 0
2018-11-13 17:18:45 (5356755779983) STATS - 111.6, 0
2018-11-13 17:18:45 (5356755798484) STATS - 111.7, 0
2018-11-13 17:18:45 (5356755816084) STATS - 111.8, 0
2018-11-13 17:18:45 (5356755833584) STATS - 111.9, 0
2018-11-13 17:18:45 (5356755851084) STATS - 112.0, 0
2018-11-13 17:18:45 (5356755868784) STATS - 112.1, 0
2018-11-13 17:18:45 (5356755886185) STATS - 112.2, 0
2018-11-13 17:18:45 (5356755903685) STATS - 112.3, 0
2018-11-13 17:18:45 (5356755920785) STATS - 112.4, 0
2018-11-13 17:18:45 (5356755939185) STATS - 112.5, 0
2018-11-13 17:18:45 (5356755956886) STATS - 112.6, 0
2018-11-13 17:18:45 (5356755974186) STATS - 112.7, 0
2018-11-13 17:18:45 (5356755991486) STATS - 112.8, 0
2018-11-13 17:18:45 (5356756024786) STATS - 112.9, 0
2018-11-13 17:18:45 (5356756044887) STATS - 113.0, 0
2018-11-13 17:18:45 (5356756062987) STATS - 113.1, 0
2018-11-13 17:18:45 (5356756080487) STATS - 113.2, 0
2018-11-13 17:18:45 (5356756097787) STATS - 113.3, 0
2018-11-13 17:18:45 (5356756115388) STATS - 113.4, 0
2018-11-13 17:18:45 (5356756134788) STATS - 113.5, 0
2018-11-13 17:18:45 (5356756168688) STATS - 113.6, 0
2018-11-13 17:18:45 (5356756188288) STATS - 113.7, 0
2018-11-13 17:18:45 (5356756206689) STATS - 113.8, 0
2018-11-13 17:18:45 (5356756223989) STATS - 113.9, 0
2018-11-13 17:18:45 (5356756241789) STATS - 114.0, 0
2018-11-13 17:18:45 (5356756259289) STATS - 114.1, 0
2018-11-13 17:18:45 (5356756287390) STATS - 114.2, 0
2018-11-13 17:18:45 (5356756306090) STATS - 114.3, 0
2018-11-13 17:18:45 (5356756323690) STATS - 114.4, 0
2018-11-13 17:18:45 (5356756341190) STATS - 114.5, 0
2018-11-13 17:18:45 (5356756358691) STATS - 114.6, 0
2018-11-13 17:18:45 (5356756375891) STATS - 114.7, 0
2018-11-13 17:18:45 (5356756393191) STATS - 114.8, 0
2018-11-13 17:18:45 (5356756410191) STATS - 114.9, 0
2018-11-13 17:18:45 (5356756427491) STATS - 115.0, 0
2018-11-13 17:18:45 (5356756444792) STATS - 115.1, 0
2018-11-13 17:18:45 (5356756467892) STATS - 115.2, 0
2018-11-13 17:18:45 (5356756487292) STATS - 115.3, 0
2018-11-13 17:18:45 (5356756504892) STATS - 115.4, 0
2018-11-13 17:18:45 (5356756522093) STATS - 115.5, 0
2018-11-13 17:18:45 (5356756539393) STATS - 115.6, 0
2018-11-13 17:18:45 (5356756556593) STATS - 115.7, 0
2018-11-13 17:18:45 (5356756573693) STATS - 115.8, 0
2018-11-13 17:18:45 (5356756590693) STATS - 115.9, 0
2018-11-13 17:18:45 (5356756607894) STATS - 116.0, 0
2018-11-13 17:18:45 (5356756625594) STATS - 116.1, 0
2018-11-13 17:18:45 (5356756642594) STATS - 116.2, 0
2018-11-13 17:18:45 (5356756659994) STATS - 116.3, 0
2018-11-13 17:18:45 (5356756677095) STATS - 116.4, 0
2018-11-13 17:18:45 (5356756704295) STATS - 116.5, 0
2018-11-13 17:18:45 (5356756721895) STATS - 116.6, 0
2018-11-13 17:18:45 (5356756738995) STATS - 116.7, 0
2018-11-13 17:18:45 (5356756756095) STATS - 116.8, 0
2018-11-13 17:18:45 (5356756773396) STATS - 116.9, 0
2018-11-13 17:18:45 (5356756790896) STATS - 117.0, 0
2018-11-13 17:18:45 (5356756808696) STATS - 117.1, 0
2018-11-13 17:18:45 (5356756825796) STATS - 117.2, 0
2018-11-13 17:18:45 (5356756842797) STATS - 117.3, 0
2018-11-13 17:18:45 (5356756871597) STATS - 117.4, 0
2018-11-13 17:18:45 (5356756889497) STATS - 117.5, 0
2018-11-13 17:18:45 (5356756908097) STATS - 117.6, 0
2018-11-13 17:18:45 (5356756926398) STATS - 117.7, 0
2018-11-13 17:18:45 (5356756943998) STATS - 117.8, 0
2018-11-13 17:18:45 (5356756981898) STATS - 117.9, 0
2018-11-13 17:18:45 (5356757004599) STATS - 118.0, 0
2018-11-13 17:18:45 (5356757022799) STATS - 118.1, 0
2018-11-13 17:18:45 (5356757040499) STATS - 118.2, 0
2018-11-13 17:18:45 (5356757058099) STATS - 118.3, 0
2018-11-13 17:18:45 (5356757075599) STATS - 118.4, 0
2018-11-13 17:18:45 (5356757093000) STATS - 118.5, 0
2018-11-13 17:18:45 (5356757112300) STATS - 118.6, 0
2018-11-13 17:18:45 (5356757132100) STATS - 118.7, 0
2018-11-13 17:18:45 (5356757150200) STATS - 118.8, 0
2018-11-13 17:18:45 (5356757167901) STATS - 118.9, 0
2018-11-13 17:18:45 (5356757186001) STATS - 119.0, 0
2018-11-13 17:18:45 (5356757203701) STATS - 119.1, 0
2018-11-13 17:18:45 (5356757222301) STATS - 119.2, 0
2018-11-13 17:18:45 (5356757240102) STATS - 119.3, 0
2018-11-13 17:18:45 (5356757257602) STATS - 119.4, 0
2018-11-13 17:18:45 (5356757275302) STATS - 119.5, 0
2018-11-13 17:18:45 (5356757292902) STATS - 119.6, 0
2018-11-13 17:18:45 (5356757310702) STATS - 119.7, 0
2018-11-13 17:18:45 (5356757328203) STATS - 119.8, 0
2018-11-13 17:18:45 (5356757345703) STATS - 119.9, 0
2018-11-13 17:18:45 (5356757364103) STATS - 120.0, 0
2018-11-13 17:18:45 (5356757404304) STATS - 120.1, 0
2018-11-13 17:18:45 (5356757422904) STATS - 120.2, 0
2018-11-13 17:18:45 (5356757440204) STATS - 120.3, 0
2018-11-13 17:18:45 (5356757457304) STATS - 120.4, 0
2018-11-13 17:18:45 (5356757474404) STATS - 120.5, 0
2018-11-13 17:18:45 (5356757491705) STATS - 120.6, 0
2018-11-13 17:18:45 (5356757508605) STATS - 120.7, 0
2018-11-13 17:18:45 (5356757525905) STATS - 120.8, 0
2018-11-13 17:18:45 (5356757543205) STATS - 120.9, 0
2018-11-13 17:18:45 (5356757584406) STATS - 121.0, 0
2018-11-13 17:18:45 (5356757606106) STATS - 121.1, 0
2018-11-13 17:18:45 (5356757623806) STATS - 121.2, 0
2018-11-13 17:18:45 (5356757641306) STATS - 121.3, 0
2018-11-13 17:18:45 (5356757658507) STATS - 121.4, 0
2018-11-13 17:18:45 (5356757675407) STATS - 121.5, 0
2018-11-13 17:18:45 (5356764745895) STATS - 121.6, 0
2018-11-13 17:18:45 (5356764819696) STATS - 121.7, 0
2018-11-13 17:18:45 (5356764839996) STATS - 121.8, 0
2018-11-13 17:18:45 (5356764854896) STATS - 121.9, 0
2018-11-13 17:18:45 (5356764871096) STATS - 122.0, 0
2018-11-13 17:18:45 (5356764885697) STATS - 122.1, 0
2018-11-13 17:18:45 (5356764899797) STATS - 122.2, 0
2018-11-13 17:18:45 (5356764913997) STATS - 122.3, 0
2018-11-13 17:18:45 (5356764927897) STATS - 122.4, 0
2018-11-13 17:18:45 (5356764946097) STATS - 122.5, 0
2018-11-13 17:18:45 (5356764960497) STATS - 122.6, 0
2018-11-13 17:18:45 (5356764974398) STATS - 122.7, 0
2018-11-13 17:18:45 (5356764988498) STATS - 122.8, 0
2018-11-13 17:18:45 (5356765002298) STATS - 122.9, 0
2018-11-13 17:18:45 (5356765016598) STATS - 123.0, 0
2018-11-13 17:18:45 (5356765030598) STATS - 123.1, 0
2018-11-13 17:18:45 (5356765044698) STATS - 123.2, 0
2018-11-13 17:18:45 (5356765058299) STATS - 123.3, 0
2018-11-13 17:18:45 (5356765072299) STATS - 123.4, 0
2018-11-13 17:18:45 (5356765085899) STATS - 123.5, 0
2018-11-13 17:18:45 (5356765126299) STATS - 123.6, 0
2018-11-13 17:18:45 (5356765158800) STATS - 123.7, 0
2018-11-13 17:18:45 (5356765173700) STATS - 123.8, 0
2018-11-13 17:18:45 (5356765188000) STATS - 123.9, 0
2018-11-13 17:18:45 (5356765203100) STATS - 124.0, 0
2018-11-13 17:18:45 (5356765217801) STATS - 124.1, 0
2018-11-13 17:18:45 (5356765232101) STATS - 124.2, 0
2018-11-13 17:18:45 (5356765246401) STATS - 124.3, 0
2018-11-13 17:18:45 (5356765260501) STATS - 124.4, 0
2018-11-13 17:18:45 (5356765274701) STATS - 124.5, 0
2018-11-13 17:18:45 (5356765288902) STATS - 124.6, 0
2018-11-13 17:18:45 (5356765303002) STATS - 124.7, 0
2018-11-13 17:18:45 (5356765317102) STATS - 124.8, 0
2018-11-13 17:18:45 (5356765331202) STATS - 124.9, 0
2018-11-13 17:18:45 (5356765345402) STATS - 125.0, 0
2018-11-13 17:18:45 (5356765360002) STATS - 125.1, 0
2018-11-13 17:18:45 (5356765374303) STATS - 125.2, 0
2018-11-13 17:18:45 (5356765388703) STATS - 125.3, 0
2018-11-13 17:18:45 (5356765403003) STATS - 125.4, 0
2018-11-13 17:18:45 (5356765417103) STATS - 125.5, 0
2018-11-13 17:18:45 (5356765436003) STATS - 125.6, 0
2018-11-13 17:18:45 (5356765450804) STATS - 125.7, 0
2018-11-13 17:18:45 (5356765465304) STATS - 125.8, 0
2018-11-13 17:18:45 (5356765479304) STATS - 125.9, 0
2018-11-13 17:18:45 (5356765495704) STATS - 126.0, 0
2018-11-13 17:18:45 (5356765517304) STATS - 126.1, 0
2018-11-13 17:18:45 (5356765532005) STATS - 126.2, 0
2018-11-13 17:18:45 (5356765560105) STATS - 126.3, 0
2018-11-13 17:18:45 (5356765581205) STATS - 126.4, 0
2018-11-13 17:18:45 (5356765597105) STATS - 126.5, 0
2018-11-13 17:18:45 (5356765611306) STATS - 126.6, 0
2018-11-13 17:18:45 (5356765625606) STATS - 126.7, 0
2018-11-13 17:18:45 (5356765639906) STATS - 126.8, 0
2018-11-13 17:18:45 (5356765653806) STATS - 126.9, 0
2018-11-13 17:18:45 (5356765668706) STATS - 127.0, 0
2018-11-13 17:18:45 (5356765696007) STATS - 127.1, 0
2018-11-13 17:18:45 (5356765710207) STATS - 127.2, 0
2018-11-13 17:18:45 (5356765724107) STATS - 127.3, 0
2018-11-13 17:18:45 (5356765737807) STATS - 127.4, 0
2018-11-13 17:18:45 (5356765751607) STATS - 127.5, 0
2018-11-13 17:18:45 (5356765765407) STATS - 127.6, 0
2018-11-13 17:18:45 (5356765779008) STATS - 127.7, 0
2018-11-13 17:18:45 (5356765792708) STATS - 127.8, 0
2018-11-13 17:18:45 (5356765806208) STATS - 127.9, 0
2018-11-13 17:18:45 (5356765820208) STATS - 128.0, 0
2018-11-13 17:18:45 (5356765834108) STATS - 128.1, 0
2018-11-13 17:18:45 (5356765847808) STATS - 128.2, 0
2018-11-13 17:18:45 (5356765861409) STATS - 128.3, 0
2018-11-13 17:18:45 (5356765875009) STATS - 128.4, 0
2018-11-13 17:18:45 (5356765888609) STATS - 128.5, 0
2018-11-13 17:18:45 (5356765902309) STATS - 128.6, 0
2018-11-13 17:18:45 (5356765916209) STATS - 128.7, 0
2018-11-13 17:18:45 (5356765929909) STATS - 128.8, 0
2018-11-13 17:18:45 (5356765943610) STATS - 128.9, 0
2018-11-13 17:18:45 (5356765957410) STATS - 129.0, 0
2018-11-13 17:18:45 (5356765971410) STATS - 129.1, 0
2018-11-13 17:18:45 (5356765985210) STATS - 129.2, 0
2018-11-13 17:18:45 (5356765999010) STATS - 129.3, 0
2018-11-13 17:18:45 (5356766012811) STATS - 129.4, 0
2018-11-13 17:18:45 (5356766026511) STATS - 129.5, 0
2018-11-13 17:18:45 (5356766040211) STATS - 129.6, 0
2018-11-13 17:18:45 (5356766053811) STATS - 129.7, 0
2018-11-13 17:18:45 (5356766067511) STATS - 129.8, 0
2018-11-13 17:18:45 (5356766083311) STATS - 129.9, 0
2018-11-13 17:18:45 (5356766097712) STATS - 130.0, 0
2018-11-13 17:18:45 (5356766112512) STATS - 130.1, 0
2018-11-13 17:18:45 (5356766127012) STATS - 130.2, 0
2018-11-13 17:18:45 (5356766140912) STATS - 130.3, 0
2018-11-13 17:18:45 (5356766166412) STATS - 130.4, 0
2018-11-13 17:18:45 (5356766180813) STATS - 130.5, 0
2018-11-13 17:18:45 (5356766194813) STATS - 130.6, 0
2018-11-13 17:18:45 (5356766208813) STATS - 130.7, 0
2018-11-13 17:18:45 (5356766222713) STATS - 130.8, 0
2018-11-13 17:18:45 (5356766236813) STATS - 130.9, 0
2018-11-13 17:18:45 (5356766251313) STATS - 131.0, 0
2018-11-13 17:18:45 (5356766265614) STATS - 131.1, 0
2018-11-13 17:18:45 (5356766279414) STATS - 131.2, 0
2018-11-13 17:18:45 (5356766294514) STATS - 131.3, 0
2018-11-13 17:18:45 (5356766309014) STATS - 131.4, 0
2018-11-13 17:18:45 (5356766323214) STATS - 131.5, 0
2018-11-13 17:18:45 (5356766337215) STATS - 131.6, 0
2018-11-13 17:18:45 (5356766351415) STATS - 131.7, 0
2018-11-13 17:18:45 (5356766365415) STATS - 131.8, 0
2018-11-13 17:18:45 (5356766379715) STATS - 131.9, 0
2018-11-13 17:18:45 (5356766393915) STATS - 132.0, 0
2018-11-13 17:18:45 (5356766408215) STATS - 132.1, 0
2018-11-13 17:18:45 (5356766422216) STATS - 132.2, 0
2018-11-13 17:18:45 (5356766436216) STATS - 132.3, 0
2018-11-13 17:18:45 (5356766450216) STATS - 132.4, 0
2018-11-13 17:18:45 (5356766465316) STATS - 132.5, 0
2018-11-13 17:18:45 (5356766479616) STATS - 132.6, 0
2018-11-13 17:18:45 (5356766493816) STATS - 132.7, 0
2018-11-13 17:18:45 (5356766507817) STATS - 132.8, 0
2018-11-13 17:18:45 (5356766521717) STATS - 132.9, 0
2018-11-13 17:18:45 (5356766535817) STATS - 133.0, 0
2018-11-13 17:18:45 (5356766550217) STATS - 133.1, 0
2018-11-13 17:18:45 (5356766564317) STATS - 133.2, 0
2018-11-13 17:18:45 (5356766578218) STATS - 133.3, 0
2018-11-13 17:18:45 (5356766604318) STATS - 133.4, 0
2018-11-13 17:18:45 (5356766618018) STATS - 133.5, 0
2018-11-13 17:18:45 (5356766631718) STATS - 133.6, 0
2018-11-13 17:18:45 (5356766645218) STATS - 133.7, 0
2018-11-13 17:18:45 (5356766659419) STATS - 133.8, 0
2018-11-13 17:18:45 (5356766673419) STATS - 133.9, 0
2018-11-13 17:18:45 (5356766687519) STATS - 134.0, 0
2018-11-13 17:18:45 (5356766701619) STATS - 134.1, 0
2018-11-13 17:18:45 (5356766715419) STATS - 134.2, 0
2018-11-13 17:18:45 (5356766729419) STATS - 134.3, 0
2018-11-13 17:18:45 (5356766743120) STATS - 134.4, 0
2018-11-13 17:18:45 (5356766756820) STATS - 134.5, 0
2018-11-13 17:18:45 (5356766770420) STATS - 134.6, 0
2018-11-13 17:18:45 (5356766796620) STATS - 134.7, 0
2018-11-13 17:18:45 (5356766810620) STATS - 134.8, 0
2018-11-13 17:18:45 (5356766824421) STATS - 134.9, 0
2018-11-13 17:18:45 (5356766840121) STATS - 135.0, 0
2018-11-13 17:18:45 (5356766855921) STATS - 135.1, 0
2018-11-13 17:18:45 (5356766870221) STATS - 135.2, 0
2018-11-13 17:18:45 (5356766884121) STATS - 135.3, 0
2018-11-13 17:18:45 (5356766898522) STATS - 135.4, 0
2018-11-13 17:18:45 (5356766912722) STATS - 135.5, 0
2018-11-13 17:18:45 (5356766927622) STATS - 135.6, 0
2018-11-13 17:18:45 (5356766941622) STATS - 135.7, 0
2018-11-13 17:18:45 (5356766955622) STATS - 135.8, 0
2018-11-13 17:18:45 (5356766969522) STATS - 135.9, 0
2018-11-13 17:18:45 (5356766983823) STATS - 136.0, 0
2018-11-13 17:18:45 (5356766997923) STATS - 136.1, 0
2018-11-13 17:18:45 (5356767011723) STATS - 136.2, 0
2018-11-13 17:18:45 (5356767026923) STATS - 136.3, 0
2018-11-13 17:18:45 (5356767062624) STATS - 136.4, 0
2018-11-13 17:18:45 (5356767080824) STATS - 136.5, 0
2018-11-13 17:18:45 (5356767108424) STATS - 136.6, 0
2018-11-13 17:18:45 (5356767122624) STATS - 136.7, 0
2018-11-13 17:18:45 (5356767136524) STATS - 136.8, 0
2018-11-13 17:18:45 (5356767150425) STATS - 136.9, 0
2018-11-13 17:18:45 (5356767165125) STATS - 137.0, 0
2018-11-13 17:18:45 (5356767179425) STATS - 137.1, 0
2018-11-13 17:18:45 (5356767193025) STATS - 137.2, 0
2018-11-13 17:18:45 (5356767208325) STATS - 137.3, 0
2018-11-13 17:18:45 (5356767222426) STATS - 137.4, 0
2018-11-13 17:18:45 (5356767235926) STATS - 137.5, 0
2018-11-13 17:18:45 (5356767250226) STATS - 137.6, 0
2018-11-13 17:18:45 (5356767276426) STATS - 137.7, 0
2018-11-13 17:18:45 (5356767291126) STATS - 137.8, 0
2018-11-13 17:18:45 (5356767305327) STATS - 137.9, 0
2018-11-13 17:18:45 (5356767319427) STATS - 138.0, 0
2018-11-13 17:18:45 (5356767333927) STATS - 138.1, 0
2018-11-13 17:18:45 (5356767347927) STATS - 138.2, 0
2018-11-13 17:18:45 (5356767361927) STATS - 138.3, 0
2018-11-13 17:18:45 (5356767375927) STATS - 138.4, 0
2018-11-13 17:18:45 (5356767390028) STATS - 138.5, 0
2018-11-13 17:18:45 (5356767404028) STATS - 138.6, 0
2018-11-13 17:18:45 (5356767418028) STATS - 138.7, 0
2018-11-13 17:18:45 (5356767432228) STATS - 138.8, 0
2018-11-13 17:18:45 (5356767446328) STATS - 138.9, 0
2018-11-13 17:18:45 (5356767460328) STATS - 139.0, 0
2018-11-13 17:18:45 (5356767475429) STATS - 139.1, 0
2018-11-13 17:18:45 (5356767492729) STATS - 139.2, 0
2018-11-13 17:18:45 (5356767508029) STATS - 139.3, 0
2018-11-13 17:18:45 (5356767522329) STATS - 139.4, 0
2018-11-13 17:18:45 (5356767536629) STATS - 139.5, 0
2018-11-13 17:18:45 (5356767550730) STATS - 139.6, 0
2018-11-13 17:18:45 (5356767565030) STATS - 139.7, 0
2018-11-13 17:18:45 (5356767579030) STATS - 139.8, 0
2018-11-13 17:18:45 (5356767593130) STATS - 139.9, 0
2018-11-13 17:18:45 (5356767608730) STATS - 140.0, 0
2018-11-13 17:18:45 (5356774678218) STATS - 140.1, 0
2018-11-13 17:18:45 (5356774717219) STATS - 140.2, 0
2018-11-13 17:18:45 (5356774733419) STATS - 140.3, 0
2018-11-13 17:18:45 (5356774748019) STATS - 140.4, 0
2018-11-13 17:18:45 (5356774762519) STATS - 140.5, 0
2018-11-13 17:18:45 (5356774776619) STATS - 140.6, 0
2018-11-13 17:18:45 (5356774790720) STATS - 140.7, 0
2018-11-13 17:18:45 (5356774805220) STATS - 140.8, 0
2018-11-13 17:18:45 (5356774819420) STATS - 140.9, 0
2018-11-13 17:18:45 (5356774835720) STATS - 141.0, 0
2018-11-13 17:18:45 (5356774850320) STATS - 141.1, 0
2018-11-13 17:18:45 (5356774867921) STATS - 141.2, 0
2018-11-13 17:18:45 (5356774883421) STATS - 141.3, 0
2018-11-13 17:18:45 (5356774898021) STATS - 141.4, 0
2018-11-13 17:18:45 (5356774912321) STATS - 141.5, 0
2018-11-13 17:18:45 (5356774926721) STATS - 141.6, 0
2018-11-13 17:18:45 (5356774941221) STATS - 141.7, 0
2018-11-13 17:18:45 (5356774955622) STATS - 141.8, 0
2018-11-13 17:18:45 (5356774969822) STATS - 141.9, 0
2018-11-13 17:18:45 (5356774985022) STATS - 142.0, 0
2018-11-13 17:18:45 (5356774999722) STATS - 142.1, 0
2018-11-13 17:18:45 (5356775013922) STATS - 142.2, 0
2018-11-13 17:18:45 (5356775028423) STATS - 142.3, 0
2018-11-13 17:18:45 (5356775042523) STATS - 142.4, 0
2018-11-13 17:18:45 (5356775056823) STATS - 142.5, 0
2018-11-13 17:18:45 (5356775071223) STATS - 142.6, 0
2018-11-13 17:18:45 (5356775085423) STATS - 142.7, 0
2018-11-13 17:18:45 (5356775099823) STATS - 142.8, 0
2018-11-13 17:18:45 (5356775114024) STATS - 142.9, 0
2018-11-13 17:18:45 (5356775128424) STATS - 143.0, 0
2018-11-13 17:18:45 (5356775142724) STATS - 143.1, 0
2018-11-13 17:18:45 (5356775156924) STATS - 143.2, 0
2018-11-13 17:18:45 (5356775171024) STATS - 143.3, 0
2018-11-13 17:18:45 (5356775185124) STATS - 143.4, 0
2018-11-13 17:18:45 (5356775200025) STATS - 143.5, 0
2018-11-13 17:18:45 (5356775214625) STATS - 143.6, 0
2018-11-13 17:18:45 (5356775229025) STATS - 143.7, 0
2018-11-13 17:18:45 (5356775243125) STATS - 143.8, 0
2018-11-13 17:18:45 (5356775257325) STATS - 143.9, 0
2018-11-13 17:18:45 (5356775272126) STATS - 144.0, 0
2018-11-13 17:18:45 (5356775286626) STATS - 144.1, 0
2018-11-13 17:18:45 (5356775300826) STATS - 144.2, 0
2018-11-13 17:18:45 (5356775315026) STATS - 144.3, 0
2018-11-13 17:18:45 (5356775329226) STATS - 144.4, 0
2018-11-13 17:18:45 (5356775343226) STATS - 144.5, 0
2018-11-13 17:18:45 (5356775357427) STATS - 144.6, 0
2018-11-13 17:18:45 (5356775372827) STATS - 144.7, 0
2018-11-13 17:18:45 (5356775387627) STATS - 144.8, 0
2018-11-13 17:18:45 (5356775401927) STATS - 144.9, 0
2018-11-13 17:18:45 (5356775416727) STATS - 145.0, 0
2018-11-13 17:18:45 (5356775465128) STATS - 145.1, 0
2018-11-13 17:18:45 (5356775479628) STATS - 145.2, 0
2018-11-13 17:18:45 (5356775492728) STATS - 145.3, 0
2018-11-13 17:18:45 (5356775505328) STATS - 145.4, 0
2018-11-13 17:18:45 (5356775517929) STATS - 145.5, 0
2018-11-13 17:18:45 (5356775530829) STATS - 145.6, 0
2018-11-13 17:18:45 (5356775543529) STATS - 145.7, 0
2018-11-13 17:18:45 (5356775556129) STATS - 145.8, 0
2018-11-13 17:18:45 (5356775569029) STATS - 145.9, 0
2018-11-13 17:18:45 (5356775584029) STATS - 146.0, 0
2018-11-13 17:18:45 (5356775597430) STATS - 146.1, 0
2018-11-13 17:18:45 (5356775610330) STATS - 146.2, 0
2018-11-13 17:18:45 (5356775622930) STATS - 146.3, 0
2018-11-13 17:18:45 (5356775635530) STATS - 146.4, 0
2018-11-13 17:18:45 (5356775648130) STATS - 146.5, 0
2018-11-13 17:18:45 (5356775660430) STATS - 146.6, 0
2018-11-13 17:18:45 (5356775672931) STATS - 146.7, 0
2018-11-13 17:18:45 (5356775697731) STATS - 146.8, 0
2018-11-13 17:18:45 (5356775710731) STATS - 146.9, 0
2018-11-13 17:18:45 (5356775723931) STATS - 147.0, 0
2018-11-13 17:18:45 (5356775737031) STATS - 147.1, 0
2018-11-13 17:18:45 (5356775750132) STATS - 147.2, 0
2018-11-13 17:18:45 (5356775762832) STATS - 147.3, 0
2018-11-13 17:18:45 (5356775775432) STATS - 147.4, 0
2018-11-13 17:18:45 (5356775788132) STATS - 147.5, 0
2018-11-13 17:18:45 (5356775801232) STATS - 147.6, 0
2018-11-13 17:18:45 (5356775814232) STATS - 147.7, 0
2018-11-13 17:18:45 (5356775826932) STATS - 147.8, 0
2018-11-13 17:18:45 (5356775839433) STATS - 147.9, 0
2018-11-13 17:18:45 (5356775852533) STATS - 148.0, 0
2018-11-13 17:18:45 (5356775865633) STATS - 148.1, 0
2018-11-13 17:18:45 (5356775878533) STATS - 148.2, 0
2018-11-13 17:18:45 (5356775891333) STATS - 148.3, 0
2018-11-13 17:18:45 (5356775904033) STATS - 148.4, 0
2018-11-13 17:18:45 (5356775917934) STATS - 148.5, 0
2018-11-13 17:18:45 (5356775930734) STATS - 148.6, 0
2018-11-13 17:18:45 (5356775943634) STATS - 148.7, 0
2018-11-13 17:18:45 (5356775956634) STATS - 148.8, 0
2018-11-13 17:18:45 (5356775969334) STATS - 148.9, 0
2018-11-13 17:18:45 (5356775993035) STATS - 149.0, 0
2018-11-13 17:18:45 (5356776020235) STATS - 149.1, 0
2018-11-13 17:18:45 (5356776035535) STATS - 149.2, 0
2018-11-13 17:18:45 (5356776048235) STATS - 149.3, 0
2018-11-13 17:18:45 (5356776072836) STATS - 149.4, 0
2018-11-13 17:18:45 (5356776085936) STATS - 149.5, 0
2018-11-13 17:18:45 (5356776098936) STATS - 149.6, 0
2018-11-13 17:18:45 (5356776111836) STATS - 149.7, 1
2018-11-13 17:18:45 (5356776124836) STATS - 149.8, 0
2018-11-13 17:18:45 (5356776137536) STATS - 149.9, 0
2018-11-13 17:18:45 (5356776151536) STATS - 150.0, 0
2018-11-13 17:18:45 (5356776165037) STATS - 150.1, 0
2018-11-13 17:18:45 (5356776179237) STATS - 150.2, 0
2018-11-13 17:18:45 (5356776192337) STATS - 150.3, 0
2018-11-13 17:18:45 (5356776205537) STATS - 150.4, 0
2018-11-13 17:18:45 (5356776217937) STATS - 150.5, 0
2018-11-13 17:18:45 (5356776261638) STATS - 150.6, 0
2018-11-13 17:18:45 (5356776279938) STATS - 150.7, 0
2018-11-13 17:18:45 (5356776293438) STATS - 150.8, 0
2018-11-13 17:18:45 (5356776308238) STATS - 150.9, 0
2018-11-13 17:18:45 (5356776323239) STATS - 151.0, 0
2018-11-13 17:18:45 (5356776336739) STATS - 151.1, 0
2018-11-13 17:18:45 (5356776349439) STATS - 151.2, 0
2018-11-13 17:18:45 (5356776362339) STATS - 151.3, 0
2018-11-13 17:18:45 (5356776375139) STATS - 151.4, 0
2018-11-13 17:18:45 (5356776387639) STATS - 151.5, 0
2018-11-13 17:18:45 (5356776401340) STATS - 151.6, 0
2018-11-13 17:18:45 (5356776414340) STATS - 151.7, 0
2018-11-13 17:18:45 (5356776428240) STATS - 151.8, 0
2018-11-13 17:18:45 (5356776490341) STATS - 151.9, 0
2018-11-13 17:18:45 (5356776524241) STATS - 152.0, 0
2018-11-13 17:18:45 (5356776545641) STATS - 152.1, 0
2018-11-13 17:18:45 (5356776559142) STATS - 152.2, 0
2018-11-13 17:18:45 (5356776572042) STATS - 152.3, 0
2018-11-13 17:18:45 (5356776595542) STATS - 152.4, 0
2018-11-13 17:18:45 (5356776629342) STATS - 152.5, 0
2018-11-13 17:18:45 (5356776646143) STATS - 152.6, 0
2018-11-13 17:18:45 (5356776659143) STATS - 152.7, 0
2018-11-13 17:18:45 (5356776672043) STATS - 152.8, 0
2018-11-13 17:18:45 (5356776695243) STATS - 152.9, 0
2018-11-13 17:18:45 (5356776717944) STATS - 153.0, 0
2018-11-13 17:18:45 (5356776731644) STATS - 153.1, 0
2018-11-13 17:18:45 (5356776744444) STATS - 153.2, 0
2018-11-13 17:18:45 (5356776757144) STATS - 153.3, 0
2018-11-13 17:18:45 (5356776769744) STATS - 153.4, 0
2018-11-13 17:18:45 (5356776783544) STATS - 153.5, 0
2018-11-13 17:18:45 (5356776797345) STATS - 153.6, 0
2018-11-13 17:18:45 (5356776810345) STATS - 153.7, 0
2018-11-13 17:18:45 (5356776822945) STATS - 153.8, 0
2018-11-13 17:18:45 (5356776835345) STATS - 153.9, 0
2018-11-13 17:18:45 (5356776848045) STATS - 154.0, 0
2018-11-13 17:18:45 (5356776860945) STATS - 154.1, 0
2018-11-13 17:18:45 (5356776873345) STATS - 154.2, 0
2018-11-13 17:18:45 (5356776885846) STATS - 154.3, 0
2018-11-13 17:18:45 (5356776898346) STATS - 154.4, 0
2018-11-13 17:18:45 (5356776910846) STATS - 154.5, 0
2018-11-13 17:18:45 (5356776923246) STATS - 154.6, 0
2018-11-13 17:18:45 (5356776935646) STATS - 154.7, 0
2018-11-13 17:18:45 (5356776960547) STATS - 154.8, 0
2018-11-13 17:18:45 (5356776972947) STATS - 154.9, 0
2018-11-13 17:18:45 (5356776985347) STATS - 155.0, 0
2018-11-13 17:18:45 (5356776997647) STATS - 155.1, 0
2018-11-13 17:18:45 (5356777009847) STATS - 155.2, 0
2018-11-13 17:18:45 (5356777022047) STATS - 155.3, 0
2018-11-13 17:18:45 (5356777034147) STATS - 155.4, 0
2018-11-13 17:18:45 (5356777046348) STATS - 155.5, 0
2018-11-13 17:18:45 (5356777058648) STATS - 155.6, 0
2018-11-13 17:18:45 (5356777070748) STATS - 155.7, 0
2018-11-13 17:18:45 (5356777082848) STATS - 155.8, 0
2018-11-13 17:18:45 (5356777094948) STATS - 155.9, 0
2018-11-13 17:18:45 (5356777107248) STATS - 156.0, 0
2018-11-13 17:18:45 (5356777119549) STATS - 156.1, 0
2018-11-13 17:18:45 (5356777131649) STATS - 156.2, 0
2018-11-13 17:18:45 (5356777143749) STATS - 156.3, 0
2018-11-13 17:18:45 (5356777167749) STATS - 156.4, 0
2018-11-13 17:18:45 (5356777180149) STATS - 156.5, 0
2018-11-13 17:18:45 (5356777192349) STATS - 156.6, 1
2018-11-13 17:18:45 (5356777205650) STATS - 156.7, 0
2018-11-13 17:18:45 (5356777218750) STATS - 156.8, 1
2018-11-13 17:18:45 (5356777231150) STATS - 156.9, 0
2018-11-13 17:18:45 (5356777243750) STATS - 157.0, 0
2018-11-13 17:18:45 (5356777256250) STATS - 157.1, 0
2018-11-13 17:18:45 (5356777268750) STATS - 157.2, 0
2018-11-13 17:18:45 (5356777281051) STATS - 157.3, 0
2018-11-13 17:18:45 (5356777293751) STATS - 157.4, 0
2018-11-13 17:18:45 (5356777306151) STATS - 157.5, 0
2018-11-13 17:18:45 (5356777318651) STATS - 157.6, 0
2018-11-13 17:18:45 (5356777331151) STATS - 157.7, 0
2018-11-13 17:18:45 (5356777343851) STATS - 157.8, 0
2018-11-13 17:18:45 (5356777356551) STATS - 157.9, 0
2018-11-13 17:18:45 (5356777417852) STATS - 158.0, 0
2018-11-13 17:18:45 (5356777435752) STATS - 158.1, 0
2018-11-13 17:18:45 (5356777448853) STATS - 158.2, 0
2018-11-13 17:18:45 (5356777506353) STATS - 158.3, 0
2018-11-13 17:18:45 (5356777520353) STATS - 158.4, 0
2018-11-13 17:18:45 (5356777532954) STATS - 158.5, 0
2018-11-13 17:18:45 (5356777545454) STATS - 158.6, 0
2018-11-13 17:18:45 (5356784568341) STATS - 158.7, 0
2018-11-13 17:18:45 (5356784598541) STATS - 158.8, 0
2018-11-13 17:18:45 (5356784612542) STATS - 158.9, 0
2018-11-13 17:18:45 (5356784627842) STATS - 159.0, 0
2018-11-13 17:18:45 (5356784641142) STATS - 159.1, 0
2018-11-13 17:18:45 (5356784653742) STATS - 159.2, 0
2018-11-13 17:18:45 (5356784666342) STATS - 159.3, 0
2018-11-13 17:18:45 (5356784678742) STATS - 159.4, 0
2018-11-13 17:18:45 (5356784691243) STATS - 159.5, 0
2018-11-13 17:18:45 (5356784703643) STATS - 159.6, 0
2018-11-13 17:18:45 (5356784716143) STATS - 159.7, 0
2018-11-13 17:18:45 (5356784728543) STATS - 159.8, 0
2018-11-13 17:18:45 (5356784740943) STATS - 159.9, 0
2018-11-13 17:18:45 (5356784754143) STATS - 160.0, 0
2018-11-13 17:18:45 (5356784767044) STATS - 160.1, 0
2018-11-13 17:18:45 (5356784779544) STATS - 160.2, 0
2018-11-13 17:18:45 (5356784792244) STATS - 160.3, 0
2018-11-13 17:18:45 (5356784805744) STATS - 160.4, 0
2018-11-13 17:18:45 (5356784818244) STATS - 160.5, 0
2018-11-13 17:18:45 (5356784830944) STATS - 160.6, 0
2018-11-13 17:18:45 (5356784847545) STATS - 160.7, 0
2018-11-13 17:18:45 (5356784872645) STATS - 160.8, 0
2018-11-13 17:18:45 (5356784887045) STATS - 160.9, 0
2018-11-13 17:18:45 (5356784901145) STATS - 161.0, 0
2018-11-13 17:18:45 (5356784916045) STATS - 161.1, 0
2018-11-13 17:18:45 (5356784929046) STATS - 161.2, 0
2018-11-13 17:18:45 (5356784941846) STATS - 161.3, 0
2018-11-13 17:18:45 (5356784955046) STATS - 161.4, 0
2018-11-13 17:18:45 (5356784967946) STATS - 161.5, 0
2018-11-13 17:18:45 (5356784980646) STATS - 161.6, 1
2018-11-13 17:18:45 (5356784993246) STATS - 161.7, 0
2018-11-13 17:18:45 (5356785007247) STATS - 161.8, 0
2018-11-13 17:18:45 (5356785020247) STATS - 161.9, 0
2018-11-13 17:18:45 (5356785033547) STATS - 162.0, 0
2018-11-13 17:18:45 (5356785046647) STATS - 162.1, 0
2018-11-13 17:18:45 (5356785059447) STATS - 162.2, 0
2018-11-13 17:18:45 (5356785072247) STATS - 162.3, 0
2018-11-13 17:18:45 (5356785085147) STATS - 162.4, 0
2018-11-13 17:18:45 (5356785097948) STATS - 162.5, 0
2018-11-13 17:18:45 (5356785110548) STATS - 162.6, 0
2018-11-13 17:18:45 (5356785123348) STATS - 162.7, 0
2018-11-13 17:18:45 (5356785136148) STATS - 162.8, 0
2018-11-13 17:18:45 (5356785149948) STATS - 162.9, 0
2018-11-13 17:18:45 (5356785163348) STATS - 163.0, 0
2018-11-13 17:18:45 (5356785177549) STATS - 163.1, 0
2018-11-13 17:18:45 (5356785190549) STATS - 163.2, 0
2018-11-13 17:18:45 (5356785203549) STATS - 163.3, 0
2018-11-13 17:18:45 (5356785216249) STATS - 163.4, 0
2018-11-13 17:18:45 (5356785235549) STATS - 163.5, 0
2018-11-13 17:18:45 (5356785248250) STATS - 163.6, 0
2018-11-13 17:18:45 (5356785262050) STATS - 163.7, 0
2018-11-13 17:18:45 (5356785275150) STATS - 163.8, 0
2018-11-13 17:18:45 (5356785287950) STATS - 163.9, 0
2018-11-13 17:18:45 (5356785300850) STATS - 164.0, 1
2018-11-13 17:18:45 (5356785354651) STATS - 164.1, 0
2018-11-13 17:18:45 (5356785370351) STATS - 164.2, 0
2018-11-13 17:18:45 (5356785383651) STATS - 164.3, 0
2018-11-13 17:18:45 (5356785396451) STATS - 164.4, 0
2018-11-13 17:18:45 (5356785409252) STATS - 164.5, 0
2018-11-13 17:18:45 (5356785422152) STATS - 164.6, 1
2018-11-13 17:18:45 (5356785435152) STATS - 164.7, 0
2018-11-13 17:18:45 (5356785451252) STATS - 164.8, 0
2018-11-13 17:18:45 (5356785465752) STATS - 164.9, 0
2018-11-13 17:18:45 (5356785490153) STATS - 165.0, 0
2018-11-13 17:18:45 (5356785522053) STATS - 165.1, 0
2018-11-13 17:18:45 (5356785538453) STATS - 165.2, 0
2018-11-13 17:18:45 (5356785551353) STATS - 165.3, 0
2018-11-13 17:18:45 (5356785563853) STATS - 165.4, 0
2018-11-13 17:18:45 (5356785576754) STATS - 165.5, 0
2018-11-13 17:18:45 (5356785600154) STATS - 165.6, 0
2018-11-13 17:18:45 (5356785612354) STATS - 165.7, 1
2018-11-13 17:18:45 (5356785624154) STATS - 165.8, 1
2018-11-13 17:18:45 (5356785635954) STATS - 165.9, 1
2018-11-13 17:18:45 (5356785648754) STATS - 166.0, 0
2018-11-13 17:18:45 (5356785673955) STATS - 166.1, 0
2018-11-13 17:18:45 (5356785685955) STATS - 166.2, 2
2018-11-13 17:18:45 (5356785697355) STATS - 166.3, 1
2018-11-13 17:18:45 (5356785734256) INFO  - END: Middleware stopped.
