2018-11-13 17:25:00 (5731651444125) INFO  - START: Middleware listening on address 10.0.0.11:8888.
2018-11-13 17:26:24 (5814937636011) STATS -  5.00, 677, 0, 0.200728, 1.933859, 2.243491, 2.243491, 0.000000, 0.000000, 3386, 0, 0, 0.00, 0.00, 0
2018-11-13 17:26:24 (5814967117950) STATS - 10.00, 796, 0, 0.103596, 1.713980, 1.896871, 1.896871, 0.000000, 0.000000, 3980, 0, 0, 0.00, 0.00, 0
2018-11-13 17:26:24 (5814987001279) STATS - 15.00, 818, 0, 0.105542, 1.623473, 1.814495, 1.814495, 0.000000, 0.000000, 4094, 0, 0, 0.00, 0.00, 0
2018-11-13 17:26:24 (5815006225300) STATS - 20.00, 839, 0, 0.100328, 1.636367, 1.799630, 1.799630, 0.000000, 0.000000, 4197, 0, 0, 0.00, 0.00, 0
2018-11-13 17:26:24 (5815017977035) STATS - 25.00, 863, 0, 0.096322, 1.561016, 1.727509, 1.727509, 0.000000, 0.000000, 4315, 0, 0, 0.00, 0.00, 0
2018-11-13 17:26:24 (5815035966342) STATS - 30.00, 829, 0, 0.094409, 1.610312, 1.775494, 1.775494, 0.000000, 0.000000, 4149, 0, 0, 0.00, 0.00, 0
2018-11-13 17:26:24 (5815046652865) STATS - 35.00, 872, 0, 0.099397, 1.487217, 1.666467, 1.666467, 0.000000, 0.000000, 4361, 0, 0, 0.00, 0.00, 0
2018-11-13 17:26:24 (5815056977784) STATS - 40.00, 818, 0, 0.101842, 1.606957, 1.790908, 1.790908, 0.000000, 0.000000, 4093, 0, 0, 0.00, 0.00, 0
2018-11-13 17:26:24 (5815067107400) STATS - 45.00, 783, 0, 0.109509, 1.755103, 1.957903, 1.957903, 0.000000, 0.000000, 3919, 0, 0, 0.00, 0.00, 0
2018-11-13 17:26:24 (5815077007214) STATS - 50.00, 824, 0, 0.106890, 1.612421, 1.809135, 1.809135, 0.000000, 0.000000, 4122, 0, 0, 0.00, 0.00, 0
2018-11-13 17:26:24 (5815086572924) STATS - 55.00, 820, 0, 0.098372, 1.641984, 1.811361, 1.811361, 0.000000, 0.000000, 4103, 0, 0, 0.00, 0.00, 0
2018-11-13 17:26:24 (5815096394537) STATS - 60.00, 824, 0, 0.094334, 1.626410, 1.796048, 1.796048, 0.000000, 0.000000, 4122, 0, 0, 0.00, 0.00, 0
2018-11-13 17:26:24 (5815105323940) STATS - 65.00, 800, 0, 0.104152, 1.730592, 1.931626, 1.931626, 0.000000, 0.000000, 4001, 0, 0, 0.00, 0.00, 0
2018-11-13 17:26:24 (5815106922759) STATS - 70.00, 843, 0, 0.093213, 1.595339, 1.772710, 1.772710, 0.000000, 0.000000, 4216, 0, 0, 0.00, 0.00, 0
2018-11-13 17:26:24 (5815107797069) STATS - 70.00, 10, 0, 0.123992, 1.392905, 1.568561, 1.568561, 0.000000, 0.000000, 53, 0, 0, 0.00, 0.00, 0
2018-11-13 17:26:24 (5815206164900) STATS - Interval, Responses
2018-11-13 17:26:24 (5815206432504) STATS - 0.1, 0
2018-11-13 17:26:24 (5815206582705) STATS - 0.2, 0
2018-11-13 17:26:24 (5815206754107) STATS - 0.3, 0
2018-11-13 17:26:24 (5815206948309) STATS - 0.4, 0
2018-11-13 17:26:24 (5815207381114) STATS - 0.5, 0
2018-11-13 17:26:24 (5815214354895) STATS - 0.6, 94
2018-11-13 17:26:24 (5815214586197) STATS - 0.7, 1391
2018-11-13 17:26:24 (5815214740399) STATS - 0.8, 4508
2018-11-13 17:26:24 (5815214994302) STATS - 0.9, 7594
2018-11-13 17:26:24 (5815215173204) STATS - 1.0, 8268
2018-11-13 17:26:24 (5815215329206) STATS - 1.1, 6678
2018-11-13 17:26:24 (5815215566109) STATS - 1.2, 4946
2018-11-13 17:26:24 (5815215749811) STATS - 1.3, 3427
2018-11-13 17:26:24 (5815215969113) STATS - 1.4, 2578
2018-11-13 17:26:24 (5815216143515) STATS - 1.5, 1996
2018-11-13 17:26:24 (5815216402518) STATS - 1.6, 1562
2018-11-13 17:26:24 (5815216587820) STATS - 1.7, 1223
2018-11-13 17:26:24 (5815216738622) STATS - 1.8, 1016
2018-11-13 17:26:24 (5815216939924) STATS - 1.9, 776
2018-11-13 17:26:24 (5815224259709) STATS - 2.0, 714
2018-11-13 17:26:24 (5815224528612) STATS - 2.1, 590
2018-11-13 17:26:24 (5815224665013) STATS - 2.2, 503
2018-11-13 17:26:24 (5815224795115) STATS - 2.3, 371
2018-11-13 17:26:24 (5815224991517) STATS - 2.4, 355
2018-11-13 17:26:24 (5815225160419) STATS - 2.5, 303
2018-11-13 17:26:24 (5815225335621) STATS - 2.6, 259
2018-11-13 17:26:24 (5815225530223) STATS - 2.7, 218
2018-11-13 17:26:24 (5815225676625) STATS - 2.8, 212
2018-11-13 17:26:24 (5815225907228) STATS - 2.9, 212
2018-11-13 17:26:24 (5815226049829) STATS - 3.0, 188
2018-11-13 17:26:24 (5815226202431) STATS - 3.1, 135
2018-11-13 17:26:24 (5815226364033) STATS - 3.2, 123
2018-11-13 17:26:24 (5815226532035) STATS - 3.3, 120
2018-11-13 17:26:24 (5815226676736) STATS - 3.4, 100
2018-11-13 17:26:24 (5815226841838) STATS - 3.5, 108
2018-11-13 17:26:24 (5815234137822) STATS - 3.6, 99
2018-11-13 17:26:24 (5815234322024) STATS - 3.7, 105
2018-11-13 17:26:24 (5815234559727) STATS - 3.8, 110
2018-11-13 17:26:24 (5815234726329) STATS - 3.9, 105
2018-11-13 17:26:24 (5815234899831) STATS - 4.0, 115
2018-11-13 17:26:24 (5815235053133) STATS - 4.1, 98
2018-11-13 17:26:24 (5815235175834) STATS - 4.2, 85
2018-11-13 17:26:24 (5815235302336) STATS - 4.3, 106
2018-11-13 17:26:24 (5815235425337) STATS - 4.4, 99
2018-11-13 17:26:24 (5815235637340) STATS - 4.5, 111
2018-11-13 17:26:24 (5815235965743) STATS - 4.6, 93
2018-11-13 17:26:24 (5815236172646) STATS - 4.7, 95
2018-11-13 17:26:24 (5815236348048) STATS - 4.8, 122
2018-11-13 17:26:24 (5815236508650) STATS - 4.9, 111
2018-11-13 17:26:24 (5815236679352) STATS - 5.0, 108
2018-11-13 17:26:24 (5815236866854) STATS - 5.1, 96
2018-11-13 17:26:24 (5815244054436) STATS - 5.2, 121
2018-11-13 17:26:24 (5815244178638) STATS - 5.3, 117
2018-11-13 17:26:24 (5815244287039) STATS - 5.4, 114
2018-11-13 17:26:24 (5815244396740) STATS - 5.5, 100
2018-11-13 17:26:24 (5815244503742) STATS - 5.6, 89
2018-11-13 17:26:24 (5815244647143) STATS - 5.7, 91
2018-11-13 17:26:24 (5815244809745) STATS - 5.8, 92
2018-11-13 17:26:24 (5815244932747) STATS - 5.9, 74
2018-11-13 17:26:24 (5815245053348) STATS - 6.0, 97
2018-11-13 17:26:24 (5815245267350) STATS - 6.1, 112
2018-11-13 17:26:24 (5815245416152) STATS - 6.2, 127
2018-11-13 17:26:24 (5815245538153) STATS - 6.3, 100
2018-11-13 17:26:24 (5815245727356) STATS - 6.4, 123
2018-11-13 17:26:24 (5815245876357) STATS - 6.5, 143
2018-11-13 17:26:24 (5815246007359) STATS - 6.6, 149
2018-11-13 17:26:24 (5815246151661) STATS - 6.7, 151
2018-11-13 17:26:24 (5815246281962) STATS - 6.8, 186
2018-11-13 17:26:24 (5815246429464) STATS - 6.9, 202
2018-11-13 17:26:24 (5815246556465) STATS - 7.0, 196
2018-11-13 17:26:24 (5815246690967) STATS - 7.1, 158
2018-11-13 17:26:24 (5815253970451) STATS - 7.2, 229
2018-11-13 17:26:24 (5815254169953) STATS - 7.3, 230
2018-11-13 17:26:24 (5815254348055) STATS - 7.4, 210
2018-11-13 17:26:24 (5815254544657) STATS - 7.5, 190
2018-11-13 17:26:24 (5815254904861) STATS - 7.6, 152
2018-11-13 17:26:24 (5815255102264) STATS - 7.7, 147
2018-11-13 17:26:24 (5815255219365) STATS - 7.8, 121
2018-11-13 17:26:24 (5815255343966) STATS - 7.9, 112
2018-11-13 17:26:24 (5815255469868) STATS - 8.0, 88
2018-11-13 17:26:24 (5815255620970) STATS - 8.1, 75
2018-11-13 17:26:24 (5815255732671) STATS - 8.2, 73
2018-11-13 17:26:24 (5815255854072) STATS - 8.3, 60
2018-11-13 17:26:24 (5815255969174) STATS - 8.4, 37
2018-11-13 17:26:24 (5815256122175) STATS - 8.5, 38
2018-11-13 17:26:24 (5815256237877) STATS - 8.6, 37
2018-11-13 17:26:24 (5815256356078) STATS - 8.7, 30
2018-11-13 17:26:24 (5815256460079) STATS - 8.8, 20
2018-11-13 17:26:24 (5815256562580) STATS - 8.9, 20
2018-11-13 17:26:24 (5815256664982) STATS - 9.0, 13
2018-11-13 17:26:24 (5815263867164) STATS - 9.1, 12
2018-11-13 17:26:24 (5815264013766) STATS - 9.2, 16
2018-11-13 17:26:24 (5815264130567) STATS - 9.3, 33
2018-11-13 17:26:24 (5815264243169) STATS - 9.4, 23
2018-11-13 17:26:24 (5815264373770) STATS - 9.5, 19
2018-11-13 17:26:24 (5815264483771) STATS - 9.6, 6
2018-11-13 17:26:24 (5815264582873) STATS - 9.7, 12
2018-11-13 17:26:24 (5815264738874) STATS - 9.8, 9
2018-11-13 17:26:24 (5815264892276) STATS - 9.9, 13
2018-11-13 17:26:24 (5815265017178) STATS - 10.0, 29
2018-11-13 17:26:24 (5815265131279) STATS - 10.1, 31
2018-11-13 17:26:24 (5815265270581) STATS - 10.2, 11
2018-11-13 17:26:24 (5815265372382) STATS - 10.3, 8
2018-11-13 17:26:24 (5815265474783) STATS - 10.4, 4
2018-11-13 17:26:24 (5815265574084) STATS - 10.5, 11
2018-11-13 17:26:24 (5815265739986) STATS - 10.6, 5
2018-11-13 17:26:24 (5815265880988) STATS - 10.7, 5
2018-11-13 17:26:24 (5815265999289) STATS - 10.8, 4
2018-11-13 17:26:24 (5815266147091) STATS - 10.9, 7
2018-11-13 17:26:24 (5815266290492) STATS - 11.0, 6
2018-11-13 17:26:24 (5815266450694) STATS - 11.1, 4
2018-11-13 17:26:24 (5815266593996) STATS - 11.2, 7
2018-11-13 17:26:24 (5815274037381) STATS - 11.3, 1
2018-11-13 17:26:24 (5815274147283) STATS - 11.4, 5
2018-11-13 17:26:24 (5815274247084) STATS - 11.5, 3
2018-11-13 17:26:24 (5815274346785) STATS - 11.6, 3
2018-11-13 17:26:24 (5815274446786) STATS - 11.7, 1
2018-11-13 17:26:24 (5815274549987) STATS - 11.8, 0
2018-11-13 17:26:24 (5815274648588) STATS - 11.9, 3
2018-11-13 17:26:24 (5815274749190) STATS - 12.0, 4
2018-11-13 17:26:24 (5815274852091) STATS - 12.1, 5
2018-11-13 17:26:24 (5815274951792) STATS - 12.2, 2
2018-11-13 17:26:24 (5815275050893) STATS - 12.3, 2
2018-11-13 17:26:24 (5815275151394) STATS - 12.4, 3
2018-11-13 17:26:24 (5815275252095) STATS - 12.5, 0
2018-11-13 17:26:24 (5815275352897) STATS - 12.6, 3
2018-11-13 17:26:24 (5815275457998) STATS - 12.7, 2
2018-11-13 17:26:24 (5815275561699) STATS - 12.8, 0
2018-11-13 17:26:24 (5815275661200) STATS - 12.9, 2
2018-11-13 17:26:24 (5815275757801) STATS - 13.0, 1
2018-11-13 17:26:24 (5815275858302) STATS - 13.1, 2
2018-11-13 17:26:24 (5815275958204) STATS - 13.2, 4
2018-11-13 17:26:24 (5815276075905) STATS - 13.3, 4
2018-11-13 17:26:24 (5815276175206) STATS - 13.4, 3
2018-11-13 17:26:24 (5815276273307) STATS - 13.5, 2
2018-11-13 17:26:24 (5815276372608) STATS - 13.6, 2
2018-11-13 17:26:24 (5815276471909) STATS - 13.7, 1
2018-11-13 17:26:24 (5815283815194) STATS - 13.8, 3
2018-11-13 17:26:24 (5815283974696) STATS - 13.9, 1
2018-11-13 17:26:24 (5815284089697) STATS - 14.0, 1
2018-11-13 17:26:24 (5815284190198) STATS - 14.1, 2
2018-11-13 17:26:24 (5815284309300) STATS - 14.2, 0
2018-11-13 17:26:24 (5815284405601) STATS - 14.3, 2
2018-11-13 17:26:24 (5815284492202) STATS - 14.4, 1
2018-11-13 17:26:24 (5815284579603) STATS - 14.5, 6
2018-11-13 17:26:24 (5815284666204) STATS - 14.6, 1
2018-11-13 17:26:24 (5815284752905) STATS - 14.7, 0
2018-11-13 17:26:24 (5815284839606) STATS - 14.8, 0
2018-11-13 17:26:24 (5815284927007) STATS - 14.9, 1
2018-11-13 17:26:24 (5815285013408) STATS - 15.0, 2
2018-11-13 17:26:24 (5815285098609) STATS - 15.1, 0
2018-11-13 17:26:24 (5815285185810) STATS - 15.2, 1
2018-11-13 17:26:24 (5815285272111) STATS - 15.3, 0
2018-11-13 17:26:24 (5815285358212) STATS - 15.4, 2
2018-11-13 17:26:24 (5815285692016) STATS - 15.5, 1
2018-11-13 17:26:24 (5815285806617) STATS - 15.6, 0
2018-11-13 17:26:24 (5815285908818) STATS - 15.7, 2
2018-11-13 17:26:24 (5815286036119) STATS - 15.8, 1
2018-11-13 17:26:24 (5815286125320) STATS - 15.9, 0
2018-11-13 17:26:24 (5815286216722) STATS - 16.0, 1
2018-11-13 17:26:24 (5815286307123) STATS - 16.1, 1
2018-11-13 17:26:24 (5815286397124) STATS - 16.2, 0
2018-11-13 17:26:24 (5815293620707) STATS - 16.3, 3
2018-11-13 17:26:24 (5815293723408) STATS - 16.4, 1
2018-11-13 17:26:24 (5815293812509) STATS - 16.5, 1
2018-11-13 17:26:24 (5815293899910) STATS - 16.6, 0
2018-11-13 17:26:24 (5815293989211) STATS - 16.7, 0
2018-11-13 17:26:24 (5815294128013) STATS - 16.8, 1
2018-11-13 17:26:24 (5815294234614) STATS - 16.9, 0
2018-11-13 17:26:24 (5815294327815) STATS - 17.0, 1
2018-11-13 17:26:24 (5815294442416) STATS - 17.1, 2
2018-11-13 17:26:24 (5815294530417) STATS - 17.2, 0
2018-11-13 17:26:24 (5815294625818) STATS - 17.3, 0
2018-11-13 17:26:24 (5815294712919) STATS - 17.4, 0
2018-11-13 17:26:24 (5815294804020) STATS - 17.5, 0
2018-11-13 17:26:24 (5815294897721) STATS - 17.6, 0
2018-11-13 17:26:24 (5815294983222) STATS - 17.7, 0
2018-11-13 17:26:24 (5815295068323) STATS - 17.8, 1
2018-11-13 17:26:24 (5815295154624) STATS - 17.9, 2
2018-11-13 17:26:24 (5815295241325) STATS - 18.0, 1
2018-11-13 17:26:24 (5815295328826) STATS - 18.1, 1
2018-11-13 17:26:24 (5815295415227) STATS - 18.2, 0
2018-11-13 17:26:24 (5815295529529) STATS - 18.3, 0
2018-11-13 17:26:24 (5815295648630) STATS - 18.4, 2
2018-11-13 17:26:24 (5815295742331) STATS - 18.5, 0
2018-11-13 17:26:24 (5815295837232) STATS - 18.6, 1
2018-11-13 17:26:24 (5815295955834) STATS - 18.7, 0
2018-11-13 17:26:24 (5815296094935) STATS - 18.8, 1
2018-11-13 17:26:24 (5815296225537) STATS - 18.9, 1
2018-11-13 17:26:24 (5815296319438) STATS - 19.0, 0
2018-11-13 17:26:24 (5815303660722) STATS - 19.1, 1
2018-11-13 17:26:24 (5815303803224) STATS - 19.2, 0
2018-11-13 17:26:24 (5815303889125) STATS - 19.3, 1
2018-11-13 17:26:24 (5815303973226) STATS - 19.4, 2
2018-11-13 17:26:24 (5815304074127) STATS - 19.5, 1
2018-11-13 17:26:24 (5815304163628) STATS - 19.6, 0
2018-11-13 17:26:24 (5815304247629) STATS - 19.7, 0
2018-11-13 17:26:24 (5815304393831) STATS - 19.8, 1
2018-11-13 17:26:24 (5815304498232) STATS - 19.9, 0
2018-11-13 17:26:24 (5815304587433) STATS - 20.0, 1
2018-11-13 17:26:24 (5815304687234) STATS - 20.1, 1
2018-11-13 17:26:24 (5815304780735) STATS - 20.2, 0
2018-11-13 17:26:24 (5815304865136) STATS - 20.3, 0
2018-11-13 17:26:24 (5815304951337) STATS - 20.4, 0
2018-11-13 17:26:24 (5815305056638) STATS - 20.5, 0
2018-11-13 17:26:24 (5815305172540) STATS - 20.6, 0
2018-11-13 17:26:24 (5815305264141) STATS - 20.7, 0
2018-11-13 17:26:24 (5815305354742) STATS - 20.8, 0
2018-11-13 17:26:24 (5815305456443) STATS - 20.9, 0
2018-11-13 17:26:24 (5815305563344) STATS - 21.0, 0
2018-11-13 17:26:24 (5815305659045) STATS - 21.1, 0
2018-11-13 17:26:24 (5815305744946) STATS - 21.2, 0
2018-11-13 17:26:24 (5815305829247) STATS - 21.3, 1
2018-11-13 17:26:24 (5815305912148) STATS - 21.4, 2
2018-11-13 17:26:24 (5815305995349) STATS - 21.5, 1
2018-11-13 17:26:24 (5815306094650) STATS - 21.6, 0
2018-11-13 17:26:24 (5815306200251) STATS - 21.7, 2
2018-11-13 17:26:24 (5815313338034) STATS - 21.8, 0
2018-11-13 17:26:24 (5815313668737) STATS - 21.9, 1
2018-11-13 17:26:24 (5815313900040) STATS - 22.0, 1
2018-11-13 17:26:24 (5815314002841) STATS - 22.1, 2
2018-11-13 17:26:24 (5815314144143) STATS - 22.2, 0
2018-11-13 17:26:24 (5815314281844) STATS - 22.3, 0
2018-11-13 17:26:24 (5815314372046) STATS - 22.4, 0
2018-11-13 17:26:24 (5815314473247) STATS - 22.5, 0
2018-11-13 17:26:24 (5815314578548) STATS - 22.6, 0
2018-11-13 17:26:24 (5815314658949) STATS - 22.7, 0
2018-11-13 17:26:24 (5815314736450) STATS - 22.8, 0
2018-11-13 17:26:24 (5815314814551) STATS - 22.9, 0
2018-11-13 17:26:24 (5815314890551) STATS - 23.0, 0
2018-11-13 17:26:24 (5815314967352) STATS - 23.1, 0
2018-11-13 17:26:24 (5815315083154) STATS - 23.2, 0
2018-11-13 17:26:24 (5815315192155) STATS - 23.3, 1
2018-11-13 17:26:24 (5815315280056) STATS - 23.4, 1
2018-11-13 17:26:24 (5815315364357) STATS - 23.5, 2
2018-11-13 17:26:24 (5815315549659) STATS - 23.6, 1
2018-11-13 17:26:24 (5815315803362) STATS - 23.7, 0
2018-11-13 17:26:24 (5815315937964) STATS - 23.8, 0
2018-11-13 17:26:24 (5815316071365) STATS - 23.9, 0
2018-11-13 17:26:24 (5815316207867) STATS - 24.0, 0
2018-11-13 17:26:24 (5815323421850) STATS - 24.1, 0
2018-11-13 17:26:24 (5815323529051) STATS - 24.2, 0
2018-11-13 17:26:24 (5815323606852) STATS - 24.3, 0
2018-11-13 17:26:24 (5815323682853) STATS - 24.4, 0
2018-11-13 17:26:24 (5815323758754) STATS - 24.5, 0
2018-11-13 17:26:24 (5815323834354) STATS - 24.6, 0
2018-11-13 17:26:24 (5815323909555) STATS - 24.7, 1
2018-11-13 17:26:24 (5815323986756) STATS - 24.8, 0
2018-11-13 17:26:24 (5815324083357) STATS - 24.9, 1
2018-11-13 17:26:24 (5815324158058) STATS - 25.0, 0
2018-11-13 17:26:24 (5815324259959) STATS - 25.1, 0
2018-11-13 17:26:24 (5815324354060) STATS - 25.2, 0
2018-11-13 17:26:24 (5815324436361) STATS - 25.3, 1
2018-11-13 17:26:24 (5815324539963) STATS - 25.4, 0
2018-11-13 17:26:24 (5815324627664) STATS - 25.5, 0
2018-11-13 17:26:24 (5815324704864) STATS - 25.6, 2
2018-11-13 17:26:24 (5815324779265) STATS - 25.7, 3
2018-11-13 17:26:24 (5815324871666) STATS - 25.8, 2
2018-11-13 17:26:24 (5815325879778) STATS - 25.9, 2
2018-11-13 17:26:24 (5815325975379) STATS - 26.0, 1
2018-11-13 17:26:24 (5815326059480) STATS - 26.1, 0
2018-11-13 17:26:24 (5815326153881) STATS - 26.2, 1
2018-11-13 17:26:24 (5815326244082) STATS - 26.3, 1
2018-11-13 17:26:24 (5815326325383) STATS - 26.4, 0
2018-11-13 17:26:24 (5815326402784) STATS - 26.5, 0
2018-11-13 17:26:24 (5815326479485) STATS - 26.6, 0
2018-11-13 17:26:24 (5815326582986) STATS - 26.7, 1
2018-11-13 17:26:24 (5815326662287) STATS - 26.8, 0
2018-11-13 17:26:24 (5815326747588) STATS - 26.9, 0
2018-11-13 17:26:24 (5815326865289) STATS - 27.0, 1
2018-11-13 17:26:24 (5815333393764) STATS - 27.1, 1
2018-11-13 17:26:24 (5815333564866) STATS - 27.2, 1
2018-11-13 17:26:24 (5815333634467) STATS - 27.3, 1
2018-11-13 17:26:24 (5815333702268) STATS - 27.4, 2
2018-11-13 17:26:24 (5815333769869) STATS - 27.5, 0
2018-11-13 17:26:24 (5815333837469) STATS - 27.6, 1
2018-11-13 17:26:24 (5815333937671) STATS - 27.7, 1
2018-11-13 17:26:24 (5815334047072) STATS - 27.8, 1
2018-11-13 17:26:24 (5815334142073) STATS - 27.9, 1
2018-11-13 17:26:24 (5815334209674) STATS - 28.0, 0
2018-11-13 17:26:24 (5815334276775) STATS - 28.1, 1
2018-11-13 17:26:24 (5815334344175) STATS - 28.2, 1
2018-11-13 17:26:24 (5815334412076) STATS - 28.3, 1
2018-11-13 17:26:24 (5815334479177) STATS - 28.4, 0
2018-11-13 17:26:24 (5815334546378) STATS - 28.5, 0
2018-11-13 17:26:24 (5815334613078) STATS - 28.6, 0
2018-11-13 17:26:24 (5815334681079) STATS - 28.7, 0
2018-11-13 17:26:24 (5815334748280) STATS - 28.8, 0
2018-11-13 17:26:24 (5815334853581) STATS - 28.9, 0
2018-11-13 17:26:24 (5815334944182) STATS - 29.0, 1
2018-11-13 17:26:24 (5815335020783) STATS - 29.1, 0
2018-11-13 17:26:24 (5815335108884) STATS - 29.2, 0
2018-11-13 17:26:24 (5815335194485) STATS - 29.3, 0
2018-11-13 17:26:24 (5815335278686) STATS - 29.4, 3
2018-11-13 17:26:24 (5815335350087) STATS - 29.5, 0
2018-11-13 17:26:24 (5815335430788) STATS - 29.6, 0
2018-11-13 17:26:24 (5815335513889) STATS - 29.7, 0
2018-11-13 17:26:24 (5815335586590) STATS - 29.8, 0
2018-11-13 17:26:24 (5815335657790) STATS - 29.9, 1
2018-11-13 17:26:24 (5815335726491) STATS - 30.0, 0
2018-11-13 17:26:24 (5815335865893) STATS - 30.1, 2
2018-11-13 17:26:24 (5815335945294) STATS - 30.2, 0
2018-11-13 17:26:24 (5815343048775) STATS - 30.3, 0
2018-11-13 17:26:24 (5815343407780) STATS - 30.4, 0
2018-11-13 17:26:24 (5815343483780) STATS - 30.5, 0
2018-11-13 17:26:24 (5815343550481) STATS - 30.6, 0
2018-11-13 17:26:24 (5815343615982) STATS - 30.7, 0
2018-11-13 17:26:24 (5815343693683) STATS - 30.8, 0
2018-11-13 17:26:24 (5815343756584) STATS - 30.9, 0
2018-11-13 17:26:24 (5815343815784) STATS - 31.0, 0
2018-11-13 17:26:24 (5815343878985) STATS - 31.1, 1
2018-11-13 17:26:24 (5815343941186) STATS - 31.2, 0
2018-11-13 17:26:24 (5815344015187) STATS - 31.3, 3
2018-11-13 17:26:24 (5815344084787) STATS - 31.4, 0
2018-11-13 17:26:24 (5815344186989) STATS - 31.5, 0
2018-11-13 17:26:24 (5815344255289) STATS - 31.6, 0
2018-11-13 17:26:24 (5815344319690) STATS - 31.7, 0
2018-11-13 17:26:24 (5815344384191) STATS - 31.8, 0
2018-11-13 17:26:24 (5815344457492) STATS - 31.9, 0
2018-11-13 17:26:24 (5815344515892) STATS - 32.0, 0
2018-11-13 17:26:24 (5815344575193) STATS - 32.1, 0
2018-11-13 17:26:24 (5815344634794) STATS - 32.2, 0
2018-11-13 17:26:24 (5815344696294) STATS - 32.3, 0
2018-11-13 17:26:24 (5815344758295) STATS - 32.4, 0
2018-11-13 17:26:24 (5815344819696) STATS - 32.5, 0
2018-11-13 17:26:24 (5815344886597) STATS - 32.6, 0
2018-11-13 17:26:24 (5815344946697) STATS - 32.7, 0
2018-11-13 17:26:24 (5815345007198) STATS - 32.8, 0
2018-11-13 17:26:24 (5815345207500) STATS - 32.9, 0
2018-11-13 17:26:24 (5815345288901) STATS - 33.0, 0
2018-11-13 17:26:24 (5815345357702) STATS - 33.1, 0
2018-11-13 17:26:24 (5815345423303) STATS - 33.2, 1
2018-11-13 17:26:24 (5815345514204) STATS - 33.3, 5
2018-11-13 17:26:24 (5815345577005) STATS - 33.4, 0
2018-11-13 17:26:24 (5815345639205) STATS - 33.5, 0
2018-11-13 17:26:24 (5815345702606) STATS - 33.6, 0
2018-11-13 17:26:24 (5815345776107) STATS - 33.7, 0
2018-11-13 17:26:24 (5815345837408) STATS - 33.8, 0
2018-11-13 17:26:24 (5815345897508) STATS - 33.9, 0
2018-11-13 17:26:24 (5815345955209) STATS - 34.0, 0
2018-11-13 17:26:24 (5815346036610) STATS - 34.1, 0
2018-11-13 17:26:24 (5815353044390) STATS - 34.2, 0
2018-11-13 17:26:24 (5815353140192) STATS - 34.3, 0
2018-11-13 17:26:24 (5815353200492) STATS - 34.4, 0
2018-11-13 17:26:24 (5815353255393) STATS - 34.5, 0
2018-11-13 17:26:24 (5815353310094) STATS - 34.6, 0
2018-11-13 17:26:24 (5815353368594) STATS - 34.7, 0
2018-11-13 17:26:24 (5815353423495) STATS - 34.8, 0
2018-11-13 17:26:24 (5815353477695) STATS - 34.9, 0
2018-11-13 17:26:24 (5815353531296) STATS - 35.0, 0
2018-11-13 17:26:24 (5815353584797) STATS - 35.1, 0
2018-11-13 17:26:24 (5815353637897) STATS - 35.2, 0
2018-11-13 17:26:24 (5815353690998) STATS - 35.3, 0
2018-11-13 17:26:24 (5815353899700) STATS - 35.4, 0
2018-11-13 17:26:24 (5815353994401) STATS - 35.5, 0
2018-11-13 17:26:24 (5815354110603) STATS - 35.6, 0
2018-11-13 17:26:24 (5815354175203) STATS - 35.7, 0
2018-11-13 17:26:24 (5815354258504) STATS - 35.8, 0
2018-11-13 17:26:24 (5815354325005) STATS - 35.9, 0
2018-11-13 17:26:24 (5815354380906) STATS - 36.0, 0
2018-11-13 17:26:24 (5815354439507) STATS - 36.1, 0
2018-11-13 17:26:24 (5815354498507) STATS - 36.2, 0
2018-11-13 17:26:24 (5815354590108) STATS - 36.3, 0
2018-11-13 17:26:24 (5815354644609) STATS - 36.4, 0
2018-11-13 17:26:24 (5815354812911) STATS - 36.5, 0
2018-11-13 17:26:24 (5815354880312) STATS - 36.6, 0
2018-11-13 17:26:24 (5815354971113) STATS - 36.7, 0
2018-11-13 17:26:24 (5815355048414) STATS - 36.8, 0
2018-11-13 17:26:24 (5815355130414) STATS - 36.9, 0
2018-11-13 17:26:24 (5815355182115) STATS - 37.0, 0
2018-11-13 17:26:24 (5815355238616) STATS - 37.1, 0
2018-11-13 17:26:24 (5815355291716) STATS - 37.2, 0
2018-11-13 17:26:24 (5815355346117) STATS - 37.3, 0
2018-11-13 17:26:24 (5815355399318) STATS - 37.4, 0
2018-11-13 17:26:24 (5815355452318) STATS - 37.5, 0
2018-11-13 17:26:24 (5815355518219) STATS - 37.6, 0
2018-11-13 17:26:24 (5815355575820) STATS - 37.7, 0
2018-11-13 17:26:24 (5815355629820) STATS - 37.8, 0
2018-11-13 17:26:24 (5815355683621) STATS - 37.9, 0
2018-11-13 17:26:24 (5815355734121) STATS - 38.0, 0
2018-11-13 17:26:24 (5815355786722) STATS - 38.1, 0
2018-11-13 17:26:24 (5815355842123) STATS - 38.2, 0
2018-11-13 17:26:24 (5815362937004) STATS - 38.3, 0
2018-11-13 17:26:24 (5815363055206) STATS - 38.4, 0
2018-11-13 17:26:24 (5815363114206) STATS - 38.5, 0
2018-11-13 17:26:24 (5815363168507) STATS - 38.6, 0
2018-11-13 17:26:24 (5815363242208) STATS - 38.7, 0
2018-11-13 17:26:24 (5815363303009) STATS - 38.8, 0
2018-11-13 17:26:24 (5815363355409) STATS - 38.9, 0
2018-11-13 17:26:24 (5815363404710) STATS - 39.0, 0
2018-11-13 17:26:24 (5815363453810) STATS - 39.1, 0
2018-11-13 17:26:24 (5815363501711) STATS - 39.2, 0
2018-11-13 17:26:24 (5815363549511) STATS - 39.3, 0
2018-11-13 17:26:24 (5815363598212) STATS - 39.4, 0
2018-11-13 17:26:24 (5815363646512) STATS - 39.5, 1
2018-11-13 17:26:24 (5815363694513) STATS - 39.6, 0
2018-11-13 17:26:24 (5815363743614) STATS - 39.7, 0
2018-11-13 17:26:24 (5815363793114) STATS - 39.8, 0
2018-11-13 17:26:24 (5815363841115) STATS - 39.9, 0
2018-11-13 17:26:24 (5815363891115) STATS - 40.0, 1
2018-11-13 17:26:24 (5815363939416) STATS - 40.1, 0
2018-11-13 17:26:24 (5815363987016) STATS - 40.2, 0
2018-11-13 17:26:24 (5815364051517) STATS - 40.3, 0
2018-11-13 17:26:24 (5815364102018) STATS - 40.4, 0
2018-11-13 17:26:24 (5815364153418) STATS - 40.5, 0
2018-11-13 17:26:24 (5815364203919) STATS - 40.6, 0
2018-11-13 17:26:24 (5815364252419) STATS - 40.7, 0
2018-11-13 17:26:24 (5815364300120) STATS - 40.8, 0
2018-11-13 17:26:24 (5815364346821) STATS - 40.9, 0
2018-11-13 17:26:24 (5815364392021) STATS - 41.0, 0
2018-11-13 17:26:24 (5815364439022) STATS - 41.1, 0
2018-11-13 17:26:24 (5815364485822) STATS - 41.2, 0
2018-11-13 17:26:24 (5815364532823) STATS - 41.3, 0
2018-11-13 17:26:24 (5815364580423) STATS - 41.4, 0
2018-11-13 17:26:24 (5815364628224) STATS - 41.5, 0
2018-11-13 17:26:24 (5815364676024) STATS - 41.6, 0
2018-11-13 17:26:24 (5815364723725) STATS - 41.7, 0
2018-11-13 17:26:24 (5815364771225) STATS - 41.8, 0
2018-11-13 17:26:24 (5815364819826) STATS - 41.9, 0
2018-11-13 17:26:24 (5815364866326) STATS - 42.0, 0
2018-11-13 17:26:24 (5815364913427) STATS - 42.1, 0
2018-11-13 17:26:24 (5815364961028) STATS - 42.2, 0
2018-11-13 17:26:24 (5815365009228) STATS - 42.3, 0
2018-11-13 17:26:24 (5815365057629) STATS - 42.4, 0
2018-11-13 17:26:24 (5815365105829) STATS - 42.5, 0
2018-11-13 17:26:24 (5815365153630) STATS - 42.6, 0
2018-11-13 17:26:24 (5815365201230) STATS - 42.7, 0
2018-11-13 17:26:24 (5815365282431) STATS - 42.8, 0
2018-11-13 17:26:24 (5815365385332) STATS - 42.9, 0
2018-11-13 17:26:24 (5815365458033) STATS - 43.0, 0
2018-11-13 17:26:24 (5815365525734) STATS - 43.1, 0
2018-11-13 17:26:24 (5815365591435) STATS - 43.2, 0
2018-11-13 17:26:24 (5815365648135) STATS - 43.3, 0
2018-11-13 17:26:24 (5815365701936) STATS - 43.4, 0
2018-11-13 17:26:24 (5815365756737) STATS - 43.5, 0
2018-11-13 17:26:24 (5815372987420) STATS - 43.6, 0
2018-11-13 17:26:24 (5815373136622) STATS - 43.7, 0
2018-11-13 17:26:24 (5815373205922) STATS - 43.8, 0
2018-11-13 17:26:24 (5815373254923) STATS - 43.9, 0
2018-11-13 17:26:24 (5815373300824) STATS - 44.0, 0
2018-11-13 17:26:24 (5815373349324) STATS - 44.1, 0
2018-11-13 17:26:24 (5815373397225) STATS - 44.2, 0
2018-11-13 17:26:24 (5815373443825) STATS - 44.3, 0
2018-11-13 17:26:24 (5815373491226) STATS - 44.4, 0
2018-11-13 17:26:24 (5815373537826) STATS - 44.5, 0
2018-11-13 17:26:24 (5815373585127) STATS - 44.6, 0
2018-11-13 17:26:24 (5815373634527) STATS - 44.7, 0
2018-11-13 17:26:24 (5815373679928) STATS - 44.8, 0
2018-11-13 17:26:24 (5815373724528) STATS - 44.9, 0
2018-11-13 17:26:24 (5815373767129) STATS - 45.0, 0
2018-11-13 17:26:24 (5815373812729) STATS - 45.1, 0
2018-11-13 17:26:24 (5815373871730) STATS - 45.2, 0
2018-11-13 17:26:24 (5815373916331) STATS - 45.3, 0
2018-11-13 17:26:24 (5815374042232) STATS - 45.4, 0
2018-11-13 17:26:24 (5815374123433) STATS - 45.5, 0
2018-11-13 17:26:24 (5815374170834) STATS - 45.6, 0
2018-11-13 17:26:24 (5815374215634) STATS - 45.7, 0
2018-11-13 17:26:24 (5815374260235) STATS - 45.8, 0
2018-11-13 17:26:24 (5815374307035) STATS - 45.9, 0
2018-11-13 17:26:24 (5815374363136) STATS - 46.0, 0
2018-11-13 17:26:24 (5815374408836) STATS - 46.1, 0
2018-11-13 17:26:24 (5815374454037) STATS - 46.2, 0
2018-11-13 17:26:24 (5815374508637) STATS - 46.3, 0
2018-11-13 17:26:24 (5815374551038) STATS - 46.4, 0
2018-11-13 17:26:24 (5815374593038) STATS - 46.5, 0
2018-11-13 17:26:24 (5815374647339) STATS - 46.6, 0
2018-11-13 17:26:24 (5815374688040) STATS - 46.7, 0
2018-11-13 17:26:24 (5815374729440) STATS - 46.8, 0
2018-11-13 17:26:24 (5815374846541) STATS - 46.9, 0
2018-11-13 17:26:24 (5815374908942) STATS - 47.0, 0
2018-11-13 17:26:24 (5815374956543) STATS - 47.1, 0
2018-11-13 17:26:24 (5815375002443) STATS - 47.2, 0
2018-11-13 17:26:24 (5815375047044) STATS - 47.3, 0
2018-11-13 17:26:24 (5815375091144) STATS - 47.4, 0
2018-11-13 17:26:24 (5815375168745) STATS - 47.5, 0
2018-11-13 17:26:24 (5815375217046) STATS - 47.6, 0
2018-11-13 17:26:24 (5815375260746) STATS - 47.7, 0
2018-11-13 17:26:24 (5815375308447) STATS - 47.8, 0
2018-11-13 17:26:24 (5815375352847) STATS - 47.9, 0
2018-11-13 17:26:24 (5815375393848) STATS - 48.0, 0
2018-11-13 17:26:24 (5815375436048) STATS - 48.1, 0
2018-11-13 17:26:24 (5815375489649) STATS - 48.2, 0
2018-11-13 17:26:24 (5815375532149) STATS - 48.3, 0
2018-11-13 17:26:24 (5815375574650) STATS - 48.4, 0
2018-11-13 17:26:24 (5815375616850) STATS - 48.5, 0
2018-11-13 17:26:24 (5815375692051) STATS - 48.6, 0
2018-11-13 17:26:24 (5815375736152) STATS - 48.7, 0
2018-11-13 17:26:24 (5815375779352) STATS - 48.8, 0
2018-11-13 17:26:24 (5815382840133) STATS - 48.9, 0
2018-11-13 17:26:24 (5815382893934) STATS - 49.0, 0
2018-11-13 17:26:24 (5815382932134) STATS - 49.1, 0
2018-11-13 17:26:24 (5815382968035) STATS - 49.2, 0
2018-11-13 17:26:24 (5815383058436) STATS - 49.3, 0
2018-11-13 17:26:24 (5815383160937) STATS - 49.4, 0
2018-11-13 17:26:24 (5815383312039) STATS - 49.5, 0
2018-11-13 17:26:24 (5815383446840) STATS - 49.6, 0
2018-11-13 17:26:24 (5815383508041) STATS - 49.7, 0
2018-11-13 17:26:24 (5815383551641) STATS - 49.8, 0
2018-11-13 17:26:24 (5815383592242) STATS - 49.9, 0
2018-11-13 17:26:24 (5815383632142) STATS - 50.0, 0
2018-11-13 17:26:24 (5815383671043) STATS - 50.1, 0
2018-11-13 17:26:24 (5815383709943) STATS - 50.2, 0
2018-11-13 17:26:24 (5815383772944) STATS - 50.3, 0
2018-11-13 17:26:24 (5815383812144) STATS - 50.4, 0
2018-11-13 17:26:24 (5815383850245) STATS - 50.5, 0
2018-11-13 17:26:24 (5815383886645) STATS - 50.6, 0
2018-11-13 17:26:24 (5815383932246) STATS - 50.7, 0
2018-11-13 17:26:24 (5815383969546) STATS - 50.8, 0
2018-11-13 17:26:24 (5815384052647) STATS - 50.9, 2
2018-11-13 17:26:24 (5815384095648) STATS - 51.0, 0
2018-11-13 17:26:24 (5815384161349) STATS - 51.1, 0
2018-11-13 17:26:24 (5815384225049) STATS - 51.2, 0
2018-11-13 17:26:24 (5815384269950) STATS - 51.3, 0
2018-11-13 17:26:24 (5815384310250) STATS - 51.4, 0
2018-11-13 17:26:24 (5815384370551) STATS - 51.5, 0
2018-11-13 17:26:24 (5815384407451) STATS - 51.6, 0
2018-11-13 17:26:24 (5815384443152) STATS - 51.7, 0
2018-11-13 17:26:24 (5815384478552) STATS - 51.8, 0
2018-11-13 17:26:24 (5815384514453) STATS - 51.9, 0
2018-11-13 17:26:24 (5815384548553) STATS - 52.0, 0
2018-11-13 17:26:24 (5815384583153) STATS - 52.1, 0
2018-11-13 17:26:24 (5815384618454) STATS - 52.2, 0
2018-11-13 17:26:24 (5815384653954) STATS - 52.3, 0
2018-11-13 17:26:24 (5815384688755) STATS - 52.4, 0
2018-11-13 17:26:24 (5815384726155) STATS - 52.5, 0
2018-11-13 17:26:24 (5815384761755) STATS - 52.6, 0
2018-11-13 17:26:24 (5815384800556) STATS - 52.7, 0
2018-11-13 17:26:24 (5815384838356) STATS - 52.8, 0
2018-11-13 17:26:24 (5815384873757) STATS - 52.9, 0
2018-11-13 17:26:24 (5815384907857) STATS - 53.0, 0
2018-11-13 17:26:24 (5815384942357) STATS - 53.1, 0
2018-11-13 17:26:24 (5815384977358) STATS - 53.2, 0
2018-11-13 17:26:24 (5815385014258) STATS - 53.3, 0
2018-11-13 17:26:24 (5815385051359) STATS - 53.4, 0
2018-11-13 17:26:24 (5815385086259) STATS - 53.5, 0
2018-11-13 17:26:24 (5815385133060) STATS - 53.6, 0
2018-11-13 17:26:24 (5815385181060) STATS - 53.7, 0
2018-11-13 17:26:24 (5815385218661) STATS - 53.8, 0
2018-11-13 17:26:24 (5815385256161) STATS - 53.9, 0
2018-11-13 17:26:24 (5815385293162) STATS - 54.0, 0
2018-11-13 17:26:24 (5815385333562) STATS - 54.1, 0
2018-11-13 17:26:24 (5815385433063) STATS - 54.2, 0
2018-11-13 17:26:24 (5815385473664) STATS - 54.3, 0
2018-11-13 17:26:24 (5815385533464) STATS - 54.4, 0
2018-11-13 17:26:24 (5815385583965) STATS - 54.5, 0
2018-11-13 17:26:24 (5815385622065) STATS - 54.6, 0
2018-11-13 17:26:24 (5815385658866) STATS - 54.7, 0
2018-11-13 17:26:24 (5815392718447) STATS - 54.8, 0
2018-11-13 17:26:24 (5815392823148) STATS - 54.9, 0
2018-11-13 17:26:24 (5815392861549) STATS - 55.0, 0
2018-11-13 17:26:24 (5815392895749) STATS - 55.1, 0
2018-11-13 17:26:24 (5815392928649) STATS - 55.2, 0
2018-11-13 17:26:24 (5815392961250) STATS - 55.3, 0
2018-11-13 17:26:24 (5815392997250) STATS - 55.4, 0
2018-11-13 17:26:24 (5815393030251) STATS - 55.5, 1
2018-11-13 17:26:24 (5815393062751) STATS - 55.6, 0
2018-11-13 17:26:24 (5815393096551) STATS - 55.7, 0
2018-11-13 17:26:24 (5815393132152) STATS - 55.8, 0
2018-11-13 17:26:24 (5815393165852) STATS - 55.9, 0
2018-11-13 17:26:24 (5815393197752) STATS - 56.0, 0
2018-11-13 17:26:24 (5815393229453) STATS - 56.1, 0
2018-11-13 17:26:24 (5815393261353) STATS - 56.2, 0
2018-11-13 17:26:24 (5815393293854) STATS - 56.3, 0
2018-11-13 17:26:24 (5815393368254) STATS - 56.4, 0
2018-11-13 17:26:24 (5815393420255) STATS - 56.5, 0
2018-11-13 17:26:24 (5815393455855) STATS - 56.6, 0
2018-11-13 17:26:24 (5815393502556) STATS - 56.7, 0
2018-11-13 17:26:24 (5815393538556) STATS - 56.8, 0
2018-11-13 17:26:24 (5815393574657) STATS - 56.9, 0
2018-11-13 17:26:24 (5815393609057) STATS - 57.0, 0
2018-11-13 17:26:24 (5815393646958) STATS - 57.1, 0
2018-11-13 17:26:24 (5815393684058) STATS - 57.2, 0
2018-11-13 17:26:24 (5815393719758) STATS - 57.3, 0
2018-11-13 17:26:24 (5815393766059) STATS - 57.4, 0
2018-11-13 17:26:24 (5815393800559) STATS - 57.5, 0
2018-11-13 17:26:24 (5815393834960) STATS - 57.6, 0
2018-11-13 17:26:24 (5815393880660) STATS - 57.7, 0
2018-11-13 17:26:24 (5815393913761) STATS - 57.8, 0
2018-11-13 17:26:24 (5815393948661) STATS - 57.9, 0
2018-11-13 17:26:24 (5815393981461) STATS - 58.0, 0
2018-11-13 17:26:24 (5815394014362) STATS - 58.1, 0
2018-11-13 17:26:24 (5815394047162) STATS - 58.2, 0
2018-11-13 17:26:24 (5815394080763) STATS - 58.3, 0
2018-11-13 17:26:24 (5815394116363) STATS - 58.4, 0
2018-11-13 17:26:24 (5815394192564) STATS - 58.5, 0
2018-11-13 17:26:24 (5815394232164) STATS - 58.6, 0
2018-11-13 17:26:24 (5815394265265) STATS - 58.7, 0
2018-11-13 17:26:24 (5815394298465) STATS - 58.8, 0
2018-11-13 17:26:24 (5815394332466) STATS - 58.9, 0
2018-11-13 17:26:24 (5815394364566) STATS - 59.0, 0
2018-11-13 17:26:24 (5815394397766) STATS - 59.1, 0
2018-11-13 17:26:24 (5815394430867) STATS - 59.2, 0
2018-11-13 17:26:24 (5815394478267) STATS - 59.3, 0
2018-11-13 17:26:24 (5815394510868) STATS - 59.4, 0
2018-11-13 17:26:24 (5815394542468) STATS - 59.5, 0
2018-11-13 17:26:24 (5815394573268) STATS - 59.6, 0
2018-11-13 17:26:24 (5815394604169) STATS - 59.7, 0
2018-11-13 17:26:24 (5815394635669) STATS - 59.8, 0
2018-11-13 17:26:24 (5815394667169) STATS - 59.9, 0
2018-11-13 17:26:24 (5815394701170) STATS - 60.0, 0
2018-11-13 17:26:24 (5815394733570) STATS - 60.1, 0
2018-11-13 17:26:24 (5815394765171) STATS - 60.2, 0
2018-11-13 17:26:24 (5815394798271) STATS - 60.3, 0
2018-11-13 17:26:24 (5815394830271) STATS - 60.4, 0
2018-11-13 17:26:24 (5815394862272) STATS - 60.5, 0
2018-11-13 17:26:24 (5815394893772) STATS - 60.6, 0
2018-11-13 17:26:24 (5815394927272) STATS - 60.7, 0
2018-11-13 17:26:24 (5815394961673) STATS - 60.8, 0
2018-11-13 17:26:24 (5815394995673) STATS - 60.9, 0
2018-11-13 17:26:24 (5815395026274) STATS - 61.0, 0
2018-11-13 17:26:24 (5815395069674) STATS - 61.1, 0
2018-11-13 17:26:24 (5815395102574) STATS - 61.2, 0
2018-11-13 17:26:24 (5815395136175) STATS - 61.3, 0
2018-11-13 17:26:24 (5815395168975) STATS - 61.4, 0
2018-11-13 17:26:24 (5815395201576) STATS - 61.5, 0
2018-11-13 17:26:24 (5815395234676) STATS - 61.6, 0
2018-11-13 17:26:24 (5815395267976) STATS - 61.7, 0
2018-11-13 17:26:24 (5815395301677) STATS - 61.8, 0
2018-11-13 17:26:24 (5815395335377) STATS - 61.9, 0
2018-11-13 17:26:24 (5815395367577) STATS - 62.0, 0
2018-11-13 17:26:24 (5815395400778) STATS - 62.1, 0
2018-11-13 17:26:24 (5815395433578) STATS - 62.2, 0
2018-11-13 17:26:24 (5815395521779) STATS - 62.3, 0
2018-11-13 17:26:24 (5815395586580) STATS - 62.4, 0
2018-11-13 17:26:24 (5815395624180) STATS - 62.5, 0
2018-11-13 17:26:24 (5815402819963) STATS - 62.6, 1
2018-11-13 17:26:24 (5815402918264) STATS - 62.7, 0
2018-11-13 17:26:24 (5815403009565) STATS - 62.8, 0
2018-11-13 17:26:24 (5815403068066) STATS - 62.9, 0
2018-11-13 17:26:24 (5815403108967) STATS - 63.0, 0
2018-11-13 17:26:24 (5815403141367) STATS - 63.1, 0
2018-11-13 17:26:24 (5815403193867) STATS - 63.2, 0
2018-11-13 17:26:24 (5815403227968) STATS - 63.3, 0
2018-11-13 17:26:24 (5815403268768) STATS - 63.4, 0
2018-11-13 17:26:24 (5815403298769) STATS - 63.5, 0
2018-11-13 17:26:24 (5815403341769) STATS - 63.6, 0
2018-11-13 17:26:24 (5815403372070) STATS - 63.7, 0
2018-11-13 17:26:24 (5815403401770) STATS - 63.8, 0
2018-11-13 17:26:24 (5815403453670) STATS - 63.9, 0
2018-11-13 17:26:24 (5815403495271) STATS - 64.0, 0
2018-11-13 17:26:24 (5815403528571) STATS - 64.1, 0
2018-11-13 17:26:24 (5815403559372) STATS - 64.2, 0
2018-11-13 17:26:24 (5815403592772) STATS - 64.3, 0
2018-11-13 17:26:24 (5815403642173) STATS - 64.4, 0
2018-11-13 17:26:24 (5815403677373) STATS - 64.5, 2
2018-11-13 17:26:24 (5815403708773) STATS - 64.6, 0
2018-11-13 17:26:24 (5815403739174) STATS - 64.7, 0
2018-11-13 17:26:24 (5815403769574) STATS - 64.8, 0
2018-11-13 17:26:24 (5815403800074) STATS - 64.9, 0
2018-11-13 17:26:24 (5815403833175) STATS - 65.0, 0
2018-11-13 17:26:24 (5815403864475) STATS - 65.1, 0
2018-11-13 17:26:24 (5815403895376) STATS - 65.2, 0
2018-11-13 17:26:24 (5815403991177) STATS - 65.3, 0
2018-11-13 17:26:24 (5815404049477) STATS - 65.4, 0
2018-11-13 17:26:24 (5815404080378) STATS - 65.5, 0
2018-11-13 17:26:24 (5815404124778) STATS - 65.6, 0
2018-11-13 17:26:24 (5815404154779) STATS - 65.7, 0
2018-11-13 17:26:24 (5815404184179) STATS - 65.8, 0
2018-11-13 17:26:24 (5815404213479) STATS - 65.9, 0
2018-11-13 17:26:24 (5815404243380) STATS - 66.0, 0
2018-11-13 17:26:24 (5815404274980) STATS - 66.1, 0
2018-11-13 17:26:24 (5815404342181) STATS - 66.2, 0
2018-11-13 17:26:24 (5815404373681) STATS - 66.3, 0
2018-11-13 17:26:24 (5815404406081) STATS - 66.4, 0
2018-11-13 17:26:24 (5815404436282) STATS - 66.5, 0
2018-11-13 17:26:24 (5815404466182) STATS - 66.6, 0
2018-11-13 17:26:24 (5815404498783) STATS - 66.7, 0
2018-11-13 17:26:24 (5815404529283) STATS - 66.8, 0
2018-11-13 17:26:24 (5815404559283) STATS - 66.9, 0
2018-11-13 17:26:24 (5815404589584) STATS - 67.0, 0
2018-11-13 17:26:24 (5815404632384) STATS - 67.1, 0
2018-11-13 17:26:24 (5815404661984) STATS - 67.2, 0
2018-11-13 17:26:24 (5815404692785) STATS - 67.3, 0
2018-11-13 17:26:24 (5815404722385) STATS - 67.4, 0
2018-11-13 17:26:24 (5815404751785) STATS - 67.5, 0
2018-11-13 17:26:24 (5815404782486) STATS - 67.6, 0
2018-11-13 17:26:24 (5815404813486) STATS - 67.7, 0
2018-11-13 17:26:24 (5815404843586) STATS - 67.8, 0
2018-11-13 17:26:24 (5815404872887) STATS - 67.9, 0
2018-11-13 17:26:24 (5815404902287) STATS - 68.0, 0
2018-11-13 17:26:24 (5815404931587) STATS - 68.1, 0
2018-11-13 17:26:24 (5815404960388) STATS - 68.2, 0
2018-11-13 17:26:24 (5815405000788) STATS - 68.3, 0
2018-11-13 17:26:24 (5815405030289) STATS - 68.4, 0
2018-11-13 17:26:24 (5815405059389) STATS - 68.5, 0
2018-11-13 17:26:24 (5815405088789) STATS - 68.6, 0
2018-11-13 17:26:24 (5815405118090) STATS - 68.7, 0
2018-11-13 17:26:24 (5815405167990) STATS - 68.8, 0
2018-11-13 17:26:24 (5815405199191) STATS - 68.9, 0
2018-11-13 17:26:24 (5815405229091) STATS - 69.0, 0
2018-11-13 17:26:24 (5815405259091) STATS - 69.1, 0
2018-11-13 17:26:24 (5815405312392) STATS - 69.2, 0
2018-11-13 17:26:24 (5815405343892) STATS - 69.3, 0
2018-11-13 17:26:24 (5815405373793) STATS - 69.4, 0
2018-11-13 17:26:24 (5815405403493) STATS - 69.5, 0
2018-11-13 17:26:24 (5815405433293) STATS - 69.6, 0
2018-11-13 17:26:24 (5815405462894) STATS - 69.7, 0
2018-11-13 17:26:24 (5815405494794) STATS - 69.8, 0
2018-11-13 17:26:24 (5815405525394) STATS - 69.9, 0
2018-11-13 17:26:24 (5815405556595) STATS - 70.0, 0
2018-11-13 17:26:24 (5815405598395) STATS - 70.1, 0
2018-11-13 17:26:24 (5815412838278) STATS - 70.2, 0
2018-11-13 17:26:24 (5815412926679) STATS - 70.3, 0
2018-11-13 17:26:24 (5815412988380) STATS - 70.4, 0
2018-11-13 17:26:24 (5815413012980) STATS - 70.5, 0
2018-11-13 17:26:24 (5815413037381) STATS - 70.6, 0
2018-11-13 17:26:24 (5815413060681) STATS - 70.7, 0
2018-11-13 17:26:24 (5815413084181) STATS - 70.8, 0
2018-11-13 17:26:24 (5815413107482) STATS - 70.9, 0
2018-11-13 17:26:24 (5815413131482) STATS - 71.0, 0
2018-11-13 17:26:24 (5815413154582) STATS - 71.1, 0
2018-11-13 17:26:24 (5815413179382) STATS - 71.2, 0
2018-11-13 17:26:24 (5815413203683) STATS - 71.3, 0
2018-11-13 17:26:24 (5815413226483) STATS - 71.4, 0
2018-11-13 17:26:24 (5815413248883) STATS - 71.5, 0
2018-11-13 17:26:24 (5815413271983) STATS - 71.6, 0
2018-11-13 17:26:24 (5815413294584) STATS - 71.7, 0
2018-11-13 17:26:24 (5815413316884) STATS - 71.8, 0
2018-11-13 17:26:24 (5815413338884) STATS - 71.9, 0
2018-11-13 17:26:24 (5815413361684) STATS - 72.0, 0
2018-11-13 17:26:24 (5815413384085) STATS - 72.1, 0
2018-11-13 17:26:24 (5815413406285) STATS - 72.2, 0
2018-11-13 17:26:24 (5815413428885) STATS - 72.3, 0
2018-11-13 17:26:24 (5815413451586) STATS - 72.4, 0
2018-11-13 17:26:24 (5815413473786) STATS - 72.5, 0
2018-11-13 17:26:24 (5815413496186) STATS - 72.6, 0
2018-11-13 17:26:24 (5815413521986) STATS - 72.7, 0
2018-11-13 17:26:24 (5815413545587) STATS - 72.8, 0
2018-11-13 17:26:24 (5815413567787) STATS - 72.9, 0
2018-11-13 17:26:24 (5815413590287) STATS - 73.0, 0
2018-11-13 17:26:24 (5815413612587) STATS - 73.1, 0
2018-11-13 17:26:24 (5815413635088) STATS - 73.2, 0
2018-11-13 17:26:24 (5815413657188) STATS - 73.3, 0
2018-11-13 17:26:24 (5815413691688) STATS - 73.4, 0
2018-11-13 17:26:24 (5815413714689) STATS - 73.5, 0
2018-11-13 17:26:24 (5815413738089) STATS - 73.6, 0
2018-11-13 17:26:24 (5815413760789) STATS - 73.7, 0
2018-11-13 17:26:24 (5815413783889) STATS - 73.8, 0
2018-11-13 17:26:24 (5815413807390) STATS - 73.9, 0
2018-11-13 17:26:24 (5815413830490) STATS - 74.0, 0
2018-11-13 17:26:24 (5815413853490) STATS - 74.1, 0
2018-11-13 17:26:24 (5815413924991) STATS - 74.2, 0
2018-11-13 17:26:24 (5815414012292) STATS - 74.3, 0
2018-11-13 17:26:24 (5815414044092) STATS - 74.4, 0
2018-11-13 17:26:24 (5815414069193) STATS - 74.5, 0
2018-11-13 17:26:24 (5815414093593) STATS - 74.6, 0
2018-11-13 17:26:24 (5815414117693) STATS - 74.7, 0
2018-11-13 17:26:24 (5815414146594) STATS - 74.8, 0
2018-11-13 17:26:24 (5815414180694) STATS - 74.9, 0
2018-11-13 17:26:24 (5815414206494) STATS - 75.0, 0
2018-11-13 17:26:24 (5815414277295) STATS - 75.1, 0
2018-11-13 17:26:24 (5815414344496) STATS - 75.2, 0
2018-11-13 17:26:24 (5815414399196) STATS - 75.3, 0
2018-11-13 17:26:24 (5815414425497) STATS - 75.4, 0
2018-11-13 17:26:24 (5815414460297) STATS - 75.5, 0
2018-11-13 17:26:24 (5815414487197) STATS - 75.6, 0
2018-11-13 17:26:24 (5815414512298) STATS - 75.7, 0
2018-11-13 17:26:24 (5815414536698) STATS - 75.8, 0
2018-11-13 17:26:24 (5815414560898) STATS - 75.9, 0
2018-11-13 17:26:24 (5815414585599) STATS - 76.0, 0
2018-11-13 17:26:24 (5815414609699) STATS - 76.1, 0
2018-11-13 17:26:24 (5815414633599) STATS - 76.2, 0
2018-11-13 17:26:24 (5815414657699) STATS - 76.3, 0
2018-11-13 17:26:24 (5815414681700) STATS - 76.4, 0
2018-11-13 17:26:24 (5815414705400) STATS - 76.5, 0
2018-11-13 17:26:24 (5815414729300) STATS - 76.6, 0
2018-11-13 17:26:24 (5815414752800) STATS - 76.7, 0
2018-11-13 17:26:24 (5815414779501) STATS - 76.8, 0
2018-11-13 17:26:24 (5815414804501) STATS - 76.9, 0
2018-11-13 17:26:24 (5815414829201) STATS - 77.0, 0
2018-11-13 17:26:24 (5815414853502) STATS - 77.1, 0
2018-11-13 17:26:24 (5815414877502) STATS - 77.2, 0
2018-11-13 17:26:24 (5815414918002) STATS - 77.3, 0
2018-11-13 17:26:24 (5815414958703) STATS - 77.4, 0
2018-11-13 17:26:24 (5815414984003) STATS - 77.5, 0
2018-11-13 17:26:24 (5815415009003) STATS - 77.6, 0
2018-11-13 17:26:24 (5815415033104) STATS - 77.7, 0
2018-11-13 17:26:24 (5815415058004) STATS - 77.8, 0
2018-11-13 17:26:24 (5815415082204) STATS - 77.9, 0
2018-11-13 17:26:24 (5815415107105) STATS - 78.0, 0
2018-11-13 17:26:24 (5815415132005) STATS - 78.1, 0
2018-11-13 17:26:24 (5815415156605) STATS - 78.2, 0
2018-11-13 17:26:24 (5815415181305) STATS - 78.3, 0
2018-11-13 17:26:24 (5815415205806) STATS - 78.4, 0
2018-11-13 17:26:24 (5815415230606) STATS - 78.5, 0
2018-11-13 17:26:24 (5815415255006) STATS - 78.6, 0
2018-11-13 17:26:24 (5815415279407) STATS - 78.7, 0
2018-11-13 17:26:24 (5815415304307) STATS - 78.8, 0
2018-11-13 17:26:24 (5815415333007) STATS - 78.9, 0
2018-11-13 17:26:24 (5815415359907) STATS - 79.0, 0
2018-11-13 17:26:24 (5815415387408) STATS - 79.1, 0
2018-11-13 17:26:24 (5815415425408) STATS - 79.2, 0
2018-11-13 17:26:24 (5815415469109) STATS - 79.3, 0
2018-11-13 17:26:24 (5815415495909) STATS - 79.4, 0
2018-11-13 17:26:24 (5815415539610) STATS - 79.5, 0
2018-11-13 17:26:24 (5815422620391) STATS - 79.6, 0
2018-11-13 17:26:24 (5815422692792) STATS - 79.7, 0
2018-11-13 17:26:24 (5815422722192) STATS - 79.8, 0
2018-11-13 17:26:24 (5815422745892) STATS - 79.9, 0
2018-11-13 17:26:24 (5815422774393) STATS - 80.0, 0
2018-11-13 17:26:24 (5815422802793) STATS - 80.1, 0
2018-11-13 17:26:24 (5815422825093) STATS - 80.2, 0
2018-11-13 17:26:24 (5815422850394) STATS - 80.3, 0
2018-11-13 17:26:24 (5815422871694) STATS - 80.4, 0
2018-11-13 17:26:24 (5815422895294) STATS - 80.5, 0
2018-11-13 17:26:24 (5815422917394) STATS - 80.6, 0
2018-11-13 17:26:24 (5815422938095) STATS - 80.7, 0
2018-11-13 17:26:24 (5815422958995) STATS - 80.8, 0
2018-11-13 17:26:24 (5815422979895) STATS - 80.9, 0
2018-11-13 17:26:24 (5815423003295) STATS - 81.0, 0
2018-11-13 17:26:24 (5815423025196) STATS - 81.1, 0
2018-11-13 17:26:24 (5815423045796) STATS - 81.2, 0
2018-11-13 17:26:24 (5815423068096) STATS - 81.3, 0
2018-11-13 17:26:24 (5815423089396) STATS - 81.4, 0
2018-11-13 17:26:24 (5815423110197) STATS - 81.5, 0
2018-11-13 17:26:24 (5815423130897) STATS - 81.6, 0
2018-11-13 17:26:24 (5815423151497) STATS - 81.7, 0
2018-11-13 17:26:24 (5815423172197) STATS - 81.8, 0
2018-11-13 17:26:24 (5815423343999) STATS - 81.9, 0
2018-11-13 17:26:24 (5815423374200) STATS - 82.0, 0
2018-11-13 17:26:24 (5815423399500) STATS - 82.1, 0
2018-11-13 17:26:24 (5815423423600) STATS - 82.2, 0
2018-11-13 17:26:24 (5815423447601) STATS - 82.3, 0
2018-11-13 17:26:24 (5815423471201) STATS - 82.4, 0
2018-11-13 17:26:24 (5815423525701) STATS - 82.5, 0
2018-11-13 17:26:24 (5815423557202) STATS - 82.6, 0
2018-11-13 17:26:24 (5815423580902) STATS - 82.7, 0
2018-11-13 17:26:24 (5815423615502) STATS - 82.8, 0
2018-11-13 17:26:24 (5815423650203) STATS - 82.9, 0
2018-11-13 17:26:24 (5815423672503) STATS - 83.0, 0
2018-11-13 17:26:24 (5815423694603) STATS - 83.1, 0
2018-11-13 17:26:24 (5815423726704) STATS - 83.2, 0
2018-11-13 17:26:24 (5815423747604) STATS - 83.3, 0
2018-11-13 17:26:24 (5815423770004) STATS - 83.4, 0
2018-11-13 17:26:24 (5815423793405) STATS - 83.5, 0
2018-11-13 17:26:24 (5815423815305) STATS - 83.6, 0
2018-11-13 17:26:24 (5815423851305) STATS - 83.7, 0
2018-11-13 17:26:24 (5815423897206) STATS - 83.8, 0
2018-11-13 17:26:24 (5815423920506) STATS - 83.9, 0
2018-11-13 17:26:24 (5815423943206) STATS - 84.0, 0
2018-11-13 17:26:24 (5815423965607) STATS - 84.1, 0
2018-11-13 17:26:24 (5815423987707) STATS - 84.2, 0
2018-11-13 17:26:24 (5815424037707) STATS - 84.3, 0
2018-11-13 17:26:24 (5815424062808) STATS - 84.4, 0
2018-11-13 17:26:24 (5815424085708) STATS - 84.5, 0
2018-11-13 17:26:24 (5815424108608) STATS - 84.6, 0
2018-11-13 17:26:24 (5815424131108) STATS - 84.7, 0
2018-11-13 17:26:24 (5815424153409) STATS - 84.8, 0
2018-11-13 17:26:24 (5815424175809) STATS - 84.9, 0
2018-11-13 17:26:24 (5815424198709) STATS - 85.0, 0
2018-11-13 17:26:24 (5815424221409) STATS - 85.1, 0
2018-11-13 17:26:24 (5815424243410) STATS - 85.2, 0
2018-11-13 17:26:24 (5815424265810) STATS - 85.3, 0
2018-11-13 17:26:24 (5815424288210) STATS - 85.4, 0
2018-11-13 17:26:24 (5815424310410) STATS - 85.5, 0
2018-11-13 17:26:24 (5815424344811) STATS - 85.6, 0
2018-11-13 17:26:24 (5815424366411) STATS - 85.7, 0
2018-11-13 17:26:24 (5815424388511) STATS - 85.8, 0
2018-11-13 17:26:24 (5815424413012) STATS - 85.9, 0
2018-11-13 17:26:24 (5815424435012) STATS - 86.0, 0
2018-11-13 17:26:24 (5815424457112) STATS - 86.1, 0
2018-11-13 17:26:24 (5815424478612) STATS - 86.2, 0
2018-11-13 17:26:24 (5815424500113) STATS - 86.3, 0
2018-11-13 17:26:24 (5815424521313) STATS - 86.4, 0
2018-11-13 17:26:24 (5815424542513) STATS - 86.5, 0
2018-11-13 17:26:24 (5815424564113) STATS - 86.6, 0
2018-11-13 17:26:24 (5815424585514) STATS - 86.7, 0
2018-11-13 17:26:24 (5815424607314) STATS - 86.8, 0
2018-11-13 17:26:24 (5815424630314) STATS - 86.9, 0
2018-11-13 17:26:24 (5815424652414) STATS - 87.0, 0
2018-11-13 17:26:24 (5815424673915) STATS - 87.1, 0
2018-11-13 17:26:24 (5815424695315) STATS - 87.2, 0
2018-11-13 17:26:24 (5815424717115) STATS - 87.3, 0
2018-11-13 17:26:24 (5815424738415) STATS - 87.4, 0
2018-11-13 17:26:24 (5815424759716) STATS - 87.5, 0
2018-11-13 17:26:24 (5815424781116) STATS - 87.6, 0
2018-11-13 17:26:24 (5815424802616) STATS - 87.7, 0
2018-11-13 17:26:24 (5815424824216) STATS - 87.8, 0
2018-11-13 17:26:24 (5815424858417) STATS - 87.9, 0
2018-11-13 17:26:24 (5815424908217) STATS - 88.0, 0
2018-11-13 17:26:24 (5815424935218) STATS - 88.1, 0
2018-11-13 17:26:24 (5815424960018) STATS - 88.2, 0
2018-11-13 17:26:24 (5815424982818) STATS - 88.3, 0
2018-11-13 17:26:24 (5815425004818) STATS - 88.4, 0
2018-11-13 17:26:24 (5815425026619) STATS - 88.5, 0
2018-11-13 17:26:24 (5815425048519) STATS - 88.6, 0
2018-11-13 17:26:24 (5815425070619) STATS - 88.7, 0
2018-11-13 17:26:24 (5815425092719) STATS - 88.8, 0
2018-11-13 17:26:24 (5815425114420) STATS - 88.9, 0
2018-11-13 17:26:24 (5815425136520) STATS - 89.0, 0
2018-11-13 17:26:24 (5815425158620) STATS - 89.1, 0
2018-11-13 17:26:24 (5815425180420) STATS - 89.2, 0
2018-11-13 17:26:24 (5815425202321) STATS - 89.3, 0
2018-11-13 17:26:24 (5815425224221) STATS - 89.4, 0
2018-11-13 17:26:24 (5815425246221) STATS - 89.5, 0
2018-11-13 17:26:24 (5815425269922) STATS - 89.6, 0
2018-11-13 17:26:24 (5815425292922) STATS - 89.7, 0
2018-11-13 17:26:24 (5815425315522) STATS - 89.8, 0
2018-11-13 17:26:24 (5815425339022) STATS - 89.9, 0
2018-11-13 17:26:24 (5815425378923) STATS - 90.0, 0
2018-11-13 17:26:24 (5815425406523) STATS - 90.1, 0
2018-11-13 17:26:24 (5815425429423) STATS - 90.2, 0
2018-11-13 17:26:24 (5815425453624) STATS - 90.3, 0
2018-11-13 17:26:24 (5815425476424) STATS - 90.4, 0
2018-11-13 17:26:24 (5815425498624) STATS - 90.5, 0
2018-11-13 17:26:24 (5815425520824) STATS - 90.6, 0
2018-11-13 17:26:24 (5815425543225) STATS - 90.7, 0
2018-11-13 17:26:24 (5815425565425) STATS - 90.8, 0
2018-11-13 17:26:24 (5815425587125) STATS - 90.9, 0
2018-11-13 17:26:24 (5815425609325) STATS - 91.0, 0
2018-11-13 17:26:24 (5815425631326) STATS - 91.1, 0
2018-11-13 17:26:24 (5815432701307) STATS - 91.2, 0
2018-11-13 17:26:24 (5815432834009) STATS - 91.3, 0
2018-11-13 17:26:24 (5815432910809) STATS - 91.4, 0
2018-11-13 17:26:24 (5815432957610) STATS - 91.5, 0
2018-11-13 17:26:24 (5815432977810) STATS - 91.6, 0
2018-11-13 17:26:24 (5815433005811) STATS - 91.7, 0
2018-11-13 17:26:24 (5815433029011) STATS - 91.8, 0
2018-11-13 17:26:24 (5815433048311) STATS - 91.9, 0
2018-11-13 17:26:24 (5815433068011) STATS - 92.0, 0
2018-11-13 17:26:24 (5815433087211) STATS - 92.1, 0
2018-11-13 17:26:24 (5815433105812) STATS - 92.2, 0
2018-11-13 17:26:24 (5815433124512) STATS - 92.3, 0
2018-11-13 17:26:24 (5815433143312) STATS - 92.4, 0
2018-11-13 17:26:24 (5815433161912) STATS - 92.5, 0
2018-11-13 17:26:24 (5815433180813) STATS - 92.6, 0
2018-11-13 17:26:24 (5815433199313) STATS - 92.7, 0
2018-11-13 17:26:24 (5815433219713) STATS - 92.8, 0
2018-11-13 17:26:24 (5815433239613) STATS - 92.9, 0
2018-11-13 17:26:24 (5815433258913) STATS - 93.0, 0
2018-11-13 17:26:24 (5815433277914) STATS - 93.1, 0
2018-11-13 17:26:24 (5815433296714) STATS - 93.2, 0
2018-11-13 17:26:24 (5815433333514) STATS - 93.3, 0
2018-11-13 17:26:24 (5815433354415) STATS - 93.4, 0
2018-11-13 17:26:24 (5815433384015) STATS - 93.5, 0
2018-11-13 17:26:24 (5815433405115) STATS - 93.6, 0
2018-11-13 17:26:24 (5815433424015) STATS - 93.7, 0
2018-11-13 17:26:24 (5815433442716) STATS - 93.8, 0
2018-11-13 17:26:24 (5815433461216) STATS - 93.9, 0
2018-11-13 17:26:24 (5815433480116) STATS - 94.0, 0
2018-11-13 17:26:24 (5815433511716) STATS - 94.1, 0
2018-11-13 17:26:24 (5815433534917) STATS - 94.2, 0
2018-11-13 17:26:24 (5815433554717) STATS - 94.3, 0
2018-11-13 17:26:24 (5815433573317) STATS - 94.4, 0
2018-11-13 17:26:24 (5815433591317) STATS - 94.5, 0
2018-11-13 17:26:24 (5815433609917) STATS - 94.6, 0
2018-11-13 17:26:24 (5815433628518) STATS - 94.7, 0
2018-11-13 17:26:24 (5815433647118) STATS - 94.8, 0
2018-11-13 17:26:24 (5815433665718) STATS - 94.9, 0
2018-11-13 17:26:24 (5815433684418) STATS - 95.0, 0
2018-11-13 17:26:24 (5815433703119) STATS - 95.1, 0
2018-11-13 17:26:24 (5815433721419) STATS - 95.2, 0
2018-11-13 17:26:24 (5815433740019) STATS - 95.3, 0
2018-11-13 17:26:24 (5815433770119) STATS - 95.4, 0
2018-11-13 17:26:24 (5815433789520) STATS - 95.5, 0
2018-11-13 17:26:24 (5815433821520) STATS - 95.6, 0
2018-11-13 17:26:24 (5815433841420) STATS - 95.7, 0
2018-11-13 17:26:24 (5815433873621) STATS - 95.8, 0
2018-11-13 17:26:24 (5815433894221) STATS - 95.9, 0
2018-11-13 17:26:24 (5815433915421) STATS - 96.0, 0
2018-11-13 17:26:24 (5815433936421) STATS - 96.1, 0
2018-11-13 17:26:24 (5815433956921) STATS - 96.2, 0
2018-11-13 17:26:24 (5815433977722) STATS - 96.3, 0
2018-11-13 17:26:24 (5815433998322) STATS - 96.4, 0
2018-11-13 17:26:24 (5815434018822) STATS - 96.5, 0
2018-11-13 17:26:24 (5815434039422) STATS - 96.6, 0
2018-11-13 17:26:24 (5815434059823) STATS - 96.7, 0
2018-11-13 17:26:24 (5815434080623) STATS - 96.8, 0
2018-11-13 17:26:24 (5815434101223) STATS - 96.9, 0
2018-11-13 17:26:24 (5815434121923) STATS - 97.0, 0
2018-11-13 17:26:24 (5815434153524) STATS - 97.1, 0
2018-11-13 17:26:24 (5815434176624) STATS - 97.2, 0
2018-11-13 17:26:24 (5815434208424) STATS - 97.3, 0
2018-11-13 17:26:24 (5815434229025) STATS - 97.4, 0
2018-11-13 17:26:24 (5815434248825) STATS - 97.5, 0
2018-11-13 17:26:24 (5815434268925) STATS - 97.6, 0
2018-11-13 17:26:24 (5815434288725) STATS - 97.7, 0
2018-11-13 17:26:24 (5815434308826) STATS - 97.8, 0
2018-11-13 17:26:24 (5815434328826) STATS - 97.9, 0
2018-11-13 17:26:24 (5815434349026) STATS - 98.0, 0
2018-11-13 17:26:24 (5815434369526) STATS - 98.1, 0
2018-11-13 17:26:24 (5815434389626) STATS - 98.2, 0
2018-11-13 17:26:24 (5815434409827) STATS - 98.3, 0
2018-11-13 17:26:24 (5815434429927) STATS - 98.4, 0
2018-11-13 17:26:24 (5815434449727) STATS - 98.5, 0
2018-11-13 17:26:24 (5815434469927) STATS - 98.6, 0
2018-11-13 17:26:24 (5815434489928) STATS - 98.7, 0
2018-11-13 17:26:24 (5815434510028) STATS - 98.8, 0
2018-11-13 17:26:24 (5815434530028) STATS - 98.9, 0
2018-11-13 17:26:24 (5815434553128) STATS - 99.0, 0
2018-11-13 17:26:24 (5815434574829) STATS - 99.1, 0
2018-11-13 17:26:24 (5815434594729) STATS - 99.2, 0
2018-11-13 17:26:24 (5815434614529) STATS - 99.3, 0
2018-11-13 17:26:24 (5815434634629) STATS - 99.4, 0
2018-11-13 17:26:24 (5815434654429) STATS - 99.5, 0
2018-11-13 17:26:24 (5815434676630) STATS - 99.6, 0
2018-11-13 17:26:24 (5815434696830) STATS - 99.7, 0
2018-11-13 17:26:24 (5815434716930) STATS - 99.8, 0
2018-11-13 17:26:24 (5815434737130) STATS - 99.9, 0
2018-11-13 17:26:24 (5815434758231) STATS - 100.0, 0
2018-11-13 17:26:24 (5815434779031) STATS - 100.1, 0
2018-11-13 17:26:24 (5815434811231) STATS - 100.2, 0
2018-11-13 17:26:24 (5815434832132) STATS - 100.3, 0
2018-11-13 17:26:24 (5815434852732) STATS - 100.4, 0
2018-11-13 17:26:24 (5815434873332) STATS - 100.5, 0
2018-11-13 17:26:24 (5815434896032) STATS - 100.6, 0
2018-11-13 17:26:24 (5815434919133) STATS - 100.7, 0
2018-11-13 17:26:24 (5815434966233) STATS - 100.8, 0
2018-11-13 17:26:24 (5815434990233) STATS - 100.9, 0
2018-11-13 17:26:24 (5815435012134) STATS - 101.0, 0
2018-11-13 17:26:24 (5815435033334) STATS - 101.1, 0
2018-11-13 17:26:24 (5815435054034) STATS - 101.2, 0
2018-11-13 17:26:24 (5815435074734) STATS - 101.3, 0
2018-11-13 17:26:24 (5815435095135) STATS - 101.4, 0
2018-11-13 17:26:24 (5815435115735) STATS - 101.5, 0
2018-11-13 17:26:24 (5815435136435) STATS - 101.6, 0
2018-11-13 17:26:24 (5815435156835) STATS - 101.7, 0
2018-11-13 17:26:24 (5815435177136) STATS - 101.8, 0
2018-11-13 17:26:24 (5815435197836) STATS - 101.9, 0
2018-11-13 17:26:24 (5815435220236) STATS - 102.0, 0
2018-11-13 17:26:24 (5815435242836) STATS - 102.1, 0
2018-11-13 17:26:24 (5815435263936) STATS - 102.2, 0
2018-11-13 17:26:24 (5815435284637) STATS - 102.3, 0
2018-11-13 17:26:24 (5815435329137) STATS - 102.4, 0
2018-11-13 17:26:24 (5815435356738) STATS - 102.5, 0
2018-11-13 17:26:24 (5815435378038) STATS - 102.6, 0
2018-11-13 17:26:24 (5815435398438) STATS - 102.7, 0
2018-11-13 17:26:24 (5815435418438) STATS - 102.8, 0
2018-11-13 17:26:24 (5815435438339) STATS - 102.9, 0
2018-11-13 17:26:24 (5815435458639) STATS - 103.0, 0
2018-11-13 17:26:24 (5815435479039) STATS - 103.1, 0
2018-11-13 17:26:24 (5815442642521) STATS - 103.2, 0
2018-11-13 17:26:24 (5815442805923) STATS - 103.3, 0
2018-11-13 17:26:24 (5815442851624) STATS - 103.4, 0
2018-11-13 17:26:24 (5815442883324) STATS - 103.5, 0
2018-11-13 17:26:24 (5815442899724) STATS - 103.6, 0
2018-11-13 17:26:24 (5815442915525) STATS - 103.7, 0
2018-11-13 17:26:24 (5815442931125) STATS - 103.8, 0
2018-11-13 17:26:24 (5815442946725) STATS - 103.9, 0
2018-11-13 17:26:24 (5815442968225) STATS - 104.0, 0
2018-11-13 17:26:24 (5815442984725) STATS - 104.1, 0
2018-11-13 17:26:24 (5815443000526) STATS - 104.2, 0
2018-11-13 17:26:24 (5815443016526) STATS - 104.3, 0
2018-11-13 17:26:24 (5815443032126) STATS - 104.4, 0
2018-11-13 17:26:24 (5815443049226) STATS - 104.5, 0
2018-11-13 17:26:24 (5815443065726) STATS - 104.6, 0
2018-11-13 17:26:24 (5815443082226) STATS - 104.7, 0
2018-11-13 17:26:24 (5815443101127) STATS - 104.8, 0
2018-11-13 17:26:24 (5815443117927) STATS - 104.9, 0
2018-11-13 17:26:24 (5815443134027) STATS - 105.0, 0
2018-11-13 17:26:24 (5815443149627) STATS - 105.1, 0
2018-11-13 17:26:24 (5815443165927) STATS - 105.2, 0
2018-11-13 17:26:24 (5815443182528) STATS - 105.3, 0
2018-11-13 17:26:24 (5815443198528) STATS - 105.4, 0
2018-11-13 17:26:24 (5815443214228) STATS - 105.5, 0
2018-11-13 17:26:24 (5815443230028) STATS - 105.6, 0
2018-11-13 17:26:24 (5815443263329) STATS - 105.7, 0
2018-11-13 17:26:24 (5815443283029) STATS - 105.8, 0
2018-11-13 17:26:24 (5815443300629) STATS - 105.9, 0
2018-11-13 17:26:24 (5815443317129) STATS - 106.0, 0
2018-11-13 17:26:24 (5815443332829) STATS - 106.1, 0
2018-11-13 17:26:24 (5815443348430) STATS - 106.2, 0
2018-11-13 17:26:24 (5815443364230) STATS - 106.3, 0
2018-11-13 17:26:24 (5815443379830) STATS - 106.4, 0
2018-11-13 17:26:24 (5815443395430) STATS - 106.5, 0
2018-11-13 17:26:24 (5815443412530) STATS - 106.6, 0
2018-11-13 17:26:24 (5815443428930) STATS - 106.7, 0
2018-11-13 17:26:24 (5815443444831) STATS - 106.8, 0
2018-11-13 17:26:24 (5815443461731) STATS - 106.9, 0
2018-11-13 17:26:24 (5815443478231) STATS - 107.0, 0
2018-11-13 17:26:24 (5815443494331) STATS - 107.1, 0
2018-11-13 17:26:24 (5815443510031) STATS - 107.2, 0
2018-11-13 17:26:24 (5815443525832) STATS - 107.3, 0
2018-11-13 17:26:24 (5815443541532) STATS - 107.4, 0
2018-11-13 17:26:24 (5815443557132) STATS - 107.5, 0
2018-11-13 17:26:24 (5815443572832) STATS - 107.6, 0
2018-11-13 17:26:24 (5815443588332) STATS - 107.7, 0
2018-11-13 17:26:24 (5815443604032) STATS - 107.8, 0
2018-11-13 17:26:24 (5815443619633) STATS - 107.9, 0
2018-11-13 17:26:24 (5815443636433) STATS - 108.0, 0
2018-11-13 17:26:24 (5815443653433) STATS - 108.1, 0
2018-11-13 17:26:24 (5815443669433) STATS - 108.2, 0
2018-11-13 17:26:24 (5815443685433) STATS - 108.3, 0
2018-11-13 17:26:24 (5815443713534) STATS - 108.4, 0
2018-11-13 17:26:24 (5815443746834) STATS - 108.5, 0
2018-11-13 17:26:24 (5815443765934) STATS - 108.6, 0
2018-11-13 17:26:24 (5815443784435) STATS - 108.7, 0
2018-11-13 17:26:24 (5815443801735) STATS - 108.8, 0
2018-11-13 17:26:24 (5815443819835) STATS - 108.9, 0
2018-11-13 17:26:24 (5815443837135) STATS - 109.0, 0
2018-11-13 17:26:24 (5815443854235) STATS - 109.1, 0
2018-11-13 17:26:24 (5815443871036) STATS - 109.2, 0
2018-11-13 17:26:24 (5815443887936) STATS - 109.3, 0
2018-11-13 17:26:24 (5815443904736) STATS - 109.4, 0
2018-11-13 17:26:24 (5815443921636) STATS - 109.5, 0
2018-11-13 17:26:24 (5815443938736) STATS - 109.6, 0
2018-11-13 17:26:24 (5815443955937) STATS - 109.7, 0
2018-11-13 17:26:24 (5815443972837) STATS - 109.8, 0
2018-11-13 17:26:24 (5815443989737) STATS - 109.9, 0
2018-11-13 17:26:24 (5815444022937) STATS - 110.0, 0
2018-11-13 17:26:24 (5815444042638) STATS - 110.1, 0
2018-11-13 17:26:24 (5815444059538) STATS - 110.2, 0
2018-11-13 17:26:24 (5815444076538) STATS - 110.3, 0
2018-11-13 17:26:24 (5815444093338) STATS - 110.4, 0
2018-11-13 17:26:24 (5815444110138) STATS - 110.5, 0
2018-11-13 17:26:24 (5815444126938) STATS - 110.6, 0
2018-11-13 17:26:24 (5815444143539) STATS - 110.7, 0
2018-11-13 17:26:24 (5815444162339) STATS - 110.8, 0
2018-11-13 17:26:24 (5815444179939) STATS - 110.9, 0
2018-11-13 17:26:24 (5815444197139) STATS - 111.0, 0
2018-11-13 17:26:24 (5815444214239) STATS - 111.1, 0
2018-11-13 17:26:24 (5815444231340) STATS - 111.2, 0
2018-11-13 17:26:24 (5815444248540) STATS - 111.3, 0
2018-11-13 17:26:24 (5815444265940) STATS - 111.4, 0
2018-11-13 17:26:24 (5815444285040) STATS - 111.5, 0
2018-11-13 17:26:24 (5815444303641) STATS - 111.6, 0
2018-11-13 17:26:24 (5815444320841) STATS - 111.7, 0
2018-11-13 17:26:24 (5815444337841) STATS - 111.8, 0
2018-11-13 17:26:24 (5815444354841) STATS - 111.9, 0
2018-11-13 17:26:24 (5815444373641) STATS - 112.0, 0
2018-11-13 17:26:24 (5815444391242) STATS - 112.1, 0
2018-11-13 17:26:24 (5815444408542) STATS - 112.2, 0
2018-11-13 17:26:24 (5815444425242) STATS - 112.3, 0
2018-11-13 17:26:24 (5815444441742) STATS - 112.4, 0
2018-11-13 17:26:24 (5815444458242) STATS - 112.5, 0
2018-11-13 17:26:24 (5815444474942) STATS - 112.6, 0
2018-11-13 17:26:24 (5815444492043) STATS - 112.7, 0
2018-11-13 17:26:24 (5815444508643) STATS - 112.8, 0
2018-11-13 17:26:24 (5815444525343) STATS - 112.9, 0
2018-11-13 17:26:24 (5815444542243) STATS - 113.0, 0
2018-11-13 17:26:24 (5815444559043) STATS - 113.1, 0
2018-11-13 17:26:24 (5815444575844) STATS - 113.2, 0
2018-11-13 17:26:24 (5815444592444) STATS - 113.3, 0
2018-11-13 17:26:24 (5815444609344) STATS - 113.4, 0
2018-11-13 17:26:24 (5815444628344) STATS - 113.5, 0
2018-11-13 17:26:24 (5815444647644) STATS - 113.6, 0
2018-11-13 17:26:24 (5815444665345) STATS - 113.7, 0
2018-11-13 17:26:24 (5815444682245) STATS - 113.8, 0
2018-11-13 17:26:24 (5815444698845) STATS - 113.9, 0
2018-11-13 17:26:24 (5815444715545) STATS - 114.0, 0
2018-11-13 17:26:24 (5815444732745) STATS - 114.1, 0
2018-11-13 17:26:24 (5815444762746) STATS - 114.2, 0
2018-11-13 17:26:24 (5815444779846) STATS - 114.3, 0
2018-11-13 17:26:24 (5815444797146) STATS - 114.4, 0
2018-11-13 17:26:24 (5815444817246) STATS - 114.5, 0
2018-11-13 17:26:24 (5815444834947) STATS - 114.6, 0
2018-11-13 17:26:24 (5815444852447) STATS - 114.7, 0
2018-11-13 17:26:24 (5815444869747) STATS - 114.8, 0
2018-11-13 17:26:24 (5815444887147) STATS - 114.9, 0
2018-11-13 17:26:24 (5815444904147) STATS - 115.0, 0
2018-11-13 17:26:24 (5815444921248) STATS - 115.1, 0
2018-11-13 17:26:24 (5815445020649) STATS - 115.2, 0
2018-11-13 17:26:24 (5815445078649) STATS - 115.3, 0
2018-11-13 17:26:24 (5815445098050) STATS - 115.4, 0
2018-11-13 17:26:24 (5815445114950) STATS - 115.5, 0
2018-11-13 17:26:24 (5815467586108) STATS - 115.6, 0
2018-11-13 17:26:24 (5815467608809) STATS - 115.7, 0
2018-11-13 17:26:24 (5815467626909) STATS - 115.8, 0
2018-11-13 17:26:24 (5815467643809) STATS - 115.9, 0
2018-11-13 17:26:24 (5815467661909) STATS - 116.0, 0
2018-11-13 17:26:24 (5815467679209) STATS - 116.1, 0
2018-11-13 17:26:24 (5815467713410) STATS - 116.2, 0
2018-11-13 17:26:24 (5815467731210) STATS - 116.3, 0
2018-11-13 17:26:24 (5815467747910) STATS - 116.4, 0
2018-11-13 17:26:24 (5815467764510) STATS - 116.5, 0
2018-11-13 17:26:24 (5815467781211) STATS - 116.6, 0
2018-11-13 17:26:24 (5815467797511) STATS - 116.7, 0
2018-11-13 17:26:24 (5815467813911) STATS - 116.8, 0
2018-11-13 17:26:24 (5815467830111) STATS - 116.9, 0
2018-11-13 17:26:24 (5815467847111) STATS - 117.0, 0
2018-11-13 17:26:24 (5815467863412) STATS - 117.1, 0
2018-11-13 17:26:24 (5815467879412) STATS - 117.2, 0
2018-11-13 17:26:24 (5815467895612) STATS - 117.3, 0
2018-11-13 17:26:24 (5815467911612) STATS - 117.4, 0
2018-11-13 17:26:24 (5815467927612) STATS - 117.5, 0
2018-11-13 17:26:24 (5815468018613) STATS - 117.6, 0
2018-11-13 17:26:24 (5815468043914) STATS - 117.7, 0
2018-11-13 17:26:24 (5815468059914) STATS - 117.8, 0
2018-11-13 17:26:24 (5815468088714) STATS - 117.9, 0
2018-11-13 17:26:24 (5815468106014) STATS - 118.0, 0
2018-11-13 17:26:24 (5815468121415) STATS - 118.1, 0
2018-11-13 17:26:24 (5815468136615) STATS - 118.2, 0
2018-11-13 17:26:24 (5815468151515) STATS - 118.3, 0
2018-11-13 17:26:24 (5815468167115) STATS - 118.4, 0
2018-11-13 17:26:24 (5815468182215) STATS - 118.5, 0
2018-11-13 17:26:24 (5815468199515) STATS - 118.6, 0
2018-11-13 17:26:24 (5815468215716) STATS - 118.7, 0
2018-11-13 17:26:24 (5815468231016) STATS - 118.8, 0
2018-11-13 17:26:24 (5815468245916) STATS - 118.9, 0
2018-11-13 17:26:24 (5815468261116) STATS - 119.0, 0
2018-11-13 17:26:24 (5815468276416) STATS - 119.1, 0
2018-11-13 17:26:24 (5815468291617) STATS - 119.2, 0
2018-11-13 17:26:24 (5815468306717) STATS - 119.3, 0
2018-11-13 17:26:24 (5815468323017) STATS - 119.4, 0
2018-11-13 17:26:24 (5815468338117) STATS - 119.5, 0
2018-11-13 17:26:24 (5815468353217) STATS - 119.6, 0
2018-11-13 17:26:24 (5815468368217) STATS - 119.7, 0
2018-11-13 17:26:24 (5815468383218) STATS - 119.8, 0
2018-11-13 17:26:24 (5815468398918) STATS - 119.9, 0
2018-11-13 17:26:24 (5815468414318) STATS - 120.0, 0
2018-11-13 17:26:24 (5815468429818) STATS - 120.1, 0
2018-11-13 17:26:24 (5815468444918) STATS - 120.2, 0
2018-11-13 17:26:24 (5815468459918) STATS - 120.3, 0
2018-11-13 17:26:24 (5815468474819) STATS - 120.4, 0
2018-11-13 17:26:24 (5815468489719) STATS - 120.5, 0
2018-11-13 17:26:24 (5815468504819) STATS - 120.6, 0
2018-11-13 17:26:24 (5815468519819) STATS - 120.7, 0
2018-11-13 17:26:24 (5815468534919) STATS - 120.8, 0
2018-11-13 17:26:24 (5815468550119) STATS - 120.9, 0
2018-11-13 17:26:24 (5815468572820) STATS - 121.0, 0
2018-11-13 17:26:24 (5815468591320) STATS - 121.1, 1
2018-11-13 17:26:24 (5815468629720) STATS - 121.2, 0
2018-11-13 17:26:24 (5815468649121) STATS - 121.3, 0
2018-11-13 17:26:24 (5815468664521) STATS - 121.4, 0
2018-11-13 17:26:24 (5815468682621) STATS - 121.5, 0
2018-11-13 17:26:24 (5815468739922) STATS - 121.6, 0
2018-11-13 17:26:24 (5815468763822) STATS - 121.7, 0
2018-11-13 17:26:24 (5815468778822) STATS - 121.8, 0
2018-11-13 17:26:24 (5815468792822) STATS - 121.9, 0
2018-11-13 17:26:24 (5815468807722) STATS - 122.0, 0
2018-11-13 17:26:24 (5815468822223) STATS - 122.1, 0
2018-11-13 17:26:24 (5815468836423) STATS - 122.2, 0
2018-11-13 17:26:24 (5815468850323) STATS - 122.3, 0
2018-11-13 17:26:24 (5815468864123) STATS - 122.4, 0
2018-11-13 17:26:24 (5815468877923) STATS - 122.5, 0
2018-11-13 17:26:24 (5815468891823) STATS - 122.6, 0
2018-11-13 17:26:24 (5815468905724) STATS - 122.7, 0
2018-11-13 17:26:24 (5815468922324) STATS - 122.8, 0
2018-11-13 17:26:24 (5815468936624) STATS - 122.9, 0
2018-11-13 17:26:24 (5815468950724) STATS - 123.0, 0
2018-11-13 17:26:24 (5815468964724) STATS - 123.1, 0
2018-11-13 17:26:24 (5815468978724) STATS - 123.2, 0
2018-11-13 17:26:24 (5815468992925) STATS - 123.3, 0
2018-11-13 17:26:24 (5815469007025) STATS - 123.4, 0
2018-11-13 17:26:24 (5815469020925) STATS - 123.5, 0
2018-11-13 17:26:24 (5815469038025) STATS - 123.6, 0
2018-11-13 17:26:24 (5815472453264) STATS - 123.7, 0
2018-11-13 17:26:24 (5815472491365) STATS - 123.8, 0
2018-11-13 17:26:24 (5815472508865) STATS - 123.9, 0
2018-11-13 17:26:24 (5815472523365) STATS - 124.0, 0
2018-11-13 17:26:24 (5815472536465) STATS - 124.1, 0
2018-11-13 17:26:24 (5815472549266) STATS - 124.2, 0
2018-11-13 17:26:24 (5815472561666) STATS - 124.3, 0
2018-11-13 17:26:24 (5815472573766) STATS - 124.4, 0
2018-11-13 17:26:24 (5815472586266) STATS - 124.5, 0
2018-11-13 17:26:24 (5815472598666) STATS - 124.6, 0
2018-11-13 17:26:24 (5815472610866) STATS - 124.7, 0
2018-11-13 17:26:24 (5815472630866) STATS - 124.8, 0
2018-11-13 17:26:24 (5815472645967) STATS - 124.9, 0
2018-11-13 17:26:24 (5815472658967) STATS - 125.0, 1
2018-11-13 17:26:24 (5815472672167) STATS - 125.1, 0
2018-11-13 17:26:24 (5815472684567) STATS - 125.2, 0
2018-11-13 17:26:24 (5815472696967) STATS - 125.3, 0
2018-11-13 17:26:24 (5815472709267) STATS - 125.4, 0
2018-11-13 17:26:24 (5815472721467) STATS - 125.5, 0
2018-11-13 17:26:24 (5815472736168) STATS - 125.6, 0
2018-11-13 17:26:24 (5815472748568) STATS - 125.7, 0
2018-11-13 17:26:24 (5815472764068) STATS - 125.8, 0
2018-11-13 17:26:24 (5815472777068) STATS - 125.9, 0
2018-11-13 17:26:24 (5815472791968) STATS - 126.0, 0
2018-11-13 17:26:24 (5815472813169) STATS - 126.1, 0
2018-11-13 17:26:24 (5815472826169) STATS - 126.2, 0
2018-11-13 17:26:24 (5815472841669) STATS - 126.3, 0
2018-11-13 17:26:24 (5815472860769) STATS - 126.4, 0
2018-11-13 17:26:24 (5815472874669) STATS - 126.5, 0
2018-11-13 17:26:24 (5815472887669) STATS - 126.6, 0
2018-11-13 17:26:24 (5815472900270) STATS - 126.7, 0
2018-11-13 17:26:24 (5815472912670) STATS - 126.8, 0
2018-11-13 17:26:24 (5815472925070) STATS - 126.9, 0
2018-11-13 17:26:24 (5815472937470) STATS - 127.0, 0
2018-11-13 17:26:24 (5815472950070) STATS - 127.1, 0
2018-11-13 17:26:24 (5815472962270) STATS - 127.2, 0
2018-11-13 17:26:24 (5815472974470) STATS - 127.3, 0
2018-11-13 17:26:24 (5815472986971) STATS - 127.4, 0
2018-11-13 17:26:24 (5815472999171) STATS - 127.5, 0
2018-11-13 17:26:24 (5815473011471) STATS - 127.6, 0
2018-11-13 17:26:24 (5815473023871) STATS - 127.7, 0
2018-11-13 17:26:24 (5815473036371) STATS - 127.8, 0
2018-11-13 17:26:24 (5815473048671) STATS - 127.9, 0
2018-11-13 17:26:24 (5815473062071) STATS - 128.0, 0
2018-11-13 17:26:24 (5815473074772) STATS - 128.1, 0
2018-11-13 17:26:24 (5815473087172) STATS - 128.2, 0
2018-11-13 17:26:24 (5815473099572) STATS - 128.3, 0
2018-11-13 17:26:24 (5815473111672) STATS - 128.4, 0
2018-11-13 17:26:24 (5815473123872) STATS - 128.5, 0
2018-11-13 17:26:24 (5815473136272) STATS - 128.6, 0
2018-11-13 17:26:24 (5815473148572) STATS - 128.7, 0
2018-11-13 17:26:24 (5815473160673) STATS - 128.8, 0
2018-11-13 17:26:24 (5815473172873) STATS - 128.9, 0
2018-11-13 17:26:24 (5815473185273) STATS - 129.0, 0
2018-11-13 17:26:24 (5815473197673) STATS - 129.1, 0
2018-11-13 17:26:24 (5815473209873) STATS - 129.2, 0
2018-11-13 17:26:24 (5815473222073) STATS - 129.3, 0
2018-11-13 17:26:24 (5815473234173) STATS - 129.4, 0
2018-11-13 17:26:24 (5815473246474) STATS - 129.5, 0
2018-11-13 17:26:24 (5815473259374) STATS - 129.6, 0
2018-11-13 17:26:24 (5815473271774) STATS - 129.7, 0
2018-11-13 17:26:24 (5815473284074) STATS - 129.8, 0
2018-11-13 17:26:24 (5815473296174) STATS - 129.9, 0
2018-11-13 17:26:24 (5815473308674) STATS - 130.0, 0
2018-11-13 17:26:24 (5815473320974) STATS - 130.1, 0
2018-11-13 17:26:24 (5815473333275) STATS - 130.2, 0
2018-11-13 17:26:24 (5815473345375) STATS - 130.3, 0
2018-11-13 17:26:24 (5815473357375) STATS - 130.4, 0
2018-11-13 17:26:24 (5815473369675) STATS - 130.5, 0
2018-11-13 17:26:24 (5815473382075) STATS - 130.6, 0
2018-11-13 17:26:24 (5815473394375) STATS - 130.7, 0
2018-11-13 17:26:24 (5815473406575) STATS - 130.8, 0
2018-11-13 17:26:24 (5815473418576) STATS - 130.9, 0
2018-11-13 17:26:24 (5815473430976) STATS - 131.0, 0
2018-11-13 17:26:24 (5815473443176) STATS - 131.1, 0
2018-11-13 17:26:24 (5815473455776) STATS - 131.2, 0
2018-11-13 17:26:24 (5815473467976) STATS - 131.3, 0
2018-11-13 17:26:24 (5815473480076) STATS - 131.4, 0
2018-11-13 17:26:24 (5815473492576) STATS - 131.5, 0
2018-11-13 17:26:24 (5815473516477) STATS - 131.6, 0
2018-11-13 17:26:24 (5815473529777) STATS - 131.7, 0
2018-11-13 17:26:24 (5815473542377) STATS - 131.8, 0
2018-11-13 17:26:24 (5815473555277) STATS - 131.9, 0
2018-11-13 17:26:24 (5815473568077) STATS - 132.0, 0
2018-11-13 17:26:24 (5815473581177) STATS - 132.1, 0
2018-11-13 17:26:24 (5815473595878) STATS - 132.2, 0
2018-11-13 17:26:24 (5815473622378) STATS - 132.3, 0
2018-11-13 17:26:24 (5815473636578) STATS - 132.4, 0
2018-11-13 17:26:24 (5815473650878) STATS - 132.5, 0
2018-11-13 17:26:24 (5815473664678) STATS - 132.6, 0
2018-11-13 17:26:24 (5815473677978) STATS - 132.7, 0
2018-11-13 17:26:24 (5815473691079) STATS - 132.8, 0
2018-11-13 17:26:24 (5815473704179) STATS - 132.9, 0
2018-11-13 17:26:24 (5815473717179) STATS - 133.0, 0
2018-11-13 17:26:24 (5815473730579) STATS - 133.1, 0
2018-11-13 17:26:24 (5815473744079) STATS - 133.2, 0
2018-11-13 17:26:24 (5815473757279) STATS - 133.3, 1
2018-11-13 17:26:24 (5815473781280) INFO  - END: Middleware stopped.
