Elapsed Time, AVG Throughput, AVG Queue Size, AVG Waiting Time, AVG Service Time, AVG Response Time, AVG SET Response Time, AVG GET Response Time, AVG MULTI-GET Response Time, #SETS, #GETS, #MULTIGETS, GET MissRatio, MULTI-GET MissRatio, AVG MULTI-GET Size
 5.00, 5200, 7, 2.331999, 6.730681, 9.260521, 9.260521, 0.000000, 0.000000, 26000, 0, 0, 0.00, 0.00, 0
10.00, 6333, 5, 1.265417, 6.552302, 7.974069, 7.974069, 0.000000, 0.000000, 31665, 0, 0, 0.00, 0.00, 0
15.00, 6403, 6, 1.260323, 6.361280, 7.807312, 7.807312, 0.000000, 0.000000, 32015, 0, 0, 0.00, 0.00, 0
20.00, 6540, 6, 1.207070, 6.244585, 7.560531, 7.560531, 0.000000, 0.000000, 32702, 0, 0, 0.00, 0.00, 0
25.00, 6600, 6, 1.292847, 6.093136, 7.513687, 7.513687, 0.000000, 0.000000, 33001, 0, 0, 0.00, 0.00, 0
30.00, 6326, 6, 1.411030, 6.390772, 7.902428, 7.902428, 0.000000, 0.000000, 31630, 0, 0, 0.00, 0.00, 0
35.00, 6313, 6, 1.600053, 6.262102, 8.004358, 8.004358, 0.000000, 0.000000, 31568, 0, 0, 0.00, 0.00, 0
40.00, 6322, 6, 1.607642, 6.166356, 7.941147, 7.941147, 0.000000, 0.000000, 31613, 0, 0, 0.00, 0.00, 0
45.00, 6384, 5, 1.348012, 6.303654, 7.812877, 7.812877, 0.000000, 0.000000, 31920, 0, 0, 0.00, 0.00, 0
50.00, 6395, 6, 1.396792, 6.231481, 7.798192, 7.798192, 0.000000, 0.000000, 31975, 0, 0, 0.00, 0.00, 0
55.00, 6468, 5, 1.403817, 6.083943, 7.616963, 7.616963, 0.000000, 0.000000, 32342, 0, 0, 0.00, 0.00, 0
60.00, 6487, 6, 1.305461, 6.309511, 7.761711, 7.761711, 0.000000, 0.000000, 32436, 0, 0, 0.00, 0.00, 0
65.00, 6386, 5, 1.294540, 6.355889, 7.784559, 7.784559, 0.000000, 0.000000, 31934, 0, 0, 0.00, 0.00, 0
70.00, 6341, 6, 1.467588, 6.303587, 7.912125, 7.912125, 0.000000, 0.000000, 31705, 0, 0, 0.00, 0.00, 0
70.00, 233, 1, 0.430834, 4.547167, 5.025709, 5.025709, 0.000000, 0.000000, 1166, 0, 0, 0.00, 0.00, 0
Interval, Responses
0.1, 0
0.2, 0
0.3, 0
0.4, 0
0.5, 0
0.6, 22
0.7, 139
0.8, 508
0.9, 1088
1.0, 1751
1.1, 2430
1.2, 2807
1.3, 3263
1.4, 3306
1.5, 3430
1.6, 3586
1.7, 3549
1.8, 3395
1.9, 3213
2.0, 3116
2.1, 3149
2.2, 3038
2.3, 3059
2.4, 2881
2.5, 2849
2.6, 2790
2.7, 2931
2.8, 2751
2.9, 2706
3.0, 2667
3.1, 2552
3.2, 2703
3.3, 2636
3.4, 2617
3.5, 2523
3.6, 2463
3.7, 2606
3.8, 2686
3.9, 2768
4.0, 2577
4.1, 2565
4.2, 2505
4.3, 2554
4.4, 2512
4.5, 2464
4.6, 2623
4.7, 2471
4.8, 2542
4.9, 2555
5.0, 2527
5.1, 2488
5.2, 2456
5.3, 2443
5.4, 2534
5.5, 2623
5.6, 2729
5.7, 2634
5.8, 2652
5.9, 2665
6.0, 2789
6.1, 2851
6.2, 2876
6.3, 2955
6.4, 3020
6.5, 3012
6.6, 3203
6.7, 3150
6.8, 3116
6.9, 3214
7.0, 3375
7.1, 3473
7.2, 3565
7.3, 3788
7.4, 3822
7.5, 3942
7.6, 4008
7.7, 4085
7.8, 4395
7.9, 4677
8.0, 5063
8.1, 5527
8.2, 5760
8.3, 6206
8.4, 6672
8.5, 6982
8.6, 7344
8.7, 7645
8.8, 7962
8.9, 8208
9.0, 8473
9.1, 8354
9.2, 7976
9.3, 7860
9.4, 7626
9.5, 7341
9.6, 7220
9.7, 6901
9.8, 6576
9.9, 5757
10.0, 4993
10.1, 4256
10.2, 3790
10.3, 3376
10.4, 3108
10.5, 2769
10.6, 2433
10.7, 2104
10.8, 2036
10.9, 1849
11.0, 1878
11.1, 1726
11.2, 1628
11.3, 1562
11.4, 1466
11.5, 1387
11.6, 1283
11.7, 1340
11.8, 1213
11.9, 1201
12.0, 1142
12.1, 1101
12.2, 1055
12.3, 1093
12.4, 1001
12.5, 1009
12.6, 1036
12.7, 942
12.8, 895
12.9, 861
13.0, 826
13.1, 823
13.2, 854
13.3, 803
13.4, 802
13.5, 817
13.6, 778
13.7, 734
13.8, 806
13.9, 670
14.0, 673
14.1, 602
14.2, 630
14.3, 635
14.4, 609
14.5, 593
14.6, 585
14.7, 546
14.8, 534
14.9, 527
15.0, 528
15.1, 482
15.2, 533
15.3, 520
15.4, 465
15.5, 471
15.6, 472
15.7, 399
15.8, 458
15.9, 430
16.0, 429
16.1, 361
16.2, 374
16.3, 399
16.4, 405
16.5, 374
16.6, 384
16.7, 348
16.8, 370
16.9, 367
17.0, 373
17.1, 358
17.2, 331
17.3, 304
17.4, 329
17.5, 336
17.6, 299
17.7, 317
17.8, 336
17.9, 307
18.0, 305
18.1, 260
18.2, 262
18.3, 300
18.4, 285
18.5, 295
18.6, 336
18.7, 302
18.8, 336
18.9, 314
19.0, 297
19.1, 277
19.2, 300
19.3, 233
19.4, 234
19.5, 235
19.6, 256
19.7, 214
19.8, 226
19.9, 191
20.0, 207
20.1, 172
20.2, 143
20.3, 162
20.4, 138
20.5, 153
20.6, 134
20.7, 124
20.8, 127
20.9, 109
21.0, 116
21.1, 131
21.2, 100
21.3, 123
21.4, 83
21.5, 90
21.6, 107
21.7, 96
21.8, 77
21.9, 74
22.0, 73
22.1, 72
22.2, 78
22.3, 66
22.4, 71
22.5, 50
22.6, 68
22.7, 55
22.8, 64
22.9, 69
23.0, 54
23.1, 55
23.2, 63
23.3, 68
23.4, 59
23.5, 35
23.6, 54
23.7, 55
23.8, 62
23.9, 50
24.0, 45
24.1, 44
24.2, 38
24.3, 38
24.4, 48
24.5, 35
24.6, 35
24.7, 41
24.8, 30
24.9, 46
25.0, 52
25.1, 43
25.2, 35
25.3, 20
25.4, 28
25.5, 28
25.6, 31
25.7, 26
25.8, 18
25.9, 35
26.0, 18
26.1, 32
26.2, 40
26.3, 31
26.4, 32
26.5, 37
26.6, 37
26.7, 42
26.8, 52
26.9, 41
27.0, 31
27.1, 21
27.2, 20
27.3, 22
27.4, 24
27.5, 26
27.6, 21
27.7, 24
27.8, 38
27.9, 28
28.0, 22
28.1, 19
28.2, 24
28.3, 21
28.4, 12
28.5, 18
28.6, 12
28.7, 15
28.8, 17
28.9, 12
29.0, 9
29.1, 17
29.2, 9
29.3, 18
29.4, 10
29.5, 7
29.6, 13
29.7, 12
29.8, 14
29.9, 16
30.0, 11
30.1, 13
30.2, 12
30.3, 11
30.4, 30
30.5, 18
30.6, 20
30.7, 21
30.8, 25
30.9, 23
31.0, 15
31.1, 13
31.2, 18
31.3, 15
31.4, 14
31.5, 20
31.6, 10
31.7, 19
31.8, 19
31.9, 14
32.0, 14
32.1, 16
32.2, 8
32.3, 5
32.4, 10
32.5, 11
32.6, 13
32.7, 16
32.8, 13
32.9, 14
33.0, 8
33.1, 8
33.2, 5
33.3, 7
33.4, 14
33.5, 13
33.6, 11
33.7, 17
33.8, 11
33.9, 10
34.0, 15
34.1, 6
34.2, 12
34.3, 12
34.4, 20
34.5, 11
34.6, 20
34.7, 11
34.8, 30
34.9, 21
35.0, 19
35.1, 20
35.2, 14
35.3, 10
35.4, 7
35.5, 8
35.6, 13
35.7, 12
35.8, 11
35.9, 2
36.0, 1
36.1, 8
36.2, 2
36.3, 6
36.4, 4
36.5, 10
36.6, 15
36.7, 12
36.8, 11
36.9, 9
37.0, 13
37.1, 9
37.2, 11
37.3, 12
37.4, 15
37.5, 12
37.6, 20
37.7, 14
37.8, 12
37.9, 8
38.0, 9
38.1, 6
38.2, 5
38.3, 5
38.4, 6
38.5, 8
38.6, 8
38.7, 9
38.8, 4
38.9, 10
39.0, 8
39.1, 8
39.2, 6
39.3, 5
39.4, 8
39.5, 5
39.6, 6
39.7, 9
39.8, 6
39.9, 14
40.0, 11
40.1, 8
40.2, 2
40.3, 9
40.4, 10
40.5, 5
40.6, 10
40.7, 18
40.8, 12
40.9, 13
41.0, 12
41.1, 13
41.2, 15
41.3, 12
41.4, 6
41.5, 9
41.6, 8
41.7, 7
41.8, 5
41.9, 6
42.0, 3
42.1, 6
42.2, 5
42.3, 4
42.4, 5
42.5, 4
42.6, 10
42.7, 6
42.8, 5
42.9, 4
43.0, 5
43.1, 2
43.2, 2
43.3, 1
43.4, 3
43.5, 6
43.6, 3
43.7, 0
43.8, 5
43.9, 3
44.0, 3
44.1, 0
44.2, 4
44.3, 2
44.4, 6
44.5, 4
44.6, 5
44.7, 5
44.8, 5
44.9, 3
45.0, 4
45.1, 6
45.2, 8
45.3, 7
45.4, 4
45.5, 4
45.6, 4
45.7, 9
45.8, 3
45.9, 3
46.0, 4
46.1, 3
46.2, 2
46.3, 5
46.4, 3
46.5, 6
46.6, 4
46.7, 3
46.8, 6
46.9, 2
47.0, 4
47.1, 4
47.2, 1
47.3, 8
47.4, 3
47.5, 3
47.6, 2
47.7, 0
47.8, 1
47.9, 0
48.0, 3
48.1, 3
48.2, 3
48.3, 4
48.4, 0
48.5, 2
48.6, 2
48.7, 3
48.8, 3
48.9, 4
49.0, 2
49.1, 2
49.2, 1
49.3, 3
49.4, 0
49.5, 1
49.6, 1
49.7, 2
49.8, 0
49.9, 2
50.0, 3
50.1, 1
50.2, 1
50.3, 2
50.4, 1
50.5, 3
50.6, 3
50.7, 1
50.8, 0
50.9, 0
51.0, 1
51.1, 1
51.2, 2
51.3, 2
51.4, 2
51.5, 2
51.6, 3
51.7, 0
51.8, 1
51.9, 0
52.0, 0
52.1, 1
52.2, 0
52.3, 1
52.4, 0
52.5, 1
52.6, 0
52.7, 0
52.8, 2
52.9, 0
53.0, 1
53.1, 1
53.2, 0
53.3, 0
53.4, 1
53.5, 1
53.6, 0
53.7, 1
53.8, 2
53.9, 1
54.0, 0
54.1, 0
54.2, 1
54.3, 0
54.4, 0
54.5, 0
54.6, 0
54.7, 0
54.8, 0
54.9, 0
55.0, 0
55.1, 0
55.2, 0
55.3, 0
55.4, 0
55.5, 0
55.6, 0
55.7, 0
55.8, 0
55.9, 0
56.0, 0
56.1, 0
56.2, 0
56.3, 1
56.4, 0
56.5, 1
56.6, 1
56.7, 1
56.8, 0
56.9, 0
57.0, 0
57.1, 1
57.2, 0
57.3, 0
57.4, 0
57.5, 0
57.6, 0
57.7, 0
57.8, 0
57.9, 0
58.0, 0
58.1, 0
58.2, 1
58.3, 1
58.4, 2
58.5, 1
58.6, 2
58.7, 2
58.8, 1
58.9, 0
59.0, 1
59.1, 0
59.2, 3
59.3, 0
59.4, 1
59.5, 0
59.6, 1
59.7, 0
59.8, 0
59.9, 0
60.0, 0
60.1, 0
60.2, 0
60.3, 0
60.4, 0
60.5, 0
60.6, 0
60.7, 0
60.8, 0
60.9, 0
61.0, 0
61.1, 0
61.2, 0
61.3, 0
61.4, 0
61.5, 0
61.6, 0
61.7, 0
61.8, 0
61.9, 0
62.0, 0
62.1, 0
62.2, 0
62.3, 0
62.4, 0
62.5, 0
62.6, 0
62.7, 0
62.8, 1
62.9, 0
63.0, 0
63.1, 0
63.2, 0
63.3, 0
63.4, 0
63.5, 0
63.6, 0
63.7, 0
63.8, 1
63.9, 0
64.0, 0
64.1, 0
64.2, 0
64.3, 0
64.4, 0
64.5, 1
64.6, 0
64.7, 0
64.8, 0
64.9, 0
65.0, 1
65.1, 0
65.2, 2
65.3, 2
65.4, 1
65.5, 0
65.6, 0
65.7, 0
65.8, 0
65.9, 0
66.0, 0
66.1, 0
66.2, 0
66.3, 1
66.4, 0
66.5, 0
66.6, 0
66.7, 0
66.8, 0
66.9, 0
67.0, 3
67.1, 0
67.2, 0
67.3, 0
67.4, 0
67.5, 0
67.6, 0
67.7, 0
67.8, 0
67.9, 0
68.0, 0
68.1, 0
68.2, 0
68.3, 0
68.4, 0
68.5, 0
68.6, 0
68.7, 0
68.8, 0
68.9, 0
69.0, 0
69.1, 1
69.2, 1
69.3, 1
69.4, 0
69.5, 0
69.6, 0
69.7, 0
69.8, 0
69.9, 0
70.0, 0
70.1, 0
70.2, 0
70.3, 1
70.4, 0
70.5, 0
70.6, 1
70.7, 0
70.8, 0
70.9, 1
71.0, 0
71.1, 0
71.2, 0
71.3, 0
71.4, 0
71.5, 0
71.6, 0
71.7, 0
71.8, 0
71.9, 0
72.0, 0
72.1, 0
72.2, 0
72.3, 0
72.4, 0
72.5, 0
72.6, 0
72.7, 0
72.8, 0
72.9, 0
73.0, 0
73.1, 0
73.2, 0
73.3, 0
73.4, 0
73.5, 0
73.6, 0
73.7, 0
73.8, 0
73.9, 0
74.0, 0
74.1, 0
74.2, 0
74.3, 0
74.4, 0
74.5, 0
74.6, 0
74.7, 0
74.8, 0
74.9, 0
75.0, 0
75.1, 0
75.2, 0
75.3, 0
75.4, 0
75.5, 0
75.6, 0
75.7, 0
75.8, 0
75.9, 0
76.0, 0
76.1, 0
76.2, 0
76.3, 1
76.4, 0
76.5, 0
76.6, 0
76.7, 0
76.8, 0
76.9, 0
77.0, 0
77.1, 0
77.2, 0
77.3, 0
77.4, 1
77.5, 0
77.6, 0
77.7, 0
77.8, 2
77.9, 1
78.0, 0
78.1, 1
78.2, 0
78.3, 0
78.4, 0
78.5, 0
78.6, 0
78.7, 0
78.8, 0
78.9, 0
79.0, 0
79.1, 0
79.2, 0
79.3, 0
79.4, 0
79.5, 0
79.6, 0
79.7, 0
79.8, 0
79.9, 0
80.0, 0
80.1, 0
80.2, 0
80.3, 0
80.4, 0
80.5, 0
80.6, 0
80.7, 0
80.8, 0
80.9, 0
81.0, 0
81.1, 0
81.2, 0
81.3, 0
81.4, 0
81.5, 0
81.6, 0
81.7, 0
81.8, 0
81.9, 0
82.0, 0
82.1, 0
82.2, 0
82.3, 0
82.4, 0
82.5, 0
82.6, 0
82.7, 0
82.8, 0
82.9, 0
83.0, 0
83.1, 0
83.2, 0
83.3, 0
83.4, 0
83.5, 0
83.6, 0
83.7, 0
83.8, 0
83.9, 0
84.0, 0
84.1, 0
84.2, 0
84.3, 0
84.4, 0
84.5, 0
84.6, 0
84.7, 0
84.8, 0
84.9, 0
85.0, 0
85.1, 0
85.2, 0
85.3, 0
85.4, 0
85.5, 0
85.6, 0
85.7, 0
85.8, 0
85.9, 0
86.0, 0
86.1, 0
86.2, 0
86.3, 0
86.4, 0
86.5, 0
86.6, 0
86.7, 0
86.8, 0
86.9, 0
87.0, 0
87.1, 0
87.2, 0
87.3, 0
87.4, 0
87.5, 0
87.6, 0
87.7, 0
87.8, 0
87.9, 0
88.0, 0
88.1, 0
88.2, 0
88.3, 0
88.4, 0
88.5, 0
88.6, 0
88.7, 0
88.8, 0
88.9, 0
89.0, 0
89.1, 0
89.2, 0
89.3, 0
89.4, 0
89.5, 0
89.6, 0
89.7, 0
89.8, 0
89.9, 0
90.0, 0
90.1, 0
90.2, 0
90.3, 0
90.4, 0
90.5, 0
90.6, 0
90.7, 0
90.8, 0
90.9, 0
91.0, 0
91.1, 0
91.2, 0
91.3, 0
91.4, 0
91.5, 0
91.6, 0
91.7, 0
91.8, 0
91.9, 0
92.0, 0
92.1, 0
92.2, 0
92.3, 0
92.4, 0
92.5, 0
92.6, 0
92.7, 0
92.8, 0
92.9, 0
93.0, 0
93.1, 0
93.2, 0
93.3, 0
93.4, 0
93.5, 0
93.6, 0
93.7, 0
93.8, 0
93.9, 0
94.0, 0
94.1, 0
94.2, 0
94.3, 0
94.4, 0
94.5, 0
94.6, 0
94.7, 0
94.8, 0
94.9, 0
95.0, 0
95.1, 0
95.2, 0
95.3, 0
95.4, 0
95.5, 0
95.6, 0
95.7, 0
95.8, 0
95.9, 0
96.0, 0
96.1, 0
96.2, 0
96.3, 0
96.4, 0
96.5, 0
96.6, 0
96.7, 0
96.8, 0
96.9, 0
97.0, 0
97.1, 0
97.2, 0
97.3, 0
97.4, 0
97.5, 0
97.6, 0
97.7, 0
97.8, 0
97.9, 0
98.0, 0
98.1, 0
98.2, 0
98.3, 0
98.4, 0
98.5, 0
98.6, 0
98.7, 0
98.8, 0
98.9, 0
99.0, 0
99.1, 0
99.2, 0
99.3, 0
99.4, 0
99.5, 0
99.6, 0
99.7, 0
99.8, 0
99.9, 0
100.0, 0
100.1, 0
100.2, 0
100.3, 0
100.4, 0
100.5, 0
100.6, 0
100.7, 0
100.8, 0
100.9, 0
101.0, 0
101.1, 0
101.2, 0
101.3, 0
101.4, 0
101.5, 0
101.6, 0
101.7, 0
101.8, 0
101.9, 0
102.0, 0
102.1, 0
102.2, 0
102.3, 0
102.4, 0
102.5, 0
102.6, 0
102.7, 0
102.8, 0
102.9, 0
103.0, 0
103.1, 0
103.2, 0
103.3, 0
103.4, 0
103.5, 0
103.6, 0
103.7, 0
103.8, 0
103.9, 0
104.0, 0
104.1, 0
104.2, 0
104.3, 0
104.4, 0
104.5, 0
104.6, 0
104.7, 0
104.8, 0
104.9, 0
105.0, 0
105.1, 0
105.2, 0
105.3, 0
105.4, 0
105.5, 0
105.6, 0
105.7, 0
105.8, 0
105.9, 0
106.0, 0
106.1, 0
106.2, 0
106.3, 0
106.4, 0
106.5, 0
106.6, 0
106.7, 0
106.8, 0
106.9, 0
107.0, 0
107.1, 0
107.2, 0
107.3, 0
107.4, 0
107.5, 0
107.6, 0
107.7, 0
107.8, 0
107.9, 0
108.0, 0
108.1, 0
108.2, 0
108.3, 0
108.4, 0
108.5, 0
108.6, 0
108.7, 0
108.8, 0
108.9, 0
109.0, 0
109.1, 0
109.2, 0
109.3, 0
109.4, 0
109.5, 0
109.6, 0
109.7, 0
109.8, 0
109.9, 0
110.0, 0
110.1, 0
110.2, 0
110.3, 0
110.4, 0
110.5, 0
110.6, 0
110.7, 0
110.8, 0
110.9, 0
111.0, 0
111.1, 0
111.2, 0
111.3, 0
111.4, 0
111.5, 0
111.6, 0
111.7, 0
111.8, 0
111.9, 0
112.0, 0
112.1, 0
112.2, 0
112.3, 0
112.4, 0
112.5, 0
112.6, 0
112.7, 0
112.8, 0
112.9, 0
113.0, 0
113.1, 0
113.2, 0
113.3, 0
113.4, 0
113.5, 0
113.6, 0
113.7, 0
113.8, 0
113.9, 0
114.0, 0
114.1, 0
114.2, 0
114.3, 0
114.4, 0
114.5, 0
114.6, 0
114.7, 0
114.8, 0
114.9, 0
115.0, 0
115.1, 0
115.2, 0
115.3, 0
115.4, 0
115.5, 0
115.6, 0
115.7, 0
115.8, 0
115.9, 0
116.0, 0
116.1, 0
116.2, 0
116.3, 0
116.4, 0
116.5, 0
116.6, 0
116.7, 0
116.8, 0
116.9, 0
117.0, 0
117.1, 0
117.2, 0
117.3, 0
117.4, 0
117.5, 0
117.6, 0
117.7, 0
117.8, 0
117.9, 0
118.0, 0
118.1, 0
118.2, 0
118.3, 0
118.4, 0
118.5, 0
118.6, 0
118.7, 0
118.8, 0
118.9, 0
119.0, 0
119.1, 0
119.2, 0
119.3, 0
119.4, 0
119.5, 0
119.6, 0
119.7, 0
119.8, 0
119.9, 0
120.0, 0
120.1, 0
120.2, 0
120.3, 0
120.4, 0
120.5, 0
120.6, 0
120.7, 0
120.8, 0
120.9, 0
121.0, 0
121.1, 0
121.2, 0
121.3, 0
121.4, 0
121.5, 0
121.6, 0
121.7, 0
121.8, 0
121.9, 0
122.0, 0
122.1, 0
122.2, 0
122.3, 0
122.4, 0
122.5, 0
122.6, 0
122.7, 0
122.8, 0
122.9, 0
123.0, 0
123.1, 0
123.2, 0
123.3, 0
123.4, 0
123.5, 0
123.6, 0
123.7, 0
123.8, 0
123.9, 0
124.0, 0
124.1, 0
124.2, 0
124.3, 0
124.4, 0
124.5, 0
124.6, 0
124.7, 0
124.8, 0
124.9, 0
125.0, 0
125.1, 0
125.2, 0
125.3, 0
125.4, 0
125.5, 0
125.6, 0
125.7, 0
125.8, 0
125.9, 0
126.0, 0
126.1, 0
126.2, 0
126.3, 0
126.4, 0
126.5, 0
126.6, 0
126.7, 0
126.8, 0
126.9, 0
127.0, 0
127.1, 0
127.2, 0
127.3, 0
127.4, 0
127.5, 0
127.6, 0
127.7, 0
127.8, 0
127.9, 0
128.0, 0
128.1, 0
128.2, 0
128.3, 0
128.4, 0
128.5, 0
128.6, 0
128.7, 0
128.8, 0
128.9, 0
129.0, 0
129.1, 1
129.2, 1
129.3, 0
129.4, 1
129.5, 0
129.6, 0
129.7, 0
129.8, 0
129.9, 0
130.0, 0
130.1, 0
130.2, 0
130.3, 0
130.4, 1
130.5, 0
130.6, 0
130.7, 0
130.8, 0
130.9, 1
131.0, 0
131.1, 0
131.2, 0
131.3, 0
131.4, 0
131.5, 0
131.6, 0
131.7, 0
131.8, 0
131.9, 0
132.0, 0
132.1, 0
132.2, 0
132.3, 0
132.4, 0
132.5, 0
132.6, 0
132.7, 0
132.8, 0
132.9, 0
133.0, 0
133.1, 0
133.2, 0
133.3, 0
133.4, 0
133.5, 0
133.6, 0
133.7, 0
133.8, 0
133.9, 0
134.0, 0
134.1, 0
134.2, 0
134.3, 0
134.4, 0
134.5, 0
134.6, 0
134.7, 0
134.8, 0
134.9, 0
135.0, 0
135.1, 0
135.2, 0
135.3, 0
135.4, 0
135.5, 0
135.6, 0
135.7, 0
135.8, 0
135.9, 0
136.0, 0
136.1, 0
136.2, 0
136.3, 0
136.4, 0
136.5, 1
136.6, 1
136.7, 1
136.8, 1
136.9, 0
137.0, 0
137.1, 0
137.2, 0
137.3, 0
137.4, 0
137.5, 0
137.6, 0
137.7, 1
137.8, 0
137.9, 0
138.0, 0
138.1, 0
138.2, 0
138.3, 0
138.4, 1
138.5, 1
138.6, 0
138.7, 0
138.8, 0
138.9, 0
139.0, 0
139.1, 1
139.2, 0
139.3, 1
139.4, 1
139.5, 0
139.6, 0
139.7, 0
139.8, 1
139.9, 0
140.0, 0
140.1, 1
140.2, 0
140.3, 1
140.4, 0
140.5, 0
140.6, 1
140.7, 0
140.8, 0
140.9, 0
141.0, 0
141.1, 0
141.2, 1
141.3, 0
141.4, 0
141.5, 1
141.6, 0
141.7, 0
141.8, 0
141.9, 0
142.0, 0
142.1, 0
142.2, 0
142.3, 0
142.4, 0
142.5, 0
142.6, 0
142.7, 0
142.8, 0
142.9, 1
143.0, 0
143.1, 0
143.2, 0
143.3, 1
143.4, 0
143.5, 0
143.6, 0
143.7, 0
143.8, 0
143.9, 0
144.0, 0
144.1, 0
144.2, 0
144.3, 0
144.4, 0
144.5, 0
144.6, 0
144.7, 0
144.8, 0
144.9, 0
145.0, 0
145.1, 0
145.2, 0
145.3, 0
145.4, 0
145.5, 0
145.6, 0
145.7, 0
145.8, 0
145.9, 0
146.0, 0
146.1, 0
146.2, 0
146.3, 0
146.4, 0
146.5, 0
146.6, 0
146.7, 0
146.8, 0
146.9, 0
147.0, 0
147.1, 0
147.2, 0
147.3, 1
147.4, 0
147.5, 0
147.6, 0
147.7, 0
147.8, 0
147.9, 0
148.0, 0
148.1, 0
148.2, 0
148.3, 0
148.4, 0
148.5, 0
148.6, 0
148.7, 0
148.8, 0
148.9, 0
149.0, 0
149.1, 0
149.2, 0
149.3, 0
149.4, 0
149.5, 0
149.6, 0
149.7, 0
149.8, 0
149.9, 0
150.0, 0
150.1, 0
150.2, 0
150.3, 0
150.4, 0
150.5, 0
150.6, 0
150.7, 0
150.8, 0
150.9, 0
151.0, 0
151.1, 0
151.2, 0
151.3, 0
151.4, 0
151.5, 0
151.6, 0
151.7, 0
151.8, 0
151.9, 0
152.0, 0
152.1, 0
152.2, 0
152.3, 0
152.4, 0
152.5, 0
152.6, 0
152.7, 0
152.8, 0
152.9, 0
153.0, 0
153.1, 0
153.2, 0
153.3, 0
153.4, 0
153.5, 0
153.6, 0
153.7, 0
153.8, 0
153.9, 0
154.0, 0
154.1, 0
154.2, 0
154.3, 0
154.4, 0
154.5, 0
154.6, 0
154.7, 0
154.8, 0
154.9, 0
155.0, 0
155.1, 0
155.2, 0
155.3, 0
155.4, 0
155.5, 0
155.6, 0
155.7, 0
155.8, 0
155.9, 0
156.0, 0
156.1, 0
156.2, 0
156.3, 0
156.4, 0
156.5, 0
156.6, 0
156.7, 0
156.8, 0
156.9, 0
157.0, 0
157.1, 0
157.2, 0
157.3, 0
157.4, 0
157.5, 0
157.6, 0
157.7, 0
157.8, 0
157.9, 0
158.0, 0
158.1, 0
158.2, 0
158.3, 0
158.4, 0
158.5, 0
158.6, 0
158.7, 0
158.8, 0
158.9, 0
159.0, 0
159.1, 0
159.2, 0
159.3, 0
159.4, 0
159.5, 0
159.6, 0
159.7, 0
159.8, 0
159.9, 0
160.0, 0
160.1, 0
160.2, 0
160.3, 0
160.4, 0
160.5, 0
160.6, 0
160.7, 0
160.8, 0
160.9, 0
161.0, 0
161.1, 0
161.2, 0
161.3, 0
161.4, 0
161.5, 0
161.6, 0
161.7, 0
161.8, 0
161.9, 0
162.0, 0
162.1, 0
162.2, 0
162.3, 0
162.4, 0
162.5, 0
162.6, 0
162.7, 0
162.8, 0
162.9, 0
163.0, 0
163.1, 0
163.2, 0
163.3, 0
163.4, 0
163.5, 0
163.6, 0
163.7, 0
163.8, 0
163.9, 0
164.0, 0
164.1, 0
164.2, 0
164.3, 0
164.4, 0
164.5, 1
164.6, 0
164.7, 0
164.8, 0
164.9, 0
165.0, 0
165.1, 0
165.2, 0
165.3, 1
165.4, 0
165.5, 0
165.6, 0
165.7, 0
165.8, 0
165.9, 0
166.0, 0
166.1, 0
166.2, 0
166.3, 0
166.4, 0
166.5, 0
166.6, 0
166.7, 0
166.8, 0
166.9, 0
167.0, 0
167.1, 0
167.2, 0
167.3, 0
167.4, 0
167.5, 0
167.6, 0
167.7, 0
167.8, 0
167.9, 0
168.0, 0
168.1, 0
168.2, 1
168.3, 1
168.4, 0
168.5, 0
168.6, 0
168.7, 0
168.8, 2
168.9, 1
169.0, 0
169.1, 1
169.2, 0
169.3, 0
169.4, 0
169.5, 1
169.6, 1
169.7, 0
169.8, 0
169.9, 0
170.0, 0
170.1, 0
170.2, 0
170.3, 0
170.4, 0
170.5, 0
170.6, 0
170.7, 0
170.8, 0
170.9, 0
171.0, 0
171.1, 0
171.2, 0
171.3, 0
171.4, 0
171.5, 0
171.6, 0
171.7, 0
171.8, 0
171.9, 0
172.0, 0
172.1, 0
172.2, 1
172.3, 0
172.4, 0
172.5, 0
172.6, 0
172.7, 0
172.8, 0
172.9, 0
173.0, 0
173.1, 0
173.2, 0
173.3, 0
173.4, 0
173.5, 0
173.6, 0
173.7, 0
173.8, 1
173.9, 0
174.0, 0
174.1, 0
174.2, 1
174.3, 0
174.4, 0
174.5, 1
174.6, 0
174.7, 0
174.8, 0
174.9, 0
175.0, 0
175.1, 0
175.2, 0
175.3, 0
175.4, 0
175.5, 0
175.6, 0
175.7, 0
175.8, 0
175.9, 0
176.0, 0
176.1, 0
176.2, 0
176.3, 0
176.4, 0
176.5, 0
176.6, 0
176.7, 0
176.8, 0
176.9, 0
177.0, 0
177.1, 0
177.2, 0
177.3, 0
177.4, 0
177.5, 0
177.6, 0
177.7, 0
177.8, 0
177.9, 0
178.0, 0
178.1, 0
178.2, 0
178.3, 0
178.4, 0
178.5, 0
178.6, 0
178.7, 0
178.8, 0
178.9, 0
179.0, 0
179.1, 0
179.2, 0
179.3, 0
179.4, 0
179.5, 0
179.6, 0
179.7, 0
179.8, 0
179.9, 0
180.0, 0
180.1, 0
180.2, 0
180.3, 0
180.4, 0
180.5, 0
180.6, 0
180.7, 0
180.8, 0
180.9, 0
181.0, 0
181.1, 1
181.2, 0
181.3, 0
181.4, 0
181.5, 0
181.6, 0
181.7, 0
181.8, 0
181.9, 0
182.0, 0
182.1, 0
182.2, 0
182.3, 0
182.4, 0
182.5, 0
182.6, 0
182.7, 0
182.8, 0
182.9, 0
183.0, 0
183.1, 0
183.2, 0
183.3, 0
183.4, 0
183.5, 0
183.6, 0
183.7, 0
183.8, 0
183.9, 1
184.0, 0
184.1, 0
184.2, 0
184.3, 0
184.4, 1
184.5, 0
184.6, 0
184.7, 2
184.8, 0
184.9, 0
185.0, 0
185.1, 0
185.2, 0
185.3, 0
185.4, 0
185.5, 0
185.6, 0
185.7, 0
185.8, 0
185.9, 0
186.0, 0
186.1, 0
186.2, 0
186.3, 0
186.4, 0
186.5, 1
186.6, 0
186.7, 1
186.8, 0
186.9, 0
187.0, 0
187.1, 0
187.2, 0
187.3, 0
187.4, 1
187.5, 0
187.6, 0
187.7, 0
187.8, 0
187.9, 0
188.0, 0
188.1, 0
188.2, 0
188.3, 0
188.4, 0
188.5, 0
188.6, 0
188.7, 0
188.8, 0
188.9, 0
189.0, 0
189.1, 0
189.2, 0
189.3, 0
189.4, 0
189.5, 0
189.6, 0
189.7, 0
189.8, 0
189.9, 0
190.0, 0
190.1, 0
190.2, 0
190.3, 0
190.4, 0
190.5, 0
190.6, 0
190.7, 0
190.8, 0
190.9, 0
191.0, 0
191.1, 0
191.2, 0
191.3, 0
191.4, 0
191.5, 0
191.6, 0
191.7, 0
191.8, 0
191.9, 0
192.0, 0
192.1, 0
192.2, 0
192.3, 0
192.4, 0
192.5, 0
192.6, 0
192.7, 0
192.8, 0
192.9, 0
193.0, 0
193.1, 0
193.2, 0
193.3, 0
193.4, 0
193.5, 1
193.6, 0
193.7, 0
193.8, 0
193.9, 0
194.0, 0
194.1, 0
194.2, 0
194.3, 1
