Elapsed Time, AVG Throughput, AVG Queue Size, AVG Waiting Time, AVG Service Time, AVG Response Time, AVG SET Response Time, AVG GET Response Time, AVG MULTI-GET Response Time, #SETS, #GETS, #MULTIGETS, GET MissRatio, MULTI-GET MissRatio, AVG MULTI-GET Size
 5.00, 5325, 8, 2.378192, 6.379309, 9.033039, 9.033039, 0.000000, 0.000000, 26628, 0, 0, 0.00, 0.00, 0
10.00, 6542, 6, 1.340773, 6.141927, 7.709011, 7.709011, 0.000000, 0.000000, 32711, 0, 0, 0.00, 0.00, 0
15.00, 6478, 5, 1.257438, 6.197434, 7.594845, 7.594845, 0.000000, 0.000000, 32394, 0, 0, 0.00, 0.00, 0
20.00, 6370, 6, 1.342736, 6.275077, 7.760263, 7.760263, 0.000000, 0.000000, 31854, 0, 0, 0.00, 0.00, 0
25.00, 6531, 5, 1.236324, 6.368828, 7.777035, 7.777035, 0.000000, 0.000000, 32656, 0, 0, 0.00, 0.00, 0
30.00, 6350, 6, 1.455540, 6.160385, 7.762955, 7.762955, 0.000000, 0.000000, 31750, 0, 0, 0.00, 0.00, 0
35.00, 6384, 5, 1.314587, 6.501540, 7.932990, 7.932990, 0.000000, 0.000000, 31922, 0, 0, 0.00, 0.00, 0
40.00, 6461, 6, 1.435237, 6.216115, 7.769541, 7.769541, 0.000000, 0.000000, 32305, 0, 0, 0.00, 0.00, 0
45.00, 6338, 6, 1.647921, 6.189872, 7.958007, 7.958007, 0.000000, 0.000000, 31694, 0, 0, 0.00, 0.00, 0
50.00, 6411, 5, 1.251040, 6.434229, 7.836220, 7.836220, 0.000000, 0.000000, 32056, 0, 0, 0.00, 0.00, 0
55.00, 6583, 6, 1.308940, 6.175983, 7.580546, 7.580546, 0.000000, 0.000000, 32918, 0, 0, 0.00, 0.00, 0
60.00, 6426, 6, 1.248441, 6.446170, 7.857220, 7.857220, 0.000000, 0.000000, 32131, 0, 0, 0.00, 0.00, 0
65.00, 6512, 6, 1.369608, 6.262697, 7.762640, 7.762640, 0.000000, 0.000000, 32563, 0, 0, 0.00, 0.00, 0
70.00, 6424, 5, 1.337898, 6.326877, 7.785286, 7.785286, 0.000000, 0.000000, 32122, 0, 0, 0.00, 0.00, 0
70.00, 155, 3, 0.853616, 3.664699, 4.568663, 4.568663, 0.000000, 0.000000, 776, 0, 0, 0.00, 0.00, 0
Interval, Responses
0.1, 0
0.2, 0
0.3, 0
0.4, 0
0.5, 1
0.6, 33
0.7, 193
0.8, 619
0.9, 1311
1.0, 2069
1.1, 2604
1.2, 3186
1.3, 3427
1.4, 3507
1.5, 3753
1.6, 3720
1.7, 3766
1.8, 3675
1.9, 3536
2.0, 3364
2.1, 3251
2.2, 3136
2.3, 3070
2.4, 2927
2.5, 2879
2.6, 2700
2.7, 2699
2.8, 2615
2.9, 2708
3.0, 2749
3.1, 2554
3.2, 2587
3.3, 2618
3.4, 2391
3.5, 2546
3.6, 2487
3.7, 2521
3.8, 2615
3.9, 2532
4.0, 2540
4.1, 2571
4.2, 2533
4.3, 2343
4.4, 2401
4.5, 2463
4.6, 2293
4.7, 2284
4.8, 2428
4.9, 2482
5.0, 2589
5.1, 2580
5.2, 2548
5.3, 2383
5.4, 2428
5.5, 2451
5.6, 2679
5.7, 2628
5.8, 2627
5.9, 2643
6.0, 2644
6.1, 2649
6.2, 2612
6.3, 2762
6.4, 2860
6.5, 2844
6.6, 2959
6.7, 3054
6.8, 2949
6.9, 3069
7.0, 3175
7.1, 3263
7.2, 3430
7.3, 3688
7.4, 3967
7.5, 4152
7.6, 4327
7.7, 4401
7.8, 4681
7.9, 4965
8.0, 5153
8.1, 5649
8.2, 6027
8.3, 6430
8.4, 6918
8.5, 7114
8.6, 7553
8.7, 7901
8.8, 8283
8.9, 8506
9.0, 8570
9.1, 8485
9.2, 8020
9.3, 7869
9.4, 7798
9.5, 7392
9.6, 7185
9.7, 7160
9.8, 6785
9.9, 5940
10.0, 5330
10.1, 4550
10.2, 3953
10.3, 3414
10.4, 3140
10.5, 2879
10.6, 2598
10.7, 2321
10.8, 2108
10.9, 1922
11.0, 1674
11.1, 1634
11.2, 1543
11.3, 1480
11.4, 1403
11.5, 1405
11.6, 1337
11.7, 1241
11.8, 1235
11.9, 1194
12.0, 1162
12.1, 1166
12.2, 1134
12.3, 1069
12.4, 1072
12.5, 972
12.6, 941
12.7, 906
12.8, 812
12.9, 821
13.0, 806
13.1, 863
13.2, 787
13.3, 776
13.4, 806
13.5, 761
13.6, 746
13.7, 700
13.8, 654
13.9, 646
14.0, 670
14.1, 644
14.2, 633
14.3, 593
14.4, 575
14.5, 537
14.6, 570
14.7, 545
14.8, 515
14.9, 537
15.0, 554
15.1, 520
15.2, 447
15.3, 500
15.4, 469
15.5, 466
15.6, 461
15.7, 415
15.8, 408
15.9, 435
16.0, 427
16.1, 428
16.2, 351
16.3, 350
16.4, 363
16.5, 390
16.6, 396
16.7, 355
16.8, 316
16.9, 351
17.0, 375
17.1, 388
17.2, 343
17.3, 332
17.4, 343
17.5, 317
17.6, 331
17.7, 277
17.8, 274
17.9, 274
18.0, 291
18.1, 303
18.2, 279
18.3, 254
18.4, 277
18.5, 264
18.6, 280
18.7, 271
18.8, 275
18.9, 316
19.0, 294
19.1, 281
19.2, 266
19.3, 218
19.4, 200
19.5, 239
19.6, 202
19.7, 183
19.8, 169
19.9, 160
20.0, 168
20.1, 146
20.2, 106
20.3, 115
20.4, 114
20.5, 97
20.6, 78
20.7, 94
20.8, 82
20.9, 86
21.0, 74
21.1, 110
21.2, 71
21.3, 88
21.4, 93
21.5, 83
21.6, 70
21.7, 64
21.8, 67
21.9, 75
22.0, 67
22.1, 76
22.2, 61
22.3, 57
22.4, 50
22.5, 57
22.6, 61
22.7, 46
22.8, 62
22.9, 51
23.0, 63
23.1, 50
23.2, 32
23.3, 43
23.4, 39
23.5, 44
23.6, 38
23.7, 31
23.8, 37
23.9, 34
24.0, 38
24.1, 24
24.2, 42
24.3, 36
24.4, 33
24.5, 29
24.6, 29
24.7, 28
24.8, 30
24.9, 23
25.0, 35
25.1, 23
25.2, 53
25.3, 29
25.4, 19
25.5, 24
25.6, 29
25.7, 26
25.8, 33
25.9, 25
26.0, 21
26.1, 16
26.2, 14
26.3, 19
26.4, 44
26.5, 22
26.6, 26
26.7, 21
26.8, 25
26.9, 19
27.0, 21
27.1, 21
27.2, 17
27.3, 15
27.4, 10
27.5, 8
27.6, 11
27.7, 15
27.8, 14
27.9, 13
28.0, 20
28.1, 10
28.2, 5
28.3, 15
28.4, 8
28.5, 22
28.6, 22
28.7, 22
28.8, 31
28.9, 34
29.0, 27
29.1, 27
29.2, 30
29.3, 17
29.4, 37
29.5, 23
29.6, 31
29.7, 30
29.8, 19
29.9, 24
30.0, 33
30.1, 27
30.2, 43
30.3, 39
30.4, 24
30.5, 30
30.6, 31
30.7, 35
30.8, 66
30.9, 41
31.0, 37
31.1, 33
31.2, 29
31.3, 18
31.4, 24
31.5, 20
31.6, 10
31.7, 17
31.8, 29
31.9, 14
32.0, 11
32.1, 18
32.2, 6
32.3, 14
32.4, 20
32.5, 18
32.6, 12
32.7, 10
32.8, 12
32.9, 14
33.0, 10
33.1, 8
33.2, 18
33.3, 19
33.4, 13
33.5, 14
33.6, 26
33.7, 20
33.8, 12
33.9, 12
34.0, 20
34.1, 14
34.2, 10
34.3, 13
34.4, 13
34.5, 22
34.6, 13
34.7, 11
34.8, 5
34.9, 7
35.0, 9
35.1, 6
35.2, 10
35.3, 10
35.4, 11
35.5, 9
35.6, 15
35.7, 17
35.8, 15
35.9, 8
36.0, 10
36.1, 14
36.2, 11
36.3, 14
36.4, 9
36.5, 6
36.6, 10
36.7, 9
36.8, 13
36.9, 9
37.0, 16
37.1, 25
37.2, 19
37.3, 12
37.4, 10
37.5, 11
37.6, 13
37.7, 20
37.8, 14
37.9, 12
38.0, 14
38.1, 19
38.2, 14
38.3, 9
38.4, 13
38.5, 21
38.6, 16
38.7, 22
38.8, 21
38.9, 10
39.0, 15
39.1, 8
39.2, 16
39.3, 16
39.4, 16
39.5, 15
39.6, 20
39.7, 13
39.8, 11
39.9, 11
40.0, 12
40.1, 7
40.2, 9
40.3, 9
40.4, 4
40.5, 4
40.6, 11
40.7, 7
40.8, 7
40.9, 4
41.0, 9
41.1, 5
41.2, 5
41.3, 0
41.4, 4
41.5, 1
41.6, 2
41.7, 6
41.8, 2
41.9, 1
42.0, 3
42.1, 4
42.2, 3
42.3, 1
42.4, 2
42.5, 4
42.6, 0
42.7, 1
42.8, 0
42.9, 2
43.0, 1
43.1, 2
43.2, 4
43.3, 2
43.4, 1
43.5, 3
43.6, 2
43.7, 3
43.8, 3
43.9, 3
44.0, 1
44.1, 2
44.2, 2
44.3, 2
44.4, 4
44.5, 6
44.6, 3
44.7, 5
44.8, 6
44.9, 11
45.0, 4
45.1, 8
45.2, 6
45.3, 9
45.4, 4
45.5, 5
45.6, 4
45.7, 2
45.8, 3
45.9, 0
46.0, 0
46.1, 2
46.2, 0
46.3, 1
46.4, 2
46.5, 1
46.6, 2
46.7, 1
46.8, 3
46.9, 1
47.0, 3
47.1, 3
47.2, 3
47.3, 2
47.4, 2
47.5, 7
47.6, 9
47.7, 4
47.8, 2
47.9, 12
48.0, 5
48.1, 7
48.2, 3
48.3, 5
48.4, 1
48.5, 2
48.6, 5
48.7, 3
48.8, 2
48.9, 3
49.0, 6
49.1, 2
49.2, 8
49.3, 3
49.4, 1
49.5, 2
49.6, 1
49.7, 0
49.8, 3
49.9, 0
50.0, 5
50.1, 2
50.2, 0
50.3, 5
50.4, 2
50.5, 1
50.6, 4
50.7, 4
50.8, 3
50.9, 3
51.0, 5
51.1, 3
51.2, 4
51.3, 3
51.4, 4
51.5, 2
51.6, 3
51.7, 2
51.8, 4
51.9, 6
52.0, 7
52.1, 4
52.2, 6
52.3, 7
52.4, 4
52.5, 4
52.6, 3
52.7, 2
52.8, 2
52.9, 4
53.0, 2
53.1, 0
53.2, 3
53.3, 1
53.4, 0
53.5, 0
53.6, 0
53.7, 0
53.8, 0
53.9, 1
54.0, 0
54.1, 1
54.2, 1
54.3, 1
54.4, 1
54.5, 2
54.6, 2
54.7, 4
54.8, 0
54.9, 2
55.0, 2
55.1, 5
55.2, 2
55.3, 1
55.4, 2
55.5, 0
55.6, 0
55.7, 0
55.8, 0
55.9, 0
56.0, 0
56.1, 0
56.2, 0
56.3, 0
56.4, 0
56.5, 0
56.6, 0
56.7, 0
56.8, 0
56.9, 0
57.0, 0
57.1, 0
57.2, 0
57.3, 0
57.4, 0
57.5, 0
57.6, 0
57.7, 0
57.8, 0
57.9, 0
58.0, 0
58.1, 1
58.2, 0
58.3, 0
58.4, 0
58.5, 0
58.6, 0
58.7, 0
58.8, 0
58.9, 0
59.0, 0
59.1, 0
59.2, 0
59.3, 0
59.4, 0
59.5, 0
59.6, 0
59.7, 0
59.8, 0
59.9, 0
60.0, 0
60.1, 0
60.2, 0
60.3, 0
60.4, 1
60.5, 1
60.6, 0
60.7, 0
60.8, 0
60.9, 0
61.0, 0
61.1, 0
61.2, 0
61.3, 0
61.4, 0
61.5, 0
61.6, 0
61.7, 0
61.8, 0
61.9, 0
62.0, 0
62.1, 0
62.2, 0
62.3, 0
62.4, 0
62.5, 0
62.6, 0
62.7, 0
62.8, 0
62.9, 0
63.0, 0
63.1, 1
63.2, 0
63.3, 1
63.4, 0
63.5, 0
63.6, 0
63.7, 0
63.8, 1
63.9, 0
64.0, 0
64.1, 0
64.2, 0
64.3, 1
64.4, 0
64.5, 0
64.6, 0
64.7, 0
64.8, 0
64.9, 0
65.0, 0
65.1, 0
65.2, 0
65.3, 0
65.4, 0
65.5, 1
65.6, 0
65.7, 1
65.8, 0
65.9, 0
66.0, 0
66.1, 0
66.2, 0
66.3, 0
66.4, 0
66.5, 0
66.6, 0
66.7, 0
66.8, 0
66.9, 0
67.0, 0
67.1, 0
67.2, 0
67.3, 0
67.4, 0
67.5, 0
67.6, 0
67.7, 0
67.8, 0
67.9, 0
68.0, 0
68.1, 0
68.2, 0
68.3, 0
68.4, 0
68.5, 0
68.6, 0
68.7, 0
68.8, 0
68.9, 0
69.0, 0
69.1, 0
69.2, 0
69.3, 0
69.4, 0
69.5, 0
69.6, 0
69.7, 0
69.8, 0
69.9, 0
70.0, 1
70.1, 0
70.2, 0
70.3, 0
70.4, 0
70.5, 0
70.6, 0
70.7, 0
70.8, 0
70.9, 0
71.0, 0
71.1, 0
71.2, 0
71.3, 0
71.4, 0
71.5, 0
71.6, 0
71.7, 0
71.8, 0
71.9, 0
72.0, 0
72.1, 0
72.2, 0
72.3, 0
72.4, 0
72.5, 0
72.6, 0
72.7, 0
72.8, 0
72.9, 0
73.0, 0
73.1, 0
73.2, 0
73.3, 0
73.4, 0
73.5, 0
73.6, 0
73.7, 0
73.8, 0
73.9, 0
74.0, 0
74.1, 0
74.2, 0
74.3, 0
74.4, 0
74.5, 0
74.6, 0
74.7, 0
74.8, 0
74.9, 0
75.0, 0
75.1, 0
75.2, 0
75.3, 0
75.4, 0
75.5, 0
75.6, 0
75.7, 0
75.8, 0
75.9, 0
76.0, 0
76.1, 0
76.2, 0
76.3, 0
76.4, 1
76.5, 1
76.6, 0
76.7, 0
76.8, 0
76.9, 0
77.0, 0
77.1, 0
77.2, 0
77.3, 0
77.4, 0
77.5, 0
77.6, 0
77.7, 0
77.8, 0
77.9, 0
78.0, 0
78.1, 0
78.2, 0
78.3, 0
78.4, 0
78.5, 0
78.6, 0
78.7, 0
78.8, 0
78.9, 0
79.0, 0
79.1, 0
79.2, 0
79.3, 0
79.4, 0
79.5, 0
79.6, 0
79.7, 0
79.8, 0
79.9, 0
80.0, 0
80.1, 0
80.2, 0
80.3, 0
80.4, 0
80.5, 0
80.6, 0
80.7, 0
80.8, 0
80.9, 0
81.0, 0
81.1, 0
81.2, 0
81.3, 0
81.4, 0
81.5, 0
81.6, 0
81.7, 0
81.8, 0
81.9, 0
82.0, 0
82.1, 0
82.2, 0
82.3, 0
82.4, 0
82.5, 0
82.6, 0
82.7, 0
82.8, 0
82.9, 0
83.0, 0
83.1, 0
83.2, 0
83.3, 0
83.4, 0
83.5, 0
83.6, 0
83.7, 0
83.8, 0
83.9, 0
84.0, 0
84.1, 0
84.2, 0
84.3, 0
84.4, 0
84.5, 0
84.6, 0
84.7, 0
84.8, 0
84.9, 0
85.0, 0
85.1, 0
85.2, 0
85.3, 0
85.4, 0
85.5, 0
85.6, 0
85.7, 0
85.8, 0
85.9, 0
86.0, 0
86.1, 0
86.2, 0
86.3, 0
86.4, 0
86.5, 0
86.6, 0
86.7, 0
86.8, 0
86.9, 0
87.0, 0
87.1, 0
87.2, 0
87.3, 0
87.4, 0
87.5, 0
87.6, 0
87.7, 0
87.8, 0
87.9, 0
88.0, 0
88.1, 0
88.2, 0
88.3, 0
88.4, 0
88.5, 0
88.6, 0
88.7, 0
88.8, 0
88.9, 0
89.0, 2
89.1, 0
89.2, 0
89.3, 0
89.4, 0
89.5, 0
89.6, 0
89.7, 0
89.8, 0
89.9, 0
90.0, 0
90.1, 0
90.2, 0
90.3, 0
90.4, 0
90.5, 0
90.6, 0
90.7, 0
90.8, 0
90.9, 0
91.0, 0
91.1, 0
91.2, 0
91.3, 0
91.4, 0
91.5, 0
91.6, 0
91.7, 0
91.8, 0
91.9, 0
92.0, 0
92.1, 0
92.2, 0
92.3, 0
92.4, 0
92.5, 0
92.6, 0
92.7, 0
92.8, 0
92.9, 0
93.0, 0
93.1, 0
93.2, 0
93.3, 0
93.4, 0
93.5, 0
93.6, 0
93.7, 0
93.8, 0
93.9, 0
94.0, 0
94.1, 0
94.2, 0
94.3, 0
94.4, 0
94.5, 0
94.6, 0
94.7, 0
94.8, 0
94.9, 0
95.0, 0
95.1, 0
95.2, 0
95.3, 0
95.4, 0
95.5, 0
95.6, 0
95.7, 0
95.8, 0
95.9, 0
96.0, 0
96.1, 0
96.2, 0
96.3, 0
96.4, 0
96.5, 0
96.6, 0
96.7, 0
96.8, 1
96.9, 0
97.0, 0
97.1, 1
97.2, 0
97.3, 0
97.4, 1
97.5, 1
97.6, 0
97.7, 0
97.8, 0
97.9, 1
98.0, 0
98.1, 0
98.2, 0
98.3, 0
98.4, 0
98.5, 0
98.6, 0
98.7, 0
98.8, 0
98.9, 0
99.0, 0
99.1, 0
99.2, 0
99.3, 0
99.4, 0
99.5, 0
99.6, 0
99.7, 0
99.8, 0
99.9, 0
100.0, 0
100.1, 0
100.2, 0
100.3, 0
100.4, 0
100.5, 0
100.6, 0
100.7, 0
100.8, 0
100.9, 0
101.0, 0
101.1, 0
101.2, 0
101.3, 0
101.4, 0
101.5, 0
101.6, 0
101.7, 0
101.8, 0
101.9, 0
102.0, 0
102.1, 0
102.2, 0
102.3, 0
102.4, 0
102.5, 0
102.6, 0
102.7, 0
102.8, 0
102.9, 0
103.0, 0
103.1, 0
103.2, 0
103.3, 0
103.4, 0
103.5, 0
103.6, 0
103.7, 0
103.8, 0
103.9, 0
104.0, 0
104.1, 0
104.2, 0
104.3, 0
104.4, 0
104.5, 0
104.6, 0
104.7, 0
104.8, 0
104.9, 0
105.0, 0
105.1, 0
105.2, 0
105.3, 0
105.4, 0
105.5, 0
105.6, 0
105.7, 0
105.8, 0
105.9, 0
106.0, 0
106.1, 0
106.2, 0
106.3, 0
106.4, 0
106.5, 0
106.6, 0
106.7, 0
106.8, 0
106.9, 0
107.0, 0
107.1, 0
107.2, 0
107.3, 0
107.4, 0
107.5, 0
107.6, 0
107.7, 0
107.8, 0
107.9, 0
108.0, 0
108.1, 0
108.2, 0
108.3, 0
108.4, 0
108.5, 0
108.6, 0
108.7, 0
108.8, 0
108.9, 0
109.0, 0
109.1, 0
109.2, 0
109.3, 0
109.4, 0
109.5, 0
109.6, 0
109.7, 0
109.8, 0
109.9, 0
110.0, 0
110.1, 0
110.2, 0
110.3, 0
110.4, 0
110.5, 0
110.6, 0
110.7, 0
110.8, 0
110.9, 0
111.0, 0
111.1, 0
111.2, 0
111.3, 0
111.4, 0
111.5, 0
111.6, 0
111.7, 0
111.8, 0
111.9, 0
112.0, 0
112.1, 0
112.2, 0
112.3, 0
112.4, 0
112.5, 0
112.6, 0
112.7, 0
112.8, 0
112.9, 0
113.0, 0
113.1, 0
113.2, 0
113.3, 0
113.4, 0
113.5, 0
113.6, 0
113.7, 0
113.8, 0
113.9, 0
114.0, 0
114.1, 0
114.2, 0
114.3, 0
114.4, 0
114.5, 0
114.6, 0
114.7, 0
114.8, 0
114.9, 0
115.0, 0
115.1, 0
115.2, 0
115.3, 0
115.4, 0
115.5, 0
115.6, 0
115.7, 0
115.8, 0
115.9, 0
116.0, 0
116.1, 0
116.2, 0
116.3, 0
116.4, 0
116.5, 0
116.6, 0
116.7, 0
116.8, 0
116.9, 0
117.0, 0
117.1, 0
117.2, 0
117.3, 0
117.4, 0
117.5, 0
117.6, 0
117.7, 0
117.8, 0
117.9, 0
118.0, 0
118.1, 0
118.2, 0
118.3, 0
118.4, 0
118.5, 0
118.6, 0
118.7, 0
118.8, 0
118.9, 0
119.0, 0
119.1, 0
119.2, 0
119.3, 0
119.4, 0
119.5, 0
119.6, 0
119.7, 0
119.8, 0
119.9, 0
120.0, 0
120.1, 0
120.2, 0
120.3, 0
120.4, 0
120.5, 0
120.6, 0
120.7, 0
120.8, 0
120.9, 0
121.0, 0
121.1, 0
121.2, 0
121.3, 0
121.4, 0
121.5, 0
121.6, 0
121.7, 0
121.8, 0
121.9, 0
122.0, 0
122.1, 0
122.2, 0
122.3, 0
122.4, 0
122.5, 0
122.6, 0
122.7, 0
122.8, 0
122.9, 0
123.0, 0
123.1, 0
123.2, 0
123.3, 0
123.4, 0
123.5, 0
123.6, 0
123.7, 0
123.8, 0
123.9, 0
124.0, 0
124.1, 0
124.2, 0
124.3, 0
124.4, 0
124.5, 0
124.6, 0
124.7, 0
124.8, 0
124.9, 0
125.0, 0
125.1, 0
125.2, 0
125.3, 0
125.4, 0
125.5, 0
125.6, 0
125.7, 0
125.8, 0
125.9, 0
126.0, 0
126.1, 0
126.2, 0
126.3, 0
126.4, 0
126.5, 0
126.6, 0
126.7, 0
126.8, 0
126.9, 0
127.0, 0
127.1, 0
127.2, 0
127.3, 0
127.4, 0
127.5, 0
127.6, 0
127.7, 0
127.8, 0
127.9, 0
128.0, 0
128.1, 0
128.2, 0
128.3, 0
128.4, 0
128.5, 0
128.6, 0
128.7, 0
128.8, 0
128.9, 0
129.0, 0
129.1, 0
129.2, 0
129.3, 0
129.4, 0
129.5, 0
129.6, 0
129.7, 0
129.8, 0
129.9, 0
130.0, 0
130.1, 0
130.2, 0
130.3, 0
130.4, 0
130.5, 0
130.6, 0
130.7, 0
130.8, 0
130.9, 0
131.0, 0
131.1, 0
131.2, 0
131.3, 0
131.4, 0
131.5, 0
131.6, 0
131.7, 0
131.8, 0
131.9, 0
132.0, 1
132.1, 0
132.2, 0
132.3, 1
132.4, 0
132.5, 0
132.6, 0
132.7, 0
132.8, 0
132.9, 0
133.0, 0
133.1, 0
133.2, 0
133.3, 0
133.4, 0
133.5, 0
133.6, 0
133.7, 0
133.8, 0
133.9, 0
134.0, 0
134.1, 0
134.2, 0
134.3, 0
134.4, 0
134.5, 0
134.6, 0
134.7, 0
134.8, 0
134.9, 0
135.0, 0
135.1, 0
135.2, 0
135.3, 0
135.4, 0
135.5, 0
135.6, 0
135.7, 0
135.8, 0
135.9, 0
136.0, 0
136.1, 0
136.2, 0
136.3, 0
136.4, 0
136.5, 0
136.6, 0
136.7, 0
136.8, 0
136.9, 0
137.0, 0
137.1, 0
137.2, 0
137.3, 0
137.4, 0
137.5, 0
137.6, 0
137.7, 0
137.8, 0
137.9, 0
138.0, 0
138.1, 0
138.2, 0
138.3, 0
138.4, 0
138.5, 0
138.6, 0
138.7, 0
138.8, 0
138.9, 1
139.0, 0
139.1, 0
139.2, 1
139.3, 1
139.4, 1
139.5, 0
139.6, 0
139.7, 0
139.8, 0
139.9, 2
140.0, 0
140.1, 0
140.2, 0
140.3, 0
140.4, 0
140.5, 2
140.6, 0
140.7, 0
140.8, 1
140.9, 1
141.0, 0
141.1, 0
141.2, 0
141.3, 1
141.4, 1
141.5, 0
141.6, 1
141.7, 2
141.8, 0
141.9, 0
142.0, 3
142.1, 1
142.2, 0
142.3, 1
142.4, 1
142.5, 1
142.6, 1
142.7, 0
142.8, 0
142.9, 2
143.0, 0
143.1, 0
143.2, 0
143.3, 1
143.4, 1
143.5, 1
143.6, 0
143.7, 0
143.8, 0
143.9, 0
144.0, 0
144.1, 0
144.2, 0
144.3, 0
144.4, 0
144.5, 0
144.6, 0
144.7, 0
144.8, 0
144.9, 0
145.0, 0
145.1, 1
145.2, 0
145.3, 0
145.4, 0
145.5, 0
145.6, 0
145.7, 0
145.8, 0
145.9, 0
146.0, 0
146.1, 0
146.2, 0
146.3, 0
146.4, 0
146.5, 0
146.6, 0
146.7, 0
146.8, 0
146.9, 0
147.0, 0
147.1, 0
147.2, 0
147.3, 0
147.4, 0
147.5, 0
147.6, 0
147.7, 0
147.8, 0
147.9, 0
148.0, 0
148.1, 0
148.2, 0
148.3, 1
148.4, 0
148.5, 0
148.6, 0
148.7, 0
148.8, 1
148.9, 0
149.0, 0
149.1, 1
149.2, 0
149.3, 0
149.4, 0
149.5, 0
149.6, 0
149.7, 0
149.8, 0
149.9, 0
150.0, 0
150.1, 1
150.2, 0
150.3, 0
150.4, 0
150.5, 0
150.6, 0
150.7, 0
150.8, 0
150.9, 0
151.0, 0
151.1, 1
151.2, 1
151.3, 1
151.4, 1
151.5, 0
151.6, 0
151.7, 2
151.8, 0
151.9, 0
152.0, 1
152.1, 1
152.2, 0
152.3, 2
152.4, 1
152.5, 0
152.6, 0
152.7, 1
152.8, 0
152.9, 0
153.0, 0
153.1, 2
153.2, 0
153.3, 0
153.4, 0
153.5, 0
153.6, 0
153.7, 0
153.8, 1
153.9, 0
154.0, 0
154.1, 0
154.2, 0
154.3, 0
154.4, 0
154.5, 1
154.6, 0
154.7, 0
154.8, 0
154.9, 0
155.0, 0
155.1, 0
155.2, 0
155.3, 0
155.4, 0
155.5, 0
155.6, 0
155.7, 0
155.8, 0
155.9, 0
156.0, 0
156.1, 0
156.2, 0
156.3, 0
156.4, 0
156.5, 0
156.6, 0
156.7, 0
156.8, 0
156.9, 0
157.0, 0
157.1, 0
157.2, 0
157.3, 0
157.4, 0
157.5, 0
157.6, 0
157.7, 0
157.8, 0
157.9, 0
158.0, 0
158.1, 0
158.2, 0
158.3, 0
158.4, 0
158.5, 0
158.6, 0
158.7, 0
158.8, 0
158.9, 0
159.0, 1
159.1, 0
159.2, 1
159.3, 1
159.4, 0
159.5, 1
159.6, 0
159.7, 0
159.8, 0
159.9, 0
160.0, 0
160.1, 0
160.2, 2
160.3, 0
160.4, 1
160.5, 0
160.6, 1
160.7, 0
160.8, 0
160.9, 1
161.0, 0
161.1, 0
161.2, 0
161.3, 0
161.4, 0
161.5, 0
161.6, 0
161.7, 0
161.8, 2
161.9, 0
162.0, 0
162.1, 0
162.2, 1
162.3, 0
162.4, 0
162.5, 0
162.6, 0
162.7, 0
162.8, 0
162.9, 0
163.0, 0
163.1, 0
163.2, 0
163.3, 0
163.4, 0
163.5, 0
163.6, 0
163.7, 1
163.8, 0
163.9, 1
164.0, 0
164.1, 1
164.2, 0
164.3, 0
164.4, 0
164.5, 0
164.6, 0
164.7, 0
164.8, 0
164.9, 0
165.0, 0
165.1, 0
165.2, 0
165.3, 0
165.4, 1
165.5, 0
165.6, 0
165.7, 0
165.8, 0
165.9, 0
166.0, 0
166.1, 0
166.2, 0
166.3, 0
166.4, 0
166.5, 0
166.6, 0
166.7, 0
166.8, 0
166.9, 0
167.0, 0
167.1, 0
167.2, 0
167.3, 0
167.4, 0
167.5, 0
167.6, 0
167.7, 0
167.8, 0
167.9, 0
168.0, 0
168.1, 0
168.2, 0
168.3, 0
168.4, 0
168.5, 0
168.6, 0
168.7, 0
168.8, 0
168.9, 0
169.0, 0
169.1, 0
169.2, 0
169.3, 0
169.4, 0
169.5, 0
169.6, 0
169.7, 0
169.8, 0
169.9, 0
170.0, 0
170.1, 0
170.2, 0
170.3, 0
170.4, 0
170.5, 0
170.6, 1
170.7, 0
170.8, 0
170.9, 0
171.0, 0
171.1, 0
171.2, 0
171.3, 0
171.4, 0
171.5, 1
171.6, 0
171.7, 0
171.8, 1
171.9, 0
172.0, 0
172.1, 0
172.2, 1
172.3, 0
172.4, 1
