Elapsed Time, AVG Throughput, AVG Queue Size, AVG Waiting Time, AVG Service Time, AVG Response Time, AVG SET Response Time, AVG GET Response Time, AVG MULTI-GET Response Time, #SETS, #GETS, #MULTIGETS, GET MissRatio, MULTI-GET MissRatio, AVG MULTI-GET Size
 5.00, 4388, 18, 4.220386, 2.996322, 7.314584, 7.314584, 0.000000, 0.000000, 21942, 0, 0, 0.00, 0.00, 0
10.00, 5149, 18, 3.501615, 2.582856, 6.148671, 6.148671, 0.000000, 0.000000, 25747, 0, 0, 0.00, 0.00, 0
15.00, 5021, 18, 3.680715, 2.723416, 6.491513, 6.491513, 0.000000, 0.000000, 25108, 0, 0, 0.00, 0.00, 0
20.00, 5038, 18, 3.622064, 2.650063, 6.349892, 6.349892, 0.000000, 0.000000, 25194, 0, 0, 0.00, 0.00, 0
25.00, 4972, 19, 3.806562, 2.845058, 6.728690, 6.728690, 0.000000, 0.000000, 24864, 0, 0, 0.00, 0.00, 0
30.00, 5093, 18, 3.480471, 2.705363, 6.245488, 6.245488, 0.000000, 0.000000, 25466, 0, 0, 0.00, 0.00, 0
35.00, 4773, 18, 3.850069, 2.852599, 6.772449, 6.772449, 0.000000, 0.000000, 23865, 0, 0, 0.00, 0.00, 0
40.00, 4931, 18, 3.675186, 2.774064, 6.527199, 6.527199, 0.000000, 0.000000, 24659, 0, 0, 0.00, 0.00, 0
45.00, 4894, 18, 3.969112, 2.849228, 6.905035, 6.905035, 0.000000, 0.000000, 24470, 0, 0, 0.00, 0.00, 0
50.00, 5053, 18, 3.555047, 2.657676, 6.275027, 6.275027, 0.000000, 0.000000, 25269, 0, 0, 0.00, 0.00, 0
55.00, 5013, 19, 3.638848, 2.684094, 6.386901, 6.386901, 0.000000, 0.000000, 25066, 0, 0, 0.00, 0.00, 0
60.00, 5079, 18, 3.597144, 2.533530, 6.204934, 6.204934, 0.000000, 0.000000, 25397, 0, 0, 0.00, 0.00, 0
65.00, 5021, 18, 3.597414, 2.705248, 6.364844, 6.364844, 0.000000, 0.000000, 25109, 0, 0, 0.00, 0.00, 0
70.00, 5073, 18, 3.671242, 2.563178, 6.304455, 6.304455, 0.000000, 0.000000, 25368, 0, 0, 0.00, 0.00, 0
70.00, 73, 4, 0.618862, 1.904954, 2.612674, 2.612674, 0.000000, 0.000000, 368, 0, 0, 0.00, 0.00, 0
Interval, Responses
0.1, 0
0.2, 0
0.3, 0
0.4, 0
0.5, 0
0.6, 20
0.7, 338
0.8, 1113
0.9, 2123
1.0, 3181
1.1, 3837
1.2, 3754
1.3, 3627
1.4, 3310
1.5, 3176
1.6, 2967
1.7, 3007
1.8, 2984
1.9, 3386
2.0, 3467
2.1, 3841
2.2, 4201
2.3, 4285
2.4, 4401
2.5, 4635
2.6, 4751
2.7, 5055
2.8, 4964
2.9, 4926
3.0, 4769
3.1, 4657
3.2, 4398
3.3, 4098
3.4, 3896
3.5, 3756
3.6, 3563
3.7, 3501
3.8, 3331
3.9, 3014
4.0, 3028
4.1, 2953
4.2, 2662
4.3, 2660
4.4, 2735
4.5, 2565
4.6, 2361
4.7, 2486
4.8, 2365
4.9, 2409
5.0, 2307
5.1, 2200
5.2, 2085
5.3, 2118
5.4, 1953
5.5, 2019
5.6, 2090
5.7, 2053
5.8, 1986
5.9, 2045
6.0, 2181
6.1, 2127
6.2, 2050
6.3, 2000
6.4, 1999
6.5, 1925
6.6, 1931
6.7, 1964
6.8, 2002
6.9, 1880
7.0, 1856
7.1, 1844
7.2, 2003
7.3, 1943
7.4, 2014
7.5, 2044
7.6, 2095
7.7, 2203
7.8, 2354
7.9, 2520
8.0, 2641
8.1, 2859
8.2, 2915
8.3, 2994
8.4, 3054
8.5, 2916
8.6, 2842
8.7, 2916
8.8, 3076
8.9, 3377
9.0, 3601
9.1, 4045
9.2, 4397
9.3, 5109
9.4, 6226
9.5, 6861
9.6, 7495
9.7, 7476
9.8, 6857
9.9, 6179
10.0, 5062
10.1, 4233
10.2, 3605
10.3, 3102
10.4, 2899
10.5, 2423
10.6, 2234
10.7, 1739
10.8, 1590
10.9, 1461
11.0, 1266
11.1, 1178
11.2, 1020
11.3, 963
11.4, 896
11.5, 723
11.6, 748
11.7, 683
11.8, 571
11.9, 498
12.0, 527
12.1, 448
12.2, 460
12.3, 391
12.4, 339
12.5, 350
12.6, 330
12.7, 300
12.8, 259
12.9, 246
13.0, 228
13.1, 175
13.2, 189
13.3, 217
13.4, 213
13.5, 238
13.6, 237
13.7, 197
13.8, 198
13.9, 203
14.0, 180
14.1, 188
14.2, 180
14.3, 164
14.4, 168
14.5, 168
14.6, 165
14.7, 159
14.8, 144
14.9, 148
15.0, 142
15.1, 135
15.2, 131
15.3, 136
15.4, 144
15.5, 143
15.6, 125
15.7, 118
15.8, 88
15.9, 87
16.0, 67
16.1, 86
16.2, 61
16.3, 83
16.4, 64
16.5, 66
16.6, 61
16.7, 52
16.8, 55
16.9, 76
17.0, 87
17.1, 135
17.2, 167
17.3, 206
17.4, 202
17.5, 188
17.6, 163
17.7, 143
17.8, 126
17.9, 103
18.0, 88
18.1, 127
18.2, 86
18.3, 110
18.4, 101
18.5, 85
18.6, 73
18.7, 66
18.8, 62
18.9, 54
19.0, 59
19.1, 81
19.2, 87
19.3, 75
19.4, 71
19.5, 60
19.6, 48
19.7, 43
19.8, 41
19.9, 41
20.0, 46
20.1, 27
20.2, 22
20.3, 18
20.4, 6
20.5, 11
20.6, 8
20.7, 15
20.8, 7
20.9, 30
21.0, 20
21.1, 9
21.2, 2
21.3, 12
21.4, 7
21.5, 7
21.6, 12
21.7, 11
21.8, 9
21.9, 11
22.0, 11
22.1, 17
22.2, 6
22.3, 7
22.4, 12
22.5, 5
22.6, 8
22.7, 11
22.8, 6
22.9, 8
23.0, 20
23.1, 8
23.2, 11
23.3, 9
23.4, 26
23.5, 26
23.6, 16
23.7, 13
23.8, 11
23.9, 8
24.0, 20
24.1, 9
24.2, 10
24.3, 11
24.4, 9
24.5, 11
24.6, 19
24.7, 7
24.8, 28
24.9, 18
25.0, 17
25.1, 14
25.2, 12
25.3, 13
25.4, 15
25.5, 14
25.6, 5
25.7, 13
25.8, 13
25.9, 18
26.0, 18
26.1, 15
26.2, 10
26.3, 7
26.4, 8
26.5, 14
26.6, 16
26.7, 4
26.8, 10
26.9, 19
27.0, 21
27.1, 28
27.2, 23
27.3, 17
27.4, 26
27.5, 13
27.6, 15
27.7, 19
27.8, 8
27.9, 6
28.0, 3
28.1, 5
28.2, 5
28.3, 10
28.4, 12
28.5, 12
28.6, 9
28.7, 4
28.8, 7
28.9, 6
29.0, 6
29.1, 7
29.2, 6
29.3, 8
29.4, 14
29.5, 22
29.6, 20
29.7, 8
29.8, 5
29.9, 6
30.0, 6
30.1, 11
30.2, 9
30.3, 3
30.4, 13
30.5, 10
30.6, 7
30.7, 6
30.8, 11
30.9, 14
31.0, 16
31.1, 13
31.2, 14
31.3, 15
31.4, 27
31.5, 26
31.6, 14
31.7, 12
31.8, 31
31.9, 17
32.0, 21
32.1, 30
32.2, 29
32.3, 26
32.4, 21
32.5, 22
32.6, 16
32.7, 18
32.8, 8
32.9, 14
33.0, 18
33.1, 14
33.2, 15
33.3, 5
33.4, 3
33.5, 4
33.6, 11
33.7, 10
33.8, 7
33.9, 2
34.0, 13
34.1, 10
34.2, 5
34.3, 5
34.4, 3
34.5, 5
34.6, 3
34.7, 6
34.8, 6
34.9, 10
35.0, 8
35.1, 8
35.2, 4
35.3, 5
35.4, 11
35.5, 13
35.6, 9
35.7, 13
35.8, 11
35.9, 10
36.0, 12
36.1, 16
36.2, 16
36.3, 11
36.4, 7
36.5, 7
36.6, 5
36.7, 2
36.8, 7
36.9, 8
37.0, 1
37.1, 10
37.2, 13
37.3, 5
37.4, 5
37.5, 11
37.6, 4
37.7, 3
37.8, 2
37.9, 3
38.0, 2
38.1, 4
38.2, 1
38.3, 2
38.4, 3
38.5, 3
38.6, 0
38.7, 0
38.8, 3
38.9, 1
39.0, 3
39.1, 1
39.2, 1
39.3, 6
39.4, 5
39.5, 2
39.6, 0
39.7, 6
39.8, 1
39.9, 2
40.0, 3
40.1, 1
40.2, 2
40.3, 1
40.4, 0
40.5, 0
40.6, 1
40.7, 0
40.8, 0
40.9, 0
41.0, 1
41.1, 0
41.2, 0
41.3, 0
41.4, 3
41.5, 7
41.6, 4
41.7, 6
41.8, 3
41.9, 4
42.0, 7
42.1, 5
42.2, 3
42.3, 1
42.4, 0
42.5, 2
42.6, 0
42.7, 0
42.8, 0
42.9, 0
43.0, 0
43.1, 0
43.2, 0
43.3, 0
43.4, 0
43.5, 4
43.6, 5
43.7, 5
43.8, 6
43.9, 2
44.0, 1
44.1, 1
44.2, 3
44.3, 4
44.4, 1
44.5, 0
44.6, 0
44.7, 6
44.8, 2
44.9, 3
45.0, 1
45.1, 1
45.2, 2
45.3, 3
45.4, 2
45.5, 0
45.6, 0
45.7, 0
45.8, 0
45.9, 0
46.0, 1
46.1, 0
46.2, 0
46.3, 0
46.4, 0
46.5, 0
46.6, 0
46.7, 0
46.8, 0
46.9, 0
47.0, 0
47.1, 0
47.2, 0
47.3, 0
47.4, 0
47.5, 0
47.6, 0
47.7, 0
47.8, 0
47.9, 0
48.0, 0
48.1, 0
48.2, 0
48.3, 0
48.4, 0
48.5, 0
48.6, 0
48.7, 0
48.8, 0
48.9, 0
49.0, 0
49.1, 1
49.2, 0
49.3, 4
49.4, 1
49.5, 2
49.6, 1
49.7, 0
49.8, 0
49.9, 0
50.0, 0
50.1, 1
50.2, 0
50.3, 0
50.4, 1
50.5, 0
50.6, 0
50.7, 0
50.8, 0
50.9, 0
51.0, 0
51.1, 0
51.2, 0
51.3, 0
51.4, 0
51.5, 0
51.6, 0
51.7, 0
51.8, 0
51.9, 0
52.0, 0
52.1, 0
52.2, 0
52.3, 0
52.4, 0
52.5, 0
52.6, 0
52.7, 0
52.8, 0
52.9, 0
53.0, 0
53.1, 0
53.2, 0
53.3, 0
53.4, 0
53.5, 0
53.6, 0
53.7, 0
53.8, 0
53.9, 0
54.0, 0
54.1, 0
54.2, 0
54.3, 0
54.4, 0
54.5, 0
54.6, 0
54.7, 0
54.8, 0
54.9, 0
55.0, 0
55.1, 0
55.2, 0
55.3, 0
55.4, 0
55.5, 0
55.6, 0
55.7, 0
55.8, 0
55.9, 0
56.0, 0
56.1, 0
56.2, 0
56.3, 0
56.4, 0
56.5, 0
56.6, 0
56.7, 0
56.8, 0
56.9, 0
57.0, 0
57.1, 0
57.2, 0
57.3, 0
57.4, 0
57.5, 0
57.6, 0
57.7, 0
57.8, 0
57.9, 0
58.0, 0
58.1, 0
58.2, 0
58.3, 0
58.4, 0
58.5, 0
58.6, 0
58.7, 4
58.8, 3
58.9, 1
59.0, 0
59.1, 1
59.2, 0
59.3, 0
59.4, 7
59.5, 0
59.6, 0
59.7, 0
59.8, 0
59.9, 0
60.0, 0
60.1, 0
60.2, 0
60.3, 0
60.4, 0
60.5, 0
60.6, 0
60.7, 0
60.8, 0
60.9, 0
61.0, 0
61.1, 0
61.2, 0
61.3, 0
61.4, 0
61.5, 0
61.6, 0
61.7, 0
61.8, 0
61.9, 0
62.0, 0
62.1, 0
62.2, 0
62.3, 0
62.4, 0
62.5, 0
62.6, 0
62.7, 0
62.8, 0
62.9, 0
63.0, 0
63.1, 0
63.2, 0
63.3, 0
63.4, 0
63.5, 0
63.6, 0
63.7, 0
63.8, 0
63.9, 0
64.0, 0
64.1, 0
64.2, 0
64.3, 0
64.4, 0
64.5, 0
64.6, 0
64.7, 9
64.8, 2
64.9, 3
65.0, 1
65.1, 0
65.2, 0
65.3, 0
65.4, 0
65.5, 0
65.6, 0
65.7, 0
65.8, 0
65.9, 0
66.0, 0
66.1, 1
66.2, 0
66.3, 6
66.4, 0
66.5, 0
66.6, 0
66.7, 1
66.8, 0
66.9, 1
67.0, 3
67.1, 1
67.2, 0
67.3, 0
67.4, 0
67.5, 0
67.6, 0
67.7, 0
67.8, 0
67.9, 3
68.0, 0
68.1, 1
68.2, 0
68.3, 6
68.4, 1
68.5, 2
68.6, 1
68.7, 1
68.8, 2
68.9, 0
69.0, 0
69.1, 0
69.2, 0
69.3, 0
69.4, 0
69.5, 0
69.6, 0
69.7, 0
69.8, 0
69.9, 0
70.0, 0
70.1, 0
70.2, 0
70.3, 0
70.4, 0
70.5, 0
70.6, 0
70.7, 0
70.8, 0
70.9, 0
71.0, 0
71.1, 0
71.2, 0
71.3, 0
71.4, 0
71.5, 0
71.6, 0
71.7, 0
71.8, 0
71.9, 0
72.0, 0
72.1, 0
72.2, 0
72.3, 0
72.4, 0
72.5, 0
72.6, 0
72.7, 0
72.8, 0
72.9, 0
73.0, 0
73.1, 0
73.2, 0
73.3, 0
73.4, 0
73.5, 0
73.6, 0
73.7, 0
73.8, 0
73.9, 0
74.0, 0
74.1, 0
74.2, 0
74.3, 0
74.4, 0
74.5, 0
74.6, 0
74.7, 0
74.8, 0
74.9, 0
75.0, 1
75.1, 2
75.2, 0
75.3, 0
75.4, 0
75.5, 0
75.6, 1
75.7, 3
75.8, 5
75.9, 3
76.0, 1
76.1, 2
76.2, 1
76.3, 0
76.4, 0
76.5, 3
76.6, 0
76.7, 0
76.8, 0
76.9, 1
77.0, 5
77.1, 3
77.2, 2
77.3, 0
77.4, 1
77.5, 0
77.6, 0
77.7, 0
77.8, 0
77.9, 1
78.0, 0
78.1, 0
78.2, 0
78.3, 0
78.4, 0
78.5, 0
78.6, 0
78.7, 0
78.8, 0
78.9, 0
79.0, 0
79.1, 0
79.2, 0
79.3, 0
79.4, 0
79.5, 0
79.6, 0
79.7, 0
79.8, 0
79.9, 0
80.0, 0
80.1, 0
80.2, 0
80.3, 0
80.4, 0
80.5, 0
80.6, 0
80.7, 0
80.8, 0
80.9, 0
81.0, 0
81.1, 0
81.2, 0
81.3, 0
81.4, 0
81.5, 0
81.6, 0
81.7, 0
81.8, 0
81.9, 0
82.0, 0
82.1, 0
82.2, 0
82.3, 0
82.4, 0
82.5, 0
82.6, 0
82.7, 0
82.8, 0
82.9, 0
83.0, 0
83.1, 0
83.2, 0
83.3, 0
83.4, 0
83.5, 0
83.6, 0
83.7, 0
83.8, 0
83.9, 0
84.0, 0
84.1, 0
84.2, 0
84.3, 0
84.4, 0
84.5, 0
84.6, 0
84.7, 0
84.8, 0
84.9, 0
85.0, 0
85.1, 0
85.2, 0
85.3, 0
85.4, 0
85.5, 0
85.6, 0
85.7, 0
85.8, 0
85.9, 0
86.0, 0
86.1, 0
86.2, 0
86.3, 0
86.4, 0
86.5, 0
86.6, 0
86.7, 0
86.8, 0
86.9, 0
87.0, 0
87.1, 0
87.2, 0
87.3, 0
87.4, 0
87.5, 0
87.6, 0
87.7, 0
87.8, 0
87.9, 0
88.0, 0
88.1, 0
88.2, 0
88.3, 0
88.4, 0
88.5, 0
88.6, 0
88.7, 0
88.8, 0
88.9, 0
89.0, 0
89.1, 0
89.2, 0
89.3, 0
89.4, 0
89.5, 0
89.6, 0
89.7, 0
89.8, 0
89.9, 0
90.0, 0
90.1, 0
90.2, 0
90.3, 0
90.4, 0
90.5, 0
90.6, 0
90.7, 0
90.8, 0
90.9, 0
91.0, 0
91.1, 0
91.2, 0
91.3, 0
91.4, 0
91.5, 0
91.6, 0
91.7, 0
91.8, 0
91.9, 0
92.0, 0
92.1, 0
92.2, 0
92.3, 0
92.4, 0
92.5, 0
92.6, 0
92.7, 0
92.8, 0
92.9, 0
93.0, 0
93.1, 0
93.2, 0
93.3, 0
93.4, 0
93.5, 0
93.6, 0
93.7, 0
93.8, 0
93.9, 0
94.0, 0
94.1, 0
94.2, 0
94.3, 0
94.4, 0
94.5, 0
94.6, 0
94.7, 0
94.8, 0
94.9, 0
95.0, 0
95.1, 0
95.2, 0
95.3, 0
95.4, 0
95.5, 0
95.6, 0
95.7, 0
95.8, 0
95.9, 0
96.0, 0
96.1, 0
96.2, 0
96.3, 0
96.4, 0
96.5, 0
96.6, 0
96.7, 0
96.8, 0
96.9, 0
97.0, 0
97.1, 0
97.2, 0
97.3, 0
97.4, 0
97.5, 0
97.6, 0
97.7, 0
97.8, 0
97.9, 0
98.0, 0
98.1, 0
98.2, 0
98.3, 0
98.4, 0
98.5, 0
98.6, 0
98.7, 0
98.8, 0
98.9, 0
99.0, 0
99.1, 0
99.2, 0
99.3, 0
99.4, 0
99.5, 0
99.6, 0
99.7, 0
99.8, 0
99.9, 0
100.0, 0
100.1, 0
100.2, 0
100.3, 0
100.4, 0
100.5, 0
100.6, 0
100.7, 0
100.8, 0
100.9, 0
101.0, 0
101.1, 0
101.2, 0
101.3, 0
101.4, 0
101.5, 0
101.6, 0
101.7, 0
101.8, 0
101.9, 0
102.0, 0
102.1, 0
102.2, 0
102.3, 0
102.4, 0
102.5, 0
102.6, 0
102.7, 0
102.8, 0
102.9, 0
103.0, 0
103.1, 0
103.2, 0
103.3, 0
103.4, 0
103.5, 0
103.6, 0
103.7, 0
103.8, 0
103.9, 0
104.0, 0
104.1, 0
104.2, 0
104.3, 0
104.4, 0
104.5, 0
104.6, 0
104.7, 0
104.8, 0
104.9, 0
105.0, 0
105.1, 0
105.2, 0
105.3, 0
105.4, 0
105.5, 0
105.6, 0
105.7, 0
105.8, 0
105.9, 0
106.0, 0
106.1, 0
106.2, 0
106.3, 0
106.4, 0
106.5, 0
106.6, 0
106.7, 0
106.8, 0
106.9, 0
107.0, 0
107.1, 0
107.2, 0
107.3, 0
107.4, 0
107.5, 0
107.6, 0
107.7, 0
107.8, 0
107.9, 0
108.0, 0
108.1, 0
108.2, 0
108.3, 0
108.4, 0
108.5, 0
108.6, 0
108.7, 0
108.8, 0
108.9, 0
109.0, 0
109.1, 0
109.2, 0
109.3, 0
109.4, 0
109.5, 0
109.6, 0
109.7, 0
109.8, 0
109.9, 0
110.0, 0
110.1, 0
110.2, 0
110.3, 0
110.4, 0
110.5, 0
110.6, 0
110.7, 0
110.8, 0
110.9, 0
111.0, 0
111.1, 0
111.2, 0
111.3, 0
111.4, 0
111.5, 0
111.6, 0
111.7, 0
111.8, 0
111.9, 0
112.0, 0
112.1, 0
112.2, 0
112.3, 0
112.4, 0
112.5, 0
112.6, 0
112.7, 0
112.8, 0
112.9, 0
113.0, 0
113.1, 0
113.2, 0
113.3, 0
113.4, 0
113.5, 0
113.6, 0
113.7, 0
113.8, 0
113.9, 0
114.0, 0
114.1, 0
114.2, 0
114.3, 0
114.4, 0
114.5, 0
114.6, 0
114.7, 0
114.8, 0
114.9, 0
115.0, 0
115.1, 0
115.2, 0
115.3, 0
115.4, 0
115.5, 0
115.6, 0
115.7, 0
115.8, 0
115.9, 0
116.0, 0
116.1, 0
116.2, 0
116.3, 0
116.4, 0
116.5, 0
116.6, 0
116.7, 0
116.8, 0
116.9, 0
117.0, 0
117.1, 0
117.2, 0
117.3, 0
117.4, 0
117.5, 0
117.6, 0
117.7, 0
117.8, 0
117.9, 0
118.0, 0
118.1, 0
118.2, 0
118.3, 0
118.4, 0
118.5, 0
118.6, 0
118.7, 0
118.8, 0
118.9, 0
119.0, 0
119.1, 0
119.2, 0
119.3, 0
119.4, 0
119.5, 0
119.6, 0
119.7, 0
119.8, 0
119.9, 0
120.0, 0
120.1, 0
120.2, 0
120.3, 0
120.4, 0
120.5, 0
120.6, 0
120.7, 0
120.8, 0
120.9, 0
121.0, 0
121.1, 0
121.2, 0
121.3, 0
121.4, 0
121.5, 0
121.6, 0
121.7, 0
121.8, 0
121.9, 0
122.0, 0
122.1, 0
122.2, 0
122.3, 0
122.4, 0
122.5, 0
122.6, 0
122.7, 0
122.8, 0
122.9, 0
123.0, 0
123.1, 0
123.2, 0
123.3, 0
123.4, 0
123.5, 0
123.6, 0
123.7, 0
123.8, 0
123.9, 0
124.0, 0
124.1, 0
124.2, 0
124.3, 0
124.4, 0
124.5, 0
124.6, 0
124.7, 0
124.8, 0
124.9, 0
125.0, 0
125.1, 0
125.2, 0
125.3, 0
125.4, 0
125.5, 0
125.6, 0
125.7, 0
125.8, 0
125.9, 0
126.0, 0
126.1, 0
126.2, 0
126.3, 0
126.4, 0
126.5, 0
126.6, 0
126.7, 0
126.8, 0
126.9, 0
127.0, 0
127.1, 0
127.2, 0
127.3, 0
127.4, 0
127.5, 0
127.6, 0
127.7, 0
127.8, 0
127.9, 0
128.0, 0
128.1, 0
128.2, 0
128.3, 0
128.4, 0
128.5, 0
128.6, 0
128.7, 0
128.8, 0
128.9, 0
129.0, 0
129.1, 0
129.2, 0
129.3, 0
129.4, 0
129.5, 0
129.6, 0
129.7, 0
129.8, 0
129.9, 0
130.0, 0
130.1, 0
130.2, 0
130.3, 0
130.4, 0
130.5, 0
130.6, 0
130.7, 0
130.8, 0
130.9, 0
131.0, 0
131.1, 0
131.2, 0
131.3, 0
131.4, 0
131.5, 0
131.6, 0
131.7, 0
131.8, 0
131.9, 0
132.0, 0
132.1, 0
132.2, 0
132.3, 0
132.4, 0
132.5, 0
132.6, 0
132.7, 0
132.8, 0
132.9, 0
133.0, 0
133.1, 0
133.2, 0
133.3, 0
133.4, 0
133.5, 0
133.6, 0
133.7, 0
133.8, 0
133.9, 0
134.0, 0
134.1, 0
134.2, 0
134.3, 0
134.4, 0
134.5, 0
134.6, 0
134.7, 0
134.8, 0
134.9, 0
135.0, 0
135.1, 0
135.2, 0
135.3, 0
135.4, 0
135.5, 0
135.6, 0
135.7, 0
135.8, 0
135.9, 0
136.0, 0
136.1, 0
136.2, 0
136.3, 0
136.4, 0
136.5, 0
136.6, 0
136.7, 0
136.8, 0
136.9, 0
137.0, 0
137.1, 0
137.2, 0
137.3, 0
137.4, 0
137.5, 0
137.6, 0
137.7, 0
137.8, 0
137.9, 0
138.0, 0
138.1, 0
138.2, 0
138.3, 0
138.4, 0
138.5, 0
138.6, 0
138.7, 0
138.8, 0
138.9, 0
139.0, 0
139.1, 0
139.2, 0
139.3, 0
139.4, 0
139.5, 0
139.6, 0
139.7, 0
139.8, 0
139.9, 0
140.0, 0
140.1, 0
140.2, 0
140.3, 0
140.4, 0
140.5, 0
140.6, 0
140.7, 0
140.8, 0
140.9, 0
141.0, 0
141.1, 0
141.2, 0
141.3, 0
141.4, 0
141.5, 0
141.6, 0
141.7, 0
141.8, 0
141.9, 0
142.0, 0
142.1, 0
142.2, 0
142.3, 0
142.4, 0
142.5, 0
142.6, 0
142.7, 0
142.8, 0
142.9, 0
143.0, 0
143.1, 0
143.2, 0
143.3, 0
143.4, 0
143.5, 0
143.6, 0
143.7, 0
143.8, 0
143.9, 0
144.0, 0
144.1, 0
144.2, 0
144.3, 0
144.4, 0
144.5, 0
144.6, 0
144.7, 1
144.8, 2
144.9, 1
145.0, 0
145.1, 1
145.2, 1
145.3, 3
145.4, 2
145.5, 0
145.6, 0
145.7, 0
145.8, 1
145.9, 3
146.0, 0
146.1, 1
146.2, 0
146.3, 0
146.4, 0
146.5, 0
146.6, 0
146.7, 0
146.8, 0
146.9, 0
147.0, 0
147.1, 0
147.2, 0
147.3, 0
147.4, 0
147.5, 0
147.6, 0
147.7, 0
147.8, 0
147.9, 0
148.0, 0
148.1, 0
148.2, 0
148.3, 0
148.4, 0
148.5, 0
148.6, 0
148.7, 0
148.8, 0
148.9, 0
149.0, 0
149.1, 0
149.2, 0
149.3, 0
149.4, 0
149.5, 1
149.6, 0
149.7, 0
149.8, 0
149.9, 0
150.0, 0
150.1, 0
150.2, 0
150.3, 0
150.4, 0
150.5, 0
150.6, 0
150.7, 0
150.8, 0
150.9, 0
151.0, 1
151.1, 0
151.2, 1
151.3, 0
151.4, 2
151.5, 0
151.6, 1
151.7, 1
151.8, 4
151.9, 7
152.0, 3
152.1, 2
152.2, 1
152.3, 0
152.4, 1
152.5, 0
152.6, 1
152.7, 2
152.8, 0
152.9, 2
153.0, 0
153.1, 0
153.2, 0
153.3, 0
153.4, 0
153.5, 0
153.6, 1
153.7, 0
153.8, 0
153.9, 6
154.0, 2
154.1, 2
154.2, 0
154.3, 1
154.4, 0
154.5, 0
154.6, 1
154.7, 0
154.8, 0
154.9, 0
155.0, 0
155.1, 0
155.2, 0
155.3, 1
155.4, 0
155.5, 0
155.6, 0
155.7, 0
155.8, 0
155.9, 0
156.0, 0
156.1, 0
156.2, 0
156.3, 0
156.4, 0
156.5, 0
156.6, 0
156.7, 0
156.8, 0
156.9, 0
157.0, 0
157.1, 0
157.2, 0
157.3, 0
157.4, 0
157.5, 0
157.6, 0
157.7, 0
157.8, 0
157.9, 0
158.0, 3
158.1, 1
158.2, 0
158.3, 0
158.4, 0
158.5, 0
158.6, 0
158.7, 0
158.8, 1
158.9, 1
159.0, 1
159.1, 0
159.2, 1
159.3, 0
159.4, 0
159.5, 0
159.6, 0
159.7, 1
159.8, 0
159.9, 0
160.0, 1
160.1, 1
160.2, 0
160.3, 2
160.4, 0
160.5, 3
160.6, 1
160.7, 1
160.8, 1
160.9, 0
161.0, 0
161.1, 0
161.2, 1
161.3, 0
161.4, 1
161.5, 0
161.6, 0
161.7, 0
161.8, 0
161.9, 0
162.0, 0
162.1, 0
162.2, 0
162.3, 0
162.4, 0
162.5, 0
162.6, 0
162.7, 0
162.8, 0
162.9, 1
163.0, 0
163.1, 0
163.2, 1
163.3, 0
163.4, 0
163.5, 0
163.6, 0
163.7, 0
163.8, 0
163.9, 0
164.0, 1
164.1, 0
164.2, 0
164.3, 0
164.4, 0
164.5, 1
164.6, 0
164.7, 0
164.8, 0
164.9, 0
165.0, 0
165.1, 0
165.2, 0
165.3, 0
165.4, 0
165.5, 0
165.6, 2
165.7, 0
165.8, 0
165.9, 0
166.0, 0
166.1, 0
166.2, 0
166.3, 0
166.4, 0
166.5, 0
166.6, 0
166.7, 0
166.8, 0
166.9, 0
167.0, 0
167.1, 0
167.2, 0
167.3, 0
167.4, 0
167.5, 0
167.6, 0
167.7, 0
167.8, 0
167.9, 0
168.0, 0
168.1, 0
168.2, 0
168.3, 0
168.4, 0
168.5, 0
168.6, 0
168.7, 0
168.8, 0
168.9, 0
169.0, 0
169.1, 0
169.2, 0
169.3, 0
169.4, 0
169.5, 0
169.6, 0
169.7, 0
169.8, 1
169.9, 0
170.0, 0
170.1, 0
170.2, 0
170.3, 0
170.4, 0
170.5, 0
170.6, 0
170.7, 0
170.8, 0
170.9, 0
171.0, 0
171.1, 1
171.2, 0
171.3, 2
171.4, 0
171.5, 0
171.6, 0
171.7, 0
171.8, 0
171.9, 0
172.0, 0
172.1, 0
172.2, 0
172.3, 0
172.4, 0
172.5, 0
172.6, 0
172.7, 0
172.8, 0
172.9, 0
173.0, 0
173.1, 0
173.2, 0
173.3, 1
173.4, 0
173.5, 0
173.6, 0
173.7, 1
173.8, 0
173.9, 0
174.0, 0
174.1, 0
174.2, 1
174.3, 0
174.4, 0
174.5, 0
174.6, 0
174.7, 0
174.8, 0
174.9, 0
175.0, 0
175.1, 0
175.2, 0
175.3, 0
175.4, 0
175.5, 0
175.6, 0
175.7, 0
175.8, 0
175.9, 0
176.0, 0
176.1, 0
176.2, 0
176.3, 0
176.4, 0
176.5, 0
176.6, 0
176.7, 0
176.8, 0
176.9, 0
177.0, 0
177.1, 0
177.2, 0
177.3, 0
177.4, 0
177.5, 0
177.6, 0
177.7, 0
177.8, 1
177.9, 0
178.0, 0
178.1, 0
178.2, 0
178.3, 0
178.4, 0
178.5, 0
178.6, 0
178.7, 0
178.8, 0
178.9, 1
