Elapsed Time, AVG Throughput, AVG Queue Size, AVG Waiting Time, AVG Service Time, AVG Response Time, AVG SET Response Time, AVG GET Response Time, AVG MULTI-GET Response Time, #SETS, #GETS, #MULTIGETS, GET MissRatio, MULTI-GET MissRatio, AVG MULTI-GET Size
 5.00, 5329, 19, 4.489720, 4.893909, 9.521112, 9.521112, 0.000000, 0.000000, 26649, 0, 0, 0.00, 0.00, 0
10.00, 6258, 21, 3.878793, 4.495964, 8.449653, 8.449653, 0.000000, 0.000000, 31293, 0, 0, 0.00, 0.00, 0
15.00, 6292, 21, 3.733569, 4.513076, 8.344034, 8.344034, 0.000000, 0.000000, 31460, 0, 0, 0.00, 0.00, 0
20.00, 6484, 20, 3.688188, 4.119133, 7.888402, 7.888402, 0.000000, 0.000000, 32423, 0, 0, 0.00, 0.00, 0
25.00, 6373, 21, 3.766824, 4.474428, 8.336725, 8.336725, 0.000000, 0.000000, 31867, 0, 0, 0.00, 0.00, 0
30.00, 6244, 20, 3.724922, 4.412741, 8.236489, 8.236489, 0.000000, 0.000000, 31223, 0, 0, 0.00, 0.00, 0
35.00, 6519, 21, 3.650968, 4.079793, 7.807828, 7.807828, 0.000000, 0.000000, 32596, 0, 0, 0.00, 0.00, 0
40.00, 6562, 21, 3.675948, 4.031491, 7.795404, 7.795404, 0.000000, 0.000000, 32810, 0, 0, 0.00, 0.00, 0
45.00, 6449, 20, 3.671700, 4.149244, 7.899640, 7.899640, 0.000000, 0.000000, 32247, 0, 0, 0.00, 0.00, 0
50.00, 6244, 20, 3.713765, 4.405962, 8.218602, 8.218602, 0.000000, 0.000000, 31220, 0, 0, 0.00, 0.00, 0
55.00, 6421, 21, 3.683663, 4.413415, 8.204545, 8.204545, 0.000000, 0.000000, 32108, 0, 0, 0.00, 0.00, 0
60.00, 6400, 21, 3.590214, 4.374582, 8.066041, 8.066041, 0.000000, 0.000000, 32004, 0, 0, 0.00, 0.00, 0
65.00, 6301, 20, 3.579712, 4.404414, 8.072504, 8.072504, 0.000000, 0.000000, 31506, 0, 0, 0.00, 0.00, 0
70.00, 6413, 21, 3.710730, 4.392775, 8.183386, 8.183386, 0.000000, 0.000000, 32067, 0, 0, 0.00, 0.00, 0
70.00, 186, 3, 1.560507, 2.884343, 4.483001, 4.483001, 0.000000, 0.000000, 933, 0, 0, 0.00, 0.00, 0
Interval, Responses
0.1, 0
0.2, 0
0.3, 0
0.4, 0
0.5, 0
0.6, 11
0.7, 67
0.8, 250
0.9, 534
1.0, 898
1.1, 1268
1.2, 1345
1.3, 1356
1.4, 1476
1.5, 1544
1.6, 1563
1.7, 1636
1.8, 1745
1.9, 1877
2.0, 2092
2.1, 2190
2.2, 2153
2.3, 2370
2.4, 2501
2.5, 2480
2.6, 2666
2.7, 2707
2.8, 2769
2.9, 2727
3.0, 2796
3.1, 2838
3.2, 2808
3.3, 2881
3.4, 2805
3.5, 2720
3.6, 2626
3.7, 2559
3.8, 2577
3.9, 2715
4.0, 2734
4.1, 2751
4.2, 2593
4.3, 2442
4.4, 2582
4.5, 2684
4.6, 2635
4.7, 2773
4.8, 2669
4.9, 2716
5.0, 2619
5.1, 2693
5.2, 2680
5.3, 2743
5.4, 2805
5.5, 3045
5.6, 2933
5.7, 3227
5.8, 3061
5.9, 3155
6.0, 3111
6.1, 3145
6.2, 2981
6.3, 2936
6.4, 3116
6.5, 3051
6.6, 3180
6.7, 3082
6.8, 3078
6.9, 3006
7.0, 3104
7.1, 3183
7.2, 3369
7.3, 3268
7.4, 3498
7.5, 3447
7.6, 3575
7.7, 3856
7.8, 3930
7.9, 4257
8.0, 4633
8.1, 4651
8.2, 4917
8.3, 5225
8.4, 5321
8.5, 5638
8.6, 5841
8.7, 6068
8.8, 6304
8.9, 6566
9.0, 6691
9.1, 7417
9.2, 8400
9.3, 9827
9.4, 10819
9.5, 10724
9.6, 10395
9.7, 9888
9.8, 8813
9.9, 7937
10.0, 6846
10.1, 6310
10.2, 5570
10.3, 5022
10.4, 4571
10.5, 4125
10.6, 3808
10.7, 3547
10.8, 3187
10.9, 3077
11.0, 2733
11.1, 2512
11.2, 2355
11.3, 2117
11.4, 2081
11.5, 1785
11.6, 1558
11.7, 1546
11.8, 1432
11.9, 1312
12.0, 1188
12.1, 1134
12.2, 1048
12.3, 924
12.4, 928
12.5, 965
12.6, 846
12.7, 892
12.8, 885
12.9, 813
13.0, 817
13.1, 773
13.2, 802
13.3, 802
13.4, 712
13.5, 720
13.6, 654
13.7, 607
13.8, 581
13.9, 579
14.0, 582
14.1, 563
14.2, 471
14.3, 485
14.4, 503
14.5, 451
14.6, 495
14.7, 453
14.8, 429
14.9, 440
15.0, 403
15.1, 378
15.2, 370
15.3, 394
15.4, 374
15.5, 330
15.6, 332
15.7, 358
15.8, 324
15.9, 309
16.0, 309
16.1, 303
16.2, 316
16.3, 335
16.4, 312
16.5, 274
16.6, 282
16.7, 271
16.8, 242
16.9, 227
17.0, 279
17.1, 303
17.2, 358
17.3, 407
17.4, 387
17.5, 420
17.6, 400
17.7, 339
17.8, 306
17.9, 332
18.0, 317
18.1, 305
18.2, 302
18.3, 269
18.4, 235
18.5, 280
18.6, 284
18.7, 270
18.8, 296
18.9, 302
19.0, 223
19.1, 224
19.2, 214
19.3, 210
19.4, 191
19.5, 208
19.6, 190
19.7, 161
19.8, 124
19.9, 120
20.0, 112
20.1, 104
20.2, 93
20.3, 65
20.4, 70
20.5, 63
20.6, 55
20.7, 45
20.8, 30
20.9, 44
21.0, 40
21.1, 57
21.2, 56
21.3, 48
21.4, 62
21.5, 69
21.6, 60
21.7, 58
21.8, 64
21.9, 51
22.0, 61
22.1, 46
22.2, 46
22.3, 37
22.4, 40
22.5, 46
22.6, 37
22.7, 24
22.8, 36
22.9, 26
23.0, 17
23.1, 26
23.2, 37
23.3, 39
23.4, 25
23.5, 38
23.6, 35
23.7, 22
23.8, 27
23.9, 15
24.0, 12
24.1, 29
24.2, 34
24.3, 23
24.4, 16
24.5, 13
24.6, 29
24.7, 27
24.8, 29
24.9, 26
25.0, 20
25.1, 17
25.2, 17
25.3, 11
25.4, 24
25.5, 32
25.6, 31
25.7, 29
25.8, 30
25.9, 29
26.0, 26
26.1, 22
26.2, 30
26.3, 24
26.4, 19
26.5, 34
26.6, 26
26.7, 17
26.8, 25
26.9, 14
27.0, 25
27.1, 16
27.2, 10
27.3, 15
27.4, 18
27.5, 8
27.6, 12
27.7, 19
27.8, 24
27.9, 14
28.0, 17
28.1, 18
28.2, 19
28.3, 18
28.4, 19
28.5, 10
28.6, 24
28.7, 14
28.8, 11
28.9, 13
29.0, 17
29.1, 17
29.2, 28
29.3, 15
29.4, 17
29.5, 17
29.6, 35
29.7, 26
29.8, 33
29.9, 27
30.0, 20
30.1, 21
30.2, 18
30.3, 20
30.4, 13
30.5, 13
30.6, 23
30.7, 17
30.8, 15
30.9, 6
31.0, 3
31.1, 6
31.2, 10
31.3, 16
31.4, 15
31.5, 14
31.6, 13
31.7, 19
31.8, 15
31.9, 12
32.0, 5
32.1, 5
32.2, 7
32.3, 8
32.4, 13
32.5, 16
32.6, 19
32.7, 17
32.8, 16
32.9, 14
33.0, 30
33.1, 16
33.2, 22
33.3, 20
33.4, 28
33.5, 17
33.6, 17
33.7, 23
33.8, 25
33.9, 20
34.0, 22
34.1, 12
34.2, 18
34.3, 20
34.4, 19
34.5, 25
34.6, 27
34.7, 34
34.8, 29
34.9, 43
35.0, 25
35.1, 17
35.2, 11
35.3, 7
35.4, 10
35.5, 13
35.6, 5
35.7, 18
35.8, 20
35.9, 25
36.0, 18
36.1, 18
36.2, 17
36.3, 24
36.4, 11
36.5, 9
36.6, 14
36.7, 17
36.8, 11
36.9, 9
37.0, 9
37.1, 17
37.2, 12
37.3, 16
37.4, 9
37.5, 7
37.6, 11
37.7, 16
37.8, 21
37.9, 23
38.0, 7
38.1, 10
38.2, 14
38.3, 20
38.4, 12
38.5, 10
38.6, 20
38.7, 10
38.8, 8
38.9, 9
39.0, 9
39.1, 7
39.2, 6
39.3, 4
39.4, 14
39.5, 21
39.6, 16
39.7, 4
39.8, 9
39.9, 3
40.0, 10
40.1, 16
40.2, 15
40.3, 8
40.4, 10
40.5, 12
40.6, 10
40.7, 8
40.8, 7
40.9, 13
41.0, 4
41.1, 5
41.2, 1
41.3, 2
41.4, 1
41.5, 1
41.6, 6
41.7, 3
41.8, 3
41.9, 1
42.0, 2
42.1, 0
42.2, 1
42.3, 2
42.4, 11
42.5, 6
42.6, 1
42.7, 2
42.8, 1
42.9, 1
43.0, 2
43.1, 0
43.2, 1
43.3, 0
43.4, 1
43.5, 2
43.6, 1
43.7, 1
43.8, 0
43.9, 3
44.0, 0
44.1, 1
44.2, 2
44.3, 1
44.4, 3
44.5, 1
44.6, 3
44.7, 2
44.8, 3
44.9, 0
45.0, 4
45.1, 3
45.2, 7
45.3, 6
45.4, 5
45.5, 8
45.6, 5
45.7, 2
45.8, 4
45.9, 9
46.0, 10
46.1, 13
46.2, 14
46.3, 10
46.4, 12
46.5, 11
46.6, 12
46.7, 10
46.8, 6
46.9, 6
47.0, 10
47.1, 13
47.2, 3
47.3, 4
47.4, 6
47.5, 1
47.6, 3
47.7, 1
47.8, 4
47.9, 6
48.0, 6
48.1, 6
48.2, 2
48.3, 1
48.4, 1
48.5, 3
48.6, 0
48.7, 1
48.8, 1
48.9, 1
49.0, 1
49.1, 4
49.2, 0
49.3, 3
49.4, 1
49.5, 0
49.6, 0
49.7, 0
49.8, 0
49.9, 0
50.0, 1
50.1, 2
50.2, 0
50.3, 0
50.4, 0
50.5, 0
50.6, 0
50.7, 0
50.8, 0
50.9, 1
51.0, 2
51.1, 0
51.2, 0
51.3, 0
51.4, 0
51.5, 1
51.6, 2
51.7, 2
51.8, 2
51.9, 3
52.0, 1
52.1, 1
52.2, 2
52.3, 1
52.4, 2
52.5, 1
52.6, 2
52.7, 9
52.8, 5
52.9, 8
53.0, 2
53.1, 4
53.2, 2
53.3, 1
53.4, 0
53.5, 0
53.6, 1
53.7, 0
53.8, 0
53.9, 0
54.0, 0
54.1, 2
54.2, 1
54.3, 2
54.4, 2
54.5, 0
54.6, 0
54.7, 0
54.8, 0
54.9, 1
55.0, 2
55.1, 0
55.2, 0
55.3, 2
55.4, 2
55.5, 2
55.6, 0
55.7, 0
55.8, 1
55.9, 0
56.0, 1
56.1, 0
56.2, 1
56.3, 0
56.4, 1
56.5, 0
56.6, 1
56.7, 2
56.8, 3
56.9, 2
57.0, 2
57.1, 2
57.2, 1
57.3, 2
57.4, 3
57.5, 2
57.6, 2
57.7, 1
57.8, 0
57.9, 2
58.0, 0
58.1, 0
58.2, 0
58.3, 0
58.4, 0
58.5, 0
58.6, 0
58.7, 1
58.8, 2
58.9, 2
59.0, 0
59.1, 0
59.2, 0
59.3, 0
59.4, 0
59.5, 0
59.6, 0
59.7, 1
59.8, 0
59.9, 0
60.0, 0
60.1, 0
60.2, 0
60.3, 0
60.4, 0
60.5, 0
60.6, 0
60.7, 0
60.8, 0
60.9, 0
61.0, 0
61.1, 1
61.2, 0
61.3, 0
61.4, 0
61.5, 0
61.6, 0
61.7, 0
61.8, 0
61.9, 0
62.0, 0
62.1, 0
62.2, 1
62.3, 0
62.4, 0
62.5, 0
62.6, 0
62.7, 2
62.8, 0
62.9, 0
63.0, 0
63.1, 0
63.2, 1
63.3, 1
63.4, 0
63.5, 1
63.6, 0
63.7, 0
63.8, 2
63.9, 0
64.0, 1
64.1, 0
64.2, 0
64.3, 0
64.4, 0
64.5, 1
64.6, 0
64.7, 1
64.8, 0
64.9, 0
65.0, 1
65.1, 0
65.2, 0
65.3, 0
65.4, 0
65.5, 0
65.6, 0
65.7, 0
65.8, 0
65.9, 1
66.0, 0
66.1, 0
66.2, 0
66.3, 0
66.4, 0
66.5, 0
66.6, 1
66.7, 1
66.8, 0
66.9, 0
67.0, 1
67.1, 0
67.2, 0
67.3, 0
67.4, 0
67.5, 1
67.6, 0
67.7, 0
67.8, 0
67.9, 1
68.0, 0
68.1, 0
68.2, 0
68.3, 0
68.4, 0
68.5, 0
68.6, 0
68.7, 0
68.8, 0
68.9, 0
69.0, 0
69.1, 0
69.2, 0
69.3, 0
69.4, 0
69.5, 0
69.6, 0
69.7, 0
69.8, 0
69.9, 1
70.0, 0
70.1, 0
70.2, 0
70.3, 0
70.4, 0
70.5, 1
70.6, 0
70.7, 0
70.8, 0
70.9, 0
71.0, 0
71.1, 0
71.2, 0
71.3, 0
71.4, 0
71.5, 0
71.6, 0
71.7, 0
71.8, 0
71.9, 0
72.0, 0
72.1, 0
72.2, 0
72.3, 0
72.4, 0
72.5, 0
72.6, 0
72.7, 0
72.8, 0
72.9, 0
73.0, 0
73.1, 0
73.2, 0
73.3, 0
73.4, 0
73.5, 0
73.6, 0
73.7, 0
73.8, 0
73.9, 0
74.0, 0
74.1, 0
74.2, 0
74.3, 0
74.4, 0
74.5, 0
74.6, 0
74.7, 0
74.8, 0
74.9, 0
75.0, 0
75.1, 0
75.2, 0
75.3, 0
75.4, 0
75.5, 0
75.6, 0
75.7, 0
75.8, 0
75.9, 0
76.0, 0
76.1, 0
76.2, 0
76.3, 0
76.4, 0
76.5, 0
76.6, 0
76.7, 0
76.8, 0
76.9, 0
77.0, 0
77.1, 0
77.2, 0
77.3, 0
77.4, 0
77.5, 0
77.6, 0
77.7, 0
77.8, 0
77.9, 0
78.0, 0
78.1, 0
78.2, 0
78.3, 0
78.4, 0
78.5, 0
78.6, 0
78.7, 0
78.8, 0
78.9, 0
79.0, 0
79.1, 0
79.2, 0
79.3, 0
79.4, 0
79.5, 0
79.6, 0
79.7, 0
79.8, 0
79.9, 0
80.0, 0
80.1, 0
80.2, 0
80.3, 0
80.4, 0
80.5, 0
80.6, 0
80.7, 0
80.8, 0
80.9, 0
81.0, 0
81.1, 0
81.2, 0
81.3, 0
81.4, 0
81.5, 0
81.6, 0
81.7, 0
81.8, 0
81.9, 0
82.0, 0
82.1, 0
82.2, 0
82.3, 0
82.4, 0
82.5, 0
82.6, 0
82.7, 0
82.8, 0
82.9, 0
83.0, 0
83.1, 0
83.2, 0
83.3, 0
83.4, 0
83.5, 0
83.6, 0
83.7, 0
83.8, 0
83.9, 0
84.0, 0
84.1, 0
84.2, 0
84.3, 0
84.4, 0
84.5, 0
84.6, 0
84.7, 0
84.8, 0
84.9, 0
85.0, 0
85.1, 0
85.2, 0
85.3, 0
85.4, 0
85.5, 0
85.6, 0
85.7, 0
85.8, 0
85.9, 0
86.0, 0
86.1, 0
86.2, 0
86.3, 0
86.4, 0
86.5, 0
86.6, 0
86.7, 0
86.8, 0
86.9, 0
87.0, 0
87.1, 0
87.2, 0
87.3, 0
87.4, 0
87.5, 0
87.6, 0
87.7, 0
87.8, 0
87.9, 0
88.0, 0
88.1, 0
88.2, 0
88.3, 0
88.4, 0
88.5, 0
88.6, 0
88.7, 0
88.8, 0
88.9, 0
89.0, 0
89.1, 0
89.2, 0
89.3, 0
89.4, 0
89.5, 0
89.6, 0
89.7, 0
89.8, 0
89.9, 0
90.0, 0
90.1, 0
90.2, 0
90.3, 0
90.4, 0
90.5, 0
90.6, 0
90.7, 0
90.8, 0
90.9, 0
91.0, 0
91.1, 0
91.2, 0
91.3, 0
91.4, 0
91.5, 0
91.6, 0
91.7, 0
91.8, 0
91.9, 0
92.0, 0
92.1, 0
92.2, 0
92.3, 0
92.4, 0
92.5, 0
92.6, 0
92.7, 0
92.8, 0
92.9, 0
93.0, 0
93.1, 0
93.2, 0
93.3, 0
93.4, 0
93.5, 0
93.6, 0
93.7, 0
93.8, 0
93.9, 0
94.0, 0
94.1, 0
94.2, 0
94.3, 0
94.4, 0
94.5, 0
94.6, 0
94.7, 0
94.8, 0
94.9, 0
95.0, 0
95.1, 0
95.2, 0
95.3, 0
95.4, 0
95.5, 0
95.6, 0
95.7, 0
95.8, 0
95.9, 0
96.0, 0
96.1, 0
96.2, 0
96.3, 0
96.4, 0
96.5, 0
96.6, 0
96.7, 0
96.8, 0
96.9, 0
97.0, 0
97.1, 0
97.2, 0
97.3, 0
97.4, 0
97.5, 0
97.6, 0
97.7, 0
97.8, 0
97.9, 0
98.0, 0
98.1, 0
98.2, 0
98.3, 0
98.4, 0
98.5, 0
98.6, 0
98.7, 0
98.8, 0
98.9, 0
99.0, 0
99.1, 0
99.2, 0
99.3, 0
99.4, 0
99.5, 0
99.6, 0
99.7, 0
99.8, 0
99.9, 0
100.0, 0
100.1, 0
100.2, 0
100.3, 0
100.4, 0
100.5, 0
100.6, 0
100.7, 0
100.8, 0
100.9, 0
101.0, 0
101.1, 0
101.2, 0
101.3, 0
101.4, 0
101.5, 0
101.6, 0
101.7, 0
101.8, 0
101.9, 0
102.0, 0
102.1, 0
102.2, 0
102.3, 0
102.4, 0
102.5, 0
102.6, 0
102.7, 0
102.8, 0
102.9, 0
103.0, 0
103.1, 0
103.2, 0
103.3, 0
103.4, 0
103.5, 0
103.6, 0
103.7, 0
103.8, 0
103.9, 0
104.0, 0
104.1, 0
104.2, 0
104.3, 0
104.4, 0
104.5, 0
104.6, 0
104.7, 0
104.8, 0
104.9, 0
105.0, 0
105.1, 0
105.2, 0
105.3, 0
105.4, 0
105.5, 0
105.6, 0
105.7, 0
105.8, 0
105.9, 0
106.0, 0
106.1, 0
106.2, 0
106.3, 0
106.4, 0
106.5, 0
106.6, 0
106.7, 0
106.8, 0
106.9, 0
107.0, 0
107.1, 0
107.2, 0
107.3, 0
107.4, 0
107.5, 0
107.6, 0
107.7, 0
107.8, 0
107.9, 0
108.0, 0
108.1, 0
108.2, 0
108.3, 0
108.4, 0
108.5, 0
108.6, 0
108.7, 0
108.8, 0
108.9, 0
109.0, 0
109.1, 0
109.2, 0
109.3, 0
109.4, 0
109.5, 0
109.6, 0
109.7, 0
109.8, 0
109.9, 0
110.0, 0
110.1, 0
110.2, 0
110.3, 0
110.4, 0
110.5, 0
110.6, 0
110.7, 0
110.8, 0
110.9, 0
111.0, 0
111.1, 0
111.2, 0
111.3, 0
111.4, 0
111.5, 0
111.6, 0
111.7, 0
111.8, 0
111.9, 0
112.0, 0
112.1, 0
112.2, 0
112.3, 0
112.4, 0
112.5, 0
112.6, 0
112.7, 0
112.8, 0
112.9, 0
113.0, 0
113.1, 0
113.2, 0
113.3, 0
113.4, 0
113.5, 0
113.6, 0
113.7, 0
113.8, 0
113.9, 0
114.0, 0
114.1, 0
114.2, 0
114.3, 0
114.4, 0
114.5, 0
114.6, 0
114.7, 0
114.8, 0
114.9, 0
115.0, 0
115.1, 0
115.2, 0
115.3, 0
115.4, 0
115.5, 0
115.6, 0
115.7, 0
115.8, 0
115.9, 0
116.0, 0
116.1, 0
116.2, 0
116.3, 0
116.4, 0
116.5, 0
116.6, 0
116.7, 0
116.8, 0
116.9, 0
117.0, 0
117.1, 0
117.2, 0
117.3, 0
117.4, 0
117.5, 0
117.6, 0
117.7, 0
117.8, 0
117.9, 0
118.0, 0
118.1, 0
118.2, 0
118.3, 0
118.4, 0
118.5, 0
118.6, 0
118.7, 0
118.8, 0
118.9, 0
119.0, 0
119.1, 0
119.2, 0
119.3, 0
119.4, 0
119.5, 0
119.6, 0
119.7, 0
119.8, 0
119.9, 0
120.0, 0
120.1, 0
120.2, 0
120.3, 0
120.4, 0
120.5, 0
120.6, 0
120.7, 0
120.8, 0
120.9, 0
121.0, 0
121.1, 0
121.2, 0
121.3, 0
121.4, 0
121.5, 0
121.6, 0
121.7, 0
121.8, 0
121.9, 0
122.0, 0
122.1, 0
122.2, 0
122.3, 0
122.4, 0
122.5, 0
122.6, 0
122.7, 0
122.8, 0
122.9, 0
123.0, 0
123.1, 0
123.2, 0
123.3, 0
123.4, 0
123.5, 0
123.6, 0
123.7, 0
123.8, 0
123.9, 0
124.0, 0
124.1, 0
124.2, 0
124.3, 0
124.4, 0
124.5, 0
124.6, 0
124.7, 0
124.8, 0
124.9, 0
125.0, 0
125.1, 0
125.2, 0
125.3, 0
125.4, 0
125.5, 0
125.6, 0
125.7, 0
125.8, 0
125.9, 0
126.0, 0
126.1, 0
126.2, 0
126.3, 0
126.4, 0
126.5, 0
126.6, 0
126.7, 0
126.8, 0
126.9, 0
127.0, 0
127.1, 0
127.2, 0
127.3, 0
127.4, 0
127.5, 0
127.6, 0
127.7, 0
127.8, 0
127.9, 0
128.0, 0
128.1, 0
128.2, 0
128.3, 0
128.4, 0
128.5, 0
128.6, 1
128.7, 0
128.8, 0
128.9, 0
129.0, 0
129.1, 0
129.2, 0
129.3, 0
129.4, 0
129.5, 0
129.6, 0
129.7, 0
129.8, 0
129.9, 0
130.0, 0
130.1, 1
130.2, 0
130.3, 0
130.4, 0
130.5, 0
130.6, 0
130.7, 0
130.8, 0
130.9, 0
131.0, 0
131.1, 0
131.2, 0
131.3, 0
131.4, 0
131.5, 0
131.6, 0
131.7, 0
131.8, 0
131.9, 0
132.0, 0
132.1, 0
132.2, 0
132.3, 0
132.4, 0
132.5, 0
132.6, 0
132.7, 0
132.8, 0
132.9, 0
133.0, 1
133.1, 0
133.2, 0
133.3, 0
133.4, 0
133.5, 0
133.6, 0
133.7, 0
133.8, 0
133.9, 0
134.0, 0
134.1, 0
134.2, 0
134.3, 1
134.4, 1
134.5, 0
134.6, 0
134.7, 0
134.8, 0
134.9, 0
135.0, 1
135.1, 0
135.2, 0
135.3, 0
135.4, 0
135.5, 0
135.6, 0
135.7, 0
135.8, 0
135.9, 0
136.0, 0
136.1, 0
136.2, 0
136.3, 0
136.4, 0
136.5, 0
136.6, 0
136.7, 0
136.8, 0
136.9, 0
137.0, 0
137.1, 0
137.2, 0
137.3, 0
137.4, 0
137.5, 0
137.6, 1
137.7, 0
137.8, 0
137.9, 0
138.0, 0
138.1, 0
138.2, 0
138.3, 0
138.4, 0
138.5, 0
138.6, 0
138.7, 0
138.8, 0
138.9, 0
139.0, 0
139.1, 0
139.2, 0
139.3, 0
139.4, 0
139.5, 0
139.6, 0
139.7, 1
139.8, 0
139.9, 0
140.0, 0
140.1, 0
140.2, 0
140.3, 0
140.4, 0
140.5, 0
140.6, 0
140.7, 0
140.8, 0
140.9, 0
141.0, 0
141.1, 0
141.2, 0
141.3, 0
141.4, 0
141.5, 0
141.6, 0
141.7, 0
141.8, 0
141.9, 0
142.0, 0
142.1, 0
142.2, 0
142.3, 0
142.4, 0
142.5, 0
142.6, 0
142.7, 0
142.8, 0
142.9, 0
143.0, 0
143.1, 0
143.2, 0
143.3, 0
143.4, 0
143.5, 0
143.6, 0
143.7, 0
143.8, 0
143.9, 0
144.0, 0
144.1, 0
144.2, 0
144.3, 0
144.4, 0
144.5, 0
144.6, 0
144.7, 0
144.8, 0
144.9, 0
145.0, 1
145.1, 0
145.2, 0
145.3, 0
145.4, 0
145.5, 0
145.6, 0
145.7, 0
145.8, 0
145.9, 0
146.0, 0
146.1, 0
146.2, 0
146.3, 0
146.4, 0
146.5, 0
146.6, 0
146.7, 0
146.8, 0
146.9, 0
147.0, 0
147.1, 0
147.2, 0
147.3, 0
147.4, 0
147.5, 0
147.6, 0
147.7, 0
147.8, 0
147.9, 0
148.0, 0
148.1, 0
148.2, 0
148.3, 0
148.4, 0
148.5, 0
148.6, 0
148.7, 0
148.8, 0
148.9, 0
149.0, 0
149.1, 0
149.2, 0
149.3, 0
149.4, 0
149.5, 0
149.6, 0
149.7, 0
149.8, 0
149.9, 0
150.0, 0
150.1, 0
150.2, 0
150.3, 0
150.4, 0
150.5, 0
150.6, 0
150.7, 0
150.8, 0
150.9, 0
151.0, 0
151.1, 0
151.2, 0
151.3, 0
151.4, 0
151.5, 0
151.6, 0
151.7, 0
151.8, 0
151.9, 0
152.0, 0
152.1, 0
152.2, 0
152.3, 0
152.4, 0
152.5, 0
152.6, 0
152.7, 0
152.8, 0
152.9, 0
153.0, 0
153.1, 0
153.2, 0
153.3, 0
153.4, 0
153.5, 0
153.6, 0
153.7, 0
153.8, 0
153.9, 0
154.0, 0
154.1, 0
154.2, 0
154.3, 0
154.4, 0
154.5, 0
154.6, 0
154.7, 0
154.8, 0
154.9, 0
155.0, 0
155.1, 0
155.2, 0
155.3, 0
155.4, 0
155.5, 0
155.6, 0
155.7, 0
155.8, 0
155.9, 0
156.0, 0
156.1, 0
156.2, 0
156.3, 0
156.4, 0
156.5, 0
156.6, 0
156.7, 0
156.8, 0
156.9, 0
157.0, 0
157.1, 0
157.2, 0
157.3, 0
157.4, 0
157.5, 0
157.6, 0
157.7, 0
157.8, 0
157.9, 0
158.0, 1
158.1, 0
158.2, 1
158.3, 0
158.4, 1
158.5, 0
158.6, 0
158.7, 0
158.8, 0
158.9, 0
159.0, 0
159.1, 0
159.2, 0
159.3, 0
159.4, 0
159.5, 0
159.6, 0
159.7, 0
159.8, 1
159.9, 0
160.0, 0
160.1, 0
160.2, 0
160.3, 0
160.4, 0
160.5, 0
160.6, 0
160.7, 0
160.8, 0
160.9, 0
161.0, 0
161.1, 0
161.2, 0
161.3, 0
161.4, 0
161.5, 0
161.6, 0
161.7, 0
161.8, 0
161.9, 0
162.0, 0
162.1, 0
162.2, 1
162.3, 0
162.4, 0
162.5, 0
162.6, 0
162.7, 0
162.8, 0
162.9, 0
163.0, 0
163.1, 0
163.2, 0
163.3, 0
163.4, 0
163.5, 1
163.6, 0
163.7, 2
163.8, 0
163.9, 3
164.0, 0
164.1, 2
164.2, 1
164.3, 0
164.4, 0
164.5, 0
164.6, 0
164.7, 0
164.8, 0
164.9, 0
165.0, 0
165.1, 0
165.2, 0
165.3, 1
165.4, 0
165.5, 0
165.6, 0
165.7, 0
165.8, 0
165.9, 0
166.0, 0
166.1, 0
166.2, 0
166.3, 0
166.4, 0
166.5, 0
166.6, 0
166.7, 0
166.8, 0
166.9, 0
167.0, 0
167.1, 0
167.2, 0
167.3, 0
167.4, 0
167.5, 0
167.6, 0
167.7, 0
167.8, 0
167.9, 0
168.0, 0
168.1, 0
168.2, 0
168.3, 0
168.4, 0
168.5, 0
168.6, 0
168.7, 0
168.8, 0
168.9, 0
169.0, 0
169.1, 1
169.2, 0
169.3, 0
169.4, 1
169.5, 0
169.6, 0
169.7, 0
169.8, 0
169.9, 0
170.0, 0
170.1, 0
170.2, 1
170.3, 0
170.4, 0
170.5, 0
170.6, 0
170.7, 0
170.8, 0
170.9, 0
171.0, 0
171.1, 0
171.2, 0
171.3, 0
171.4, 0
171.5, 0
171.6, 0
171.7, 0
171.8, 0
171.9, 0
172.0, 0
172.1, 0
172.2, 0
172.3, 0
172.4, 0
172.5, 0
172.6, 0
172.7, 0
172.8, 0
172.9, 0
173.0, 0
173.1, 0
173.2, 0
173.3, 0
173.4, 0
173.5, 0
173.6, 0
173.7, 0
173.8, 0
173.9, 0
174.0, 0
174.1, 0
174.2, 0
174.3, 0
174.4, 0
174.5, 0
174.6, 0
174.7, 0
174.8, 1
174.9, 0
175.0, 0
175.1, 0
175.2, 0
175.3, 0
175.4, 0
175.5, 0
175.6, 2
175.7, 2
175.8, 0
175.9, 0
176.0, 0
176.1, 0
176.2, 0
176.3, 0
176.4, 0
176.5, 0
176.6, 0
176.7, 0
176.8, 0
176.9, 2
177.0, 0
177.1, 0
177.2, 0
177.3, 0
177.4, 0
177.5, 0
177.6, 1
177.7, 0
177.8, 0
177.9, 0
178.0, 3
178.1, 0
178.2, 0
178.3, 0
178.4, 0
178.5, 1
178.6, 0
178.7, 0
178.8, 0
178.9, 0
179.0, 0
179.1, 0
179.2, 0
179.3, 0
179.4, 1
179.5, 0
179.6, 0
179.7, 0
179.8, 0
179.9, 0
180.0, 0
180.1, 0
180.2, 0
180.3, 0
180.4, 0
180.5, 0
180.6, 0
180.7, 0
180.8, 0
180.9, 0
181.0, 0
181.1, 0
181.2, 0
181.3, 0
181.4, 0
181.5, 0
181.6, 0
181.7, 0
181.8, 0
181.9, 0
182.0, 0
182.1, 0
182.2, 0
182.3, 0
182.4, 0
182.5, 0
182.6, 0
182.7, 0
182.8, 0
182.9, 0
183.0, 0
183.1, 1
183.2, 0
183.3, 1
183.4, 0
183.5, 0
183.6, 0
183.7, 0
183.8, 0
183.9, 0
184.0, 1
184.1, 1
184.2, 3
184.3, 0
184.4, 0
184.5, 0
184.6, 0
184.7, 0
184.8, 0
184.9, 0
185.0, 0
185.1, 0
185.2, 0
185.3, 0
185.4, 0
185.5, 0
185.6, 0
185.7, 0
185.8, 0
185.9, 0
186.0, 0
186.1, 0
186.2, 0
186.3, 0
186.4, 0
186.5, 0
186.6, 0
186.7, 0
186.8, 0
186.9, 0
187.0, 0
187.1, 0
187.2, 0
187.3, 0
187.4, 0
187.5, 0
187.6, 0
187.7, 0
187.8, 0
187.9, 0
188.0, 0
188.1, 1
