Elapsed Time, AVG Throughput, AVG Queue Size, AVG Waiting Time, AVG Service Time, AVG Response Time, AVG SET Response Time, AVG GET Response Time, AVG MULTI-GET Response Time, #SETS, #GETS, #MULTIGETS, GET MissRatio, MULTI-GET MissRatio, AVG MULTI-GET Size
 5.00, 5046, 9, 2.728401, 6.538000, 9.488603, 9.488603, 0.000000, 0.000000, 25232, 0, 0, 0.00, 0.00, 0
10.00, 6122, 7, 1.754182, 6.034170, 8.027945, 8.027945, 0.000000, 0.000000, 30611, 0, 0, 0.00, 0.00, 0
15.00, 6146, 7, 1.740609, 6.291003, 8.162617, 8.162617, 0.000000, 0.000000, 30730, 0, 0, 0.00, 0.00, 0
20.00, 6362, 6, 1.576011, 6.055996, 7.795620, 7.795620, 0.000000, 0.000000, 31810, 0, 0, 0.00, 0.00, 0
25.00, 6141, 7, 1.837911, 6.174411, 8.149910, 8.149910, 0.000000, 0.000000, 30706, 0, 0, 0.00, 0.00, 0
30.00, 6272, 7, 1.886176, 5.864354, 7.899773, 7.899773, 0.000000, 0.000000, 31361, 0, 0, 0.00, 0.00, 0
35.00, 6241, 6, 1.819908, 6.000604, 7.970252, 7.970252, 0.000000, 0.000000, 31208, 0, 0, 0.00, 0.00, 0
40.00, 6279, 7, 1.754942, 6.052444, 7.979509, 7.979509, 0.000000, 0.000000, 31398, 0, 0, 0.00, 0.00, 0
45.00, 6196, 6, 1.823906, 6.024957, 8.032745, 8.032745, 0.000000, 0.000000, 30983, 0, 0, 0.00, 0.00, 0
50.00, 6331, 7, 1.890247, 5.639205, 7.702117, 7.702117, 0.000000, 0.000000, 31658, 0, 0, 0.00, 0.00, 0
55.00, 6223, 8, 1.881056, 6.026691, 8.027357, 8.027357, 0.000000, 0.000000, 31118, 0, 0, 0.00, 0.00, 0
60.00, 6345, 7, 1.730598, 5.981048, 7.837781, 7.837781, 0.000000, 0.000000, 31726, 0, 0, 0.00, 0.00, 0
65.00, 6060, 6, 1.805723, 6.277119, 8.176778, 8.176778, 0.000000, 0.000000, 30304, 0, 0, 0.00, 0.00, 0
70.00, 6286, 7, 1.702744, 5.964910, 7.818159, 7.818159, 0.000000, 0.000000, 31432, 0, 0, 0.00, 0.00, 0
70.00, 224, 3, 0.992474, 3.255538, 4.325243, 4.325243, 0.000000, 0.000000, 1121, 0, 0, 0.00, 0.00, 0
Interval, Responses
0.1, 0
0.2, 0
0.3, 0
0.4, 0
0.5, 2
0.6, 44
0.7, 234
0.8, 595
0.9, 1038
1.0, 1529
1.1, 1806
1.2, 1896
1.3, 2059
1.4, 2123
1.5, 2248
1.6, 2374
1.7, 2306
1.8, 2251
1.9, 2271
2.0, 2324
2.1, 2254
2.2, 2267
2.3, 2304
2.4, 2223
2.5, 2252
2.6, 2211
2.7, 2250
2.8, 2232
2.9, 2215
3.0, 2201
3.1, 2394
3.2, 2380
3.3, 2529
3.4, 2447
3.5, 2514
3.6, 2555
3.7, 2527
3.8, 2743
3.9, 2739
4.0, 2636
4.1, 2689
4.2, 2877
4.3, 2920
4.4, 2917
4.5, 2974
4.6, 2974
4.7, 2830
4.8, 2896
4.9, 2907
5.0, 2908
5.1, 2960
5.2, 3143
5.3, 3254
5.4, 3247
5.5, 3223
5.6, 3304
5.7, 3314
5.8, 3366
5.9, 3383
6.0, 3566
6.1, 3439
6.2, 3704
6.3, 3625
6.4, 3657
6.5, 3841
6.6, 3872
6.7, 3910
6.8, 4042
6.9, 4076
7.0, 4031
7.1, 4028
7.2, 4145
7.3, 4363
7.4, 4302
7.5, 4453
7.6, 4482
7.7, 4622
7.8, 4875
7.9, 5015
8.0, 5273
8.1, 5535
8.2, 5770
8.3, 5862
8.4, 5994
8.5, 5923
8.6, 6031
8.7, 6140
8.8, 6676
8.9, 6589
9.0, 6424
9.1, 6359
9.2, 6305
9.3, 6233
9.4, 5898
9.5, 5743
9.6, 5551
9.7, 5528
9.8, 5220
9.9, 4514
10.0, 4118
10.1, 3752
10.2, 3462
10.3, 3250
10.4, 2955
10.5, 2810
10.6, 2708
10.7, 2584
10.8, 2367
10.9, 2218
11.0, 2145
11.1, 2071
11.2, 1933
11.3, 1895
11.4, 1712
11.5, 1672
11.6, 1718
11.7, 1549
11.8, 1440
11.9, 1514
12.0, 1363
12.1, 1362
12.2, 1318
12.3, 1258
12.4, 1253
12.5, 1236
12.6, 1147
12.7, 1123
12.8, 1107
12.9, 1196
13.0, 1105
13.1, 1056
13.2, 1087
13.3, 1116
13.4, 981
13.5, 946
13.6, 952
13.7, 944
13.8, 868
13.9, 837
14.0, 790
14.1, 769
14.2, 790
14.3, 730
14.4, 743
14.5, 750
14.6, 688
14.7, 700
14.8, 650
14.9, 631
15.0, 587
15.1, 622
15.2, 559
15.3, 565
15.4, 575
15.5, 573
15.6, 522
15.7, 524
15.8, 496
15.9, 481
16.0, 460
16.1, 435
16.2, 422
16.3, 386
16.4, 432
16.5, 414
16.6, 398
16.7, 375
16.8, 363
16.9, 367
17.0, 346
17.1, 355
17.2, 307
17.3, 326
17.4, 277
17.5, 301
17.6, 280
17.7, 269
17.8, 256
17.9, 274
18.0, 219
18.1, 200
18.2, 219
18.3, 233
18.4, 240
18.5, 221
18.6, 223
18.7, 235
18.8, 240
18.9, 194
19.0, 222
19.1, 183
19.2, 182
19.3, 181
19.4, 188
19.5, 179
19.6, 167
19.7, 135
19.8, 135
19.9, 113
20.0, 115
20.1, 117
20.2, 102
20.3, 110
20.4, 116
20.5, 122
20.6, 97
20.7, 101
20.8, 78
20.9, 113
21.0, 101
21.1, 71
21.2, 61
21.3, 73
21.4, 82
21.5, 61
21.6, 74
21.7, 63
21.8, 51
21.9, 55
22.0, 60
22.1, 51
22.2, 55
22.3, 66
22.4, 69
22.5, 68
22.6, 57
22.7, 67
22.8, 59
22.9, 46
23.0, 43
23.1, 61
23.2, 41
23.3, 43
23.4, 33
23.5, 37
23.6, 34
23.7, 47
23.8, 36
23.9, 40
24.0, 48
24.1, 43
24.2, 33
24.3, 43
24.4, 43
24.5, 46
24.6, 35
24.7, 43
24.8, 43
24.9, 20
25.0, 42
25.1, 40
25.2, 43
25.3, 43
25.4, 35
25.5, 39
25.6, 44
25.7, 37
25.8, 39
25.9, 37
26.0, 43
26.1, 30
26.2, 38
26.3, 32
26.4, 31
26.5, 23
26.6, 16
26.7, 20
26.8, 30
26.9, 35
27.0, 15
27.1, 25
27.2, 18
27.3, 35
27.4, 25
27.5, 35
27.6, 30
27.7, 34
27.8, 16
27.9, 24
28.0, 35
28.1, 36
28.2, 32
28.3, 37
28.4, 37
28.5, 28
28.6, 21
28.7, 18
28.8, 19
28.9, 25
29.0, 20
29.1, 27
29.2, 26
29.3, 16
29.4, 14
29.5, 16
29.6, 8
29.7, 20
29.8, 17
29.9, 22
30.0, 20
30.1, 22
30.2, 14
30.3, 15
30.4, 24
30.5, 24
30.6, 16
30.7, 12
30.8, 19
30.9, 19
31.0, 27
31.1, 11
31.2, 20
31.3, 21
31.4, 16
31.5, 13
31.6, 17
31.7, 11
31.8, 13
31.9, 22
32.0, 24
32.1, 19
32.2, 12
32.3, 23
32.4, 14
32.5, 14
32.6, 15
32.7, 16
32.8, 21
32.9, 5
33.0, 11
33.1, 13
33.2, 21
33.3, 16
33.4, 10
33.5, 13
33.6, 14
33.7, 15
33.8, 20
33.9, 15
34.0, 13
34.1, 8
34.2, 6
34.3, 8
34.4, 19
34.5, 12
34.6, 15
34.7, 18
34.8, 12
34.9, 14
35.0, 14
35.1, 25
35.2, 38
35.3, 15
35.4, 7
35.5, 12
35.6, 13
35.7, 17
35.8, 15
35.9, 17
36.0, 26
36.1, 13
36.2, 19
36.3, 18
36.4, 14
36.5, 12
36.6, 13
36.7, 12
36.8, 13
36.9, 12
37.0, 12
37.1, 12
37.2, 17
37.3, 17
37.4, 10
37.5, 13
37.6, 15
37.7, 6
37.8, 9
37.9, 3
38.0, 13
38.1, 14
38.2, 4
38.3, 15
38.4, 9
38.5, 22
38.6, 7
38.7, 9
38.8, 8
38.9, 6
39.0, 9
39.1, 4
39.2, 10
39.3, 11
39.4, 17
39.5, 16
39.6, 9
39.7, 10
39.8, 14
39.9, 12
40.0, 5
40.1, 15
40.2, 20
40.3, 17
40.4, 20
40.5, 17
40.6, 10
40.7, 10
40.8, 18
40.9, 15
41.0, 22
41.1, 9
41.2, 14
41.3, 9
41.4, 20
41.5, 16
41.6, 12
41.7, 8
41.8, 8
41.9, 11
42.0, 5
42.1, 4
42.2, 6
42.3, 4
42.4, 3
42.5, 3
42.6, 3
42.7, 4
42.8, 2
42.9, 1
43.0, 2
43.1, 2
43.2, 0
43.3, 2
43.4, 5
43.5, 4
43.6, 6
43.7, 1
43.8, 3
43.9, 4
44.0, 4
44.1, 5
44.2, 8
44.3, 5
44.4, 7
44.5, 5
44.6, 5
44.7, 1
44.8, 6
44.9, 1
45.0, 2
45.1, 6
45.2, 5
45.3, 4
45.4, 11
45.5, 3
45.6, 6
45.7, 4
45.8, 2
45.9, 7
46.0, 2
46.1, 7
46.2, 3
46.3, 1
46.4, 2
46.5, 4
46.6, 1
46.7, 3
46.8, 1
46.9, 6
47.0, 2
47.1, 1
47.2, 6
47.3, 4
47.4, 7
47.5, 7
47.6, 8
47.7, 4
47.8, 8
47.9, 6
48.0, 5
48.1, 1
48.2, 12
48.3, 5
48.4, 5
48.5, 7
48.6, 0
48.7, 2
48.8, 4
48.9, 8
49.0, 6
49.1, 2
49.2, 4
49.3, 2
49.4, 2
49.5, 3
49.6, 2
49.7, 0
49.8, 1
49.9, 2
50.0, 3
50.1, 3
50.2, 1
50.3, 3
50.4, 7
50.5, 8
50.6, 8
50.7, 8
50.8, 4
50.9, 7
51.0, 2
51.1, 5
51.2, 4
51.3, 4
51.4, 2
51.5, 1
51.6, 4
51.7, 2
51.8, 4
51.9, 1
52.0, 2
52.1, 3
52.2, 2
52.3, 1
52.4, 2
52.5, 0
52.6, 2
52.7, 1
52.8, 2
52.9, 1
53.0, 2
53.1, 5
53.2, 3
53.3, 0
53.4, 1
53.5, 3
53.6, 2
53.7, 0
53.8, 2
53.9, 2
54.0, 0
54.1, 1
54.2, 0
54.3, 0
54.4, 2
54.5, 2
54.6, 0
54.7, 2
54.8, 1
54.9, 4
55.0, 0
55.1, 1
55.2, 1
55.3, 2
55.4, 1
55.5, 0
55.6, 0
55.7, 2
55.8, 0
55.9, 0
56.0, 2
56.1, 0
56.2, 1
56.3, 0
56.4, 2
56.5, 2
56.6, 2
56.7, 4
56.8, 1
56.9, 0
57.0, 1
57.1, 2
57.2, 1
57.3, 0
57.4, 1
57.5, 0
57.6, 1
57.7, 1
57.8, 1
57.9, 1
58.0, 0
58.1, 0
58.2, 0
58.3, 1
58.4, 0
58.5, 0
58.6, 0
58.7, 0
58.8, 0
58.9, 0
59.0, 0
59.1, 0
59.2, 2
59.3, 0
59.4, 0
59.5, 1
59.6, 1
59.7, 0
59.8, 0
59.9, 1
60.0, 1
60.1, 0
60.2, 1
60.3, 1
60.4, 1
60.5, 0
60.6, 1
60.7, 2
60.8, 0
60.9, 1
61.0, 0
61.1, 0
61.2, 1
61.3, 0
61.4, 1
61.5, 2
61.6, 0
61.7, 1
61.8, 1
61.9, 1
62.0, 0
62.1, 1
62.2, 0
62.3, 0
62.4, 0
62.5, 0
62.6, 0
62.7, 1
62.8, 2
62.9, 0
63.0, 0
63.1, 0
63.2, 0
63.3, 0
63.4, 1
63.5, 0
63.6, 0
63.7, 0
63.8, 0
63.9, 0
64.0, 0
64.1, 0
64.2, 1
64.3, 0
64.4, 0
64.5, 0
64.6, 0
64.7, 0
64.8, 0
64.9, 0
65.0, 0
65.1, 0
65.2, 0
65.3, 0
65.4, 0
65.5, 0
65.6, 0
65.7, 0
65.8, 0
65.9, 0
66.0, 0
66.1, 1
66.2, 1
66.3, 0
66.4, 0
66.5, 0
66.6, 0
66.7, 1
66.8, 1
66.9, 0
67.0, 1
67.1, 2
67.2, 0
67.3, 1
67.4, 0
67.5, 0
67.6, 0
67.7, 0
67.8, 1
67.9, 0
68.0, 0
68.1, 0
68.2, 0
68.3, 0
68.4, 0
68.5, 0
68.6, 0
68.7, 0
68.8, 0
68.9, 0
69.0, 0
69.1, 0
69.2, 0
69.3, 1
69.4, 0
69.5, 0
69.6, 0
69.7, 0
69.8, 0
69.9, 0
70.0, 0
70.1, 0
70.2, 0
70.3, 0
70.4, 0
70.5, 0
70.6, 0
70.7, 0
70.8, 0
70.9, 0
71.0, 0
71.1, 0
71.2, 0
71.3, 0
71.4, 0
71.5, 0
71.6, 0
71.7, 0
71.8, 0
71.9, 0
72.0, 0
72.1, 0
72.2, 0
72.3, 0
72.4, 0
72.5, 0
72.6, 0
72.7, 0
72.8, 0
72.9, 0
73.0, 0
73.1, 0
73.2, 0
73.3, 0
73.4, 0
73.5, 0
73.6, 0
73.7, 0
73.8, 0
73.9, 0
74.0, 0
74.1, 0
74.2, 0
74.3, 0
74.4, 0
74.5, 0
74.6, 0
74.7, 0
74.8, 0
74.9, 0
75.0, 0
75.1, 0
75.2, 0
75.3, 0
75.4, 0
75.5, 0
75.6, 0
75.7, 0
75.8, 0
75.9, 0
76.0, 0
76.1, 1
76.2, 0
76.3, 0
76.4, 0
76.5, 0
76.6, 0
76.7, 0
76.8, 0
76.9, 0
77.0, 1
77.1, 0
77.2, 1
77.3, 0
77.4, 0
77.5, 0
77.6, 0
77.7, 0
77.8, 0
77.9, 0
78.0, 0
78.1, 0
78.2, 0
78.3, 0
78.4, 0
78.5, 0
78.6, 3
78.7, 1
78.8, 0
78.9, 1
79.0, 0
79.1, 0
79.2, 0
79.3, 0
79.4, 0
79.5, 0
79.6, 0
79.7, 0
79.8, 0
79.9, 0
80.0, 0
80.1, 0
80.2, 0
80.3, 0
80.4, 0
80.5, 0
80.6, 0
80.7, 0
80.8, 0
80.9, 0
81.0, 0
81.1, 0
81.2, 0
81.3, 0
81.4, 0
81.5, 0
81.6, 0
81.7, 0
81.8, 0
81.9, 0
82.0, 0
82.1, 0
82.2, 0
82.3, 0
82.4, 0
82.5, 0
82.6, 0
82.7, 0
82.8, 0
82.9, 0
83.0, 0
83.1, 0
83.2, 0
83.3, 0
83.4, 0
83.5, 0
83.6, 0
83.7, 0
83.8, 0
83.9, 0
84.0, 0
84.1, 0
84.2, 0
84.3, 0
84.4, 0
84.5, 0
84.6, 0
84.7, 0
84.8, 0
84.9, 0
85.0, 0
85.1, 0
85.2, 0
85.3, 0
85.4, 0
85.5, 0
85.6, 0
85.7, 0
85.8, 0
85.9, 0
86.0, 0
86.1, 0
86.2, 0
86.3, 0
86.4, 0
86.5, 0
86.6, 0
86.7, 0
86.8, 0
86.9, 0
87.0, 0
87.1, 0
87.2, 0
87.3, 0
87.4, 0
87.5, 0
87.6, 0
87.7, 0
87.8, 0
87.9, 0
88.0, 0
88.1, 0
88.2, 1
88.3, 1
88.4, 0
88.5, 0
88.6, 0
88.7, 0
88.8, 0
88.9, 0
89.0, 0
89.1, 0
89.2, 0
89.3, 0
89.4, 0
89.5, 0
89.6, 0
89.7, 0
89.8, 0
89.9, 0
90.0, 0
90.1, 0
90.2, 0
90.3, 0
90.4, 0
90.5, 0
90.6, 0
90.7, 0
90.8, 0
90.9, 0
91.0, 0
91.1, 0
91.2, 0
91.3, 0
91.4, 0
91.5, 0
91.6, 0
91.7, 0
91.8, 0
91.9, 0
92.0, 0
92.1, 0
92.2, 0
92.3, 0
92.4, 0
92.5, 0
92.6, 0
92.7, 0
92.8, 0
92.9, 0
93.0, 0
93.1, 0
93.2, 0
93.3, 0
93.4, 0
93.5, 0
93.6, 0
93.7, 0
93.8, 0
93.9, 0
94.0, 0
94.1, 0
94.2, 0
94.3, 0
94.4, 0
94.5, 0
94.6, 0
94.7, 0
94.8, 0
94.9, 0
95.0, 0
95.1, 0
95.2, 0
95.3, 0
95.4, 0
95.5, 0
95.6, 0
95.7, 0
95.8, 0
95.9, 0
96.0, 0
96.1, 0
96.2, 0
96.3, 0
96.4, 0
96.5, 0
96.6, 0
96.7, 0
96.8, 0
96.9, 0
97.0, 0
97.1, 0
97.2, 0
97.3, 0
97.4, 0
97.5, 0
97.6, 0
97.7, 0
97.8, 0
97.9, 0
98.0, 0
98.1, 0
98.2, 0
98.3, 0
98.4, 0
98.5, 0
98.6, 0
98.7, 0
98.8, 0
98.9, 0
99.0, 0
99.1, 0
99.2, 0
99.3, 0
99.4, 0
99.5, 0
99.6, 0
99.7, 0
99.8, 0
99.9, 0
100.0, 0
100.1, 0
100.2, 0
100.3, 0
100.4, 0
100.5, 0
100.6, 0
100.7, 0
100.8, 0
100.9, 0
101.0, 0
101.1, 0
101.2, 0
101.3, 0
101.4, 0
101.5, 0
101.6, 0
101.7, 0
101.8, 0
101.9, 0
102.0, 0
102.1, 0
102.2, 0
102.3, 0
102.4, 0
102.5, 0
102.6, 0
102.7, 0
102.8, 0
102.9, 0
103.0, 0
103.1, 0
103.2, 0
103.3, 0
103.4, 0
103.5, 0
103.6, 0
103.7, 0
103.8, 0
103.9, 0
104.0, 0
104.1, 0
104.2, 0
104.3, 0
104.4, 0
104.5, 0
104.6, 0
104.7, 0
104.8, 0
104.9, 0
105.0, 0
105.1, 0
105.2, 0
105.3, 0
105.4, 0
105.5, 0
105.6, 0
105.7, 0
105.8, 0
105.9, 0
106.0, 0
106.1, 0
106.2, 0
106.3, 0
106.4, 0
106.5, 0
106.6, 0
106.7, 0
106.8, 0
106.9, 0
107.0, 0
107.1, 0
107.2, 0
107.3, 0
107.4, 0
107.5, 0
107.6, 0
107.7, 0
107.8, 0
107.9, 0
108.0, 0
108.1, 0
108.2, 0
108.3, 0
108.4, 0
108.5, 0
108.6, 0
108.7, 0
108.8, 0
108.9, 0
109.0, 0
109.1, 0
109.2, 0
109.3, 0
109.4, 0
109.5, 0
109.6, 0
109.7, 0
109.8, 0
109.9, 0
110.0, 0
110.1, 0
110.2, 0
110.3, 0
110.4, 0
110.5, 0
110.6, 0
110.7, 0
110.8, 0
110.9, 0
111.0, 0
111.1, 0
111.2, 0
111.3, 0
111.4, 0
111.5, 0
111.6, 0
111.7, 0
111.8, 0
111.9, 0
112.0, 0
112.1, 0
112.2, 0
112.3, 0
112.4, 0
112.5, 0
112.6, 0
112.7, 0
112.8, 0
112.9, 0
113.0, 0
113.1, 0
113.2, 0
113.3, 0
113.4, 0
113.5, 0
113.6, 0
113.7, 0
113.8, 0
113.9, 0
114.0, 0
114.1, 0
114.2, 0
114.3, 0
114.4, 0
114.5, 0
114.6, 0
114.7, 0
114.8, 0
114.9, 0
115.0, 0
115.1, 0
115.2, 0
115.3, 0
115.4, 0
115.5, 0
115.6, 0
115.7, 0
115.8, 0
115.9, 0
116.0, 0
116.1, 0
116.2, 0
116.3, 0
116.4, 0
116.5, 0
116.6, 0
116.7, 0
116.8, 0
116.9, 0
117.0, 0
117.1, 0
117.2, 0
117.3, 0
117.4, 0
117.5, 0
117.6, 0
117.7, 0
117.8, 0
117.9, 0
118.0, 0
118.1, 0
118.2, 0
118.3, 0
118.4, 0
118.5, 0
118.6, 0
118.7, 0
118.8, 0
118.9, 0
119.0, 0
119.1, 0
119.2, 0
119.3, 0
119.4, 0
119.5, 0
119.6, 0
119.7, 0
119.8, 0
119.9, 0
120.0, 0
120.1, 0
120.2, 0
120.3, 0
120.4, 0
120.5, 0
120.6, 0
120.7, 0
120.8, 0
120.9, 0
121.0, 0
121.1, 0
121.2, 0
121.3, 0
121.4, 0
121.5, 0
121.6, 0
121.7, 0
121.8, 0
121.9, 0
122.0, 0
122.1, 0
122.2, 0
122.3, 0
122.4, 0
122.5, 0
122.6, 0
122.7, 0
122.8, 0
122.9, 0
123.0, 0
123.1, 0
123.2, 0
123.3, 0
123.4, 0
123.5, 0
123.6, 0
123.7, 0
123.8, 0
123.9, 0
124.0, 0
124.1, 0
124.2, 0
124.3, 0
124.4, 0
124.5, 0
124.6, 0
124.7, 0
124.8, 0
124.9, 0
125.0, 0
125.1, 0
125.2, 0
125.3, 0
125.4, 0
125.5, 0
125.6, 0
125.7, 0
125.8, 0
125.9, 0
126.0, 0
126.1, 0
126.2, 0
126.3, 0
126.4, 0
126.5, 0
126.6, 0
126.7, 0
126.8, 0
126.9, 0
127.0, 0
127.1, 0
127.2, 0
127.3, 0
127.4, 0
127.5, 0
127.6, 0
127.7, 0
127.8, 0
127.9, 0
128.0, 0
128.1, 0
128.2, 0
128.3, 0
128.4, 0
128.5, 0
128.6, 0
128.7, 0
128.8, 0
128.9, 0
129.0, 0
129.1, 0
129.2, 0
129.3, 0
129.4, 0
129.5, 0
129.6, 0
129.7, 0
129.8, 0
129.9, 0
130.0, 0
130.1, 0
130.2, 0
130.3, 0
130.4, 0
130.5, 0
130.6, 0
130.7, 0
130.8, 0
130.9, 0
131.0, 0
131.1, 0
131.2, 0
131.3, 0
131.4, 0
131.5, 0
131.6, 0
131.7, 0
131.8, 0
131.9, 0
132.0, 0
132.1, 0
132.2, 0
132.3, 0
132.4, 0
132.5, 0
132.6, 0
132.7, 0
132.8, 0
132.9, 0
133.0, 0
133.1, 0
133.2, 0
133.3, 0
133.4, 0
133.5, 0
133.6, 0
133.7, 0
133.8, 0
133.9, 0
134.0, 0
134.1, 0
134.2, 0
134.3, 0
134.4, 0
134.5, 0
134.6, 0
134.7, 0
134.8, 0
134.9, 0
135.0, 0
135.1, 0
135.2, 0
135.3, 0
135.4, 0
135.5, 0
135.6, 0
135.7, 0
135.8, 0
135.9, 0
136.0, 0
136.1, 0
136.2, 0
136.3, 0
136.4, 0
136.5, 0
136.6, 0
136.7, 0
136.8, 0
136.9, 0
137.0, 0
137.1, 0
137.2, 0
137.3, 0
137.4, 0
137.5, 0
137.6, 0
137.7, 0
137.8, 0
137.9, 0
138.0, 0
138.1, 0
138.2, 0
138.3, 0
138.4, 0
138.5, 0
138.6, 0
138.7, 0
138.8, 0
138.9, 0
139.0, 0
139.1, 0
139.2, 0
139.3, 0
139.4, 0
139.5, 0
139.6, 0
139.7, 0
139.8, 0
139.9, 0
140.0, 0
140.1, 0
140.2, 0
140.3, 0
140.4, 0
140.5, 0
140.6, 0
140.7, 0
140.8, 0
140.9, 0
141.0, 0
141.1, 0
141.2, 0
141.3, 0
141.4, 0
141.5, 0
141.6, 0
141.7, 0
141.8, 0
141.9, 0
142.0, 0
142.1, 0
142.2, 0
142.3, 0
142.4, 0
142.5, 0
142.6, 0
142.7, 0
142.8, 0
142.9, 0
143.0, 0
143.1, 0
143.2, 0
143.3, 0
143.4, 0
143.5, 0
143.6, 0
143.7, 0
143.8, 0
143.9, 0
144.0, 0
144.1, 0
144.2, 0
144.3, 0
144.4, 0
144.5, 0
144.6, 0
144.7, 0
144.8, 0
144.9, 0
145.0, 0
145.1, 0
145.2, 0
145.3, 0
145.4, 0
145.5, 0
145.6, 0
145.7, 0
145.8, 0
145.9, 0
146.0, 0
146.1, 0
146.2, 0
146.3, 0
146.4, 0
146.5, 0
146.6, 0
146.7, 0
146.8, 0
146.9, 0
147.0, 0
147.1, 0
147.2, 0
147.3, 0
147.4, 0
147.5, 0
147.6, 0
147.7, 0
147.8, 0
147.9, 0
148.0, 0
148.1, 0
148.2, 0
148.3, 0
148.4, 0
148.5, 0
148.6, 0
148.7, 0
148.8, 0
148.9, 0
149.0, 0
149.1, 0
149.2, 0
149.3, 0
149.4, 0
149.5, 0
149.6, 0
149.7, 0
149.8, 0
149.9, 0
150.0, 0
150.1, 0
150.2, 0
150.3, 0
150.4, 0
150.5, 0
150.6, 0
150.7, 0
150.8, 0
150.9, 0
151.0, 0
151.1, 0
151.2, 0
151.3, 0
151.4, 0
151.5, 0
151.6, 0
151.7, 0
151.8, 0
151.9, 0
152.0, 0
152.1, 0
152.2, 0
152.3, 0
152.4, 0
152.5, 0
152.6, 0
152.7, 0
152.8, 0
152.9, 0
153.0, 0
153.1, 0
153.2, 0
153.3, 0
153.4, 0
153.5, 0
153.6, 0
153.7, 0
153.8, 0
153.9, 0
154.0, 0
154.1, 0
154.2, 0
154.3, 0
154.4, 0
154.5, 0
154.6, 0
154.7, 0
154.8, 0
154.9, 0
155.0, 0
155.1, 0
155.2, 0
155.3, 0
155.4, 0
155.5, 0
155.6, 0
155.7, 0
155.8, 0
155.9, 0
156.0, 0
156.1, 0
156.2, 0
156.3, 0
156.4, 0
156.5, 0
156.6, 0
156.7, 0
156.8, 0
156.9, 0
157.0, 0
157.1, 0
157.2, 0
157.3, 0
157.4, 0
157.5, 0
157.6, 0
157.7, 0
157.8, 0
157.9, 0
158.0, 0
158.1, 0
158.2, 0
158.3, 0
158.4, 0
158.5, 0
158.6, 0
158.7, 0
158.8, 0
158.9, 0
159.0, 0
159.1, 0
159.2, 0
159.3, 0
159.4, 0
159.5, 0
159.6, 0
159.7, 0
159.8, 0
159.9, 0
160.0, 0
160.1, 0
160.2, 0
160.3, 0
160.4, 0
160.5, 0
160.6, 0
160.7, 0
160.8, 0
160.9, 0
161.0, 0
161.1, 0
161.2, 0
161.3, 0
161.4, 0
161.5, 0
161.6, 0
161.7, 0
161.8, 0
161.9, 0
162.0, 0
162.1, 0
162.2, 0
162.3, 0
162.4, 0
162.5, 0
162.6, 0
162.7, 0
162.8, 0
162.9, 0
163.0, 0
163.1, 0
163.2, 0
163.3, 0
163.4, 0
163.5, 0
163.6, 0
163.7, 0
163.8, 0
163.9, 0
164.0, 0
164.1, 0
164.2, 0
164.3, 0
164.4, 0
164.5, 0
164.6, 0
164.7, 0
164.8, 0
164.9, 0
165.0, 0
165.1, 0
165.2, 0
165.3, 0
165.4, 0
165.5, 0
165.6, 0
165.7, 0
165.8, 0
165.9, 0
166.0, 0
166.1, 0
166.2, 0
166.3, 0
166.4, 0
166.5, 0
166.6, 0
166.7, 0
166.8, 0
166.9, 0
167.0, 0
167.1, 0
167.2, 0
167.3, 0
167.4, 0
167.5, 0
167.6, 0
167.7, 0
167.8, 0
167.9, 0
168.0, 0
168.1, 0
168.2, 0
168.3, 0
168.4, 0
168.5, 0
168.6, 0
168.7, 0
168.8, 0
168.9, 0
169.0, 0
169.1, 0
169.2, 0
169.3, 0
169.4, 0
169.5, 0
169.6, 0
169.7, 0
169.8, 0
169.9, 0
170.0, 0
170.1, 0
170.2, 0
170.3, 0
170.4, 0
170.5, 0
170.6, 0
170.7, 0
170.8, 0
170.9, 0
171.0, 0
171.1, 0
171.2, 0
171.3, 0
171.4, 0
171.5, 0
171.6, 0
171.7, 0
171.8, 0
171.9, 0
172.0, 0
172.1, 0
172.2, 0
172.3, 0
172.4, 0
172.5, 0
172.6, 0
172.7, 0
172.8, 0
172.9, 0
173.0, 0
173.1, 0
173.2, 0
173.3, 0
173.4, 0
173.5, 0
173.6, 0
173.7, 0
173.8, 0
173.9, 0
174.0, 0
174.1, 0
174.2, 0
174.3, 0
174.4, 0
174.5, 0
174.6, 0
174.7, 0
174.8, 0
174.9, 0
175.0, 0
175.1, 0
175.2, 0
175.3, 0
175.4, 0
175.5, 0
175.6, 0
175.7, 0
175.8, 0
175.9, 0
176.0, 0
176.1, 0
176.2, 0
176.3, 0
176.4, 0
176.5, 0
176.6, 0
176.7, 0
176.8, 0
176.9, 0
177.0, 0
177.1, 0
177.2, 0
177.3, 0
177.4, 0
177.5, 0
177.6, 0
177.7, 0
177.8, 0
177.9, 0
178.0, 0
178.1, 0
178.2, 0
178.3, 0
178.4, 0
178.5, 0
178.6, 0
178.7, 0
178.8, 0
178.9, 0
179.0, 0
179.1, 0
179.2, 0
179.3, 0
179.4, 0
179.5, 0
179.6, 0
179.7, 0
179.8, 0
179.9, 0
180.0, 0
180.1, 0
180.2, 0
180.3, 0
180.4, 0
180.5, 0
180.6, 0
180.7, 0
180.8, 0
180.9, 0
181.0, 0
181.1, 0
181.2, 0
181.3, 0
181.4, 0
181.5, 0
181.6, 0
181.7, 0
181.8, 0
181.9, 0
182.0, 0
182.1, 0
182.2, 0
182.3, 0
182.4, 0
182.5, 0
182.6, 0
182.7, 0
182.8, 0
182.9, 0
183.0, 0
183.1, 0
183.2, 0
183.3, 0
183.4, 0
183.5, 0
183.6, 0
183.7, 0
183.8, 0
183.9, 0
184.0, 0
184.1, 0
184.2, 0
184.3, 0
184.4, 0
184.5, 0
184.6, 0
184.7, 0
184.8, 0
184.9, 0
185.0, 0
185.1, 0
185.2, 0
185.3, 0
185.4, 0
185.5, 0
185.6, 0
185.7, 0
185.8, 0
185.9, 0
186.0, 0
186.1, 0
186.2, 0
186.3, 0
186.4, 0
186.5, 0
186.6, 0
186.7, 0
186.8, 0
186.9, 0
187.0, 0
187.1, 0
187.2, 0
187.3, 0
187.4, 0
187.5, 0
187.6, 0
187.7, 0
187.8, 0
187.9, 0
188.0, 0
188.1, 0
188.2, 0
188.3, 0
188.4, 0
188.5, 0
188.6, 0
188.7, 0
188.8, 0
188.9, 0
189.0, 0
189.1, 0
189.2, 0
189.3, 0
189.4, 0
189.5, 0
189.6, 0
189.7, 0
189.8, 0
189.9, 0
190.0, 0
190.1, 0
190.2, 0
190.3, 0
190.4, 0
190.5, 0
190.6, 0
190.7, 0
190.8, 0
190.9, 0
191.0, 0
191.1, 0
191.2, 0
191.3, 0
191.4, 0
191.5, 0
191.6, 0
191.7, 0
191.8, 0
191.9, 1
192.0, 0
192.1, 0
192.2, 0
192.3, 0
192.4, 0
192.5, 0
192.6, 0
192.7, 1
192.8, 0
192.9, 0
193.0, 0
193.1, 0
193.2, 0
193.3, 1
193.4, 0
193.5, 0
193.6, 0
193.7, 0
193.8, 0
193.9, 0
194.0, 0
194.1, 0
194.2, 0
194.3, 0
194.4, 0
194.5, 0
194.6, 0
194.7, 0
194.8, 0
194.9, 0
195.0, 0
195.1, 0
195.2, 0
195.3, 2
195.4, 1
195.5, 0
195.6, 0
195.7, 1
195.8, 0
195.9, 0
196.0, 1
196.1, 0
196.2, 2
196.3, 0
196.4, 0
196.5, 0
196.6, 0
196.7, 1
196.8, 0
196.9, 0
197.0, 0
197.1, 0
197.2, 1
197.3, 0
197.4, 0
197.5, 0
197.6, 0
197.7, 0
197.8, 0
197.9, 0
198.0, 0
198.1, 0
198.2, 0
198.3, 0
198.4, 0
198.5, 0
198.6, 0
198.7, 0
198.8, 0
198.9, 1
199.0, 0
199.1, 1
199.2, 0
199.3, 1
199.4, 1
199.5, 3
199.6, 0
199.7, 1
199.8, 0
199.9, 0
200.0, 1
200.1, 0
200.2, 0
200.3, 1
200.4, 0
200.5, 0
200.6, 0
200.7, 0
200.8, 0
200.9, 0
201.0, 1
201.1, 0
201.2, 0
201.3, 0
201.4, 1
201.5, 0
201.6, 1
201.7, 1
201.8, 0
201.9, 0
202.0, 0
202.1, 0
202.2, 0
202.3, 0
202.4, 0
202.5, 0
202.6, 0
202.7, 1
202.8, 0
202.9, 0
203.0, 0
203.1, 0
203.2, 1
203.3, 0
203.4, 0
203.5, 0
203.6, 0
203.7, 1
203.8, 1
203.9, 0
204.0, 1
204.1, 0
204.2, 0
204.3, 0
204.4, 1
204.5, 0
204.6, 1
204.7, 1
204.8, 0
204.9, 0
205.0, 0
205.1, 0
205.2, 0
205.3, 1
205.4, 0
205.5, 0
205.6, 0
205.7, 0
205.8, 2
205.9, 0
206.0, 0
206.1, 1
206.2, 0
206.3, 1
206.4, 1
206.5, 0
206.6, 0
206.7, 1
206.8, 0
206.9, 0
207.0, 0
207.1, 0
207.2, 0
207.3, 1
207.4, 0
207.5, 0
207.6, 0
207.7, 0
207.8, 0
207.9, 0
208.0, 1
208.1, 0
208.2, 0
208.3, 0
208.4, 0
208.5, 0
208.6, 1
208.7, 0
208.8, 0
208.9, 0
209.0, 0
209.1, 0
209.2, 0
209.3, 0
209.4, 0
209.5, 0
209.6, 0
209.7, 0
209.8, 0
209.9, 0
210.0, 0
210.1, 0
210.2, 0
210.3, 1
210.4, 0
210.5, 0
210.6, 0
210.7, 0
210.8, 0
210.9, 0
211.0, 0
211.1, 0
211.2, 0
211.3, 0
211.4, 0
211.5, 0
211.6, 0
211.7, 0
211.8, 0
211.9, 0
212.0, 0
212.1, 0
212.2, 0
212.3, 0
212.4, 0
212.5, 0
212.6, 0
212.7, 0
212.8, 0
212.9, 0
213.0, 0
213.1, 0
213.2, 0
213.3, 0
213.4, 0
213.5, 0
213.6, 0
213.7, 0
213.8, 0
213.9, 0
214.0, 0
214.1, 0
214.2, 0
214.3, 0
214.4, 0
214.5, 0
214.6, 0
214.7, 0
214.8, 0
214.9, 0
215.0, 0
215.1, 0
215.2, 0
215.3, 0
215.4, 0
215.5, 0
215.6, 0
215.7, 0
215.8, 0
215.9, 0
216.0, 0
216.1, 0
216.2, 0
216.3, 0
216.4, 0
216.5, 0
216.6, 0
216.7, 0
216.8, 0
216.9, 0
217.0, 0
217.1, 0
217.2, 0
217.3, 0
217.4, 0
217.5, 0
217.6, 0
217.7, 0
217.8, 0
217.9, 1
218.0, 0
218.1, 0
218.2, 1
218.3, 0
218.4, 0
218.5, 0
218.6, 0
218.7, 0
218.8, 0
218.9, 0
219.0, 0
219.1, 0
219.2, 0
219.3, 0
219.4, 0
219.5, 0
219.6, 0
219.7, 0
219.8, 0
219.9, 0
220.0, 0
220.1, 0
220.2, 0
220.3, 0
220.4, 0
220.5, 0
220.6, 0
220.7, 0
220.8, 0
220.9, 0
221.0, 0
221.1, 0
221.2, 0
221.3, 0
221.4, 0
221.5, 0
221.6, 0
221.7, 0
221.8, 0
221.9, 0
222.0, 0
222.1, 0
222.2, 0
222.3, 0
222.4, 0
222.5, 0
222.6, 0
222.7, 0
222.8, 0
222.9, 0
223.0, 0
223.1, 0
223.2, 0
223.3, 0
223.4, 0
223.5, 0
223.6, 0
223.7, 0
223.8, 0
223.9, 0
224.0, 0
224.1, 0
224.2, 0
224.3, 0
224.4, 0
224.5, 0
224.6, 0
224.7, 0
224.8, 0
224.9, 0
225.0, 0
225.1, 0
225.2, 0
225.3, 0
225.4, 0
225.5, 0
225.6, 0
225.7, 0
225.8, 0
225.9, 0
226.0, 0
226.1, 0
226.2, 0
226.3, 0
226.4, 0
226.5, 0
226.6, 0
226.7, 0
226.8, 0
226.9, 0
227.0, 0
227.1, 0
227.2, 0
227.3, 0
227.4, 0
227.5, 0
227.6, 0
227.7, 0
227.8, 0
227.9, 0
228.0, 0
228.1, 0
228.2, 0
228.3, 0
228.4, 0
228.5, 0
228.6, 0
228.7, 0
228.8, 0
228.9, 0
229.0, 0
229.1, 0
229.2, 0
229.3, 0
229.4, 0
229.5, 0
229.6, 0
229.7, 0
229.8, 0
229.9, 0
230.0, 0
230.1, 1
