2018-11-24 15:03:05 (8159621748348) INFO  - START: Middleware listening on address 10.0.0.11:8888.
2018-11-24 15:04:28 (8242904729006) STATS -  5.00, 827, 0, 0.226135, 1.169019, 1.520261, 0.000000, 1.520261, 0.000000, 0, 4135, 0, 0.00, 0.00, 0
2018-11-24 15:04:28 (8242924894448) STATS - 10.00, 994, 0, 0.123464, 1.020131, 1.219709, 0.000000, 1.219709, 0.000000, 0, 4974, 0, 0.00, 0.00, 0
2018-11-24 15:04:28 (8243004261737) STATS - 15.00, 1021, 0, 0.106644, 0.994807, 1.165020, 0.000000, 1.165020, 0.000000, 0, 5107, 0, 0.00, 0.00, 0
2018-11-24 15:04:28 (8243083850241) STATS - 20.00, 992, 0, 0.114023, 1.023729, 1.213124, 0.000000, 1.213124, 0.000000, 0, 4961, 0, 0.00, 0.00, 0
2018-11-24 15:04:28 (8243153002701) STATS - 25.00, 1023, 0, 0.102971, 1.018148, 1.190674, 0.000000, 1.190674, 0.000000, 0, 5117, 0, 0.00, 0.00, 0
2018-11-24 15:04:28 (8243211882628) STATS - 30.00, 975, 0, 0.113444, 1.076387, 1.264833, 0.000000, 1.264833, 0.000000, 0, 4879, 0, 0.00, 0.00, 0
2018-11-24 15:04:28 (8243229593919) STATS - 35.00, 1037, 0, 0.110213, 0.961658, 1.141349, 0.000000, 1.141349, 0.000000, 0, 5189, 0, 0.00, 0.00, 0
2018-11-24 15:04:28 (8243239334419) STATS - 40.00, 1066, 0, 0.105575, 0.952220, 1.114034, 0.000000, 1.114034, 0.000000, 0, 5330, 0, 0.00, 0.00, 0
2018-11-24 15:04:28 (8243248859506) STATS - 45.00, 1027, 0, 0.109601, 0.963752, 1.144070, 0.000000, 1.144070, 0.000000, 0, 5135, 0, 0.00, 0.00, 0
2018-11-24 15:04:28 (8243252376823) STATS - 50.00, 1022, 0, 0.115353, 1.023986, 1.208352, 0.000000, 1.208352, 0.000000, 0, 5110, 0, 0.00, 0.00, 0
2018-11-24 15:04:28 (8243263403002) STATS - 55.00, 1044, 0, 0.110722, 0.957141, 1.147240, 0.000000, 1.147240, 0.000000, 0, 5221, 0, 0.00, 0.00, 0
2018-11-24 15:04:28 (8243273201606) STATS - 60.00, 1021, 0, 0.115657, 1.032924, 1.213181, 0.000000, 1.213181, 0.000000, 0, 5109, 0, 0.00, 0.00, 0
2018-11-24 15:04:28 (8243282000948) STATS - 65.00, 1061, 0, 0.112162, 0.951278, 1.133406, 0.000000, 1.133406, 0.000000, 0, 5308, 0, 0.00, 0.00, 0
2018-11-24 15:04:28 (8243290147950) STATS - 70.00, 1041, 0, 0.113471, 0.953083, 1.141343, 0.000000, 1.141343, 0.000000, 0, 5207, 0, 0.00, 0.00, 0
2018-11-24 15:04:28 (8243291475732) STATS - 70.00, 14, 0, 0.101952, 1.122596, 1.284844, 0.000000, 1.284844, 0.000000, 0, 74, 0, 0.00, 0.00, 0
2018-11-24 15:04:28 (8243464637099) STATS - Type, Interval, Responses
2018-11-24 15:04:29 (8243602657902) STATS - GET, 0.1, 0
2018-11-24 15:04:29 (8243602888316) STATS - GET, 0.2, 0
2018-11-24 15:04:29 (8243603023225) STATS - GET, 0.3, 0
2018-11-24 15:04:29 (8243603165033) STATS - GET, 0.4, 0
2018-11-24 15:04:29 (8243603307242) STATS - GET, 0.5, 32
2018-11-24 15:04:29 (8243603487953) STATS - GET, 0.6, 943
2018-11-24 15:04:29 (8243603616361) STATS - GET, 0.7, 5004
2018-11-24 15:04:29 (8243603740869) STATS - GET, 0.8, 10423
2018-11-24 15:04:29 (8243603871677) STATS - GET, 0.9, 12897
2018-11-24 15:04:29 (8243609964652) STATS - GET, 1.0, 11472
2018-11-24 15:04:29 (8243610102561) STATS - GET, 1.1, 8449
2018-11-24 15:04:29 (8243610229669) STATS - GET, 1.2, 5724
2018-11-24 15:04:29 (8243610413680) STATS - GET, 1.3, 3791
2018-11-24 15:04:29 (8243610544588) STATS - GET, 1.4, 2628
2018-11-24 15:04:29 (8243610679096) STATS - GET, 1.5, 1822
2018-11-24 15:04:29 (8243610983415) STATS - GET, 1.6, 1221
2018-11-24 15:04:29 (8243611158526) STATS - GET, 1.7, 863
2018-11-24 15:04:29 (8243611300435) STATS - GET, 1.8, 669
2018-11-24 15:04:29 (8243611485046) STATS - GET, 1.9, 466
2018-11-24 15:04:29 (8243611608454) STATS - GET, 2.0, 368
2018-11-24 15:04:29 (8243611774664) STATS - GET, 2.1, 313
2018-11-24 15:04:29 (8243611938374) STATS - GET, 2.2, 233
2018-11-24 15:04:29 (8243612092983) STATS - GET, 2.3, 217
2018-11-24 15:04:29 (8243612218791) STATS - GET, 2.4, 162
2018-11-24 15:04:29 (8243612724522) STATS - GET, 2.5, 135
2018-11-24 15:04:29 (8243612910534) STATS - GET, 2.6, 136
2018-11-24 15:04:29 (8243613050442) STATS - GET, 2.7, 114
2018-11-24 15:04:29 (8243613209452) STATS - GET, 2.8, 101
2018-11-24 15:04:29 (8243613361161) STATS - GET, 2.9, 66
2018-11-24 15:04:29 (8243619133717) STATS - GET, 3.0, 80
2018-11-24 15:04:29 (8243619292227) STATS - GET, 3.1, 93
2018-11-24 15:04:29 (8243619468238) STATS - GET, 3.2, 46
2018-11-24 15:04:29 (8243619600146) STATS - GET, 3.3, 55
2018-11-24 15:04:29 (8243619724953) STATS - GET, 3.4, 65
2018-11-24 15:04:29 (8243619909765) STATS - GET, 3.5, 47
2018-11-24 15:04:29 (8243620061074) STATS - GET, 3.6, 48
2018-11-24 15:04:29 (8243620228884) STATS - GET, 3.7, 42
2018-11-24 15:04:29 (8243620405695) STATS - GET, 3.8, 55
2018-11-24 15:04:29 (8243620686313) STATS - GET, 3.9, 46
2018-11-24 15:04:29 (8243620831622) STATS - GET, 4.0, 35
2018-11-24 15:04:29 (8243620957429) STATS - GET, 4.1, 26
2018-11-24 15:04:29 (8243621074536) STATS - GET, 4.2, 28
2018-11-24 15:04:29 (8243621202144) STATS - GET, 4.3, 29
2018-11-24 15:04:29 (8243621366054) STATS - GET, 4.4, 19
2018-11-24 15:04:29 (8243621495562) STATS - GET, 4.5, 22
2018-11-24 15:04:29 (8243621615570) STATS - GET, 4.6, 19
2018-11-24 15:04:29 (8243622133902) STATS - GET, 4.7, 20
2018-11-24 15:04:29 (8243622378717) STATS - GET, 4.8, 20
2018-11-24 15:04:29 (8243622825744) STATS - GET, 4.9, 21
2018-11-24 15:04:29 (8243622942952) STATS - GET, 5.0, 18
2018-11-24 15:04:29 (8243623064159) STATS - GET, 5.1, 21
2018-11-24 15:04:29 (8243623202067) STATS - GET, 5.2, 18
2018-11-24 15:04:29 (8243623316975) STATS - GET, 5.3, 27
2018-11-24 15:04:29 (8243629009725) STATS - GET, 5.4, 41
2018-11-24 15:04:29 (8243629177435) STATS - GET, 5.5, 57
2018-11-24 15:04:29 (8243629289042) STATS - GET, 5.6, 66
2018-11-24 15:04:29 (8243629396949) STATS - GET, 5.7, 87
2018-11-24 15:04:29 (8243629505256) STATS - GET, 5.8, 112
2018-11-24 15:04:29 (8243629616362) STATS - GET, 5.9, 121
2018-11-24 15:04:29 (8243629787373) STATS - GET, 6.0, 120
2018-11-24 15:04:29 (8243629902280) STATS - GET, 6.1, 130
2018-11-24 15:04:29 (8243630017687) STATS - GET, 6.2, 112
2018-11-24 15:04:29 (8243630126694) STATS - GET, 6.3, 109
2018-11-24 15:04:29 (8243630234701) STATS - GET, 6.4, 105
2018-11-24 15:04:29 (8243630342907) STATS - GET, 6.5, 87
2018-11-24 15:04:29 (8243630450714) STATS - GET, 6.6, 66
2018-11-24 15:04:29 (8243630557120) STATS - GET, 6.7, 59
2018-11-24 15:04:29 (8243630664127) STATS - GET, 6.8, 41
2018-11-24 15:04:29 (8243630782734) STATS - GET, 6.9, 32
2018-11-24 15:04:29 (8243631030650) STATS - GET, 7.0, 23
2018-11-24 15:04:29 (8243631141156) STATS - GET, 7.1, 11
2018-11-24 15:04:29 (8243631256163) STATS - GET, 7.2, 16
2018-11-24 15:04:29 (8243631363570) STATS - GET, 7.3, 8
2018-11-24 15:04:29 (8243631477377) STATS - GET, 7.4, 12
2018-11-24 15:04:29 (8243631586684) STATS - GET, 7.5, 11
2018-11-24 15:04:29 (8243631695490) STATS - GET, 7.6, 9
2018-11-24 15:04:29 (8243631877002) STATS - GET, 7.7, 10
2018-11-24 15:04:29 (8243631988409) STATS - GET, 7.8, 12
2018-11-24 15:04:29 (8243632206122) STATS - GET, 7.9, 7
2018-11-24 15:04:29 (8243632312629) STATS - GET, 8.0, 4
2018-11-24 15:04:29 (8243632418835) STATS - GET, 8.1, 5
2018-11-24 15:04:29 (8243632524642) STATS - GET, 8.2, 10
2018-11-24 15:04:29 (8243632634848) STATS - GET, 8.3, 8
2018-11-24 15:04:29 (8243632746455) STATS - GET, 8.4, 2
2018-11-24 15:04:29 (8243632853062) STATS - GET, 8.5, 8
2018-11-24 15:04:29 (8243632964469) STATS - GET, 8.6, 7
2018-11-24 15:04:29 (8243638737424) STATS - GET, 8.7, 12
2018-11-24 15:04:29 (8243638909635) STATS - GET, 8.8, 2
2018-11-24 15:04:29 (8243639019842) STATS - GET, 8.9, 6
2018-11-24 15:04:29 (8243639131248) STATS - GET, 9.0, 6
2018-11-24 15:04:29 (8243639244855) STATS - GET, 9.1, 12
2018-11-24 15:04:29 (8243639419666) STATS - GET, 9.2, 5
2018-11-24 15:04:29 (8243639536373) STATS - GET, 9.3, 8
2018-11-24 15:04:29 (8243639680582) STATS - GET, 9.4, 11
2018-11-24 15:04:29 (8243639798889) STATS - GET, 9.5, 4
2018-11-24 15:04:29 (8243639903696) STATS - GET, 9.6, 3
2018-11-24 15:04:29 (8243640035404) STATS - GET, 9.7, 3
2018-11-24 15:04:29 (8243640145911) STATS - GET, 9.8, 8
2018-11-24 15:04:29 (8243640272119) STATS - GET, 9.9, 8
2018-11-24 15:04:29 (8243640394126) STATS - GET, 10.0, 6
2018-11-24 15:04:29 (8243640521334) STATS - GET, 10.1, 2
2018-11-24 15:04:29 (8243640628241) STATS - GET, 10.2, 7
2018-11-24 15:04:29 (8243640732747) STATS - GET, 10.3, 4
2018-11-24 15:04:29 (8243640965261) STATS - GET, 10.4, 3
2018-11-24 15:04:29 (8243641091769) STATS - GET, 10.5, 4
2018-11-24 15:04:29 (8243641197676) STATS - GET, 10.6, 8
2018-11-24 15:04:29 (8243641333884) STATS - GET, 10.7, 2
2018-11-24 15:04:29 (8243641481993) STATS - GET, 10.8, 4
2018-11-24 15:04:29 (8243641600200) STATS - GET, 10.9, 1
2018-11-24 15:04:29 (8243641720408) STATS - GET, 11.0, 2
2018-11-24 15:04:29 (8243641872817) STATS - GET, 11.1, 2
2018-11-24 15:04:29 (8243642018526) STATS - GET, 11.2, 6
2018-11-24 15:04:29 (8243642138834) STATS - GET, 11.3, 2
2018-11-24 15:04:29 (8243642250240) STATS - GET, 11.4, 3
2018-11-24 15:04:29 (8243642354847) STATS - GET, 11.5, 2
2018-11-24 15:04:29 (8243642459653) STATS - GET, 11.6, 4
2018-11-24 15:04:29 (8243648157404) STATS - GET, 11.7, 5
2018-11-24 15:04:29 (8243648331015) STATS - GET, 11.8, 3
2018-11-24 15:04:29 (8243648437421) STATS - GET, 11.9, 3
2018-11-24 15:04:29 (8243648540828) STATS - GET, 12.0, 1
2018-11-24 15:04:29 (8243648643734) STATS - GET, 12.1, 2
2018-11-24 15:04:29 (8243648805444) STATS - GET, 12.2, 2
2018-11-24 15:04:29 (8243648911751) STATS - GET, 12.3, 0
2018-11-24 15:04:29 (8243649013357) STATS - GET, 12.4, 0
2018-11-24 15:04:29 (8243649118463) STATS - GET, 12.5, 0
2018-11-24 15:04:29 (8243649219370) STATS - GET, 12.6, 0
2018-11-24 15:04:29 (8243649331677) STATS - GET, 12.7, 0
2018-11-24 15:04:29 (8243649441083) STATS - GET, 12.8, 1
2018-11-24 15:04:29 (8243649543090) STATS - GET, 12.9, 2
2018-11-24 15:04:29 (8243649641596) STATS - GET, 13.0, 0
2018-11-24 15:04:29 (8243649742102) STATS - GET, 13.1, 0
2018-11-24 15:04:29 (8243649848308) STATS - GET, 13.2, 1
2018-11-24 15:04:29 (8243649948915) STATS - GET, 13.3, 0
2018-11-24 15:04:29 (8243650048821) STATS - GET, 13.4, 0
2018-11-24 15:04:29 (8243650148127) STATS - GET, 13.5, 1
2018-11-24 15:04:29 (8243650254333) STATS - GET, 13.6, 0
2018-11-24 15:04:29 (8243650357640) STATS - GET, 13.7, 0
2018-11-24 15:04:29 (8243650457646) STATS - GET, 13.8, 0
2018-11-24 15:04:29 (8243650557052) STATS - GET, 13.9, 0
2018-11-24 15:04:29 (8243650652558) STATS - GET, 14.0, 0
2018-11-24 15:04:29 (8243650752264) STATS - GET, 14.1, 0
2018-11-24 15:04:29 (8243650856870) STATS - GET, 14.2, 0
2018-11-24 15:04:29 (8243650957477) STATS - GET, 14.3, 0
2018-11-24 15:04:29 (8243651057083) STATS - GET, 14.4, 0
2018-11-24 15:04:29 (8243655632865) STATS - GET, 14.5, 0
2018-11-24 15:04:29 (8243655761772) STATS - GET, 14.6, 0
2018-11-24 15:04:29 (8243655884980) STATS - GET, 14.7, 1
2018-11-24 15:04:29 (8243655990987) STATS - GET, 14.8, 0
2018-11-24 15:04:29 (8243656120695) STATS - GET, 14.9, 1
2018-11-24 15:04:29 (8243656218101) STATS - GET, 15.0, 0
2018-11-24 15:04:29 (8243656318307) STATS - GET, 15.1, 0
2018-11-24 15:04:29 (8243656417613) STATS - GET, 15.2, 0
2018-11-24 15:04:29 (8243663263534) STATS - GET, 15.3, 0
2018-11-24 15:04:29 (8243663374741) STATS - GET, 15.4, 1
2018-11-24 15:04:29 (8243663651158) STATS - GET, 15.5, 1
2018-11-24 15:04:29 (8243663757665) STATS - GET, 15.6, 1
2018-11-24 15:04:29 (8243663858871) STATS - GET, 15.7, 1
2018-11-24 15:04:29 (8243663958477) STATS - GET, 15.8, 1
2018-11-24 15:04:29 (8243664088185) STATS - GET, 15.9, 0
2018-11-24 15:04:29 (8243664339901) STATS - GET, 16.0, 1
2018-11-24 15:04:29 (8243664447707) STATS - GET, 16.1, 0
2018-11-24 15:04:29 (8243664615518) STATS - GET, 16.2, 1
2018-11-24 15:04:29 (8243664718024) STATS - GET, 16.3, 0
2018-11-24 15:04:29 (8243664818530) STATS - GET, 16.4, 0
2018-11-24 15:04:29 (8243664917236) STATS - GET, 16.5, 2
2018-11-24 15:04:29 (8243665022843) STATS - GET, 16.6, 2
2018-11-24 15:04:29 (8243665164051) STATS - GET, 16.7, 0
2018-11-24 15:04:29 (8243665287159) STATS - GET, 16.8, 0
2018-11-24 15:04:29 (8243665423167) STATS - GET, 16.9, 0
2018-11-24 15:04:29 (8243665567476) STATS - GET, 17.0, 0
2018-11-24 15:04:29 (8243665711985) STATS - GET, 17.1, 0
2018-11-24 15:04:29 (8243665814491) STATS - GET, 17.2, 1
2018-11-24 15:04:29 (8243665911797) STATS - GET, 17.3, 1
2018-11-24 15:04:29 (8243666009103) STATS - GET, 17.4, 0
2018-11-24 15:04:29 (8243666106009) STATS - GET, 17.5, 0
2018-11-24 15:04:29 (8243666261319) STATS - GET, 17.6, 1
2018-11-24 15:04:29 (8243666376326) STATS - GET, 17.7, 2
2018-11-24 15:04:29 (8243666473632) STATS - GET, 17.8, 0
2018-11-24 15:04:29 (8243666570138) STATS - GET, 17.9, 0
2018-11-24 15:04:29 (8243666777351) STATS - GET, 18.0, 0
2018-11-24 15:04:29 (8243666879657) STATS - GET, 18.1, 1
2018-11-24 15:04:29 (8243666977663) STATS - GET, 18.2, 0
2018-11-24 15:04:29 (8243667074169) STATS - GET, 18.3, 0
2018-11-24 15:04:29 (8243667170475) STATS - GET, 18.4, 0
2018-11-24 15:04:29 (8243672854725) STATS - GET, 18.5, 0
2018-11-24 15:04:29 (8243672990733) STATS - GET, 18.6, 0
2018-11-24 15:04:29 (8243673093340) STATS - GET, 18.7, 0
2018-11-24 15:04:29 (8243673237249) STATS - GET, 18.8, 0
2018-11-24 15:04:29 (8243673766881) STATS - GET, 18.9, 0
2018-11-24 15:04:29 (8243673863187) STATS - GET, 19.0, 0
2018-11-24 15:04:29 (8243673957393) STATS - GET, 19.1, 0
2018-11-24 15:04:29 (8243674110502) STATS - GET, 19.2, 0
2018-11-24 15:04:29 (8243674211009) STATS - GET, 19.3, 0
2018-11-24 15:04:29 (8243674306614) STATS - GET, 19.4, 0
2018-11-24 15:04:29 (8243674400820) STATS - GET, 19.5, 0
2018-11-24 15:04:29 (8243674495326) STATS - GET, 19.6, 0
2018-11-24 15:04:29 (8243674589732) STATS - GET, 19.7, 0
2018-11-24 15:04:29 (8243674683638) STATS - GET, 19.8, 0
2018-11-24 15:04:29 (8243674777743) STATS - GET, 19.9, 0
2018-11-24 15:04:29 (8243674869649) STATS - GET, 20.0, 0
2018-11-24 15:04:29 (8243674963555) STATS - GET, 20.1, 0
2018-11-24 15:04:29 (8243675063261) STATS - GET, 20.2, 0
2018-11-24 15:04:29 (8243675157367) STATS - GET, 20.3, 0
2018-11-24 15:04:29 (8243675299676) STATS - GET, 20.4, 0
2018-11-24 15:04:29 (8243675396682) STATS - GET, 20.5, 0
2018-11-24 15:04:29 (8243675491487) STATS - GET, 20.6, 0
2018-11-24 15:04:29 (8243675585593) STATS - GET, 20.7, 2
2018-11-24 15:04:29 (8243675679399) STATS - GET, 20.8, 1
2018-11-24 15:04:29 (8243675773605) STATS - GET, 20.9, 0
2018-11-24 15:04:29 (8243675904613) STATS - GET, 21.0, 0
2018-11-24 15:04:29 (8243676037121) STATS - GET, 21.1, 0
2018-11-24 15:04:29 (8243676148828) STATS - GET, 21.2, 0
2018-11-24 15:04:29 (8243676258335) STATS - GET, 21.3, 0
2018-11-24 15:04:29 (8243676360041) STATS - GET, 21.4, 0
2018-11-24 15:04:29 (8243676459747) STATS - GET, 21.5, 0
2018-11-24 15:04:29 (8243676557453) STATS - GET, 21.6, 0
2018-11-24 15:04:29 (8243676652659) STATS - GET, 21.7, 0
2018-11-24 15:04:29 (8243676746865) STATS - GET, 21.8, 0
2018-11-24 15:04:29 (8243682438115) STATS - GET, 21.9, 0
2018-11-24 15:04:29 (8243682564323) STATS - GET, 22.0, 0
2018-11-24 15:04:29 (8243682662129) STATS - GET, 22.1, 0
2018-11-24 15:04:29 (8243682757435) STATS - GET, 22.2, 0
2018-11-24 15:04:29 (8243682896243) STATS - GET, 22.3, 0
2018-11-24 15:04:29 (8243682995649) STATS - GET, 22.4, 0
2018-11-24 15:04:29 (8243683101956) STATS - GET, 22.5, 0
2018-11-24 15:04:29 (8243683224564) STATS - GET, 22.6, 0
2018-11-24 15:04:29 (8243683355572) STATS - GET, 22.7, 0
2018-11-24 15:04:29 (8243692266320) STATS - GET, 22.8, 0
2018-11-24 15:04:29 (8243692450632) STATS - GET, 22.9, 0
2018-11-24 15:04:29 (8243692570139) STATS - GET, 23.0, 0
2018-11-24 15:04:29 (8243692668345) STATS - GET, 23.1, 0
2018-11-24 15:04:29 (8243692761851) STATS - GET, 23.2, 0
2018-11-24 15:04:29 (8243692899159) STATS - GET, 23.3, 0
2018-11-24 15:04:29 (8243692995265) STATS - GET, 23.4, 0
2018-11-24 15:04:29 (8243693137274) STATS - GET, 23.5, 0
2018-11-24 15:04:29 (8243693288583) STATS - GET, 23.6, 0
2018-11-24 15:04:29 (8243693533798) STATS - GET, 23.7, 0
2018-11-24 15:04:29 (8243693648105) STATS - GET, 23.8, 0
2018-11-24 15:04:29 (8243693766913) STATS - GET, 23.9, 0
2018-11-24 15:04:29 (8243694018628) STATS - GET, 24.0, 0
2018-11-24 15:04:29 (8243694269044) STATS - GET, 24.1, 0
2018-11-24 15:04:29 (8243694397752) STATS - GET, 24.2, 0
2018-11-24 15:04:29 (8243694495658) STATS - GET, 24.3, 0
2018-11-24 15:04:29 (8243694598464) STATS - GET, 24.4, 0
2018-11-24 15:04:29 (8243694760274) STATS - GET, 24.5, 0
2018-11-24 15:04:29 (8243694884282) STATS - GET, 24.6, 0
2018-11-24 15:04:29 (8243695048292) STATS - GET, 24.7, 0
2018-11-24 15:04:29 (8243695245304) STATS - GET, 24.8, 0
2018-11-24 15:04:29 (8243695352810) STATS - GET, 24.9, 0
2018-11-24 15:04:29 (8243695445416) STATS - GET, 25.0, 0
2018-11-24 15:04:29 (8243695540622) STATS - GET, 25.1, 0
2018-11-24 15:04:29 (8243695634828) STATS - GET, 25.2, 0
2018-11-24 15:04:29 (8243695729134) STATS - GET, 25.3, 0
2018-11-24 15:04:29 (8243695823639) STATS - GET, 25.4, 0
2018-11-24 15:04:29 (8243695923646) STATS - GET, 25.5, 0
2018-11-24 15:04:29 (8243696069455) STATS - GET, 25.6, 0
2018-11-24 15:04:29 (8243696172361) STATS - GET, 25.7, 0
2018-11-24 15:04:29 (8243696315870) STATS - GET, 25.8, 0
2018-11-24 15:04:29 (8243696411176) STATS - GET, 25.9, 0
2018-11-24 15:04:29 (8243696539784) STATS - GET, 26.0, 0
2018-11-24 15:04:29 (8243696640390) STATS - GET, 26.1, 0
2018-11-24 15:04:29 (8243696734295) STATS - GET, 26.2, 0
2018-11-24 15:04:29 (8243696836002) STATS - GET, 26.3, 0
2018-11-24 15:04:29 (8243696930208) STATS - GET, 26.4, 0
2018-11-24 15:04:29 (8243697029414) STATS - GET, 26.5, 0
2018-11-24 15:04:29 (8243697122919) STATS - GET, 26.6, 0
2018-11-24 15:04:29 (8243697265928) STATS - GET, 26.7, 0
2018-11-24 15:04:29 (8243697362334) STATS - GET, 26.8, 0
2018-11-24 15:04:29 (8243697456240) STATS - GET, 26.9, 0
2018-11-24 15:04:29 (8243697551246) STATS - GET, 27.0, 0
2018-11-24 15:04:29 (8243703431508) STATS - GET, 27.1, 0
2018-11-24 15:04:29 (8243703583917) STATS - GET, 27.2, 0
2018-11-24 15:04:29 (8243703685924) STATS - GET, 27.3, 0
2018-11-24 15:04:29 (8243703781029) STATS - GET, 27.4, 0
2018-11-24 15:04:29 (8243703874235) STATS - GET, 27.5, 0
2018-11-24 15:04:29 (8243703967041) STATS - GET, 27.6, 0
2018-11-24 15:04:29 (8243704085048) STATS - GET, 27.7, 0
2018-11-24 15:04:29 (8243704179054) STATS - GET, 27.8, 0
2018-11-24 15:04:29 (8243704272160) STATS - GET, 27.9, 0
2018-11-24 15:04:29 (8243704361765) STATS - GET, 28.0, 0
2018-11-24 15:04:29 (8243704459771) STATS - GET, 28.1, 0
2018-11-24 15:04:29 (8243704557377) STATS - GET, 28.2, 0
2018-11-24 15:04:29 (8243704657783) STATS - GET, 28.3, 0
2018-11-24 15:04:29 (8243704751689) STATS - GET, 28.4, 0
2018-11-24 15:04:29 (8243704844095) STATS - GET, 28.5, 0
2018-11-24 15:04:29 (8243704935901) STATS - GET, 28.6, 0
2018-11-24 15:04:29 (8243705028006) STATS - GET, 28.7, 0
2018-11-24 15:04:29 (8243705119712) STATS - GET, 28.8, 0
2018-11-24 15:04:29 (8243705211117) STATS - GET, 28.9, 0
2018-11-24 15:04:29 (8243705299123) STATS - GET, 29.0, 0
2018-11-24 15:04:29 (8243705389828) STATS - GET, 29.1, 0
2018-11-24 15:04:29 (8243705483334) STATS - GET, 29.2, 0
2018-11-24 15:04:29 (8243705582040) STATS - GET, 29.3, 0
2018-11-24 15:04:29 (8243705674546) STATS - GET, 29.4, 0
2018-11-24 15:04:29 (8243705766352) STATS - GET, 29.5, 0
2018-11-24 15:04:29 (8243705858157) STATS - GET, 29.6, 0
2018-11-24 15:04:29 (8243705950463) STATS - GET, 29.7, 0
2018-11-24 15:04:29 (8243706042169) STATS - GET, 29.8, 0
2018-11-24 15:04:29 (8243706134074) STATS - GET, 29.9, 0
2018-11-24 15:04:29 (8243706225280) STATS - GET, 30.0, 0
2018-11-24 15:04:29 (8243706315686) STATS - GET, 30.1, 0
2018-11-24 15:04:29 (8243706459694) STATS - GET, 30.2, 0
2018-11-24 15:04:29 (8243706759613) STATS - GET, 30.3, 0
2018-11-24 15:04:29 (8243707137236) STATS - GET, 30.4, 0
2018-11-24 15:04:29 (8243707270544) STATS - GET, 30.5, 0
2018-11-24 15:04:29 (8243707366250) STATS - GET, 30.6, 0
2018-11-24 15:04:29 (8243707460156) STATS - GET, 30.7, 0
2018-11-24 15:04:29 (8243707552562) STATS - GET, 30.8, 0
2018-11-24 15:04:29 (8243713525029) STATS - GET, 30.9, 0
2018-11-24 15:04:29 (8243713730142) STATS - GET, 31.0, 0
2018-11-24 15:04:29 (8243713827748) STATS - GET, 31.1, 0
2018-11-24 15:04:29 (8243713920354) STATS - GET, 31.2, 0
2018-11-24 15:04:29 (8243714017960) STATS - GET, 31.3, 0
2018-11-24 15:04:29 (8243714109365) STATS - GET, 31.4, 0
2018-11-24 15:04:29 (8243714199871) STATS - GET, 31.5, 0
2018-11-24 15:04:29 (8243714290077) STATS - GET, 31.6, 0
2018-11-24 15:04:29 (8243714380482) STATS - GET, 31.7, 0
2018-11-24 15:04:29 (8243714470388) STATS - GET, 31.8, 0
2018-11-24 15:04:29 (8243714560493) STATS - GET, 31.9, 0
2018-11-24 15:04:29 (8243714646098) STATS - GET, 32.0, 0
2018-11-24 15:04:29 (8243714734904) STATS - GET, 32.1, 0
2018-11-24 15:04:29 (8243714824209) STATS - GET, 32.2, 0
2018-11-24 15:04:29 (8243714913715) STATS - GET, 32.3, 0
2018-11-24 15:04:29 (8243715003620) STATS - GET, 32.4, 0
2018-11-24 15:04:29 (8243715093226) STATS - GET, 32.5, 0
2018-11-24 15:04:29 (8243715182532) STATS - GET, 32.6, 0
2018-11-24 15:04:29 (8243715272337) STATS - GET, 32.7, 0
2018-11-24 15:04:29 (8243715362343) STATS - GET, 32.8, 0
2018-11-24 15:04:29 (8243715452548) STATS - GET, 32.9, 0
2018-11-24 15:04:29 (8243715538753) STATS - GET, 33.0, 0
2018-11-24 15:04:29 (8243715627059) STATS - GET, 33.1, 0
2018-11-24 15:04:29 (8243715716764) STATS - GET, 33.2, 0
2018-11-24 15:04:29 (8243715806670) STATS - GET, 33.3, 0
2018-11-24 15:04:29 (8243715896275) STATS - GET, 33.4, 0
2018-11-24 15:04:29 (8243715986681) STATS - GET, 33.5, 0
2018-11-24 15:04:29 (8243716100288) STATS - GET, 33.6, 0
2018-11-24 15:04:29 (8243716190194) STATS - GET, 33.7, 0
2018-11-24 15:04:29 (8243716289500) STATS - GET, 33.8, 0
2018-11-24 15:04:29 (8243716384906) STATS - GET, 33.9, 0
2018-11-24 15:04:29 (8243716470611) STATS - GET, 34.0, 0
2018-11-24 15:04:29 (8243716559916) STATS - GET, 34.1, 0
2018-11-24 15:04:29 (8243716657322) STATS - GET, 34.2, 0
2018-11-24 15:04:29 (8243716748928) STATS - GET, 34.3, 0
2018-11-24 15:04:29 (8243716918238) STATS - GET, 34.4, 0
2018-11-24 15:04:29 (8243717009444) STATS - GET, 34.5, 0
2018-11-24 15:04:29 (8243717099050) STATS - GET, 34.6, 1
2018-11-24 15:04:29 (8243717188155) STATS - GET, 34.7, 0
2018-11-24 15:04:29 (8243717277561) STATS - GET, 34.8, 0
2018-11-24 15:04:29 (8243717367866) STATS - GET, 34.9, 0
2018-11-24 15:04:29 (8243717453471) STATS - GET, 35.0, 0
2018-11-24 15:04:29 (8243717542277) STATS - GET, 35.1, 0
2018-11-24 15:04:29 (8243723443740) STATS - GET, 35.2, 0
2018-11-24 15:04:29 (8243723540846) STATS - GET, 35.3, 0
2018-11-24 15:04:29 (8243723946471) STATS - GET, 35.4, 0
2018-11-24 15:04:29 (8243724131783) STATS - GET, 35.5, 0
2018-11-24 15:04:29 (8243724255290) STATS - GET, 35.6, 0
2018-11-24 15:04:29 (8243724347296) STATS - GET, 35.7, 0
2018-11-24 15:04:29 (8243724440302) STATS - GET, 35.8, 0
2018-11-24 15:04:29 (8243724530307) STATS - GET, 35.9, 0
2018-11-24 15:04:29 (8243724741120) STATS - GET, 36.0, 0
2018-11-24 15:04:29 (8243724831326) STATS - GET, 36.1, 0
2018-11-24 15:04:29 (8243724918731) STATS - GET, 36.2, 0
2018-11-24 15:04:29 (8243725018737) STATS - GET, 36.3, 0
2018-11-24 15:04:29 (8243725122244) STATS - GET, 36.4, 0
2018-11-24 15:04:29 (8243725210749) STATS - GET, 36.5, 0
2018-11-24 15:04:29 (8243725306355) STATS - GET, 36.6, 0
2018-11-24 15:04:29 (8243725413262) STATS - GET, 36.7, 0
2018-11-24 15:04:29 (8243725521068) STATS - GET, 36.8, 0
2018-11-24 15:04:29 (8243725684878) STATS - GET, 36.9, 0
2018-11-24 15:04:29 (8243725769383) STATS - GET, 37.0, 1
2018-11-24 15:04:29 (8243725855889) STATS - GET, 37.1, 0
2018-11-24 15:04:29 (8243725942894) STATS - GET, 37.2, 0
2018-11-24 15:04:29 (8243726029799) STATS - GET, 37.3, 0
2018-11-24 15:04:29 (8243726123205) STATS - GET, 37.4, 0
2018-11-24 15:04:29 (8243726210711) STATS - GET, 37.5, 0
2018-11-24 15:04:29 (8243726375921) STATS - GET, 37.6, 0
2018-11-24 15:04:29 (8243726467226) STATS - GET, 37.7, 0
2018-11-24 15:04:29 (8243726554032) STATS - GET, 37.8, 0
2018-11-24 15:04:29 (8243726675139) STATS - GET, 37.9, 0
2018-11-24 15:04:29 (8243726759544) STATS - GET, 38.0, 0
2018-11-24 15:04:29 (8243726844050) STATS - GET, 38.1, 0
2018-11-24 15:04:29 (8243726929355) STATS - GET, 38.2, 0
2018-11-24 15:04:29 (8243727020260) STATS - GET, 38.3, 0
2018-11-24 15:04:29 (8243727112366) STATS - GET, 38.4, 0
2018-11-24 15:04:29 (8243727201172) STATS - GET, 38.5, 0
2018-11-24 15:04:29 (8243727284877) STATS - GET, 38.6, 0
2018-11-24 15:04:29 (8243727366982) STATS - GET, 38.7, 0
2018-11-24 15:04:29 (8243727451987) STATS - GET, 38.8, 0
2018-11-24 15:04:29 (8243733391353) STATS - GET, 38.9, 0
2018-11-24 15:04:29 (8243733479158) STATS - GET, 39.0, 0
2018-11-24 15:04:29 (8243733607366) STATS - GET, 39.1, 0
2018-11-24 15:04:29 (8243733696172) STATS - GET, 39.2, 0
2018-11-24 15:04:29 (8243733786877) STATS - GET, 39.3, 0
2018-11-24 15:04:29 (8243733871782) STATS - GET, 39.4, 0
2018-11-24 15:04:29 (8243733954787) STATS - GET, 39.5, 0
2018-11-24 15:04:29 (8243734037193) STATS - GET, 39.6, 0
2018-11-24 15:04:29 (8243734120298) STATS - GET, 39.7, 0
2018-11-24 15:04:29 (8243734207803) STATS - GET, 39.8, 0
2018-11-24 15:04:29 (8243734295108) STATS - GET, 39.9, 0
2018-11-24 15:04:29 (8243734430517) STATS - GET, 40.0, 0
2018-11-24 15:04:29 (8243734829341) STATS - GET, 40.1, 0
2018-11-24 15:04:29 (8243734912446) STATS - GET, 40.2, 1
2018-11-24 15:04:29 (8243734995952) STATS - GET, 40.3, 0
2018-11-24 15:04:29 (8243735111859) STATS - GET, 40.4, 0
2018-11-24 15:04:29 (8243735195864) STATS - GET, 40.5, 0
2018-11-24 15:04:29 (8243735277969) STATS - GET, 40.6, 0
2018-11-24 15:04:29 (8243735359874) STATS - GET, 40.7, 0
2018-11-24 15:04:29 (8243735441479) STATS - GET, 40.8, 0
2018-11-24 15:04:29 (8243735523884) STATS - GET, 40.9, 0
2018-11-24 15:04:29 (8243735647992) STATS - GET, 41.0, 0
2018-11-24 15:04:29 (8243735738597) STATS - GET, 41.1, 0
2018-11-24 15:04:29 (8243735825403) STATS - GET, 41.2, 0
2018-11-24 15:04:29 (8243735909508) STATS - GET, 41.3, 0
2018-11-24 15:04:29 (8243735992613) STATS - GET, 41.4, 0
2018-11-24 15:04:29 (8243736123621) STATS - GET, 41.5, 0
2018-11-24 15:04:29 (8243736207526) STATS - GET, 41.6, 0
2018-11-24 15:04:29 (8243736327934) STATS - GET, 41.7, 0
2018-11-24 15:04:29 (8243736411439) STATS - GET, 41.8, 0
2018-11-24 15:04:29 (8243736493544) STATS - GET, 41.9, 0
2018-11-24 15:04:29 (8243736571649) STATS - GET, 42.0, 0
2018-11-24 15:04:29 (8243736652354) STATS - GET, 42.1, 0
2018-11-24 15:04:29 (8243736733359) STATS - GET, 42.2, 0
2018-11-24 15:04:29 (8243736814764) STATS - GET, 42.3, 0
2018-11-24 15:04:29 (8243736896369) STATS - GET, 42.4, 0
2018-11-24 15:04:29 (8243737022176) STATS - GET, 42.5, 0
2018-11-24 15:04:29 (8243737103281) STATS - GET, 42.6, 0
2018-11-24 15:04:29 (8243737215388) STATS - GET, 42.7, 0
2018-11-24 15:04:29 (8243737297093) STATS - GET, 42.8, 0
2018-11-24 15:04:29 (8243743178555) STATS - GET, 42.9, 0
2018-11-24 15:04:29 (8243743335065) STATS - GET, 43.0, 0
2018-11-24 15:04:29 (8243743421570) STATS - GET, 43.1, 0
2018-11-24 15:04:29 (8243743502275) STATS - GET, 43.2, 0
2018-11-24 15:04:29 (8243743661485) STATS - GET, 43.3, 0
2018-11-24 15:04:29 (8243743742990) STATS - GET, 43.4, 0
2018-11-24 15:04:29 (8243743822995) STATS - GET, 43.5, 0
2018-11-24 15:04:29 (8243743901800) STATS - GET, 43.6, 0
2018-11-24 15:04:29 (8243743980305) STATS - GET, 43.7, 0
2018-11-24 15:04:29 (8243744084611) STATS - GET, 43.8, 0
2018-11-24 15:04:29 (8243744166116) STATS - GET, 43.9, 0
2018-11-24 15:04:29 (8243744247121) STATS - GET, 44.0, 0
2018-11-24 15:04:29 (8243744331226) STATS - GET, 44.1, 0
2018-11-24 15:04:29 (8243744411631) STATS - GET, 44.2, 0
2018-11-24 15:04:29 (8243744494236) STATS - GET, 44.3, 0
2018-11-24 15:04:29 (8243744574541) STATS - GET, 44.4, 0
2018-11-24 15:04:29 (8243744653746) STATS - GET, 44.5, 0
2018-11-24 15:04:29 (8243744732651) STATS - GET, 44.6, 0
2018-11-24 15:04:29 (8243744811056) STATS - GET, 44.7, 0
2018-11-24 15:04:29 (8243744890161) STATS - GET, 44.8, 0
2018-11-24 15:04:29 (8243744969666) STATS - GET, 44.9, 0
2018-11-24 15:04:29 (8243745070072) STATS - GET, 45.0, 0
2018-11-24 15:04:29 (8243745153477) STATS - GET, 45.1, 0
2018-11-24 15:04:29 (8243745237382) STATS - GET, 45.2, 0
2018-11-24 15:04:29 (8243745352489) STATS - GET, 45.3, 0
2018-11-24 15:04:29 (8243745432694) STATS - GET, 45.4, 0
2018-11-24 15:04:29 (8243745529600) STATS - GET, 45.5, 0
2018-11-24 15:04:29 (8243745608505) STATS - GET, 45.6, 0
2018-11-24 15:04:29 (8243745686510) STATS - GET, 45.7, 0
2018-11-24 15:04:29 (8243745788916) STATS - GET, 45.8, 0
2018-11-24 15:04:29 (8243745900123) STATS - GET, 45.9, 0
2018-11-24 15:04:29 (8243745979228) STATS - GET, 46.0, 0
2018-11-24 15:04:29 (8243746328349) STATS - GET, 46.1, 0
2018-11-24 15:04:29 (8243746447957) STATS - GET, 46.2, 0
2018-11-24 15:04:29 (8243746529962) STATS - GET, 46.3, 0
2018-11-24 15:04:29 (8243746609367) STATS - GET, 46.4, 0
2018-11-24 15:04:29 (8243746695772) STATS - GET, 46.5, 0
2018-11-24 15:04:29 (8243746773877) STATS - GET, 46.6, 0
2018-11-24 15:04:29 (8243746851582) STATS - GET, 46.7, 0
2018-11-24 15:04:29 (8243746929986) STATS - GET, 46.8, 0
2018-11-24 15:04:29 (8243747008991) STATS - GET, 46.9, 0
2018-11-24 15:04:29 (8243747088496) STATS - GET, 47.0, 0
2018-11-24 15:04:29 (8243752926356) STATS - GET, 47.1, 0
2018-11-24 15:04:29 (8243753053264) STATS - GET, 47.2, 0
2018-11-24 15:04:29 (8243753133868) STATS - GET, 47.3, 0
2018-11-24 15:04:29 (8243753212673) STATS - GET, 47.4, 0
2018-11-24 15:04:29 (8243753291578) STATS - GET, 47.5, 0
2018-11-24 15:04:29 (8243753368983) STATS - GET, 47.6, 0
2018-11-24 15:04:29 (8243753446188) STATS - GET, 47.7, 0
2018-11-24 15:04:29 (8243753523993) STATS - GET, 47.8, 0
2018-11-24 15:04:29 (8243753601297) STATS - GET, 47.9, 0
2018-11-24 15:04:29 (8243753675202) STATS - GET, 48.0, 0
2018-11-24 15:04:29 (8243753752007) STATS - GET, 48.1, 0
2018-11-24 15:04:29 (8243753829011) STATS - GET, 48.2, 0
2018-11-24 15:04:29 (8243753906716) STATS - GET, 48.3, 0
2018-11-24 15:04:29 (8243753984421) STATS - GET, 48.4, 0
2018-11-24 15:04:29 (8243754061626) STATS - GET, 48.5, 0
2018-11-24 15:04:29 (8243754142731) STATS - GET, 48.6, 0
2018-11-24 15:04:29 (8243754226436) STATS - GET, 48.7, 0
2018-11-24 15:04:29 (8243754331542) STATS - GET, 48.8, 0
2018-11-24 15:04:29 (8243754409847) STATS - GET, 48.9, 0
2018-11-24 15:04:29 (8243754483752) STATS - GET, 49.0, 0
2018-11-24 15:04:29 (8243754702165) STATS - GET, 49.1, 0
2018-11-24 15:04:29 (8243754986283) STATS - GET, 49.2, 0
2018-11-24 15:04:29 (8243755079988) STATS - GET, 49.3, 0
2018-11-24 15:04:29 (8243755210096) STATS - GET, 49.4, 0
2018-11-24 15:04:29 (8243755532716) STATS - GET, 49.5, 0
2018-11-24 15:04:29 (8243756139454) STATS - GET, 49.6, 0
2018-11-24 15:04:29 (8243756252861) STATS - GET, 49.7, 0
2018-11-24 15:04:29 (8243756331665) STATS - GET, 49.8, 0
2018-11-24 15:04:29 (8243756408670) STATS - GET, 49.9, 0
2018-11-24 15:04:29 (8243756483075) STATS - GET, 50.0, 0
2018-11-24 15:04:29 (8243756592681) STATS - GET, 50.1, 0
2018-11-24 15:04:29 (8243756673086) STATS - GET, 50.2, 0
2018-11-24 15:04:29 (8243756748891) STATS - GET, 50.3, 0
2018-11-24 15:04:29 (8243756852697) STATS - GET, 50.4, 0
2018-11-24 15:04:29 (8243756929602) STATS - GET, 50.5, 0
2018-11-24 15:04:29 (8243757001507) STATS - GET, 50.6, 0
2018-11-24 15:04:29 (8243757073511) STATS - GET, 50.7, 0
2018-11-24 15:04:29 (8243757146116) STATS - GET, 50.8, 0
2018-11-24 15:04:29 (8243763023177) STATS - GET, 50.9, 0
2018-11-24 15:04:29 (8243763101382) STATS - GET, 51.0, 0
2018-11-24 15:04:29 (8243763393300) STATS - GET, 51.1, 0
2018-11-24 15:04:29 (8243763515708) STATS - GET, 51.2, 0
2018-11-24 15:04:29 (8243763594813) STATS - GET, 51.3, 0
2018-11-24 15:04:29 (8243763668517) STATS - GET, 51.4, 0
2018-11-24 15:04:29 (8243763740922) STATS - GET, 51.5, 0
2018-11-24 15:04:29 (8243763813126) STATS - GET, 51.6, 0
2018-11-24 15:04:29 (8243763884831) STATS - GET, 51.7, 0
2018-11-24 15:04:29 (8243763957335) STATS - GET, 51.8, 0
2018-11-24 15:04:29 (8243764053741) STATS - GET, 51.9, 0
2018-11-24 15:04:29 (8243764125545) STATS - GET, 52.0, 0
2018-11-24 15:04:29 (8243764238652) STATS - GET, 52.1, 0
2018-11-24 15:04:29 (8243764314957) STATS - GET, 52.2, 0
2018-11-24 15:04:29 (8243764387661) STATS - GET, 52.3, 0
2018-11-24 15:04:29 (8243764460366) STATS - GET, 52.4, 0
2018-11-24 15:04:29 (8243764533170) STATS - GET, 52.5, 0
2018-11-24 15:04:29 (8243764605475) STATS - GET, 52.6, 0
2018-11-24 15:04:29 (8243764713482) STATS - GET, 52.7, 0
2018-11-24 15:04:29 (8243764792686) STATS - GET, 52.8, 0
2018-11-24 15:04:29 (8243764865491) STATS - GET, 52.9, 0
2018-11-24 15:04:29 (8243764933695) STATS - GET, 53.0, 0
2018-11-24 15:04:29 (8243765005300) STATS - GET, 53.1, 0
2018-11-24 15:04:29 (8243765076904) STATS - GET, 53.2, 0
2018-11-24 15:04:29 (8243765149708) STATS - GET, 53.3, 0
2018-11-24 15:04:29 (8243765222513) STATS - GET, 53.4, 0
2018-11-24 15:04:29 (8243765327919) STATS - GET, 53.5, 0
2018-11-24 15:04:29 (8243765405124) STATS - GET, 53.6, 0
2018-11-24 15:04:29 (8243765477529) STATS - GET, 53.7, 0
2018-11-24 15:04:29 (8243765549933) STATS - GET, 53.8, 0
2018-11-24 15:04:29 (8243765622538) STATS - GET, 53.9, 0
2018-11-24 15:04:29 (8243765691242) STATS - GET, 54.0, 0
2018-11-24 15:04:29 (8243765762546) STATS - GET, 54.1, 0
2018-11-24 15:04:29 (8243765834551) STATS - GET, 54.2, 0
2018-11-24 15:04:29 (8243765906855) STATS - GET, 54.3, 0
2018-11-24 15:04:29 (8243765979360) STATS - GET, 54.4, 0
2018-11-24 15:04:29 (8243766051164) STATS - GET, 54.5, 0
2018-11-24 15:04:29 (8243766122768) STATS - GET, 54.6, 0
2018-11-24 15:04:29 (8243766194273) STATS - GET, 54.7, 0
2018-11-24 15:04:29 (8243766266277) STATS - GET, 54.8, 0
2018-11-24 15:04:29 (8243766344482) STATS - GET, 54.9, 0
2018-11-24 15:04:29 (8243766413486) STATS - GET, 55.0, 0
2018-11-24 15:04:29 (8243766485591) STATS - GET, 55.1, 0
2018-11-24 15:04:29 (8243766564296) STATS - GET, 55.2, 0
2018-11-24 15:04:29 (8243766637100) STATS - GET, 55.3, 0
2018-11-24 15:04:29 (8243766709804) STATS - GET, 55.4, 0
2018-11-24 15:04:29 (8243766782109) STATS - GET, 55.5, 0
2018-11-24 15:04:29 (8243766854413) STATS - GET, 55.6, 0
2018-11-24 15:04:29 (8243766926518) STATS - GET, 55.7, 0
2018-11-24 15:04:29 (8243772765877) STATS - GET, 55.8, 0
2018-11-24 15:04:29 (8243772871484) STATS - GET, 55.9, 0
2018-11-24 15:04:29 (8243772942888) STATS - GET, 56.0, 0
2018-11-24 15:04:29 (8243773015293) STATS - GET, 56.1, 0
2018-11-24 15:04:29 (8243773133300) STATS - GET, 56.2, 0
2018-11-24 15:04:29 (8243773356114) STATS - GET, 56.3, 0
2018-11-24 15:04:29 (8243773439719) STATS - GET, 56.4, 0
2018-11-24 15:04:29 (8243773513523) STATS - GET, 56.5, 0
2018-11-24 15:04:29 (8243773585428) STATS - GET, 56.6, 0
2018-11-24 15:04:29 (8243773656432) STATS - GET, 56.7, 0
2018-11-24 15:04:29 (8243773728537) STATS - GET, 56.8, 0
2018-11-24 15:04:29 (8243773877946) STATS - GET, 56.9, 0
2018-11-24 15:04:29 (8243773951250) STATS - GET, 57.0, 0
2018-11-24 15:04:29 (8243774023455) STATS - GET, 57.1, 0
2018-11-24 15:04:29 (8243774095259) STATS - GET, 57.2, 0
2018-11-24 15:04:29 (8243774166964) STATS - GET, 57.3, 0
2018-11-24 15:04:29 (8243774244368) STATS - GET, 57.4, 0
2018-11-24 15:04:29 (8243774513085) STATS - GET, 57.5, 0
2018-11-24 15:04:29 (8243774773701) STATS - GET, 57.6, 0
2018-11-24 15:04:29 (8243774854306) STATS - GET, 57.7, 0
2018-11-24 15:04:29 (8243774927711) STATS - GET, 57.8, 0
2018-11-24 15:04:29 (8243774999015) STATS - GET, 57.9, 0
2018-11-24 15:04:29 (8243775164825) STATS - GET, 58.0, 0
2018-11-24 15:04:29 (8243775244630) STATS - GET, 58.1, 0
2018-11-24 15:04:29 (8243775316634) STATS - GET, 58.2, 0
2018-11-24 15:04:29 (8243775389139) STATS - GET, 58.3, 1
2018-11-24 15:04:29 (8243775467144) STATS - GET, 58.4, 0
2018-11-24 15:04:29 (8243775952774) STATS - GET, 58.5, 0
2018-11-24 15:04:29 (8243776056980) STATS - GET, 58.6, 0
2018-11-24 15:04:29 (8243776129885) STATS - GET, 58.7, 0
2018-11-24 15:04:29 (8243776200989) STATS - GET, 58.8, 0
2018-11-24 15:04:29 (8243776313196) STATS - GET, 58.9, 0
2018-11-24 15:04:29 (8243776385200) STATS - GET, 59.0, 0
2018-11-24 15:04:29 (8243776453204) STATS - GET, 59.1, 0
2018-11-24 15:04:29 (8243776520609) STATS - GET, 59.2, 0
2018-11-24 15:04:29 (8243776588713) STATS - GET, 59.3, 0
2018-11-24 15:04:29 (8243776656917) STATS - GET, 59.4, 0
2018-11-24 15:04:29 (8243776724821) STATS - GET, 59.5, 0
2018-11-24 15:04:29 (8243776792425) STATS - GET, 59.6, 0
2018-11-24 15:04:29 (8243776860130) STATS - GET, 59.7, 0
2018-11-24 15:04:29 (8243776935834) STATS - GET, 59.8, 0
2018-11-24 15:04:29 (8243777005538) STATS - GET, 59.9, 0
2018-11-24 15:04:29 (8243777070842) STATS - GET, 60.0, 0
2018-11-24 15:04:29 (8243777138647) STATS - GET, 60.1, 0
2018-11-24 15:04:29 (8243777206051) STATS - GET, 60.2, 0
2018-11-24 15:04:29 (8243777274355) STATS - GET, 60.3, 0
2018-11-24 15:04:29 (8243777346459) STATS - GET, 60.4, 0
2018-11-24 15:04:29 (8243777414564) STATS - GET, 60.5, 0
2018-11-24 15:04:29 (8243777485568) STATS - GET, 60.6, 0
2018-11-24 15:04:29 (8243777553672) STATS - GET, 60.7, 0
2018-11-24 15:04:29 (8243783110714) STATS - GET, 60.8, 0
2018-11-24 15:04:29 (8243783238322) STATS - GET, 60.9, 0
2018-11-24 15:04:29 (8243783326128) STATS - GET, 61.0, 0
2018-11-24 15:04:29 (8243783398732) STATS - GET, 61.1, 0
2018-11-24 15:04:29 (8243783467536) STATS - GET, 61.2, 0
2018-11-24 15:04:29 (8243783535441) STATS - GET, 61.3, 0
2018-11-24 15:04:29 (8243783603445) STATS - GET, 61.4, 0
2018-11-24 15:04:29 (8243783670949) STATS - GET, 61.5, 0
2018-11-24 15:04:29 (8243783738753) STATS - GET, 61.6, 0
2018-11-24 15:04:29 (8243783806257) STATS - GET, 61.7, 0
2018-11-24 15:04:29 (8243783873961) STATS - GET, 61.8, 0
2018-11-24 15:04:29 (8243783954966) STATS - GET, 61.9, 0
2018-11-24 15:04:29 (8243784054373) STATS - GET, 62.0, 0
2018-11-24 15:04:29 (8243784124577) STATS - GET, 62.1, 0
2018-11-24 15:04:29 (8243784200682) STATS - GET, 62.2, 0
2018-11-24 15:04:29 (8243784289487) STATS - GET, 62.3, 0
2018-11-24 15:04:29 (8243784417395) STATS - GET, 62.4, 0
2018-11-24 15:04:29 (8243784493900) STATS - GET, 62.5, 0
2018-11-24 15:04:29 (8243784562404) STATS - GET, 62.6, 0
2018-11-24 15:04:29 (8243784630408) STATS - GET, 62.7, 0
2018-11-24 15:04:29 (8243784698412) STATS - GET, 62.8, 0
2018-11-24 15:04:29 (8243784766116) STATS - GET, 62.9, 0
2018-11-24 15:04:29 (8243784929726) STATS - GET, 63.0, 0
2018-11-24 15:04:29 (8243785008331) STATS - GET, 63.1, 0
2018-11-24 15:04:29 (8243785076635) STATS - GET, 63.2, 0
2018-11-24 15:04:29 (8243785225445) STATS - GET, 63.3, 0
2018-11-24 15:04:29 (8243785308450) STATS - GET, 63.4, 0
2018-11-24 15:04:29 (8243785376854) STATS - GET, 63.5, 0
2018-11-24 15:04:29 (8243785444158) STATS - GET, 63.6, 0
2018-11-24 15:04:29 (8243785511862) STATS - GET, 63.7, 0
2018-11-24 15:04:29 (8243785580266) STATS - GET, 63.8, 0
2018-11-24 15:04:29 (8243785651671) STATS - GET, 63.9, 0
2018-11-24 15:04:29 (8243785723275) STATS - GET, 64.0, 0
2018-11-24 15:04:29 (8243785791580) STATS - GET, 64.1, 0
2018-11-24 15:04:29 (8243785858884) STATS - GET, 64.2, 0
2018-11-24 15:04:29 (8243785930488) STATS - GET, 64.3, 0
2018-11-24 15:04:29 (8243786162902) STATS - GET, 64.4, 0
2018-11-24 15:04:29 (8243786244307) STATS - GET, 64.5, 0
2018-11-24 15:04:29 (8243786319512) STATS - GET, 64.6, 0
2018-11-24 15:04:29 (8243786387516) STATS - GET, 64.7, 0
2018-11-24 15:04:29 (8243786461721) STATS - GET, 64.8, 0
2018-11-24 15:04:29 (8243786532725) STATS - GET, 64.9, 0
2018-11-24 15:04:29 (8243786600929) STATS - GET, 65.0, 0
2018-11-24 15:04:29 (8243786702236) STATS - GET, 65.1, 0
2018-11-24 15:04:29 (8243786771440) STATS - GET, 65.2, 0
2018-11-24 15:04:29 (8243786837044) STATS - GET, 65.3, 0
2018-11-24 15:04:29 (8243786904648) STATS - GET, 65.4, 0
2018-11-24 15:04:29 (8243786969152) STATS - GET, 65.5, 0
2018-11-24 15:04:29 (8243787034056) STATS - GET, 65.6, 0
2018-11-24 15:04:29 (8243787241769) STATS - GET, 65.7, 0
2018-11-24 15:04:29 (8243787373677) STATS - GET, 65.8, 0
2018-11-24 15:04:29 (8243787439681) STATS - GET, 65.9, 0
2018-11-24 15:04:29 (8243793027525) STATS - GET, 66.0, 0
2018-11-24 15:04:29 (8243793104330) STATS - GET, 66.1, 0
2018-11-24 15:04:29 (8243793170834) STATS - GET, 66.2, 0
2018-11-24 15:04:29 (8243793236138) STATS - GET, 66.3, 0
2018-11-24 15:04:29 (8243793304542) STATS - GET, 66.4, 0
2018-11-24 15:04:29 (8243793370546) STATS - GET, 66.5, 0
2018-11-24 15:04:29 (8243793434950) STATS - GET, 66.6, 0
2018-11-24 15:04:29 (8243793498854) STATS - GET, 66.7, 0
2018-11-24 15:04:29 (8243793563458) STATS - GET, 66.8, 0
2018-11-24 15:04:29 (8243793627562) STATS - GET, 66.9, 0
2018-11-24 15:04:29 (8243793690866) STATS - GET, 67.0, 0
2018-11-24 15:04:29 (8243793755670) STATS - GET, 67.1, 0
2018-11-24 15:04:29 (8243793819474) STATS - GET, 67.2, 0
2018-11-24 15:04:29 (8243793883578) STATS - GET, 67.3, 0
2018-11-24 15:04:29 (8243793988484) STATS - GET, 67.4, 0
2018-11-24 15:04:29 (8243794055188) STATS - GET, 67.5, 0
2018-11-24 15:04:29 (8243794126693) STATS - GET, 67.6, 0
2018-11-24 15:04:29 (8243794190397) STATS - GET, 67.7, 0
2018-11-24 15:04:29 (8243794254201) STATS - GET, 67.8, 0
2018-11-24 15:04:29 (8243794363707) STATS - GET, 67.9, 0
2018-11-24 15:04:29 (8243794451613) STATS - GET, 68.0, 0
2018-11-24 15:04:29 (8243794518417) STATS - GET, 68.1, 0
2018-11-24 15:04:29 (8243794592821) STATS - GET, 68.2, 0
2018-11-24 15:04:29 (8243794659626) STATS - GET, 68.3, 0
2018-11-24 15:04:29 (8243794723530) STATS - GET, 68.4, 0
2018-11-24 15:04:29 (8243794786133) STATS - GET, 68.5, 0
2018-11-24 15:04:29 (8243794849637) STATS - GET, 68.6, 0
2018-11-24 15:04:29 (8243794912741) STATS - GET, 68.7, 0
2018-11-24 15:04:29 (8243794976945) STATS - GET, 68.8, 0
2018-11-24 15:04:29 (8243795040849) STATS - GET, 68.9, 0
2018-11-24 15:04:29 (8243795102253) STATS - GET, 69.0, 0
2018-11-24 15:04:29 (8243795170057) STATS - GET, 69.1, 0
2018-11-24 15:04:29 (8243795238061) STATS - GET, 69.2, 0
2018-11-24 15:04:29 (8243795302265) STATS - GET, 69.3, 0
2018-11-24 15:04:29 (8243795365569) STATS - GET, 69.4, 0
2018-11-24 15:04:29 (8243795428273) STATS - GET, 69.5, 0
2018-11-24 15:04:29 (8243795492277) STATS - GET, 69.6, 0
2018-11-24 15:04:29 (8243795560881) STATS - GET, 69.7, 0
2018-11-24 15:04:29 (8243795624285) STATS - GET, 69.8, 0
2018-11-24 15:04:29 (8243795686689) STATS - GET, 69.9, 0
2018-11-24 15:04:29 (8243795748793) STATS - GET, 70.0, 0
2018-11-24 15:04:29 (8243795811897) STATS - GET, 70.1, 0
2018-11-24 15:04:29 (8243795872900) STATS - GET, 70.2, 0
2018-11-24 15:04:29 (8243795934104) STATS - GET, 70.3, 0
2018-11-24 15:04:29 (8243795995408) STATS - GET, 70.4, 0
2018-11-24 15:04:29 (8243796104015) STATS - GET, 70.5, 0
2018-11-24 15:04:29 (8243796167218) STATS - GET, 70.6, 0
2018-11-24 15:04:29 (8243796228922) STATS - GET, 70.7, 0
2018-11-24 15:04:29 (8243796292326) STATS - GET, 70.8, 0
2018-11-24 15:04:29 (8243796353230) STATS - GET, 70.9, 0
2018-11-24 15:04:29 (8243796417634) STATS - GET, 71.0, 0
2018-11-24 15:04:29 (8243796478338) STATS - GET, 71.1, 0
2018-11-24 15:04:29 (8243796539241) STATS - GET, 71.2, 0
2018-11-24 15:04:29 (8243796608546) STATS - GET, 71.3, 0
2018-11-24 15:04:29 (8243796670549) STATS - GET, 71.4, 0
2018-11-24 15:04:29 (8243796731553) STATS - GET, 71.5, 0
2018-11-24 15:04:29 (8243796793457) STATS - GET, 71.6, 0
2018-11-24 15:04:29 (8243802524310) STATS - GET, 71.7, 0
2018-11-24 15:04:29 (8243802601115) STATS - GET, 71.8, 0
2018-11-24 15:04:29 (8243802663518) STATS - GET, 71.9, 0
2018-11-24 15:04:29 (8243802865731) STATS - GET, 72.0, 0
2018-11-24 15:04:29 (8243802997139) STATS - GET, 72.1, 0
2018-11-24 15:04:29 (8243803115146) STATS - GET, 72.2, 0
2018-11-24 15:04:29 (8243803187851) STATS - GET, 72.3, 0
2018-11-24 15:04:29 (8243803249955) STATS - GET, 72.4, 0
2018-11-24 15:04:29 (8243803397464) STATS - GET, 72.5, 0
2018-11-24 15:04:29 (8243803528372) STATS - GET, 72.6, 0
2018-11-24 15:04:29 (8243803599876) STATS - GET, 72.7, 0
2018-11-24 15:04:29 (8243803663380) STATS - GET, 72.8, 0
2018-11-24 15:04:29 (8243803725084) STATS - GET, 72.9, 0
2018-11-24 15:04:29 (8243803786388) STATS - GET, 73.0, 0
2018-11-24 15:04:29 (8243803848491) STATS - GET, 73.1, 0
2018-11-24 15:04:29 (8243803909695) STATS - GET, 73.2, 0
2018-11-24 15:04:29 (8243803971699) STATS - GET, 73.3, 0
2018-11-24 15:04:29 (8243804305120) STATS - GET, 73.4, 0
2018-11-24 15:04:29 (8243804537734) STATS - GET, 73.5, 0
2018-11-24 15:04:29 (8243804606938) STATS - GET, 73.6, 0
2018-11-24 15:04:29 (8243804669342) STATS - GET, 73.7, 0
2018-11-24 15:04:29 (8243804798850) STATS - GET, 73.8, 0
2018-11-24 15:04:29 (8243804902356) STATS - GET, 73.9, 0
2018-11-24 15:04:29 (8243805092768) STATS - GET, 74.0, 0
2018-11-24 15:04:29 (8243805267579) STATS - GET, 74.1, 0
2018-11-24 15:04:29 (8243805336283) STATS - GET, 74.2, 0
2018-11-24 15:04:29 (8243805402587) STATS - GET, 74.3, 0
2018-11-24 15:04:29 (8243805507394) STATS - GET, 74.4, 0
2018-11-24 15:04:29 (8243805570697) STATS - GET, 74.5, 0
2018-11-24 15:04:29 (8243805693405) STATS - GET, 74.6, 0
2018-11-24 15:04:29 (8243805999624) STATS - GET, 74.7, 0
2018-11-24 15:04:29 (8243806133432) STATS - GET, 74.8, 0
2018-11-24 15:04:29 (8243806201536) STATS - GET, 74.9, 0
2018-11-24 15:04:29 (8243806279141) STATS - GET, 75.0, 0
2018-11-24 15:04:29 (8243806362046) STATS - GET, 75.1, 0
2018-11-24 15:04:29 (8243806506755) STATS - GET, 75.2, 0
2018-11-24 15:04:29 (8243806586360) STATS - GET, 75.3, 0
2018-11-24 15:04:29 (8243806706867) STATS - GET, 75.4, 0
2018-11-24 15:04:29 (8243806770471) STATS - GET, 75.5, 0
2018-11-24 15:04:29 (8243806888079) STATS - GET, 75.6, 0
2018-11-24 15:04:29 (8243807023487) STATS - GET, 75.7, 0
2018-11-24 15:04:29 (8243807178096) STATS - GET, 75.8, 0
2018-11-24 15:04:29 (8243807280803) STATS - GET, 75.9, 0
2018-11-24 15:04:29 (8243807343207) STATS - GET, 76.0, 0
2018-11-24 15:04:29 (8243813027057) STATS - GET, 76.1, 0
2018-11-24 15:04:29 (8243813114362) STATS - GET, 76.2, 0
2018-11-24 15:04:29 (8243813180166) STATS - GET, 76.3, 0
2018-11-24 15:04:29 (8243813241870) STATS - GET, 76.4, 0
2018-11-24 15:04:29 (8243813302074) STATS - GET, 76.5, 0
2018-11-24 15:04:29 (8243813362877) STATS - GET, 76.6, 0
2018-11-24 15:04:29 (8243813422081) STATS - GET, 76.7, 0
2018-11-24 15:04:29 (8243813534888) STATS - GET, 76.8, 0
2018-11-24 15:04:29 (8243813602792) STATS - GET, 76.9, 0
2018-11-24 15:04:29 (8243813662696) STATS - GET, 77.0, 0
2018-11-24 15:04:29 (8243813722699) STATS - GET, 77.1, 0
2018-11-24 15:04:29 (8243813782703) STATS - GET, 77.2, 0
2018-11-24 15:04:29 (8243813843007) STATS - GET, 77.3, 0
2018-11-24 15:04:29 (8243813903111) STATS - GET, 77.4, 0
2018-11-24 15:04:29 (8243813964514) STATS - GET, 77.5, 0
2018-11-24 15:04:29 (8243814024818) STATS - GET, 77.6, 0
2018-11-24 15:04:29 (8243814083822) STATS - GET, 77.7, 0
2018-11-24 15:04:29 (8243814146826) STATS - GET, 77.8, 0
2018-11-24 15:04:29 (8243814251632) STATS - GET, 77.9, 0
2018-11-24 15:04:29 (8243814311336) STATS - GET, 78.0, 0
2018-11-24 15:04:29 (8243814369239) STATS - GET, 78.1, 0
2018-11-24 15:04:29 (8243814426143) STATS - GET, 78.2, 0
2018-11-24 15:04:29 (8243814483746) STATS - GET, 78.3, 0
2018-11-24 15:04:29 (8243814541250) STATS - GET, 78.4, 0
2018-11-24 15:04:29 (8243814690159) STATS - GET, 78.5, 0
2018-11-24 15:04:29 (8243814787765) STATS - GET, 78.6, 0
2018-11-24 15:04:29 (8243814849669) STATS - GET, 78.7, 0
2018-11-24 15:04:29 (8243814907972) STATS - GET, 78.8, 0
2018-11-24 15:04:29 (8243814964876) STATS - GET, 78.9, 0
2018-11-24 15:04:29 (8243815020279) STATS - GET, 79.0, 0
2018-11-24 15:04:29 (8243815097684) STATS - GET, 79.1, 0
2018-11-24 15:04:29 (8243815156888) STATS - GET, 79.2, 0
2018-11-24 15:04:29 (8243815214591) STATS - GET, 79.3, 0
2018-11-24 15:04:29 (8243815271195) STATS - GET, 79.4, 0
2018-11-24 15:04:29 (8243815331099) STATS - GET, 79.5, 0
2018-11-24 15:04:29 (8243815387502) STATS - GET, 79.6, 0
2018-11-24 15:04:29 (8243815443205) STATS - GET, 79.7, 0
2018-11-24 15:04:29 (8243815499109) STATS - GET, 79.8, 0
2018-11-24 15:04:29 (8243815554812) STATS - GET, 79.9, 0
2018-11-24 15:04:29 (8243815620416) STATS - GET, 80.0, 0
2018-11-24 15:04:29 (8243815680020) STATS - GET, 80.1, 0
2018-11-24 15:04:29 (8243815736223) STATS - GET, 80.2, 0
2018-11-24 15:04:29 (8243815792327) STATS - GET, 80.3, 0
2018-11-24 15:04:29 (8243815848530) STATS - GET, 80.4, 0
2018-11-24 15:04:29 (8243815915835) STATS - GET, 80.5, 0
2018-11-24 15:04:29 (8243815977638) STATS - GET, 80.6, 0
2018-11-24 15:04:29 (8243816057443) STATS - GET, 80.7, 0
2018-11-24 15:04:29 (8243816123347) STATS - GET, 80.8, 0
2018-11-24 15:04:29 (8243816179251) STATS - GET, 80.9, 0
2018-11-24 15:04:29 (8243816233854) STATS - GET, 81.0, 0
2018-11-24 15:04:29 (8243816289958) STATS - GET, 81.1, 0
2018-11-24 15:04:29 (8243816346661) STATS - GET, 81.2, 0
2018-11-24 15:04:29 (8243816403065) STATS - GET, 81.3, 0
2018-11-24 15:04:29 (8243816459468) STATS - GET, 81.4, 0
2018-11-24 15:04:29 (8243816622278) STATS - GET, 81.5, 0
2018-11-24 15:04:29 (8243816682582) STATS - GET, 81.6, 0
2018-11-24 15:04:29 (8243816739485) STATS - GET, 81.7, 0
2018-11-24 15:04:29 (8243816796489) STATS - GET, 81.8, 0
2018-11-24 15:04:29 (8243822473238) STATS - GET, 81.9, 0
2018-11-24 15:04:29 (8243822691152) STATS - GET, 82.0, 0
2018-11-24 15:04:29 (8243822751155) STATS - GET, 82.1, 0
2018-11-24 15:04:29 (8243822847361) STATS - GET, 82.2, 0
2018-11-24 15:04:29 (8243822906965) STATS - GET, 82.3, 0
2018-11-24 15:04:29 (8243822961168) STATS - GET, 82.4, 0
2018-11-24 15:04:29 (8243823089676) STATS - GET, 82.5, 0
2018-11-24 15:04:29 (8243823154380) STATS - GET, 82.6, 0
2018-11-24 15:04:29 (8243823209684) STATS - GET, 82.7, 0
2018-11-24 15:04:29 (8243823299889) STATS - GET, 82.8, 0
2018-11-24 15:04:29 (8243823458399) STATS - GET, 82.9, 0
2018-11-24 15:04:29 (8243823521203) STATS - GET, 83.0, 0
2018-11-24 15:04:29 (8243823576106) STATS - GET, 83.1, 0
2018-11-24 15:04:29 (8243823629510) STATS - GET, 83.2, 0
2018-11-24 15:04:29 (8243823682913) STATS - GET, 83.3, 0
2018-11-24 15:04:29 (8243823736216) STATS - GET, 83.4, 0
2018-11-24 15:04:29 (8243823789219) STATS - GET, 83.5, 0
2018-11-24 15:04:29 (8243823843423) STATS - GET, 83.6, 0
2018-11-24 15:04:29 (8243823983531) STATS - GET, 83.7, 0
2018-11-24 15:04:29 (8243824069837) STATS - GET, 83.8, 0
2018-11-24 15:04:29 (8243824124640) STATS - GET, 83.9, 0
2018-11-24 15:04:29 (8243824176543) STATS - GET, 84.0, 0
2018-11-24 15:04:29 (8243824232147) STATS - GET, 84.1, 0
2018-11-24 15:04:29 (8243824287650) STATS - GET, 84.2, 0
2018-11-24 15:04:29 (8243824347654) STATS - GET, 84.3, 0
2018-11-24 15:04:29 (8243824398357) STATS - GET, 84.4, 0
2018-11-24 15:04:29 (8243824448260) STATS - GET, 84.5, 0
2018-11-24 15:04:29 (8243824499463) STATS - GET, 84.6, 0
2018-11-24 15:04:29 (8243824549866) STATS - GET, 84.7, 0
2018-11-24 15:04:29 (8243824601169) STATS - GET, 84.8, 0
2018-11-24 15:04:29 (8243824651872) STATS - GET, 84.9, 0
2018-11-24 15:04:29 (8243824702476) STATS - GET, 85.0, 0
2018-11-24 15:04:29 (8243824759079) STATS - GET, 85.1, 0
2018-11-24 15:04:29 (8243824809682) STATS - GET, 85.2, 0
2018-11-24 15:04:29 (8243824865086) STATS - GET, 85.3, 0
2018-11-24 15:04:29 (8243824927389) STATS - GET, 85.4, 0
2018-11-24 15:04:29 (8243824986993) STATS - GET, 85.5, 0
2018-11-24 15:04:29 (8243825037896) STATS - GET, 85.6, 0
2018-11-24 15:04:29 (8243825088799) STATS - GET, 85.7, 0
2018-11-24 15:04:29 (8243825139903) STATS - GET, 85.8, 0
2018-11-24 15:04:29 (8243825190206) STATS - GET, 85.9, 0
2018-11-24 15:04:29 (8243825240909) STATS - GET, 86.0, 0
2018-11-24 15:04:29 (8243825292212) STATS - GET, 86.1, 0
2018-11-24 15:04:29 (8243825348815) STATS - GET, 86.2, 0
2018-11-24 15:04:29 (8243825406519) STATS - GET, 86.3, 0
2018-11-24 15:04:29 (8243825456922) STATS - GET, 86.4, 0
2018-11-24 15:04:29 (8243825507525) STATS - GET, 86.5, 0
2018-11-24 15:04:29 (8243825558628) STATS - GET, 86.6, 0
2018-11-24 15:04:29 (8243825609031) STATS - GET, 86.7, 0
2018-11-24 15:04:29 (8243825659835) STATS - GET, 86.8, 0
2018-11-24 15:04:29 (8243825710538) STATS - GET, 86.9, 0
2018-11-24 15:04:29 (8243825761541) STATS - GET, 87.0, 0
2018-11-24 15:04:29 (8243825812144) STATS - GET, 87.1, 0
2018-11-24 15:04:29 (8243825862247) STATS - GET, 87.2, 0
2018-11-24 15:04:29 (8243825913250) STATS - GET, 87.3, 0
2018-11-24 15:04:29 (8243825964453) STATS - GET, 87.4, 0
2018-11-24 15:04:29 (8243826014456) STATS - GET, 87.5, 0
2018-11-24 15:04:29 (8243826132664) STATS - GET, 87.6, 0
2018-11-24 15:04:29 (8243826185667) STATS - GET, 87.7, 0
2018-11-24 15:04:29 (8243826255271) STATS - GET, 87.8, 0
2018-11-24 15:04:29 (8243826340276) STATS - GET, 87.9, 0
2018-11-24 15:04:29 (8243832068929) STATS - GET, 88.0, 0
2018-11-24 15:04:29 (8243832207738) STATS - GET, 88.1, 0
2018-11-24 15:04:29 (8243832265841) STATS - GET, 88.2, 0
2018-11-24 15:04:29 (8243832318445) STATS - GET, 88.3, 0
2018-11-24 15:04:29 (8243832369648) STATS - GET, 88.4, 0
2018-11-24 15:04:29 (8243832420451) STATS - GET, 88.5, 0
2018-11-24 15:04:29 (8243832471754) STATS - GET, 88.6, 0
2018-11-24 15:04:29 (8243832522657) STATS - GET, 88.7, 0
2018-11-24 15:04:29 (8243832573360) STATS - GET, 88.8, 0
2018-11-24 15:04:29 (8243832623463) STATS - GET, 88.9, 0
2018-11-24 15:04:29 (8243832674667) STATS - GET, 89.0, 0
2018-11-24 15:04:29 (8243832725770) STATS - GET, 89.1, 0
2018-11-24 15:04:29 (8243832776673) STATS - GET, 89.2, 0
2018-11-24 15:04:29 (8243832827676) STATS - GET, 89.3, 0
2018-11-24 15:04:29 (8243832878179) STATS - GET, 89.4, 0
2018-11-24 15:04:29 (8243832933882) STATS - GET, 89.5, 0
2018-11-24 15:04:29 (8243832991386) STATS - GET, 89.6, 0
2018-11-24 15:04:29 (8243833043789) STATS - GET, 89.7, 0
2018-11-24 15:04:29 (8243833094992) STATS - GET, 89.8, 0
2018-11-24 15:04:29 (8243833145395) STATS - GET, 89.9, 0
2018-11-24 15:04:29 (8243833197199) STATS - GET, 90.0, 0
2018-11-24 15:04:29 (8243833249302) STATS - GET, 90.1, 0
2018-11-24 15:04:29 (8243833300005) STATS - GET, 90.2, 0
2018-11-24 15:04:29 (8243833355208) STATS - GET, 90.3, 0
2018-11-24 15:04:29 (8243833407012) STATS - GET, 90.4, 0
2018-11-24 15:04:29 (8243833457415) STATS - GET, 90.5, 0
2018-11-24 15:04:29 (8243833508518) STATS - GET, 90.6, 0
2018-11-24 15:04:29 (8243833558521) STATS - GET, 90.7, 0
2018-11-24 15:04:29 (8243833609024) STATS - GET, 90.8, 0
2018-11-24 15:04:29 (8243833659027) STATS - GET, 90.9, 0
2018-11-24 15:04:29 (8243833709630) STATS - GET, 91.0, 0
2018-11-24 15:04:29 (8243833760433) STATS - GET, 91.1, 0
2018-11-24 15:04:29 (8243833810936) STATS - GET, 91.2, 0
2018-11-24 15:04:29 (8243833861640) STATS - GET, 91.3, 0
2018-11-24 15:04:29 (8243833911743) STATS - GET, 91.4, 0
2018-11-24 15:04:29 (8243834094254) STATS - GET, 91.5, 0
2018-11-24 15:04:29 (8243834151457) STATS - GET, 91.6, 0
2018-11-24 15:04:29 (8243834202061) STATS - GET, 91.7, 0
2018-11-24 15:04:29 (8243834252964) STATS - GET, 91.8, 0
2018-11-24 15:04:29 (8243834303167) STATS - GET, 91.9, 0
2018-11-24 15:04:29 (8243834457276) STATS - GET, 92.0, 0
2018-11-24 15:04:29 (8243834512080) STATS - GET, 92.1, 0
2018-11-24 15:04:29 (8243834571383) STATS - GET, 92.2, 0
2018-11-24 15:04:29 (8243834623787) STATS - GET, 92.3, 0
2018-11-24 15:04:29 (8243834674390) STATS - GET, 92.4, 0
2018-11-24 15:04:29 (8243834724893) STATS - GET, 92.5, 0
2018-11-24 15:04:29 (8243834780296) STATS - GET, 92.6, 0
2018-11-24 15:04:29 (8243834832899) STATS - GET, 92.7, 0
2018-11-24 15:04:29 (8243834883603) STATS - GET, 92.8, 0
2018-11-24 15:04:29 (8243834934106) STATS - GET, 92.9, 0
2018-11-24 15:04:29 (8243834984809) STATS - GET, 93.0, 0
2018-11-24 15:04:29 (8243835036112) STATS - GET, 93.1, 0
2018-11-24 15:04:29 (8243835086515) STATS - GET, 93.2, 0
2018-11-24 15:04:29 (8243835220323) STATS - GET, 93.3, 0
2018-11-24 15:04:29 (8243835279027) STATS - GET, 93.4, 0
2018-11-24 15:04:29 (8243835330830) STATS - GET, 93.5, 0
2018-11-24 15:04:29 (8243835381733) STATS - GET, 93.6, 0
2018-11-24 15:04:29 (8243835432336) STATS - GET, 93.7, 0
2018-11-24 15:04:29 (8243835483539) STATS - GET, 93.8, 0
2018-11-24 15:04:29 (8243835533443) STATS - GET, 93.9, 0
2018-11-24 15:04:29 (8243835588146) STATS - GET, 94.0, 0
2018-11-24 15:04:29 (8243835701853) STATS - GET, 94.1, 0
2018-11-24 15:04:29 (8243835753956) STATS - GET, 94.2, 0
2018-11-24 15:04:29 (8243835804059) STATS - GET, 94.3, 0
2018-11-24 15:04:29 (8243835853862) STATS - GET, 94.4, 0
2018-11-24 15:04:29 (8243835903165) STATS - GET, 94.5, 0
2018-11-24 15:04:29 (8243835956469) STATS - GET, 94.6, 0
2018-11-24 15:04:29 (8243841739625) STATS - GET, 94.7, 0
2018-11-24 15:04:29 (8243841829130) STATS - GET, 94.8, 0
2018-11-24 15:04:29 (8243841907835) STATS - GET, 94.9, 0
2018-11-24 15:04:29 (8243841957738) STATS - GET, 95.0, 0
2018-11-24 15:04:29 (8243842005941) STATS - GET, 95.1, 0
2018-11-24 15:04:29 (8243842053444) STATS - GET, 95.2, 0
2018-11-24 15:04:29 (8243842100547) STATS - GET, 95.3, 0
2018-11-24 15:04:29 (8243842147450) STATS - GET, 95.4, 0
2018-11-24 15:04:29 (8243842196953) STATS - GET, 95.5, 0
2018-11-24 15:04:29 (8243842264457) STATS - GET, 95.6, 0
2018-11-24 15:04:29 (8243842311860) STATS - GET, 95.7, 0
2018-11-24 15:04:29 (8243842358463) STATS - GET, 95.8, 0
2018-11-24 15:04:29 (8243842404966) STATS - GET, 95.9, 0
2018-11-24 15:04:29 (8243842451769) STATS - GET, 96.0, 0
2018-11-24 15:04:29 (8243842498571) STATS - GET, 96.1, 0
2018-11-24 15:04:29 (8243842544974) STATS - GET, 96.2, 0
2018-11-24 15:04:29 (8243842591477) STATS - GET, 96.3, 0
2018-11-24 15:04:29 (8243842637080) STATS - GET, 96.4, 0
2018-11-24 15:04:29 (8243842682683) STATS - GET, 96.5, 0
2018-11-24 15:04:29 (8243842775288) STATS - GET, 96.6, 0
2018-11-24 15:04:29 (8243842826392) STATS - GET, 96.7, 0
2018-11-24 15:04:29 (8243842873695) STATS - GET, 96.8, 0
2018-11-24 15:04:29 (8243842919497) STATS - GET, 96.9, 0
2018-11-24 15:04:29 (8243842966000) STATS - GET, 97.0, 0
2018-11-24 15:04:29 (8243843012003) STATS - GET, 97.1, 0
2018-11-24 15:04:29 (8243843057906) STATS - GET, 97.2, 0
2018-11-24 15:04:29 (8243843104209) STATS - GET, 97.3, 0
2018-11-24 15:04:29 (8243843149912) STATS - GET, 97.4, 0
2018-11-24 15:04:29 (8243843195414) STATS - GET, 97.5, 0
2018-11-24 15:04:29 (8243843245017) STATS - GET, 97.6, 0
2018-11-24 15:04:29 (8243843291020) STATS - GET, 97.7, 0
2018-11-24 15:04:29 (8243843336223) STATS - GET, 97.8, 0
2018-11-24 15:04:29 (8243843381726) STATS - GET, 97.9, 0
2018-11-24 15:04:29 (8243843427029) STATS - GET, 98.0, 0
2018-11-24 15:04:29 (8243843472631) STATS - GET, 98.1, 0
2018-11-24 15:04:29 (8243843517534) STATS - GET, 98.2, 0
2018-11-24 15:04:29 (8243843570937) STATS - GET, 98.3, 0
2018-11-24 15:04:29 (8243843616940) STATS - GET, 98.4, 0
2018-11-24 15:04:29 (8243843661643) STATS - GET, 98.5, 0
2018-11-24 15:04:29 (8243843707346) STATS - GET, 98.6, 0
2018-11-24 15:04:29 (8243843751549) STATS - GET, 98.7, 0
2018-11-24 15:04:29 (8243843796151) STATS - GET, 98.8, 0
2018-11-24 15:04:29 (8243843840654) STATS - GET, 98.9, 0
2018-11-24 15:04:29 (8243843885657) STATS - GET, 99.0, 0
2018-11-24 15:04:29 (8243843950761) STATS - GET, 99.1, 0
2018-11-24 15:04:29 (8243844020865) STATS - GET, 99.2, 0
2018-11-24 15:04:29 (8243844072868) STATS - GET, 99.3, 0
2018-11-24 15:04:29 (8243844117271) STATS - GET, 99.4, 0
2018-11-24 15:04:29 (8243844161274) STATS - GET, 99.5, 0
2018-11-24 15:04:29 (8243844207277) STATS - GET, 99.6, 0
2018-11-24 15:04:29 (8243844251179) STATS - GET, 99.7, 0
2018-11-24 15:04:29 (8243844296382) STATS - GET, 99.8, 0
2018-11-24 15:04:29 (8243844341285) STATS - GET, 99.9, 0
2018-11-24 15:04:29 (8243844386788) STATS - GET, 100.0, 0
2018-11-24 15:04:29 (8243844432591) STATS - GET, 100.1, 0
2018-11-24 15:04:29 (8243844476993) STATS - GET, 100.2, 0
2018-11-24 15:04:29 (8243844521896) STATS - GET, 100.3, 0
2018-11-24 15:04:29 (8243844572699) STATS - GET, 100.4, 0
2018-11-24 15:04:29 (8243844622702) STATS - GET, 100.5, 0
2018-11-24 15:04:29 (8243844671605) STATS - GET, 100.6, 0
2018-11-24 15:04:29 (8243844844616) STATS - GET, 100.7, 0
2018-11-24 15:04:29 (8243844922421) STATS - GET, 100.8, 0
2018-11-24 15:04:29 (8243844971424) STATS - GET, 100.9, 0
2018-11-24 15:04:29 (8243845017227) STATS - GET, 101.0, 0
2018-11-24 15:04:29 (8243845062529) STATS - GET, 101.1, 0
2018-11-24 15:04:29 (8243845106632) STATS - GET, 101.2, 0
2018-11-24 15:04:29 (8243845151435) STATS - GET, 101.3, 0
2018-11-24 15:04:29 (8243845195738) STATS - GET, 101.4, 0
2018-11-24 15:04:29 (8243845240040) STATS - GET, 101.5, 0
2018-11-24 15:04:29 (8243845285343) STATS - GET, 101.6, 0
2018-11-24 15:04:29 (8243845330246) STATS - GET, 101.7, 0
2018-11-24 15:04:29 (8243845375049) STATS - GET, 101.8, 0
2018-11-24 15:04:29 (8243845419851) STATS - GET, 101.9, 0
2018-11-24 15:04:29 (8243851271412) STATS - GET, 102.0, 0
2018-11-24 15:04:29 (8243851346416) STATS - GET, 102.1, 0
2018-11-24 15:04:29 (8243851390919) STATS - GET, 102.2, 0
2018-11-24 15:04:29 (8243851433022) STATS - GET, 102.3, 0
2018-11-24 15:04:29 (8243851524427) STATS - GET, 102.4, 0
2018-11-24 15:04:29 (8243851574030) STATS - GET, 102.5, 0
2018-11-24 15:04:29 (8243851672836) STATS - GET, 102.6, 0
2018-11-24 15:04:29 (8243851717139) STATS - GET, 102.7, 0
2018-11-24 15:04:29 (8243851758742) STATS - GET, 102.8, 0
2018-11-24 15:04:29 (8243851799944) STATS - GET, 102.9, 0
2018-11-24 15:04:29 (8243851841847) STATS - GET, 103.0, 0
2018-11-24 15:04:29 (8243851883749) STATS - GET, 103.1, 0
2018-11-24 15:04:29 (8243851924852) STATS - GET, 103.2, 0
2018-11-24 15:04:29 (8243851971455) STATS - GET, 103.3, 0
2018-11-24 15:04:29 (8243852034559) STATS - GET, 103.4, 0
2018-11-24 15:04:29 (8243852080061) STATS - GET, 103.5, 0
2018-11-24 15:04:29 (8243852175367) STATS - GET, 103.6, 0
2018-11-24 15:04:29 (8243852216970) STATS - GET, 103.7, 0
2018-11-24 15:04:29 (8243852280374) STATS - GET, 103.8, 0
2018-11-24 15:04:29 (8243852328577) STATS - GET, 103.9, 0
2018-11-24 15:04:29 (8243852371279) STATS - GET, 104.0, 0
2018-11-24 15:04:29 (8243852412782) STATS - GET, 104.1, 0
2018-11-24 15:04:29 (8243852453084) STATS - GET, 104.2, 0
2018-11-24 15:04:29 (8243852493587) STATS - GET, 104.3, 0
2018-11-24 15:04:29 (8243852533189) STATS - GET, 104.4, 0
2018-11-24 15:04:29 (8243852573192) STATS - GET, 104.5, 0
2018-11-24 15:04:29 (8243852613494) STATS - GET, 104.6, 0
2018-11-24 15:04:29 (8243852653597) STATS - GET, 104.7, 0
2018-11-24 15:04:29 (8243852694099) STATS - GET, 104.8, 0
2018-11-24 15:04:29 (8243852734202) STATS - GET, 104.9, 0
2018-11-24 15:04:29 (8243852807606) STATS - GET, 105.0, 0
2018-11-24 15:04:29 (8243852854009) STATS - GET, 105.1, 0
2018-11-24 15:04:29 (8243852893712) STATS - GET, 105.2, 0
2018-11-24 15:04:29 (8243852933614) STATS - GET, 105.3, 0
2018-11-24 15:04:29 (8243852987617) STATS - GET, 105.4, 0
2018-11-24 15:04:29 (8243853028420) STATS - GET, 105.5, 0
2018-11-24 15:04:29 (8243853068422) STATS - GET, 105.6, 0
2018-11-24 15:04:29 (8243853107925) STATS - GET, 105.7, 0
2018-11-24 15:04:29 (8243853147527) STATS - GET, 105.8, 0
2018-11-24 15:04:29 (8243853186530) STATS - GET, 105.9, 0
2018-11-24 15:04:29 (8243853226632) STATS - GET, 106.0, 0
2018-11-24 15:04:29 (8243853271735) STATS - GET, 106.1, 0
2018-11-24 15:04:29 (8243853333739) STATS - GET, 106.2, 0
2018-11-24 15:04:29 (8243853375741) STATS - GET, 106.3, 0
2018-11-24 15:04:29 (8243853415444) STATS - GET, 106.4, 0
2018-11-24 15:04:29 (8243853454746) STATS - GET, 106.5, 0
2018-11-24 15:04:29 (8243853498649) STATS - GET, 106.6, 0
2018-11-24 15:04:29 (8243853564453) STATS - GET, 106.7, 0
2018-11-24 15:04:29 (8243853612056) STATS - GET, 106.8, 0
2018-11-24 15:04:29 (8243853652458) STATS - GET, 106.9, 0
2018-11-24 15:04:29 (8243853692561) STATS - GET, 107.0, 0
2018-11-24 15:04:29 (8243853732163) STATS - GET, 107.1, 0
2018-11-24 15:04:29 (8243853820669) STATS - GET, 107.2, 0
2018-11-24 15:04:29 (8243853862171) STATS - GET, 107.3, 0
2018-11-24 15:04:29 (8243853901674) STATS - GET, 107.4, 0
2018-11-24 15:04:29 (8243853940876) STATS - GET, 107.5, 0
2018-11-24 15:04:29 (8243853980578) STATS - GET, 107.6, 0
2018-11-24 15:04:29 (8243854019981) STATS - GET, 107.7, 0
2018-11-24 15:04:29 (8243854059383) STATS - GET, 107.8, 0
2018-11-24 15:04:29 (8243854148989) STATS - GET, 107.9, 0
2018-11-24 15:04:29 (8243854212193) STATS - GET, 108.0, 0
2018-11-24 15:04:29 (8243854254595) STATS - GET, 108.1, 0
2018-11-24 15:04:29 (8243854292898) STATS - GET, 108.2, 0
2018-11-24 15:04:29 (8243854332100) STATS - GET, 108.3, 0
2018-11-24 15:04:29 (8243854370302) STATS - GET, 108.4, 0
2018-11-24 15:04:29 (8243854408805) STATS - GET, 108.5, 0
2018-11-24 15:04:29 (8243854451808) STATS - GET, 108.6, 0
2018-11-24 15:04:29 (8243854490910) STATS - GET, 108.7, 0
2018-11-24 15:04:29 (8243854529712) STATS - GET, 108.8, 0
2018-11-24 15:04:29 (8243854567815) STATS - GET, 108.9, 0
2018-11-24 15:04:29 (8243854606517) STATS - GET, 109.0, 0
2018-11-24 15:04:29 (8243854645919) STATS - GET, 109.1, 0
2018-11-24 15:04:29 (8243854704623) STATS - GET, 109.2, 0
2018-11-24 15:04:29 (8243854744326) STATS - GET, 109.3, 0
2018-11-24 15:04:29 (8243854782928) STATS - GET, 109.4, 0
2018-11-24 15:04:29 (8243854820930) STATS - GET, 109.5, 0
2018-11-24 15:04:29 (8243854900335) STATS - GET, 109.6, 0
2018-11-24 15:04:29 (8243854963739) STATS - GET, 109.7, 0
2018-11-24 15:04:29 (8243855019342) STATS - GET, 109.8, 0
2018-11-24 15:04:29 (8243855066445) STATS - GET, 109.9, 0
2018-11-24 15:04:29 (8243861007711) STATS - GET, 110.0, 0
2018-11-24 15:04:29 (8243861137819) STATS - GET, 110.1, 0
2018-11-24 15:04:29 (8243861183222) STATS - GET, 110.2, 0
2018-11-24 15:04:29 (8243861221924) STATS - GET, 110.3, 0
2018-11-24 15:04:29 (8243861259027) STATS - GET, 110.4, 0
2018-11-24 15:04:29 (8243861295729) STATS - GET, 110.5, 0
2018-11-24 15:04:29 (8243861333031) STATS - GET, 110.6, 0
2018-11-24 15:04:29 (8243861369633) STATS - GET, 110.7, 0
2018-11-24 15:04:29 (8243861448238) STATS - GET, 110.8, 0
2018-11-24 15:04:29 (8243861530243) STATS - GET, 110.9, 0
2018-11-24 15:04:29 (8243861581247) STATS - GET, 111.0, 0
2018-11-24 15:04:29 (8243861620949) STATS - GET, 111.1, 0
2018-11-24 15:04:29 (8243861657551) STATS - GET, 111.2, 0
2018-11-24 15:04:29 (8243861694253) STATS - GET, 111.3, 0
2018-11-24 15:04:29 (8243861730156) STATS - GET, 111.4, 0
2018-11-24 15:04:29 (8243861765858) STATS - GET, 111.5, 0
2018-11-24 15:04:29 (8243861802360) STATS - GET, 111.6, 0
2018-11-24 15:04:29 (8243861838262) STATS - GET, 111.7, 0
2018-11-24 15:04:29 (8243861898666) STATS - GET, 111.8, 0
2018-11-24 15:04:29 (8243861941469) STATS - GET, 111.9, 0
2018-11-24 15:04:29 (8243861979171) STATS - GET, 112.0, 0
2018-11-24 15:04:29 (8243862016573) STATS - GET, 112.1, 0
2018-11-24 15:04:29 (8243862053276) STATS - GET, 112.2, 0
2018-11-24 15:04:29 (8243862089378) STATS - GET, 112.3, 0
2018-11-24 15:04:29 (8243862125180) STATS - GET, 112.4, 0
2018-11-24 15:04:29 (8243862160482) STATS - GET, 112.5, 0
2018-11-24 15:04:29 (8243862198285) STATS - GET, 112.6, 0
2018-11-24 15:04:29 (8243862234187) STATS - GET, 112.7, 0
2018-11-24 15:04:29 (8243862270689) STATS - GET, 112.8, 0
2018-11-24 15:04:29 (8243862305991) STATS - GET, 112.9, 0
2018-11-24 15:04:29 (8243862341993) STATS - GET, 113.0, 0
2018-11-24 15:04:29 (8243862417698) STATS - GET, 113.1, 0
2018-11-24 15:04:29 (8243862455200) STATS - GET, 113.2, 0
2018-11-24 15:04:29 (8243862491903) STATS - GET, 113.3, 0
2018-11-24 15:04:29 (8243862528305) STATS - GET, 113.4, 0
2018-11-24 15:04:29 (8243862790821) STATS - GET, 113.5, 0
2018-11-24 15:04:29 (8243862951331) STATS - GET, 113.6, 0
2018-11-24 15:04:29 (8243862999934) STATS - GET, 113.7, 0
2018-11-24 15:04:29 (8243863038136) STATS - GET, 113.8, 0
2018-11-24 15:04:29 (8243863074538) STATS - GET, 113.9, 0
2018-11-24 15:04:29 (8243863111641) STATS - GET, 114.0, 0
2018-11-24 15:04:29 (8243863147943) STATS - GET, 114.1, 0
2018-11-24 15:04:29 (8243863184045) STATS - GET, 114.2, 0
2018-11-24 15:04:29 (8243863220247) STATS - GET, 114.3, 0
2018-11-24 15:04:29 (8243863256050) STATS - GET, 114.4, 0
2018-11-24 15:04:29 (8243863291852) STATS - GET, 114.5, 0
2018-11-24 15:04:29 (8243863334054) STATS - GET, 114.6, 0
2018-11-24 15:04:29 (8243863370657) STATS - GET, 114.7, 0
2018-11-24 15:04:29 (8243863406659) STATS - GET, 114.8, 0
2018-11-24 15:04:29 (8243863468963) STATS - GET, 114.9, 0
2018-11-24 15:04:29 (8243863528466) STATS - GET, 115.0, 0
2018-11-24 15:04:29 (8243863569769) STATS - GET, 115.1, 0
2018-11-24 15:04:29 (8243863605471) STATS - GET, 115.2, 0
2018-11-24 15:04:29 (8243863641173) STATS - GET, 115.3, 0
2018-11-24 15:04:29 (8243863682076) STATS - GET, 115.4, 0
2018-11-24 15:04:29 (8243863717578) STATS - GET, 115.5, 0
2018-11-24 15:04:29 (8243863752980) STATS - GET, 115.6, 0
2018-11-24 15:04:29 (8243863788282) STATS - GET, 115.7, 0
2018-11-24 15:04:29 (8243863824385) STATS - GET, 115.8, 0
2018-11-24 15:04:29 (8243863860087) STATS - GET, 115.9, 0
2018-11-24 15:04:29 (8243863895989) STATS - GET, 116.0, 0
2018-11-24 15:04:29 (8243863931891) STATS - GET, 116.1, 0
2018-11-24 15:04:29 (8243863966493) STATS - GET, 116.2, 0
2018-11-24 15:04:29 (8243864024097) STATS - GET, 116.3, 0
2018-11-24 15:04:29 (8243864067000) STATS - GET, 116.4, 0
2018-11-24 15:04:29 (8243864102802) STATS - GET, 116.5, 0
2018-11-24 15:04:29 (8243864138704) STATS - GET, 116.6, 0
2018-11-24 15:04:29 (8243864174006) STATS - GET, 116.7, 0
2018-11-24 15:04:29 (8243864209908) STATS - GET, 116.8, 0
2018-11-24 15:04:29 (8243864245611) STATS - GET, 116.9, 0
2018-11-24 15:04:29 (8243864281813) STATS - GET, 117.0, 0
2018-11-24 15:04:29 (8243864322315) STATS - GET, 117.1, 0
2018-11-24 15:04:29 (8243864358418) STATS - GET, 117.2, 0
2018-11-24 15:04:29 (8243864394220) STATS - GET, 117.3, 0
2018-11-24 15:04:29 (8243864429522) STATS - GET, 117.4, 0
2018-11-24 15:04:29 (8243864464624) STATS - GET, 117.5, 0
2018-11-24 15:04:29 (8243864500126) STATS - GET, 117.6, 0
2018-11-24 15:04:29 (8243864535328) STATS - GET, 117.7, 0
2018-11-24 15:04:29 (8243864570831) STATS - GET, 117.8, 0
2018-11-24 15:04:29 (8243864612833) STATS - GET, 117.9, 0
2018-11-24 15:04:29 (8243864649335) STATS - GET, 118.0, 0
2018-11-24 15:04:29 (8243864685238) STATS - GET, 118.1, 0
2018-11-24 15:04:29 (8243864720340) STATS - GET, 118.2, 0
2018-11-24 15:04:29 (8243864755442) STATS - GET, 118.3, 0
2018-11-24 15:04:29 (8243864790044) STATS - GET, 118.4, 0
2018-11-24 15:04:29 (8243864825046) STATS - GET, 118.5, 0
2018-11-24 15:04:29 (8243870676007) STATS - GET, 118.6, 0
2018-11-24 15:04:29 (8243870721209) STATS - GET, 118.7, 0
2018-11-24 15:04:29 (8243870757712) STATS - GET, 118.8, 0
2018-11-24 15:04:29 (8243870793214) STATS - GET, 118.9, 0
2018-11-24 15:04:29 (8243870830016) STATS - GET, 119.0, 0
2018-11-24 15:04:29 (8243870865918) STATS - GET, 119.1, 0
2018-11-24 15:04:29 (8243870900820) STATS - GET, 119.2, 0
2018-11-24 15:04:29 (8243870935923) STATS - GET, 119.3, 0
2018-11-24 15:04:29 (8243870970725) STATS - GET, 119.4, 0
2018-11-24 15:04:29 (8243871005927) STATS - GET, 119.5, 0
2018-11-24 15:04:29 (8243871041029) STATS - GET, 119.6, 0
2018-11-24 15:04:29 (8243871075331) STATS - GET, 119.7, 0
2018-11-24 15:04:29 (8243871110433) STATS - GET, 119.8, 0
2018-11-24 15:04:29 (8243871144735) STATS - GET, 119.9, 0
2018-11-24 15:04:29 (8243871181038) STATS - GET, 120.0, 0
2018-11-24 15:04:29 (8243871216140) STATS - GET, 120.1, 0
2018-11-24 15:04:29 (8243871250542) STATS - GET, 120.2, 0
2018-11-24 15:04:29 (8243871285644) STATS - GET, 120.3, 0
2018-11-24 15:04:29 (8243871320146) STATS - GET, 120.4, 0
2018-11-24 15:04:29 (8243871354848) STATS - GET, 120.5, 0
2018-11-24 15:04:29 (8243871390251) STATS - GET, 120.6, 0
2018-11-24 15:04:29 (8243871424453) STATS - GET, 120.7, 0
2018-11-24 15:04:29 (8243871459555) STATS - GET, 120.8, 0
2018-11-24 15:04:29 (8243871499757) STATS - GET, 120.9, 0
2018-11-24 15:04:29 (8243871535359) STATS - GET, 121.0, 0
2018-11-24 15:04:29 (8243871570762) STATS - GET, 121.1, 0
2018-11-24 15:04:29 (8243871608164) STATS - GET, 121.2, 0
2018-11-24 15:04:29 (8243871645366) STATS - GET, 121.3, 0
2018-11-24 15:04:29 (8243871680368) STATS - GET, 121.4, 0
2018-11-24 15:04:29 (8243871714671) STATS - GET, 121.5, 0
2018-11-24 15:04:29 (8243871749473) STATS - GET, 121.6, 0
2018-11-24 15:04:29 (8243871784275) STATS - GET, 121.7, 0
2018-11-24 15:04:29 (8243871819377) STATS - GET, 121.8, 0
2018-11-24 15:04:29 (8243871854479) STATS - GET, 121.9, 0
2018-11-24 15:04:29 (8243871889781) STATS - GET, 122.0, 0
2018-11-24 15:04:29 (8243871924883) STATS - GET, 122.1, 0
2018-11-24 15:04:29 (8243871959486) STATS - GET, 122.2, 0
2018-11-24 15:04:29 (8243871999188) STATS - GET, 122.3, 0
2018-11-24 15:04:29 (8243872058192) STATS - GET, 122.4, 0
2018-11-24 15:04:29 (8243872094894) STATS - GET, 122.5, 0
2018-11-24 15:04:29 (8243872130096) STATS - GET, 122.6, 0
2018-11-24 15:04:29 (8243872168798) STATS - GET, 122.7, 0
2018-11-24 15:04:29 (8243872231802) STATS - GET, 122.8, 0
2018-11-24 15:04:29 (8243872294306) STATS - GET, 122.9, 0
2018-11-24 15:04:29 (8243872330408) STATS - GET, 123.0, 0
2018-11-24 15:04:29 (8243872365111) STATS - GET, 123.1, 0
2018-11-24 15:04:29 (8243872398913) STATS - GET, 123.2, 0
2018-11-24 15:04:29 (8243872433315) STATS - GET, 123.3, 0
2018-11-24 15:04:29 (8243872467117) STATS - GET, 123.4, 0
2018-11-24 15:04:29 (8243872501019) STATS - GET, 123.5, 0
2018-11-24 15:04:29 (8243872534921) STATS - GET, 123.6, 0
2018-11-24 15:04:29 (8243872568623) STATS - GET, 123.7, 0
2018-11-24 15:04:29 (8243872602825) STATS - GET, 123.8, 0
2018-11-24 15:04:29 (8243872636627) STATS - GET, 123.9, 0
2018-11-24 15:04:29 (8243872671329) STATS - GET, 124.0, 0
2018-11-24 15:04:29 (8243872705932) STATS - GET, 124.1, 0
2018-11-24 15:04:29 (8243872739934) STATS - GET, 124.2, 0
2018-11-24 15:04:29 (8243872773836) STATS - GET, 124.3, 0
2018-11-24 15:04:29 (8243872807138) STATS - GET, 124.4, 0
2018-11-24 15:04:29 (8243872840440) STATS - GET, 124.5, 0
2018-11-24 15:04:29 (8243872879942) STATS - GET, 124.6, 0
2018-11-24 15:04:29 (8243872919345) STATS - GET, 124.7, 0
2018-11-24 15:04:29 (8243872957847) STATS - GET, 124.8, 0
2018-11-24 15:04:29 (8243873035952) STATS - GET, 124.9, 0
2018-11-24 15:04:29 (8243873076154) STATS - GET, 125.0, 0
2018-11-24 15:04:29 (8243873116357) STATS - GET, 125.1, 0
2018-11-24 15:04:29 (8243873151959) STATS - GET, 125.2, 0
2018-11-24 15:04:29 (8243873187261) STATS - GET, 125.3, 0
2018-11-24 15:04:29 (8243873221363) STATS - GET, 125.4, 0
2018-11-24 15:04:29 (8243873255665) STATS - GET, 125.5, 0
2018-11-24 15:04:29 (8243873289668) STATS - GET, 125.6, 0
2018-11-24 15:04:29 (8243873323770) STATS - GET, 125.7, 0
2018-11-24 15:04:29 (8243873358072) STATS - GET, 125.8, 0
2018-11-24 15:04:29 (8243873396474) STATS - GET, 125.9, 0
2018-11-24 15:04:29 (8243873435076) STATS - GET, 126.0, 0
2018-11-24 15:04:29 (8243873527382) STATS - GET, 126.1, 0
2018-11-24 15:04:29 (8243873563484) STATS - GET, 126.2, 0
2018-11-24 15:04:29 (8243873606187) STATS - GET, 126.3, 0
2018-11-24 15:04:29 (8243873739695) STATS - GET, 126.4, 0
2018-11-24 15:04:29 (8243873788598) STATS - GET, 126.5, 0
2018-11-24 15:04:29 (8243873823700) STATS - GET, 126.6, 0
2018-11-24 15:04:29 (8243873857702) STATS - GET, 126.7, 0
2018-11-24 15:04:29 (8243873892505) STATS - GET, 126.8, 0
2018-11-24 15:04:29 (8243873926207) STATS - GET, 126.9, 0
2018-11-24 15:04:29 (8243873960909) STATS - GET, 127.0, 0
2018-11-24 15:04:29 (8243874001711) STATS - GET, 127.1, 0
2018-11-24 15:04:29 (8243874037014) STATS - GET, 127.2, 0
2018-11-24 15:04:29 (8243874071116) STATS - GET, 127.3, 0
2018-11-24 15:04:29 (8243874104918) STATS - GET, 127.4, 0
2018-11-24 15:04:29 (8243874139020) STATS - GET, 127.5, 0
2018-11-24 15:04:29 (8243874173522) STATS - GET, 127.6, 0
2018-11-24 15:04:29 (8243874206924) STATS - GET, 127.7, 0
2018-11-24 15:04:29 (8243874241426) STATS - GET, 127.8, 0
2018-11-24 15:04:29 (8243874275128) STATS - GET, 127.9, 0
2018-11-24 15:04:29 (8243874374934) STATS - GET, 128.0, 0
2018-11-24 15:04:29 (8243874418337) STATS - GET, 128.1, 0
2018-11-24 15:04:29 (8243874451839) STATS - GET, 128.2, 0
2018-11-24 15:04:29 (8243880262797) STATS - GET, 128.3, 0
2018-11-24 15:04:29 (8243880318800) STATS - GET, 128.4, 0
2018-11-24 15:04:29 (8243880352502) STATS - GET, 128.5, 0
2018-11-24 15:04:29 (8243880385504) STATS - GET, 128.6, 0
2018-11-24 15:04:29 (8243880418106) STATS - GET, 128.7, 0
2018-11-24 15:04:29 (8243880449408) STATS - GET, 128.8, 0
2018-11-24 15:04:29 (8243880480610) STATS - GET, 128.9, 0
2018-11-24 15:04:29 (8243880513612) STATS - GET, 129.0, 0
2018-11-24 15:04:29 (8243880545314) STATS - GET, 129.1, 0
2018-11-24 15:04:29 (8243880577016) STATS - GET, 129.2, 0
2018-11-24 15:04:29 (8243880608518) STATS - GET, 129.3, 0
2018-11-24 15:04:29 (8243880639920) STATS - GET, 129.4, 0
2018-11-24 15:04:29 (8243880683523) STATS - GET, 129.5, 0
2018-11-24 15:04:29 (8243880716525) STATS - GET, 129.6, 0
2018-11-24 15:04:29 (8243880749227) STATS - GET, 129.7, 0
2018-11-24 15:04:29 (8243880780729) STATS - GET, 129.8, 0
2018-11-24 15:04:29 (8243880963340) STATS - GET, 129.9, 0
2018-11-24 15:04:29 (8243881012443) STATS - GET, 130.0, 0
2018-11-24 15:04:29 (8243881046345) STATS - GET, 130.1, 0
2018-11-24 15:04:29 (8243881078647) STATS - GET, 130.2, 0
2018-11-24 15:04:29 (8243881110749) STATS - GET, 130.3, 0
2018-11-24 15:04:29 (8243881141851) STATS - GET, 130.4, 0
2018-11-24 15:04:29 (8243881172353) STATS - GET, 130.5, 0
2018-11-24 15:04:29 (8243881206555) STATS - GET, 130.6, 0
2018-11-24 15:04:29 (8243881238357) STATS - GET, 130.7, 0
2018-11-24 15:04:29 (8243881269459) STATS - GET, 130.8, 0
2018-11-24 15:04:29 (8243881300061) STATS - GET, 130.9, 0
2018-11-24 15:04:29 (8243881330963) STATS - GET, 131.0, 0
2018-11-24 15:04:29 (8243881362265) STATS - GET, 131.1, 0
2018-11-24 15:04:29 (8243881393267) STATS - GET, 131.2, 0
2018-11-24 15:04:29 (8243881423768) STATS - GET, 131.3, 0
2018-11-24 15:04:29 (8243881454370) STATS - GET, 131.4, 0
2018-11-24 15:04:29 (8243881485072) STATS - GET, 131.5, 0
2018-11-24 15:04:29 (8243881516474) STATS - GET, 131.6, 0
2018-11-24 15:04:29 (8243881604180) STATS - GET, 131.7, 0
2018-11-24 15:04:29 (8243881637382) STATS - GET, 131.8, 0
2018-11-24 15:04:29 (8243881668083) STATS - GET, 131.9, 0
2018-11-24 15:04:29 (8243881700185) STATS - GET, 132.0, 0
2018-11-24 15:04:29 (8243881731387) STATS - GET, 132.1, 0
2018-11-24 15:04:29 (8243881762689) STATS - GET, 132.2, 0
2018-11-24 15:04:29 (8243881794091) STATS - GET, 132.3, 0
2018-11-24 15:04:29 (8243881825193) STATS - GET, 132.4, 0
2018-11-24 15:04:29 (8243881855595) STATS - GET, 132.5, 0
2018-11-24 15:04:29 (8243881886497) STATS - GET, 132.6, 0
2018-11-24 15:04:29 (8243881917499) STATS - GET, 132.7, 0
2018-11-24 15:04:29 (8243881948501) STATS - GET, 132.8, 0
2018-11-24 15:04:29 (8243881979203) STATS - GET, 132.9, 0
2018-11-24 15:04:29 (8243882009804) STATS - GET, 133.0, 0
2018-11-24 15:04:29 (8243882040606) STATS - GET, 133.1, 0
2018-11-24 15:04:29 (8243882071408) STATS - GET, 133.2, 0
2018-11-24 15:04:29 (8243882101810) STATS - GET, 133.3, 0
2018-11-24 15:04:29 (8243882132112) STATS - GET, 133.4, 0
2018-11-24 15:04:29 (8243882162614) STATS - GET, 133.5, 0
2018-11-24 15:04:29 (8243882194516) STATS - GET, 133.6, 0
2018-11-24 15:04:29 (8243882225718) STATS - GET, 133.7, 0
2018-11-24 15:04:29 (8243882256920) STATS - GET, 133.8, 0
2018-11-24 15:04:29 (8243882287622) STATS - GET, 133.9, 0
2018-11-24 15:04:29 (8243882318624) STATS - GET, 134.0, 0
2018-11-24 15:04:29 (8243882349825) STATS - GET, 134.1, 0
2018-11-24 15:04:29 (8243882381127) STATS - GET, 134.2, 0
2018-11-24 15:04:29 (8243882411929) STATS - GET, 134.3, 0
2018-11-24 15:04:29 (8243882442431) STATS - GET, 134.4, 0
2018-11-24 15:04:29 (8243882472833) STATS - GET, 134.5, 0
2018-11-24 15:04:29 (8243882506135) STATS - GET, 134.6, 0
2018-11-24 15:04:29 (8243882581640) STATS - GET, 134.7, 0
2018-11-24 15:04:29 (8243882619642) STATS - GET, 134.8, 0
2018-11-24 15:04:29 (8243882650444) STATS - GET, 134.9, 0
2018-11-24 15:04:29 (8243882681446) STATS - GET, 135.0, 0
2018-11-24 15:04:29 (8243882712348) STATS - GET, 135.1, 0
2018-11-24 15:04:29 (8243882742650) STATS - GET, 135.2, 0
2018-11-24 15:04:29 (8243882773051) STATS - GET, 135.3, 0
2018-11-24 15:04:29 (8243882803153) STATS - GET, 135.4, 0
2018-11-24 15:04:29 (8243882832655) STATS - GET, 135.5, 0
2018-11-24 15:04:29 (8243882862957) STATS - GET, 135.6, 0
2018-11-24 15:04:29 (8243882893259) STATS - GET, 135.7, 0
2018-11-24 15:04:29 (8243882923061) STATS - GET, 135.8, 0
2018-11-24 15:04:29 (8243882952763) STATS - GET, 135.9, 0
2018-11-24 15:04:29 (8243882983064) STATS - GET, 136.0, 0
2018-11-24 15:04:29 (8243883013266) STATS - GET, 136.1, 0
2018-11-24 15:04:29 (8243883066570) STATS - GET, 136.2, 0
2018-11-24 15:04:29 (8243883104172) STATS - GET, 136.3, 0
2018-11-24 15:04:29 (8243883134374) STATS - GET, 136.4, 0
2018-11-24 15:04:29 (8243883177176) STATS - GET, 136.5, 0
2018-11-24 15:04:29 (8243883233280) STATS - GET, 136.6, 0
2018-11-24 15:04:29 (8243883266182) STATS - GET, 136.7, 0
2018-11-24 15:04:29 (8243883296784) STATS - GET, 136.8, 0
2018-11-24 15:04:29 (8243883326586) STATS - GET, 136.9, 0
2018-11-24 15:04:29 (8243883357187) STATS - GET, 137.0, 0
2018-11-24 15:04:29 (8243883386989) STATS - GET, 137.1, 0
2018-11-24 15:04:29 (8243883417091) STATS - GET, 137.2, 0
2018-11-24 15:04:29 (8243883446693) STATS - GET, 137.3, 0
2018-11-24 15:04:29 (8243883475895) STATS - GET, 137.4, 0
2018-11-24 15:04:29 (8243883504797) STATS - GET, 137.5, 0
2018-11-24 15:04:29 (8243883534598) STATS - GET, 137.6, 0
2018-11-24 15:04:29 (8243883564300) STATS - GET, 137.7, 0
2018-11-24 15:04:29 (8243883593702) STATS - GET, 137.8, 0
2018-11-24 15:04:29 (8243883623004) STATS - GET, 137.9, 0
2018-11-24 15:04:29 (8243883657206) STATS - GET, 138.0, 0
2018-11-24 15:04:29 (8243883687708) STATS - GET, 138.1, 0
2018-11-24 15:04:29 (8243883718110) STATS - GET, 138.2, 0
2018-11-24 15:04:29 (8243883748012) STATS - GET, 138.3, 0
2018-11-24 15:04:29 (8243883777613) STATS - GET, 138.4, 0
2018-11-24 15:04:29 (8243883806615) STATS - GET, 138.5, 0
2018-11-24 15:04:29 (8243883836217) STATS - GET, 138.6, 0
2018-11-24 15:04:29 (8243883866219) STATS - GET, 138.7, 0
2018-11-24 15:04:29 (8243883895621) STATS - GET, 138.8, 0
2018-11-24 15:04:29 (8243883924822) STATS - GET, 138.9, 0
2018-11-24 15:04:29 (8243883994827) STATS - GET, 139.0, 0
2018-11-24 15:04:29 (8243884074632) STATS - GET, 139.1, 0
2018-11-24 15:04:29 (8243884137536) STATS - GET, 139.2, 0
2018-11-24 15:04:29 (8243884173438) STATS - GET, 139.3, 0
2018-11-24 15:04:29 (8243884203540) STATS - GET, 139.4, 0
2018-11-24 15:04:29 (8243890021798) STATS - GET, 139.5, 0
2018-11-24 15:04:29 (8243890182308) STATS - GET, 139.6, 0
2018-11-24 15:04:29 (8243890233511) STATS - GET, 139.7, 0
2018-11-24 15:04:29 (8243890265213) STATS - GET, 139.8, 0
2018-11-24 15:04:29 (8243890293915) STATS - GET, 139.9, 0
2018-11-24 15:04:29 (8243890324016) STATS - GET, 140.0, 0
2018-11-24 15:04:29 (8243890353518) STATS - GET, 140.1, 0
2018-11-24 15:04:29 (8243890382720) STATS - GET, 140.2, 0
2018-11-24 15:04:29 (8243890411022) STATS - GET, 140.3, 0
2018-11-24 15:04:29 (8243890438924) STATS - GET, 140.4, 0
2018-11-24 15:04:29 (8243890466825) STATS - GET, 140.5, 0
2018-11-24 15:04:29 (8243890494827) STATS - GET, 140.6, 0
2018-11-24 15:04:29 (8243890523529) STATS - GET, 140.7, 0
2018-11-24 15:04:29 (8243890551830) STATS - GET, 140.8, 0
2018-11-24 15:04:29 (8243890579832) STATS - GET, 140.9, 0
2018-11-24 15:04:29 (8243890608634) STATS - GET, 141.0, 0
2018-11-24 15:04:29 (8243890637536) STATS - GET, 141.1, 0
2018-11-24 15:04:29 (8243890666238) STATS - GET, 141.2, 0
2018-11-24 15:04:29 (8243890694739) STATS - GET, 141.3, 0
2018-11-24 15:04:29 (8243890722641) STATS - GET, 141.4, 0
2018-11-24 15:04:29 (8243890751043) STATS - GET, 141.5, 0
2018-11-24 15:04:29 (8243890779645) STATS - GET, 141.6, 0
2018-11-24 15:04:29 (8243890808146) STATS - GET, 141.7, 0
2018-11-24 15:04:29 (8243890836048) STATS - GET, 141.8, 0
2018-11-24 15:04:29 (8243890863950) STATS - GET, 141.9, 0
2018-11-24 15:04:29 (8243890892151) STATS - GET, 142.0, 0
2018-11-24 15:04:29 (8243890920553) STATS - GET, 142.1, 0
2018-11-24 15:04:29 (8243890949255) STATS - GET, 142.2, 0
2018-11-24 15:04:29 (8243890977357) STATS - GET, 142.3, 0
2018-11-24 15:04:29 (8243891061462) STATS - GET, 142.4, 0
2018-11-24 15:04:29 (8243891094264) STATS - GET, 142.5, 0
2018-11-24 15:04:29 (8243891123666) STATS - GET, 142.6, 0
2018-11-24 15:04:29 (8243891152367) STATS - GET, 142.7, 0
2018-11-24 15:04:29 (8243891180369) STATS - GET, 142.8, 0
2018-11-24 15:04:29 (8243891208571) STATS - GET, 142.9, 0
2018-11-24 15:04:29 (8243891237373) STATS - GET, 143.0, 0
2018-11-24 15:04:29 (8243891266174) STATS - GET, 143.1, 0
2018-11-24 15:04:29 (8243891294576) STATS - GET, 143.2, 0
2018-11-24 15:04:29 (8243891322378) STATS - GET, 143.3, 0
2018-11-24 15:04:29 (8243891350180) STATS - GET, 143.4, 0
2018-11-24 15:04:29 (8243891378081) STATS - GET, 143.5, 0
2018-11-24 15:04:29 (8243891410183) STATS - GET, 143.6, 0
2018-11-24 15:04:29 (8243891440985) STATS - GET, 143.7, 0
2018-11-24 15:04:29 (8243891469287) STATS - GET, 143.8, 0
2018-11-24 15:04:29 (8243891497089) STATS - GET, 143.9, 0
2018-11-24 15:04:29 (8243891525190) STATS - GET, 144.0, 0
2018-11-24 15:04:29 (8243891553392) STATS - GET, 144.1, 0
2018-11-24 15:04:29 (8243891582194) STATS - GET, 144.2, 0
2018-11-24 15:04:29 (8243891609996) STATS - GET, 144.3, 0
2018-11-24 15:04:29 (8243891637697) STATS - GET, 144.4, 0
2018-11-24 15:04:29 (8243891665599) STATS - GET, 144.5, 0
2018-11-24 15:04:29 (8243891694101) STATS - GET, 144.6, 0
2018-11-24 15:04:29 (8243891722503) STATS - GET, 144.7, 0
2018-11-24 15:04:29 (8243891750404) STATS - GET, 144.8, 0
2018-11-24 15:04:29 (8243891778006) STATS - GET, 144.9, 0
2018-11-24 15:04:29 (8243891806008) STATS - GET, 145.0, 0
2018-11-24 15:04:29 (8243891834209) STATS - GET, 145.1, 0
2018-11-24 15:04:29 (8243891863111) STATS - GET, 145.2, 0
2018-11-24 15:04:29 (8243891890713) STATS - GET, 145.3, 0
2018-11-24 15:04:29 (8243891918315) STATS - GET, 145.4, 0
2018-11-24 15:04:29 (8243891946016) STATS - GET, 145.5, 0
2018-11-24 15:04:29 (8243891973818) STATS - GET, 145.6, 0
2018-11-24 15:04:29 (8243892057123) STATS - GET, 145.7, 0
2018-11-24 15:04:29 (8243892098126) STATS - GET, 145.8, 0
2018-11-24 15:04:29 (8243892131328) STATS - GET, 145.9, 0
2018-11-24 15:04:29 (8243892184631) STATS - GET, 146.0, 0
2018-11-24 15:04:29 (8243892214833) STATS - GET, 146.1, 0
2018-11-24 15:04:29 (8243892243835) STATS - GET, 146.2, 0
2018-11-24 15:04:29 (8243892272036) STATS - GET, 146.3, 0
2018-11-24 15:04:29 (8243892299838) STATS - GET, 146.4, 0
2018-11-24 15:04:29 (8243892327240) STATS - GET, 146.5, 0
2018-11-24 15:04:29 (8243892355342) STATS - GET, 146.6, 0
2018-11-24 15:04:29 (8243892383443) STATS - GET, 146.7, 0
2018-11-24 15:04:29 (8243892411045) STATS - GET, 146.8, 0
2018-11-24 15:04:29 (8243892438547) STATS - GET, 146.9, 0
2018-11-24 15:04:29 (8243892466748) STATS - GET, 147.0, 0
2018-11-24 15:04:29 (8243892494950) STATS - GET, 147.1, 1
2018-11-24 15:04:29 (8243892530352) STATS - GET, 147.2, 0
2018-11-24 15:04:29 (8243892562454) STATS - GET, 147.3, 0
2018-11-24 15:04:29 (8243892590256) STATS - GET, 147.4, 0
2018-11-24 15:04:29 (8243892617658) STATS - GET, 147.5, 0
2018-11-24 15:04:29 (8243892645759) STATS - GET, 147.6, 0
2018-11-24 15:04:29 (8243892674261) STATS - GET, 147.7, 0
2018-11-24 15:04:29 (8243892702363) STATS - GET, 147.8, 0
2018-11-24 15:04:29 (8243892782768) STATS - GET, 147.9, 0
2018-11-24 15:04:29 (8243892813370) STATS - GET, 148.0, 0
2018-11-24 15:04:29 (8243892840771) STATS - GET, 148.1, 0
2018-11-24 15:04:29 (8243892867573) STATS - GET, 148.2, 0
2018-11-24 15:04:29 (8243892893775) STATS - GET, 148.3, 0
2018-11-24 15:04:29 (8243892919876) STATS - GET, 148.4, 0
2018-11-24 15:04:29 (8243892945978) STATS - GET, 148.5, 0
2018-11-24 15:04:29 (8243892976680) STATS - GET, 148.6, 0
2018-11-24 15:04:29 (8243893004782) STATS - GET, 148.7, 0
2018-11-24 15:04:29 (8243893030783) STATS - GET, 148.8, 0
2018-11-24 15:04:29 (8243893056685) STATS - GET, 148.9, 0
2018-11-24 15:04:29 (8243893082786) STATS - GET, 149.0, 0
2018-11-24 15:04:29 (8243893109288) STATS - GET, 149.1, 0
2018-11-24 15:04:29 (8243893136490) STATS - GET, 149.2, 0
2018-11-24 15:04:29 (8243893162891) STATS - GET, 149.3, 0
2018-11-24 15:04:29 (8243893189893) STATS - GET, 149.4, 0
2018-11-24 15:04:29 (8243893215895) STATS - GET, 149.5, 0
2018-11-24 15:04:29 (8243893242296) STATS - GET, 149.6, 0
2018-11-24 15:04:29 (8243893272898) STATS - GET, 149.7, 0
2018-11-24 15:04:29 (8243893318801) STATS - GET, 149.8, 0
2018-11-24 15:04:29 (8243893362804) STATS - GET, 149.9, 0
2018-11-24 15:04:29 (8243893392805) STATS - GET, 150.0, 0
2018-11-24 15:04:29 (8243893419907) STATS - GET, 150.1, 0
2018-11-24 15:04:29 (8243893447009) STATS - GET, 150.2, 0
2018-11-24 15:04:29 (8243893473610) STATS - GET, 150.3, 0
2018-11-24 15:04:29 (8243893499212) STATS - GET, 150.4, 0
2018-11-24 15:04:29 (8243893524914) STATS - GET, 150.5, 0
2018-11-24 15:04:29 (8243893550815) STATS - GET, 150.6, 0
2018-11-24 15:04:29 (8243893576817) STATS - GET, 150.7, 0
2018-11-24 15:04:29 (8243893602618) STATS - GET, 150.8, 0
2018-11-24 15:04:29 (8243893628120) STATS - GET, 150.9, 0
2018-11-24 15:04:29 (8243893654022) STATS - GET, 151.0, 0
2018-11-24 15:04:29 (8243893680223) STATS - GET, 151.1, 0
2018-11-24 15:04:29 (8243893706625) STATS - GET, 151.2, 0
2018-11-24 15:04:29 (8243893778429) STATS - GET, 151.3, 0
2018-11-24 15:04:29 (8243893809631) STATS - GET, 151.4, 0
2018-11-24 15:04:29 (8243893844133) STATS - GET, 151.5, 0
2018-11-24 15:04:29 (8243899665592) STATS - GET, 151.6, 0
2018-11-24 15:04:29 (8243899755197) STATS - GET, 151.7, 0
2018-11-24 15:04:29 (8243899801800) STATS - GET, 151.8, 0
2018-11-24 15:04:29 (8243899883105) STATS - GET, 151.9, 0
2018-11-24 15:04:29 (8243899945609) STATS - GET, 152.0, 0
2018-11-24 15:04:29 (8243899977111) STATS - GET, 152.1, 0
2018-11-24 15:04:29 (8243900039415) STATS - GET, 152.2, 0
2018-11-24 15:04:29 (8243900111519) STATS - GET, 152.3, 0
2018-11-24 15:04:29 (8243900140921) STATS - GET, 152.4, 0
2018-11-24 15:04:29 (8243900185724) STATS - GET, 152.5, 0
2018-11-24 15:04:29 (8243900229226) STATS - GET, 152.6, 0
2018-11-24 15:04:29 (8243900269829) STATS - GET, 152.7, 0
2018-11-24 15:04:29 (8243900311731) STATS - GET, 152.8, 0
2018-11-24 15:04:29 (8243900354434) STATS - GET, 152.9, 0
2018-11-24 15:04:29 (8243900397837) STATS - GET, 153.0, 0
2018-11-24 15:04:29 (8243900426739) STATS - GET, 153.1, 0
2018-11-24 15:04:29 (8243900514444) STATS - GET, 153.2, 0
2018-11-24 15:04:29 (8243900563047) STATS - GET, 153.3, 0
2018-11-24 15:04:29 (8243900589049) STATS - GET, 153.4, 0
2018-11-24 15:04:29 (8243900618050) STATS - GET, 153.5, 0
2018-11-24 15:04:29 (8243900649152) STATS - GET, 153.6, 0
2018-11-24 15:04:29 (8243900675854) STATS - GET, 153.7, 0
2018-11-24 15:04:29 (8243900700755) STATS - GET, 153.8, 0
2018-11-24 15:04:29 (8243900724857) STATS - GET, 153.9, 0
2018-11-24 15:04:29 (8243900750258) STATS - GET, 154.0, 0
2018-11-24 15:04:29 (8243900792861) STATS - GET, 154.1, 0
2018-11-24 15:04:29 (8243900821763) STATS - GET, 154.2, 0
2018-11-24 15:04:29 (8243900845664) STATS - GET, 154.3, 0
2018-11-24 15:04:29 (8243900868666) STATS - GET, 154.4, 0
2018-11-24 15:04:29 (8243900891867) STATS - GET, 154.5, 0
2018-11-24 15:04:29 (8243900915369) STATS - GET, 154.6, 0
2018-11-24 15:04:29 (8243900939470) STATS - GET, 154.7, 0
2018-11-24 15:04:29 (8243900962872) STATS - GET, 154.8, 0
2018-11-24 15:04:29 (8243900985873) STATS - GET, 154.9, 0
2018-11-24 15:04:29 (8243901009474) STATS - GET, 155.0, 0
2018-11-24 15:04:29 (8243901033476) STATS - GET, 155.1, 0
2018-11-24 15:04:29 (8243901057477) STATS - GET, 155.2, 0
2018-11-24 15:04:29 (8243901081279) STATS - GET, 155.3, 0
2018-11-24 15:04:29 (8243901103980) STATS - GET, 155.4, 0
2018-11-24 15:04:29 (8243901126582) STATS - GET, 155.5, 0
2018-11-24 15:04:29 (8243901149783) STATS - GET, 155.6, 0
2018-11-24 15:04:29 (8243901173085) STATS - GET, 155.7, 0
2018-11-24 15:04:29 (8243901195686) STATS - GET, 155.8, 0
2018-11-24 15:04:29 (8243901217687) STATS - GET, 155.9, 1
2018-11-24 15:04:29 (8243901283691) INFO  - END: Middleware stopped.
