Elapsed Time, AVG Throughput, AVG Queue Size, AVG Waiting Time, AVG Service Time, AVG Response Time, AVG SET Response Time, AVG GET Response Time, AVG MULTI-GET Response Time, #SETS, #GETS, #MULTIGETS, GET MissRatio, MULTI-GET MissRatio, AVG MULTI-GET Size
 5.00, 6063, 16, 3.720535, 6.856352, 10.895473, 10.895473, 0.000000, 0.000000, 30316, 0, 0, 0.00, 0.00, 0
10.00, 7133, 14, 2.828254, 7.248166, 10.257583, 10.257583, 0.000000, 0.000000, 35669, 0, 0, 0.00, 0.00, 0
15.00, 6788, 14, 2.933385, 7.732315, 10.820290, 10.820290, 0.000000, 0.000000, 33940, 0, 0, 0.00, 0.00, 0
20.00, 6861, 15, 2.903020, 7.695316, 10.848341, 10.848341, 0.000000, 0.000000, 34305, 0, 0, 0.00, 0.00, 0
25.00, 6863, 14, 2.828637, 7.684648, 10.728439, 10.728439, 0.000000, 0.000000, 34318, 0, 0, 0.00, 0.00, 0
30.00, 6937, 14, 2.846169, 7.703893, 10.719012, 10.719012, 0.000000, 0.000000, 34689, 0, 0, 0.00, 0.00, 0
35.00, 6961, 14, 2.821178, 7.681161, 10.702463, 10.702463, 0.000000, 0.000000, 34808, 0, 0, 0.00, 0.00, 0
40.00, 7004, 14, 2.862127, 7.590421, 10.641231, 10.641231, 0.000000, 0.000000, 35023, 0, 0, 0.00, 0.00, 0
45.00, 6959, 13, 2.715939, 7.678726, 10.611439, 10.611439, 0.000000, 0.000000, 34798, 0, 0, 0.00, 0.00, 0
50.00, 6935, 14, 2.755233, 7.548660, 10.519777, 10.519777, 0.000000, 0.000000, 34677, 0, 0, 0.00, 0.00, 0
55.00, 6955, 14, 2.768720, 7.692551, 10.724303, 10.724303, 0.000000, 0.000000, 34776, 0, 0, 0.00, 0.00, 0
60.00, 6762, 14, 2.835727, 7.769130, 10.813994, 10.813994, 0.000000, 0.000000, 33813, 0, 0, 0.00, 0.00, 0
65.00, 6974, 14, 2.722038, 7.508354, 10.437109, 10.437109, 0.000000, 0.000000, 34872, 0, 0, 0.00, 0.00, 0
70.00, 7021, 14, 2.704460, 7.303385, 10.204560, 10.204560, 0.000000, 0.000000, 35109, 0, 0, 0.00, 0.00, 0
70.00, 230, 7, 1.570763, 3.306784, 5.027201, 5.027201, 0.000000, 0.000000, 1153, 0, 0, 0.00, 0.00, 0
Type, Interval, Responses
SET, 0.1, 0
SET, 0.2, 0
SET, 0.3, 0
SET, 0.4, 0
SET, 0.5, 0
SET, 0.6, 2
SET, 0.7, 17
SET, 0.8, 24
SET, 0.9, 65
SET, 1.0, 101
SET, 1.1, 136
SET, 1.2, 153
SET, 1.3, 178
SET, 1.4, 221
SET, 1.5, 262
SET, 1.6, 272
SET, 1.7, 289
SET, 1.8, 332
SET, 1.9, 438
SET, 2.0, 459
SET, 2.1, 470
SET, 2.2, 500
SET, 2.3, 550
SET, 2.4, 567
SET, 2.5, 568
SET, 2.6, 625
SET, 2.7, 679
SET, 2.8, 735
SET, 2.9, 694
SET, 3.0, 780
SET, 3.1, 842
SET, 3.2, 777
SET, 3.3, 851
SET, 3.4, 934
SET, 3.5, 1037
SET, 3.6, 1085
SET, 3.7, 1159
SET, 3.8, 1162
SET, 3.9, 1191
SET, 4.0, 1195
SET, 4.1, 1292
SET, 4.2, 1328
SET, 4.3, 1398
SET, 4.4, 1490
SET, 4.5, 1521
SET, 4.6, 1565
SET, 4.7, 1592
SET, 4.8, 1671
SET, 4.9, 1760
SET, 5.0, 1803
SET, 5.1, 1844
SET, 5.2, 1927
SET, 5.3, 1965
SET, 5.4, 2006
SET, 5.5, 2080
SET, 5.6, 2156
SET, 5.7, 2304
SET, 5.8, 2181
SET, 5.9, 2381
SET, 6.0, 2416
SET, 6.1, 2449
SET, 6.2, 2577
SET, 6.3, 2679
SET, 6.4, 2685
SET, 6.5, 2799
SET, 6.6, 3011
SET, 6.7, 3261
SET, 6.8, 3323
SET, 6.9, 3415
SET, 7.0, 3598
SET, 7.1, 3774
SET, 7.2, 4044
SET, 7.3, 4056
SET, 7.4, 4182
SET, 7.5, 4341
SET, 7.6, 4614
SET, 7.7, 4541
SET, 7.8, 4754
SET, 7.9, 4737
SET, 8.0, 4975
SET, 8.1, 5149
SET, 8.2, 5220
SET, 8.3, 5516
SET, 8.4, 5484
SET, 8.5, 5498
SET, 8.6, 5805
SET, 8.7, 5693
SET, 8.8, 5783
SET, 8.9, 5763
SET, 9.0, 5774
SET, 9.1, 5641
SET, 9.2, 5562
SET, 9.3, 5536
SET, 9.4, 5522
SET, 9.5, 5652
SET, 9.6, 5556
SET, 9.7, 5524
SET, 9.8, 5411
SET, 9.9, 5287
SET, 10.0, 5462
SET, 10.1, 5181
SET, 10.2, 5112
SET, 10.3, 5087
SET, 10.4, 4854
SET, 10.5, 4775
SET, 10.6, 4839
SET, 10.7, 4720
SET, 10.8, 4587
SET, 10.9, 4553
SET, 11.0, 4537
SET, 11.1, 4398
SET, 11.2, 4419
SET, 11.3, 4281
SET, 11.4, 4141
SET, 11.5, 4153
SET, 11.6, 4105
SET, 11.7, 4052
SET, 11.8, 3877
SET, 11.9, 4028
SET, 12.0, 3882
SET, 12.1, 3779
SET, 12.2, 3670
SET, 12.3, 3544
SET, 12.4, 3601
SET, 12.5, 3363
SET, 12.6, 3433
SET, 12.7, 3269
SET, 12.8, 3258
SET, 12.9, 3231
SET, 13.0, 3311
SET, 13.1, 3048
SET, 13.2, 3013
SET, 13.3, 2983
SET, 13.4, 2902
SET, 13.5, 2943
SET, 13.6, 2796
SET, 13.7, 2868
SET, 13.8, 2691
SET, 13.9, 2693
SET, 14.0, 2589
SET, 14.1, 2621
SET, 14.2, 2487
SET, 14.3, 2447
SET, 14.4, 2496
SET, 14.5, 2445
SET, 14.6, 2293
SET, 14.7, 2132
SET, 14.8, 2099
SET, 14.9, 2185
SET, 15.0, 2119
SET, 15.1, 2080
SET, 15.2, 2087
SET, 15.3, 1980
SET, 15.4, 1967
SET, 15.5, 1861
SET, 15.6, 1758
SET, 15.7, 1833
SET, 15.8, 1774
SET, 15.9, 1602
SET, 16.0, 1547
SET, 16.1, 1579
SET, 16.2, 1457
SET, 16.3, 1422
SET, 16.4, 1456
SET, 16.5, 1337
SET, 16.6, 1373
SET, 16.7, 1273
SET, 16.8, 1273
SET, 16.9, 1203
SET, 17.0, 1249
SET, 17.1, 1160
SET, 17.2, 1154
SET, 17.3, 1106
SET, 17.4, 1099
SET, 17.5, 1018
SET, 17.6, 989
SET, 17.7, 1034
SET, 17.8, 988
SET, 17.9, 965
SET, 18.0, 804
SET, 18.1, 833
SET, 18.2, 808
SET, 18.3, 809
SET, 18.4, 749
SET, 18.5, 755
SET, 18.6, 661
SET, 18.7, 672
SET, 18.8, 696
SET, 18.9, 607
SET, 19.0, 591
SET, 19.1, 557
SET, 19.2, 527
SET, 19.3, 504
SET, 19.4, 518
SET, 19.5, 468
SET, 19.6, 437
SET, 19.7, 410
SET, 19.8, 438
SET, 19.9, 382
SET, 20.0, 394
SET, 20.1, 345
SET, 20.2, 308
SET, 20.3, 338
SET, 20.4, 317
SET, 20.5, 274
SET, 20.6, 273
SET, 20.7, 304
SET, 20.8, 247
SET, 20.9, 251
SET, 21.0, 237
SET, 21.1, 237
SET, 21.2, 245
SET, 21.3, 216
SET, 21.4, 194
SET, 21.5, 182
SET, 21.6, 172
SET, 21.7, 149
SET, 21.8, 176
SET, 21.9, 162
SET, 22.0, 144
SET, 22.1, 145
SET, 22.2, 116
SET, 22.3, 115
SET, 22.4, 131
SET, 22.5, 139
SET, 22.6, 112
SET, 22.7, 105
SET, 22.8, 125
SET, 22.9, 129
SET, 23.0, 121
SET, 23.1, 110
SET, 23.2, 100
SET, 23.3, 101
SET, 23.4, 101
SET, 23.5, 114
SET, 23.6, 94
SET, 23.7, 87
SET, 23.8, 78
SET, 23.9, 92
SET, 24.0, 77
SET, 24.1, 79
SET, 24.2, 73
SET, 24.3, 67
SET, 24.4, 69
SET, 24.5, 79
SET, 24.6, 61
SET, 24.7, 55
SET, 24.8, 55
SET, 24.9, 54
SET, 25.0, 59
SET, 25.1, 57
SET, 25.2, 51
SET, 25.3, 50
SET, 25.4, 47
SET, 25.5, 46
SET, 25.6, 55
SET, 25.7, 51
SET, 25.8, 45
SET, 25.9, 52
SET, 26.0, 56
SET, 26.1, 32
SET, 26.2, 43
SET, 26.3, 37
SET, 26.4, 37
SET, 26.5, 41
SET, 26.6, 32
SET, 26.7, 34
SET, 26.8, 33
SET, 26.9, 30
SET, 27.0, 29
SET, 27.1, 30
SET, 27.2, 23
SET, 27.3, 20
SET, 27.4, 28
SET, 27.5, 20
SET, 27.6, 29
SET, 27.7, 27
SET, 27.8, 23
SET, 27.9, 26
SET, 28.0, 30
SET, 28.1, 26
SET, 28.2, 16
SET, 28.3, 30
SET, 28.4, 21
SET, 28.5, 15
SET, 28.6, 19
SET, 28.7, 14
SET, 28.8, 13
SET, 28.9, 20
SET, 29.0, 17
SET, 29.1, 9
SET, 29.2, 25
SET, 29.3, 19
SET, 29.4, 16
SET, 29.5, 20
SET, 29.6, 26
SET, 29.7, 24
SET, 29.8, 19
SET, 29.9, 22
SET, 30.0, 26
SET, 30.1, 15
SET, 30.2, 18
SET, 30.3, 18
SET, 30.4, 24
SET, 30.5, 20
SET, 30.6, 15
SET, 30.7, 13
SET, 30.8, 17
SET, 30.9, 22
SET, 31.0, 19
SET, 31.1, 30
SET, 31.2, 28
SET, 31.3, 25
SET, 31.4, 34
SET, 31.5, 23
SET, 31.6, 25
SET, 31.7, 19
SET, 31.8, 20
SET, 31.9, 10
SET, 32.0, 21
SET, 32.1, 17
SET, 32.2, 16
SET, 32.3, 10
SET, 32.4, 22
SET, 32.5, 11
SET, 32.6, 16
SET, 32.7, 22
SET, 32.8, 13
SET, 32.9, 15
SET, 33.0, 8
SET, 33.1, 14
SET, 33.2, 8
SET, 33.3, 12
SET, 33.4, 8
SET, 33.5, 4
SET, 33.6, 10
SET, 33.7, 9
SET, 33.8, 11
SET, 33.9, 11
SET, 34.0, 9
SET, 34.1, 20
SET, 34.2, 16
SET, 34.3, 8
SET, 34.4, 10
SET, 34.5, 6
SET, 34.6, 8
SET, 34.7, 8
SET, 34.8, 9
SET, 34.9, 10
SET, 35.0, 8
SET, 35.1, 13
SET, 35.2, 7
SET, 35.3, 9
SET, 35.4, 15
SET, 35.5, 15
SET, 35.6, 8
SET, 35.7, 15
SET, 35.8, 14
SET, 35.9, 13
SET, 36.0, 10
SET, 36.1, 19
SET, 36.2, 23
SET, 36.3, 16
SET, 36.4, 19
SET, 36.5, 18
SET, 36.6, 19
SET, 36.7, 25
SET, 36.8, 16
SET, 36.9, 10
SET, 37.0, 14
SET, 37.1, 20
SET, 37.2, 20
SET, 37.3, 25
SET, 37.4, 19
SET, 37.5, 26
SET, 37.6, 20
SET, 37.7, 13
SET, 37.8, 18
SET, 37.9, 18
SET, 38.0, 15
SET, 38.1, 8
SET, 38.2, 7
SET, 38.3, 14
SET, 38.4, 6
SET, 38.5, 11
SET, 38.6, 11
SET, 38.7, 9
SET, 38.8, 6
SET, 38.9, 19
SET, 39.0, 9
SET, 39.1, 12
SET, 39.2, 12
SET, 39.3, 8
SET, 39.4, 13
SET, 39.5, 10
SET, 39.6, 11
SET, 39.7, 14
SET, 39.8, 6
SET, 39.9, 6
SET, 40.0, 7
SET, 40.1, 6
SET, 40.2, 8
SET, 40.3, 9
SET, 40.4, 4
SET, 40.5, 9
SET, 40.6, 9
SET, 40.7, 13
SET, 40.8, 6
SET, 40.9, 3
SET, 41.0, 7
SET, 41.1, 6
SET, 41.2, 11
SET, 41.3, 7
SET, 41.4, 9
SET, 41.5, 8
SET, 41.6, 10
SET, 41.7, 10
SET, 41.8, 11
SET, 41.9, 12
SET, 42.0, 8
SET, 42.1, 8
SET, 42.2, 4
SET, 42.3, 5
SET, 42.4, 6
SET, 42.5, 4
SET, 42.6, 7
SET, 42.7, 10
SET, 42.8, 6
SET, 42.9, 0
SET, 43.0, 7
SET, 43.1, 3
SET, 43.2, 8
SET, 43.3, 4
SET, 43.4, 8
SET, 43.5, 7
SET, 43.6, 6
SET, 43.7, 7
SET, 43.8, 9
SET, 43.9, 10
SET, 44.0, 6
SET, 44.1, 5
SET, 44.2, 7
SET, 44.3, 4
SET, 44.4, 4
SET, 44.5, 7
SET, 44.6, 3
SET, 44.7, 9
SET, 44.8, 9
SET, 44.9, 7
SET, 45.0, 9
SET, 45.1, 2
SET, 45.2, 11
SET, 45.3, 10
SET, 45.4, 2
SET, 45.5, 1
SET, 45.6, 5
SET, 45.7, 4
SET, 45.8, 2
SET, 45.9, 8
SET, 46.0, 10
SET, 46.1, 4
SET, 46.2, 4
SET, 46.3, 9
SET, 46.4, 14
SET, 46.5, 8
SET, 46.6, 8
SET, 46.7, 20
SET, 46.8, 9
SET, 46.9, 10
SET, 47.0, 10
SET, 47.1, 10
SET, 47.2, 6
SET, 47.3, 5
SET, 47.4, 8
SET, 47.5, 7
SET, 47.6, 5
SET, 47.7, 8
SET, 47.8, 6
SET, 47.9, 8
SET, 48.0, 4
SET, 48.1, 10
SET, 48.2, 1
SET, 48.3, 3
SET, 48.4, 3
SET, 48.5, 6
SET, 48.6, 2
SET, 48.7, 3
SET, 48.8, 4
SET, 48.9, 2
SET, 49.0, 3
SET, 49.1, 2
SET, 49.2, 3
SET, 49.3, 3
SET, 49.4, 2
SET, 49.5, 1
SET, 49.6, 2
SET, 49.7, 3
SET, 49.8, 3
SET, 49.9, 7
SET, 50.0, 1
SET, 50.1, 0
SET, 50.2, 1
SET, 50.3, 2
SET, 50.4, 6
SET, 50.5, 1
SET, 50.6, 2
SET, 50.7, 1
SET, 50.8, 2
SET, 50.9, 2
SET, 51.0, 1
SET, 51.1, 4
SET, 51.2, 0
SET, 51.3, 2
SET, 51.4, 4
SET, 51.5, 2
SET, 51.6, 1
SET, 51.7, 3
SET, 51.8, 1
SET, 51.9, 0
SET, 52.0, 2
SET, 52.1, 3
SET, 52.2, 2
SET, 52.3, 1
SET, 52.4, 3
SET, 52.5, 1
SET, 52.6, 4
SET, 52.7, 1
SET, 52.8, 2
SET, 52.9, 3
SET, 53.0, 0
SET, 53.1, 1
SET, 53.2, 0
SET, 53.3, 2
SET, 53.4, 0
SET, 53.5, 2
SET, 53.6, 1
SET, 53.7, 2
SET, 53.8, 4
SET, 53.9, 1
SET, 54.0, 1
SET, 54.1, 1
SET, 54.2, 2
SET, 54.3, 2
SET, 54.4, 0
SET, 54.5, 2
SET, 54.6, 2
SET, 54.7, 0
SET, 54.8, 2
SET, 54.9, 2
SET, 55.0, 0
SET, 55.1, 0
SET, 55.2, 0
SET, 55.3, 0
SET, 55.4, 0
SET, 55.5, 0
SET, 55.6, 0
SET, 55.7, 0
SET, 55.8, 1
SET, 55.9, 0
SET, 56.0, 3
SET, 56.1, 0
SET, 56.2, 2
SET, 56.3, 0
SET, 56.4, 0
SET, 56.5, 1
SET, 56.6, 1
SET, 56.7, 2
SET, 56.8, 1
SET, 56.9, 0
SET, 57.0, 2
SET, 57.1, 0
SET, 57.2, 0
SET, 57.3, 0
SET, 57.4, 0
SET, 57.5, 0
SET, 57.6, 0
SET, 57.7, 2
SET, 57.8, 0
SET, 57.9, 0
SET, 58.0, 1
SET, 58.1, 0
SET, 58.2, 0
SET, 58.3, 0
SET, 58.4, 0
SET, 58.5, 0
SET, 58.6, 0
SET, 58.7, 0
SET, 58.8, 0
SET, 58.9, 0
SET, 59.0, 1
SET, 59.1, 0
SET, 59.2, 0
SET, 59.3, 0
SET, 59.4, 1
SET, 59.5, 0
SET, 59.6, 0
SET, 59.7, 0
SET, 59.8, 0
SET, 59.9, 1
SET, 60.0, 0
SET, 60.1, 0
SET, 60.2, 0
SET, 60.3, 0
SET, 60.4, 0
SET, 60.5, 0
SET, 60.6, 0
SET, 60.7, 1
SET, 60.8, 0
SET, 60.9, 0
SET, 61.0, 0
SET, 61.1, 0
SET, 61.2, 0
SET, 61.3, 0
SET, 61.4, 0
SET, 61.5, 0
SET, 61.6, 0
SET, 61.7, 1
SET, 61.8, 0
SET, 61.9, 1
SET, 62.0, 0
SET, 62.1, 0
SET, 62.2, 0
SET, 62.3, 1
SET, 62.4, 0
SET, 62.5, 1
SET, 62.6, 0
SET, 62.7, 2
SET, 62.8, 0
SET, 62.9, 0
SET, 63.0, 1
SET, 63.1, 0
SET, 63.2, 2
SET, 63.3, 1
SET, 63.4, 0
SET, 63.5, 1
SET, 63.6, 2
SET, 63.7, 0
SET, 63.8, 1
SET, 63.9, 0
SET, 64.0, 0
SET, 64.1, 1
SET, 64.2, 0
SET, 64.3, 0
SET, 64.4, 0
SET, 64.5, 0
SET, 64.6, 0
SET, 64.7, 0
SET, 64.8, 0
SET, 64.9, 0
SET, 65.0, 0
SET, 65.1, 1
SET, 65.2, 0
SET, 65.3, 0
SET, 65.4, 0
SET, 65.5, 1
SET, 65.6, 0
SET, 65.7, 0
SET, 65.8, 0
SET, 65.9, 0
SET, 66.0, 0
SET, 66.1, 0
SET, 66.2, 0
SET, 66.3, 0
SET, 66.4, 0
SET, 66.5, 0
SET, 66.6, 0
SET, 66.7, 1
SET, 66.8, 0
SET, 66.9, 0
SET, 67.0, 0
SET, 67.1, 0
SET, 67.2, 0
SET, 67.3, 0
SET, 67.4, 0
SET, 67.5, 0
SET, 67.6, 0
SET, 67.7, 1
SET, 67.8, 0
SET, 67.9, 0
SET, 68.0, 0
SET, 68.1, 0
SET, 68.2, 0
SET, 68.3, 0
SET, 68.4, 0
SET, 68.5, 0
SET, 68.6, 0
SET, 68.7, 0
SET, 68.8, 0
SET, 68.9, 1
SET, 69.0, 0
SET, 69.1, 0
SET, 69.2, 0
SET, 69.3, 0
SET, 69.4, 0
SET, 69.5, 1
SET, 69.6, 0
SET, 69.7, 1
SET, 69.8, 0
SET, 69.9, 0
SET, 70.0, 0
SET, 70.1, 0
SET, 70.2, 0
SET, 70.3, 1
SET, 70.4, 0
SET, 70.5, 0
SET, 70.6, 0
SET, 70.7, 1
SET, 70.8, 0
SET, 70.9, 0
SET, 71.0, 0
SET, 71.1, 0
SET, 71.2, 0
SET, 71.3, 0
SET, 71.4, 0
SET, 71.5, 0
SET, 71.6, 0
SET, 71.7, 0
SET, 71.8, 0
SET, 71.9, 0
SET, 72.0, 0
SET, 72.1, 0
SET, 72.2, 0
SET, 72.3, 0
SET, 72.4, 0
SET, 72.5, 0
SET, 72.6, 0
SET, 72.7, 0
SET, 72.8, 0
SET, 72.9, 0
SET, 73.0, 0
SET, 73.1, 0
SET, 73.2, 0
SET, 73.3, 0
SET, 73.4, 1
SET, 73.5, 0
SET, 73.6, 0
SET, 73.7, 0
SET, 73.8, 0
SET, 73.9, 0
SET, 74.0, 0
SET, 74.1, 0
SET, 74.2, 0
SET, 74.3, 0
SET, 74.4, 0
SET, 74.5, 0
SET, 74.6, 0
SET, 74.7, 0
SET, 74.8, 0
SET, 74.9, 0
SET, 75.0, 0
SET, 75.1, 0
SET, 75.2, 0
SET, 75.3, 0
SET, 75.4, 0
SET, 75.5, 0
SET, 75.6, 0
SET, 75.7, 0
SET, 75.8, 0
SET, 75.9, 0
SET, 76.0, 1
SET, 76.1, 0
SET, 76.2, 0
SET, 76.3, 0
SET, 76.4, 0
SET, 76.5, 0
SET, 76.6, 0
SET, 76.7, 0
SET, 76.8, 0
SET, 76.9, 0
SET, 77.0, 0
SET, 77.1, 0
SET, 77.2, 0
SET, 77.3, 0
SET, 77.4, 0
SET, 77.5, 0
SET, 77.6, 0
SET, 77.7, 0
SET, 77.8, 0
SET, 77.9, 0
SET, 78.0, 0
SET, 78.1, 0
SET, 78.2, 0
SET, 78.3, 0
SET, 78.4, 0
SET, 78.5, 1
SET, 78.6, 0
SET, 78.7, 0
SET, 78.8, 0
SET, 78.9, 0
SET, 79.0, 0
SET, 79.1, 0
SET, 79.2, 0
SET, 79.3, 0
SET, 79.4, 0
SET, 79.5, 0
SET, 79.6, 0
SET, 79.7, 0
SET, 79.8, 0
SET, 79.9, 0
SET, 80.0, 0
SET, 80.1, 0
SET, 80.2, 0
SET, 80.3, 0
SET, 80.4, 0
SET, 80.5, 0
SET, 80.6, 0
SET, 80.7, 0
SET, 80.8, 0
SET, 80.9, 0
SET, 81.0, 0
SET, 81.1, 0
SET, 81.2, 0
SET, 81.3, 0
SET, 81.4, 0
SET, 81.5, 0
SET, 81.6, 0
SET, 81.7, 0
SET, 81.8, 0
SET, 81.9, 0
SET, 82.0, 0
SET, 82.1, 0
SET, 82.2, 0
SET, 82.3, 0
SET, 82.4, 0
SET, 82.5, 0
SET, 82.6, 0
SET, 82.7, 1
SET, 82.8, 0
SET, 82.9, 0
SET, 83.0, 0
SET, 83.1, 0
SET, 83.2, 0
SET, 83.3, 0
SET, 83.4, 0
SET, 83.5, 0
SET, 83.6, 1
SET, 83.7, 0
SET, 83.8, 0
SET, 83.9, 0
SET, 84.0, 0
SET, 84.1, 0
SET, 84.2, 0
SET, 84.3, 0
SET, 84.4, 0
SET, 84.5, 0
SET, 84.6, 0
SET, 84.7, 0
SET, 84.8, 0
SET, 84.9, 0
SET, 85.0, 0
SET, 85.1, 0
SET, 85.2, 0
SET, 85.3, 0
SET, 85.4, 0
SET, 85.5, 0
SET, 85.6, 0
SET, 85.7, 0
SET, 85.8, 0
SET, 85.9, 0
SET, 86.0, 0
SET, 86.1, 0
SET, 86.2, 0
SET, 86.3, 0
SET, 86.4, 0
SET, 86.5, 0
SET, 86.6, 0
SET, 86.7, 0
SET, 86.8, 0
SET, 86.9, 0
SET, 87.0, 0
SET, 87.1, 0
SET, 87.2, 0
SET, 87.3, 0
SET, 87.4, 0
SET, 87.5, 0
SET, 87.6, 0
SET, 87.7, 1
SET, 87.8, 0
SET, 87.9, 0
SET, 88.0, 0
SET, 88.1, 0
SET, 88.2, 0
SET, 88.3, 0
SET, 88.4, 0
SET, 88.5, 0
SET, 88.6, 0
SET, 88.7, 0
SET, 88.8, 0
SET, 88.9, 0
SET, 89.0, 0
SET, 89.1, 0
SET, 89.2, 0
SET, 89.3, 0
SET, 89.4, 0
SET, 89.5, 0
SET, 89.6, 0
SET, 89.7, 0
SET, 89.8, 0
SET, 89.9, 0
SET, 90.0, 0
SET, 90.1, 0
SET, 90.2, 0
SET, 90.3, 0
SET, 90.4, 0
SET, 90.5, 1
SET, 90.6, 0
SET, 90.7, 0
SET, 90.8, 0
SET, 90.9, 0
SET, 91.0, 0
SET, 91.1, 0
SET, 91.2, 0
SET, 91.3, 0
SET, 91.4, 0
SET, 91.5, 0
SET, 91.6, 0
SET, 91.7, 0
SET, 91.8, 0
SET, 91.9, 0
SET, 92.0, 0
SET, 92.1, 0
SET, 92.2, 0
SET, 92.3, 0
SET, 92.4, 0
SET, 92.5, 0
SET, 92.6, 0
SET, 92.7, 0
SET, 92.8, 0
SET, 92.9, 0
SET, 93.0, 0
SET, 93.1, 0
SET, 93.2, 0
SET, 93.3, 0
SET, 93.4, 0
SET, 93.5, 0
SET, 93.6, 0
SET, 93.7, 0
SET, 93.8, 0
SET, 93.9, 0
SET, 94.0, 0
SET, 94.1, 0
SET, 94.2, 0
SET, 94.3, 0
SET, 94.4, 0
SET, 94.5, 0
SET, 94.6, 0
SET, 94.7, 0
SET, 94.8, 0
SET, 94.9, 0
SET, 95.0, 0
SET, 95.1, 0
SET, 95.2, 0
SET, 95.3, 0
SET, 95.4, 0
SET, 95.5, 0
SET, 95.6, 0
SET, 95.7, 0
SET, 95.8, 0
SET, 95.9, 0
SET, 96.0, 0
SET, 96.1, 0
SET, 96.2, 0
SET, 96.3, 0
SET, 96.4, 0
SET, 96.5, 0
SET, 96.6, 0
SET, 96.7, 0
SET, 96.8, 0
SET, 96.9, 0
SET, 97.0, 0
SET, 97.1, 0
SET, 97.2, 0
SET, 97.3, 0
SET, 97.4, 0
SET, 97.5, 0
SET, 97.6, 0
SET, 97.7, 0
SET, 97.8, 0
SET, 97.9, 0
SET, 98.0, 0
SET, 98.1, 0
SET, 98.2, 0
SET, 98.3, 0
SET, 98.4, 0
SET, 98.5, 0
SET, 98.6, 0
SET, 98.7, 0
SET, 98.8, 0
SET, 98.9, 0
SET, 99.0, 0
SET, 99.1, 0
SET, 99.2, 0
SET, 99.3, 0
SET, 99.4, 0
SET, 99.5, 0
SET, 99.6, 0
SET, 99.7, 0
SET, 99.8, 0
SET, 99.9, 0
SET, 100.0, 0
SET, 100.1, 0
SET, 100.2, 0
SET, 100.3, 0
SET, 100.4, 0
SET, 100.5, 0
SET, 100.6, 0
SET, 100.7, 0
SET, 100.8, 0
SET, 100.9, 0
SET, 101.0, 0
SET, 101.1, 0
SET, 101.2, 0
SET, 101.3, 0
SET, 101.4, 0
SET, 101.5, 0
SET, 101.6, 0
SET, 101.7, 0
SET, 101.8, 0
SET, 101.9, 0
SET, 102.0, 0
SET, 102.1, 0
SET, 102.2, 0
SET, 102.3, 0
SET, 102.4, 0
SET, 102.5, 0
SET, 102.6, 0
SET, 102.7, 0
SET, 102.8, 0
SET, 102.9, 0
SET, 103.0, 0
SET, 103.1, 0
SET, 103.2, 0
SET, 103.3, 0
SET, 103.4, 0
SET, 103.5, 0
SET, 103.6, 0
SET, 103.7, 0
SET, 103.8, 0
SET, 103.9, 0
SET, 104.0, 0
SET, 104.1, 0
SET, 104.2, 0
SET, 104.3, 0
SET, 104.4, 0
SET, 104.5, 0
SET, 104.6, 0
SET, 104.7, 0
SET, 104.8, 0
SET, 104.9, 0
SET, 105.0, 0
SET, 105.1, 0
SET, 105.2, 0
SET, 105.3, 0
SET, 105.4, 0
SET, 105.5, 0
SET, 105.6, 0
SET, 105.7, 0
SET, 105.8, 0
SET, 105.9, 0
SET, 106.0, 0
SET, 106.1, 0
SET, 106.2, 0
SET, 106.3, 0
SET, 106.4, 0
SET, 106.5, 0
SET, 106.6, 0
SET, 106.7, 0
SET, 106.8, 0
SET, 106.9, 0
SET, 107.0, 0
SET, 107.1, 0
SET, 107.2, 0
SET, 107.3, 0
SET, 107.4, 0
SET, 107.5, 0
SET, 107.6, 0
SET, 107.7, 0
SET, 107.8, 0
SET, 107.9, 0
SET, 108.0, 0
SET, 108.1, 0
SET, 108.2, 0
SET, 108.3, 0
SET, 108.4, 0
SET, 108.5, 0
SET, 108.6, 0
SET, 108.7, 0
SET, 108.8, 0
SET, 108.9, 0
SET, 109.0, 0
SET, 109.1, 0
SET, 109.2, 0
SET, 109.3, 0
SET, 109.4, 0
SET, 109.5, 0
SET, 109.6, 0
SET, 109.7, 0
SET, 109.8, 0
SET, 109.9, 0
SET, 110.0, 0
SET, 110.1, 0
SET, 110.2, 0
SET, 110.3, 0
SET, 110.4, 0
SET, 110.5, 0
SET, 110.6, 0
SET, 110.7, 0
SET, 110.8, 0
SET, 110.9, 0
SET, 111.0, 0
SET, 111.1, 0
SET, 111.2, 0
SET, 111.3, 0
SET, 111.4, 0
SET, 111.5, 0
SET, 111.6, 0
SET, 111.7, 0
SET, 111.8, 0
SET, 111.9, 0
SET, 112.0, 0
SET, 112.1, 2
SET, 112.2, 0
SET, 112.3, 0
SET, 112.4, 0
SET, 112.5, 0
SET, 112.6, 0
SET, 112.7, 0
SET, 112.8, 0
SET, 112.9, 0
SET, 113.0, 0
SET, 113.1, 0
SET, 113.2, 0
SET, 113.3, 0
SET, 113.4, 0
SET, 113.5, 0
SET, 113.6, 0
SET, 113.7, 0
SET, 113.8, 0
SET, 113.9, 0
SET, 114.0, 0
SET, 114.1, 0
SET, 114.2, 0
SET, 114.3, 0
SET, 114.4, 0
SET, 114.5, 0
SET, 114.6, 0
SET, 114.7, 0
SET, 114.8, 0
SET, 114.9, 0
SET, 115.0, 0
SET, 115.1, 0
SET, 115.2, 0
SET, 115.3, 0
SET, 115.4, 0
SET, 115.5, 0
SET, 115.6, 1
SET, 115.7, 0
SET, 115.8, 1
SET, 115.9, 0
SET, 116.0, 0
SET, 116.1, 1
SET, 116.2, 2
SET, 116.3, 0
SET, 116.4, 0
SET, 116.5, 1
SET, 116.6, 0
SET, 116.7, 1
SET, 116.8, 1
SET, 116.9, 1
SET, 117.0, 0
SET, 117.1, 1
SET, 117.2, 0
SET, 117.3, 0
SET, 117.4, 0
SET, 117.5, 1
SET, 117.6, 0
SET, 117.7, 1
SET, 117.8, 1
SET, 117.9, 0
SET, 118.0, 0
SET, 118.1, 0
SET, 118.2, 0
SET, 118.3, 0
SET, 118.4, 0
SET, 118.5, 0
SET, 118.6, 0
SET, 118.7, 0
SET, 118.8, 0
SET, 118.9, 0
SET, 119.0, 0
SET, 119.1, 1
SET, 119.2, 0
SET, 119.3, 0
SET, 119.4, 1
SET, 119.5, 0
SET, 119.6, 0
SET, 119.7, 0
SET, 119.8, 0
SET, 119.9, 2
SET, 120.0, 1
SET, 120.1, 0
SET, 120.2, 0
SET, 120.3, 0
SET, 120.4, 0
SET, 120.5, 0
SET, 120.6, 0
SET, 120.7, 0
SET, 120.8, 0
SET, 120.9, 0
SET, 121.0, 0
SET, 121.1, 0
SET, 121.2, 0
SET, 121.3, 0
SET, 121.4, 0
SET, 121.5, 1
SET, 121.6, 0
SET, 121.7, 0
SET, 121.8, 0
SET, 121.9, 0
SET, 122.0, 0
SET, 122.1, 0
SET, 122.2, 0
SET, 122.3, 1
SET, 122.4, 0
SET, 122.5, 0
SET, 122.6, 0
SET, 122.7, 0
SET, 122.8, 0
SET, 122.9, 0
SET, 123.0, 1
SET, 123.1, 0
SET, 123.2, 1
SET, 123.3, 0
SET, 123.4, 0
SET, 123.5, 0
SET, 123.6, 1
SET, 123.7, 1
SET, 123.8, 0
SET, 123.9, 0
SET, 124.0, 0
SET, 124.1, 0
SET, 124.2, 0
SET, 124.3, 0
SET, 124.4, 0
SET, 124.5, 0
SET, 124.6, 0
SET, 124.7, 0
SET, 124.8, 0
SET, 124.9, 0
SET, 125.0, 0
SET, 125.1, 0
SET, 125.2, 0
SET, 125.3, 0
SET, 125.4, 0
SET, 125.5, 0
SET, 125.6, 0
SET, 125.7, 0
SET, 125.8, 0
SET, 125.9, 0
SET, 126.0, 0
SET, 126.1, 0
SET, 126.2, 0
SET, 126.3, 1
SET, 126.4, 0
SET, 126.5, 0
SET, 126.6, 0
SET, 126.7, 0
SET, 126.8, 0
SET, 126.9, 0
SET, 127.0, 0
SET, 127.1, 1
SET, 127.2, 0
SET, 127.3, 0
SET, 127.4, 0
SET, 127.5, 0
SET, 127.6, 0
SET, 127.7, 1
SET, 127.8, 0
SET, 127.9, 0
SET, 128.0, 0
SET, 128.1, 0
SET, 128.2, 0
SET, 128.3, 0
SET, 128.4, 0
SET, 128.5, 0
SET, 128.6, 0
SET, 128.7, 0
SET, 128.8, 0
SET, 128.9, 0
SET, 129.0, 0
SET, 129.1, 0
SET, 129.2, 0
SET, 129.3, 0
SET, 129.4, 0
SET, 129.5, 0
SET, 129.6, 0
SET, 129.7, 0
SET, 129.8, 0
SET, 129.9, 0
SET, 130.0, 0
SET, 130.1, 0
SET, 130.2, 0
SET, 130.3, 0
SET, 130.4, 0
SET, 130.5, 0
SET, 130.6, 0
SET, 130.7, 0
SET, 130.8, 0
SET, 130.9, 0
SET, 131.0, 0
SET, 131.1, 0
SET, 131.2, 0
SET, 131.3, 0
SET, 131.4, 0
SET, 131.5, 0
SET, 131.6, 0
SET, 131.7, 0
SET, 131.8, 0
SET, 131.9, 0
SET, 132.0, 0
SET, 132.1, 0
SET, 132.2, 0
SET, 132.3, 0
SET, 132.4, 0
SET, 132.5, 0
SET, 132.6, 0
SET, 132.7, 0
SET, 132.8, 0
SET, 132.9, 0
SET, 133.0, 0
SET, 133.1, 0
SET, 133.2, 0
SET, 133.3, 0
SET, 133.4, 0
SET, 133.5, 0
SET, 133.6, 0
SET, 133.7, 1
SET, 133.8, 0
SET, 133.9, 0
SET, 134.0, 0
SET, 134.1, 0
SET, 134.2, 0
SET, 134.3, 0
SET, 134.4, 0
SET, 134.5, 0
SET, 134.6, 0
SET, 134.7, 0
SET, 134.8, 0
SET, 134.9, 0
SET, 135.0, 0
SET, 135.1, 0
SET, 135.2, 0
SET, 135.3, 0
SET, 135.4, 1
SET, 135.5, 0
SET, 135.6, 1
SET, 135.7, 0
SET, 135.8, 0
SET, 135.9, 0
SET, 136.0, 0
SET, 136.1, 0
SET, 136.2, 0
SET, 136.3, 0
SET, 136.4, 0
SET, 136.5, 0
SET, 136.6, 0
SET, 136.7, 0
SET, 136.8, 0
SET, 136.9, 0
SET, 137.0, 0
SET, 137.1, 0
SET, 137.2, 0
SET, 137.3, 0
SET, 137.4, 0
SET, 137.5, 0
SET, 137.6, 0
SET, 137.7, 0
SET, 137.8, 0
SET, 137.9, 0
SET, 138.0, 0
SET, 138.1, 0
SET, 138.2, 0
SET, 138.3, 0
SET, 138.4, 0
SET, 138.5, 0
SET, 138.6, 0
SET, 138.7, 0
SET, 138.8, 0
SET, 138.9, 0
SET, 139.0, 0
SET, 139.1, 0
SET, 139.2, 0
SET, 139.3, 0
SET, 139.4, 0
SET, 139.5, 0
SET, 139.6, 0
SET, 139.7, 0
SET, 139.8, 0
SET, 139.9, 0
SET, 140.0, 0
SET, 140.1, 0
SET, 140.2, 0
SET, 140.3, 0
SET, 140.4, 0
SET, 140.5, 0
SET, 140.6, 0
SET, 140.7, 0
SET, 140.8, 0
SET, 140.9, 0
SET, 141.0, 0
SET, 141.1, 0
SET, 141.2, 0
SET, 141.3, 0
SET, 141.4, 0
SET, 141.5, 0
SET, 141.6, 0
SET, 141.7, 0
SET, 141.8, 0
SET, 141.9, 0
SET, 142.0, 0
SET, 142.1, 0
SET, 142.2, 0
SET, 142.3, 0
SET, 142.4, 0
SET, 142.5, 0
SET, 142.6, 0
SET, 142.7, 0
SET, 142.8, 0
SET, 142.9, 0
SET, 143.0, 0
SET, 143.1, 0
SET, 143.2, 0
SET, 143.3, 0
SET, 143.4, 0
SET, 143.5, 0
SET, 143.6, 0
SET, 143.7, 0
SET, 143.8, 0
SET, 143.9, 0
SET, 144.0, 0
SET, 144.1, 0
SET, 144.2, 0
SET, 144.3, 0
SET, 144.4, 0
SET, 144.5, 0
SET, 144.6, 0
SET, 144.7, 0
SET, 144.8, 0
SET, 144.9, 0
SET, 145.0, 0
SET, 145.1, 0
SET, 145.2, 0
SET, 145.3, 0
SET, 145.4, 0
SET, 145.5, 2
SET, 145.6, 0
SET, 145.7, 0
SET, 145.8, 0
SET, 145.9, 0
SET, 146.0, 0
SET, 146.1, 0
SET, 146.2, 0
SET, 146.3, 1
SET, 146.4, 0
SET, 146.5, 0
SET, 146.6, 0
SET, 146.7, 0
SET, 146.8, 0
SET, 146.9, 1
SET, 147.0, 0
SET, 147.1, 0
SET, 147.2, 0
SET, 147.3, 0
SET, 147.4, 0
SET, 147.5, 1
SET, 147.6, 0
SET, 147.7, 0
SET, 147.8, 0
SET, 147.9, 0
SET, 148.0, 0
SET, 148.1, 0
SET, 148.2, 0
SET, 148.3, 0
SET, 148.4, 0
SET, 148.5, 0
SET, 148.6, 0
SET, 148.7, 0
SET, 148.8, 0
SET, 148.9, 0
SET, 149.0, 0
SET, 149.1, 0
SET, 149.2, 0
SET, 149.3, 0
SET, 149.4, 0
SET, 149.5, 0
SET, 149.6, 0
SET, 149.7, 0
SET, 149.8, 1
SET, 149.9, 0
SET, 150.0, 0
SET, 150.1, 0
SET, 150.2, 0
SET, 150.3, 0
SET, 150.4, 0
SET, 150.5, 0
SET, 150.6, 0
SET, 150.7, 0
SET, 150.8, 0
SET, 150.9, 0
SET, 151.0, 0
SET, 151.1, 0
SET, 151.2, 1
SET, 151.3, 1
SET, 151.4, 0
SET, 151.5, 0
SET, 151.6, 0
SET, 151.7, 0
SET, 151.8, 0
SET, 151.9, 0
SET, 152.0, 0
SET, 152.1, 0
SET, 152.2, 0
SET, 152.3, 0
SET, 152.4, 2
SET, 152.5, 0
SET, 152.6, 0
SET, 152.7, 0
SET, 152.8, 0
SET, 152.9, 0
SET, 153.0, 0
SET, 153.1, 0
SET, 153.2, 0
SET, 153.3, 0
SET, 153.4, 0
SET, 153.5, 1
SET, 153.6, 0
SET, 153.7, 0
SET, 153.8, 1
SET, 153.9, 0
SET, 154.0, 1
SET, 154.1, 0
SET, 154.2, 0
SET, 154.3, 0
SET, 154.4, 0
SET, 154.5, 0
SET, 154.6, 0
SET, 154.7, 0
SET, 154.8, 0
SET, 154.9, 0
SET, 155.0, 1
SET, 155.1, 0
SET, 155.2, 0
SET, 155.3, 0
SET, 155.4, 0
SET, 155.5, 1
SET, 155.6, 0
SET, 155.7, 0
SET, 155.8, 0
SET, 155.9, 1
SET, 156.0, 0
SET, 156.1, 0
SET, 156.2, 0
SET, 156.3, 0
SET, 156.4, 0
SET, 156.5, 2
SET, 156.6, 0
SET, 156.7, 0
SET, 156.8, 0
SET, 156.9, 0
SET, 157.0, 0
SET, 157.1, 1
SET, 157.2, 0
SET, 157.3, 0
SET, 157.4, 0
SET, 157.5, 1
SET, 157.6, 1
SET, 157.7, 0
SET, 157.8, 0
SET, 157.9, 2
SET, 158.0, 0
SET, 158.1, 0
SET, 158.2, 0
SET, 158.3, 0
SET, 158.4, 0
SET, 158.5, 0
SET, 158.6, 0
SET, 158.7, 0
SET, 158.8, 0
SET, 158.9, 0
SET, 159.0, 2
SET, 159.1, 0
SET, 159.2, 1
SET, 159.3, 0
SET, 159.4, 0
SET, 159.5, 1
SET, 159.6, 0
SET, 159.7, 0
SET, 159.8, 0
SET, 159.9, 0
SET, 160.0, 1
SET, 160.1, 0
SET, 160.2, 0
SET, 160.3, 0
SET, 160.4, 0
SET, 160.5, 0
SET, 160.6, 0
SET, 160.7, 0
SET, 160.8, 0
SET, 160.9, 0
SET, 161.0, 0
SET, 161.1, 0
SET, 161.2, 2
SET, 161.3, 0
SET, 161.4, 0
SET, 161.5, 0
SET, 161.6, 0
SET, 161.7, 0
SET, 161.8, 1
SET, 161.9, 0
SET, 162.0, 1
SET, 162.1, 0
SET, 162.2, 2
SET, 162.3, 3
SET, 162.4, 2
SET, 162.5, 0
SET, 162.6, 1
SET, 162.7, 0
SET, 162.8, 2
SET, 162.9, 1
SET, 163.0, 0
SET, 163.1, 1
SET, 163.2, 0
SET, 163.3, 1
SET, 163.4, 0
SET, 163.5, 0
SET, 163.6, 0
SET, 163.7, 0
SET, 163.8, 1
SET, 163.9, 0
SET, 164.0, 1
SET, 164.1, 0
SET, 164.2, 0
SET, 164.3, 1
SET, 164.4, 1
SET, 164.5, 0
SET, 164.6, 1
SET, 164.7, 0
SET, 164.8, 0
SET, 164.9, 0
SET, 165.0, 0
SET, 165.1, 1
SET, 165.2, 0
SET, 165.3, 0
SET, 165.4, 0
SET, 165.5, 1
SET, 165.6, 0
SET, 165.7, 0
SET, 165.8, 0
SET, 165.9, 1
SET, 166.0, 0
SET, 166.1, 0
SET, 166.2, 1
SET, 166.3, 0
SET, 166.4, 0
SET, 166.5, 0
SET, 166.6, 0
SET, 166.7, 0
SET, 166.8, 1
SET, 166.9, 0
SET, 167.0, 0
SET, 167.1, 1
SET, 167.2, 0
SET, 167.3, 1
SET, 167.4, 0
SET, 167.5, 1
SET, 167.6, 1
SET, 167.7, 0
SET, 167.8, 0
SET, 167.9, 0
SET, 168.0, 0
SET, 168.1, 0
SET, 168.2, 0
SET, 168.3, 0
SET, 168.4, 0
SET, 168.5, 0
SET, 168.6, 0
SET, 168.7, 0
SET, 168.8, 0
SET, 168.9, 0
SET, 169.0, 0
SET, 169.1, 0
SET, 169.2, 0
SET, 169.3, 0
SET, 169.4, 0
SET, 169.5, 0
SET, 169.6, 0
SET, 169.7, 0
SET, 169.8, 0
SET, 169.9, 0
SET, 170.0, 0
SET, 170.1, 0
SET, 170.2, 0
SET, 170.3, 0
SET, 170.4, 0
SET, 170.5, 0
SET, 170.6, 0
SET, 170.7, 0
SET, 170.8, 0
SET, 170.9, 0
SET, 171.0, 0
SET, 171.1, 0
SET, 171.2, 0
SET, 171.3, 0
SET, 171.4, 1
SET, 171.5, 0
SET, 171.6, 0
SET, 171.7, 0
SET, 171.8, 0
SET, 171.9, 0
SET, 172.0, 0
SET, 172.1, 0
SET, 172.2, 0
SET, 172.3, 0
SET, 172.4, 0
SET, 172.5, 0
SET, 172.6, 0
SET, 172.7, 0
SET, 172.8, 0
SET, 172.9, 0
SET, 173.0, 0
SET, 173.1, 0
SET, 173.2, 0
SET, 173.3, 0
SET, 173.4, 0
SET, 173.5, 0
SET, 173.6, 0
SET, 173.7, 0
SET, 173.8, 0
SET, 173.9, 0
SET, 174.0, 1
SET, 174.1, 0
SET, 174.2, 0
SET, 174.3, 0
SET, 174.4, 0
SET, 174.5, 0
SET, 174.6, 0
SET, 174.7, 0
SET, 174.8, 0
SET, 174.9, 0
SET, 175.0, 0
SET, 175.1, 0
SET, 175.2, 0
SET, 175.3, 0
SET, 175.4, 1
SET, 175.5, 1
SET, 175.6, 0
SET, 175.7, 0
SET, 175.8, 0
SET, 175.9, 0
SET, 176.0, 0
SET, 176.1, 0
SET, 176.2, 0
SET, 176.3, 0
SET, 176.4, 0
SET, 176.5, 0
SET, 176.6, 0
SET, 176.7, 0
SET, 176.8, 0
SET, 176.9, 0
SET, 177.0, 0
SET, 177.1, 0
SET, 177.2, 0
SET, 177.3, 0
SET, 177.4, 0
SET, 177.5, 0
SET, 177.6, 0
SET, 177.7, 0
SET, 177.8, 0
SET, 177.9, 0
SET, 178.0, 0
SET, 178.1, 0
SET, 178.2, 0
SET, 178.3, 0
SET, 178.4, 0
SET, 178.5, 0
SET, 178.6, 0
SET, 178.7, 0
SET, 178.8, 0
SET, 178.9, 0
SET, 179.0, 0
SET, 179.1, 0
SET, 179.2, 0
SET, 179.3, 0
SET, 179.4, 0
SET, 179.5, 0
SET, 179.6, 0
SET, 179.7, 0
SET, 179.8, 0
SET, 179.9, 0
SET, 180.0, 0
SET, 180.1, 0
SET, 180.2, 0
SET, 180.3, 0
SET, 180.4, 0
SET, 180.5, 0
SET, 180.6, 0
SET, 180.7, 0
SET, 180.8, 0
SET, 180.9, 0
SET, 181.0, 0
SET, 181.1, 0
SET, 181.2, 0
SET, 181.3, 0
SET, 181.4, 0
SET, 181.5, 0
SET, 181.6, 0
SET, 181.7, 0
SET, 181.8, 0
SET, 181.9, 0
SET, 182.0, 0
SET, 182.1, 0
SET, 182.2, 0
SET, 182.3, 0
SET, 182.4, 0
SET, 182.5, 0
SET, 182.6, 0
SET, 182.7, 0
SET, 182.8, 0
SET, 182.9, 0
SET, 183.0, 0
SET, 183.1, 0
SET, 183.2, 0
SET, 183.3, 0
SET, 183.4, 0
SET, 183.5, 0
SET, 183.6, 0
SET, 183.7, 0
SET, 183.8, 0
SET, 183.9, 0
SET, 184.0, 0
SET, 184.1, 0
SET, 184.2, 0
SET, 184.3, 0
SET, 184.4, 0
SET, 184.5, 0
SET, 184.6, 0
SET, 184.7, 0
SET, 184.8, 0
SET, 184.9, 0
SET, 185.0, 0
SET, 185.1, 0
SET, 185.2, 0
SET, 185.3, 0
SET, 185.4, 0
SET, 185.5, 0
SET, 185.6, 0
SET, 185.7, 0
SET, 185.8, 0
SET, 185.9, 0
SET, 186.0, 0
SET, 186.1, 0
SET, 186.2, 0
SET, 186.3, 0
SET, 186.4, 0
SET, 186.5, 0
SET, 186.6, 0
SET, 186.7, 0
SET, 186.8, 0
SET, 186.9, 0
SET, 187.0, 0
SET, 187.1, 0
SET, 187.2, 0
SET, 187.3, 0
SET, 187.4, 0
SET, 187.5, 0
SET, 187.6, 0
SET, 187.7, 0
SET, 187.8, 0
SET, 187.9, 0
SET, 188.0, 0
SET, 188.1, 0
SET, 188.2, 0
SET, 188.3, 0
SET, 188.4, 0
SET, 188.5, 0
SET, 188.6, 0
SET, 188.7, 0
SET, 188.8, 0
SET, 188.9, 0
SET, 189.0, 0
SET, 189.1, 0
SET, 189.2, 0
SET, 189.3, 0
SET, 189.4, 0
SET, 189.5, 0
SET, 189.6, 0
SET, 189.7, 0
SET, 189.8, 0
SET, 189.9, 0
SET, 190.0, 0
SET, 190.1, 0
SET, 190.2, 0
SET, 190.3, 0
SET, 190.4, 0
SET, 190.5, 0
SET, 190.6, 0
SET, 190.7, 0
SET, 190.8, 0
SET, 190.9, 0
SET, 191.0, 0
SET, 191.1, 0
SET, 191.2, 0
SET, 191.3, 0
SET, 191.4, 0
SET, 191.5, 0
SET, 191.6, 0
SET, 191.7, 0
SET, 191.8, 0
SET, 191.9, 0
SET, 192.0, 0
SET, 192.1, 0
SET, 192.2, 0
SET, 192.3, 0
SET, 192.4, 0
SET, 192.5, 0
SET, 192.6, 0
SET, 192.7, 0
SET, 192.8, 0
SET, 192.9, 0
SET, 193.0, 0
SET, 193.1, 0
SET, 193.2, 0
SET, 193.3, 0
SET, 193.4, 0
SET, 193.5, 0
SET, 193.6, 0
SET, 193.7, 0
SET, 193.8, 0
SET, 193.9, 0
SET, 194.0, 0
SET, 194.1, 0
SET, 194.2, 0
SET, 194.3, 0
SET, 194.4, 0
SET, 194.5, 0
SET, 194.6, 0
SET, 194.7, 0
SET, 194.8, 0
SET, 194.9, 0
SET, 195.0, 0
SET, 195.1, 0
SET, 195.2, 0
SET, 195.3, 0
SET, 195.4, 1
