Elapsed Time, AVG Throughput, AVG Queue Size, AVG Waiting Time, AVG Service Time, AVG Response Time, AVG SET Response Time, AVG GET Response Time, AVG MULTI-GET Response Time, #SETS, #GETS, #MULTIGETS, GET MissRatio, MULTI-GET MissRatio, AVG MULTI-GET Size
 5.00, 2486, 0, 0.376008, 1.463244, 1.980652, 1.980652, 0.000000, 0.000000, 12431, 0, 0, 0.00, 0.00, 0
10.00, 2865, 0, 0.263664, 1.230237, 1.609109, 1.609109, 0.000000, 0.000000, 14327, 0, 0, 0.00, 0.00, 0
15.00, 2923, 0, 0.265591, 1.216393, 1.588812, 1.588812, 0.000000, 0.000000, 14617, 0, 0, 0.00, 0.00, 0
20.00, 2791, 0, 0.261454, 1.356861, 1.733379, 1.733379, 0.000000, 0.000000, 13955, 0, 0, 0.00, 0.00, 0
25.00, 2806, 0, 0.255159, 1.340021, 1.695144, 1.695144, 0.000000, 0.000000, 14034, 0, 0, 0.00, 0.00, 0
30.00, 2895, 0, 0.245940, 1.244225, 1.608479, 1.608479, 0.000000, 0.000000, 14477, 0, 0, 0.00, 0.00, 0
35.00, 2907, 0, 0.273726, 1.217344, 1.608136, 1.608136, 0.000000, 0.000000, 14537, 0, 0, 0.00, 0.00, 0
40.00, 2890, 0, 0.235145, 1.248393, 1.579400, 1.579400, 0.000000, 0.000000, 14454, 0, 0, 0.00, 0.00, 0
45.00, 2889, 0, 0.271749, 1.221593, 1.605832, 1.605832, 0.000000, 0.000000, 14447, 0, 0, 0.00, 0.00, 0
50.00, 2792, 0, 0.259906, 1.396891, 1.753806, 1.753806, 0.000000, 0.000000, 13960, 0, 0, 0.00, 0.00, 0
55.00, 2891, 0, 0.259733, 1.249183, 1.625186, 1.625186, 0.000000, 0.000000, 14459, 0, 0, 0.00, 0.00, 0
60.00, 2849, 0, 0.234739, 1.342248, 1.700497, 1.700497, 0.000000, 0.000000, 14245, 0, 0, 0.00, 0.00, 0
65.00, 2937, 0, 0.242131, 1.245853, 1.598996, 1.598996, 0.000000, 0.000000, 14687, 0, 0, 0.00, 0.00, 0
70.00, 2854, 0, 0.267018, 1.239529, 1.617166, 1.617166, 0.000000, 0.000000, 14271, 0, 0, 0.00, 0.00, 0
70.00, 91, 0, 0.143879, 1.403245, 1.657539, 1.657539, 0.000000, 0.000000, 455, 0, 0, 0.00, 0.00, 0
Type, Interval, Responses
SET, 0.1, 0
SET, 0.2, 0
SET, 0.3, 0
SET, 0.4, 1
SET, 0.5, 85
SET, 0.6, 1310
SET, 0.7, 5510
SET, 0.8, 11341
SET, 0.9, 15962
SET, 1.0, 18706
SET, 1.1, 18891
SET, 1.2, 17803
SET, 1.3, 16379
SET, 1.4, 14338
SET, 1.5, 12203
SET, 1.6, 10330
SET, 1.7, 8498
SET, 1.8, 6742
SET, 1.9, 5328
SET, 2.0, 4323
SET, 2.1, 3445
SET, 2.2, 2768
SET, 2.3, 2187
SET, 2.4, 1746
SET, 2.5, 1352
SET, 2.6, 1150
SET, 2.7, 899
SET, 2.8, 815
SET, 2.9, 682
SET, 3.0, 640
SET, 3.1, 530
SET, 3.2, 450
SET, 3.3, 369
SET, 3.4, 331
SET, 3.5, 311
SET, 3.6, 325
SET, 3.7, 270
SET, 3.8, 262
SET, 3.9, 241
SET, 4.0, 248
SET, 4.1, 200
SET, 4.2, 177
SET, 4.3, 161
SET, 4.4, 186
SET, 4.5, 185
SET, 4.6, 192
SET, 4.7, 180
SET, 4.8, 199
SET, 4.9, 232
SET, 5.0, 259
SET, 5.1, 281
SET, 5.2, 290
SET, 5.3, 362
SET, 5.4, 464
SET, 5.5, 508
SET, 5.6, 518
SET, 5.7, 600
SET, 5.8, 570
SET, 5.9, 570
SET, 6.0, 529
SET, 6.1, 538
SET, 6.2, 517
SET, 6.3, 431
SET, 6.4, 424
SET, 6.5, 421
SET, 6.6, 335
SET, 6.7, 303
SET, 6.8, 267
SET, 6.9, 215
SET, 7.0, 177
SET, 7.1, 161
SET, 7.2, 127
SET, 7.3, 108
SET, 7.4, 79
SET, 7.5, 106
SET, 7.6, 78
SET, 7.7, 66
SET, 7.8, 56
SET, 7.9, 63
SET, 8.0, 64
SET, 8.1, 55
SET, 8.2, 52
SET, 8.3, 59
SET, 8.4, 34
SET, 8.5, 58
SET, 8.6, 48
SET, 8.7, 41
SET, 8.8, 69
SET, 8.9, 45
SET, 9.0, 65
SET, 9.1, 64
SET, 9.2, 45
SET, 9.3, 50
SET, 9.4, 54
SET, 9.5, 42
SET, 9.6, 43
SET, 9.7, 25
SET, 9.8, 19
SET, 9.9, 20
SET, 10.0, 22
SET, 10.1, 20
SET, 10.2, 28
SET, 10.3, 12
SET, 10.4, 15
SET, 10.5, 10
SET, 10.6, 13
SET, 10.7, 12
SET, 10.8, 14
SET, 10.9, 13
SET, 11.0, 10
SET, 11.1, 14
SET, 11.2, 7
SET, 11.3, 11
SET, 11.4, 11
SET, 11.5, 7
SET, 11.6, 1
SET, 11.7, 4
SET, 11.8, 6
SET, 11.9, 6
SET, 12.0, 9
SET, 12.1, 1
SET, 12.2, 1
SET, 12.3, 2
SET, 12.4, 4
SET, 12.5, 3
SET, 12.6, 1
SET, 12.7, 2
SET, 12.8, 3
SET, 12.9, 4
SET, 13.0, 2
SET, 13.1, 2
SET, 13.2, 3
SET, 13.3, 2
SET, 13.4, 3
SET, 13.5, 2
SET, 13.6, 2
SET, 13.7, 3
SET, 13.8, 4
SET, 13.9, 3
SET, 14.0, 3
SET, 14.1, 6
SET, 14.2, 6
SET, 14.3, 3
SET, 14.4, 3
SET, 14.5, 1
SET, 14.6, 5
SET, 14.7, 2
SET, 14.8, 1
SET, 14.9, 2
SET, 15.0, 1
SET, 15.1, 0
SET, 15.2, 0
SET, 15.3, 2
SET, 15.4, 1
SET, 15.5, 2
SET, 15.6, 3
SET, 15.7, 0
SET, 15.8, 0
SET, 15.9, 4
SET, 16.0, 2
SET, 16.1, 3
SET, 16.2, 4
SET, 16.3, 0
SET, 16.4, 2
SET, 16.5, 4
SET, 16.6, 6
SET, 16.7, 1
SET, 16.8, 4
SET, 16.9, 0
SET, 17.0, 0
SET, 17.1, 1
SET, 17.2, 0
SET, 17.3, 1
SET, 17.4, 0
SET, 17.5, 1
SET, 17.6, 0
SET, 17.7, 2
SET, 17.8, 0
SET, 17.9, 4
SET, 18.0, 5
SET, 18.1, 2
SET, 18.2, 5
SET, 18.3, 2
SET, 18.4, 0
SET, 18.5, 1
SET, 18.6, 3
SET, 18.7, 3
SET, 18.8, 2
SET, 18.9, 2
SET, 19.0, 0
SET, 19.1, 0
SET, 19.2, 0
SET, 19.3, 1
SET, 19.4, 2
SET, 19.5, 0
SET, 19.6, 0
SET, 19.7, 3
SET, 19.8, 1
SET, 19.9, 0
SET, 20.0, 0
SET, 20.1, 2
SET, 20.2, 1
SET, 20.3, 4
SET, 20.4, 2
SET, 20.5, 2
SET, 20.6, 0
SET, 20.7, 2
SET, 20.8, 3
SET, 20.9, 4
SET, 21.0, 1
SET, 21.1, 6
SET, 21.2, 3
SET, 21.3, 4
SET, 21.4, 5
SET, 21.5, 2
SET, 21.6, 4
SET, 21.7, 6
SET, 21.8, 0
SET, 21.9, 2
SET, 22.0, 1
SET, 22.1, 0
SET, 22.2, 0
SET, 22.3, 1
SET, 22.4, 3
SET, 22.5, 4
SET, 22.6, 4
SET, 22.7, 3
SET, 22.8, 1
SET, 22.9, 0
SET, 23.0, 0
SET, 23.1, 1
SET, 23.2, 1
SET, 23.3, 1
SET, 23.4, 0
SET, 23.5, 0
SET, 23.6, 1
SET, 23.7, 0
SET, 23.8, 1
SET, 23.9, 0
SET, 24.0, 0
SET, 24.1, 0
SET, 24.2, 1
SET, 24.3, 1
SET, 24.4, 1
SET, 24.5, 0
SET, 24.6, 1
SET, 24.7, 0
SET, 24.8, 1
SET, 24.9, 1
SET, 25.0, 0
SET, 25.1, 0
SET, 25.2, 0
SET, 25.3, 0
SET, 25.4, 0
SET, 25.5, 0
SET, 25.6, 0
SET, 25.7, 0
SET, 25.8, 0
SET, 25.9, 0
SET, 26.0, 0
SET, 26.1, 0
SET, 26.2, 0
SET, 26.3, 1
SET, 26.4, 0
SET, 26.5, 1
SET, 26.6, 0
SET, 26.7, 0
SET, 26.8, 0
SET, 26.9, 0
SET, 27.0, 0
SET, 27.1, 0
SET, 27.2, 0
SET, 27.3, 0
SET, 27.4, 0
SET, 27.5, 0
SET, 27.6, 0
SET, 27.7, 0
SET, 27.8, 0
SET, 27.9, 0
SET, 28.0, 0
SET, 28.1, 0
SET, 28.2, 0
SET, 28.3, 0
SET, 28.4, 0
SET, 28.5, 0
SET, 28.6, 0
SET, 28.7, 0
SET, 28.8, 0
SET, 28.9, 0
SET, 29.0, 0
SET, 29.1, 0
SET, 29.2, 0
SET, 29.3, 0
SET, 29.4, 0
SET, 29.5, 0
SET, 29.6, 0
SET, 29.7, 0
SET, 29.8, 0
SET, 29.9, 0
SET, 30.0, 0
SET, 30.1, 0
SET, 30.2, 0
SET, 30.3, 0
SET, 30.4, 0
SET, 30.5, 0
SET, 30.6, 0
SET, 30.7, 0
SET, 30.8, 0
SET, 30.9, 0
SET, 31.0, 0
SET, 31.1, 0
SET, 31.2, 0
SET, 31.3, 0
SET, 31.4, 0
SET, 31.5, 0
SET, 31.6, 0
SET, 31.7, 0
SET, 31.8, 0
SET, 31.9, 0
SET, 32.0, 0
SET, 32.1, 0
SET, 32.2, 0
SET, 32.3, 0
SET, 32.4, 0
SET, 32.5, 0
SET, 32.6, 0
SET, 32.7, 0
SET, 32.8, 0
SET, 32.9, 0
SET, 33.0, 0
SET, 33.1, 0
SET, 33.2, 0
SET, 33.3, 0
SET, 33.4, 0
SET, 33.5, 0
SET, 33.6, 0
SET, 33.7, 0
SET, 33.8, 0
SET, 33.9, 0
SET, 34.0, 0
SET, 34.1, 0
SET, 34.2, 0
SET, 34.3, 0
SET, 34.4, 0
SET, 34.5, 0
SET, 34.6, 0
SET, 34.7, 0
SET, 34.8, 0
SET, 34.9, 0
SET, 35.0, 0
SET, 35.1, 0
SET, 35.2, 0
SET, 35.3, 0
SET, 35.4, 0
SET, 35.5, 0
SET, 35.6, 0
SET, 35.7, 0
SET, 35.8, 0
SET, 35.9, 0
SET, 36.0, 0
SET, 36.1, 0
SET, 36.2, 0
SET, 36.3, 0
SET, 36.4, 0
SET, 36.5, 0
SET, 36.6, 0
SET, 36.7, 0
SET, 36.8, 1
SET, 36.9, 0
SET, 37.0, 0
SET, 37.1, 0
SET, 37.2, 0
SET, 37.3, 0
SET, 37.4, 0
SET, 37.5, 0
SET, 37.6, 0
SET, 37.7, 1
SET, 37.8, 0
SET, 37.9, 1
SET, 38.0, 0
SET, 38.1, 0
SET, 38.2, 0
SET, 38.3, 0
SET, 38.4, 0
SET, 38.5, 0
SET, 38.6, 0
SET, 38.7, 0
SET, 38.8, 0
SET, 38.9, 0
SET, 39.0, 0
SET, 39.1, 0
SET, 39.2, 0
SET, 39.3, 0
SET, 39.4, 0
SET, 39.5, 0
SET, 39.6, 0
SET, 39.7, 0
SET, 39.8, 0
SET, 39.9, 0
SET, 40.0, 0
SET, 40.1, 0
SET, 40.2, 0
SET, 40.3, 0
SET, 40.4, 0
SET, 40.5, 0
SET, 40.6, 0
SET, 40.7, 0
SET, 40.8, 0
SET, 40.9, 0
SET, 41.0, 0
SET, 41.1, 0
SET, 41.2, 0
SET, 41.3, 0
SET, 41.4, 0
SET, 41.5, 0
SET, 41.6, 0
SET, 41.7, 0
SET, 41.8, 0
SET, 41.9, 0
SET, 42.0, 0
SET, 42.1, 0
SET, 42.2, 0
SET, 42.3, 0
SET, 42.4, 0
SET, 42.5, 0
SET, 42.6, 0
SET, 42.7, 0
SET, 42.8, 0
SET, 42.9, 0
SET, 43.0, 0
SET, 43.1, 0
SET, 43.2, 0
SET, 43.3, 0
SET, 43.4, 0
SET, 43.5, 0
SET, 43.6, 0
SET, 43.7, 0
SET, 43.8, 0
SET, 43.9, 0
SET, 44.0, 0
SET, 44.1, 0
SET, 44.2, 0
SET, 44.3, 0
SET, 44.4, 0
SET, 44.5, 0
SET, 44.6, 0
SET, 44.7, 0
SET, 44.8, 0
SET, 44.9, 0
SET, 45.0, 0
SET, 45.1, 0
SET, 45.2, 0
SET, 45.3, 0
SET, 45.4, 0
SET, 45.5, 0
SET, 45.6, 0
SET, 45.7, 0
SET, 45.8, 0
SET, 45.9, 0
SET, 46.0, 0
SET, 46.1, 0
SET, 46.2, 0
SET, 46.3, 0
SET, 46.4, 0
SET, 46.5, 0
SET, 46.6, 0
SET, 46.7, 0
SET, 46.8, 0
SET, 46.9, 0
SET, 47.0, 0
SET, 47.1, 0
SET, 47.2, 0
SET, 47.3, 0
SET, 47.4, 0
SET, 47.5, 0
SET, 47.6, 0
SET, 47.7, 0
SET, 47.8, 0
SET, 47.9, 0
SET, 48.0, 0
SET, 48.1, 0
SET, 48.2, 0
SET, 48.3, 0
SET, 48.4, 0
SET, 48.5, 0
SET, 48.6, 0
SET, 48.7, 0
SET, 48.8, 0
SET, 48.9, 0
SET, 49.0, 0
SET, 49.1, 0
SET, 49.2, 0
SET, 49.3, 0
SET, 49.4, 0
SET, 49.5, 0
SET, 49.6, 0
SET, 49.7, 0
SET, 49.8, 0
SET, 49.9, 0
SET, 50.0, 0
SET, 50.1, 0
SET, 50.2, 0
SET, 50.3, 0
SET, 50.4, 0
SET, 50.5, 0
SET, 50.6, 0
SET, 50.7, 0
SET, 50.8, 0
SET, 50.9, 0
SET, 51.0, 0
SET, 51.1, 0
SET, 51.2, 0
SET, 51.3, 0
SET, 51.4, 0
SET, 51.5, 0
SET, 51.6, 0
SET, 51.7, 0
SET, 51.8, 0
SET, 51.9, 0
SET, 52.0, 0
SET, 52.1, 0
SET, 52.2, 0
SET, 52.3, 0
SET, 52.4, 0
SET, 52.5, 0
SET, 52.6, 0
SET, 52.7, 0
SET, 52.8, 0
SET, 52.9, 0
SET, 53.0, 0
SET, 53.1, 0
SET, 53.2, 0
SET, 53.3, 0
SET, 53.4, 0
SET, 53.5, 0
SET, 53.6, 0
SET, 53.7, 0
SET, 53.8, 0
SET, 53.9, 0
SET, 54.0, 0
SET, 54.1, 0
SET, 54.2, 0
SET, 54.3, 0
SET, 54.4, 0
SET, 54.5, 0
SET, 54.6, 0
SET, 54.7, 0
SET, 54.8, 0
SET, 54.9, 0
SET, 55.0, 0
SET, 55.1, 0
SET, 55.2, 0
SET, 55.3, 0
SET, 55.4, 0
SET, 55.5, 0
SET, 55.6, 0
SET, 55.7, 0
SET, 55.8, 0
SET, 55.9, 0
SET, 56.0, 0
SET, 56.1, 0
SET, 56.2, 0
SET, 56.3, 0
SET, 56.4, 0
SET, 56.5, 0
SET, 56.6, 0
SET, 56.7, 0
SET, 56.8, 0
SET, 56.9, 0
SET, 57.0, 0
SET, 57.1, 0
SET, 57.2, 0
SET, 57.3, 0
SET, 57.4, 0
SET, 57.5, 0
SET, 57.6, 0
SET, 57.7, 0
SET, 57.8, 0
SET, 57.9, 0
SET, 58.0, 0
SET, 58.1, 0
SET, 58.2, 0
SET, 58.3, 0
SET, 58.4, 0
SET, 58.5, 0
SET, 58.6, 0
SET, 58.7, 0
SET, 58.8, 0
SET, 58.9, 0
SET, 59.0, 0
SET, 59.1, 0
SET, 59.2, 0
SET, 59.3, 0
SET, 59.4, 0
SET, 59.5, 0
SET, 59.6, 0
SET, 59.7, 0
SET, 59.8, 0
SET, 59.9, 0
SET, 60.0, 0
SET, 60.1, 0
SET, 60.2, 0
SET, 60.3, 0
SET, 60.4, 0
SET, 60.5, 0
SET, 60.6, 0
SET, 60.7, 0
SET, 60.8, 0
SET, 60.9, 0
SET, 61.0, 0
SET, 61.1, 0
SET, 61.2, 0
SET, 61.3, 0
SET, 61.4, 0
SET, 61.5, 0
SET, 61.6, 0
SET, 61.7, 0
SET, 61.8, 0
SET, 61.9, 0
SET, 62.0, 0
SET, 62.1, 0
SET, 62.2, 0
SET, 62.3, 0
SET, 62.4, 0
SET, 62.5, 0
SET, 62.6, 0
SET, 62.7, 0
SET, 62.8, 0
SET, 62.9, 0
SET, 63.0, 0
SET, 63.1, 0
SET, 63.2, 0
SET, 63.3, 0
SET, 63.4, 0
SET, 63.5, 0
SET, 63.6, 0
SET, 63.7, 0
SET, 63.8, 0
SET, 63.9, 0
SET, 64.0, 0
SET, 64.1, 0
SET, 64.2, 0
SET, 64.3, 0
SET, 64.4, 0
SET, 64.5, 0
SET, 64.6, 0
SET, 64.7, 0
SET, 64.8, 0
SET, 64.9, 0
SET, 65.0, 0
SET, 65.1, 0
SET, 65.2, 0
SET, 65.3, 0
SET, 65.4, 0
SET, 65.5, 0
SET, 65.6, 0
SET, 65.7, 0
SET, 65.8, 0
SET, 65.9, 0
SET, 66.0, 0
SET, 66.1, 0
SET, 66.2, 0
SET, 66.3, 0
SET, 66.4, 0
SET, 66.5, 0
SET, 66.6, 0
SET, 66.7, 0
SET, 66.8, 0
SET, 66.9, 0
SET, 67.0, 0
SET, 67.1, 0
SET, 67.2, 0
SET, 67.3, 0
SET, 67.4, 0
SET, 67.5, 0
SET, 67.6, 0
SET, 67.7, 0
SET, 67.8, 0
SET, 67.9, 0
SET, 68.0, 0
SET, 68.1, 0
SET, 68.2, 0
SET, 68.3, 0
SET, 68.4, 0
SET, 68.5, 0
SET, 68.6, 0
SET, 68.7, 0
SET, 68.8, 0
SET, 68.9, 0
SET, 69.0, 0
SET, 69.1, 0
SET, 69.2, 0
SET, 69.3, 0
SET, 69.4, 0
SET, 69.5, 0
SET, 69.6, 0
SET, 69.7, 0
SET, 69.8, 0
SET, 69.9, 0
SET, 70.0, 0
SET, 70.1, 0
SET, 70.2, 0
SET, 70.3, 0
SET, 70.4, 0
SET, 70.5, 0
SET, 70.6, 0
SET, 70.7, 0
SET, 70.8, 0
SET, 70.9, 0
SET, 71.0, 0
SET, 71.1, 0
SET, 71.2, 0
SET, 71.3, 0
SET, 71.4, 0
SET, 71.5, 0
SET, 71.6, 0
SET, 71.7, 0
SET, 71.8, 0
SET, 71.9, 0
SET, 72.0, 0
SET, 72.1, 0
SET, 72.2, 0
SET, 72.3, 0
SET, 72.4, 0
SET, 72.5, 0
SET, 72.6, 0
SET, 72.7, 0
SET, 72.8, 0
SET, 72.9, 0
SET, 73.0, 0
SET, 73.1, 0
SET, 73.2, 0
SET, 73.3, 0
SET, 73.4, 0
SET, 73.5, 0
SET, 73.6, 0
SET, 73.7, 0
SET, 73.8, 0
SET, 73.9, 0
SET, 74.0, 0
SET, 74.1, 0
SET, 74.2, 0
SET, 74.3, 0
SET, 74.4, 0
SET, 74.5, 0
SET, 74.6, 0
SET, 74.7, 0
SET, 74.8, 0
SET, 74.9, 0
SET, 75.0, 0
SET, 75.1, 0
SET, 75.2, 0
SET, 75.3, 0
SET, 75.4, 0
SET, 75.5, 0
SET, 75.6, 0
SET, 75.7, 0
SET, 75.8, 0
SET, 75.9, 0
SET, 76.0, 0
SET, 76.1, 0
SET, 76.2, 0
SET, 76.3, 0
SET, 76.4, 0
SET, 76.5, 0
SET, 76.6, 0
SET, 76.7, 0
SET, 76.8, 0
SET, 76.9, 0
SET, 77.0, 0
SET, 77.1, 0
SET, 77.2, 0
SET, 77.3, 0
SET, 77.4, 0
SET, 77.5, 0
SET, 77.6, 0
SET, 77.7, 0
SET, 77.8, 0
SET, 77.9, 0
SET, 78.0, 0
SET, 78.1, 0
SET, 78.2, 0
SET, 78.3, 0
SET, 78.4, 0
SET, 78.5, 0
SET, 78.6, 0
SET, 78.7, 0
SET, 78.8, 0
SET, 78.9, 0
SET, 79.0, 0
SET, 79.1, 0
SET, 79.2, 0
SET, 79.3, 0
SET, 79.4, 0
SET, 79.5, 0
SET, 79.6, 0
SET, 79.7, 0
SET, 79.8, 0
SET, 79.9, 0
SET, 80.0, 0
SET, 80.1, 0
SET, 80.2, 0
SET, 80.3, 0
SET, 80.4, 0
SET, 80.5, 0
SET, 80.6, 0
SET, 80.7, 0
SET, 80.8, 0
SET, 80.9, 0
SET, 81.0, 0
SET, 81.1, 0
SET, 81.2, 0
SET, 81.3, 0
SET, 81.4, 0
SET, 81.5, 0
SET, 81.6, 0
SET, 81.7, 0
SET, 81.8, 0
SET, 81.9, 0
SET, 82.0, 0
SET, 82.1, 0
SET, 82.2, 0
SET, 82.3, 0
SET, 82.4, 0
SET, 82.5, 0
SET, 82.6, 0
SET, 82.7, 0
SET, 82.8, 0
SET, 82.9, 0
SET, 83.0, 0
SET, 83.1, 0
SET, 83.2, 0
SET, 83.3, 0
SET, 83.4, 0
SET, 83.5, 0
SET, 83.6, 0
SET, 83.7, 0
SET, 83.8, 0
SET, 83.9, 0
SET, 84.0, 0
SET, 84.1, 0
SET, 84.2, 0
SET, 84.3, 0
SET, 84.4, 0
SET, 84.5, 0
SET, 84.6, 0
SET, 84.7, 0
SET, 84.8, 0
SET, 84.9, 0
SET, 85.0, 0
SET, 85.1, 0
SET, 85.2, 0
SET, 85.3, 0
SET, 85.4, 0
SET, 85.5, 0
SET, 85.6, 0
SET, 85.7, 0
SET, 85.8, 0
SET, 85.9, 0
SET, 86.0, 0
SET, 86.1, 0
SET, 86.2, 0
SET, 86.3, 0
SET, 86.4, 0
SET, 86.5, 0
SET, 86.6, 0
SET, 86.7, 0
SET, 86.8, 0
SET, 86.9, 0
SET, 87.0, 0
SET, 87.1, 0
SET, 87.2, 0
SET, 87.3, 0
SET, 87.4, 0
SET, 87.5, 0
SET, 87.6, 0
SET, 87.7, 0
SET, 87.8, 0
SET, 87.9, 0
SET, 88.0, 0
SET, 88.1, 0
SET, 88.2, 0
SET, 88.3, 0
SET, 88.4, 0
SET, 88.5, 0
SET, 88.6, 0
SET, 88.7, 0
SET, 88.8, 0
SET, 88.9, 0
SET, 89.0, 0
SET, 89.1, 0
SET, 89.2, 0
SET, 89.3, 0
SET, 89.4, 0
SET, 89.5, 0
SET, 89.6, 0
SET, 89.7, 0
SET, 89.8, 0
SET, 89.9, 0
SET, 90.0, 0
SET, 90.1, 0
SET, 90.2, 0
SET, 90.3, 0
SET, 90.4, 0
SET, 90.5, 0
SET, 90.6, 0
SET, 90.7, 0
SET, 90.8, 0
SET, 90.9, 0
SET, 91.0, 0
SET, 91.1, 0
SET, 91.2, 0
SET, 91.3, 0
SET, 91.4, 0
SET, 91.5, 0
SET, 91.6, 0
SET, 91.7, 0
SET, 91.8, 0
SET, 91.9, 0
SET, 92.0, 0
SET, 92.1, 0
SET, 92.2, 0
SET, 92.3, 0
SET, 92.4, 0
SET, 92.5, 0
SET, 92.6, 0
SET, 92.7, 0
SET, 92.8, 0
SET, 92.9, 0
SET, 93.0, 0
SET, 93.1, 0
SET, 93.2, 0
SET, 93.3, 0
SET, 93.4, 0
SET, 93.5, 1
SET, 93.6, 0
SET, 93.7, 0
SET, 93.8, 0
SET, 93.9, 0
SET, 94.0, 0
SET, 94.1, 1
SET, 94.2, 0
SET, 94.3, 0
SET, 94.4, 0
SET, 94.5, 0
SET, 94.6, 0
SET, 94.7, 0
SET, 94.8, 0
SET, 94.9, 0
SET, 95.0, 0
SET, 95.1, 0
SET, 95.2, 0
SET, 95.3, 0
SET, 95.4, 0
SET, 95.5, 0
SET, 95.6, 0
SET, 95.7, 0
SET, 95.8, 0
SET, 95.9, 0
SET, 96.0, 0
SET, 96.1, 0
SET, 96.2, 0
SET, 96.3, 0
SET, 96.4, 0
SET, 96.5, 0
SET, 96.6, 0
SET, 96.7, 0
SET, 96.8, 0
SET, 96.9, 0
SET, 97.0, 0
SET, 97.1, 0
SET, 97.2, 0
SET, 97.3, 0
SET, 97.4, 0
SET, 97.5, 0
SET, 97.6, 0
SET, 97.7, 0
SET, 97.8, 0
SET, 97.9, 0
SET, 98.0, 0
SET, 98.1, 0
SET, 98.2, 0
SET, 98.3, 0
SET, 98.4, 0
SET, 98.5, 0
SET, 98.6, 0
SET, 98.7, 0
SET, 98.8, 0
SET, 98.9, 0
SET, 99.0, 0
SET, 99.1, 0
SET, 99.2, 0
SET, 99.3, 0
SET, 99.4, 0
SET, 99.5, 0
SET, 99.6, 0
SET, 99.7, 0
SET, 99.8, 0
SET, 99.9, 0
SET, 100.0, 0
SET, 100.1, 0
SET, 100.2, 0
SET, 100.3, 0
SET, 100.4, 0
SET, 100.5, 0
SET, 100.6, 0
SET, 100.7, 0
SET, 100.8, 0
SET, 100.9, 0
SET, 101.0, 0
SET, 101.1, 0
SET, 101.2, 0
SET, 101.3, 1
SET, 101.4, 0
SET, 101.5, 1
SET, 101.6, 0
SET, 101.7, 0
SET, 101.8, 0
SET, 101.9, 0
SET, 102.0, 0
SET, 102.1, 0
SET, 102.2, 0
SET, 102.3, 0
SET, 102.4, 0
SET, 102.5, 0
SET, 102.6, 0
SET, 102.7, 0
SET, 102.8, 0
SET, 102.9, 0
SET, 103.0, 0
SET, 103.1, 0
SET, 103.2, 0
SET, 103.3, 0
SET, 103.4, 0
SET, 103.5, 0
SET, 103.6, 0
SET, 103.7, 0
SET, 103.8, 0
SET, 103.9, 0
SET, 104.0, 0
SET, 104.1, 0
SET, 104.2, 0
SET, 104.3, 0
SET, 104.4, 0
SET, 104.5, 0
SET, 104.6, 0
SET, 104.7, 0
SET, 104.8, 0
SET, 104.9, 0
SET, 105.0, 0
SET, 105.1, 0
SET, 105.2, 0
SET, 105.3, 0
SET, 105.4, 0
SET, 105.5, 0
SET, 105.6, 0
SET, 105.7, 0
SET, 105.8, 0
SET, 105.9, 0
SET, 106.0, 0
SET, 106.1, 0
SET, 106.2, 0
SET, 106.3, 0
SET, 106.4, 0
SET, 106.5, 0
SET, 106.6, 0
SET, 106.7, 0
SET, 106.8, 0
SET, 106.9, 0
SET, 107.0, 0
SET, 107.1, 0
SET, 107.2, 0
SET, 107.3, 0
SET, 107.4, 0
SET, 107.5, 0
SET, 107.6, 0
SET, 107.7, 0
SET, 107.8, 0
SET, 107.9, 0
SET, 108.0, 0
SET, 108.1, 0
SET, 108.2, 0
SET, 108.3, 0
SET, 108.4, 0
SET, 108.5, 0
SET, 108.6, 0
SET, 108.7, 0
SET, 108.8, 0
SET, 108.9, 0
SET, 109.0, 0
SET, 109.1, 0
SET, 109.2, 0
SET, 109.3, 0
SET, 109.4, 0
SET, 109.5, 0
SET, 109.6, 0
SET, 109.7, 0
SET, 109.8, 0
SET, 109.9, 0
SET, 110.0, 0
SET, 110.1, 0
SET, 110.2, 0
SET, 110.3, 0
SET, 110.4, 0
SET, 110.5, 0
SET, 110.6, 0
SET, 110.7, 0
SET, 110.8, 0
SET, 110.9, 0
SET, 111.0, 0
SET, 111.1, 0
SET, 111.2, 0
SET, 111.3, 0
SET, 111.4, 0
SET, 111.5, 0
SET, 111.6, 0
SET, 111.7, 0
SET, 111.8, 0
SET, 111.9, 0
SET, 112.0, 0
SET, 112.1, 0
SET, 112.2, 0
SET, 112.3, 0
SET, 112.4, 0
SET, 112.5, 0
SET, 112.6, 0
SET, 112.7, 0
SET, 112.8, 0
SET, 112.9, 0
SET, 113.0, 0
SET, 113.1, 0
SET, 113.2, 0
SET, 113.3, 0
SET, 113.4, 0
SET, 113.5, 0
SET, 113.6, 0
SET, 113.7, 0
SET, 113.8, 0
SET, 113.9, 0
SET, 114.0, 0
SET, 114.1, 0
SET, 114.2, 0
SET, 114.3, 0
SET, 114.4, 0
SET, 114.5, 0
SET, 114.6, 0
SET, 114.7, 0
SET, 114.8, 0
SET, 114.9, 0
SET, 115.0, 0
SET, 115.1, 0
SET, 115.2, 0
SET, 115.3, 0
SET, 115.4, 0
SET, 115.5, 0
SET, 115.6, 0
SET, 115.7, 0
SET, 115.8, 0
SET, 115.9, 0
SET, 116.0, 0
SET, 116.1, 0
SET, 116.2, 0
SET, 116.3, 0
SET, 116.4, 0
SET, 116.5, 0
SET, 116.6, 0
SET, 116.7, 0
SET, 116.8, 0
SET, 116.9, 0
SET, 117.0, 0
SET, 117.1, 0
SET, 117.2, 0
SET, 117.3, 0
SET, 117.4, 0
SET, 117.5, 0
SET, 117.6, 0
SET, 117.7, 0
SET, 117.8, 0
SET, 117.9, 0
SET, 118.0, 0
SET, 118.1, 0
SET, 118.2, 0
SET, 118.3, 0
SET, 118.4, 0
SET, 118.5, 0
SET, 118.6, 0
SET, 118.7, 0
SET, 118.8, 0
SET, 118.9, 0
SET, 119.0, 0
SET, 119.1, 0
SET, 119.2, 0
SET, 119.3, 0
SET, 119.4, 0
SET, 119.5, 0
SET, 119.6, 0
SET, 119.7, 0
SET, 119.8, 0
SET, 119.9, 0
SET, 120.0, 0
SET, 120.1, 0
SET, 120.2, 0
SET, 120.3, 0
SET, 120.4, 0
SET, 120.5, 0
SET, 120.6, 0
SET, 120.7, 0
SET, 120.8, 0
SET, 120.9, 0
SET, 121.0, 0
SET, 121.1, 0
SET, 121.2, 0
SET, 121.3, 0
SET, 121.4, 0
SET, 121.5, 0
SET, 121.6, 0
SET, 121.7, 0
SET, 121.8, 0
SET, 121.9, 0
SET, 122.0, 0
SET, 122.1, 0
SET, 122.2, 0
SET, 122.3, 0
SET, 122.4, 0
SET, 122.5, 0
SET, 122.6, 0
SET, 122.7, 0
SET, 122.8, 0
SET, 122.9, 0
SET, 123.0, 0
SET, 123.1, 0
SET, 123.2, 0
SET, 123.3, 0
SET, 123.4, 0
SET, 123.5, 0
SET, 123.6, 0
SET, 123.7, 0
SET, 123.8, 0
SET, 123.9, 0
SET, 124.0, 0
SET, 124.1, 0
SET, 124.2, 0
SET, 124.3, 0
SET, 124.4, 0
SET, 124.5, 0
SET, 124.6, 0
SET, 124.7, 0
SET, 124.8, 0
SET, 124.9, 0
SET, 125.0, 0
SET, 125.1, 0
SET, 125.2, 0
SET, 125.3, 0
SET, 125.4, 0
SET, 125.5, 0
SET, 125.6, 0
SET, 125.7, 0
SET, 125.8, 0
SET, 125.9, 0
SET, 126.0, 0
SET, 126.1, 0
SET, 126.2, 0
SET, 126.3, 0
SET, 126.4, 0
SET, 126.5, 0
SET, 126.6, 0
SET, 126.7, 0
SET, 126.8, 0
SET, 126.9, 0
SET, 127.0, 0
SET, 127.1, 1
SET, 127.2, 0
SET, 127.3, 0
SET, 127.4, 0
SET, 127.5, 0
SET, 127.6, 0
SET, 127.7, 0
SET, 127.8, 0
SET, 127.9, 0
SET, 128.0, 0
SET, 128.1, 0
SET, 128.2, 0
SET, 128.3, 0
SET, 128.4, 0
SET, 128.5, 0
SET, 128.6, 0
SET, 128.7, 0
SET, 128.8, 0
SET, 128.9, 0
SET, 129.0, 0
SET, 129.1, 0
SET, 129.2, 0
SET, 129.3, 0
SET, 129.4, 0
SET, 129.5, 0
SET, 129.6, 0
SET, 129.7, 0
SET, 129.8, 0
SET, 129.9, 0
SET, 130.0, 0
SET, 130.1, 0
SET, 130.2, 0
SET, 130.3, 0
SET, 130.4, 0
SET, 130.5, 0
SET, 130.6, 0
SET, 130.7, 1
SET, 130.8, 0
SET, 130.9, 1
SET, 131.0, 0
SET, 131.1, 0
SET, 131.2, 0
SET, 131.3, 0
SET, 131.4, 0
SET, 131.5, 0
SET, 131.6, 0
SET, 131.7, 0
SET, 131.8, 0
SET, 131.9, 0
SET, 132.0, 0
SET, 132.1, 0
SET, 132.2, 0
SET, 132.3, 0
SET, 132.4, 0
SET, 132.5, 0
SET, 132.6, 0
SET, 132.7, 0
SET, 132.8, 0
SET, 132.9, 0
SET, 133.0, 1
