Elapsed Time, AVG Throughput, AVG Queue Size, AVG Waiting Time, AVG Service Time, AVG Response Time, AVG SET Response Time, AVG GET Response Time, AVG MULTI-GET Response Time, #SETS, #GETS, #MULTIGETS, GET MissRatio, MULTI-GET MissRatio, AVG MULTI-GET Size
 5.00, 5372, 20, 4.595128, 4.356079, 9.192634, 9.192634, 0.000000, 0.000000, 26861, 0, 0, 0.00, 0.00, 0
10.00, 6341, 22, 4.032584, 4.401858, 8.561804, 8.561804, 0.000000, 0.000000, 31709, 0, 0, 0.00, 0.00, 0
15.00, 6211, 22, 4.088413, 4.483294, 8.715568, 8.715568, 0.000000, 0.000000, 31057, 0, 0, 0.00, 0.00, 0
20.00, 6229, 22, 4.080582, 4.501705, 8.700485, 8.700485, 0.000000, 0.000000, 31147, 0, 0, 0.00, 0.00, 0
25.00, 6405, 21, 3.915790, 4.316230, 8.375060, 8.375060, 0.000000, 0.000000, 32025, 0, 0, 0.00, 0.00, 0
30.00, 6361, 21, 3.890911, 4.372806, 8.410290, 8.410290, 0.000000, 0.000000, 31806, 0, 0, 0.00, 0.00, 0
35.00, 6227, 21, 4.061173, 4.489830, 8.686839, 8.686839, 0.000000, 0.000000, 31135, 0, 0, 0.00, 0.00, 0
40.00, 6323, 21, 3.898723, 4.457686, 8.513835, 8.513835, 0.000000, 0.000000, 31615, 0, 0, 0.00, 0.00, 0
45.00, 6244, 21, 4.025751, 4.389336, 8.534021, 8.534021, 0.000000, 0.000000, 31224, 0, 0, 0.00, 0.00, 0
50.00, 6277, 22, 4.020518, 4.440258, 8.609319, 8.609319, 0.000000, 0.000000, 31387, 0, 0, 0.00, 0.00, 0
55.00, 6360, 22, 3.997810, 4.389116, 8.514555, 8.514555, 0.000000, 0.000000, 31802, 0, 0, 0.00, 0.00, 0
60.00, 6147, 21, 4.102654, 4.476623, 8.732285, 8.732285, 0.000000, 0.000000, 30739, 0, 0, 0.00, 0.00, 0
65.00, 6239, 21, 3.931068, 4.363303, 8.429839, 8.429839, 0.000000, 0.000000, 31197, 0, 0, 0.00, 0.00, 0
70.00, 6241, 22, 4.128902, 4.463976, 8.730478, 8.730478, 0.000000, 0.000000, 31209, 0, 0, 0.00, 0.00, 0
70.00, 32, 2, 0.837577, 2.768914, 3.768251, 3.768251, 0.000000, 0.000000, 160, 0, 0, 0.00, 0.00, 0
Type, Interval, Responses
SET, 0.1, 0
SET, 0.2, 0
SET, 0.3, 0
SET, 0.4, 0
SET, 0.5, 0
SET, 0.6, 6
SET, 0.7, 44
SET, 0.8, 86
SET, 0.9, 154
SET, 1.0, 237
SET, 1.1, 307
SET, 1.2, 384
SET, 1.3, 432
SET, 1.4, 496
SET, 1.5, 524
SET, 1.6, 644
SET, 1.7, 695
SET, 1.8, 735
SET, 1.9, 804
SET, 2.0, 822
SET, 2.1, 901
SET, 2.2, 882
SET, 2.3, 951
SET, 2.4, 1087
SET, 2.5, 1105
SET, 2.6, 1193
SET, 2.7, 1340
SET, 2.8, 1453
SET, 2.9, 1538
SET, 3.0, 1491
SET, 3.1, 1569
SET, 3.2, 1738
SET, 3.3, 1833
SET, 3.4, 1864
SET, 3.5, 1915
SET, 3.6, 2003
SET, 3.7, 2056
SET, 3.8, 2112
SET, 3.9, 2219
SET, 4.0, 2329
SET, 4.1, 2256
SET, 4.2, 2394
SET, 4.3, 2524
SET, 4.4, 2661
SET, 4.5, 2652
SET, 4.6, 2737
SET, 4.7, 2844
SET, 4.8, 2875
SET, 4.9, 2875
SET, 5.0, 3071
SET, 5.1, 3105
SET, 5.2, 3166
SET, 5.3, 3207
SET, 5.4, 3141
SET, 5.5, 3210
SET, 5.6, 3266
SET, 5.7, 3248
SET, 5.8, 3410
SET, 5.9, 3318
SET, 6.0, 3454
SET, 6.1, 3468
SET, 6.2, 3500
SET, 6.3, 3522
SET, 6.4, 3558
SET, 6.5, 3582
SET, 6.6, 3629
SET, 6.7, 3653
SET, 6.8, 3698
SET, 6.9, 3802
SET, 7.0, 3745
SET, 7.1, 3854
SET, 7.2, 3983
SET, 7.3, 4090
SET, 7.4, 4132
SET, 7.5, 4349
SET, 7.6, 4646
SET, 7.7, 4618
SET, 7.8, 4794
SET, 7.9, 4988
SET, 8.0, 5348
SET, 8.1, 5462
SET, 8.2, 5643
SET, 8.3, 5773
SET, 8.4, 5951
SET, 8.5, 6312
SET, 8.6, 6248
SET, 8.7, 6439
SET, 8.8, 6797
SET, 8.9, 6801
SET, 9.0, 6887
SET, 9.1, 6899
SET, 9.2, 6820
SET, 9.3, 6924
SET, 9.4, 6994
SET, 9.5, 6820
SET, 9.6, 6843
SET, 9.7, 6754
SET, 9.8, 6405
SET, 9.9, 6190
SET, 10.0, 6175
SET, 10.1, 5906
SET, 10.2, 5784
SET, 10.3, 5588
SET, 10.4, 5379
SET, 10.5, 5164
SET, 10.6, 4948
SET, 10.7, 4803
SET, 10.8, 4492
SET, 10.9, 4307
SET, 11.0, 4134
SET, 11.1, 3941
SET, 11.2, 3574
SET, 11.3, 3460
SET, 11.4, 3323
SET, 11.5, 3023
SET, 11.6, 2965
SET, 11.7, 2655
SET, 11.8, 2546
SET, 11.9, 2356
SET, 12.0, 2249
SET, 12.1, 2090
SET, 12.2, 1938
SET, 12.3, 1844
SET, 12.4, 1791
SET, 12.5, 1613
SET, 12.6, 1559
SET, 12.7, 1427
SET, 12.8, 1335
SET, 12.9, 1258
SET, 13.0, 1267
SET, 13.1, 1202
SET, 13.2, 1094
SET, 13.3, 1104
SET, 13.4, 950
SET, 13.5, 998
SET, 13.6, 941
SET, 13.7, 861
SET, 13.8, 876
SET, 13.9, 761
SET, 14.0, 742
SET, 14.1, 658
SET, 14.2, 609
SET, 14.3, 623
SET, 14.4, 627
SET, 14.5, 560
SET, 14.6, 599
SET, 14.7, 549
SET, 14.8, 531
SET, 14.9, 520
SET, 15.0, 502
SET, 15.1, 491
SET, 15.2, 493
SET, 15.3, 500
SET, 15.4, 481
SET, 15.5, 490
SET, 15.6, 470
SET, 15.7, 410
SET, 15.8, 429
SET, 15.9, 418
SET, 16.0, 424
SET, 16.1, 362
SET, 16.2, 398
SET, 16.3, 393
SET, 16.4, 357
SET, 16.5, 300
SET, 16.6, 335
SET, 16.7, 312
SET, 16.8, 269
SET, 16.9, 289
SET, 17.0, 280
SET, 17.1, 253
SET, 17.2, 229
SET, 17.3, 250
SET, 17.4, 274
SET, 17.5, 241
SET, 17.6, 239
SET, 17.7, 223
SET, 17.8, 195
SET, 17.9, 177
SET, 18.0, 171
SET, 18.1, 185
SET, 18.2, 196
SET, 18.3, 137
SET, 18.4, 159
SET, 18.5, 153
SET, 18.6, 139
SET, 18.7, 114
SET, 18.8, 130
SET, 18.9, 112
SET, 19.0, 139
SET, 19.1, 139
SET, 19.2, 122
SET, 19.3, 115
SET, 19.4, 96
SET, 19.5, 99
SET, 19.6, 76
SET, 19.7, 71
SET, 19.8, 78
SET, 19.9, 76
SET, 20.0, 65
SET, 20.1, 65
SET, 20.2, 55
SET, 20.3, 48
SET, 20.4, 43
SET, 20.5, 36
SET, 20.6, 46
SET, 20.7, 22
SET, 20.8, 44
SET, 20.9, 42
SET, 21.0, 45
SET, 21.1, 34
SET, 21.2, 38
SET, 21.3, 24
SET, 21.4, 25
SET, 21.5, 23
SET, 21.6, 33
SET, 21.7, 18
SET, 21.8, 15
SET, 21.9, 19
SET, 22.0, 28
SET, 22.1, 21
SET, 22.2, 17
SET, 22.3, 25
SET, 22.4, 16
SET, 22.5, 23
SET, 22.6, 22
SET, 22.7, 14
SET, 22.8, 19
SET, 22.9, 10
SET, 23.0, 18
SET, 23.1, 18
SET, 23.2, 16
SET, 23.3, 22
SET, 23.4, 18
SET, 23.5, 20
SET, 23.6, 21
SET, 23.7, 12
SET, 23.8, 5
SET, 23.9, 13
SET, 24.0, 12
SET, 24.1, 15
SET, 24.2, 18
SET, 24.3, 13
SET, 24.4, 19
SET, 24.5, 25
SET, 24.6, 19
SET, 24.7, 26
SET, 24.8, 18
SET, 24.9, 19
SET, 25.0, 18
SET, 25.1, 10
SET, 25.2, 12
SET, 25.3, 10
SET, 25.4, 21
SET, 25.5, 10
SET, 25.6, 17
SET, 25.7, 16
SET, 25.8, 15
SET, 25.9, 19
SET, 26.0, 17
SET, 26.1, 14
SET, 26.2, 15
SET, 26.3, 13
SET, 26.4, 10
SET, 26.5, 15
SET, 26.6, 11
SET, 26.7, 8
SET, 26.8, 8
SET, 26.9, 3
SET, 27.0, 10
SET, 27.1, 5
SET, 27.2, 3
SET, 27.3, 6
SET, 27.4, 8
SET, 27.5, 9
SET, 27.6, 9
SET, 27.7, 14
SET, 27.8, 15
SET, 27.9, 14
SET, 28.0, 10
SET, 28.1, 6
SET, 28.2, 7
SET, 28.3, 8
SET, 28.4, 9
SET, 28.5, 8
SET, 28.6, 7
SET, 28.7, 7
SET, 28.8, 10
SET, 28.9, 16
SET, 29.0, 10
SET, 29.1, 6
SET, 29.2, 14
SET, 29.3, 7
SET, 29.4, 14
SET, 29.5, 7
SET, 29.6, 5
SET, 29.7, 10
SET, 29.8, 6
SET, 29.9, 10
SET, 30.0, 2
SET, 30.1, 5
SET, 30.2, 8
SET, 30.3, 6
SET, 30.4, 8
SET, 30.5, 4
SET, 30.6, 11
SET, 30.7, 8
SET, 30.8, 6
SET, 30.9, 8
SET, 31.0, 5
SET, 31.1, 6
SET, 31.2, 3
SET, 31.3, 5
SET, 31.4, 7
SET, 31.5, 7
SET, 31.6, 8
SET, 31.7, 9
SET, 31.8, 5
SET, 31.9, 3
SET, 32.0, 3
SET, 32.1, 4
SET, 32.2, 7
SET, 32.3, 13
SET, 32.4, 10
SET, 32.5, 5
SET, 32.6, 10
SET, 32.7, 13
SET, 32.8, 6
SET, 32.9, 13
SET, 33.0, 9
SET, 33.1, 9
SET, 33.2, 6
SET, 33.3, 14
SET, 33.4, 8
SET, 33.5, 11
SET, 33.6, 7
SET, 33.7, 9
SET, 33.8, 19
SET, 33.9, 8
SET, 34.0, 12
SET, 34.1, 13
SET, 34.2, 14
SET, 34.3, 12
SET, 34.4, 19
SET, 34.5, 14
SET, 34.6, 14
SET, 34.7, 8
SET, 34.8, 19
SET, 34.9, 13
SET, 35.0, 10
SET, 35.1, 7
SET, 35.2, 5
SET, 35.3, 6
SET, 35.4, 7
SET, 35.5, 6
SET, 35.6, 5
SET, 35.7, 7
SET, 35.8, 4
SET, 35.9, 1
SET, 36.0, 3
SET, 36.1, 3
SET, 36.2, 4
SET, 36.3, 10
SET, 36.4, 7
SET, 36.5, 2
SET, 36.6, 6
SET, 36.7, 6
SET, 36.8, 2
SET, 36.9, 3
SET, 37.0, 10
SET, 37.1, 1
SET, 37.2, 2
SET, 37.3, 6
SET, 37.4, 8
SET, 37.5, 5
SET, 37.6, 6
SET, 37.7, 2
SET, 37.8, 11
SET, 37.9, 9
SET, 38.0, 6
SET, 38.1, 3
SET, 38.2, 9
SET, 38.3, 4
SET, 38.4, 8
SET, 38.5, 1
SET, 38.6, 7
SET, 38.7, 2
SET, 38.8, 6
SET, 38.9, 8
SET, 39.0, 3
SET, 39.1, 6
SET, 39.2, 4
SET, 39.3, 3
SET, 39.4, 13
SET, 39.5, 10
SET, 39.6, 7
SET, 39.7, 10
SET, 39.8, 6
SET, 39.9, 11
SET, 40.0, 12
SET, 40.1, 11
SET, 40.2, 12
SET, 40.3, 11
SET, 40.4, 12
SET, 40.5, 9
SET, 40.6, 8
SET, 40.7, 8
SET, 40.8, 10
SET, 40.9, 3
SET, 41.0, 3
SET, 41.1, 7
SET, 41.2, 3
SET, 41.3, 4
SET, 41.4, 5
SET, 41.5, 3
SET, 41.6, 1
SET, 41.7, 3
SET, 41.8, 2
SET, 41.9, 5
SET, 42.0, 4
SET, 42.1, 7
SET, 42.2, 10
SET, 42.3, 5
SET, 42.4, 8
SET, 42.5, 7
SET, 42.6, 7
SET, 42.7, 4
SET, 42.8, 5
SET, 42.9, 7
SET, 43.0, 2
SET, 43.1, 2
SET, 43.2, 4
SET, 43.3, 2
SET, 43.4, 4
SET, 43.5, 1
SET, 43.6, 6
SET, 43.7, 8
SET, 43.8, 4
SET, 43.9, 4
SET, 44.0, 6
SET, 44.1, 3
SET, 44.2, 4
SET, 44.3, 4
SET, 44.4, 2
SET, 44.5, 12
SET, 44.6, 6
SET, 44.7, 10
SET, 44.8, 10
SET, 44.9, 1
SET, 45.0, 5
SET, 45.1, 5
SET, 45.2, 13
SET, 45.3, 10
SET, 45.4, 8
SET, 45.5, 7
SET, 45.6, 6
SET, 45.7, 4
SET, 45.8, 3
SET, 45.9, 3
SET, 46.0, 4
SET, 46.1, 4
SET, 46.2, 2
SET, 46.3, 2
SET, 46.4, 3
SET, 46.5, 1
SET, 46.6, 1
SET, 46.7, 1
SET, 46.8, 1
SET, 46.9, 1
SET, 47.0, 1
SET, 47.1, 0
SET, 47.2, 0
SET, 47.3, 0
SET, 47.4, 2
SET, 47.5, 4
SET, 47.6, 2
SET, 47.7, 2
SET, 47.8, 0
SET, 47.9, 1
SET, 48.0, 3
SET, 48.1, 1
SET, 48.2, 2
SET, 48.3, 2
SET, 48.4, 3
SET, 48.5, 1
SET, 48.6, 5
SET, 48.7, 0
SET, 48.8, 1
SET, 48.9, 0
SET, 49.0, 1
SET, 49.1, 1
SET, 49.2, 3
SET, 49.3, 1
SET, 49.4, 1
SET, 49.5, 3
SET, 49.6, 1
SET, 49.7, 1
SET, 49.8, 4
SET, 49.9, 0
SET, 50.0, 1
SET, 50.1, 3
SET, 50.2, 3
SET, 50.3, 2
SET, 50.4, 3
SET, 50.5, 4
SET, 50.6, 2
SET, 50.7, 0
SET, 50.8, 2
SET, 50.9, 2
SET, 51.0, 2
SET, 51.1, 2
SET, 51.2, 2
SET, 51.3, 2
SET, 51.4, 0
SET, 51.5, 0
SET, 51.6, 2
SET, 51.7, 1
SET, 51.8, 2
SET, 51.9, 0
SET, 52.0, 0
SET, 52.1, 0
SET, 52.2, 4
SET, 52.3, 1
SET, 52.4, 1
SET, 52.5, 1
SET, 52.6, 1
SET, 52.7, 0
SET, 52.8, 0
SET, 52.9, 0
SET, 53.0, 1
SET, 53.1, 0
SET, 53.2, 2
SET, 53.3, 2
SET, 53.4, 1
SET, 53.5, 1
SET, 53.6, 1
SET, 53.7, 1
SET, 53.8, 0
SET, 53.9, 0
SET, 54.0, 1
SET, 54.1, 0
SET, 54.2, 0
SET, 54.3, 0
SET, 54.4, 0
SET, 54.5, 0
SET, 54.6, 0
SET, 54.7, 0
SET, 54.8, 0
SET, 54.9, 0
SET, 55.0, 0
SET, 55.1, 0
SET, 55.2, 0
SET, 55.3, 0
SET, 55.4, 0
SET, 55.5, 0
SET, 55.6, 0
SET, 55.7, 0
SET, 55.8, 0
SET, 55.9, 0
SET, 56.0, 0
SET, 56.1, 1
SET, 56.2, 0
SET, 56.3, 0
SET, 56.4, 0
SET, 56.5, 0
SET, 56.6, 0
SET, 56.7, 0
SET, 56.8, 0
SET, 56.9, 0
SET, 57.0, 0
SET, 57.1, 0
SET, 57.2, 0
SET, 57.3, 0
SET, 57.4, 0
SET, 57.5, 0
SET, 57.6, 0
SET, 57.7, 0
SET, 57.8, 0
SET, 57.9, 0
SET, 58.0, 0
SET, 58.1, 0
SET, 58.2, 0
SET, 58.3, 0
SET, 58.4, 0
SET, 58.5, 0
SET, 58.6, 0
SET, 58.7, 0
SET, 58.8, 0
SET, 58.9, 0
SET, 59.0, 0
SET, 59.1, 0
SET, 59.2, 0
SET, 59.3, 0
SET, 59.4, 1
SET, 59.5, 0
SET, 59.6, 0
SET, 59.7, 0
SET, 59.8, 0
SET, 59.9, 0
SET, 60.0, 0
SET, 60.1, 0
SET, 60.2, 0
SET, 60.3, 0
SET, 60.4, 0
SET, 60.5, 0
SET, 60.6, 0
SET, 60.7, 0
SET, 60.8, 0
SET, 60.9, 0
SET, 61.0, 0
SET, 61.1, 0
SET, 61.2, 0
SET, 61.3, 0
SET, 61.4, 0
SET, 61.5, 0
SET, 61.6, 0
SET, 61.7, 0
SET, 61.8, 0
SET, 61.9, 0
SET, 62.0, 0
SET, 62.1, 0
SET, 62.2, 0
SET, 62.3, 0
SET, 62.4, 0
SET, 62.5, 0
SET, 62.6, 0
SET, 62.7, 0
SET, 62.8, 0
SET, 62.9, 0
SET, 63.0, 0
SET, 63.1, 0
SET, 63.2, 0
SET, 63.3, 0
SET, 63.4, 0
SET, 63.5, 0
SET, 63.6, 0
SET, 63.7, 0
SET, 63.8, 0
SET, 63.9, 0
SET, 64.0, 0
SET, 64.1, 0
SET, 64.2, 0
SET, 64.3, 0
SET, 64.4, 0
SET, 64.5, 0
SET, 64.6, 0
SET, 64.7, 0
SET, 64.8, 0
SET, 64.9, 0
SET, 65.0, 0
SET, 65.1, 0
SET, 65.2, 0
SET, 65.3, 0
SET, 65.4, 0
SET, 65.5, 0
SET, 65.6, 0
SET, 65.7, 0
SET, 65.8, 0
SET, 65.9, 0
SET, 66.0, 0
SET, 66.1, 0
SET, 66.2, 0
SET, 66.3, 0
SET, 66.4, 0
SET, 66.5, 0
SET, 66.6, 0
SET, 66.7, 0
SET, 66.8, 0
SET, 66.9, 0
SET, 67.0, 0
SET, 67.1, 0
SET, 67.2, 0
SET, 67.3, 0
SET, 67.4, 0
SET, 67.5, 0
SET, 67.6, 0
SET, 67.7, 0
SET, 67.8, 0
SET, 67.9, 0
SET, 68.0, 0
SET, 68.1, 0
SET, 68.2, 0
SET, 68.3, 0
SET, 68.4, 0
SET, 68.5, 0
SET, 68.6, 0
SET, 68.7, 0
SET, 68.8, 0
SET, 68.9, 0
SET, 69.0, 0
SET, 69.1, 0
SET, 69.2, 0
SET, 69.3, 0
SET, 69.4, 0
SET, 69.5, 0
SET, 69.6, 0
SET, 69.7, 0
SET, 69.8, 0
SET, 69.9, 0
SET, 70.0, 0
SET, 70.1, 0
SET, 70.2, 0
SET, 70.3, 0
SET, 70.4, 0
SET, 70.5, 0
SET, 70.6, 0
SET, 70.7, 0
SET, 70.8, 0
SET, 70.9, 0
SET, 71.0, 0
SET, 71.1, 0
SET, 71.2, 0
SET, 71.3, 0
SET, 71.4, 0
SET, 71.5, 0
SET, 71.6, 0
SET, 71.7, 0
SET, 71.8, 0
SET, 71.9, 0
SET, 72.0, 0
SET, 72.1, 0
SET, 72.2, 0
SET, 72.3, 0
SET, 72.4, 0
SET, 72.5, 0
SET, 72.6, 0
SET, 72.7, 0
SET, 72.8, 0
SET, 72.9, 0
SET, 73.0, 0
SET, 73.1, 0
SET, 73.2, 0
SET, 73.3, 0
SET, 73.4, 0
SET, 73.5, 0
SET, 73.6, 0
SET, 73.7, 0
SET, 73.8, 0
SET, 73.9, 0
SET, 74.0, 0
SET, 74.1, 0
SET, 74.2, 0
SET, 74.3, 0
SET, 74.4, 0
SET, 74.5, 0
SET, 74.6, 0
SET, 74.7, 0
SET, 74.8, 0
SET, 74.9, 0
SET, 75.0, 0
SET, 75.1, 0
SET, 75.2, 0
SET, 75.3, 0
SET, 75.4, 0
SET, 75.5, 0
SET, 75.6, 0
SET, 75.7, 0
SET, 75.8, 0
SET, 75.9, 0
SET, 76.0, 0
SET, 76.1, 0
SET, 76.2, 0
SET, 76.3, 0
SET, 76.4, 0
SET, 76.5, 0
SET, 76.6, 0
SET, 76.7, 0
SET, 76.8, 0
SET, 76.9, 0
SET, 77.0, 0
SET, 77.1, 0
SET, 77.2, 0
SET, 77.3, 0
SET, 77.4, 0
SET, 77.5, 0
SET, 77.6, 0
SET, 77.7, 0
SET, 77.8, 0
SET, 77.9, 0
SET, 78.0, 0
SET, 78.1, 0
SET, 78.2, 0
SET, 78.3, 0
SET, 78.4, 0
SET, 78.5, 0
SET, 78.6, 0
SET, 78.7, 0
SET, 78.8, 0
SET, 78.9, 0
SET, 79.0, 0
SET, 79.1, 0
SET, 79.2, 0
SET, 79.3, 0
SET, 79.4, 0
SET, 79.5, 0
SET, 79.6, 0
SET, 79.7, 0
SET, 79.8, 0
SET, 79.9, 0
SET, 80.0, 0
SET, 80.1, 0
SET, 80.2, 0
SET, 80.3, 0
SET, 80.4, 0
SET, 80.5, 0
SET, 80.6, 0
SET, 80.7, 0
SET, 80.8, 0
SET, 80.9, 0
SET, 81.0, 0
SET, 81.1, 0
SET, 81.2, 0
SET, 81.3, 0
SET, 81.4, 0
SET, 81.5, 0
SET, 81.6, 0
SET, 81.7, 0
SET, 81.8, 0
SET, 81.9, 0
SET, 82.0, 0
SET, 82.1, 0
SET, 82.2, 0
SET, 82.3, 0
SET, 82.4, 0
SET, 82.5, 0
SET, 82.6, 0
SET, 82.7, 0
SET, 82.8, 0
SET, 82.9, 0
SET, 83.0, 0
SET, 83.1, 0
SET, 83.2, 0
SET, 83.3, 0
SET, 83.4, 0
SET, 83.5, 0
SET, 83.6, 0
SET, 83.7, 0
SET, 83.8, 0
SET, 83.9, 0
SET, 84.0, 0
SET, 84.1, 0
SET, 84.2, 0
SET, 84.3, 0
SET, 84.4, 0
SET, 84.5, 0
SET, 84.6, 0
SET, 84.7, 0
SET, 84.8, 0
SET, 84.9, 0
SET, 85.0, 0
SET, 85.1, 0
SET, 85.2, 0
SET, 85.3, 0
SET, 85.4, 0
SET, 85.5, 0
SET, 85.6, 0
SET, 85.7, 0
SET, 85.8, 0
SET, 85.9, 0
SET, 86.0, 0
SET, 86.1, 0
SET, 86.2, 0
SET, 86.3, 0
SET, 86.4, 0
SET, 86.5, 0
SET, 86.6, 0
SET, 86.7, 0
SET, 86.8, 0
SET, 86.9, 0
SET, 87.0, 0
SET, 87.1, 0
SET, 87.2, 0
SET, 87.3, 0
SET, 87.4, 0
SET, 87.5, 0
SET, 87.6, 0
SET, 87.7, 0
SET, 87.8, 0
SET, 87.9, 0
SET, 88.0, 0
SET, 88.1, 0
SET, 88.2, 0
SET, 88.3, 0
SET, 88.4, 0
SET, 88.5, 0
SET, 88.6, 0
SET, 88.7, 0
SET, 88.8, 0
SET, 88.9, 0
SET, 89.0, 0
SET, 89.1, 0
SET, 89.2, 0
SET, 89.3, 0
SET, 89.4, 0
SET, 89.5, 0
SET, 89.6, 0
SET, 89.7, 0
SET, 89.8, 0
SET, 89.9, 0
SET, 90.0, 0
SET, 90.1, 0
SET, 90.2, 0
SET, 90.3, 0
SET, 90.4, 0
SET, 90.5, 0
SET, 90.6, 0
SET, 90.7, 0
SET, 90.8, 0
SET, 90.9, 0
SET, 91.0, 0
SET, 91.1, 0
SET, 91.2, 0
SET, 91.3, 0
SET, 91.4, 0
SET, 91.5, 0
SET, 91.6, 0
SET, 91.7, 0
SET, 91.8, 0
SET, 91.9, 0
SET, 92.0, 0
SET, 92.1, 0
SET, 92.2, 0
SET, 92.3, 0
SET, 92.4, 0
SET, 92.5, 0
SET, 92.6, 0
SET, 92.7, 0
SET, 92.8, 0
SET, 92.9, 0
SET, 93.0, 0
SET, 93.1, 0
SET, 93.2, 0
SET, 93.3, 0
SET, 93.4, 0
SET, 93.5, 0
SET, 93.6, 0
SET, 93.7, 0
SET, 93.8, 0
SET, 93.9, 0
SET, 94.0, 0
SET, 94.1, 0
SET, 94.2, 0
SET, 94.3, 0
SET, 94.4, 0
SET, 94.5, 0
SET, 94.6, 0
SET, 94.7, 0
SET, 94.8, 0
SET, 94.9, 0
SET, 95.0, 0
SET, 95.1, 0
SET, 95.2, 0
SET, 95.3, 0
SET, 95.4, 0
SET, 95.5, 0
SET, 95.6, 0
SET, 95.7, 0
SET, 95.8, 0
SET, 95.9, 0
SET, 96.0, 0
SET, 96.1, 0
SET, 96.2, 0
SET, 96.3, 0
SET, 96.4, 0
SET, 96.5, 0
SET, 96.6, 0
SET, 96.7, 0
SET, 96.8, 0
SET, 96.9, 0
SET, 97.0, 0
SET, 97.1, 0
SET, 97.2, 0
SET, 97.3, 0
SET, 97.4, 0
SET, 97.5, 0
SET, 97.6, 0
SET, 97.7, 0
SET, 97.8, 0
SET, 97.9, 0
SET, 98.0, 0
SET, 98.1, 0
SET, 98.2, 0
SET, 98.3, 0
SET, 98.4, 0
SET, 98.5, 0
SET, 98.6, 0
SET, 98.7, 0
SET, 98.8, 0
SET, 98.9, 0
SET, 99.0, 0
SET, 99.1, 0
SET, 99.2, 0
SET, 99.3, 0
SET, 99.4, 0
SET, 99.5, 0
SET, 99.6, 0
SET, 99.7, 0
SET, 99.8, 0
SET, 99.9, 0
SET, 100.0, 0
SET, 100.1, 0
SET, 100.2, 0
SET, 100.3, 0
SET, 100.4, 0
SET, 100.5, 0
SET, 100.6, 0
SET, 100.7, 0
SET, 100.8, 0
SET, 100.9, 0
SET, 101.0, 0
SET, 101.1, 0
SET, 101.2, 0
SET, 101.3, 0
SET, 101.4, 0
SET, 101.5, 0
SET, 101.6, 0
SET, 101.7, 0
SET, 101.8, 0
SET, 101.9, 0
SET, 102.0, 0
SET, 102.1, 0
SET, 102.2, 0
SET, 102.3, 0
SET, 102.4, 0
SET, 102.5, 0
SET, 102.6, 0
SET, 102.7, 0
SET, 102.8, 0
SET, 102.9, 0
SET, 103.0, 0
SET, 103.1, 0
SET, 103.2, 0
SET, 103.3, 0
SET, 103.4, 0
SET, 103.5, 0
SET, 103.6, 0
SET, 103.7, 0
SET, 103.8, 0
SET, 103.9, 0
SET, 104.0, 0
SET, 104.1, 0
SET, 104.2, 0
SET, 104.3, 0
SET, 104.4, 0
SET, 104.5, 0
SET, 104.6, 0
SET, 104.7, 0
SET, 104.8, 0
SET, 104.9, 0
SET, 105.0, 0
SET, 105.1, 0
SET, 105.2, 0
SET, 105.3, 0
SET, 105.4, 0
SET, 105.5, 0
SET, 105.6, 0
SET, 105.7, 0
SET, 105.8, 0
SET, 105.9, 0
SET, 106.0, 0
SET, 106.1, 0
SET, 106.2, 0
SET, 106.3, 0
SET, 106.4, 0
SET, 106.5, 0
SET, 106.6, 0
SET, 106.7, 0
SET, 106.8, 0
SET, 106.9, 0
SET, 107.0, 0
SET, 107.1, 0
SET, 107.2, 0
SET, 107.3, 0
SET, 107.4, 0
SET, 107.5, 0
SET, 107.6, 0
SET, 107.7, 0
SET, 107.8, 0
SET, 107.9, 0
SET, 108.0, 0
SET, 108.1, 0
SET, 108.2, 0
SET, 108.3, 0
SET, 108.4, 0
SET, 108.5, 0
SET, 108.6, 0
SET, 108.7, 0
SET, 108.8, 0
SET, 108.9, 0
SET, 109.0, 0
SET, 109.1, 0
SET, 109.2, 0
SET, 109.3, 0
SET, 109.4, 0
SET, 109.5, 0
SET, 109.6, 0
SET, 109.7, 0
SET, 109.8, 0
SET, 109.9, 0
SET, 110.0, 0
SET, 110.1, 0
SET, 110.2, 0
SET, 110.3, 0
SET, 110.4, 0
SET, 110.5, 0
SET, 110.6, 0
SET, 110.7, 0
SET, 110.8, 0
SET, 110.9, 0
SET, 111.0, 0
SET, 111.1, 0
SET, 111.2, 0
SET, 111.3, 0
SET, 111.4, 0
SET, 111.5, 0
SET, 111.6, 0
SET, 111.7, 0
SET, 111.8, 0
SET, 111.9, 0
SET, 112.0, 0
SET, 112.1, 0
SET, 112.2, 0
SET, 112.3, 0
SET, 112.4, 0
SET, 112.5, 0
SET, 112.6, 0
SET, 112.7, 0
SET, 112.8, 0
SET, 112.9, 0
SET, 113.0, 0
SET, 113.1, 0
SET, 113.2, 0
SET, 113.3, 0
SET, 113.4, 0
SET, 113.5, 0
SET, 113.6, 0
SET, 113.7, 0
SET, 113.8, 0
SET, 113.9, 0
SET, 114.0, 0
SET, 114.1, 0
SET, 114.2, 0
SET, 114.3, 0
SET, 114.4, 0
SET, 114.5, 0
SET, 114.6, 0
SET, 114.7, 0
SET, 114.8, 0
SET, 114.9, 0
SET, 115.0, 0
SET, 115.1, 0
SET, 115.2, 0
SET, 115.3, 0
SET, 115.4, 0
SET, 115.5, 0
SET, 115.6, 0
SET, 115.7, 0
SET, 115.8, 0
SET, 115.9, 0
SET, 116.0, 0
SET, 116.1, 0
SET, 116.2, 0
SET, 116.3, 0
SET, 116.4, 0
SET, 116.5, 0
SET, 116.6, 0
SET, 116.7, 0
SET, 116.8, 0
SET, 116.9, 0
SET, 117.0, 0
SET, 117.1, 0
SET, 117.2, 0
SET, 117.3, 0
SET, 117.4, 0
SET, 117.5, 0
SET, 117.6, 0
SET, 117.7, 0
SET, 117.8, 0
SET, 117.9, 0
SET, 118.0, 0
SET, 118.1, 0
SET, 118.2, 0
SET, 118.3, 0
SET, 118.4, 0
SET, 118.5, 0
SET, 118.6, 0
SET, 118.7, 0
SET, 118.8, 0
SET, 118.9, 0
SET, 119.0, 0
SET, 119.1, 0
SET, 119.2, 0
SET, 119.3, 0
SET, 119.4, 0
SET, 119.5, 0
SET, 119.6, 0
SET, 119.7, 0
SET, 119.8, 0
SET, 119.9, 0
SET, 120.0, 0
SET, 120.1, 0
SET, 120.2, 0
SET, 120.3, 0
SET, 120.4, 0
SET, 120.5, 0
SET, 120.6, 0
SET, 120.7, 0
SET, 120.8, 0
SET, 120.9, 0
SET, 121.0, 0
SET, 121.1, 0
SET, 121.2, 0
SET, 121.3, 0
SET, 121.4, 0
SET, 121.5, 0
SET, 121.6, 0
SET, 121.7, 0
SET, 121.8, 0
SET, 121.9, 0
SET, 122.0, 0
SET, 122.1, 0
SET, 122.2, 0
SET, 122.3, 0
SET, 122.4, 0
SET, 122.5, 0
SET, 122.6, 0
SET, 122.7, 0
SET, 122.8, 0
SET, 122.9, 0
SET, 123.0, 0
SET, 123.1, 0
SET, 123.2, 0
SET, 123.3, 0
SET, 123.4, 0
SET, 123.5, 0
SET, 123.6, 0
SET, 123.7, 0
SET, 123.8, 0
SET, 123.9, 0
SET, 124.0, 0
SET, 124.1, 0
SET, 124.2, 0
SET, 124.3, 0
SET, 124.4, 0
SET, 124.5, 0
SET, 124.6, 0
SET, 124.7, 0
SET, 124.8, 0
SET, 124.9, 0
SET, 125.0, 0
SET, 125.1, 0
SET, 125.2, 0
SET, 125.3, 0
SET, 125.4, 0
SET, 125.5, 0
SET, 125.6, 0
SET, 125.7, 0
SET, 125.8, 0
SET, 125.9, 0
SET, 126.0, 0
SET, 126.1, 0
SET, 126.2, 0
SET, 126.3, 0
SET, 126.4, 0
SET, 126.5, 0
SET, 126.6, 0
SET, 126.7, 0
SET, 126.8, 0
SET, 126.9, 0
SET, 127.0, 0
SET, 127.1, 0
SET, 127.2, 0
SET, 127.3, 0
SET, 127.4, 0
SET, 127.5, 0
SET, 127.6, 0
SET, 127.7, 0
SET, 127.8, 0
SET, 127.9, 0
SET, 128.0, 0
SET, 128.1, 0
SET, 128.2, 0
SET, 128.3, 0
SET, 128.4, 0
SET, 128.5, 0
SET, 128.6, 0
SET, 128.7, 0
SET, 128.8, 0
SET, 128.9, 0
SET, 129.0, 0
SET, 129.1, 0
SET, 129.2, 0
SET, 129.3, 0
SET, 129.4, 0
SET, 129.5, 0
SET, 129.6, 0
SET, 129.7, 0
SET, 129.8, 0
SET, 129.9, 0
SET, 130.0, 0
SET, 130.1, 0
SET, 130.2, 0
SET, 130.3, 0
SET, 130.4, 0
SET, 130.5, 0
SET, 130.6, 0
SET, 130.7, 0
SET, 130.8, 0
SET, 130.9, 0
SET, 131.0, 0
SET, 131.1, 0
SET, 131.2, 0
SET, 131.3, 0
SET, 131.4, 0
SET, 131.5, 0
SET, 131.6, 0
SET, 131.7, 0
SET, 131.8, 0
SET, 131.9, 0
SET, 132.0, 0
SET, 132.1, 0
SET, 132.2, 0
SET, 132.3, 0
SET, 132.4, 0
SET, 132.5, 0
SET, 132.6, 0
SET, 132.7, 0
SET, 132.8, 0
SET, 132.9, 0
SET, 133.0, 0
SET, 133.1, 0
SET, 133.2, 0
SET, 133.3, 0
SET, 133.4, 0
SET, 133.5, 0
SET, 133.6, 0
SET, 133.7, 0
SET, 133.8, 0
SET, 133.9, 0
SET, 134.0, 0
SET, 134.1, 0
SET, 134.2, 0
SET, 134.3, 0
SET, 134.4, 0
SET, 134.5, 0
SET, 134.6, 0
SET, 134.7, 0
SET, 134.8, 0
SET, 134.9, 0
SET, 135.0, 0
SET, 135.1, 0
SET, 135.2, 0
SET, 135.3, 0
SET, 135.4, 0
SET, 135.5, 0
SET, 135.6, 0
SET, 135.7, 0
SET, 135.8, 0
SET, 135.9, 0
SET, 136.0, 0
SET, 136.1, 0
SET, 136.2, 0
SET, 136.3, 0
SET, 136.4, 0
SET, 136.5, 0
SET, 136.6, 0
SET, 136.7, 0
SET, 136.8, 0
SET, 136.9, 0
SET, 137.0, 0
SET, 137.1, 0
SET, 137.2, 0
SET, 137.3, 0
SET, 137.4, 0
SET, 137.5, 0
SET, 137.6, 0
SET, 137.7, 0
SET, 137.8, 0
SET, 137.9, 0
SET, 138.0, 0
SET, 138.1, 0
SET, 138.2, 0
SET, 138.3, 0
SET, 138.4, 0
SET, 138.5, 0
SET, 138.6, 0
SET, 138.7, 0
SET, 138.8, 0
SET, 138.9, 0
SET, 139.0, 0
SET, 139.1, 0
SET, 139.2, 0
SET, 139.3, 0
SET, 139.4, 0
SET, 139.5, 0
SET, 139.6, 0
SET, 139.7, 0
SET, 139.8, 0
SET, 139.9, 0
SET, 140.0, 0
SET, 140.1, 0
SET, 140.2, 0
SET, 140.3, 0
SET, 140.4, 0
SET, 140.5, 0
SET, 140.6, 0
SET, 140.7, 0
SET, 140.8, 0
SET, 140.9, 0
SET, 141.0, 0
SET, 141.1, 0
SET, 141.2, 0
SET, 141.3, 0
SET, 141.4, 0
SET, 141.5, 0
SET, 141.6, 0
SET, 141.7, 0
SET, 141.8, 0
SET, 141.9, 0
SET, 142.0, 0
SET, 142.1, 0
SET, 142.2, 0
SET, 142.3, 0
SET, 142.4, 0
SET, 142.5, 0
SET, 142.6, 0
SET, 142.7, 0
SET, 142.8, 0
SET, 142.9, 0
SET, 143.0, 0
SET, 143.1, 0
SET, 143.2, 0
SET, 143.3, 0
SET, 143.4, 0
SET, 143.5, 0
SET, 143.6, 0
SET, 143.7, 0
SET, 143.8, 0
SET, 143.9, 0
SET, 144.0, 0
SET, 144.1, 0
SET, 144.2, 0
SET, 144.3, 0
SET, 144.4, 0
SET, 144.5, 0
SET, 144.6, 0
SET, 144.7, 0
SET, 144.8, 0
SET, 144.9, 0
SET, 145.0, 0
SET, 145.1, 0
SET, 145.2, 0
SET, 145.3, 0
SET, 145.4, 0
SET, 145.5, 0
SET, 145.6, 0
SET, 145.7, 0
SET, 145.8, 0
SET, 145.9, 0
SET, 146.0, 0
SET, 146.1, 0
SET, 146.2, 0
SET, 146.3, 0
SET, 146.4, 0
SET, 146.5, 0
SET, 146.6, 0
SET, 146.7, 0
SET, 146.8, 0
SET, 146.9, 0
SET, 147.0, 0
SET, 147.1, 0
SET, 147.2, 0
SET, 147.3, 0
SET, 147.4, 0
SET, 147.5, 0
SET, 147.6, 0
SET, 147.7, 0
SET, 147.8, 0
SET, 147.9, 0
SET, 148.0, 0
SET, 148.1, 0
SET, 148.2, 0
SET, 148.3, 0
SET, 148.4, 0
SET, 148.5, 0
SET, 148.6, 0
SET, 148.7, 0
SET, 148.8, 0
SET, 148.9, 0
SET, 149.0, 0
SET, 149.1, 0
SET, 149.2, 0
SET, 149.3, 0
SET, 149.4, 0
SET, 149.5, 0
SET, 149.6, 0
SET, 149.7, 0
SET, 149.8, 0
SET, 149.9, 0
SET, 150.0, 0
SET, 150.1, 0
SET, 150.2, 0
SET, 150.3, 0
SET, 150.4, 0
SET, 150.5, 0
SET, 150.6, 0
SET, 150.7, 0
SET, 150.8, 0
SET, 150.9, 0
SET, 151.0, 0
SET, 151.1, 0
SET, 151.2, 0
SET, 151.3, 0
SET, 151.4, 0
SET, 151.5, 0
SET, 151.6, 0
SET, 151.7, 0
SET, 151.8, 0
SET, 151.9, 0
SET, 152.0, 0
SET, 152.1, 0
SET, 152.2, 0
SET, 152.3, 0
SET, 152.4, 0
SET, 152.5, 0
SET, 152.6, 0
SET, 152.7, 0
SET, 152.8, 0
SET, 152.9, 0
SET, 153.0, 0
SET, 153.1, 0
SET, 153.2, 0
SET, 153.3, 0
SET, 153.4, 0
SET, 153.5, 0
SET, 153.6, 0
SET, 153.7, 0
SET, 153.8, 0
SET, 153.9, 0
SET, 154.0, 0
SET, 154.1, 0
SET, 154.2, 0
SET, 154.3, 0
SET, 154.4, 0
SET, 154.5, 0
SET, 154.6, 0
SET, 154.7, 0
SET, 154.8, 0
SET, 154.9, 0
SET, 155.0, 0
SET, 155.1, 0
SET, 155.2, 0
SET, 155.3, 0
SET, 155.4, 0
SET, 155.5, 0
SET, 155.6, 0
SET, 155.7, 0
SET, 155.8, 0
SET, 155.9, 0
SET, 156.0, 0
SET, 156.1, 0
SET, 156.2, 0
SET, 156.3, 0
SET, 156.4, 0
SET, 156.5, 0
SET, 156.6, 0
SET, 156.7, 0
SET, 156.8, 0
SET, 156.9, 0
SET, 157.0, 0
SET, 157.1, 0
SET, 157.2, 0
SET, 157.3, 0
SET, 157.4, 0
SET, 157.5, 0
SET, 157.6, 0
SET, 157.7, 0
SET, 157.8, 0
SET, 157.9, 0
SET, 158.0, 0
SET, 158.1, 0
SET, 158.2, 0
SET, 158.3, 0
SET, 158.4, 0
SET, 158.5, 0
SET, 158.6, 0
SET, 158.7, 0
SET, 158.8, 0
SET, 158.9, 0
SET, 159.0, 0
SET, 159.1, 0
SET, 159.2, 0
SET, 159.3, 0
SET, 159.4, 0
SET, 159.5, 0
SET, 159.6, 0
SET, 159.7, 0
SET, 159.8, 0
SET, 159.9, 0
SET, 160.0, 0
SET, 160.1, 0
SET, 160.2, 0
SET, 160.3, 0
SET, 160.4, 0
SET, 160.5, 0
SET, 160.6, 0
SET, 160.7, 0
SET, 160.8, 0
SET, 160.9, 0
SET, 161.0, 0
SET, 161.1, 0
SET, 161.2, 0
SET, 161.3, 0
SET, 161.4, 0
SET, 161.5, 0
SET, 161.6, 0
SET, 161.7, 0
SET, 161.8, 0
SET, 161.9, 0
SET, 162.0, 0
SET, 162.1, 0
SET, 162.2, 0
SET, 162.3, 0
SET, 162.4, 0
SET, 162.5, 0
SET, 162.6, 0
SET, 162.7, 0
SET, 162.8, 0
SET, 162.9, 0
SET, 163.0, 0
SET, 163.1, 0
SET, 163.2, 0
SET, 163.3, 0
SET, 163.4, 0
SET, 163.5, 0
SET, 163.6, 0
SET, 163.7, 0
SET, 163.8, 0
SET, 163.9, 0
SET, 164.0, 0
SET, 164.1, 0
SET, 164.2, 0
SET, 164.3, 0
SET, 164.4, 0
SET, 164.5, 0
SET, 164.6, 0
SET, 164.7, 0
SET, 164.8, 0
SET, 164.9, 0
SET, 165.0, 0
SET, 165.1, 0
SET, 165.2, 0
SET, 165.3, 0
SET, 165.4, 0
SET, 165.5, 0
SET, 165.6, 0
SET, 165.7, 0
SET, 165.8, 0
SET, 165.9, 0
SET, 166.0, 0
SET, 166.1, 0
SET, 166.2, 0
SET, 166.3, 0
SET, 166.4, 0
SET, 166.5, 0
SET, 166.6, 0
SET, 166.7, 0
SET, 166.8, 0
SET, 166.9, 0
SET, 167.0, 0
SET, 167.1, 0
SET, 167.2, 0
SET, 167.3, 0
SET, 167.4, 0
SET, 167.5, 0
SET, 167.6, 0
SET, 167.7, 0
SET, 167.8, 0
SET, 167.9, 0
SET, 168.0, 0
SET, 168.1, 0
SET, 168.2, 0
SET, 168.3, 0
SET, 168.4, 0
SET, 168.5, 0
SET, 168.6, 0
SET, 168.7, 0
SET, 168.8, 0
SET, 168.9, 0
SET, 169.0, 0
SET, 169.1, 0
SET, 169.2, 0
SET, 169.3, 0
SET, 169.4, 0
SET, 169.5, 0
SET, 169.6, 0
SET, 169.7, 0
SET, 169.8, 0
SET, 169.9, 0
SET, 170.0, 0
SET, 170.1, 0
SET, 170.2, 0
SET, 170.3, 0
SET, 170.4, 0
SET, 170.5, 0
SET, 170.6, 0
SET, 170.7, 0
SET, 170.8, 0
SET, 170.9, 0
SET, 171.0, 0
SET, 171.1, 0
SET, 171.2, 0
SET, 171.3, 0
SET, 171.4, 0
SET, 171.5, 0
SET, 171.6, 0
SET, 171.7, 0
SET, 171.8, 0
SET, 171.9, 0
SET, 172.0, 0
SET, 172.1, 0
SET, 172.2, 0
SET, 172.3, 0
SET, 172.4, 0
SET, 172.5, 0
SET, 172.6, 0
SET, 172.7, 0
SET, 172.8, 0
SET, 172.9, 0
SET, 173.0, 0
SET, 173.1, 0
SET, 173.2, 0
SET, 173.3, 0
SET, 173.4, 0
SET, 173.5, 0
SET, 173.6, 0
SET, 173.7, 0
SET, 173.8, 0
SET, 173.9, 0
SET, 174.0, 0
SET, 174.1, 0
SET, 174.2, 0
SET, 174.3, 0
SET, 174.4, 0
SET, 174.5, 0
SET, 174.6, 0
SET, 174.7, 0
SET, 174.8, 0
SET, 174.9, 0
SET, 175.0, 0
SET, 175.1, 0
SET, 175.2, 0
SET, 175.3, 0
SET, 175.4, 0
SET, 175.5, 0
SET, 175.6, 0
SET, 175.7, 0
SET, 175.8, 0
SET, 175.9, 0
SET, 176.0, 0
SET, 176.1, 0
SET, 176.2, 0
SET, 176.3, 0
SET, 176.4, 0
SET, 176.5, 0
SET, 176.6, 0
SET, 176.7, 0
SET, 176.8, 0
SET, 176.9, 0
SET, 177.0, 0
SET, 177.1, 0
SET, 177.2, 0
SET, 177.3, 0
SET, 177.4, 0
SET, 177.5, 0
SET, 177.6, 0
SET, 177.7, 0
SET, 177.8, 0
SET, 177.9, 0
SET, 178.0, 0
SET, 178.1, 0
SET, 178.2, 0
SET, 178.3, 0
SET, 178.4, 0
SET, 178.5, 0
SET, 178.6, 0
SET, 178.7, 0
SET, 178.8, 0
SET, 178.9, 0
SET, 179.0, 0
SET, 179.1, 0
SET, 179.2, 0
SET, 179.3, 0
SET, 179.4, 0
SET, 179.5, 0
SET, 179.6, 0
SET, 179.7, 0
SET, 179.8, 0
SET, 179.9, 0
SET, 180.0, 0
SET, 180.1, 0
SET, 180.2, 0
SET, 180.3, 0
SET, 180.4, 0
SET, 180.5, 0
SET, 180.6, 0
SET, 180.7, 0
SET, 180.8, 0
SET, 180.9, 0
SET, 181.0, 0
SET, 181.1, 0
SET, 181.2, 0
SET, 181.3, 0
SET, 181.4, 0
SET, 181.5, 0
SET, 181.6, 0
SET, 181.7, 0
SET, 181.8, 0
SET, 181.9, 0
SET, 182.0, 0
SET, 182.1, 0
SET, 182.2, 0
SET, 182.3, 0
SET, 182.4, 0
SET, 182.5, 0
SET, 182.6, 0
SET, 182.7, 0
SET, 182.8, 0
SET, 182.9, 0
SET, 183.0, 0
SET, 183.1, 0
SET, 183.2, 0
SET, 183.3, 0
SET, 183.4, 0
SET, 183.5, 0
SET, 183.6, 0
SET, 183.7, 0
SET, 183.8, 0
SET, 183.9, 0
SET, 184.0, 0
SET, 184.1, 0
SET, 184.2, 0
SET, 184.3, 0
SET, 184.4, 0
SET, 184.5, 0
SET, 184.6, 0
SET, 184.7, 0
SET, 184.8, 0
SET, 184.9, 0
SET, 185.0, 0
SET, 185.1, 0
SET, 185.2, 0
SET, 185.3, 0
SET, 185.4, 0
SET, 185.5, 0
SET, 185.6, 0
SET, 185.7, 0
SET, 185.8, 0
SET, 185.9, 0
SET, 186.0, 0
SET, 186.1, 0
SET, 186.2, 0
SET, 186.3, 0
SET, 186.4, 0
SET, 186.5, 0
SET, 186.6, 0
SET, 186.7, 0
SET, 186.8, 0
SET, 186.9, 0
SET, 187.0, 0
SET, 187.1, 0
SET, 187.2, 0
SET, 187.3, 0
SET, 187.4, 0
SET, 187.5, 0
SET, 187.6, 0
SET, 187.7, 0
SET, 187.8, 0
SET, 187.9, 0
SET, 188.0, 0
SET, 188.1, 0
SET, 188.2, 0
SET, 188.3, 0
SET, 188.4, 0
SET, 188.5, 0
SET, 188.6, 0
SET, 188.7, 0
SET, 188.8, 0
SET, 188.9, 0
SET, 189.0, 0
SET, 189.1, 0
SET, 189.2, 0
SET, 189.3, 0
SET, 189.4, 0
SET, 189.5, 0
SET, 189.6, 0
SET, 189.7, 0
SET, 189.8, 0
SET, 189.9, 0
SET, 190.0, 0
SET, 190.1, 0
SET, 190.2, 0
SET, 190.3, 0
SET, 190.4, 0
SET, 190.5, 0
SET, 190.6, 0
SET, 190.7, 0
SET, 190.8, 0
SET, 190.9, 0
SET, 191.0, 0
SET, 191.1, 0
SET, 191.2, 0
SET, 191.3, 0
SET, 191.4, 0
SET, 191.5, 0
SET, 191.6, 0
SET, 191.7, 0
SET, 191.8, 0
SET, 191.9, 0
SET, 192.0, 0
SET, 192.1, 0
SET, 192.2, 0
SET, 192.3, 0
SET, 192.4, 0
SET, 192.5, 0
SET, 192.6, 0
SET, 192.7, 0
SET, 192.8, 0
SET, 192.9, 0
SET, 193.0, 0
SET, 193.1, 0
SET, 193.2, 0
SET, 193.3, 0
SET, 193.4, 0
SET, 193.5, 0
SET, 193.6, 0
SET, 193.7, 0
SET, 193.8, 0
SET, 193.9, 0
SET, 194.0, 0
SET, 194.1, 0
SET, 194.2, 0
SET, 194.3, 0
SET, 194.4, 0
SET, 194.5, 0
SET, 194.6, 0
SET, 194.7, 0
SET, 194.8, 0
SET, 194.9, 0
SET, 195.0, 0
SET, 195.1, 0
SET, 195.2, 0
SET, 195.3, 0
SET, 195.4, 0
SET, 195.5, 0
SET, 195.6, 1
SET, 195.7, 0
SET, 195.8, 0
SET, 195.9, 0
SET, 196.0, 0
SET, 196.1, 0
SET, 196.2, 0
SET, 196.3, 0
SET, 196.4, 1
SET, 196.5, 0
SET, 196.6, 0
SET, 196.7, 0
SET, 196.8, 0
SET, 196.9, 0
SET, 197.0, 0
SET, 197.1, 0
SET, 197.2, 0
SET, 197.3, 0
SET, 197.4, 0
SET, 197.5, 0
SET, 197.6, 0
SET, 197.7, 0
SET, 197.8, 0
SET, 197.9, 0
SET, 198.0, 1
SET, 198.1, 0
SET, 198.2, 0
SET, 198.3, 0
SET, 198.4, 0
SET, 198.5, 0
SET, 198.6, 0
SET, 198.7, 0
SET, 198.8, 0
SET, 198.9, 0
SET, 199.0, 0
SET, 199.1, 0
SET, 199.2, 1
SET, 199.3, 0
SET, 199.4, 0
SET, 199.5, 0
SET, 199.6, 0
SET, 199.7, 0
SET, 199.8, 0
SET, 199.9, 0
SET, 200.0, 0
SET, 200.1, 0
SET, 200.2, 0
SET, 200.3, 0
SET, 200.4, 0
SET, 200.5, 0
SET, 200.6, 0
SET, 200.7, 0
SET, 200.8, 0
SET, 200.9, 1
SET, 201.0, 0
SET, 201.1, 0
SET, 201.2, 0
SET, 201.3, 0
SET, 201.4, 0
SET, 201.5, 0
SET, 201.6, 0
SET, 201.7, 0
SET, 201.8, 0
SET, 201.9, 0
SET, 202.0, 0
SET, 202.1, 0
SET, 202.2, 1
SET, 202.3, 0
SET, 202.4, 1
SET, 202.5, 0
SET, 202.6, 0
SET, 202.7, 0
SET, 202.8, 0
SET, 202.9, 0
SET, 203.0, 0
SET, 203.1, 0
SET, 203.2, 0
SET, 203.3, 1
SET, 203.4, 0
SET, 203.5, 0
SET, 203.6, 0
SET, 203.7, 0
SET, 203.8, 0
SET, 203.9, 1
SET, 204.0, 0
SET, 204.1, 0
SET, 204.2, 0
SET, 204.3, 0
SET, 204.4, 0
SET, 204.5, 0
SET, 204.6, 0
SET, 204.7, 0
SET, 204.8, 0
SET, 204.9, 0
SET, 205.0, 0
SET, 205.1, 0
SET, 205.2, 0
SET, 205.3, 0
SET, 205.4, 0
SET, 205.5, 0
SET, 205.6, 1
SET, 205.7, 0
SET, 205.8, 0
SET, 205.9, 0
SET, 206.0, 0
SET, 206.1, 0
SET, 206.2, 0
SET, 206.3, 0
SET, 206.4, 0
SET, 206.5, 0
SET, 206.6, 0
SET, 206.7, 0
SET, 206.8, 0
SET, 206.9, 0
SET, 207.0, 0
SET, 207.1, 1
SET, 207.2, 0
SET, 207.3, 0
SET, 207.4, 1
SET, 207.5, 1
SET, 207.6, 1
SET, 207.7, 0
SET, 207.8, 2
SET, 207.9, 2
SET, 208.0, 2
SET, 208.1, 1
SET, 208.2, 0
SET, 208.3, 0
SET, 208.4, 3
SET, 208.5, 3
SET, 208.6, 0
SET, 208.7, 2
SET, 208.8, 2
SET, 208.9, 2
SET, 209.0, 1
SET, 209.1, 1
SET, 209.2, 3
SET, 209.3, 0
SET, 209.4, 1
SET, 209.5, 0
SET, 209.6, 0
SET, 209.7, 0
SET, 209.8, 1
SET, 209.9, 0
SET, 210.0, 0
SET, 210.1, 1
SET, 210.2, 1
SET, 210.3, 0
SET, 210.4, 1
SET, 210.5, 1
SET, 210.6, 0
SET, 210.7, 0
SET, 210.8, 0
SET, 210.9, 0
SET, 211.0, 0
SET, 211.1, 0
SET, 211.2, 0
SET, 211.3, 1
SET, 211.4, 0
SET, 211.5, 1
SET, 211.6, 0
SET, 211.7, 0
SET, 211.8, 0
SET, 211.9, 1
SET, 212.0, 0
SET, 212.1, 0
SET, 212.2, 0
SET, 212.3, 0
SET, 212.4, 0
SET, 212.5, 0
SET, 212.6, 0
SET, 212.7, 0
SET, 212.8, 0
SET, 212.9, 0
SET, 213.0, 0
SET, 213.1, 0
SET, 213.2, 1
SET, 213.3, 0
SET, 213.4, 0
SET, 213.5, 0
SET, 213.6, 0
SET, 213.7, 0
SET, 213.8, 0
SET, 213.9, 1
SET, 214.0, 1
SET, 214.1, 0
SET, 214.2, 0
SET, 214.3, 0
SET, 214.4, 0
SET, 214.5, 0
SET, 214.6, 0
SET, 214.7, 0
SET, 214.8, 1
SET, 214.9, 0
SET, 215.0, 0
SET, 215.1, 1
SET, 215.2, 0
SET, 215.3, 1
SET, 215.4, 0
SET, 215.5, 0
SET, 215.6, 0
SET, 215.7, 0
SET, 215.8, 0
SET, 215.9, 0
SET, 216.0, 0
SET, 216.1, 0
SET, 216.2, 0
SET, 216.3, 0
SET, 216.4, 0
SET, 216.5, 0
SET, 216.6, 0
SET, 216.7, 1
SET, 216.8, 1
SET, 216.9, 1
SET, 217.0, 0
SET, 217.1, 0
SET, 217.2, 0
SET, 217.3, 0
SET, 217.4, 0
SET, 217.5, 0
SET, 217.6, 0
SET, 217.7, 0
SET, 217.8, 0
SET, 217.9, 0
SET, 218.0, 0
SET, 218.1, 0
SET, 218.2, 1
SET, 218.3, 0
SET, 218.4, 0
SET, 218.5, 0
SET, 218.6, 0
SET, 218.7, 0
SET, 218.8, 0
SET, 218.9, 0
SET, 219.0, 0
SET, 219.1, 0
SET, 219.2, 0
SET, 219.3, 1
SET, 219.4, 0
SET, 219.5, 0
SET, 219.6, 0
SET, 219.7, 0
SET, 219.8, 0
SET, 219.9, 0
SET, 220.0, 0
SET, 220.1, 0
SET, 220.2, 0
SET, 220.3, 0
SET, 220.4, 0
SET, 220.5, 0
SET, 220.6, 0
SET, 220.7, 0
SET, 220.8, 0
SET, 220.9, 1
SET, 221.0, 0
SET, 221.1, 0
SET, 221.2, 0
SET, 221.3, 0
SET, 221.4, 0
SET, 221.5, 0
SET, 221.6, 0
SET, 221.7, 0
SET, 221.8, 0
SET, 221.9, 0
SET, 222.0, 0
SET, 222.1, 0
SET, 222.2, 0
SET, 222.3, 0
SET, 222.4, 0
SET, 222.5, 0
SET, 222.6, 1
SET, 222.7, 0
SET, 222.8, 1
SET, 222.9, 0
SET, 223.0, 0
SET, 223.1, 0
SET, 223.2, 0
SET, 223.3, 0
SET, 223.4, 0
SET, 223.5, 0
SET, 223.6, 0
SET, 223.7, 0
SET, 223.8, 0
SET, 223.9, 0
SET, 224.0, 0
SET, 224.1, 0
SET, 224.2, 0
SET, 224.3, 0
SET, 224.4, 0
SET, 224.5, 0
SET, 224.6, 0
SET, 224.7, 0
SET, 224.8, 0
SET, 224.9, 0
SET, 225.0, 0
SET, 225.1, 0
SET, 225.2, 0
SET, 225.3, 1
SET, 225.4, 0
SET, 225.5, 0
SET, 225.6, 0
SET, 225.7, 0
SET, 225.8, 0
SET, 225.9, 0
SET, 226.0, 0
SET, 226.1, 0
SET, 226.2, 0
SET, 226.3, 0
SET, 226.4, 0
SET, 226.5, 0
SET, 226.6, 0
SET, 226.7, 0
SET, 226.8, 0
SET, 226.9, 0
SET, 227.0, 2
SET, 227.1, 0
SET, 227.2, 0
SET, 227.3, 0
SET, 227.4, 0
SET, 227.5, 0
SET, 227.6, 0
SET, 227.7, 0
SET, 227.8, 0
SET, 227.9, 0
SET, 228.0, 0
SET, 228.1, 0
SET, 228.2, 0
SET, 228.3, 0
SET, 228.4, 0
SET, 228.5, 0
SET, 228.6, 0
SET, 228.7, 0
SET, 228.8, 0
SET, 228.9, 0
SET, 229.0, 0
SET, 229.1, 0
SET, 229.2, 0
SET, 229.3, 0
SET, 229.4, 0
SET, 229.5, 0
SET, 229.6, 0
SET, 229.7, 0
SET, 229.8, 0
SET, 229.9, 0
SET, 230.0, 0
SET, 230.1, 0
SET, 230.2, 0
SET, 230.3, 0
SET, 230.4, 0
SET, 230.5, 0
SET, 230.6, 0
SET, 230.7, 0
SET, 230.8, 0
SET, 230.9, 0
SET, 231.0, 0
SET, 231.1, 0
SET, 231.2, 0
SET, 231.3, 0
SET, 231.4, 0
SET, 231.5, 0
SET, 231.6, 0
SET, 231.7, 0
SET, 231.8, 0
SET, 231.9, 0
SET, 232.0, 0
SET, 232.1, 0
SET, 232.2, 0
SET, 232.3, 0
SET, 232.4, 0
SET, 232.5, 0
SET, 232.6, 0
SET, 232.7, 0
SET, 232.8, 0
SET, 232.9, 0
SET, 233.0, 0
SET, 233.1, 0
SET, 233.2, 0
SET, 233.3, 0
SET, 233.4, 0
SET, 233.5, 0
SET, 233.6, 0
SET, 233.7, 0
SET, 233.8, 0
SET, 233.9, 0
SET, 234.0, 0
SET, 234.1, 0
SET, 234.2, 0
SET, 234.3, 0
SET, 234.4, 0
SET, 234.5, 0
SET, 234.6, 0
SET, 234.7, 0
SET, 234.8, 0
SET, 234.9, 0
SET, 235.0, 0
SET, 235.1, 0
SET, 235.2, 0
SET, 235.3, 0
SET, 235.4, 0
SET, 235.5, 0
SET, 235.6, 0
SET, 235.7, 0
SET, 235.8, 0
SET, 235.9, 0
SET, 236.0, 0
SET, 236.1, 0
SET, 236.2, 0
SET, 236.3, 0
SET, 236.4, 0
SET, 236.5, 0
SET, 236.6, 0
SET, 236.7, 0
SET, 236.8, 0
SET, 236.9, 0
SET, 237.0, 0
SET, 237.1, 0
SET, 237.2, 0
SET, 237.3, 0
SET, 237.4, 0
SET, 237.5, 0
SET, 237.6, 0
SET, 237.7, 0
SET, 237.8, 0
SET, 237.9, 0
SET, 238.0, 0
SET, 238.1, 0
SET, 238.2, 0
SET, 238.3, 0
SET, 238.4, 0
SET, 238.5, 0
SET, 238.6, 0
SET, 238.7, 0
SET, 238.8, 0
SET, 238.9, 0
SET, 239.0, 0
SET, 239.1, 0
SET, 239.2, 0
SET, 239.3, 0
SET, 239.4, 0
SET, 239.5, 0
SET, 239.6, 0
SET, 239.7, 0
SET, 239.8, 0
SET, 239.9, 0
SET, 240.0, 0
SET, 240.1, 0
SET, 240.2, 0
SET, 240.3, 0
SET, 240.4, 0
SET, 240.5, 0
SET, 240.6, 0
SET, 240.7, 0
SET, 240.8, 0
SET, 240.9, 0
SET, 241.0, 0
SET, 241.1, 0
SET, 241.2, 0
SET, 241.3, 0
SET, 241.4, 0
SET, 241.5, 0
SET, 241.6, 0
SET, 241.7, 0
SET, 241.8, 0
SET, 241.9, 0
SET, 242.0, 0
SET, 242.1, 0
SET, 242.2, 0
SET, 242.3, 0
SET, 242.4, 0
SET, 242.5, 0
SET, 242.6, 0
SET, 242.7, 0
SET, 242.8, 0
SET, 242.9, 0
SET, 243.0, 1
SET, 243.1, 0
SET, 243.2, 0
SET, 243.3, 0
SET, 243.4, 0
SET, 243.5, 0
SET, 243.6, 1
SET, 243.7, 0
SET, 243.8, 0
SET, 243.9, 0
SET, 244.0, 0
SET, 244.1, 0
SET, 244.2, 0
SET, 244.3, 0
SET, 244.4, 1
SET, 244.5, 1
SET, 244.6, 0
SET, 244.7, 0
SET, 244.8, 0
SET, 244.9, 0
SET, 245.0, 0
SET, 245.1, 0
SET, 245.2, 0
SET, 245.3, 0
SET, 245.4, 0
SET, 245.5, 0
SET, 245.6, 0
SET, 245.7, 0
SET, 245.8, 0
SET, 245.9, 0
SET, 246.0, 0
SET, 246.1, 0
SET, 246.2, 0
SET, 246.3, 0
SET, 246.4, 0
SET, 246.5, 0
SET, 246.6, 0
SET, 246.7, 0
SET, 246.8, 0
SET, 246.9, 0
SET, 247.0, 0
SET, 247.1, 0
SET, 247.2, 0
SET, 247.3, 0
SET, 247.4, 0
SET, 247.5, 0
SET, 247.6, 0
SET, 247.7, 0
SET, 247.8, 0
SET, 247.9, 0
SET, 248.0, 0
SET, 248.1, 0
SET, 248.2, 0
SET, 248.3, 0
SET, 248.4, 0
SET, 248.5, 0
SET, 248.6, 0
SET, 248.7, 0
SET, 248.8, 0
SET, 248.9, 0
SET, 249.0, 0
SET, 249.1, 0
SET, 249.2, 1
SET, 249.3, 0
SET, 249.4, 0
SET, 249.5, 1
SET, 249.6, 0
SET, 249.7, 0
SET, 249.8, 0
SET, 249.9, 0
SET, 250.0, 0
SET, 250.1, 0
SET, 250.2, 0
SET, 250.3, 0
SET, 250.4, 0
SET, 250.5, 0
SET, 250.6, 0
SET, 250.7, 0
SET, 250.8, 0
SET, 250.9, 0
SET, 251.0, 0
SET, 251.1, 0
SET, 251.2, 0
SET, 251.3, 0
SET, 251.4, 0
SET, 251.5, 0
SET, 251.6, 0
SET, 251.7, 0
SET, 251.8, 0
SET, 251.9, 0
SET, 252.0, 0
SET, 252.1, 0
SET, 252.2, 0
SET, 252.3, 0
SET, 252.4, 0
SET, 252.5, 0
SET, 252.6, 0
SET, 252.7, 0
SET, 252.8, 0
SET, 252.9, 0
SET, 253.0, 0
SET, 253.1, 0
SET, 253.2, 0
SET, 253.3, 0
SET, 253.4, 0
SET, 253.5, 0
SET, 253.6, 0
SET, 253.7, 0
SET, 253.8, 0
SET, 253.9, 0
SET, 254.0, 0
SET, 254.1, 0
SET, 254.2, 0
SET, 254.3, 0
SET, 254.4, 0
SET, 254.5, 0
SET, 254.6, 0
SET, 254.7, 0
SET, 254.8, 0
SET, 254.9, 0
SET, 255.0, 0
SET, 255.1, 0
SET, 255.2, 0
SET, 255.3, 0
SET, 255.4, 0
SET, 255.5, 0
SET, 255.6, 0
SET, 255.7, 0
SET, 255.8, 0
SET, 255.9, 0
SET, 256.0, 0
SET, 256.1, 0
SET, 256.2, 0
SET, 256.3, 0
SET, 256.4, 0
SET, 256.5, 0
SET, 256.6, 0
SET, 256.7, 0
SET, 256.8, 0
SET, 256.9, 0
SET, 257.0, 0
SET, 257.1, 0
SET, 257.2, 0
SET, 257.3, 0
SET, 257.4, 0
SET, 257.5, 0
SET, 257.6, 0
SET, 257.7, 1
SET, 257.8, 0
SET, 257.9, 0
SET, 258.0, 0
SET, 258.1, 0
SET, 258.2, 0
SET, 258.3, 0
SET, 258.4, 0
SET, 258.5, 0
SET, 258.6, 0
SET, 258.7, 0
SET, 258.8, 0
SET, 258.9, 0
SET, 259.0, 0
SET, 259.1, 0
SET, 259.2, 0
SET, 259.3, 0
SET, 259.4, 0
SET, 259.5, 0
SET, 259.6, 0
SET, 259.7, 0
SET, 259.8, 0
SET, 259.9, 0
SET, 260.0, 0
SET, 260.1, 0
SET, 260.2, 0
SET, 260.3, 0
SET, 260.4, 0
SET, 260.5, 0
SET, 260.6, 0
SET, 260.7, 0
SET, 260.8, 0
SET, 260.9, 0
SET, 261.0, 0
SET, 261.1, 0
SET, 261.2, 0
SET, 261.3, 0
SET, 261.4, 0
SET, 261.5, 0
SET, 261.6, 0
SET, 261.7, 0
SET, 261.8, 0
SET, 261.9, 0
SET, 262.0, 0
SET, 262.1, 0
SET, 262.2, 0
SET, 262.3, 0
SET, 262.4, 0
SET, 262.5, 0
SET, 262.6, 0
SET, 262.7, 0
SET, 262.8, 0
SET, 262.9, 0
SET, 263.0, 0
SET, 263.1, 1
