Elapsed Time, AVG Throughput, AVG Queue Size, AVG Waiting Time, AVG Service Time, AVG Response Time, AVG SET Response Time, AVG GET Response Time, AVG MULTI-GET Response Time, #SETS, #GETS, #MULTIGETS, GET MissRatio, MULTI-GET MissRatio, AVG MULTI-GET Size
 5.00, 2323, 1, 0.581366, 1.403832, 2.131304, 2.131304, 0.000000, 0.000000, 11616, 0, 0, 0.00, 0.00, 0
10.00, 2669, 1, 0.399682, 1.301585, 1.806215, 1.806215, 0.000000, 0.000000, 13347, 0, 0, 0.00, 0.00, 0
15.00, 2796, 1, 0.367123, 1.148295, 1.624941, 1.624941, 0.000000, 0.000000, 13982, 0, 0, 0.00, 0.00, 0
20.00, 2640, 1, 0.348372, 1.489681, 1.959369, 1.959369, 0.000000, 0.000000, 13200, 0, 0, 0.00, 0.00, 0
25.00, 2285, 1, 0.629316, 1.923996, 2.663309, 2.663309, 0.000000, 0.000000, 11427, 0, 0, 0.00, 0.00, 0
30.00, 2776, 1, 0.377889, 1.242145, 1.727182, 1.727182, 0.000000, 0.000000, 13882, 0, 0, 0.00, 0.00, 0
35.00, 2610, 1, 0.435178, 1.315251, 1.855822, 1.855822, 0.000000, 0.000000, 13053, 0, 0, 0.00, 0.00, 0
40.00, 2281, 1, 0.631810, 1.815331, 2.571304, 2.571304, 0.000000, 0.000000, 11408, 0, 0, 0.00, 0.00, 0
45.00, 2576, 1, 0.438586, 1.332253, 1.881552, 1.881552, 0.000000, 0.000000, 12880, 0, 0, 0.00, 0.00, 0
50.00, 2554, 1, 0.451939, 1.365182, 1.924492, 1.924492, 0.000000, 0.000000, 12774, 0, 0, 0.00, 0.00, 0
55.00, 2448, 1, 0.434943, 1.399921, 1.930227, 1.930227, 0.000000, 0.000000, 12242, 0, 0, 0.00, 0.00, 0
60.00, 2655, 1, 0.387375, 1.338024, 1.841550, 1.841550, 0.000000, 0.000000, 13276, 0, 0, 0.00, 0.00, 0
65.00, 2570, 1, 0.432026, 1.280576, 1.816396, 1.816396, 0.000000, 0.000000, 12854, 0, 0, 0.00, 0.00, 0
70.00, 2534, 1, 0.459750, 1.386119, 1.961879, 1.961879, 0.000000, 0.000000, 12672, 0, 0, 0.00, 0.00, 0
70.00, 45, 0, 0.145741, 1.105647, 1.357108, 1.357108, 0.000000, 0.000000, 229, 0, 0, 0.00, 0.00, 0
Type, Interval, Responses
SET, 0.1, 0
SET, 0.2, 0
SET, 0.3, 0
SET, 0.4, 0
SET, 0.5, 32
SET, 0.6, 693
SET, 0.7, 3381
SET, 0.8, 7603
SET, 0.9, 11523
SET, 1.0, 14224
SET, 1.1, 15128
SET, 1.2, 14205
SET, 1.3, 13078
SET, 1.4, 11775
SET, 1.5, 9894
SET, 1.6, 8740
SET, 1.7, 7620
SET, 1.8, 6623
SET, 1.9, 5608
SET, 2.0, 4841
SET, 2.1, 4165
SET, 2.2, 3565
SET, 2.3, 3324
SET, 2.4, 2862
SET, 2.5, 2434
SET, 2.6, 2068
SET, 2.7, 1781
SET, 2.8, 1479
SET, 2.9, 1263
SET, 3.0, 1071
SET, 3.1, 951
SET, 3.2, 831
SET, 3.3, 664
SET, 3.4, 689
SET, 3.5, 635
SET, 3.6, 510
SET, 3.7, 463
SET, 3.8, 432
SET, 3.9, 370
SET, 4.0, 302
SET, 4.1, 280
SET, 4.2, 263
SET, 4.3, 218
SET, 4.4, 212
SET, 4.5, 184
SET, 4.6, 198
SET, 4.7, 169
SET, 4.8, 184
SET, 4.9, 169
SET, 5.0, 181
SET, 5.1, 248
SET, 5.2, 287
SET, 5.3, 372
SET, 5.4, 452
SET, 5.5, 530
SET, 5.6, 550
SET, 5.7, 579
SET, 5.8, 566
SET, 5.9, 577
SET, 6.0, 588
SET, 6.1, 545
SET, 6.2, 588
SET, 6.3, 529
SET, 6.4, 467
SET, 6.5, 411
SET, 6.6, 384
SET, 6.7, 318
SET, 6.8, 312
SET, 6.9, 257
SET, 7.0, 236
SET, 7.1, 210
SET, 7.2, 159
SET, 7.3, 130
SET, 7.4, 127
SET, 7.5, 133
SET, 7.6, 121
SET, 7.7, 85
SET, 7.8, 81
SET, 7.9, 95
SET, 8.0, 72
SET, 8.1, 59
SET, 8.2, 52
SET, 8.3, 70
SET, 8.4, 57
SET, 8.5, 51
SET, 8.6, 86
SET, 8.7, 66
SET, 8.8, 66
SET, 8.9, 76
SET, 9.0, 79
SET, 9.1, 61
SET, 9.2, 59
SET, 9.3, 59
SET, 9.4, 61
SET, 9.5, 48
SET, 9.6, 43
SET, 9.7, 43
SET, 9.8, 38
SET, 9.9, 35
SET, 10.0, 40
SET, 10.1, 40
SET, 10.2, 20
SET, 10.3, 22
SET, 10.4, 23
SET, 10.5, 27
SET, 10.6, 31
SET, 10.7, 20
SET, 10.8, 14
SET, 10.9, 11
SET, 11.0, 12
SET, 11.1, 12
SET, 11.2, 17
SET, 11.3, 5
SET, 11.4, 16
SET, 11.5, 11
SET, 11.6, 18
SET, 11.7, 14
SET, 11.8, 8
SET, 11.9, 15
SET, 12.0, 14
SET, 12.1, 6
SET, 12.2, 5
SET, 12.3, 5
SET, 12.4, 8
SET, 12.5, 9
SET, 12.6, 1
SET, 12.7, 11
SET, 12.8, 4
SET, 12.9, 3
SET, 13.0, 5
SET, 13.1, 3
SET, 13.2, 7
SET, 13.3, 7
SET, 13.4, 8
SET, 13.5, 4
SET, 13.6, 10
SET, 13.7, 8
SET, 13.8, 5
SET, 13.9, 3
SET, 14.0, 11
SET, 14.1, 9
SET, 14.2, 5
SET, 14.3, 7
SET, 14.4, 3
SET, 14.5, 11
SET, 14.6, 6
SET, 14.7, 8
SET, 14.8, 8
SET, 14.9, 4
SET, 15.0, 6
SET, 15.1, 4
SET, 15.2, 3
SET, 15.3, 6
SET, 15.4, 4
SET, 15.5, 3
SET, 15.6, 0
SET, 15.7, 3
SET, 15.8, 2
SET, 15.9, 2
SET, 16.0, 3
SET, 16.1, 5
SET, 16.2, 5
SET, 16.3, 4
SET, 16.4, 5
SET, 16.5, 8
SET, 16.6, 4
SET, 16.7, 2
SET, 16.8, 4
SET, 16.9, 7
SET, 17.0, 1
SET, 17.1, 8
SET, 17.2, 1
SET, 17.3, 1
SET, 17.4, 4
SET, 17.5, 2
SET, 17.6, 2
SET, 17.7, 1
SET, 17.8, 2
SET, 17.9, 2
SET, 18.0, 5
SET, 18.1, 4
SET, 18.2, 1
SET, 18.3, 3
SET, 18.4, 1
SET, 18.5, 0
SET, 18.6, 4
SET, 18.7, 2
SET, 18.8, 1
SET, 18.9, 2
SET, 19.0, 4
SET, 19.1, 1
SET, 19.2, 4
SET, 19.3, 2
SET, 19.4, 3
SET, 19.5, 1
SET, 19.6, 2
SET, 19.7, 0
SET, 19.8, 1
SET, 19.9, 1
SET, 20.0, 2
SET, 20.1, 1
SET, 20.2, 2
SET, 20.3, 2
SET, 20.4, 2
SET, 20.5, 4
SET, 20.6, 1
SET, 20.7, 0
SET, 20.8, 1
SET, 20.9, 0
SET, 21.0, 1
SET, 21.1, 1
SET, 21.2, 4
SET, 21.3, 5
SET, 21.4, 0
SET, 21.5, 1
SET, 21.6, 0
SET, 21.7, 2
SET, 21.8, 1
SET, 21.9, 0
SET, 22.0, 1
SET, 22.1, 1
SET, 22.2, 0
SET, 22.3, 0
SET, 22.4, 2
SET, 22.5, 1
SET, 22.6, 0
SET, 22.7, 0
SET, 22.8, 0
SET, 22.9, 0
SET, 23.0, 1
SET, 23.1, 0
SET, 23.2, 0
SET, 23.3, 0
SET, 23.4, 1
SET, 23.5, 0
SET, 23.6, 0
SET, 23.7, 0
SET, 23.8, 0
SET, 23.9, 0
SET, 24.0, 0
SET, 24.1, 0
SET, 24.2, 0
SET, 24.3, 0
SET, 24.4, 0
SET, 24.5, 0
SET, 24.6, 0
SET, 24.7, 0
SET, 24.8, 1
SET, 24.9, 1
SET, 25.0, 0
SET, 25.1, 0
SET, 25.2, 0
SET, 25.3, 1
SET, 25.4, 0
SET, 25.5, 0
SET, 25.6, 1
SET, 25.7, 0
SET, 25.8, 2
SET, 25.9, 1
SET, 26.0, 0
SET, 26.1, 1
SET, 26.2, 0
SET, 26.3, 0
SET, 26.4, 0
SET, 26.5, 0
SET, 26.6, 0
SET, 26.7, 0
SET, 26.8, 0
SET, 26.9, 0
SET, 27.0, 0
SET, 27.1, 2
SET, 27.2, 2
SET, 27.3, 0
SET, 27.4, 1
SET, 27.5, 0
SET, 27.6, 0
SET, 27.7, 0
SET, 27.8, 0
SET, 27.9, 0
SET, 28.0, 0
SET, 28.1, 0
SET, 28.2, 0
SET, 28.3, 0
SET, 28.4, 0
SET, 28.5, 0
SET, 28.6, 0
SET, 28.7, 0
SET, 28.8, 0
SET, 28.9, 0
SET, 29.0, 0
SET, 29.1, 0
SET, 29.2, 0
SET, 29.3, 0
SET, 29.4, 0
SET, 29.5, 0
SET, 29.6, 0
SET, 29.7, 1
SET, 29.8, 0
SET, 29.9, 0
SET, 30.0, 0
SET, 30.1, 0
SET, 30.2, 0
SET, 30.3, 0
SET, 30.4, 1
SET, 30.5, 0
SET, 30.6, 0
SET, 30.7, 0
SET, 30.8, 0
SET, 30.9, 0
SET, 31.0, 0
SET, 31.1, 0
SET, 31.2, 0
SET, 31.3, 0
SET, 31.4, 0
SET, 31.5, 0
SET, 31.6, 0
SET, 31.7, 0
SET, 31.8, 0
SET, 31.9, 0
SET, 32.0, 0
SET, 32.1, 0
SET, 32.2, 0
SET, 32.3, 0
SET, 32.4, 0
SET, 32.5, 0
SET, 32.6, 0
SET, 32.7, 0
SET, 32.8, 0
SET, 32.9, 0
SET, 33.0, 0
SET, 33.1, 0
SET, 33.2, 0
SET, 33.3, 0
SET, 33.4, 0
SET, 33.5, 0
SET, 33.6, 0
SET, 33.7, 0
SET, 33.8, 0
SET, 33.9, 0
SET, 34.0, 0
SET, 34.1, 0
SET, 34.2, 0
SET, 34.3, 0
SET, 34.4, 1
SET, 34.5, 0
SET, 34.6, 0
SET, 34.7, 0
SET, 34.8, 0
SET, 34.9, 0
SET, 35.0, 0
SET, 35.1, 0
SET, 35.2, 0
SET, 35.3, 0
SET, 35.4, 0
SET, 35.5, 0
SET, 35.6, 0
SET, 35.7, 0
SET, 35.8, 0
SET, 35.9, 0
SET, 36.0, 0
SET, 36.1, 0
SET, 36.2, 0
SET, 36.3, 0
SET, 36.4, 0
SET, 36.5, 0
SET, 36.6, 0
SET, 36.7, 0
SET, 36.8, 0
SET, 36.9, 0
SET, 37.0, 0
SET, 37.1, 0
SET, 37.2, 0
SET, 37.3, 0
SET, 37.4, 1
SET, 37.5, 0
SET, 37.6, 0
SET, 37.7, 1
SET, 37.8, 0
SET, 37.9, 0
SET, 38.0, 0
SET, 38.1, 0
SET, 38.2, 0
SET, 38.3, 0
SET, 38.4, 0
SET, 38.5, 0
SET, 38.6, 0
SET, 38.7, 0
SET, 38.8, 0
SET, 38.9, 0
SET, 39.0, 0
SET, 39.1, 0
SET, 39.2, 0
SET, 39.3, 0
SET, 39.4, 0
SET, 39.5, 0
SET, 39.6, 0
SET, 39.7, 0
SET, 39.8, 0
SET, 39.9, 0
SET, 40.0, 0
SET, 40.1, 0
SET, 40.2, 0
SET, 40.3, 0
SET, 40.4, 0
SET, 40.5, 0
SET, 40.6, 0
SET, 40.7, 0
SET, 40.8, 0
SET, 40.9, 0
SET, 41.0, 0
SET, 41.1, 0
SET, 41.2, 0
SET, 41.3, 0
SET, 41.4, 0
SET, 41.5, 0
SET, 41.6, 0
SET, 41.7, 0
SET, 41.8, 0
SET, 41.9, 0
SET, 42.0, 0
SET, 42.1, 0
SET, 42.2, 0
SET, 42.3, 0
SET, 42.4, 0
SET, 42.5, 0
SET, 42.6, 0
SET, 42.7, 0
SET, 42.8, 0
SET, 42.9, 0
SET, 43.0, 0
SET, 43.1, 0
SET, 43.2, 0
SET, 43.3, 0
SET, 43.4, 0
SET, 43.5, 0
SET, 43.6, 0
SET, 43.7, 0
SET, 43.8, 0
SET, 43.9, 0
SET, 44.0, 0
SET, 44.1, 0
SET, 44.2, 0
SET, 44.3, 0
SET, 44.4, 0
SET, 44.5, 0
SET, 44.6, 0
SET, 44.7, 0
SET, 44.8, 0
SET, 44.9, 0
SET, 45.0, 0
SET, 45.1, 0
SET, 45.2, 0
SET, 45.3, 0
SET, 45.4, 0
SET, 45.5, 0
SET, 45.6, 0
SET, 45.7, 0
SET, 45.8, 0
SET, 45.9, 0
SET, 46.0, 0
SET, 46.1, 0
SET, 46.2, 0
SET, 46.3, 0
SET, 46.4, 0
SET, 46.5, 0
SET, 46.6, 0
SET, 46.7, 0
SET, 46.8, 0
SET, 46.9, 0
SET, 47.0, 0
SET, 47.1, 0
SET, 47.2, 0
SET, 47.3, 0
SET, 47.4, 0
SET, 47.5, 0
SET, 47.6, 0
SET, 47.7, 0
SET, 47.8, 0
SET, 47.9, 0
SET, 48.0, 0
SET, 48.1, 0
SET, 48.2, 0
SET, 48.3, 0
SET, 48.4, 0
SET, 48.5, 0
SET, 48.6, 0
SET, 48.7, 0
SET, 48.8, 0
SET, 48.9, 0
SET, 49.0, 0
SET, 49.1, 0
SET, 49.2, 0
SET, 49.3, 0
SET, 49.4, 0
SET, 49.5, 0
SET, 49.6, 0
SET, 49.7, 0
SET, 49.8, 0
SET, 49.9, 0
SET, 50.0, 0
SET, 50.1, 0
SET, 50.2, 0
SET, 50.3, 0
SET, 50.4, 0
SET, 50.5, 0
SET, 50.6, 0
SET, 50.7, 0
SET, 50.8, 0
SET, 50.9, 0
SET, 51.0, 0
SET, 51.1, 0
SET, 51.2, 0
SET, 51.3, 0
SET, 51.4, 0
SET, 51.5, 0
SET, 51.6, 0
SET, 51.7, 0
SET, 51.8, 0
SET, 51.9, 0
SET, 52.0, 0
SET, 52.1, 0
SET, 52.2, 0
SET, 52.3, 0
SET, 52.4, 0
SET, 52.5, 0
SET, 52.6, 0
SET, 52.7, 0
SET, 52.8, 0
SET, 52.9, 0
SET, 53.0, 0
SET, 53.1, 0
SET, 53.2, 0
SET, 53.3, 0
SET, 53.4, 0
SET, 53.5, 0
SET, 53.6, 0
SET, 53.7, 0
SET, 53.8, 0
SET, 53.9, 0
SET, 54.0, 0
SET, 54.1, 0
SET, 54.2, 0
SET, 54.3, 0
SET, 54.4, 0
SET, 54.5, 0
SET, 54.6, 0
SET, 54.7, 0
SET, 54.8, 0
SET, 54.9, 0
SET, 55.0, 0
SET, 55.1, 0
SET, 55.2, 0
SET, 55.3, 0
SET, 55.4, 0
SET, 55.5, 0
SET, 55.6, 0
SET, 55.7, 0
SET, 55.8, 0
SET, 55.9, 0
SET, 56.0, 0
SET, 56.1, 0
SET, 56.2, 0
SET, 56.3, 0
SET, 56.4, 0
SET, 56.5, 0
SET, 56.6, 0
SET, 56.7, 0
SET, 56.8, 0
SET, 56.9, 0
SET, 57.0, 0
SET, 57.1, 0
SET, 57.2, 0
SET, 57.3, 0
SET, 57.4, 0
SET, 57.5, 0
SET, 57.6, 0
SET, 57.7, 0
SET, 57.8, 0
SET, 57.9, 0
SET, 58.0, 0
SET, 58.1, 0
SET, 58.2, 0
SET, 58.3, 0
SET, 58.4, 0
SET, 58.5, 0
SET, 58.6, 0
SET, 58.7, 0
SET, 58.8, 0
SET, 58.9, 0
SET, 59.0, 0
SET, 59.1, 0
SET, 59.2, 0
SET, 59.3, 0
SET, 59.4, 0
SET, 59.5, 0
SET, 59.6, 0
SET, 59.7, 0
SET, 59.8, 0
SET, 59.9, 0
SET, 60.0, 0
SET, 60.1, 0
SET, 60.2, 0
SET, 60.3, 0
SET, 60.4, 0
SET, 60.5, 0
SET, 60.6, 0
SET, 60.7, 0
SET, 60.8, 0
SET, 60.9, 0
SET, 61.0, 0
SET, 61.1, 0
SET, 61.2, 0
SET, 61.3, 0
SET, 61.4, 0
SET, 61.5, 0
SET, 61.6, 0
SET, 61.7, 0
SET, 61.8, 0
SET, 61.9, 0
SET, 62.0, 0
SET, 62.1, 0
SET, 62.2, 0
SET, 62.3, 0
SET, 62.4, 0
SET, 62.5, 0
SET, 62.6, 0
SET, 62.7, 0
SET, 62.8, 0
SET, 62.9, 0
SET, 63.0, 0
SET, 63.1, 0
SET, 63.2, 0
SET, 63.3, 0
SET, 63.4, 0
SET, 63.5, 0
SET, 63.6, 0
SET, 63.7, 0
SET, 63.8, 0
SET, 63.9, 0
SET, 64.0, 0
SET, 64.1, 0
SET, 64.2, 0
SET, 64.3, 0
SET, 64.4, 0
SET, 64.5, 0
SET, 64.6, 0
SET, 64.7, 0
SET, 64.8, 0
SET, 64.9, 0
SET, 65.0, 0
SET, 65.1, 0
SET, 65.2, 0
SET, 65.3, 0
SET, 65.4, 0
SET, 65.5, 0
SET, 65.6, 0
SET, 65.7, 0
SET, 65.8, 0
SET, 65.9, 0
SET, 66.0, 0
SET, 66.1, 0
SET, 66.2, 0
SET, 66.3, 0
SET, 66.4, 0
SET, 66.5, 0
SET, 66.6, 0
SET, 66.7, 0
SET, 66.8, 0
SET, 66.9, 0
SET, 67.0, 0
SET, 67.1, 0
SET, 67.2, 0
SET, 67.3, 0
SET, 67.4, 0
SET, 67.5, 0
SET, 67.6, 0
SET, 67.7, 0
SET, 67.8, 0
SET, 67.9, 0
SET, 68.0, 0
SET, 68.1, 0
SET, 68.2, 0
SET, 68.3, 0
SET, 68.4, 0
SET, 68.5, 0
SET, 68.6, 0
SET, 68.7, 0
SET, 68.8, 0
SET, 68.9, 0
SET, 69.0, 0
SET, 69.1, 0
SET, 69.2, 0
SET, 69.3, 0
SET, 69.4, 0
SET, 69.5, 0
SET, 69.6, 0
SET, 69.7, 0
SET, 69.8, 0
SET, 69.9, 0
SET, 70.0, 0
SET, 70.1, 0
SET, 70.2, 0
SET, 70.3, 0
SET, 70.4, 0
SET, 70.5, 0
SET, 70.6, 0
SET, 70.7, 0
SET, 70.8, 0
SET, 70.9, 0
SET, 71.0, 0
SET, 71.1, 0
SET, 71.2, 0
SET, 71.3, 0
SET, 71.4, 0
SET, 71.5, 0
SET, 71.6, 0
SET, 71.7, 0
SET, 71.8, 0
SET, 71.9, 0
SET, 72.0, 0
SET, 72.1, 0
SET, 72.2, 0
SET, 72.3, 0
SET, 72.4, 0
SET, 72.5, 0
SET, 72.6, 0
SET, 72.7, 0
SET, 72.8, 0
SET, 72.9, 0
SET, 73.0, 0
SET, 73.1, 0
SET, 73.2, 0
SET, 73.3, 0
SET, 73.4, 0
SET, 73.5, 0
SET, 73.6, 0
SET, 73.7, 0
SET, 73.8, 0
SET, 73.9, 0
SET, 74.0, 0
SET, 74.1, 0
SET, 74.2, 0
SET, 74.3, 0
SET, 74.4, 0
SET, 74.5, 0
SET, 74.6, 0
SET, 74.7, 0
SET, 74.8, 0
SET, 74.9, 0
SET, 75.0, 0
SET, 75.1, 0
SET, 75.2, 0
SET, 75.3, 0
SET, 75.4, 0
SET, 75.5, 0
SET, 75.6, 0
SET, 75.7, 0
SET, 75.8, 0
SET, 75.9, 0
SET, 76.0, 0
SET, 76.1, 0
SET, 76.2, 0
SET, 76.3, 0
SET, 76.4, 0
SET, 76.5, 0
SET, 76.6, 0
SET, 76.7, 0
SET, 76.8, 0
SET, 76.9, 0
SET, 77.0, 0
SET, 77.1, 0
SET, 77.2, 0
SET, 77.3, 0
SET, 77.4, 1
SET, 77.5, 0
SET, 77.6, 0
SET, 77.7, 2
SET, 77.8, 0
SET, 77.9, 0
SET, 78.0, 0
SET, 78.1, 0
SET, 78.2, 0
SET, 78.3, 0
SET, 78.4, 0
SET, 78.5, 0
SET, 78.6, 0
SET, 78.7, 0
SET, 78.8, 0
SET, 78.9, 0
SET, 79.0, 0
SET, 79.1, 0
SET, 79.2, 0
SET, 79.3, 0
SET, 79.4, 0
SET, 79.5, 0
SET, 79.6, 0
SET, 79.7, 0
SET, 79.8, 0
SET, 79.9, 0
SET, 80.0, 0
SET, 80.1, 0
SET, 80.2, 0
SET, 80.3, 0
SET, 80.4, 0
SET, 80.5, 0
SET, 80.6, 0
SET, 80.7, 0
SET, 80.8, 0
SET, 80.9, 0
SET, 81.0, 0
SET, 81.1, 0
SET, 81.2, 0
SET, 81.3, 0
SET, 81.4, 0
SET, 81.5, 0
SET, 81.6, 0
SET, 81.7, 0
SET, 81.8, 0
SET, 81.9, 0
SET, 82.0, 0
SET, 82.1, 0
SET, 82.2, 0
SET, 82.3, 0
SET, 82.4, 0
SET, 82.5, 0
SET, 82.6, 0
SET, 82.7, 0
SET, 82.8, 0
SET, 82.9, 0
SET, 83.0, 0
SET, 83.1, 0
SET, 83.2, 0
SET, 83.3, 0
SET, 83.4, 0
SET, 83.5, 1
SET, 83.6, 0
SET, 83.7, 0
SET, 83.8, 0
SET, 83.9, 0
SET, 84.0, 0
SET, 84.1, 0
SET, 84.2, 0
SET, 84.3, 0
SET, 84.4, 0
SET, 84.5, 0
SET, 84.6, 0
SET, 84.7, 0
SET, 84.8, 0
SET, 84.9, 0
SET, 85.0, 0
SET, 85.1, 0
SET, 85.2, 0
SET, 85.3, 0
SET, 85.4, 0
SET, 85.5, 0
SET, 85.6, 3
SET, 85.7, 1
SET, 85.8, 0
SET, 85.9, 0
SET, 86.0, 0
SET, 86.1, 0
SET, 86.2, 0
SET, 86.3, 0
SET, 86.4, 0
SET, 86.5, 0
SET, 86.6, 0
SET, 86.7, 0
SET, 86.8, 0
SET, 86.9, 0
SET, 87.0, 0
SET, 87.1, 0
SET, 87.2, 0
SET, 87.3, 0
SET, 87.4, 0
SET, 87.5, 0
SET, 87.6, 0
SET, 87.7, 0
SET, 87.8, 0
SET, 87.9, 0
SET, 88.0, 0
SET, 88.1, 0
SET, 88.2, 0
SET, 88.3, 0
SET, 88.4, 0
SET, 88.5, 0
SET, 88.6, 0
SET, 88.7, 0
SET, 88.8, 0
SET, 88.9, 0
SET, 89.0, 0
SET, 89.1, 0
SET, 89.2, 0
SET, 89.3, 0
SET, 89.4, 0
SET, 89.5, 0
SET, 89.6, 0
SET, 89.7, 0
SET, 89.8, 0
SET, 89.9, 0
SET, 90.0, 0
SET, 90.1, 0
SET, 90.2, 0
SET, 90.3, 0
SET, 90.4, 0
SET, 90.5, 0
SET, 90.6, 0
SET, 90.7, 0
SET, 90.8, 0
SET, 90.9, 0
SET, 91.0, 0
SET, 91.1, 0
SET, 91.2, 0
SET, 91.3, 0
SET, 91.4, 0
SET, 91.5, 0
SET, 91.6, 0
SET, 91.7, 0
SET, 91.8, 0
SET, 91.9, 0
SET, 92.0, 0
SET, 92.1, 0
SET, 92.2, 0
SET, 92.3, 0
SET, 92.4, 0
SET, 92.5, 0
SET, 92.6, 0
SET, 92.7, 0
SET, 92.8, 0
SET, 92.9, 0
SET, 93.0, 0
SET, 93.1, 0
SET, 93.2, 0
SET, 93.3, 0
SET, 93.4, 0
SET, 93.5, 0
SET, 93.6, 0
SET, 93.7, 0
SET, 93.8, 0
SET, 93.9, 0
SET, 94.0, 0
SET, 94.1, 0
SET, 94.2, 0
SET, 94.3, 0
SET, 94.4, 0
SET, 94.5, 0
SET, 94.6, 0
SET, 94.7, 0
SET, 94.8, 0
SET, 94.9, 0
SET, 95.0, 0
SET, 95.1, 0
SET, 95.2, 0
SET, 95.3, 0
SET, 95.4, 0
SET, 95.5, 0
SET, 95.6, 0
SET, 95.7, 0
SET, 95.8, 0
SET, 95.9, 4
SET, 96.0, 2
SET, 96.1, 1
SET, 96.2, 0
SET, 96.3, 1
SET, 96.4, 0
SET, 96.5, 0
SET, 96.6, 0
SET, 96.7, 0
SET, 96.8, 0
SET, 96.9, 1
SET, 97.0, 2
SET, 97.1, 4
SET, 97.2, 1
SET, 97.3, 0
SET, 97.4, 0
SET, 97.5, 0
SET, 97.6, 0
SET, 97.7, 0
SET, 97.8, 0
SET, 97.9, 0
SET, 98.0, 0
SET, 98.1, 0
SET, 98.2, 0
SET, 98.3, 0
SET, 98.4, 0
SET, 98.5, 0
SET, 98.6, 0
SET, 98.7, 0
SET, 98.8, 0
SET, 98.9, 0
SET, 99.0, 0
SET, 99.1, 0
SET, 99.2, 0
SET, 99.3, 0
SET, 99.4, 0
SET, 99.5, 0
SET, 99.6, 0
SET, 99.7, 0
SET, 99.8, 0
SET, 99.9, 0
SET, 100.0, 0
SET, 100.1, 0
SET, 100.2, 0
SET, 100.3, 0
SET, 100.4, 0
SET, 100.5, 0
SET, 100.6, 0
SET, 100.7, 0
SET, 100.8, 0
SET, 100.9, 0
SET, 101.0, 0
SET, 101.1, 0
SET, 101.2, 0
SET, 101.3, 0
SET, 101.4, 0
SET, 101.5, 0
SET, 101.6, 0
SET, 101.7, 0
SET, 101.8, 0
SET, 101.9, 0
SET, 102.0, 0
SET, 102.1, 0
SET, 102.2, 0
SET, 102.3, 0
SET, 102.4, 0
SET, 102.5, 0
SET, 102.6, 0
SET, 102.7, 0
SET, 102.8, 0
SET, 102.9, 0
SET, 103.0, 0
SET, 103.1, 0
SET, 103.2, 0
SET, 103.3, 0
SET, 103.4, 0
SET, 103.5, 0
SET, 103.6, 0
SET, 103.7, 0
SET, 103.8, 0
SET, 103.9, 0
SET, 104.0, 0
SET, 104.1, 0
SET, 104.2, 0
SET, 104.3, 0
SET, 104.4, 0
SET, 104.5, 0
SET, 104.6, 0
SET, 104.7, 0
SET, 104.8, 0
SET, 104.9, 0
SET, 105.0, 0
SET, 105.1, 0
SET, 105.2, 0
SET, 105.3, 0
SET, 105.4, 0
SET, 105.5, 0
SET, 105.6, 0
SET, 105.7, 0
SET, 105.8, 0
SET, 105.9, 0
SET, 106.0, 0
SET, 106.1, 0
SET, 106.2, 0
SET, 106.3, 0
SET, 106.4, 0
SET, 106.5, 0
SET, 106.6, 0
SET, 106.7, 0
SET, 106.8, 0
SET, 106.9, 0
SET, 107.0, 0
SET, 107.1, 0
SET, 107.2, 0
SET, 107.3, 0
SET, 107.4, 0
SET, 107.5, 0
SET, 107.6, 0
SET, 107.7, 0
SET, 107.8, 0
SET, 107.9, 0
SET, 108.0, 0
SET, 108.1, 0
SET, 108.2, 0
SET, 108.3, 0
SET, 108.4, 0
SET, 108.5, 0
SET, 108.6, 0
SET, 108.7, 0
SET, 108.8, 0
SET, 108.9, 0
SET, 109.0, 0
SET, 109.1, 0
SET, 109.2, 0
SET, 109.3, 0
SET, 109.4, 0
SET, 109.5, 0
SET, 109.6, 0
SET, 109.7, 0
SET, 109.8, 0
SET, 109.9, 0
SET, 110.0, 0
SET, 110.1, 0
SET, 110.2, 0
SET, 110.3, 0
SET, 110.4, 0
SET, 110.5, 0
SET, 110.6, 0
SET, 110.7, 0
SET, 110.8, 0
SET, 110.9, 0
SET, 111.0, 0
SET, 111.1, 0
SET, 111.2, 0
SET, 111.3, 0
SET, 111.4, 0
SET, 111.5, 0
SET, 111.6, 0
SET, 111.7, 0
SET, 111.8, 0
SET, 111.9, 0
SET, 112.0, 0
SET, 112.1, 0
SET, 112.2, 0
SET, 112.3, 0
SET, 112.4, 0
SET, 112.5, 0
SET, 112.6, 0
SET, 112.7, 0
SET, 112.8, 0
SET, 112.9, 0
SET, 113.0, 0
SET, 113.1, 0
SET, 113.2, 0
SET, 113.3, 0
SET, 113.4, 0
SET, 113.5, 0
SET, 113.6, 0
SET, 113.7, 0
SET, 113.8, 0
SET, 113.9, 0
SET, 114.0, 0
SET, 114.1, 0
SET, 114.2, 0
SET, 114.3, 0
SET, 114.4, 0
SET, 114.5, 0
SET, 114.6, 0
SET, 114.7, 0
SET, 114.8, 0
SET, 114.9, 0
SET, 115.0, 0
SET, 115.1, 0
SET, 115.2, 0
SET, 115.3, 0
SET, 115.4, 0
SET, 115.5, 0
SET, 115.6, 0
SET, 115.7, 0
SET, 115.8, 0
SET, 115.9, 0
SET, 116.0, 0
SET, 116.1, 0
SET, 116.2, 0
SET, 116.3, 0
SET, 116.4, 0
SET, 116.5, 0
SET, 116.6, 0
SET, 116.7, 0
SET, 116.8, 0
SET, 116.9, 0
SET, 117.0, 0
SET, 117.1, 0
SET, 117.2, 0
SET, 117.3, 0
SET, 117.4, 0
SET, 117.5, 0
SET, 117.6, 0
SET, 117.7, 0
SET, 117.8, 0
SET, 117.9, 0
SET, 118.0, 0
SET, 118.1, 0
SET, 118.2, 0
SET, 118.3, 0
SET, 118.4, 0
SET, 118.5, 0
SET, 118.6, 0
SET, 118.7, 0
SET, 118.8, 0
SET, 118.9, 0
SET, 119.0, 0
SET, 119.1, 0
SET, 119.2, 0
SET, 119.3, 0
SET, 119.4, 0
SET, 119.5, 0
SET, 119.6, 0
SET, 119.7, 0
SET, 119.8, 0
SET, 119.9, 0
SET, 120.0, 0
SET, 120.1, 0
SET, 120.2, 0
SET, 120.3, 0
SET, 120.4, 0
SET, 120.5, 0
SET, 120.6, 0
SET, 120.7, 0
SET, 120.8, 0
SET, 120.9, 0
SET, 121.0, 0
SET, 121.1, 0
SET, 121.2, 0
SET, 121.3, 0
SET, 121.4, 0
SET, 121.5, 0
SET, 121.6, 0
SET, 121.7, 0
SET, 121.8, 0
SET, 121.9, 0
SET, 122.0, 0
SET, 122.1, 0
SET, 122.2, 0
SET, 122.3, 0
SET, 122.4, 0
SET, 122.5, 0
SET, 122.6, 0
SET, 122.7, 0
SET, 122.8, 0
SET, 122.9, 0
SET, 123.0, 0
SET, 123.1, 0
SET, 123.2, 0
SET, 123.3, 0
SET, 123.4, 0
SET, 123.5, 0
SET, 123.6, 0
SET, 123.7, 0
SET, 123.8, 0
SET, 123.9, 0
SET, 124.0, 0
SET, 124.1, 0
SET, 124.2, 0
SET, 124.3, 0
SET, 124.4, 0
SET, 124.5, 0
SET, 124.6, 0
SET, 124.7, 0
SET, 124.8, 0
SET, 124.9, 0
SET, 125.0, 0
SET, 125.1, 0
SET, 125.2, 0
SET, 125.3, 0
SET, 125.4, 0
SET, 125.5, 0
SET, 125.6, 0
SET, 125.7, 0
SET, 125.8, 0
SET, 125.9, 0
SET, 126.0, 0
SET, 126.1, 0
SET, 126.2, 0
SET, 126.3, 0
SET, 126.4, 0
SET, 126.5, 0
SET, 126.6, 0
SET, 126.7, 0
SET, 126.8, 0
SET, 126.9, 0
SET, 127.0, 0
SET, 127.1, 0
SET, 127.2, 0
SET, 127.3, 0
SET, 127.4, 0
SET, 127.5, 0
SET, 127.6, 0
SET, 127.7, 0
SET, 127.8, 0
SET, 127.9, 0
SET, 128.0, 0
SET, 128.1, 0
SET, 128.2, 0
SET, 128.3, 0
SET, 128.4, 0
SET, 128.5, 0
SET, 128.6, 0
SET, 128.7, 0
SET, 128.8, 0
SET, 128.9, 0
SET, 129.0, 0
SET, 129.1, 0
SET, 129.2, 0
SET, 129.3, 0
SET, 129.4, 0
SET, 129.5, 0
SET, 129.6, 0
SET, 129.7, 0
SET, 129.8, 0
SET, 129.9, 0
SET, 130.0, 0
SET, 130.1, 0
SET, 130.2, 0
SET, 130.3, 0
SET, 130.4, 0
SET, 130.5, 0
SET, 130.6, 0
SET, 130.7, 0
SET, 130.8, 0
SET, 130.9, 0
SET, 131.0, 0
SET, 131.1, 0
SET, 131.2, 0
SET, 131.3, 0
SET, 131.4, 0
SET, 131.5, 0
SET, 131.6, 0
SET, 131.7, 0
SET, 131.8, 0
SET, 131.9, 0
SET, 132.0, 0
SET, 132.1, 0
SET, 132.2, 0
SET, 132.3, 0
SET, 132.4, 0
SET, 132.5, 0
SET, 132.6, 0
SET, 132.7, 0
SET, 132.8, 0
SET, 132.9, 0
SET, 133.0, 0
SET, 133.1, 0
SET, 133.2, 0
SET, 133.3, 0
SET, 133.4, 0
SET, 133.5, 0
SET, 133.6, 0
SET, 133.7, 0
SET, 133.8, 0
SET, 133.9, 0
SET, 134.0, 0
SET, 134.1, 0
SET, 134.2, 0
SET, 134.3, 0
SET, 134.4, 0
SET, 134.5, 0
SET, 134.6, 0
SET, 134.7, 0
SET, 134.8, 0
SET, 134.9, 0
SET, 135.0, 0
SET, 135.1, 0
SET, 135.2, 0
SET, 135.3, 0
SET, 135.4, 0
SET, 135.5, 0
SET, 135.6, 0
SET, 135.7, 0
SET, 135.8, 0
SET, 135.9, 0
SET, 136.0, 0
SET, 136.1, 0
SET, 136.2, 0
SET, 136.3, 0
SET, 136.4, 0
SET, 136.5, 0
SET, 136.6, 0
SET, 136.7, 0
SET, 136.8, 0
SET, 136.9, 0
SET, 137.0, 0
SET, 137.1, 0
SET, 137.2, 0
SET, 137.3, 0
SET, 137.4, 0
SET, 137.5, 0
SET, 137.6, 0
SET, 137.7, 0
SET, 137.8, 0
SET, 137.9, 0
SET, 138.0, 0
SET, 138.1, 0
SET, 138.2, 0
SET, 138.3, 0
SET, 138.4, 0
SET, 138.5, 0
SET, 138.6, 0
SET, 138.7, 0
SET, 138.8, 0
SET, 138.9, 0
SET, 139.0, 0
SET, 139.1, 0
SET, 139.2, 0
SET, 139.3, 0
SET, 139.4, 0
SET, 139.5, 0
SET, 139.6, 0
SET, 139.7, 0
SET, 139.8, 0
SET, 139.9, 0
SET, 140.0, 0
SET, 140.1, 0
SET, 140.2, 0
SET, 140.3, 0
SET, 140.4, 0
SET, 140.5, 0
SET, 140.6, 0
SET, 140.7, 0
SET, 140.8, 0
SET, 140.9, 0
SET, 141.0, 0
SET, 141.1, 0
SET, 141.2, 0
SET, 141.3, 0
SET, 141.4, 0
SET, 141.5, 0
SET, 141.6, 0
SET, 141.7, 0
SET, 141.8, 0
SET, 141.9, 0
SET, 142.0, 0
SET, 142.1, 0
SET, 142.2, 0
SET, 142.3, 0
SET, 142.4, 0
SET, 142.5, 0
SET, 142.6, 0
SET, 142.7, 0
SET, 142.8, 0
SET, 142.9, 0
SET, 143.0, 0
SET, 143.1, 0
SET, 143.2, 0
SET, 143.3, 0
SET, 143.4, 0
SET, 143.5, 0
SET, 143.6, 0
SET, 143.7, 0
SET, 143.8, 0
SET, 143.9, 0
SET, 144.0, 0
SET, 144.1, 0
SET, 144.2, 0
SET, 144.3, 0
SET, 144.4, 0
SET, 144.5, 0
SET, 144.6, 0
SET, 144.7, 0
SET, 144.8, 0
SET, 144.9, 0
SET, 145.0, 0
SET, 145.1, 0
SET, 145.2, 0
SET, 145.3, 0
SET, 145.4, 0
SET, 145.5, 0
SET, 145.6, 0
SET, 145.7, 0
SET, 145.8, 0
SET, 145.9, 0
SET, 146.0, 0
SET, 146.1, 0
SET, 146.2, 0
SET, 146.3, 0
SET, 146.4, 0
SET, 146.5, 0
SET, 146.6, 0
SET, 146.7, 0
SET, 146.8, 0
SET, 146.9, 0
SET, 147.0, 0
SET, 147.1, 0
SET, 147.2, 0
SET, 147.3, 0
SET, 147.4, 0
SET, 147.5, 0
SET, 147.6, 0
SET, 147.7, 0
SET, 147.8, 0
SET, 147.9, 0
SET, 148.0, 0
SET, 148.1, 0
SET, 148.2, 0
SET, 148.3, 0
SET, 148.4, 0
SET, 148.5, 0
SET, 148.6, 0
SET, 148.7, 0
SET, 148.8, 0
SET, 148.9, 0
SET, 149.0, 0
SET, 149.1, 0
SET, 149.2, 0
SET, 149.3, 0
SET, 149.4, 0
SET, 149.5, 0
SET, 149.6, 0
SET, 149.7, 0
SET, 149.8, 0
SET, 149.9, 0
SET, 150.0, 0
SET, 150.1, 0
SET, 150.2, 0
SET, 150.3, 0
SET, 150.4, 0
SET, 150.5, 0
SET, 150.6, 0
SET, 150.7, 0
SET, 150.8, 0
SET, 150.9, 0
SET, 151.0, 0
SET, 151.1, 0
SET, 151.2, 0
SET, 151.3, 0
SET, 151.4, 0
SET, 151.5, 0
SET, 151.6, 0
SET, 151.7, 0
SET, 151.8, 0
SET, 151.9, 0
SET, 152.0, 0
SET, 152.1, 0
SET, 152.2, 0
SET, 152.3, 0
SET, 152.4, 0
SET, 152.5, 0
SET, 152.6, 0
SET, 152.7, 0
SET, 152.8, 0
SET, 152.9, 0
SET, 153.0, 0
SET, 153.1, 0
SET, 153.2, 0
SET, 153.3, 0
SET, 153.4, 0
SET, 153.5, 0
SET, 153.6, 0
SET, 153.7, 0
SET, 153.8, 0
SET, 153.9, 0
SET, 154.0, 0
SET, 154.1, 0
SET, 154.2, 0
SET, 154.3, 0
SET, 154.4, 0
SET, 154.5, 0
SET, 154.6, 0
SET, 154.7, 0
SET, 154.8, 0
SET, 154.9, 0
SET, 155.0, 0
SET, 155.1, 0
SET, 155.2, 0
SET, 155.3, 0
SET, 155.4, 0
SET, 155.5, 0
SET, 155.6, 0
SET, 155.7, 0
SET, 155.8, 0
SET, 155.9, 0
SET, 156.0, 0
SET, 156.1, 0
SET, 156.2, 0
SET, 156.3, 0
SET, 156.4, 0
SET, 156.5, 0
SET, 156.6, 0
SET, 156.7, 0
SET, 156.8, 0
SET, 156.9, 0
SET, 157.0, 0
SET, 157.1, 0
SET, 157.2, 0
SET, 157.3, 0
SET, 157.4, 0
SET, 157.5, 0
SET, 157.6, 0
SET, 157.7, 0
SET, 157.8, 0
SET, 157.9, 0
SET, 158.0, 0
SET, 158.1, 0
SET, 158.2, 0
SET, 158.3, 0
SET, 158.4, 0
SET, 158.5, 0
SET, 158.6, 0
SET, 158.7, 0
SET, 158.8, 0
SET, 158.9, 0
SET, 159.0, 0
SET, 159.1, 0
SET, 159.2, 0
SET, 159.3, 0
SET, 159.4, 0
SET, 159.5, 0
SET, 159.6, 0
SET, 159.7, 0
SET, 159.8, 0
SET, 159.9, 0
SET, 160.0, 0
SET, 160.1, 0
SET, 160.2, 0
SET, 160.3, 0
SET, 160.4, 0
SET, 160.5, 0
SET, 160.6, 0
SET, 160.7, 0
SET, 160.8, 0
SET, 160.9, 0
SET, 161.0, 0
SET, 161.1, 0
SET, 161.2, 0
SET, 161.3, 0
SET, 161.4, 0
SET, 161.5, 0
SET, 161.6, 0
SET, 161.7, 0
SET, 161.8, 0
SET, 161.9, 0
SET, 162.0, 0
SET, 162.1, 0
SET, 162.2, 0
SET, 162.3, 0
SET, 162.4, 0
SET, 162.5, 0
SET, 162.6, 0
SET, 162.7, 0
SET, 162.8, 0
SET, 162.9, 0
SET, 163.0, 0
SET, 163.1, 0
SET, 163.2, 0
SET, 163.3, 0
SET, 163.4, 0
SET, 163.5, 0
SET, 163.6, 0
SET, 163.7, 0
SET, 163.8, 0
SET, 163.9, 0
SET, 164.0, 0
SET, 164.1, 0
SET, 164.2, 0
SET, 164.3, 0
SET, 164.4, 0
SET, 164.5, 0
SET, 164.6, 0
SET, 164.7, 0
SET, 164.8, 0
SET, 164.9, 0
SET, 165.0, 0
SET, 165.1, 0
SET, 165.2, 0
SET, 165.3, 0
SET, 165.4, 0
SET, 165.5, 0
SET, 165.6, 0
SET, 165.7, 0
SET, 165.8, 0
SET, 165.9, 0
SET, 166.0, 0
SET, 166.1, 0
SET, 166.2, 0
SET, 166.3, 0
SET, 166.4, 0
SET, 166.5, 0
SET, 166.6, 0
SET, 166.7, 0
SET, 166.8, 0
SET, 166.9, 0
SET, 167.0, 0
SET, 167.1, 0
SET, 167.2, 0
SET, 167.3, 0
SET, 167.4, 0
SET, 167.5, 0
SET, 167.6, 0
SET, 167.7, 0
SET, 167.8, 0
SET, 167.9, 0
SET, 168.0, 0
SET, 168.1, 0
SET, 168.2, 0
SET, 168.3, 0
SET, 168.4, 0
SET, 168.5, 0
SET, 168.6, 0
SET, 168.7, 0
SET, 168.8, 0
SET, 168.9, 0
SET, 169.0, 0
SET, 169.1, 0
SET, 169.2, 0
SET, 169.3, 0
SET, 169.4, 0
SET, 169.5, 0
SET, 169.6, 0
SET, 169.7, 0
SET, 169.8, 0
SET, 169.9, 0
SET, 170.0, 0
SET, 170.1, 0
SET, 170.2, 0
SET, 170.3, 0
SET, 170.4, 0
SET, 170.5, 0
SET, 170.6, 0
SET, 170.7, 0
SET, 170.8, 0
SET, 170.9, 0
SET, 171.0, 0
SET, 171.1, 0
SET, 171.2, 0
SET, 171.3, 0
SET, 171.4, 0
SET, 171.5, 0
SET, 171.6, 0
SET, 171.7, 0
SET, 171.8, 0
SET, 171.9, 0
SET, 172.0, 0
SET, 172.1, 0
SET, 172.2, 0
SET, 172.3, 0
SET, 172.4, 0
SET, 172.5, 0
SET, 172.6, 0
SET, 172.7, 0
SET, 172.8, 0
SET, 172.9, 0
SET, 173.0, 0
SET, 173.1, 0
SET, 173.2, 0
SET, 173.3, 0
SET, 173.4, 0
SET, 173.5, 0
SET, 173.6, 0
SET, 173.7, 0
SET, 173.8, 0
SET, 173.9, 0
SET, 174.0, 0
SET, 174.1, 0
SET, 174.2, 0
SET, 174.3, 0
SET, 174.4, 0
SET, 174.5, 0
SET, 174.6, 0
SET, 174.7, 0
SET, 174.8, 0
SET, 174.9, 0
SET, 175.0, 0
SET, 175.1, 0
SET, 175.2, 0
SET, 175.3, 0
SET, 175.4, 0
SET, 175.5, 0
SET, 175.6, 0
SET, 175.7, 0
SET, 175.8, 0
SET, 175.9, 0
SET, 176.0, 0
SET, 176.1, 0
SET, 176.2, 0
SET, 176.3, 0
SET, 176.4, 0
SET, 176.5, 0
SET, 176.6, 0
SET, 176.7, 0
SET, 176.8, 0
SET, 176.9, 0
SET, 177.0, 0
SET, 177.1, 0
SET, 177.2, 0
SET, 177.3, 0
SET, 177.4, 0
SET, 177.5, 0
SET, 177.6, 0
SET, 177.7, 0
SET, 177.8, 0
SET, 177.9, 0
SET, 178.0, 0
SET, 178.1, 0
SET, 178.2, 0
SET, 178.3, 0
SET, 178.4, 0
SET, 178.5, 0
SET, 178.6, 0
SET, 178.7, 0
SET, 178.8, 0
SET, 178.9, 0
SET, 179.0, 0
SET, 179.1, 0
SET, 179.2, 0
SET, 179.3, 0
SET, 179.4, 0
SET, 179.5, 0
SET, 179.6, 0
SET, 179.7, 0
SET, 179.8, 0
SET, 179.9, 0
SET, 180.0, 0
SET, 180.1, 0
SET, 180.2, 0
SET, 180.3, 0
SET, 180.4, 0
SET, 180.5, 0
SET, 180.6, 0
SET, 180.7, 0
SET, 180.8, 0
SET, 180.9, 0
SET, 181.0, 0
SET, 181.1, 0
SET, 181.2, 0
SET, 181.3, 0
SET, 181.4, 0
SET, 181.5, 0
SET, 181.6, 0
SET, 181.7, 0
SET, 181.8, 0
SET, 181.9, 0
SET, 182.0, 0
SET, 182.1, 0
SET, 182.2, 0
SET, 182.3, 0
SET, 182.4, 0
SET, 182.5, 0
SET, 182.6, 0
SET, 182.7, 0
SET, 182.8, 0
SET, 182.9, 0
SET, 183.0, 0
SET, 183.1, 0
SET, 183.2, 0
SET, 183.3, 0
SET, 183.4, 0
SET, 183.5, 0
SET, 183.6, 0
SET, 183.7, 0
SET, 183.8, 0
SET, 183.9, 0
SET, 184.0, 0
SET, 184.1, 0
SET, 184.2, 0
SET, 184.3, 0
SET, 184.4, 0
SET, 184.5, 0
SET, 184.6, 0
SET, 184.7, 0
SET, 184.8, 0
SET, 184.9, 0
SET, 185.0, 0
SET, 185.1, 0
SET, 185.2, 0
SET, 185.3, 0
SET, 185.4, 0
SET, 185.5, 0
SET, 185.6, 0
SET, 185.7, 0
SET, 185.8, 0
SET, 185.9, 0
SET, 186.0, 0
SET, 186.1, 0
SET, 186.2, 0
SET, 186.3, 0
SET, 186.4, 0
SET, 186.5, 0
SET, 186.6, 0
SET, 186.7, 0
SET, 186.8, 0
SET, 186.9, 0
SET, 187.0, 0
SET, 187.1, 0
SET, 187.2, 0
SET, 187.3, 0
SET, 187.4, 0
SET, 187.5, 0
SET, 187.6, 0
SET, 187.7, 0
SET, 187.8, 0
SET, 187.9, 0
SET, 188.0, 0
SET, 188.1, 0
SET, 188.2, 0
SET, 188.3, 0
SET, 188.4, 0
SET, 188.5, 0
SET, 188.6, 0
SET, 188.7, 0
SET, 188.8, 0
SET, 188.9, 0
SET, 189.0, 0
SET, 189.1, 0
SET, 189.2, 0
SET, 189.3, 0
SET, 189.4, 0
SET, 189.5, 0
SET, 189.6, 0
SET, 189.7, 0
SET, 189.8, 0
SET, 189.9, 0
SET, 190.0, 0
SET, 190.1, 0
SET, 190.2, 0
SET, 190.3, 0
SET, 190.4, 0
SET, 190.5, 0
SET, 190.6, 0
SET, 190.7, 0
SET, 190.8, 0
SET, 190.9, 0
SET, 191.0, 0
SET, 191.1, 0
SET, 191.2, 0
SET, 191.3, 0
SET, 191.4, 0
SET, 191.5, 0
SET, 191.6, 0
SET, 191.7, 0
SET, 191.8, 0
SET, 191.9, 0
SET, 192.0, 0
SET, 192.1, 0
SET, 192.2, 0
SET, 192.3, 0
SET, 192.4, 0
SET, 192.5, 0
SET, 192.6, 0
SET, 192.7, 0
SET, 192.8, 0
SET, 192.9, 0
SET, 193.0, 0
SET, 193.1, 0
SET, 193.2, 0
SET, 193.3, 0
SET, 193.4, 0
SET, 193.5, 0
SET, 193.6, 0
SET, 193.7, 0
SET, 193.8, 0
SET, 193.9, 0
SET, 194.0, 0
SET, 194.1, 0
SET, 194.2, 0
SET, 194.3, 0
SET, 194.4, 0
SET, 194.5, 0
SET, 194.6, 0
SET, 194.7, 0
SET, 194.8, 0
SET, 194.9, 0
SET, 195.0, 0
SET, 195.1, 0
SET, 195.2, 0
SET, 195.3, 0
SET, 195.4, 0
SET, 195.5, 0
SET, 195.6, 0
SET, 195.7, 0
SET, 195.8, 0
SET, 195.9, 0
SET, 196.0, 0
SET, 196.1, 0
SET, 196.2, 0
SET, 196.3, 0
SET, 196.4, 0
SET, 196.5, 0
SET, 196.6, 0
SET, 196.7, 0
SET, 196.8, 0
SET, 196.9, 0
SET, 197.0, 0
SET, 197.1, 0
SET, 197.2, 0
SET, 197.3, 0
SET, 197.4, 0
SET, 197.5, 0
SET, 197.6, 0
SET, 197.7, 0
SET, 197.8, 0
SET, 197.9, 0
SET, 198.0, 0
SET, 198.1, 1
SET, 198.2, 1
SET, 198.3, 0
SET, 198.4, 0
SET, 198.5, 0
SET, 198.6, 0
SET, 198.7, 0
SET, 198.8, 1
SET, 198.9, 1
SET, 199.0, 0
SET, 199.1, 0
SET, 199.2, 0
SET, 199.3, 0
SET, 199.4, 0
SET, 199.5, 0
SET, 199.6, 0
SET, 199.7, 0
SET, 199.8, 0
SET, 199.9, 0
SET, 200.0, 0
SET, 200.1, 0
SET, 200.2, 0
SET, 200.3, 0
SET, 200.4, 0
SET, 200.5, 0
SET, 200.6, 0
SET, 200.7, 0
SET, 200.8, 0
SET, 200.9, 0
SET, 201.0, 0
SET, 201.1, 0
SET, 201.2, 0
SET, 201.3, 0
SET, 201.4, 0
SET, 201.5, 0
SET, 201.6, 0
SET, 201.7, 0
SET, 201.8, 0
SET, 201.9, 0
SET, 202.0, 0
SET, 202.1, 0
SET, 202.2, 0
SET, 202.3, 0
SET, 202.4, 0
SET, 202.5, 0
SET, 202.6, 0
SET, 202.7, 0
SET, 202.8, 1
SET, 202.9, 0
SET, 203.0, 0
SET, 203.1, 0
SET, 203.2, 0
SET, 203.3, 0
SET, 203.4, 0
SET, 203.5, 0
SET, 203.6, 0
SET, 203.7, 0
SET, 203.8, 0
SET, 203.9, 0
SET, 204.0, 0
SET, 204.1, 0
SET, 204.2, 0
SET, 204.3, 0
SET, 204.4, 0
SET, 204.5, 0
SET, 204.6, 0
SET, 204.7, 0
SET, 204.8, 0
SET, 204.9, 0
SET, 205.0, 0
SET, 205.1, 0
SET, 205.2, 0
SET, 205.3, 0
SET, 205.4, 0
SET, 205.5, 0
SET, 205.6, 0
SET, 205.7, 0
SET, 205.8, 0
SET, 205.9, 0
SET, 206.0, 0
SET, 206.1, 0
SET, 206.2, 0
SET, 206.3, 0
SET, 206.4, 0
SET, 206.5, 0
SET, 206.6, 0
SET, 206.7, 0
SET, 206.8, 0
SET, 206.9, 0
SET, 207.0, 0
SET, 207.1, 0
SET, 207.2, 0
SET, 207.3, 0
SET, 207.4, 0
SET, 207.5, 0
SET, 207.6, 0
SET, 207.7, 0
SET, 207.8, 0
SET, 207.9, 0
SET, 208.0, 0
SET, 208.1, 0
SET, 208.2, 0
SET, 208.3, 0
SET, 208.4, 0
SET, 208.5, 0
SET, 208.6, 0
SET, 208.7, 0
SET, 208.8, 0
SET, 208.9, 0
SET, 209.0, 0
SET, 209.1, 0
SET, 209.2, 0
SET, 209.3, 0
SET, 209.4, 0
SET, 209.5, 0
SET, 209.6, 0
SET, 209.7, 0
SET, 209.8, 0
SET, 209.9, 0
SET, 210.0, 0
SET, 210.1, 0
SET, 210.2, 0
SET, 210.3, 0
SET, 210.4, 1
SET, 210.5, 0
SET, 210.6, 0
SET, 210.7, 0
SET, 210.8, 0
SET, 210.9, 1
SET, 211.0, 0
SET, 211.1, 0
SET, 211.2, 0
SET, 211.3, 0
SET, 211.4, 1
SET, 211.5, 0
SET, 211.6, 0
SET, 211.7, 0
SET, 211.8, 0
SET, 211.9, 0
SET, 212.0, 0
SET, 212.1, 0
SET, 212.2, 0
SET, 212.3, 0
SET, 212.4, 0
SET, 212.5, 0
SET, 212.6, 0
SET, 212.7, 0
SET, 212.8, 0
SET, 212.9, 0
SET, 213.0, 0
SET, 213.1, 0
SET, 213.2, 0
SET, 213.3, 0
SET, 213.4, 0
SET, 213.5, 0
SET, 213.6, 0
SET, 213.7, 0
SET, 213.8, 0
SET, 213.9, 0
SET, 214.0, 0
SET, 214.1, 0
SET, 214.2, 0
SET, 214.3, 0
SET, 214.4, 0
SET, 214.5, 0
SET, 214.6, 0
SET, 214.7, 0
SET, 214.8, 0
SET, 214.9, 0
SET, 215.0, 0
SET, 215.1, 0
SET, 215.2, 0
SET, 215.3, 0
SET, 215.4, 0
SET, 215.5, 0
SET, 215.6, 0
SET, 215.7, 0
SET, 215.8, 0
SET, 215.9, 0
SET, 216.0, 0
SET, 216.1, 0
SET, 216.2, 0
SET, 216.3, 0
SET, 216.4, 0
SET, 216.5, 0
SET, 216.6, 0
SET, 216.7, 0
SET, 216.8, 0
SET, 216.9, 0
SET, 217.0, 0
SET, 217.1, 0
SET, 217.2, 0
SET, 217.3, 0
SET, 217.4, 0
SET, 217.5, 0
SET, 217.6, 0
SET, 217.7, 0
SET, 217.8, 0
SET, 217.9, 0
SET, 218.0, 0
SET, 218.1, 0
SET, 218.2, 0
SET, 218.3, 0
SET, 218.4, 0
SET, 218.5, 0
SET, 218.6, 0
SET, 218.7, 0
SET, 218.8, 0
SET, 218.9, 0
SET, 219.0, 0
SET, 219.1, 0
SET, 219.2, 0
SET, 219.3, 0
SET, 219.4, 0
SET, 219.5, 0
SET, 219.6, 0
SET, 219.7, 0
SET, 219.8, 0
SET, 219.9, 0
SET, 220.0, 0
SET, 220.1, 0
SET, 220.2, 0
SET, 220.3, 0
SET, 220.4, 0
SET, 220.5, 0
SET, 220.6, 0
SET, 220.7, 0
SET, 220.8, 0
SET, 220.9, 0
SET, 221.0, 0
SET, 221.1, 0
SET, 221.2, 0
SET, 221.3, 0
SET, 221.4, 0
SET, 221.5, 0
SET, 221.6, 0
SET, 221.7, 0
SET, 221.8, 0
SET, 221.9, 0
SET, 222.0, 0
SET, 222.1, 0
SET, 222.2, 0
SET, 222.3, 0
SET, 222.4, 0
SET, 222.5, 0
SET, 222.6, 0
SET, 222.7, 0
SET, 222.8, 0
SET, 222.9, 0
SET, 223.0, 0
SET, 223.1, 0
SET, 223.2, 0
SET, 223.3, 0
SET, 223.4, 0
SET, 223.5, 0
SET, 223.6, 0
SET, 223.7, 0
SET, 223.8, 0
SET, 223.9, 0
SET, 224.0, 0
SET, 224.1, 0
SET, 224.2, 0
SET, 224.3, 0
SET, 224.4, 0
SET, 224.5, 0
SET, 224.6, 0
SET, 224.7, 0
SET, 224.8, 0
SET, 224.9, 0
SET, 225.0, 0
SET, 225.1, 0
SET, 225.2, 0
SET, 225.3, 0
SET, 225.4, 0
SET, 225.5, 0
SET, 225.6, 0
SET, 225.7, 0
SET, 225.8, 0
SET, 225.9, 0
SET, 226.0, 0
SET, 226.1, 0
SET, 226.2, 0
SET, 226.3, 0
SET, 226.4, 0
SET, 226.5, 0
SET, 226.6, 0
SET, 226.7, 0
SET, 226.8, 0
SET, 226.9, 0
SET, 227.0, 0
SET, 227.1, 0
SET, 227.2, 0
SET, 227.3, 0
SET, 227.4, 0
SET, 227.5, 0
SET, 227.6, 0
SET, 227.7, 0
SET, 227.8, 0
SET, 227.9, 0
SET, 228.0, 0
SET, 228.1, 0
SET, 228.2, 0
SET, 228.3, 0
SET, 228.4, 0
SET, 228.5, 0
SET, 228.6, 0
SET, 228.7, 0
SET, 228.8, 0
SET, 228.9, 0
SET, 229.0, 0
SET, 229.1, 0
SET, 229.2, 0
SET, 229.3, 0
SET, 229.4, 0
SET, 229.5, 0
SET, 229.6, 0
SET, 229.7, 0
SET, 229.8, 0
SET, 229.9, 0
SET, 230.0, 0
SET, 230.1, 0
SET, 230.2, 0
SET, 230.3, 0
SET, 230.4, 0
SET, 230.5, 0
SET, 230.6, 0
SET, 230.7, 0
SET, 230.8, 0
SET, 230.9, 0
SET, 231.0, 0
SET, 231.1, 0
SET, 231.2, 0
SET, 231.3, 0
SET, 231.4, 0
SET, 231.5, 0
SET, 231.6, 0
SET, 231.7, 0
SET, 231.8, 0
SET, 231.9, 0
SET, 232.0, 0
SET, 232.1, 0
SET, 232.2, 0
SET, 232.3, 0
SET, 232.4, 0
SET, 232.5, 0
SET, 232.6, 0
SET, 232.7, 0
SET, 232.8, 0
SET, 232.9, 0
SET, 233.0, 0
SET, 233.1, 0
SET, 233.2, 0
SET, 233.3, 0
SET, 233.4, 0
SET, 233.5, 0
SET, 233.6, 0
SET, 233.7, 0
SET, 233.8, 0
SET, 233.9, 0
SET, 234.0, 0
SET, 234.1, 0
SET, 234.2, 0
SET, 234.3, 0
SET, 234.4, 0
SET, 234.5, 0
SET, 234.6, 0
SET, 234.7, 0
SET, 234.8, 0
SET, 234.9, 0
SET, 235.0, 0
SET, 235.1, 0
SET, 235.2, 0
SET, 235.3, 0
SET, 235.4, 0
SET, 235.5, 0
SET, 235.6, 0
SET, 235.7, 0
SET, 235.8, 0
SET, 235.9, 0
SET, 236.0, 0
SET, 236.1, 0
SET, 236.2, 0
SET, 236.3, 0
SET, 236.4, 0
SET, 236.5, 0
SET, 236.6, 0
SET, 236.7, 0
SET, 236.8, 0
SET, 236.9, 0
SET, 237.0, 0
SET, 237.1, 0
SET, 237.2, 0
SET, 237.3, 0
SET, 237.4, 0
SET, 237.5, 0
SET, 237.6, 0
SET, 237.7, 0
SET, 237.8, 0
SET, 237.9, 0
SET, 238.0, 0
SET, 238.1, 0
SET, 238.2, 0
SET, 238.3, 0
SET, 238.4, 0
SET, 238.5, 0
SET, 238.6, 0
SET, 238.7, 0
SET, 238.8, 0
SET, 238.9, 0
SET, 239.0, 0
SET, 239.1, 0
SET, 239.2, 0
SET, 239.3, 0
SET, 239.4, 0
SET, 239.5, 0
SET, 239.6, 0
SET, 239.7, 0
SET, 239.8, 0
SET, 239.9, 0
SET, 240.0, 0
SET, 240.1, 0
SET, 240.2, 0
SET, 240.3, 0
SET, 240.4, 0
SET, 240.5, 0
SET, 240.6, 0
SET, 240.7, 0
SET, 240.8, 0
SET, 240.9, 0
SET, 241.0, 0
SET, 241.1, 0
SET, 241.2, 0
SET, 241.3, 0
SET, 241.4, 0
SET, 241.5, 0
SET, 241.6, 0
SET, 241.7, 0
SET, 241.8, 0
SET, 241.9, 0
SET, 242.0, 0
SET, 242.1, 0
SET, 242.2, 0
SET, 242.3, 0
SET, 242.4, 0
SET, 242.5, 0
SET, 242.6, 0
SET, 242.7, 0
SET, 242.8, 0
SET, 242.9, 0
SET, 243.0, 0
SET, 243.1, 0
SET, 243.2, 0
SET, 243.3, 0
SET, 243.4, 0
SET, 243.5, 0
SET, 243.6, 0
SET, 243.7, 0
SET, 243.8, 0
SET, 243.9, 0
SET, 244.0, 0
SET, 244.1, 0
SET, 244.2, 0
SET, 244.3, 0
SET, 244.4, 0
SET, 244.5, 0
SET, 244.6, 0
SET, 244.7, 0
SET, 244.8, 0
SET, 244.9, 0
SET, 245.0, 0
SET, 245.1, 0
SET, 245.2, 0
SET, 245.3, 0
SET, 245.4, 0
SET, 245.5, 0
SET, 245.6, 0
SET, 245.7, 0
SET, 245.8, 0
SET, 245.9, 0
SET, 246.0, 0
SET, 246.1, 0
SET, 246.2, 0
SET, 246.3, 0
SET, 246.4, 0
SET, 246.5, 0
SET, 246.6, 0
SET, 246.7, 0
SET, 246.8, 0
SET, 246.9, 0
SET, 247.0, 0
SET, 247.1, 0
SET, 247.2, 0
SET, 247.3, 0
SET, 247.4, 0
SET, 247.5, 0
SET, 247.6, 0
SET, 247.7, 0
SET, 247.8, 0
SET, 247.9, 0
SET, 248.0, 0
SET, 248.1, 0
SET, 248.2, 0
SET, 248.3, 0
SET, 248.4, 0
SET, 248.5, 0
SET, 248.6, 0
SET, 248.7, 0
SET, 248.8, 0
SET, 248.9, 0
SET, 249.0, 0
SET, 249.1, 0
SET, 249.2, 0
SET, 249.3, 0
SET, 249.4, 0
SET, 249.5, 0
SET, 249.6, 0
SET, 249.7, 0
SET, 249.8, 0
SET, 249.9, 0
SET, 250.0, 0
SET, 250.1, 0
SET, 250.2, 0
SET, 250.3, 0
SET, 250.4, 0
SET, 250.5, 0
SET, 250.6, 0
SET, 250.7, 0
SET, 250.8, 0
SET, 250.9, 0
SET, 251.0, 0
SET, 251.1, 0
SET, 251.2, 0
SET, 251.3, 0
SET, 251.4, 0
SET, 251.5, 0
SET, 251.6, 0
SET, 251.7, 0
SET, 251.8, 0
SET, 251.9, 0
SET, 252.0, 0
SET, 252.1, 0
SET, 252.2, 0
SET, 252.3, 0
SET, 252.4, 0
SET, 252.5, 0
SET, 252.6, 0
SET, 252.7, 0
SET, 252.8, 0
SET, 252.9, 0
SET, 253.0, 0
SET, 253.1, 0
SET, 253.2, 0
SET, 253.3, 0
SET, 253.4, 0
SET, 253.5, 0
SET, 253.6, 0
SET, 253.7, 0
SET, 253.8, 0
SET, 253.9, 0
SET, 254.0, 0
SET, 254.1, 0
SET, 254.2, 0
SET, 254.3, 0
SET, 254.4, 0
SET, 254.5, 0
SET, 254.6, 0
SET, 254.7, 0
SET, 254.8, 0
SET, 254.9, 0
SET, 255.0, 0
SET, 255.1, 0
SET, 255.2, 0
SET, 255.3, 0
SET, 255.4, 0
SET, 255.5, 0
SET, 255.6, 0
SET, 255.7, 0
SET, 255.8, 0
SET, 255.9, 0
SET, 256.0, 0
SET, 256.1, 0
SET, 256.2, 0
SET, 256.3, 0
SET, 256.4, 0
SET, 256.5, 0
SET, 256.6, 0
SET, 256.7, 0
SET, 256.8, 0
SET, 256.9, 0
SET, 257.0, 0
SET, 257.1, 0
SET, 257.2, 0
SET, 257.3, 0
SET, 257.4, 0
SET, 257.5, 0
SET, 257.6, 0
SET, 257.7, 0
SET, 257.8, 0
SET, 257.9, 0
SET, 258.0, 0
SET, 258.1, 0
SET, 258.2, 0
SET, 258.3, 0
SET, 258.4, 0
SET, 258.5, 0
SET, 258.6, 0
SET, 258.7, 0
SET, 258.8, 0
SET, 258.9, 0
SET, 259.0, 0
SET, 259.1, 0
SET, 259.2, 0
SET, 259.3, 0
SET, 259.4, 0
SET, 259.5, 0
SET, 259.6, 0
SET, 259.7, 0
SET, 259.8, 0
SET, 259.9, 0
SET, 260.0, 0
SET, 260.1, 0
SET, 260.2, 0
SET, 260.3, 0
SET, 260.4, 0
SET, 260.5, 0
SET, 260.6, 0
SET, 260.7, 0
SET, 260.8, 0
SET, 260.9, 0
SET, 261.0, 0
SET, 261.1, 0
SET, 261.2, 0
SET, 261.3, 0
SET, 261.4, 0
SET, 261.5, 0
SET, 261.6, 0
SET, 261.7, 0
SET, 261.8, 0
SET, 261.9, 0
SET, 262.0, 0
SET, 262.1, 0
SET, 262.2, 0
SET, 262.3, 0
SET, 262.4, 0
SET, 262.5, 0
SET, 262.6, 0
SET, 262.7, 0
SET, 262.8, 0
SET, 262.9, 0
SET, 263.0, 0
SET, 263.1, 0
SET, 263.2, 0
SET, 263.3, 0
SET, 263.4, 0
SET, 263.5, 0
SET, 263.6, 0
SET, 263.7, 0
SET, 263.8, 0
SET, 263.9, 0
SET, 264.0, 0
SET, 264.1, 0
SET, 264.2, 0
SET, 264.3, 0
SET, 264.4, 0
SET, 264.5, 0
SET, 264.6, 0
SET, 264.7, 0
SET, 264.8, 0
SET, 264.9, 0
SET, 265.0, 0
SET, 265.1, 0
SET, 265.2, 0
SET, 265.3, 0
SET, 265.4, 0
SET, 265.5, 0
SET, 265.6, 0
SET, 265.7, 0
SET, 265.8, 0
SET, 265.9, 0
SET, 266.0, 0
SET, 266.1, 0
SET, 266.2, 0
SET, 266.3, 0
SET, 266.4, 0
SET, 266.5, 0
SET, 266.6, 0
SET, 266.7, 0
SET, 266.8, 0
SET, 266.9, 0
SET, 267.0, 0
SET, 267.1, 0
SET, 267.2, 0
SET, 267.3, 0
SET, 267.4, 0
SET, 267.5, 0
SET, 267.6, 0
SET, 267.7, 0
SET, 267.8, 0
SET, 267.9, 0
SET, 268.0, 0
SET, 268.1, 0
SET, 268.2, 0
SET, 268.3, 0
SET, 268.4, 0
SET, 268.5, 0
SET, 268.6, 0
SET, 268.7, 0
SET, 268.8, 0
SET, 268.9, 0
SET, 269.0, 0
SET, 269.1, 0
SET, 269.2, 0
SET, 269.3, 0
SET, 269.4, 0
SET, 269.5, 0
SET, 269.6, 0
SET, 269.7, 0
SET, 269.8, 0
SET, 269.9, 0
SET, 270.0, 0
SET, 270.1, 0
SET, 270.2, 0
SET, 270.3, 0
SET, 270.4, 0
SET, 270.5, 0
SET, 270.6, 0
SET, 270.7, 0
SET, 270.8, 0
SET, 270.9, 0
SET, 271.0, 0
SET, 271.1, 0
SET, 271.2, 0
SET, 271.3, 0
SET, 271.4, 0
SET, 271.5, 0
SET, 271.6, 0
SET, 271.7, 0
SET, 271.8, 0
SET, 271.9, 0
SET, 272.0, 0
SET, 272.1, 0
SET, 272.2, 0
SET, 272.3, 0
SET, 272.4, 0
SET, 272.5, 0
SET, 272.6, 0
SET, 272.7, 0
SET, 272.8, 0
SET, 272.9, 0
SET, 273.0, 0
SET, 273.1, 0
SET, 273.2, 0
SET, 273.3, 0
SET, 273.4, 0
SET, 273.5, 0
SET, 273.6, 0
SET, 273.7, 0
SET, 273.8, 0
SET, 273.9, 0
SET, 274.0, 0
SET, 274.1, 0
SET, 274.2, 0
SET, 274.3, 0
SET, 274.4, 0
SET, 274.5, 0
SET, 274.6, 0
SET, 274.7, 0
SET, 274.8, 0
SET, 274.9, 0
SET, 275.0, 0
SET, 275.1, 0
SET, 275.2, 0
SET, 275.3, 0
SET, 275.4, 0
SET, 275.5, 0
SET, 275.6, 0
SET, 275.7, 0
SET, 275.8, 0
SET, 275.9, 0
SET, 276.0, 0
SET, 276.1, 0
SET, 276.2, 0
SET, 276.3, 0
SET, 276.4, 0
SET, 276.5, 0
SET, 276.6, 0
SET, 276.7, 0
SET, 276.8, 0
SET, 276.9, 0
SET, 277.0, 0
SET, 277.1, 0
SET, 277.2, 0
SET, 277.3, 0
SET, 277.4, 0
SET, 277.5, 0
SET, 277.6, 0
SET, 277.7, 0
SET, 277.8, 0
SET, 277.9, 0
SET, 278.0, 0
SET, 278.1, 0
SET, 278.2, 0
SET, 278.3, 0
SET, 278.4, 0
SET, 278.5, 0
SET, 278.6, 0
SET, 278.7, 0
SET, 278.8, 0
SET, 278.9, 0
SET, 279.0, 0
SET, 279.1, 1
SET, 279.2, 0
SET, 279.3, 2
SET, 279.4, 0
SET, 279.5, 0
SET, 279.6, 1
SET, 279.7, 0
SET, 279.8, 0
SET, 279.9, 0
SET, 280.0, 0
SET, 280.1, 0
SET, 280.2, 0
SET, 280.3, 0
SET, 280.4, 0
SET, 280.5, 0
SET, 280.6, 0
SET, 280.7, 0
SET, 280.8, 0
SET, 280.9, 0
SET, 281.0, 0
SET, 281.1, 0
SET, 281.2, 0
SET, 281.3, 0
SET, 281.4, 0
SET, 281.5, 0
SET, 281.6, 1
SET, 281.7, 3
SET, 281.8, 0
SET, 281.9, 0
SET, 282.0, 0
SET, 282.1, 0
SET, 282.2, 0
SET, 282.3, 0
SET, 282.4, 0
SET, 282.5, 0
SET, 282.6, 0
SET, 282.7, 0
SET, 282.8, 0
SET, 282.9, 0
SET, 283.0, 0
SET, 283.1, 0
SET, 283.2, 0
SET, 283.3, 0
SET, 283.4, 0
SET, 283.5, 0
SET, 283.6, 0
SET, 283.7, 0
SET, 283.8, 0
SET, 283.9, 0
SET, 284.0, 0
SET, 284.1, 0
SET, 284.2, 0
SET, 284.3, 0
SET, 284.4, 0
SET, 284.5, 0
SET, 284.6, 0
SET, 284.7, 0
SET, 284.8, 0
SET, 284.9, 0
SET, 285.0, 0
SET, 285.1, 0
SET, 285.2, 0
SET, 285.3, 0
SET, 285.4, 0
SET, 285.5, 0
SET, 285.6, 0
SET, 285.7, 0
SET, 285.8, 0
SET, 285.9, 0
SET, 286.0, 0
SET, 286.1, 0
SET, 286.2, 0
SET, 286.3, 0
SET, 286.4, 0
SET, 286.5, 0
SET, 286.6, 0
SET, 286.7, 0
SET, 286.8, 0
SET, 286.9, 0
SET, 287.0, 0
SET, 287.1, 0
SET, 287.2, 0
SET, 287.3, 0
SET, 287.4, 0
SET, 287.5, 0
SET, 287.6, 0
SET, 287.7, 0
SET, 287.8, 0
SET, 287.9, 0
SET, 288.0, 0
SET, 288.1, 0
SET, 288.2, 0
SET, 288.3, 0
SET, 288.4, 0
SET, 288.5, 0
SET, 288.6, 0
SET, 288.7, 0
SET, 288.8, 0
SET, 288.9, 0
SET, 289.0, 0
SET, 289.1, 0
SET, 289.2, 0
SET, 289.3, 0
SET, 289.4, 0
SET, 289.5, 0
SET, 289.6, 0
SET, 289.7, 0
SET, 289.8, 0
SET, 289.9, 0
SET, 290.0, 0
SET, 290.1, 0
SET, 290.2, 0
SET, 290.3, 0
SET, 290.4, 0
SET, 290.5, 0
SET, 290.6, 0
SET, 290.7, 0
SET, 290.8, 0
SET, 290.9, 0
SET, 291.0, 0
SET, 291.1, 0
SET, 291.2, 0
SET, 291.3, 0
SET, 291.4, 0
SET, 291.5, 0
SET, 291.6, 0
SET, 291.7, 0
SET, 291.8, 0
SET, 291.9, 0
SET, 292.0, 0
SET, 292.1, 0
SET, 292.2, 0
SET, 292.3, 0
SET, 292.4, 0
SET, 292.5, 0
SET, 292.6, 0
SET, 292.7, 0
SET, 292.8, 0
SET, 292.9, 0
SET, 293.0, 0
SET, 293.1, 0
SET, 293.2, 0
SET, 293.3, 0
SET, 293.4, 0
SET, 293.5, 0
SET, 293.6, 0
SET, 293.7, 0
SET, 293.8, 0
SET, 293.9, 0
SET, 294.0, 0
SET, 294.1, 0
SET, 294.2, 0
SET, 294.3, 0
SET, 294.4, 0
SET, 294.5, 0
SET, 294.6, 0
SET, 294.7, 0
SET, 294.8, 0
SET, 294.9, 0
SET, 295.0, 0
SET, 295.1, 0
SET, 295.2, 0
SET, 295.3, 0
SET, 295.4, 0
SET, 295.5, 0
SET, 295.6, 0
SET, 295.7, 0
SET, 295.8, 0
SET, 295.9, 0
SET, 296.0, 0
SET, 296.1, 0
SET, 296.2, 0
SET, 296.3, 0
SET, 296.4, 0
SET, 296.5, 0
SET, 296.6, 0
SET, 296.7, 0
SET, 296.8, 0
SET, 296.9, 0
SET, 297.0, 0
SET, 297.1, 0
SET, 297.2, 0
SET, 297.3, 0
SET, 297.4, 0
SET, 297.5, 0
SET, 297.6, 0
SET, 297.7, 0
SET, 297.8, 0
SET, 297.9, 0
SET, 298.0, 0
SET, 298.1, 0
SET, 298.2, 0
SET, 298.3, 0
SET, 298.4, 0
SET, 298.5, 0
SET, 298.6, 0
SET, 298.7, 0
SET, 298.8, 0
SET, 298.9, 0
SET, 299.0, 0
SET, 299.1, 0
SET, 299.2, 0
SET, 299.3, 0
SET, 299.4, 0
SET, 299.5, 0
SET, 299.6, 0
SET, 299.7, 0
SET, 299.8, 0
SET, 299.9, 0
SET, 300.0, 0
SET, 300.1, 0
SET, 300.2, 0
SET, 300.3, 0
SET, 300.4, 0
SET, 300.5, 0
SET, 300.6, 0
SET, 300.7, 0
SET, 300.8, 0
SET, 300.9, 0
SET, 301.0, 0
SET, 301.1, 0
SET, 301.2, 0
SET, 301.3, 0
SET, 301.4, 0
SET, 301.5, 0
SET, 301.6, 0
SET, 301.7, 0
SET, 301.8, 0
SET, 301.9, 0
SET, 302.0, 0
SET, 302.1, 0
SET, 302.2, 0
SET, 302.3, 0
SET, 302.4, 0
SET, 302.5, 0
SET, 302.6, 0
SET, 302.7, 0
SET, 302.8, 0
SET, 302.9, 0
SET, 303.0, 0
SET, 303.1, 0
SET, 303.2, 0
SET, 303.3, 0
SET, 303.4, 0
SET, 303.5, 0
SET, 303.6, 0
SET, 303.7, 0
SET, 303.8, 0
SET, 303.9, 0
SET, 304.0, 0
SET, 304.1, 0
SET, 304.2, 0
SET, 304.3, 0
SET, 304.4, 0
SET, 304.5, 0
SET, 304.6, 0
SET, 304.7, 0
SET, 304.8, 0
SET, 304.9, 0
SET, 305.0, 0
SET, 305.1, 0
SET, 305.2, 0
SET, 305.3, 0
SET, 305.4, 0
SET, 305.5, 0
SET, 305.6, 0
SET, 305.7, 0
SET, 305.8, 0
SET, 305.9, 0
SET, 306.0, 0
SET, 306.1, 0
SET, 306.2, 0
SET, 306.3, 0
SET, 306.4, 0
SET, 306.5, 0
SET, 306.6, 0
SET, 306.7, 0
SET, 306.8, 0
SET, 306.9, 0
SET, 307.0, 0
SET, 307.1, 0
SET, 307.2, 0
SET, 307.3, 0
SET, 307.4, 0
SET, 307.5, 0
SET, 307.6, 0
SET, 307.7, 0
SET, 307.8, 1
SET, 307.9, 0
SET, 308.0, 0
SET, 308.1, 0
SET, 308.2, 0
SET, 308.3, 0
SET, 308.4, 0
SET, 308.5, 0
SET, 308.6, 0
SET, 308.7, 0
SET, 308.8, 0
SET, 308.9, 0
SET, 309.0, 0
SET, 309.1, 0
SET, 309.2, 0
SET, 309.3, 0
SET, 309.4, 0
SET, 309.5, 0
SET, 309.6, 0
SET, 309.7, 0
SET, 309.8, 0
SET, 309.9, 0
SET, 310.0, 0
SET, 310.1, 0
SET, 310.2, 0
SET, 310.3, 0
SET, 310.4, 0
SET, 310.5, 0
SET, 310.6, 0
SET, 310.7, 0
SET, 310.8, 0
SET, 310.9, 0
SET, 311.0, 0
SET, 311.1, 0
SET, 311.2, 0
SET, 311.3, 0
SET, 311.4, 0
SET, 311.5, 0
SET, 311.6, 0
SET, 311.7, 0
SET, 311.8, 0
SET, 311.9, 0
SET, 312.0, 0
SET, 312.1, 0
SET, 312.2, 0
SET, 312.3, 0
SET, 312.4, 0
SET, 312.5, 0
SET, 312.6, 1
SET, 312.7, 0
SET, 312.8, 0
SET, 312.9, 0
SET, 313.0, 0
SET, 313.1, 0
SET, 313.2, 0
SET, 313.3, 0
SET, 313.4, 0
SET, 313.5, 2
SET, 313.6, 0
SET, 313.7, 2
SET, 313.8, 0
SET, 313.9, 0
SET, 314.0, 0
SET, 314.1, 2
SET, 314.2, 0
SET, 314.3, 0
SET, 314.4, 0
SET, 314.5, 0
SET, 314.6, 0
SET, 314.7, 0
SET, 314.8, 0
SET, 314.9, 0
SET, 315.0, 0
SET, 315.1, 0
SET, 315.2, 0
SET, 315.3, 0
SET, 315.4, 0
SET, 315.5, 0
SET, 315.6, 0
SET, 315.7, 0
SET, 315.8, 0
SET, 315.9, 0
SET, 316.0, 0
SET, 316.1, 0
SET, 316.2, 0
SET, 316.3, 0
SET, 316.4, 0
SET, 316.5, 0
SET, 316.6, 0
SET, 316.7, 0
SET, 316.8, 0
SET, 316.9, 0
SET, 317.0, 0
SET, 317.1, 0
SET, 317.2, 0
SET, 317.3, 0
SET, 317.4, 0
SET, 317.5, 0
SET, 317.6, 0
SET, 317.7, 0
SET, 317.8, 0
SET, 317.9, 0
SET, 318.0, 0
SET, 318.1, 0
SET, 318.2, 0
SET, 318.3, 0
SET, 318.4, 0
SET, 318.5, 0
SET, 318.6, 0
SET, 318.7, 0
SET, 318.8, 0
SET, 318.9, 0
SET, 319.0, 0
SET, 319.1, 0
SET, 319.2, 0
SET, 319.3, 0
SET, 319.4, 0
SET, 319.5, 0
SET, 319.6, 0
SET, 319.7, 0
SET, 319.8, 0
SET, 319.9, 0
SET, 320.0, 0
SET, 320.1, 0
SET, 320.2, 0
SET, 320.3, 0
SET, 320.4, 0
SET, 320.5, 0
SET, 320.6, 0
SET, 320.7, 0
SET, 320.8, 0
SET, 320.9, 0
SET, 321.0, 0
SET, 321.1, 0
SET, 321.2, 0
SET, 321.3, 0
SET, 321.4, 0
SET, 321.5, 0
SET, 321.6, 0
SET, 321.7, 0
SET, 321.8, 0
SET, 321.9, 0
SET, 322.0, 0
SET, 322.1, 0
SET, 322.2, 0
SET, 322.3, 0
SET, 322.4, 0
SET, 322.5, 0
SET, 322.6, 0
SET, 322.7, 0
SET, 322.8, 0
SET, 322.9, 0
SET, 323.0, 0
SET, 323.1, 0
SET, 323.2, 0
SET, 323.3, 0
SET, 323.4, 0
SET, 323.5, 0
SET, 323.6, 0
SET, 323.7, 0
SET, 323.8, 0
SET, 323.9, 0
SET, 324.0, 0
SET, 324.1, 0
SET, 324.2, 0
SET, 324.3, 0
SET, 324.4, 0
SET, 324.5, 0
SET, 324.6, 0
SET, 324.7, 0
SET, 324.8, 0
SET, 324.9, 0
SET, 325.0, 0
SET, 325.1, 0
SET, 325.2, 0
SET, 325.3, 0
SET, 325.4, 0
SET, 325.5, 0
SET, 325.6, 0
SET, 325.7, 0
SET, 325.8, 0
SET, 325.9, 0
SET, 326.0, 0
SET, 326.1, 0
SET, 326.2, 0
SET, 326.3, 0
SET, 326.4, 0
SET, 326.5, 0
SET, 326.6, 0
SET, 326.7, 0
SET, 326.8, 0
SET, 326.9, 0
SET, 327.0, 0
SET, 327.1, 0
SET, 327.2, 0
SET, 327.3, 0
SET, 327.4, 0
SET, 327.5, 0
SET, 327.6, 0
SET, 327.7, 0
SET, 327.8, 0
SET, 327.9, 0
SET, 328.0, 0
SET, 328.1, 0
SET, 328.2, 0
SET, 328.3, 0
SET, 328.4, 0
SET, 328.5, 0
SET, 328.6, 0
SET, 328.7, 0
SET, 328.8, 0
SET, 328.9, 0
SET, 329.0, 0
SET, 329.1, 0
SET, 329.2, 0
SET, 329.3, 0
SET, 329.4, 0
SET, 329.5, 0
SET, 329.6, 0
SET, 329.7, 0
SET, 329.8, 0
SET, 329.9, 0
SET, 330.0, 0
SET, 330.1, 1
SET, 330.2, 2
SET, 330.3, 1
SET, 330.4, 1
SET, 330.5, 0
SET, 330.6, 0
SET, 330.7, 0
SET, 330.8, 0
SET, 330.9, 0
SET, 331.0, 0
SET, 331.1, 0
SET, 331.2, 0
SET, 331.3, 0
SET, 331.4, 0
SET, 331.5, 0
SET, 331.6, 0
SET, 331.7, 0
SET, 331.8, 0
SET, 331.9, 0
SET, 332.0, 0
SET, 332.1, 0
SET, 332.2, 0
SET, 332.3, 0
SET, 332.4, 0
SET, 332.5, 0
SET, 332.6, 0
SET, 332.7, 0
SET, 332.8, 0
SET, 332.9, 0
SET, 333.0, 0
SET, 333.1, 0
SET, 333.2, 0
SET, 333.3, 0
SET, 333.4, 0
SET, 333.5, 0
SET, 333.6, 0
SET, 333.7, 0
SET, 333.8, 0
SET, 333.9, 0
SET, 334.0, 0
SET, 334.1, 0
SET, 334.2, 1
SET, 334.3, 3
SET, 334.4, 0
SET, 334.5, 0
SET, 334.6, 0
SET, 334.7, 0
SET, 334.8, 0
SET, 334.9, 0
SET, 335.0, 3
SET, 335.1, 0
SET, 335.2, 0
SET, 335.3, 0
SET, 335.4, 0
SET, 335.5, 0
SET, 335.6, 0
SET, 335.7, 0
SET, 335.8, 0
SET, 335.9, 0
SET, 336.0, 0
SET, 336.1, 0
SET, 336.2, 0
SET, 336.3, 0
SET, 336.4, 0
SET, 336.5, 0
SET, 336.6, 0
SET, 336.7, 0
SET, 336.8, 0
SET, 336.9, 0
SET, 337.0, 0
SET, 337.1, 0
SET, 337.2, 0
SET, 337.3, 0
SET, 337.4, 0
SET, 337.5, 0
SET, 337.6, 0
SET, 337.7, 0
SET, 337.8, 0
SET, 337.9, 0
SET, 338.0, 0
SET, 338.1, 0
SET, 338.2, 0
SET, 338.3, 0
SET, 338.4, 0
SET, 338.5, 0
SET, 338.6, 0
SET, 338.7, 0
SET, 338.8, 0
SET, 338.9, 0
SET, 339.0, 0
SET, 339.1, 0
SET, 339.2, 0
SET, 339.3, 0
SET, 339.4, 0
SET, 339.5, 0
SET, 339.6, 0
SET, 339.7, 0
SET, 339.8, 0
SET, 339.9, 0
SET, 340.0, 0
SET, 340.1, 0
SET, 340.2, 0
SET, 340.3, 0
SET, 340.4, 0
SET, 340.5, 0
SET, 340.6, 0
SET, 340.7, 0
SET, 340.8, 0
SET, 340.9, 0
SET, 341.0, 0
SET, 341.1, 0
SET, 341.2, 0
SET, 341.3, 0
SET, 341.4, 0
SET, 341.5, 0
SET, 341.6, 0
SET, 341.7, 0
SET, 341.8, 0
SET, 341.9, 0
SET, 342.0, 0
SET, 342.1, 0
SET, 342.2, 0
SET, 342.3, 0
SET, 342.4, 0
SET, 342.5, 0
SET, 342.6, 0
SET, 342.7, 0
SET, 342.8, 0
SET, 342.9, 0
SET, 343.0, 0
SET, 343.1, 0
SET, 343.2, 0
SET, 343.3, 0
SET, 343.4, 0
SET, 343.5, 0
SET, 343.6, 0
SET, 343.7, 0
SET, 343.8, 0
SET, 343.9, 0
SET, 344.0, 0
SET, 344.1, 0
SET, 344.2, 0
SET, 344.3, 0
SET, 344.4, 0
SET, 344.5, 0
SET, 344.6, 0
SET, 344.7, 0
SET, 344.8, 0
SET, 344.9, 0
SET, 345.0, 0
SET, 345.1, 0
SET, 345.2, 0
SET, 345.3, 0
SET, 345.4, 0
SET, 345.5, 0
SET, 345.6, 0
SET, 345.7, 0
SET, 345.8, 0
SET, 345.9, 0
SET, 346.0, 0
SET, 346.1, 0
SET, 346.2, 0
SET, 346.3, 0
SET, 346.4, 0
SET, 346.5, 0
SET, 346.6, 0
SET, 346.7, 0
SET, 346.8, 0
SET, 346.9, 0
SET, 347.0, 0
SET, 347.1, 0
SET, 347.2, 0
SET, 347.3, 0
SET, 347.4, 0
SET, 347.5, 0
SET, 347.6, 0
SET, 347.7, 0
SET, 347.8, 0
SET, 347.9, 0
SET, 348.0, 0
SET, 348.1, 0
SET, 348.2, 0
SET, 348.3, 0
SET, 348.4, 0
SET, 348.5, 0
SET, 348.6, 0
SET, 348.7, 0
SET, 348.8, 0
SET, 348.9, 0
SET, 349.0, 0
SET, 349.1, 0
SET, 349.2, 0
SET, 349.3, 0
SET, 349.4, 0
SET, 349.5, 0
SET, 349.6, 0
SET, 349.7, 0
SET, 349.8, 0
SET, 349.9, 0
SET, 350.0, 0
SET, 350.1, 0
SET, 350.2, 0
SET, 350.3, 0
SET, 350.4, 0
SET, 350.5, 0
SET, 350.6, 0
SET, 350.7, 0
SET, 350.8, 0
SET, 350.9, 0
SET, 351.0, 0
SET, 351.1, 0
SET, 351.2, 0
SET, 351.3, 0
SET, 351.4, 0
SET, 351.5, 0
SET, 351.6, 0
SET, 351.7, 0
SET, 351.8, 0
SET, 351.9, 0
SET, 352.0, 0
SET, 352.1, 0
SET, 352.2, 0
SET, 352.3, 0
SET, 352.4, 0
SET, 352.5, 0
SET, 352.6, 0
SET, 352.7, 0
SET, 352.8, 0
SET, 352.9, 0
SET, 353.0, 0
SET, 353.1, 0
SET, 353.2, 0
SET, 353.3, 0
SET, 353.4, 0
SET, 353.5, 0
SET, 353.6, 0
SET, 353.7, 0
SET, 353.8, 0
SET, 353.9, 0
SET, 354.0, 0
SET, 354.1, 0
SET, 354.2, 0
SET, 354.3, 0
SET, 354.4, 0
SET, 354.5, 0
SET, 354.6, 0
SET, 354.7, 0
SET, 354.8, 0
SET, 354.9, 0
SET, 355.0, 0
SET, 355.1, 0
SET, 355.2, 0
SET, 355.3, 0
SET, 355.4, 0
SET, 355.5, 0
SET, 355.6, 0
SET, 355.7, 0
SET, 355.8, 0
SET, 355.9, 0
SET, 356.0, 0
SET, 356.1, 0
SET, 356.2, 0
SET, 356.3, 0
SET, 356.4, 0
SET, 356.5, 0
SET, 356.6, 0
SET, 356.7, 0
SET, 356.8, 0
SET, 356.9, 0
SET, 357.0, 0
SET, 357.1, 0
SET, 357.2, 0
SET, 357.3, 0
SET, 357.4, 0
SET, 357.5, 0
SET, 357.6, 0
SET, 357.7, 0
SET, 357.8, 0
SET, 357.9, 0
SET, 358.0, 0
SET, 358.1, 0
SET, 358.2, 0
SET, 358.3, 0
SET, 358.4, 0
SET, 358.5, 0
SET, 358.6, 0
SET, 358.7, 0
SET, 358.8, 0
SET, 358.9, 0
SET, 359.0, 0
SET, 359.1, 0
SET, 359.2, 0
SET, 359.3, 0
SET, 359.4, 0
SET, 359.5, 0
SET, 359.6, 0
SET, 359.7, 0
SET, 359.8, 0
SET, 359.9, 0
SET, 360.0, 0
SET, 360.1, 0
SET, 360.2, 0
SET, 360.3, 0
SET, 360.4, 0
SET, 360.5, 0
SET, 360.6, 0
SET, 360.7, 0
SET, 360.8, 0
SET, 360.9, 0
SET, 361.0, 0
SET, 361.1, 0
SET, 361.2, 0
SET, 361.3, 0
SET, 361.4, 0
SET, 361.5, 0
SET, 361.6, 0
SET, 361.7, 0
SET, 361.8, 0
SET, 361.9, 0
SET, 362.0, 0
SET, 362.1, 0
SET, 362.2, 0
SET, 362.3, 0
SET, 362.4, 0
SET, 362.5, 0
SET, 362.6, 0
SET, 362.7, 0
SET, 362.8, 0
SET, 362.9, 0
SET, 363.0, 0
SET, 363.1, 0
SET, 363.2, 0
SET, 363.3, 0
SET, 363.4, 0
SET, 363.5, 0
SET, 363.6, 0
SET, 363.7, 0
SET, 363.8, 0
SET, 363.9, 0
SET, 364.0, 0
SET, 364.1, 0
SET, 364.2, 0
SET, 364.3, 0
SET, 364.4, 0
SET, 364.5, 0
SET, 364.6, 0
SET, 364.7, 0
SET, 364.8, 0
SET, 364.9, 0
SET, 365.0, 0
SET, 365.1, 0
SET, 365.2, 0
SET, 365.3, 0
SET, 365.4, 0
SET, 365.5, 0
SET, 365.6, 0
SET, 365.7, 0
SET, 365.8, 0
SET, 365.9, 0
SET, 366.0, 0
SET, 366.1, 0
SET, 366.2, 0
SET, 366.3, 0
SET, 366.4, 0
SET, 366.5, 0
SET, 366.6, 0
SET, 366.7, 0
SET, 366.8, 0
SET, 366.9, 0
SET, 367.0, 0
SET, 367.1, 0
SET, 367.2, 0
SET, 367.3, 0
SET, 367.4, 0
SET, 367.5, 0
SET, 367.6, 0
SET, 367.7, 0
SET, 367.8, 0
SET, 367.9, 0
SET, 368.0, 0
SET, 368.1, 0
SET, 368.2, 0
SET, 368.3, 0
SET, 368.4, 0
SET, 368.5, 0
SET, 368.6, 0
SET, 368.7, 0
SET, 368.8, 0
SET, 368.9, 0
SET, 369.0, 0
SET, 369.1, 0
SET, 369.2, 0
SET, 369.3, 0
SET, 369.4, 0
SET, 369.5, 0
SET, 369.6, 0
SET, 369.7, 0
SET, 369.8, 0
SET, 369.9, 0
SET, 370.0, 0
SET, 370.1, 0
SET, 370.2, 0
SET, 370.3, 0
SET, 370.4, 0
SET, 370.5, 0
SET, 370.6, 0
SET, 370.7, 0
SET, 370.8, 0
SET, 370.9, 0
SET, 371.0, 0
SET, 371.1, 0
SET, 371.2, 0
SET, 371.3, 0
SET, 371.4, 0
SET, 371.5, 0
SET, 371.6, 0
SET, 371.7, 0
SET, 371.8, 0
SET, 371.9, 0
SET, 372.0, 0
SET, 372.1, 0
SET, 372.2, 0
SET, 372.3, 0
SET, 372.4, 0
SET, 372.5, 0
SET, 372.6, 0
SET, 372.7, 0
SET, 372.8, 0
SET, 372.9, 0
SET, 373.0, 0
SET, 373.1, 0
SET, 373.2, 0
SET, 373.3, 0
SET, 373.4, 0
SET, 373.5, 0
SET, 373.6, 0
SET, 373.7, 0
SET, 373.8, 0
SET, 373.9, 0
SET, 374.0, 0
SET, 374.1, 0
SET, 374.2, 0
SET, 374.3, 0
SET, 374.4, 0
SET, 374.5, 0
SET, 374.6, 0
SET, 374.7, 0
SET, 374.8, 0
SET, 374.9, 0
SET, 375.0, 0
SET, 375.1, 0
SET, 375.2, 0
SET, 375.3, 0
SET, 375.4, 0
SET, 375.5, 0
SET, 375.6, 0
SET, 375.7, 0
SET, 375.8, 0
SET, 375.9, 0
SET, 376.0, 0
SET, 376.1, 0
SET, 376.2, 0
SET, 376.3, 0
SET, 376.4, 0
SET, 376.5, 0
SET, 376.6, 0
SET, 376.7, 0
SET, 376.8, 0
SET, 376.9, 0
SET, 377.0, 0
SET, 377.1, 0
SET, 377.2, 0
SET, 377.3, 0
SET, 377.4, 0
SET, 377.5, 0
SET, 377.6, 0
SET, 377.7, 0
SET, 377.8, 0
SET, 377.9, 0
SET, 378.0, 0
SET, 378.1, 0
SET, 378.2, 0
SET, 378.3, 0
SET, 378.4, 0
SET, 378.5, 0
SET, 378.6, 0
SET, 378.7, 0
SET, 378.8, 0
SET, 378.9, 0
SET, 379.0, 0
SET, 379.1, 0
SET, 379.2, 0
SET, 379.3, 0
SET, 379.4, 0
SET, 379.5, 0
SET, 379.6, 0
SET, 379.7, 0
SET, 379.8, 0
SET, 379.9, 0
SET, 380.0, 0
SET, 380.1, 0
SET, 380.2, 0
SET, 380.3, 0
SET, 380.4, 0
SET, 380.5, 0
SET, 380.6, 0
SET, 380.7, 0
SET, 380.8, 0
SET, 380.9, 0
SET, 381.0, 0
SET, 381.1, 0
SET, 381.2, 0
SET, 381.3, 0
SET, 381.4, 0
SET, 381.5, 0
SET, 381.6, 0
SET, 381.7, 0
SET, 381.8, 0
SET, 381.9, 0
SET, 382.0, 0
SET, 382.1, 0
SET, 382.2, 0
SET, 382.3, 0
SET, 382.4, 0
SET, 382.5, 0
SET, 382.6, 0
SET, 382.7, 0
SET, 382.8, 0
SET, 382.9, 0
SET, 383.0, 0
SET, 383.1, 0
SET, 383.2, 0
SET, 383.3, 0
SET, 383.4, 0
SET, 383.5, 0
SET, 383.6, 0
SET, 383.7, 0
SET, 383.8, 0
SET, 383.9, 0
SET, 384.0, 0
SET, 384.1, 0
SET, 384.2, 0
SET, 384.3, 0
SET, 384.4, 0
SET, 384.5, 0
SET, 384.6, 0
SET, 384.7, 0
SET, 384.8, 0
SET, 384.9, 0
SET, 385.0, 0
SET, 385.1, 0
SET, 385.2, 0
SET, 385.3, 0
SET, 385.4, 0
SET, 385.5, 0
SET, 385.6, 0
SET, 385.7, 0
SET, 385.8, 0
SET, 385.9, 0
SET, 386.0, 0
SET, 386.1, 0
SET, 386.2, 0
SET, 386.3, 0
SET, 386.4, 0
SET, 386.5, 0
SET, 386.6, 0
SET, 386.7, 0
SET, 386.8, 0
SET, 386.9, 0
SET, 387.0, 0
SET, 387.1, 0
SET, 387.2, 0
SET, 387.3, 0
SET, 387.4, 0
SET, 387.5, 0
SET, 387.6, 0
SET, 387.7, 0
SET, 387.8, 0
SET, 387.9, 0
SET, 388.0, 0
SET, 388.1, 0
SET, 388.2, 0
SET, 388.3, 0
SET, 388.4, 0
SET, 388.5, 0
SET, 388.6, 0
SET, 388.7, 0
SET, 388.8, 0
SET, 388.9, 0
SET, 389.0, 0
SET, 389.1, 0
SET, 389.2, 0
SET, 389.3, 0
SET, 389.4, 0
SET, 389.5, 0
SET, 389.6, 0
SET, 389.7, 0
SET, 389.8, 0
SET, 389.9, 0
SET, 390.0, 0
SET, 390.1, 0
SET, 390.2, 0
SET, 390.3, 0
SET, 390.4, 0
SET, 390.5, 0
SET, 390.6, 0
SET, 390.7, 0
SET, 390.8, 0
SET, 390.9, 0
SET, 391.0, 0
SET, 391.1, 0
SET, 391.2, 0
SET, 391.3, 0
SET, 391.4, 0
SET, 391.5, 0
SET, 391.6, 0
SET, 391.7, 0
SET, 391.8, 0
SET, 391.9, 0
SET, 392.0, 0
SET, 392.1, 0
SET, 392.2, 0
SET, 392.3, 0
SET, 392.4, 0
SET, 392.5, 0
SET, 392.6, 0
SET, 392.7, 0
SET, 392.8, 0
SET, 392.9, 0
SET, 393.0, 0
SET, 393.1, 0
SET, 393.2, 0
SET, 393.3, 0
SET, 393.4, 0
SET, 393.5, 0
SET, 393.6, 0
SET, 393.7, 0
SET, 393.8, 0
SET, 393.9, 0
SET, 394.0, 0
SET, 394.1, 0
SET, 394.2, 0
SET, 394.3, 0
SET, 394.4, 0
SET, 394.5, 0
SET, 394.6, 0
SET, 394.7, 0
SET, 394.8, 0
SET, 394.9, 0
SET, 395.0, 0
SET, 395.1, 0
SET, 395.2, 0
SET, 395.3, 0
SET, 395.4, 0
SET, 395.5, 0
SET, 395.6, 0
SET, 395.7, 0
SET, 395.8, 0
SET, 395.9, 0
SET, 396.0, 0
SET, 396.1, 0
SET, 396.2, 0
SET, 396.3, 0
SET, 396.4, 0
SET, 396.5, 0
SET, 396.6, 0
SET, 396.7, 0
SET, 396.8, 0
SET, 396.9, 0
SET, 397.0, 0
SET, 397.1, 0
SET, 397.2, 0
SET, 397.3, 0
SET, 397.4, 0
SET, 397.5, 0
SET, 397.6, 0
SET, 397.7, 0
SET, 397.8, 0
SET, 397.9, 0
SET, 398.0, 0
SET, 398.1, 0
SET, 398.2, 0
SET, 398.3, 0
SET, 398.4, 0
SET, 398.5, 0
SET, 398.6, 0
SET, 398.7, 0
SET, 398.8, 0
SET, 398.9, 0
SET, 399.0, 0
SET, 399.1, 0
SET, 399.2, 0
SET, 399.3, 0
SET, 399.4, 0
SET, 399.5, 0
SET, 399.6, 0
SET, 399.7, 0
SET, 399.8, 0
SET, 399.9, 0
SET, 400.0, 0
SET, 400.1, 0
SET, 400.2, 0
SET, 400.3, 0
SET, 400.4, 0
SET, 400.5, 0
SET, 400.6, 0
SET, 400.7, 0
SET, 400.8, 0
SET, 400.9, 0
SET, 401.0, 0
SET, 401.1, 0
SET, 401.2, 0
SET, 401.3, 0
SET, 401.4, 0
SET, 401.5, 0
SET, 401.6, 0
SET, 401.7, 0
SET, 401.8, 0
SET, 401.9, 0
SET, 402.0, 0
SET, 402.1, 0
SET, 402.2, 0
SET, 402.3, 0
SET, 402.4, 0
SET, 402.5, 0
SET, 402.6, 0
SET, 402.7, 0
SET, 402.8, 0
SET, 402.9, 0
SET, 403.0, 0
SET, 403.1, 0
SET, 403.2, 0
SET, 403.3, 0
SET, 403.4, 0
SET, 403.5, 0
SET, 403.6, 0
SET, 403.7, 0
SET, 403.8, 0
SET, 403.9, 0
SET, 404.0, 0
SET, 404.1, 0
SET, 404.2, 0
SET, 404.3, 0
SET, 404.4, 0
SET, 404.5, 0
SET, 404.6, 0
SET, 404.7, 0
SET, 404.8, 0
SET, 404.9, 0
SET, 405.0, 0
SET, 405.1, 0
SET, 405.2, 0
SET, 405.3, 0
SET, 405.4, 0
SET, 405.5, 0
SET, 405.6, 0
SET, 405.7, 0
SET, 405.8, 0
SET, 405.9, 0
SET, 406.0, 0
SET, 406.1, 0
SET, 406.2, 0
SET, 406.3, 0
SET, 406.4, 0
SET, 406.5, 0
SET, 406.6, 0
SET, 406.7, 0
SET, 406.8, 0
SET, 406.9, 0
SET, 407.0, 0
SET, 407.1, 0
SET, 407.2, 0
SET, 407.3, 0
SET, 407.4, 0
SET, 407.5, 0
SET, 407.6, 0
SET, 407.7, 0
SET, 407.8, 0
SET, 407.9, 0
SET, 408.0, 0
SET, 408.1, 0
SET, 408.2, 0
SET, 408.3, 0
SET, 408.4, 0
SET, 408.5, 0
SET, 408.6, 0
SET, 408.7, 0
SET, 408.8, 0
SET, 408.9, 0
SET, 409.0, 0
SET, 409.1, 0
SET, 409.2, 0
SET, 409.3, 0
SET, 409.4, 0
SET, 409.5, 0
SET, 409.6, 0
SET, 409.7, 0
SET, 409.8, 0
SET, 409.9, 0
SET, 410.0, 0
SET, 410.1, 0
SET, 410.2, 0
SET, 410.3, 0
SET, 410.4, 0
SET, 410.5, 0
SET, 410.6, 0
SET, 410.7, 0
SET, 410.8, 0
SET, 410.9, 0
SET, 411.0, 0
SET, 411.1, 0
SET, 411.2, 0
SET, 411.3, 0
SET, 411.4, 0
SET, 411.5, 0
SET, 411.6, 0
SET, 411.7, 0
SET, 411.8, 0
SET, 411.9, 0
SET, 412.0, 0
SET, 412.1, 0
SET, 412.2, 0
SET, 412.3, 0
SET, 412.4, 0
SET, 412.5, 0
SET, 412.6, 0
SET, 412.7, 0
SET, 412.8, 0
SET, 412.9, 0
SET, 413.0, 0
SET, 413.1, 0
SET, 413.2, 0
SET, 413.3, 0
SET, 413.4, 0
SET, 413.5, 0
SET, 413.6, 0
SET, 413.7, 0
SET, 413.8, 0
SET, 413.9, 0
SET, 414.0, 0
SET, 414.1, 0
SET, 414.2, 0
SET, 414.3, 0
SET, 414.4, 0
SET, 414.5, 0
SET, 414.6, 0
SET, 414.7, 0
SET, 414.8, 0
SET, 414.9, 0
SET, 415.0, 0
SET, 415.1, 0
SET, 415.2, 0
SET, 415.3, 0
SET, 415.4, 0
SET, 415.5, 0
SET, 415.6, 0
SET, 415.7, 0
SET, 415.8, 0
SET, 415.9, 0
SET, 416.0, 0
SET, 416.1, 0
SET, 416.2, 0
SET, 416.3, 0
SET, 416.4, 0
SET, 416.5, 0
SET, 416.6, 0
SET, 416.7, 0
SET, 416.8, 0
SET, 416.9, 0
SET, 417.0, 0
SET, 417.1, 0
SET, 417.2, 0
SET, 417.3, 0
SET, 417.4, 0
SET, 417.5, 0
SET, 417.6, 0
SET, 417.7, 0
SET, 417.8, 0
SET, 417.9, 0
SET, 418.0, 0
SET, 418.1, 0
SET, 418.2, 0
SET, 418.3, 0
SET, 418.4, 0
SET, 418.5, 0
SET, 418.6, 0
SET, 418.7, 0
SET, 418.8, 0
SET, 418.9, 0
SET, 419.0, 0
SET, 419.1, 0
SET, 419.2, 0
SET, 419.3, 0
SET, 419.4, 0
SET, 419.5, 0
SET, 419.6, 0
SET, 419.7, 0
SET, 419.8, 0
SET, 419.9, 0
SET, 420.0, 0
SET, 420.1, 0
SET, 420.2, 0
SET, 420.3, 0
SET, 420.4, 0
SET, 420.5, 0
SET, 420.6, 0
SET, 420.7, 0
SET, 420.8, 0
SET, 420.9, 0
SET, 421.0, 0
SET, 421.1, 0
SET, 421.2, 0
SET, 421.3, 0
SET, 421.4, 0
SET, 421.5, 0
SET, 421.6, 0
SET, 421.7, 0
SET, 421.8, 0
SET, 421.9, 0
SET, 422.0, 0
SET, 422.1, 0
SET, 422.2, 0
SET, 422.3, 0
SET, 422.4, 0
SET, 422.5, 0
SET, 422.6, 0
SET, 422.7, 0
SET, 422.8, 0
SET, 422.9, 0
SET, 423.0, 0
SET, 423.1, 0
SET, 423.2, 0
SET, 423.3, 0
SET, 423.4, 0
SET, 423.5, 0
SET, 423.6, 0
SET, 423.7, 0
SET, 423.8, 0
SET, 423.9, 0
SET, 424.0, 0
SET, 424.1, 0
SET, 424.2, 0
SET, 424.3, 0
SET, 424.4, 0
SET, 424.5, 0
SET, 424.6, 0
SET, 424.7, 0
SET, 424.8, 0
SET, 424.9, 0
SET, 425.0, 0
SET, 425.1, 0
SET, 425.2, 0
SET, 425.3, 0
SET, 425.4, 0
SET, 425.5, 0
SET, 425.6, 0
SET, 425.7, 0
SET, 425.8, 0
SET, 425.9, 0
SET, 426.0, 0
SET, 426.1, 0
SET, 426.2, 0
SET, 426.3, 0
SET, 426.4, 0
SET, 426.5, 0
SET, 426.6, 0
SET, 426.7, 0
SET, 426.8, 0
SET, 426.9, 0
SET, 427.0, 0
SET, 427.1, 0
SET, 427.2, 0
SET, 427.3, 0
SET, 427.4, 0
SET, 427.5, 0
SET, 427.6, 0
SET, 427.7, 0
SET, 427.8, 0
SET, 427.9, 0
SET, 428.0, 0
SET, 428.1, 0
SET, 428.2, 0
SET, 428.3, 0
SET, 428.4, 0
SET, 428.5, 0
SET, 428.6, 0
SET, 428.7, 0
SET, 428.8, 0
SET, 428.9, 0
SET, 429.0, 0
SET, 429.1, 0
SET, 429.2, 0
SET, 429.3, 0
SET, 429.4, 0
SET, 429.5, 0
SET, 429.6, 0
SET, 429.7, 0
SET, 429.8, 0
SET, 429.9, 0
SET, 430.0, 0
SET, 430.1, 0
SET, 430.2, 0
SET, 430.3, 0
SET, 430.4, 0
SET, 430.5, 0
SET, 430.6, 0
SET, 430.7, 0
SET, 430.8, 0
SET, 430.9, 0
SET, 431.0, 0
SET, 431.1, 0
SET, 431.2, 0
SET, 431.3, 0
SET, 431.4, 0
SET, 431.5, 0
SET, 431.6, 0
SET, 431.7, 0
SET, 431.8, 0
SET, 431.9, 0
SET, 432.0, 0
SET, 432.1, 0
SET, 432.2, 0
SET, 432.3, 0
SET, 432.4, 0
SET, 432.5, 0
SET, 432.6, 0
SET, 432.7, 0
SET, 432.8, 0
SET, 432.9, 0
SET, 433.0, 0
SET, 433.1, 0
SET, 433.2, 0
SET, 433.3, 0
SET, 433.4, 0
SET, 433.5, 0
SET, 433.6, 0
SET, 433.7, 0
SET, 433.8, 0
SET, 433.9, 0
SET, 434.0, 0
SET, 434.1, 0
SET, 434.2, 0
SET, 434.3, 0
SET, 434.4, 0
SET, 434.5, 0
SET, 434.6, 0
SET, 434.7, 0
SET, 434.8, 0
SET, 434.9, 0
SET, 435.0, 0
SET, 435.1, 0
SET, 435.2, 0
SET, 435.3, 0
SET, 435.4, 0
SET, 435.5, 0
SET, 435.6, 0
SET, 435.7, 0
SET, 435.8, 0
SET, 435.9, 0
SET, 436.0, 0
SET, 436.1, 0
SET, 436.2, 0
SET, 436.3, 0
SET, 436.4, 0
SET, 436.5, 0
SET, 436.6, 0
SET, 436.7, 0
SET, 436.8, 0
SET, 436.9, 0
SET, 437.0, 0
SET, 437.1, 0
SET, 437.2, 0
SET, 437.3, 0
SET, 437.4, 0
SET, 437.5, 0
SET, 437.6, 0
SET, 437.7, 0
SET, 437.8, 0
SET, 437.9, 0
SET, 438.0, 0
SET, 438.1, 0
SET, 438.2, 0
SET, 438.3, 0
SET, 438.4, 0
SET, 438.5, 0
SET, 438.6, 0
SET, 438.7, 0
SET, 438.8, 0
SET, 438.9, 0
SET, 439.0, 0
SET, 439.1, 0
SET, 439.2, 0
SET, 439.3, 0
SET, 439.4, 0
SET, 439.5, 0
SET, 439.6, 0
SET, 439.7, 0
SET, 439.8, 0
SET, 439.9, 0
SET, 440.0, 0
SET, 440.1, 0
SET, 440.2, 0
SET, 440.3, 0
SET, 440.4, 0
SET, 440.5, 0
SET, 440.6, 0
SET, 440.7, 0
SET, 440.8, 0
SET, 440.9, 0
SET, 441.0, 0
SET, 441.1, 0
SET, 441.2, 0
SET, 441.3, 0
SET, 441.4, 0
SET, 441.5, 0
SET, 441.6, 0
SET, 441.7, 0
SET, 441.8, 0
SET, 441.9, 0
SET, 442.0, 0
SET, 442.1, 0
SET, 442.2, 0
SET, 442.3, 0
SET, 442.4, 0
SET, 442.5, 0
SET, 442.6, 0
SET, 442.7, 0
SET, 442.8, 0
SET, 442.9, 0
SET, 443.0, 0
SET, 443.1, 0
SET, 443.2, 0
SET, 443.3, 0
SET, 443.4, 0
SET, 443.5, 0
SET, 443.6, 0
SET, 443.7, 0
SET, 443.8, 0
SET, 443.9, 0
SET, 444.0, 0
SET, 444.1, 0
SET, 444.2, 0
SET, 444.3, 0
SET, 444.4, 0
SET, 444.5, 0
SET, 444.6, 0
SET, 444.7, 0
SET, 444.8, 0
SET, 444.9, 0
SET, 445.0, 0
SET, 445.1, 0
SET, 445.2, 0
SET, 445.3, 0
SET, 445.4, 0
SET, 445.5, 0
SET, 445.6, 0
SET, 445.7, 0
SET, 445.8, 0
SET, 445.9, 0
SET, 446.0, 0
SET, 446.1, 0
SET, 446.2, 0
SET, 446.3, 0
SET, 446.4, 0
SET, 446.5, 0
SET, 446.6, 0
SET, 446.7, 0
SET, 446.8, 0
SET, 446.9, 0
SET, 447.0, 0
SET, 447.1, 0
SET, 447.2, 0
SET, 447.3, 0
SET, 447.4, 0
SET, 447.5, 0
SET, 447.6, 0
SET, 447.7, 0
SET, 447.8, 0
SET, 447.9, 0
SET, 448.0, 0
SET, 448.1, 0
SET, 448.2, 0
SET, 448.3, 0
SET, 448.4, 0
SET, 448.5, 0
SET, 448.6, 0
SET, 448.7, 0
SET, 448.8, 0
SET, 448.9, 0
SET, 449.0, 0
SET, 449.1, 0
SET, 449.2, 0
SET, 449.3, 0
SET, 449.4, 0
SET, 449.5, 0
SET, 449.6, 0
SET, 449.7, 0
SET, 449.8, 0
SET, 449.9, 0
SET, 450.0, 0
SET, 450.1, 0
SET, 450.2, 0
SET, 450.3, 0
SET, 450.4, 0
SET, 450.5, 0
SET, 450.6, 0
SET, 450.7, 0
SET, 450.8, 0
SET, 450.9, 0
SET, 451.0, 0
SET, 451.1, 0
SET, 451.2, 0
SET, 451.3, 0
SET, 451.4, 0
SET, 451.5, 0
SET, 451.6, 0
SET, 451.7, 0
SET, 451.8, 0
SET, 451.9, 0
SET, 452.0, 0
SET, 452.1, 0
SET, 452.2, 0
SET, 452.3, 0
SET, 452.4, 0
SET, 452.5, 0
SET, 452.6, 0
SET, 452.7, 0
SET, 452.8, 0
SET, 452.9, 0
SET, 453.0, 0
SET, 453.1, 0
SET, 453.2, 0
SET, 453.3, 0
SET, 453.4, 0
SET, 453.5, 0
SET, 453.6, 0
SET, 453.7, 0
SET, 453.8, 0
SET, 453.9, 0
SET, 454.0, 0
SET, 454.1, 0
SET, 454.2, 0
SET, 454.3, 0
SET, 454.4, 0
SET, 454.5, 0
SET, 454.6, 0
SET, 454.7, 0
SET, 454.8, 0
SET, 454.9, 0
SET, 455.0, 0
SET, 455.1, 0
SET, 455.2, 0
SET, 455.3, 0
SET, 455.4, 0
SET, 455.5, 0
SET, 455.6, 0
SET, 455.7, 0
SET, 455.8, 0
SET, 455.9, 0
SET, 456.0, 0
SET, 456.1, 0
SET, 456.2, 0
SET, 456.3, 0
SET, 456.4, 0
SET, 456.5, 0
SET, 456.6, 0
SET, 456.7, 0
SET, 456.8, 0
SET, 456.9, 0
SET, 457.0, 0
SET, 457.1, 0
SET, 457.2, 0
SET, 457.3, 0
SET, 457.4, 0
SET, 457.5, 0
SET, 457.6, 0
SET, 457.7, 0
SET, 457.8, 0
SET, 457.9, 0
SET, 458.0, 0
SET, 458.1, 0
SET, 458.2, 0
SET, 458.3, 0
SET, 458.4, 0
SET, 458.5, 0
SET, 458.6, 0
SET, 458.7, 0
SET, 458.8, 0
SET, 458.9, 0
SET, 459.0, 0
SET, 459.1, 0
SET, 459.2, 0
SET, 459.3, 0
SET, 459.4, 0
SET, 459.5, 0
SET, 459.6, 0
SET, 459.7, 0
SET, 459.8, 0
SET, 459.9, 0
SET, 460.0, 0
SET, 460.1, 0
SET, 460.2, 0
SET, 460.3, 0
SET, 460.4, 0
SET, 460.5, 0
SET, 460.6, 0
SET, 460.7, 0
SET, 460.8, 0
SET, 460.9, 0
SET, 461.0, 0
SET, 461.1, 0
SET, 461.2, 0
SET, 461.3, 0
SET, 461.4, 0
SET, 461.5, 0
SET, 461.6, 0
SET, 461.7, 0
SET, 461.8, 0
SET, 461.9, 0
SET, 462.0, 0
SET, 462.1, 0
SET, 462.2, 0
SET, 462.3, 0
SET, 462.4, 0
SET, 462.5, 0
SET, 462.6, 0
SET, 462.7, 0
SET, 462.8, 0
SET, 462.9, 0
SET, 463.0, 0
SET, 463.1, 0
SET, 463.2, 0
SET, 463.3, 0
SET, 463.4, 0
SET, 463.5, 0
SET, 463.6, 0
SET, 463.7, 0
SET, 463.8, 0
SET, 463.9, 0
SET, 464.0, 0
SET, 464.1, 0
SET, 464.2, 0
SET, 464.3, 0
SET, 464.4, 0
SET, 464.5, 0
SET, 464.6, 0
SET, 464.7, 0
SET, 464.8, 0
SET, 464.9, 0
SET, 465.0, 0
SET, 465.1, 0
SET, 465.2, 0
SET, 465.3, 0
SET, 465.4, 0
SET, 465.5, 0
SET, 465.6, 0
SET, 465.7, 0
SET, 465.8, 0
SET, 465.9, 0
SET, 466.0, 0
SET, 466.1, 0
SET, 466.2, 0
SET, 466.3, 0
SET, 466.4, 0
SET, 466.5, 0
SET, 466.6, 0
SET, 466.7, 0
SET, 466.8, 0
SET, 466.9, 0
SET, 467.0, 0
SET, 467.1, 0
SET, 467.2, 0
SET, 467.3, 0
SET, 467.4, 0
SET, 467.5, 0
SET, 467.6, 0
SET, 467.7, 0
SET, 467.8, 0
SET, 467.9, 0
SET, 468.0, 0
SET, 468.1, 0
SET, 468.2, 0
SET, 468.3, 0
SET, 468.4, 0
SET, 468.5, 0
SET, 468.6, 0
SET, 468.7, 0
SET, 468.8, 0
SET, 468.9, 0
SET, 469.0, 0
SET, 469.1, 0
SET, 469.2, 0
SET, 469.3, 0
SET, 469.4, 0
SET, 469.5, 0
SET, 469.6, 0
SET, 469.7, 0
SET, 469.8, 0
SET, 469.9, 0
SET, 470.0, 0
SET, 470.1, 0
SET, 470.2, 0
SET, 470.3, 0
SET, 470.4, 0
SET, 470.5, 0
SET, 470.6, 0
SET, 470.7, 0
SET, 470.8, 0
SET, 470.9, 0
SET, 471.0, 0
SET, 471.1, 0
SET, 471.2, 0
SET, 471.3, 0
SET, 471.4, 0
SET, 471.5, 0
SET, 471.6, 0
SET, 471.7, 0
SET, 471.8, 0
SET, 471.9, 0
SET, 472.0, 0
SET, 472.1, 0
SET, 472.2, 0
SET, 472.3, 0
SET, 472.4, 0
SET, 472.5, 0
SET, 472.6, 0
SET, 472.7, 0
SET, 472.8, 0
SET, 472.9, 0
SET, 473.0, 0
SET, 473.1, 0
SET, 473.2, 0
SET, 473.3, 0
SET, 473.4, 0
SET, 473.5, 0
SET, 473.6, 0
SET, 473.7, 0
SET, 473.8, 0
SET, 473.9, 0
SET, 474.0, 0
SET, 474.1, 0
SET, 474.2, 0
SET, 474.3, 0
SET, 474.4, 0
SET, 474.5, 0
SET, 474.6, 0
SET, 474.7, 0
SET, 474.8, 0
SET, 474.9, 0
SET, 475.0, 0
SET, 475.1, 0
SET, 475.2, 0
SET, 475.3, 0
SET, 475.4, 0
SET, 475.5, 0
SET, 475.6, 0
SET, 475.7, 0
SET, 475.8, 0
SET, 475.9, 0
SET, 476.0, 0
SET, 476.1, 0
SET, 476.2, 0
SET, 476.3, 0
SET, 476.4, 0
SET, 476.5, 0
SET, 476.6, 0
SET, 476.7, 0
SET, 476.8, 0
SET, 476.9, 0
SET, 477.0, 0
SET, 477.1, 0
SET, 477.2, 0
SET, 477.3, 0
SET, 477.4, 0
SET, 477.5, 0
SET, 477.6, 0
SET, 477.7, 0
SET, 477.8, 0
SET, 477.9, 0
SET, 478.0, 0
SET, 478.1, 0
SET, 478.2, 0
SET, 478.3, 0
SET, 478.4, 0
SET, 478.5, 0
SET, 478.6, 0
SET, 478.7, 0
SET, 478.8, 0
SET, 478.9, 0
SET, 479.0, 0
SET, 479.1, 0
SET, 479.2, 0
SET, 479.3, 0
SET, 479.4, 0
SET, 479.5, 0
SET, 479.6, 0
SET, 479.7, 0
SET, 479.8, 0
SET, 479.9, 0
SET, 480.0, 0
SET, 480.1, 0
SET, 480.2, 0
SET, 480.3, 0
SET, 480.4, 0
SET, 480.5, 0
SET, 480.6, 0
SET, 480.7, 0
SET, 480.8, 0
SET, 480.9, 0
SET, 481.0, 0
SET, 481.1, 0
SET, 481.2, 0
SET, 481.3, 0
SET, 481.4, 0
SET, 481.5, 0
SET, 481.6, 0
SET, 481.7, 0
SET, 481.8, 0
SET, 481.9, 0
SET, 482.0, 0
SET, 482.1, 0
SET, 482.2, 0
SET, 482.3, 0
SET, 482.4, 0
SET, 482.5, 0
SET, 482.6, 0
SET, 482.7, 0
SET, 482.8, 0
SET, 482.9, 0
SET, 483.0, 0
SET, 483.1, 0
SET, 483.2, 0
SET, 483.3, 0
SET, 483.4, 0
SET, 483.5, 0
SET, 483.6, 0
SET, 483.7, 0
SET, 483.8, 0
SET, 483.9, 0
SET, 484.0, 0
SET, 484.1, 0
SET, 484.2, 0
SET, 484.3, 0
SET, 484.4, 0
SET, 484.5, 0
SET, 484.6, 0
SET, 484.7, 0
SET, 484.8, 0
SET, 484.9, 0
SET, 485.0, 0
SET, 485.1, 0
SET, 485.2, 0
SET, 485.3, 0
SET, 485.4, 0
SET, 485.5, 0
SET, 485.6, 0
SET, 485.7, 0
SET, 485.8, 0
SET, 485.9, 0
SET, 486.0, 0
SET, 486.1, 0
SET, 486.2, 0
SET, 486.3, 0
SET, 486.4, 0
SET, 486.5, 0
SET, 486.6, 0
SET, 486.7, 0
SET, 486.8, 0
SET, 486.9, 0
SET, 487.0, 0
SET, 487.1, 0
SET, 487.2, 0
SET, 487.3, 0
SET, 487.4, 0
SET, 487.5, 0
SET, 487.6, 0
SET, 487.7, 0
SET, 487.8, 0
SET, 487.9, 0
SET, 488.0, 0
SET, 488.1, 0
SET, 488.2, 0
SET, 488.3, 0
SET, 488.4, 0
SET, 488.5, 0
SET, 488.6, 0
SET, 488.7, 0
SET, 488.8, 0
SET, 488.9, 0
SET, 489.0, 0
SET, 489.1, 0
SET, 489.2, 0
SET, 489.3, 0
SET, 489.4, 0
SET, 489.5, 0
SET, 489.6, 0
SET, 489.7, 0
SET, 489.8, 0
SET, 489.9, 0
SET, 490.0, 0
SET, 490.1, 0
SET, 490.2, 0
SET, 490.3, 0
SET, 490.4, 0
SET, 490.5, 0
SET, 490.6, 0
SET, 490.7, 0
SET, 490.8, 0
SET, 490.9, 0
SET, 491.0, 0
SET, 491.1, 0
SET, 491.2, 0
SET, 491.3, 0
SET, 491.4, 0
SET, 491.5, 0
SET, 491.6, 0
SET, 491.7, 0
SET, 491.8, 0
SET, 491.9, 0
SET, 492.0, 0
SET, 492.1, 0
SET, 492.2, 0
SET, 492.3, 0
SET, 492.4, 0
SET, 492.5, 0
SET, 492.6, 0
SET, 492.7, 0
SET, 492.8, 0
SET, 492.9, 0
SET, 493.0, 0
SET, 493.1, 0
SET, 493.2, 0
SET, 493.3, 0
SET, 493.4, 0
SET, 493.5, 0
SET, 493.6, 0
SET, 493.7, 0
SET, 493.8, 0
SET, 493.9, 0
SET, 494.0, 0
SET, 494.1, 0
SET, 494.2, 0
SET, 494.3, 0
SET, 494.4, 0
SET, 494.5, 0
SET, 494.6, 0
SET, 494.7, 0
SET, 494.8, 0
SET, 494.9, 0
SET, 495.0, 0
SET, 495.1, 0
SET, 495.2, 0
SET, 495.3, 0
SET, 495.4, 0
SET, 495.5, 0
SET, 495.6, 0
SET, 495.7, 0
SET, 495.8, 0
SET, 495.9, 0
SET, 496.0, 0
SET, 496.1, 0
SET, 496.2, 0
SET, 496.3, 0
SET, 496.4, 0
SET, 496.5, 0
SET, 496.6, 0
SET, 496.7, 0
SET, 496.8, 0
SET, 496.9, 0
SET, 497.0, 0
SET, 497.1, 0
SET, 497.2, 0
SET, 497.3, 0
SET, 497.4, 0
SET, 497.5, 0
SET, 497.6, 0
SET, 497.7, 0
SET, 497.8, 0
SET, 497.9, 0
SET, 498.0, 0
SET, 498.1, 0
SET, 498.2, 0
SET, 498.3, 0
SET, 498.4, 0
SET, 498.5, 0
SET, 498.6, 0
SET, 498.7, 0
SET, 498.8, 0
SET, 498.9, 0
SET, 499.0, 0
SET, 499.1, 0
SET, 499.2, 0
SET, 499.3, 0
SET, 499.4, 0
SET, 499.5, 0
SET, 499.6, 0
SET, 499.7, 0
SET, 499.8, 0
SET, 499.9, 0
SET, 500.0, 0
SET, 500.1, 0
SET, 500.2, 0
SET, 500.3, 0
SET, 500.4, 0
SET, 500.5, 0
SET, 500.6, 0
SET, 500.7, 0
SET, 500.8, 0
SET, 500.9, 0
SET, 501.0, 0
SET, 501.1, 0
SET, 501.2, 0
SET, 501.3, 0
SET, 501.4, 0
SET, 501.5, 0
SET, 501.6, 0
SET, 501.7, 0
SET, 501.8, 0
SET, 501.9, 0
SET, 502.0, 0
SET, 502.1, 0
SET, 502.2, 0
SET, 502.3, 0
SET, 502.4, 0
SET, 502.5, 0
SET, 502.6, 0
SET, 502.7, 0
SET, 502.8, 0
SET, 502.9, 0
SET, 503.0, 0
SET, 503.1, 0
SET, 503.2, 0
SET, 503.3, 0
SET, 503.4, 0
SET, 503.5, 0
SET, 503.6, 0
SET, 503.7, 0
SET, 503.8, 0
SET, 503.9, 0
SET, 504.0, 0
SET, 504.1, 0
SET, 504.2, 0
SET, 504.3, 0
SET, 504.4, 0
SET, 504.5, 0
SET, 504.6, 0
SET, 504.7, 0
SET, 504.8, 0
SET, 504.9, 0
SET, 505.0, 0
SET, 505.1, 0
SET, 505.2, 0
SET, 505.3, 0
SET, 505.4, 0
SET, 505.5, 0
SET, 505.6, 0
SET, 505.7, 0
SET, 505.8, 0
SET, 505.9, 0
SET, 506.0, 0
SET, 506.1, 0
SET, 506.2, 0
SET, 506.3, 0
SET, 506.4, 0
SET, 506.5, 0
SET, 506.6, 0
SET, 506.7, 0
SET, 506.8, 0
SET, 506.9, 0
SET, 507.0, 0
SET, 507.1, 0
SET, 507.2, 0
SET, 507.3, 0
SET, 507.4, 0
SET, 507.5, 0
SET, 507.6, 0
SET, 507.7, 0
SET, 507.8, 0
SET, 507.9, 0
SET, 508.0, 0
SET, 508.1, 0
SET, 508.2, 0
SET, 508.3, 0
SET, 508.4, 0
SET, 508.5, 0
SET, 508.6, 0
SET, 508.7, 0
SET, 508.8, 0
SET, 508.9, 0
SET, 509.0, 0
SET, 509.1, 0
SET, 509.2, 0
SET, 509.3, 0
SET, 509.4, 0
SET, 509.5, 0
SET, 509.6, 0
SET, 509.7, 0
SET, 509.8, 0
SET, 509.9, 0
SET, 510.0, 0
SET, 510.1, 0
SET, 510.2, 0
SET, 510.3, 0
SET, 510.4, 0
SET, 510.5, 0
SET, 510.6, 0
SET, 510.7, 0
SET, 510.8, 0
SET, 510.9, 0
SET, 511.0, 0
SET, 511.1, 0
SET, 511.2, 0
SET, 511.3, 0
SET, 511.4, 0
SET, 511.5, 0
SET, 511.6, 0
SET, 511.7, 0
SET, 511.8, 0
SET, 511.9, 0
SET, 512.0, 0
SET, 512.1, 0
SET, 512.2, 0
SET, 512.3, 0
SET, 512.4, 0
SET, 512.5, 0
SET, 512.6, 0
SET, 512.7, 0
SET, 512.8, 0
SET, 512.9, 0
SET, 513.0, 0
SET, 513.1, 0
SET, 513.2, 0
SET, 513.3, 0
SET, 513.4, 0
SET, 513.5, 0
SET, 513.6, 0
SET, 513.7, 0
SET, 513.8, 0
SET, 513.9, 0
SET, 514.0, 0
SET, 514.1, 0
SET, 514.2, 0
SET, 514.3, 0
SET, 514.4, 0
SET, 514.5, 0
SET, 514.6, 0
SET, 514.7, 0
SET, 514.8, 0
SET, 514.9, 0
SET, 515.0, 0
SET, 515.1, 0
SET, 515.2, 0
SET, 515.3, 0
SET, 515.4, 0
SET, 515.5, 0
SET, 515.6, 0
SET, 515.7, 0
SET, 515.8, 0
SET, 515.9, 0
SET, 516.0, 0
SET, 516.1, 0
SET, 516.2, 0
SET, 516.3, 0
SET, 516.4, 0
SET, 516.5, 0
SET, 516.6, 0
SET, 516.7, 0
SET, 516.8, 0
SET, 516.9, 0
SET, 517.0, 0
SET, 517.1, 0
SET, 517.2, 0
SET, 517.3, 0
SET, 517.4, 0
SET, 517.5, 0
SET, 517.6, 0
SET, 517.7, 0
SET, 517.8, 0
SET, 517.9, 0
SET, 518.0, 0
SET, 518.1, 0
SET, 518.2, 0
SET, 518.3, 0
SET, 518.4, 0
SET, 518.5, 0
SET, 518.6, 0
SET, 518.7, 0
SET, 518.8, 0
SET, 518.9, 0
SET, 519.0, 0
SET, 519.1, 0
SET, 519.2, 0
SET, 519.3, 0
SET, 519.4, 0
SET, 519.5, 0
SET, 519.6, 0
SET, 519.7, 0
SET, 519.8, 0
SET, 519.9, 0
SET, 520.0, 0
SET, 520.1, 0
SET, 520.2, 0
SET, 520.3, 0
SET, 520.4, 0
SET, 520.5, 0
SET, 520.6, 0
SET, 520.7, 0
SET, 520.8, 0
SET, 520.9, 0
SET, 521.0, 0
SET, 521.1, 0
SET, 521.2, 0
SET, 521.3, 0
SET, 521.4, 0
SET, 521.5, 0
SET, 521.6, 0
SET, 521.7, 0
SET, 521.8, 0
SET, 521.9, 0
SET, 522.0, 0
SET, 522.1, 0
SET, 522.2, 0
SET, 522.3, 0
SET, 522.4, 0
SET, 522.5, 0
SET, 522.6, 0
SET, 522.7, 0
SET, 522.8, 0
SET, 522.9, 0
SET, 523.0, 0
SET, 523.1, 0
SET, 523.2, 0
SET, 523.3, 0
SET, 523.4, 0
SET, 523.5, 0
SET, 523.6, 0
SET, 523.7, 0
SET, 523.8, 0
SET, 523.9, 0
SET, 524.0, 0
SET, 524.1, 0
SET, 524.2, 0
SET, 524.3, 0
SET, 524.4, 0
SET, 524.5, 0
SET, 524.6, 0
SET, 524.7, 0
SET, 524.8, 0
SET, 524.9, 0
SET, 525.0, 0
SET, 525.1, 0
SET, 525.2, 0
SET, 525.3, 0
SET, 525.4, 0
SET, 525.5, 0
SET, 525.6, 0
SET, 525.7, 0
SET, 525.8, 0
SET, 525.9, 0
SET, 526.0, 0
SET, 526.1, 0
SET, 526.2, 0
SET, 526.3, 0
SET, 526.4, 0
SET, 526.5, 0
SET, 526.6, 0
SET, 526.7, 0
SET, 526.8, 0
SET, 526.9, 0
SET, 527.0, 0
SET, 527.1, 0
SET, 527.2, 0
SET, 527.3, 0
SET, 527.4, 0
SET, 527.5, 0
SET, 527.6, 0
SET, 527.7, 0
SET, 527.8, 0
SET, 527.9, 0
SET, 528.0, 0
SET, 528.1, 0
SET, 528.2, 0
SET, 528.3, 0
SET, 528.4, 0
SET, 528.5, 0
SET, 528.6, 0
SET, 528.7, 0
SET, 528.8, 0
SET, 528.9, 0
SET, 529.0, 0
SET, 529.1, 0
SET, 529.2, 0
SET, 529.3, 0
SET, 529.4, 0
SET, 529.5, 0
SET, 529.6, 0
SET, 529.7, 0
SET, 529.8, 0
SET, 529.9, 0
SET, 530.0, 0
SET, 530.1, 0
SET, 530.2, 0
SET, 530.3, 0
SET, 530.4, 0
SET, 530.5, 0
SET, 530.6, 0
SET, 530.7, 0
SET, 530.8, 0
SET, 530.9, 0
SET, 531.0, 0
SET, 531.1, 0
SET, 531.2, 0
SET, 531.3, 0
SET, 531.4, 0
SET, 531.5, 0
SET, 531.6, 0
SET, 531.7, 0
SET, 531.8, 0
SET, 531.9, 0
SET, 532.0, 0
SET, 532.1, 0
SET, 532.2, 0
SET, 532.3, 0
SET, 532.4, 0
SET, 532.5, 0
SET, 532.6, 0
SET, 532.7, 0
SET, 532.8, 0
SET, 532.9, 0
SET, 533.0, 0
SET, 533.1, 0
SET, 533.2, 0
SET, 533.3, 0
SET, 533.4, 0
SET, 533.5, 0
SET, 533.6, 0
SET, 533.7, 0
SET, 533.8, 0
SET, 533.9, 0
SET, 534.0, 0
SET, 534.1, 0
SET, 534.2, 0
SET, 534.3, 0
SET, 534.4, 0
SET, 534.5, 0
SET, 534.6, 0
SET, 534.7, 0
SET, 534.8, 0
SET, 534.9, 0
SET, 535.0, 0
SET, 535.1, 0
SET, 535.2, 0
SET, 535.3, 0
SET, 535.4, 0
SET, 535.5, 0
SET, 535.6, 0
SET, 535.7, 0
SET, 535.8, 0
SET, 535.9, 0
SET, 536.0, 0
SET, 536.1, 0
SET, 536.2, 0
SET, 536.3, 0
SET, 536.4, 0
SET, 536.5, 0
SET, 536.6, 0
SET, 536.7, 0
SET, 536.8, 0
SET, 536.9, 0
SET, 537.0, 0
SET, 537.1, 0
SET, 537.2, 0
SET, 537.3, 0
SET, 537.4, 0
SET, 537.5, 0
SET, 537.6, 0
SET, 537.7, 0
SET, 537.8, 0
SET, 537.9, 0
SET, 538.0, 0
SET, 538.1, 0
SET, 538.2, 0
SET, 538.3, 0
SET, 538.4, 0
SET, 538.5, 0
SET, 538.6, 0
SET, 538.7, 0
SET, 538.8, 0
SET, 538.9, 0
SET, 539.0, 0
SET, 539.1, 0
SET, 539.2, 0
SET, 539.3, 0
SET, 539.4, 0
SET, 539.5, 0
SET, 539.6, 0
SET, 539.7, 0
SET, 539.8, 0
SET, 539.9, 0
SET, 540.0, 0
SET, 540.1, 0
SET, 540.2, 0
SET, 540.3, 0
SET, 540.4, 0
SET, 540.5, 0
SET, 540.6, 0
SET, 540.7, 0
SET, 540.8, 0
SET, 540.9, 0
SET, 541.0, 0
SET, 541.1, 0
SET, 541.2, 0
SET, 541.3, 0
SET, 541.4, 0
SET, 541.5, 0
SET, 541.6, 0
SET, 541.7, 0
SET, 541.8, 0
SET, 541.9, 0
SET, 542.0, 0
SET, 542.1, 0
SET, 542.2, 0
SET, 542.3, 0
SET, 542.4, 0
SET, 542.5, 0
SET, 542.6, 0
SET, 542.7, 0
SET, 542.8, 0
SET, 542.9, 0
SET, 543.0, 0
SET, 543.1, 0
SET, 543.2, 0
SET, 543.3, 0
SET, 543.4, 0
SET, 543.5, 0
SET, 543.6, 0
SET, 543.7, 0
SET, 543.8, 0
SET, 543.9, 0
SET, 544.0, 0
SET, 544.1, 0
SET, 544.2, 0
SET, 544.3, 0
SET, 544.4, 0
SET, 544.5, 0
SET, 544.6, 0
SET, 544.7, 0
SET, 544.8, 0
SET, 544.9, 0
SET, 545.0, 0
SET, 545.1, 0
SET, 545.2, 0
SET, 545.3, 0
SET, 545.4, 0
SET, 545.5, 0
SET, 545.6, 0
SET, 545.7, 0
SET, 545.8, 0
SET, 545.9, 0
SET, 546.0, 0
SET, 546.1, 0
SET, 546.2, 0
SET, 546.3, 0
SET, 546.4, 0
SET, 546.5, 0
SET, 546.6, 0
SET, 546.7, 0
SET, 546.8, 0
SET, 546.9, 0
SET, 547.0, 0
SET, 547.1, 0
SET, 547.2, 0
SET, 547.3, 0
SET, 547.4, 0
SET, 547.5, 0
SET, 547.6, 0
SET, 547.7, 0
SET, 547.8, 0
SET, 547.9, 0
SET, 548.0, 0
SET, 548.1, 0
SET, 548.2, 0
SET, 548.3, 0
SET, 548.4, 0
SET, 548.5, 0
SET, 548.6, 0
SET, 548.7, 0
SET, 548.8, 0
SET, 548.9, 0
SET, 549.0, 0
SET, 549.1, 0
SET, 549.2, 0
SET, 549.3, 0
SET, 549.4, 0
SET, 549.5, 0
SET, 549.6, 0
SET, 549.7, 0
SET, 549.8, 0
SET, 549.9, 0
SET, 550.0, 0
SET, 550.1, 0
SET, 550.2, 0
SET, 550.3, 0
SET, 550.4, 0
SET, 550.5, 0
SET, 550.6, 0
SET, 550.7, 0
SET, 550.8, 0
SET, 550.9, 0
SET, 551.0, 0
SET, 551.1, 0
SET, 551.2, 0
SET, 551.3, 0
SET, 551.4, 0
SET, 551.5, 0
SET, 551.6, 0
SET, 551.7, 0
SET, 551.8, 0
SET, 551.9, 0
SET, 552.0, 0
SET, 552.1, 0
SET, 552.2, 0
SET, 552.3, 0
SET, 552.4, 0
SET, 552.5, 0
SET, 552.6, 0
SET, 552.7, 0
SET, 552.8, 0
SET, 552.9, 0
SET, 553.0, 0
SET, 553.1, 0
SET, 553.2, 0
SET, 553.3, 0
SET, 553.4, 0
SET, 553.5, 0
SET, 553.6, 0
SET, 553.7, 0
SET, 553.8, 0
SET, 553.9, 0
SET, 554.0, 0
SET, 554.1, 0
SET, 554.2, 0
SET, 554.3, 0
SET, 554.4, 0
SET, 554.5, 0
SET, 554.6, 0
SET, 554.7, 0
SET, 554.8, 0
SET, 554.9, 0
SET, 555.0, 0
SET, 555.1, 0
SET, 555.2, 0
SET, 555.3, 0
SET, 555.4, 0
SET, 555.5, 0
SET, 555.6, 0
SET, 555.7, 0
SET, 555.8, 0
SET, 555.9, 0
SET, 556.0, 0
SET, 556.1, 0
SET, 556.2, 0
SET, 556.3, 0
SET, 556.4, 0
SET, 556.5, 0
SET, 556.6, 0
SET, 556.7, 0
SET, 556.8, 0
SET, 556.9, 0
SET, 557.0, 0
SET, 557.1, 0
SET, 557.2, 0
SET, 557.3, 0
SET, 557.4, 0
SET, 557.5, 0
SET, 557.6, 0
SET, 557.7, 0
SET, 557.8, 0
SET, 557.9, 0
SET, 558.0, 0
SET, 558.1, 0
SET, 558.2, 0
SET, 558.3, 0
SET, 558.4, 0
SET, 558.5, 0
SET, 558.6, 0
SET, 558.7, 0
SET, 558.8, 0
SET, 558.9, 0
SET, 559.0, 0
SET, 559.1, 0
SET, 559.2, 0
SET, 559.3, 0
SET, 559.4, 0
SET, 559.5, 0
SET, 559.6, 0
SET, 559.7, 0
SET, 559.8, 0
SET, 559.9, 0
SET, 560.0, 0
SET, 560.1, 0
SET, 560.2, 0
SET, 560.3, 0
SET, 560.4, 0
SET, 560.5, 0
SET, 560.6, 0
SET, 560.7, 0
SET, 560.8, 0
SET, 560.9, 0
SET, 561.0, 0
SET, 561.1, 0
SET, 561.2, 0
SET, 561.3, 0
SET, 561.4, 0
SET, 561.5, 0
SET, 561.6, 0
SET, 561.7, 0
SET, 561.8, 0
SET, 561.9, 0
SET, 562.0, 0
SET, 562.1, 0
SET, 562.2, 0
SET, 562.3, 0
SET, 562.4, 0
SET, 562.5, 0
SET, 562.6, 0
SET, 562.7, 0
SET, 562.8, 0
SET, 562.9, 0
SET, 563.0, 0
SET, 563.1, 0
SET, 563.2, 0
SET, 563.3, 0
SET, 563.4, 0
SET, 563.5, 0
SET, 563.6, 0
SET, 563.7, 0
SET, 563.8, 0
SET, 563.9, 0
SET, 564.0, 0
SET, 564.1, 0
SET, 564.2, 0
SET, 564.3, 0
SET, 564.4, 0
SET, 564.5, 0
SET, 564.6, 0
SET, 564.7, 0
SET, 564.8, 0
SET, 564.9, 0
SET, 565.0, 0
SET, 565.1, 0
SET, 565.2, 0
SET, 565.3, 0
SET, 565.4, 0
SET, 565.5, 0
SET, 565.6, 0
SET, 565.7, 0
SET, 565.8, 0
SET, 565.9, 0
SET, 566.0, 0
SET, 566.1, 0
SET, 566.2, 0
SET, 566.3, 0
SET, 566.4, 0
SET, 566.5, 0
SET, 566.6, 0
SET, 566.7, 0
SET, 566.8, 0
SET, 566.9, 0
SET, 567.0, 0
SET, 567.1, 0
SET, 567.2, 0
SET, 567.3, 0
SET, 567.4, 0
SET, 567.5, 0
SET, 567.6, 0
SET, 567.7, 0
SET, 567.8, 0
SET, 567.9, 0
SET, 568.0, 0
SET, 568.1, 0
SET, 568.2, 0
SET, 568.3, 0
SET, 568.4, 0
SET, 568.5, 0
SET, 568.6, 0
SET, 568.7, 0
SET, 568.8, 0
SET, 568.9, 0
SET, 569.0, 0
SET, 569.1, 0
SET, 569.2, 0
SET, 569.3, 0
SET, 569.4, 0
SET, 569.5, 0
SET, 569.6, 0
SET, 569.7, 0
SET, 569.8, 0
SET, 569.9, 0
SET, 570.0, 0
SET, 570.1, 0
SET, 570.2, 0
SET, 570.3, 0
SET, 570.4, 0
SET, 570.5, 0
SET, 570.6, 0
SET, 570.7, 0
SET, 570.8, 0
SET, 570.9, 0
SET, 571.0, 0
SET, 571.1, 0
SET, 571.2, 0
SET, 571.3, 0
SET, 571.4, 0
SET, 571.5, 0
SET, 571.6, 0
SET, 571.7, 0
SET, 571.8, 0
SET, 571.9, 0
SET, 572.0, 0
SET, 572.1, 0
SET, 572.2, 0
SET, 572.3, 0
SET, 572.4, 0
SET, 572.5, 0
SET, 572.6, 0
SET, 572.7, 0
SET, 572.8, 0
SET, 572.9, 0
SET, 573.0, 0
SET, 573.1, 0
SET, 573.2, 0
SET, 573.3, 0
SET, 573.4, 0
SET, 573.5, 0
SET, 573.6, 0
SET, 573.7, 0
SET, 573.8, 0
SET, 573.9, 0
SET, 574.0, 0
SET, 574.1, 0
SET, 574.2, 0
SET, 574.3, 0
SET, 574.4, 0
SET, 574.5, 0
SET, 574.6, 0
SET, 574.7, 0
SET, 574.8, 0
SET, 574.9, 0
SET, 575.0, 0
SET, 575.1, 0
SET, 575.2, 0
SET, 575.3, 0
SET, 575.4, 0
SET, 575.5, 0
SET, 575.6, 0
SET, 575.7, 0
SET, 575.8, 0
SET, 575.9, 0
SET, 576.0, 0
SET, 576.1, 0
SET, 576.2, 0
SET, 576.3, 0
SET, 576.4, 0
SET, 576.5, 0
SET, 576.6, 0
SET, 576.7, 0
SET, 576.8, 0
SET, 576.9, 0
SET, 577.0, 0
SET, 577.1, 0
SET, 577.2, 0
SET, 577.3, 0
SET, 577.4, 0
SET, 577.5, 0
SET, 577.6, 0
SET, 577.7, 0
SET, 577.8, 0
SET, 577.9, 0
SET, 578.0, 0
SET, 578.1, 0
SET, 578.2, 0
SET, 578.3, 0
SET, 578.4, 0
SET, 578.5, 0
SET, 578.6, 0
SET, 578.7, 0
SET, 578.8, 0
SET, 578.9, 0
SET, 579.0, 0
SET, 579.1, 0
SET, 579.2, 0
SET, 579.3, 0
SET, 579.4, 0
SET, 579.5, 0
SET, 579.6, 0
SET, 579.7, 0
SET, 579.8, 0
SET, 579.9, 0
SET, 580.0, 0
SET, 580.1, 0
SET, 580.2, 0
SET, 580.3, 0
SET, 580.4, 0
SET, 580.5, 0
SET, 580.6, 0
SET, 580.7, 0
SET, 580.8, 0
SET, 580.9, 0
SET, 581.0, 0
SET, 581.1, 0
SET, 581.2, 0
SET, 581.3, 0
SET, 581.4, 0
SET, 581.5, 0
SET, 581.6, 0
SET, 581.7, 0
SET, 581.8, 0
SET, 581.9, 0
SET, 582.0, 0
SET, 582.1, 0
SET, 582.2, 0
SET, 582.3, 0
SET, 582.4, 0
SET, 582.5, 0
SET, 582.6, 0
SET, 582.7, 0
SET, 582.8, 0
SET, 582.9, 0
SET, 583.0, 0
SET, 583.1, 0
SET, 583.2, 0
SET, 583.3, 0
SET, 583.4, 0
SET, 583.5, 0
SET, 583.6, 0
SET, 583.7, 0
SET, 583.8, 0
SET, 583.9, 0
SET, 584.0, 0
SET, 584.1, 0
SET, 584.2, 0
SET, 584.3, 0
SET, 584.4, 0
SET, 584.5, 0
SET, 584.6, 0
SET, 584.7, 0
SET, 584.8, 0
SET, 584.9, 0
SET, 585.0, 0
SET, 585.1, 0
SET, 585.2, 0
SET, 585.3, 0
SET, 585.4, 0
SET, 585.5, 0
SET, 585.6, 0
SET, 585.7, 0
SET, 585.8, 0
SET, 585.9, 0
SET, 586.0, 0
SET, 586.1, 0
SET, 586.2, 0
SET, 586.3, 0
SET, 586.4, 0
SET, 586.5, 0
SET, 586.6, 0
SET, 586.7, 0
SET, 586.8, 0
SET, 586.9, 0
SET, 587.0, 0
SET, 587.1, 0
SET, 587.2, 0
SET, 587.3, 0
SET, 587.4, 0
SET, 587.5, 0
SET, 587.6, 0
SET, 587.7, 0
SET, 587.8, 0
SET, 587.9, 0
SET, 588.0, 0
SET, 588.1, 0
SET, 588.2, 0
SET, 588.3, 3
SET, 588.4, 0
SET, 588.5, 0
SET, 588.6, 0
SET, 588.7, 1
