Elapsed Time, AVG Throughput, AVG Queue Size, AVG Waiting Time, AVG Service Time, AVG Response Time, AVG SET Response Time, AVG GET Response Time, AVG MULTI-GET Response Time, #SETS, #GETS, #MULTIGETS, GET MissRatio, MULTI-GET MissRatio, AVG MULTI-GET Size
 5.00, 1343, 31, 27.294761, 22.032429, 49.555535, 0.000000, 49.555535, 0.000000, 0, 6719, 0, 0.00, 0.00, 0
10.00, 1412, 30, 25.546217, 22.511044, 48.144954, 0.000000, 48.144954, 0.000000, 0, 7061, 0, 0.00, 0.00, 0
15.00, 1397, 30, 25.722661, 22.844422, 48.677223, 0.000000, 48.677223, 0.000000, 0, 6989, 0, 0.00, 0.00, 0
20.00, 1408, 30, 25.496329, 22.617033, 48.195591, 0.000000, 48.195591, 0.000000, 0, 7040, 0, 0.00, 0.00, 0
25.00, 1358, 29, 26.103073, 23.459806, 49.642355, 0.000000, 49.642355, 0.000000, 0, 6794, 0, 0.00, 0.00, 0
30.00, 1373, 30, 26.275188, 23.199167, 49.566395, 0.000000, 49.566395, 0.000000, 0, 6868, 0, 0.00, 0.00, 0
35.00, 1394, 30, 26.012593, 22.842162, 48.950218, 0.000000, 48.950218, 0.000000, 0, 6973, 0, 0.00, 0.00, 0
40.00, 1370, 30, 26.272710, 23.271766, 49.627689, 0.000000, 49.627689, 0.000000, 0, 6853, 0, 0.00, 0.00, 0
45.00, 1385, 30, 25.954727, 22.990753, 49.035439, 0.000000, 49.035439, 0.000000, 0, 6926, 0, 0.00, 0.00, 0
50.00, 1414, 30, 25.424621, 22.541997, 48.061695, 0.000000, 48.061695, 0.000000, 0, 7072, 0, 0.00, 0.00, 0
55.00, 1413, 30, 25.546428, 22.555720, 48.203496, 0.000000, 48.203496, 0.000000, 0, 7069, 0, 0.00, 0.00, 0
60.00, 1404, 30, 25.601679, 22.692422, 48.375648, 0.000000, 48.375648, 0.000000, 0, 7023, 0, 0.00, 0.00, 0
65.00, 1376, 30, 26.336077, 23.115684, 49.566697, 0.000000, 49.566697, 0.000000, 0, 6880, 0, 0.00, 0.00, 0
70.00, 1410, 30, 25.659986, 22.641773, 48.378397, 0.000000, 48.378397, 0.000000, 0, 7052, 0, 0.00, 0.00, 0
70.00, 15, 12, 24.428075, 23.328350, 47.813909, 0.000000, 47.813909, 0.000000, 0, 79, 0, 0.00, 0.00, 0
Type, Interval, Responses
GET, 0.1, 0
GET, 0.2, 0
GET, 0.3, 0
GET, 0.4, 0
GET, 0.5, 0
GET, 0.6, 0
GET, 0.7, 0
GET, 0.8, 0
GET, 0.9, 0
GET, 1.0, 0
GET, 1.1, 0
GET, 1.2, 3
GET, 1.3, 1
GET, 1.4, 2
GET, 1.5, 0
GET, 1.6, 1
GET, 1.7, 1
GET, 1.8, 2
GET, 1.9, 0
GET, 2.0, 1
GET, 2.1, 0
GET, 2.2, 3
GET, 2.3, 3
GET, 2.4, 0
GET, 2.5, 1
GET, 2.6, 2
GET, 2.7, 1
GET, 2.8, 0
GET, 2.9, 1
GET, 3.0, 4
GET, 3.1, 5
GET, 3.2, 1
GET, 3.3, 5
GET, 3.4, 3
GET, 3.5, 2
GET, 3.6, 0
GET, 3.7, 2
GET, 3.8, 1
GET, 3.9, 4
GET, 4.0, 2
GET, 4.1, 2
GET, 4.2, 1
GET, 4.3, 1
GET, 4.4, 1
GET, 4.5, 1
GET, 4.6, 2
GET, 4.7, 0
GET, 4.8, 1
GET, 4.9, 2
GET, 5.0, 3
GET, 5.1, 0
GET, 5.2, 2
GET, 5.3, 4
GET, 5.4, 0
GET, 5.5, 2
GET, 5.6, 3
GET, 5.7, 1
GET, 5.8, 0
GET, 5.9, 3
GET, 6.0, 2
GET, 6.1, 0
GET, 6.2, 1
GET, 6.3, 2
GET, 6.4, 1
GET, 6.5, 1
GET, 6.6, 1
GET, 6.7, 0
GET, 6.8, 2
GET, 6.9, 1
GET, 7.0, 2
GET, 7.1, 1
GET, 7.2, 0
GET, 7.3, 0
GET, 7.4, 0
GET, 7.5, 0
GET, 7.6, 0
GET, 7.7, 0
GET, 7.8, 0
GET, 7.9, 1
GET, 8.0, 0
GET, 8.1, 2
GET, 8.2, 0
GET, 8.3, 1
GET, 8.4, 0
GET, 8.5, 1
GET, 8.6, 2
GET, 8.7, 1
GET, 8.8, 0
GET, 8.9, 1
GET, 9.0, 0
GET, 9.1, 0
GET, 9.2, 0
GET, 9.3, 0
GET, 9.4, 1
GET, 9.5, 2
GET, 9.6, 0
GET, 9.7, 1
GET, 9.8, 0
GET, 9.9, 3
GET, 10.0, 1
GET, 10.1, 2
GET, 10.2, 1
GET, 10.3, 1
GET, 10.4, 0
GET, 10.5, 0
GET, 10.6, 0
GET, 10.7, 1
GET, 10.8, 1
GET, 10.9, 2
GET, 11.0, 0
GET, 11.1, 0
GET, 11.2, 0
GET, 11.3, 0
GET, 11.4, 0
GET, 11.5, 2
GET, 11.6, 0
GET, 11.7, 2
GET, 11.8, 3
GET, 11.9, 1
GET, 12.0, 2
GET, 12.1, 3
GET, 12.2, 2
GET, 12.3, 0
GET, 12.4, 2
GET, 12.5, 1
GET, 12.6, 2
GET, 12.7, 2
GET, 12.8, 1
GET, 12.9, 1
GET, 13.0, 1
GET, 13.1, 1
GET, 13.2, 1
GET, 13.3, 0
GET, 13.4, 0
GET, 13.5, 1
GET, 13.6, 1
GET, 13.7, 1
GET, 13.8, 1
GET, 13.9, 4
GET, 14.0, 1
GET, 14.1, 1
GET, 14.2, 0
GET, 14.3, 4
GET, 14.4, 6
GET, 14.5, 2
GET, 14.6, 2
GET, 14.7, 2
GET, 14.8, 3
GET, 14.9, 2
GET, 15.0, 3
GET, 15.1, 3
GET, 15.2, 0
GET, 15.3, 2
GET, 15.4, 2
GET, 15.5, 2
GET, 15.6, 3
GET, 15.7, 2
GET, 15.8, 3
GET, 15.9, 2
GET, 16.0, 2
GET, 16.1, 6
GET, 16.2, 3
GET, 16.3, 7
GET, 16.4, 1
GET, 16.5, 3
GET, 16.6, 5
GET, 16.7, 1
GET, 16.8, 3
GET, 16.9, 2
GET, 17.0, 2
GET, 17.1, 5
GET, 17.2, 3
GET, 17.3, 2
GET, 17.4, 2
GET, 17.5, 2
GET, 17.6, 2
GET, 17.7, 0
GET, 17.8, 0
GET, 17.9, 0
GET, 18.0, 0
GET, 18.1, 1
GET, 18.2, 2
GET, 18.3, 0
GET, 18.4, 0
GET, 18.5, 0
GET, 18.6, 1
GET, 18.7, 1
GET, 18.8, 0
GET, 18.9, 2
GET, 19.0, 2
GET, 19.1, 2
GET, 19.2, 1
GET, 19.3, 2
GET, 19.4, 1
GET, 19.5, 6
GET, 19.6, 5
GET, 19.7, 3
GET, 19.8, 0
GET, 19.9, 2
GET, 20.0, 1
GET, 20.1, 1
GET, 20.2, 0
GET, 20.3, 0
GET, 20.4, 3
GET, 20.5, 0
GET, 20.6, 2
GET, 20.7, 2
GET, 20.8, 1
GET, 20.9, 2
GET, 21.0, 1
GET, 21.1, 0
GET, 21.2, 3
GET, 21.3, 3
GET, 21.4, 3
GET, 21.5, 2
GET, 21.6, 3
GET, 21.7, 3
GET, 21.8, 4
GET, 21.9, 4
GET, 22.0, 5
GET, 22.1, 4
GET, 22.2, 7
GET, 22.3, 6
GET, 22.4, 9
GET, 22.5, 4
GET, 22.6, 5
GET, 22.7, 1
GET, 22.8, 3
GET, 22.9, 5
GET, 23.0, 3
GET, 23.1, 4
GET, 23.2, 3
GET, 23.3, 4
GET, 23.4, 3
GET, 23.5, 3
GET, 23.6, 5
GET, 23.7, 6
GET, 23.8, 6
GET, 23.9, 7
GET, 24.0, 9
GET, 24.1, 6
GET, 24.2, 4
GET, 24.3, 3
GET, 24.4, 5
GET, 24.5, 15
GET, 24.6, 16
GET, 24.7, 31
GET, 24.8, 33
GET, 24.9, 25
GET, 25.0, 33
GET, 25.1, 57
GET, 25.2, 41
GET, 25.3, 63
GET, 25.4, 55
GET, 25.5, 79
GET, 25.6, 81
GET, 25.7, 87
GET, 25.8, 97
GET, 25.9, 107
GET, 26.0, 101
GET, 26.1, 116
GET, 26.2, 93
GET, 26.3, 93
GET, 26.4, 96
GET, 26.5, 85
GET, 26.6, 96
GET, 26.7, 92
GET, 26.8, 98
GET, 26.9, 118
GET, 27.0, 79
GET, 27.1, 100
GET, 27.2, 109
GET, 27.3, 114
GET, 27.4, 104
GET, 27.5, 94
GET, 27.6, 97
GET, 27.7, 123
GET, 27.8, 120
GET, 27.9, 122
GET, 28.0, 123
GET, 28.1, 128
GET, 28.2, 121
GET, 28.3, 143
GET, 28.4, 118
GET, 28.5, 115
GET, 28.6, 129
GET, 28.7, 124
GET, 28.8, 139
GET, 28.9, 161
GET, 29.0, 143
GET, 29.1, 164
GET, 29.2, 190
GET, 29.3, 198
GET, 29.4, 226
GET, 29.5, 226
GET, 29.6, 241
GET, 29.7, 271
GET, 29.8, 314
GET, 29.9, 340
GET, 30.0, 362
GET, 30.1, 373
GET, 30.2, 378
GET, 30.3, 356
GET, 30.4, 396
GET, 30.5, 406
GET, 30.6, 348
GET, 30.7, 335
GET, 30.8, 302
GET, 30.9, 285
GET, 31.0, 244
GET, 31.1, 173
GET, 31.2, 127
GET, 31.3, 122
GET, 31.4, 105
GET, 31.5, 80
GET, 31.6, 69
GET, 31.7, 64
GET, 31.8, 59
GET, 31.9, 50
GET, 32.0, 45
GET, 32.1, 60
GET, 32.2, 62
GET, 32.3, 53
GET, 32.4, 48
GET, 32.5, 49
GET, 32.6, 48
GET, 32.7, 36
GET, 32.8, 33
GET, 32.9, 34
GET, 33.0, 32
GET, 33.1, 38
GET, 33.2, 31
GET, 33.3, 22
GET, 33.4, 23
GET, 33.5, 31
GET, 33.6, 28
GET, 33.7, 39
GET, 33.8, 25
GET, 33.9, 32
GET, 34.0, 45
GET, 34.1, 28
GET, 34.2, 46
GET, 34.3, 43
GET, 34.4, 29
GET, 34.5, 53
GET, 34.6, 41
GET, 34.7, 45
GET, 34.8, 49
GET, 34.9, 46
GET, 35.0, 36
GET, 35.1, 39
GET, 35.2, 49
GET, 35.3, 52
GET, 35.4, 51
GET, 35.5, 49
GET, 35.6, 35
GET, 35.7, 34
GET, 35.8, 37
GET, 35.9, 30
GET, 36.0, 34
GET, 36.1, 28
GET, 36.2, 37
GET, 36.3, 29
GET, 36.4, 43
GET, 36.5, 31
GET, 36.6, 52
GET, 36.7, 45
GET, 36.8, 52
GET, 36.9, 53
GET, 37.0, 52
GET, 37.1, 59
GET, 37.2, 62
GET, 37.3, 65
GET, 37.4, 59
GET, 37.5, 60
GET, 37.6, 41
GET, 37.7, 51
GET, 37.8, 54
GET, 37.9, 69
GET, 38.0, 63
GET, 38.1, 71
GET, 38.2, 83
GET, 38.3, 92
GET, 38.4, 102
GET, 38.5, 111
GET, 38.6, 84
GET, 38.7, 83
GET, 38.8, 81
GET, 38.9, 94
GET, 39.0, 93
GET, 39.1, 81
GET, 39.2, 87
GET, 39.3, 87
GET, 39.4, 122
GET, 39.5, 106
GET, 39.6, 91
GET, 39.7, 127
GET, 39.8, 155
GET, 39.9, 203
GET, 40.0, 238
GET, 40.1, 258
GET, 40.2, 296
GET, 40.3, 325
GET, 40.4, 393
GET, 40.5, 407
GET, 40.6, 418
GET, 40.7, 408
GET, 40.8, 459
GET, 40.9, 460
GET, 41.0, 516
GET, 41.1, 552
GET, 41.2, 541
GET, 41.3, 560
GET, 41.4, 590
GET, 41.5, 581
GET, 41.6, 566
GET, 41.7, 552
GET, 41.8, 530
GET, 41.9, 453
GET, 42.0, 438
GET, 42.1, 513
GET, 42.2, 469
GET, 42.3, 536
GET, 42.4, 526
GET, 42.5, 570
GET, 42.6, 546
GET, 42.7, 601
GET, 42.8, 613
GET, 42.9, 631
GET, 43.0, 627
GET, 43.1, 651
GET, 43.2, 644
GET, 43.3, 641
GET, 43.4, 647
GET, 43.5, 663
GET, 43.6, 616
GET, 43.7, 671
GET, 43.8, 678
GET, 43.9, 667
GET, 44.0, 617
GET, 44.1, 635
GET, 44.2, 623
GET, 44.3, 618
GET, 44.4, 620
GET, 44.5, 574
GET, 44.6, 647
GET, 44.7, 688
GET, 44.8, 726
GET, 44.9, 778
GET, 45.0, 885
GET, 45.1, 1002
GET, 45.2, 1071
GET, 45.3, 1295
GET, 45.4, 1455
GET, 45.5, 1553
GET, 45.6, 1751
GET, 45.7, 1921
GET, 45.8, 1894
GET, 45.9, 1820
GET, 46.0, 1706
GET, 46.1, 1462
GET, 46.2, 1199
GET, 46.3, 920
GET, 46.4, 782
GET, 46.5, 587
GET, 46.6, 428
GET, 46.7, 377
GET, 46.8, 291
GET, 46.9, 259
GET, 47.0, 233
GET, 47.1, 181
GET, 47.2, 178
GET, 47.3, 161
GET, 47.4, 165
GET, 47.5, 162
GET, 47.6, 149
GET, 47.7, 151
GET, 47.8, 146
GET, 47.9, 143
GET, 48.0, 145
GET, 48.1, 127
GET, 48.2, 118
GET, 48.3, 101
GET, 48.4, 124
GET, 48.5, 95
GET, 48.6, 109
GET, 48.7, 97
GET, 48.8, 118
GET, 48.9, 94
GET, 49.0, 95
GET, 49.1, 112
GET, 49.2, 95
GET, 49.3, 92
GET, 49.4, 73
GET, 49.5, 78
GET, 49.6, 78
GET, 49.7, 92
GET, 49.8, 89
GET, 49.9, 78
GET, 50.0, 78
GET, 50.1, 71
GET, 50.2, 65
GET, 50.3, 70
GET, 50.4, 72
GET, 50.5, 68
GET, 50.6, 52
GET, 50.7, 48
GET, 50.8, 55
GET, 50.9, 49
GET, 51.0, 62
GET, 51.1, 43
GET, 51.2, 42
GET, 51.3, 50
GET, 51.4, 45
GET, 51.5, 44
GET, 51.6, 31
GET, 51.7, 25
GET, 51.8, 35
GET, 51.9, 26
GET, 52.0, 38
GET, 52.1, 36
GET, 52.2, 33
GET, 52.3, 32
GET, 52.4, 35
GET, 52.5, 26
GET, 52.6, 36
GET, 52.7, 40
GET, 52.8, 34
GET, 52.9, 41
GET, 53.0, 46
GET, 53.1, 48
GET, 53.2, 44
GET, 53.3, 35
GET, 53.4, 45
GET, 53.5, 47
GET, 53.6, 48
GET, 53.7, 41
GET, 53.8, 38
GET, 53.9, 43
GET, 54.0, 47
GET, 54.1, 31
GET, 54.2, 43
GET, 54.3, 33
GET, 54.4, 46
GET, 54.5, 41
GET, 54.6, 36
GET, 54.7, 50
GET, 54.8, 54
GET, 54.9, 63
GET, 55.0, 76
GET, 55.1, 77
GET, 55.2, 64
GET, 55.3, 76
GET, 55.4, 94
GET, 55.5, 97
GET, 55.6, 97
GET, 55.7, 123
GET, 55.8, 125
GET, 55.9, 153
GET, 56.0, 163
GET, 56.1, 176
GET, 56.2, 146
GET, 56.3, 183
GET, 56.4, 184
GET, 56.5, 152
GET, 56.6, 187
GET, 56.7, 235
GET, 56.8, 183
GET, 56.9, 178
GET, 57.0, 188
GET, 57.1, 176
GET, 57.2, 171
GET, 57.3, 138
GET, 57.4, 159
GET, 57.5, 133
GET, 57.6, 144
GET, 57.7, 171
GET, 57.8, 173
GET, 57.9, 190
GET, 58.0, 182
GET, 58.1, 203
GET, 58.2, 193
GET, 58.3, 185
GET, 58.4, 201
GET, 58.5, 202
GET, 58.6, 180
GET, 58.7, 200
GET, 58.8, 204
GET, 58.9, 176
GET, 59.0, 186
GET, 59.1, 194
GET, 59.2, 160
GET, 59.3, 162
GET, 59.4, 185
GET, 59.5, 176
GET, 59.6, 175
GET, 59.7, 189
GET, 59.8, 179
GET, 59.9, 175
GET, 60.0, 213
GET, 60.1, 238
GET, 60.2, 214
GET, 60.3, 234
GET, 60.4, 268
GET, 60.5, 276
GET, 60.6, 318
GET, 60.7, 385
GET, 60.8, 358
GET, 60.9, 443
GET, 61.0, 439
GET, 61.1, 448
GET, 61.2, 449
GET, 61.3, 432
GET, 61.4, 368
GET, 61.5, 318
GET, 61.6, 311
GET, 61.7, 245
GET, 61.8, 194
GET, 61.9, 165
GET, 62.0, 116
GET, 62.1, 111
GET, 62.2, 75
GET, 62.3, 65
GET, 62.4, 58
GET, 62.5, 47
GET, 62.6, 45
GET, 62.7, 36
GET, 62.8, 32
GET, 62.9, 38
GET, 63.0, 44
GET, 63.1, 36
GET, 63.2, 32
GET, 63.3, 26
GET, 63.4, 45
GET, 63.5, 29
GET, 63.6, 30
GET, 63.7, 38
GET, 63.8, 33
GET, 63.9, 36
GET, 64.0, 24
GET, 64.1, 35
GET, 64.2, 37
GET, 64.3, 23
GET, 64.4, 35
GET, 64.5, 25
GET, 64.6, 29
GET, 64.7, 28
GET, 64.8, 32
GET, 64.9, 31
GET, 65.0, 25
GET, 65.1, 46
GET, 65.2, 25
GET, 65.3, 31
GET, 65.4, 32
GET, 65.5, 27
GET, 65.6, 23
GET, 65.7, 26
GET, 65.8, 27
GET, 65.9, 23
GET, 66.0, 11
GET, 66.1, 12
GET, 66.2, 16
GET, 66.3, 17
GET, 66.4, 16
GET, 66.5, 16
GET, 66.6, 12
GET, 66.7, 20
GET, 66.8, 18
GET, 66.9, 18
GET, 67.0, 17
GET, 67.1, 15
GET, 67.2, 6
GET, 67.3, 13
GET, 67.4, 10
GET, 67.5, 12
GET, 67.6, 8
GET, 67.7, 7
GET, 67.8, 12
GET, 67.9, 4
GET, 68.0, 10
GET, 68.1, 10
GET, 68.2, 13
GET, 68.3, 12
GET, 68.4, 8
GET, 68.5, 16
GET, 68.6, 10
GET, 68.7, 11
GET, 68.8, 10
GET, 68.9, 15
GET, 69.0, 7
GET, 69.1, 12
GET, 69.2, 8
GET, 69.3, 8
GET, 69.4, 11
GET, 69.5, 7
GET, 69.6, 11
GET, 69.7, 5
GET, 69.8, 7
GET, 69.9, 16
GET, 70.0, 16
GET, 70.1, 19
GET, 70.2, 14
GET, 70.3, 15
GET, 70.4, 23
GET, 70.5, 24
GET, 70.6, 28
GET, 70.7, 14
GET, 70.8, 13
GET, 70.9, 20
GET, 71.0, 27
GET, 71.1, 24
GET, 71.2, 17
GET, 71.3, 25
GET, 71.4, 36
GET, 71.5, 34
GET, 71.6, 38
GET, 71.7, 35
GET, 71.8, 38
GET, 71.9, 41
GET, 72.0, 43
GET, 72.1, 49
GET, 72.2, 58
GET, 72.3, 46
GET, 72.4, 65
GET, 72.5, 52
GET, 72.6, 49
GET, 72.7, 59
GET, 72.8, 53
GET, 72.9, 46
GET, 73.0, 42
GET, 73.1, 34
GET, 73.2, 28
GET, 73.3, 44
GET, 73.4, 41
GET, 73.5, 36
GET, 73.6, 55
GET, 73.7, 51
GET, 73.8, 38
GET, 73.9, 43
GET, 74.0, 64
GET, 74.1, 50
GET, 74.2, 67
GET, 74.3, 63
GET, 74.4, 71
GET, 74.5, 49
GET, 74.6, 60
GET, 74.7, 65
GET, 74.8, 76
GET, 74.9, 82
GET, 75.0, 60
GET, 75.1, 57
GET, 75.2, 71
GET, 75.3, 57
GET, 75.4, 74
GET, 75.5, 72
GET, 75.6, 61
GET, 75.7, 62
GET, 75.8, 60
GET, 75.9, 84
GET, 76.0, 84
GET, 76.1, 103
GET, 76.2, 97
GET, 76.3, 95
GET, 76.4, 128
GET, 76.5, 140
GET, 76.6, 129
GET, 76.7, 154
GET, 76.8, 143
GET, 76.9, 125
GET, 77.0, 136
GET, 77.1, 98
GET, 77.2, 97
GET, 77.3, 99
GET, 77.4, 60
GET, 77.5, 38
GET, 77.6, 32
GET, 77.7, 41
GET, 77.8, 29
GET, 77.9, 18
GET, 78.0, 16
GET, 78.1, 21
GET, 78.2, 15
GET, 78.3, 25
GET, 78.4, 15
GET, 78.5, 16
GET, 78.6, 14
GET, 78.7, 18
GET, 78.8, 16
GET, 78.9, 23
GET, 79.0, 14
GET, 79.1, 12
GET, 79.2, 7
GET, 79.3, 9
GET, 79.4, 6
GET, 79.5, 9
GET, 79.6, 14
GET, 79.7, 12
GET, 79.8, 15
GET, 79.9, 9
GET, 80.0, 13
GET, 80.1, 11
GET, 80.2, 5
GET, 80.3, 12
GET, 80.4, 12
GET, 80.5, 11
GET, 80.6, 13
GET, 80.7, 7
GET, 80.8, 8
GET, 80.9, 8
GET, 81.0, 10
GET, 81.1, 9
GET, 81.2, 7
GET, 81.3, 5
GET, 81.4, 15
GET, 81.5, 9
GET, 81.6, 7
GET, 81.7, 6
GET, 81.8, 9
GET, 81.9, 6
GET, 82.0, 0
GET, 82.1, 6
GET, 82.2, 3
GET, 82.3, 3
GET, 82.4, 4
GET, 82.5, 3
GET, 82.6, 4
GET, 82.7, 10
GET, 82.8, 2
GET, 82.9, 6
GET, 83.0, 1
GET, 83.1, 4
GET, 83.2, 3
GET, 83.3, 6
GET, 83.4, 4
GET, 83.5, 2
GET, 83.6, 3
GET, 83.7, 4
GET, 83.8, 4
GET, 83.9, 8
GET, 84.0, 7
GET, 84.1, 5
GET, 84.2, 5
GET, 84.3, 2
GET, 84.4, 3
GET, 84.5, 7
GET, 84.6, 6
GET, 84.7, 3
GET, 84.8, 2
GET, 84.9, 2
GET, 85.0, 3
GET, 85.1, 3
GET, 85.2, 7
GET, 85.3, 5
GET, 85.4, 0
GET, 85.5, 2
GET, 85.6, 0
GET, 85.7, 3
GET, 85.8, 1
GET, 85.9, 4
GET, 86.0, 5
GET, 86.1, 1
GET, 86.2, 7
GET, 86.3, 3
GET, 86.4, 2
GET, 86.5, 5
GET, 86.6, 6
GET, 86.7, 7
GET, 86.8, 5
GET, 86.9, 7
GET, 87.0, 11
GET, 87.1, 19
GET, 87.2, 12
GET, 87.3, 10
GET, 87.4, 22
GET, 87.5, 15
GET, 87.6, 14
GET, 87.7, 23
GET, 87.8, 19
GET, 87.9, 19
GET, 88.0, 26
GET, 88.1, 35
GET, 88.2, 32
GET, 88.3, 21
GET, 88.4, 19
GET, 88.5, 18
GET, 88.6, 13
GET, 88.7, 9
GET, 88.8, 20
GET, 88.9, 14
GET, 89.0, 28
GET, 89.1, 20
GET, 89.2, 17
GET, 89.3, 25
GET, 89.4, 16
GET, 89.5, 16
GET, 89.6, 15
GET, 89.7, 13
GET, 89.8, 21
GET, 89.9, 31
GET, 90.0, 17
GET, 90.1, 11
GET, 90.2, 18
GET, 90.3, 16
GET, 90.4, 26
GET, 90.5, 11
GET, 90.6, 19
GET, 90.7, 19
GET, 90.8, 24
GET, 90.9, 28
GET, 91.0, 25
GET, 91.1, 20
GET, 91.2, 25
GET, 91.3, 21
GET, 91.4, 21
GET, 91.5, 22
GET, 91.6, 19
GET, 91.7, 36
GET, 91.8, 34
GET, 91.9, 33
GET, 92.0, 41
GET, 92.1, 53
GET, 92.2, 46
GET, 92.3, 55
GET, 92.4, 48
GET, 92.5, 55
GET, 92.6, 44
GET, 92.7, 28
GET, 92.8, 21
GET, 92.9, 23
GET, 93.0, 30
GET, 93.1, 24
GET, 93.2, 20
GET, 93.3, 11
GET, 93.4, 23
GET, 93.5, 6
GET, 93.6, 7
GET, 93.7, 7
GET, 93.8, 7
GET, 93.9, 9
GET, 94.0, 11
GET, 94.1, 7
GET, 94.2, 16
GET, 94.3, 12
GET, 94.4, 5
GET, 94.5, 8
GET, 94.6, 5
GET, 94.7, 7
GET, 94.8, 3
GET, 94.9, 5
GET, 95.0, 5
GET, 95.1, 4
GET, 95.2, 4
GET, 95.3, 6
GET, 95.4, 2
GET, 95.5, 7
GET, 95.6, 6
GET, 95.7, 3
GET, 95.8, 12
GET, 95.9, 3
GET, 96.0, 6
GET, 96.1, 6
GET, 96.2, 6
GET, 96.3, 3
GET, 96.4, 6
GET, 96.5, 0
GET, 96.6, 7
GET, 96.7, 5
GET, 96.8, 3
GET, 96.9, 1
GET, 97.0, 4
GET, 97.1, 9
GET, 97.2, 4
GET, 97.3, 2
GET, 97.4, 0
GET, 97.5, 2
GET, 97.6, 2
GET, 97.7, 3
GET, 97.8, 2
GET, 97.9, 1
GET, 98.0, 1
GET, 98.1, 1
GET, 98.2, 1
GET, 98.3, 1
GET, 98.4, 2
GET, 98.5, 1
GET, 98.6, 0
GET, 98.7, 2
GET, 98.8, 0
GET, 98.9, 3
GET, 99.0, 0
GET, 99.1, 0
GET, 99.2, 1
GET, 99.3, 3
GET, 99.4, 3
GET, 99.5, 4
GET, 99.6, 1
GET, 99.7, 2
GET, 99.8, 2
GET, 99.9, 0
GET, 100.0, 2
GET, 100.1, 3
GET, 100.2, 0
GET, 100.3, 4
GET, 100.4, 3
GET, 100.5, 0
GET, 100.6, 2
GET, 100.7, 2
GET, 100.8, 3
GET, 100.9, 0
GET, 101.0, 1
GET, 101.1, 1
GET, 101.2, 0
GET, 101.3, 0
GET, 101.4, 1
GET, 101.5, 3
GET, 101.6, 2
GET, 101.7, 1
GET, 101.8, 0
GET, 101.9, 1
GET, 102.0, 3
GET, 102.1, 7
GET, 102.2, 4
GET, 102.3, 4
GET, 102.4, 4
GET, 102.5, 4
GET, 102.6, 8
GET, 102.7, 6
GET, 102.8, 7
GET, 102.9, 3
GET, 103.0, 4
GET, 103.1, 2
GET, 103.2, 7
GET, 103.3, 9
GET, 103.4, 7
GET, 103.5, 2
GET, 103.6, 12
GET, 103.7, 4
GET, 103.8, 9
GET, 103.9, 9
GET, 104.0, 10
GET, 104.1, 4
GET, 104.2, 1
GET, 104.3, 8
GET, 104.4, 5
GET, 104.5, 7
GET, 104.6, 5
GET, 104.7, 12
GET, 104.8, 3
GET, 104.9, 6
GET, 105.0, 5
GET, 105.1, 8
GET, 105.2, 8
GET, 105.3, 5
GET, 105.4, 7
GET, 105.5, 7
GET, 105.6, 9
GET, 105.7, 11
GET, 105.8, 11
GET, 105.9, 9
GET, 106.0, 6
GET, 106.1, 4
GET, 106.2, 5
GET, 106.3, 5
GET, 106.4, 10
GET, 106.5, 6
GET, 106.6, 9
GET, 106.7, 6
GET, 106.8, 11
GET, 106.9, 11
GET, 107.0, 12
GET, 107.1, 9
GET, 107.2, 12
GET, 107.3, 12
GET, 107.4, 9
GET, 107.5, 8
GET, 107.6, 17
GET, 107.7, 19
GET, 107.8, 20
GET, 107.9, 11
GET, 108.0, 16
GET, 108.1, 20
GET, 108.2, 18
GET, 108.3, 15
GET, 108.4, 18
GET, 108.5, 17
GET, 108.6, 5
GET, 108.7, 7
GET, 108.8, 7
GET, 108.9, 4
GET, 109.0, 6
GET, 109.1, 5
GET, 109.2, 3
GET, 109.3, 1
GET, 109.4, 1
GET, 109.5, 6
GET, 109.6, 5
GET, 109.7, 2
GET, 109.8, 5
GET, 109.9, 1
GET, 110.0, 1
GET, 110.1, 3
GET, 110.2, 1
GET, 110.3, 2
GET, 110.4, 5
GET, 110.5, 7
GET, 110.6, 2
GET, 110.7, 0
GET, 110.8, 5
GET, 110.9, 1
GET, 111.0, 1
GET, 111.1, 0
GET, 111.2, 2
GET, 111.3, 6
GET, 111.4, 1
GET, 111.5, 2
GET, 111.6, 0
GET, 111.7, 2
GET, 111.8, 2
GET, 111.9, 4
GET, 112.0, 0
GET, 112.1, 0
GET, 112.2, 4
GET, 112.3, 1
GET, 112.4, 0
GET, 112.5, 1
GET, 112.6, 0
GET, 112.7, 4
GET, 112.8, 2
GET, 112.9, 0
GET, 113.0, 1
GET, 113.1, 0
GET, 113.2, 0
GET, 113.3, 0
GET, 113.4, 0
GET, 113.5, 0
GET, 113.6, 0
GET, 113.7, 0
GET, 113.8, 2
GET, 113.9, 2
GET, 114.0, 0
GET, 114.1, 0
GET, 114.2, 0
GET, 114.3, 1
GET, 114.4, 0
GET, 114.5, 0
GET, 114.6, 1
GET, 114.7, 1
GET, 114.8, 0
GET, 114.9, 0
GET, 115.0, 0
GET, 115.1, 0
GET, 115.2, 1
GET, 115.3, 1
GET, 115.4, 0
GET, 115.5, 2
GET, 115.6, 1
GET, 115.7, 1
GET, 115.8, 0
GET, 115.9, 1
GET, 116.0, 2
GET, 116.1, 0
GET, 116.2, 0
GET, 116.3, 0
GET, 116.4, 0
GET, 116.5, 1
GET, 116.6, 0
GET, 116.7, 0
GET, 116.8, 0
GET, 116.9, 1
GET, 117.0, 1
GET, 117.1, 3
GET, 117.2, 1
GET, 117.3, 0
GET, 117.4, 2
GET, 117.5, 2
GET, 117.6, 0
GET, 117.7, 0
GET, 117.8, 0
GET, 117.9, 0
GET, 118.0, 1
GET, 118.1, 0
GET, 118.2, 2
GET, 118.3, 0
GET, 118.4, 0
GET, 118.5, 0
GET, 118.6, 2
GET, 118.7, 0
GET, 118.8, 1
GET, 118.9, 5
GET, 119.0, 1
GET, 119.1, 2
GET, 119.2, 0
GET, 119.3, 1
GET, 119.4, 1
GET, 119.5, 2
GET, 119.6, 2
GET, 119.7, 5
GET, 119.8, 2
GET, 119.9, 2
GET, 120.0, 1
GET, 120.1, 2
GET, 120.2, 2
GET, 120.3, 3
GET, 120.4, 3
GET, 120.5, 1
GET, 120.6, 0
GET, 120.7, 3
GET, 120.8, 4
GET, 120.9, 0
GET, 121.0, 2
GET, 121.1, 1
GET, 121.2, 6
GET, 121.3, 1
GET, 121.4, 4
GET, 121.5, 3
GET, 121.6, 7
GET, 121.7, 5
GET, 121.8, 5
GET, 121.9, 7
GET, 122.0, 7
GET, 122.1, 1
GET, 122.2, 2
GET, 122.3, 3
GET, 122.4, 4
GET, 122.5, 2
GET, 122.6, 5
GET, 122.7, 8
GET, 122.8, 5
GET, 122.9, 9
GET, 123.0, 8
GET, 123.1, 8
GET, 123.2, 7
GET, 123.3, 11
GET, 123.4, 15
GET, 123.5, 4
GET, 123.6, 3
GET, 123.7, 8
GET, 123.8, 6
GET, 123.9, 6
GET, 124.0, 7
GET, 124.1, 4
GET, 124.2, 5
GET, 124.3, 3
GET, 124.4, 5
GET, 124.5, 4
GET, 124.6, 2
GET, 124.7, 3
GET, 124.8, 0
GET, 124.9, 0
GET, 125.0, 0
GET, 125.1, 0
GET, 125.2, 0
GET, 125.3, 1
GET, 125.4, 1
GET, 125.5, 0
GET, 125.6, 1
GET, 125.7, 1
GET, 125.8, 0
GET, 125.9, 0
GET, 126.0, 0
GET, 126.1, 3
GET, 126.2, 1
GET, 126.3, 0
GET, 126.4, 0
GET, 126.5, 1
GET, 126.6, 2
GET, 126.7, 1
GET, 126.8, 2
GET, 126.9, 3
GET, 127.0, 0
GET, 127.1, 0
GET, 127.2, 1
GET, 127.3, 2
GET, 127.4, 0
GET, 127.5, 0
GET, 127.6, 0
GET, 127.7, 2
GET, 127.8, 1
GET, 127.9, 2
GET, 128.0, 3
GET, 128.1, 0
GET, 128.2, 2
GET, 128.3, 0
GET, 128.4, 1
GET, 128.5, 0
GET, 128.6, 0
GET, 128.7, 0
GET, 128.8, 2
GET, 128.9, 0
GET, 129.0, 0
GET, 129.1, 0
GET, 129.2, 0
GET, 129.3, 0
GET, 129.4, 0
GET, 129.5, 1
GET, 129.6, 1
GET, 129.7, 0
GET, 129.8, 1
GET, 129.9, 0
GET, 130.0, 0
GET, 130.1, 1
GET, 130.2, 1
GET, 130.3, 1
GET, 130.4, 0
GET, 130.5, 0
GET, 130.6, 0
GET, 130.7, 0
GET, 130.8, 0
GET, 130.9, 0
GET, 131.0, 1
GET, 131.1, 0
GET, 131.2, 0
GET, 131.3, 0
GET, 131.4, 0
GET, 131.5, 1
GET, 131.6, 2
GET, 131.7, 0
GET, 131.8, 0
GET, 131.9, 0
GET, 132.0, 0
GET, 132.1, 1
GET, 132.2, 0
GET, 132.3, 0
GET, 132.4, 0
GET, 132.5, 0
GET, 132.6, 0
GET, 132.7, 0
GET, 132.8, 0
GET, 132.9, 1
GET, 133.0, 0
GET, 133.1, 0
GET, 133.2, 0
GET, 133.3, 1
GET, 133.4, 0
GET, 133.5, 0
GET, 133.6, 0
GET, 133.7, 1
GET, 133.8, 2
GET, 133.9, 0
GET, 134.0, 0
GET, 134.1, 1
GET, 134.2, 1
GET, 134.3, 1
GET, 134.4, 4
GET, 134.5, 2
GET, 134.6, 2
GET, 134.7, 3
GET, 134.8, 0
GET, 134.9, 1
GET, 135.0, 2
GET, 135.1, 4
GET, 135.2, 1
GET, 135.3, 0
GET, 135.4, 2
GET, 135.5, 0
GET, 135.6, 1
GET, 135.7, 0
GET, 135.8, 0
GET, 135.9, 1
GET, 136.0, 2
GET, 136.1, 4
GET, 136.2, 3
GET, 136.3, 1
GET, 136.4, 1
GET, 136.5, 0
GET, 136.6, 0
GET, 136.7, 1
GET, 136.8, 3
GET, 136.9, 1
GET, 137.0, 5
GET, 137.1, 1
GET, 137.2, 1
GET, 137.3, 1
GET, 137.4, 1
GET, 137.5, 2
GET, 137.6, 2
GET, 137.7, 2
GET, 137.8, 3
GET, 137.9, 3
GET, 138.0, 4
GET, 138.1, 1
GET, 138.2, 2
GET, 138.3, 4
GET, 138.4, 1
GET, 138.5, 2
GET, 138.6, 4
GET, 138.7, 2
GET, 138.8, 3
GET, 138.9, 3
GET, 139.0, 5
GET, 139.1, 2
GET, 139.2, 3
GET, 139.3, 2
GET, 139.4, 2
GET, 139.5, 4
GET, 139.6, 1
GET, 139.7, 6
GET, 139.8, 1
GET, 139.9, 2
GET, 140.0, 0
GET, 140.1, 0
GET, 140.2, 1
GET, 140.3, 0
GET, 140.4, 0
GET, 140.5, 0
GET, 140.6, 0
GET, 140.7, 1
GET, 140.8, 0
GET, 140.9, 1
GET, 141.0, 1
GET, 141.1, 1
GET, 141.2, 1
GET, 141.3, 0
GET, 141.4, 0
GET, 141.5, 1
GET, 141.6, 0
GET, 141.7, 0
GET, 141.8, 2
GET, 141.9, 0
GET, 142.0, 1
GET, 142.1, 0
GET, 142.2, 1
GET, 142.3, 0
GET, 142.4, 0
GET, 142.5, 1
GET, 142.6, 2
GET, 142.7, 0
GET, 142.8, 0
GET, 142.9, 0
GET, 143.0, 0
GET, 143.1, 0
GET, 143.2, 0
GET, 143.3, 0
GET, 143.4, 0
GET, 143.5, 0
GET, 143.6, 0
GET, 143.7, 1
GET, 143.8, 2
GET, 143.9, 2
GET, 144.0, 0
GET, 144.1, 2
GET, 144.2, 1
GET, 144.3, 0
GET, 144.4, 0
GET, 144.5, 0
GET, 144.6, 1
GET, 144.7, 0
GET, 144.8, 2
GET, 144.9, 0
GET, 145.0, 0
GET, 145.1, 0
GET, 145.2, 0
GET, 145.3, 2
GET, 145.4, 2
GET, 145.5, 1
GET, 145.6, 3
GET, 145.7, 1
GET, 145.8, 1
GET, 145.9, 3
GET, 146.0, 3
GET, 146.1, 6
GET, 146.2, 0
GET, 146.3, 1
GET, 146.4, 1
GET, 146.5, 0
GET, 146.6, 1
GET, 146.7, 1
GET, 146.8, 0
GET, 146.9, 1
GET, 147.0, 1
GET, 147.1, 0
GET, 147.2, 1
GET, 147.3, 1
GET, 147.4, 1
GET, 147.5, 0
GET, 147.6, 1
GET, 147.7, 0
GET, 147.8, 1
GET, 147.9, 0
GET, 148.0, 0
GET, 148.1, 0
GET, 148.2, 0
GET, 148.3, 0
GET, 148.4, 0
GET, 148.5, 0
GET, 148.6, 0
GET, 148.7, 0
GET, 148.8, 0
GET, 148.9, 0
GET, 149.0, 0
GET, 149.1, 0
GET, 149.2, 0
GET, 149.3, 1
GET, 149.4, 0
GET, 149.5, 0
GET, 149.6, 0
GET, 149.7, 0
GET, 149.8, 1
GET, 149.9, 0
GET, 150.0, 0
GET, 150.1, 2
GET, 150.2, 0
GET, 150.3, 2
GET, 150.4, 0
GET, 150.5, 3
GET, 150.6, 1
GET, 150.7, 2
GET, 150.8, 3
GET, 150.9, 3
GET, 151.0, 1
GET, 151.1, 1
GET, 151.2, 1
GET, 151.3, 0
GET, 151.4, 0
GET, 151.5, 3
GET, 151.6, 0
GET, 151.7, 1
GET, 151.8, 1
GET, 151.9, 0
GET, 152.0, 1
GET, 152.1, 1
GET, 152.2, 0
GET, 152.3, 3
GET, 152.4, 2
GET, 152.5, 6
GET, 152.6, 4
GET, 152.7, 2
GET, 152.8, 2
GET, 152.9, 2
GET, 153.0, 2
GET, 153.1, 0
GET, 153.2, 5
GET, 153.3, 1
GET, 153.4, 0
GET, 153.5, 0
GET, 153.6, 0
GET, 153.7, 2
GET, 153.8, 1
GET, 153.9, 1
GET, 154.0, 1
GET, 154.1, 0
GET, 154.2, 1
GET, 154.3, 1
GET, 154.4, 1
GET, 154.5, 1
GET, 154.6, 3
GET, 154.7, 0
GET, 154.8, 3
GET, 154.9, 1
GET, 155.0, 1
GET, 155.1, 0
GET, 155.2, 4
GET, 155.3, 3
GET, 155.4, 3
GET, 155.5, 2
GET, 155.6, 1
GET, 155.7, 0
GET, 155.8, 1
GET, 155.9, 0
GET, 156.0, 0
GET, 156.1, 1
GET, 156.2, 0
GET, 156.3, 0
GET, 156.4, 1
GET, 156.5, 1
GET, 156.6, 0
GET, 156.7, 0
GET, 156.8, 1
GET, 156.9, 0
GET, 157.0, 0
GET, 157.1, 0
GET, 157.2, 0
GET, 157.3, 1
GET, 157.4, 0
GET, 157.5, 1
GET, 157.6, 0
GET, 157.7, 0
GET, 157.8, 0
GET, 157.9, 0
GET, 158.0, 1
GET, 158.1, 1
GET, 158.2, 0
GET, 158.3, 1
GET, 158.4, 0
GET, 158.5, 0
GET, 158.6, 0
GET, 158.7, 0
GET, 158.8, 0
GET, 158.9, 0
GET, 159.0, 0
GET, 159.1, 1
GET, 159.2, 0
GET, 159.3, 1
GET, 159.4, 0
GET, 159.5, 0
GET, 159.6, 0
GET, 159.7, 0
GET, 159.8, 1
GET, 159.9, 2
GET, 160.0, 0
GET, 160.1, 0
GET, 160.2, 0
GET, 160.3, 0
GET, 160.4, 1
GET, 160.5, 0
GET, 160.6, 0
GET, 160.7, 0
GET, 160.8, 0
GET, 160.9, 0
GET, 161.0, 0
GET, 161.1, 0
GET, 161.2, 0
GET, 161.3, 0
GET, 161.4, 0
GET, 161.5, 0
GET, 161.6, 0
GET, 161.7, 0
GET, 161.8, 0
GET, 161.9, 0
GET, 162.0, 0
GET, 162.1, 0
GET, 162.2, 0
GET, 162.3, 0
GET, 162.4, 0
GET, 162.5, 0
GET, 162.6, 0
GET, 162.7, 0
GET, 162.8, 0
GET, 162.9, 0
GET, 163.0, 1
GET, 163.1, 0
GET, 163.2, 2
GET, 163.3, 0
GET, 163.4, 0
GET, 163.5, 0
GET, 163.6, 0
GET, 163.7, 0
GET, 163.8, 0
GET, 163.9, 0
GET, 164.0, 1
GET, 164.1, 0
GET, 164.2, 0
GET, 164.3, 2
GET, 164.4, 0
GET, 164.5, 0
GET, 164.6, 0
GET, 164.7, 0
GET, 164.8, 0
GET, 164.9, 0
GET, 165.0, 0
GET, 165.1, 2
GET, 165.2, 3
GET, 165.3, 2
GET, 165.4, 2
GET, 165.5, 0
GET, 165.6, 1
GET, 165.7, 0
GET, 165.8, 0
GET, 165.9, 0
GET, 166.0, 1
GET, 166.1, 0
GET, 166.2, 0
GET, 166.3, 0
GET, 166.4, 1
GET, 166.5, 3
GET, 166.6, 2
GET, 166.7, 0
GET, 166.8, 0
GET, 166.9, 0
GET, 167.0, 0
GET, 167.1, 0
GET, 167.2, 0
GET, 167.3, 1
GET, 167.4, 0
GET, 167.5, 0
GET, 167.6, 0
GET, 167.7, 0
GET, 167.8, 0
GET, 167.9, 0
GET, 168.0, 0
GET, 168.1, 0
GET, 168.2, 0
GET, 168.3, 0
GET, 168.4, 0
GET, 168.5, 0
GET, 168.6, 0
GET, 168.7, 0
GET, 168.8, 0
GET, 168.9, 0
GET, 169.0, 1
GET, 169.1, 0
GET, 169.2, 1
GET, 169.3, 1
GET, 169.4, 1
GET, 169.5, 1
GET, 169.6, 0
GET, 169.7, 2
GET, 169.8, 2
GET, 169.9, 1
GET, 170.0, 1
GET, 170.1, 2
GET, 170.2, 0
GET, 170.3, 0
GET, 170.4, 0
GET, 170.5, 0
GET, 170.6, 0
GET, 170.7, 0
GET, 170.8, 0
GET, 170.9, 0
GET, 171.0, 0
GET, 171.1, 0
GET, 171.2, 0
GET, 171.3, 0
GET, 171.4, 0
GET, 171.5, 0
GET, 171.6, 0
GET, 171.7, 0
GET, 171.8, 1
GET, 171.9, 0
GET, 172.0, 0
GET, 172.1, 0
GET, 172.2, 0
GET, 172.3, 0
GET, 172.4, 1
GET, 172.5, 0
GET, 172.6, 0
GET, 172.7, 0
GET, 172.8, 0
GET, 172.9, 0
GET, 173.0, 0
GET, 173.1, 0
GET, 173.2, 0
GET, 173.3, 0
GET, 173.4, 2
GET, 173.5, 0
GET, 173.6, 1
GET, 173.7, 0
GET, 173.8, 2
GET, 173.9, 2
GET, 174.0, 3
GET, 174.1, 2
GET, 174.2, 0
GET, 174.3, 1
GET, 174.4, 1
GET, 174.5, 1
GET, 174.6, 1
GET, 174.7, 1
GET, 174.8, 0
GET, 174.9, 1
GET, 175.0, 0
GET, 175.1, 0
GET, 175.2, 0
GET, 175.3, 0
GET, 175.4, 0
GET, 175.5, 0
GET, 175.6, 0
GET, 175.7, 0
GET, 175.8, 0
GET, 175.9, 1
GET, 176.0, 0
GET, 176.1, 0
GET, 176.2, 0
GET, 176.3, 0
GET, 176.4, 0
GET, 176.5, 0
GET, 176.6, 0
GET, 176.7, 0
GET, 176.8, 0
GET, 176.9, 0
GET, 177.0, 0
GET, 177.1, 0
GET, 177.2, 0
GET, 177.3, 3
GET, 177.4, 1
GET, 177.5, 0
GET, 177.6, 0
GET, 177.7, 0
GET, 177.8, 0
GET, 177.9, 0
GET, 178.0, 0
GET, 178.1, 0
GET, 178.2, 0
GET, 178.3, 0
GET, 178.4, 0
GET, 178.5, 0
GET, 178.6, 0
GET, 178.7, 0
GET, 178.8, 0
GET, 178.9, 0
GET, 179.0, 0
GET, 179.1, 2
GET, 179.2, 1
GET, 179.3, 0
GET, 179.4, 0
GET, 179.5, 1
GET, 179.6, 0
GET, 179.7, 1
GET, 179.8, 2
GET, 179.9, 3
GET, 180.0, 1
GET, 180.1, 0
GET, 180.2, 0
GET, 180.3, 0
GET, 180.4, 0
GET, 180.5, 0
GET, 180.6, 0
GET, 180.7, 0
GET, 180.8, 0
GET, 180.9, 0
GET, 181.0, 0
GET, 181.1, 0
GET, 181.2, 0
GET, 181.3, 0
GET, 181.4, 0
GET, 181.5, 0
GET, 181.6, 0
GET, 181.7, 0
GET, 181.8, 4
GET, 181.9, 2
GET, 182.0, 2
GET, 182.1, 0
GET, 182.2, 1
GET, 182.3, 0
GET, 182.4, 0
GET, 182.5, 1
GET, 182.6, 1
GET, 182.7, 0
GET, 182.8, 0
GET, 182.9, 0
GET, 183.0, 1
GET, 183.1, 0
GET, 183.2, 1
GET, 183.3, 1
GET, 183.4, 0
GET, 183.5, 0
GET, 183.6, 0
GET, 183.7, 0
GET, 183.8, 0
GET, 183.9, 4
GET, 184.0, 1
GET, 184.1, 1
GET, 184.2, 0
GET, 184.3, 2
GET, 184.4, 7
GET, 184.5, 5
GET, 184.6, 0
GET, 184.7, 0
GET, 184.8, 0
GET, 184.9, 0
GET, 185.0, 0
GET, 185.1, 0
GET, 185.2, 0
GET, 185.3, 0
GET, 185.4, 0
GET, 185.5, 0
GET, 185.6, 0
GET, 185.7, 0
GET, 185.8, 0
GET, 185.9, 0
GET, 186.0, 1
GET, 186.1, 0
GET, 186.2, 1
GET, 186.3, 0
GET, 186.4, 0
GET, 186.5, 0
GET, 186.6, 1
GET, 186.7, 0
GET, 186.8, 0
GET, 186.9, 0
GET, 187.0, 0
GET, 187.1, 0
GET, 187.2, 0
GET, 187.3, 0
GET, 187.4, 0
GET, 187.5, 0
GET, 187.6, 0
GET, 187.7, 0
GET, 187.8, 0
GET, 187.9, 0
GET, 188.0, 0
GET, 188.1, 0
GET, 188.2, 0
GET, 188.3, 0
GET, 188.4, 0
GET, 188.5, 0
GET, 188.6, 0
GET, 188.7, 0
GET, 188.8, 0
GET, 188.9, 0
GET, 189.0, 0
GET, 189.1, 0
GET, 189.2, 0
GET, 189.3, 0
GET, 189.4, 0
GET, 189.5, 0
GET, 189.6, 1
GET, 189.7, 0
GET, 189.8, 0
GET, 189.9, 0
GET, 190.0, 0
GET, 190.1, 0
GET, 190.2, 0
GET, 190.3, 0
GET, 190.4, 0
GET, 190.5, 0
GET, 190.6, 0
GET, 190.7, 0
GET, 190.8, 0
GET, 190.9, 0
GET, 191.0, 0
GET, 191.1, 0
GET, 191.2, 0
GET, 191.3, 0
GET, 191.4, 0
GET, 191.5, 0
GET, 191.6, 0
GET, 191.7, 0
GET, 191.8, 0
GET, 191.9, 0
GET, 192.0, 0
GET, 192.1, 0
GET, 192.2, 0
GET, 192.3, 0
GET, 192.4, 0
GET, 192.5, 0
GET, 192.6, 0
GET, 192.7, 0
GET, 192.8, 0
GET, 192.9, 0
GET, 193.0, 0
GET, 193.1, 0
GET, 193.2, 0
GET, 193.3, 0
GET, 193.4, 0
GET, 193.5, 0
GET, 193.6, 0
GET, 193.7, 0
GET, 193.8, 0
GET, 193.9, 0
GET, 194.0, 0
GET, 194.1, 0
GET, 194.2, 0
GET, 194.3, 0
GET, 194.4, 0
GET, 194.5, 0
GET, 194.6, 0
GET, 194.7, 0
GET, 194.8, 0
GET, 194.9, 0
GET, 195.0, 0
GET, 195.1, 0
GET, 195.2, 0
GET, 195.3, 0
GET, 195.4, 0
GET, 195.5, 0
GET, 195.6, 0
GET, 195.7, 0
GET, 195.8, 0
GET, 195.9, 0
GET, 196.0, 0
GET, 196.1, 0
GET, 196.2, 1
GET, 196.3, 0
GET, 196.4, 1
GET, 196.5, 0
GET, 196.6, 0
GET, 196.7, 0
GET, 196.8, 1
GET, 196.9, 1
GET, 197.0, 0
GET, 197.1, 0
GET, 197.2, 1
GET, 197.3, 0
GET, 197.4, 0
GET, 197.5, 0
GET, 197.6, 0
GET, 197.7, 0
GET, 197.8, 0
GET, 197.9, 0
GET, 198.0, 0
GET, 198.1, 0
GET, 198.2, 0
GET, 198.3, 0
GET, 198.4, 0
GET, 198.5, 0
GET, 198.6, 0
GET, 198.7, 0
GET, 198.8, 0
GET, 198.9, 1
GET, 199.0, 0
GET, 199.1, 0
GET, 199.2, 0
GET, 199.3, 0
GET, 199.4, 2
GET, 199.5, 0
GET, 199.6, 0
GET, 199.7, 0
GET, 199.8, 0
GET, 199.9, 0
GET, 200.0, 0
GET, 200.1, 0
GET, 200.2, 0
GET, 200.3, 0
GET, 200.4, 0
GET, 200.5, 0
GET, 200.6, 0
GET, 200.7, 0
GET, 200.8, 0
GET, 200.9, 0
GET, 201.0, 0
GET, 201.1, 0
GET, 201.2, 0
GET, 201.3, 0
GET, 201.4, 0
GET, 201.5, 0
GET, 201.6, 0
GET, 201.7, 0
GET, 201.8, 0
GET, 201.9, 0
GET, 202.0, 2
GET, 202.1, 1
GET, 202.2, 0
GET, 202.3, 0
GET, 202.4, 0
GET, 202.5, 1
GET, 202.6, 0
GET, 202.7, 0
GET, 202.8, 0
GET, 202.9, 0
GET, 203.0, 0
GET, 203.1, 0
GET, 203.2, 0
GET, 203.3, 0
GET, 203.4, 0
GET, 203.5, 0
GET, 203.6, 0
GET, 203.7, 2
GET, 203.8, 0
GET, 203.9, 0
GET, 204.0, 0
GET, 204.1, 0
GET, 204.2, 0
GET, 204.3, 0
GET, 204.4, 0
GET, 204.5, 0
GET, 204.6, 0
GET, 204.7, 0
GET, 204.8, 0
GET, 204.9, 0
GET, 205.0, 0
GET, 205.1, 3
GET, 205.2, 0
GET, 205.3, 0
GET, 205.4, 0
GET, 205.5, 0
GET, 205.6, 0
GET, 205.7, 0
GET, 205.8, 1
GET, 205.9, 1
GET, 206.0, 1
GET, 206.1, 4
GET, 206.2, 1
GET, 206.3, 1
GET, 206.4, 0
GET, 206.5, 1
GET, 206.6, 2
GET, 206.7, 3
GET, 206.8, 3
GET, 206.9, 0
GET, 207.0, 0
GET, 207.1, 1
GET, 207.2, 0
GET, 207.3, 0
GET, 207.4, 0
GET, 207.5, 0
GET, 207.6, 0
GET, 207.7, 0
GET, 207.8, 1
GET, 207.9, 0
GET, 208.0, 0
GET, 208.1, 0
GET, 208.2, 0
GET, 208.3, 0
GET, 208.4, 0
GET, 208.5, 0
GET, 208.6, 1
GET, 208.7, 0
GET, 208.8, 0
GET, 208.9, 0
GET, 209.0, 0
GET, 209.1, 0
GET, 209.2, 0
GET, 209.3, 0
GET, 209.4, 0
GET, 209.5, 1
GET, 209.6, 0
GET, 209.7, 0
GET, 209.8, 0
GET, 209.9, 0
GET, 210.0, 1
GET, 210.1, 0
GET, 210.2, 0
GET, 210.3, 0
GET, 210.4, 0
GET, 210.5, 0
GET, 210.6, 0
GET, 210.7, 0
GET, 210.8, 0
GET, 210.9, 0
GET, 211.0, 0
GET, 211.1, 0
GET, 211.2, 0
GET, 211.3, 0
GET, 211.4, 0
GET, 211.5, 0
GET, 211.6, 0
GET, 211.7, 0
GET, 211.8, 0
GET, 211.9, 0
GET, 212.0, 0
GET, 212.1, 0
GET, 212.2, 0
GET, 212.3, 0
GET, 212.4, 0
GET, 212.5, 0
GET, 212.6, 0
GET, 212.7, 0
GET, 212.8, 0
GET, 212.9, 0
GET, 213.0, 0
GET, 213.1, 0
GET, 213.2, 0
GET, 213.3, 0
GET, 213.4, 0
GET, 213.5, 0
GET, 213.6, 0
GET, 213.7, 0
GET, 213.8, 0
GET, 213.9, 0
GET, 214.0, 0
GET, 214.1, 0
GET, 214.2, 0
GET, 214.3, 0
GET, 214.4, 2
GET, 214.5, 0
GET, 214.6, 3
GET, 214.7, 3
GET, 214.8, 0
GET, 214.9, 0
GET, 215.0, 0
GET, 215.1, 0
GET, 215.2, 0
GET, 215.3, 0
GET, 215.4, 0
GET, 215.5, 0
GET, 215.6, 0
GET, 215.7, 0
GET, 215.8, 0
GET, 215.9, 0
GET, 216.0, 0
GET, 216.1, 0
GET, 216.2, 0
GET, 216.3, 0
GET, 216.4, 0
GET, 216.5, 0
GET, 216.6, 0
GET, 216.7, 0
GET, 216.8, 0
GET, 216.9, 0
GET, 217.0, 0
GET, 217.1, 0
GET, 217.2, 0
GET, 217.3, 0
GET, 217.4, 0
GET, 217.5, 0
GET, 217.6, 0
GET, 217.7, 0
GET, 217.8, 0
GET, 217.9, 0
GET, 218.0, 0
GET, 218.1, 0
GET, 218.2, 0
GET, 218.3, 0
GET, 218.4, 0
GET, 218.5, 0
GET, 218.6, 0
GET, 218.7, 0
GET, 218.8, 0
GET, 218.9, 0
GET, 219.0, 0
GET, 219.1, 0
GET, 219.2, 0
GET, 219.3, 0
GET, 219.4, 0
GET, 219.5, 0
GET, 219.6, 0
GET, 219.7, 0
GET, 219.8, 0
GET, 219.9, 0
GET, 220.0, 0
GET, 220.1, 0
GET, 220.2, 0
GET, 220.3, 0
GET, 220.4, 0
GET, 220.5, 0
GET, 220.6, 0
GET, 220.7, 0
GET, 220.8, 0
GET, 220.9, 0
GET, 221.0, 0
GET, 221.1, 0
GET, 221.2, 0
GET, 221.3, 0
GET, 221.4, 0
GET, 221.5, 0
GET, 221.6, 0
GET, 221.7, 0
GET, 221.8, 0
GET, 221.9, 0
GET, 222.0, 0
GET, 222.1, 0
GET, 222.2, 0
GET, 222.3, 0
GET, 222.4, 0
GET, 222.5, 0
GET, 222.6, 0
GET, 222.7, 0
GET, 222.8, 0
GET, 222.9, 0
GET, 223.0, 0
GET, 223.1, 0
GET, 223.2, 0
GET, 223.3, 0
GET, 223.4, 0
GET, 223.5, 0
GET, 223.6, 0
GET, 223.7, 0
GET, 223.8, 0
GET, 223.9, 0
GET, 224.0, 0
GET, 224.1, 0
GET, 224.2, 0
GET, 224.3, 0
GET, 224.4, 0
GET, 224.5, 0
GET, 224.6, 0
GET, 224.7, 0
GET, 224.8, 0
GET, 224.9, 0
GET, 225.0, 0
GET, 225.1, 0
GET, 225.2, 0
GET, 225.3, 0
GET, 225.4, 1
GET, 225.5, 1
GET, 225.6, 0
GET, 225.7, 0
GET, 225.8, 0
GET, 225.9, 0
GET, 226.0, 0
GET, 226.1, 0
GET, 226.2, 0
GET, 226.3, 0
GET, 226.4, 3
GET, 226.5, 0
GET, 226.6, 1
GET, 226.7, 0
GET, 226.8, 3
GET, 226.9, 0
GET, 227.0, 0
GET, 227.1, 1
GET, 227.2, 0
GET, 227.3, 1
GET, 227.4, 1
GET, 227.5, 0
GET, 227.6, 0
GET, 227.7, 0
GET, 227.8, 0
GET, 227.9, 0
GET, 228.0, 0
GET, 228.1, 0
GET, 228.2, 0
GET, 228.3, 0
GET, 228.4, 0
GET, 228.5, 0
GET, 228.6, 0
GET, 228.7, 1
GET, 228.8, 1
GET, 228.9, 0
GET, 229.0, 0
GET, 229.1, 0
GET, 229.2, 0
GET, 229.3, 0
GET, 229.4, 2
GET, 229.5, 1
GET, 229.6, 1
GET, 229.7, 0
GET, 229.8, 1
GET, 229.9, 2
GET, 230.0, 0
GET, 230.1, 0
GET, 230.2, 0
GET, 230.3, 1
GET, 230.4, 0
GET, 230.5, 0
GET, 230.6, 0
GET, 230.7, 1
GET, 230.8, 0
GET, 230.9, 0
GET, 231.0, 0
GET, 231.1, 0
GET, 231.2, 2
GET, 231.3, 1
GET, 231.4, 0
GET, 231.5, 0
GET, 231.6, 0
GET, 231.7, 0
GET, 231.8, 0
GET, 231.9, 0
GET, 232.0, 0
GET, 232.1, 1
GET, 232.2, 0
GET, 232.3, 0
GET, 232.4, 0
GET, 232.5, 0
GET, 232.6, 0
GET, 232.7, 0
GET, 232.8, 0
GET, 232.9, 0
GET, 233.0, 0
GET, 233.1, 0
GET, 233.2, 0
GET, 233.3, 0
GET, 233.4, 1
GET, 233.5, 0
GET, 233.6, 1
GET, 233.7, 0
GET, 233.8, 0
GET, 233.9, 0
GET, 234.0, 2
GET, 234.1, 1
GET, 234.2, 0
GET, 234.3, 0
GET, 234.4, 0
GET, 234.5, 0
GET, 234.6, 1
GET, 234.7, 2
GET, 234.8, 0
GET, 234.9, 1
GET, 235.0, 0
GET, 235.1, 0
GET, 235.2, 1
GET, 235.3, 2
GET, 235.4, 0
GET, 235.5, 0
GET, 235.6, 2
GET, 235.7, 0
GET, 235.8, 0
GET, 235.9, 0
GET, 236.0, 1
GET, 236.1, 1
GET, 236.2, 0
GET, 236.3, 0
GET, 236.4, 1
GET, 236.5, 1
GET, 236.6, 0
GET, 236.7, 1
GET, 236.8, 0
GET, 236.9, 0
GET, 237.0, 0
GET, 237.1, 0
GET, 237.2, 0
GET, 237.3, 0
GET, 237.4, 0
GET, 237.5, 0
GET, 237.6, 0
GET, 237.7, 0
GET, 237.8, 0
GET, 237.9, 0
GET, 238.0, 4
GET, 238.1, 0
GET, 238.2, 1
GET, 238.3, 0
GET, 238.4, 0
GET, 238.5, 1
GET, 238.6, 0
GET, 238.7, 0
GET, 238.8, 1
GET, 238.9, 1
GET, 239.0, 0
GET, 239.1, 0
GET, 239.2, 1
GET, 239.3, 0
GET, 239.4, 0
GET, 239.5, 0
GET, 239.6, 0
GET, 239.7, 0
GET, 239.8, 1
GET, 239.9, 0
GET, 240.0, 1
GET, 240.1, 1
GET, 240.2, 1
GET, 240.3, 0
GET, 240.4, 0
GET, 240.5, 0
GET, 240.6, 0
GET, 240.7, 0
GET, 240.8, 0
GET, 240.9, 2
GET, 241.0, 0
GET, 241.1, 0
GET, 241.2, 1
GET, 241.3, 2
GET, 241.4, 1
GET, 241.5, 0
GET, 241.6, 0
GET, 241.7, 0
GET, 241.8, 1
GET, 241.9, 0
GET, 242.0, 0
GET, 242.1, 0
GET, 242.2, 0
GET, 242.3, 0
GET, 242.4, 0
GET, 242.5, 0
GET, 242.6, 1
GET, 242.7, 0
GET, 242.8, 0
GET, 242.9, 0
GET, 243.0, 0
GET, 243.1, 0
GET, 243.2, 0
GET, 243.3, 0
GET, 243.4, 0
GET, 243.5, 0
GET, 243.6, 0
GET, 243.7, 0
GET, 243.8, 1
GET, 243.9, 0
GET, 244.0, 0
GET, 244.1, 0
GET, 244.2, 0
GET, 244.3, 0
GET, 244.4, 0
GET, 244.5, 2
GET, 244.6, 0
GET, 244.7, 0
GET, 244.8, 0
GET, 244.9, 0
GET, 245.0, 0
GET, 245.1, 0
GET, 245.2, 0
GET, 245.3, 0
GET, 245.4, 0
GET, 245.5, 0
GET, 245.6, 0
GET, 245.7, 0
GET, 245.8, 0
GET, 245.9, 0
GET, 246.0, 0
GET, 246.1, 0
GET, 246.2, 0
GET, 246.3, 0
GET, 246.4, 0
GET, 246.5, 1
GET, 246.6, 0
GET, 246.7, 0
GET, 246.8, 0
GET, 246.9, 0
GET, 247.0, 0
GET, 247.1, 1
GET, 247.2, 0
GET, 247.3, 0
GET, 247.4, 1
GET, 247.5, 0
GET, 247.6, 0
GET, 247.7, 0
GET, 247.8, 0
GET, 247.9, 1
GET, 248.0, 0
GET, 248.1, 0
GET, 248.2, 0
GET, 248.3, 0
GET, 248.4, 0
GET, 248.5, 0
GET, 248.6, 0
GET, 248.7, 0
GET, 248.8, 0
GET, 248.9, 0
GET, 249.0, 0
GET, 249.1, 0
GET, 249.2, 0
GET, 249.3, 0
GET, 249.4, 0
GET, 249.5, 1
GET, 249.6, 0
GET, 249.7, 0
GET, 249.8, 0
GET, 249.9, 0
GET, 250.0, 0
GET, 250.1, 0
GET, 250.2, 0
GET, 250.3, 0
GET, 250.4, 0
GET, 250.5, 0
GET, 250.6, 0
GET, 250.7, 1
GET, 250.8, 0
GET, 250.9, 0
GET, 251.0, 0
GET, 251.1, 0
GET, 251.2, 0
GET, 251.3, 0
GET, 251.4, 0
GET, 251.5, 0
GET, 251.6, 0
GET, 251.7, 0
GET, 251.8, 0
GET, 251.9, 0
GET, 252.0, 0
GET, 252.1, 0
GET, 252.2, 0
GET, 252.3, 0
GET, 252.4, 0
GET, 252.5, 0
GET, 252.6, 0
GET, 252.7, 0
GET, 252.8, 1
GET, 252.9, 0
GET, 253.0, 0
GET, 253.1, 0
GET, 253.2, 0
GET, 253.3, 0
GET, 253.4, 0
GET, 253.5, 0
GET, 253.6, 0
GET, 253.7, 0
GET, 253.8, 0
GET, 253.9, 0
GET, 254.0, 0
GET, 254.1, 0
GET, 254.2, 0
GET, 254.3, 0
GET, 254.4, 0
GET, 254.5, 0
GET, 254.6, 0
GET, 254.7, 0
GET, 254.8, 1
GET, 254.9, 0
GET, 255.0, 0
GET, 255.1, 1
GET, 255.2, 0
GET, 255.3, 0
GET, 255.4, 0
GET, 255.5, 0
GET, 255.6, 0
GET, 255.7, 0
GET, 255.8, 0
GET, 255.9, 0
GET, 256.0, 0
GET, 256.1, 0
GET, 256.2, 0
GET, 256.3, 0
GET, 256.4, 0
GET, 256.5, 0
GET, 256.6, 0
GET, 256.7, 0
GET, 256.8, 0
GET, 256.9, 0
GET, 257.0, 0
GET, 257.1, 0
GET, 257.2, 0
GET, 257.3, 0
GET, 257.4, 0
GET, 257.5, 0
GET, 257.6, 0
GET, 257.7, 0
GET, 257.8, 0
GET, 257.9, 0
GET, 258.0, 0
GET, 258.1, 0
GET, 258.2, 0
GET, 258.3, 1
GET, 258.4, 0
GET, 258.5, 0
GET, 258.6, 0
GET, 258.7, 0
GET, 258.8, 0
GET, 258.9, 0
GET, 259.0, 0
GET, 259.1, 0
GET, 259.2, 0
GET, 259.3, 0
GET, 259.4, 0
GET, 259.5, 0
GET, 259.6, 0
GET, 259.7, 0
GET, 259.8, 0
GET, 259.9, 0
GET, 260.0, 0
GET, 260.1, 0
GET, 260.2, 0
GET, 260.3, 0
GET, 260.4, 0
GET, 260.5, 0
GET, 260.6, 0
GET, 260.7, 0
GET, 260.8, 0
GET, 260.9, 0
GET, 261.0, 0
GET, 261.1, 0
GET, 261.2, 0
GET, 261.3, 0
GET, 261.4, 0
GET, 261.5, 0
GET, 261.6, 0
GET, 261.7, 0
GET, 261.8, 0
GET, 261.9, 0
GET, 262.0, 0
GET, 262.1, 0
GET, 262.2, 0
GET, 262.3, 0
GET, 262.4, 0
GET, 262.5, 0
GET, 262.6, 0
GET, 262.7, 0
GET, 262.8, 0
GET, 262.9, 0
GET, 263.0, 0
GET, 263.1, 0
GET, 263.2, 0
GET, 263.3, 0
GET, 263.4, 0
GET, 263.5, 0
GET, 263.6, 0
GET, 263.7, 0
GET, 263.8, 0
GET, 263.9, 0
GET, 264.0, 0
GET, 264.1, 0
GET, 264.2, 0
GET, 264.3, 0
GET, 264.4, 0
GET, 264.5, 0
GET, 264.6, 0
GET, 264.7, 0
GET, 264.8, 0
GET, 264.9, 0
GET, 265.0, 0
GET, 265.1, 0
GET, 265.2, 0
GET, 265.3, 0
GET, 265.4, 0
GET, 265.5, 0
GET, 265.6, 0
GET, 265.7, 0
GET, 265.8, 0
GET, 265.9, 0
GET, 266.0, 0
GET, 266.1, 0
GET, 266.2, 0
GET, 266.3, 0
GET, 266.4, 0
GET, 266.5, 0
GET, 266.6, 0
GET, 266.7, 0
GET, 266.8, 0
GET, 266.9, 0
GET, 267.0, 0
GET, 267.1, 0
GET, 267.2, 0
GET, 267.3, 0
GET, 267.4, 0
GET, 267.5, 0
GET, 267.6, 0
GET, 267.7, 0
GET, 267.8, 0
GET, 267.9, 0
GET, 268.0, 0
GET, 268.1, 0
GET, 268.2, 0
GET, 268.3, 0
GET, 268.4, 0
GET, 268.5, 0
GET, 268.6, 0
GET, 268.7, 0
GET, 268.8, 0
GET, 268.9, 0
GET, 269.0, 0
GET, 269.1, 0
GET, 269.2, 0
GET, 269.3, 0
GET, 269.4, 0
GET, 269.5, 0
GET, 269.6, 0
GET, 269.7, 1
GET, 269.8, 0
GET, 269.9, 0
GET, 270.0, 0
GET, 270.1, 0
GET, 270.2, 0
GET, 270.3, 0
GET, 270.4, 0
GET, 270.5, 0
GET, 270.6, 0
GET, 270.7, 0
GET, 270.8, 0
GET, 270.9, 0
GET, 271.0, 0
GET, 271.1, 0
GET, 271.2, 0
GET, 271.3, 0
GET, 271.4, 0
GET, 271.5, 0
GET, 271.6, 0
GET, 271.7, 0
GET, 271.8, 0
GET, 271.9, 0
GET, 272.0, 0
GET, 272.1, 0
GET, 272.2, 0
GET, 272.3, 0
GET, 272.4, 0
GET, 272.5, 0
GET, 272.6, 0
GET, 272.7, 0
GET, 272.8, 0
GET, 272.9, 0
GET, 273.0, 0
GET, 273.1, 0
GET, 273.2, 0
GET, 273.3, 0
GET, 273.4, 0
GET, 273.5, 0
GET, 273.6, 0
GET, 273.7, 0
GET, 273.8, 0
GET, 273.9, 0
GET, 274.0, 0
GET, 274.1, 0
GET, 274.2, 0
GET, 274.3, 0
GET, 274.4, 0
GET, 274.5, 0
GET, 274.6, 0
GET, 274.7, 0
GET, 274.8, 0
GET, 274.9, 0
GET, 275.0, 0
GET, 275.1, 0
GET, 275.2, 0
GET, 275.3, 0
GET, 275.4, 0
GET, 275.5, 0
GET, 275.6, 0
GET, 275.7, 0
GET, 275.8, 0
GET, 275.9, 0
GET, 276.0, 0
GET, 276.1, 0
GET, 276.2, 0
GET, 276.3, 0
GET, 276.4, 0
GET, 276.5, 0
GET, 276.6, 0
GET, 276.7, 0
GET, 276.8, 0
GET, 276.9, 0
GET, 277.0, 0
GET, 277.1, 0
GET, 277.2, 0
GET, 277.3, 0
GET, 277.4, 0
GET, 277.5, 0
GET, 277.6, 0
GET, 277.7, 0
GET, 277.8, 0
GET, 277.9, 0
GET, 278.0, 0
GET, 278.1, 0
GET, 278.2, 0
GET, 278.3, 0
GET, 278.4, 0
GET, 278.5, 0
GET, 278.6, 0
GET, 278.7, 0
GET, 278.8, 0
GET, 278.9, 0
GET, 279.0, 0
GET, 279.1, 0
GET, 279.2, 0
GET, 279.3, 0
GET, 279.4, 0
GET, 279.5, 0
GET, 279.6, 0
GET, 279.7, 0
GET, 279.8, 0
GET, 279.9, 0
GET, 280.0, 0
GET, 280.1, 0
GET, 280.2, 0
GET, 280.3, 0
GET, 280.4, 0
GET, 280.5, 0
GET, 280.6, 0
GET, 280.7, 0
GET, 280.8, 0
GET, 280.9, 0
GET, 281.0, 0
GET, 281.1, 0
GET, 281.2, 0
GET, 281.3, 0
GET, 281.4, 0
GET, 281.5, 0
GET, 281.6, 0
GET, 281.7, 0
GET, 281.8, 0
GET, 281.9, 0
GET, 282.0, 0
GET, 282.1, 0
GET, 282.2, 0
GET, 282.3, 0
GET, 282.4, 0
GET, 282.5, 0
GET, 282.6, 0
GET, 282.7, 0
GET, 282.8, 0
GET, 282.9, 0
GET, 283.0, 0
GET, 283.1, 0
GET, 283.2, 0
GET, 283.3, 0
GET, 283.4, 0
GET, 283.5, 0
GET, 283.6, 0
GET, 283.7, 0
GET, 283.8, 0
GET, 283.9, 0
GET, 284.0, 0
GET, 284.1, 0
GET, 284.2, 0
GET, 284.3, 0
GET, 284.4, 0
GET, 284.5, 0
GET, 284.6, 0
GET, 284.7, 0
GET, 284.8, 0
GET, 284.9, 0
GET, 285.0, 0
GET, 285.1, 0
GET, 285.2, 0
GET, 285.3, 0
GET, 285.4, 0
GET, 285.5, 0
GET, 285.6, 0
GET, 285.7, 0
GET, 285.8, 0
GET, 285.9, 0
GET, 286.0, 0
GET, 286.1, 0
GET, 286.2, 0
GET, 286.3, 0
GET, 286.4, 0
GET, 286.5, 0
GET, 286.6, 0
GET, 286.7, 0
GET, 286.8, 0
GET, 286.9, 0
GET, 287.0, 0
GET, 287.1, 0
GET, 287.2, 0
GET, 287.3, 0
GET, 287.4, 0
GET, 287.5, 0
GET, 287.6, 0
GET, 287.7, 0
GET, 287.8, 0
GET, 287.9, 0
GET, 288.0, 0
GET, 288.1, 0
GET, 288.2, 0
GET, 288.3, 0
GET, 288.4, 0
GET, 288.5, 0
GET, 288.6, 0
GET, 288.7, 0
GET, 288.8, 0
GET, 288.9, 0
GET, 289.0, 0
GET, 289.1, 0
GET, 289.2, 0
GET, 289.3, 0
GET, 289.4, 0
GET, 289.5, 0
GET, 289.6, 0
GET, 289.7, 0
GET, 289.8, 0
GET, 289.9, 0
GET, 290.0, 0
GET, 290.1, 0
GET, 290.2, 0
GET, 290.3, 0
GET, 290.4, 0
GET, 290.5, 0
GET, 290.6, 0
GET, 290.7, 0
GET, 290.8, 0
GET, 290.9, 0
GET, 291.0, 0
GET, 291.1, 0
GET, 291.2, 0
GET, 291.3, 0
GET, 291.4, 0
GET, 291.5, 0
GET, 291.6, 0
GET, 291.7, 0
GET, 291.8, 0
GET, 291.9, 0
GET, 292.0, 0
GET, 292.1, 0
GET, 292.2, 0
GET, 292.3, 0
GET, 292.4, 0
GET, 292.5, 0
GET, 292.6, 0
GET, 292.7, 0
GET, 292.8, 0
GET, 292.9, 0
GET, 293.0, 0
GET, 293.1, 0
GET, 293.2, 0
GET, 293.3, 0
GET, 293.4, 0
GET, 293.5, 0
GET, 293.6, 0
GET, 293.7, 0
GET, 293.8, 0
GET, 293.9, 0
GET, 294.0, 0
GET, 294.1, 0
GET, 294.2, 0
GET, 294.3, 0
GET, 294.4, 0
GET, 294.5, 0
GET, 294.6, 0
GET, 294.7, 0
GET, 294.8, 0
GET, 294.9, 0
GET, 295.0, 0
GET, 295.1, 0
GET, 295.2, 0
GET, 295.3, 0
GET, 295.4, 0
GET, 295.5, 0
GET, 295.6, 0
GET, 295.7, 0
GET, 295.8, 0
GET, 295.9, 0
GET, 296.0, 0
GET, 296.1, 0
GET, 296.2, 0
GET, 296.3, 0
GET, 296.4, 0
GET, 296.5, 0
GET, 296.6, 0
GET, 296.7, 0
GET, 296.8, 0
GET, 296.9, 0
GET, 297.0, 0
GET, 297.1, 0
GET, 297.2, 0
GET, 297.3, 0
GET, 297.4, 0
GET, 297.5, 0
GET, 297.6, 0
GET, 297.7, 0
GET, 297.8, 0
GET, 297.9, 0
GET, 298.0, 0
GET, 298.1, 0
GET, 298.2, 0
GET, 298.3, 0
GET, 298.4, 0
GET, 298.5, 0
GET, 298.6, 0
GET, 298.7, 0
GET, 298.8, 0
GET, 298.9, 0
GET, 299.0, 0
GET, 299.1, 0
GET, 299.2, 0
GET, 299.3, 0
GET, 299.4, 0
GET, 299.5, 0
GET, 299.6, 0
GET, 299.7, 0
GET, 299.8, 0
GET, 299.9, 0
GET, 300.0, 0
GET, 300.1, 0
GET, 300.2, 0
GET, 300.3, 0
GET, 300.4, 0
GET, 300.5, 0
GET, 300.6, 0
GET, 300.7, 0
GET, 300.8, 0
GET, 300.9, 0
GET, 301.0, 0
GET, 301.1, 0
GET, 301.2, 0
GET, 301.3, 0
GET, 301.4, 0
GET, 301.5, 0
GET, 301.6, 0
GET, 301.7, 0
GET, 301.8, 0
GET, 301.9, 0
GET, 302.0, 0
GET, 302.1, 0
GET, 302.2, 0
GET, 302.3, 0
GET, 302.4, 0
GET, 302.5, 0
GET, 302.6, 0
GET, 302.7, 0
GET, 302.8, 0
GET, 302.9, 0
GET, 303.0, 0
GET, 303.1, 0
GET, 303.2, 0
GET, 303.3, 0
GET, 303.4, 0
GET, 303.5, 0
GET, 303.6, 0
GET, 303.7, 0
GET, 303.8, 0
GET, 303.9, 0
GET, 304.0, 0
GET, 304.1, 0
GET, 304.2, 0
GET, 304.3, 0
GET, 304.4, 0
GET, 304.5, 0
GET, 304.6, 0
GET, 304.7, 0
GET, 304.8, 0
GET, 304.9, 0
GET, 305.0, 0
GET, 305.1, 0
GET, 305.2, 0
GET, 305.3, 0
GET, 305.4, 0
GET, 305.5, 0
GET, 305.6, 0
GET, 305.7, 0
GET, 305.8, 0
GET, 305.9, 0
GET, 306.0, 0
GET, 306.1, 0
GET, 306.2, 0
GET, 306.3, 0
GET, 306.4, 0
GET, 306.5, 0
GET, 306.6, 0
GET, 306.7, 0
GET, 306.8, 0
GET, 306.9, 0
GET, 307.0, 0
GET, 307.1, 0
GET, 307.2, 0
GET, 307.3, 0
GET, 307.4, 0
GET, 307.5, 0
GET, 307.6, 0
GET, 307.7, 0
GET, 307.8, 0
GET, 307.9, 0
GET, 308.0, 0
GET, 308.1, 0
GET, 308.2, 0
GET, 308.3, 0
GET, 308.4, 0
GET, 308.5, 0
GET, 308.6, 0
GET, 308.7, 0
GET, 308.8, 0
GET, 308.9, 0
GET, 309.0, 0
GET, 309.1, 0
GET, 309.2, 0
GET, 309.3, 0
GET, 309.4, 0
GET, 309.5, 0
GET, 309.6, 0
GET, 309.7, 0
GET, 309.8, 0
GET, 309.9, 0
GET, 310.0, 0
GET, 310.1, 0
GET, 310.2, 0
GET, 310.3, 0
GET, 310.4, 0
GET, 310.5, 0
GET, 310.6, 0
GET, 310.7, 0
GET, 310.8, 0
GET, 310.9, 0
GET, 311.0, 0
GET, 311.1, 0
GET, 311.2, 0
GET, 311.3, 0
GET, 311.4, 0
GET, 311.5, 0
GET, 311.6, 0
GET, 311.7, 0
GET, 311.8, 0
GET, 311.9, 0
GET, 312.0, 0
GET, 312.1, 0
GET, 312.2, 0
GET, 312.3, 0
GET, 312.4, 0
GET, 312.5, 0
GET, 312.6, 0
GET, 312.7, 0
GET, 312.8, 0
GET, 312.9, 0
GET, 313.0, 0
GET, 313.1, 0
GET, 313.2, 0
GET, 313.3, 0
GET, 313.4, 0
GET, 313.5, 0
GET, 313.6, 0
GET, 313.7, 0
GET, 313.8, 0
GET, 313.9, 0
GET, 314.0, 0
GET, 314.1, 0
GET, 314.2, 0
GET, 314.3, 0
GET, 314.4, 0
GET, 314.5, 0
GET, 314.6, 0
GET, 314.7, 0
GET, 314.8, 0
GET, 314.9, 0
GET, 315.0, 0
GET, 315.1, 0
GET, 315.2, 0
GET, 315.3, 0
GET, 315.4, 0
GET, 315.5, 0
GET, 315.6, 0
GET, 315.7, 0
GET, 315.8, 0
GET, 315.9, 0
GET, 316.0, 0
GET, 316.1, 0
GET, 316.2, 0
GET, 316.3, 0
GET, 316.4, 0
GET, 316.5, 0
GET, 316.6, 0
GET, 316.7, 0
GET, 316.8, 0
GET, 316.9, 0
GET, 317.0, 0
GET, 317.1, 0
GET, 317.2, 0
GET, 317.3, 0
GET, 317.4, 0
GET, 317.5, 0
GET, 317.6, 0
GET, 317.7, 0
GET, 317.8, 0
GET, 317.9, 0
GET, 318.0, 0
GET, 318.1, 0
GET, 318.2, 0
GET, 318.3, 0
GET, 318.4, 0
GET, 318.5, 0
GET, 318.6, 0
GET, 318.7, 0
GET, 318.8, 0
GET, 318.9, 0
GET, 319.0, 0
GET, 319.1, 0
GET, 319.2, 0
GET, 319.3, 0
GET, 319.4, 0
GET, 319.5, 0
GET, 319.6, 0
GET, 319.7, 0
GET, 319.8, 0
GET, 319.9, 0
GET, 320.0, 0
GET, 320.1, 0
GET, 320.2, 0
GET, 320.3, 0
GET, 320.4, 0
GET, 320.5, 0
GET, 320.6, 0
GET, 320.7, 0
GET, 320.8, 0
GET, 320.9, 0
GET, 321.0, 0
GET, 321.1, 0
GET, 321.2, 0
GET, 321.3, 0
GET, 321.4, 0
GET, 321.5, 0
GET, 321.6, 0
GET, 321.7, 0
GET, 321.8, 0
GET, 321.9, 0
GET, 322.0, 0
GET, 322.1, 0
GET, 322.2, 0
GET, 322.3, 0
GET, 322.4, 0
GET, 322.5, 0
GET, 322.6, 0
GET, 322.7, 0
GET, 322.8, 0
GET, 322.9, 0
GET, 323.0, 0
GET, 323.1, 0
GET, 323.2, 0
GET, 323.3, 0
GET, 323.4, 0
GET, 323.5, 0
GET, 323.6, 0
GET, 323.7, 0
GET, 323.8, 0
GET, 323.9, 0
GET, 324.0, 0
GET, 324.1, 0
GET, 324.2, 0
GET, 324.3, 0
GET, 324.4, 0
GET, 324.5, 0
GET, 324.6, 0
GET, 324.7, 0
GET, 324.8, 0
GET, 324.9, 0
GET, 325.0, 0
GET, 325.1, 0
GET, 325.2, 0
GET, 325.3, 0
GET, 325.4, 0
GET, 325.5, 0
GET, 325.6, 0
GET, 325.7, 0
GET, 325.8, 0
GET, 325.9, 0
GET, 326.0, 0
GET, 326.1, 0
GET, 326.2, 0
GET, 326.3, 0
GET, 326.4, 0
GET, 326.5, 0
GET, 326.6, 0
GET, 326.7, 0
GET, 326.8, 0
GET, 326.9, 0
GET, 327.0, 0
GET, 327.1, 0
GET, 327.2, 0
GET, 327.3, 0
GET, 327.4, 0
GET, 327.5, 0
GET, 327.6, 0
GET, 327.7, 0
GET, 327.8, 0
GET, 327.9, 0
GET, 328.0, 0
GET, 328.1, 0
GET, 328.2, 0
GET, 328.3, 0
GET, 328.4, 0
GET, 328.5, 0
GET, 328.6, 0
GET, 328.7, 0
GET, 328.8, 0
GET, 328.9, 0
GET, 329.0, 0
GET, 329.1, 0
GET, 329.2, 0
GET, 329.3, 0
GET, 329.4, 0
GET, 329.5, 0
GET, 329.6, 0
GET, 329.7, 0
GET, 329.8, 0
GET, 329.9, 0
GET, 330.0, 0
GET, 330.1, 0
GET, 330.2, 0
GET, 330.3, 0
GET, 330.4, 0
GET, 330.5, 0
GET, 330.6, 0
GET, 330.7, 0
GET, 330.8, 0
GET, 330.9, 0
GET, 331.0, 0
GET, 331.1, 0
GET, 331.2, 0
GET, 331.3, 0
GET, 331.4, 0
GET, 331.5, 0
GET, 331.6, 0
GET, 331.7, 0
GET, 331.8, 0
GET, 331.9, 0
GET, 332.0, 0
GET, 332.1, 0
GET, 332.2, 0
GET, 332.3, 0
GET, 332.4, 0
GET, 332.5, 0
GET, 332.6, 0
GET, 332.7, 0
GET, 332.8, 0
GET, 332.9, 0
GET, 333.0, 0
GET, 333.1, 0
GET, 333.2, 0
GET, 333.3, 0
GET, 333.4, 0
GET, 333.5, 0
GET, 333.6, 0
GET, 333.7, 0
GET, 333.8, 0
GET, 333.9, 0
GET, 334.0, 0
GET, 334.1, 0
GET, 334.2, 0
GET, 334.3, 0
GET, 334.4, 0
GET, 334.5, 0
GET, 334.6, 0
GET, 334.7, 0
GET, 334.8, 0
GET, 334.9, 0
GET, 335.0, 0
GET, 335.1, 0
GET, 335.2, 0
GET, 335.3, 0
GET, 335.4, 0
GET, 335.5, 0
GET, 335.6, 0
GET, 335.7, 0
GET, 335.8, 0
GET, 335.9, 0
GET, 336.0, 0
GET, 336.1, 0
GET, 336.2, 0
GET, 336.3, 0
GET, 336.4, 0
GET, 336.5, 0
GET, 336.6, 0
GET, 336.7, 0
GET, 336.8, 0
GET, 336.9, 0
GET, 337.0, 0
GET, 337.1, 0
GET, 337.2, 0
GET, 337.3, 0
GET, 337.4, 0
GET, 337.5, 0
GET, 337.6, 0
GET, 337.7, 0
GET, 337.8, 0
GET, 337.9, 0
GET, 338.0, 0
GET, 338.1, 0
GET, 338.2, 0
GET, 338.3, 0
GET, 338.4, 0
GET, 338.5, 0
GET, 338.6, 0
GET, 338.7, 0
GET, 338.8, 0
GET, 338.9, 0
GET, 339.0, 0
GET, 339.1, 0
GET, 339.2, 0
GET, 339.3, 0
GET, 339.4, 0
GET, 339.5, 0
GET, 339.6, 0
GET, 339.7, 0
GET, 339.8, 0
GET, 339.9, 0
GET, 340.0, 0
GET, 340.1, 0
GET, 340.2, 0
GET, 340.3, 0
GET, 340.4, 0
GET, 340.5, 0
GET, 340.6, 0
GET, 340.7, 0
GET, 340.8, 0
GET, 340.9, 0
GET, 341.0, 0
GET, 341.1, 0
GET, 341.2, 0
GET, 341.3, 0
GET, 341.4, 0
GET, 341.5, 0
GET, 341.6, 0
GET, 341.7, 0
GET, 341.8, 0
GET, 341.9, 0
GET, 342.0, 0
GET, 342.1, 0
GET, 342.2, 0
GET, 342.3, 0
GET, 342.4, 0
GET, 342.5, 0
GET, 342.6, 0
GET, 342.7, 0
GET, 342.8, 0
GET, 342.9, 0
GET, 343.0, 0
GET, 343.1, 0
GET, 343.2, 0
GET, 343.3, 0
GET, 343.4, 0
GET, 343.5, 0
GET, 343.6, 0
GET, 343.7, 0
GET, 343.8, 0
GET, 343.9, 0
GET, 344.0, 0
GET, 344.1, 0
GET, 344.2, 0
GET, 344.3, 0
GET, 344.4, 0
GET, 344.5, 0
GET, 344.6, 0
GET, 344.7, 0
GET, 344.8, 0
GET, 344.9, 0
GET, 345.0, 0
GET, 345.1, 0
GET, 345.2, 0
GET, 345.3, 0
GET, 345.4, 0
GET, 345.5, 0
GET, 345.6, 0
GET, 345.7, 0
GET, 345.8, 0
GET, 345.9, 0
GET, 346.0, 0
GET, 346.1, 0
GET, 346.2, 0
GET, 346.3, 0
GET, 346.4, 0
GET, 346.5, 0
GET, 346.6, 0
GET, 346.7, 0
GET, 346.8, 0
GET, 346.9, 0
GET, 347.0, 0
GET, 347.1, 0
GET, 347.2, 0
GET, 347.3, 0
GET, 347.4, 0
GET, 347.5, 0
GET, 347.6, 0
GET, 347.7, 0
GET, 347.8, 0
GET, 347.9, 0
GET, 348.0, 0
GET, 348.1, 0
GET, 348.2, 0
GET, 348.3, 0
GET, 348.4, 0
GET, 348.5, 0
GET, 348.6, 0
GET, 348.7, 0
GET, 348.8, 0
GET, 348.9, 0
GET, 349.0, 0
GET, 349.1, 0
GET, 349.2, 0
GET, 349.3, 0
GET, 349.4, 0
GET, 349.5, 0
GET, 349.6, 0
GET, 349.7, 0
GET, 349.8, 0
GET, 349.9, 0
GET, 350.0, 0
GET, 350.1, 0
GET, 350.2, 0
GET, 350.3, 0
GET, 350.4, 0
GET, 350.5, 0
GET, 350.6, 0
GET, 350.7, 0
GET, 350.8, 0
GET, 350.9, 0
GET, 351.0, 0
GET, 351.1, 0
GET, 351.2, 0
GET, 351.3, 0
GET, 351.4, 0
GET, 351.5, 0
GET, 351.6, 0
GET, 351.7, 0
GET, 351.8, 0
GET, 351.9, 0
GET, 352.0, 0
GET, 352.1, 0
GET, 352.2, 0
GET, 352.3, 0
GET, 352.4, 0
GET, 352.5, 0
GET, 352.6, 0
GET, 352.7, 0
GET, 352.8, 0
GET, 352.9, 0
GET, 353.0, 0
GET, 353.1, 0
GET, 353.2, 0
GET, 353.3, 0
GET, 353.4, 0
GET, 353.5, 0
GET, 353.6, 0
GET, 353.7, 0
GET, 353.8, 0
GET, 353.9, 0
GET, 354.0, 0
GET, 354.1, 0
GET, 354.2, 0
GET, 354.3, 0
GET, 354.4, 0
GET, 354.5, 0
GET, 354.6, 0
GET, 354.7, 0
GET, 354.8, 0
GET, 354.9, 0
GET, 355.0, 0
GET, 355.1, 0
GET, 355.2, 0
GET, 355.3, 0
GET, 355.4, 0
GET, 355.5, 0
GET, 355.6, 0
GET, 355.7, 0
GET, 355.8, 0
GET, 355.9, 0
GET, 356.0, 0
GET, 356.1, 0
GET, 356.2, 0
GET, 356.3, 0
GET, 356.4, 0
GET, 356.5, 0
GET, 356.6, 0
GET, 356.7, 0
GET, 356.8, 0
GET, 356.9, 0
GET, 357.0, 0
GET, 357.1, 0
GET, 357.2, 0
GET, 357.3, 0
GET, 357.4, 0
GET, 357.5, 0
GET, 357.6, 0
GET, 357.7, 0
GET, 357.8, 0
GET, 357.9, 0
GET, 358.0, 0
GET, 358.1, 0
GET, 358.2, 0
GET, 358.3, 0
GET, 358.4, 0
GET, 358.5, 0
GET, 358.6, 0
GET, 358.7, 0
GET, 358.8, 0
GET, 358.9, 0
GET, 359.0, 0
GET, 359.1, 0
GET, 359.2, 0
GET, 359.3, 0
GET, 359.4, 0
GET, 359.5, 0
GET, 359.6, 0
GET, 359.7, 0
GET, 359.8, 0
GET, 359.9, 0
GET, 360.0, 0
GET, 360.1, 0
GET, 360.2, 0
GET, 360.3, 0
GET, 360.4, 0
GET, 360.5, 0
GET, 360.6, 0
GET, 360.7, 0
GET, 360.8, 0
GET, 360.9, 0
GET, 361.0, 0
GET, 361.1, 0
GET, 361.2, 0
GET, 361.3, 0
GET, 361.4, 0
GET, 361.5, 0
GET, 361.6, 0
GET, 361.7, 0
GET, 361.8, 0
GET, 361.9, 0
GET, 362.0, 0
GET, 362.1, 0
GET, 362.2, 0
GET, 362.3, 0
GET, 362.4, 0
GET, 362.5, 0
GET, 362.6, 0
GET, 362.7, 0
GET, 362.8, 0
GET, 362.9, 0
GET, 363.0, 0
GET, 363.1, 0
GET, 363.2, 0
GET, 363.3, 0
GET, 363.4, 0
GET, 363.5, 0
GET, 363.6, 0
GET, 363.7, 0
GET, 363.8, 0
GET, 363.9, 0
GET, 364.0, 0
GET, 364.1, 0
GET, 364.2, 0
GET, 364.3, 0
GET, 364.4, 0
GET, 364.5, 0
GET, 364.6, 0
GET, 364.7, 0
GET, 364.8, 0
GET, 364.9, 0
GET, 365.0, 0
GET, 365.1, 0
GET, 365.2, 0
GET, 365.3, 0
GET, 365.4, 0
GET, 365.5, 0
GET, 365.6, 0
GET, 365.7, 0
GET, 365.8, 0
GET, 365.9, 0
GET, 366.0, 0
GET, 366.1, 0
GET, 366.2, 0
GET, 366.3, 0
GET, 366.4, 0
GET, 366.5, 0
GET, 366.6, 0
GET, 366.7, 0
GET, 366.8, 0
GET, 366.9, 0
GET, 367.0, 0
GET, 367.1, 0
GET, 367.2, 0
GET, 367.3, 0
GET, 367.4, 0
GET, 367.5, 0
GET, 367.6, 0
GET, 367.7, 0
GET, 367.8, 0
GET, 367.9, 0
GET, 368.0, 0
GET, 368.1, 0
GET, 368.2, 0
GET, 368.3, 0
GET, 368.4, 0
GET, 368.5, 0
GET, 368.6, 0
GET, 368.7, 0
GET, 368.8, 0
GET, 368.9, 0
GET, 369.0, 0
GET, 369.1, 0
GET, 369.2, 0
GET, 369.3, 0
GET, 369.4, 0
GET, 369.5, 0
GET, 369.6, 0
GET, 369.7, 0
GET, 369.8, 0
GET, 369.9, 0
GET, 370.0, 0
GET, 370.1, 0
GET, 370.2, 0
GET, 370.3, 0
GET, 370.4, 0
GET, 370.5, 0
GET, 370.6, 0
GET, 370.7, 0
GET, 370.8, 0
GET, 370.9, 0
GET, 371.0, 0
GET, 371.1, 0
GET, 371.2, 0
GET, 371.3, 0
GET, 371.4, 0
GET, 371.5, 0
GET, 371.6, 0
GET, 371.7, 0
GET, 371.8, 0
GET, 371.9, 0
GET, 372.0, 0
GET, 372.1, 0
GET, 372.2, 0
GET, 372.3, 0
GET, 372.4, 0
GET, 372.5, 0
GET, 372.6, 0
GET, 372.7, 0
GET, 372.8, 0
GET, 372.9, 0
GET, 373.0, 0
GET, 373.1, 0
GET, 373.2, 0
GET, 373.3, 0
GET, 373.4, 0
GET, 373.5, 0
GET, 373.6, 0
GET, 373.7, 0
GET, 373.8, 0
GET, 373.9, 0
GET, 374.0, 0
GET, 374.1, 0
GET, 374.2, 0
GET, 374.3, 0
GET, 374.4, 0
GET, 374.5, 0
GET, 374.6, 0
GET, 374.7, 0
GET, 374.8, 0
GET, 374.9, 0
GET, 375.0, 0
GET, 375.1, 0
GET, 375.2, 0
GET, 375.3, 0
GET, 375.4, 0
GET, 375.5, 0
GET, 375.6, 0
GET, 375.7, 0
GET, 375.8, 0
GET, 375.9, 0
GET, 376.0, 0
GET, 376.1, 0
GET, 376.2, 0
GET, 376.3, 0
GET, 376.4, 0
GET, 376.5, 0
GET, 376.6, 0
GET, 376.7, 0
GET, 376.8, 0
GET, 376.9, 0
GET, 377.0, 0
GET, 377.1, 1
GET, 377.2, 0
GET, 377.3, 0
GET, 377.4, 0
GET, 377.5, 0
GET, 377.6, 0
GET, 377.7, 0
GET, 377.8, 0
GET, 377.9, 0
GET, 378.0, 0
GET, 378.1, 0
GET, 378.2, 0
GET, 378.3, 0
GET, 378.4, 0
GET, 378.5, 0
GET, 378.6, 0
GET, 378.7, 0
GET, 378.8, 0
GET, 378.9, 0
GET, 379.0, 0
GET, 379.1, 1
GET, 379.2, 0
GET, 379.3, 0
GET, 379.4, 0
GET, 379.5, 0
GET, 379.6, 0
GET, 379.7, 0
GET, 379.8, 0
GET, 379.9, 0
GET, 380.0, 0
GET, 380.1, 0
GET, 380.2, 0
GET, 380.3, 0
GET, 380.4, 0
GET, 380.5, 0
GET, 380.6, 0
GET, 380.7, 0
GET, 380.8, 0
GET, 380.9, 0
GET, 381.0, 0
GET, 381.1, 0
GET, 381.2, 0
GET, 381.3, 0
GET, 381.4, 0
GET, 381.5, 0
GET, 381.6, 0
GET, 381.7, 0
GET, 381.8, 0
GET, 381.9, 0
GET, 382.0, 0
GET, 382.1, 0
GET, 382.2, 0
GET, 382.3, 0
GET, 382.4, 0
GET, 382.5, 0
GET, 382.6, 0
GET, 382.7, 0
GET, 382.8, 0
GET, 382.9, 0
GET, 383.0, 0
GET, 383.1, 0
GET, 383.2, 0
GET, 383.3, 0
GET, 383.4, 0
GET, 383.5, 0
GET, 383.6, 0
GET, 383.7, 0
GET, 383.8, 0
GET, 383.9, 0
GET, 384.0, 0
GET, 384.1, 0
GET, 384.2, 0
GET, 384.3, 0
GET, 384.4, 0
GET, 384.5, 0
GET, 384.6, 0
GET, 384.7, 0
GET, 384.8, 0
GET, 384.9, 0
GET, 385.0, 0
GET, 385.1, 0
GET, 385.2, 0
GET, 385.3, 0
GET, 385.4, 0
GET, 385.5, 0
GET, 385.6, 0
GET, 385.7, 0
GET, 385.8, 0
GET, 385.9, 0
GET, 386.0, 0
GET, 386.1, 0
GET, 386.2, 0
GET, 386.3, 0
GET, 386.4, 0
GET, 386.5, 0
GET, 386.6, 0
GET, 386.7, 0
GET, 386.8, 0
GET, 386.9, 0
GET, 387.0, 1
GET, 387.1, 0
GET, 387.2, 0
GET, 387.3, 0
GET, 387.4, 0
GET, 387.5, 0
GET, 387.6, 0
GET, 387.7, 1
GET, 387.8, 0
GET, 387.9, 0
GET, 388.0, 0
GET, 388.1, 0
GET, 388.2, 0
GET, 388.3, 0
GET, 388.4, 0
GET, 388.5, 0
GET, 388.6, 0
GET, 388.7, 0
GET, 388.8, 0
GET, 388.9, 0
GET, 389.0, 0
GET, 389.1, 0
GET, 389.2, 1
