Elapsed Time, AVG Throughput, AVG Queue Size, AVG Waiting Time, AVG Service Time, AVG Response Time, AVG SET Response Time, AVG GET Response Time, AVG MULTI-GET Response Time, #SETS, #GETS, #MULTIGETS, GET MissRatio, MULTI-GET MissRatio, AVG MULTI-GET Size
 5.00, 3944, 51, 12.983153, 1.647022, 14.758190, 14.758190, 0.000000, 0.000000, 19724, 0, 0, 0.00, 0.00, 0
10.00, 4503, 52, 11.770829, 1.554747, 13.420043, 13.420043, 0.000000, 0.000000, 22517, 0, 0, 0.00, 0.00, 0
15.00, 4266, 52, 12.488861, 1.654508, 14.237095, 14.237095, 0.000000, 0.000000, 21334, 0, 0, 0.00, 0.00, 0
20.00, 4375, 52, 12.145401, 1.619934, 13.854672, 13.854672, 0.000000, 0.000000, 21875, 0, 0, 0.00, 0.00, 0
25.00, 4404, 52, 11.937552, 1.601210, 13.635113, 13.635113, 0.000000, 0.000000, 22024, 0, 0, 0.00, 0.00, 0
30.00, 4722, 52, 11.179822, 1.486782, 12.746826, 12.746826, 0.000000, 0.000000, 23611, 0, 0, 0.00, 0.00, 0
35.00, 4627, 51, 11.401660, 1.504076, 12.997551, 12.997551, 0.000000, 0.000000, 23136, 0, 0, 0.00, 0.00, 0
40.00, 4463, 52, 11.925167, 1.584991, 13.599894, 13.599894, 0.000000, 0.000000, 22317, 0, 0, 0.00, 0.00, 0
45.00, 4430, 52, 12.060050, 1.587258, 13.740892, 13.740892, 0.000000, 0.000000, 22151, 0, 0, 0.00, 0.00, 0
50.00, 4770, 52, 10.986817, 1.456688, 12.528412, 12.528412, 0.000000, 0.000000, 23854, 0, 0, 0.00, 0.00, 0
55.00, 4664, 52, 11.270086, 1.508505, 12.860707, 12.860707, 0.000000, 0.000000, 23323, 0, 0, 0.00, 0.00, 0
60.00, 4276, 52, 12.453897, 1.657016, 14.205364, 14.205364, 0.000000, 0.000000, 21383, 0, 0, 0.00, 0.00, 0
65.00, 4363, 53, 12.202408, 1.610665, 13.912154, 13.912154, 0.000000, 0.000000, 21816, 0, 0, 0.00, 0.00, 0
70.00, 4220, 53, 12.715419, 1.690728, 14.490078, 14.490078, 0.000000, 0.000000, 21103, 0, 0, 0.00, 0.00, 0
70.00, 256, 18, 4.693391, 1.598643, 6.372451, 6.372451, 0.000000, 0.000000, 1280, 0, 0, 0.00, 0.00, 0
Type, Interval, Responses
SET, 0.1, 0
SET, 0.2, 0
SET, 0.3, 0
SET, 0.4, 0
SET, 0.5, 0
SET, 0.6, 0
SET, 0.7, 1
SET, 0.8, 6
SET, 0.9, 12
SET, 1.0, 10
SET, 1.1, 17
SET, 1.2, 13
SET, 1.3, 13
SET, 1.4, 20
SET, 1.5, 21
SET, 1.6, 24
SET, 1.7, 18
SET, 1.8, 23
SET, 1.9, 18
SET, 2.0, 20
SET, 2.1, 17
SET, 2.2, 9
SET, 2.3, 28
SET, 2.4, 29
SET, 2.5, 27
SET, 2.6, 20
SET, 2.7, 20
SET, 2.8, 23
SET, 2.9, 28
SET, 3.0, 30
SET, 3.1, 25
SET, 3.2, 33
SET, 3.3, 26
SET, 3.4, 33
SET, 3.5, 24
SET, 3.6, 24
SET, 3.7, 29
SET, 3.8, 30
SET, 3.9, 38
SET, 4.0, 31
SET, 4.1, 57
SET, 4.2, 78
SET, 4.3, 81
SET, 4.4, 84
SET, 4.5, 106
SET, 4.6, 113
SET, 4.7, 120
SET, 4.8, 118
SET, 4.9, 164
SET, 5.0, 187
SET, 5.1, 208
SET, 5.2, 232
SET, 5.3, 260
SET, 5.4, 294
SET, 5.5, 349
SET, 5.6, 348
SET, 5.7, 368
SET, 5.8, 367
SET, 5.9, 492
SET, 6.0, 493
SET, 6.1, 524
SET, 6.2, 561
SET, 6.3, 555
SET, 6.4, 582
SET, 6.5, 612
SET, 6.6, 690
SET, 6.7, 693
SET, 6.8, 749
SET, 6.9, 809
SET, 7.0, 848
SET, 7.1, 798
SET, 7.2, 840
SET, 7.3, 863
SET, 7.4, 952
SET, 7.5, 931
SET, 7.6, 1037
SET, 7.7, 1065
SET, 7.8, 1053
SET, 7.9, 1106
SET, 8.0, 1045
SET, 8.1, 1230
SET, 8.2, 1151
SET, 8.3, 1169
SET, 8.4, 1250
SET, 8.5, 1320
SET, 8.6, 1348
SET, 8.7, 1458
SET, 8.8, 1620
SET, 8.9, 1565
SET, 9.0, 1675
SET, 9.1, 1768
SET, 9.2, 1864
SET, 9.3, 1834
SET, 9.4, 2011
SET, 9.5, 2050
SET, 9.6, 2136
SET, 9.7, 2356
SET, 9.8, 2535
SET, 9.9, 2578
SET, 10.0, 2690
SET, 10.1, 2730
SET, 10.2, 2828
SET, 10.3, 2744
SET, 10.4, 3028
SET, 10.5, 2966
SET, 10.6, 3093
SET, 10.7, 3062
SET, 10.8, 3145
SET, 10.9, 3226
SET, 11.0, 3281
SET, 11.1, 3223
SET, 11.2, 3230
SET, 11.3, 3400
SET, 11.4, 3390
SET, 11.5, 3435
SET, 11.6, 3423
SET, 11.7, 3338
SET, 11.8, 3328
SET, 11.9, 3252
SET, 12.0, 3256
SET, 12.1, 3331
SET, 12.2, 3337
SET, 12.3, 3306
SET, 12.4, 3135
SET, 12.5, 3141
SET, 12.6, 3107
SET, 12.7, 3060
SET, 12.8, 2952
SET, 12.9, 3008
SET, 13.0, 3055
SET, 13.1, 2980
SET, 13.2, 2866
SET, 13.3, 2837
SET, 13.4, 2856
SET, 13.5, 2805
SET, 13.6, 2778
SET, 13.7, 2626
SET, 13.8, 2697
SET, 13.9, 2719
SET, 14.0, 2714
SET, 14.1, 2698
SET, 14.2, 2730
SET, 14.3, 2724
SET, 14.4, 2823
SET, 14.5, 2695
SET, 14.6, 2677
SET, 14.7, 2714
SET, 14.8, 2711
SET, 14.9, 2639
SET, 15.0, 2780
SET, 15.1, 2766
SET, 15.2, 2841
SET, 15.3, 2811
SET, 15.4, 2775
SET, 15.5, 2732
SET, 15.6, 2777
SET, 15.7, 2798
SET, 15.8, 2772
SET, 15.9, 2669
SET, 16.0, 2616
SET, 16.1, 2496
SET, 16.2, 2461
SET, 16.3, 2435
SET, 16.4, 2374
SET, 16.5, 2258
SET, 16.6, 2230
SET, 16.7, 2113
SET, 16.8, 2088
SET, 16.9, 1927
SET, 17.0, 1976
SET, 17.1, 1883
SET, 17.2, 1858
SET, 17.3, 1781
SET, 17.4, 1633
SET, 17.5, 1619
SET, 17.6, 1552
SET, 17.7, 1450
SET, 17.8, 1410
SET, 17.9, 1352
SET, 18.0, 1258
SET, 18.1, 1243
SET, 18.2, 1174
SET, 18.3, 1126
SET, 18.4, 1076
SET, 18.5, 1114
SET, 18.6, 1037
SET, 18.7, 964
SET, 18.8, 937
SET, 18.9, 896
SET, 19.0, 932
SET, 19.1, 853
SET, 19.2, 864
SET, 19.3, 805
SET, 19.4, 834
SET, 19.5, 805
SET, 19.6, 741
SET, 19.7, 786
SET, 19.8, 741
SET, 19.9, 707
SET, 20.0, 728
SET, 20.1, 746
SET, 20.2, 688
SET, 20.3, 621
SET, 20.4, 615
SET, 20.5, 587
SET, 20.6, 613
SET, 20.7, 599
SET, 20.8, 614
SET, 20.9, 563
SET, 21.0, 599
SET, 21.1, 591
SET, 21.2, 569
SET, 21.3, 518
SET, 21.4, 510
SET, 21.5, 467
SET, 21.6, 473
SET, 21.7, 385
SET, 21.8, 404
SET, 21.9, 371
SET, 22.0, 381
SET, 22.1, 343
SET, 22.2, 326
SET, 22.3, 316
SET, 22.4, 280
SET, 22.5, 285
SET, 22.6, 252
SET, 22.7, 240
SET, 22.8, 248
SET, 22.9, 240
SET, 23.0, 208
SET, 23.1, 211
SET, 23.2, 197
SET, 23.3, 174
SET, 23.4, 173
SET, 23.5, 188
SET, 23.6, 135
SET, 23.7, 137
SET, 23.8, 139
SET, 23.9, 139
SET, 24.0, 133
SET, 24.1, 139
SET, 24.2, 128
SET, 24.3, 141
SET, 24.4, 110
SET, 24.5, 98
SET, 24.6, 139
SET, 24.7, 114
SET, 24.8, 113
SET, 24.9, 98
SET, 25.0, 96
SET, 25.1, 113
SET, 25.2, 100
SET, 25.3, 90
SET, 25.4, 80
SET, 25.5, 86
SET, 25.6, 83
SET, 25.7, 85
SET, 25.8, 92
SET, 25.9, 72
SET, 26.0, 62
SET, 26.1, 78
SET, 26.2, 59
SET, 26.3, 61
SET, 26.4, 59
SET, 26.5, 59
SET, 26.6, 41
SET, 26.7, 52
SET, 26.8, 36
SET, 26.9, 33
SET, 27.0, 23
SET, 27.1, 31
SET, 27.2, 44
SET, 27.3, 42
SET, 27.4, 44
SET, 27.5, 26
SET, 27.6, 43
SET, 27.7, 38
SET, 27.8, 32
SET, 27.9, 42
SET, 28.0, 33
SET, 28.1, 30
SET, 28.2, 37
SET, 28.3, 32
SET, 28.4, 38
SET, 28.5, 36
SET, 28.6, 31
SET, 28.7, 27
SET, 28.8, 21
SET, 28.9, 21
SET, 29.0, 18
SET, 29.1, 17
SET, 29.2, 22
SET, 29.3, 22
SET, 29.4, 28
SET, 29.5, 22
SET, 29.6, 24
SET, 29.7, 38
SET, 29.8, 37
SET, 29.9, 23
SET, 30.0, 19
SET, 30.1, 27
SET, 30.2, 19
SET, 30.3, 21
SET, 30.4, 17
SET, 30.5, 25
SET, 30.6, 20
SET, 30.7, 17
SET, 30.8, 25
SET, 30.9, 26
SET, 31.0, 26
SET, 31.1, 24
SET, 31.2, 28
SET, 31.3, 19
SET, 31.4, 22
SET, 31.5, 15
SET, 31.6, 14
SET, 31.7, 21
SET, 31.8, 19
SET, 31.9, 18
SET, 32.0, 11
SET, 32.1, 18
SET, 32.2, 23
SET, 32.3, 32
SET, 32.4, 20
SET, 32.5, 21
SET, 32.6, 19
SET, 32.7, 18
SET, 32.8, 20
SET, 32.9, 11
SET, 33.0, 10
SET, 33.1, 16
SET, 33.2, 12
SET, 33.3, 12
SET, 33.4, 14
SET, 33.5, 11
SET, 33.6, 9
SET, 33.7, 12
SET, 33.8, 9
SET, 33.9, 15
SET, 34.0, 8
SET, 34.1, 12
SET, 34.2, 6
SET, 34.3, 8
SET, 34.4, 9
SET, 34.5, 5
SET, 34.6, 6
SET, 34.7, 11
SET, 34.8, 9
SET, 34.9, 12
SET, 35.0, 10
SET, 35.1, 8
SET, 35.2, 8
SET, 35.3, 10
SET, 35.4, 7
SET, 35.5, 13
SET, 35.6, 8
SET, 35.7, 4
SET, 35.8, 8
SET, 35.9, 6
SET, 36.0, 2
SET, 36.1, 5
SET, 36.2, 5
SET, 36.3, 13
SET, 36.4, 15
SET, 36.5, 4
SET, 36.6, 1
SET, 36.7, 1
SET, 36.8, 6
SET, 36.9, 1
SET, 37.0, 6
SET, 37.1, 3
SET, 37.2, 3
SET, 37.3, 7
SET, 37.4, 9
SET, 37.5, 12
SET, 37.6, 9
SET, 37.7, 4
SET, 37.8, 9
SET, 37.9, 4
SET, 38.0, 7
SET, 38.1, 7
SET, 38.2, 9
SET, 38.3, 5
SET, 38.4, 14
SET, 38.5, 8
SET, 38.6, 8
SET, 38.7, 6
SET, 38.8, 9
SET, 38.9, 9
SET, 39.0, 5
SET, 39.1, 5
SET, 39.2, 5
SET, 39.3, 4
SET, 39.4, 2
SET, 39.5, 6
SET, 39.6, 3
SET, 39.7, 5
SET, 39.8, 6
SET, 39.9, 6
SET, 40.0, 11
SET, 40.1, 0
SET, 40.2, 5
SET, 40.3, 8
SET, 40.4, 12
SET, 40.5, 6
SET, 40.6, 10
SET, 40.7, 8
SET, 40.8, 6
SET, 40.9, 3
SET, 41.0, 2
SET, 41.1, 3
SET, 41.2, 4
SET, 41.3, 4
SET, 41.4, 5
SET, 41.5, 2
SET, 41.6, 2
SET, 41.7, 1
SET, 41.8, 1
SET, 41.9, 2
SET, 42.0, 7
SET, 42.1, 3
SET, 42.2, 5
SET, 42.3, 3
SET, 42.4, 10
SET, 42.5, 1
SET, 42.6, 3
SET, 42.7, 9
SET, 42.8, 3
SET, 42.9, 0
SET, 43.0, 3
SET, 43.1, 3
SET, 43.2, 0
SET, 43.3, 2
SET, 43.4, 1
SET, 43.5, 1
SET, 43.6, 1
SET, 43.7, 2
SET, 43.8, 3
SET, 43.9, 2
SET, 44.0, 1
SET, 44.1, 0
SET, 44.2, 2
SET, 44.3, 4
SET, 44.4, 2
SET, 44.5, 4
SET, 44.6, 2
SET, 44.7, 0
SET, 44.8, 0
SET, 44.9, 8
SET, 45.0, 1
SET, 45.1, 6
SET, 45.2, 3
SET, 45.3, 3
SET, 45.4, 7
SET, 45.5, 0
SET, 45.6, 2
SET, 45.7, 1
SET, 45.8, 0
SET, 45.9, 1
SET, 46.0, 0
SET, 46.1, 1
SET, 46.2, 4
SET, 46.3, 1
SET, 46.4, 1
SET, 46.5, 2
SET, 46.6, 2
SET, 46.7, 0
SET, 46.8, 1
SET, 46.9, 1
SET, 47.0, 6
SET, 47.1, 0
SET, 47.2, 1
SET, 47.3, 4
SET, 47.4, 0
SET, 47.5, 1
SET, 47.6, 1
SET, 47.7, 1
SET, 47.8, 1
SET, 47.9, 3
SET, 48.0, 3
SET, 48.1, 6
SET, 48.2, 3
SET, 48.3, 3
SET, 48.4, 2
SET, 48.5, 2
SET, 48.6, 1
SET, 48.7, 1
SET, 48.8, 0
SET, 48.9, 2
SET, 49.0, 0
SET, 49.1, 2
SET, 49.2, 2
SET, 49.3, 1
SET, 49.4, 1
SET, 49.5, 0
SET, 49.6, 1
SET, 49.7, 2
SET, 49.8, 1
SET, 49.9, 1
SET, 50.0, 2
SET, 50.1, 1
SET, 50.2, 0
SET, 50.3, 0
SET, 50.4, 1
SET, 50.5, 1
SET, 50.6, 2
SET, 50.7, 1
SET, 50.8, 0
SET, 50.9, 0
SET, 51.0, 1
SET, 51.1, 2
SET, 51.2, 0
SET, 51.3, 1
SET, 51.4, 0
SET, 51.5, 0
SET, 51.6, 0
SET, 51.7, 0
SET, 51.8, 0
SET, 51.9, 0
SET, 52.0, 1
SET, 52.1, 2
SET, 52.2, 4
SET, 52.3, 1
SET, 52.4, 0
SET, 52.5, 1
SET, 52.6, 0
SET, 52.7, 0
SET, 52.8, 3
SET, 52.9, 3
SET, 53.0, 0
SET, 53.1, 1
SET, 53.2, 1
SET, 53.3, 0
SET, 53.4, 0
SET, 53.5, 0
SET, 53.6, 4
SET, 53.7, 4
SET, 53.8, 2
SET, 53.9, 2
SET, 54.0, 1
SET, 54.1, 0
SET, 54.2, 0
SET, 54.3, 0
SET, 54.4, 3
SET, 54.5, 0
SET, 54.6, 1
SET, 54.7, 3
SET, 54.8, 0
SET, 54.9, 0
SET, 55.0, 2
SET, 55.1, 2
SET, 55.2, 1
SET, 55.3, 0
SET, 55.4, 1
SET, 55.5, 1
SET, 55.6, 4
SET, 55.7, 2
SET, 55.8, 0
SET, 55.9, 0
SET, 56.0, 1
SET, 56.1, 1
SET, 56.2, 1
SET, 56.3, 1
SET, 56.4, 1
SET, 56.5, 0
SET, 56.6, 0
SET, 56.7, 0
SET, 56.8, 0
SET, 56.9, 0
SET, 57.0, 0
SET, 57.1, 1
SET, 57.2, 0
SET, 57.3, 1
SET, 57.4, 3
SET, 57.5, 1
SET, 57.6, 1
SET, 57.7, 0
SET, 57.8, 0
SET, 57.9, 0
SET, 58.0, 3
SET, 58.1, 3
SET, 58.2, 1
SET, 58.3, 0
SET, 58.4, 0
SET, 58.5, 2
SET, 58.6, 3
SET, 58.7, 4
SET, 58.8, 4
SET, 58.9, 3
SET, 59.0, 2
SET, 59.1, 2
SET, 59.2, 6
SET, 59.3, 4
SET, 59.4, 2
SET, 59.5, 3
SET, 59.6, 2
SET, 59.7, 0
SET, 59.8, 0
SET, 59.9, 0
SET, 60.0, 0
SET, 60.1, 0
SET, 60.2, 0
SET, 60.3, 0
SET, 60.4, 0
SET, 60.5, 0
SET, 60.6, 0
SET, 60.7, 0
SET, 60.8, 0
SET, 60.9, 0
SET, 61.0, 0
SET, 61.1, 0
SET, 61.2, 0
SET, 61.3, 0
SET, 61.4, 0
SET, 61.5, 0
SET, 61.6, 0
SET, 61.7, 0
SET, 61.8, 0
SET, 61.9, 0
SET, 62.0, 0
SET, 62.1, 0
SET, 62.2, 0
SET, 62.3, 0
SET, 62.4, 0
SET, 62.5, 0
SET, 62.6, 0
SET, 62.7, 0
SET, 62.8, 0
SET, 62.9, 1
SET, 63.0, 0
SET, 63.1, 2
SET, 63.2, 0
SET, 63.3, 0
SET, 63.4, 1
SET, 63.5, 1
SET, 63.6, 1
SET, 63.7, 0
SET, 63.8, 1
SET, 63.9, 2
SET, 64.0, 1
SET, 64.1, 0
SET, 64.2, 2
SET, 64.3, 0
SET, 64.4, 0
SET, 64.5, 0
SET, 64.6, 0
SET, 64.7, 0
SET, 64.8, 0
SET, 64.9, 0
SET, 65.0, 0
SET, 65.1, 0
SET, 65.2, 0
SET, 65.3, 0
SET, 65.4, 0
SET, 65.5, 0
SET, 65.6, 0
SET, 65.7, 0
SET, 65.8, 0
SET, 65.9, 0
SET, 66.0, 0
SET, 66.1, 0
SET, 66.2, 0
SET, 66.3, 0
SET, 66.4, 0
SET, 66.5, 0
SET, 66.6, 0
SET, 66.7, 0
SET, 66.8, 0
SET, 66.9, 0
SET, 67.0, 0
SET, 67.1, 0
SET, 67.2, 0
SET, 67.3, 0
SET, 67.4, 0
SET, 67.5, 0
SET, 67.6, 0
SET, 67.7, 0
SET, 67.8, 0
SET, 67.9, 0
SET, 68.0, 0
SET, 68.1, 0
SET, 68.2, 0
SET, 68.3, 0
SET, 68.4, 0
SET, 68.5, 0
SET, 68.6, 0
SET, 68.7, 0
SET, 68.8, 0
SET, 68.9, 0
SET, 69.0, 0
SET, 69.1, 0
SET, 69.2, 0
SET, 69.3, 0
SET, 69.4, 0
SET, 69.5, 0
SET, 69.6, 0
SET, 69.7, 0
SET, 69.8, 0
SET, 69.9, 0
SET, 70.0, 0
SET, 70.1, 0
SET, 70.2, 0
SET, 70.3, 0
SET, 70.4, 0
SET, 70.5, 0
SET, 70.6, 0
SET, 70.7, 0
SET, 70.8, 0
SET, 70.9, 0
SET, 71.0, 0
SET, 71.1, 0
SET, 71.2, 0
SET, 71.3, 0
SET, 71.4, 0
SET, 71.5, 0
SET, 71.6, 0
SET, 71.7, 0
SET, 71.8, 0
SET, 71.9, 0
SET, 72.0, 0
SET, 72.1, 0
SET, 72.2, 0
SET, 72.3, 0
SET, 72.4, 0
SET, 72.5, 0
SET, 72.6, 0
SET, 72.7, 0
SET, 72.8, 0
SET, 72.9, 0
SET, 73.0, 0
SET, 73.1, 0
SET, 73.2, 0
SET, 73.3, 0
SET, 73.4, 0
SET, 73.5, 0
SET, 73.6, 0
SET, 73.7, 0
SET, 73.8, 0
SET, 73.9, 0
SET, 74.0, 0
SET, 74.1, 0
SET, 74.2, 0
SET, 74.3, 0
SET, 74.4, 0
SET, 74.5, 0
SET, 74.6, 0
SET, 74.7, 0
SET, 74.8, 0
SET, 74.9, 0
SET, 75.0, 0
SET, 75.1, 0
SET, 75.2, 0
SET, 75.3, 0
SET, 75.4, 0
SET, 75.5, 0
SET, 75.6, 0
SET, 75.7, 0
SET, 75.8, 0
SET, 75.9, 0
SET, 76.0, 0
SET, 76.1, 0
SET, 76.2, 0
SET, 76.3, 0
SET, 76.4, 0
SET, 76.5, 0
SET, 76.6, 0
SET, 76.7, 0
SET, 76.8, 0
SET, 76.9, 0
SET, 77.0, 0
SET, 77.1, 0
SET, 77.2, 0
SET, 77.3, 0
SET, 77.4, 0
SET, 77.5, 0
SET, 77.6, 0
SET, 77.7, 0
SET, 77.8, 0
SET, 77.9, 0
SET, 78.0, 0
SET, 78.1, 0
SET, 78.2, 0
SET, 78.3, 0
SET, 78.4, 0
SET, 78.5, 0
SET, 78.6, 0
SET, 78.7, 0
SET, 78.8, 0
SET, 78.9, 0
SET, 79.0, 0
SET, 79.1, 0
SET, 79.2, 0
SET, 79.3, 0
SET, 79.4, 0
SET, 79.5, 0
SET, 79.6, 0
SET, 79.7, 0
SET, 79.8, 0
SET, 79.9, 0
SET, 80.0, 0
SET, 80.1, 0
SET, 80.2, 0
SET, 80.3, 0
SET, 80.4, 0
SET, 80.5, 0
SET, 80.6, 0
SET, 80.7, 0
SET, 80.8, 0
SET, 80.9, 0
SET, 81.0, 0
SET, 81.1, 0
SET, 81.2, 0
SET, 81.3, 0
SET, 81.4, 0
SET, 81.5, 0
SET, 81.6, 0
SET, 81.7, 0
SET, 81.8, 0
SET, 81.9, 0
SET, 82.0, 0
SET, 82.1, 0
SET, 82.2, 0
SET, 82.3, 0
SET, 82.4, 0
SET, 82.5, 0
SET, 82.6, 0
SET, 82.7, 0
SET, 82.8, 0
SET, 82.9, 0
SET, 83.0, 0
SET, 83.1, 0
SET, 83.2, 0
SET, 83.3, 0
SET, 83.4, 0
SET, 83.5, 0
SET, 83.6, 0
SET, 83.7, 0
SET, 83.8, 0
SET, 83.9, 0
SET, 84.0, 0
SET, 84.1, 0
SET, 84.2, 0
SET, 84.3, 0
SET, 84.4, 0
SET, 84.5, 0
SET, 84.6, 0
SET, 84.7, 0
SET, 84.8, 0
SET, 84.9, 0
SET, 85.0, 0
SET, 85.1, 0
SET, 85.2, 0
SET, 85.3, 0
SET, 85.4, 0
SET, 85.5, 0
SET, 85.6, 0
SET, 85.7, 0
SET, 85.8, 0
SET, 85.9, 0
SET, 86.0, 0
SET, 86.1, 0
SET, 86.2, 0
SET, 86.3, 0
SET, 86.4, 0
SET, 86.5, 0
SET, 86.6, 0
SET, 86.7, 0
SET, 86.8, 0
SET, 86.9, 0
SET, 87.0, 0
SET, 87.1, 0
SET, 87.2, 0
SET, 87.3, 0
SET, 87.4, 0
SET, 87.5, 0
SET, 87.6, 0
SET, 87.7, 1
SET, 87.8, 0
SET, 87.9, 1
SET, 88.0, 0
SET, 88.1, 0
SET, 88.2, 1
SET, 88.3, 0
SET, 88.4, 0
SET, 88.5, 0
SET, 88.6, 0
SET, 88.7, 0
SET, 88.8, 1
SET, 88.9, 0
SET, 89.0, 0
SET, 89.1, 1
SET, 89.2, 0
SET, 89.3, 3
SET, 89.4, 0
SET, 89.5, 0
SET, 89.6, 0
SET, 89.7, 0
SET, 89.8, 2
SET, 89.9, 1
SET, 90.0, 1
SET, 90.1, 1
SET, 90.2, 0
SET, 90.3, 0
SET, 90.4, 1
SET, 90.5, 0
SET, 90.6, 0
SET, 90.7, 1
SET, 90.8, 0
SET, 90.9, 0
SET, 91.0, 0
SET, 91.1, 0
SET, 91.2, 0
SET, 91.3, 0
SET, 91.4, 0
SET, 91.5, 0
SET, 91.6, 1
SET, 91.7, 0
SET, 91.8, 0
SET, 91.9, 0
SET, 92.0, 0
SET, 92.1, 0
SET, 92.2, 0
SET, 92.3, 0
SET, 92.4, 0
SET, 92.5, 0
SET, 92.6, 0
SET, 92.7, 0
SET, 92.8, 0
SET, 92.9, 1
SET, 93.0, 0
SET, 93.1, 0
SET, 93.2, 0
SET, 93.3, 0
SET, 93.4, 0
SET, 93.5, 0
SET, 93.6, 1
SET, 93.7, 0
SET, 93.8, 0
SET, 93.9, 1
SET, 94.0, 0
SET, 94.1, 0
SET, 94.2, 0
SET, 94.3, 0
SET, 94.4, 1
SET, 94.5, 0
SET, 94.6, 0
SET, 94.7, 0
SET, 94.8, 0
SET, 94.9, 0
SET, 95.0, 0
SET, 95.1, 0
SET, 95.2, 0
SET, 95.3, 0
SET, 95.4, 0
SET, 95.5, 0
SET, 95.6, 0
SET, 95.7, 1
SET, 95.8, 0
SET, 95.9, 0
SET, 96.0, 0
SET, 96.1, 0
SET, 96.2, 0
SET, 96.3, 0
SET, 96.4, 0
SET, 96.5, 0
SET, 96.6, 0
SET, 96.7, 0
SET, 96.8, 0
SET, 96.9, 0
SET, 97.0, 0
SET, 97.1, 0
SET, 97.2, 0
SET, 97.3, 0
SET, 97.4, 0
SET, 97.5, 0
SET, 97.6, 1
SET, 97.7, 0
SET, 97.8, 1
SET, 97.9, 0
SET, 98.0, 0
SET, 98.1, 0
SET, 98.2, 0
SET, 98.3, 0
SET, 98.4, 0
SET, 98.5, 0
SET, 98.6, 0
SET, 98.7, 0
SET, 98.8, 0
SET, 98.9, 0
SET, 99.0, 0
SET, 99.1, 0
SET, 99.2, 0
SET, 99.3, 0
SET, 99.4, 0
SET, 99.5, 0
SET, 99.6, 0
SET, 99.7, 0
SET, 99.8, 1
SET, 99.9, 0
SET, 100.0, 0
SET, 100.1, 0
SET, 100.2, 0
SET, 100.3, 0
SET, 100.4, 0
SET, 100.5, 0
SET, 100.6, 0
SET, 100.7, 0
SET, 100.8, 0
SET, 100.9, 0
SET, 101.0, 0
SET, 101.1, 0
SET, 101.2, 0
SET, 101.3, 0
SET, 101.4, 0
SET, 101.5, 0
SET, 101.6, 0
SET, 101.7, 0
SET, 101.8, 0
SET, 101.9, 0
SET, 102.0, 0
SET, 102.1, 0
SET, 102.2, 0
SET, 102.3, 0
SET, 102.4, 0
SET, 102.5, 0
SET, 102.6, 0
SET, 102.7, 0
SET, 102.8, 0
SET, 102.9, 0
SET, 103.0, 0
SET, 103.1, 0
SET, 103.2, 0
SET, 103.3, 0
SET, 103.4, 0
SET, 103.5, 0
SET, 103.6, 0
SET, 103.7, 0
SET, 103.8, 0
SET, 103.9, 0
SET, 104.0, 0
SET, 104.1, 0
SET, 104.2, 0
SET, 104.3, 0
SET, 104.4, 0
SET, 104.5, 0
SET, 104.6, 0
SET, 104.7, 0
SET, 104.8, 0
SET, 104.9, 0
SET, 105.0, 0
SET, 105.1, 0
SET, 105.2, 0
SET, 105.3, 0
SET, 105.4, 0
SET, 105.5, 0
SET, 105.6, 0
SET, 105.7, 0
SET, 105.8, 0
SET, 105.9, 0
SET, 106.0, 0
SET, 106.1, 0
SET, 106.2, 0
SET, 106.3, 0
SET, 106.4, 0
SET, 106.5, 0
SET, 106.6, 0
SET, 106.7, 0
SET, 106.8, 0
SET, 106.9, 0
SET, 107.0, 0
SET, 107.1, 0
SET, 107.2, 0
SET, 107.3, 0
SET, 107.4, 0
SET, 107.5, 0
SET, 107.6, 0
SET, 107.7, 0
SET, 107.8, 0
SET, 107.9, 0
SET, 108.0, 0
SET, 108.1, 0
SET, 108.2, 0
SET, 108.3, 0
SET, 108.4, 0
SET, 108.5, 0
SET, 108.6, 0
SET, 108.7, 0
SET, 108.8, 0
SET, 108.9, 0
SET, 109.0, 0
SET, 109.1, 0
SET, 109.2, 0
SET, 109.3, 0
SET, 109.4, 0
SET, 109.5, 0
SET, 109.6, 0
SET, 109.7, 0
SET, 109.8, 0
SET, 109.9, 0
SET, 110.0, 0
SET, 110.1, 0
SET, 110.2, 0
SET, 110.3, 0
SET, 110.4, 0
SET, 110.5, 0
SET, 110.6, 0
SET, 110.7, 0
SET, 110.8, 0
SET, 110.9, 0
SET, 111.0, 0
SET, 111.1, 0
SET, 111.2, 0
SET, 111.3, 0
SET, 111.4, 0
SET, 111.5, 0
SET, 111.6, 0
SET, 111.7, 0
SET, 111.8, 0
SET, 111.9, 0
SET, 112.0, 0
SET, 112.1, 0
SET, 112.2, 0
SET, 112.3, 0
SET, 112.4, 0
SET, 112.5, 0
SET, 112.6, 0
SET, 112.7, 0
SET, 112.8, 0
SET, 112.9, 0
SET, 113.0, 0
SET, 113.1, 0
SET, 113.2, 0
SET, 113.3, 0
SET, 113.4, 0
SET, 113.5, 0
SET, 113.6, 0
SET, 113.7, 0
SET, 113.8, 0
SET, 113.9, 0
SET, 114.0, 0
SET, 114.1, 0
SET, 114.2, 0
SET, 114.3, 0
SET, 114.4, 0
SET, 114.5, 0
SET, 114.6, 0
SET, 114.7, 0
SET, 114.8, 0
SET, 114.9, 0
SET, 115.0, 0
SET, 115.1, 0
SET, 115.2, 0
SET, 115.3, 0
SET, 115.4, 0
SET, 115.5, 0
SET, 115.6, 0
SET, 115.7, 0
SET, 115.8, 0
SET, 115.9, 0
SET, 116.0, 0
SET, 116.1, 0
SET, 116.2, 0
SET, 116.3, 0
SET, 116.4, 0
SET, 116.5, 0
SET, 116.6, 0
SET, 116.7, 0
SET, 116.8, 0
SET, 116.9, 0
SET, 117.0, 0
SET, 117.1, 0
SET, 117.2, 0
SET, 117.3, 0
SET, 117.4, 0
SET, 117.5, 0
SET, 117.6, 0
SET, 117.7, 0
SET, 117.8, 0
SET, 117.9, 0
SET, 118.0, 0
SET, 118.1, 0
SET, 118.2, 0
SET, 118.3, 0
SET, 118.4, 0
SET, 118.5, 0
SET, 118.6, 0
SET, 118.7, 0
SET, 118.8, 0
SET, 118.9, 0
SET, 119.0, 0
SET, 119.1, 0
SET, 119.2, 0
SET, 119.3, 0
SET, 119.4, 0
SET, 119.5, 0
SET, 119.6, 0
SET, 119.7, 0
SET, 119.8, 0
SET, 119.9, 0
SET, 120.0, 0
SET, 120.1, 0
SET, 120.2, 0
SET, 120.3, 0
SET, 120.4, 0
SET, 120.5, 0
SET, 120.6, 0
SET, 120.7, 0
SET, 120.8, 0
SET, 120.9, 0
SET, 121.0, 0
SET, 121.1, 0
SET, 121.2, 0
SET, 121.3, 0
SET, 121.4, 0
SET, 121.5, 0
SET, 121.6, 0
SET, 121.7, 0
SET, 121.8, 0
SET, 121.9, 0
SET, 122.0, 0
SET, 122.1, 0
SET, 122.2, 0
SET, 122.3, 0
SET, 122.4, 0
SET, 122.5, 0
SET, 122.6, 0
SET, 122.7, 0
SET, 122.8, 0
SET, 122.9, 0
SET, 123.0, 0
SET, 123.1, 0
SET, 123.2, 0
SET, 123.3, 0
SET, 123.4, 0
SET, 123.5, 0
SET, 123.6, 0
SET, 123.7, 0
SET, 123.8, 0
SET, 123.9, 0
SET, 124.0, 0
SET, 124.1, 0
SET, 124.2, 0
SET, 124.3, 0
SET, 124.4, 0
SET, 124.5, 0
SET, 124.6, 0
SET, 124.7, 0
SET, 124.8, 0
SET, 124.9, 0
SET, 125.0, 0
SET, 125.1, 0
SET, 125.2, 0
SET, 125.3, 0
SET, 125.4, 0
SET, 125.5, 0
SET, 125.6, 0
SET, 125.7, 0
SET, 125.8, 0
SET, 125.9, 0
SET, 126.0, 0
SET, 126.1, 0
SET, 126.2, 0
SET, 126.3, 0
SET, 126.4, 0
SET, 126.5, 0
SET, 126.6, 0
SET, 126.7, 0
SET, 126.8, 0
SET, 126.9, 0
SET, 127.0, 0
SET, 127.1, 0
SET, 127.2, 0
SET, 127.3, 0
SET, 127.4, 0
SET, 127.5, 0
SET, 127.6, 0
SET, 127.7, 0
SET, 127.8, 0
SET, 127.9, 0
SET, 128.0, 0
SET, 128.1, 0
SET, 128.2, 0
SET, 128.3, 0
SET, 128.4, 0
SET, 128.5, 0
SET, 128.6, 0
SET, 128.7, 0
SET, 128.8, 0
SET, 128.9, 0
SET, 129.0, 0
SET, 129.1, 0
SET, 129.2, 0
SET, 129.3, 0
SET, 129.4, 0
SET, 129.5, 0
SET, 129.6, 0
SET, 129.7, 0
SET, 129.8, 0
SET, 129.9, 0
SET, 130.0, 0
SET, 130.1, 0
SET, 130.2, 0
SET, 130.3, 0
SET, 130.4, 0
SET, 130.5, 0
SET, 130.6, 0
SET, 130.7, 0
SET, 130.8, 0
SET, 130.9, 0
SET, 131.0, 0
SET, 131.1, 0
SET, 131.2, 0
SET, 131.3, 0
SET, 131.4, 0
SET, 131.5, 0
SET, 131.6, 0
SET, 131.7, 0
SET, 131.8, 0
SET, 131.9, 0
SET, 132.0, 0
SET, 132.1, 0
SET, 132.2, 0
SET, 132.3, 0
SET, 132.4, 0
SET, 132.5, 0
SET, 132.6, 0
SET, 132.7, 0
SET, 132.8, 0
SET, 132.9, 0
SET, 133.0, 0
SET, 133.1, 0
SET, 133.2, 0
SET, 133.3, 0
SET, 133.4, 0
SET, 133.5, 0
SET, 133.6, 0
SET, 133.7, 0
SET, 133.8, 0
SET, 133.9, 0
SET, 134.0, 0
SET, 134.1, 0
SET, 134.2, 0
SET, 134.3, 0
SET, 134.4, 0
SET, 134.5, 0
SET, 134.6, 0
SET, 134.7, 0
SET, 134.8, 0
SET, 134.9, 0
SET, 135.0, 0
SET, 135.1, 0
SET, 135.2, 0
SET, 135.3, 0
SET, 135.4, 0
SET, 135.5, 0
SET, 135.6, 0
SET, 135.7, 0
SET, 135.8, 0
SET, 135.9, 0
SET, 136.0, 0
SET, 136.1, 0
SET, 136.2, 0
SET, 136.3, 0
SET, 136.4, 0
SET, 136.5, 0
SET, 136.6, 0
SET, 136.7, 0
SET, 136.8, 0
SET, 136.9, 0
SET, 137.0, 0
SET, 137.1, 0
SET, 137.2, 0
SET, 137.3, 0
SET, 137.4, 0
SET, 137.5, 0
SET, 137.6, 0
SET, 137.7, 0
SET, 137.8, 0
SET, 137.9, 0
SET, 138.0, 0
SET, 138.1, 0
SET, 138.2, 0
SET, 138.3, 0
SET, 138.4, 0
SET, 138.5, 0
SET, 138.6, 0
SET, 138.7, 0
SET, 138.8, 0
SET, 138.9, 0
SET, 139.0, 0
SET, 139.1, 0
SET, 139.2, 0
SET, 139.3, 0
SET, 139.4, 0
SET, 139.5, 0
SET, 139.6, 0
SET, 139.7, 0
SET, 139.8, 0
SET, 139.9, 0
SET, 140.0, 0
SET, 140.1, 0
SET, 140.2, 0
SET, 140.3, 0
SET, 140.4, 0
SET, 140.5, 0
SET, 140.6, 0
SET, 140.7, 0
SET, 140.8, 0
SET, 140.9, 0
SET, 141.0, 0
SET, 141.1, 0
SET, 141.2, 0
SET, 141.3, 0
SET, 141.4, 0
SET, 141.5, 0
SET, 141.6, 0
SET, 141.7, 0
SET, 141.8, 0
SET, 141.9, 0
SET, 142.0, 0
SET, 142.1, 0
SET, 142.2, 0
SET, 142.3, 0
SET, 142.4, 0
SET, 142.5, 0
SET, 142.6, 0
SET, 142.7, 0
SET, 142.8, 0
SET, 142.9, 0
SET, 143.0, 0
SET, 143.1, 0
SET, 143.2, 0
SET, 143.3, 0
SET, 143.4, 0
SET, 143.5, 0
SET, 143.6, 0
SET, 143.7, 0
SET, 143.8, 0
SET, 143.9, 0
SET, 144.0, 0
SET, 144.1, 0
SET, 144.2, 0
SET, 144.3, 0
SET, 144.4, 0
SET, 144.5, 0
SET, 144.6, 0
SET, 144.7, 0
SET, 144.8, 0
SET, 144.9, 0
SET, 145.0, 0
SET, 145.1, 0
SET, 145.2, 0
SET, 145.3, 0
SET, 145.4, 0
SET, 145.5, 0
SET, 145.6, 0
SET, 145.7, 0
SET, 145.8, 0
SET, 145.9, 0
SET, 146.0, 0
SET, 146.1, 0
SET, 146.2, 0
SET, 146.3, 0
SET, 146.4, 0
SET, 146.5, 0
SET, 146.6, 0
SET, 146.7, 0
SET, 146.8, 0
SET, 146.9, 0
SET, 147.0, 0
SET, 147.1, 0
SET, 147.2, 0
SET, 147.3, 0
SET, 147.4, 0
SET, 147.5, 0
SET, 147.6, 0
SET, 147.7, 0
SET, 147.8, 0
SET, 147.9, 0
SET, 148.0, 0
SET, 148.1, 0
SET, 148.2, 0
SET, 148.3, 0
SET, 148.4, 0
SET, 148.5, 0
SET, 148.6, 0
SET, 148.7, 0
SET, 148.8, 0
SET, 148.9, 0
SET, 149.0, 0
SET, 149.1, 0
SET, 149.2, 0
SET, 149.3, 0
SET, 149.4, 0
SET, 149.5, 0
SET, 149.6, 0
SET, 149.7, 0
SET, 149.8, 0
SET, 149.9, 0
SET, 150.0, 0
SET, 150.1, 0
SET, 150.2, 0
SET, 150.3, 0
SET, 150.4, 0
SET, 150.5, 0
SET, 150.6, 0
SET, 150.7, 0
SET, 150.8, 0
SET, 150.9, 0
SET, 151.0, 0
SET, 151.1, 0
SET, 151.2, 0
SET, 151.3, 0
SET, 151.4, 0
SET, 151.5, 0
SET, 151.6, 0
SET, 151.7, 0
SET, 151.8, 0
SET, 151.9, 0
SET, 152.0, 0
SET, 152.1, 0
SET, 152.2, 0
SET, 152.3, 0
SET, 152.4, 0
SET, 152.5, 0
SET, 152.6, 0
SET, 152.7, 0
SET, 152.8, 0
SET, 152.9, 0
SET, 153.0, 0
SET, 153.1, 0
SET, 153.2, 0
SET, 153.3, 0
SET, 153.4, 0
SET, 153.5, 0
SET, 153.6, 0
SET, 153.7, 0
SET, 153.8, 0
SET, 153.9, 0
SET, 154.0, 0
SET, 154.1, 0
SET, 154.2, 0
SET, 154.3, 0
SET, 154.4, 0
SET, 154.5, 0
SET, 154.6, 0
SET, 154.7, 0
SET, 154.8, 0
SET, 154.9, 0
SET, 155.0, 0
SET, 155.1, 0
SET, 155.2, 0
SET, 155.3, 0
SET, 155.4, 0
SET, 155.5, 0
SET, 155.6, 0
SET, 155.7, 0
SET, 155.8, 0
SET, 155.9, 0
SET, 156.0, 0
SET, 156.1, 0
SET, 156.2, 0
SET, 156.3, 0
SET, 156.4, 0
SET, 156.5, 0
SET, 156.6, 0
SET, 156.7, 0
SET, 156.8, 0
SET, 156.9, 0
SET, 157.0, 0
SET, 157.1, 0
SET, 157.2, 0
SET, 157.3, 0
SET, 157.4, 0
SET, 157.5, 0
SET, 157.6, 0
SET, 157.7, 0
SET, 157.8, 0
SET, 157.9, 0
SET, 158.0, 0
SET, 158.1, 0
SET, 158.2, 0
SET, 158.3, 0
SET, 158.4, 0
SET, 158.5, 0
SET, 158.6, 0
SET, 158.7, 0
SET, 158.8, 0
SET, 158.9, 0
SET, 159.0, 0
SET, 159.1, 0
SET, 159.2, 0
SET, 159.3, 0
SET, 159.4, 0
SET, 159.5, 0
SET, 159.6, 0
SET, 159.7, 0
SET, 159.8, 0
SET, 159.9, 0
SET, 160.0, 0
SET, 160.1, 0
SET, 160.2, 0
SET, 160.3, 0
SET, 160.4, 0
SET, 160.5, 0
SET, 160.6, 0
SET, 160.7, 0
SET, 160.8, 0
SET, 160.9, 0
SET, 161.0, 0
SET, 161.1, 0
SET, 161.2, 0
SET, 161.3, 0
SET, 161.4, 0
SET, 161.5, 0
SET, 161.6, 0
SET, 161.7, 0
SET, 161.8, 0
SET, 161.9, 0
SET, 162.0, 0
SET, 162.1, 0
SET, 162.2, 0
SET, 162.3, 0
SET, 162.4, 0
SET, 162.5, 0
SET, 162.6, 0
SET, 162.7, 0
SET, 162.8, 0
SET, 162.9, 0
SET, 163.0, 0
SET, 163.1, 0
SET, 163.2, 0
SET, 163.3, 0
SET, 163.4, 0
SET, 163.5, 0
SET, 163.6, 0
SET, 163.7, 0
SET, 163.8, 0
SET, 163.9, 0
SET, 164.0, 0
SET, 164.1, 0
SET, 164.2, 0
SET, 164.3, 0
SET, 164.4, 0
SET, 164.5, 0
SET, 164.6, 0
SET, 164.7, 0
SET, 164.8, 0
SET, 164.9, 0
SET, 165.0, 0
SET, 165.1, 0
SET, 165.2, 0
SET, 165.3, 0
SET, 165.4, 0
SET, 165.5, 0
SET, 165.6, 0
SET, 165.7, 0
SET, 165.8, 0
SET, 165.9, 0
SET, 166.0, 0
SET, 166.1, 0
SET, 166.2, 0
SET, 166.3, 0
SET, 166.4, 0
SET, 166.5, 0
SET, 166.6, 0
SET, 166.7, 0
SET, 166.8, 0
SET, 166.9, 0
SET, 167.0, 0
SET, 167.1, 0
SET, 167.2, 0
SET, 167.3, 0
SET, 167.4, 0
SET, 167.5, 0
SET, 167.6, 0
SET, 167.7, 0
SET, 167.8, 0
SET, 167.9, 0
SET, 168.0, 0
SET, 168.1, 0
SET, 168.2, 0
SET, 168.3, 0
SET, 168.4, 0
SET, 168.5, 0
SET, 168.6, 0
SET, 168.7, 0
SET, 168.8, 0
SET, 168.9, 0
SET, 169.0, 0
SET, 169.1, 0
SET, 169.2, 0
SET, 169.3, 0
SET, 169.4, 0
SET, 169.5, 0
SET, 169.6, 0
SET, 169.7, 0
SET, 169.8, 0
SET, 169.9, 0
SET, 170.0, 0
SET, 170.1, 0
SET, 170.2, 0
SET, 170.3, 0
SET, 170.4, 0
SET, 170.5, 0
SET, 170.6, 0
SET, 170.7, 0
SET, 170.8, 0
SET, 170.9, 0
SET, 171.0, 0
SET, 171.1, 0
SET, 171.2, 0
SET, 171.3, 0
SET, 171.4, 0
SET, 171.5, 0
SET, 171.6, 0
SET, 171.7, 0
SET, 171.8, 0
SET, 171.9, 0
SET, 172.0, 0
SET, 172.1, 0
SET, 172.2, 0
SET, 172.3, 0
SET, 172.4, 0
SET, 172.5, 0
SET, 172.6, 0
SET, 172.7, 0
SET, 172.8, 0
SET, 172.9, 0
SET, 173.0, 0
SET, 173.1, 0
SET, 173.2, 0
SET, 173.3, 0
SET, 173.4, 0
SET, 173.5, 0
SET, 173.6, 0
SET, 173.7, 0
SET, 173.8, 0
SET, 173.9, 0
SET, 174.0, 0
SET, 174.1, 0
SET, 174.2, 0
SET, 174.3, 4
SET, 174.4, 1
SET, 174.5, 0
SET, 174.6, 2
SET, 174.7, 0
SET, 174.8, 2
SET, 174.9, 1
SET, 175.0, 0
SET, 175.1, 0
SET, 175.2, 0
SET, 175.3, 0
SET, 175.4, 0
SET, 175.5, 1
SET, 175.6, 0
SET, 175.7, 0
SET, 175.8, 0
SET, 175.9, 0
SET, 176.0, 0
SET, 176.1, 0
SET, 176.2, 0
SET, 176.3, 0
SET, 176.4, 0
SET, 176.5, 0
SET, 176.6, 0
SET, 176.7, 0
SET, 176.8, 0
SET, 176.9, 0
SET, 177.0, 0
SET, 177.1, 0
SET, 177.2, 0
SET, 177.3, 0
SET, 177.4, 0
SET, 177.5, 0
SET, 177.6, 0
SET, 177.7, 0
SET, 177.8, 0
SET, 177.9, 0
SET, 178.0, 0
SET, 178.1, 0
SET, 178.2, 0
SET, 178.3, 0
SET, 178.4, 0
SET, 178.5, 1
SET, 178.6, 1
SET, 178.7, 0
SET, 178.8, 1
SET, 178.9, 0
SET, 179.0, 1
SET, 179.1, 0
SET, 179.2, 0
SET, 179.3, 0
SET, 179.4, 0
SET, 179.5, 0
SET, 179.6, 0
SET, 179.7, 0
SET, 179.8, 0
SET, 179.9, 1
SET, 180.0, 0
SET, 180.1, 0
SET, 180.2, 0
SET, 180.3, 0
SET, 180.4, 0
SET, 180.5, 0
SET, 180.6, 0
SET, 180.7, 0
SET, 180.8, 0
SET, 180.9, 0
SET, 181.0, 2
SET, 181.1, 0
SET, 181.2, 0
SET, 181.3, 2
SET, 181.4, 0
SET, 181.5, 0
SET, 181.6, 0
SET, 181.7, 0
SET, 181.8, 0
SET, 181.9, 1
SET, 182.0, 0
SET, 182.1, 0
SET, 182.2, 0
SET, 182.3, 0
SET, 182.4, 0
SET, 182.5, 0
SET, 182.6, 0
SET, 182.7, 0
SET, 182.8, 0
SET, 182.9, 0
SET, 183.0, 0
SET, 183.1, 1
SET, 183.2, 0
SET, 183.3, 0
SET, 183.4, 0
SET, 183.5, 0
SET, 183.6, 0
SET, 183.7, 0
SET, 183.8, 0
SET, 183.9, 0
SET, 184.0, 0
SET, 184.1, 1
SET, 184.2, 0
SET, 184.3, 0
SET, 184.4, 0
SET, 184.5, 0
SET, 184.6, 0
SET, 184.7, 0
SET, 184.8, 0
SET, 184.9, 0
SET, 185.0, 0
SET, 185.1, 0
SET, 185.2, 0
SET, 185.3, 0
SET, 185.4, 0
SET, 185.5, 0
SET, 185.6, 0
SET, 185.7, 1
