Elapsed Time, AVG Throughput, AVG Queue Size, AVG Waiting Time, AVG Service Time, AVG Response Time, AVG SET Response Time, AVG GET Response Time, AVG MULTI-GET Response Time, #SETS, #GETS, #MULTIGETS, GET MissRatio, MULTI-GET MissRatio, AVG MULTI-GET Size
 5.00, 1358, 30, 26.566698, 21.850663, 48.714968, 0.000000, 48.714968, 0.000000, 0, 6791, 0, 0.00, 0.00, 0
10.00, 1448, 30, 24.775674, 22.015612, 46.868879, 0.000000, 46.868879, 0.000000, 0, 7240, 0, 0.00, 0.00, 0
15.00, 1409, 30, 25.715903, 22.619843, 48.414546, 0.000000, 48.414546, 0.000000, 0, 7049, 0, 0.00, 0.00, 0
20.00, 1421, 30, 25.342715, 22.413112, 47.841080, 0.000000, 47.841080, 0.000000, 0, 7108, 0, 0.00, 0.00, 0
25.00, 1410, 30, 25.481147, 22.599716, 48.159032, 0.000000, 48.159032, 0.000000, 0, 7050, 0, 0.00, 0.00, 0
30.00, 1421, 30, 25.554745, 22.370088, 48.019109, 0.000000, 48.019109, 0.000000, 0, 7109, 0, 0.00, 0.00, 0
35.00, 1401, 30, 25.787134, 22.806718, 48.682019, 0.000000, 48.682019, 0.000000, 0, 7009, 0, 0.00, 0.00, 0
40.00, 1415, 30, 25.495583, 22.504439, 48.104241, 0.000000, 48.104241, 0.000000, 0, 7079, 0, 0.00, 0.00, 0
45.00, 1432, 30, 25.210917, 22.216570, 47.534529, 0.000000, 47.534529, 0.000000, 0, 7162, 0, 0.00, 0.00, 0
50.00, 1392, 30, 25.925866, 22.837372, 48.873565, 0.000000, 48.873565, 0.000000, 0, 6963, 0, 0.00, 0.00, 0
55.00, 1400, 30, 25.822179, 22.809452, 48.709735, 0.000000, 48.709735, 0.000000, 0, 7004, 0, 0.00, 0.00, 0
60.00, 1398, 30, 25.805531, 22.805324, 48.690726, 0.000000, 48.690726, 0.000000, 0, 6992, 0, 0.00, 0.00, 0
65.00, 1372, 30, 26.328767, 23.199990, 49.610360, 0.000000, 49.610360, 0.000000, 0, 6864, 0, 0.00, 0.00, 0
70.00, 1386, 30, 26.112083, 23.039096, 49.224576, 0.000000, 49.224576, 0.000000, 0, 6931, 0, 0.00, 0.00, 0
70.00, 79, 4, 6.296224, 9.678192, 16.023615, 0.000000, 16.023615, 0.000000, 0, 399, 0, 0.00, 0.00, 0
Type, Interval, Responses
GET, 0.1, 0
GET, 0.2, 0
GET, 0.3, 0
GET, 0.4, 0
GET, 0.5, 0
GET, 0.6, 0
GET, 0.7, 0
GET, 0.8, 1
GET, 0.9, 1
GET, 1.0, 2
GET, 1.1, 4
GET, 1.2, 1
GET, 1.3, 5
GET, 1.4, 7
GET, 1.5, 4
GET, 1.6, 4
GET, 1.7, 1
GET, 1.8, 4
GET, 1.9, 8
GET, 2.0, 9
GET, 2.1, 6
GET, 2.2, 3
GET, 2.3, 10
GET, 2.4, 5
GET, 2.5, 4
GET, 2.6, 6
GET, 2.7, 4
GET, 2.8, 4
GET, 2.9, 2
GET, 3.0, 1
GET, 3.1, 1
GET, 3.2, 4
GET, 3.3, 1
GET, 3.4, 1
GET, 3.5, 0
GET, 3.6, 1
GET, 3.7, 0
GET, 3.8, 0
GET, 3.9, 1
GET, 4.0, 1
GET, 4.1, 1
GET, 4.2, 0
GET, 4.3, 2
GET, 4.4, 2
GET, 4.5, 0
GET, 4.6, 1
GET, 4.7, 3
GET, 4.8, 0
GET, 4.9, 2
GET, 5.0, 1
GET, 5.1, 0
GET, 5.2, 0
GET, 5.3, 2
GET, 5.4, 0
GET, 5.5, 0
GET, 5.6, 2
GET, 5.7, 5
GET, 5.8, 4
GET, 5.9, 4
GET, 6.0, 2
GET, 6.1, 3
GET, 6.2, 2
GET, 6.3, 7
GET, 6.4, 8
GET, 6.5, 6
GET, 6.6, 3
GET, 6.7, 2
GET, 6.8, 4
GET, 6.9, 3
GET, 7.0, 7
GET, 7.1, 1
GET, 7.2, 0
GET, 7.3, 3
GET, 7.4, 3
GET, 7.5, 2
GET, 7.6, 1
GET, 7.7, 0
GET, 7.8, 1
GET, 7.9, 0
GET, 8.0, 0
GET, 8.1, 1
GET, 8.2, 0
GET, 8.3, 0
GET, 8.4, 1
GET, 8.5, 0
GET, 8.6, 0
GET, 8.7, 1
GET, 8.8, 0
GET, 8.9, 3
GET, 9.0, 2
GET, 9.1, 6
GET, 9.2, 7
GET, 9.3, 3
GET, 9.4, 9
GET, 9.5, 6
GET, 9.6, 3
GET, 9.7, 1
GET, 9.8, 2
GET, 9.9, 1
GET, 10.0, 2
GET, 10.1, 6
GET, 10.2, 4
GET, 10.3, 2
GET, 10.4, 1
GET, 10.5, 2
GET, 10.6, 2
GET, 10.7, 1
GET, 10.8, 2
GET, 10.9, 0
GET, 11.0, 1
GET, 11.1, 2
GET, 11.2, 2
GET, 11.3, 0
GET, 11.4, 0
GET, 11.5, 0
GET, 11.6, 0
GET, 11.7, 2
GET, 11.8, 3
GET, 11.9, 3
GET, 12.0, 4
GET, 12.1, 1
GET, 12.2, 4
GET, 12.3, 8
GET, 12.4, 4
GET, 12.5, 6
GET, 12.6, 3
GET, 12.7, 3
GET, 12.8, 3
GET, 12.9, 3
GET, 13.0, 1
GET, 13.1, 9
GET, 13.2, 2
GET, 13.3, 1
GET, 13.4, 4
GET, 13.5, 2
GET, 13.6, 4
GET, 13.7, 3
GET, 13.8, 3
GET, 13.9, 1
GET, 14.0, 0
GET, 14.1, 0
GET, 14.2, 1
GET, 14.3, 1
GET, 14.4, 1
GET, 14.5, 1
GET, 14.6, 4
GET, 14.7, 4
GET, 14.8, 4
GET, 14.9, 1
GET, 15.0, 5
GET, 15.1, 2
GET, 15.2, 6
GET, 15.3, 0
GET, 15.4, 2
GET, 15.5, 1
GET, 15.6, 1
GET, 15.7, 0
GET, 15.8, 0
GET, 15.9, 0
GET, 16.0, 3
GET, 16.1, 3
GET, 16.2, 2
GET, 16.3, 1
GET, 16.4, 1
GET, 16.5, 1
GET, 16.6, 1
GET, 16.7, 1
GET, 16.8, 2
GET, 16.9, 2
GET, 17.0, 1
GET, 17.1, 1
GET, 17.2, 1
GET, 17.3, 1
GET, 17.4, 1
GET, 17.5, 1
GET, 17.6, 1
GET, 17.7, 2
GET, 17.8, 1
GET, 17.9, 0
GET, 18.0, 0
GET, 18.1, 0
GET, 18.2, 3
GET, 18.3, 6
GET, 18.4, 6
GET, 18.5, 2
GET, 18.6, 3
GET, 18.7, 0
GET, 18.8, 1
GET, 18.9, 0
GET, 19.0, 1
GET, 19.1, 4
GET, 19.2, 1
GET, 19.3, 0
GET, 19.4, 1
GET, 19.5, 0
GET, 19.6, 0
GET, 19.7, 3
GET, 19.8, 1
GET, 19.9, 1
GET, 20.0, 2
GET, 20.1, 3
GET, 20.2, 0
GET, 20.3, 0
GET, 20.4, 2
GET, 20.5, 4
GET, 20.6, 4
GET, 20.7, 4
GET, 20.8, 7
GET, 20.9, 5
GET, 21.0, 4
GET, 21.1, 1
GET, 21.2, 4
GET, 21.3, 0
GET, 21.4, 2
GET, 21.5, 0
GET, 21.6, 2
GET, 21.7, 1
GET, 21.8, 3
GET, 21.9, 2
GET, 22.0, 4
GET, 22.1, 1
GET, 22.2, 2
GET, 22.3, 1
GET, 22.4, 0
GET, 22.5, 4
GET, 22.6, 2
GET, 22.7, 1
GET, 22.8, 0
GET, 22.9, 1
GET, 23.0, 0
GET, 23.1, 1
GET, 23.2, 5
GET, 23.3, 4
GET, 23.4, 5
GET, 23.5, 0
GET, 23.6, 3
GET, 23.7, 2
GET, 23.8, 3
GET, 23.9, 6
GET, 24.0, 9
GET, 24.1, 5
GET, 24.2, 14
GET, 24.3, 9
GET, 24.4, 23
GET, 24.5, 19
GET, 24.6, 22
GET, 24.7, 35
GET, 24.8, 24
GET, 24.9, 45
GET, 25.0, 32
GET, 25.1, 67
GET, 25.2, 64
GET, 25.3, 48
GET, 25.4, 71
GET, 25.5, 87
GET, 25.6, 96
GET, 25.7, 103
GET, 25.8, 78
GET, 25.9, 101
GET, 26.0, 95
GET, 26.1, 89
GET, 26.2, 85
GET, 26.3, 91
GET, 26.4, 100
GET, 26.5, 114
GET, 26.6, 91
GET, 26.7, 102
GET, 26.8, 119
GET, 26.9, 91
GET, 27.0, 105
GET, 27.1, 121
GET, 27.2, 159
GET, 27.3, 119
GET, 27.4, 127
GET, 27.5, 125
GET, 27.6, 137
GET, 27.7, 127
GET, 27.8, 125
GET, 27.9, 143
GET, 28.0, 138
GET, 28.1, 164
GET, 28.2, 143
GET, 28.3, 139
GET, 28.4, 124
GET, 28.5, 144
GET, 28.6, 135
GET, 28.7, 159
GET, 28.8, 145
GET, 28.9, 159
GET, 29.0, 149
GET, 29.1, 148
GET, 29.2, 171
GET, 29.3, 168
GET, 29.4, 171
GET, 29.5, 190
GET, 29.6, 224
GET, 29.7, 253
GET, 29.8, 314
GET, 29.9, 357
GET, 30.0, 356
GET, 30.1, 408
GET, 30.2, 414
GET, 30.3, 429
GET, 30.4, 467
GET, 30.5, 431
GET, 30.6, 401
GET, 30.7, 364
GET, 30.8, 341
GET, 30.9, 239
GET, 31.0, 222
GET, 31.1, 181
GET, 31.2, 159
GET, 31.3, 117
GET, 31.4, 108
GET, 31.5, 87
GET, 31.6, 89
GET, 31.7, 47
GET, 31.8, 52
GET, 31.9, 42
GET, 32.0, 35
GET, 32.1, 51
GET, 32.2, 44
GET, 32.3, 44
GET, 32.4, 28
GET, 32.5, 28
GET, 32.6, 33
GET, 32.7, 30
GET, 32.8, 34
GET, 32.9, 28
GET, 33.0, 43
GET, 33.1, 36
GET, 33.2, 37
GET, 33.3, 32
GET, 33.4, 32
GET, 33.5, 31
GET, 33.6, 36
GET, 33.7, 34
GET, 33.8, 39
GET, 33.9, 37
GET, 34.0, 38
GET, 34.1, 41
GET, 34.2, 44
GET, 34.3, 60
GET, 34.4, 45
GET, 34.5, 42
GET, 34.6, 46
GET, 34.7, 45
GET, 34.8, 44
GET, 34.9, 52
GET, 35.0, 48
GET, 35.1, 51
GET, 35.2, 60
GET, 35.3, 50
GET, 35.4, 44
GET, 35.5, 37
GET, 35.6, 24
GET, 35.7, 40
GET, 35.8, 40
GET, 35.9, 41
GET, 36.0, 47
GET, 36.1, 34
GET, 36.2, 33
GET, 36.3, 41
GET, 36.4, 33
GET, 36.5, 27
GET, 36.6, 37
GET, 36.7, 45
GET, 36.8, 48
GET, 36.9, 41
GET, 37.0, 57
GET, 37.1, 46
GET, 37.2, 45
GET, 37.3, 54
GET, 37.4, 62
GET, 37.5, 67
GET, 37.6, 58
GET, 37.7, 57
GET, 37.8, 73
GET, 37.9, 62
GET, 38.0, 91
GET, 38.1, 82
GET, 38.2, 106
GET, 38.3, 88
GET, 38.4, 73
GET, 38.5, 87
GET, 38.6, 78
GET, 38.7, 73
GET, 38.8, 83
GET, 38.9, 78
GET, 39.0, 107
GET, 39.1, 110
GET, 39.2, 100
GET, 39.3, 101
GET, 39.4, 105
GET, 39.5, 124
GET, 39.6, 136
GET, 39.7, 136
GET, 39.8, 177
GET, 39.9, 193
GET, 40.0, 219
GET, 40.1, 251
GET, 40.2, 262
GET, 40.3, 273
GET, 40.4, 308
GET, 40.5, 360
GET, 40.6, 409
GET, 40.7, 393
GET, 40.8, 481
GET, 40.9, 474
GET, 41.0, 527
GET, 41.1, 537
GET, 41.2, 537
GET, 41.3, 543
GET, 41.4, 545
GET, 41.5, 492
GET, 41.6, 501
GET, 41.7, 452
GET, 41.8, 468
GET, 41.9, 458
GET, 42.0, 484
GET, 42.1, 502
GET, 42.2, 529
GET, 42.3, 571
GET, 42.4, 611
GET, 42.5, 624
GET, 42.6, 576
GET, 42.7, 590
GET, 42.8, 603
GET, 42.9, 716
GET, 43.0, 672
GET, 43.1, 663
GET, 43.2, 627
GET, 43.3, 682
GET, 43.4, 661
GET, 43.5, 661
GET, 43.6, 680
GET, 43.7, 680
GET, 43.8, 664
GET, 43.9, 630
GET, 44.0, 671
GET, 44.1, 588
GET, 44.2, 601
GET, 44.3, 626
GET, 44.4, 579
GET, 44.5, 587
GET, 44.6, 689
GET, 44.7, 731
GET, 44.8, 761
GET, 44.9, 805
GET, 45.0, 847
GET, 45.1, 997
GET, 45.2, 1224
GET, 45.3, 1375
GET, 45.4, 1632
GET, 45.5, 1748
GET, 45.6, 1964
GET, 45.7, 2068
GET, 45.8, 1947
GET, 45.9, 1881
GET, 46.0, 1686
GET, 46.1, 1510
GET, 46.2, 1224
GET, 46.3, 931
GET, 46.4, 712
GET, 46.5, 546
GET, 46.6, 432
GET, 46.7, 357
GET, 46.8, 312
GET, 46.9, 236
GET, 47.0, 179
GET, 47.1, 209
GET, 47.2, 162
GET, 47.3, 172
GET, 47.4, 154
GET, 47.5, 128
GET, 47.6, 125
GET, 47.7, 110
GET, 47.8, 124
GET, 47.9, 102
GET, 48.0, 115
GET, 48.1, 110
GET, 48.2, 108
GET, 48.3, 111
GET, 48.4, 103
GET, 48.5, 103
GET, 48.6, 108
GET, 48.7, 112
GET, 48.8, 101
GET, 48.9, 85
GET, 49.0, 93
GET, 49.1, 77
GET, 49.2, 62
GET, 49.3, 90
GET, 49.4, 81
GET, 49.5, 100
GET, 49.6, 104
GET, 49.7, 97
GET, 49.8, 96
GET, 49.9, 84
GET, 50.0, 78
GET, 50.1, 73
GET, 50.2, 48
GET, 50.3, 74
GET, 50.4, 46
GET, 50.5, 72
GET, 50.6, 48
GET, 50.7, 54
GET, 50.8, 50
GET, 50.9, 51
GET, 51.0, 57
GET, 51.1, 37
GET, 51.2, 48
GET, 51.3, 40
GET, 51.4, 28
GET, 51.5, 41
GET, 51.6, 41
GET, 51.7, 34
GET, 51.8, 39
GET, 51.9, 30
GET, 52.0, 26
GET, 52.1, 33
GET, 52.2, 36
GET, 52.3, 28
GET, 52.4, 37
GET, 52.5, 40
GET, 52.6, 36
GET, 52.7, 34
GET, 52.8, 37
GET, 52.9, 33
GET, 53.0, 31
GET, 53.1, 40
GET, 53.2, 39
GET, 53.3, 30
GET, 53.4, 27
GET, 53.5, 39
GET, 53.6, 50
GET, 53.7, 46
GET, 53.8, 31
GET, 53.9, 37
GET, 54.0, 48
GET, 54.1, 44
GET, 54.2, 45
GET, 54.3, 44
GET, 54.4, 36
GET, 54.5, 42
GET, 54.6, 46
GET, 54.7, 50
GET, 54.8, 57
GET, 54.9, 48
GET, 55.0, 48
GET, 55.1, 75
GET, 55.2, 70
GET, 55.3, 70
GET, 55.4, 69
GET, 55.5, 81
GET, 55.6, 86
GET, 55.7, 114
GET, 55.8, 129
GET, 55.9, 127
GET, 56.0, 142
GET, 56.1, 131
GET, 56.2, 130
GET, 56.3, 166
GET, 56.4, 156
GET, 56.5, 151
GET, 56.6, 160
GET, 56.7, 166
GET, 56.8, 152
GET, 56.9, 201
GET, 57.0, 182
GET, 57.1, 173
GET, 57.2, 184
GET, 57.3, 169
GET, 57.4, 153
GET, 57.5, 166
GET, 57.6, 171
GET, 57.7, 152
GET, 57.8, 201
GET, 57.9, 176
GET, 58.0, 204
GET, 58.1, 197
GET, 58.2, 211
GET, 58.3, 219
GET, 58.4, 225
GET, 58.5, 213
GET, 58.6, 208
GET, 58.7, 176
GET, 58.8, 190
GET, 58.9, 172
GET, 59.0, 222
GET, 59.1, 188
GET, 59.2, 229
GET, 59.3, 170
GET, 59.4, 206
GET, 59.5, 176
GET, 59.6, 211
GET, 59.7, 191
GET, 59.8, 165
GET, 59.9, 212
GET, 60.0, 170
GET, 60.1, 182
GET, 60.2, 233
GET, 60.3, 245
GET, 60.4, 273
GET, 60.5, 276
GET, 60.6, 325
GET, 60.7, 334
GET, 60.8, 420
GET, 60.9, 430
GET, 61.0, 482
GET, 61.1, 561
GET, 61.2, 518
GET, 61.3, 495
GET, 61.4, 443
GET, 61.5, 421
GET, 61.6, 347
GET, 61.7, 269
GET, 61.8, 213
GET, 61.9, 153
GET, 62.0, 136
GET, 62.1, 110
GET, 62.2, 74
GET, 62.3, 51
GET, 62.4, 56
GET, 62.5, 46
GET, 62.6, 33
GET, 62.7, 40
GET, 62.8, 34
GET, 62.9, 31
GET, 63.0, 31
GET, 63.1, 36
GET, 63.2, 26
GET, 63.3, 32
GET, 63.4, 36
GET, 63.5, 39
GET, 63.6, 42
GET, 63.7, 32
GET, 63.8, 22
GET, 63.9, 27
GET, 64.0, 35
GET, 64.1, 30
GET, 64.2, 29
GET, 64.3, 36
GET, 64.4, 33
GET, 64.5, 26
GET, 64.6, 28
GET, 64.7, 22
GET, 64.8, 26
GET, 64.9, 40
GET, 65.0, 46
GET, 65.1, 41
GET, 65.2, 29
GET, 65.3, 28
GET, 65.4, 27
GET, 65.5, 19
GET, 65.6, 28
GET, 65.7, 21
GET, 65.8, 22
GET, 65.9, 23
GET, 66.0, 31
GET, 66.1, 26
GET, 66.2, 19
GET, 66.3, 22
GET, 66.4, 24
GET, 66.5, 14
GET, 66.6, 18
GET, 66.7, 16
GET, 66.8, 19
GET, 66.9, 13
GET, 67.0, 12
GET, 67.1, 14
GET, 67.2, 8
GET, 67.3, 14
GET, 67.4, 11
GET, 67.5, 11
GET, 67.6, 9
GET, 67.7, 10
GET, 67.8, 12
GET, 67.9, 7
GET, 68.0, 15
GET, 68.1, 15
GET, 68.2, 8
GET, 68.3, 8
GET, 68.4, 12
GET, 68.5, 11
GET, 68.6, 15
GET, 68.7, 13
GET, 68.8, 13
GET, 68.9, 13
GET, 69.0, 9
GET, 69.1, 13
GET, 69.2, 11
GET, 69.3, 12
GET, 69.4, 10
GET, 69.5, 14
GET, 69.6, 14
GET, 69.7, 11
GET, 69.8, 10
GET, 69.9, 6
GET, 70.0, 11
GET, 70.1, 17
GET, 70.2, 20
GET, 70.3, 19
GET, 70.4, 18
GET, 70.5, 6
GET, 70.6, 15
GET, 70.7, 11
GET, 70.8, 12
GET, 70.9, 29
GET, 71.0, 21
GET, 71.1, 39
GET, 71.2, 29
GET, 71.3, 23
GET, 71.4, 24
GET, 71.5, 24
GET, 71.6, 26
GET, 71.7, 45
GET, 71.8, 45
GET, 71.9, 53
GET, 72.0, 43
GET, 72.1, 44
GET, 72.2, 57
GET, 72.3, 43
GET, 72.4, 61
GET, 72.5, 54
GET, 72.6, 48
GET, 72.7, 51
GET, 72.8, 41
GET, 72.9, 38
GET, 73.0, 35
GET, 73.1, 56
GET, 73.2, 56
GET, 73.3, 63
GET, 73.4, 54
GET, 73.5, 64
GET, 73.6, 77
GET, 73.7, 60
GET, 73.8, 47
GET, 73.9, 55
GET, 74.0, 50
GET, 74.1, 62
GET, 74.2, 59
GET, 74.3, 50
GET, 74.4, 51
GET, 74.5, 58
GET, 74.6, 53
GET, 74.7, 43
GET, 74.8, 55
GET, 74.9, 43
GET, 75.0, 45
GET, 75.1, 43
GET, 75.2, 45
GET, 75.3, 41
GET, 75.4, 51
GET, 75.5, 58
GET, 75.6, 47
GET, 75.7, 62
GET, 75.8, 67
GET, 75.9, 69
GET, 76.0, 79
GET, 76.1, 105
GET, 76.2, 101
GET, 76.3, 109
GET, 76.4, 113
GET, 76.5, 110
GET, 76.6, 123
GET, 76.7, 145
GET, 76.8, 162
GET, 76.9, 144
GET, 77.0, 124
GET, 77.1, 104
GET, 77.2, 111
GET, 77.3, 89
GET, 77.4, 55
GET, 77.5, 55
GET, 77.6, 54
GET, 77.7, 42
GET, 77.8, 29
GET, 77.9, 20
GET, 78.0, 18
GET, 78.1, 12
GET, 78.2, 15
GET, 78.3, 19
GET, 78.4, 11
GET, 78.5, 13
GET, 78.6, 17
GET, 78.7, 10
GET, 78.8, 10
GET, 78.9, 7
GET, 79.0, 5
GET, 79.1, 18
GET, 79.2, 2
GET, 79.3, 16
GET, 79.4, 10
GET, 79.5, 7
GET, 79.6, 12
GET, 79.7, 10
GET, 79.8, 12
GET, 79.9, 10
GET, 80.0, 14
GET, 80.1, 15
GET, 80.2, 14
GET, 80.3, 14
GET, 80.4, 7
GET, 80.5, 7
GET, 80.6, 5
GET, 80.7, 12
GET, 80.8, 14
GET, 80.9, 15
GET, 81.0, 13
GET, 81.1, 7
GET, 81.2, 8
GET, 81.3, 5
GET, 81.4, 9
GET, 81.5, 4
GET, 81.6, 6
GET, 81.7, 6
GET, 81.8, 6
GET, 81.9, 6
GET, 82.0, 5
GET, 82.1, 8
GET, 82.2, 1
GET, 82.3, 5
GET, 82.4, 0
GET, 82.5, 7
GET, 82.6, 6
GET, 82.7, 1
GET, 82.8, 3
GET, 82.9, 5
GET, 83.0, 5
GET, 83.1, 4
GET, 83.2, 3
GET, 83.3, 3
GET, 83.4, 7
GET, 83.5, 2
GET, 83.6, 4
GET, 83.7, 8
GET, 83.8, 4
GET, 83.9, 1
GET, 84.0, 2
GET, 84.1, 4
GET, 84.2, 3
GET, 84.3, 1
GET, 84.4, 3
GET, 84.5, 2
GET, 84.6, 0
GET, 84.7, 1
GET, 84.8, 3
GET, 84.9, 8
GET, 85.0, 1
GET, 85.1, 0
GET, 85.2, 2
GET, 85.3, 4
GET, 85.4, 5
GET, 85.5, 1
GET, 85.6, 3
GET, 85.7, 9
GET, 85.8, 2
GET, 85.9, 4
GET, 86.0, 5
GET, 86.1, 7
GET, 86.2, 8
GET, 86.3, 7
GET, 86.4, 10
GET, 86.5, 9
GET, 86.6, 8
GET, 86.7, 7
GET, 86.8, 11
GET, 86.9, 10
GET, 87.0, 7
GET, 87.1, 9
GET, 87.2, 8
GET, 87.3, 12
GET, 87.4, 7
GET, 87.5, 16
GET, 87.6, 18
GET, 87.7, 20
GET, 87.8, 19
GET, 87.9, 13
GET, 88.0, 17
GET, 88.1, 10
GET, 88.2, 12
GET, 88.3, 19
GET, 88.4, 14
GET, 88.5, 18
GET, 88.6, 13
GET, 88.7, 22
GET, 88.8, 16
GET, 88.9, 15
GET, 89.0, 20
GET, 89.1, 22
GET, 89.2, 24
GET, 89.3, 19
GET, 89.4, 18
GET, 89.5, 24
GET, 89.6, 22
GET, 89.7, 22
GET, 89.8, 19
GET, 89.9, 16
GET, 90.0, 17
GET, 90.1, 14
GET, 90.2, 9
GET, 90.3, 20
GET, 90.4, 17
GET, 90.5, 26
GET, 90.6, 18
GET, 90.7, 20
GET, 90.8, 21
GET, 90.9, 17
GET, 91.0, 14
GET, 91.1, 18
GET, 91.2, 21
GET, 91.3, 15
GET, 91.4, 13
GET, 91.5, 17
GET, 91.6, 30
GET, 91.7, 21
GET, 91.8, 24
GET, 91.9, 31
GET, 92.0, 37
GET, 92.1, 56
GET, 92.2, 46
GET, 92.3, 62
GET, 92.4, 51
GET, 92.5, 70
GET, 92.6, 62
GET, 92.7, 50
GET, 92.8, 40
GET, 92.9, 38
GET, 93.0, 22
GET, 93.1, 18
GET, 93.2, 12
GET, 93.3, 17
GET, 93.4, 9
GET, 93.5, 9
GET, 93.6, 3
GET, 93.7, 8
GET, 93.8, 10
GET, 93.9, 6
GET, 94.0, 7
GET, 94.1, 8
GET, 94.2, 5
GET, 94.3, 5
GET, 94.4, 5
GET, 94.5, 3
GET, 94.6, 0
GET, 94.7, 10
GET, 94.8, 7
GET, 94.9, 4
GET, 95.0, 3
GET, 95.1, 5
GET, 95.2, 9
GET, 95.3, 1
GET, 95.4, 5
GET, 95.5, 3
GET, 95.6, 3
GET, 95.7, 6
GET, 95.8, 6
GET, 95.9, 4
GET, 96.0, 4
GET, 96.1, 0
GET, 96.2, 2
GET, 96.3, 3
GET, 96.4, 2
GET, 96.5, 1
GET, 96.6, 2
GET, 96.7, 2
GET, 96.8, 3
GET, 96.9, 4
GET, 97.0, 4
GET, 97.1, 4
GET, 97.2, 2
GET, 97.3, 1
GET, 97.4, 2
GET, 97.5, 1
GET, 97.6, 1
GET, 97.7, 1
GET, 97.8, 2
GET, 97.9, 1
GET, 98.0, 2
GET, 98.1, 2
GET, 98.2, 1
GET, 98.3, 2
GET, 98.4, 0
GET, 98.5, 1
GET, 98.6, 0
GET, 98.7, 0
GET, 98.8, 0
GET, 98.9, 0
GET, 99.0, 1
GET, 99.1, 1
GET, 99.2, 2
GET, 99.3, 2
GET, 99.4, 1
GET, 99.5, 0
GET, 99.6, 0
GET, 99.7, 1
GET, 99.8, 1
GET, 99.9, 0
GET, 100.0, 1
GET, 100.1, 2
GET, 100.2, 2
GET, 100.3, 0
GET, 100.4, 1
GET, 100.5, 3
GET, 100.6, 1
GET, 100.7, 1
GET, 100.8, 0
GET, 100.9, 0
GET, 101.0, 0
GET, 101.1, 3
GET, 101.2, 2
GET, 101.3, 2
GET, 101.4, 4
GET, 101.5, 2
GET, 101.6, 3
GET, 101.7, 3
GET, 101.8, 6
GET, 101.9, 5
GET, 102.0, 6
GET, 102.1, 5
GET, 102.2, 4
GET, 102.3, 1
GET, 102.4, 4
GET, 102.5, 2
GET, 102.6, 3
GET, 102.7, 7
GET, 102.8, 5
GET, 102.9, 7
GET, 103.0, 8
GET, 103.1, 13
GET, 103.2, 11
GET, 103.3, 8
GET, 103.4, 9
GET, 103.5, 10
GET, 103.6, 3
GET, 103.7, 4
GET, 103.8, 7
GET, 103.9, 5
GET, 104.0, 5
GET, 104.1, 1
GET, 104.2, 3
GET, 104.3, 5
GET, 104.4, 1
GET, 104.5, 5
GET, 104.6, 0
GET, 104.7, 4
GET, 104.8, 12
GET, 104.9, 15
GET, 105.0, 10
GET, 105.1, 9
GET, 105.2, 6
GET, 105.3, 5
GET, 105.4, 4
GET, 105.5, 8
GET, 105.6, 6
GET, 105.7, 7
GET, 105.8, 10
GET, 105.9, 11
GET, 106.0, 10
GET, 106.1, 13
GET, 106.2, 6
GET, 106.3, 7
GET, 106.4, 6
GET, 106.5, 9
GET, 106.6, 4
GET, 106.7, 4
GET, 106.8, 4
GET, 106.9, 11
GET, 107.0, 5
GET, 107.1, 9
GET, 107.2, 8
GET, 107.3, 8
GET, 107.4, 5
GET, 107.5, 11
GET, 107.6, 15
GET, 107.7, 17
GET, 107.8, 14
GET, 107.9, 11
GET, 108.0, 15
GET, 108.1, 18
GET, 108.2, 24
GET, 108.3, 10
GET, 108.4, 10
GET, 108.5, 9
GET, 108.6, 10
GET, 108.7, 4
GET, 108.8, 6
GET, 108.9, 5
GET, 109.0, 2
GET, 109.1, 2
GET, 109.2, 2
GET, 109.3, 3
GET, 109.4, 1
GET, 109.5, 2
GET, 109.6, 2
GET, 109.7, 0
GET, 109.8, 0
GET, 109.9, 0
GET, 110.0, 0
GET, 110.1, 2
GET, 110.2, 0
GET, 110.3, 1
GET, 110.4, 0
GET, 110.5, 2
GET, 110.6, 0
GET, 110.7, 2
GET, 110.8, 1
GET, 110.9, 0
GET, 111.0, 1
GET, 111.1, 0
GET, 111.2, 2
GET, 111.3, 4
GET, 111.4, 0
GET, 111.5, 2
GET, 111.6, 4
GET, 111.7, 1
GET, 111.8, 4
GET, 111.9, 1
GET, 112.0, 2
GET, 112.1, 4
GET, 112.2, 0
GET, 112.3, 1
GET, 112.4, 0
GET, 112.5, 1
GET, 112.6, 1
GET, 112.7, 0
GET, 112.8, 0
GET, 112.9, 2
GET, 113.0, 1
GET, 113.1, 0
GET, 113.2, 1
GET, 113.3, 0
GET, 113.4, 1
GET, 113.5, 0
GET, 113.6, 1
GET, 113.7, 1
GET, 113.8, 1
GET, 113.9, 1
GET, 114.0, 2
GET, 114.1, 0
GET, 114.2, 0
GET, 114.3, 1
GET, 114.4, 1
GET, 114.5, 0
GET, 114.6, 1
GET, 114.7, 0
GET, 114.8, 1
GET, 114.9, 0
GET, 115.0, 0
GET, 115.1, 0
GET, 115.2, 0
GET, 115.3, 5
GET, 115.4, 2
GET, 115.5, 4
GET, 115.6, 1
GET, 115.7, 0
GET, 115.8, 0
GET, 115.9, 0
GET, 116.0, 0
GET, 116.1, 3
GET, 116.2, 0
GET, 116.3, 1
GET, 116.4, 0
GET, 116.5, 1
GET, 116.6, 1
GET, 116.7, 1
GET, 116.8, 1
GET, 116.9, 1
GET, 117.0, 4
GET, 117.1, 1
GET, 117.2, 3
GET, 117.3, 1
GET, 117.4, 0
GET, 117.5, 0
GET, 117.6, 1
GET, 117.7, 2
GET, 117.8, 1
GET, 117.9, 0
GET, 118.0, 3
GET, 118.1, 1
GET, 118.2, 2
GET, 118.3, 3
GET, 118.4, 2
GET, 118.5, 1
GET, 118.6, 1
GET, 118.7, 3
GET, 118.8, 4
GET, 118.9, 3
GET, 119.0, 2
GET, 119.1, 5
GET, 119.2, 1
GET, 119.3, 1
GET, 119.4, 5
GET, 119.5, 3
GET, 119.6, 4
GET, 119.7, 1
GET, 119.8, 2
GET, 119.9, 3
GET, 120.0, 2
GET, 120.1, 2
GET, 120.2, 2
GET, 120.3, 4
GET, 120.4, 1
GET, 120.5, 1
GET, 120.6, 0
GET, 120.7, 0
GET, 120.8, 1
GET, 120.9, 5
GET, 121.0, 3
GET, 121.1, 4
GET, 121.2, 6
GET, 121.3, 4
GET, 121.4, 12
GET, 121.5, 4
GET, 121.6, 3
GET, 121.7, 3
GET, 121.8, 0
GET, 121.9, 6
GET, 122.0, 3
GET, 122.1, 3
GET, 122.2, 4
GET, 122.3, 4
GET, 122.4, 5
GET, 122.5, 3
GET, 122.6, 3
GET, 122.7, 4
GET, 122.8, 3
GET, 122.9, 2
GET, 123.0, 5
GET, 123.1, 10
GET, 123.2, 9
GET, 123.3, 3
GET, 123.4, 9
GET, 123.5, 2
GET, 123.6, 5
GET, 123.7, 7
GET, 123.8, 16
GET, 123.9, 4
GET, 124.0, 1
GET, 124.1, 8
GET, 124.2, 3
GET, 124.3, 4
GET, 124.4, 8
GET, 124.5, 9
GET, 124.6, 3
GET, 124.7, 1
GET, 124.8, 0
GET, 124.9, 2
GET, 125.0, 0
GET, 125.1, 0
GET, 125.2, 0
GET, 125.3, 2
GET, 125.4, 0
GET, 125.5, 0
GET, 125.6, 0
GET, 125.7, 1
GET, 125.8, 0
GET, 125.9, 0
GET, 126.0, 2
GET, 126.1, 1
GET, 126.2, 0
GET, 126.3, 0
GET, 126.4, 2
GET, 126.5, 2
GET, 126.6, 0
GET, 126.7, 0
GET, 126.8, 1
GET, 126.9, 0
GET, 127.0, 0
GET, 127.1, 0
GET, 127.2, 1
GET, 127.3, 1
GET, 127.4, 0
GET, 127.5, 3
GET, 127.6, 3
GET, 127.7, 1
GET, 127.8, 0
GET, 127.9, 2
GET, 128.0, 0
GET, 128.1, 2
GET, 128.2, 0
GET, 128.3, 5
GET, 128.4, 0
GET, 128.5, 3
GET, 128.6, 0
GET, 128.7, 0
GET, 128.8, 1
GET, 128.9, 0
GET, 129.0, 1
GET, 129.1, 1
GET, 129.2, 1
GET, 129.3, 1
GET, 129.4, 0
GET, 129.5, 1
GET, 129.6, 0
GET, 129.7, 0
GET, 129.8, 3
GET, 129.9, 1
GET, 130.0, 0
GET, 130.1, 0
GET, 130.2, 0
GET, 130.3, 0
GET, 130.4, 1
GET, 130.5, 0
GET, 130.6, 1
GET, 130.7, 0
GET, 130.8, 1
GET, 130.9, 1
GET, 131.0, 0
GET, 131.1, 0
GET, 131.2, 0
GET, 131.3, 0
GET, 131.4, 0
GET, 131.5, 1
GET, 131.6, 1
GET, 131.7, 0
GET, 131.8, 0
GET, 131.9, 1
GET, 132.0, 1
GET, 132.1, 0
GET, 132.2, 0
GET, 132.3, 1
GET, 132.4, 2
GET, 132.5, 2
GET, 132.6, 2
GET, 132.7, 0
GET, 132.8, 2
GET, 132.9, 0
GET, 133.0, 2
GET, 133.1, 0
GET, 133.2, 0
GET, 133.3, 0
GET, 133.4, 2
GET, 133.5, 0
GET, 133.6, 0
GET, 133.7, 1
GET, 133.8, 0
GET, 133.9, 1
GET, 134.0, 0
GET, 134.1, 1
GET, 134.2, 0
GET, 134.3, 1
GET, 134.4, 0
GET, 134.5, 1
GET, 134.6, 4
GET, 134.7, 5
GET, 134.8, 3
GET, 134.9, 2
GET, 135.0, 0
GET, 135.1, 2
GET, 135.2, 3
GET, 135.3, 1
GET, 135.4, 0
GET, 135.5, 3
GET, 135.6, 1
GET, 135.7, 3
GET, 135.8, 1
GET, 135.9, 1
GET, 136.0, 2
GET, 136.1, 1
GET, 136.2, 2
GET, 136.3, 1
GET, 136.4, 1
GET, 136.5, 1
GET, 136.6, 1
GET, 136.7, 3
GET, 136.8, 2
GET, 136.9, 0
GET, 137.0, 0
GET, 137.1, 1
GET, 137.2, 4
GET, 137.3, 3
GET, 137.4, 1
GET, 137.5, 3
GET, 137.6, 1
GET, 137.7, 1
GET, 137.8, 1
GET, 137.9, 3
GET, 138.0, 0
GET, 138.1, 0
GET, 138.2, 0
GET, 138.3, 0
GET, 138.4, 0
GET, 138.5, 2
GET, 138.6, 1
GET, 138.7, 1
GET, 138.8, 1
GET, 138.9, 2
GET, 139.0, 2
GET, 139.1, 3
GET, 139.2, 6
GET, 139.3, 3
GET, 139.4, 4
GET, 139.5, 1
GET, 139.6, 1
GET, 139.7, 1
GET, 139.8, 1
GET, 139.9, 2
GET, 140.0, 2
GET, 140.1, 3
GET, 140.2, 0
GET, 140.3, 1
GET, 140.4, 1
GET, 140.5, 0
GET, 140.6, 0
GET, 140.7, 0
GET, 140.8, 0
GET, 140.9, 0
GET, 141.0, 0
GET, 141.1, 0
GET, 141.2, 0
GET, 141.3, 0
GET, 141.4, 1
GET, 141.5, 0
GET, 141.6, 0
GET, 141.7, 0
GET, 141.8, 1
GET, 141.9, 0
GET, 142.0, 0
GET, 142.1, 1
GET, 142.2, 1
GET, 142.3, 0
GET, 142.4, 0
GET, 142.5, 0
GET, 142.6, 1
GET, 142.7, 0
GET, 142.8, 0
GET, 142.9, 0
GET, 143.0, 0
GET, 143.1, 2
GET, 143.2, 0
GET, 143.3, 1
GET, 143.4, 0
GET, 143.5, 0
GET, 143.6, 0
GET, 143.7, 1
GET, 143.8, 0
GET, 143.9, 1
GET, 144.0, 0
GET, 144.1, 0
GET, 144.2, 1
GET, 144.3, 0
GET, 144.4, 0
GET, 144.5, 0
GET, 144.6, 0
GET, 144.7, 0
GET, 144.8, 0
GET, 144.9, 0
GET, 145.0, 0
GET, 145.1, 0
GET, 145.2, 0
GET, 145.3, 0
GET, 145.4, 0
GET, 145.5, 0
GET, 145.6, 0
GET, 145.7, 0
GET, 145.8, 0
GET, 145.9, 0
GET, 146.0, 0
GET, 146.1, 0
GET, 146.2, 0
GET, 146.3, 0
GET, 146.4, 0
GET, 146.5, 0
GET, 146.6, 0
GET, 146.7, 0
GET, 146.8, 0
GET, 146.9, 0
GET, 147.0, 0
GET, 147.1, 0
GET, 147.2, 0
GET, 147.3, 0
GET, 147.4, 1
GET, 147.5, 0
GET, 147.6, 0
GET, 147.7, 0
GET, 147.8, 0
GET, 147.9, 0
GET, 148.0, 0
GET, 148.1, 0
GET, 148.2, 0
GET, 148.3, 0
GET, 148.4, 1
GET, 148.5, 0
GET, 148.6, 0
GET, 148.7, 0
GET, 148.8, 0
GET, 148.9, 0
GET, 149.0, 0
GET, 149.1, 1
GET, 149.2, 0
GET, 149.3, 0
GET, 149.4, 0
GET, 149.5, 0
GET, 149.6, 0
GET, 149.7, 0
GET, 149.8, 0
GET, 149.9, 0
GET, 150.0, 0
GET, 150.1, 0
GET, 150.2, 0
GET, 150.3, 0
GET, 150.4, 0
GET, 150.5, 0
GET, 150.6, 0
GET, 150.7, 0
GET, 150.8, 0
GET, 150.9, 0
GET, 151.0, 0
GET, 151.1, 0
GET, 151.2, 0
GET, 151.3, 0
GET, 151.4, 1
GET, 151.5, 1
GET, 151.6, 0
GET, 151.7, 0
GET, 151.8, 0
GET, 151.9, 0
GET, 152.0, 1
GET, 152.1, 1
GET, 152.2, 0
GET, 152.3, 0
GET, 152.4, 0
GET, 152.5, 1
GET, 152.6, 1
GET, 152.7, 2
GET, 152.8, 3
GET, 152.9, 3
GET, 153.0, 3
GET, 153.1, 1
GET, 153.2, 0
GET, 153.3, 1
GET, 153.4, 0
GET, 153.5, 0
GET, 153.6, 2
GET, 153.7, 0
GET, 153.8, 6
GET, 153.9, 2
GET, 154.0, 0
GET, 154.1, 0
GET, 154.2, 0
GET, 154.3, 1
GET, 154.4, 1
GET, 154.5, 0
GET, 154.6, 0
GET, 154.7, 0
GET, 154.8, 1
GET, 154.9, 1
GET, 155.0, 1
GET, 155.1, 2
GET, 155.2, 0
GET, 155.3, 0
GET, 155.4, 0
GET, 155.5, 1
GET, 155.6, 0
GET, 155.7, 1
GET, 155.8, 0
GET, 155.9, 0
GET, 156.0, 0
GET, 156.1, 0
GET, 156.2, 0
GET, 156.3, 0
GET, 156.4, 0
GET, 156.5, 0
GET, 156.6, 0
GET, 156.7, 0
GET, 156.8, 0
GET, 156.9, 0
GET, 157.0, 0
GET, 157.1, 0
GET, 157.2, 0
GET, 157.3, 0
GET, 157.4, 0
GET, 157.5, 0
GET, 157.6, 0
GET, 157.7, 0
GET, 157.8, 0
GET, 157.9, 1
GET, 158.0, 0
GET, 158.1, 0
GET, 158.2, 0
GET, 158.3, 0
GET, 158.4, 0
GET, 158.5, 0
GET, 158.6, 0
GET, 158.7, 0
GET, 158.8, 0
GET, 158.9, 0
GET, 159.0, 0
GET, 159.1, 0
GET, 159.2, 0
GET, 159.3, 0
GET, 159.4, 0
GET, 159.5, 0
GET, 159.6, 0
GET, 159.7, 0
GET, 159.8, 0
GET, 159.9, 0
GET, 160.0, 0
GET, 160.1, 0
GET, 160.2, 0
GET, 160.3, 0
GET, 160.4, 0
GET, 160.5, 0
GET, 160.6, 0
GET, 160.7, 0
GET, 160.8, 0
GET, 160.9, 0
GET, 161.0, 0
GET, 161.1, 1
GET, 161.2, 0
GET, 161.3, 0
GET, 161.4, 0
GET, 161.5, 0
GET, 161.6, 0
GET, 161.7, 0
GET, 161.8, 0
GET, 161.9, 0
GET, 162.0, 0
GET, 162.1, 0
GET, 162.2, 0
GET, 162.3, 0
GET, 162.4, 0
GET, 162.5, 0
GET, 162.6, 0
GET, 162.7, 0
GET, 162.8, 0
GET, 162.9, 0
GET, 163.0, 0
GET, 163.1, 0
GET, 163.2, 1
GET, 163.3, 0
GET, 163.4, 0
GET, 163.5, 0
GET, 163.6, 0
GET, 163.7, 0
GET, 163.8, 0
GET, 163.9, 0
GET, 164.0, 0
GET, 164.1, 0
GET, 164.2, 0
GET, 164.3, 0
GET, 164.4, 0
GET, 164.5, 0
GET, 164.6, 1
GET, 164.7, 0
GET, 164.8, 0
GET, 164.9, 0
GET, 165.0, 0
GET, 165.1, 0
GET, 165.2, 0
GET, 165.3, 0
GET, 165.4, 0
GET, 165.5, 0
GET, 165.6, 0
GET, 165.7, 0
GET, 165.8, 0
GET, 165.9, 0
GET, 166.0, 0
GET, 166.1, 0
GET, 166.2, 0
GET, 166.3, 0
GET, 166.4, 0
GET, 166.5, 0
GET, 166.6, 0
GET, 166.7, 0
GET, 166.8, 0
GET, 166.9, 0
GET, 167.0, 0
GET, 167.1, 0
GET, 167.2, 0
GET, 167.3, 0
GET, 167.4, 0
GET, 167.5, 0
GET, 167.6, 0
GET, 167.7, 1
GET, 167.8, 0
GET, 167.9, 3
GET, 168.0, 1
GET, 168.1, 0
GET, 168.2, 0
GET, 168.3, 1
GET, 168.4, 0
GET, 168.5, 0
GET, 168.6, 0
GET, 168.7, 0
GET, 168.8, 0
GET, 168.9, 0
GET, 169.0, 0
GET, 169.1, 1
GET, 169.2, 1
GET, 169.3, 0
GET, 169.4, 1
GET, 169.5, 0
GET, 169.6, 1
GET, 169.7, 0
GET, 169.8, 0
GET, 169.9, 0
GET, 170.0, 0
GET, 170.1, 0
GET, 170.2, 0
GET, 170.3, 0
GET, 170.4, 0
GET, 170.5, 0
GET, 170.6, 0
GET, 170.7, 0
GET, 170.8, 0
GET, 170.9, 0
GET, 171.0, 0
GET, 171.1, 1
GET, 171.2, 0
GET, 171.3, 0
GET, 171.4, 0
GET, 171.5, 1
GET, 171.6, 0
GET, 171.7, 0
GET, 171.8, 0
GET, 171.9, 0
GET, 172.0, 0
GET, 172.1, 0
GET, 172.2, 0
GET, 172.3, 0
GET, 172.4, 0
GET, 172.5, 0
GET, 172.6, 0
GET, 172.7, 0
GET, 172.8, 0
GET, 172.9, 0
GET, 173.0, 0
GET, 173.1, 0
GET, 173.2, 0
GET, 173.3, 3
GET, 173.4, 0
GET, 173.5, 0
GET, 173.6, 0
GET, 173.7, 0
GET, 173.8, 0
GET, 173.9, 0
GET, 174.0, 0
GET, 174.1, 0
GET, 174.2, 0
GET, 174.3, 0
GET, 174.4, 0
GET, 174.5, 0
GET, 174.6, 0
GET, 174.7, 0
GET, 174.8, 0
GET, 174.9, 0
GET, 175.0, 0
GET, 175.1, 0
GET, 175.2, 0
GET, 175.3, 0
GET, 175.4, 0
GET, 175.5, 0
GET, 175.6, 0
GET, 175.7, 0
GET, 175.8, 0
GET, 175.9, 0
GET, 176.0, 0
GET, 176.1, 0
GET, 176.2, 0
GET, 176.3, 3
GET, 176.4, 1
GET, 176.5, 1
GET, 176.6, 0
GET, 176.7, 0
GET, 176.8, 0
GET, 176.9, 0
GET, 177.0, 0
GET, 177.1, 0
GET, 177.2, 0
GET, 177.3, 0
GET, 177.4, 0
GET, 177.5, 0
GET, 177.6, 0
GET, 177.7, 0
GET, 177.8, 0
GET, 177.9, 0
GET, 178.0, 0
GET, 178.1, 0
GET, 178.2, 0
GET, 178.3, 1
GET, 178.4, 0
GET, 178.5, 0
GET, 178.6, 0
GET, 178.7, 0
GET, 178.8, 0
GET, 178.9, 0
GET, 179.0, 0
GET, 179.1, 0
GET, 179.2, 0
GET, 179.3, 1
GET, 179.4, 0
GET, 179.5, 0
GET, 179.6, 0
GET, 179.7, 0
GET, 179.8, 0
GET, 179.9, 0
GET, 180.0, 0
GET, 180.1, 0
GET, 180.2, 0
GET, 180.3, 0
GET, 180.4, 0
GET, 180.5, 0
GET, 180.6, 0
GET, 180.7, 0
GET, 180.8, 0
GET, 180.9, 0
GET, 181.0, 0
GET, 181.1, 0
GET, 181.2, 0
GET, 181.3, 0
GET, 181.4, 0
GET, 181.5, 0
GET, 181.6, 0
GET, 181.7, 0
GET, 181.8, 0
GET, 181.9, 0
GET, 182.0, 0
GET, 182.1, 0
GET, 182.2, 0
GET, 182.3, 0
GET, 182.4, 0
GET, 182.5, 0
GET, 182.6, 0
GET, 182.7, 0
GET, 182.8, 0
GET, 182.9, 0
GET, 183.0, 2
GET, 183.1, 2
GET, 183.2, 1
GET, 183.3, 0
GET, 183.4, 0
GET, 183.5, 0
GET, 183.6, 0
GET, 183.7, 1
GET, 183.8, 1
GET, 183.9, 0
GET, 184.0, 0
GET, 184.1, 0
GET, 184.2, 0
GET, 184.3, 0
GET, 184.4, 0
GET, 184.5, 0
GET, 184.6, 0
GET, 184.7, 0
GET, 184.8, 1
GET, 184.9, 3
GET, 185.0, 0
GET, 185.1, 0
GET, 185.2, 0
GET, 185.3, 0
GET, 185.4, 2
GET, 185.5, 0
GET, 185.6, 0
GET, 185.7, 0
GET, 185.8, 1
GET, 185.9, 0
GET, 186.0, 0
GET, 186.1, 1
GET, 186.2, 0
GET, 186.3, 0
GET, 186.4, 1
GET, 186.5, 1
GET, 186.6, 1
GET, 186.7, 0
GET, 186.8, 0
GET, 186.9, 0
GET, 187.0, 0
GET, 187.1, 0
GET, 187.2, 1
GET, 187.3, 0
GET, 187.4, 0
GET, 187.5, 2
GET, 187.6, 0
GET, 187.7, 0
GET, 187.8, 1
GET, 187.9, 0
GET, 188.0, 0
GET, 188.1, 0
GET, 188.2, 0
GET, 188.3, 0
GET, 188.4, 0
GET, 188.5, 0
GET, 188.6, 0
GET, 188.7, 1
GET, 188.8, 0
GET, 188.9, 0
GET, 189.0, 0
GET, 189.1, 0
GET, 189.2, 0
GET, 189.3, 0
GET, 189.4, 0
GET, 189.5, 0
GET, 189.6, 0
GET, 189.7, 0
GET, 189.8, 0
GET, 189.9, 0
GET, 190.0, 0
GET, 190.1, 0
GET, 190.2, 0
GET, 190.3, 0
GET, 190.4, 0
GET, 190.5, 0
GET, 190.6, 0
GET, 190.7, 0
GET, 190.8, 0
GET, 190.9, 0
GET, 191.0, 0
GET, 191.1, 0
GET, 191.2, 0
GET, 191.3, 0
GET, 191.4, 0
GET, 191.5, 0
GET, 191.6, 0
GET, 191.7, 0
GET, 191.8, 0
GET, 191.9, 0
GET, 192.0, 0
GET, 192.1, 0
GET, 192.2, 0
GET, 192.3, 0
GET, 192.4, 0
GET, 192.5, 0
GET, 192.6, 0
GET, 192.7, 0
GET, 192.8, 0
GET, 192.9, 0
GET, 193.0, 0
GET, 193.1, 0
GET, 193.2, 0
GET, 193.3, 0
GET, 193.4, 0
GET, 193.5, 0
GET, 193.6, 0
GET, 193.7, 0
GET, 193.8, 0
GET, 193.9, 0
GET, 194.0, 0
GET, 194.1, 0
GET, 194.2, 0
GET, 194.3, 0
GET, 194.4, 0
GET, 194.5, 0
GET, 194.6, 0
GET, 194.7, 0
GET, 194.8, 0
GET, 194.9, 0
GET, 195.0, 0
GET, 195.1, 0
GET, 195.2, 0
GET, 195.3, 0
GET, 195.4, 0
GET, 195.5, 0
GET, 195.6, 0
GET, 195.7, 0
GET, 195.8, 0
GET, 195.9, 0
GET, 196.0, 0
GET, 196.1, 0
GET, 196.2, 0
GET, 196.3, 0
GET, 196.4, 0
GET, 196.5, 0
GET, 196.6, 0
GET, 196.7, 0
GET, 196.8, 0
GET, 196.9, 0
GET, 197.0, 0
GET, 197.1, 0
GET, 197.2, 2
GET, 197.3, 1
GET, 197.4, 0
GET, 197.5, 0
GET, 197.6, 0
GET, 197.7, 0
GET, 197.8, 0
GET, 197.9, 0
GET, 198.0, 0
GET, 198.1, 0
GET, 198.2, 0
GET, 198.3, 0
GET, 198.4, 0
GET, 198.5, 0
GET, 198.6, 0
GET, 198.7, 0
GET, 198.8, 0
GET, 198.9, 0
GET, 199.0, 0
GET, 199.1, 0
GET, 199.2, 0
GET, 199.3, 0
GET, 199.4, 0
GET, 199.5, 0
GET, 199.6, 0
GET, 199.7, 0
GET, 199.8, 0
GET, 199.9, 0
GET, 200.0, 0
GET, 200.1, 0
GET, 200.2, 0
GET, 200.3, 0
GET, 200.4, 0
GET, 200.5, 0
GET, 200.6, 0
GET, 200.7, 0
GET, 200.8, 0
GET, 200.9, 0
GET, 201.0, 0
GET, 201.1, 0
GET, 201.2, 0
GET, 201.3, 0
GET, 201.4, 0
GET, 201.5, 0
GET, 201.6, 0
GET, 201.7, 0
GET, 201.8, 0
GET, 201.9, 0
GET, 202.0, 0
GET, 202.1, 0
GET, 202.2, 0
GET, 202.3, 0
GET, 202.4, 0
GET, 202.5, 0
GET, 202.6, 0
GET, 202.7, 0
GET, 202.8, 0
GET, 202.9, 0
GET, 203.0, 0
GET, 203.1, 0
GET, 203.2, 0
GET, 203.3, 0
GET, 203.4, 0
GET, 203.5, 0
GET, 203.6, 0
GET, 203.7, 0
GET, 203.8, 0
GET, 203.9, 0
GET, 204.0, 0
GET, 204.1, 0
GET, 204.2, 0
GET, 204.3, 0
GET, 204.4, 0
GET, 204.5, 0
GET, 204.6, 0
GET, 204.7, 0
GET, 204.8, 0
GET, 204.9, 0
GET, 205.0, 0
GET, 205.1, 0
GET, 205.2, 0
GET, 205.3, 0
GET, 205.4, 0
GET, 205.5, 0
GET, 205.6, 0
GET, 205.7, 0
GET, 205.8, 0
GET, 205.9, 0
GET, 206.0, 0
GET, 206.1, 0
GET, 206.2, 0
GET, 206.3, 0
GET, 206.4, 0
GET, 206.5, 0
GET, 206.6, 0
GET, 206.7, 0
GET, 206.8, 0
GET, 206.9, 0
GET, 207.0, 0
GET, 207.1, 0
GET, 207.2, 0
GET, 207.3, 0
GET, 207.4, 0
GET, 207.5, 0
GET, 207.6, 0
GET, 207.7, 0
GET, 207.8, 0
GET, 207.9, 0
GET, 208.0, 0
GET, 208.1, 0
GET, 208.2, 0
GET, 208.3, 0
GET, 208.4, 0
GET, 208.5, 0
GET, 208.6, 0
GET, 208.7, 0
GET, 208.8, 0
GET, 208.9, 0
GET, 209.0, 0
GET, 209.1, 0
GET, 209.2, 0
GET, 209.3, 0
GET, 209.4, 0
GET, 209.5, 0
GET, 209.6, 0
GET, 209.7, 0
GET, 209.8, 0
GET, 209.9, 0
GET, 210.0, 0
GET, 210.1, 0
GET, 210.2, 0
GET, 210.3, 0
GET, 210.4, 0
GET, 210.5, 0
GET, 210.6, 0
GET, 210.7, 0
GET, 210.8, 0
GET, 210.9, 0
GET, 211.0, 0
GET, 211.1, 0
GET, 211.2, 0
GET, 211.3, 0
GET, 211.4, 0
GET, 211.5, 0
GET, 211.6, 0
GET, 211.7, 0
GET, 211.8, 0
GET, 211.9, 0
GET, 212.0, 0
GET, 212.1, 0
GET, 212.2, 0
GET, 212.3, 0
GET, 212.4, 0
GET, 212.5, 0
GET, 212.6, 0
GET, 212.7, 0
GET, 212.8, 0
GET, 212.9, 0
GET, 213.0, 0
GET, 213.1, 0
GET, 213.2, 0
GET, 213.3, 0
GET, 213.4, 0
GET, 213.5, 0
GET, 213.6, 0
GET, 213.7, 0
GET, 213.8, 0
GET, 213.9, 0
GET, 214.0, 0
GET, 214.1, 0
GET, 214.2, 0
GET, 214.3, 0
GET, 214.4, 0
GET, 214.5, 0
GET, 214.6, 0
GET, 214.7, 0
GET, 214.8, 0
GET, 214.9, 0
GET, 215.0, 0
GET, 215.1, 0
GET, 215.2, 0
GET, 215.3, 0
GET, 215.4, 0
GET, 215.5, 0
GET, 215.6, 0
GET, 215.7, 0
GET, 215.8, 0
GET, 215.9, 0
GET, 216.0, 0
GET, 216.1, 0
GET, 216.2, 0
GET, 216.3, 0
GET, 216.4, 0
GET, 216.5, 0
GET, 216.6, 0
GET, 216.7, 0
GET, 216.8, 0
GET, 216.9, 0
GET, 217.0, 0
GET, 217.1, 0
GET, 217.2, 0
GET, 217.3, 0
GET, 217.4, 0
GET, 217.5, 0
GET, 217.6, 0
GET, 217.7, 0
GET, 217.8, 0
GET, 217.9, 0
GET, 218.0, 0
GET, 218.1, 0
GET, 218.2, 0
GET, 218.3, 0
GET, 218.4, 0
GET, 218.5, 0
GET, 218.6, 0
GET, 218.7, 0
GET, 218.8, 0
GET, 218.9, 0
GET, 219.0, 0
GET, 219.1, 0
GET, 219.2, 0
GET, 219.3, 0
GET, 219.4, 0
GET, 219.5, 0
GET, 219.6, 0
GET, 219.7, 0
GET, 219.8, 0
GET, 219.9, 0
GET, 220.0, 0
GET, 220.1, 0
GET, 220.2, 0
GET, 220.3, 0
GET, 220.4, 0
GET, 220.5, 0
GET, 220.6, 0
GET, 220.7, 0
GET, 220.8, 0
GET, 220.9, 0
GET, 221.0, 0
GET, 221.1, 0
GET, 221.2, 0
GET, 221.3, 0
GET, 221.4, 0
GET, 221.5, 0
GET, 221.6, 0
GET, 221.7, 0
GET, 221.8, 0
GET, 221.9, 0
GET, 222.0, 0
GET, 222.1, 0
GET, 222.2, 0
GET, 222.3, 0
GET, 222.4, 0
GET, 222.5, 0
GET, 222.6, 0
GET, 222.7, 0
GET, 222.8, 0
GET, 222.9, 0
GET, 223.0, 0
GET, 223.1, 0
GET, 223.2, 0
GET, 223.3, 0
GET, 223.4, 0
GET, 223.5, 0
GET, 223.6, 0
GET, 223.7, 0
GET, 223.8, 0
GET, 223.9, 0
GET, 224.0, 0
GET, 224.1, 0
GET, 224.2, 0
GET, 224.3, 0
GET, 224.4, 0
GET, 224.5, 0
GET, 224.6, 0
GET, 224.7, 0
GET, 224.8, 0
GET, 224.9, 0
GET, 225.0, 0
GET, 225.1, 0
GET, 225.2, 0
GET, 225.3, 0
GET, 225.4, 0
GET, 225.5, 0
GET, 225.6, 0
GET, 225.7, 0
GET, 225.8, 0
GET, 225.9, 0
GET, 226.0, 0
GET, 226.1, 0
GET, 226.2, 0
GET, 226.3, 0
GET, 226.4, 0
GET, 226.5, 0
GET, 226.6, 0
GET, 226.7, 0
GET, 226.8, 0
GET, 226.9, 0
GET, 227.0, 0
GET, 227.1, 0
GET, 227.2, 0
GET, 227.3, 0
GET, 227.4, 0
GET, 227.5, 0
GET, 227.6, 0
GET, 227.7, 0
GET, 227.8, 0
GET, 227.9, 0
GET, 228.0, 0
GET, 228.1, 0
GET, 228.2, 0
GET, 228.3, 0
GET, 228.4, 0
GET, 228.5, 0
GET, 228.6, 0
GET, 228.7, 0
GET, 228.8, 0
GET, 228.9, 0
GET, 229.0, 0
GET, 229.1, 0
GET, 229.2, 0
GET, 229.3, 0
GET, 229.4, 0
GET, 229.5, 0
GET, 229.6, 0
GET, 229.7, 0
GET, 229.8, 0
GET, 229.9, 0
GET, 230.0, 0
GET, 230.1, 0
GET, 230.2, 0
GET, 230.3, 0
GET, 230.4, 0
GET, 230.5, 0
GET, 230.6, 0
GET, 230.7, 0
GET, 230.8, 0
GET, 230.9, 0
GET, 231.0, 0
GET, 231.1, 0
GET, 231.2, 0
GET, 231.3, 0
GET, 231.4, 0
GET, 231.5, 0
GET, 231.6, 0
GET, 231.7, 0
GET, 231.8, 0
GET, 231.9, 0
GET, 232.0, 0
GET, 232.1, 0
GET, 232.2, 0
GET, 232.3, 0
GET, 232.4, 0
GET, 232.5, 0
GET, 232.6, 0
GET, 232.7, 0
GET, 232.8, 0
GET, 232.9, 0
GET, 233.0, 0
GET, 233.1, 0
GET, 233.2, 0
GET, 233.3, 0
GET, 233.4, 0
GET, 233.5, 0
GET, 233.6, 0
GET, 233.7, 0
GET, 233.8, 0
GET, 233.9, 0
GET, 234.0, 0
GET, 234.1, 0
GET, 234.2, 0
GET, 234.3, 0
GET, 234.4, 0
GET, 234.5, 0
GET, 234.6, 0
GET, 234.7, 0
GET, 234.8, 0
GET, 234.9, 0
GET, 235.0, 0
GET, 235.1, 0
GET, 235.2, 0
GET, 235.3, 0
GET, 235.4, 0
GET, 235.5, 0
GET, 235.6, 0
GET, 235.7, 0
GET, 235.8, 0
GET, 235.9, 0
GET, 236.0, 0
GET, 236.1, 0
GET, 236.2, 0
GET, 236.3, 0
GET, 236.4, 0
GET, 236.5, 0
GET, 236.6, 0
GET, 236.7, 0
GET, 236.8, 0
GET, 236.9, 0
GET, 237.0, 0
GET, 237.1, 0
GET, 237.2, 0
GET, 237.3, 0
GET, 237.4, 0
GET, 237.5, 0
GET, 237.6, 0
GET, 237.7, 0
GET, 237.8, 0
GET, 237.9, 0
GET, 238.0, 0
GET, 238.1, 0
GET, 238.2, 0
GET, 238.3, 0
GET, 238.4, 2
GET, 238.5, 0
GET, 238.6, 1
GET, 238.7, 0
GET, 238.8, 1
GET, 238.9, 0
GET, 239.0, 0
GET, 239.1, 0
GET, 239.2, 0
GET, 239.3, 0
GET, 239.4, 0
GET, 239.5, 0
GET, 239.6, 0
GET, 239.7, 1
GET, 239.8, 1
GET, 239.9, 0
GET, 240.0, 0
GET, 240.1, 0
GET, 240.2, 0
GET, 240.3, 0
GET, 240.4, 0
GET, 240.5, 0
GET, 240.6, 0
GET, 240.7, 1
GET, 240.8, 1
GET, 240.9, 0
GET, 241.0, 1
GET, 241.1, 0
GET, 241.2, 0
GET, 241.3, 0
GET, 241.4, 0
GET, 241.5, 0
GET, 241.6, 0
GET, 241.7, 0
GET, 241.8, 0
GET, 241.9, 1
GET, 242.0, 0
GET, 242.1, 0
GET, 242.2, 0
GET, 242.3, 0
GET, 242.4, 0
GET, 242.5, 0
GET, 242.6, 0
GET, 242.7, 0
GET, 242.8, 0
GET, 242.9, 1
GET, 243.0, 0
GET, 243.1, 0
GET, 243.2, 0
GET, 243.3, 0
GET, 243.4, 1
GET, 243.5, 0
GET, 243.6, 0
GET, 243.7, 1
GET, 243.8, 1
GET, 243.9, 0
GET, 244.0, 0
GET, 244.1, 0
GET, 244.2, 0
GET, 244.3, 3
GET, 244.4, 1
GET, 244.5, 1
GET, 244.6, 0
GET, 244.7, 0
GET, 244.8, 0
GET, 244.9, 0
GET, 245.0, 0
GET, 245.1, 0
GET, 245.2, 0
GET, 245.3, 0
GET, 245.4, 0
GET, 245.5, 1
GET, 245.6, 0
GET, 245.7, 0
GET, 245.8, 0
GET, 245.9, 0
GET, 246.0, 0
GET, 246.1, 0
GET, 246.2, 0
GET, 246.3, 0
GET, 246.4, 0
GET, 246.5, 0
GET, 246.6, 0
GET, 246.7, 0
GET, 246.8, 0
GET, 246.9, 0
GET, 247.0, 0
GET, 247.1, 0
GET, 247.2, 0
GET, 247.3, 0
GET, 247.4, 0
GET, 247.5, 0
GET, 247.6, 0
GET, 247.7, 0
GET, 247.8, 0
GET, 247.9, 0
GET, 248.0, 0
GET, 248.1, 0
GET, 248.2, 0
GET, 248.3, 0
GET, 248.4, 0
GET, 248.5, 0
GET, 248.6, 0
GET, 248.7, 0
GET, 248.8, 0
GET, 248.9, 0
GET, 249.0, 1
GET, 249.1, 0
GET, 249.2, 0
GET, 249.3, 0
GET, 249.4, 1
GET, 249.5, 0
GET, 249.6, 0
GET, 249.7, 0
GET, 249.8, 0
GET, 249.9, 0
GET, 250.0, 0
GET, 250.1, 0
GET, 250.2, 0
GET, 250.3, 0
GET, 250.4, 1
GET, 250.5, 0
GET, 250.6, 0
GET, 250.7, 0
GET, 250.8, 0
GET, 250.9, 1
GET, 251.0, 0
GET, 251.1, 0
GET, 251.2, 0
GET, 251.3, 1
GET, 251.4, 0
GET, 251.5, 0
GET, 251.6, 0
GET, 251.7, 0
GET, 251.8, 0
GET, 251.9, 0
GET, 252.0, 1
GET, 252.1, 2
GET, 252.2, 0
GET, 252.3, 0
GET, 252.4, 0
GET, 252.5, 0
GET, 252.6, 0
GET, 252.7, 0
GET, 252.8, 0
GET, 252.9, 0
GET, 253.0, 0
GET, 253.1, 1
GET, 253.2, 0
GET, 253.3, 0
GET, 253.4, 0
GET, 253.5, 0
GET, 253.6, 0
GET, 253.7, 0
GET, 253.8, 0
GET, 253.9, 0
GET, 254.0, 0
GET, 254.1, 0
GET, 254.2, 0
GET, 254.3, 0
GET, 254.4, 0
GET, 254.5, 1
GET, 254.6, 0
GET, 254.7, 1
GET, 254.8, 0
GET, 254.9, 0
GET, 255.0, 1
GET, 255.1, 0
GET, 255.2, 1
GET, 255.3, 0
GET, 255.4, 0
GET, 255.5, 0
GET, 255.6, 0
GET, 255.7, 0
GET, 255.8, 0
GET, 255.9, 1
GET, 256.0, 0
GET, 256.1, 0
GET, 256.2, 0
GET, 256.3, 0
GET, 256.4, 0
GET, 256.5, 0
GET, 256.6, 0
GET, 256.7, 0
GET, 256.8, 0
GET, 256.9, 0
GET, 257.0, 0
GET, 257.1, 0
GET, 257.2, 0
GET, 257.3, 0
GET, 257.4, 0
GET, 257.5, 0
GET, 257.6, 1
GET, 257.7, 0
GET, 257.8, 1
GET, 257.9, 0
GET, 258.0, 0
GET, 258.1, 0
GET, 258.2, 0
GET, 258.3, 0
GET, 258.4, 0
GET, 258.5, 0
GET, 258.6, 0
GET, 258.7, 0
GET, 258.8, 0
GET, 258.9, 0
GET, 259.0, 0
GET, 259.1, 0
GET, 259.2, 0
GET, 259.3, 0
GET, 259.4, 0
GET, 259.5, 0
GET, 259.6, 0
GET, 259.7, 0
GET, 259.8, 0
GET, 259.9, 0
GET, 260.0, 0
GET, 260.1, 0
GET, 260.2, 0
GET, 260.3, 0
GET, 260.4, 0
GET, 260.5, 0
GET, 260.6, 0
GET, 260.7, 0
GET, 260.8, 0
GET, 260.9, 0
GET, 261.0, 0
GET, 261.1, 0
GET, 261.2, 0
GET, 261.3, 0
GET, 261.4, 0
GET, 261.5, 0
GET, 261.6, 0
GET, 261.7, 0
GET, 261.8, 0
GET, 261.9, 0
GET, 262.0, 0
GET, 262.1, 0
GET, 262.2, 0
GET, 262.3, 0
GET, 262.4, 0
GET, 262.5, 1
GET, 262.6, 0
GET, 262.7, 0
GET, 262.8, 0
GET, 262.9, 0
GET, 263.0, 0
GET, 263.1, 0
GET, 263.2, 0
GET, 263.3, 0
GET, 263.4, 0
GET, 263.5, 0
GET, 263.6, 0
GET, 263.7, 0
GET, 263.8, 0
GET, 263.9, 0
GET, 264.0, 0
GET, 264.1, 0
GET, 264.2, 0
GET, 264.3, 0
GET, 264.4, 0
GET, 264.5, 0
GET, 264.6, 0
GET, 264.7, 0
GET, 264.8, 0
GET, 264.9, 0
GET, 265.0, 0
GET, 265.1, 0
GET, 265.2, 1
GET, 265.3, 0
GET, 265.4, 0
GET, 265.5, 0
GET, 265.6, 0
GET, 265.7, 0
GET, 265.8, 0
GET, 265.9, 0
GET, 266.0, 0
GET, 266.1, 0
GET, 266.2, 0
GET, 266.3, 0
GET, 266.4, 0
GET, 266.5, 0
GET, 266.6, 0
GET, 266.7, 0
GET, 266.8, 0
GET, 266.9, 0
GET, 267.0, 0
GET, 267.1, 1
GET, 267.2, 0
GET, 267.3, 0
GET, 267.4, 0
GET, 267.5, 0
GET, 267.6, 0
GET, 267.7, 0
GET, 267.8, 0
GET, 267.9, 0
GET, 268.0, 0
GET, 268.1, 1
GET, 268.2, 0
GET, 268.3, 0
GET, 268.4, 0
GET, 268.5, 0
GET, 268.6, 0
GET, 268.7, 0
GET, 268.8, 0
GET, 268.9, 0
GET, 269.0, 0
GET, 269.1, 0
GET, 269.2, 1
GET, 269.3, 0
GET, 269.4, 0
GET, 269.5, 0
GET, 269.6, 0
GET, 269.7, 0
GET, 269.8, 0
GET, 269.9, 0
GET, 270.0, 0
GET, 270.1, 0
GET, 270.2, 0
GET, 270.3, 0
GET, 270.4, 0
GET, 270.5, 0
GET, 270.6, 0
GET, 270.7, 0
GET, 270.8, 0
GET, 270.9, 0
GET, 271.0, 1
GET, 271.1, 0
GET, 271.2, 0
GET, 271.3, 0
GET, 271.4, 0
GET, 271.5, 0
GET, 271.6, 0
GET, 271.7, 0
GET, 271.8, 0
GET, 271.9, 0
GET, 272.0, 0
GET, 272.1, 0
GET, 272.2, 0
GET, 272.3, 0
GET, 272.4, 0
GET, 272.5, 0
GET, 272.6, 0
GET, 272.7, 0
GET, 272.8, 0
GET, 272.9, 0
GET, 273.0, 0
GET, 273.1, 0
GET, 273.2, 0
GET, 273.3, 0
GET, 273.4, 0
GET, 273.5, 0
GET, 273.6, 0
GET, 273.7, 0
GET, 273.8, 0
GET, 273.9, 0
GET, 274.0, 0
GET, 274.1, 0
GET, 274.2, 0
GET, 274.3, 0
GET, 274.4, 0
GET, 274.5, 0
GET, 274.6, 0
GET, 274.7, 0
GET, 274.8, 0
GET, 274.9, 2
GET, 275.0, 0
GET, 275.1, 1
GET, 275.2, 0
GET, 275.3, 0
GET, 275.4, 1
GET, 275.5, 0
GET, 275.6, 0
GET, 275.7, 0
GET, 275.8, 0
GET, 275.9, 0
GET, 276.0, 0
GET, 276.1, 0
GET, 276.2, 0
GET, 276.3, 0
GET, 276.4, 0
GET, 276.5, 0
GET, 276.6, 0
GET, 276.7, 0
GET, 276.8, 0
GET, 276.9, 0
GET, 277.0, 0
GET, 277.1, 0
GET, 277.2, 0
GET, 277.3, 0
GET, 277.4, 0
GET, 277.5, 1
GET, 277.6, 0
GET, 277.7, 0
GET, 277.8, 0
GET, 277.9, 0
GET, 278.0, 0
GET, 278.1, 0
GET, 278.2, 0
GET, 278.3, 0
GET, 278.4, 0
GET, 278.5, 0
GET, 278.6, 0
GET, 278.7, 0
GET, 278.8, 0
GET, 278.9, 0
GET, 279.0, 0
GET, 279.1, 0
GET, 279.2, 0
GET, 279.3, 0
GET, 279.4, 0
GET, 279.5, 0
GET, 279.6, 0
GET, 279.7, 0
GET, 279.8, 0
GET, 279.9, 0
GET, 280.0, 0
GET, 280.1, 0
GET, 280.2, 0
GET, 280.3, 1
GET, 280.4, 0
GET, 280.5, 0
GET, 280.6, 0
GET, 280.7, 0
GET, 280.8, 0
GET, 280.9, 0
GET, 281.0, 0
GET, 281.1, 0
GET, 281.2, 0
GET, 281.3, 0
GET, 281.4, 0
GET, 281.5, 0
GET, 281.6, 0
GET, 281.7, 0
GET, 281.8, 0
GET, 281.9, 0
GET, 282.0, 0
GET, 282.1, 0
GET, 282.2, 0
GET, 282.3, 0
GET, 282.4, 0
GET, 282.5, 0
GET, 282.6, 0
GET, 282.7, 0
GET, 282.8, 0
GET, 282.9, 0
GET, 283.0, 0
GET, 283.1, 0
GET, 283.2, 0
GET, 283.3, 0
GET, 283.4, 0
GET, 283.5, 0
GET, 283.6, 0
GET, 283.7, 0
GET, 283.8, 0
GET, 283.9, 0
GET, 284.0, 0
GET, 284.1, 0
GET, 284.2, 0
GET, 284.3, 0
GET, 284.4, 0
GET, 284.5, 0
GET, 284.6, 1
