Elapsed Time, AVG Throughput, AVG Queue Size, AVG Waiting Time, AVG Service Time, AVG Response Time, AVG SET Response Time, AVG GET Response Time, AVG MULTI-GET Response Time, #SETS, #GETS, #MULTIGETS, GET MissRatio, MULTI-GET MissRatio, AVG MULTI-GET Size
 5.00, 5970, 15, 3.587300, 6.964177, 10.852018, 10.852018, 0.000000, 0.000000, 29852, 0, 0, 0.00, 0.00, 0
10.00, 7080, 14, 2.707252, 7.413897, 10.317990, 10.317990, 0.000000, 0.000000, 35401, 0, 0, 0.00, 0.00, 0
15.00, 7036, 14, 2.730753, 7.465168, 10.436287, 10.436287, 0.000000, 0.000000, 35183, 0, 0, 0.00, 0.00, 0
20.00, 7042, 14, 2.718547, 7.732333, 10.639400, 10.639400, 0.000000, 0.000000, 35211, 0, 0, 0.00, 0.00, 0
25.00, 6977, 14, 2.777659, 7.682745, 10.644652, 10.644652, 0.000000, 0.000000, 34886, 0, 0, 0.00, 0.00, 0
30.00, 6951, 13, 2.694226, 7.590529, 10.497641, 10.497641, 0.000000, 0.000000, 34758, 0, 0, 0.00, 0.00, 0
35.00, 6736, 13, 2.872084, 7.702204, 10.800558, 10.800558, 0.000000, 0.000000, 33683, 0, 0, 0.00, 0.00, 0
40.00, 7053, 14, 2.816675, 7.512517, 10.485798, 10.485798, 0.000000, 0.000000, 35267, 0, 0, 0.00, 0.00, 0
45.00, 6891, 13, 2.617992, 7.619435, 10.494016, 10.494016, 0.000000, 0.000000, 34455, 0, 0, 0.00, 0.00, 0
50.00, 6804, 13, 2.767800, 7.786706, 10.780030, 10.780030, 0.000000, 0.000000, 34022, 0, 0, 0.00, 0.00, 0
55.00, 7058, 13, 2.655240, 7.515579, 10.379616, 10.379616, 0.000000, 0.000000, 35294, 0, 0, 0.00, 0.00, 0
60.00, 6939, 14, 2.913831, 7.629136, 10.741988, 10.741988, 0.000000, 0.000000, 34695, 0, 0, 0.00, 0.00, 0
65.00, 6841, 13, 2.878575, 7.829190, 10.868771, 10.868771, 0.000000, 0.000000, 34207, 0, 0, 0.00, 0.00, 0
70.00, 6973, 13, 2.646596, 7.600214, 10.473151, 10.473151, 0.000000, 0.000000, 34868, 0, 0, 0.00, 0.00, 0
70.00, 218, 4, 1.129487, 3.872563, 5.094414, 5.094414, 0.000000, 0.000000, 1090, 0, 0, 0.00, 0.00, 0
Type, Interval, Responses
SET, 0.1, 0
SET, 0.2, 0
SET, 0.3, 0
SET, 0.4, 0
SET, 0.5, 0
SET, 0.6, 6
SET, 0.7, 18
SET, 0.8, 48
SET, 0.9, 65
SET, 1.0, 111
SET, 1.1, 116
SET, 1.2, 170
SET, 1.3, 221
SET, 1.4, 266
SET, 1.5, 279
SET, 1.6, 300
SET, 1.7, 349
SET, 1.8, 418
SET, 1.9, 440
SET, 2.0, 487
SET, 2.1, 515
SET, 2.2, 541
SET, 2.3, 624
SET, 2.4, 601
SET, 2.5, 661
SET, 2.6, 692
SET, 2.7, 674
SET, 2.8, 768
SET, 2.9, 838
SET, 3.0, 859
SET, 3.1, 945
SET, 3.2, 930
SET, 3.3, 1020
SET, 3.4, 1082
SET, 3.5, 1148
SET, 3.6, 1116
SET, 3.7, 1208
SET, 3.8, 1221
SET, 3.9, 1280
SET, 4.0, 1397
SET, 4.1, 1288
SET, 4.2, 1312
SET, 4.3, 1532
SET, 4.4, 1549
SET, 4.5, 1516
SET, 4.6, 1681
SET, 4.7, 1693
SET, 4.8, 1781
SET, 4.9, 1851
SET, 5.0, 1861
SET, 5.1, 1960
SET, 5.2, 1890
SET, 5.3, 1971
SET, 5.4, 2028
SET, 5.5, 2214
SET, 5.6, 2295
SET, 5.7, 2329
SET, 5.8, 2314
SET, 5.9, 2408
SET, 6.0, 2516
SET, 6.1, 2560
SET, 6.2, 2703
SET, 6.3, 2860
SET, 6.4, 2844
SET, 6.5, 2968
SET, 6.6, 3002
SET, 6.7, 3167
SET, 6.8, 3363
SET, 6.9, 3326
SET, 7.0, 3546
SET, 7.1, 3613
SET, 7.2, 3768
SET, 7.3, 3941
SET, 7.4, 4005
SET, 7.5, 4217
SET, 7.6, 4306
SET, 7.7, 4433
SET, 7.8, 4580
SET, 7.9, 4598
SET, 8.0, 4933
SET, 8.1, 4944
SET, 8.2, 5175
SET, 8.3, 5336
SET, 8.4, 5497
SET, 8.5, 5384
SET, 8.6, 5451
SET, 8.7, 5615
SET, 8.8, 5705
SET, 8.9, 5724
SET, 9.0, 5512
SET, 9.1, 5583
SET, 9.2, 5508
SET, 9.3, 5530
SET, 9.4, 5596
SET, 9.5, 5639
SET, 9.6, 5536
SET, 9.7, 5390
SET, 9.8, 5432
SET, 9.9, 5466
SET, 10.0, 5489
SET, 10.1, 5016
SET, 10.2, 5120
SET, 10.3, 5013
SET, 10.4, 5072
SET, 10.5, 4944
SET, 10.6, 4863
SET, 10.7, 4884
SET, 10.8, 4751
SET, 10.9, 4600
SET, 11.0, 4531
SET, 11.1, 4542
SET, 11.2, 4532
SET, 11.3, 4398
SET, 11.4, 4347
SET, 11.5, 4096
SET, 11.6, 4114
SET, 11.7, 3938
SET, 11.8, 3924
SET, 11.9, 3797
SET, 12.0, 3871
SET, 12.1, 3742
SET, 12.2, 3564
SET, 12.3, 3621
SET, 12.4, 3572
SET, 12.5, 3464
SET, 12.6, 3433
SET, 12.7, 3402
SET, 12.8, 3270
SET, 12.9, 3126
SET, 13.0, 3096
SET, 13.1, 3028
SET, 13.2, 3002
SET, 13.3, 2878
SET, 13.4, 2924
SET, 13.5, 2872
SET, 13.6, 2704
SET, 13.7, 2631
SET, 13.8, 2544
SET, 13.9, 2514
SET, 14.0, 2446
SET, 14.1, 2483
SET, 14.2, 2358
SET, 14.3, 2318
SET, 14.4, 2268
SET, 14.5, 2307
SET, 14.6, 2270
SET, 14.7, 2200
SET, 14.8, 2172
SET, 14.9, 2134
SET, 15.0, 2148
SET, 15.1, 1996
SET, 15.2, 2031
SET, 15.3, 2025
SET, 15.4, 1879
SET, 15.5, 1797
SET, 15.6, 1832
SET, 15.7, 1749
SET, 15.8, 1655
SET, 15.9, 1584
SET, 16.0, 1634
SET, 16.1, 1587
SET, 16.2, 1500
SET, 16.3, 1456
SET, 16.4, 1448
SET, 16.5, 1379
SET, 16.6, 1384
SET, 16.7, 1337
SET, 16.8, 1259
SET, 16.9, 1176
SET, 17.0, 1208
SET, 17.1, 1116
SET, 17.2, 1200
SET, 17.3, 1078
SET, 17.4, 1073
SET, 17.5, 1053
SET, 17.6, 1014
SET, 17.7, 926
SET, 17.8, 918
SET, 17.9, 986
SET, 18.0, 899
SET, 18.1, 879
SET, 18.2, 838
SET, 18.3, 793
SET, 18.4, 818
SET, 18.5, 848
SET, 18.6, 718
SET, 18.7, 729
SET, 18.8, 657
SET, 18.9, 617
SET, 19.0, 667
SET, 19.1, 588
SET, 19.2, 616
SET, 19.3, 551
SET, 19.4, 503
SET, 19.5, 484
SET, 19.6, 491
SET, 19.7, 441
SET, 19.8, 481
SET, 19.9, 499
SET, 20.0, 427
SET, 20.1, 441
SET, 20.2, 398
SET, 20.3, 397
SET, 20.4, 349
SET, 20.5, 350
SET, 20.6, 318
SET, 20.7, 305
SET, 20.8, 289
SET, 20.9, 282
SET, 21.0, 294
SET, 21.1, 238
SET, 21.2, 242
SET, 21.3, 240
SET, 21.4, 216
SET, 21.5, 203
SET, 21.6, 185
SET, 21.7, 217
SET, 21.8, 183
SET, 21.9, 177
SET, 22.0, 153
SET, 22.1, 175
SET, 22.2, 162
SET, 22.3, 129
SET, 22.4, 122
SET, 22.5, 105
SET, 22.6, 105
SET, 22.7, 111
SET, 22.8, 101
SET, 22.9, 104
SET, 23.0, 102
SET, 23.1, 96
SET, 23.2, 75
SET, 23.3, 84
SET, 23.4, 70
SET, 23.5, 80
SET, 23.6, 76
SET, 23.7, 66
SET, 23.8, 60
SET, 23.9, 68
SET, 24.0, 51
SET, 24.1, 57
SET, 24.2, 61
SET, 24.3, 44
SET, 24.4, 56
SET, 24.5, 57
SET, 24.6, 55
SET, 24.7, 53
SET, 24.8, 55
SET, 24.9, 56
SET, 25.0, 46
SET, 25.1, 44
SET, 25.2, 44
SET, 25.3, 54
SET, 25.4, 53
SET, 25.5, 55
SET, 25.6, 52
SET, 25.7, 40
SET, 25.8, 47
SET, 25.9, 49
SET, 26.0, 35
SET, 26.1, 41
SET, 26.2, 27
SET, 26.3, 34
SET, 26.4, 21
SET, 26.5, 27
SET, 26.6, 23
SET, 26.7, 30
SET, 26.8, 28
SET, 26.9, 26
SET, 27.0, 21
SET, 27.1, 20
SET, 27.2, 26
SET, 27.3, 23
SET, 27.4, 18
SET, 27.5, 23
SET, 27.6, 18
SET, 27.7, 19
SET, 27.8, 26
SET, 27.9, 26
SET, 28.0, 23
SET, 28.1, 20
SET, 28.2, 19
SET, 28.3, 25
SET, 28.4, 25
SET, 28.5, 28
SET, 28.6, 19
SET, 28.7, 13
SET, 28.8, 28
SET, 28.9, 27
SET, 29.0, 21
SET, 29.1, 23
SET, 29.2, 22
SET, 29.3, 20
SET, 29.4, 26
SET, 29.5, 12
SET, 29.6, 14
SET, 29.7, 12
SET, 29.8, 18
SET, 29.9, 13
SET, 30.0, 15
SET, 30.1, 13
SET, 30.2, 13
SET, 30.3, 12
SET, 30.4, 21
SET, 30.5, 25
SET, 30.6, 22
SET, 30.7, 23
SET, 30.8, 32
SET, 30.9, 23
SET, 31.0, 15
SET, 31.1, 18
SET, 31.2, 13
SET, 31.3, 27
SET, 31.4, 21
SET, 31.5, 16
SET, 31.6, 18
SET, 31.7, 15
SET, 31.8, 24
SET, 31.9, 13
SET, 32.0, 19
SET, 32.1, 22
SET, 32.2, 16
SET, 32.3, 13
SET, 32.4, 21
SET, 32.5, 17
SET, 32.6, 10
SET, 32.7, 12
SET, 32.8, 15
SET, 32.9, 12
SET, 33.0, 16
SET, 33.1, 11
SET, 33.2, 15
SET, 33.3, 6
SET, 33.4, 7
SET, 33.5, 10
SET, 33.6, 10
SET, 33.7, 6
SET, 33.8, 16
SET, 33.9, 16
SET, 34.0, 13
SET, 34.1, 20
SET, 34.2, 19
SET, 34.3, 13
SET, 34.4, 11
SET, 34.5, 12
SET, 34.6, 11
SET, 34.7, 17
SET, 34.8, 20
SET, 34.9, 15
SET, 35.0, 10
SET, 35.1, 11
SET, 35.2, 9
SET, 35.3, 10
SET, 35.4, 17
SET, 35.5, 15
SET, 35.6, 16
SET, 35.7, 10
SET, 35.8, 10
SET, 35.9, 12
SET, 36.0, 12
SET, 36.1, 20
SET, 36.2, 13
SET, 36.3, 5
SET, 36.4, 12
SET, 36.5, 15
SET, 36.6, 10
SET, 36.7, 9
SET, 36.8, 17
SET, 36.9, 11
SET, 37.0, 6
SET, 37.1, 10
SET, 37.2, 8
SET, 37.3, 10
SET, 37.4, 10
SET, 37.5, 8
SET, 37.6, 9
SET, 37.7, 6
SET, 37.8, 14
SET, 37.9, 9
SET, 38.0, 12
SET, 38.1, 7
SET, 38.2, 16
SET, 38.3, 5
SET, 38.4, 8
SET, 38.5, 9
SET, 38.6, 9
SET, 38.7, 6
SET, 38.8, 8
SET, 38.9, 7
SET, 39.0, 12
SET, 39.1, 12
SET, 39.2, 10
SET, 39.3, 9
SET, 39.4, 10
SET, 39.5, 8
SET, 39.6, 12
SET, 39.7, 6
SET, 39.8, 6
SET, 39.9, 7
SET, 40.0, 13
SET, 40.1, 15
SET, 40.2, 14
SET, 40.3, 12
SET, 40.4, 11
SET, 40.5, 6
SET, 40.6, 8
SET, 40.7, 7
SET, 40.8, 7
SET, 40.9, 4
SET, 41.0, 4
SET, 41.1, 9
SET, 41.2, 10
SET, 41.3, 9
SET, 41.4, 8
SET, 41.5, 13
SET, 41.6, 18
SET, 41.7, 16
SET, 41.8, 15
SET, 41.9, 13
SET, 42.0, 15
SET, 42.1, 12
SET, 42.2, 12
SET, 42.3, 12
SET, 42.4, 10
SET, 42.5, 7
SET, 42.6, 12
SET, 42.7, 6
SET, 42.8, 7
SET, 42.9, 15
SET, 43.0, 10
SET, 43.1, 6
SET, 43.2, 13
SET, 43.3, 6
SET, 43.4, 14
SET, 43.5, 6
SET, 43.6, 7
SET, 43.7, 5
SET, 43.8, 6
SET, 43.9, 10
SET, 44.0, 5
SET, 44.1, 7
SET, 44.2, 13
SET, 44.3, 6
SET, 44.4, 4
SET, 44.5, 10
SET, 44.6, 17
SET, 44.7, 4
SET, 44.8, 14
SET, 44.9, 9
SET, 45.0, 3
SET, 45.1, 5
SET, 45.2, 7
SET, 45.3, 7
SET, 45.4, 4
SET, 45.5, 6
SET, 45.6, 3
SET, 45.7, 12
SET, 45.8, 8
SET, 45.9, 5
SET, 46.0, 10
SET, 46.1, 10
SET, 46.2, 9
SET, 46.3, 3
SET, 46.4, 7
SET, 46.5, 6
SET, 46.6, 6
SET, 46.7, 3
SET, 46.8, 4
SET, 46.9, 5
SET, 47.0, 4
SET, 47.1, 9
SET, 47.2, 4
SET, 47.3, 2
SET, 47.4, 5
SET, 47.5, 5
SET, 47.6, 2
SET, 47.7, 3
SET, 47.8, 3
SET, 47.9, 1
SET, 48.0, 4
SET, 48.1, 5
SET, 48.2, 7
SET, 48.3, 4
SET, 48.4, 4
SET, 48.5, 3
SET, 48.6, 5
SET, 48.7, 3
SET, 48.8, 6
SET, 48.9, 0
SET, 49.0, 4
SET, 49.1, 1
SET, 49.2, 2
SET, 49.3, 4
SET, 49.4, 7
SET, 49.5, 3
SET, 49.6, 5
SET, 49.7, 7
SET, 49.8, 5
SET, 49.9, 4
SET, 50.0, 4
SET, 50.1, 2
SET, 50.2, 0
SET, 50.3, 4
SET, 50.4, 3
SET, 50.5, 1
SET, 50.6, 3
SET, 50.7, 2
SET, 50.8, 4
SET, 50.9, 5
SET, 51.0, 1
SET, 51.1, 3
SET, 51.2, 2
SET, 51.3, 2
SET, 51.4, 3
SET, 51.5, 2
SET, 51.6, 2
SET, 51.7, 3
SET, 51.8, 0
SET, 51.9, 0
SET, 52.0, 3
SET, 52.1, 3
SET, 52.2, 3
SET, 52.3, 1
SET, 52.4, 2
SET, 52.5, 1
SET, 52.6, 2
SET, 52.7, 0
SET, 52.8, 4
SET, 52.9, 0
SET, 53.0, 0
SET, 53.1, 0
SET, 53.2, 0
SET, 53.3, 2
SET, 53.4, 0
SET, 53.5, 1
SET, 53.6, 1
SET, 53.7, 0
SET, 53.8, 0
SET, 53.9, 2
SET, 54.0, 1
SET, 54.1, 0
SET, 54.2, 3
SET, 54.3, 1
SET, 54.4, 3
SET, 54.5, 0
SET, 54.6, 1
SET, 54.7, 0
SET, 54.8, 0
SET, 54.9, 0
SET, 55.0, 0
SET, 55.1, 0
SET, 55.2, 0
SET, 55.3, 0
SET, 55.4, 1
SET, 55.5, 0
SET, 55.6, 0
SET, 55.7, 0
SET, 55.8, 0
SET, 55.9, 2
SET, 56.0, 0
SET, 56.1, 0
SET, 56.2, 0
SET, 56.3, 1
SET, 56.4, 0
SET, 56.5, 0
SET, 56.6, 0
SET, 56.7, 1
SET, 56.8, 0
SET, 56.9, 0
SET, 57.0, 0
SET, 57.1, 1
SET, 57.2, 0
SET, 57.3, 0
SET, 57.4, 0
SET, 57.5, 0
SET, 57.6, 0
SET, 57.7, 0
SET, 57.8, 0
SET, 57.9, 0
SET, 58.0, 0
SET, 58.1, 0
SET, 58.2, 0
SET, 58.3, 0
SET, 58.4, 0
SET, 58.5, 0
SET, 58.6, 0
SET, 58.7, 0
SET, 58.8, 1
SET, 58.9, 0
SET, 59.0, 0
SET, 59.1, 0
SET, 59.2, 0
SET, 59.3, 0
SET, 59.4, 1
SET, 59.5, 0
SET, 59.6, 0
SET, 59.7, 0
SET, 59.8, 0
SET, 59.9, 1
SET, 60.0, 0
SET, 60.1, 0
SET, 60.2, 0
SET, 60.3, 1
SET, 60.4, 0
SET, 60.5, 0
SET, 60.6, 0
SET, 60.7, 0
SET, 60.8, 1
SET, 60.9, 0
SET, 61.0, 0
SET, 61.1, 0
SET, 61.2, 0
SET, 61.3, 0
SET, 61.4, 1
SET, 61.5, 0
SET, 61.6, 0
SET, 61.7, 0
SET, 61.8, 0
SET, 61.9, 0
SET, 62.0, 0
SET, 62.1, 0
SET, 62.2, 0
SET, 62.3, 0
SET, 62.4, 0
SET, 62.5, 0
SET, 62.6, 1
SET, 62.7, 0
SET, 62.8, 0
SET, 62.9, 0
SET, 63.0, 0
SET, 63.1, 0
SET, 63.2, 0
SET, 63.3, 0
SET, 63.4, 0
SET, 63.5, 1
SET, 63.6, 0
SET, 63.7, 0
SET, 63.8, 0
SET, 63.9, 0
SET, 64.0, 0
SET, 64.1, 0
SET, 64.2, 0
SET, 64.3, 0
SET, 64.4, 0
SET, 64.5, 0
SET, 64.6, 0
SET, 64.7, 0
SET, 64.8, 0
SET, 64.9, 0
SET, 65.0, 0
SET, 65.1, 0
SET, 65.2, 0
SET, 65.3, 0
SET, 65.4, 0
SET, 65.5, 0
SET, 65.6, 0
SET, 65.7, 0
SET, 65.8, 0
SET, 65.9, 0
SET, 66.0, 0
SET, 66.1, 0
SET, 66.2, 0
SET, 66.3, 0
SET, 66.4, 0
SET, 66.5, 0
SET, 66.6, 0
SET, 66.7, 0
SET, 66.8, 0
SET, 66.9, 0
SET, 67.0, 0
SET, 67.1, 0
SET, 67.2, 0
SET, 67.3, 0
SET, 67.4, 0
SET, 67.5, 0
SET, 67.6, 0
SET, 67.7, 0
SET, 67.8, 0
SET, 67.9, 0
SET, 68.0, 0
SET, 68.1, 0
SET, 68.2, 0
SET, 68.3, 0
SET, 68.4, 0
SET, 68.5, 0
SET, 68.6, 0
SET, 68.7, 0
SET, 68.8, 0
SET, 68.9, 0
SET, 69.0, 0
SET, 69.1, 0
SET, 69.2, 0
SET, 69.3, 0
SET, 69.4, 0
SET, 69.5, 0
SET, 69.6, 0
SET, 69.7, 0
SET, 69.8, 0
SET, 69.9, 0
SET, 70.0, 0
SET, 70.1, 0
SET, 70.2, 0
SET, 70.3, 0
SET, 70.4, 0
SET, 70.5, 0
SET, 70.6, 0
SET, 70.7, 0
SET, 70.8, 0
SET, 70.9, 0
SET, 71.0, 0
SET, 71.1, 0
SET, 71.2, 0
SET, 71.3, 0
SET, 71.4, 0
SET, 71.5, 0
SET, 71.6, 0
SET, 71.7, 0
SET, 71.8, 0
SET, 71.9, 0
SET, 72.0, 0
SET, 72.1, 0
SET, 72.2, 0
SET, 72.3, 0
SET, 72.4, 0
SET, 72.5, 0
SET, 72.6, 0
SET, 72.7, 0
SET, 72.8, 0
SET, 72.9, 0
SET, 73.0, 0
SET, 73.1, 0
SET, 73.2, 0
SET, 73.3, 0
SET, 73.4, 0
SET, 73.5, 0
SET, 73.6, 0
SET, 73.7, 0
SET, 73.8, 0
SET, 73.9, 0
SET, 74.0, 0
SET, 74.1, 0
SET, 74.2, 0
SET, 74.3, 0
SET, 74.4, 0
SET, 74.5, 0
SET, 74.6, 0
SET, 74.7, 0
SET, 74.8, 0
SET, 74.9, 0
SET, 75.0, 0
SET, 75.1, 0
SET, 75.2, 0
SET, 75.3, 0
SET, 75.4, 0
SET, 75.5, 0
SET, 75.6, 0
SET, 75.7, 0
SET, 75.8, 0
SET, 75.9, 0
SET, 76.0, 0
SET, 76.1, 0
SET, 76.2, 0
SET, 76.3, 0
SET, 76.4, 0
SET, 76.5, 0
SET, 76.6, 0
SET, 76.7, 0
SET, 76.8, 0
SET, 76.9, 0
SET, 77.0, 0
SET, 77.1, 0
SET, 77.2, 0
SET, 77.3, 0
SET, 77.4, 0
SET, 77.5, 0
SET, 77.6, 0
SET, 77.7, 0
SET, 77.8, 0
SET, 77.9, 0
SET, 78.0, 0
SET, 78.1, 0
SET, 78.2, 0
SET, 78.3, 0
SET, 78.4, 0
SET, 78.5, 0
SET, 78.6, 0
SET, 78.7, 0
SET, 78.8, 0
SET, 78.9, 0
SET, 79.0, 0
SET, 79.1, 0
SET, 79.2, 0
SET, 79.3, 0
SET, 79.4, 0
SET, 79.5, 0
SET, 79.6, 0
SET, 79.7, 0
SET, 79.8, 0
SET, 79.9, 0
SET, 80.0, 0
SET, 80.1, 0
SET, 80.2, 0
SET, 80.3, 0
SET, 80.4, 0
SET, 80.5, 0
SET, 80.6, 0
SET, 80.7, 0
SET, 80.8, 0
SET, 80.9, 0
SET, 81.0, 0
SET, 81.1, 0
SET, 81.2, 0
SET, 81.3, 0
SET, 81.4, 0
SET, 81.5, 0
SET, 81.6, 0
SET, 81.7, 0
SET, 81.8, 0
SET, 81.9, 0
SET, 82.0, 0
SET, 82.1, 0
SET, 82.2, 0
SET, 82.3, 0
SET, 82.4, 0
SET, 82.5, 0
SET, 82.6, 0
SET, 82.7, 0
SET, 82.8, 0
SET, 82.9, 0
SET, 83.0, 0
SET, 83.1, 0
SET, 83.2, 0
SET, 83.3, 0
SET, 83.4, 0
SET, 83.5, 0
SET, 83.6, 0
SET, 83.7, 0
SET, 83.8, 0
SET, 83.9, 0
SET, 84.0, 0
SET, 84.1, 0
SET, 84.2, 0
SET, 84.3, 0
SET, 84.4, 0
SET, 84.5, 0
SET, 84.6, 0
SET, 84.7, 0
SET, 84.8, 0
SET, 84.9, 0
SET, 85.0, 0
SET, 85.1, 0
SET, 85.2, 0
SET, 85.3, 0
SET, 85.4, 0
SET, 85.5, 0
SET, 85.6, 0
SET, 85.7, 0
SET, 85.8, 0
SET, 85.9, 0
SET, 86.0, 0
SET, 86.1, 0
SET, 86.2, 0
SET, 86.3, 0
SET, 86.4, 0
SET, 86.5, 0
SET, 86.6, 0
SET, 86.7, 0
SET, 86.8, 0
SET, 86.9, 0
SET, 87.0, 0
SET, 87.1, 0
SET, 87.2, 0
SET, 87.3, 0
SET, 87.4, 0
SET, 87.5, 0
SET, 87.6, 0
SET, 87.7, 0
SET, 87.8, 0
SET, 87.9, 0
SET, 88.0, 0
SET, 88.1, 0
SET, 88.2, 0
SET, 88.3, 0
SET, 88.4, 0
SET, 88.5, 0
SET, 88.6, 0
SET, 88.7, 0
SET, 88.8, 0
SET, 88.9, 0
SET, 89.0, 0
SET, 89.1, 0
SET, 89.2, 0
SET, 89.3, 0
SET, 89.4, 0
SET, 89.5, 0
SET, 89.6, 0
SET, 89.7, 0
SET, 89.8, 0
SET, 89.9, 0
SET, 90.0, 0
SET, 90.1, 0
SET, 90.2, 0
SET, 90.3, 0
SET, 90.4, 0
SET, 90.5, 0
SET, 90.6, 0
SET, 90.7, 0
SET, 90.8, 0
SET, 90.9, 0
SET, 91.0, 0
SET, 91.1, 0
SET, 91.2, 0
SET, 91.3, 0
SET, 91.4, 0
SET, 91.5, 0
SET, 91.6, 0
SET, 91.7, 0
SET, 91.8, 0
SET, 91.9, 0
SET, 92.0, 0
SET, 92.1, 0
SET, 92.2, 0
SET, 92.3, 0
SET, 92.4, 0
SET, 92.5, 0
SET, 92.6, 0
SET, 92.7, 0
SET, 92.8, 0
SET, 92.9, 0
SET, 93.0, 0
SET, 93.1, 0
SET, 93.2, 0
SET, 93.3, 0
SET, 93.4, 0
SET, 93.5, 0
SET, 93.6, 0
SET, 93.7, 0
SET, 93.8, 0
SET, 93.9, 0
SET, 94.0, 0
SET, 94.1, 0
SET, 94.2, 0
SET, 94.3, 0
SET, 94.4, 0
SET, 94.5, 0
SET, 94.6, 0
SET, 94.7, 0
SET, 94.8, 0
SET, 94.9, 0
SET, 95.0, 0
SET, 95.1, 0
SET, 95.2, 0
SET, 95.3, 0
SET, 95.4, 0
SET, 95.5, 0
SET, 95.6, 0
SET, 95.7, 0
SET, 95.8, 0
SET, 95.9, 0
SET, 96.0, 0
SET, 96.1, 0
SET, 96.2, 0
SET, 96.3, 0
SET, 96.4, 0
SET, 96.5, 0
SET, 96.6, 0
SET, 96.7, 0
SET, 96.8, 0
SET, 96.9, 0
SET, 97.0, 0
SET, 97.1, 0
SET, 97.2, 0
SET, 97.3, 0
SET, 97.4, 0
SET, 97.5, 0
SET, 97.6, 0
SET, 97.7, 0
SET, 97.8, 0
SET, 97.9, 0
SET, 98.0, 0
SET, 98.1, 0
SET, 98.2, 0
SET, 98.3, 0
SET, 98.4, 0
SET, 98.5, 0
SET, 98.6, 0
SET, 98.7, 0
SET, 98.8, 0
SET, 98.9, 0
SET, 99.0, 0
SET, 99.1, 0
SET, 99.2, 0
SET, 99.3, 0
SET, 99.4, 0
SET, 99.5, 0
SET, 99.6, 0
SET, 99.7, 0
SET, 99.8, 0
SET, 99.9, 0
SET, 100.0, 0
SET, 100.1, 0
SET, 100.2, 0
SET, 100.3, 0
SET, 100.4, 0
SET, 100.5, 0
SET, 100.6, 0
SET, 100.7, 0
SET, 100.8, 0
SET, 100.9, 0
SET, 101.0, 0
SET, 101.1, 0
SET, 101.2, 0
SET, 101.3, 0
SET, 101.4, 0
SET, 101.5, 0
SET, 101.6, 0
SET, 101.7, 0
SET, 101.8, 0
SET, 101.9, 0
SET, 102.0, 0
SET, 102.1, 0
SET, 102.2, 0
SET, 102.3, 0
SET, 102.4, 0
SET, 102.5, 0
SET, 102.6, 0
SET, 102.7, 0
SET, 102.8, 0
SET, 102.9, 0
SET, 103.0, 0
SET, 103.1, 0
SET, 103.2, 0
SET, 103.3, 0
SET, 103.4, 0
SET, 103.5, 0
SET, 103.6, 0
SET, 103.7, 0
SET, 103.8, 0
SET, 103.9, 0
SET, 104.0, 0
SET, 104.1, 0
SET, 104.2, 0
SET, 104.3, 0
SET, 104.4, 0
SET, 104.5, 0
SET, 104.6, 0
SET, 104.7, 0
SET, 104.8, 0
SET, 104.9, 0
SET, 105.0, 0
SET, 105.1, 0
SET, 105.2, 0
SET, 105.3, 0
SET, 105.4, 0
SET, 105.5, 0
SET, 105.6, 0
SET, 105.7, 0
SET, 105.8, 0
SET, 105.9, 0
SET, 106.0, 0
SET, 106.1, 0
SET, 106.2, 0
SET, 106.3, 0
SET, 106.4, 0
SET, 106.5, 0
SET, 106.6, 0
SET, 106.7, 0
SET, 106.8, 0
SET, 106.9, 0
SET, 107.0, 0
SET, 107.1, 0
SET, 107.2, 0
SET, 107.3, 0
SET, 107.4, 0
SET, 107.5, 0
SET, 107.6, 0
SET, 107.7, 0
SET, 107.8, 0
SET, 107.9, 0
SET, 108.0, 0
SET, 108.1, 0
SET, 108.2, 0
SET, 108.3, 0
SET, 108.4, 0
SET, 108.5, 0
SET, 108.6, 0
SET, 108.7, 0
SET, 108.8, 0
SET, 108.9, 0
SET, 109.0, 0
SET, 109.1, 0
SET, 109.2, 0
SET, 109.3, 0
SET, 109.4, 0
SET, 109.5, 0
SET, 109.6, 0
SET, 109.7, 0
SET, 109.8, 0
SET, 109.9, 0
SET, 110.0, 0
SET, 110.1, 0
SET, 110.2, 0
SET, 110.3, 0
SET, 110.4, 0
SET, 110.5, 0
SET, 110.6, 0
SET, 110.7, 0
SET, 110.8, 0
SET, 110.9, 0
SET, 111.0, 0
SET, 111.1, 0
SET, 111.2, 0
SET, 111.3, 0
SET, 111.4, 0
SET, 111.5, 0
SET, 111.6, 0
SET, 111.7, 0
SET, 111.8, 0
SET, 111.9, 0
SET, 112.0, 0
SET, 112.1, 0
SET, 112.2, 0
SET, 112.3, 0
SET, 112.4, 0
SET, 112.5, 0
SET, 112.6, 0
SET, 112.7, 0
SET, 112.8, 0
SET, 112.9, 0
SET, 113.0, 0
SET, 113.1, 0
SET, 113.2, 0
SET, 113.3, 0
SET, 113.4, 0
SET, 113.5, 0
SET, 113.6, 0
SET, 113.7, 0
SET, 113.8, 0
SET, 113.9, 0
SET, 114.0, 0
SET, 114.1, 0
SET, 114.2, 0
SET, 114.3, 0
SET, 114.4, 0
SET, 114.5, 0
SET, 114.6, 0
SET, 114.7, 0
SET, 114.8, 0
SET, 114.9, 0
SET, 115.0, 0
SET, 115.1, 0
SET, 115.2, 0
SET, 115.3, 0
SET, 115.4, 0
SET, 115.5, 0
SET, 115.6, 0
SET, 115.7, 0
SET, 115.8, 0
SET, 115.9, 0
SET, 116.0, 0
SET, 116.1, 0
SET, 116.2, 0
SET, 116.3, 0
SET, 116.4, 0
SET, 116.5, 0
SET, 116.6, 0
SET, 116.7, 0
SET, 116.8, 0
SET, 116.9, 0
SET, 117.0, 0
SET, 117.1, 0
SET, 117.2, 0
SET, 117.3, 0
SET, 117.4, 0
SET, 117.5, 0
SET, 117.6, 0
SET, 117.7, 0
SET, 117.8, 0
SET, 117.9, 0
SET, 118.0, 0
SET, 118.1, 0
SET, 118.2, 0
SET, 118.3, 0
SET, 118.4, 0
SET, 118.5, 0
SET, 118.6, 0
SET, 118.7, 0
SET, 118.8, 0
SET, 118.9, 0
SET, 119.0, 0
SET, 119.1, 0
SET, 119.2, 0
SET, 119.3, 0
SET, 119.4, 0
SET, 119.5, 0
SET, 119.6, 0
SET, 119.7, 0
SET, 119.8, 0
SET, 119.9, 0
SET, 120.0, 0
SET, 120.1, 0
SET, 120.2, 0
SET, 120.3, 0
SET, 120.4, 0
SET, 120.5, 0
SET, 120.6, 0
SET, 120.7, 0
SET, 120.8, 0
SET, 120.9, 0
SET, 121.0, 0
SET, 121.1, 0
SET, 121.2, 0
SET, 121.3, 0
SET, 121.4, 0
SET, 121.5, 0
SET, 121.6, 0
SET, 121.7, 0
SET, 121.8, 0
SET, 121.9, 0
SET, 122.0, 0
SET, 122.1, 0
SET, 122.2, 0
SET, 122.3, 0
SET, 122.4, 0
SET, 122.5, 0
SET, 122.6, 0
SET, 122.7, 0
SET, 122.8, 0
SET, 122.9, 0
SET, 123.0, 0
SET, 123.1, 0
SET, 123.2, 0
SET, 123.3, 0
SET, 123.4, 0
SET, 123.5, 0
SET, 123.6, 0
SET, 123.7, 0
SET, 123.8, 0
SET, 123.9, 0
SET, 124.0, 0
SET, 124.1, 0
SET, 124.2, 0
SET, 124.3, 0
SET, 124.4, 0
SET, 124.5, 0
SET, 124.6, 0
SET, 124.7, 0
SET, 124.8, 0
SET, 124.9, 0
SET, 125.0, 0
SET, 125.1, 0
SET, 125.2, 0
SET, 125.3, 0
SET, 125.4, 0
SET, 125.5, 0
SET, 125.6, 1
SET, 125.7, 0
SET, 125.8, 0
SET, 125.9, 0
SET, 126.0, 0
SET, 126.1, 0
SET, 126.2, 0
SET, 126.3, 0
SET, 126.4, 0
SET, 126.5, 0
SET, 126.6, 0
SET, 126.7, 0
SET, 126.8, 0
SET, 126.9, 0
SET, 127.0, 0
SET, 127.1, 0
SET, 127.2, 0
SET, 127.3, 0
SET, 127.4, 0
SET, 127.5, 0
SET, 127.6, 1
SET, 127.7, 0
SET, 127.8, 0
SET, 127.9, 0
SET, 128.0, 0
SET, 128.1, 0
SET, 128.2, 0
SET, 128.3, 0
SET, 128.4, 0
SET, 128.5, 0
SET, 128.6, 0
SET, 128.7, 0
SET, 128.8, 0
SET, 128.9, 0
SET, 129.0, 0
SET, 129.1, 0
SET, 129.2, 0
SET, 129.3, 0
SET, 129.4, 0
SET, 129.5, 0
SET, 129.6, 0
SET, 129.7, 0
SET, 129.8, 0
SET, 129.9, 0
SET, 130.0, 0
SET, 130.1, 0
SET, 130.2, 0
SET, 130.3, 0
SET, 130.4, 0
SET, 130.5, 0
SET, 130.6, 2
SET, 130.7, 0
SET, 130.8, 0
SET, 130.9, 0
SET, 131.0, 0
SET, 131.1, 0
SET, 131.2, 0
SET, 131.3, 0
SET, 131.4, 0
SET, 131.5, 0
SET, 131.6, 0
SET, 131.7, 0
SET, 131.8, 0
SET, 131.9, 0
SET, 132.0, 0
SET, 132.1, 0
SET, 132.2, 0
SET, 132.3, 0
SET, 132.4, 0
SET, 132.5, 0
SET, 132.6, 0
SET, 132.7, 2
SET, 132.8, 0
SET, 132.9, 0
SET, 133.0, 0
SET, 133.1, 1
SET, 133.2, 0
SET, 133.3, 0
SET, 133.4, 0
SET, 133.5, 0
SET, 133.6, 0
SET, 133.7, 1
SET, 133.8, 0
SET, 133.9, 0
SET, 134.0, 0
SET, 134.1, 1
SET, 134.2, 0
SET, 134.3, 0
SET, 134.4, 1
SET, 134.5, 0
SET, 134.6, 0
SET, 134.7, 0
SET, 134.8, 0
SET, 134.9, 0
SET, 135.0, 0
SET, 135.1, 0
SET, 135.2, 0
SET, 135.3, 0
SET, 135.4, 0
SET, 135.5, 1
SET, 135.6, 0
SET, 135.7, 0
SET, 135.8, 0
SET, 135.9, 0
SET, 136.0, 0
SET, 136.1, 0
SET, 136.2, 0
SET, 136.3, 0
SET, 136.4, 0
SET, 136.5, 0
SET, 136.6, 0
SET, 136.7, 0
SET, 136.8, 0
SET, 136.9, 0
SET, 137.0, 1
SET, 137.1, 0
SET, 137.2, 0
SET, 137.3, 1
SET, 137.4, 0
SET, 137.5, 0
SET, 137.6, 0
SET, 137.7, 1
SET, 137.8, 0
SET, 137.9, 0
SET, 138.0, 1
SET, 138.1, 0
SET, 138.2, 0
SET, 138.3, 0
SET, 138.4, 0
SET, 138.5, 1
SET, 138.6, 1
SET, 138.7, 0
SET, 138.8, 0
SET, 138.9, 0
SET, 139.0, 1
SET, 139.1, 0
SET, 139.2, 1
SET, 139.3, 0
SET, 139.4, 0
SET, 139.5, 0
SET, 139.6, 0
SET, 139.7, 1
SET, 139.8, 0
SET, 139.9, 0
SET, 140.0, 0
SET, 140.1, 0
SET, 140.2, 0
SET, 140.3, 0
SET, 140.4, 0
SET, 140.5, 0
SET, 140.6, 1
SET, 140.7, 0
SET, 140.8, 0
SET, 140.9, 0
SET, 141.0, 0
SET, 141.1, 0
SET, 141.2, 0
SET, 141.3, 0
SET, 141.4, 0
SET, 141.5, 0
SET, 141.6, 0
SET, 141.7, 0
SET, 141.8, 0
SET, 141.9, 0
SET, 142.0, 0
SET, 142.1, 0
SET, 142.2, 0
SET, 142.3, 0
SET, 142.4, 0
SET, 142.5, 0
SET, 142.6, 0
SET, 142.7, 0
SET, 142.8, 0
SET, 142.9, 0
SET, 143.0, 0
SET, 143.1, 0
SET, 143.2, 0
SET, 143.3, 0
SET, 143.4, 0
SET, 143.5, 0
SET, 143.6, 0
SET, 143.7, 0
SET, 143.8, 1
SET, 143.9, 1
SET, 144.0, 0
SET, 144.1, 0
SET, 144.2, 0
SET, 144.3, 0
SET, 144.4, 0
SET, 144.5, 0
SET, 144.6, 0
SET, 144.7, 2
SET, 144.8, 0
SET, 144.9, 0
SET, 145.0, 0
SET, 145.1, 0
SET, 145.2, 1
SET, 145.3, 0
SET, 145.4, 0
SET, 145.5, 1
SET, 145.6, 0
SET, 145.7, 0
SET, 145.8, 0
SET, 145.9, 0
SET, 146.0, 0
SET, 146.1, 0
SET, 146.2, 0
SET, 146.3, 1
SET, 146.4, 0
SET, 146.5, 0
SET, 146.6, 0
SET, 146.7, 0
SET, 146.8, 0
SET, 146.9, 0
SET, 147.0, 0
SET, 147.1, 0
SET, 147.2, 0
SET, 147.3, 1
SET, 147.4, 0
SET, 147.5, 0
SET, 147.6, 0
SET, 147.7, 0
SET, 147.8, 1
SET, 147.9, 0
SET, 148.0, 0
SET, 148.1, 0
SET, 148.2, 0
SET, 148.3, 0
SET, 148.4, 0
SET, 148.5, 0
SET, 148.6, 0
SET, 148.7, 0
SET, 148.8, 0
SET, 148.9, 0
SET, 149.0, 0
SET, 149.1, 0
SET, 149.2, 0
SET, 149.3, 0
SET, 149.4, 0
SET, 149.5, 0
SET, 149.6, 0
SET, 149.7, 0
SET, 149.8, 0
SET, 149.9, 0
SET, 150.0, 0
SET, 150.1, 0
SET, 150.2, 0
SET, 150.3, 0
SET, 150.4, 0
SET, 150.5, 0
SET, 150.6, 0
SET, 150.7, 0
SET, 150.8, 0
SET, 150.9, 0
SET, 151.0, 0
SET, 151.1, 0
SET, 151.2, 0
SET, 151.3, 0
SET, 151.4, 0
SET, 151.5, 0
SET, 151.6, 0
SET, 151.7, 0
SET, 151.8, 0
SET, 151.9, 0
SET, 152.0, 1
SET, 152.1, 0
SET, 152.2, 0
SET, 152.3, 0
SET, 152.4, 0
SET, 152.5, 0
SET, 152.6, 0
SET, 152.7, 0
SET, 152.8, 0
SET, 152.9, 0
SET, 153.0, 0
SET, 153.1, 0
SET, 153.2, 0
SET, 153.3, 0
SET, 153.4, 0
SET, 153.5, 0
SET, 153.6, 0
SET, 153.7, 0
SET, 153.8, 0
SET, 153.9, 0
SET, 154.0, 0
SET, 154.1, 0
SET, 154.2, 0
SET, 154.3, 0
SET, 154.4, 0
SET, 154.5, 0
SET, 154.6, 0
SET, 154.7, 0
SET, 154.8, 0
SET, 154.9, 0
SET, 155.0, 0
SET, 155.1, 0
SET, 155.2, 0
SET, 155.3, 0
SET, 155.4, 0
SET, 155.5, 0
SET, 155.6, 0
SET, 155.7, 0
SET, 155.8, 0
SET, 155.9, 0
SET, 156.0, 0
SET, 156.1, 1
SET, 156.2, 0
SET, 156.3, 0
SET, 156.4, 0
SET, 156.5, 0
SET, 156.6, 0
SET, 156.7, 0
SET, 156.8, 0
SET, 156.9, 0
SET, 157.0, 0
SET, 157.1, 0
SET, 157.2, 0
SET, 157.3, 0
SET, 157.4, 0
SET, 157.5, 0
SET, 157.6, 0
SET, 157.7, 0
SET, 157.8, 0
SET, 157.9, 0
SET, 158.0, 0
SET, 158.1, 0
SET, 158.2, 0
SET, 158.3, 0
SET, 158.4, 0
SET, 158.5, 0
SET, 158.6, 0
SET, 158.7, 0
SET, 158.8, 0
SET, 158.9, 0
SET, 159.0, 0
SET, 159.1, 0
SET, 159.2, 0
SET, 159.3, 0
SET, 159.4, 0
SET, 159.5, 0
SET, 159.6, 0
SET, 159.7, 0
SET, 159.8, 0
SET, 159.9, 0
SET, 160.0, 0
SET, 160.1, 0
SET, 160.2, 0
SET, 160.3, 0
SET, 160.4, 0
SET, 160.5, 0
SET, 160.6, 0
SET, 160.7, 0
SET, 160.8, 0
SET, 160.9, 0
SET, 161.0, 0
SET, 161.1, 0
SET, 161.2, 0
SET, 161.3, 0
SET, 161.4, 0
SET, 161.5, 0
SET, 161.6, 0
SET, 161.7, 0
SET, 161.8, 0
SET, 161.9, 0
SET, 162.0, 0
SET, 162.1, 0
SET, 162.2, 0
SET, 162.3, 0
SET, 162.4, 0
SET, 162.5, 0
SET, 162.6, 0
SET, 162.7, 0
SET, 162.8, 0
SET, 162.9, 0
SET, 163.0, 0
SET, 163.1, 0
SET, 163.2, 0
SET, 163.3, 0
SET, 163.4, 0
SET, 163.5, 0
SET, 163.6, 0
SET, 163.7, 0
SET, 163.8, 0
SET, 163.9, 0
SET, 164.0, 0
SET, 164.1, 0
SET, 164.2, 0
SET, 164.3, 0
SET, 164.4, 0
SET, 164.5, 0
SET, 164.6, 0
SET, 164.7, 0
SET, 164.8, 0
SET, 164.9, 0
SET, 165.0, 0
SET, 165.1, 0
SET, 165.2, 0
SET, 165.3, 0
SET, 165.4, 0
SET, 165.5, 0
SET, 165.6, 0
SET, 165.7, 0
SET, 165.8, 0
SET, 165.9, 0
SET, 166.0, 0
SET, 166.1, 0
SET, 166.2, 0
SET, 166.3, 0
SET, 166.4, 0
SET, 166.5, 0
SET, 166.6, 0
SET, 166.7, 0
SET, 166.8, 0
SET, 166.9, 0
SET, 167.0, 0
SET, 167.1, 0
SET, 167.2, 0
SET, 167.3, 0
SET, 167.4, 0
SET, 167.5, 0
SET, 167.6, 0
SET, 167.7, 0
SET, 167.8, 0
SET, 167.9, 0
SET, 168.0, 0
SET, 168.1, 0
SET, 168.2, 0
SET, 168.3, 0
SET, 168.4, 0
SET, 168.5, 0
SET, 168.6, 0
SET, 168.7, 0
SET, 168.8, 0
SET, 168.9, 0
SET, 169.0, 0
SET, 169.1, 0
SET, 169.2, 0
SET, 169.3, 0
SET, 169.4, 0
SET, 169.5, 0
SET, 169.6, 0
SET, 169.7, 0
SET, 169.8, 0
SET, 169.9, 0
SET, 170.0, 0
SET, 170.1, 0
SET, 170.2, 0
SET, 170.3, 0
SET, 170.4, 0
SET, 170.5, 0
SET, 170.6, 0
SET, 170.7, 0
SET, 170.8, 0
SET, 170.9, 0
SET, 171.0, 0
SET, 171.1, 0
SET, 171.2, 0
SET, 171.3, 0
SET, 171.4, 0
SET, 171.5, 0
SET, 171.6, 0
SET, 171.7, 0
SET, 171.8, 0
SET, 171.9, 0
SET, 172.0, 0
SET, 172.1, 0
SET, 172.2, 0
SET, 172.3, 0
SET, 172.4, 0
SET, 172.5, 0
SET, 172.6, 0
SET, 172.7, 0
SET, 172.8, 0
SET, 172.9, 0
SET, 173.0, 0
SET, 173.1, 0
SET, 173.2, 0
SET, 173.3, 0
SET, 173.4, 0
SET, 173.5, 0
SET, 173.6, 0
SET, 173.7, 0
SET, 173.8, 0
SET, 173.9, 0
SET, 174.0, 0
SET, 174.1, 0
SET, 174.2, 0
SET, 174.3, 0
SET, 174.4, 0
SET, 174.5, 0
SET, 174.6, 0
SET, 174.7, 0
SET, 174.8, 0
SET, 174.9, 0
SET, 175.0, 0
SET, 175.1, 0
SET, 175.2, 0
SET, 175.3, 0
SET, 175.4, 0
SET, 175.5, 0
SET, 175.6, 0
SET, 175.7, 0
SET, 175.8, 0
SET, 175.9, 0
SET, 176.0, 0
SET, 176.1, 0
SET, 176.2, 0
SET, 176.3, 0
SET, 176.4, 0
SET, 176.5, 0
SET, 176.6, 0
SET, 176.7, 0
SET, 176.8, 0
SET, 176.9, 0
SET, 177.0, 0
SET, 177.1, 0
SET, 177.2, 0
SET, 177.3, 0
SET, 177.4, 0
SET, 177.5, 0
SET, 177.6, 0
SET, 177.7, 0
SET, 177.8, 0
SET, 177.9, 0
SET, 178.0, 0
SET, 178.1, 0
SET, 178.2, 0
SET, 178.3, 0
SET, 178.4, 0
SET, 178.5, 0
SET, 178.6, 0
SET, 178.7, 0
SET, 178.8, 0
SET, 178.9, 0
SET, 179.0, 0
SET, 179.1, 0
SET, 179.2, 0
SET, 179.3, 0
SET, 179.4, 0
SET, 179.5, 0
SET, 179.6, 0
SET, 179.7, 0
SET, 179.8, 0
SET, 179.9, 0
SET, 180.0, 0
SET, 180.1, 0
SET, 180.2, 0
SET, 180.3, 0
SET, 180.4, 0
SET, 180.5, 0
SET, 180.6, 0
SET, 180.7, 0
SET, 180.8, 0
SET, 180.9, 0
SET, 181.0, 0
SET, 181.1, 0
SET, 181.2, 0
SET, 181.3, 0
SET, 181.4, 0
SET, 181.5, 0
SET, 181.6, 0
SET, 181.7, 0
SET, 181.8, 0
SET, 181.9, 0
SET, 182.0, 0
SET, 182.1, 0
SET, 182.2, 0
SET, 182.3, 0
SET, 182.4, 0
SET, 182.5, 0
SET, 182.6, 0
SET, 182.7, 0
SET, 182.8, 0
SET, 182.9, 0
SET, 183.0, 0
SET, 183.1, 0
SET, 183.2, 0
SET, 183.3, 0
SET, 183.4, 0
SET, 183.5, 0
SET, 183.6, 0
SET, 183.7, 0
SET, 183.8, 0
SET, 183.9, 0
SET, 184.0, 0
SET, 184.1, 0
SET, 184.2, 0
SET, 184.3, 0
SET, 184.4, 0
SET, 184.5, 0
SET, 184.6, 0
SET, 184.7, 0
SET, 184.8, 0
SET, 184.9, 0
SET, 185.0, 0
SET, 185.1, 0
SET, 185.2, 0
SET, 185.3, 0
SET, 185.4, 0
SET, 185.5, 0
SET, 185.6, 0
SET, 185.7, 0
SET, 185.8, 0
SET, 185.9, 0
SET, 186.0, 0
SET, 186.1, 0
SET, 186.2, 0
SET, 186.3, 0
SET, 186.4, 0
SET, 186.5, 0
SET, 186.6, 0
SET, 186.7, 0
SET, 186.8, 0
SET, 186.9, 0
SET, 187.0, 0
SET, 187.1, 0
SET, 187.2, 0
SET, 187.3, 0
SET, 187.4, 0
SET, 187.5, 0
SET, 187.6, 0
SET, 187.7, 0
SET, 187.8, 0
SET, 187.9, 0
SET, 188.0, 0
SET, 188.1, 0
SET, 188.2, 0
SET, 188.3, 0
SET, 188.4, 0
SET, 188.5, 0
SET, 188.6, 0
SET, 188.7, 0
SET, 188.8, 0
SET, 188.9, 0
SET, 189.0, 0
SET, 189.1, 1
SET, 189.2, 0
SET, 189.3, 0
SET, 189.4, 0
SET, 189.5, 0
SET, 189.6, 0
SET, 189.7, 0
SET, 189.8, 0
SET, 189.9, 0
SET, 190.0, 0
SET, 190.1, 0
SET, 190.2, 0
SET, 190.3, 0
SET, 190.4, 0
SET, 190.5, 0
SET, 190.6, 0
SET, 190.7, 0
SET, 190.8, 0
SET, 190.9, 0
SET, 191.0, 0
SET, 191.1, 0
SET, 191.2, 0
SET, 191.3, 0
SET, 191.4, 1
SET, 191.5, 0
SET, 191.6, 0
SET, 191.7, 0
SET, 191.8, 0
SET, 191.9, 0
SET, 192.0, 0
SET, 192.1, 0
SET, 192.2, 0
SET, 192.3, 0
SET, 192.4, 0
SET, 192.5, 0
SET, 192.6, 0
SET, 192.7, 0
SET, 192.8, 0
SET, 192.9, 0
SET, 193.0, 0
SET, 193.1, 0
SET, 193.2, 0
SET, 193.3, 0
SET, 193.4, 0
SET, 193.5, 0
SET, 193.6, 0
SET, 193.7, 0
SET, 193.8, 0
SET, 193.9, 0
SET, 194.0, 0
SET, 194.1, 0
SET, 194.2, 0
SET, 194.3, 0
SET, 194.4, 0
SET, 194.5, 0
SET, 194.6, 1
SET, 194.7, 0
SET, 194.8, 1
SET, 194.9, 0
SET, 195.0, 1
SET, 195.1, 0
SET, 195.2, 0
SET, 195.3, 0
SET, 195.4, 0
SET, 195.5, 0
SET, 195.6, 0
SET, 195.7, 0
SET, 195.8, 1
SET, 195.9, 0
SET, 196.0, 0
SET, 196.1, 0
SET, 196.2, 0
SET, 196.3, 0
SET, 196.4, 0
SET, 196.5, 0
SET, 196.6, 0
SET, 196.7, 0
SET, 196.8, 0
SET, 196.9, 0
SET, 197.0, 0
SET, 197.1, 0
SET, 197.2, 0
SET, 197.3, 0
SET, 197.4, 0
SET, 197.5, 0
SET, 197.6, 0
SET, 197.7, 0
SET, 197.8, 0
SET, 197.9, 0
SET, 198.0, 0
SET, 198.1, 0
SET, 198.2, 0
SET, 198.3, 0
SET, 198.4, 0
SET, 198.5, 0
SET, 198.6, 0
SET, 198.7, 0
SET, 198.8, 0
SET, 198.9, 0
SET, 199.0, 0
SET, 199.1, 0
SET, 199.2, 0
SET, 199.3, 0
SET, 199.4, 1
SET, 199.5, 0
SET, 199.6, 0
SET, 199.7, 1
SET, 199.8, 0
SET, 199.9, 0
SET, 200.0, 0
SET, 200.1, 1
SET, 200.2, 0
SET, 200.3, 0
SET, 200.4, 0
SET, 200.5, 0
SET, 200.6, 0
SET, 200.7, 0
SET, 200.8, 0
SET, 200.9, 0
SET, 201.0, 0
SET, 201.1, 0
SET, 201.2, 0
SET, 201.3, 0
SET, 201.4, 0
SET, 201.5, 0
SET, 201.6, 0
SET, 201.7, 1
SET, 201.8, 0
SET, 201.9, 0
SET, 202.0, 0
SET, 202.1, 0
SET, 202.2, 1
SET, 202.3, 1
SET, 202.4, 0
SET, 202.5, 1
SET, 202.6, 1
SET, 202.7, 0
SET, 202.8, 0
SET, 202.9, 0
SET, 203.0, 0
SET, 203.1, 1
SET, 203.2, 0
SET, 203.3, 0
SET, 203.4, 0
SET, 203.5, 0
SET, 203.6, 0
SET, 203.7, 0
SET, 203.8, 0
SET, 203.9, 0
SET, 204.0, 0
SET, 204.1, 0
SET, 204.2, 1
SET, 204.3, 0
SET, 204.4, 0
SET, 204.5, 0
SET, 204.6, 0
SET, 204.7, 0
SET, 204.8, 0
SET, 204.9, 1
SET, 205.0, 0
SET, 205.1, 0
SET, 205.2, 0
SET, 205.3, 0
SET, 205.4, 0
SET, 205.5, 0
SET, 205.6, 0
SET, 205.7, 0
SET, 205.8, 0
SET, 205.9, 0
SET, 206.0, 1
SET, 206.1, 0
SET, 206.2, 0
SET, 206.3, 0
SET, 206.4, 1
SET, 206.5, 0
SET, 206.6, 0
SET, 206.7, 1
SET, 206.8, 0
SET, 206.9, 0
SET, 207.0, 0
SET, 207.1, 0
SET, 207.2, 0
SET, 207.3, 0
SET, 207.4, 0
SET, 207.5, 0
SET, 207.6, 0
SET, 207.7, 0
SET, 207.8, 0
SET, 207.9, 0
SET, 208.0, 0
SET, 208.1, 0
SET, 208.2, 0
SET, 208.3, 0
SET, 208.4, 0
SET, 208.5, 0
SET, 208.6, 1
SET, 208.7, 0
SET, 208.8, 0
SET, 208.9, 0
SET, 209.0, 0
SET, 209.1, 0
SET, 209.2, 1
SET, 209.3, 0
SET, 209.4, 0
SET, 209.5, 0
SET, 209.6, 0
SET, 209.7, 0
SET, 209.8, 0
SET, 209.9, 0
SET, 210.0, 1
SET, 210.1, 1
SET, 210.2, 1
SET, 210.3, 0
SET, 210.4, 0
SET, 210.5, 0
SET, 210.6, 0
SET, 210.7, 0
SET, 210.8, 1
SET, 210.9, 0
SET, 211.0, 0
SET, 211.1, 0
SET, 211.2, 1
SET, 211.3, 0
SET, 211.4, 0
SET, 211.5, 1
SET, 211.6, 1
SET, 211.7, 0
SET, 211.8, 1
SET, 211.9, 1
SET, 212.0, 0
SET, 212.1, 0
SET, 212.2, 0
SET, 212.3, 0
SET, 212.4, 0
SET, 212.5, 1
SET, 212.6, 0
SET, 212.7, 0
SET, 212.8, 1
SET, 212.9, 0
SET, 213.0, 0
SET, 213.1, 0
SET, 213.2, 0
SET, 213.3, 1
SET, 213.4, 1
SET, 213.5, 0
SET, 213.6, 0
SET, 213.7, 1
SET, 213.8, 2
SET, 213.9, 0
SET, 214.0, 0
SET, 214.1, 0
SET, 214.2, 1
SET, 214.3, 3
SET, 214.4, 0
SET, 214.5, 0
SET, 214.6, 1
SET, 214.7, 0
SET, 214.8, 0
SET, 214.9, 0
SET, 215.0, 0
SET, 215.1, 0
SET, 215.2, 1
SET, 215.3, 0
SET, 215.4, 0
SET, 215.5, 0
SET, 215.6, 0
SET, 215.7, 0
SET, 215.8, 0
SET, 215.9, 0
SET, 216.0, 0
SET, 216.1, 0
SET, 216.2, 0
SET, 216.3, 0
SET, 216.4, 0
SET, 216.5, 0
SET, 216.6, 0
SET, 216.7, 0
SET, 216.8, 1
SET, 216.9, 0
SET, 217.0, 0
SET, 217.1, 0
SET, 217.2, 0
SET, 217.3, 0
SET, 217.4, 0
SET, 217.5, 0
SET, 217.6, 0
SET, 217.7, 0
SET, 217.8, 0
SET, 217.9, 0
SET, 218.0, 0
SET, 218.1, 0
SET, 218.2, 0
SET, 218.3, 0
SET, 218.4, 0
SET, 218.5, 0
SET, 218.6, 0
SET, 218.7, 0
SET, 218.8, 0
SET, 218.9, 0
SET, 219.0, 0
SET, 219.1, 0
SET, 219.2, 0
SET, 219.3, 0
SET, 219.4, 0
SET, 219.5, 0
SET, 219.6, 0
SET, 219.7, 0
SET, 219.8, 0
SET, 219.9, 0
SET, 220.0, 0
SET, 220.1, 0
SET, 220.2, 0
SET, 220.3, 0
SET, 220.4, 0
SET, 220.5, 0
SET, 220.6, 1
SET, 220.7, 0
SET, 220.8, 0
SET, 220.9, 1
SET, 221.0, 0
SET, 221.1, 0
SET, 221.2, 0
SET, 221.3, 1
SET, 221.4, 5
SET, 221.5, 0
SET, 221.6, 1
SET, 221.7, 0
SET, 221.8, 0
SET, 221.9, 0
SET, 222.0, 1
SET, 222.1, 1
SET, 222.2, 0
SET, 222.3, 0
SET, 222.4, 0
SET, 222.5, 0
SET, 222.6, 0
SET, 222.7, 0
SET, 222.8, 0
SET, 222.9, 0
SET, 223.0, 0
SET, 223.1, 0
SET, 223.2, 0
SET, 223.3, 1
SET, 223.4, 1
SET, 223.5, 0
SET, 223.6, 1
SET, 223.7, 0
SET, 223.8, 0
SET, 223.9, 1
SET, 224.0, 0
SET, 224.1, 0
SET, 224.2, 0
SET, 224.3, 0
SET, 224.4, 0
SET, 224.5, 1
SET, 224.6, 0
SET, 224.7, 0
SET, 224.8, 0
SET, 224.9, 0
SET, 225.0, 0
SET, 225.1, 0
SET, 225.2, 0
SET, 225.3, 0
SET, 225.4, 1
SET, 225.5, 0
SET, 225.6, 0
SET, 225.7, 0
SET, 225.8, 0
SET, 225.9, 0
SET, 226.0, 0
SET, 226.1, 0
SET, 226.2, 0
SET, 226.3, 0
SET, 226.4, 0
SET, 226.5, 0
SET, 226.6, 0
SET, 226.7, 0
SET, 226.8, 0
SET, 226.9, 0
SET, 227.0, 0
SET, 227.1, 0
SET, 227.2, 0
SET, 227.3, 0
SET, 227.4, 0
SET, 227.5, 0
SET, 227.6, 0
SET, 227.7, 0
SET, 227.8, 0
SET, 227.9, 0
SET, 228.0, 0
SET, 228.1, 0
SET, 228.2, 0
SET, 228.3, 0
SET, 228.4, 0
SET, 228.5, 0
SET, 228.6, 0
SET, 228.7, 0
SET, 228.8, 0
SET, 228.9, 0
SET, 229.0, 0
SET, 229.1, 0
SET, 229.2, 0
SET, 229.3, 1
SET, 229.4, 0
SET, 229.5, 0
SET, 229.6, 0
SET, 229.7, 0
SET, 229.8, 0
SET, 229.9, 0
SET, 230.0, 0
SET, 230.1, 0
SET, 230.2, 0
SET, 230.3, 0
SET, 230.4, 0
SET, 230.5, 0
SET, 230.6, 0
SET, 230.7, 0
SET, 230.8, 0
SET, 230.9, 0
SET, 231.0, 0
SET, 231.1, 0
SET, 231.2, 0
SET, 231.3, 0
SET, 231.4, 0
SET, 231.5, 0
SET, 231.6, 0
SET, 231.7, 0
SET, 231.8, 0
SET, 231.9, 0
SET, 232.0, 0
SET, 232.1, 0
SET, 232.2, 0
SET, 232.3, 0
SET, 232.4, 0
SET, 232.5, 0
SET, 232.6, 0
SET, 232.7, 0
SET, 232.8, 0
SET, 232.9, 0
SET, 233.0, 0
SET, 233.1, 0
SET, 233.2, 0
SET, 233.3, 0
SET, 233.4, 0
SET, 233.5, 0
SET, 233.6, 0
SET, 233.7, 0
SET, 233.8, 0
SET, 233.9, 0
SET, 234.0, 0
SET, 234.1, 0
SET, 234.2, 0
SET, 234.3, 1
