2018-11-14 18:02:02 (10584904504041) INFO  - START: Middleware listening on address 10.0.0.11:8888.
2018-11-14 18:03:25 (10668168334380) STATS -  5.00, 669, 0, 0.287777, 3.314865, 4.157137, 3.403084, 0.000000, 4.911191, 840, 0, 2506, 0.00, 0.00, 6
2018-11-14 18:03:25 (10668207267604) STATS - 10.00, 810, 0, 0.219691, 2.310323, 2.826149, 2.321877, 0.000000, 3.330421, 1012, 0, 3039, 0.00, 0.00, 6
2018-11-14 18:03:25 (10668236056422) STATS - 15.00, 835, 0, 0.204184, 2.249677, 2.774552, 2.307969, 0.000000, 3.241135, 1044, 0, 3134, 0.00, 0.00, 6
2018-11-14 18:03:25 (10668257485236) STATS - 20.00, 807, 0, 0.192584, 2.463337, 2.960591, 2.557474, 0.000000, 3.363708, 1009, 0, 3028, 0.00, 0.00, 6
2018-11-14 18:03:25 (10668275580547) STATS - 25.00, 795, 0, 0.202416, 2.579073, 3.091794, 2.652273, 0.000000, 3.531315, 996, 0, 2980, 0.00, 0.00, 6
2018-11-14 18:03:25 (10668294546559) STATS - 30.00, 827, 0, 0.231542, 2.311274, 2.888947, 2.492589, 0.000000, 3.285306, 1033, 0, 3104, 0.00, 0.00, 6
2018-11-14 18:03:25 (10668305174365) STATS - 35.00, 808, 0, 0.192086, 2.394267, 2.930274, 2.482085, 0.000000, 3.378463, 1010, 0, 3034, 0.00, 0.00, 6
2018-11-14 18:03:25 (10668315700772) STATS - 40.00, 850, 0, 0.211183, 2.274088, 2.844906, 2.444445, 0.000000, 3.245367, 1063, 0, 3188, 0.00, 0.00, 6
2018-11-14 18:03:25 (10668325809178) STATS - 45.00, 828, 0, 0.209976, 2.334109, 2.906930, 2.502717, 0.000000, 3.311143, 1036, 0, 3108, 0.00, 0.00, 6
2018-11-14 18:03:25 (10668335041684) STATS - 50.00, 792, 0, 0.234801, 2.484524, 3.106409, 2.786059, 0.000000, 3.426759, 991, 0, 2972, 0.00, 0.00, 6
2018-11-14 18:03:25 (10668344275290) STATS - 55.00, 814, 0, 0.217171, 2.439673, 2.994717, 2.603976, 0.000000, 3.385457, 1019, 0, 3055, 0.00, 0.00, 6
2018-11-14 18:03:25 (10668353469395) STATS - 60.00, 825, 0, 0.230722, 2.260314, 2.834085, 2.465092, 0.000000, 3.203078, 1031, 0, 3097, 0.00, 0.00, 6
2018-11-14 18:03:25 (10668355916697) STATS - 65.00, 787, 0, 0.214215, 2.481992, 3.032195, 2.608694, 0.000000, 3.455697, 985, 0, 2953, 0.00, 0.00, 6
2018-11-14 18:03:25 (10668364700902) STATS - 70.00, 811, 0, 0.227461, 2.365618, 2.945020, 2.541974, 0.000000, 3.348066, 1013, 0, 3043, 0.00, 0.00, 6
2018-11-14 18:03:25 (10668365945203) STATS - 70.00, 1, 0, 0.076733, 4.946836, 5.377887, 4.967703, 0.000000, 5.788070, 3, 0, 3, 0.00, 0.00, 6
2018-11-14 18:03:26 (10668588922742) STATS - Type, Interval, Responses
2018-11-14 18:03:26 (10668596140546) STATS - SET, 0.1, 0
2018-11-14 18:03:26 (10668596403846) STATS - SET, 0.2, 0
2018-11-14 18:03:26 (10668596646147) STATS - SET, 0.3, 0
2018-11-14 18:03:26 (10668596909347) STATS - SET, 0.4, 0
2018-11-14 18:03:26 (10668597101547) STATS - SET, 0.5, 0
2018-11-14 18:03:26 (10668597312947) STATS - SET, 0.6, 0
2018-11-14 18:03:26 (10668597504747) STATS - SET, 0.7, 0
2018-11-14 18:03:26 (10668597663947) STATS - SET, 0.8, 7
2018-11-14 18:03:26 (10668597838147) STATS - SET, 0.9, 45
2018-11-14 18:03:26 (10668597989347) STATS - SET, 1.0, 219
2018-11-14 18:03:26 (10668598125248) STATS - SET, 1.1, 391
2018-11-14 18:03:26 (10668598282748) STATS - SET, 1.2, 735
2018-11-14 18:03:26 (10668598436648) STATS - SET, 1.3, 1085
2018-11-14 18:03:26 (10668598599748) STATS - SET, 1.4, 1142
2018-11-14 18:03:26 (10668598785348) STATS - SET, 1.5, 1100
2018-11-14 18:03:26 (10668606036452) STATS - SET, 1.6, 1008
2018-11-14 18:03:26 (10668606274453) STATS - SET, 1.7, 904
2018-11-14 18:03:26 (10668606413053) STATS - SET, 1.8, 786
2018-11-14 18:03:26 (10668606633853) STATS - SET, 1.9, 667
2018-11-14 18:03:26 (10668606863653) STATS - SET, 2.0, 594
2018-11-14 18:03:26 (10668607050253) STATS - SET, 2.1, 433
2018-11-14 18:03:26 (10668607360253) STATS - SET, 2.2, 386
2018-11-14 18:03:26 (10668607515453) STATS - SET, 2.3, 318
2018-11-14 18:03:26 (10668607661153) STATS - SET, 2.4, 287
2018-11-14 18:03:26 (10668607790354) STATS - SET, 2.5, 249
2018-11-14 18:03:26 (10668608048254) STATS - SET, 2.6, 208
2018-11-14 18:03:26 (10668608224854) STATS - SET, 2.7, 176
2018-11-14 18:03:26 (10668608397354) STATS - SET, 2.8, 198
2018-11-14 18:03:26 (10668608634354) STATS - SET, 2.9, 177
2018-11-14 18:03:26 (10668615733058) STATS - SET, 3.0, 141
2018-11-14 18:03:26 (10668615899259) STATS - SET, 3.1, 135
2018-11-14 18:03:26 (10668616091259) STATS - SET, 3.2, 96
2018-11-14 18:03:26 (10668616241259) STATS - SET, 3.3, 64
2018-11-14 18:03:26 (10668616629459) STATS - SET, 3.4, 80
2018-11-14 18:03:26 (10668616840359) STATS - SET, 3.5, 53
2018-11-14 18:03:26 (10668616964159) STATS - SET, 3.6, 53
2018-11-14 18:03:26 (10668617122059) STATS - SET, 3.7, 58
2018-11-14 18:03:26 (10668617298959) STATS - SET, 3.8, 39
2018-11-14 18:03:26 (10668617425460) STATS - SET, 3.9, 39
2018-11-14 18:03:26 (10668617609760) STATS - SET, 4.0, 38
2018-11-14 18:03:26 (10668617778860) STATS - SET, 4.1, 31
2018-11-14 18:03:26 (10668617920660) STATS - SET, 4.2, 37
2018-11-14 18:03:26 (10668618057060) STATS - SET, 4.3, 30
2018-11-14 18:03:26 (10668618175860) STATS - SET, 4.4, 42
2018-11-14 18:03:26 (10668618356660) STATS - SET, 4.5, 27
2018-11-14 18:03:26 (10668618488360) STATS - SET, 4.6, 37
2018-11-14 18:03:26 (10668625570465) STATS - SET, 4.7, 45
2018-11-14 18:03:26 (10668625777865) STATS - SET, 4.8, 32
2018-11-14 18:03:26 (10668625949265) STATS - SET, 4.9, 36
2018-11-14 18:03:26 (10668626065165) STATS - SET, 5.0, 31
2018-11-14 18:03:26 (10668626198465) STATS - SET, 5.1, 29
2018-11-14 18:03:26 (10668626358365) STATS - SET, 5.2, 40
2018-11-14 18:03:26 (10668626509865) STATS - SET, 5.3, 26
2018-11-14 18:03:26 (10668626640565) STATS - SET, 5.4, 27
2018-11-14 18:03:26 (10668626829665) STATS - SET, 5.5, 38
2018-11-14 18:03:26 (10668626981365) STATS - SET, 5.6, 33
2018-11-14 18:03:26 (10668627212366) STATS - SET, 5.7, 46
2018-11-14 18:03:26 (10668627385566) STATS - SET, 5.8, 49
2018-11-14 18:03:26 (10668627544766) STATS - SET, 5.9, 49
2018-11-14 18:03:26 (10668627663166) STATS - SET, 6.0, 53
2018-11-14 18:03:26 (10668628219766) STATS - SET, 6.1, 41
2018-11-14 18:03:26 (10668628377866) STATS - SET, 6.2, 47
2018-11-14 18:03:26 (10668635267371) STATS - SET, 6.3, 44
2018-11-14 18:03:26 (10668635519671) STATS - SET, 6.4, 60
2018-11-14 18:03:26 (10668635660471) STATS - SET, 6.5, 63
2018-11-14 18:03:26 (10668635824271) STATS - SET, 6.6, 50
2018-11-14 18:03:26 (10668635967771) STATS - SET, 6.7, 64
2018-11-14 18:03:26 (10668636087071) STATS - SET, 6.8, 55
2018-11-14 18:03:26 (10668636213671) STATS - SET, 6.9, 59
2018-11-14 18:03:26 (10668636413971) STATS - SET, 7.0, 52
2018-11-14 18:03:26 (10668636557671) STATS - SET, 7.1, 59
2018-11-14 18:03:26 (10668636789672) STATS - SET, 7.2, 50
2018-11-14 18:03:26 (10668637100672) STATS - SET, 7.3, 61
2018-11-14 18:03:26 (10668637234672) STATS - SET, 7.4, 37
2018-11-14 18:03:26 (10668637349372) STATS - SET, 7.5, 43
2018-11-14 18:03:26 (10668637495472) STATS - SET, 7.6, 38
2018-11-14 18:03:26 (10668637640672) STATS - SET, 7.7, 42
2018-11-14 18:03:26 (10668637765272) STATS - SET, 7.8, 34
2018-11-14 18:03:26 (10668637880172) STATS - SET, 7.9, 29
2018-11-14 18:03:26 (10668637990672) STATS - SET, 8.0, 19
2018-11-14 18:03:26 (10668638129372) STATS - SET, 8.1, 31
2018-11-14 18:03:26 (10668645154977) STATS - SET, 8.2, 28
2018-11-14 18:03:26 (10668645329277) STATS - SET, 8.3, 30
2018-11-14 18:03:26 (10668645477577) STATS - SET, 8.4, 24
2018-11-14 18:03:26 (10668645592577) STATS - SET, 8.5, 15
2018-11-14 18:03:26 (10668645713577) STATS - SET, 8.6, 13
2018-11-14 18:03:26 (10668645871777) STATS - SET, 8.7, 9
2018-11-14 18:03:26 (10668645982277) STATS - SET, 8.8, 15
2018-11-14 18:03:26 (10668646089077) STATS - SET, 8.9, 14
2018-11-14 18:03:26 (10668646196077) STATS - SET, 9.0, 16
2018-11-14 18:03:26 (10668646323977) STATS - SET, 9.1, 18
2018-11-14 18:03:26 (10668646435078) STATS - SET, 9.2, 23
2018-11-14 18:03:26 (10668646540678) STATS - SET, 9.3, 20
2018-11-14 18:03:26 (10668646668978) STATS - SET, 9.4, 32
2018-11-14 18:03:26 (10668646792478) STATS - SET, 9.5, 26
2018-11-14 18:03:26 (10668646917878) STATS - SET, 9.6, 30
2018-11-14 18:03:26 (10668647159178) STATS - SET, 9.7, 20
2018-11-14 18:03:26 (10668647325378) STATS - SET, 9.8, 6
2018-11-14 18:03:26 (10668647445978) STATS - SET, 9.9, 12
2018-11-14 18:03:26 (10668647578978) STATS - SET, 10.0, 15
2018-11-14 18:03:26 (10668647765778) STATS - SET, 10.1, 8
2018-11-14 18:03:26 (10668647884778) STATS - SET, 10.2, 6
2018-11-14 18:03:26 (10668654943083) STATS - SET, 10.3, 1
2018-11-14 18:03:26 (10668655068483) STATS - SET, 10.4, 5
2018-11-14 18:03:26 (10668655225583) STATS - SET, 10.5, 3
2018-11-14 18:03:26 (10668655327183) STATS - SET, 10.6, 4
2018-11-14 18:03:26 (10668655463083) STATS - SET, 10.7, 5
2018-11-14 18:03:26 (10668655590483) STATS - SET, 10.8, 4
2018-11-14 18:03:26 (10668655706583) STATS - SET, 10.9, 1
2018-11-14 18:03:26 (10668655834483) STATS - SET, 11.0, 1
2018-11-14 18:03:26 (10668655980384) STATS - SET, 11.1, 2
2018-11-14 18:03:26 (10668656124484) STATS - SET, 11.2, 3
2018-11-14 18:03:26 (10668656234584) STATS - SET, 11.3, 5
2018-11-14 18:03:26 (10668656335684) STATS - SET, 11.4, 3
2018-11-14 18:03:26 (10668656436584) STATS - SET, 11.5, 0
2018-11-14 18:03:26 (10668656536984) STATS - SET, 11.6, 2
2018-11-14 18:03:26 (10668656639784) STATS - SET, 11.7, 1
2018-11-14 18:03:26 (10668656759784) STATS - SET, 11.8, 2
2018-11-14 18:03:26 (10668656880084) STATS - SET, 11.9, 2
2018-11-14 18:03:26 (10668656976884) STATS - SET, 12.0, 0
2018-11-14 18:03:26 (10668657144484) STATS - SET, 12.1, 4
2018-11-14 18:03:26 (10668657271084) STATS - SET, 12.2, 1
2018-11-14 18:03:26 (10668657388984) STATS - SET, 12.3, 2
2018-11-14 18:03:26 (10668657493084) STATS - SET, 12.4, 0
2018-11-14 18:03:26 (10668657593185) STATS - SET, 12.5, 0
2018-11-14 18:03:26 (10668657692585) STATS - SET, 12.6, 1
2018-11-14 18:03:26 (10668664792089) STATS - SET, 12.7, 0
2018-11-14 18:03:26 (10668664954189) STATS - SET, 12.8, 0
2018-11-14 18:03:26 (10668665060789) STATS - SET, 12.9, 1
2018-11-14 18:03:26 (10668665208189) STATS - SET, 13.0, 4
2018-11-14 18:03:26 (10668665302889) STATS - SET, 13.1, 1
2018-11-14 18:03:26 (10668665398889) STATS - SET, 13.2, 0
2018-11-14 18:03:26 (10668665496889) STATS - SET, 13.3, 0
2018-11-14 18:03:26 (10668665591789) STATS - SET, 13.4, 2
2018-11-14 18:03:26 (10668665685890) STATS - SET, 13.5, 1
2018-11-14 18:03:26 (10668665804490) STATS - SET, 13.6, 0
2018-11-14 18:03:26 (10668665900990) STATS - SET, 13.7, 0
2018-11-14 18:03:26 (10668665997090) STATS - SET, 13.8, 0
2018-11-14 18:03:26 (10668666126690) STATS - SET, 13.9, 0
2018-11-14 18:03:26 (10668666213690) STATS - SET, 14.0, 0
2018-11-14 18:03:26 (10668666305490) STATS - SET, 14.1, 0
2018-11-14 18:03:26 (10668666397490) STATS - SET, 14.2, 0
2018-11-14 18:03:26 (10668666489690) STATS - SET, 14.3, 0
2018-11-14 18:03:26 (10668666579790) STATS - SET, 14.4, 1
2018-11-14 18:03:26 (10668666669390) STATS - SET, 14.5, 0
2018-11-14 18:03:26 (10668666758190) STATS - SET, 14.6, 1
2018-11-14 18:03:26 (10668666845990) STATS - SET, 14.7, 1
2018-11-14 18:03:26 (10668666934790) STATS - SET, 14.8, 0
2018-11-14 18:03:26 (10668667037990) STATS - SET, 14.9, 0
2018-11-14 18:03:26 (10668667124890) STATS - SET, 15.0, 1
2018-11-14 18:03:26 (10668667213590) STATS - SET, 15.1, 0
2018-11-14 18:03:26 (10668667327791) STATS - SET, 15.2, 0
2018-11-14 18:03:26 (10668667433991) STATS - SET, 15.3, 0
2018-11-14 18:03:26 (10668667538091) STATS - SET, 15.4, 0
2018-11-14 18:03:26 (10668674745295) STATS - SET, 15.5, 1
2018-11-14 18:03:26 (10668674864395) STATS - SET, 15.6, 0
2018-11-14 18:03:26 (10668674987295) STATS - SET, 15.7, 0
2018-11-14 18:03:26 (10668675153195) STATS - SET, 15.8, 0
2018-11-14 18:03:26 (10668675248695) STATS - SET, 15.9, 0
2018-11-14 18:03:26 (10668675339596) STATS - SET, 16.0, 0
2018-11-14 18:03:26 (10668675456096) STATS - SET, 16.1, 0
2018-11-14 18:03:26 (10668675550196) STATS - SET, 16.2, 0
2018-11-14 18:03:26 (10668675662196) STATS - SET, 16.3, 0
2018-11-14 18:03:26 (10668675782996) STATS - SET, 16.4, 0
2018-11-14 18:03:26 (10668675879896) STATS - SET, 16.5, 0
2018-11-14 18:03:26 (10668675973396) STATS - SET, 16.6, 0
2018-11-14 18:03:26 (10668676105196) STATS - SET, 16.7, 0
2018-11-14 18:03:26 (10668676201496) STATS - SET, 16.8, 0
2018-11-14 18:03:26 (10668676292096) STATS - SET, 16.9, 1
2018-11-14 18:03:26 (10668676385496) STATS - SET, 17.0, 2
2018-11-14 18:03:26 (10668676476296) STATS - SET, 17.1, 0
2018-11-14 18:03:26 (10668676598496) STATS - SET, 17.2, 1
2018-11-14 18:03:26 (10668676698996) STATS - SET, 17.3, 1
2018-11-14 18:03:26 (10668676788696) STATS - SET, 17.4, 0
2018-11-14 18:03:26 (10668676896997) STATS - SET, 17.5, 0
2018-11-14 18:03:26 (10668676990497) STATS - SET, 17.6, 0
2018-11-14 18:03:26 (10668677095797) STATS - SET, 17.7, 0
2018-11-14 18:03:26 (10668677183097) STATS - SET, 17.8, 0
2018-11-14 18:03:26 (10668677285197) STATS - SET, 17.9, 0
2018-11-14 18:03:26 (10668677368697) STATS - SET, 18.0, 0
2018-11-14 18:03:26 (10668684456401) STATS - SET, 18.1, 0
2018-11-14 18:03:26 (10668684547801) STATS - SET, 18.2, 0
2018-11-14 18:03:26 (10668684741901) STATS - SET, 18.3, 0
2018-11-14 18:03:26 (10668684924602) STATS - SET, 18.4, 0
2018-11-14 18:03:26 (10668685056002) STATS - SET, 18.5, 0
2018-11-14 18:03:26 (10668685236702) STATS - SET, 18.6, 0
2018-11-14 18:03:26 (10668685382702) STATS - SET, 18.7, 0
2018-11-14 18:03:26 (10668685550202) STATS - SET, 18.8, 1
2018-11-14 18:03:26 (10668685653802) STATS - SET, 18.9, 0
2018-11-14 18:03:26 (10668685746602) STATS - SET, 19.0, 0
2018-11-14 18:03:26 (10668685923302) STATS - SET, 19.1, 0
2018-11-14 18:03:26 (10668686007302) STATS - SET, 19.2, 0
2018-11-14 18:03:26 (10668686088902) STATS - SET, 19.3, 0
2018-11-14 18:03:26 (10668686171402) STATS - SET, 19.4, 0
2018-11-14 18:03:26 (10668686254402) STATS - SET, 19.5, 0
2018-11-14 18:03:26 (10668686335902) STATS - SET, 19.6, 1
2018-11-14 18:03:26 (10668686437102) STATS - SET, 19.7, 0
2018-11-14 18:03:26 (10668686602103) STATS - SET, 19.8, 0
2018-11-14 18:03:26 (10668686692503) STATS - SET, 19.9, 0
2018-11-14 18:03:26 (10668686795703) STATS - SET, 20.0, 0
2018-11-14 18:03:26 (10668686954603) STATS - SET, 20.1, 0
2018-11-14 18:03:26 (10668687096503) STATS - SET, 20.2, 0
2018-11-14 18:03:26 (10668687213703) STATS - SET, 20.3, 0
2018-11-14 18:03:26 (10668694282507) STATS - SET, 20.4, 0
2018-11-14 18:03:26 (10668694379207) STATS - SET, 20.5, 0
2018-11-14 18:03:26 (10668694470207) STATS - SET, 20.6, 0
2018-11-14 18:03:26 (10668694561008) STATS - SET, 20.7, 0
2018-11-14 18:03:26 (10668694678208) STATS - SET, 20.8, 0
2018-11-14 18:03:26 (10668694814708) STATS - SET, 20.9, 0
2018-11-14 18:03:26 (10668694909708) STATS - SET, 21.0, 1
2018-11-14 18:03:26 (10668695012508) STATS - SET, 21.1, 1
2018-11-14 18:03:26 (10668695095908) STATS - SET, 21.2, 0
2018-11-14 18:03:26 (10668695178708) STATS - SET, 21.3, 0
2018-11-14 18:03:26 (10668695277908) STATS - SET, 21.4, 0
2018-11-14 18:03:26 (10668695360208) STATS - SET, 21.5, 0
2018-11-14 18:03:26 (10668695498808) STATS - SET, 21.6, 0
2018-11-14 18:03:26 (10668695599708) STATS - SET, 21.7, 0
2018-11-14 18:03:26 (10668695684608) STATS - SET, 21.8, 0
2018-11-14 18:03:26 (10668695882108) STATS - SET, 21.9, 0
2018-11-14 18:03:26 (10668695993908) STATS - SET, 22.0, 0
2018-11-14 18:03:26 (10668696141608) STATS - SET, 22.1, 0
2018-11-14 18:03:26 (10668696250809) STATS - SET, 22.2, 0
2018-11-14 18:03:26 (10668696335009) STATS - SET, 22.3, 0
2018-11-14 18:03:26 (10668696417209) STATS - SET, 22.4, 0
2018-11-14 18:03:26 (10668696573509) STATS - SET, 22.5, 0
2018-11-14 18:03:26 (10668696698009) STATS - SET, 22.6, 0
2018-11-14 18:03:26 (10668696815109) STATS - SET, 22.7, 0
2018-11-14 18:03:26 (10668696897609) STATS - SET, 22.8, 0
2018-11-14 18:03:26 (10668696995609) STATS - SET, 22.9, 0
2018-11-14 18:03:26 (10668704047513) STATS - SET, 23.0, 0
2018-11-14 18:03:26 (10668704210914) STATS - SET, 23.1, 0
2018-11-14 18:03:26 (10668704324014) STATS - SET, 23.2, 0
2018-11-14 18:03:26 (10668704405314) STATS - SET, 23.3, 0
2018-11-14 18:03:26 (10668704528114) STATS - SET, 23.4, 0
2018-11-14 18:03:26 (10668704650914) STATS - SET, 23.5, 0
2018-11-14 18:03:26 (10668704820014) STATS - SET, 23.6, 0
2018-11-14 18:03:26 (10668705135614) STATS - SET, 23.7, 0
2018-11-14 18:03:26 (10668705300414) STATS - SET, 23.8, 0
2018-11-14 18:03:26 (10668705444714) STATS - SET, 23.9, 0
2018-11-14 18:03:26 (10668705664914) STATS - SET, 24.0, 0
2018-11-14 18:03:26 (10668705810815) STATS - SET, 24.1, 0
2018-11-14 18:03:26 (10668705957715) STATS - SET, 24.2, 0
2018-11-14 18:03:26 (10668706040615) STATS - SET, 24.3, 0
2018-11-14 18:03:26 (10668706121015) STATS - SET, 24.4, 0
2018-11-14 18:03:26 (10668706202015) STATS - SET, 24.5, 0
2018-11-14 18:03:26 (10668706281015) STATS - SET, 24.6, 0
2018-11-14 18:03:26 (10668706359715) STATS - SET, 24.7, 0
2018-11-14 18:03:26 (10668706438015) STATS - SET, 24.8, 0
2018-11-14 18:03:26 (10668706517715) STATS - SET, 24.9, 0
2018-11-14 18:03:26 (10668706594215) STATS - SET, 25.0, 0
2018-11-14 18:03:26 (10668706672115) STATS - SET, 25.1, 0
2018-11-14 18:03:26 (10668706749915) STATS - SET, 25.2, 0
2018-11-14 18:03:26 (10668706829015) STATS - SET, 25.3, 0
2018-11-14 18:03:26 (10668713907220) STATS - SET, 25.4, 0
2018-11-14 18:03:26 (10668714039720) STATS - SET, 25.5, 0
2018-11-14 18:03:26 (10668714134620) STATS - SET, 25.6, 0
2018-11-14 18:03:26 (10668714231120) STATS - SET, 25.7, 0
2018-11-14 18:03:26 (10668714306120) STATS - SET, 25.8, 0
2018-11-14 18:03:26 (10668714379220) STATS - SET, 25.9, 0
2018-11-14 18:03:26 (10668714448720) STATS - SET, 26.0, 0
2018-11-14 18:03:26 (10668714520020) STATS - SET, 26.1, 0
2018-11-14 18:03:26 (10668714649020) STATS - SET, 26.2, 0
2018-11-14 18:03:26 (10668714744420) STATS - SET, 26.3, 0
2018-11-14 18:03:26 (10668714834120) STATS - SET, 26.4, 0
2018-11-14 18:03:26 (10668714927620) STATS - SET, 26.5, 0
2018-11-14 18:03:26 (10668715209420) STATS - SET, 26.6, 0
2018-11-14 18:03:26 (10668715303020) STATS - SET, 26.7, 0
2018-11-14 18:03:26 (10668715386220) STATS - SET, 26.8, 0
2018-11-14 18:03:26 (10668715509721) STATS - SET, 26.9, 0
2018-11-14 18:03:26 (10668715583121) STATS - SET, 27.0, 0
2018-11-14 18:03:26 (10668715723321) STATS - SET, 27.1, 0
2018-11-14 18:03:26 (10668715825321) STATS - SET, 27.2, 0
2018-11-14 18:03:26 (10668715930421) STATS - SET, 27.3, 0
2018-11-14 18:03:26 (10668716034321) STATS - SET, 27.4, 0
2018-11-14 18:03:26 (10668716145121) STATS - SET, 27.5, 0
2018-11-14 18:03:26 (10668716214921) STATS - SET, 27.6, 0
2018-11-14 18:03:26 (10668716284021) STATS - SET, 27.7, 0
2018-11-14 18:03:26 (10668716356021) STATS - SET, 27.8, 0
2018-11-14 18:03:26 (10668716450621) STATS - SET, 27.9, 0
2018-11-14 18:03:26 (10668716518921) STATS - SET, 28.0, 0
2018-11-14 18:03:26 (10668716588221) STATS - SET, 28.1, 0
2018-11-14 18:03:26 (10668716859821) STATS - SET, 28.2, 0
2018-11-14 18:03:26 (10668716970421) STATS - SET, 28.3, 0
2018-11-14 18:03:26 (10668717044421) STATS - SET, 28.4, 0
2018-11-14 18:03:26 (10668723729026) STATS - SET, 28.5, 0
2018-11-14 18:03:26 (10668723878826) STATS - SET, 28.6, 0
2018-11-14 18:03:26 (10668723985126) STATS - SET, 28.7, 0
2018-11-14 18:03:26 (10668724118226) STATS - SET, 28.8, 0
2018-11-14 18:03:26 (10668724188026) STATS - SET, 28.9, 0
2018-11-14 18:03:26 (10668724251126) STATS - SET, 29.0, 0
2018-11-14 18:03:26 (10668724316926) STATS - SET, 29.1, 0
2018-11-14 18:03:26 (10668724381126) STATS - SET, 29.2, 0
2018-11-14 18:03:26 (10668724449926) STATS - SET, 29.3, 0
2018-11-14 18:03:26 (10668724514826) STATS - SET, 29.4, 0
2018-11-14 18:03:26 (10668724578726) STATS - SET, 29.5, 0
2018-11-14 18:03:26 (10668724730926) STATS - SET, 29.6, 1
2018-11-14 18:03:26 (10668724808326) STATS - SET, 29.7, 0
2018-11-14 18:03:26 (10668724877826) STATS - SET, 29.8, 0
2018-11-14 18:03:26 (10668724948126) STATS - SET, 29.9, 0
2018-11-14 18:03:26 (10668725197927) STATS - SET, 30.0, 0
2018-11-14 18:03:26 (10668725278227) STATS - SET, 30.1, 0
2018-11-14 18:03:26 (10668725377427) STATS - SET, 30.2, 0
2018-11-14 18:03:26 (10668725511527) STATS - SET, 30.3, 0
2018-11-14 18:03:26 (10668725587627) STATS - SET, 30.4, 0
2018-11-14 18:03:26 (10668725672327) STATS - SET, 30.5, 0
2018-11-14 18:03:26 (10668725755027) STATS - SET, 30.6, 0
2018-11-14 18:03:26 (10668725912727) STATS - SET, 30.7, 0
2018-11-14 18:03:26 (10668725997327) STATS - SET, 30.8, 0
2018-11-14 18:03:26 (10668726065927) STATS - SET, 30.9, 0
2018-11-14 18:03:26 (10668726146227) STATS - SET, 31.0, 0
2018-11-14 18:03:26 (10668726212227) STATS - SET, 31.1, 0
2018-11-14 18:03:26 (10668726338927) STATS - SET, 31.2, 0
2018-11-14 18:03:26 (10668726399327) STATS - SET, 31.3, 0
2018-11-14 18:03:26 (10668726462627) STATS - SET, 31.4, 0
2018-11-14 18:03:26 (10668726562927) STATS - SET, 31.5, 0
2018-11-14 18:03:26 (10668733570632) STATS - SET, 31.6, 0
2018-11-14 18:03:26 (10668733702232) STATS - SET, 31.7, 0
2018-11-14 18:03:26 (10668733767132) STATS - SET, 31.8, 0
2018-11-14 18:03:26 (10668733835032) STATS - SET, 31.9, 0
2018-11-14 18:03:26 (10668733894232) STATS - SET, 32.0, 1
2018-11-14 18:03:26 (10668733952732) STATS - SET, 32.1, 0
2018-11-14 18:03:26 (10668734012032) STATS - SET, 32.2, 0
2018-11-14 18:03:26 (10668734073032) STATS - SET, 32.3, 0
2018-11-14 18:03:26 (10668734160132) STATS - SET, 32.4, 0
2018-11-14 18:03:26 (10668734217632) STATS - SET, 32.5, 0
2018-11-14 18:03:26 (10668734281232) STATS - SET, 32.6, 0
2018-11-14 18:03:26 (10668734339532) STATS - SET, 32.7, 0
2018-11-14 18:03:26 (10668734419532) STATS - SET, 32.8, 0
2018-11-14 18:03:26 (10668734495732) STATS - SET, 32.9, 0
2018-11-14 18:03:26 (10668734551632) STATS - SET, 33.0, 0
2018-11-14 18:03:26 (10668734609032) STATS - SET, 33.1, 0
2018-11-14 18:03:26 (10668734665532) STATS - SET, 33.2, 0
2018-11-14 18:03:26 (10668734724333) STATS - SET, 33.3, 0
2018-11-14 18:03:26 (10668734780733) STATS - SET, 33.4, 0
2018-11-14 18:03:26 (10668734855033) STATS - SET, 33.5, 0
2018-11-14 18:03:26 (10668734913233) STATS - SET, 33.6, 0
2018-11-14 18:03:26 (10668734991733) STATS - SET, 33.7, 0
2018-11-14 18:03:26 (10668735050233) STATS - SET, 33.8, 0
2018-11-14 18:03:26 (10668735108033) STATS - SET, 33.9, 0
2018-11-14 18:03:26 (10668735181733) STATS - SET, 34.0, 0
2018-11-14 18:03:26 (10668735328433) STATS - SET, 34.1, 0
2018-11-14 18:03:26 (10668735463233) STATS - SET, 34.2, 0
2018-11-14 18:03:26 (10668735564833) STATS - SET, 34.3, 0
2018-11-14 18:03:26 (10668735665033) STATS - SET, 34.4, 0
2018-11-14 18:03:26 (10668735725233) STATS - SET, 34.5, 0
2018-11-14 18:03:26 (10668735816033) STATS - SET, 34.6, 0
2018-11-14 18:03:26 (10668735889133) STATS - SET, 34.7, 0
2018-11-14 18:03:26 (10668735983833) STATS - SET, 34.8, 0
2018-11-14 18:03:26 (10668736052733) STATS - SET, 34.9, 0
2018-11-14 18:03:26 (10668736105733) STATS - SET, 35.0, 0
2018-11-14 18:03:26 (10668736158333) STATS - SET, 35.1, 0
2018-11-14 18:03:26 (10668736211433) STATS - SET, 35.2, 0
2018-11-14 18:03:26 (10668736283133) STATS - SET, 35.3, 0
2018-11-14 18:03:26 (10668743065938) STATS - SET, 35.4, 0
2018-11-14 18:03:26 (10668743291738) STATS - SET, 35.5, 0
2018-11-14 18:03:26 (10668743398138) STATS - SET, 35.6, 0
2018-11-14 18:03:26 (10668743470338) STATS - SET, 35.7, 1
2018-11-14 18:03:26 (10668743626438) STATS - GET, 0.1, 0
2018-11-14 18:03:26 (10668743732738) STATS - GET, 0.2, 0
2018-11-14 18:03:26 (10668743870938) STATS - GET, 0.3, 0
2018-11-14 18:03:26 (10668743940538) STATS - GET, 0.4, 0
2018-11-14 18:03:26 (10668744031338) STATS - GET, 0.5, 0
2018-11-14 18:03:26 (10668744085038) STATS - GET, 0.6, 0
2018-11-14 18:03:26 (10668744152138) STATS - GET, 0.7, 0
2018-11-14 18:03:26 (10668744304338) STATS - GET, 0.8, 0
2018-11-14 18:03:26 (10668744457939) STATS - GET, 0.9, 0
2018-11-14 18:03:26 (10668744537439) STATS - GET, 1.0, 0
2018-11-14 18:03:26 (10668744624639) STATS - GET, 1.1, 0
2018-11-14 18:03:26 (10668744718739) STATS - GET, 1.2, 0
2018-11-14 18:03:26 (10668744814839) STATS - GET, 1.3, 12
2018-11-14 18:03:26 (10668744867339) STATS - GET, 1.4, 75
2018-11-14 18:03:26 (10668744934539) STATS - GET, 1.5, 318
2018-11-14 18:03:26 (10668745059639) STATS - GET, 1.6, 729
2018-11-14 18:03:26 (10668745149939) STATS - GET, 1.7, 1477
2018-11-14 18:03:26 (10668745216239) STATS - GET, 1.8, 2017
2018-11-14 18:03:26 (10668745266039) STATS - GET, 1.9, 2756
2018-11-14 18:03:26 (10668745331839) STATS - GET, 2.0, 2945
2018-11-14 18:03:26 (10668745388739) STATS - GET, 2.1, 2977
2018-11-14 18:03:26 (10668745437939) STATS - GET, 2.2, 2658
2018-11-14 18:03:26 (10668745503939) STATS - GET, 2.3, 2299
2018-11-14 18:03:26 (10668745572239) STATS - GET, 2.4, 2226
2018-11-14 18:03:26 (10668745621839) STATS - GET, 2.5, 1875
2018-11-14 18:03:26 (10668745688639) STATS - GET, 2.6, 1492
2018-11-14 18:03:26 (10668745796939) STATS - GET, 2.7, 1336
2018-11-14 18:03:26 (10668745849439) STATS - GET, 2.8, 1230
2018-11-14 18:03:26 (10668745900139) STATS - GET, 2.9, 1041
2018-11-14 18:03:26 (10668752831844) STATS - GET, 3.0, 918
2018-11-14 18:03:26 (10668752930544) STATS - GET, 3.1, 717
2018-11-14 18:03:26 (10668752988744) STATS - GET, 3.2, 712
2018-11-14 18:03:26 (10668753044244) STATS - GET, 3.3, 584
2018-11-14 18:03:26 (10668753098844) STATS - GET, 3.4, 539
2018-11-14 18:03:26 (10668753218544) STATS - GET, 3.5, 510
2018-11-14 18:03:26 (10668753265744) STATS - GET, 3.6, 483
2018-11-14 18:03:26 (10668753317544) STATS - GET, 3.7, 409
2018-11-14 18:03:26 (10668753364444) STATS - GET, 3.8, 321
2018-11-14 18:03:26 (10668753421144) STATS - GET, 3.9, 261
2018-11-14 18:03:26 (10668753467644) STATS - GET, 4.0, 236
2018-11-14 18:03:26 (10668753512844) STATS - GET, 4.1, 202
2018-11-14 18:03:26 (10668753560644) STATS - GET, 4.2, 164
2018-11-14 18:03:26 (10668753607344) STATS - GET, 4.3, 176
2018-11-14 18:03:26 (10668753653044) STATS - GET, 4.4, 181
2018-11-14 18:03:26 (10668753698844) STATS - GET, 4.5, 160
2018-11-14 18:03:26 (10668753743944) STATS - GET, 4.6, 135
2018-11-14 18:03:26 (10668753789144) STATS - GET, 4.7, 149
2018-11-14 18:03:26 (10668753834244) STATS - GET, 4.8, 119
2018-11-14 18:03:26 (10668753882744) STATS - GET, 4.9, 108
2018-11-14 18:03:26 (10668753926944) STATS - GET, 5.0, 105
2018-11-14 18:03:26 (10668753973844) STATS - GET, 5.1, 108
2018-11-14 18:03:26 (10668754026545) STATS - GET, 5.2, 127
2018-11-14 18:03:26 (10668754091745) STATS - GET, 5.3, 118
2018-11-14 18:03:26 (10668754136145) STATS - GET, 5.4, 116
2018-11-14 18:03:26 (10668754180545) STATS - GET, 5.5, 110
2018-11-14 18:03:26 (10668754243545) STATS - GET, 5.6, 100
2018-11-14 18:03:26 (10668754307145) STATS - GET, 5.7, 99
2018-11-14 18:03:26 (10668754380145) STATS - GET, 5.8, 136
2018-11-14 18:03:26 (10668754434345) STATS - GET, 5.9, 93
2018-11-14 18:03:26 (10668754479345) STATS - GET, 6.0, 75
2018-11-14 18:03:26 (10668754526245) STATS - GET, 6.1, 105
2018-11-14 18:03:26 (10668754649845) STATS - GET, 6.2, 96
2018-11-14 18:03:26 (10668754736745) STATS - GET, 6.3, 133
2018-11-14 18:03:26 (10668754905045) STATS - GET, 6.4, 128
2018-11-14 18:03:26 (10668754976745) STATS - GET, 6.5, 122
2018-11-14 18:03:26 (10668755026145) STATS - GET, 6.6, 133
2018-11-14 18:03:26 (10668755074245) STATS - GET, 6.7, 125
2018-11-14 18:03:26 (10668755121445) STATS - GET, 6.8, 164
2018-11-14 18:03:26 (10668755188645) STATS - GET, 6.9, 167
2018-11-14 18:03:26 (10668755234845) STATS - GET, 7.0, 200
2018-11-14 18:03:26 (10668755280745) STATS - GET, 7.1, 177
2018-11-14 18:03:26 (10668755352145) STATS - GET, 7.2, 235
2018-11-14 18:03:26 (10668755400445) STATS - GET, 7.3, 262
2018-11-14 18:03:26 (10668755446045) STATS - GET, 7.4, 275
2018-11-14 18:03:26 (10668755553745) STATS - GET, 7.5, 286
2018-11-14 18:03:26 (10668755603545) STATS - GET, 7.6, 248
2018-11-14 18:03:26 (10668762520150) STATS - GET, 7.7, 266
2018-11-14 18:03:26 (10668762599850) STATS - GET, 7.8, 234
2018-11-14 18:03:26 (10668762652650) STATS - GET, 7.9, 259
2018-11-14 18:03:26 (10668762737850) STATS - GET, 8.0, 244
2018-11-14 18:03:26 (10668762801850) STATS - GET, 8.1, 192
2018-11-14 18:03:26 (10668762852350) STATS - GET, 8.2, 180
2018-11-14 18:03:26 (10668762897850) STATS - GET, 8.3, 151
2018-11-14 18:03:26 (10668762966050) STATS - GET, 8.4, 153
2018-11-14 18:03:26 (10668763049750) STATS - GET, 8.5, 136
2018-11-14 18:03:26 (10668763098050) STATS - GET, 8.6, 124
2018-11-14 18:03:26 (10668763166650) STATS - GET, 8.7, 115
2018-11-14 18:03:26 (10668763232550) STATS - GET, 8.8, 87
2018-11-14 18:03:26 (10668763303750) STATS - GET, 8.9, 80
2018-11-14 18:03:26 (10668763353650) STATS - GET, 9.0, 79
2018-11-14 18:03:26 (10668763442050) STATS - GET, 9.1, 50
2018-11-14 18:03:26 (10668763515450) STATS - GET, 9.2, 64
2018-11-14 18:03:26 (10668763621450) STATS - GET, 9.3, 55
2018-11-14 18:03:26 (10668763665151) STATS - GET, 9.4, 48
2018-11-14 18:03:26 (10668763726851) STATS - GET, 9.5, 59
2018-11-14 18:03:26 (10668763771151) STATS - GET, 9.6, 50
2018-11-14 18:03:26 (10668763850951) STATS - GET, 9.7, 44
2018-11-14 18:03:26 (10668763910651) STATS - GET, 9.8, 59
2018-11-14 18:03:26 (10668763955951) STATS - GET, 9.9, 53
2018-11-14 18:03:26 (10668764033151) STATS - GET, 10.0, 68
2018-11-14 18:03:26 (10668764080451) STATS - GET, 10.1, 65
2018-11-14 18:03:26 (10668764128051) STATS - GET, 10.2, 64
2018-11-14 18:03:26 (10668764175151) STATS - GET, 10.3, 56
2018-11-14 18:03:26 (10668764220651) STATS - GET, 10.4, 48
2018-11-14 18:03:26 (10668764265351) STATS - GET, 10.5, 44
2018-11-14 18:03:26 (10668764310051) STATS - GET, 10.6, 41
2018-11-14 18:03:26 (10668764353951) STATS - GET, 10.7, 31
2018-11-14 18:03:26 (10668764398751) STATS - GET, 10.8, 24
2018-11-14 18:03:26 (10668764443151) STATS - GET, 10.9, 19
2018-11-14 18:03:26 (10668764486151) STATS - GET, 11.0, 15
2018-11-14 18:03:26 (10668764530851) STATS - GET, 11.1, 23
2018-11-14 18:03:26 (10668764578251) STATS - GET, 11.2, 13
2018-11-14 18:03:26 (10668764622651) STATS - GET, 11.3, 20
2018-11-14 18:03:26 (10668764666651) STATS - GET, 11.4, 12
2018-11-14 18:03:26 (10668764711151) STATS - GET, 11.5, 9
2018-11-14 18:03:26 (10668764755951) STATS - GET, 11.6, 14
2018-11-14 18:03:26 (10668764802151) STATS - GET, 11.7, 5
2018-11-14 18:03:26 (10668764846951) STATS - GET, 11.8, 8
2018-11-14 18:03:26 (10668764908251) STATS - GET, 11.9, 11
2018-11-14 18:03:26 (10668764951351) STATS - GET, 12.0, 10
2018-11-14 18:03:26 (10668764995151) STATS - GET, 12.1, 5
2018-11-14 18:03:26 (10668765038251) STATS - GET, 12.2, 5
2018-11-14 18:03:26 (10668771588555) STATS - GET, 12.3, 6
2018-11-14 18:03:26 (10668771719156) STATS - GET, 12.4, 6
2018-11-14 18:03:26 (10668771769056) STATS - GET, 12.5, 7
2018-11-14 18:03:26 (10668772257556) STATS - GET, 12.6, 7
2018-11-14 18:03:26 (10668772311556) STATS - GET, 12.7, 3
2018-11-14 18:03:26 (10668772354756) STATS - GET, 12.8, 5
2018-11-14 18:03:26 (10668772429756) STATS - GET, 12.9, 8
2018-11-14 18:03:26 (10668772487956) STATS - GET, 13.0, 4
2018-11-14 18:03:26 (10668772538856) STATS - GET, 13.1, 3
2018-11-14 18:03:26 (10668772577156) STATS - GET, 13.2, 3
2018-11-14 18:03:26 (10668772636056) STATS - GET, 13.3, 6
2018-11-14 18:03:26 (10668772682756) STATS - GET, 13.4, 2
2018-11-14 18:03:26 (10668772751756) STATS - GET, 13.5, 8
2018-11-14 18:03:26 (10668772799056) STATS - GET, 13.6, 7
2018-11-14 18:03:26 (10668772854356) STATS - GET, 13.7, 8
2018-11-14 18:03:26 (10668773013756) STATS - GET, 13.8, 8
2018-11-14 18:03:26 (10668773250556) STATS - GET, 13.9, 3
2018-11-14 18:03:26 (10668773310057) STATS - GET, 14.0, 6
2018-11-14 18:03:26 (10668773352057) STATS - GET, 14.1, 5
2018-11-14 18:03:26 (10668773391557) STATS - GET, 14.2, 5
2018-11-14 18:03:26 (10668773430357) STATS - GET, 14.3, 1
2018-11-14 18:03:26 (10668773502457) STATS - GET, 14.4, 8
2018-11-14 18:03:26 (10668773540157) STATS - GET, 14.5, 2
2018-11-14 18:03:26 (10668773656157) STATS - GET, 14.6, 3
2018-11-14 18:03:26 (10668773695557) STATS - GET, 14.7, 7
2018-11-14 18:03:26 (10668773733757) STATS - GET, 14.8, 4
2018-11-14 18:03:26 (10668773770457) STATS - GET, 14.9, 5
2018-11-14 18:03:26 (10668773808157) STATS - GET, 15.0, 3
2018-11-14 18:03:26 (10668773868557) STATS - GET, 15.1, 3
2018-11-14 18:03:26 (10668773941857) STATS - GET, 15.2, 3
2018-11-14 18:03:26 (10668773993357) STATS - GET, 15.3, 2
2018-11-14 18:03:26 (10668774070857) STATS - GET, 15.4, 1
2018-11-14 18:03:26 (10668774118857) STATS - GET, 15.5, 1
2018-11-14 18:03:26 (10668774159257) STATS - GET, 15.6, 2
2018-11-14 18:03:26 (10668774196157) STATS - GET, 15.7, 6
2018-11-14 18:03:26 (10668774251057) STATS - GET, 15.8, 5
2018-11-14 18:03:26 (10668774319057) STATS - GET, 15.9, 5
2018-11-14 18:03:26 (10668774371157) STATS - GET, 16.0, 3
2018-11-14 18:03:26 (10668774407457) STATS - GET, 16.1, 3
2018-11-14 18:03:26 (10668774460957) STATS - GET, 16.2, 4
2018-11-14 18:03:26 (10668774495657) STATS - GET, 16.3, 1
2018-11-14 18:03:26 (10668774530257) STATS - GET, 16.4, 2
2018-11-14 18:03:26 (10668774565057) STATS - GET, 16.5, 6
2018-11-14 18:03:26 (10668774629357) STATS - GET, 16.6, 3
2018-11-14 18:03:26 (10668774681457) STATS - GET, 16.7, 0
2018-11-14 18:03:26 (10668774716057) STATS - GET, 16.8, 1
2018-11-14 18:03:26 (10668774751257) STATS - GET, 16.9, 0
2018-11-14 18:03:26 (10668774786157) STATS - GET, 17.0, 1
2018-11-14 18:03:26 (10668774820857) STATS - GET, 17.1, 1
2018-11-14 18:03:26 (10668774855357) STATS - GET, 17.2, 0
2018-11-14 18:03:26 (10668774916458) STATS - GET, 17.3, 0
2018-11-14 18:03:26 (10668774951958) STATS - GET, 17.4, 0
2018-11-14 18:03:26 (10668774986958) STATS - GET, 17.5, 2
2018-11-14 18:03:26 (10668775036558) STATS - GET, 17.6, 2
2018-11-14 18:03:26 (10668775075258) STATS - GET, 17.7, 1
2018-11-14 18:03:26 (10668775110258) STATS - GET, 17.8, 1
2018-11-14 18:03:26 (10668775145058) STATS - GET, 17.9, 0
2018-11-14 18:03:26 (10668782033262) STATS - GET, 18.0, 1
2018-11-14 18:03:26 (10668782098062) STATS - GET, 18.1, 0
2018-11-14 18:03:26 (10668782172062) STATS - GET, 18.2, 0
2018-11-14 18:03:26 (10668782232562) STATS - GET, 18.3, 0
2018-11-14 18:03:26 (10668782279962) STATS - GET, 18.4, 0
2018-11-14 18:03:26 (10668782317162) STATS - GET, 18.5, 1
2018-11-14 18:03:26 (10668782352462) STATS - GET, 18.6, 0
2018-11-14 18:03:26 (10668782388262) STATS - GET, 18.7, 0
2018-11-14 18:03:26 (10668782439462) STATS - GET, 18.8, 1
2018-11-14 18:03:26 (10668782478162) STATS - GET, 18.9, 0
2018-11-14 18:03:26 (10668782513262) STATS - GET, 19.0, 2
2018-11-14 18:03:26 (10668782566262) STATS - GET, 19.1, 0
2018-11-14 18:03:26 (10668782659062) STATS - GET, 19.2, 1
2018-11-14 18:03:26 (10668782714462) STATS - GET, 19.3, 0
2018-11-14 18:03:26 (10668782767962) STATS - GET, 19.4, 0
2018-11-14 18:03:26 (10668782803062) STATS - GET, 19.5, 1
2018-11-14 18:03:26 (10668782845862) STATS - GET, 19.6, 0
2018-11-14 18:03:26 (10668782882662) STATS - GET, 19.7, 0
2018-11-14 18:03:26 (10668782918462) STATS - GET, 19.8, 0
2018-11-14 18:03:26 (10668782971863) STATS - GET, 19.9, 0
2018-11-14 18:03:26 (10668783008563) STATS - GET, 20.0, 0
2018-11-14 18:03:26 (10668783059863) STATS - GET, 20.1, 0
2018-11-14 18:03:26 (10668783134163) STATS - GET, 20.2, 1
2018-11-14 18:03:26 (10668783224463) STATS - GET, 20.3, 0
2018-11-14 18:03:26 (10668783262463) STATS - GET, 20.4, 0
2018-11-14 18:03:26 (10668783299663) STATS - GET, 20.5, 0
2018-11-14 18:03:26 (10668783353363) STATS - GET, 20.6, 1
2018-11-14 18:03:26 (10668783391863) STATS - GET, 20.7, 0
2018-11-14 18:03:26 (10668783430263) STATS - GET, 20.8, 2
2018-11-14 18:03:26 (10668783469163) STATS - GET, 20.9, 0
2018-11-14 18:03:26 (10668783522263) STATS - GET, 21.0, 1
2018-11-14 18:03:26 (10668783577163) STATS - GET, 21.1, 0
2018-11-14 18:03:26 (10668783628663) STATS - GET, 21.2, 0
2018-11-14 18:03:26 (10668783662963) STATS - GET, 21.3, 1
2018-11-14 18:03:26 (10668783713863) STATS - GET, 21.4, 2
2018-11-14 18:03:26 (10668783763963) STATS - GET, 21.5, 0
2018-11-14 18:03:26 (10668783797863) STATS - GET, 21.6, 2
2018-11-14 18:03:26 (10668783850363) STATS - GET, 21.7, 0
2018-11-14 18:03:26 (10668783885163) STATS - GET, 21.8, 1
2018-11-14 18:03:26 (10668783939363) STATS - GET, 21.9, 0
2018-11-14 18:03:26 (10668784010563) STATS - GET, 22.0, 1
2018-11-14 18:03:26 (10668784065763) STATS - GET, 22.1, 0
2018-11-14 18:03:26 (10668784101663) STATS - GET, 22.2, 0
2018-11-14 18:03:26 (10668784136563) STATS - GET, 22.3, 0
2018-11-14 18:03:26 (10668784187763) STATS - GET, 22.4, 0
2018-11-14 18:03:26 (10668784224363) STATS - GET, 22.5, 0
2018-11-14 18:03:26 (10668784314663) STATS - GET, 22.6, 2
2018-11-14 18:03:26 (10668784352063) STATS - GET, 22.7, 0
2018-11-14 18:03:26 (10668784403163) STATS - GET, 22.8, 0
2018-11-14 18:03:26 (10668784438963) STATS - GET, 22.9, 0
2018-11-14 18:03:26 (10668784472563) STATS - GET, 23.0, 0
2018-11-14 18:03:26 (10668784542464) STATS - GET, 23.1, 0
2018-11-14 18:03:26 (10668784576564) STATS - GET, 23.2, 0
2018-11-14 18:03:26 (10668784625664) STATS - GET, 23.3, 0
2018-11-14 18:03:26 (10668784658764) STATS - GET, 23.4, 0
2018-11-14 18:03:26 (10668784692464) STATS - GET, 23.5, 0
2018-11-14 18:03:26 (10668784724864) STATS - GET, 23.6, 1
2018-11-14 18:03:26 (10668784758264) STATS - GET, 23.7, 0
2018-11-14 18:03:26 (10668784792264) STATS - GET, 23.8, 0
2018-11-14 18:03:26 (10668784825864) STATS - GET, 23.9, 0
2018-11-14 18:03:26 (10668791749168) STATS - GET, 24.0, 0
2018-11-14 18:03:26 (10668791790368) STATS - GET, 24.1, 0
2018-11-14 18:03:26 (10668791826568) STATS - GET, 24.2, 0
2018-11-14 18:03:26 (10668791864368) STATS - GET, 24.3, 0
2018-11-14 18:03:26 (10668791900768) STATS - GET, 24.4, 0
2018-11-14 18:03:26 (10668791936068) STATS - GET, 24.5, 0
2018-11-14 18:03:26 (10668791970968) STATS - GET, 24.6, 0
2018-11-14 18:03:26 (10668792012668) STATS - GET, 24.7, 0
2018-11-14 18:03:26 (10668792048268) STATS - GET, 24.8, 0
2018-11-14 18:03:26 (10668792121268) STATS - GET, 24.9, 0
2018-11-14 18:03:26 (10668792182368) STATS - GET, 25.0, 1
2018-11-14 18:03:26 (10668792218668) STATS - GET, 25.1, 0
2018-11-14 18:03:26 (10668792255168) STATS - GET, 25.2, 1
2018-11-14 18:03:26 (10668792290868) STATS - GET, 25.3, 0
2018-11-14 18:03:26 (10668792344268) STATS - GET, 25.4, 0
2018-11-14 18:03:26 (10668792396868) STATS - GET, 25.5, 0
2018-11-14 18:03:26 (10668792432268) STATS - GET, 25.6, 0
2018-11-14 18:03:26 (10668792515668) STATS - GET, 25.7, 0
2018-11-14 18:03:26 (10668792550068) STATS - GET, 25.8, 0
2018-11-14 18:03:26 (10668792583969) STATS - GET, 25.9, 0
2018-11-14 18:03:26 (10668792616469) STATS - GET, 26.0, 0
2018-11-14 18:03:26 (10668792744869) STATS - GET, 26.1, 0
2018-11-14 18:03:26 (10668792806969) STATS - GET, 26.2, 0
2018-11-14 18:03:26 (10668792841469) STATS - GET, 26.3, 0
2018-11-14 18:03:26 (10668792893569) STATS - GET, 26.4, 2
2018-11-14 18:03:26 (10668792948669) STATS - GET, 26.5, 0
2018-11-14 18:03:26 (10668792994569) STATS - GET, 26.6, 0
2018-11-14 18:03:26 (10668793054769) STATS - GET, 26.7, 0
2018-11-14 18:03:26 (10668793246969) STATS - GET, 26.8, 1
2018-11-14 18:03:26 (10668793296369) STATS - GET, 26.9, 0
2018-11-14 18:03:26 (10668793335169) STATS - GET, 27.0, 0
2018-11-14 18:03:26 (10668793374169) STATS - GET, 27.1, 0
2018-11-14 18:03:26 (10668793435969) STATS - GET, 27.2, 0
2018-11-14 18:03:26 (10668793479869) STATS - GET, 27.3, 0
2018-11-14 18:03:26 (10668793518369) STATS - GET, 27.4, 0
2018-11-14 18:03:26 (10668793599169) STATS - GET, 27.5, 0
2018-11-14 18:03:26 (10668793653369) STATS - GET, 27.6, 0
2018-11-14 18:03:26 (10668793693169) STATS - GET, 27.7, 0
2018-11-14 18:03:26 (10668793730869) STATS - GET, 27.8, 0
2018-11-14 18:03:26 (10668793769469) STATS - GET, 27.9, 0
2018-11-14 18:03:26 (10668793806469) STATS - GET, 28.0, 0
2018-11-14 18:03:26 (10668793844769) STATS - GET, 28.1, 0
2018-11-14 18:03:26 (10668793904569) STATS - GET, 28.2, 1
2018-11-14 18:03:26 (10668793992569) STATS - GET, 28.3, 0
2018-11-14 18:03:26 (10668794046569) STATS - GET, 28.4, 0
2018-11-14 18:03:26 (10668794125269) STATS - GET, 28.5, 0
2018-11-14 18:03:26 (10668794176769) STATS - GET, 28.6, 0
2018-11-14 18:03:26 (10668794227670) STATS - GET, 28.7, 0
2018-11-14 18:03:26 (10668794260370) STATS - GET, 28.8, 1
2018-11-14 18:03:26 (10668794292970) STATS - GET, 28.9, 0
2018-11-14 18:03:26 (10668794336170) STATS - GET, 29.0, 0
2018-11-14 18:03:26 (10668794385870) STATS - GET, 29.1, 1
2018-11-14 18:03:26 (10668794417870) STATS - GET, 29.2, 0
2018-11-14 18:03:26 (10668794483070) STATS - GET, 29.3, 0
2018-11-14 18:03:26 (10668794513670) STATS - GET, 29.4, 0
2018-11-14 18:03:26 (10668794575170) STATS - GET, 29.5, 0
2018-11-14 18:03:26 (10668794603770) STATS - GET, 29.6, 0
2018-11-14 18:03:26 (10668794632670) STATS - GET, 29.7, 0
2018-11-14 18:03:26 (10668801059474) STATS - GET, 29.8, 0
2018-11-14 18:03:26 (10668801503974) STATS - GET, 29.9, 0
2018-11-14 18:03:26 (10668801542974) STATS - GET, 30.0, 0
2018-11-14 18:03:26 (10668801576674) STATS - GET, 30.1, 0
2018-11-14 18:03:26 (10668801627974) STATS - GET, 30.2, 1
2018-11-14 18:03:26 (10668801662074) STATS - GET, 30.3, 0
2018-11-14 18:03:26 (10668801693274) STATS - GET, 30.4, 0
2018-11-14 18:03:26 (10668801811174) STATS - GET, 30.5, 0
2018-11-14 18:03:26 (10668801843474) STATS - GET, 30.6, 1
2018-11-14 18:03:26 (10668801873274) STATS - GET, 30.7, 0
2018-11-14 18:03:26 (10668801964474) STATS - GET, 30.8, 1
2018-11-14 18:03:26 (10668801997074) STATS - GET, 30.9, 0
2018-11-14 18:03:26 (10668802030674) STATS - GET, 31.0, 1
2018-11-14 18:03:26 (10668802061174) STATS - GET, 31.1, 0
2018-11-14 18:03:26 (10668802091574) STATS - GET, 31.2, 0
2018-11-14 18:03:26 (10668802123774) STATS - GET, 31.3, 0
2018-11-14 18:03:26 (10668802166774) STATS - GET, 31.4, 0
2018-11-14 18:03:26 (10668802197574) STATS - GET, 31.5, 1
2018-11-14 18:03:26 (10668802227675) STATS - GET, 31.6, 1
2018-11-14 18:03:26 (10668802257375) STATS - GET, 31.7, 0
2018-11-14 18:03:26 (10668802286275) STATS - GET, 31.8, 0
2018-11-14 18:03:26 (10668802346775) STATS - GET, 31.9, 0
2018-11-14 18:03:26 (10668802377675) STATS - GET, 32.0, 0
2018-11-14 18:03:26 (10668802405775) STATS - GET, 32.1, 0
2018-11-14 18:03:26 (10668802448075) STATS - GET, 32.2, 1
2018-11-14 18:03:26 (10668802481575) STATS - GET, 32.3, 0
2018-11-14 18:03:26 (10668802528175) STATS - GET, 32.4, 0
2018-11-14 18:03:26 (10668802581175) STATS - GET, 32.5, 0
2018-11-14 18:03:26 (10668802632875) STATS - GET, 32.6, 0
2018-11-14 18:03:26 (10668802661175) STATS - GET, 32.7, 1
2018-11-14 18:03:26 (10668802693675) STATS - GET, 32.8, 0
2018-11-14 18:03:26 (10668802721875) STATS - GET, 32.9, 0
2018-11-14 18:03:26 (10668802750775) STATS - GET, 33.0, 0
2018-11-14 18:03:26 (10668802779575) STATS - GET, 33.1, 0
2018-11-14 18:03:26 (10668802807175) STATS - GET, 33.2, 0
2018-11-14 18:03:26 (10668802835275) STATS - GET, 33.3, 0
2018-11-14 18:03:26 (10668802863075) STATS - GET, 33.4, 0
2018-11-14 18:03:26 (10668802907275) STATS - GET, 33.5, 1
2018-11-14 18:03:26 (10668802951475) STATS - GET, 33.6, 0
2018-11-14 18:03:26 (10668803009975) STATS - GET, 33.7, 0
2018-11-14 18:03:26 (10668803036375) STATS - GET, 33.8, 0
2018-11-14 18:03:26 (10668803106075) STATS - GET, 33.9, 0
2018-11-14 18:03:26 (10668803153375) STATS - GET, 34.0, 0
2018-11-14 18:03:26 (10668803181375) STATS - GET, 34.1, 0
2018-11-14 18:03:26 (10668803208575) STATS - GET, 34.2, 0
2018-11-14 18:03:26 (10668803235775) STATS - GET, 34.3, 0
2018-11-14 18:03:26 (10668803263075) STATS - GET, 34.4, 0
2018-11-14 18:03:26 (10668803290275) STATS - GET, 34.5, 0
2018-11-14 18:03:26 (10668803317675) STATS - GET, 34.6, 0
2018-11-14 18:03:26 (10668803349875) STATS - GET, 34.7, 0
2018-11-14 18:03:26 (10668803378575) STATS - GET, 34.8, 0
2018-11-14 18:03:26 (10668803405775) STATS - GET, 34.9, 0
2018-11-14 18:03:26 (10668803449875) STATS - GET, 35.0, 0
2018-11-14 18:03:26 (10668803492575) STATS - GET, 35.1, 0
2018-11-14 18:03:26 (10668803518575) STATS - GET, 35.2, 0
2018-11-14 18:03:26 (10668803560275) STATS - GET, 35.3, 0
2018-11-14 18:03:26 (10668803586275) STATS - GET, 35.4, 0
2018-11-14 18:03:26 (10668803611975) STATS - GET, 35.5, 0
2018-11-14 18:03:26 (10668803671975) STATS - GET, 35.6, 0
2018-11-14 18:03:26 (10668803698575) STATS - GET, 35.7, 0
2018-11-14 18:03:26 (10668803725275) STATS - GET, 35.8, 0
2018-11-14 18:03:26 (10668803751475) STATS - GET, 35.9, 0
2018-11-14 18:03:26 (10668803777975) STATS - GET, 36.0, 0
2018-11-14 18:03:26 (10668803804475) STATS - GET, 36.1, 1
2018-11-14 18:03:26 (10668803831676) STATS - GET, 36.2, 0
2018-11-14 18:03:26 (10668803858176) STATS - GET, 36.3, 0
2018-11-14 18:03:26 (10668803884076) STATS - GET, 36.4, 0
2018-11-14 18:03:26 (10668803913176) STATS - GET, 36.5, 0
2018-11-14 18:03:26 (10668803939276) STATS - GET, 36.6, 0
2018-11-14 18:03:26 (10668803965076) STATS - GET, 36.7, 0
2018-11-14 18:03:26 (10668804064476) STATS - GET, 36.8, 0
2018-11-14 18:03:26 (10668804093376) STATS - GET, 36.9, 0
2018-11-14 18:03:26 (10668804119376) STATS - GET, 37.0, 0
2018-11-14 18:03:26 (10668804145276) STATS - GET, 37.1, 0
2018-11-14 18:03:26 (10668804170276) STATS - GET, 37.2, 0
2018-11-14 18:03:26 (10668804213876) STATS - GET, 37.3, 0
2018-11-14 18:03:26 (10668804258876) STATS - GET, 37.4, 0
2018-11-14 18:03:26 (10668811163280) STATS - GET, 37.5, 0
2018-11-14 18:03:26 (10668811198480) STATS - GET, 37.6, 0
2018-11-14 18:03:26 (10668811227480) STATS - GET, 37.7, 0
2018-11-14 18:03:26 (10668811255580) STATS - GET, 37.8, 1
2018-11-14 18:03:26 (10668811282680) STATS - GET, 37.9, 0
2018-11-14 18:03:26 (10668811309680) STATS - GET, 38.0, 0
2018-11-14 18:03:26 (10668811335880) STATS - GET, 38.1, 0
2018-11-14 18:03:26 (10668811361180) STATS - GET, 38.2, 0
2018-11-14 18:03:26 (10668811388280) STATS - GET, 38.3, 0
2018-11-14 18:03:26 (10668811435980) STATS - GET, 38.4, 0
2018-11-14 18:03:26 (10668811462980) STATS - GET, 38.5, 0
2018-11-14 18:03:26 (10668811488180) STATS - GET, 38.6, 0
2018-11-14 18:03:26 (10668811515780) STATS - GET, 38.7, 0
2018-11-14 18:03:26 (10668811646280) STATS - GET, 38.8, 0
2018-11-14 18:03:26 (10668811695780) STATS - GET, 38.9, 0
2018-11-14 18:03:26 (10668811741080) STATS - GET, 39.0, 0
2018-11-14 18:03:26 (10668811770080) STATS - GET, 39.1, 0
2018-11-14 18:03:26 (10668811803980) STATS - GET, 39.2, 1
2018-11-14 18:03:26 (10668811850980) STATS - GET, 39.3, 0
2018-11-14 18:03:26 (10668812038881) STATS - GET, 39.4, 0
2018-11-14 18:03:26 (10668812155581) STATS - GET, 39.5, 0
2018-11-14 18:03:26 (10668812205381) STATS - GET, 39.6, 1
2018-11-14 18:03:26 (10668812233781) STATS - GET, 39.7, 0
2018-11-14 18:03:26 (10668812260481) STATS - GET, 39.8, 0
2018-11-14 18:03:26 (10668812286681) STATS - GET, 39.9, 0
2018-11-14 18:03:26 (10668812314281) STATS - GET, 40.0, 0
2018-11-14 18:03:26 (10668812358381) STATS - GET, 40.1, 0
2018-11-14 18:03:26 (10668812405181) STATS - GET, 40.2, 1
2018-11-14 18:03:26 (10668812453981) STATS - GET, 40.3, 0
2018-11-14 18:03:26 (10668812481481) STATS - GET, 40.4, 0
2018-11-14 18:03:26 (10668812542881) STATS - GET, 40.5, 0
2018-11-14 18:03:26 (10668812571881) STATS - GET, 40.6, 0
2018-11-14 18:03:26 (10668812609681) STATS - GET, 40.7, 0
2018-11-14 18:03:26 (10668812644981) STATS - GET, 40.8, 0
2018-11-14 18:03:26 (10668812681781) STATS - GET, 40.9, 0
2018-11-14 18:03:26 (10668812730181) STATS - GET, 41.0, 0
2018-11-14 18:03:26 (10668812770281) STATS - GET, 41.1, 0
2018-11-14 18:03:26 (10668812814381) STATS - GET, 41.2, 0
2018-11-14 18:03:26 (10668812840881) STATS - GET, 41.3, 0
2018-11-14 18:03:26 (10668812868581) STATS - GET, 41.4, 0
2018-11-14 18:03:26 (10668812895081) STATS - GET, 41.5, 0
2018-11-14 18:03:26 (10668812939081) STATS - GET, 41.6, 0
2018-11-14 18:03:26 (10668812966181) STATS - GET, 41.7, 0
2018-11-14 18:03:26 (10668812993081) STATS - GET, 41.8, 0
2018-11-14 18:03:26 (10668813052081) STATS - GET, 41.9, 1
2018-11-14 18:03:26 (10668813080081) STATS - GET, 42.0, 0
2018-11-14 18:03:26 (10668813107281) STATS - GET, 42.1, 1
2018-11-14 18:03:26 (10668813134581) STATS - GET, 42.2, 0
2018-11-14 18:03:26 (10668813162081) STATS - GET, 42.3, 0
2018-11-14 18:03:26 (10668813189481) STATS - GET, 42.4, 0
2018-11-14 18:03:26 (10668813224681) STATS - GET, 42.5, 0
2018-11-14 18:03:26 (10668813254781) STATS - GET, 42.6, 0
2018-11-14 18:03:26 (10668813281281) STATS - GET, 42.7, 0
2018-11-14 18:03:26 (10668813346381) STATS - GET, 42.8, 0
2018-11-14 18:03:26 (10668813373381) STATS - GET, 42.9, 0
2018-11-14 18:03:26 (10668813400281) STATS - GET, 43.0, 0
2018-11-14 18:03:26 (10668813442781) STATS - GET, 43.1, 0
2018-11-14 18:03:26 (10668813503182) STATS - GET, 43.2, 0
2018-11-14 18:03:26 (10668813537882) STATS - GET, 43.3, 0
2018-11-14 18:03:26 (10668813565882) STATS - GET, 43.4, 0
2018-11-14 18:03:26 (10668813591282) STATS - GET, 43.5, 0
2018-11-14 18:03:26 (10668813616082) STATS - GET, 43.6, 0
2018-11-14 18:03:26 (10668813657182) STATS - GET, 43.7, 0
2018-11-14 18:03:26 (10668813693682) STATS - GET, 43.8, 0
2018-11-14 18:03:26 (10668813721782) STATS - GET, 43.9, 0
2018-11-14 18:03:26 (10668813747482) STATS - GET, 44.0, 0
2018-11-14 18:03:26 (10668813772282) STATS - GET, 44.1, 0
2018-11-14 18:03:26 (10668813796882) STATS - GET, 44.2, 0
2018-11-14 18:03:26 (10668813821282) STATS - GET, 44.3, 0
2018-11-14 18:03:26 (10668813864682) STATS - GET, 44.4, 0
2018-11-14 18:03:26 (10668813889682) STATS - GET, 44.5, 0
2018-11-14 18:03:26 (10668813935282) STATS - GET, 44.6, 0
2018-11-14 18:03:26 (10668813965882) STATS - GET, 44.7, 0
2018-11-14 18:03:26 (10668813995482) STATS - GET, 44.8, 0
2018-11-14 18:03:26 (10668814066482) STATS - GET, 44.9, 0
2018-11-14 18:03:26 (10668820967186) STATS - GET, 45.0, 0
2018-11-14 18:03:26 (10668821004186) STATS - GET, 45.1, 0
2018-11-14 18:03:26 (10668821032886) STATS - GET, 45.2, 0
2018-11-14 18:03:26 (10668821060186) STATS - GET, 45.3, 0
2018-11-14 18:03:26 (10668821086486) STATS - GET, 45.4, 0
2018-11-14 18:03:26 (10668821144386) STATS - GET, 45.5, 0
2018-11-14 18:03:26 (10668821184686) STATS - GET, 45.6, 0
2018-11-14 18:03:26 (10668821209586) STATS - GET, 45.7, 0
2018-11-14 18:03:26 (10668821242586) STATS - GET, 45.8, 0
2018-11-14 18:03:26 (10668821267986) STATS - GET, 45.9, 0
2018-11-14 18:03:26 (10668821291486) STATS - GET, 46.0, 0
2018-11-14 18:03:26 (10668821314186) STATS - GET, 46.1, 0
2018-11-14 18:03:26 (10668821336686) STATS - GET, 46.2, 0
2018-11-14 18:03:26 (10668821360186) STATS - GET, 46.3, 0
2018-11-14 18:03:26 (10668821383486) STATS - GET, 46.4, 0
2018-11-14 18:03:26 (10668821405686) STATS - GET, 46.5, 0
2018-11-14 18:03:26 (10668821451186) STATS - GET, 46.6, 0
2018-11-14 18:03:26 (10668821491786) STATS - GET, 46.7, 0
2018-11-14 18:03:26 (10668821515887) STATS - GET, 46.8, 0
2018-11-14 18:03:26 (10668821539487) STATS - GET, 46.9, 0
2018-11-14 18:03:26 (10668821563887) STATS - GET, 47.0, 0
2018-11-14 18:03:26 (10668821604487) STATS - GET, 47.1, 0
2018-11-14 18:03:26 (10668821630887) STATS - GET, 47.2, 2
2018-11-14 18:03:26 (10668821657987) STATS - GET, 47.3, 0
2018-11-14 18:03:26 (10668821683787) STATS - GET, 47.4, 0
2018-11-14 18:03:26 (10668821706787) STATS - GET, 47.5, 0
2018-11-14 18:03:26 (10668821729387) STATS - GET, 47.6, 0
2018-11-14 18:03:26 (10668821751687) STATS - GET, 47.7, 0
2018-11-14 18:03:26 (10668821805187) STATS - GET, 47.8, 0
2018-11-14 18:03:26 (10668821857087) STATS - GET, 47.9, 1
2018-11-14 18:03:26 (10668821912187) STATS - GET, 48.0, 0
2018-11-14 18:03:26 (10668821947587) STATS - GET, 48.1, 0
2018-11-14 18:03:26 (10668821989087) STATS - GET, 48.2, 0
2018-11-14 18:03:26 (10668822013387) STATS - GET, 48.3, 0
2018-11-14 18:03:26 (10668822038787) STATS - GET, 48.4, 0
2018-11-14 18:03:26 (10668822063187) STATS - GET, 48.5, 0
2018-11-14 18:03:26 (10668822086987) STATS - GET, 48.6, 0
2018-11-14 18:03:26 (10668822126187) STATS - GET, 48.7, 0
2018-11-14 18:03:26 (10668822149387) STATS - GET, 48.8, 0
2018-11-14 18:03:26 (10668822171387) STATS - GET, 48.9, 0
2018-11-14 18:03:26 (10668822226187) STATS - GET, 49.0, 0
2018-11-14 18:03:26 (10668822249387) STATS - GET, 49.1, 0
2018-11-14 18:03:26 (10668822271287) STATS - GET, 49.2, 0
2018-11-14 18:03:26 (10668822292787) STATS - GET, 49.3, 0
2018-11-14 18:03:26 (10668822314587) STATS - GET, 49.4, 0
2018-11-14 18:03:26 (10668822336287) STATS - GET, 49.5, 1
2018-11-14 18:03:26 (10668822357787) STATS - GET, 49.6, 0
2018-11-14 18:03:26 (10668822379087) STATS - GET, 49.7, 0
2018-11-14 18:03:26 (10668822401587) STATS - GET, 49.8, 0
2018-11-14 18:03:26 (10668822423987) STATS - GET, 49.9, 0
2018-11-14 18:03:26 (10668822446987) STATS - GET, 50.0, 0
2018-11-14 18:03:26 (10668822469287) STATS - GET, 50.1, 0
2018-11-14 18:03:26 (10668822491987) STATS - GET, 50.2, 0
2018-11-14 18:03:26 (10668822514387) STATS - GET, 50.3, 0
2018-11-14 18:03:26 (10668822575687) STATS - GET, 50.4, 0
2018-11-14 18:03:26 (10668822637387) STATS - GET, 50.5, 0
2018-11-14 18:03:26 (10668822660487) STATS - GET, 50.6, 0
2018-11-14 18:03:26 (10668822692087) STATS - GET, 50.7, 0
2018-11-14 18:03:26 (10668822714487) STATS - GET, 50.8, 0
2018-11-14 18:03:26 (10668822736987) STATS - GET, 50.9, 0
2018-11-14 18:03:26 (10668822759887) STATS - GET, 51.0, 1
2018-11-14 18:03:26 (10668822782687) STATS - GET, 51.1, 0
2018-11-14 18:03:26 (10668822805187) STATS - GET, 51.2, 0
2018-11-14 18:03:26 (10668822827587) STATS - GET, 51.3, 0
2018-11-14 18:03:26 (10668822849987) STATS - GET, 51.4, 0
2018-11-14 18:03:26 (10668822872187) STATS - GET, 51.5, 0
2018-11-14 18:03:26 (10668822922487) STATS - GET, 51.6, 0
2018-11-14 18:03:26 (10668822944787) STATS - GET, 51.7, 0
2018-11-14 18:03:26 (10668822982787) STATS - GET, 51.8, 0
2018-11-14 18:03:26 (10668823003887) STATS - GET, 51.9, 0
2018-11-14 18:03:26 (10668823025287) STATS - GET, 52.0, 0
2018-11-14 18:03:26 (10668823045787) STATS - GET, 52.1, 0
2018-11-14 18:03:26 (10668823140688) STATS - GET, 52.2, 0
2018-11-14 18:03:26 (10668823184388) STATS - GET, 52.3, 0
2018-11-14 18:03:26 (10668823208288) STATS - GET, 52.4, 1
2018-11-14 18:03:26 (10668823228588) STATS - GET, 52.5, 0
2018-11-14 18:03:26 (10668823248388) STATS - GET, 52.6, 0
2018-11-14 18:03:26 (10668823268188) STATS - GET, 52.7, 0
2018-11-14 18:03:26 (10668823288188) STATS - GET, 52.8, 0
2018-11-14 18:03:26 (10668823309988) STATS - GET, 52.9, 0
2018-11-14 18:03:26 (10668823330388) STATS - GET, 53.0, 0
2018-11-14 18:03:26 (10668823349988) STATS - GET, 53.1, 0
2018-11-14 18:03:26 (10668823376288) STATS - GET, 53.2, 0
2018-11-14 18:03:26 (10668823396488) STATS - GET, 53.3, 0
2018-11-14 18:03:26 (10668823416388) STATS - GET, 53.4, 0
2018-11-14 18:03:26 (10668823435888) STATS - GET, 53.5, 0
2018-11-14 18:03:26 (10668823455388) STATS - GET, 53.6, 0
2018-11-14 18:03:26 (10668823476488) STATS - GET, 53.7, 0
2018-11-14 18:03:26 (10668823497288) STATS - GET, 53.8, 0
2018-11-14 18:03:26 (10668823520388) STATS - GET, 53.9, 0
2018-11-14 18:03:26 (10668823541788) STATS - GET, 54.0, 0
2018-11-14 18:03:26 (10668823561388) STATS - GET, 54.1, 0
2018-11-14 18:03:26 (10668823582188) STATS - GET, 54.2, 0
2018-11-14 18:03:26 (10668823610388) STATS - GET, 54.3, 0
2018-11-14 18:03:26 (10668823630788) STATS - GET, 54.4, 0
2018-11-14 18:03:26 (10668823651288) STATS - GET, 54.5, 0
2018-11-14 18:03:26 (10668823671088) STATS - GET, 54.6, 0
2018-11-14 18:03:26 (10668823690988) STATS - GET, 54.7, 0
2018-11-14 18:03:26 (10668823710788) STATS - GET, 54.8, 0
2018-11-14 18:03:26 (10668823730488) STATS - GET, 54.9, 0
2018-11-14 18:03:26 (10668823750388) STATS - GET, 55.0, 0
2018-11-14 18:03:26 (10668830639892) STATS - GET, 55.1, 0
2018-11-14 18:03:26 (10668830725592) STATS - GET, 55.2, 0
2018-11-14 18:03:26 (10668830758392) STATS - GET, 55.3, 0
2018-11-14 18:03:26 (10668830784192) STATS - GET, 55.4, 0
2018-11-14 18:03:26 (10668830806692) STATS - GET, 55.5, 0
2018-11-14 18:03:26 (10668830828692) STATS - GET, 55.6, 0
2018-11-14 18:03:26 (10668830849592) STATS - GET, 55.7, 0
2018-11-14 18:03:26 (10668830870992) STATS - GET, 55.8, 0
2018-11-14 18:03:26 (10668830892292) STATS - GET, 55.9, 0
2018-11-14 18:03:26 (10668830914292) STATS - GET, 56.0, 0
2018-11-14 18:03:26 (10668830935592) STATS - GET, 56.1, 0
2018-11-14 18:03:26 (10668830956292) STATS - GET, 56.2, 0
2018-11-14 18:03:26 (10668830977092) STATS - GET, 56.3, 0
2018-11-14 18:03:26 (10668830997892) STATS - GET, 56.4, 0
2018-11-14 18:03:26 (10668831039192) STATS - GET, 56.5, 0
2018-11-14 18:03:26 (10668831059092) STATS - GET, 56.6, 0
2018-11-14 18:03:26 (10668831078792) STATS - GET, 56.7, 0
2018-11-14 18:03:26 (10668831099292) STATS - GET, 56.8, 0
2018-11-14 18:03:26 (10668831119592) STATS - GET, 56.9, 0
2018-11-14 18:03:26 (10668831157793) STATS - GET, 57.0, 0
2018-11-14 18:03:26 (10668831206693) STATS - GET, 57.1, 0
2018-11-14 18:03:26 (10668831226793) STATS - GET, 57.2, 0
2018-11-14 18:03:26 (10668831249893) STATS - GET, 57.3, 0
2018-11-14 18:03:26 (10668831270193) STATS - GET, 57.4, 0
2018-11-14 18:03:26 (10668831290693) STATS - GET, 57.5, 0
2018-11-14 18:03:26 (10668831327693) STATS - GET, 57.6, 0
2018-11-14 18:03:26 (10668831347893) STATS - GET, 57.7, 0
2018-11-14 18:03:26 (10668831368693) STATS - GET, 57.8, 0
2018-11-14 18:03:26 (10668831388893) STATS - GET, 57.9, 0
2018-11-14 18:03:26 (10668831409693) STATS - GET, 58.0, 0
2018-11-14 18:03:26 (10668831429393) STATS - GET, 58.1, 0
2018-11-14 18:03:26 (10668831449193) STATS - GET, 58.2, 0
2018-11-14 18:03:26 (10668831468693) STATS - GET, 58.3, 0
2018-11-14 18:03:26 (10668831488593) STATS - GET, 58.4, 0
2018-11-14 18:03:26 (10668831509193) STATS - GET, 58.5, 0
2018-11-14 18:03:26 (10668831528793) STATS - GET, 58.6, 0
2018-11-14 18:03:26 (10668831548093) STATS - GET, 58.7, 0
2018-11-14 18:03:26 (10668831568093) STATS - GET, 58.8, 0
2018-11-14 18:03:26 (10668831588093) STATS - GET, 58.9, 0
2018-11-14 18:03:26 (10668831627093) STATS - GET, 59.0, 0
2018-11-14 18:03:26 (10668831649793) STATS - GET, 59.1, 0
2018-11-14 18:03:26 (10668831705893) STATS - GET, 59.2, 0
2018-11-14 18:03:26 (10668831726793) STATS - GET, 59.3, 0
2018-11-14 18:03:26 (10668831747593) STATS - GET, 59.4, 0
2018-11-14 18:03:26 (10668831780293) STATS - GET, 59.5, 0
2018-11-14 18:03:26 (10668831800993) STATS - GET, 59.6, 0
2018-11-14 18:03:26 (10668831837193) STATS - GET, 59.7, 0
2018-11-14 18:03:26 (10668831860993) STATS - GET, 59.8, 0
2018-11-14 18:03:26 (10668831881093) STATS - GET, 59.9, 0
2018-11-14 18:03:26 (10668831906093) STATS - GET, 60.0, 0
2018-11-14 18:03:26 (10668831927293) STATS - GET, 60.1, 0
2018-11-14 18:03:26 (10668831947293) STATS - GET, 60.2, 0
2018-11-14 18:03:26 (10668831967193) STATS - GET, 60.3, 0
2018-11-14 18:03:26 (10668831987093) STATS - GET, 60.4, 0
2018-11-14 18:03:26 (10668832018393) STATS - GET, 60.5, 0
2018-11-14 18:03:26 (10668832058093) STATS - GET, 60.6, 0
2018-11-14 18:03:26 (10668832094393) STATS - GET, 60.7, 0
2018-11-14 18:03:26 (10668832115093) STATS - GET, 60.8, 0
2018-11-14 18:03:26 (10668832135193) STATS - GET, 60.9, 0
2018-11-14 18:03:26 (10668832171193) STATS - GET, 61.0, 0
2018-11-14 18:03:26 (10668832194793) STATS - GET, 61.1, 0
2018-11-14 18:03:26 (10668832214793) STATS - GET, 61.2, 0
2018-11-14 18:03:26 (10668832235093) STATS - GET, 61.3, 0
2018-11-14 18:03:26 (10668832254893) STATS - GET, 61.4, 0
2018-11-14 18:03:26 (10668832274593) STATS - GET, 61.5, 0
2018-11-14 18:03:26 (10668832294593) STATS - GET, 61.6, 0
2018-11-14 18:03:26 (10668832313893) STATS - GET, 61.7, 0
2018-11-14 18:03:26 (10668832333493) STATS - GET, 61.8, 0
2018-11-14 18:03:26 (10668832353293) STATS - GET, 61.9, 0
2018-11-14 18:03:26 (10668832391793) STATS - GET, 62.0, 0
2018-11-14 18:03:26 (10668832435293) STATS - GET, 62.1, 0
2018-11-14 18:03:26 (10668832455593) STATS - GET, 62.2, 0
2018-11-14 18:03:26 (10668832475293) STATS - GET, 62.3, 0
2018-11-14 18:03:26 (10668832495293) STATS - GET, 62.4, 0
2018-11-14 18:03:26 (10668832514893) STATS - GET, 62.5, 0
2018-11-14 18:03:26 (10668832534593) STATS - GET, 62.6, 0
2018-11-14 18:03:26 (10668832554393) STATS - GET, 62.7, 0
2018-11-14 18:03:26 (10668832573793) STATS - GET, 62.8, 0
2018-11-14 18:03:26 (10668832642993) STATS - GET, 62.9, 0
2018-11-14 18:03:26 (10668832664793) STATS - GET, 63.0, 0
2018-11-14 18:03:26 (10668832716393) STATS - GET, 63.1, 0
2018-11-14 18:03:26 (10668832770594) STATS - GET, 63.2, 0
2018-11-14 18:03:26 (10668832794194) STATS - GET, 63.3, 0
2018-11-14 18:03:26 (10668832839494) STATS - GET, 63.4, 0
2018-11-14 18:03:26 (10668832860194) STATS - GET, 63.5, 0
2018-11-14 18:03:26 (10668832880894) STATS - GET, 63.6, 0
2018-11-14 18:03:26 (10668832901394) STATS - GET, 63.7, 0
2018-11-14 18:03:26 (10668832938294) STATS - GET, 63.8, 0
2018-11-14 18:03:26 (10668832958894) STATS - GET, 63.9, 0
2018-11-14 18:03:26 (10668833011494) STATS - GET, 64.0, 0
2018-11-14 18:03:26 (10668833046994) STATS - GET, 64.1, 0
2018-11-14 18:03:26 (10668833065994) STATS - GET, 64.2, 0
2018-11-14 18:03:26 (10668833085694) STATS - GET, 64.3, 0
2018-11-14 18:03:26 (10668833104394) STATS - GET, 64.4, 0
2018-11-14 18:03:26 (10668840577498) STATS - GET, 64.5, 0
2018-11-14 18:03:26 (10668840619298) STATS - GET, 64.6, 0
2018-11-14 18:03:26 (10668840642998) STATS - GET, 64.7, 0
2018-11-14 18:03:26 (10668840663298) STATS - GET, 64.8, 0
2018-11-14 18:03:26 (10668840682198) STATS - GET, 64.9, 0
2018-11-14 18:03:26 (10668840712698) STATS - GET, 65.0, 0
2018-11-14 18:03:26 (10668840746998) STATS - GET, 65.1, 1
2018-11-14 18:03:26 (10668840801299) STATS - GET, 65.2, 0
2018-11-14 18:03:26 (10668840820999) STATS - GET, 65.3, 0
2018-11-14 18:03:26 (10668840844999) STATS - GET, 65.4, 0
2018-11-14 18:03:26 (10668840863799) STATS - GET, 65.5, 0
2018-11-14 18:03:26 (10668840882699) STATS - GET, 65.6, 0
2018-11-14 18:03:26 (10668840919799) STATS - GET, 65.7, 0
2018-11-14 18:03:26 (10668840939499) STATS - GET, 65.8, 0
2018-11-14 18:03:26 (10668840958999) STATS - GET, 65.9, 0
2018-11-14 18:03:26 (10668840994699) STATS - GET, 66.0, 0
2018-11-14 18:03:26 (10668841013999) STATS - GET, 66.1, 0
2018-11-14 18:03:26 (10668841032799) STATS - GET, 66.2, 0
2018-11-14 18:03:26 (10668841052999) STATS - GET, 66.3, 0
2018-11-14 18:03:26 (10668841075599) STATS - GET, 66.4, 0
2018-11-14 18:03:26 (10668841094499) STATS - GET, 66.5, 0
2018-11-14 18:03:26 (10668841113299) STATS - GET, 66.6, 0
2018-11-14 18:03:26 (10668841134699) STATS - GET, 66.7, 0
2018-11-14 18:03:26 (10668841169899) STATS - GET, 66.8, 0
2018-11-14 18:03:26 (10668841187999) STATS - GET, 66.9, 0
2018-11-14 18:03:26 (10668841207899) STATS - GET, 67.0, 0
2018-11-14 18:03:26 (10668841226399) STATS - GET, 67.1, 0
2018-11-14 18:03:26 (10668841244699) STATS - GET, 67.2, 1
2018-11-14 18:03:26 (10668841262799) STATS - GET, 67.3, 0
2018-11-14 18:03:26 (10668841281299) STATS - GET, 67.4, 0
2018-11-14 18:03:26 (10668841299499) STATS - GET, 67.5, 0
2018-11-14 18:03:26 (10668841317699) STATS - GET, 67.6, 0
2018-11-14 18:03:26 (10668841335499) STATS - GET, 67.7, 0
2018-11-14 18:03:26 (10668841353399) STATS - GET, 67.8, 0
2018-11-14 18:03:26 (10668841371199) STATS - GET, 67.9, 0
2018-11-14 18:03:26 (10668841389299) STATS - GET, 68.0, 0
2018-11-14 18:03:26 (10668841407199) STATS - GET, 68.1, 0
2018-11-14 18:03:26 (10668841425399) STATS - GET, 68.2, 0
2018-11-14 18:03:26 (10668841443399) STATS - GET, 68.3, 0
2018-11-14 18:03:26 (10668841461299) STATS - GET, 68.4, 0
2018-11-14 18:03:26 (10668841478899) STATS - GET, 68.5, 0
2018-11-14 18:03:26 (10668841496799) STATS - GET, 68.6, 0
2018-11-14 18:03:26 (10668841514299) STATS - GET, 68.7, 0
2018-11-14 18:03:26 (10668841532199) STATS - GET, 68.8, 0
2018-11-14 18:03:26 (10668841551699) STATS - GET, 68.9, 0
2018-11-14 18:03:26 (10668841570499) STATS - GET, 69.0, 0
2018-11-14 18:03:26 (10668841588399) STATS - GET, 69.1, 0
2018-11-14 18:03:26 (10668841605899) STATS - GET, 69.2, 0
2018-11-14 18:03:26 (10668841623699) STATS - GET, 69.3, 0
2018-11-14 18:03:26 (10668841641299) STATS - GET, 69.4, 0
2018-11-14 18:03:26 (10668841659099) STATS - GET, 69.5, 0
2018-11-14 18:03:26 (10668841676999) STATS - GET, 69.6, 0
2018-11-14 18:03:26 (10668841695099) STATS - GET, 69.7, 0
2018-11-14 18:03:26 (10668841712799) STATS - GET, 69.8, 0
2018-11-14 18:03:26 (10668841730599) STATS - GET, 69.9, 1
2018-11-14 18:03:26 (10668841749199) STATS - GET, 70.0, 0
2018-11-14 18:03:26 (10668841766899) STATS - GET, 70.1, 0
2018-11-14 18:03:26 (10668841784599) STATS - GET, 70.2, 0
2018-11-14 18:03:26 (10668841802299) STATS - GET, 70.3, 0
2018-11-14 18:03:26 (10668841819999) STATS - GET, 70.4, 0
2018-11-14 18:03:26 (10668841838399) STATS - GET, 70.5, 0
2018-11-14 18:03:26 (10668841856399) STATS - GET, 70.6, 0
2018-11-14 18:03:26 (10668841874499) STATS - GET, 70.7, 0
2018-11-14 18:03:26 (10668841893599) STATS - GET, 70.8, 0
2018-11-14 18:03:26 (10668841952499) STATS - GET, 70.9, 0
2018-11-14 18:03:26 (10668841973599) STATS - GET, 71.0, 0
2018-11-14 18:03:26 (10668842003799) STATS - GET, 71.1, 0
2018-11-14 18:03:26 (10668842034499) STATS - GET, 71.2, 0
2018-11-14 18:03:26 (10668842053399) STATS - GET, 71.3, 0
2018-11-14 18:03:26 (10668842071799) STATS - GET, 71.4, 0
2018-11-14 18:03:26 (10668842091499) STATS - GET, 71.5, 0
2018-11-14 18:03:26 (10668842110299) STATS - GET, 71.6, 0
2018-11-14 18:03:26 (10668842128499) STATS - GET, 71.7, 0
2018-11-14 18:03:26 (10668842146199) STATS - GET, 71.8, 0
2018-11-14 18:03:26 (10668842163999) STATS - GET, 71.9, 0
2018-11-14 18:03:26 (10668842183099) STATS - GET, 72.0, 0
2018-11-14 18:03:26 (10668842200999) STATS - GET, 72.1, 0
2018-11-14 18:03:26 (10668842218899) STATS - GET, 72.2, 0
2018-11-14 18:03:26 (10668842236999) STATS - GET, 72.3, 0
2018-11-14 18:03:26 (10668842254999) STATS - GET, 72.4, 0
2018-11-14 18:03:26 (10668842272599) STATS - GET, 72.5, 0
2018-11-14 18:03:26 (10668842306899) STATS - GET, 72.6, 0
2018-11-14 18:03:26 (10668842341099) STATS - GET, 72.7, 0
2018-11-14 18:03:26 (10668842358499) STATS - GET, 72.8, 0
2018-11-14 18:03:26 (10668842376699) STATS - GET, 72.9, 0
2018-11-14 18:03:26 (10668842394300) STATS - GET, 73.0, 0
2018-11-14 18:03:26 (10668842445800) STATS - GET, 73.1, 0
2018-11-14 18:03:26 (10668842465800) STATS - GET, 73.2, 0
2018-11-14 18:03:26 (10668842483900) STATS - GET, 73.3, 0
2018-11-14 18:03:26 (10668842500600) STATS - GET, 73.4, 0
2018-11-14 18:03:26 (10668842518500) STATS - GET, 73.5, 0
2018-11-14 18:03:26 (10668842535600) STATS - GET, 73.6, 0
2018-11-14 18:03:26 (10668842552200) STATS - GET, 73.7, 0
2018-11-14 18:03:26 (10668842568700) STATS - GET, 73.8, 0
2018-11-14 18:03:26 (10668842585300) STATS - GET, 73.9, 0
2018-11-14 18:03:26 (10668842602300) STATS - GET, 74.0, 0
2018-11-14 18:03:26 (10668842619800) STATS - GET, 74.1, 0
2018-11-14 18:03:26 (10668842657500) STATS - GET, 74.2, 0
2018-11-14 18:03:26 (10668842676600) STATS - GET, 74.3, 0
2018-11-14 18:03:26 (10668842693300) STATS - GET, 74.4, 0
2018-11-14 18:03:26 (10668842711700) STATS - GET, 74.5, 0
2018-11-14 18:03:26 (10668842728400) STATS - GET, 74.6, 0
2018-11-14 18:03:26 (10668842744900) STATS - GET, 74.7, 0
2018-11-14 18:03:26 (10668842761800) STATS - GET, 74.8, 0
2018-11-14 18:03:26 (10668842778500) STATS - GET, 74.9, 0
2018-11-14 18:03:26 (10668842795000) STATS - GET, 75.0, 0
2018-11-14 18:03:26 (10668842811100) STATS - GET, 75.1, 0
2018-11-14 18:03:26 (10668842829300) STATS - GET, 75.2, 0
2018-11-14 18:03:26 (10668842845800) STATS - GET, 75.3, 0
2018-11-14 18:03:26 (10668842880500) STATS - GET, 75.4, 0
2018-11-14 18:03:26 (10668842898300) STATS - GET, 75.5, 0
2018-11-14 18:03:26 (10668842915300) STATS - GET, 75.6, 0
2018-11-14 18:03:26 (10668842931700) STATS - GET, 75.7, 0
2018-11-14 18:03:26 (10668842949300) STATS - GET, 75.8, 0
2018-11-14 18:03:26 (10668842965800) STATS - GET, 75.9, 0
2018-11-14 18:03:26 (10668842982700) STATS - GET, 76.0, 0
2018-11-14 18:03:26 (10668842999400) STATS - GET, 76.1, 0
2018-11-14 18:03:26 (10668843015700) STATS - GET, 76.2, 0
2018-11-14 18:03:26 (10668843033000) STATS - GET, 76.3, 0
2018-11-14 18:03:26 (10668843084500) STATS - GET, 76.4, 0
2018-11-14 18:03:26 (10668843102700) STATS - GET, 76.5, 0
2018-11-14 18:03:26 (10668843120500) STATS - GET, 76.6, 0
2018-11-14 18:03:26 (10668843137700) STATS - GET, 76.7, 0
2018-11-14 18:03:26 (10668843155400) STATS - GET, 76.8, 0
2018-11-14 18:03:26 (10668843172900) STATS - GET, 76.9, 0
2018-11-14 18:03:26 (10668843207600) STATS - GET, 77.0, 0
2018-11-14 18:03:26 (10668843225300) STATS - GET, 77.1, 0
2018-11-14 18:03:26 (10668843242200) STATS - GET, 77.2, 0
2018-11-14 18:03:26 (10668843259500) STATS - GET, 77.3, 0
2018-11-14 18:03:26 (10668843276600) STATS - GET, 77.4, 0
2018-11-14 18:03:26 (10668843293500) STATS - GET, 77.5, 0
2018-11-14 18:03:26 (10668843329300) STATS - GET, 77.6, 0
2018-11-14 18:03:26 (10668843347500) STATS - GET, 77.7, 0
2018-11-14 18:03:26 (10668850271704) STATS - GET, 77.8, 0
2018-11-14 18:03:26 (10668850329204) STATS - GET, 77.9, 0
2018-11-14 18:03:26 (10668850363704) STATS - GET, 78.0, 0
2018-11-14 18:03:26 (10668850382904) STATS - GET, 78.1, 0
2018-11-14 18:03:26 (10668850399904) STATS - GET, 78.2, 0
2018-11-14 18:03:26 (10668850416204) STATS - GET, 78.3, 0
2018-11-14 18:03:26 (10668850432705) STATS - GET, 78.4, 0
2018-11-14 18:03:26 (10668850448905) STATS - GET, 78.5, 0
2018-11-14 18:03:26 (10668850464805) STATS - GET, 78.6, 0
2018-11-14 18:03:26 (10668850480705) STATS - GET, 78.7, 0
2018-11-14 18:03:26 (10668850497105) STATS - GET, 78.8, 0
2018-11-14 18:03:26 (10668850513305) STATS - GET, 78.9, 0
2018-11-14 18:03:26 (10668850529905) STATS - GET, 79.0, 0
2018-11-14 18:03:26 (10668850545905) STATS - GET, 79.1, 0
2018-11-14 18:03:26 (10668850561505) STATS - GET, 79.2, 0
2018-11-14 18:03:26 (10668850577205) STATS - GET, 79.3, 0
2018-11-14 18:03:26 (10668850592705) STATS - GET, 79.4, 0
2018-11-14 18:03:26 (10668850612905) STATS - GET, 79.5, 1
2018-11-14 18:03:26 (10668850630205) STATS - GET, 79.6, 0
2018-11-14 18:03:26 (10668850646305) STATS - GET, 79.7, 0
2018-11-14 18:03:26 (10668850665205) STATS - GET, 79.8, 0
2018-11-14 18:03:26 (10668850681505) STATS - GET, 79.9, 0
2018-11-14 18:03:26 (10668850715205) STATS - GET, 80.0, 0
2018-11-14 18:03:26 (10668850732305) STATS - GET, 80.1, 0
2018-11-14 18:03:26 (10668850748305) STATS - GET, 80.2, 0
2018-11-14 18:03:26 (10668850764305) STATS - GET, 80.3, 0
2018-11-14 18:03:26 (10668850780305) STATS - GET, 80.4, 0
2018-11-14 18:03:26 (10668850814305) STATS - GET, 80.5, 0
2018-11-14 18:03:26 (10668850849505) STATS - GET, 80.6, 0
2018-11-14 18:03:26 (10668850866805) STATS - GET, 80.7, 0
2018-11-14 18:03:26 (10668850883605) STATS - GET, 80.8, 0
2018-11-14 18:03:26 (10668850900505) STATS - GET, 80.9, 0
2018-11-14 18:03:26 (10668850917305) STATS - GET, 81.0, 0
2018-11-14 18:03:26 (10668850982205) STATS - GET, 81.1, 0
2018-11-14 18:03:26 (10668851019805) STATS - GET, 81.2, 0
2018-11-14 18:03:26 (10668851054905) STATS - GET, 81.3, 0
2018-11-14 18:03:26 (10668851073505) STATS - GET, 81.4, 0
2018-11-14 18:03:26 (10668851092505) STATS - GET, 81.5, 0
2018-11-14 18:03:26 (10668851110505) STATS - GET, 81.6, 0
2018-11-14 18:03:26 (10668851143805) STATS - GET, 81.7, 0
2018-11-14 18:03:26 (10668851161505) STATS - GET, 81.8, 0
2018-11-14 18:03:26 (10668851212305) STATS - GET, 81.9, 0
2018-11-14 18:03:26 (10668851230105) STATS - GET, 82.0, 0
2018-11-14 18:03:26 (10668851247705) STATS - GET, 82.1, 0
2018-11-14 18:03:26 (10668851315105) STATS - GET, 82.2, 0
2018-11-14 18:03:26 (10668851353305) STATS - GET, 82.3, 0
2018-11-14 18:03:26 (10668851369705) STATS - GET, 82.4, 0
2018-11-14 18:03:26 (10668851386005) STATS - GET, 82.5, 0
2018-11-14 18:03:26 (10668851402505) STATS - GET, 82.6, 0
2018-11-14 18:03:26 (10668851418405) STATS - GET, 82.7, 0
2018-11-14 18:03:26 (10668851434305) STATS - GET, 82.8, 0
2018-11-14 18:03:26 (10668851452605) STATS - GET, 82.9, 1
2018-11-14 18:03:26 (10668851469605) STATS - GET, 83.0, 0
2018-11-14 18:03:26 (10668851485605) STATS - GET, 83.1, 0
2018-11-14 18:03:26 (10668851501405) STATS - GET, 83.2, 0
2018-11-14 18:03:26 (10668851517005) STATS - GET, 83.3, 0
2018-11-14 18:03:26 (10668851532405) STATS - GET, 83.4, 0
2018-11-14 18:03:26 (10668851549005) STATS - GET, 83.5, 0
2018-11-14 18:03:26 (10668851581005) STATS - GET, 83.6, 0
2018-11-14 18:03:26 (10668851597005) STATS - GET, 83.7, 0
2018-11-14 18:03:26 (10668851612505) STATS - GET, 83.8, 0
2018-11-14 18:03:26 (10668851627805) STATS - GET, 83.9, 0
2018-11-14 18:03:26 (10668851643205) STATS - GET, 84.0, 0
2018-11-14 18:03:26 (10668851659505) STATS - GET, 84.1, 0
2018-11-14 18:03:26 (10668851674905) STATS - GET, 84.2, 0
2018-11-14 18:03:26 (10668851726905) STATS - GET, 84.3, 0
2018-11-14 18:03:26 (10668851743605) STATS - GET, 84.4, 0
2018-11-14 18:03:26 (10668851760105) STATS - GET, 84.5, 0
2018-11-14 18:03:26 (10668851776505) STATS - GET, 84.6, 0
2018-11-14 18:03:26 (10668851810205) STATS - GET, 84.7, 0
2018-11-14 18:03:26 (10668851829405) STATS - GET, 84.8, 0
2018-11-14 18:03:26 (10668851845905) STATS - GET, 84.9, 0
2018-11-14 18:03:26 (10668851861905) STATS - GET, 85.0, 0
2018-11-14 18:03:26 (10668851879805) STATS - GET, 85.1, 0
2018-11-14 18:03:26 (10668851896205) STATS - GET, 85.2, 0
2018-11-14 18:03:26 (10668851912605) STATS - GET, 85.3, 0
2018-11-14 18:03:26 (10668851928705) STATS - GET, 85.4, 0
2018-11-14 18:03:26 (10668851944505) STATS - GET, 85.5, 0
2018-11-14 18:03:26 (10668851960505) STATS - GET, 85.6, 0
2018-11-14 18:03:26 (10668851976505) STATS - GET, 85.7, 0
2018-11-14 18:03:26 (10668851994205) STATS - GET, 85.8, 0
2018-11-14 18:03:26 (10668852040406) STATS - GET, 85.9, 0
2018-11-14 18:03:26 (10668852057906) STATS - GET, 86.0, 0
2018-11-14 18:03:26 (10668852092706) STATS - GET, 86.1, 0
2018-11-14 18:03:26 (10668852147106) STATS - GET, 86.2, 0
2018-11-14 18:03:26 (10668852164406) STATS - GET, 86.3, 0
2018-11-14 18:03:26 (10668852197306) STATS - GET, 86.4, 0
2018-11-14 18:03:26 (10668852213506) STATS - GET, 86.5, 0
2018-11-14 18:03:26 (10668852229606) STATS - GET, 86.6, 0
2018-11-14 18:03:26 (10668852245906) STATS - GET, 86.7, 0
2018-11-14 18:03:26 (10668852278806) STATS - GET, 86.8, 0
2018-11-14 18:03:26 (10668852313506) STATS - GET, 86.9, 0
2018-11-14 18:03:26 (10668852330006) STATS - GET, 87.0, 0
2018-11-14 18:03:26 (10668852346506) STATS - GET, 87.1, 0
2018-11-14 18:03:26 (10668852381106) STATS - GET, 87.2, 0
2018-11-14 18:03:26 (10668852440306) STATS - GET, 87.3, 0
2018-11-14 18:03:26 (10668852478006) STATS - GET, 87.4, 0
2018-11-14 18:03:26 (10668852523306) STATS - GET, 87.5, 0
2018-11-14 18:03:26 (10668852555506) STATS - GET, 87.6, 0
2018-11-14 18:03:26 (10668852622906) STATS - GET, 87.7, 0
2018-11-14 18:03:26 (10668852646406) STATS - GET, 87.8, 0
2018-11-14 18:03:26 (10668852663806) STATS - GET, 87.9, 1
2018-11-14 18:03:26 (10668852681506) STATS - GET, 88.0, 0
2018-11-14 18:03:26 (10668852698406) STATS - GET, 88.1, 0
2018-11-14 18:03:26 (10668852714906) STATS - GET, 88.2, 0
2018-11-14 18:03:26 (10668852731906) STATS - GET, 88.3, 0
2018-11-14 18:03:26 (10668852748506) STATS - GET, 88.4, 0
2018-11-14 18:03:26 (10668852764906) STATS - GET, 88.5, 0
2018-11-14 18:03:26 (10668852797306) STATS - GET, 88.6, 0
2018-11-14 18:03:26 (10668852830606) STATS - GET, 88.7, 0
2018-11-14 18:03:26 (10668852878506) STATS - GET, 88.8, 0
2018-11-14 18:03:26 (10668852894406) STATS - GET, 88.9, 0
2018-11-14 18:03:26 (10668852910606) STATS - GET, 89.0, 0
2018-11-14 18:03:26 (10668852926406) STATS - GET, 89.1, 0
2018-11-14 18:03:26 (10668852958406) STATS - GET, 89.2, 0
2018-11-14 18:03:26 (10668852973406) STATS - GET, 89.3, 0
2018-11-14 18:03:26 (10668852988706) STATS - GET, 89.4, 0
2018-11-14 18:03:26 (10668853020006) STATS - GET, 89.5, 0
2018-11-14 18:03:26 (10668853035106) STATS - GET, 89.6, 0
2018-11-14 18:03:26 (10668853049606) STATS - GET, 89.7, 0
2018-11-14 18:03:26 (10668853064606) STATS - GET, 89.8, 0
2018-11-14 18:03:26 (10668853081306) STATS - GET, 89.9, 0
2018-11-14 18:03:26 (10668853096706) STATS - GET, 90.0, 0
2018-11-14 18:03:26 (10668853111806) STATS - GET, 90.1, 0
2018-11-14 18:03:26 (10668853126906) STATS - GET, 90.2, 0
2018-11-14 18:03:26 (10668853148706) STATS - GET, 90.3, 0
2018-11-14 18:03:26 (10668853171006) STATS - GET, 90.4, 0
2018-11-14 18:03:26 (10668860179711) STATS - GET, 90.5, 0
2018-11-14 18:03:26 (10668860285311) STATS - GET, 90.6, 0
2018-11-14 18:03:26 (10668860372711) STATS - GET, 90.7, 0
2018-11-14 18:03:26 (10668860389811) STATS - GET, 90.8, 0
2018-11-14 18:03:26 (10668860426611) STATS - GET, 90.9, 0
2018-11-14 18:03:26 (10668860454911) STATS - GET, 91.0, 0
2018-11-14 18:03:26 (10668860473411) STATS - GET, 91.1, 0
2018-11-14 18:03:26 (10668860510411) STATS - GET, 91.2, 0
2018-11-14 18:03:26 (10668860525811) STATS - GET, 91.3, 0
2018-11-14 18:03:26 (10668860567311) STATS - GET, 91.4, 0
2018-11-14 18:03:26 (10668860596811) STATS - GET, 91.5, 0
2018-11-14 18:03:26 (10668860613211) STATS - GET, 91.6, 0
2018-11-14 18:03:26 (10668860629811) STATS - GET, 91.7, 0
2018-11-14 18:03:26 (10668860645011) STATS - GET, 91.8, 0
2018-11-14 18:03:26 (10668860659911) STATS - GET, 91.9, 0
2018-11-14 18:03:26 (10668860676311) STATS - GET, 92.0, 0
2018-11-14 18:03:26 (10668860707711) STATS - GET, 92.1, 0
2018-11-14 18:03:26 (10668860722311) STATS - GET, 92.2, 0
2018-11-14 18:03:26 (10668860739311) STATS - GET, 92.3, 0
2018-11-14 18:03:26 (10668860754411) STATS - GET, 92.4, 0
2018-11-14 18:03:26 (10668860768811) STATS - GET, 92.5, 0
2018-11-14 18:03:26 (10668860784511) STATS - GET, 92.6, 0
2018-11-14 18:03:26 (10668860798811) STATS - GET, 92.7, 0
2018-11-14 18:03:26 (10668860831911) STATS - GET, 92.8, 0
2018-11-14 18:03:26 (10668860847011) STATS - GET, 92.9, 0
2018-11-14 18:03:26 (10668860861911) STATS - GET, 93.0, 0
2018-11-14 18:03:26 (10668860877111) STATS - GET, 93.1, 0
2018-11-14 18:03:26 (10668860891911) STATS - GET, 93.2, 0
2018-11-14 18:03:26 (10668860906711) STATS - GET, 93.3, 0
2018-11-14 18:03:26 (10668860921411) STATS - GET, 93.4, 0
2018-11-14 18:03:26 (10668860959311) STATS - GET, 93.5, 0
2018-11-14 18:03:26 (10668861006911) STATS - GET, 93.6, 0
2018-11-14 18:03:26 (10668861022311) STATS - GET, 93.7, 0
2018-11-14 18:03:26 (10668861036511) STATS - GET, 93.8, 0
2018-11-14 18:03:26 (10668861050511) STATS - GET, 93.9, 0
2018-11-14 18:03:26 (10668861088711) STATS - GET, 94.0, 0
2018-11-14 18:03:26 (10668861103011) STATS - GET, 94.1, 0
2018-11-14 18:03:26 (10668861117211) STATS - GET, 94.2, 0
2018-11-14 18:03:26 (10668861131411) STATS - GET, 94.3, 0
2018-11-14 18:03:26 (10668861145711) STATS - GET, 94.4, 0
2018-11-14 18:03:26 (10668861160011) STATS - GET, 94.5, 0
2018-11-14 18:03:26 (10668861178111) STATS - GET, 94.6, 0
2018-11-14 18:03:26 (10668861192711) STATS - GET, 94.7, 0
2018-11-14 18:03:26 (10668861207011) STATS - GET, 94.8, 0
2018-11-14 18:03:26 (10668861221411) STATS - GET, 94.9, 0
2018-11-14 18:03:26 (10668861252411) STATS - GET, 95.0, 0
2018-11-14 18:03:26 (10668861266611) STATS - GET, 95.1, 0
2018-11-14 18:03:26 (10668861280411) STATS - GET, 95.2, 0
2018-11-14 18:03:26 (10668861294411) STATS - GET, 95.3, 0
2018-11-14 18:03:26 (10668861308511) STATS - GET, 95.4, 0
2018-11-14 18:03:26 (10668861322411) STATS - GET, 95.5, 0
2018-11-14 18:03:26 (10668861343411) STATS - GET, 95.6, 0
2018-11-14 18:03:26 (10668861357711) STATS - GET, 95.7, 1
2018-11-14 18:03:26 (10668861371611) STATS - GET, 95.8, 0
2018-11-14 18:03:26 (10668861403811) STATS - GET, 95.9, 0
2018-11-14 18:03:26 (10668861417811) STATS - GET, 96.0, 0
2018-11-14 18:03:26 (10668861431711) STATS - GET, 96.1, 0
2018-11-14 18:03:26 (10668861482311) STATS - GET, 96.2, 0
2018-11-14 18:03:26 (10668861497511) STATS - GET, 96.3, 0
2018-11-14 18:03:26 (10668861512011) STATS - GET, 96.4, 0
2018-11-14 18:03:26 (10668861526811) STATS - GET, 96.5, 0
2018-11-14 18:03:26 (10668861541511) STATS - GET, 96.6, 0
2018-11-14 18:03:26 (10668861555711) STATS - GET, 96.7, 0
2018-11-14 18:03:26 (10668861570311) STATS - GET, 96.8, 0
2018-11-14 18:03:26 (10668861584811) STATS - GET, 96.9, 0
2018-11-14 18:03:26 (10668861628811) STATS - GET, 97.0, 0
2018-11-14 18:03:26 (10668861644811) STATS - GET, 97.1, 0
2018-11-14 18:03:26 (10668861659411) STATS - GET, 97.2, 0
2018-11-14 18:03:26 (10668861673511) STATS - GET, 97.3, 0
2018-11-14 18:03:26 (10668861687812) STATS - GET, 97.4, 0
2018-11-14 18:03:26 (10668861701812) STATS - GET, 97.5, 0
2018-11-14 18:03:26 (10668861716012) STATS - GET, 97.6, 0
2018-11-14 18:03:26 (10668861730012) STATS - GET, 97.7, 0
2018-11-14 18:03:26 (10668861744212) STATS - GET, 97.8, 0
2018-11-14 18:03:26 (10668861758812) STATS - GET, 97.9, 0
2018-11-14 18:03:26 (10668861773012) STATS - GET, 98.0, 0
2018-11-14 18:03:26 (10668861788312) STATS - GET, 98.1, 0
2018-11-14 18:03:26 (10668861823012) STATS - GET, 98.2, 0
2018-11-14 18:03:26 (10668861854112) STATS - GET, 98.3, 0
2018-11-14 18:03:26 (10668861868512) STATS - GET, 98.4, 0
2018-11-14 18:03:26 (10668861892312) STATS - GET, 98.5, 0
2018-11-14 18:03:26 (10668861907312) STATS - GET, 98.6, 0
2018-11-14 18:03:26 (10668861939712) STATS - GET, 98.7, 0
2018-11-14 18:03:26 (10668861954812) STATS - GET, 98.8, 0
2018-11-14 18:03:26 (10668861969212) STATS - GET, 98.9, 0
2018-11-14 18:03:26 (10668862002512) STATS - GET, 99.0, 0
2018-11-14 18:03:26 (10668862018312) STATS - GET, 99.1, 0
2018-11-14 18:03:26 (10668862033512) STATS - GET, 99.2, 0
2018-11-14 18:03:26 (10668862066412) STATS - GET, 99.3, 0
2018-11-14 18:03:26 (10668862093812) STATS - GET, 99.4, 0
2018-11-14 18:03:26 (10668862108712) STATS - GET, 99.5, 0
2018-11-14 18:03:26 (10668862123112) STATS - GET, 99.6, 0
2018-11-14 18:03:26 (10668862138712) STATS - GET, 99.7, 0
2018-11-14 18:03:26 (10668862153312) STATS - GET, 99.8, 0
2018-11-14 18:03:26 (10668862169412) STATS - GET, 99.9, 0
2018-11-14 18:03:26 (10668862184712) STATS - GET, 100.0, 0
2018-11-14 18:03:26 (10668862199512) STATS - GET, 100.1, 0
2018-11-14 18:03:26 (10668862214012) STATS - GET, 100.2, 0
2018-11-14 18:03:26 (10668862228512) STATS - GET, 100.3, 0
2018-11-14 18:03:26 (10668862242512) STATS - GET, 100.4, 0
2018-11-14 18:03:26 (10668862257012) STATS - GET, 100.5, 0
2018-11-14 18:03:26 (10668862282912) STATS - GET, 100.6, 0
2018-11-14 18:03:26 (10668862297312) STATS - GET, 100.7, 0
2018-11-14 18:03:26 (10668862311512) STATS - GET, 100.8, 0
2018-11-14 18:03:26 (10668862325512) STATS - GET, 100.9, 0
2018-11-14 18:03:26 (10668862339612) STATS - GET, 101.0, 0
2018-11-14 18:03:26 (10668862354912) STATS - GET, 101.1, 0
2018-11-14 18:03:26 (10668862368912) STATS - GET, 101.2, 0
2018-11-14 18:03:26 (10668862382912) STATS - GET, 101.3, 0
2018-11-14 18:03:26 (10668862441912) STATS - GET, 101.4, 0
2018-11-14 18:03:26 (10668862459712) STATS - GET, 101.5, 0
2018-11-14 18:03:26 (10668862474012) STATS - GET, 101.6, 0
2018-11-14 18:03:26 (10668862487812) STATS - GET, 101.7, 0
2018-11-14 18:03:26 (10668862501412) STATS - GET, 101.8, 0
2018-11-14 18:03:26 (10668862514912) STATS - GET, 101.9, 0
2018-11-14 18:03:26 (10668862566612) STATS - GET, 102.0, 0
2018-11-14 18:03:26 (10668862580812) STATS - GET, 102.1, 0
2018-11-14 18:03:26 (10668862619512) STATS - GET, 102.2, 0
2018-11-14 18:03:26 (10668862634312) STATS - GET, 102.3, 0
2018-11-14 18:03:26 (10668862648712) STATS - GET, 102.4, 0
2018-11-14 18:03:26 (10668862662412) STATS - GET, 102.5, 0
2018-11-14 18:03:26 (10668862676612) STATS - GET, 102.6, 0
2018-11-14 18:03:26 (10668862690212) STATS - GET, 102.7, 0
2018-11-14 18:03:26 (10668862704212) STATS - GET, 102.8, 0
2018-11-14 18:03:26 (10668862718112) STATS - GET, 102.9, 0
2018-11-14 18:03:26 (10668862747912) STATS - GET, 103.0, 0
2018-11-14 18:03:26 (10668862761912) STATS - GET, 103.1, 0
2018-11-14 18:03:26 (10668862777612) STATS - GET, 103.2, 0
2018-11-14 18:03:26 (10668862791012) STATS - GET, 103.3, 0
2018-11-14 18:03:26 (10668862805712) STATS - GET, 103.4, 0
2018-11-14 18:03:26 (10668862823112) STATS - GET, 103.5, 0
2018-11-14 18:03:26 (10668862837612) STATS - GET, 103.6, 0
2018-11-14 18:03:26 (10668862851212) STATS - GET, 103.7, 0
2018-11-14 18:03:26 (10668862864912) STATS - GET, 103.8, 0
2018-11-14 18:03:26 (10668862878612) STATS - GET, 103.9, 0
2018-11-14 18:03:26 (10668862893112) STATS - GET, 104.0, 0
2018-11-14 18:03:26 (10668862907412) STATS - GET, 104.1, 0
2018-11-14 18:03:26 (10668862938512) STATS - GET, 104.2, 0
2018-11-14 18:03:26 (10668862975412) STATS - GET, 104.3, 0
2018-11-14 18:03:26 (10668862989112) STATS - GET, 104.4, 0
2018-11-14 18:03:26 (10668863002412) STATS - GET, 104.5, 0
2018-11-14 18:03:26 (10668863015512) STATS - GET, 104.6, 0
2018-11-14 18:03:26 (10668863028612) STATS - GET, 104.7, 0
2018-11-14 18:03:26 (10668863041712) STATS - GET, 104.8, 0
2018-11-14 18:03:26 (10668863054612) STATS - GET, 104.9, 0
2018-11-14 18:03:26 (10668870063117) STATS - GET, 105.0, 0
2018-11-14 18:03:26 (10668870093617) STATS - GET, 105.1, 0
2018-11-14 18:03:26 (10668870107917) STATS - GET, 105.2, 0
2018-11-14 18:03:26 (10668870120017) STATS - GET, 105.3, 0
2018-11-14 18:03:26 (10668870132417) STATS - GET, 105.4, 0
2018-11-14 18:03:26 (10668870144317) STATS - GET, 105.5, 0
2018-11-14 18:03:26 (10668870156117) STATS - GET, 105.6, 0
2018-11-14 18:03:26 (10668870167817) STATS - GET, 105.7, 0
2018-11-14 18:03:26 (10668870179717) STATS - GET, 105.8, 0
2018-11-14 18:03:26 (10668870191317) STATS - GET, 105.9, 0
2018-11-14 18:03:26 (10668870203717) STATS - GET, 106.0, 0
2018-11-14 18:03:26 (10668870215517) STATS - GET, 106.1, 0
2018-11-14 18:03:26 (10668870227517) STATS - GET, 106.2, 0
2018-11-14 18:03:26 (10668870239217) STATS - GET, 106.3, 0
2018-11-14 18:03:26 (10668870250917) STATS - GET, 106.4, 0
2018-11-14 18:03:26 (10668870262717) STATS - GET, 106.5, 0
2018-11-14 18:03:26 (10668870292117) STATS - GET, 106.6, 0
2018-11-14 18:03:26 (10668870321217) STATS - GET, 106.7, 0
2018-11-14 18:03:26 (10668870333117) STATS - GET, 106.8, 0
2018-11-14 18:03:26 (10668870391617) STATS - GET, 106.9, 0
2018-11-14 18:03:26 (10668870405617) STATS - GET, 107.0, 0
2018-11-14 18:03:26 (10668870418317) STATS - GET, 107.1, 0
2018-11-14 18:03:26 (10668870430317) STATS - GET, 107.2, 0
2018-11-14 18:03:26 (10668870482917) STATS - GET, 107.3, 0
2018-11-14 18:03:26 (10668870495417) STATS - GET, 107.4, 0
2018-11-14 18:03:26 (10668870507917) STATS - GET, 107.5, 0
2018-11-14 18:03:26 (10668870520317) STATS - GET, 107.6, 0
2018-11-14 18:03:26 (10668870556617) STATS - GET, 107.7, 0
2018-11-14 18:03:26 (10668870569417) STATS - GET, 107.8, 0
2018-11-14 18:03:26 (10668870582017) STATS - GET, 107.9, 0
2018-11-14 18:03:26 (10668870594817) STATS - GET, 108.0, 0
2018-11-14 18:03:26 (10668870608017) STATS - GET, 108.1, 0
2018-11-14 18:03:26 (10668870620617) STATS - GET, 108.2, 0
2018-11-14 18:03:26 (10668870633617) STATS - GET, 108.3, 0
2018-11-14 18:03:26 (10668870663817) STATS - GET, 108.4, 0
2018-11-14 18:03:26 (10668870676817) STATS - GET, 108.5, 0
2018-11-14 18:03:26 (10668870706717) STATS - GET, 108.6, 0
2018-11-14 18:03:26 (10668870745217) STATS - GET, 108.7, 0
2018-11-14 18:03:26 (10668870761217) STATS - GET, 108.8, 0
2018-11-14 18:03:26 (10668870775017) STATS - GET, 108.9, 0
2018-11-14 18:03:26 (10668870788417) STATS - GET, 109.0, 0
2018-11-14 18:03:26 (10668870801617) STATS - GET, 109.1, 0
2018-11-14 18:03:26 (10668870831217) STATS - GET, 109.2, 0
2018-11-14 18:03:26 (10668870844117) STATS - GET, 109.3, 0
2018-11-14 18:03:26 (10668870872417) STATS - GET, 109.4, 0
2018-11-14 18:03:26 (10668870884917) STATS - GET, 109.5, 0
2018-11-14 18:03:26 (10668870897617) STATS - GET, 109.6, 0
2018-11-14 18:03:26 (10668870910017) STATS - GET, 109.7, 0
2018-11-14 18:03:26 (10668870922917) STATS - GET, 109.8, 0
2018-11-14 18:03:26 (10668870935417) STATS - GET, 109.9, 0
2018-11-14 18:03:26 (10668870948317) STATS - GET, 110.0, 0
2018-11-14 18:03:26 (10668870960917) STATS - GET, 110.1, 0
2018-11-14 18:03:26 (10668870973517) STATS - GET, 110.2, 0
2018-11-14 18:03:26 (10668870986017) STATS - GET, 110.3, 0
2018-11-14 18:03:26 (10668870998817) STATS - GET, 110.4, 0
2018-11-14 18:03:26 (10668871047417) STATS - GET, 110.5, 0
2018-11-14 18:03:26 (10668871076217) STATS - GET, 110.6, 0
2018-11-14 18:03:26 (10668871088117) STATS - GET, 110.7, 0
2018-11-14 18:03:26 (10668871099817) STATS - GET, 110.8, 0
2018-11-14 18:03:26 (10668871111717) STATS - GET, 110.9, 0
2018-11-14 18:03:26 (10668871123317) STATS - GET, 111.0, 0
2018-11-14 18:03:26 (10668871135017) STATS - GET, 111.1, 0
2018-11-14 18:03:26 (10668871146517) STATS - GET, 111.2, 0
2018-11-14 18:03:26 (10668871158217) STATS - GET, 111.3, 0
2018-11-14 18:03:26 (10668871169817) STATS - GET, 111.4, 0
2018-11-14 18:03:26 (10668871181417) STATS - GET, 111.5, 0
2018-11-14 18:03:26 (10668871193217) STATS - GET, 111.6, 0
2018-11-14 18:03:26 (10668871205217) STATS - GET, 111.7, 0
2018-11-14 18:03:26 (10668871216817) STATS - GET, 111.8, 0
2018-11-14 18:03:26 (10668871228517) STATS - GET, 111.9, 0
2018-11-14 18:03:26 (10668871240017) STATS - GET, 112.0, 0
2018-11-14 18:03:26 (10668871320117) STATS - GET, 112.1, 0
2018-11-14 18:03:26 (10668871401018) STATS - GET, 112.2, 0
2018-11-14 18:03:26 (10668871418318) STATS - GET, 112.3, 0
2018-11-14 18:03:26 (10668871432618) STATS - GET, 112.4, 0
2018-11-14 18:03:26 (10668871446518) STATS - GET, 112.5, 0
2018-11-14 18:03:26 (10668871460418) STATS - GET, 112.6, 0
2018-11-14 18:03:26 (10668871474218) STATS - GET, 112.7, 0
2018-11-14 18:03:26 (10668871488418) STATS - GET, 112.8, 0
2018-11-14 18:03:26 (10668871502218) STATS - GET, 112.9, 0
2018-11-14 18:03:26 (10668871516018) STATS - GET, 113.0, 0
2018-11-14 18:03:26 (10668871530018) STATS - GET, 113.1, 0
2018-11-14 18:03:26 (10668871545818) STATS - GET, 113.2, 0
2018-11-14 18:03:26 (10668871577418) STATS - GET, 113.3, 0
2018-11-14 18:03:26 (10668871592118) STATS - GET, 113.4, 0
2018-11-14 18:03:26 (10668871605818) STATS - GET, 113.5, 0
2018-11-14 18:03:26 (10668871619518) STATS - GET, 113.6, 0
2018-11-14 18:03:26 (10668871633218) STATS - GET, 113.7, 0
2018-11-14 18:03:26 (10668871648218) STATS - GET, 113.8, 0
2018-11-14 18:03:26 (10668871662718) STATS - GET, 113.9, 0
2018-11-14 18:03:26 (10668871676218) STATS - GET, 114.0, 0
2018-11-14 18:03:26 (10668871690018) STATS - GET, 114.1, 0
2018-11-14 18:03:26 (10668871703718) STATS - GET, 114.2, 0
2018-11-14 18:03:26 (10668871717718) STATS - GET, 114.3, 0
2018-11-14 18:03:26 (10668871731418) STATS - GET, 114.4, 0
2018-11-14 18:03:26 (10668871766518) STATS - GET, 114.5, 0
2018-11-14 18:03:26 (10668871802718) STATS - GET, 114.6, 0
2018-11-14 18:03:26 (10668871815918) STATS - GET, 114.7, 0
2018-11-14 18:03:26 (10668871828818) STATS - GET, 114.8, 0
2018-11-14 18:03:26 (10668871841618) STATS - GET, 114.9, 0
2018-11-14 18:03:26 (10668871871518) STATS - GET, 115.0, 0
2018-11-14 18:03:26 (10668871886018) STATS - GET, 115.1, 0
2018-11-14 18:03:26 (10668871916718) STATS - GET, 115.2, 0
2018-11-14 18:03:26 (10668871932118) STATS - GET, 115.3, 0
2018-11-14 18:03:26 (10668871944918) STATS - GET, 115.4, 0
2018-11-14 18:03:26 (10668871957518) STATS - GET, 115.5, 0
2018-11-14 18:03:26 (10668871970218) STATS - GET, 115.6, 0
2018-11-14 18:03:26 (10668871982718) STATS - GET, 115.7, 0
2018-11-14 18:03:26 (10668871995218) STATS - GET, 115.8, 0
2018-11-14 18:03:26 (10668872020418) STATS - GET, 115.9, 0
2018-11-14 18:03:26 (10668872033518) STATS - GET, 116.0, 0
2018-11-14 18:03:26 (10668872048018) STATS - GET, 116.1, 0
2018-11-14 18:03:26 (10668872117918) STATS - GET, 116.2, 0
2018-11-14 18:03:26 (10668872179018) STATS - GET, 116.3, 0
2018-11-14 18:03:26 (10668872199018) STATS - GET, 116.4, 0
2018-11-14 18:03:26 (10668872245318) STATS - GET, 116.5, 0
2018-11-14 18:03:26 (10668872257618) STATS - GET, 116.6, 0
2018-11-14 18:03:26 (10668872269818) STATS - GET, 116.7, 0
2018-11-14 18:03:26 (10668872282018) STATS - GET, 116.8, 0
2018-11-14 18:03:26 (10668872294418) STATS - GET, 116.9, 0
2018-11-14 18:03:26 (10668872306618) STATS - GET, 117.0, 0
2018-11-14 18:03:26 (10668872329418) STATS - GET, 117.1, 0
2018-11-14 18:03:26 (10668872348618) STATS - GET, 117.2, 0
2018-11-14 18:03:26 (10668872365818) STATS - GET, 117.3, 0
2018-11-14 18:03:26 (10668872383818) STATS - GET, 117.4, 0
2018-11-14 18:03:26 (10668872397218) STATS - GET, 117.5, 0
2018-11-14 18:03:26 (10668872409518) STATS - GET, 117.6, 0
2018-11-14 18:03:26 (10668872421518) STATS - GET, 117.7, 0
2018-11-14 18:03:26 (10668872451218) STATS - GET, 117.8, 0
2018-11-14 18:03:26 (10668872469018) STATS - GET, 117.9, 0
2018-11-14 18:03:26 (10668872482218) STATS - GET, 118.0, 0
2018-11-14 18:03:26 (10668872494618) STATS - GET, 118.1, 0
2018-11-14 18:03:26 (10668872506318) STATS - GET, 118.2, 0
2018-11-14 18:03:26 (10668872518618) STATS - GET, 118.3, 0
2018-11-14 18:03:26 (10668872530718) STATS - GET, 118.4, 0
2018-11-14 18:03:26 (10668872542718) STATS - GET, 118.5, 0
2018-11-14 18:03:26 (10668872554918) STATS - GET, 118.6, 0
2018-11-14 18:03:26 (10668872567118) STATS - GET, 118.7, 0
2018-11-14 18:03:26 (10668872579118) STATS - GET, 118.8, 0
2018-11-14 18:03:26 (10668872591218) STATS - GET, 118.9, 0
2018-11-14 18:03:26 (10668872602918) STATS - GET, 119.0, 0
2018-11-14 18:03:26 (10668872614918) STATS - GET, 119.1, 0
2018-11-14 18:03:26 (10668872626718) STATS - GET, 119.2, 0
2018-11-14 18:03:26 (10668872638618) STATS - GET, 119.3, 0
2018-11-14 18:03:26 (10668872650418) STATS - GET, 119.4, 0
2018-11-14 18:03:26 (10668872662118) STATS - GET, 119.5, 0
2018-11-14 18:03:26 (10668872674018) STATS - GET, 119.6, 0
2018-11-14 18:03:26 (10668872685718) STATS - GET, 119.7, 0
2018-11-14 18:03:26 (10668872699218) STATS - GET, 119.8, 0
2018-11-14 18:03:26 (10668872711218) STATS - GET, 119.9, 0
2018-11-14 18:03:26 (10668872723118) STATS - GET, 120.0, 0
2018-11-14 18:03:26 (10668872735218) STATS - GET, 120.1, 0
2018-11-14 18:03:26 (10668872762818) STATS - GET, 120.2, 0
2018-11-14 18:03:26 (10668872792118) STATS - GET, 120.3, 0
2018-11-14 18:03:26 (10668872822218) STATS - GET, 120.4, 0
2018-11-14 18:03:26 (10668872834418) STATS - GET, 120.5, 0
2018-11-14 18:03:26 (10668872864818) STATS - GET, 120.6, 0
2018-11-14 18:03:26 (10668872877518) STATS - GET, 120.7, 0
2018-11-14 18:03:26 (10668872890118) STATS - GET, 120.8, 0
2018-11-14 18:03:26 (10668872902918) STATS - GET, 120.9, 0
2018-11-14 18:03:26 (10668872915518) STATS - GET, 121.0, 0
2018-11-14 18:03:26 (10668872928118) STATS - GET, 121.1, 0
2018-11-14 18:03:26 (10668872940419) STATS - GET, 121.2, 0
2018-11-14 18:03:26 (10668872953119) STATS - GET, 121.3, 0
2018-11-14 18:03:26 (10668872965619) STATS - GET, 121.4, 0
2018-11-14 18:03:26 (10668872994419) STATS - GET, 121.5, 0
2018-11-14 18:03:26 (10668873006919) STATS - GET, 121.6, 0
2018-11-14 18:03:26 (10668873019019) STATS - GET, 121.7, 0
2018-11-14 18:03:26 (10668873031319) STATS - GET, 121.8, 0
2018-11-14 18:03:26 (10668873043419) STATS - GET, 121.9, 0
2018-11-14 18:03:26 (10668873055519) STATS - GET, 122.0, 0
2018-11-14 18:03:26 (10668879942123) STATS - GET, 122.1, 0
2018-11-14 18:03:26 (10668879961323) STATS - GET, 122.2, 0
2018-11-14 18:03:26 (10668879973523) STATS - GET, 122.3, 0
2018-11-14 18:03:26 (10668879985223) STATS - GET, 122.4, 0
2018-11-14 18:03:26 (10668879997023) STATS - GET, 122.5, 0
2018-11-14 18:03:26 (10668880034323) STATS - GET, 122.6, 0
2018-11-14 18:03:26 (10668880049723) STATS - GET, 122.7, 0
2018-11-14 18:03:26 (10668880061623) STATS - GET, 122.8, 0
2018-11-14 18:03:26 (10668880073323) STATS - GET, 122.9, 0
2018-11-14 18:03:26 (10668880086323) STATS - GET, 123.0, 0
2018-11-14 18:03:26 (10668880098323) STATS - GET, 123.1, 0
2018-11-14 18:03:26 (10668880109823) STATS - GET, 123.2, 0
2018-11-14 18:03:26 (10668880121323) STATS - GET, 123.3, 0
2018-11-14 18:03:26 (10668880132923) STATS - GET, 123.4, 0
2018-11-14 18:03:26 (10668880162723) STATS - GET, 123.5, 0
2018-11-14 18:03:26 (10668880174623) STATS - GET, 123.6, 0
2018-11-14 18:03:26 (10668880212723) STATS - GET, 123.7, 0
2018-11-14 18:03:26 (10668880224723) STATS - GET, 123.8, 0
2018-11-14 18:03:26 (10668880237223) STATS - GET, 123.9, 0
2018-11-14 18:03:26 (10668880249723) STATS - GET, 124.0, 0
2018-11-14 18:03:26 (10668880261723) STATS - GET, 124.1, 0
2018-11-14 18:03:26 (10668880276823) STATS - GET, 124.2, 0
2018-11-14 18:03:26 (10668880289423) STATS - GET, 124.3, 0
2018-11-14 18:03:26 (10668880301323) STATS - GET, 124.4, 0
2018-11-14 18:03:26 (10668880361023) STATS - GET, 124.5, 0
2018-11-14 18:03:26 (10668880394323) STATS - GET, 124.6, 0
2018-11-14 18:03:26 (10668880406323) STATS - GET, 124.7, 0
2018-11-14 18:03:26 (10668880418723) STATS - GET, 124.8, 0
2018-11-14 18:03:26 (10668880447223) STATS - GET, 124.9, 0
2018-11-14 18:03:26 (10668880476823) STATS - GET, 125.0, 0
2018-11-14 18:03:26 (10668880489223) STATS - GET, 125.1, 0
2018-11-14 18:03:26 (10668880501223) STATS - GET, 125.2, 0
2018-11-14 18:03:26 (10668880669523) STATS - GET, 125.3, 0
2018-11-14 18:03:26 (10668880684223) STATS - GET, 125.4, 0
2018-11-14 18:03:26 (10668880698323) STATS - GET, 125.5, 0
2018-11-14 18:03:26 (10668880711623) STATS - GET, 125.6, 0
2018-11-14 18:03:26 (10668880724523) STATS - GET, 125.7, 0
2018-11-14 18:03:26 (10668880739123) STATS - GET, 125.8, 0
2018-11-14 18:03:26 (10668880752023) STATS - GET, 125.9, 0
2018-11-14 18:03:26 (10668880784523) STATS - GET, 126.0, 0
2018-11-14 18:03:26 (10668880816823) STATS - GET, 126.1, 0
2018-11-14 18:03:26 (10668880830123) STATS - GET, 126.2, 0
2018-11-14 18:03:26 (10668880843023) STATS - GET, 126.3, 1
2018-11-14 18:03:26 (10668880882523) INFO  - END: Middleware stopped.
