2018-11-14 17:59:05 (10393132205321) INFO  - START: Middleware listening on address 10.0.0.4:8888.
2018-11-14 18:00:30 (10478446134696) STATS -  5.00, 730, 0, 0.280703, 2.978445, 3.644105, 3.070669, 0.000000, 4.217540, 916, 0, 2735, 0.00, 0.00, 6
2018-11-14 18:00:31 (10478505059484) STATS - 10.00, 854, 0, 0.175542, 2.464022, 2.951123, 2.571374, 0.000000, 3.330872, 1066, 0, 3205, 0.00, 0.00, 6
2018-11-14 18:00:31 (10478542991735) STATS - 15.00, 877, 0, 0.154527, 2.443543, 2.843614, 2.467854, 0.000000, 3.219375, 1098, 0, 3288, 0.00, 0.00, 6
2018-11-14 18:00:31 (10478564491287) STATS - 20.00, 857, 0, 0.173110, 2.509393, 2.985215, 2.669465, 0.000000, 3.300964, 1072, 0, 3216, 0.00, 0.00, 6
2018-11-14 18:00:31 (10478582825443) STATS - 25.00, 881, 0, 0.157819, 2.473851, 2.950453, 2.653267, 0.000000, 3.247638, 1101, 0, 3304, 0.00, 0.00, 6
2018-11-14 18:00:31 (10478603138859) STATS - 30.00, 854, 0, 0.164703, 2.520025, 2.977353, 2.667456, 0.000000, 3.287250, 1067, 0, 3205, 0.00, 0.00, 6
2018-11-14 18:00:31 (10478622646551) STATS - 35.00, 858, 0, 0.152385, 2.541403, 2.965971, 2.650866, 0.000000, 3.281076, 1074, 0, 3220, 0.00, 0.00, 6
2018-11-14 18:00:31 (10478633329475) STATS - 40.00, 864, 0, 0.148199, 2.496132, 2.980755, 2.714078, 0.000000, 3.247433, 1080, 0, 3240, 0.00, 0.00, 6
2018-11-14 18:00:31 (10478651055513) STATS - 45.00, 867, 0, 0.165367, 2.419775, 2.877787, 2.574856, 0.000000, 3.180718, 1084, 0, 3254, 0.00, 0.00, 6
2018-11-14 18:00:31 (10478660955914) STATS - 50.00, 870, 0, 0.161852, 2.468675, 2.903822, 2.574960, 0.000000, 3.232683, 1088, 0, 3263, 0.00, 0.00, 6
2018-11-14 18:00:31 (10478670534004) STATS - 55.00, 862, 0, 0.155463, 2.492117, 2.936091, 2.597792, 0.000000, 3.274390, 1079, 0, 3232, 0.00, 0.00, 6
2018-11-14 18:00:31 (10478680421904) STATS - 60.00, 883, 0, 0.146464, 2.390002, 2.811948, 2.495685, 0.000000, 3.128211, 1102, 0, 3314, 0.00, 0.00, 6
2018-11-14 18:00:31 (10478682765975) STATS - 65.00, 900, 0, 0.150702, 2.368054, 2.834779, 2.540506, 0.000000, 3.129051, 1127, 0, 3377, 0.00, 0.00, 6
2018-11-14 18:00:31 (10478691448839) STATS - 70.00, 854, 0, 0.159450, 2.532344, 2.957223, 2.607737, 0.000000, 3.306710, 1068, 0, 3204, 0.00, 0.00, 6
2018-11-14 18:00:31 (10478692440469) STATS - 70.00, 7, 0, 0.247895, 2.787720, 3.070313, 2.386822, 0.000000, 3.753803, 10, 0, 29, 0.00, 0.00, 6
2018-11-14 18:00:31 (10478939270158) STATS - Type, Interval, Responses
2018-11-14 18:00:31 (10478939643269) STATS - SET, 0.1, 0
2018-11-14 18:00:31 (10478946985792) STATS - SET, 0.2, 0
2018-11-14 18:00:31 (10478947194898) STATS - SET, 0.3, 0
2018-11-14 18:00:31 (10478947374004) STATS - SET, 0.4, 0
2018-11-14 18:00:31 (10478947546409) STATS - SET, 0.5, 0
2018-11-14 18:00:31 (10478947720914) STATS - SET, 0.6, 0
2018-11-14 18:00:31 (10478947868419) STATS - SET, 0.7, 7
2018-11-14 18:00:31 (10478948098226) STATS - SET, 0.8, 65
2018-11-14 18:00:31 (10478948291231) STATS - SET, 0.9, 306
2018-11-14 18:00:31 (10478948449536) STATS - SET, 1.0, 620
2018-11-14 18:00:31 (10478948666243) STATS - SET, 1.1, 866
2018-11-14 18:00:31 (10478948829348) STATS - SET, 1.2, 1177
2018-11-14 18:00:31 (10478948999153) STATS - SET, 1.3, 1300
2018-11-14 18:00:31 (10478949159658) STATS - SET, 1.4, 1168
2018-11-14 18:00:31 (10478949388265) STATS - SET, 1.5, 1036
2018-11-14 18:00:31 (10478949559570) STATS - SET, 1.6, 965
2018-11-14 18:00:31 (10478956714387) STATS - SET, 1.7, 783
2018-11-14 18:00:31 (10478956877892) STATS - SET, 1.8, 643
2018-11-14 18:00:31 (10478957052497) STATS - SET, 1.9, 577
2018-11-14 18:00:31 (10478957227403) STATS - SET, 2.0, 444
2018-11-14 18:00:31 (10478957397308) STATS - SET, 2.1, 383
2018-11-14 18:00:31 (10478957545712) STATS - SET, 2.2, 318
2018-11-14 18:00:31 (10478957710217) STATS - SET, 2.3, 259
2018-11-14 18:00:31 (10478957877622) STATS - SET, 2.4, 219
2018-11-14 18:00:31 (10478958020927) STATS - SET, 2.5, 188
2018-11-14 18:00:31 (10478958191632) STATS - SET, 2.6, 160
2018-11-14 18:00:31 (10478958380838) STATS - SET, 2.7, 132
2018-11-14 18:00:31 (10478958548343) STATS - SET, 2.8, 116
2018-11-14 18:00:31 (10478958701547) STATS - SET, 2.9, 81
2018-11-14 18:00:31 (10478958862252) STATS - SET, 3.0, 67
2018-11-14 18:00:31 (10478959002156) STATS - SET, 3.1, 66
2018-11-14 18:00:31 (10478959148961) STATS - SET, 3.2, 71
2018-11-14 18:00:31 (10478959355767) STATS - SET, 3.3, 51
2018-11-14 18:00:31 (10478967056401) STATS - SET, 3.4, 48
2018-11-14 18:00:31 (10478967283208) STATS - SET, 3.5, 42
2018-11-14 18:00:31 (10478967421212) STATS - SET, 3.6, 26
2018-11-14 18:00:31 (10478967575717) STATS - SET, 3.7, 15
2018-11-14 18:00:31 (10478967733321) STATS - SET, 3.8, 26
2018-11-14 18:00:31 (10478967892326) STATS - SET, 3.9, 31
2018-11-14 18:00:31 (10478968045631) STATS - SET, 4.0, 21
2018-11-14 18:00:31 (10478968189535) STATS - SET, 4.1, 19
2018-11-14 18:00:31 (10478968403942) STATS - SET, 4.2, 25
2018-11-14 18:00:31 (10478968540846) STATS - SET, 4.3, 21
2018-11-14 18:00:31 (10478968753952) STATS - SET, 4.4, 27
2018-11-14 18:00:31 (10478968940458) STATS - SET, 4.5, 22
2018-11-14 18:00:31 (10478969092163) STATS - SET, 4.6, 18
2018-11-14 18:00:31 (10478969236667) STATS - SET, 4.7, 19
2018-11-14 18:00:31 (10478969399672) STATS - SET, 4.8, 19
2018-11-14 18:00:31 (10478976617091) STATS - SET, 4.9, 17
2018-11-14 18:00:31 (10478976841598) STATS - SET, 5.0, 13
2018-11-14 18:00:31 (10478976959301) STATS - SET, 5.1, 19
2018-11-14 18:00:31 (10478977114606) STATS - SET, 5.2, 9
2018-11-14 18:00:31 (10478977246610) STATS - SET, 5.3, 17
2018-11-14 18:00:31 (10478977391814) STATS - SET, 5.4, 13
2018-11-14 18:00:31 (10478977562120) STATS - SET, 5.5, 19
2018-11-14 18:00:31 (10478977714324) STATS - SET, 5.6, 10
2018-11-14 18:00:31 (10478977873529) STATS - SET, 5.7, 12
2018-11-14 18:00:31 (10478978003833) STATS - SET, 5.8, 16
2018-11-14 18:00:31 (10478978157638) STATS - SET, 5.9, 16
2018-11-14 18:00:31 (10478978276241) STATS - SET, 6.0, 23
2018-11-14 18:00:31 (10478978438246) STATS - SET, 6.1, 28
2018-11-14 18:00:31 (10478978582851) STATS - SET, 6.2, 40
2018-11-14 18:00:31 (10478978711854) STATS - SET, 6.3, 42
2018-11-14 18:00:31 (10478978858559) STATS - SET, 6.4, 74
2018-11-14 18:00:31 (10478978980863) STATS - SET, 6.5, 85
2018-11-14 18:00:31 (10478979105766) STATS - SET, 6.6, 101
2018-11-14 18:00:31 (10478979229870) STATS - SET, 6.7, 115
2018-11-14 18:00:31 (10478979350974) STATS - SET, 6.8, 117
2018-11-14 18:00:31 (10478986553992) STATS - SET, 6.9, 122
2018-11-14 18:00:31 (10478986793100) STATS - SET, 7.0, 118
2018-11-14 18:00:31 (10478986937904) STATS - SET, 7.1, 137
2018-11-14 18:00:31 (10478987066008) STATS - SET, 7.2, 166
2018-11-14 18:00:31 (10478987249013) STATS - SET, 7.3, 175
2018-11-14 18:00:31 (10478987468520) STATS - SET, 7.4, 139
2018-11-14 18:00:31 (10478987620125) STATS - SET, 7.5, 130
2018-11-14 18:00:31 (10478987739928) STATS - SET, 7.6, 102
2018-11-14 18:00:31 (10478987878933) STATS - SET, 7.7, 73
2018-11-14 18:00:31 (10478987997036) STATS - SET, 7.8, 50
2018-11-14 18:00:31 (10478988158241) STATS - SET, 7.9, 39
2018-11-14 18:00:31 (10478988266944) STATS - SET, 8.0, 34
2018-11-14 18:00:31 (10478988428349) STATS - SET, 8.1, 31
2018-11-14 18:00:31 (10478988545353) STATS - SET, 8.2, 25
2018-11-14 18:00:31 (10478988683757) STATS - SET, 8.3, 28
2018-11-14 18:00:31 (10478988794360) STATS - SET, 8.4, 34
2018-11-14 18:00:31 (10478988933365) STATS - SET, 8.5, 27
2018-11-14 18:00:31 (10478989056168) STATS - SET, 8.6, 24
2018-11-14 18:00:31 (10478989243074) STATS - SET, 8.7, 17
2018-11-14 18:00:31 (10478989363478) STATS - SET, 8.8, 17
2018-11-14 18:00:31 (10478996445292) STATS - SET, 8.9, 13
2018-11-14 18:00:31 (10478996550896) STATS - SET, 9.0, 14
2018-11-14 18:00:31 (10478996655799) STATS - SET, 9.1, 13
2018-11-14 18:00:31 (10478996759202) STATS - SET, 9.2, 27
2018-11-14 18:00:31 (10478996864905) STATS - SET, 9.3, 31
2018-11-14 18:00:31 (10478996968708) STATS - SET, 9.4, 36
2018-11-14 18:00:31 (10478997296918) STATS - SET, 9.5, 22
2018-11-14 18:00:31 (10478997420322) STATS - SET, 9.6, 11
2018-11-14 18:00:31 (10478997535826) STATS - SET, 9.7, 6
2018-11-14 18:00:31 (10478997676430) STATS - SET, 9.8, 15
2018-11-14 18:00:31 (10478997793833) STATS - SET, 9.9, 29
2018-11-14 18:00:31 (10478997952938) STATS - SET, 10.0, 20
2018-11-14 18:00:31 (10478998149844) STATS - SET, 10.1, 13
2018-11-14 18:00:31 (10478998267848) STATS - SET, 10.2, 3
2018-11-14 18:00:31 (10478998402152) STATS - SET, 10.3, 5
2018-11-14 18:00:31 (10478998544056) STATS - SET, 10.4, 1
2018-11-14 18:00:31 (10478998681260) STATS - SET, 10.5, 0
2018-11-14 18:00:31 (10478998797464) STATS - SET, 10.6, 3
2018-11-14 18:00:31 (10478998920768) STATS - SET, 10.7, 1
2018-11-14 18:00:31 (10478999092473) STATS - SET, 10.8, 4
2018-11-14 18:00:31 (10478999241077) STATS - SET, 10.9, 3
2018-11-14 18:00:31 (10478999374881) STATS - SET, 11.0, 0
2018-11-14 18:00:31 (10479006411095) STATS - SET, 11.1, 0
2018-11-14 18:00:31 (10479006564900) STATS - SET, 11.2, 2
2018-11-14 18:00:31 (10479006694603) STATS - SET, 11.3, 2
2018-11-14 18:00:31 (10479006834408) STATS - SET, 11.4, 2
2018-11-14 18:00:31 (10479006931311) STATS - SET, 11.5, 1
2018-11-14 18:00:31 (10479007028114) STATS - SET, 11.6, 2
2018-11-14 18:00:31 (10479007150517) STATS - SET, 11.7, 0
2018-11-14 18:00:31 (10479007265621) STATS - SET, 11.8, 0
2018-11-14 18:00:31 (10479007380124) STATS - SET, 11.9, 1
2018-11-14 18:00:31 (10479007474427) STATS - SET, 12.0, 2
2018-11-14 18:00:31 (10479007569530) STATS - SET, 12.1, 1
2018-11-14 18:00:31 (10479007706434) STATS - SET, 12.2, 0
2018-11-14 18:00:31 (10479007837138) STATS - SET, 12.3, 0
2018-11-14 18:00:31 (10479007944741) STATS - SET, 12.4, 0
2018-11-14 18:00:31 (10479008087846) STATS - SET, 12.5, 1
2018-11-14 18:00:31 (10479008201149) STATS - SET, 12.6, 0
2018-11-14 18:00:31 (10479008300752) STATS - SET, 12.7, 1
2018-11-14 18:00:31 (10479008414556) STATS - SET, 12.8, 0
2018-11-14 18:00:31 (10479008541659) STATS - SET, 12.9, 3
2018-11-14 18:00:31 (10479008657063) STATS - SET, 13.0, 1
2018-11-14 18:00:31 (10479008771266) STATS - SET, 13.1, 2
2018-11-14 18:00:31 (10479008893270) STATS - SET, 13.2, 1
2018-11-14 18:00:31 (10479008987573) STATS - SET, 13.3, 0
2018-11-14 18:00:31 (10479009082076) STATS - SET, 13.4, 0
2018-11-14 18:00:31 (10479016170591) STATS - SET, 13.5, 1
2018-11-14 18:00:31 (10479016290495) STATS - SET, 13.6, 0
2018-11-14 18:00:31 (10479016387998) STATS - SET, 13.7, 1
2018-11-14 18:00:31 (10479016484900) STATS - SET, 13.8, 0
2018-11-14 18:00:31 (10479016580703) STATS - SET, 13.9, 0
2018-11-14 18:00:31 (10479016672606) STATS - SET, 14.0, 0
2018-11-14 18:00:31 (10479016767009) STATS - SET, 14.1, 1
2018-11-14 18:00:31 (10479016865712) STATS - SET, 14.2, 2
2018-11-14 18:00:31 (10479016990716) STATS - SET, 14.3, 0
2018-11-14 18:00:31 (10479017133720) STATS - SET, 14.4, 0
2018-11-14 18:00:31 (10479017243523) STATS - SET, 14.5, 0
2018-11-14 18:00:31 (10479017360227) STATS - SET, 14.6, 0
2018-11-14 18:00:31 (10479017517332) STATS - SET, 14.7, 0
2018-11-14 18:00:31 (10479017649336) STATS - SET, 14.8, 0
2018-11-14 18:00:31 (10479017755039) STATS - SET, 14.9, 0
2018-11-14 18:00:31 (10479018016347) STATS - SET, 15.0, 0
2018-11-14 18:00:31 (10479018131750) STATS - SET, 15.1, 0
2018-11-14 18:00:31 (10479018273755) STATS - SET, 15.2, 0
2018-11-14 18:00:31 (10479018382358) STATS - SET, 15.3, 0
2018-11-14 18:00:31 (10479018510262) STATS - SET, 15.4, 0
2018-11-14 18:00:31 (10479018857872) STATS - SET, 15.5, 1
2018-11-14 18:00:31 (10479018978076) STATS - SET, 15.6, 0
2018-11-14 18:00:31 (10479019103180) STATS - SET, 15.7, 1
2018-11-14 18:00:31 (10479019199083) STATS - SET, 15.8, 0
2018-11-14 18:00:31 (10479026261897) STATS - SET, 15.9, 1
2018-11-14 18:00:31 (10479026360100) STATS - SET, 16.0, 0
2018-11-14 18:00:31 (10479026497004) STATS - SET, 16.1, 0
2018-11-14 18:00:31 (10479026612408) STATS - SET, 16.2, 0
2018-11-14 18:00:31 (10479026729511) STATS - SET, 16.3, 0
2018-11-14 18:00:31 (10479026834514) STATS - SET, 16.4, 0
2018-11-14 18:00:31 (10479026927617) STATS - SET, 16.5, 0
2018-11-14 18:00:31 (10479027021720) STATS - SET, 16.6, 0
2018-11-14 18:00:31 (10479027114523) STATS - SET, 16.7, 0
2018-11-14 18:00:31 (10479027211726) STATS - SET, 16.8, 0
2018-11-14 18:00:31 (10479027305929) STATS - SET, 16.9, 1
2018-11-14 18:00:31 (10479027398532) STATS - SET, 17.0, 0
2018-11-14 18:00:31 (10479027491834) STATS - SET, 17.1, 0
2018-11-14 18:00:31 (10479027589037) STATS - SET, 17.2, 0
2018-11-14 18:00:31 (10479027695041) STATS - SET, 17.3, 0
2018-11-14 18:00:31 (10479027790043) STATS - SET, 17.4, 2
2018-11-14 18:00:31 (10479027888346) STATS - SET, 17.5, 2
2018-11-14 18:00:31 (10479027986549) STATS - SET, 17.6, 0
2018-11-14 18:00:31 (10479028093153) STATS - SET, 17.7, 0
2018-11-14 18:00:31 (10479028216856) STATS - SET, 17.8, 0
2018-11-14 18:00:31 (10479028308759) STATS - SET, 17.9, 0
2018-11-14 18:00:31 (10479028398262) STATS - SET, 18.0, 1
2018-11-14 18:00:31 (10479028506365) STATS - SET, 18.1, 0
2018-11-14 18:00:31 (10479028603168) STATS - SET, 18.2, 0
2018-11-14 18:00:31 (10479028739472) STATS - SET, 18.3, 2
2018-11-14 18:00:31 (10479028855976) STATS - SET, 18.4, 0
2018-11-14 18:00:31 (10479028959579) STATS - SET, 18.5, 0
2018-11-14 18:00:31 (10479036131597) STATS - SET, 18.6, 0
2018-11-14 18:00:31 (10479036289701) STATS - SET, 18.7, 0
2018-11-14 18:00:31 (10479036446006) STATS - SET, 18.8, 0
2018-11-14 18:00:31 (10479036604711) STATS - SET, 18.9, 0
2018-11-14 18:00:31 (10479036722614) STATS - SET, 19.0, 0
2018-11-14 18:00:31 (10479036835918) STATS - SET, 19.1, 0
2018-11-14 18:00:31 (10479036932721) STATS - SET, 19.2, 0
2018-11-14 18:00:31 (10479037038524) STATS - SET, 19.3, 0
2018-11-14 18:00:31 (10479037149127) STATS - SET, 19.4, 0
2018-11-14 18:00:31 (10479037247530) STATS - SET, 19.5, 0
2018-11-14 18:00:31 (10479037342933) STATS - SET, 19.6, 0
2018-11-14 18:00:31 (10479037446036) STATS - SET, 19.7, 0
2018-11-14 18:00:31 (10479037599841) STATS - SET, 19.8, 0
2018-11-14 18:00:31 (10479037702844) STATS - SET, 19.9, 0
2018-11-14 18:00:31 (10479037800647) STATS - SET, 20.0, 0
2018-11-14 18:00:31 (10479037936151) STATS - SET, 20.1, 0
2018-11-14 18:00:31 (10479038027554) STATS - SET, 20.2, 0
2018-11-14 18:00:31 (10479038117857) STATS - SET, 20.3, 0
2018-11-14 18:00:31 (10479038207860) STATS - SET, 20.4, 0
2018-11-14 18:00:31 (10479038299762) STATS - SET, 20.5, 0
2018-11-14 18:00:31 (10479038389565) STATS - SET, 20.6, 0
2018-11-14 18:00:31 (10479038478968) STATS - SET, 20.7, 0
2018-11-14 18:00:31 (10479038568771) STATS - SET, 20.8, 1
2018-11-14 18:00:31 (10479038672174) STATS - SET, 20.9, 0
2018-11-14 18:00:31 (10479038764376) STATS - SET, 21.0, 0
2018-11-14 18:00:31 (10479038858479) STATS - SET, 21.1, 0
2018-11-14 18:00:31 (10479038953382) STATS - SET, 21.2, 0
2018-11-14 18:00:31 (10479046491611) STATS - SET, 21.3, 0
2018-11-14 18:00:31 (10479046650616) STATS - SET, 21.4, 0
2018-11-14 18:00:31 (10479046743119) STATS - SET, 21.5, 0
2018-11-14 18:00:31 (10479046831621) STATS - SET, 21.6, 0
2018-11-14 18:00:31 (10479046920624) STATS - SET, 21.7, 0
2018-11-14 18:00:31 (10479047169431) STATS - SET, 21.8, 0
2018-11-14 18:00:31 (10479047299535) STATS - SET, 21.9, 0
2018-11-14 18:00:31 (10479047406539) STATS - SET, 22.0, 0
2018-11-14 18:00:31 (10479047524442) STATS - SET, 22.1, 0
2018-11-14 18:00:31 (10479047614245) STATS - SET, 22.2, 0
2018-11-14 18:00:31 (10479047702948) STATS - SET, 22.3, 0
2018-11-14 18:00:31 (10479047791850) STATS - SET, 22.4, 0
2018-11-14 18:00:31 (10479047884053) STATS - SET, 22.5, 0
2018-11-14 18:00:31 (10479047971856) STATS - SET, 22.6, 0
2018-11-14 18:00:31 (10479048077459) STATS - SET, 22.7, 0
2018-11-14 18:00:31 (10479048169762) STATS - SET, 22.8, 0
2018-11-14 18:00:31 (10479048258765) STATS - SET, 22.9, 0
2018-11-14 18:00:31 (10479048345067) STATS - SET, 23.0, 0
2018-11-14 18:00:31 (10479048432370) STATS - SET, 23.1, 0
2018-11-14 18:00:31 (10479048606375) STATS - SET, 23.2, 0
2018-11-14 18:00:31 (10479048705578) STATS - SET, 23.3, 0
2018-11-14 18:00:31 (10479048823582) STATS - SET, 23.4, 0
2018-11-14 18:00:31 (10479056071402) STATS - SET, 23.5, 0
2018-11-14 18:00:31 (10479056327209) STATS - SET, 23.6, 0
2018-11-14 18:00:31 (10479056543616) STATS - SET, 23.7, 0
2018-11-14 18:00:31 (10479056647519) STATS - SET, 23.8, 0
2018-11-14 18:00:31 (10479056758222) STATS - SET, 23.9, 0
2018-11-14 18:00:31 (10479056893526) STATS - SET, 24.0, 1
2018-11-14 18:00:31 (10479057069132) STATS - SET, 24.1, 0
2018-11-14 18:00:31 (10479057195136) STATS - SET, 24.2, 0
2018-11-14 18:00:31 (10479057306739) STATS - SET, 24.3, 0
2018-11-14 18:00:31 (10479057420742) STATS - SET, 24.4, 0
2018-11-14 18:00:31 (10479057511245) STATS - SET, 24.5, 0
2018-11-14 18:00:31 (10479057601248) STATS - SET, 24.6, 0
2018-11-14 18:00:31 (10479057689351) STATS - SET, 24.7, 0
2018-11-14 18:00:31 (10479057776653) STATS - SET, 24.8, 0
2018-11-14 18:00:31 (10479057865256) STATS - SET, 24.9, 0
2018-11-14 18:00:31 (10479057950759) STATS - SET, 25.0, 0
2018-11-14 18:00:31 (10479058038461) STATS - SET, 25.1, 0
2018-11-14 18:00:31 (10479058126964) STATS - SET, 25.2, 0
2018-11-14 18:00:31 (10479058215367) STATS - SET, 25.3, 0
2018-11-14 18:00:31 (10479058304969) STATS - SET, 25.4, 0
2018-11-14 18:00:31 (10479058395572) STATS - SET, 25.5, 0
2018-11-14 18:00:31 (10479058485575) STATS - SET, 25.6, 0
2018-11-14 18:00:31 (10479058573477) STATS - SET, 25.7, 0
2018-11-14 18:00:31 (10479058663480) STATS - SET, 25.8, 0
2018-11-14 18:00:31 (10479058753683) STATS - SET, 25.9, 0
2018-11-14 18:00:31 (10479065873499) STATS - SET, 26.0, 0
2018-11-14 18:00:31 (10479066027704) STATS - SET, 26.1, 0
2018-11-14 18:00:31 (10479066166508) STATS - SET, 26.2, 0
2018-11-14 18:00:31 (10479066260911) STATS - SET, 26.3, 0
2018-11-14 18:00:31 (10479066372314) STATS - SET, 26.4, 0
2018-11-14 18:00:31 (10479066461817) STATS - SET, 26.5, 0
2018-11-14 18:00:31 (10479066550319) STATS - SET, 26.6, 0
2018-11-14 18:00:31 (10479066639222) STATS - SET, 26.7, 0
2018-11-14 18:00:31 (10479066767226) STATS - SET, 26.8, 0
2018-11-14 18:00:31 (10479066878929) STATS - SET, 26.9, 0
2018-11-14 18:00:31 (10479066968232) STATS - SET, 27.0, 0
2018-11-14 18:00:31 (10479067056735) STATS - SET, 27.1, 0
2018-11-14 18:00:31 (10479067164238) STATS - SET, 27.2, 0
2018-11-14 18:00:31 (10479067279242) STATS - SET, 27.3, 0
2018-11-14 18:00:31 (10479067368044) STATS - SET, 27.4, 0
2018-11-14 18:00:31 (10479067490948) STATS - SET, 27.5, 0
2018-11-14 18:00:31 (10479067586051) STATS - SET, 27.6, 0
2018-11-14 18:00:31 (10479067675654) STATS - SET, 27.7, 0
2018-11-14 18:00:31 (10479067765356) STATS - SET, 27.8, 0
2018-11-14 18:00:31 (10479067858659) STATS - SET, 27.9, 0
2018-11-14 18:00:31 (10479067944562) STATS - SET, 28.0, 0
2018-11-14 18:00:31 (10479068054065) STATS - SET, 28.1, 0
2018-11-14 18:00:31 (10479068147168) STATS - SET, 28.2, 0
2018-11-14 18:00:31 (10479068400776) STATS - SET, 28.3, 0
2018-11-14 18:00:31 (10479068623682) STATS - SET, 28.4, 0
2018-11-14 18:00:31 (10479068714985) STATS - SET, 28.5, 0
2018-11-14 18:00:31 (10479068802988) STATS - SET, 28.6, 0
2018-11-14 18:00:31 (10479068891190) STATS - SET, 28.7, 0
2018-11-14 18:00:31 (10479075821801) STATS - SET, 28.8, 0
2018-11-14 18:00:31 (10479075959905) STATS - SET, 28.9, 0
2018-11-14 18:00:31 (10479076070908) STATS - SET, 29.0, 0
2018-11-14 18:00:31 (10479076171711) STATS - SET, 29.1, 0
2018-11-14 18:00:31 (10479076272814) STATS - SET, 29.2, 0
2018-11-14 18:00:31 (10479076373618) STATS - SET, 29.3, 0
2018-11-14 18:00:31 (10479076510622) STATS - SET, 29.4, 0
2018-11-14 18:00:31 (10479076613125) STATS - SET, 29.5, 0
2018-11-14 18:00:31 (10479076712028) STATS - SET, 29.6, 0
2018-11-14 18:00:31 (10479076805731) STATS - SET, 29.7, 0
2018-11-14 18:00:31 (10479076903034) STATS - SET, 29.8, 0
2018-11-14 18:00:31 (10479077008437) STATS - SET, 29.9, 0
2018-11-14 18:00:31 (10479077143141) STATS - SET, 30.0, 0
2018-11-14 18:00:31 (10479077250144) STATS - SET, 30.1, 0
2018-11-14 18:00:31 (10479077346447) STATS - SET, 30.2, 0
2018-11-14 18:00:31 (10479077446250) STATS - SET, 30.3, 0
2018-11-14 18:00:31 (10479077548153) STATS - SET, 30.4, 0
2018-11-14 18:00:31 (10479077642356) STATS - SET, 30.5, 0
2018-11-14 18:00:31 (10479077734859) STATS - SET, 30.6, 0
2018-11-14 18:00:31 (10479077827862) STATS - SET, 30.7, 0
2018-11-14 18:00:31 (10479077943865) STATS - SET, 30.8, 0
2018-11-14 18:00:31 (10479078059469) STATS - SET, 30.9, 0
2018-11-14 18:00:31 (10479078150071) STATS - SET, 31.0, 0
2018-11-14 18:00:31 (10479078241374) STATS - SET, 31.1, 0
2018-11-14 18:00:31 (10479078333477) STATS - SET, 31.2, 0
2018-11-14 18:00:31 (10479078433080) STATS - SET, 31.3, 0
2018-11-14 18:00:31 (10479078523883) STATS - SET, 31.4, 0
2018-11-14 18:00:31 (10479078614986) STATS - SET, 31.5, 0
2018-11-14 18:00:31 (10479085823904) STATS - SET, 31.6, 0
2018-11-14 18:00:31 (10479085943608) STATS - SET, 31.7, 0
2018-11-14 18:00:31 (10479086046311) STATS - SET, 31.8, 0
2018-11-14 18:00:31 (10479086141214) STATS - SET, 31.9, 0
2018-11-14 18:00:31 (10479086231217) STATS - SET, 32.0, 0
2018-11-14 18:00:31 (10479086322519) STATS - SET, 32.1, 0
2018-11-14 18:00:31 (10479086412522) STATS - SET, 32.2, 0
2018-11-14 18:00:31 (10479086502725) STATS - SET, 32.3, 0
2018-11-14 18:00:31 (10479086591928) STATS - SET, 32.4, 0
2018-11-14 18:00:31 (10479086682630) STATS - SET, 32.5, 0
2018-11-14 18:00:31 (10479086831435) STATS - SET, 32.6, 0
2018-11-14 18:00:31 (10479086926138) STATS - SET, 32.7, 0
2018-11-14 18:00:31 (10479087019841) STATS - SET, 32.8, 0
2018-11-14 18:00:31 (10479087110243) STATS - SET, 32.9, 0
2018-11-14 18:00:31 (10479087196546) STATS - SET, 33.0, 0
2018-11-14 18:00:31 (10479087283949) STATS - SET, 33.1, 0
2018-11-14 18:00:31 (10479087377551) STATS - SET, 33.2, 0
2018-11-14 18:00:31 (10479087468054) STATS - SET, 33.3, 0
2018-11-14 18:00:31 (10479087560357) STATS - SET, 33.4, 0
2018-11-14 18:00:31 (10479087651860) STATS - SET, 33.5, 0
2018-11-14 18:00:31 (10479087771763) STATS - SET, 33.6, 0
2018-11-14 18:00:31 (10479087863666) STATS - SET, 33.7, 0
2018-11-14 18:00:31 (10479087951769) STATS - SET, 33.8, 0
2018-11-14 18:00:31 (10479088059772) STATS - SET, 33.9, 0
2018-11-14 18:00:31 (10479088209777) STATS - SET, 34.0, 0
2018-11-14 18:00:31 (10479088299579) STATS - SET, 34.1, 0
2018-11-14 18:00:31 (10479088388982) STATS - SET, 34.2, 0
2018-11-14 18:00:31 (10479088507286) STATS - SET, 34.3, 0
2018-11-14 18:00:31 (10479095610401) STATS - SET, 34.4, 0
2018-11-14 18:00:31 (10479095740705) STATS - SET, 34.5, 0
2018-11-14 18:00:31 (10479095829408) STATS - SET, 34.6, 0
2018-11-14 18:00:31 (10479095914710) STATS - SET, 34.7, 0
2018-11-14 18:00:31 (10479096158018) STATS - SET, 34.8, 0
2018-11-14 18:00:31 (10479096269121) STATS - SET, 34.9, 0
2018-11-14 18:00:31 (10479096352224) STATS - SET, 35.0, 0
2018-11-14 18:00:31 (10479096435526) STATS - SET, 35.1, 0
2018-11-14 18:00:31 (10479096556030) STATS - SET, 35.2, 0
2018-11-14 18:00:31 (10479096647433) STATS - SET, 35.3, 0
2018-11-14 18:00:31 (10479096732035) STATS - SET, 35.4, 0
2018-11-14 18:00:31 (10479096817638) STATS - SET, 35.5, 0
2018-11-14 18:00:31 (10479096904740) STATS - SET, 35.6, 0
2018-11-14 18:00:31 (10479096989243) STATS - SET, 35.7, 0
2018-11-14 18:00:31 (10479097074746) STATS - SET, 35.8, 0
2018-11-14 18:00:31 (10479097160448) STATS - SET, 35.9, 0
2018-11-14 18:00:31 (10479097363354) STATS - SET, 36.0, 0
2018-11-14 18:00:31 (10479097452657) STATS - SET, 36.1, 0
2018-11-14 18:00:31 (10479097567761) STATS - SET, 36.2, 0
2018-11-14 18:00:31 (10479097651263) STATS - SET, 36.3, 0
2018-11-14 18:00:31 (10479097735866) STATS - SET, 36.4, 0
2018-11-14 18:00:31 (10479097864770) STATS - SET, 36.5, 0
2018-11-14 18:00:31 (10479097955672) STATS - SET, 36.6, 0
2018-11-14 18:00:31 (10479098074576) STATS - SET, 36.7, 0
2018-11-14 18:00:31 (10479098180079) STATS - SET, 36.8, 0
2018-11-14 18:00:31 (10479098273082) STATS - SET, 36.9, 0
2018-11-14 18:00:31 (10479098356584) STATS - SET, 37.0, 0
2018-11-14 18:00:31 (10479098438387) STATS - SET, 37.1, 0
2018-11-14 18:00:31 (10479098520889) STATS - SET, 37.2, 0
2018-11-14 18:00:31 (10479105602204) STATS - SET, 37.3, 0
2018-11-14 18:00:31 (10479105761509) STATS - SET, 37.4, 0
2018-11-14 18:00:31 (10479105844512) STATS - SET, 37.5, 0
2018-11-14 18:00:31 (10479105921614) STATS - SET, 37.6, 0
2018-11-14 18:00:31 (10479105999016) STATS - SET, 37.7, 0
2018-11-14 18:00:31 (10479106074919) STATS - SET, 37.8, 0
2018-11-14 18:00:31 (10479106151021) STATS - SET, 37.9, 0
2018-11-14 18:00:31 (10479106222623) STATS - SET, 38.0, 0
2018-11-14 18:00:31 (10479106295825) STATS - SET, 38.1, 0
2018-11-14 18:00:31 (10479106370528) STATS - SET, 38.2, 0
2018-11-14 18:00:31 (10479106503232) STATS - SET, 38.3, 0
2018-11-14 18:00:31 (10479106594934) STATS - SET, 38.4, 0
2018-11-14 18:00:31 (10479106674637) STATS - SET, 38.5, 0
2018-11-14 18:00:31 (10479106776040) STATS - SET, 38.6, 0
2018-11-14 18:00:31 (10479106857542) STATS - SET, 38.7, 0
2018-11-14 18:00:31 (10479106932445) STATS - SET, 38.8, 0
2018-11-14 18:00:31 (10479107005547) STATS - SET, 38.9, 0
2018-11-14 18:00:31 (10479107073949) STATS - SET, 39.0, 0
2018-11-14 18:00:31 (10479107162652) STATS - SET, 39.1, 0
2018-11-14 18:00:31 (10479107241254) STATS - SET, 39.2, 0
2018-11-14 18:00:31 (10479107313056) STATS - SET, 39.3, 0
2018-11-14 18:00:31 (10479107391359) STATS - SET, 39.4, 0
2018-11-14 18:00:31 (10479107485561) STATS - SET, 39.5, 0
2018-11-14 18:00:31 (10479107558064) STATS - SET, 39.6, 0
2018-11-14 18:00:31 (10479107628066) STATS - SET, 39.7, 0
2018-11-14 18:00:31 (10479107710068) STATS - SET, 39.8, 0
2018-11-14 18:00:31 (10479107797871) STATS - SET, 39.9, 0
2018-11-14 18:00:31 (10479107868373) STATS - SET, 40.0, 0
2018-11-14 18:00:31 (10479107940675) STATS - SET, 40.1, 0
2018-11-14 18:00:31 (10479108025178) STATS - SET, 40.2, 0
2018-11-14 18:00:31 (10479108100580) STATS - SET, 40.3, 0
2018-11-14 18:00:31 (10479108171882) STATS - SET, 40.4, 0
2018-11-14 18:00:31 (10479108252185) STATS - SET, 40.5, 0
2018-11-14 18:00:31 (10479108338387) STATS - SET, 40.6, 0
2018-11-14 18:00:31 (10479115447503) STATS - SET, 40.7, 0
2018-11-14 18:00:31 (10479115526605) STATS - SET, 40.8, 0
2018-11-14 18:00:31 (10479115596508) STATS - SET, 40.9, 0
2018-11-14 18:00:31 (10479115696411) STATS - SET, 41.0, 0
2018-11-14 18:00:31 (10479115766613) STATS - SET, 41.1, 0
2018-11-14 18:00:31 (10479115832015) STATS - SET, 41.2, 0
2018-11-14 18:00:31 (10479115896217) STATS - SET, 41.3, 0
2018-11-14 18:00:31 (10479115960819) STATS - SET, 41.4, 0
2018-11-14 18:00:31 (10479116040021) STATS - SET, 41.5, 0
2018-11-14 18:00:31 (10479116106723) STATS - SET, 41.6, 0
2018-11-14 18:00:31 (10479116172025) STATS - SET, 41.7, 0
2018-11-14 18:00:31 (10479116237127) STATS - SET, 41.8, 0
2018-11-14 18:00:31 (10479116301529) STATS - SET, 41.9, 0
2018-11-14 18:00:31 (10479116362831) STATS - SET, 42.0, 0
2018-11-14 18:00:31 (10479116426733) STATS - SET, 42.1, 0
2018-11-14 18:00:31 (10479116490635) STATS - SET, 42.2, 0
2018-11-14 18:00:31 (10479116555537) STATS - SET, 42.3, 0
2018-11-14 18:00:31 (10479116620239) STATS - SET, 42.4, 0
2018-11-14 18:00:31 (10479116684141) STATS - SET, 42.5, 0
2018-11-14 18:00:31 (10479116777243) STATS - SET, 42.6, 0
2018-11-14 18:00:31 (10479116848446) STATS - SET, 42.7, 0
2018-11-14 18:00:31 (10479116924048) STATS - SET, 42.8, 0
2018-11-14 18:00:31 (10479117115454) STATS - SET, 42.9, 0
2018-11-14 18:00:31 (10479117184456) STATS - SET, 43.0, 0
2018-11-14 18:00:31 (10479117253958) STATS - SET, 43.1, 0
2018-11-14 18:00:31 (10479117326260) STATS - SET, 43.2, 0
2018-11-14 18:00:31 (10479117390862) STATS - SET, 43.3, 0
2018-11-14 18:00:31 (10479117454264) STATS - SET, 43.4, 0
2018-11-14 18:00:31 (10479117518266) STATS - SET, 43.5, 0
2018-11-14 18:00:31 (10479117584168) STATS - SET, 43.6, 0
2018-11-14 18:00:31 (10479117649970) STATS - SET, 43.7, 0
2018-11-14 18:00:31 (10479117730372) STATS - SET, 43.8, 0
2018-11-14 18:00:31 (10479117793374) STATS - SET, 43.9, 0
2018-11-14 18:00:31 (10479117852876) STATS - SET, 44.0, 0
2018-11-14 18:00:31 (10479117913478) STATS - SET, 44.1, 0
2018-11-14 18:00:31 (10479117978680) STATS - SET, 44.2, 0
2018-11-14 18:00:31 (10479118042582) STATS - SET, 44.3, 0
2018-11-14 18:00:31 (10479118104784) STATS - SET, 44.4, 0
2018-11-14 18:00:31 (10479118170386) STATS - SET, 44.5, 0
2018-11-14 18:00:31 (10479118236488) STATS - SET, 44.6, 0
2018-11-14 18:00:31 (10479118299090) STATS - SET, 44.7, 0
2018-11-14 18:00:31 (10479125500808) STATS - SET, 44.8, 0
2018-11-14 18:00:31 (10479125639012) STATS - SET, 44.9, 0
2018-11-14 18:00:31 (10479125699814) STATS - SET, 45.0, 0
2018-11-14 18:00:31 (10479125760716) STATS - SET, 45.1, 0
2018-11-14 18:00:31 (10479125820418) STATS - SET, 45.2, 0
2018-11-14 18:00:31 (10479125879820) STATS - SET, 45.3, 0
2018-11-14 18:00:31 (10479125939821) STATS - SET, 45.4, 0
2018-11-14 18:00:31 (10479125999923) STATS - SET, 45.5, 0
2018-11-14 18:00:31 (10479126058925) STATS - SET, 45.6, 0
2018-11-14 18:00:31 (10479126117627) STATS - SET, 45.7, 0
2018-11-14 18:00:31 (10479126176629) STATS - SET, 45.8, 0
2018-11-14 18:00:31 (10479126241031) STATS - SET, 45.9, 0
2018-11-14 18:00:31 (10479126298732) STATS - SET, 46.0, 0
2018-11-14 18:00:31 (10479126357434) STATS - SET, 46.1, 0
2018-11-14 18:00:31 (10479126416336) STATS - SET, 46.2, 0
2018-11-14 18:00:31 (10479126476638) STATS - SET, 46.3, 0
2018-11-14 18:00:31 (10479126536039) STATS - SET, 46.4, 0
2018-11-14 18:00:31 (10479126596841) STATS - SET, 46.5, 0
2018-11-14 18:00:31 (10479126655843) STATS - SET, 46.6, 0
2018-11-14 18:00:31 (10479126715945) STATS - SET, 46.7, 0
2018-11-14 18:00:31 (10479126777347) STATS - SET, 46.8, 0
2018-11-14 18:00:31 (10479126840549) STATS - SET, 46.9, 0
2018-11-14 18:00:31 (10479126898450) STATS - SET, 47.0, 0
2018-11-14 18:00:31 (10479126957852) STATS - SET, 47.1, 0
2018-11-14 18:00:31 (10479127017054) STATS - SET, 47.2, 0
2018-11-14 18:00:31 (10479127075656) STATS - SET, 47.3, 0
2018-11-14 18:00:31 (10479127136958) STATS - SET, 47.4, 0
2018-11-14 18:00:31 (10479127196459) STATS - SET, 47.5, 0
2018-11-14 18:00:31 (10479127340664) STATS - SET, 47.6, 0
2018-11-14 18:00:31 (10479127474168) STATS - SET, 47.7, 0
2018-11-14 18:00:31 (10479127579171) STATS - SET, 47.8, 0
2018-11-14 18:00:31 (10479127646673) STATS - SET, 47.9, 0
2018-11-14 18:00:31 (10479127703975) STATS - SET, 48.0, 0
2018-11-14 18:00:31 (10479127761877) STATS - SET, 48.1, 0
2018-11-14 18:00:31 (10479127820478) STATS - SET, 48.2, 0
2018-11-14 18:00:31 (10479127886180) STATS - SET, 48.3, 0
2018-11-14 18:00:31 (10479127964383) STATS - SET, 48.4, 0
2018-11-14 18:00:31 (10479128043085) STATS - SET, 48.5, 0
2018-11-14 18:00:31 (10479128104387) STATS - SET, 48.6, 0
2018-11-14 18:00:31 (10479128191190) STATS - SET, 48.7, 0
2018-11-14 18:00:31 (10479128252092) STATS - SET, 48.8, 0
2018-11-14 18:00:31 (10479128310893) STATS - SET, 48.9, 0
2018-11-14 18:00:31 (10479135308806) STATS - SET, 49.0, 0
2018-11-14 18:00:31 (10479135433709) STATS - SET, 49.1, 0
2018-11-14 18:00:31 (10479135523812) STATS - SET, 49.2, 0
2018-11-14 18:00:31 (10479135633515) STATS - SET, 49.3, 0
2018-11-14 18:00:31 (10479135720418) STATS - SET, 49.4, 0
2018-11-14 18:00:31 (10479135918724) STATS - SET, 49.5, 0
2018-11-14 18:00:31 (10479136098230) STATS - SET, 49.6, 0
2018-11-14 18:00:31 (10479136176732) STATS - SET, 49.7, 0
2018-11-14 18:00:31 (10479136240734) STATS - SET, 49.8, 0
2018-11-14 18:00:31 (10479136302036) STATS - SET, 49.9, 0
2018-11-14 18:00:31 (10479136360638) STATS - SET, 50.0, 0
2018-11-14 18:00:31 (10479136421539) STATS - SET, 50.1, 0
2018-11-14 18:00:31 (10479136481441) STATS - SET, 50.2, 0
2018-11-14 18:00:31 (10479136581244) STATS - SET, 50.3, 1
2018-11-14 18:00:31 (10479136744049) STATS - GET, 0.1, 0
2018-11-14 18:00:31 (10479136821152) STATS - GET, 0.2, 0
2018-11-14 18:00:31 (10479136875353) STATS - GET, 0.3, 0
2018-11-14 18:00:31 (10479136928355) STATS - GET, 0.4, 0
2018-11-14 18:00:31 (10479137016157) STATS - GET, 0.5, 0
2018-11-14 18:00:31 (10479137070859) STATS - GET, 0.6, 0
2018-11-14 18:00:31 (10479137124061) STATS - GET, 0.7, 0
2018-11-14 18:00:31 (10479137202563) STATS - GET, 0.8, 0
2018-11-14 18:00:31 (10479137274165) STATS - GET, 0.9, 0
2018-11-14 18:00:31 (10479137327867) STATS - GET, 1.0, 0
2018-11-14 18:00:31 (10479137380968) STATS - GET, 1.1, 0
2018-11-14 18:00:31 (10479137434070) STATS - GET, 1.2, 33
2018-11-14 18:00:31 (10479137488672) STATS - GET, 1.3, 353
2018-11-14 18:00:31 (10479137542473) STATS - GET, 1.4, 1032
2018-11-14 18:00:31 (10479137596475) STATS - GET, 1.5, 1708
2018-11-14 18:00:31 (10479137648577) STATS - GET, 1.6, 2481
2018-11-14 18:00:31 (10479137700278) STATS - GET, 1.7, 3201
2018-11-14 18:00:31 (10479137752880) STATS - GET, 1.8, 3313
2018-11-14 18:00:31 (10479137813982) STATS - GET, 1.9, 3217
2018-11-14 18:00:31 (10479137863183) STATS - GET, 2.0, 3056
2018-11-14 18:00:31 (10479137914785) STATS - GET, 2.1, 2676
2018-11-14 18:00:31 (10479137983287) STATS - GET, 2.2, 2322
2018-11-14 18:00:31 (10479138039588) STATS - GET, 2.3, 1980
2018-11-14 18:00:31 (10479144878596) STATS - GET, 2.4, 1661
2018-11-14 18:00:31 (10479145123303) STATS - GET, 2.5, 1430
2018-11-14 18:00:31 (10479145236707) STATS - GET, 2.6, 1167
2018-11-14 18:00:31 (10479145285508) STATS - GET, 2.7, 1016
2018-11-14 18:00:31 (10479145332910) STATS - GET, 2.8, 809
2018-11-14 18:00:31 (10479145380411) STATS - GET, 2.9, 701
2018-11-14 18:00:31 (10479145424013) STATS - GET, 3.0, 588
2018-11-14 18:00:31 (10479145469414) STATS - GET, 3.1, 531
2018-11-14 18:00:31 (10479145515115) STATS - GET, 3.2, 426
2018-11-14 18:00:31 (10479145561017) STATS - GET, 3.3, 389
2018-11-14 18:00:31 (10479145606118) STATS - GET, 3.4, 328
2018-11-14 18:00:31 (10479145701921) STATS - GET, 3.5, 262
2018-11-14 18:00:31 (10479145748922) STATS - GET, 3.6, 209
2018-11-14 18:00:31 (10479145794124) STATS - GET, 3.7, 189
2018-11-14 18:00:31 (10479145839425) STATS - GET, 3.8, 160
2018-11-14 18:00:31 (10479145884626) STATS - GET, 3.9, 146
2018-11-14 18:00:31 (10479145927228) STATS - GET, 4.0, 154
2018-11-14 18:00:31 (10479145972129) STATS - GET, 4.1, 132
2018-11-14 18:00:31 (10479146017231) STATS - GET, 4.2, 96
2018-11-14 18:00:31 (10479146062832) STATS - GET, 4.3, 87
2018-11-14 18:00:31 (10479146111433) STATS - GET, 4.4, 80
2018-11-14 18:00:31 (10479146162835) STATS - GET, 4.5, 66
2018-11-14 18:00:31 (10479146209136) STATS - GET, 4.6, 78
2018-11-14 18:00:31 (10479146253538) STATS - GET, 4.7, 73
2018-11-14 18:00:31 (10479146298839) STATS - GET, 4.8, 63
2018-11-14 18:00:31 (10479146343140) STATS - GET, 4.9, 71
2018-11-14 18:00:31 (10479146385142) STATS - GET, 5.0, 58
2018-11-14 18:00:31 (10479146430143) STATS - GET, 5.1, 74
2018-11-14 18:00:31 (10479146486345) STATS - GET, 5.2, 69
2018-11-14 18:00:31 (10479146531546) STATS - GET, 5.3, 60
2018-11-14 18:00:31 (10479146577448) STATS - GET, 5.4, 67
2018-11-14 18:00:31 (10479146626749) STATS - GET, 5.5, 58
2018-11-14 18:00:31 (10479146673250) STATS - GET, 5.6, 48
2018-11-14 18:00:31 (10479146772053) STATS - GET, 5.7, 55
2018-11-14 18:00:31 (10479146830055) STATS - GET, 5.8, 42
2018-11-14 18:00:31 (10479146874157) STATS - GET, 5.9, 40
2018-11-14 18:00:31 (10479146915458) STATS - GET, 6.0, 53
2018-11-14 18:00:31 (10479146986760) STATS - GET, 6.1, 50
2018-11-14 18:00:31 (10479147041762) STATS - GET, 6.2, 51
2018-11-14 18:00:31 (10479147086863) STATS - GET, 6.3, 61
2018-11-14 18:00:31 (10479147140165) STATS - GET, 6.4, 60
2018-11-14 18:00:31 (10479147186166) STATS - GET, 6.5, 74
2018-11-14 18:00:31 (10479147229567) STATS - GET, 6.6, 64
2018-11-14 18:00:31 (10479147272869) STATS - GET, 6.7, 121
2018-11-14 18:00:31 (10479147340171) STATS - GET, 6.8, 126
2018-11-14 18:00:31 (10479147393972) STATS - GET, 6.9, 183
2018-11-14 18:00:31 (10479147440274) STATS - GET, 7.0, 248
2018-11-14 18:00:31 (10479147484675) STATS - GET, 7.1, 301
2018-11-14 18:00:31 (10479147527576) STATS - GET, 7.2, 338
2018-11-14 18:00:31 (10479147569878) STATS - GET, 7.3, 404
2018-11-14 18:00:31 (10479147611479) STATS - GET, 7.4, 392
2018-11-14 18:00:31 (10479147652780) STATS - GET, 7.5, 359
2018-11-14 18:00:31 (10479154455887) STATS - GET, 7.6, 392
2018-11-14 18:00:31 (10479154528289) STATS - GET, 7.7, 441
2018-11-14 18:00:31 (10479154579990) STATS - GET, 7.8, 474
2018-11-14 18:00:31 (10479154624492) STATS - GET, 7.9, 480
2018-11-14 18:00:31 (10479154664693) STATS - GET, 8.0, 413
2018-11-14 18:00:31 (10479154707294) STATS - GET, 8.1, 338
2018-11-14 18:00:31 (10479154748895) STATS - GET, 8.2, 266
2018-11-14 18:00:31 (10479154791097) STATS - GET, 8.3, 253
2018-11-14 18:00:31 (10479154831998) STATS - GET, 8.4, 211
2018-11-14 18:00:31 (10479154875599) STATS - GET, 8.5, 153
2018-11-14 18:00:31 (10479154918101) STATS - GET, 8.6, 127
2018-11-14 18:00:31 (10479154961202) STATS - GET, 8.7, 111
2018-11-14 18:00:31 (10479155002603) STATS - GET, 8.8, 84
2018-11-14 18:00:31 (10479155043704) STATS - GET, 8.9, 97
2018-11-14 18:00:31 (10479155082206) STATS - GET, 9.0, 61
2018-11-14 18:00:31 (10479155123307) STATS - GET, 9.1, 57
2018-11-14 18:00:31 (10479155163908) STATS - GET, 9.2, 58
2018-11-14 18:00:31 (10479155204409) STATS - GET, 9.3, 54
2018-11-14 18:00:31 (10479155244210) STATS - GET, 9.4, 60
2018-11-14 18:00:31 (10479155284712) STATS - GET, 9.5, 50
2018-11-14 18:00:31 (10479155324913) STATS - GET, 9.6, 71
2018-11-14 18:00:31 (10479155365214) STATS - GET, 9.7, 93
2018-11-14 18:00:31 (10479155407115) STATS - GET, 9.8, 98
2018-11-14 18:00:31 (10479155448417) STATS - GET, 9.9, 84
2018-11-14 18:00:31 (10479155494818) STATS - GET, 10.0, 52
2018-11-14 18:00:31 (10479155537419) STATS - GET, 10.1, 44
2018-11-14 18:00:31 (10479155579621) STATS - GET, 10.2, 37
2018-11-14 18:00:31 (10479155621522) STATS - GET, 10.3, 54
2018-11-14 18:00:31 (10479155663023) STATS - GET, 10.4, 64
2018-11-14 18:00:31 (10479155705124) STATS - GET, 10.5, 72
2018-11-14 18:00:31 (10479155747226) STATS - GET, 10.6, 39
2018-11-14 18:00:31 (10479155788927) STATS - GET, 10.7, 24
2018-11-14 18:00:31 (10479155865529) STATS - GET, 10.8, 14
2018-11-14 18:00:31 (10479155915031) STATS - GET, 10.9, 10
2018-11-14 18:00:31 (10479155958432) STATS - GET, 11.0, 12
2018-11-14 18:00:31 (10479156013134) STATS - GET, 11.1, 17
2018-11-14 18:00:31 (10479156059635) STATS - GET, 11.2, 4
2018-11-14 18:00:31 (10479156102337) STATS - GET, 11.3, 15
2018-11-14 18:00:31 (10479156146438) STATS - GET, 11.4, 12
2018-11-14 18:00:31 (10479156218540) STATS - GET, 11.5, 14
2018-11-14 18:00:31 (10479156263841) STATS - GET, 11.6, 10
2018-11-14 18:00:31 (10479156306443) STATS - GET, 11.7, 11
2018-11-14 18:00:31 (10479156350644) STATS - GET, 11.8, 11
2018-11-14 18:00:31 (10479156396345) STATS - GET, 11.9, 8
2018-11-14 18:00:31 (10479156465748) STATS - GET, 12.0, 9
2018-11-14 18:00:31 (10479156557350) STATS - GET, 12.1, 8
2018-11-14 18:00:31 (10479156604852) STATS - GET, 12.2, 10
2018-11-14 18:00:31 (10479156648353) STATS - GET, 12.3, 8
2018-11-14 18:00:31 (10479156690254) STATS - GET, 12.4, 6
2018-11-14 18:00:31 (10479156731456) STATS - GET, 12.5, 13
2018-11-14 18:00:31 (10479156793957) STATS - GET, 12.6, 3
2018-11-14 18:00:31 (10479156841759) STATS - GET, 12.7, 8
2018-11-14 18:00:31 (10479156883860) STATS - GET, 12.8, 6
2018-11-14 18:00:31 (10479156924661) STATS - GET, 12.9, 3
2018-11-14 18:00:31 (10479157001764) STATS - GET, 13.0, 3
2018-11-14 18:00:31 (10479157044865) STATS - GET, 13.1, 5
2018-11-14 18:00:31 (10479157086066) STATS - GET, 13.2, 6
2018-11-14 18:00:31 (10479157133068) STATS - GET, 13.3, 14
2018-11-14 18:00:31 (10479157172369) STATS - GET, 13.4, 4
2018-11-14 18:00:31 (10479157211370) STATS - GET, 13.5, 9
2018-11-14 18:00:31 (10479157253571) STATS - GET, 13.6, 4
2018-11-14 18:00:31 (10479164155381) STATS - GET, 13.7, 9
2018-11-14 18:00:31 (10479164357787) STATS - GET, 13.8, 2
2018-11-14 18:00:31 (10479164436689) STATS - GET, 13.9, 4
2018-11-14 18:00:31 (10479164473690) STATS - GET, 14.0, 3
2018-11-14 18:00:31 (10479164536092) STATS - GET, 14.1, 4
2018-11-14 18:00:31 (10479164578694) STATS - GET, 14.2, 4
2018-11-14 18:00:31 (10479164616095) STATS - GET, 14.3, 5
2018-11-14 18:00:31 (10479164652896) STATS - GET, 14.4, 5
2018-11-14 18:00:31 (10479164690697) STATS - GET, 14.5, 7
2018-11-14 18:00:31 (10479164727998) STATS - GET, 14.6, 1
2018-11-14 18:00:31 (10479164764999) STATS - GET, 14.7, 6
2018-11-14 18:00:31 (10479164804101) STATS - GET, 14.8, 3
2018-11-14 18:00:31 (10479164840402) STATS - GET, 14.9, 4
2018-11-14 18:00:31 (10479164874803) STATS - GET, 15.0, 7
2018-11-14 18:00:31 (10479164940005) STATS - GET, 15.1, 4
2018-11-14 18:00:31 (10479164978706) STATS - GET, 15.2, 4
2018-11-14 18:00:31 (10479165015407) STATS - GET, 15.3, 7
2018-11-14 18:00:31 (10479165090109) STATS - GET, 15.4, 3
2018-11-14 18:00:31 (10479165128510) STATS - GET, 15.5, 2
2018-11-14 18:00:31 (10479165165711) STATS - GET, 15.6, 4
2018-11-14 18:00:31 (10479165203113) STATS - GET, 15.7, 2
2018-11-14 18:00:31 (10479165242414) STATS - GET, 15.8, 3
2018-11-14 18:00:31 (10479165279415) STATS - GET, 15.9, 3
2018-11-14 18:00:31 (10479165313716) STATS - GET, 16.0, 3
2018-11-14 18:00:31 (10479165350617) STATS - GET, 16.1, 2
2018-11-14 18:00:31 (10479165413619) STATS - GET, 16.2, 2
2018-11-14 18:00:31 (10479165455920) STATS - GET, 16.3, 2
2018-11-14 18:00:31 (10479165495121) STATS - GET, 16.4, 1
2018-11-14 18:00:31 (10479165531523) STATS - GET, 16.5, 0
2018-11-14 18:00:31 (10479165567524) STATS - GET, 16.6, 1
2018-11-14 18:00:31 (10479165604225) STATS - GET, 16.7, 0
2018-11-14 18:00:31 (10479165640026) STATS - GET, 16.8, 0
2018-11-14 18:00:31 (10479165675627) STATS - GET, 16.9, 0
2018-11-14 18:00:31 (10479165710128) STATS - GET, 17.0, 1
2018-11-14 18:00:31 (10479165746229) STATS - GET, 17.1, 1
2018-11-14 18:00:31 (10479165783030) STATS - GET, 17.2, 0
2018-11-14 18:00:31 (10479165819131) STATS - GET, 17.3, 1
2018-11-14 18:00:31 (10479165855132) STATS - GET, 17.4, 0
2018-11-14 18:00:31 (10479165896334) STATS - GET, 17.5, 1
2018-11-14 18:00:31 (10479165932135) STATS - GET, 17.6, 3
2018-11-14 18:00:31 (10479165969036) STATS - GET, 17.7, 0
2018-11-14 18:00:31 (10479166012337) STATS - GET, 17.8, 2
2018-11-14 18:00:31 (10479166048638) STATS - GET, 17.9, 1
2018-11-14 18:00:31 (10479166083139) STATS - GET, 18.0, 2
2018-11-14 18:00:31 (10479166119640) STATS - GET, 18.1, 5
2018-11-14 18:00:31 (10479166155842) STATS - GET, 18.2, 1
2018-11-14 18:00:31 (10479166191443) STATS - GET, 18.3, 0
2018-11-14 18:00:31 (10479166227744) STATS - GET, 18.4, 0
2018-11-14 18:00:31 (10479166263545) STATS - GET, 18.5, 1
2018-11-14 18:00:31 (10479166299246) STATS - GET, 18.6, 6
2018-11-14 18:00:31 (10479166335347) STATS - GET, 18.7, 1
2018-11-14 18:00:31 (10479166371248) STATS - GET, 18.8, 0
2018-11-14 18:00:31 (10479166407649) STATS - GET, 18.9, 0
2018-11-14 18:00:31 (10479166441550) STATS - GET, 19.0, 1
2018-11-14 18:00:31 (10479166477751) STATS - GET, 19.1, 1
2018-11-14 18:00:31 (10479166521153) STATS - GET, 19.2, 0
2018-11-14 18:00:31 (10479166558154) STATS - GET, 19.3, 0
2018-11-14 18:00:31 (10479166596355) STATS - GET, 19.4, 0
2018-11-14 18:00:31 (10479166633256) STATS - GET, 19.5, 3
2018-11-14 18:00:31 (10479166674057) STATS - GET, 19.6, 3
2018-11-14 18:00:31 (10479166711358) STATS - GET, 19.7, 0
2018-11-14 18:00:31 (10479166750060) STATS - GET, 19.8, 0
2018-11-14 18:00:31 (10479166787461) STATS - GET, 19.9, 0
2018-11-14 18:00:31 (10479166822662) STATS - GET, 20.0, 0
2018-11-14 18:00:31 (10479166859063) STATS - GET, 20.1, 0
2018-11-14 18:00:31 (10479173674970) STATS - GET, 20.2, 1
2018-11-14 18:00:31 (10479173847375) STATS - GET, 20.3, 1
2018-11-14 18:00:31 (10479173920677) STATS - GET, 20.4, 1
2018-11-14 18:00:31 (10479173960778) STATS - GET, 20.5, 0
2018-11-14 18:00:31 (10479173998979) STATS - GET, 20.6, 0
2018-11-14 18:00:31 (10479174036481) STATS - GET, 20.7, 2
2018-11-14 18:00:31 (10479174073182) STATS - GET, 20.8, 0
2018-11-14 18:00:31 (10479174110583) STATS - GET, 20.9, 0
2018-11-14 18:00:31 (10479174249987) STATS - GET, 21.0, 0
2018-11-14 18:00:31 (10479174290188) STATS - GET, 21.1, 2
2018-11-14 18:00:31 (10479174327889) STATS - GET, 21.2, 2
2018-11-14 18:00:31 (10479174370791) STATS - GET, 21.3, 1
2018-11-14 18:00:31 (10479174407992) STATS - GET, 21.4, 0
2018-11-14 18:00:31 (10479174444693) STATS - GET, 21.5, 0
2018-11-14 18:00:31 (10479174481194) STATS - GET, 21.6, 0
2018-11-14 18:00:31 (10479174517995) STATS - GET, 21.7, 1
2018-11-14 18:00:31 (10479174553796) STATS - GET, 21.8, 0
2018-11-14 18:00:31 (10479174590397) STATS - GET, 21.9, 0
2018-11-14 18:00:31 (10479174624698) STATS - GET, 22.0, 0
2018-11-14 18:00:31 (10479174660600) STATS - GET, 22.1, 0
2018-11-14 18:00:31 (10479174697501) STATS - GET, 22.2, 0
2018-11-14 18:00:31 (10479174733602) STATS - GET, 22.3, 0
2018-11-14 18:00:31 (10479174771203) STATS - GET, 22.4, 0
2018-11-14 18:00:31 (10479174808704) STATS - GET, 22.5, 0
2018-11-14 18:00:31 (10479174844405) STATS - GET, 22.6, 1
2018-11-14 18:00:31 (10479174880906) STATS - GET, 22.7, 0
2018-11-14 18:00:31 (10479174917207) STATS - GET, 22.8, 0
2018-11-14 18:00:31 (10479174953808) STATS - GET, 22.9, 1
2018-11-14 18:00:31 (10479174988310) STATS - GET, 23.0, 0
2018-11-14 18:00:31 (10479175024411) STATS - GET, 23.1, 0
2018-11-14 18:00:31 (10479175060812) STATS - GET, 23.2, 0
2018-11-14 18:00:31 (10479175098413) STATS - GET, 23.3, 0
2018-11-14 18:00:31 (10479175135014) STATS - GET, 23.4, 0
2018-11-14 18:00:31 (10479175170815) STATS - GET, 23.5, 0
2018-11-14 18:00:31 (10479175206716) STATS - GET, 23.6, 1
2018-11-14 18:00:31 (10479175243117) STATS - GET, 23.7, 1
2018-11-14 18:00:31 (10479175279018) STATS - GET, 23.8, 0
2018-11-14 18:00:31 (10479175315019) STATS - GET, 23.9, 0
2018-11-14 18:00:31 (10479175349420) STATS - GET, 24.0, 0
2018-11-14 18:00:31 (10479175387522) STATS - GET, 24.1, 0
2018-11-14 18:00:31 (10479175502125) STATS - GET, 24.2, 2
2018-11-14 18:00:31 (10479175568527) STATS - GET, 24.3, 0
2018-11-14 18:00:31 (10479175605128) STATS - GET, 24.4, 0
2018-11-14 18:00:31 (10479175643229) STATS - GET, 24.5, 2
2018-11-14 18:00:31 (10479175685331) STATS - GET, 24.6, 0
2018-11-14 18:00:31 (10479175749833) STATS - GET, 24.7, 0
2018-11-14 18:00:31 (10479175817035) STATS - GET, 24.8, 0
2018-11-14 18:00:31 (10479175896537) STATS - GET, 24.9, 2
2018-11-14 18:00:31 (10479175933038) STATS - GET, 25.0, 0
2018-11-14 18:00:31 (10479175968539) STATS - GET, 25.1, 0
2018-11-14 18:00:31 (10479176020541) STATS - GET, 25.2, 0
2018-11-14 18:00:31 (10479176059142) STATS - GET, 25.3, 0
2018-11-14 18:00:31 (10479176123444) STATS - GET, 25.4, 0
2018-11-14 18:00:31 (10479176162145) STATS - GET, 25.5, 0
2018-11-14 18:00:31 (10479176204646) STATS - GET, 25.6, 0
2018-11-14 18:00:31 (10479176241548) STATS - GET, 25.7, 0
2018-11-14 18:00:31 (10479176276449) STATS - GET, 25.8, 0
2018-11-14 18:00:31 (10479176311150) STATS - GET, 25.9, 0
2018-11-14 18:00:31 (10479176343951) STATS - GET, 26.0, 0
2018-11-14 18:00:31 (10479176380152) STATS - GET, 26.1, 0
2018-11-14 18:00:31 (10479176415253) STATS - GET, 26.2, 0
2018-11-14 18:00:31 (10479176449354) STATS - GET, 26.3, 0
2018-11-14 18:00:31 (10479176485555) STATS - GET, 26.4, 0
2018-11-14 18:00:31 (10479176523056) STATS - GET, 26.5, 0
2018-11-14 18:00:31 (10479176557657) STATS - GET, 26.6, 1
2018-11-14 18:00:31 (10479183430266) STATS - GET, 26.7, 0
2018-11-14 18:00:31 (10479183514468) STATS - GET, 26.8, 0
2018-11-14 18:00:31 (10479183560970) STATS - GET, 26.9, 0
2018-11-14 18:00:31 (10479183603171) STATS - GET, 27.0, 0
2018-11-14 18:00:31 (10479183636672) STATS - GET, 27.1, 0
2018-11-14 18:00:31 (10479183667873) STATS - GET, 27.2, 0
2018-11-14 18:00:31 (10479183697474) STATS - GET, 27.3, 0
2018-11-14 18:00:31 (10479183726475) STATS - GET, 27.4, 0
2018-11-14 18:00:31 (10479183754975) STATS - GET, 27.5, 0
2018-11-14 18:00:31 (10479183783776) STATS - GET, 27.6, 0
2018-11-14 18:00:31 (10479183812577) STATS - GET, 27.7, 0
2018-11-14 18:00:31 (10479183840978) STATS - GET, 27.8, 0
2018-11-14 18:00:31 (10479183869379) STATS - GET, 27.9, 0
2018-11-14 18:00:31 (10479183901780) STATS - GET, 28.0, 0
2018-11-14 18:00:31 (10479183931381) STATS - GET, 28.1, 0
2018-11-14 18:00:31 (10479183961282) STATS - GET, 28.2, 0
2018-11-14 18:00:31 (10479183989883) STATS - GET, 28.3, 0
2018-11-14 18:00:31 (10479184034784) STATS - GET, 28.4, 0
2018-11-14 18:00:31 (10479184064285) STATS - GET, 28.5, 0
2018-11-14 18:00:31 (10479184092786) STATS - GET, 28.6, 0
2018-11-14 18:00:31 (10479184121387) STATS - GET, 28.7, 0
2018-11-14 18:00:31 (10479184149587) STATS - GET, 28.8, 0
2018-11-14 18:00:31 (10479184177688) STATS - GET, 28.9, 0
2018-11-14 18:00:31 (10479184205889) STATS - GET, 29.0, 0
2018-11-14 18:00:31 (10479184236190) STATS - GET, 29.1, 0
2018-11-14 18:00:31 (10479184265091) STATS - GET, 29.2, 0
2018-11-14 18:00:31 (10479184293092) STATS - GET, 29.3, 0
2018-11-14 18:00:31 (10479184321493) STATS - GET, 29.4, 0
2018-11-14 18:00:31 (10479184349994) STATS - GET, 29.5, 0
2018-11-14 18:00:31 (10479184378394) STATS - GET, 29.6, 0
2018-11-14 18:00:31 (10479184406795) STATS - GET, 29.7, 0
2018-11-14 18:00:31 (10479184451197) STATS - GET, 29.8, 0
2018-11-14 18:00:31 (10479184481298) STATS - GET, 29.9, 0
2018-11-14 18:00:31 (10479184510798) STATS - GET, 30.0, 0
2018-11-14 18:00:31 (10479184539799) STATS - GET, 30.1, 0
2018-11-14 18:00:31 (10479184569000) STATS - GET, 30.2, 0
2018-11-14 18:00:31 (10479184633702) STATS - GET, 30.3, 0
2018-11-14 18:00:31 (10479184669503) STATS - GET, 30.4, 0
2018-11-14 18:00:31 (10479184698904) STATS - GET, 30.5, 0
2018-11-14 18:00:31 (10479184728105) STATS - GET, 30.6, 0
2018-11-14 18:00:31 (10479184756806) STATS - GET, 30.7, 0
2018-11-14 18:00:31 (10479184785007) STATS - GET, 30.8, 0
2018-11-14 18:00:31 (10479184813608) STATS - GET, 30.9, 0
2018-11-14 18:00:31 (10479184841608) STATS - GET, 31.0, 0
2018-11-14 18:00:31 (10479184870009) STATS - GET, 31.1, 0
2018-11-14 18:00:31 (10479184897710) STATS - GET, 31.2, 0
2018-11-14 18:00:31 (10479184925611) STATS - GET, 31.3, 0
2018-11-14 18:00:31 (10479184953912) STATS - GET, 31.4, 0
2018-11-14 18:00:31 (10479184981713) STATS - GET, 31.5, 0
2018-11-14 18:00:31 (10479185009614) STATS - GET, 31.6, 0
2018-11-14 18:00:31 (10479185037714) STATS - GET, 31.7, 0
2018-11-14 18:00:31 (10479185065815) STATS - GET, 31.8, 0
2018-11-14 18:00:31 (10479185096416) STATS - GET, 31.9, 0
2018-11-14 18:00:31 (10479185124717) STATS - GET, 32.0, 0
2018-11-14 18:00:31 (10479185152718) STATS - GET, 32.1, 0
2018-11-14 18:00:31 (10479185180819) STATS - GET, 32.2, 0
2018-11-14 18:00:31 (10479185209320) STATS - GET, 32.3, 0
2018-11-14 18:00:31 (10479185238821) STATS - GET, 32.4, 0
2018-11-14 18:00:31 (10479185267121) STATS - GET, 32.5, 0
2018-11-14 18:00:31 (10479185295122) STATS - GET, 32.6, 0
2018-11-14 18:00:31 (10479185330623) STATS - GET, 32.7, 0
2018-11-14 18:00:31 (10479185359224) STATS - GET, 32.8, 0
2018-11-14 18:00:31 (10479185396125) STATS - GET, 32.9, 0
2018-11-14 18:00:31 (10479185425426) STATS - GET, 33.0, 0
2018-11-14 18:00:31 (10479185453627) STATS - GET, 33.1, 1
2018-11-14 18:00:31 (10479185481828) STATS - GET, 33.2, 0
2018-11-14 18:00:31 (10479185511829) STATS - GET, 33.3, 0
2018-11-14 18:00:31 (10479185552230) STATS - GET, 33.4, 0
2018-11-14 18:00:31 (10479185593131) STATS - GET, 33.5, 0
2018-11-14 18:00:31 (10479185621932) STATS - GET, 33.6, 0
2018-11-14 18:00:31 (10479185650333) STATS - GET, 33.7, 0
2018-11-14 18:00:31 (10479185683934) STATS - GET, 33.8, 1
2018-11-14 18:00:31 (10479185712335) STATS - GET, 33.9, 0
2018-11-14 18:00:31 (10479185741736) STATS - GET, 34.0, 0
2018-11-14 18:00:31 (10479185770437) STATS - GET, 34.1, 1
2018-11-14 18:00:31 (10479185814438) STATS - GET, 34.2, 0
2018-11-14 18:00:31 (10479185845039) STATS - GET, 34.3, 0
2018-11-14 18:00:31 (10479185873840) STATS - GET, 34.4, 0
2018-11-14 18:00:31 (10479185902041) STATS - GET, 34.5, 1
2018-11-14 18:00:31 (10479185930041) STATS - GET, 34.6, 0
2018-11-14 18:00:31 (10479185958042) STATS - GET, 34.7, 0
2018-11-14 18:00:31 (10479185986043) STATS - GET, 34.8, 0
2018-11-14 18:00:31 (10479186014044) STATS - GET, 34.9, 0
2018-11-14 18:00:31 (10479186041645) STATS - GET, 35.0, 0
2018-11-14 18:00:31 (10479186069346) STATS - GET, 35.1, 0
2018-11-14 18:00:31 (10479186097447) STATS - GET, 35.2, 0
2018-11-14 18:00:31 (10479192947354) STATS - GET, 35.3, 0
2018-11-14 18:00:31 (10479193051058) STATS - GET, 35.4, 0
2018-11-14 18:00:31 (10479193091859) STATS - GET, 35.5, 0
2018-11-14 18:00:31 (10479193126660) STATS - GET, 35.6, 0
2018-11-14 18:00:31 (10479193159861) STATS - GET, 35.7, 0
2018-11-14 18:00:31 (10479193192862) STATS - GET, 35.8, 0
2018-11-14 18:00:31 (10479193225663) STATS - GET, 35.9, 0
2018-11-14 18:00:31 (10479193258064) STATS - GET, 36.0, 0
2018-11-14 18:00:31 (10479193289865) STATS - GET, 36.1, 0
2018-11-14 18:00:31 (10479193320866) STATS - GET, 36.2, 0
2018-11-14 18:00:31 (10479193352067) STATS - GET, 36.3, 0
2018-11-14 18:00:31 (10479193383068) STATS - GET, 36.4, 0
2018-11-14 18:00:31 (10479193417469) STATS - GET, 36.5, 0
2018-11-14 18:00:31 (10479193448670) STATS - GET, 36.6, 0
2018-11-14 18:00:31 (10479193479671) STATS - GET, 36.7, 0
2018-11-14 18:00:31 (10479193510671) STATS - GET, 36.8, 0
2018-11-14 18:00:31 (10479193541272) STATS - GET, 36.9, 0
2018-11-14 18:00:31 (10479193572073) STATS - GET, 37.0, 0
2018-11-14 18:00:31 (10479193602474) STATS - GET, 37.1, 0
2018-11-14 18:00:31 (10479193633175) STATS - GET, 37.2, 0
2018-11-14 18:00:31 (10479193663876) STATS - GET, 37.3, 0
2018-11-14 18:00:31 (10479193697277) STATS - GET, 37.4, 0
2018-11-14 18:00:31 (10479193728278) STATS - GET, 37.5, 0
2018-11-14 18:00:31 (10479193795980) STATS - GET, 37.6, 0
2018-11-14 18:00:31 (10479193840982) STATS - GET, 37.7, 0
2018-11-14 18:00:31 (10479193873782) STATS - GET, 37.8, 0
2018-11-14 18:00:31 (10479193905083) STATS - GET, 37.9, 0
2018-11-14 18:00:31 (10479193935984) STATS - GET, 38.0, 0
2018-11-14 18:00:31 (10479193966785) STATS - GET, 38.1, 0
2018-11-14 18:00:31 (10479193997386) STATS - GET, 38.2, 0
2018-11-14 18:00:31 (10479194027887) STATS - GET, 38.3, 0
2018-11-14 18:00:31 (10479194058588) STATS - GET, 38.4, 0
2018-11-14 18:00:31 (10479194089489) STATS - GET, 38.5, 0
2018-11-14 18:00:31 (10479194119690) STATS - GET, 38.6, 0
2018-11-14 18:00:31 (10479194149991) STATS - GET, 38.7, 0
2018-11-14 18:00:31 (10479194180792) STATS - GET, 38.8, 0
2018-11-14 18:00:31 (10479194211493) STATS - GET, 38.9, 0
2018-11-14 18:00:31 (10479194242194) STATS - GET, 39.0, 0
2018-11-14 18:00:31 (10479194272495) STATS - GET, 39.1, 0
2018-11-14 18:00:31 (10479194308096) STATS - GET, 39.2, 0
2018-11-14 18:00:31 (10479194342297) STATS - GET, 39.3, 0
2018-11-14 18:00:31 (10479194373698) STATS - GET, 39.4, 0
2018-11-14 18:00:31 (10479194403899) STATS - GET, 39.5, 0
2018-11-14 18:00:31 (10479194434400) STATS - GET, 39.6, 0
2018-11-14 18:00:31 (10479194464300) STATS - GET, 39.7, 0
2018-11-14 18:00:31 (10479194494901) STATS - GET, 39.8, 0
2018-11-14 18:00:31 (10479194525402) STATS - GET, 39.9, 0
2018-11-14 18:00:31 (10479194557203) STATS - GET, 40.0, 0
2018-11-14 18:00:31 (10479194591004) STATS - GET, 40.1, 0
2018-11-14 18:00:31 (10479194622105) STATS - GET, 40.2, 0
2018-11-14 18:00:31 (10479194658506) STATS - GET, 40.3, 0
2018-11-14 18:00:31 (10479194690607) STATS - GET, 40.4, 1
2018-11-14 18:00:31 (10479194720808) STATS - GET, 40.5, 0
2018-11-14 18:00:31 (10479194750909) STATS - GET, 40.6, 0
2018-11-14 18:00:31 (10479194783410) STATS - GET, 40.7, 0
2018-11-14 18:00:31 (10479194815111) STATS - GET, 40.8, 0
2018-11-14 18:00:31 (10479194845712) STATS - GET, 40.9, 0
2018-11-14 18:00:31 (10479194878713) STATS - GET, 41.0, 0
2018-11-14 18:00:31 (10479194909314) STATS - GET, 41.1, 0
2018-11-14 18:00:31 (10479194939515) STATS - GET, 41.2, 0
2018-11-14 18:00:31 (10479194970216) STATS - GET, 41.3, 0
2018-11-14 18:00:31 (10479195002417) STATS - GET, 41.4, 0
2018-11-14 18:00:31 (10479195033018) STATS - GET, 41.5, 0
2018-11-14 18:00:31 (10479195063319) STATS - GET, 41.6, 0
2018-11-14 18:00:31 (10479195093520) STATS - GET, 41.7, 0
2018-11-14 18:00:31 (10479195124220) STATS - GET, 41.8, 0
2018-11-14 18:00:31 (10479195154821) STATS - GET, 41.9, 0
2018-11-14 18:00:31 (10479195198623) STATS - GET, 42.0, 0
2018-11-14 18:00:31 (10479195231324) STATS - GET, 42.1, 0
2018-11-14 18:00:31 (10479195261825) STATS - GET, 42.2, 0
2018-11-14 18:00:31 (10479195293026) STATS - GET, 42.3, 0
2018-11-14 18:00:31 (10479195324026) STATS - GET, 42.4, 0
2018-11-14 18:00:31 (10479195359228) STATS - GET, 42.5, 0
2018-11-14 18:00:31 (10479195389328) STATS - GET, 42.6, 0
2018-11-14 18:00:31 (10479195419529) STATS - GET, 42.7, 0
2018-11-14 18:00:31 (10479195449930) STATS - GET, 42.8, 0
2018-11-14 18:00:31 (10479195480031) STATS - GET, 42.9, 0
2018-11-14 18:00:31 (10479195510732) STATS - GET, 43.0, 0
2018-11-14 18:00:31 (10479195546333) STATS - GET, 43.1, 0
2018-11-14 18:00:31 (10479195576634) STATS - GET, 43.2, 0
2018-11-14 18:00:31 (10479195607135) STATS - GET, 43.3, 0
2018-11-14 18:00:31 (10479195637636) STATS - GET, 43.4, 0
2018-11-14 18:00:31 (10479195668337) STATS - GET, 43.5, 0
2018-11-14 18:00:31 (10479195698238) STATS - GET, 43.6, 0
2018-11-14 18:00:31 (10479195728039) STATS - GET, 43.7, 0
2018-11-14 18:00:31 (10479202771152) STATS - GET, 43.8, 0
2018-11-14 18:00:31 (10479202848355) STATS - GET, 43.9, 0
2018-11-14 18:00:31 (10479202879956) STATS - GET, 44.0, 0
2018-11-14 18:00:31 (10479202907257) STATS - GET, 44.1, 0
2018-11-14 18:00:31 (10479202931957) STATS - GET, 44.2, 0
2018-11-14 18:00:31 (10479202956658) STATS - GET, 44.3, 0
2018-11-14 18:00:31 (10479203006260) STATS - GET, 44.4, 0
2018-11-14 18:00:31 (10479203033460) STATS - GET, 44.5, 0
2018-11-14 18:00:31 (10479203060461) STATS - GET, 44.6, 0
2018-11-14 18:00:31 (10479203083662) STATS - GET, 44.7, 0
2018-11-14 18:00:31 (10479203107563) STATS - GET, 44.8, 0
2018-11-14 18:00:31 (10479203130963) STATS - GET, 44.9, 0
2018-11-14 18:00:31 (10479203154364) STATS - GET, 45.0, 0
2018-11-14 18:00:31 (10479203177265) STATS - GET, 45.1, 0
2018-11-14 18:00:31 (10479203201065) STATS - GET, 45.2, 0
2018-11-14 18:00:31 (10479203224066) STATS - GET, 45.3, 0
2018-11-14 18:00:31 (10479203246867) STATS - GET, 45.4, 0
2018-11-14 18:00:31 (10479203269368) STATS - GET, 45.5, 0
2018-11-14 18:00:31 (10479203292268) STATS - GET, 45.6, 0
2018-11-14 18:00:31 (10479203314669) STATS - GET, 45.7, 0
2018-11-14 18:00:31 (10479203337870) STATS - GET, 45.8, 0
2018-11-14 18:00:31 (10479203360870) STATS - GET, 45.9, 0
2018-11-14 18:00:31 (10479203383771) STATS - GET, 46.0, 0
2018-11-14 18:00:31 (10479203405972) STATS - GET, 46.1, 0
2018-11-14 18:00:31 (10479203428172) STATS - GET, 46.2, 0
2018-11-14 18:00:31 (10479203451173) STATS - GET, 46.3, 0
2018-11-14 18:00:31 (10479203474174) STATS - GET, 46.4, 0
2018-11-14 18:00:31 (10479203496674) STATS - GET, 46.5, 0
2018-11-14 18:00:31 (10479203518875) STATS - GET, 46.6, 0
2018-11-14 18:00:31 (10479203541076) STATS - GET, 46.7, 0
2018-11-14 18:00:31 (10479203563676) STATS - GET, 46.8, 0
2018-11-14 18:00:31 (10479203586677) STATS - GET, 46.9, 0
2018-11-14 18:00:31 (10479203609578) STATS - GET, 47.0, 0
2018-11-14 18:00:31 (10479203632079) STATS - GET, 47.1, 0
2018-11-14 18:00:31 (10479203654779) STATS - GET, 47.2, 0
2018-11-14 18:00:31 (10479203677180) STATS - GET, 47.3, 0
2018-11-14 18:00:31 (10479203700081) STATS - GET, 47.4, 0
2018-11-14 18:00:31 (10479203722381) STATS - GET, 47.5, 0
2018-11-14 18:00:31 (10479203744582) STATS - GET, 47.6, 0
2018-11-14 18:00:31 (10479203767083) STATS - GET, 47.7, 0
2018-11-14 18:00:31 (10479203789683) STATS - GET, 47.8, 0
2018-11-14 18:00:31 (10479203812084) STATS - GET, 47.9, 0
2018-11-14 18:00:31 (10479203834685) STATS - GET, 48.0, 0
2018-11-14 18:00:31 (10479203857485) STATS - GET, 48.1, 0
2018-11-14 18:00:31 (10479203879786) STATS - GET, 48.2, 0
2018-11-14 18:00:31 (10479203902387) STATS - GET, 48.3, 0
2018-11-14 18:00:31 (10479203924787) STATS - GET, 48.4, 0
2018-11-14 18:00:31 (10479203947188) STATS - GET, 48.5, 0
2018-11-14 18:00:31 (10479203969289) STATS - GET, 48.6, 0
2018-11-14 18:00:31 (10479203991489) STATS - GET, 48.7, 0
2018-11-14 18:00:31 (10479204032491) STATS - GET, 48.8, 0
2018-11-14 18:00:31 (10479204056391) STATS - GET, 48.9, 0
2018-11-14 18:00:31 (10479204079392) STATS - GET, 49.0, 0
2018-11-14 18:00:31 (10479204102393) STATS - GET, 49.1, 0
2018-11-14 18:00:31 (10479204124694) STATS - GET, 49.2, 0
2018-11-14 18:00:31 (10479204147694) STATS - GET, 49.3, 0
2018-11-14 18:00:31 (10479204170195) STATS - GET, 49.4, 0
2018-11-14 18:00:31 (10479204192696) STATS - GET, 49.5, 0
2018-11-14 18:00:31 (10479204214796) STATS - GET, 49.6, 0
2018-11-14 18:00:31 (10479204236697) STATS - GET, 49.7, 0
2018-11-14 18:00:31 (10479204259398) STATS - GET, 49.8, 0
2018-11-14 18:00:31 (10479204294899) STATS - GET, 49.9, 0
2018-11-14 18:00:31 (10479204321099) STATS - GET, 50.0, 0
2018-11-14 18:00:31 (10479204344100) STATS - GET, 50.1, 0
2018-11-14 18:00:31 (10479204366901) STATS - GET, 50.2, 0
2018-11-14 18:00:31 (10479204389602) STATS - GET, 50.3, 0
2018-11-14 18:00:31 (10479204431503) STATS - GET, 50.4, 0
2018-11-14 18:00:31 (10479204467604) STATS - GET, 50.5, 0
2018-11-14 18:00:31 (10479204499305) STATS - GET, 50.6, 0
2018-11-14 18:00:31 (10479204523306) STATS - GET, 50.7, 0
2018-11-14 18:00:31 (10479204546606) STATS - GET, 50.8, 0
2018-11-14 18:00:31 (10479204569407) STATS - GET, 50.9, 0
2018-11-14 18:00:31 (10479204592108) STATS - GET, 51.0, 0
2018-11-14 18:00:31 (10479204614508) STATS - GET, 51.1, 0
2018-11-14 18:00:31 (10479204637109) STATS - GET, 51.2, 0
2018-11-14 18:00:31 (10479204662810) STATS - GET, 51.3, 0
2018-11-14 18:00:31 (10479204685611) STATS - GET, 51.4, 0
2018-11-14 18:00:31 (10479204708111) STATS - GET, 51.5, 0
2018-11-14 18:00:31 (10479204730512) STATS - GET, 51.6, 0
2018-11-14 18:00:31 (10479204753913) STATS - GET, 51.7, 0
2018-11-14 18:00:31 (10479204776613) STATS - GET, 51.8, 0
2018-11-14 18:00:31 (10479204800714) STATS - GET, 51.9, 0
2018-11-14 18:00:31 (10479204825515) STATS - GET, 52.0, 0
2018-11-14 18:00:31 (10479204849516) STATS - GET, 52.1, 0
2018-11-14 18:00:31 (10479204872616) STATS - GET, 52.2, 0
2018-11-14 18:00:31 (10479204895617) STATS - GET, 52.3, 0
2018-11-14 18:00:31 (10479204918418) STATS - GET, 52.4, 0
2018-11-14 18:00:31 (10479204941018) STATS - GET, 52.5, 0
2018-11-14 18:00:31 (10479204963719) STATS - GET, 52.6, 1
2018-11-14 18:00:31 (10479204985620) STATS - GET, 52.7, 0
2018-11-14 18:00:31 (10479205008320) STATS - GET, 52.8, 0
2018-11-14 18:00:31 (10479205030821) STATS - GET, 52.9, 0
2018-11-14 18:00:31 (10479205053722) STATS - GET, 53.0, 0
2018-11-14 18:00:31 (10479205076622) STATS - GET, 53.1, 0
2018-11-14 18:00:31 (10479205098923) STATS - GET, 53.2, 0
2018-11-14 18:00:31 (10479205121724) STATS - GET, 53.3, 0
2018-11-14 18:00:31 (10479205144724) STATS - GET, 53.4, 0
2018-11-14 18:00:31 (10479205172625) STATS - GET, 53.5, 0
2018-11-14 18:00:31 (10479205202826) STATS - GET, 53.6, 0
2018-11-14 18:00:31 (10479205225527) STATS - GET, 53.7, 0
2018-11-14 18:00:31 (10479205248528) STATS - GET, 53.8, 1
2018-11-14 18:00:31 (10479205271128) STATS - GET, 53.9, 0
2018-11-14 18:00:31 (10479205294329) STATS - GET, 54.0, 0
2018-11-14 18:00:31 (10479205316730) STATS - GET, 54.1, 1
2018-11-14 18:00:31 (10479205339230) STATS - GET, 54.2, 0
2018-11-14 18:00:31 (10479205831845) STATS - GET, 54.3, 0
2018-11-14 18:00:31 (10479205864746) STATS - GET, 54.4, 0
2018-11-14 18:00:31 (10479212610051) STATS - GET, 54.5, 0
2018-11-14 18:00:31 (10479212662753) STATS - GET, 54.6, 0
2018-11-14 18:00:31 (10479212693053) STATS - GET, 54.7, 0
2018-11-14 18:00:31 (10479212717654) STATS - GET, 54.8, 0
2018-11-14 18:00:31 (10479212747055) STATS - GET, 54.9, 0
2018-11-14 18:00:31 (10479212771556) STATS - GET, 55.0, 0
2018-11-14 18:00:31 (10479212793357) STATS - GET, 55.1, 0
2018-11-14 18:00:31 (10479212813957) STATS - GET, 55.2, 0
2018-11-14 18:00:31 (10479212835058) STATS - GET, 55.3, 0
2018-11-14 18:00:31 (10479212855758) STATS - GET, 55.4, 0
2018-11-14 18:00:31 (10479212876459) STATS - GET, 55.5, 0
2018-11-14 18:00:31 (10479212896860) STATS - GET, 55.6, 0
2018-11-14 18:00:31 (10479212917160) STATS - GET, 55.7, 0
2018-11-14 18:00:31 (10479212937561) STATS - GET, 55.8, 0
2018-11-14 18:00:31 (10479212958062) STATS - GET, 55.9, 0
2018-11-14 18:00:31 (10479212979862) STATS - GET, 56.0, 0
2018-11-14 18:00:31 (10479213000363) STATS - GET, 56.1, 0
2018-11-14 18:00:31 (10479213020463) STATS - GET, 56.2, 0
2018-11-14 18:00:31 (10479213041164) STATS - GET, 56.3, 0
2018-11-14 18:00:31 (10479213061565) STATS - GET, 56.4, 0
2018-11-14 18:00:31 (10479213081965) STATS - GET, 56.5, 0
2018-11-14 18:00:31 (10479213102466) STATS - GET, 56.6, 0
2018-11-14 18:00:31 (10479213122667) STATS - GET, 56.7, 0
2018-11-14 18:00:31 (10479213142967) STATS - GET, 56.8, 0
2018-11-14 18:00:31 (10479213163168) STATS - GET, 56.9, 0
2018-11-14 18:00:31 (10479213183868) STATS - GET, 57.0, 0
2018-11-14 18:00:31 (10479213204269) STATS - GET, 57.1, 0
2018-11-14 18:00:31 (10479213224270) STATS - GET, 57.2, 0
2018-11-14 18:00:31 (10479213244470) STATS - GET, 57.3, 0
2018-11-14 18:00:31 (10479213266271) STATS - GET, 57.4, 0
2018-11-14 18:00:31 (10479213286771) STATS - GET, 57.5, 0
2018-11-14 18:00:31 (10479213306672) STATS - GET, 57.6, 0
2018-11-14 18:00:31 (10479213326673) STATS - GET, 57.7, 0
2018-11-14 18:00:31 (10479213346773) STATS - GET, 57.8, 0
2018-11-14 18:00:31 (10479213366874) STATS - GET, 57.9, 0
2018-11-14 18:00:31 (10479213388475) STATS - GET, 58.0, 0
2018-11-14 18:00:31 (10479213408675) STATS - GET, 58.1, 0
2018-11-14 18:00:31 (10479213430676) STATS - GET, 58.2, 1
2018-11-14 18:00:31 (10479213451476) STATS - GET, 58.3, 0
2018-11-14 18:00:31 (10479213471477) STATS - GET, 58.4, 0
2018-11-14 18:00:31 (10479213514578) STATS - GET, 58.5, 0
2018-11-14 18:00:31 (10479213538579) STATS - GET, 58.6, 0
2018-11-14 18:00:31 (10479213560780) STATS - GET, 58.7, 0
2018-11-14 18:00:31 (10479213581380) STATS - GET, 58.8, 0
2018-11-14 18:00:31 (10479213601681) STATS - GET, 58.9, 0
2018-11-14 18:00:31 (10479213621882) STATS - GET, 59.0, 0
2018-11-14 18:00:31 (10479213641782) STATS - GET, 59.1, 0
2018-11-14 18:00:31 (10479213661583) STATS - GET, 59.2, 0
2018-11-14 18:00:31 (10479213681683) STATS - GET, 59.3, 0
2018-11-14 18:00:31 (10479213703484) STATS - GET, 59.4, 0
2018-11-14 18:00:31 (10479213723785) STATS - GET, 59.5, 0
2018-11-14 18:00:31 (10479213743585) STATS - GET, 59.6, 0
2018-11-14 18:00:31 (10479213764886) STATS - GET, 59.7, 0
2018-11-14 18:00:31 (10479213785087) STATS - GET, 59.8, 0
2018-11-14 18:00:31 (10479213805087) STATS - GET, 59.9, 0
2018-11-14 18:00:31 (10479213826088) STATS - GET, 60.0, 0
2018-11-14 18:00:31 (10479213846388) STATS - GET, 60.1, 0
2018-11-14 18:00:31 (10479213866189) STATS - GET, 60.2, 0
2018-11-14 18:00:31 (10479213886390) STATS - GET, 60.3, 0
2018-11-14 18:00:31 (10479213906190) STATS - GET, 60.4, 0
2018-11-14 18:00:31 (10479213926091) STATS - GET, 60.5, 0
2018-11-14 18:00:31 (10479213945991) STATS - GET, 60.6, 0
2018-11-14 18:00:31 (10479213965892) STATS - GET, 60.7, 0
2018-11-14 18:00:31 (10479213987193) STATS - GET, 60.8, 0
2018-11-14 18:00:31 (10479214007293) STATS - GET, 60.9, 0
2018-11-14 18:00:31 (10479214028494) STATS - GET, 61.0, 0
2018-11-14 18:00:31 (10479214048595) STATS - GET, 61.1, 1
2018-11-14 18:00:31 (10479214068595) STATS - GET, 61.2, 0
2018-11-14 18:00:31 (10479214088496) STATS - GET, 61.3, 0
2018-11-14 18:00:31 (10479214108496) STATS - GET, 61.4, 0
2018-11-14 18:00:31 (10479214128897) STATS - GET, 61.5, 0
2018-11-14 18:00:31 (10479214148398) STATS - GET, 61.6, 0
2018-11-14 18:00:31 (10479214170798) STATS - GET, 61.7, 1
2018-11-14 18:00:31 (10479214190899) STATS - GET, 61.8, 0
2018-11-14 18:00:31 (10479214210800) STATS - GET, 61.9, 0
2018-11-14 18:00:31 (10479214230500) STATS - GET, 62.0, 0
2018-11-14 18:00:31 (10479214250401) STATS - GET, 62.1, 0
2018-11-14 18:00:31 (10479214271401) STATS - GET, 62.2, 0
2018-11-14 18:00:31 (10479214291602) STATS - GET, 62.3, 0
2018-11-14 18:00:31 (10479214311703) STATS - GET, 62.4, 0
2018-11-14 18:00:31 (10479214331803) STATS - GET, 62.5, 0
2018-11-14 18:00:31 (10479214362004) STATS - GET, 62.6, 0
2018-11-14 18:00:31 (10479214383505) STATS - GET, 62.7, 0
2018-11-14 18:00:31 (10479214403605) STATS - GET, 62.8, 0
2018-11-14 18:00:31 (10479214424006) STATS - GET, 62.9, 0
2018-11-14 18:00:31 (10479214467307) STATS - GET, 63.0, 0
2018-11-14 18:00:31 (10479214490508) STATS - GET, 63.1, 0
2018-11-14 18:00:31 (10479214513409) STATS - GET, 63.2, 0
2018-11-14 18:00:31 (10479214554310) STATS - GET, 63.3, 0
2018-11-14 18:00:31 (10479214575211) STATS - GET, 63.4, 0
2018-11-14 18:00:31 (10479214595411) STATS - GET, 63.5, 0
2018-11-14 18:00:31 (10479214615512) STATS - GET, 63.6, 0
2018-11-14 18:00:31 (10479214635212) STATS - GET, 63.7, 0
2018-11-14 18:00:31 (10479214655213) STATS - GET, 63.8, 1
2018-11-14 18:00:31 (10479214676414) STATS - GET, 63.9, 0
2018-11-14 18:00:31 (10479214696814) STATS - GET, 64.0, 0
2018-11-14 18:00:31 (10479214716815) STATS - GET, 64.1, 0
2018-11-14 18:00:31 (10479214736715) STATS - GET, 64.2, 0
2018-11-14 18:00:31 (10479214756816) STATS - GET, 64.3, 0
2018-11-14 18:00:31 (10479214777017) STATS - GET, 64.4, 0
2018-11-14 18:00:31 (10479214798417) STATS - GET, 64.5, 0
2018-11-14 18:00:31 (10479214818618) STATS - GET, 64.6, 0
2018-11-14 18:00:31 (10479214839219) STATS - GET, 64.7, 0
2018-11-14 18:00:31 (10479214860519) STATS - GET, 64.8, 0
2018-11-14 18:00:31 (10479214880820) STATS - GET, 64.9, 0
2018-11-14 18:00:31 (10479214900820) STATS - GET, 65.0, 0
2018-11-14 18:00:31 (10479214920921) STATS - GET, 65.1, 0
2018-11-14 18:00:31 (10479214940822) STATS - GET, 65.2, 0
2018-11-14 18:00:31 (10479214962422) STATS - GET, 65.3, 0
2018-11-14 18:00:31 (10479214982623) STATS - GET, 65.4, 0
2018-11-14 18:00:31 (10479215002724) STATS - GET, 65.5, 0
2018-11-14 18:00:31 (10479215024124) STATS - GET, 65.6, 0
2018-11-14 18:00:31 (10479215044025) STATS - GET, 65.7, 0
2018-11-14 18:00:31 (10479215064425) STATS - GET, 65.8, 0
2018-11-14 18:00:31 (10479215084426) STATS - GET, 65.9, 0
2018-11-14 18:00:31 (10479215105127) STATS - GET, 66.0, 0
2018-11-14 18:00:31 (10479215125227) STATS - GET, 66.1, 0
2018-11-14 18:00:31 (10479215145428) STATS - GET, 66.2, 0
2018-11-14 18:00:31 (10479215165628) STATS - GET, 66.3, 0
2018-11-14 18:00:31 (10479215185629) STATS - GET, 66.4, 0
2018-11-14 18:00:31 (10479215205530) STATS - GET, 66.5, 0
2018-11-14 18:00:31 (10479222129840) STATS - GET, 66.6, 0
2018-11-14 18:00:31 (10479222297645) STATS - GET, 66.7, 0
2018-11-14 18:00:31 (10479222339046) STATS - GET, 66.8, 0
2018-11-14 18:00:31 (10479222372047) STATS - GET, 66.9, 0
2018-11-14 18:00:31 (10479222408248) STATS - GET, 67.0, 0
2018-11-14 18:00:31 (10479222427449) STATS - GET, 67.1, 0
2018-11-14 18:00:31 (10479222445749) STATS - GET, 67.2, 0
2018-11-14 18:00:31 (10479222463650) STATS - GET, 67.3, 0
2018-11-14 18:00:31 (10479222481450) STATS - GET, 67.4, 0
2018-11-14 18:00:31 (10479222499451) STATS - GET, 67.5, 0
2018-11-14 18:00:31 (10479222531652) STATS - GET, 67.6, 0
2018-11-14 18:00:31 (10479222550553) STATS - GET, 67.7, 0
2018-11-14 18:00:31 (10479222568853) STATS - GET, 67.8, 0
2018-11-14 18:00:31 (10479222586854) STATS - GET, 67.9, 0
2018-11-14 18:00:31 (10479222605054) STATS - GET, 68.0, 0
2018-11-14 18:00:31 (10479222623655) STATS - GET, 68.1, 0
2018-11-14 18:00:31 (10479222641455) STATS - GET, 68.2, 0
2018-11-14 18:00:31 (10479222661556) STATS - GET, 68.3, 0
2018-11-14 18:00:31 (10479222681457) STATS - GET, 68.4, 0
2018-11-14 18:00:31 (10479222699357) STATS - GET, 68.5, 0
2018-11-14 18:00:31 (10479222717158) STATS - GET, 68.6, 0
2018-11-14 18:00:31 (10479222736758) STATS - GET, 68.7, 0
2018-11-14 18:00:31 (10479222754759) STATS - GET, 68.8, 0
2018-11-14 18:00:31 (10479222772359) STATS - GET, 68.9, 0
2018-11-14 18:00:31 (10479222790060) STATS - GET, 69.0, 0
2018-11-14 18:00:31 (10479222807860) STATS - GET, 69.1, 0
2018-11-14 18:00:31 (10479222827161) STATS - GET, 69.2, 0
2018-11-14 18:00:31 (10479222845161) STATS - GET, 69.3, 0
2018-11-14 18:00:31 (10479222862862) STATS - GET, 69.4, 0
2018-11-14 18:00:31 (10479222893963) STATS - GET, 69.5, 0
2018-11-14 18:00:31 (10479222914164) STATS - GET, 69.6, 0
2018-11-14 18:00:31 (10479222932064) STATS - GET, 69.7, 0
2018-11-14 18:00:31 (10479222949765) STATS - GET, 69.8, 0
2018-11-14 18:00:31 (10479222967365) STATS - GET, 69.9, 0
2018-11-14 18:00:31 (10479222987966) STATS - GET, 70.0, 0
2018-11-14 18:00:31 (10479223006666) STATS - GET, 70.1, 0
2018-11-14 18:00:31 (10479223024767) STATS - GET, 70.2, 0
2018-11-14 18:00:31 (10479223042767) STATS - GET, 70.3, 0
2018-11-14 18:00:31 (10479223060468) STATS - GET, 70.4, 0
2018-11-14 18:00:31 (10479223078269) STATS - GET, 70.5, 0
2018-11-14 18:00:31 (10479223096569) STATS - GET, 70.6, 0
2018-11-14 18:00:31 (10479223114770) STATS - GET, 70.7, 0
2018-11-14 18:00:31 (10479223133670) STATS - GET, 70.8, 0
2018-11-14 18:00:31 (10479223151371) STATS - GET, 70.9, 0
2018-11-14 18:00:31 (10479223169571) STATS - GET, 71.0, 0
2018-11-14 18:00:31 (10479223187772) STATS - GET, 71.1, 0
2018-11-14 18:00:31 (10479223205572) STATS - GET, 71.2, 0
2018-11-14 18:00:31 (10479223223073) STATS - GET, 71.3, 0
2018-11-14 18:00:31 (10479223240874) STATS - GET, 71.4, 0
2018-11-14 18:00:31 (10479223258574) STATS - GET, 71.5, 0
2018-11-14 18:00:31 (10479223276375) STATS - GET, 71.6, 0
2018-11-14 18:00:31 (10479223294375) STATS - GET, 71.7, 0
2018-11-14 18:00:31 (10479223312376) STATS - GET, 71.8, 0
2018-11-14 18:00:31 (10479223330076) STATS - GET, 71.9, 0
2018-11-14 18:00:31 (10479223347677) STATS - GET, 72.0, 0
2018-11-14 18:00:31 (10479223368477) STATS - GET, 72.1, 0
2018-11-14 18:00:31 (10479223387278) STATS - GET, 72.2, 0
2018-11-14 18:00:31 (10479223404978) STATS - GET, 72.3, 0
2018-11-14 18:00:31 (10479223422679) STATS - GET, 72.4, 0
2018-11-14 18:00:31 (10479223440380) STATS - GET, 72.5, 0
2018-11-14 18:00:31 (10479223458280) STATS - GET, 72.6, 0
2018-11-14 18:00:31 (10479223499481) STATS - GET, 72.7, 0
2018-11-14 18:00:31 (10479223521282) STATS - GET, 72.8, 0
2018-11-14 18:00:31 (10479223539583) STATS - GET, 72.9, 0
2018-11-14 18:00:31 (10479223557683) STATS - GET, 73.0, 0
2018-11-14 18:00:31 (10479223575684) STATS - GET, 73.1, 0
2018-11-14 18:00:31 (10479223593984) STATS - GET, 73.2, 0
2018-11-14 18:00:31 (10479223612285) STATS - GET, 73.3, 0
2018-11-14 18:00:31 (10479223630185) STATS - GET, 73.4, 0
2018-11-14 18:00:31 (10479223647886) STATS - GET, 73.5, 0
2018-11-14 18:00:31 (10479223665586) STATS - GET, 73.6, 0
2018-11-14 18:00:31 (10479223683387) STATS - GET, 73.7, 0
2018-11-14 18:00:31 (10479223700987) STATS - GET, 73.8, 0
2018-11-14 18:00:31 (10479223718788) STATS - GET, 73.9, 0
2018-11-14 18:00:31 (10479223740489) STATS - GET, 74.0, 0
2018-11-14 18:00:31 (10479223761989) STATS - GET, 74.1, 0
2018-11-14 18:00:31 (10479223779790) STATS - GET, 74.2, 0
2018-11-14 18:00:31 (10479223797890) STATS - GET, 74.3, 0
2018-11-14 18:00:31 (10479223815491) STATS - GET, 74.4, 0
2018-11-14 18:00:31 (10479223836392) STATS - GET, 74.5, 0
2018-11-14 18:00:31 (10479223854392) STATS - GET, 74.6, 0
2018-11-14 18:00:31 (10479223872493) STATS - GET, 74.7, 0
2018-11-14 18:00:31 (10479223890193) STATS - GET, 74.8, 0
2018-11-14 18:00:31 (10479223907994) STATS - GET, 74.9, 0
2018-11-14 18:00:31 (10479223925894) STATS - GET, 75.0, 0
2018-11-14 18:00:31 (10479223943895) STATS - GET, 75.1, 0
2018-11-14 18:00:31 (10479223961795) STATS - GET, 75.2, 0
2018-11-14 18:00:31 (10479223980996) STATS - GET, 75.3, 0
2018-11-14 18:00:31 (10479223999197) STATS - GET, 75.4, 0
2018-11-14 18:00:31 (10479224037098) STATS - GET, 75.5, 0
2018-11-14 18:00:31 (10479224055598) STATS - GET, 75.6, 0
2018-11-14 18:00:31 (10479224075599) STATS - GET, 75.7, 0
2018-11-14 18:00:31 (10479224103300) STATS - GET, 75.8, 0
2018-11-14 18:00:31 (10479224121800) STATS - GET, 75.9, 0
2018-11-14 18:00:31 (10479224156301) STATS - GET, 76.0, 0
2018-11-14 18:00:31 (10479224188702) STATS - GET, 76.1, 0
2018-11-14 18:00:31 (10479224209003) STATS - GET, 76.2, 0
2018-11-14 18:00:31 (10479224227403) STATS - GET, 76.3, 0
2018-11-14 18:00:31 (10479224245304) STATS - GET, 76.4, 0
2018-11-14 18:00:31 (10479224263405) STATS - GET, 76.5, 0
2018-11-14 18:00:31 (10479224281405) STATS - GET, 76.6, 0
2018-11-14 18:00:31 (10479224299006) STATS - GET, 76.7, 0
2018-11-14 18:00:31 (10479224316606) STATS - GET, 76.8, 0
2018-11-14 18:00:31 (10479224334107) STATS - GET, 76.9, 0
2018-11-14 18:00:31 (10479224351807) STATS - GET, 77.0, 0
2018-11-14 18:00:31 (10479224369908) STATS - GET, 77.1, 0
2018-11-14 18:00:31 (10479224388008) STATS - GET, 77.2, 0
2018-11-14 18:00:31 (10479224405709) STATS - GET, 77.3, 0
2018-11-14 18:00:31 (10479224423509) STATS - GET, 77.4, 0
2018-11-14 18:00:31 (10479224441110) STATS - GET, 77.5, 0
2018-11-14 18:00:31 (10479224461911) STATS - GET, 77.6, 0
2018-11-14 18:00:31 (10479224480711) STATS - GET, 77.7, 0
2018-11-14 18:00:31 (10479224498412) STATS - GET, 77.8, 0
2018-11-14 18:00:31 (10479224516112) STATS - GET, 77.9, 0
2018-11-14 18:00:31 (10479224539513) STATS - GET, 78.0, 0
2018-11-14 18:00:31 (10479224557413) STATS - GET, 78.1, 0
2018-11-14 18:00:31 (10479224575314) STATS - GET, 78.2, 0
2018-11-14 18:00:31 (10479224593415) STATS - GET, 78.3, 0
2018-11-14 18:00:31 (10479224611015) STATS - GET, 78.4, 0
2018-11-14 18:00:31 (10479224628716) STATS - GET, 78.5, 0
2018-11-14 18:00:31 (10479224646316) STATS - GET, 78.6, 0
2018-11-14 18:00:31 (10479224664117) STATS - GET, 78.7, 0
2018-11-14 18:00:31 (10479224682017) STATS - GET, 78.8, 0
2018-11-14 18:00:31 (10479224699818) STATS - GET, 78.9, 0
2018-11-14 18:00:31 (10479224718118) STATS - GET, 79.0, 0
2018-11-14 18:00:31 (10479224736219) STATS - GET, 79.1, 0
2018-11-14 18:00:31 (10479224757820) STATS - GET, 79.2, 0
2018-11-14 18:00:31 (10479224775420) STATS - GET, 79.3, 0
2018-11-14 18:00:31 (10479224793621) STATS - GET, 79.4, 0
2018-11-14 18:00:31 (10479224811521) STATS - GET, 79.5, 0
2018-11-14 18:00:31 (10479224829322) STATS - GET, 79.6, 0
2018-11-14 18:00:31 (10479224846922) STATS - GET, 79.7, 0
2018-11-14 18:00:31 (10479224864623) STATS - GET, 79.8, 0
2018-11-14 18:00:31 (10479231873935) STATS - GET, 79.9, 0
2018-11-14 18:00:31 (10479231954238) STATS - GET, 80.0, 0
2018-11-14 18:00:31 (10479231987339) STATS - GET, 80.1, 0
2018-11-14 18:00:31 (10479232020040) STATS - GET, 80.2, 0
2018-11-14 18:00:31 (10479232038640) STATS - GET, 80.3, 0
2018-11-14 18:00:31 (10479232054041) STATS - GET, 80.4, 0
2018-11-14 18:00:31 (10479232069141) STATS - GET, 80.5, 0
2018-11-14 18:00:31 (10479232084242) STATS - GET, 80.6, 0
2018-11-14 18:00:31 (10479232099542) STATS - GET, 80.7, 0
2018-11-14 18:00:31 (10479232114043) STATS - GET, 80.8, 0
2018-11-14 18:00:31 (10479232128843) STATS - GET, 80.9, 0
2018-11-14 18:00:31 (10479232144844) STATS - GET, 81.0, 0
2018-11-14 18:00:31 (10479232160344) STATS - GET, 81.1, 0
2018-11-14 18:00:31 (10479232174845) STATS - GET, 81.2, 0
2018-11-14 18:00:31 (10479232190045) STATS - GET, 81.3, 0
2018-11-14 18:00:31 (10479232204645) STATS - GET, 81.4, 0
2018-11-14 18:00:31 (10479232219246) STATS - GET, 81.5, 0
2018-11-14 18:00:31 (10479232233846) STATS - GET, 81.6, 0
2018-11-14 18:00:31 (10479232248647) STATS - GET, 81.7, 0
2018-11-14 18:00:31 (10479232263347) STATS - GET, 81.8, 0
2018-11-14 18:00:31 (10479232278048) STATS - GET, 81.9, 0
2018-11-14 18:00:31 (10479232293248) STATS - GET, 82.0, 0
2018-11-14 18:00:31 (10479232314649) STATS - GET, 82.1, 0
2018-11-14 18:00:31 (10479232369150) STATS - GET, 82.2, 0
2018-11-14 18:00:31 (10479232385451) STATS - GET, 82.3, 0
2018-11-14 18:00:31 (10479232400051) STATS - GET, 82.4, 0
2018-11-14 18:00:31 (10479232414952) STATS - GET, 82.5, 0
2018-11-14 18:00:31 (10479232429652) STATS - GET, 82.6, 0
2018-11-14 18:00:31 (10479232446253) STATS - GET, 82.7, 0
2018-11-14 18:00:31 (10479232461253) STATS - GET, 82.8, 0
2018-11-14 18:00:31 (10479232476054) STATS - GET, 82.9, 0
2018-11-14 18:00:31 (10479232498754) STATS - GET, 83.0, 0
2018-11-14 18:00:31 (10479232514155) STATS - GET, 83.1, 0
2018-11-14 18:00:31 (10479232528855) STATS - GET, 83.2, 0
2018-11-14 18:00:31 (10479232549656) STATS - GET, 83.3, 0
2018-11-14 18:00:31 (10479232564256) STATS - GET, 83.4, 0
2018-11-14 18:00:31 (10479232578957) STATS - GET, 83.5, 0
2018-11-14 18:00:31 (10479232594857) STATS - GET, 83.6, 0
2018-11-14 18:00:31 (10479232609458) STATS - GET, 83.7, 0
2018-11-14 18:00:31 (10479232633558) STATS - GET, 83.8, 0
2018-11-14 18:00:31 (10479232648759) STATS - GET, 83.9, 0
2018-11-14 18:00:31 (10479232663859) STATS - GET, 84.0, 0
2018-11-14 18:00:31 (10479232679060) STATS - GET, 84.1, 0
2018-11-14 18:00:31 (10479232706061) STATS - GET, 84.2, 0
2018-11-14 18:00:31 (10479232722661) STATS - GET, 84.3, 0
2018-11-14 18:00:31 (10479232737462) STATS - GET, 84.4, 0
2018-11-14 18:00:31 (10479232752162) STATS - GET, 84.5, 0
2018-11-14 18:00:31 (10479232766863) STATS - GET, 84.6, 0
2018-11-14 18:00:31 (10479232783663) STATS - GET, 84.7, 0
2018-11-14 18:00:31 (10479232799564) STATS - GET, 84.8, 0
2018-11-14 18:00:31 (10479232814264) STATS - GET, 84.9, 0
2018-11-14 18:00:31 (10479232829464) STATS - GET, 85.0, 0
2018-11-14 18:00:31 (10479232844665) STATS - GET, 85.1, 0
2018-11-14 18:00:31 (10479232859365) STATS - GET, 85.2, 0
2018-11-14 18:00:31 (10479232875666) STATS - GET, 85.3, 0
2018-11-14 18:00:31 (10479232890466) STATS - GET, 85.4, 0
2018-11-14 18:00:31 (10479232905167) STATS - GET, 85.5, 0
2018-11-14 18:00:31 (10479232919867) STATS - GET, 85.6, 0
2018-11-14 18:00:31 (10479232934468) STATS - GET, 85.7, 0
2018-11-14 18:00:31 (10479232949168) STATS - GET, 85.8, 0
2018-11-14 18:00:31 (10479232963768) STATS - GET, 85.9, 1
2018-11-14 18:00:31 (10479232979069) STATS - GET, 86.0, 0
2018-11-14 18:00:31 (10479232994169) STATS - GET, 86.1, 0
2018-11-14 18:00:31 (10479233008770) STATS - GET, 86.2, 0
2018-11-14 18:00:31 (10479233023370) STATS - GET, 86.3, 0
2018-11-14 18:00:31 (10479233037871) STATS - GET, 86.4, 0
2018-11-14 18:00:31 (10479233052371) STATS - GET, 86.5, 0
2018-11-14 18:00:31 (10479233067972) STATS - GET, 86.6, 0
2018-11-14 18:00:31 (10479233082672) STATS - GET, 86.7, 0
2018-11-14 18:00:31 (10479233120973) STATS - GET, 86.8, 0
2018-11-14 18:00:31 (10479233138974) STATS - GET, 86.9, 0
2018-11-14 18:00:31 (10479233154574) STATS - GET, 87.0, 0
2018-11-14 18:00:31 (10479233169575) STATS - GET, 87.1, 0
2018-11-14 18:00:31 (10479233184175) STATS - GET, 87.2, 0
2018-11-14 18:00:31 (10479233198776) STATS - GET, 87.3, 0
2018-11-14 18:00:31 (10479233213176) STATS - GET, 87.4, 0
2018-11-14 18:00:31 (10479233227677) STATS - GET, 87.5, 0
2018-11-14 18:00:31 (10479233242377) STATS - GET, 87.6, 0
2018-11-14 18:00:31 (10479233256777) STATS - GET, 87.7, 0
2018-11-14 18:00:31 (10479233271578) STATS - GET, 87.8, 0
2018-11-14 18:00:31 (10479233285878) STATS - GET, 87.9, 0
2018-11-14 18:00:31 (10479233302279) STATS - GET, 88.0, 0
2018-11-14 18:00:31 (10479233317379) STATS - GET, 88.1, 0
2018-11-14 18:00:31 (10479233331980) STATS - GET, 88.2, 0
2018-11-14 18:00:31 (10479233346580) STATS - GET, 88.3, 0
2018-11-14 18:00:31 (10479233360981) STATS - GET, 88.4, 0
2018-11-14 18:00:31 (10479233375381) STATS - GET, 88.5, 0
2018-11-14 18:00:31 (10479233391381) STATS - GET, 88.6, 0
2018-11-14 18:00:31 (10479233406182) STATS - GET, 88.7, 0
2018-11-14 18:00:31 (10479233424482) STATS - GET, 88.8, 0
2018-11-14 18:00:31 (10479233442183) STATS - GET, 88.9, 0
2018-11-14 18:00:31 (10479233458284) STATS - GET, 89.0, 0
2018-11-14 18:00:31 (10479233473484) STATS - GET, 89.1, 0
2018-11-14 18:00:31 (10479233488084) STATS - GET, 89.2, 0
2018-11-14 18:00:31 (10479233502985) STATS - GET, 89.3, 0
2018-11-14 18:00:31 (10479233518685) STATS - GET, 89.4, 0
2018-11-14 18:00:31 (10479233533386) STATS - GET, 89.5, 1
2018-11-14 18:00:31 (10479233581287) INFO  - END: Middleware stopped.
