2018-11-14 18:04:56 (10743821791755) INFO  - START: Middleware listening on address 10.0.0.4:8888.
2018-11-14 18:06:21 (10828747342990) STATS -  5.00, 613, 0, 0.182232, 3.732552, 4.542640, 3.376144, 0.000000, 5.709135, 770, 0, 2299, 0.00, 0.00, 9
2018-11-14 18:06:21 (10828796153989) STATS - 10.00, 669, 0, 0.162178, 3.465528, 3.916756, 2.817864, 0.000000, 5.015647, 836, 0, 2512, 0.00, 0.00, 9
2018-11-14 18:06:21 (10828824962033) STATS - 15.00, 678, 0, 0.151617, 3.278299, 3.773082, 2.787077, 0.000000, 4.759088, 848, 0, 2545, 0.00, 0.00, 9
2018-11-14 18:06:21 (10828845152895) STATS - 20.00, 673, 0, 0.155049, 3.203144, 3.711510, 2.716350, 0.000000, 4.706670, 842, 0, 2527, 0.00, 0.00, 9
2018-11-14 18:06:21 (10828863487696) STATS - 25.00, 671, 0, 0.174673, 3.241639, 3.777310, 2.748712, 0.000000, 4.805907, 840, 0, 2518, 0.00, 0.00, 9
2018-11-14 18:06:21 (10828873819334) STATS - 30.00, 690, 0, 0.159751, 3.199744, 3.717275, 2.764318, 0.000000, 4.670231, 864, 0, 2588, 0.00, 0.00, 9
2018-11-14 18:06:21 (10828883829062) STATS - 35.00, 677, 0, 0.176499, 3.150263, 3.695784, 2.690913, 0.000000, 4.700655, 846, 0, 2539, 0.00, 0.00, 9
2018-11-14 18:06:21 (10828894304505) STATS - 40.00, 673, 0, 0.176109, 3.132320, 3.716117, 2.797285, 0.000000, 4.634949, 840, 0, 2526, 0.00, 0.00, 9
2018-11-14 18:06:21 (10828904073025) STATS - 45.00, 675, 0, 0.159880, 3.285245, 3.852219, 2.943199, 0.000000, 4.761239, 846, 0, 2529, 0.00, 0.00, 9
2018-11-14 18:06:21 (10828913717041) STATS - 50.00, 674, 0, 0.158174, 3.480000, 3.952602, 2.895245, 0.000000, 5.009958, 842, 0, 2528, 0.00, 0.00, 9
2018-11-14 18:06:21 (10828923006046) STATS - 55.00, 678, 0, 0.145910, 3.287467, 3.776834, 2.747953, 0.000000, 4.805716, 847, 0, 2544, 0.00, 0.00, 9
2018-11-14 18:06:21 (10828931869536) STATS - 60.00, 683, 0, 0.166561, 3.193651, 3.693214, 2.692684, 0.000000, 4.693744, 854, 0, 2561, 0.00, 0.00, 9
2018-11-14 18:06:21 (10828933793799) STATS - 65.00, 669, 0, 0.156133, 3.459139, 3.903662, 2.805043, 0.000000, 5.002281, 837, 0, 2511, 0.00, 0.00, 9
2018-11-14 18:06:21 (10828942160273) STATS - 70.00, 673, 0, 0.169513, 3.341445, 3.865166, 2.857648, 0.000000, 4.872684, 843, 0, 2525, 0.00, 0.00, 9
2018-11-14 18:06:21 (10828943091104) STATS - 70.00, 15, 0, 0.132197, 2.241108, 2.868110, 1.892094, 0.000000, 3.844126, 19, 0, 59, 0.00, 0.00, 9
2018-11-14 18:06:21 (10829167384753) STATS - Type, Interval, Responses
2018-11-14 18:06:21 (10829167802267) STATS - SET, 0.1, 0
2018-11-14 18:06:21 (10829168051675) STATS - SET, 0.2, 0
2018-11-14 18:06:21 (10829168253982) STATS - SET, 0.3, 0
2018-11-14 18:06:21 (10829168433487) STATS - SET, 0.4, 0
2018-11-14 18:06:21 (10829168616893) STATS - SET, 0.5, 0
2018-11-14 18:06:21 (10829168828500) STATS - SET, 0.6, 0
2018-11-14 18:06:21 (10829168995206) STATS - SET, 0.7, 2
2018-11-14 18:06:21 (10829169186512) STATS - SET, 0.8, 21
2018-11-14 18:06:21 (10829169386219) STATS - SET, 0.9, 118
2018-11-14 18:06:21 (10829169572525) STATS - SET, 1.0, 268
2018-11-14 18:06:21 (10829169732530) STATS - SET, 1.1, 472
2018-11-14 18:06:21 (10829169916436) STATS - SET, 1.2, 705
2018-11-14 18:06:21 (10829170111742) STATS - SET, 1.3, 806
2018-11-14 18:06:21 (10829177236976) STATS - SET, 1.4, 853
2018-11-14 18:06:21 (10829177496484) STATS - SET, 1.5, 769
2018-11-14 18:06:21 (10829177671290) STATS - SET, 1.6, 611
2018-11-14 18:06:21 (10829177830195) STATS - SET, 1.7, 605
2018-11-14 18:06:21 (10829177984400) STATS - SET, 1.8, 527
2018-11-14 18:06:21 (10829178138805) STATS - SET, 1.9, 477
2018-11-14 18:06:21 (10829178295711) STATS - SET, 2.0, 460
2018-11-14 18:06:21 (10829178473116) STATS - SET, 2.1, 309
2018-11-14 18:06:21 (10829178674523) STATS - SET, 2.2, 267
2018-11-14 18:06:21 (10829178829328) STATS - SET, 2.3, 273
2018-11-14 18:06:21 (10829178984533) STATS - SET, 2.4, 236
2018-11-14 18:06:21 (10829179140238) STATS - SET, 2.5, 180
2018-11-14 18:06:21 (10829179325144) STATS - SET, 2.6, 171
2018-11-14 18:06:21 (10829179545552) STATS - SET, 2.7, 152
2018-11-14 18:06:21 (10829179700357) STATS - SET, 2.8, 144
2018-11-14 18:06:21 (10829179854262) STATS - SET, 2.9, 139
2018-11-14 18:06:21 (10829180036468) STATS - SET, 3.0, 134
2018-11-14 18:06:21 (10829187262204) STATS - SET, 3.1, 108
2018-11-14 18:06:21 (10829187560214) STATS - SET, 3.2, 105
2018-11-14 18:06:21 (10829187718919) STATS - SET, 3.3, 90
2018-11-14 18:06:21 (10829188088831) STATS - SET, 3.4, 100
2018-11-14 18:06:21 (10829188285138) STATS - SET, 3.5, 73
2018-11-14 18:06:21 (10829188448843) STATS - SET, 3.6, 64
2018-11-14 18:06:21 (10829188634349) STATS - SET, 3.7, 70
2018-11-14 18:06:21 (10829188797355) STATS - SET, 3.8, 78
2018-11-14 18:06:21 (10829188939159) STATS - SET, 3.9, 78
2018-11-14 18:06:21 (10829189078264) STATS - SET, 4.0, 74
2018-11-14 18:06:21 (10829189225369) STATS - SET, 4.1, 53
2018-11-14 18:06:21 (10829189374274) STATS - SET, 4.2, 46
2018-11-14 18:06:21 (10829189515678) STATS - SET, 4.3, 53
2018-11-14 18:06:21 (10829189658283) STATS - SET, 4.4, 42
2018-11-14 18:06:21 (10829190405407) STATS - SET, 4.5, 52
2018-11-14 18:06:21 (10829197116627) STATS - SET, 4.6, 44
2018-11-14 18:06:21 (10829197447638) STATS - SET, 4.7, 46
2018-11-14 18:06:21 (10829197627644) STATS - SET, 4.8, 35
2018-11-14 18:06:21 (10829197792649) STATS - SET, 4.9, 43
2018-11-14 18:06:21 (10829197931654) STATS - SET, 5.0, 37
2018-11-14 18:06:21 (10829198066358) STATS - SET, 5.1, 44
2018-11-14 18:06:21 (10829198204863) STATS - SET, 5.2, 40
2018-11-14 18:06:21 (10829198341367) STATS - SET, 5.3, 55
2018-11-14 18:06:21 (10829198498873) STATS - SET, 5.4, 46
2018-11-14 18:06:21 (10829198632377) STATS - SET, 5.5, 31
2018-11-14 18:06:21 (10829198765281) STATS - SET, 5.6, 26
2018-11-14 18:06:21 (10829198956888) STATS - SET, 5.7, 26
2018-11-14 18:06:21 (10829199095892) STATS - SET, 5.8, 38
2018-11-14 18:06:21 (10829199236197) STATS - SET, 5.9, 37
2018-11-14 18:06:21 (10829199368701) STATS - SET, 6.0, 28
2018-11-14 18:06:21 (10829199556007) STATS - SET, 6.1, 32
2018-11-14 18:06:21 (10829199692212) STATS - SET, 6.2, 29
2018-11-14 18:06:21 (10829199835316) STATS - SET, 6.3, 38
2018-11-14 18:06:21 (10829206991251) STATS - SET, 6.4, 37
2018-11-14 18:06:21 (10829207171157) STATS - SET, 6.5, 22
2018-11-14 18:06:21 (10829207313961) STATS - SET, 6.6, 33
2018-11-14 18:06:21 (10829207464666) STATS - SET, 6.7, 37
2018-11-14 18:06:21 (10829207600571) STATS - SET, 6.8, 37
2018-11-14 18:06:21 (10829207758076) STATS - SET, 6.9, 47
2018-11-14 18:06:21 (10829207952382) STATS - SET, 7.0, 36
2018-11-14 18:06:21 (10829208106087) STATS - SET, 7.1, 36
2018-11-14 18:06:21 (10829208235992) STATS - SET, 7.2, 46
2018-11-14 18:06:21 (10829208362296) STATS - SET, 7.3, 39
2018-11-14 18:06:21 (10829208493400) STATS - SET, 7.4, 44
2018-11-14 18:06:21 (10829208642305) STATS - SET, 7.5, 42
2018-11-14 18:06:21 (10829208771209) STATS - SET, 7.6, 47
2018-11-14 18:06:21 (10829208901513) STATS - SET, 7.7, 44
2018-11-14 18:06:21 (10829209033518) STATS - SET, 7.8, 24
2018-11-14 18:06:21 (10829209172722) STATS - SET, 7.9, 41
2018-11-14 18:06:21 (10829209296226) STATS - SET, 8.0, 32
2018-11-14 18:06:21 (10829209422631) STATS - SET, 8.1, 35
2018-11-14 18:06:21 (10829209547735) STATS - SET, 8.2, 29
2018-11-14 18:06:21 (10829209673039) STATS - SET, 8.3, 18
2018-11-14 18:06:21 (10829216858874) STATS - SET, 8.4, 17
2018-11-14 18:06:21 (10829217082081) STATS - SET, 8.5, 13
2018-11-14 18:06:21 (10829217263587) STATS - SET, 8.6, 11
2018-11-14 18:06:21 (10829217402292) STATS - SET, 8.7, 12
2018-11-14 18:06:21 (10829217527396) STATS - SET, 8.8, 11
2018-11-14 18:06:21 (10829217652800) STATS - SET, 8.9, 12
2018-11-14 18:06:21 (10829217775604) STATS - SET, 9.0, 14
2018-11-14 18:06:21 (10829217898108) STATS - SET, 9.1, 14
2018-11-14 18:06:21 (10829218019912) STATS - SET, 9.2, 13
2018-11-14 18:06:21 (10829218141516) STATS - SET, 9.3, 16
2018-11-14 18:06:21 (10829218262420) STATS - SET, 9.4, 27
2018-11-14 18:06:21 (10829218385524) STATS - SET, 9.5, 46
2018-11-14 18:06:21 (10829218507128) STATS - SET, 9.6, 52
2018-11-14 18:06:21 (10829218634232) STATS - SET, 9.7, 38
2018-11-14 18:06:21 (10829218793738) STATS - SET, 9.8, 33
2018-11-14 18:06:21 (10829218919342) STATS - SET, 9.9, 42
2018-11-14 18:06:21 (10829219052546) STATS - SET, 10.0, 49
2018-11-14 18:06:21 (10829219247252) STATS - SET, 10.1, 22
2018-11-14 18:06:21 (10829219377557) STATS - SET, 10.2, 8
2018-11-14 18:06:21 (10829219499161) STATS - SET, 10.3, 10
2018-11-14 18:06:21 (10829219626665) STATS - SET, 10.4, 9
2018-11-14 18:06:21 (10829226862402) STATS - SET, 10.5, 5
2018-11-14 18:06:21 (10829227166312) STATS - SET, 10.6, 3
2018-11-14 18:06:21 (10829227295216) STATS - SET, 10.7, 6
2018-11-14 18:06:21 (10829227442021) STATS - SET, 10.8, 8
2018-11-14 18:06:21 (10829227646328) STATS - SET, 10.9, 10
2018-11-14 18:06:21 (10829227794933) STATS - SET, 11.0, 5
2018-11-14 18:06:21 (10829227965738) STATS - SET, 11.1, 4
2018-11-14 18:06:21 (10829228129843) STATS - SET, 11.2, 4
2018-11-14 18:06:21 (10829228256248) STATS - SET, 11.3, 2
2018-11-14 18:06:21 (10829228370851) STATS - SET, 11.4, 4
2018-11-14 18:06:21 (10829228485355) STATS - SET, 11.5, 2
2018-11-14 18:06:21 (10829228600659) STATS - SET, 11.6, 5
2018-11-14 18:06:21 (10829228716363) STATS - SET, 11.7, 0
2018-11-14 18:06:21 (10829228853767) STATS - SET, 11.8, 1
2018-11-14 18:06:21 (10829228971371) STATS - SET, 11.9, 1
2018-11-14 18:06:21 (10829229083575) STATS - SET, 12.0, 3
2018-11-14 18:06:21 (10829229205179) STATS - SET, 12.1, 2
2018-11-14 18:06:21 (10829229344983) STATS - SET, 12.2, 1
2018-11-14 18:06:21 (10829229461987) STATS - SET, 12.3, 4
2018-11-14 18:06:21 (10829229577491) STATS - SET, 12.4, 2
2018-11-14 18:06:21 (10829237505451) STATS - SET, 12.5, 3
2018-11-14 18:06:21 (10829237655956) STATS - SET, 12.6, 0
2018-11-14 18:06:21 (10829237780260) STATS - SET, 12.7, 1
2018-11-14 18:06:21 (10829237926664) STATS - SET, 12.8, 2
2018-11-14 18:06:21 (10829238053569) STATS - SET, 12.9, 2
2018-11-14 18:06:21 (10829238175473) STATS - SET, 13.0, 1
2018-11-14 18:06:21 (10829238289176) STATS - SET, 13.1, 0
2018-11-14 18:06:21 (10829238402480) STATS - SET, 13.2, 1
2018-11-14 18:06:21 (10829238516184) STATS - SET, 13.3, 0
2018-11-14 18:06:21 (10829238630088) STATS - SET, 13.4, 2
2018-11-14 18:06:21 (10829238744191) STATS - SET, 13.5, 1
2018-11-14 18:06:21 (10829238862795) STATS - SET, 13.6, 0
2018-11-14 18:06:21 (10829238992199) STATS - SET, 13.7, 0
2018-11-14 18:06:21 (10829239107803) STATS - SET, 13.8, 1
2018-11-14 18:06:21 (10829239221007) STATS - SET, 13.9, 0
2018-11-14 18:06:21 (10829239351211) STATS - SET, 14.0, 1
2018-11-14 18:06:21 (10829239469815) STATS - SET, 14.1, 0
2018-11-14 18:06:21 (10829239584119) STATS - SET, 14.2, 1
2018-11-14 18:06:21 (10829239695522) STATS - SET, 14.3, 0
2018-11-14 18:06:21 (10829239806326) STATS - SET, 14.4, 1
2018-11-14 18:06:21 (10829239919830) STATS - SET, 14.5, 0
2018-11-14 18:06:21 (10829246592848) STATS - SET, 14.6, 1
2018-11-14 18:06:21 (10829246726253) STATS - SET, 14.7, 1
2018-11-14 18:06:21 (10829246873558) STATS - SET, 14.8, 1
2018-11-14 18:06:21 (10829247005262) STATS - SET, 14.9, 0
2018-11-14 18:06:21 (10829247114866) STATS - SET, 15.0, 0
2018-11-14 18:06:21 (10829247227369) STATS - SET, 15.1, 0
2018-11-14 18:06:21 (10829247370174) STATS - SET, 15.2, 0
2018-11-14 18:06:21 (10829247482078) STATS - SET, 15.3, 0
2018-11-14 18:06:21 (10829247592981) STATS - SET, 15.4, 0
2018-11-14 18:06:21 (10829248204201) STATS - SET, 15.5, 0
2018-11-14 18:06:21 (10829248334706) STATS - SET, 15.6, 0
2018-11-14 18:06:21 (10829248450209) STATS - SET, 15.7, 2
2018-11-14 18:06:21 (10829248567113) STATS - SET, 15.8, 5
2018-11-14 18:06:21 (10829248683717) STATS - SET, 15.9, 1
2018-11-14 18:06:21 (10829248822822) STATS - SET, 16.0, 1
2018-11-14 18:06:21 (10829248973426) STATS - SET, 16.1, 0
2018-11-14 18:06:21 (10829249084230) STATS - SET, 16.2, 0
2018-11-14 18:06:21 (10829249203534) STATS - SET, 16.3, 0
2018-11-14 18:06:21 (10829249312138) STATS - SET, 16.4, 0
2018-11-14 18:06:21 (10829249420441) STATS - SET, 16.5, 1
2018-11-14 18:06:21 (10829249528845) STATS - SET, 16.6, 1
2018-11-14 18:06:21 (10829256467972) STATS - SET, 16.7, 0
2018-11-14 18:06:21 (10829256657578) STATS - SET, 16.8, 0
2018-11-14 18:06:21 (10829256769482) STATS - SET, 16.9, 0
2018-11-14 18:06:21 (10829256874485) STATS - SET, 17.0, 1
2018-11-14 18:06:21 (10829256981189) STATS - SET, 17.1, 2
2018-11-14 18:06:21 (10829257089692) STATS - SET, 17.2, 0
2018-11-14 18:06:21 (10829257208696) STATS - SET, 17.3, 0
2018-11-14 18:06:21 (10829257316900) STATS - SET, 17.4, 0
2018-11-14 18:06:21 (10829257431704) STATS - SET, 17.5, 0
2018-11-14 18:06:21 (10829257547307) STATS - SET, 17.6, 0
2018-11-14 18:06:21 (10829257655611) STATS - SET, 17.7, 0
2018-11-14 18:06:21 (10829257764214) STATS - SET, 17.8, 2
2018-11-14 18:06:21 (10829257872118) STATS - SET, 17.9, 3
2018-11-14 18:06:21 (10829257975921) STATS - SET, 18.0, 0
2018-11-14 18:06:21 (10829258082925) STATS - SET, 18.1, 0
2018-11-14 18:06:21 (10829258197529) STATS - SET, 18.2, 0
2018-11-14 18:06:21 (10829258336433) STATS - SET, 18.3, 0
2018-11-14 18:06:21 (10829258449637) STATS - SET, 18.4, 0
2018-11-14 18:06:21 (10829258560941) STATS - SET, 18.5, 0
2018-11-14 18:06:21 (10829258692945) STATS - SET, 18.6, 1
2018-11-14 18:06:21 (10829258806249) STATS - SET, 18.7, 0
2018-11-14 18:06:21 (10829258917652) STATS - SET, 18.8, 0
2018-11-14 18:06:21 (10829259025356) STATS - SET, 18.9, 0
2018-11-14 18:06:21 (10829259129559) STATS - SET, 19.0, 0
2018-11-14 18:06:21 (10829259235363) STATS - SET, 19.1, 0
2018-11-14 18:06:21 (10829259341966) STATS - SET, 19.2, 0
2018-11-14 18:06:21 (10829266591104) STATS - SET, 19.3, 0
2018-11-14 18:06:21 (10829266717508) STATS - SET, 19.4, 0
2018-11-14 18:06:21 (10829267021018) STATS - SET, 19.5, 0
2018-11-14 18:06:21 (10829267142422) STATS - SET, 19.6, 0
2018-11-14 18:06:21 (10829267245325) STATS - SET, 19.7, 1
2018-11-14 18:06:21 (10829267396230) STATS - SET, 19.8, 1
2018-11-14 18:06:21 (10829267505334) STATS - SET, 19.9, 0
2018-11-14 18:06:21 (10829267606037) STATS - SET, 20.0, 0
2018-11-14 18:06:21 (10829267707540) STATS - SET, 20.1, 0
2018-11-14 18:06:21 (10829267809444) STATS - SET, 20.2, 0
2018-11-14 18:06:21 (10829268075352) STATS - SET, 20.3, 0
2018-11-14 18:06:21 (10829268188756) STATS - SET, 20.4, 0
2018-11-14 18:06:21 (10829268289159) STATS - SET, 20.5, 1
2018-11-14 18:06:21 (10829268392963) STATS - SET, 20.6, 0
2018-11-14 18:06:21 (10829268492766) STATS - SET, 20.7, 2
2018-11-14 18:06:21 (10829268593869) STATS - SET, 20.8, 0
2018-11-14 18:06:21 (10829268693873) STATS - SET, 20.9, 0
2018-11-14 18:06:21 (10829268794776) STATS - SET, 21.0, 0
2018-11-14 18:06:21 (10829268893679) STATS - SET, 21.1, 0
2018-11-14 18:06:21 (10829269002783) STATS - SET, 21.2, 0
2018-11-14 18:06:21 (10829269103386) STATS - SET, 21.3, 0
2018-11-14 18:06:21 (10829269203989) STATS - SET, 21.4, 0
2018-11-14 18:06:21 (10829269305093) STATS - SET, 21.5, 0
2018-11-14 18:06:21 (10829276361324) STATS - SET, 21.6, 0
2018-11-14 18:06:21 (10829276681734) STATS - SET, 21.7, 0
2018-11-14 18:06:21 (10829276808138) STATS - SET, 21.8, 0
2018-11-14 18:06:21 (10829277068947) STATS - SET, 21.9, 1
2018-11-14 18:06:21 (10829277173150) STATS - SET, 22.0, 0
2018-11-14 18:06:21 (10829277270554) STATS - SET, 22.1, 0
2018-11-14 18:06:21 (10829277369157) STATS - SET, 22.2, 0
2018-11-14 18:06:21 (10829277467160) STATS - SET, 22.3, 0
2018-11-14 18:06:21 (10829277566363) STATS - SET, 22.4, 0
2018-11-14 18:06:21 (10829277664767) STATS - SET, 22.5, 0
2018-11-14 18:06:21 (10829277762470) STATS - SET, 22.6, 0
2018-11-14 18:06:21 (10829277861373) STATS - SET, 22.7, 0
2018-11-14 18:06:21 (10829277960376) STATS - SET, 22.8, 0
2018-11-14 18:06:21 (10829278057979) STATS - SET, 22.9, 0
2018-11-14 18:06:21 (10829278156483) STATS - SET, 23.0, 0
2018-11-14 18:06:21 (10829278252686) STATS - SET, 23.1, 0
2018-11-14 18:06:21 (10829278372290) STATS - SET, 23.2, 0
2018-11-14 18:06:21 (10829278470193) STATS - SET, 23.3, 0
2018-11-14 18:06:21 (10829278568496) STATS - SET, 23.4, 0
2018-11-14 18:06:21 (10829278665999) STATS - SET, 23.5, 0
2018-11-14 18:06:21 (10829278764203) STATS - SET, 23.6, 0
2018-11-14 18:06:21 (10829279029711) STATS - SET, 23.7, 0
2018-11-14 18:06:21 (10829279201417) STATS - SET, 23.8, 0
2018-11-14 18:06:21 (10829286686262) STATS - SET, 23.9, 0
2018-11-14 18:06:21 (10829286849467) STATS - SET, 24.0, 0
2018-11-14 18:06:21 (10829286987072) STATS - SET, 24.1, 0
2018-11-14 18:06:21 (10829287110276) STATS - SET, 24.2, 0
2018-11-14 18:06:21 (10829287208479) STATS - SET, 24.3, 0
2018-11-14 18:06:21 (10829287302882) STATS - SET, 24.4, 0
2018-11-14 18:06:21 (10829287399085) STATS - SET, 24.5, 0
2018-11-14 18:06:21 (10829287493589) STATS - SET, 24.6, 0
2018-11-14 18:06:21 (10829287587992) STATS - SET, 24.7, 0
2018-11-14 18:06:21 (10829287681495) STATS - SET, 24.8, 0
2018-11-14 18:06:21 (10829287775598) STATS - SET, 24.9, 0
2018-11-14 18:06:21 (10829287867901) STATS - SET, 25.0, 0
2018-11-14 18:06:21 (10829287961704) STATS - SET, 25.1, 1
2018-11-14 18:06:21 (10829288619925) STATS - GET, 0.1, 0
2018-11-14 18:06:21 (10829288723529) STATS - GET, 0.2, 0
2018-11-14 18:06:21 (10829288817832) STATS - GET, 0.3, 0
2018-11-14 18:06:21 (10829288912035) STATS - GET, 0.4, 0
2018-11-14 18:06:21 (10829289006138) STATS - GET, 0.5, 0
2018-11-14 18:06:21 (10829289098241) STATS - GET, 0.6, 0
2018-11-14 18:06:21 (10829296236375) STATS - GET, 0.7, 0
2018-11-14 18:06:21 (10829296338578) STATS - GET, 0.8, 0
2018-11-14 18:06:21 (10829296438382) STATS - GET, 0.9, 0
2018-11-14 18:06:21 (10829296531185) STATS - GET, 1.0, 0
2018-11-14 18:06:21 (10829296624388) STATS - GET, 1.1, 0
2018-11-14 18:06:21 (10829296717791) STATS - GET, 1.2, 0
2018-11-14 18:06:21 (10829296811394) STATS - GET, 1.3, 0
2018-11-14 18:06:21 (10829296910397) STATS - GET, 1.4, 0
2018-11-14 18:06:21 (10829297002800) STATS - GET, 1.5, 0
2018-11-14 18:06:21 (10829297095803) STATS - GET, 1.6, 3
2018-11-14 18:06:21 (10829297188206) STATS - GET, 1.7, 43
2018-11-14 18:06:21 (10829297284309) STATS - GET, 1.8, 212
2018-11-14 18:06:21 (10829297379613) STATS - GET, 1.9, 499
2018-11-14 18:06:21 (10829297513717) STATS - GET, 2.0, 866
2018-11-14 18:06:21 (10829297614120) STATS - GET, 2.1, 1235
2018-11-14 18:06:21 (10829297706323) STATS - GET, 2.2, 1657
2018-11-14 18:06:21 (10829297799226) STATS - GET, 2.3, 1807
2018-11-14 18:06:21 (10829297892629) STATS - GET, 2.4, 1832
2018-11-14 18:06:21 (10829297984932) STATS - GET, 2.5, 1709
2018-11-14 18:06:21 (10829298079135) STATS - GET, 2.6, 1518
2018-11-14 18:06:21 (10829298175239) STATS - GET, 2.7, 1439
2018-11-14 18:06:21 (10829298272842) STATS - GET, 2.8, 1237
2018-11-14 18:06:21 (10829298365245) STATS - GET, 2.9, 1118
2018-11-14 18:06:21 (10829298455148) STATS - GET, 3.0, 925
2018-11-14 18:06:21 (10829298556151) STATS - GET, 3.1, 872
2018-11-14 18:06:21 (10829298685155) STATS - GET, 3.2, 724
2018-11-14 18:06:21 (10829298784159) STATS - GET, 3.3, 687
2018-11-14 18:06:21 (10829298877862) STATS - GET, 3.4, 629
2018-11-14 18:06:21 (10829298972765) STATS - GET, 3.5, 508
2018-11-14 18:06:21 (10829306121599) STATS - GET, 3.6, 532
2018-11-14 18:06:21 (10829306299705) STATS - GET, 3.7, 436
2018-11-14 18:06:21 (10829306391908) STATS - GET, 3.8, 395
2018-11-14 18:06:21 (10829306476111) STATS - GET, 3.9, 378
2018-11-14 18:06:21 (10829306558113) STATS - GET, 4.0, 364
2018-11-14 18:06:21 (10829306640016) STATS - GET, 4.1, 294
2018-11-14 18:06:21 (10829306721419) STATS - GET, 4.2, 279
2018-11-14 18:06:21 (10829306802821) STATS - GET, 4.3, 230
2018-11-14 18:06:21 (10829306883224) STATS - GET, 4.4, 200
2018-11-14 18:06:21 (10829306967927) STATS - GET, 4.5, 203
2018-11-14 18:06:21 (10829307050129) STATS - GET, 4.6, 228
2018-11-14 18:06:21 (10829307132432) STATS - GET, 4.7, 219
2018-11-14 18:06:21 (10829307214835) STATS - GET, 4.8, 229
2018-11-14 18:06:21 (10829307295737) STATS - GET, 4.9, 193
2018-11-14 18:06:21 (10829307386140) STATS - GET, 5.0, 166
2018-11-14 18:06:21 (10829307468243) STATS - GET, 5.1, 157
2018-11-14 18:06:21 (10829307549446) STATS - GET, 5.2, 178
2018-11-14 18:06:21 (10829307636949) STATS - GET, 5.3, 136
2018-11-14 18:06:21 (10829307717151) STATS - GET, 5.4, 166
2018-11-14 18:06:21 (10829307797954) STATS - GET, 5.5, 178
2018-11-14 18:06:21 (10829307880057) STATS - GET, 5.6, 160
2018-11-14 18:06:21 (10829307961359) STATS - GET, 5.7, 113
2018-11-14 18:06:21 (10829308059962) STATS - GET, 5.8, 132
2018-11-14 18:06:21 (10829308150365) STATS - GET, 5.9, 144
2018-11-14 18:06:21 (10829308229068) STATS - GET, 6.0, 132
2018-11-14 18:06:21 (10829308311671) STATS - GET, 6.1, 126
2018-11-14 18:06:21 (10829308406074) STATS - GET, 6.2, 160
2018-11-14 18:06:21 (10829308494377) STATS - GET, 6.3, 129
2018-11-14 18:06:21 (10829308589480) STATS - GET, 6.4, 141
2018-11-14 18:06:21 (10829308675483) STATS - GET, 6.5, 124
2018-11-14 18:06:21 (10829308774286) STATS - GET, 6.6, 132
2018-11-14 18:06:21 (10829308855589) STATS - GET, 6.7, 136
2018-11-14 18:06:21 (10829308936091) STATS - GET, 6.8, 110
2018-11-14 18:06:21 (10829316068225) STATS - GET, 6.9, 150
2018-11-14 18:06:21 (10829316181029) STATS - GET, 7.0, 123
2018-11-14 18:06:21 (10829316263931) STATS - GET, 7.1, 147
2018-11-14 18:06:21 (10829316342634) STATS - GET, 7.2, 144
2018-11-14 18:06:21 (10829316420836) STATS - GET, 7.3, 150
2018-11-14 18:06:21 (10829316501639) STATS - GET, 7.4, 130
2018-11-14 18:06:21 (10829316620843) STATS - GET, 7.5, 130
2018-11-14 18:06:21 (10829316702046) STATS - GET, 7.6, 158
2018-11-14 18:06:21 (10829316780348) STATS - GET, 7.7, 206
2018-11-14 18:06:21 (10829316859451) STATS - GET, 7.8, 204
2018-11-14 18:06:21 (10829316940753) STATS - GET, 7.9, 197
2018-11-14 18:06:21 (10829317015156) STATS - GET, 8.0, 205
2018-11-14 18:06:21 (10829317092958) STATS - GET, 8.1, 211
2018-11-14 18:06:21 (10829317170561) STATS - GET, 8.2, 205
2018-11-14 18:06:21 (10829317249364) STATS - GET, 8.3, 217
2018-11-14 18:06:21 (10829317326966) STATS - GET, 8.4, 248
2018-11-14 18:06:21 (10829317404569) STATS - GET, 8.5, 246
2018-11-14 18:06:21 (10829317481871) STATS - GET, 8.6, 227
2018-11-14 18:06:21 (10829317559274) STATS - GET, 8.7, 243
2018-11-14 18:06:21 (10829317636676) STATS - GET, 8.8, 198
2018-11-14 18:06:21 (10829317713779) STATS - GET, 8.9, 174
2018-11-14 18:06:21 (10829317813582) STATS - GET, 9.0, 169
2018-11-14 18:06:21 (10829317904585) STATS - GET, 9.1, 146
2018-11-14 18:06:21 (10829317984288) STATS - GET, 9.2, 110
2018-11-14 18:06:21 (10829318061790) STATS - GET, 9.3, 134
2018-11-14 18:06:21 (10829318139993) STATS - GET, 9.4, 103
2018-11-14 18:06:21 (10829318219895) STATS - GET, 9.5, 105
2018-11-14 18:06:21 (10829318297798) STATS - GET, 9.6, 91
2018-11-14 18:06:21 (10829318425402) STATS - GET, 9.7, 96
2018-11-14 18:06:21 (10829318519305) STATS - GET, 9.8, 105
2018-11-14 18:06:21 (10829318596808) STATS - GET, 9.9, 99
2018-11-14 18:06:21 (10829318670210) STATS - GET, 10.0, 117
2018-11-14 18:06:21 (10829318745513) STATS - GET, 10.1, 122
2018-11-14 18:06:21 (10829318820715) STATS - GET, 10.2, 103
2018-11-14 18:06:21 (10829318895017) STATS - GET, 10.3, 101
2018-11-14 18:06:21 (10829326185256) STATS - GET, 10.4, 127
2018-11-14 18:06:21 (10829326274859) STATS - GET, 10.5, 174
2018-11-14 18:06:21 (10829326348962) STATS - GET, 10.6, 186
2018-11-14 18:06:21 (10829326419164) STATS - GET, 10.7, 185
2018-11-14 18:06:21 (10829326488766) STATS - GET, 10.8, 198
2018-11-14 18:06:21 (10829326590270) STATS - GET, 10.9, 237
2018-11-14 18:06:21 (10829326657172) STATS - GET, 11.0, 181
2018-11-14 18:06:21 (10829326726474) STATS - GET, 11.1, 129
2018-11-14 18:06:21 (10829326795876) STATS - GET, 11.2, 111
2018-11-14 18:06:21 (10829326863979) STATS - GET, 11.3, 87
2018-11-14 18:06:21 (10829326986583) STATS - GET, 11.4, 88
2018-11-14 18:06:21 (10829327060685) STATS - GET, 11.5, 64
2018-11-14 18:06:21 (10829327154788) STATS - GET, 11.6, 67
2018-11-14 18:06:21 (10829327238991) STATS - GET, 11.7, 59
2018-11-14 18:06:21 (10829327307493) STATS - GET, 11.8, 66
2018-11-14 18:06:21 (10829327375295) STATS - GET, 11.9, 71
2018-11-14 18:06:21 (10829327440998) STATS - GET, 12.0, 59
2018-11-14 18:06:21 (10829327508500) STATS - GET, 12.1, 52
2018-11-14 18:06:21 (10829327586202) STATS - GET, 12.2, 53
2018-11-14 18:06:21 (10829328158821) STATS - GET, 12.3, 32
2018-11-14 18:06:21 (10829328244224) STATS - GET, 12.4, 25
2018-11-14 18:06:21 (10829328315026) STATS - GET, 12.5, 32
2018-11-14 18:06:21 (10829328385228) STATS - GET, 12.6, 22
2018-11-14 18:06:21 (10829328455031) STATS - GET, 12.7, 34
2018-11-14 18:06:21 (10829328525733) STATS - GET, 12.8, 30
2018-11-14 18:06:21 (10829328619936) STATS - GET, 12.9, 33
2018-11-14 18:06:21 (10829328689038) STATS - GET, 13.0, 36
2018-11-14 18:06:21 (10829328816143) STATS - GET, 13.1, 27
2018-11-14 18:06:21 (10829328891845) STATS - GET, 13.2, 26
2018-11-14 18:06:21 (10829328972748) STATS - GET, 13.3, 30
2018-11-14 18:06:21 (10829329042650) STATS - GET, 13.4, 31
2018-11-14 18:06:21 (10829329109752) STATS - GET, 13.5, 35
2018-11-14 18:06:21 (10829329175654) STATS - GET, 13.6, 20
2018-11-14 18:06:21 (10829329244957) STATS - GET, 13.7, 31
2018-11-14 18:06:21 (10829335990878) STATS - GET, 13.8, 31
2018-11-14 18:06:21 (10829336093381) STATS - GET, 13.9, 23
2018-11-14 18:06:21 (10829336159483) STATS - GET, 14.0, 22
2018-11-14 18:06:21 (10829336226785) STATS - GET, 14.1, 19
2018-11-14 18:06:21 (10829336292388) STATS - GET, 14.2, 24
2018-11-14 18:06:21 (10829336356990) STATS - GET, 14.3, 13
2018-11-14 18:06:21 (10829336420792) STATS - GET, 14.4, 22
2018-11-14 18:06:21 (10829336485594) STATS - GET, 14.5, 24
2018-11-14 18:06:21 (10829336550896) STATS - GET, 14.6, 23
2018-11-14 18:06:21 (10829336620398) STATS - GET, 14.7, 15
2018-11-14 18:06:21 (10829336686100) STATS - GET, 14.8, 9
2018-11-14 18:06:21 (10829336750203) STATS - GET, 14.9, 10
2018-11-14 18:06:21 (10829336811805) STATS - GET, 15.0, 13
2018-11-14 18:06:21 (10829336875707) STATS - GET, 15.1, 10
2018-11-14 18:06:21 (10829336939609) STATS - GET, 15.2, 13
2018-11-14 18:06:21 (10829337004511) STATS - GET, 15.3, 10
2018-11-14 18:06:21 (10829337069613) STATS - GET, 15.4, 19
2018-11-14 18:06:21 (10829337165316) STATS - GET, 15.5, 14
2018-11-14 18:06:21 (10829337237719) STATS - GET, 15.6, 19
2018-11-14 18:06:21 (10829337309521) STATS - GET, 15.7, 7
2018-11-14 18:06:21 (10829337374023) STATS - GET, 15.8, 10
2018-11-14 18:06:21 (10829337438625) STATS - GET, 15.9, 7
2018-11-14 18:06:21 (10829337502227) STATS - GET, 16.0, 5
2018-11-14 18:06:21 (10829337565929) STATS - GET, 16.1, 9
2018-11-14 18:06:21 (10829337629331) STATS - GET, 16.2, 11
2018-11-14 18:06:21 (10829337693433) STATS - GET, 16.3, 10
2018-11-14 18:06:21 (10829337758136) STATS - GET, 16.4, 4
2018-11-14 18:06:21 (10829337822838) STATS - GET, 16.5, 3
2018-11-14 18:06:21 (10829337886840) STATS - GET, 16.6, 11
2018-11-14 18:06:21 (10829337950842) STATS - GET, 16.7, 12
2018-11-14 18:06:21 (10829338014044) STATS - GET, 16.8, 12
2018-11-14 18:06:21 (10829338077846) STATS - GET, 16.9, 8
2018-11-14 18:06:21 (10829338138648) STATS - GET, 17.0, 4
2018-11-14 18:06:21 (10829338202150) STATS - GET, 17.1, 9
2018-11-14 18:06:21 (10829338266552) STATS - GET, 17.2, 10
2018-11-14 18:06:21 (10829338330254) STATS - GET, 17.3, 4
2018-11-14 18:06:21 (10829338394156) STATS - GET, 17.4, 5
2018-11-14 18:06:21 (10829338457758) STATS - GET, 17.5, 16
2018-11-14 18:06:21 (10829338551762) STATS - GET, 17.6, 18
2018-11-14 18:06:21 (10829338619364) STATS - GET, 17.7, 6
2018-11-14 18:06:21 (10829338734768) STATS - GET, 17.8, 7
2018-11-14 18:06:21 (10829345840200) STATS - GET, 17.9, 9
2018-11-14 18:06:21 (10829345931903) STATS - GET, 18.0, 13
2018-11-14 18:06:21 (10829346093409) STATS - GET, 18.1, 6
2018-11-14 18:06:21 (10829346204212) STATS - GET, 18.2, 11
2018-11-14 18:06:21 (10829346266414) STATS - GET, 18.3, 5
2018-11-14 18:06:21 (10829346325416) STATS - GET, 18.4, 7
2018-11-14 18:06:21 (10829346383818) STATS - GET, 18.5, 7
2018-11-14 18:06:21 (10829346446020) STATS - GET, 18.6, 4
2018-11-14 18:06:21 (10829346506022) STATS - GET, 18.7, 7
2018-11-14 18:06:21 (10829346563724) STATS - GET, 18.8, 4
2018-11-14 18:06:21 (10829346621926) STATS - GET, 18.9, 6
2018-11-14 18:06:21 (10829346685928) STATS - GET, 19.0, 5
2018-11-14 18:06:21 (10829346749530) STATS - GET, 19.1, 7
2018-11-14 18:06:21 (10829346809132) STATS - GET, 19.2, 1
2018-11-14 18:06:21 (10829346866434) STATS - GET, 19.3, 5
2018-11-14 18:06:21 (10829346924936) STATS - GET, 19.4, 5
2018-11-14 18:06:21 (10829346983138) STATS - GET, 19.5, 2
2018-11-14 18:06:21 (10829347042940) STATS - GET, 19.6, 3
2018-11-14 18:06:21 (10829347100442) STATS - GET, 19.7, 1
2018-11-14 18:06:21 (10829347156944) STATS - GET, 19.8, 1
2018-11-14 18:06:21 (10829347218446) STATS - GET, 19.9, 3
2018-11-14 18:06:21 (10829347273747) STATS - GET, 20.0, 1
2018-11-14 18:06:21 (10829347330149) STATS - GET, 20.1, 3
2018-11-14 18:06:21 (10829347388051) STATS - GET, 20.2, 4
2018-11-14 18:06:21 (10829347445453) STATS - GET, 20.3, 5
2018-11-14 18:06:21 (10829347504455) STATS - GET, 20.4, 6
2018-11-14 18:06:21 (10829347561857) STATS - GET, 20.5, 0
2018-11-14 18:06:21 (10829347618159) STATS - GET, 20.6, 5
2018-11-14 18:06:21 (10829347674960) STATS - GET, 20.7, 4
2018-11-14 18:06:21 (10829347733262) STATS - GET, 20.8, 3
2018-11-14 18:06:21 (10829347793464) STATS - GET, 20.9, 1
2018-11-14 18:06:21 (10829347847666) STATS - GET, 21.0, 1
2018-11-14 18:06:21 (10829347903268) STATS - GET, 21.1, 1
2018-11-14 18:06:21 (10829347961670) STATS - GET, 21.2, 2
2018-11-14 18:06:21 (10829348049873) STATS - GET, 21.3, 3
2018-11-14 18:06:21 (10829348130275) STATS - GET, 21.4, 1
2018-11-14 18:06:21 (10829348187977) STATS - GET, 21.5, 2
2018-11-14 18:06:21 (10829348244679) STATS - GET, 21.6, 2
2018-11-14 18:06:21 (10829348304481) STATS - GET, 21.7, 4
2018-11-14 18:06:21 (10829348366483) STATS - GET, 21.8, 1
2018-11-14 18:06:21 (10829348426985) STATS - GET, 21.9, 1
2018-11-14 18:06:21 (10829348480987) STATS - GET, 22.0, 1
2018-11-14 18:06:21 (10829348581290) STATS - GET, 22.1, 2
2018-11-14 18:06:21 (10829348647392) STATS - GET, 22.2, 0
2018-11-14 18:06:21 (10829348711094) STATS - GET, 22.3, 3
2018-11-14 18:06:21 (10829355846628) STATS - GET, 22.4, 2
2018-11-14 18:06:21 (10829355916831) STATS - GET, 22.5, 1
2018-11-14 18:06:21 (10829355976733) STATS - GET, 22.6, 0
2018-11-14 18:06:21 (10829356052035) STATS - GET, 22.7, 2
2018-11-14 18:06:21 (10829356110937) STATS - GET, 22.8, 0
2018-11-14 18:06:21 (10829356167439) STATS - GET, 22.9, 3
2018-11-14 18:06:21 (10829356220440) STATS - GET, 23.0, 4
2018-11-14 18:06:21 (10829356279042) STATS - GET, 23.1, 3
2018-11-14 18:06:21 (10829356336344) STATS - GET, 23.2, 1
2018-11-14 18:06:21 (10829357996699) STATS - GET, 23.3, 0
2018-11-14 18:06:21 (10829358159404) STATS - GET, 23.4, 0
2018-11-14 18:06:21 (10829358225506) STATS - GET, 23.5, 0
2018-11-14 18:06:21 (10829358283508) STATS - GET, 23.6, 0
2018-11-14 18:06:21 (10829358339610) STATS - GET, 23.7, 1
2018-11-14 18:06:21 (10829358395412) STATS - GET, 23.8, 1
2018-11-14 18:06:21 (10829358468514) STATS - GET, 23.9, 2
2018-11-14 18:06:21 (10829358523716) STATS - GET, 24.0, 1
2018-11-14 18:06:21 (10829358670021) STATS - GET, 24.1, 0
2018-11-14 18:06:21 (10829358759624) STATS - GET, 24.2, 0
2018-11-14 18:06:21 (10829358839726) STATS - GET, 24.3, 0
2018-11-14 18:06:21 (10829359009032) STATS - GET, 24.4, 1
2018-11-14 18:06:21 (10829359165937) STATS - GET, 24.5, 2
2018-11-14 18:06:21 (10829359248740) STATS - GET, 24.6, 0
2018-11-14 18:06:21 (10829359334743) STATS - GET, 24.7, 1
2018-11-14 18:06:21 (10829359388844) STATS - GET, 24.8, 0
2018-11-14 18:06:21 (10829359440646) STATS - GET, 24.9, 1
2018-11-14 18:06:21 (10829359493048) STATS - GET, 25.0, 0
2018-11-14 18:06:21 (10829359544749) STATS - GET, 25.1, 0
2018-11-14 18:06:21 (10829359628052) STATS - GET, 25.2, 0
2018-11-14 18:06:21 (10829359685654) STATS - GET, 25.3, 0
2018-11-14 18:06:21 (10829359737256) STATS - GET, 25.4, 1
2018-11-14 18:06:21 (10829359788257) STATS - GET, 25.5, 1
2018-11-14 18:06:21 (10829359839259) STATS - GET, 25.6, 1
2018-11-14 18:06:21 (10829359892861) STATS - GET, 25.7, 0
2018-11-14 18:06:21 (10829359945263) STATS - GET, 25.8, 0
2018-11-14 18:06:21 (10829359996664) STATS - GET, 25.9, 0
2018-11-14 18:06:21 (10829365711351) STATS - GET, 26.0, 1
2018-11-14 18:06:21 (10829365792554) STATS - GET, 26.1, 0
2018-11-14 18:06:21 (10829365851456) STATS - GET, 26.2, 1
2018-11-14 18:06:21 (10829365904958) STATS - GET, 26.3, 1
2018-11-14 18:06:21 (10829365957760) STATS - GET, 26.4, 1
2018-11-14 18:06:21 (10829366011961) STATS - GET, 26.5, 0
2018-11-14 18:06:21 (10829366064563) STATS - GET, 26.6, 0
2018-11-14 18:06:21 (10829366116565) STATS - GET, 26.7, 0
2018-11-14 18:06:21 (10829366167666) STATS - GET, 26.8, 0
2018-11-14 18:06:21 (10829366218968) STATS - GET, 26.9, 0
2018-11-14 18:06:21 (10829366268470) STATS - GET, 27.0, 0
2018-11-14 18:06:21 (10829366341472) STATS - GET, 27.1, 0
2018-11-14 18:06:21 (10829366396274) STATS - GET, 27.2, 1
2018-11-14 18:06:21 (10829366446876) STATS - GET, 27.3, 0
2018-11-14 18:06:21 (10829366498177) STATS - GET, 27.4, 0
2018-11-14 18:06:21 (10829366553279) STATS - GET, 27.5, 0
2018-11-14 18:06:21 (10829366606581) STATS - GET, 27.6, 1
2018-11-14 18:06:21 (10829366657682) STATS - GET, 27.7, 0
2018-11-14 18:06:21 (10829366707984) STATS - GET, 27.8, 0
2018-11-14 18:06:21 (10829366759186) STATS - GET, 27.9, 0
2018-11-14 18:06:21 (10829366808287) STATS - GET, 28.0, 0
2018-11-14 18:06:21 (10829366858389) STATS - GET, 28.1, 0
2018-11-14 18:06:21 (10829366912191) STATS - GET, 28.2, 0
2018-11-14 18:06:21 (10829366962792) STATS - GET, 28.3, 0
2018-11-14 18:06:21 (10829367013894) STATS - GET, 28.4, 0
2018-11-14 18:06:21 (10829367064396) STATS - GET, 28.5, 0
2018-11-14 18:06:21 (10829367114897) STATS - GET, 28.6, 0
2018-11-14 18:06:21 (10829367166199) STATS - GET, 28.7, 0
2018-11-14 18:06:21 (10829367217201) STATS - GET, 28.8, 0
2018-11-14 18:06:21 (10829367270003) STATS - GET, 28.9, 1
2018-11-14 18:06:21 (10829367320804) STATS - GET, 29.0, 0
2018-11-14 18:06:21 (10829367371106) STATS - GET, 29.1, 0
2018-11-14 18:06:21 (10829367422308) STATS - GET, 29.2, 0
2018-11-14 18:06:21 (10829367473509) STATS - GET, 29.3, 0
2018-11-14 18:06:21 (10829367524611) STATS - GET, 29.4, 0
2018-11-14 18:06:21 (10829367576213) STATS - GET, 29.5, 0
2018-11-14 18:06:21 (10829367627714) STATS - GET, 29.6, 0
2018-11-14 18:06:21 (10829367678316) STATS - GET, 29.7, 0
2018-11-14 18:06:21 (10829367729018) STATS - GET, 29.8, 0
2018-11-14 18:06:21 (10829367779719) STATS - GET, 29.9, 0
2018-11-14 18:06:21 (10829367830921) STATS - GET, 30.0, 0
2018-11-14 18:06:21 (10829367931324) STATS - GET, 30.1, 0
2018-11-14 18:06:21 (10829367992526) STATS - GET, 30.2, 0
2018-11-14 18:06:21 (10829368068829) STATS - GET, 30.3, 0
2018-11-14 18:06:21 (10829368122630) STATS - GET, 30.4, 0
2018-11-14 18:06:21 (10829368174132) STATS - GET, 30.5, 1
2018-11-14 18:06:21 (10829368231634) STATS - GET, 30.6, 1
2018-11-14 18:06:21 (10829368287536) STATS - GET, 30.7, 0
2018-11-14 18:06:21 (10829368339438) STATS - GET, 30.8, 0
2018-11-14 18:06:21 (10829368395539) STATS - GET, 30.9, 0
2018-11-14 18:06:21 (10829368447241) STATS - GET, 31.0, 0
2018-11-14 18:06:21 (10829368501443) STATS - GET, 31.1, 0
2018-11-14 18:06:21 (10829375632877) STATS - GET, 31.2, 1
2018-11-14 18:06:21 (10829375715479) STATS - GET, 31.3, 0
2018-11-14 18:06:21 (10829375764381) STATS - GET, 31.4, 0
2018-11-14 18:06:21 (10829375810082) STATS - GET, 31.5, 0
2018-11-14 18:06:21 (10829375854184) STATS - GET, 31.6, 0
2018-11-14 18:06:21 (10829375898485) STATS - GET, 31.7, 0
2018-11-14 18:06:21 (10829375945287) STATS - GET, 31.8, 0
2018-11-14 18:06:21 (10829375992788) STATS - GET, 31.9, 0
2018-11-14 18:06:21 (10829376057390) STATS - GET, 32.0, 0
2018-11-14 18:06:21 (10829376103192) STATS - GET, 32.1, 0
2018-11-14 18:06:21 (10829376146593) STATS - GET, 32.2, 0
2018-11-14 18:06:21 (10829376189995) STATS - GET, 32.3, 0
2018-11-14 18:06:21 (10829376234196) STATS - GET, 32.4, 0
2018-11-14 18:06:21 (10829376277798) STATS - GET, 32.5, 0
2018-11-14 18:06:21 (10829376321499) STATS - GET, 32.6, 0
2018-11-14 18:06:21 (10829376364401) STATS - GET, 32.7, 0
2018-11-14 18:06:21 (10829376407602) STATS - GET, 32.8, 0
2018-11-14 18:06:21 (10829376451403) STATS - GET, 32.9, 0
2018-11-14 18:06:21 (10829376492905) STATS - GET, 33.0, 0
2018-11-14 18:06:21 (10829376536406) STATS - GET, 33.1, 0
2018-11-14 18:06:21 (10829376580308) STATS - GET, 33.2, 0
2018-11-14 18:06:21 (10829376624809) STATS - GET, 33.3, 0
2018-11-14 18:06:21 (10829376668711) STATS - GET, 33.4, 0
2018-11-14 18:06:21 (10829376715612) STATS - GET, 33.5, 0
2018-11-14 18:06:21 (10829376760714) STATS - GET, 33.6, 1
2018-11-14 18:06:21 (10829376804615) STATS - GET, 33.7, 0
2018-11-14 18:06:21 (10829376849116) STATS - GET, 33.8, 0
2018-11-14 18:06:21 (10829376893318) STATS - GET, 33.9, 0
2018-11-14 18:06:21 (10829376935719) STATS - GET, 34.0, 0
2018-11-14 18:06:21 (10829376979521) STATS - GET, 34.1, 0
2018-11-14 18:06:21 (10829377022722) STATS - GET, 34.2, 0
2018-11-14 18:06:21 (10829377065924) STATS - GET, 34.3, 0
2018-11-14 18:06:21 (10829377112225) STATS - GET, 34.4, 0
2018-11-14 18:06:21 (10829377155626) STATS - GET, 34.5, 0
2018-11-14 18:06:21 (10829377198928) STATS - GET, 34.6, 0
2018-11-14 18:06:21 (10829377242629) STATS - GET, 34.7, 0
2018-11-14 18:06:21 (10829377702144) STATS - GET, 34.8, 0
2018-11-14 18:06:21 (10829377863950) STATS - GET, 34.9, 0
2018-11-14 18:06:21 (10829378364066) STATS - GET, 35.0, 0
2018-11-14 18:06:21 (10829378409168) STATS - GET, 35.1, 0
2018-11-14 18:06:21 (10829378452169) STATS - GET, 35.2, 0
2018-11-14 18:06:21 (10829378494870) STATS - GET, 35.3, 0
2018-11-14 18:06:21 (10829378539872) STATS - GET, 35.4, 0
2018-11-14 18:06:21 (10829378596074) STATS - GET, 35.5, 0
2018-11-14 18:06:21 (10829378638475) STATS - GET, 35.6, 0
2018-11-14 18:06:21 (10829378680176) STATS - GET, 35.7, 0
2018-11-14 18:06:21 (10829378721778) STATS - GET, 35.8, 0
2018-11-14 18:06:21 (10829378763679) STATS - GET, 35.9, 0
2018-11-14 18:06:21 (10829378803880) STATS - GET, 36.0, 0
2018-11-14 18:06:21 (10829378848382) STATS - GET, 36.1, 0
2018-11-14 18:06:21 (10829385360695) STATS - GET, 36.2, 0
2018-11-14 18:06:21 (10829385490800) STATS - GET, 36.3, 0
2018-11-14 18:06:21 (10829385536201) STATS - GET, 36.4, 1
2018-11-14 18:06:21 (10829385577802) STATS - GET, 36.5, 0
2018-11-14 18:06:21 (10829385618104) STATS - GET, 36.6, 0
2018-11-14 18:06:21 (10829385661105) STATS - GET, 36.7, 0
2018-11-14 18:06:21 (10829385705207) STATS - GET, 36.8, 0
2018-11-14 18:06:21 (10829385744708) STATS - GET, 36.9, 0
2018-11-14 18:06:21 (10829385783909) STATS - GET, 37.0, 0
2018-11-14 18:06:21 (10829385882112) STATS - GET, 37.1, 0
2018-11-14 18:06:21 (10829385949715) STATS - GET, 37.2, 0
2018-11-14 18:06:21 (10829386002016) STATS - GET, 37.3, 0
2018-11-14 18:06:21 (10829386043218) STATS - GET, 37.4, 0
2018-11-14 18:06:21 (10829386082919) STATS - GET, 37.5, 0
2018-11-14 18:06:21 (10829386121820) STATS - GET, 37.6, 0
2018-11-14 18:06:21 (10829386160322) STATS - GET, 37.7, 0
2018-11-14 18:06:21 (10829386219123) STATS - GET, 37.8, 0
2018-11-14 18:06:21 (10829386266225) STATS - GET, 37.9, 0
2018-11-14 18:06:21 (10829386305426) STATS - GET, 38.0, 0
2018-11-14 18:06:21 (10829386343328) STATS - GET, 38.1, 0
2018-11-14 18:06:21 (10829386381229) STATS - GET, 38.2, 0
2018-11-14 18:06:21 (10829386421330) STATS - GET, 38.3, 0
2018-11-14 18:06:21 (10829386460831) STATS - GET, 38.4, 0
2018-11-14 18:06:21 (10829386501833) STATS - GET, 38.5, 0
2018-11-14 18:06:21 (10829386540534) STATS - GET, 38.6, 0
2018-11-14 18:06:21 (10829386579235) STATS - GET, 38.7, 0
2018-11-14 18:06:21 (10829386619637) STATS - GET, 38.8, 0
2018-11-14 18:06:21 (10829386660838) STATS - GET, 38.9, 0
2018-11-14 18:06:21 (10829386699239) STATS - GET, 39.0, 0
2018-11-14 18:06:21 (10829386740141) STATS - GET, 39.1, 0
2018-11-14 18:06:21 (10829386780542) STATS - GET, 39.2, 0
2018-11-14 18:06:21 (10829386839944) STATS - GET, 39.3, 0
2018-11-14 18:06:21 (10829386883745) STATS - GET, 39.4, 1
2018-11-14 18:06:21 (10829386922446) STATS - GET, 39.5, 0
2018-11-14 18:06:21 (10829386960548) STATS - GET, 39.6, 0
2018-11-14 18:06:21 (10829386998349) STATS - GET, 39.7, 0
2018-11-14 18:06:21 (10829387036450) STATS - GET, 39.8, 0
2018-11-14 18:06:21 (10829387074251) STATS - GET, 39.9, 0
2018-11-14 18:06:21 (10829387112953) STATS - GET, 40.0, 0
2018-11-14 18:06:21 (10829387151154) STATS - GET, 40.1, 0
2018-11-14 18:06:21 (10829387189255) STATS - GET, 40.2, 0
2018-11-14 18:06:21 (10829387255357) STATS - GET, 40.3, 0
2018-11-14 18:06:21 (10829387299459) STATS - GET, 40.4, 0
2018-11-14 18:06:21 (10829387338160) STATS - GET, 40.5, 0
2018-11-14 18:06:21 (10829387378661) STATS - GET, 40.6, 0
2018-11-14 18:06:21 (10829387416763) STATS - GET, 40.7, 0
2018-11-14 18:06:21 (10829387454764) STATS - GET, 40.8, 1
2018-11-14 18:06:21 (10829387494565) STATS - GET, 40.9, 0
2018-11-14 18:06:21 (10829387568768) STATS - GET, 41.0, 0
2018-11-14 18:06:21 (10829387608569) STATS - GET, 41.1, 0
2018-11-14 18:06:21 (10829387646570) STATS - GET, 41.2, 0
2018-11-14 18:06:21 (10829387708872) STATS - GET, 41.3, 0
2018-11-14 18:06:21 (10829387750574) STATS - GET, 41.4, 0
2018-11-14 18:06:21 (10829387789075) STATS - GET, 41.5, 0
2018-11-14 18:06:21 (10829387830576) STATS - GET, 41.6, 0
2018-11-14 18:06:21 (10829387868977) STATS - GET, 41.7, 0
2018-11-14 18:06:21 (10829387907279) STATS - GET, 41.8, 1
2018-11-14 18:06:21 (10829387945080) STATS - GET, 41.9, 0
2018-11-14 18:06:21 (10829387984281) STATS - GET, 42.0, 0
2018-11-14 18:06:21 (10829388058184) STATS - GET, 42.1, 0
2018-11-14 18:06:21 (10829388097185) STATS - GET, 42.2, 1
2018-11-14 18:06:21 (10829388139286) STATS - GET, 42.3, 0
2018-11-14 18:06:21 (10829388179488) STATS - GET, 42.4, 0
2018-11-14 18:06:21 (10829388217789) STATS - GET, 42.5, 0
2018-11-14 18:06:21 (10829388255390) STATS - GET, 42.6, 0
2018-11-14 18:06:21 (10829395279520) STATS - GET, 42.7, 0
2018-11-14 18:06:21 (10829395370923) STATS - GET, 42.8, 0
2018-11-14 18:06:21 (10829395413425) STATS - GET, 42.9, 0
2018-11-14 18:06:21 (10829395449626) STATS - GET, 43.0, 0
2018-11-14 18:06:21 (10829395486127) STATS - GET, 43.1, 0
2018-11-14 18:06:21 (10829395524128) STATS - GET, 43.2, 1
2018-11-14 18:06:21 (10829395564230) STATS - GET, 43.3, 0
2018-11-14 18:06:21 (10829395599631) STATS - GET, 43.4, 0
2018-11-14 18:06:21 (10829395640432) STATS - GET, 43.5, 0
2018-11-14 18:06:21 (10829395675433) STATS - GET, 43.6, 0
2018-11-14 18:06:21 (10829395710134) STATS - GET, 43.7, 0
2018-11-14 18:06:21 (10829395745536) STATS - GET, 43.8, 0
2018-11-14 18:06:21 (10829395780637) STATS - GET, 43.9, 0
2018-11-14 18:06:21 (10829395814238) STATS - GET, 44.0, 0
2018-11-14 18:06:21 (10829395849939) STATS - GET, 44.1, 0
2018-11-14 18:06:21 (10829395884740) STATS - GET, 44.2, 0
2018-11-14 18:06:21 (10829395920541) STATS - GET, 44.3, 0
2018-11-14 18:06:21 (10829395955942) STATS - GET, 44.4, 0
2018-11-14 18:06:21 (10829395990544) STATS - GET, 44.5, 0
2018-11-14 18:06:21 (10829396071846) STATS - GET, 44.6, 0
2018-11-14 18:06:21 (10829396118648) STATS - GET, 44.7, 0
2018-11-14 18:06:21 (10829396156349) STATS - GET, 44.8, 0
2018-11-14 18:06:21 (10829396192050) STATS - GET, 44.9, 0
2018-11-14 18:06:21 (10829396226151) STATS - GET, 45.0, 0
2018-11-14 18:06:21 (10829396261152) STATS - GET, 45.1, 0
2018-11-14 18:06:21 (10829396295854) STATS - GET, 45.2, 0
2018-11-14 18:06:21 (10829396331255) STATS - GET, 45.3, 0
2018-11-14 18:06:21 (10829396366356) STATS - GET, 45.4, 0
2018-11-14 18:06:21 (10829396401357) STATS - GET, 45.5, 0
2018-11-14 18:06:21 (10829396436158) STATS - GET, 45.6, 0
2018-11-14 18:06:21 (10829396470859) STATS - GET, 45.7, 0
2018-11-14 18:06:21 (10829396506260) STATS - GET, 45.8, 0
2018-11-14 18:06:21 (10829396541162) STATS - GET, 45.9, 0
2018-11-14 18:06:21 (10829396575563) STATS - GET, 46.0, 0
2018-11-14 18:06:21 (10829396612564) STATS - GET, 46.1, 0
2018-11-14 18:06:21 (10829396649465) STATS - GET, 46.2, 0
2018-11-14 18:06:21 (10829396685266) STATS - GET, 46.3, 0
2018-11-14 18:06:21 (10829396723668) STATS - GET, 46.4, 0
2018-11-14 18:06:21 (10829396762269) STATS - GET, 46.5, 0
2018-11-14 18:06:21 (10829396797670) STATS - GET, 46.6, 0
2018-11-14 18:06:21 (10829396832271) STATS - GET, 46.7, 0
2018-11-14 18:06:21 (10829396867572) STATS - GET, 46.8, 0
2018-11-14 18:06:21 (10829396902873) STATS - GET, 46.9, 0
2018-11-14 18:06:21 (10829396937075) STATS - GET, 47.0, 0
2018-11-14 18:06:21 (10829396972076) STATS - GET, 47.1, 0
2018-11-14 18:06:21 (10829397006077) STATS - GET, 47.2, 0
2018-11-14 18:06:21 (10829397040578) STATS - GET, 47.3, 0
2018-11-14 18:06:21 (10829397081579) STATS - GET, 47.4, 0
2018-11-14 18:06:21 (10829397117181) STATS - GET, 47.5, 0
2018-11-14 18:06:21 (10829397158082) STATS - GET, 47.6, 0
2018-11-14 18:06:21 (10829397191983) STATS - GET, 47.7, 0
2018-11-14 18:06:21 (10829397226784) STATS - GET, 47.8, 0
2018-11-14 18:06:21 (10829397261685) STATS - GET, 47.9, 0
2018-11-14 18:06:21 (10829397295886) STATS - GET, 48.0, 1
2018-11-14 18:06:21 (10829397330788) STATS - GET, 48.1, 0
2018-11-14 18:06:21 (10829397365389) STATS - GET, 48.2, 0
2018-11-14 18:06:21 (10829397400090) STATS - GET, 48.3, 0
2018-11-14 18:06:21 (10829397434291) STATS - GET, 48.4, 0
2018-11-14 18:06:21 (10829397469092) STATS - GET, 48.5, 0
2018-11-14 18:06:21 (10829397503093) STATS - GET, 48.6, 0
2018-11-14 18:06:21 (10829397537594) STATS - GET, 48.7, 1
2018-11-14 18:06:21 (10829397572695) STATS - GET, 48.8, 0
2018-11-14 18:06:21 (10829397612197) STATS - GET, 48.9, 0
2018-11-14 18:06:21 (10829397645598) STATS - GET, 49.0, 0
2018-11-14 18:06:21 (10829397680599) STATS - GET, 49.1, 0
2018-11-14 18:06:21 (10829397714900) STATS - GET, 49.2, 0
2018-11-14 18:06:21 (10829397752401) STATS - GET, 49.3, 0
2018-11-14 18:06:21 (10829397789303) STATS - GET, 49.4, 0
2018-11-14 18:06:21 (10829397825904) STATS - GET, 49.5, 0
2018-11-14 18:06:21 (10829397860805) STATS - GET, 49.6, 0
2018-11-14 18:06:21 (10829397895706) STATS - GET, 49.7, 0
2018-11-14 18:06:21 (10829397940908) STATS - GET, 49.8, 0
2018-11-14 18:06:21 (10829397979709) STATS - GET, 49.9, 0
2018-11-14 18:06:21 (10829398057611) STATS - GET, 50.0, 0
2018-11-14 18:06:21 (10829398127714) STATS - GET, 50.1, 0
2018-11-14 18:06:21 (10829398168215) STATS - GET, 50.2, 0
2018-11-14 18:06:21 (10829405207246) STATS - GET, 50.3, 0
2018-11-14 18:06:21 (10829405429653) STATS - GET, 50.4, 0
2018-11-14 18:06:21 (10829405478554) STATS - GET, 50.5, 0
2018-11-14 18:06:21 (10829405512856) STATS - GET, 50.6, 0
2018-11-14 18:06:21 (10829405544257) STATS - GET, 50.7, 0
2018-11-14 18:06:21 (10829405585058) STATS - GET, 50.8, 0
2018-11-14 18:06:21 (10829405618059) STATS - GET, 50.9, 0
2018-11-14 18:06:21 (10829405657460) STATS - GET, 51.0, 0
2018-11-14 18:06:21 (10829405688661) STATS - GET, 51.1, 0
2018-11-14 18:06:21 (10829405718462) STATS - GET, 51.2, 0
2018-11-14 18:06:21 (10829405748763) STATS - GET, 51.3, 0
2018-11-14 18:06:21 (10829405778564) STATS - GET, 51.4, 0
2018-11-14 18:06:21 (10829405807965) STATS - GET, 51.5, 0
2018-11-14 18:06:21 (10829407590324) STATS - GET, 51.6, 0
2018-11-14 18:06:21 (10829407711328) STATS - GET, 51.7, 0
2018-11-14 18:06:21 (10829407753629) STATS - GET, 51.8, 0
2018-11-14 18:06:21 (10829407786330) STATS - GET, 51.9, 0
2018-11-14 18:06:21 (10829407818831) STATS - GET, 52.0, 0
2018-11-14 18:06:21 (10829407849532) STATS - GET, 52.1, 0
2018-11-14 18:06:21 (10829407879333) STATS - GET, 52.2, 0
2018-11-14 18:06:21 (10829407909234) STATS - GET, 52.3, 0
2018-11-14 18:06:21 (10829407939335) STATS - GET, 52.4, 0
2018-11-14 18:06:21 (10829407969136) STATS - GET, 52.5, 0
2018-11-14 18:06:21 (10829407998837) STATS - GET, 52.6, 0
2018-11-14 18:06:21 (10829408051539) STATS - GET, 52.7, 0
2018-11-14 18:06:21 (10829408100540) STATS - GET, 52.8, 0
2018-11-14 18:06:21 (10829408131341) STATS - GET, 52.9, 0
2018-11-14 18:06:21 (10829408161642) STATS - GET, 53.0, 0
2018-11-14 18:06:21 (10829408191543) STATS - GET, 53.1, 0
2018-11-14 18:06:21 (10829408223544) STATS - GET, 53.2, 0
2018-11-14 18:06:21 (10829408254245) STATS - GET, 53.3, 0
2018-11-14 18:06:21 (10829408283646) STATS - GET, 53.4, 0
2018-11-14 18:06:21 (10829408312247) STATS - GET, 53.5, 0
2018-11-14 18:06:21 (10829408341348) STATS - GET, 53.6, 0
2018-11-14 18:06:21 (10829408404850) STATS - GET, 53.7, 0
2018-11-14 18:06:21 (10829408441952) STATS - GET, 53.8, 0
2018-11-14 18:06:21 (10829408471253) STATS - GET, 53.9, 0
2018-11-14 18:06:21 (10829408500654) STATS - GET, 54.0, 0
2018-11-14 18:06:21 (10829408674359) STATS - GET, 54.1, 0
2018-11-14 18:06:21 (10829408712160) STATS - GET, 54.2, 0
2018-11-14 18:06:21 (10829408743061) STATS - GET, 54.3, 0
2018-11-14 18:06:21 (10829408773462) STATS - GET, 54.4, 0
2018-11-14 18:06:21 (10829408803263) STATS - GET, 54.5, 0
2018-11-14 18:06:21 (10829408832164) STATS - GET, 54.6, 0
2018-11-14 18:06:21 (10829408861165) STATS - GET, 54.7, 0
2018-11-14 18:06:21 (10829408890466) STATS - GET, 54.8, 0
2018-11-14 18:06:21 (10829408919367) STATS - GET, 54.9, 0
2018-11-14 18:06:21 (10829408993670) STATS - GET, 55.0, 0
2018-11-14 18:06:21 (10829409024071) STATS - GET, 55.1, 0
2018-11-14 18:06:21 (10829409053572) STATS - GET, 55.2, 0
2018-11-14 18:06:21 (10829409083473) STATS - GET, 55.3, 0
2018-11-14 18:06:21 (10829409157175) STATS - GET, 55.4, 0
2018-11-14 18:06:21 (10829409191576) STATS - GET, 55.5, 0
2018-11-14 18:06:21 (10829409220477) STATS - GET, 55.6, 0
2018-11-14 18:06:21 (10829409248078) STATS - GET, 55.7, 0
2018-11-14 18:06:21 (10829409275579) STATS - GET, 55.8, 0
2018-11-14 18:06:21 (10829409303080) STATS - GET, 55.9, 0
2018-11-14 18:06:21 (10829409332081) STATS - GET, 56.0, 0
2018-11-14 18:06:21 (10829409362682) STATS - GET, 56.1, 0
2018-11-14 18:06:21 (10829409390883) STATS - GET, 56.2, 0
2018-11-14 18:06:21 (10829409418384) STATS - GET, 56.3, 0
2018-11-14 18:06:21 (10829409445384) STATS - GET, 56.4, 0
2018-11-14 18:06:21 (10829409472385) STATS - GET, 56.5, 0
2018-11-14 18:06:21 (10829409498986) STATS - GET, 56.6, 0
2018-11-14 18:06:21 (10829409525887) STATS - GET, 56.7, 0
2018-11-14 18:06:21 (10829409555588) STATS - GET, 56.8, 0
2018-11-14 18:06:21 (10829409583689) STATS - GET, 56.9, 0
2018-11-14 18:06:21 (10829409611490) STATS - GET, 57.0, 0
2018-11-14 18:06:21 (10829409638591) STATS - GET, 57.1, 0
2018-11-14 18:06:21 (10829409664992) STATS - GET, 57.2, 0
2018-11-14 18:06:21 (10829409702993) STATS - GET, 57.3, 0
2018-11-14 18:06:21 (10829409733794) STATS - GET, 57.4, 0
2018-11-14 18:06:21 (10829409770795) STATS - GET, 57.5, 0
2018-11-14 18:06:21 (10829409800296) STATS - GET, 57.6, 0
2018-11-14 18:06:21 (10829409838397) STATS - GET, 57.7, 0
2018-11-14 18:06:21 (10829409867198) STATS - GET, 57.8, 0
2018-11-14 18:06:21 (10829409898199) STATS - GET, 57.9, 0
2018-11-14 18:06:21 (10829415136371) STATS - GET, 58.0, 0
2018-11-14 18:06:21 (10829415207173) STATS - GET, 58.1, 0
2018-11-14 18:06:21 (10829415240974) STATS - GET, 58.2, 0
2018-11-14 18:06:21 (10829415270975) STATS - GET, 58.3, 0
2018-11-14 18:06:21 (10829415299076) STATS - GET, 58.4, 1
2018-11-14 18:06:21 (10829415326677) STATS - GET, 58.5, 0
2018-11-14 18:06:21 (10829415370579) STATS - GET, 58.6, 0
2018-11-14 18:06:21 (10829415413280) STATS - GET, 58.7, 0
2018-11-14 18:06:21 (10829415440581) STATS - GET, 58.8, 0
2018-11-14 18:06:21 (10829415469182) STATS - GET, 58.9, 0
2018-11-14 18:06:21 (10829415498183) STATS - GET, 59.0, 0
2018-11-14 18:06:21 (10829415525084) STATS - GET, 59.1, 0
2018-11-14 18:06:21 (10829415551285) STATS - GET, 59.2, 0
2018-11-14 18:06:21 (10829415577885) STATS - GET, 59.3, 0
2018-11-14 18:06:21 (10829415604186) STATS - GET, 59.4, 0
2018-11-14 18:06:21 (10829415630287) STATS - GET, 59.5, 0
2018-11-14 18:06:21 (10829415656388) STATS - GET, 59.6, 0
2018-11-14 18:06:21 (10829415682489) STATS - GET, 59.7, 0
2018-11-14 18:06:21 (10829415708490) STATS - GET, 59.8, 0
2018-11-14 18:06:21 (10829415734591) STATS - GET, 59.9, 0
2018-11-14 18:06:21 (10829415766392) STATS - GET, 60.0, 0
2018-11-14 18:06:21 (10829415793992) STATS - GET, 60.1, 0
2018-11-14 18:06:21 (10829415820393) STATS - GET, 60.2, 0
2018-11-14 18:06:21 (10829415846694) STATS - GET, 60.3, 0
2018-11-14 18:06:21 (10829415872595) STATS - GET, 60.4, 0
2018-11-14 18:06:21 (10829415898296) STATS - GET, 60.5, 0
2018-11-14 18:06:21 (10829415923897) STATS - GET, 60.6, 0
2018-11-14 18:06:21 (10829415949398) STATS - GET, 60.7, 0
2018-11-14 18:06:21 (10829415975398) STATS - GET, 60.8, 0
2018-11-14 18:06:21 (10829416013700) STATS - GET, 60.9, 0
2018-11-14 18:06:21 (10829416045201) STATS - GET, 61.0, 0
2018-11-14 18:06:21 (10829416072202) STATS - GET, 61.1, 0
2018-11-14 18:06:21 (10829416098002) STATS - GET, 61.2, 0
2018-11-14 18:06:21 (10829416123703) STATS - GET, 61.3, 0
2018-11-14 18:06:21 (10829416152904) STATS - GET, 61.4, 0
2018-11-14 18:06:21 (10829416179105) STATS - GET, 61.5, 0
2018-11-14 18:06:21 (10829416205006) STATS - GET, 61.6, 0
2018-11-14 18:06:21 (10829416234907) STATS - GET, 61.7, 0
2018-11-14 18:06:21 (10829416262208) STATS - GET, 61.8, 0
2018-11-14 18:06:21 (10829416288509) STATS - GET, 61.9, 0
2018-11-14 18:06:21 (10829416315510) STATS - GET, 62.0, 0
2018-11-14 18:06:21 (10829416341510) STATS - GET, 62.1, 0
2018-11-14 18:06:21 (10829416366911) STATS - GET, 62.2, 0
2018-11-14 18:06:21 (10829416392412) STATS - GET, 62.3, 0
2018-11-14 18:06:21 (10829416418213) STATS - GET, 62.4, 0
2018-11-14 18:06:21 (10829416444114) STATS - GET, 62.5, 0
2018-11-14 18:06:21 (10829416471615) STATS - GET, 62.6, 0
2018-11-14 18:06:21 (10829416499316) STATS - GET, 62.7, 0
2018-11-14 18:06:21 (10829416550317) STATS - GET, 62.8, 0
2018-11-14 18:06:21 (10829416589719) STATS - GET, 62.9, 0
2018-11-14 18:06:21 (10829416618419) STATS - GET, 63.0, 0
2018-11-14 18:06:21 (10829416645120) STATS - GET, 63.1, 0
2018-11-14 18:06:21 (10829416670721) STATS - GET, 63.2, 0
2018-11-14 18:06:21 (10829416696822) STATS - GET, 63.3, 0
2018-11-14 18:06:21 (10829416722723) STATS - GET, 63.4, 0
2018-11-14 18:06:21 (10829416748024) STATS - GET, 63.5, 0
2018-11-14 18:06:21 (10829416773425) STATS - GET, 63.6, 0
2018-11-14 18:06:21 (10829416799225) STATS - GET, 63.7, 0
2018-11-14 18:06:21 (10829416824726) STATS - GET, 63.8, 0
2018-11-14 18:06:21 (10829416850127) STATS - GET, 63.9, 0
2018-11-14 18:06:21 (10829416876728) STATS - GET, 64.0, 0
2018-11-14 18:06:21 (10829416902329) STATS - GET, 64.1, 0
2018-11-14 18:06:21 (10829416927630) STATS - GET, 64.2, 0
2018-11-14 18:06:21 (10829416952830) STATS - GET, 64.3, 0
2018-11-14 18:06:21 (10829416978231) STATS - GET, 64.4, 0
2018-11-14 18:06:21 (10829417004132) STATS - GET, 64.5, 0
2018-11-14 18:06:21 (10829417030133) STATS - GET, 64.6, 0
2018-11-14 18:06:21 (10829417055434) STATS - GET, 64.7, 0
2018-11-14 18:06:21 (10829417080835) STATS - GET, 64.8, 0
2018-11-14 18:06:21 (10829417106835) STATS - GET, 64.9, 0
2018-11-14 18:06:21 (10829417132836) STATS - GET, 65.0, 0
2018-11-14 18:06:21 (10829417158437) STATS - GET, 65.1, 0
2018-11-14 18:06:21 (10829417184538) STATS - GET, 65.2, 0
2018-11-14 18:06:21 (10829417210139) STATS - GET, 65.3, 0
2018-11-14 18:06:21 (10829417235540) STATS - GET, 65.4, 0
2018-11-14 18:06:21 (10829417261141) STATS - GET, 65.5, 0
2018-11-14 18:06:21 (10829417296742) STATS - GET, 65.6, 0
2018-11-14 18:06:21 (10829417324143) STATS - GET, 65.7, 0
2018-11-14 18:06:21 (10829417350043) STATS - GET, 65.8, 0
2018-11-14 18:06:21 (10829417375244) STATS - GET, 65.9, 0
2018-11-14 18:06:21 (10829417401545) STATS - GET, 66.0, 0
2018-11-14 18:06:21 (10829417427346) STATS - GET, 66.1, 0
2018-11-14 18:06:21 (10829417452447) STATS - GET, 66.2, 0
2018-11-14 18:06:21 (10829417478548) STATS - GET, 66.3, 0
2018-11-14 18:06:21 (10829417503648) STATS - GET, 66.4, 0
2018-11-14 18:06:21 (10829417529149) STATS - GET, 66.5, 0
2018-11-14 18:06:21 (10829417554750) STATS - GET, 66.6, 0
2018-11-14 18:06:21 (10829417579851) STATS - GET, 66.7, 0
2018-11-14 18:06:21 (10829417605752) STATS - GET, 66.8, 0
2018-11-14 18:06:21 (10829417630853) STATS - GET, 66.9, 0
2018-11-14 18:06:21 (10829417657054) STATS - GET, 67.0, 0
2018-11-14 18:06:21 (10829417682554) STATS - GET, 67.1, 0
2018-11-14 18:06:21 (10829417717756) STATS - GET, 67.2, 0
2018-11-14 18:06:21 (10829417748357) STATS - GET, 67.3, 0
2018-11-14 18:06:21 (10829417775057) STATS - GET, 67.4, 0
2018-11-14 18:06:21 (10829417800458) STATS - GET, 67.5, 0
2018-11-14 18:06:21 (10829417826259) STATS - GET, 67.6, 0
2018-11-14 18:06:21 (10829417851560) STATS - GET, 67.7, 0
2018-11-14 18:06:21 (10829417877361) STATS - GET, 67.8, 0
2018-11-14 18:06:21 (10829417902262) STATS - GET, 67.9, 0
2018-11-14 18:06:21 (10829417928162) STATS - GET, 68.0, 0
2018-11-14 18:06:21 (10829417953963) STATS - GET, 68.1, 0
2018-11-14 18:06:21 (10829417979264) STATS - GET, 68.2, 0
2018-11-14 18:06:21 (10829418014365) STATS - GET, 68.3, 0
2018-11-14 18:06:21 (10829425051996) STATS - GET, 68.4, 0
2018-11-14 18:06:21 (10829425173700) STATS - GET, 68.5, 0
2018-11-14 18:06:21 (10829425226902) STATS - GET, 68.6, 0
2018-11-14 18:06:21 (10829425254102) STATS - GET, 68.7, 0
2018-11-14 18:06:21 (10829425278903) STATS - GET, 68.8, 0
2018-11-14 18:06:21 (10829425303104) STATS - GET, 68.9, 0
2018-11-14 18:06:21 (10829425328605) STATS - GET, 69.0, 0
2018-11-14 18:06:21 (10829425352406) STATS - GET, 69.1, 0
2018-11-14 18:06:21 (10829425376006) STATS - GET, 69.2, 0
2018-11-14 18:06:21 (10829425399407) STATS - GET, 69.3, 0
2018-11-14 18:06:21 (10829425422608) STATS - GET, 69.4, 0
2018-11-14 18:06:21 (10829425481810) STATS - GET, 69.5, 0
2018-11-14 18:06:21 (10829425511711) STATS - GET, 69.6, 0
2018-11-14 18:06:21 (10829425549112) STATS - GET, 69.7, 0
2018-11-14 18:06:21 (10829425572813) STATS - GET, 69.8, 0
2018-11-14 18:06:21 (10829425596014) STATS - GET, 69.9, 0
2018-11-14 18:06:21 (10829425620214) STATS - GET, 70.0, 0
2018-11-14 18:06:21 (10829425643415) STATS - GET, 70.1, 0
2018-11-14 18:06:21 (10829425666016) STATS - GET, 70.2, 0
2018-11-14 18:06:21 (10829425689317) STATS - GET, 70.3, 0
2018-11-14 18:06:21 (10829425712517) STATS - GET, 70.4, 0
2018-11-14 18:06:21 (10829427430074) STATS - GET, 70.5, 0
2018-11-14 18:06:21 (10829427463875) STATS - GET, 70.6, 0
2018-11-14 18:06:21 (10829427489976) STATS - GET, 70.7, 0
2018-11-14 18:06:21 (10829427588379) STATS - GET, 70.8, 0
2018-11-14 18:06:21 (10829427626180) STATS - GET, 70.9, 0
2018-11-14 18:06:21 (10829427652581) STATS - GET, 71.0, 0
2018-11-14 18:06:21 (10829427677182) STATS - GET, 71.1, 0
2018-11-14 18:06:21 (10829427701183) STATS - GET, 71.2, 0
2018-11-14 18:06:21 (10829427724883) STATS - GET, 71.3, 0
2018-11-14 18:06:21 (10829427895789) STATS - GET, 71.4, 0
2018-11-14 18:06:21 (10829427925190) STATS - GET, 71.5, 0
2018-11-14 18:06:21 (10829427963391) STATS - GET, 71.6, 0
2018-11-14 18:06:21 (10829427988892) STATS - GET, 71.7, 0
2018-11-14 18:06:21 (10829428031393) STATS - GET, 71.8, 0
2018-11-14 18:06:21 (10829428057194) STATS - GET, 71.9, 0
2018-11-14 18:06:21 (10829428081995) STATS - GET, 72.0, 0
2018-11-14 18:06:21 (10829428105896) STATS - GET, 72.1, 0
2018-11-14 18:06:21 (10829428128697) STATS - GET, 72.2, 0
2018-11-14 18:06:21 (10829428151597) STATS - GET, 72.3, 0
2018-11-14 18:06:21 (10829428174598) STATS - GET, 72.4, 0
2018-11-14 18:06:21 (10829428220300) STATS - GET, 72.5, 0
2018-11-14 18:06:21 (10829428244000) STATS - GET, 72.6, 0
2018-11-14 18:06:21 (10829428266701) STATS - GET, 72.7, 0
2018-11-14 18:06:21 (10829428289302) STATS - GET, 72.8, 0
2018-11-14 18:06:21 (10829428311703) STATS - GET, 72.9, 0
2018-11-14 18:06:21 (10829428335203) STATS - GET, 73.0, 0
2018-11-14 18:06:21 (10829428357804) STATS - GET, 73.1, 0
2018-11-14 18:06:21 (10829428380205) STATS - GET, 73.2, 0
2018-11-14 18:06:21 (10829428426506) STATS - GET, 73.3, 0
2018-11-14 18:06:21 (10829428452507) STATS - GET, 73.4, 0
2018-11-14 18:06:21 (10829428474708) STATS - GET, 73.5, 0
2018-11-14 18:06:21 (10829428497009) STATS - GET, 73.6, 0
2018-11-14 18:06:21 (10829428519309) STATS - GET, 73.7, 0
2018-11-14 18:06:21 (10829428541210) STATS - GET, 73.8, 0
2018-11-14 18:06:21 (10829428563011) STATS - GET, 73.9, 0
2018-11-14 18:06:21 (10829428585712) STATS - GET, 74.0, 0
2018-11-14 18:06:21 (10829428608012) STATS - GET, 74.1, 0
2018-11-14 18:06:21 (10829428629813) STATS - GET, 74.2, 0
2018-11-14 18:06:21 (10829428662114) STATS - GET, 74.3, 0
2018-11-14 18:06:21 (10829428687715) STATS - GET, 74.4, 0
2018-11-14 18:06:21 (10829428709816) STATS - GET, 74.5, 0
2018-11-14 18:06:21 (10829428732016) STATS - GET, 74.6, 0
2018-11-14 18:06:21 (10829428754117) STATS - GET, 74.7, 0
2018-11-14 18:06:21 (10829428776018) STATS - GET, 74.8, 0
2018-11-14 18:06:21 (10829428797619) STATS - GET, 74.9, 0
2018-11-14 18:06:21 (10829428819919) STATS - GET, 75.0, 0
2018-11-14 18:06:21 (10829428842120) STATS - GET, 75.1, 0
2018-11-14 18:06:21 (10829428864221) STATS - GET, 75.2, 0
2018-11-14 18:06:21 (10829428886521) STATS - GET, 75.3, 0
2018-11-14 18:06:21 (10829428908522) STATS - GET, 75.4, 0
2018-11-14 18:06:21 (10829428930223) STATS - GET, 75.5, 0
2018-11-14 18:06:21 (10829428973824) STATS - GET, 75.6, 0
2018-11-14 18:06:21 (10829429009125) STATS - GET, 75.7, 0
2018-11-14 18:06:21 (10829429039426) STATS - GET, 75.8, 0
2018-11-14 18:06:21 (10829429061727) STATS - GET, 75.9, 0
2018-11-14 18:06:21 (10829429084428) STATS - GET, 76.0, 0
2018-11-14 18:06:21 (10829429107129) STATS - GET, 76.1, 0
2018-11-14 18:06:21 (10829429129029) STATS - GET, 76.2, 0
2018-11-14 18:06:21 (10829429151030) STATS - GET, 76.3, 0
2018-11-14 18:06:21 (10829429178031) STATS - GET, 76.4, 0
2018-11-14 18:06:21 (10829429225733) STATS - GET, 76.5, 0
2018-11-14 18:06:21 (10829429251433) STATS - GET, 76.6, 0
2018-11-14 18:06:21 (10829429289135) STATS - GET, 76.7, 0
2018-11-14 18:06:21 (10829429312735) STATS - GET, 76.8, 0
2018-11-14 18:06:21 (10829429336336) STATS - GET, 76.9, 0
2018-11-14 18:06:21 (10829429359837) STATS - GET, 77.0, 0
2018-11-14 18:06:21 (10829429381838) STATS - GET, 77.1, 0
2018-11-14 18:06:21 (10829429403738) STATS - GET, 77.2, 0
2018-11-14 18:06:21 (10829429427539) STATS - GET, 77.3, 0
2018-11-14 18:06:21 (10829429449840) STATS - GET, 77.4, 0
2018-11-14 18:06:21 (10829429471641) STATS - GET, 77.5, 0
2018-11-14 18:06:21 (10829429509042) STATS - GET, 77.6, 0
2018-11-14 18:06:21 (10829429533843) STATS - GET, 77.7, 0
2018-11-14 18:06:21 (10829429556143) STATS - GET, 77.8, 0
2018-11-14 18:06:21 (10829429577844) STATS - GET, 77.9, 0
2018-11-14 18:06:21 (10829429600245) STATS - GET, 78.0, 0
2018-11-14 18:06:21 (10829429622346) STATS - GET, 78.1, 0
2018-11-14 18:06:21 (10829429643746) STATS - GET, 78.2, 0
2018-11-14 18:06:21 (10829429665447) STATS - GET, 78.3, 0
2018-11-14 18:06:21 (10829429686948) STATS - GET, 78.4, 0
2018-11-14 18:06:21 (10829429708648) STATS - GET, 78.5, 0
2018-11-14 18:06:21 (10829435110525) STATS - GET, 78.6, 0
2018-11-14 18:06:21 (10829435178328) STATS - GET, 78.7, 0
2018-11-14 18:06:21 (10829435207629) STATS - GET, 78.8, 0
2018-11-14 18:06:21 (10829435231329) STATS - GET, 78.9, 0
2018-11-14 18:06:21 (10829435255730) STATS - GET, 79.0, 0
2018-11-14 18:06:21 (10829435278431) STATS - GET, 79.1, 0
2018-11-14 18:06:21 (10829435300532) STATS - GET, 79.2, 0
2018-11-14 18:06:21 (10829435322932) STATS - GET, 79.3, 0
2018-11-14 18:06:21 (10829435344833) STATS - GET, 79.4, 0
2018-11-14 18:06:21 (10829435368834) STATS - GET, 79.5, 0
2018-11-14 18:06:21 (10829435392035) STATS - GET, 79.6, 0
2018-11-14 18:06:21 (10829435413835) STATS - GET, 79.7, 0
2018-11-14 18:06:21 (10829435435336) STATS - GET, 79.8, 0
2018-11-14 18:06:21 (10829435456837) STATS - GET, 79.9, 0
2018-11-14 18:06:21 (10829435479738) STATS - GET, 80.0, 0
2018-11-14 18:06:21 (10829435501738) STATS - GET, 80.1, 0
2018-11-14 18:06:21 (10829435523439) STATS - GET, 80.2, 0
2018-11-14 18:06:21 (10829435545240) STATS - GET, 80.3, 0
2018-11-14 18:06:21 (10829435566740) STATS - GET, 80.4, 0
2018-11-14 18:06:21 (10829435588141) STATS - GET, 80.5, 0
2018-11-14 18:06:21 (10829435609942) STATS - GET, 80.6, 0
2018-11-14 18:06:21 (10829435631742) STATS - GET, 80.7, 0
2018-11-14 18:06:21 (10829435653343) STATS - GET, 80.8, 0
2018-11-14 18:06:21 (10829435674844) STATS - GET, 80.9, 0
2018-11-14 18:06:21 (10829435697145) STATS - GET, 81.0, 0
2018-11-14 18:06:21 (10829435719345) STATS - GET, 81.1, 0
2018-11-14 18:06:21 (10829435741046) STATS - GET, 81.2, 1
2018-11-14 18:06:21 (10829435774147) INFO  - END: Middleware stopped.
