2018-11-14 18:10:46 (11093851331810) INFO  - START: Middleware listening on address 10.0.0.4:8888.
2018-11-14 18:12:11 (11179266899224) STATS -  5.00, 621, 0, 0.224995, 3.318142, 4.179828, 3.010561, 0.000000, 5.349096, 780, 0, 2329, 0.00, 0.00, 9
2018-11-14 18:12:11 (11179316161899) STATS - 10.00, 683, 0, 0.163584, 3.259309, 3.758914, 2.701687, 0.000000, 4.816140, 853, 0, 2564, 0.00, 0.00, 9
2018-11-14 18:12:11 (11179344833573) STATS - 15.00, 665, 0, 0.154638, 3.409186, 3.919817, 2.898687, 0.000000, 4.940947, 831, 0, 2498, 0.00, 0.00, 9
2018-11-14 18:12:11 (11179357014487) STATS - 20.00, 678, 0, 0.152688, 3.224260, 3.753848, 2.876516, 0.000000, 4.631180, 850, 0, 2543, 0.00, 0.00, 9
2018-11-14 18:12:11 (11179375361711) STATS - 25.00, 677, 0, 0.172459, 3.263066, 3.708327, 2.589649, 0.000000, 4.827005, 847, 0, 2540, 0.00, 0.00, 9
2018-11-14 18:12:11 (11179386741598) STATS - 30.00, 685, 0, 0.161541, 3.372149, 3.845739, 2.835920, 0.000000, 4.855557, 858, 0, 2570, 0.00, 0.00, 9
2018-11-14 18:12:11 (11179404668207) STATS - 35.00, 683, 0, 0.159675, 3.346689, 3.779035, 2.633112, 0.000000, 4.924958, 852, 0, 2563, 0.00, 0.00, 9
2018-11-14 18:12:11 (11179415761984) STATS - 40.00, 677, 0, 0.151526, 3.379391, 3.809036, 2.744862, 0.000000, 4.873209, 848, 0, 2539, 0.00, 0.00, 9
2018-11-14 18:12:11 (11179425976231) STATS - 45.00, 672, 0, 0.172656, 3.311315, 3.846658, 2.832347, 0.000000, 4.860970, 840, 0, 2522, 0.00, 0.00, 9
2018-11-14 18:12:11 (11179435827966) STATS - 50.00, 673, 0, 0.147384, 3.457871, 3.969150, 2.882124, 0.000000, 5.056177, 842, 0, 2524, 0.00, 0.00, 9
2018-11-14 18:12:11 (11179445492594) STATS - 55.00, 668, 0, 0.174967, 3.570214, 4.038339, 2.901419, 0.000000, 5.175260, 836, 0, 2506, 0.00, 0.00, 9
2018-11-14 18:12:11 (11179455026919) STATS - 60.00, 679, 0, 0.156076, 3.220504, 3.757552, 2.695777, 0.000000, 4.819327, 850, 0, 2545, 0.00, 0.00, 9
2018-11-14 18:12:11 (11179464548742) STATS - 65.00, 678, 0, 0.166611, 3.357481, 3.847163, 2.796151, 0.000000, 4.898175, 845, 0, 2545, 0.00, 0.00, 9
2018-11-14 18:12:11 (11179466363604) STATS - 70.00, 674, 0, 0.161736, 3.200329, 3.742556, 2.686943, 0.000000, 4.798169, 844, 0, 2530, 0.00, 0.00, 9
2018-11-14 18:12:11 (11179474395977) STATS - 70.00, 8, 0, 0.110820, 2.821375, 3.017392, 1.806143, 0.000000, 4.228641, 11, 0, 33, 0.00, 0.00, 9
2018-11-14 18:12:12 (11179700758771) STATS - Type, Interval, Responses
2018-11-14 18:12:12 (11179701175986) STATS - SET, 0.1, 0
2018-11-14 18:12:12 (11179701409493) STATS - SET, 0.2, 0
2018-11-14 18:12:12 (11179701584799) STATS - SET, 0.3, 0
2018-11-14 18:12:12 (11179701731104) STATS - SET, 0.4, 0
2018-11-14 18:12:12 (11179701905310) STATS - SET, 0.5, 0
2018-11-14 18:12:12 (11179702077116) STATS - SET, 0.6, 0
2018-11-14 18:12:12 (11179702230121) STATS - SET, 0.7, 0
2018-11-14 18:12:12 (11179702394427) STATS - SET, 0.8, 34
2018-11-14 18:12:12 (11179702554732) STATS - SET, 0.9, 107
2018-11-14 18:12:12 (11179702721738) STATS - SET, 1.0, 291
2018-11-14 18:12:12 (11179702864543) STATS - SET, 1.1, 513
2018-11-14 18:12:12 (11179703041549) STATS - SET, 1.2, 649
2018-11-14 18:12:12 (11179710101189) STATS - SET, 1.3, 876
2018-11-14 18:12:12 (11179710250694) STATS - SET, 1.4, 902
2018-11-14 18:12:12 (11179710383199) STATS - SET, 1.5, 791
2018-11-14 18:12:12 (11179710511703) STATS - SET, 1.6, 696
2018-11-14 18:12:12 (11179710637707) STATS - SET, 1.7, 609
2018-11-14 18:12:12 (11179710760711) STATS - SET, 1.8, 566
2018-11-14 18:12:12 (11179710884416) STATS - SET, 1.9, 468
2018-11-14 18:12:12 (11179711009020) STATS - SET, 2.0, 427
2018-11-14 18:12:12 (11179711161325) STATS - SET, 2.1, 326
2018-11-14 18:12:12 (11179711321230) STATS - SET, 2.2, 296
2018-11-14 18:12:12 (11179711493736) STATS - SET, 2.3, 212
2018-11-14 18:12:12 (11179711671542) STATS - SET, 2.4, 204
2018-11-14 18:12:12 (11179711868949) STATS - SET, 2.5, 213
2018-11-14 18:12:12 (11179712054155) STATS - SET, 2.6, 149
2018-11-14 18:12:12 (11179712250162) STATS - SET, 2.7, 154
2018-11-14 18:12:12 (11179712389067) STATS - SET, 2.8, 126
2018-11-14 18:12:12 (11179712553572) STATS - SET, 2.9, 129
2018-11-14 18:12:12 (11179712693177) STATS - SET, 3.0, 123
2018-11-14 18:12:12 (11179712849982) STATS - SET, 3.1, 98
2018-11-14 18:12:12 (11179719796819) STATS - SET, 3.2, 92
2018-11-14 18:12:12 (11179719953924) STATS - SET, 3.3, 85
2018-11-14 18:12:12 (11179720369038) STATS - SET, 3.4, 82
2018-11-14 18:12:12 (11179720559344) STATS - SET, 3.5, 82
2018-11-14 18:12:12 (11179720707549) STATS - SET, 3.6, 83
2018-11-14 18:12:12 (11179720868355) STATS - SET, 3.7, 56
2018-11-14 18:12:12 (11179721043161) STATS - SET, 3.8, 64
2018-11-14 18:12:12 (11179721183266) STATS - SET, 3.9, 44
2018-11-14 18:12:12 (11179721338871) STATS - SET, 4.0, 59
2018-11-14 18:12:12 (11179721474576) STATS - SET, 4.1, 75
2018-11-14 18:12:12 (11179721611780) STATS - SET, 4.2, 56
2018-11-14 18:12:12 (11179721766785) STATS - SET, 4.3, 55
2018-11-14 18:12:12 (11179721903790) STATS - SET, 4.4, 52
2018-11-14 18:12:12 (11179722125598) STATS - SET, 4.5, 35
2018-11-14 18:12:12 (11179722279903) STATS - SET, 4.6, 32
2018-11-14 18:12:12 (11179722435108) STATS - SET, 4.7, 41
2018-11-14 18:12:12 (11179722580013) STATS - SET, 4.8, 29
2018-11-14 18:12:12 (11179729653654) STATS - SET, 4.9, 37
2018-11-14 18:12:12 (11179729832060) STATS - SET, 5.0, 36
2018-11-14 18:12:12 (11179729956764) STATS - SET, 5.1, 43
2018-11-14 18:12:12 (11179730105069) STATS - SET, 5.2, 40
2018-11-14 18:12:12 (11179730283775) STATS - SET, 5.3, 31
2018-11-14 18:12:12 (11179730407179) STATS - SET, 5.4, 41
2018-11-14 18:12:12 (11179730529483) STATS - SET, 5.5, 27
2018-11-14 18:12:12 (11179730748991) STATS - SET, 5.6, 31
2018-11-14 18:12:12 (11179730920797) STATS - SET, 5.7, 39
2018-11-14 18:12:12 (11179731050601) STATS - SET, 5.8, 29
2018-11-14 18:12:12 (11179731180905) STATS - SET, 5.9, 26
2018-11-14 18:12:12 (11179731301310) STATS - SET, 6.0, 32
2018-11-14 18:12:12 (11179731431214) STATS - SET, 6.1, 28
2018-11-14 18:12:12 (11179731548118) STATS - SET, 6.2, 40
2018-11-14 18:12:12 (11179731703123) STATS - SET, 6.3, 23
2018-11-14 18:12:12 (11179731828727) STATS - SET, 6.4, 24
2018-11-14 18:12:12 (11179731969532) STATS - SET, 6.5, 33
2018-11-14 18:12:12 (11179732165239) STATS - SET, 6.6, 29
2018-11-14 18:12:12 (11179732292943) STATS - SET, 6.7, 34
2018-11-14 18:12:12 (11179739311182) STATS - SET, 6.8, 30
2018-11-14 18:12:12 (11179739478588) STATS - SET, 6.9, 28
2018-11-14 18:12:12 (11179739729996) STATS - SET, 7.0, 24
2018-11-14 18:12:12 (11179739849400) STATS - SET, 7.1, 38
2018-11-14 18:12:12 (11179739999705) STATS - SET, 7.2, 49
2018-11-14 18:12:12 (11179740159811) STATS - SET, 7.3, 44
2018-11-14 18:12:12 (11179740281515) STATS - SET, 7.4, 39
2018-11-14 18:12:12 (11179740427920) STATS - SET, 7.5, 48
2018-11-14 18:12:12 (11179740570525) STATS - SET, 7.6, 31
2018-11-14 18:12:12 (11179740691329) STATS - SET, 7.7, 38
2018-11-14 18:12:12 (11179740810633) STATS - SET, 7.8, 35
2018-11-14 18:12:12 (11179740936637) STATS - SET, 7.9, 37
2018-11-14 18:12:12 (11179741048941) STATS - SET, 8.0, 45
2018-11-14 18:12:12 (11179741168845) STATS - SET, 8.1, 39
2018-11-14 18:12:12 (11179741283349) STATS - SET, 8.2, 32
2018-11-14 18:12:12 (11179741413253) STATS - SET, 8.3, 14
2018-11-14 18:12:12 (11179741555558) STATS - SET, 8.4, 21
2018-11-14 18:12:12 (11179741680162) STATS - SET, 8.5, 14
2018-11-14 18:12:12 (11179741847368) STATS - SET, 8.6, 18
2018-11-14 18:12:12 (11179741967072) STATS - SET, 8.7, 18
2018-11-14 18:12:12 (11179748921509) STATS - SET, 8.8, 13
2018-11-14 18:12:12 (11179749062913) STATS - SET, 8.9, 13
2018-11-14 18:12:12 (11179749180117) STATS - SET, 9.0, 11
2018-11-14 18:12:12 (11179749299221) STATS - SET, 9.1, 11
2018-11-14 18:12:12 (11179749414925) STATS - SET, 9.2, 6
2018-11-14 18:12:12 (11179749528429) STATS - SET, 9.3, 13
2018-11-14 18:12:12 (11179749641733) STATS - SET, 9.4, 13
2018-11-14 18:12:12 (11179749794738) STATS - SET, 9.5, 32
2018-11-14 18:12:12 (11179749908242) STATS - SET, 9.6, 26
2018-11-14 18:12:12 (11179750021846) STATS - SET, 9.7, 25
2018-11-14 18:12:12 (11179750170651) STATS - SET, 9.8, 33
2018-11-14 18:12:12 (11179750285955) STATS - SET, 9.9, 69
2018-11-14 18:12:12 (11179750405459) STATS - SET, 10.0, 87
2018-11-14 18:12:12 (11179750593065) STATS - SET, 10.1, 36
2018-11-14 18:12:12 (11179750708069) STATS - SET, 10.2, 17
2018-11-14 18:12:12 (11179750818873) STATS - SET, 10.3, 8
2018-11-14 18:12:12 (11179750934177) STATS - SET, 10.4, 5
2018-11-14 18:12:12 (11179751044281) STATS - SET, 10.5, 4
2018-11-14 18:12:12 (11179751164385) STATS - SET, 10.6, 5
2018-11-14 18:12:12 (11179751307690) STATS - SET, 10.7, 6
2018-11-14 18:12:12 (11179751421994) STATS - SET, 10.8, 7
2018-11-14 18:12:12 (11179751603300) STATS - SET, 10.9, 4
2018-11-14 18:12:12 (11179758629639) STATS - SET, 11.0, 8
2018-11-14 18:12:12 (11179758794344) STATS - SET, 11.1, 3
2018-11-14 18:12:12 (11179758936749) STATS - SET, 11.2, 3
2018-11-14 18:12:12 (11179759065953) STATS - SET, 11.3, 7
2018-11-14 18:12:12 (11179759201258) STATS - SET, 11.4, 0
2018-11-14 18:12:12 (11179759318662) STATS - SET, 11.5, 4
2018-11-14 18:12:12 (11179759438766) STATS - SET, 11.6, 5
2018-11-14 18:12:12 (11179759557770) STATS - SET, 11.7, 2
2018-11-14 18:12:12 (11179759678174) STATS - SET, 11.8, 1
2018-11-14 18:12:12 (11179759802178) STATS - SET, 11.9, 6
2018-11-14 18:12:12 (11179759906182) STATS - SET, 12.0, 3
2018-11-14 18:12:12 (11179760048087) STATS - SET, 12.1, 0
2018-11-14 18:12:12 (11179760167691) STATS - SET, 12.2, 3
2018-11-14 18:12:12 (11179760272894) STATS - SET, 12.3, 4
2018-11-14 18:12:12 (11179760400499) STATS - SET, 12.4, 0
2018-11-14 18:12:12 (11179760504702) STATS - SET, 12.5, 0
2018-11-14 18:12:12 (11179760620406) STATS - SET, 12.6, 1
2018-11-14 18:12:12 (11179760745410) STATS - SET, 12.7, 4
2018-11-14 18:12:12 (11179760859014) STATS - SET, 12.8, 1
2018-11-14 18:12:12 (11179760965018) STATS - SET, 12.9, 1
2018-11-14 18:12:12 (11179761068621) STATS - SET, 13.0, 0
2018-11-14 18:12:12 (11179761175725) STATS - SET, 13.1, 0
2018-11-14 18:12:12 (11179768053959) STATS - SET, 13.2, 0
2018-11-14 18:12:12 (11179768170963) STATS - SET, 13.3, 0
2018-11-14 18:12:12 (11179768291367) STATS - SET, 13.4, 2
2018-11-14 18:12:12 (11179768409571) STATS - SET, 13.5, 1
2018-11-14 18:12:12 (11179768505274) STATS - SET, 13.6, 1
2018-11-14 18:12:12 (11179768627178) STATS - SET, 13.7, 0
2018-11-14 18:12:12 (11179768730982) STATS - SET, 13.8, 2
2018-11-14 18:12:12 (11179768855786) STATS - SET, 13.9, 1
2018-11-14 18:12:12 (11179768955690) STATS - SET, 14.0, 0
2018-11-14 18:12:12 (11179769073794) STATS - SET, 14.1, 1
2018-11-14 18:12:12 (11179769177497) STATS - SET, 14.2, 0
2018-11-14 18:12:12 (11179769277500) STATS - SET, 14.3, 2
2018-11-14 18:12:12 (11179769385704) STATS - SET, 14.4, 0
2018-11-14 18:12:12 (11179769552610) STATS - SET, 14.5, 0
2018-11-14 18:12:12 (11179769660513) STATS - SET, 14.6, 1
2018-11-14 18:12:12 (11179769788218) STATS - SET, 14.7, 3
2018-11-14 18:12:12 (11179769900322) STATS - SET, 14.8, 0
2018-11-14 18:12:12 (11179770007625) STATS - SET, 14.9, 0
2018-11-14 18:12:12 (11179770141730) STATS - SET, 15.0, 0
2018-11-14 18:12:12 (11179770236733) STATS - SET, 15.1, 0
2018-11-14 18:12:12 (11179770386138) STATS - SET, 15.2, 2
2018-11-14 18:12:12 (11179770508042) STATS - SET, 15.3, 1
2018-11-14 18:12:12 (11179770619746) STATS - SET, 15.4, 1
2018-11-14 18:12:12 (11179779805258) STATS - SET, 15.5, 0
2018-11-14 18:12:12 (11179779930963) STATS - SET, 15.6, 0
2018-11-14 18:12:12 (11179780079068) STATS - SET, 15.7, 1
2018-11-14 18:12:12 (11179780190171) STATS - SET, 15.8, 1
2018-11-14 18:12:12 (11179780329676) STATS - SET, 15.9, 1
2018-11-14 18:12:12 (11179780421979) STATS - SET, 16.0, 0
2018-11-14 18:12:12 (11179780581985) STATS - SET, 16.1, 0
2018-11-14 18:12:12 (11179781061301) STATS - SET, 16.2, 0
2018-11-14 18:12:12 (11179781179305) STATS - SET, 16.3, 0
2018-11-14 18:12:12 (11179781284209) STATS - SET, 16.4, 0
2018-11-14 18:12:12 (11179781410413) STATS - SET, 16.5, 0
2018-11-14 18:12:12 (11179781511516) STATS - SET, 16.6, 0
2018-11-14 18:12:12 (11179781612420) STATS - SET, 16.7, 0
2018-11-14 18:12:12 (11179781729024) STATS - SET, 16.8, 1
2018-11-14 18:12:12 (11179781827827) STATS - SET, 16.9, 1
2018-11-14 18:12:12 (11179782025534) STATS - SET, 17.0, 2
2018-11-14 18:12:12 (11179782132437) STATS - SET, 17.1, 1
2018-11-14 18:12:12 (11179782236841) STATS - SET, 17.2, 1
2018-11-14 18:12:12 (11179787103306) STATS - SET, 17.3, 0
2018-11-14 18:12:12 (11179787249411) STATS - SET, 17.4, 2
2018-11-14 18:12:12 (11179787348815) STATS - SET, 17.5, 0
2018-11-14 18:12:12 (11179787449418) STATS - SET, 17.6, 0
2018-11-14 18:12:12 (11179787556822) STATS - SET, 17.7, 0
2018-11-14 18:12:12 (11179787652925) STATS - SET, 17.8, 1
2018-11-14 18:12:12 (11179787759129) STATS - SET, 17.9, 0
2018-11-14 18:12:12 (11179787878433) STATS - SET, 18.0, 0
2018-11-14 18:12:12 (11179787976436) STATS - SET, 18.1, 0
2018-11-14 18:12:12 (11179788105340) STATS - SET, 18.2, 0
2018-11-14 18:12:12 (11179788239645) STATS - SET, 18.3, 0
2018-11-14 18:12:12 (11179788344549) STATS - SET, 18.4, 0
2018-11-14 18:12:12 (11179788445452) STATS - SET, 18.5, 0
2018-11-14 18:12:12 (11179788568156) STATS - SET, 18.6, 0
2018-11-14 18:12:12 (11179788672560) STATS - SET, 18.7, 0
2018-11-14 18:12:12 (11179788787064) STATS - SET, 18.8, 1
2018-11-14 18:12:12 (11179788903968) STATS - SET, 18.9, 0
2018-11-14 18:12:12 (11179788993271) STATS - SET, 19.0, 0
2018-11-14 18:12:12 (11179789082974) STATS - SET, 19.1, 0
2018-11-14 18:12:12 (11179789204378) STATS - SET, 19.2, 0
2018-11-14 18:12:12 (11179789303081) STATS - SET, 19.3, 0
2018-11-14 18:12:12 (11179789404085) STATS - SET, 19.4, 1
2018-11-14 18:12:12 (11179789642393) STATS - SET, 19.5, 0
2018-11-14 18:12:12 (11179789743396) STATS - SET, 19.6, 0
2018-11-14 18:12:12 (11179789863900) STATS - SET, 19.7, 0
2018-11-14 18:12:12 (11179796703133) STATS - SET, 19.8, 0
2018-11-14 18:12:12 (11179796840237) STATS - SET, 19.9, 1
2018-11-14 18:12:12 (11179796931240) STATS - SET, 20.0, 1
2018-11-14 18:12:12 (11179797017943) STATS - SET, 20.1, 0
2018-11-14 18:12:12 (11179797117247) STATS - SET, 20.2, 0
2018-11-14 18:12:12 (11179797211150) STATS - SET, 20.3, 0
2018-11-14 18:12:12 (11179797302853) STATS - SET, 20.4, 0
2018-11-14 18:12:12 (11179797393456) STATS - SET, 20.5, 0
2018-11-14 18:12:12 (11179797505560) STATS - SET, 20.6, 0
2018-11-14 18:12:12 (11179797596463) STATS - SET, 20.7, 0
2018-11-14 18:12:12 (11179797687666) STATS - SET, 20.8, 0
2018-11-14 18:12:12 (11179797784769) STATS - SET, 20.9, 0
2018-11-14 18:12:12 (11179797867972) STATS - SET, 21.0, 1
2018-11-14 18:12:12 (11179797953575) STATS - SET, 21.1, 0
2018-11-14 18:12:12 (11179798054379) STATS - SET, 21.2, 0
2018-11-14 18:12:12 (11179798148282) STATS - SET, 21.3, 0
2018-11-14 18:12:12 (11179798238185) STATS - SET, 21.4, 0
2018-11-14 18:12:12 (11179798338388) STATS - SET, 21.5, 0
2018-11-14 18:12:12 (11179798424391) STATS - SET, 21.6, 0
2018-11-14 18:12:12 (11179798637198) STATS - SET, 21.7, 0
2018-11-14 18:12:12 (11179798730802) STATS - SET, 21.8, 0
2018-11-14 18:12:12 (11179798845506) STATS - SET, 21.9, 0
2018-11-14 18:12:12 (11179798962109) STATS - SET, 22.0, 0
2018-11-14 18:12:12 (11179799056813) STATS - SET, 22.1, 0
2018-11-14 18:12:12 (11179799156316) STATS - SET, 22.2, 1
2018-11-14 18:12:12 (11179799251719) STATS - SET, 22.3, 0
2018-11-14 18:12:12 (11179799348223) STATS - SET, 22.4, 1
2018-11-14 18:12:12 (11179806271158) STATS - SET, 22.5, 0
2018-11-14 18:12:12 (11179806455164) STATS - SET, 22.6, 0
2018-11-14 18:12:12 (11179807203290) STATS - SET, 22.7, 0
2018-11-14 18:12:12 (11179807302193) STATS - SET, 22.8, 0
2018-11-14 18:12:12 (11179807395996) STATS - SET, 22.9, 0
2018-11-14 18:12:12 (11179807527401) STATS - SET, 23.0, 0
2018-11-14 18:12:12 (11179807641105) STATS - SET, 23.1, 0
2018-11-14 18:12:12 (11179807758809) STATS - SET, 23.2, 0
2018-11-14 18:12:12 (11179807882013) STATS - SET, 23.3, 0
2018-11-14 18:12:12 (11179807970016) STATS - SET, 23.4, 0
2018-11-14 18:12:12 (11179808095320) STATS - SET, 23.5, 0
2018-11-14 18:12:12 (11179808200324) STATS - SET, 23.6, 0
2018-11-14 18:12:12 (11179808470433) STATS - SET, 23.7, 0
2018-11-14 18:12:12 (11179808578136) STATS - SET, 23.8, 0
2018-11-14 18:12:12 (11179808692240) STATS - SET, 23.9, 0
2018-11-14 18:12:12 (11179808855646) STATS - SET, 24.0, 0
2018-11-14 18:12:12 (11179809020351) STATS - SET, 24.1, 0
2018-11-14 18:12:12 (11179809131855) STATS - SET, 24.2, 0
2018-11-14 18:12:12 (11179809255459) STATS - SET, 24.3, 1
2018-11-14 18:12:12 (11179809350063) STATS - SET, 24.4, 0
2018-11-14 18:12:12 (11179809457666) STATS - SET, 24.5, 0
2018-11-14 18:12:12 (11179809568870) STATS - SET, 24.6, 0
2018-11-14 18:12:12 (11179815916186) STATS - SET, 24.7, 0
2018-11-14 18:12:12 (11179816078491) STATS - SET, 24.8, 0
2018-11-14 18:12:12 (11179816175395) STATS - SET, 24.9, 0
2018-11-14 18:12:12 (11179816263298) STATS - SET, 25.0, 0
2018-11-14 18:12:12 (11179816363801) STATS - SET, 25.1, 0
2018-11-14 18:12:12 (11179818596177) STATS - SET, 25.2, 0
2018-11-14 18:12:12 (11179818739482) STATS - SET, 25.3, 0
2018-11-14 18:12:12 (11179818845485) STATS - SET, 25.4, 0
2018-11-14 18:12:12 (11179818936288) STATS - SET, 25.5, 0
2018-11-14 18:12:12 (11179819054192) STATS - SET, 25.6, 0
2018-11-14 18:12:12 (11179819151896) STATS - SET, 25.7, 0
2018-11-14 18:12:12 (11179819248399) STATS - SET, 25.8, 0
2018-11-14 18:12:12 (11179819334002) STATS - SET, 25.9, 0
2018-11-14 18:12:12 (11179819425205) STATS - SET, 26.0, 0
2018-11-14 18:12:12 (11179819523608) STATS - SET, 26.1, 0
2018-11-14 18:12:12 (11179819624312) STATS - SET, 26.2, 0
2018-11-14 18:12:12 (11179819730815) STATS - SET, 26.3, 0
2018-11-14 18:12:12 (11179819815918) STATS - SET, 26.4, 0
2018-11-14 18:12:12 (11179819900821) STATS - SET, 26.5, 0
2018-11-14 18:12:12 (11179819989724) STATS - SET, 26.6, 0
2018-11-14 18:12:12 (11179820107728) STATS - SET, 26.7, 0
2018-11-14 18:12:12 (11179820206432) STATS - SET, 26.8, 0
2018-11-14 18:12:12 (11179820293735) STATS - SET, 26.9, 0
2018-11-14 18:12:12 (11179820375137) STATS - SET, 27.0, 0
2018-11-14 18:12:12 (11179820457540) STATS - SET, 27.1, 0
2018-11-14 18:12:12 (11179820540443) STATS - SET, 27.2, 0
2018-11-14 18:12:12 (11179825320105) STATS - SET, 27.3, 0
2018-11-14 18:12:12 (11179825433309) STATS - SET, 27.4, 0
2018-11-14 18:12:12 (11179825518412) STATS - SET, 27.5, 0
2018-11-14 18:12:12 (11179825599715) STATS - SET, 27.6, 0
2018-11-14 18:12:12 (11179825679818) STATS - SET, 27.7, 0
2018-11-14 18:12:12 (11179825818222) STATS - SET, 27.8, 1
2018-11-14 18:12:12 (11179825931726) STATS - SET, 27.9, 0
2018-11-14 18:12:12 (11179826013029) STATS - SET, 28.0, 0
2018-11-14 18:12:12 (11179826127233) STATS - SET, 28.1, 0
2018-11-14 18:12:12 (11179826212336) STATS - SET, 28.2, 0
2018-11-14 18:12:12 (11179826325740) STATS - SET, 28.3, 0
2018-11-14 18:12:12 (11179826412243) STATS - SET, 28.4, 0
2018-11-14 18:12:12 (11179826496845) STATS - SET, 28.5, 0
2018-11-14 18:12:12 (11179826579848) STATS - SET, 28.6, 0
2018-11-14 18:12:12 (11179826662751) STATS - SET, 28.7, 0
2018-11-14 18:12:12 (11179826745554) STATS - SET, 28.8, 0
2018-11-14 18:12:12 (11179826832157) STATS - SET, 28.9, 0
2018-11-14 18:12:12 (11179826912860) STATS - SET, 29.0, 0
2018-11-14 18:12:12 (11179827007963) STATS - SET, 29.1, 0
2018-11-14 18:12:12 (11179827091666) STATS - SET, 29.2, 0
2018-11-14 18:12:12 (11179827174668) STATS - SET, 29.3, 0
2018-11-14 18:12:12 (11179827279572) STATS - SET, 29.4, 0
2018-11-14 18:12:12 (11179827361375) STATS - SET, 29.5, 0
2018-11-14 18:12:12 (11179827445778) STATS - SET, 29.6, 0
2018-11-14 18:12:12 (11179827527180) STATS - SET, 29.7, 0
2018-11-14 18:12:12 (11179827621684) STATS - SET, 29.8, 0
2018-11-14 18:12:12 (11179827713687) STATS - SET, 29.9, 1
2018-11-14 18:12:12 (11179827795790) STATS - SET, 30.0, 0
2018-11-14 18:12:12 (11179827886793) STATS - SET, 30.1, 0
2018-11-14 18:12:12 (11179827980096) STATS - SET, 30.2, 0
2018-11-14 18:12:12 (11179828100200) STATS - SET, 30.3, 0
2018-11-14 18:12:12 (11179834927432) STATS - SET, 30.4, 0
2018-11-14 18:12:12 (11179835021235) STATS - SET, 30.5, 0
2018-11-14 18:12:12 (11179835099338) STATS - SET, 30.6, 0
2018-11-14 18:12:12 (11179835175540) STATS - SET, 30.7, 0
2018-11-14 18:12:12 (11179835249743) STATS - SET, 30.8, 0
2018-11-14 18:12:12 (11179835323445) STATS - SET, 30.9, 0
2018-11-14 18:12:12 (11179835398048) STATS - SET, 31.0, 0
2018-11-14 18:12:12 (11179835472351) STATS - SET, 31.1, 0
2018-11-14 18:12:12 (11179835546353) STATS - SET, 31.2, 0
2018-11-14 18:12:12 (11179835619956) STATS - SET, 31.3, 0
2018-11-14 18:12:12 (11179835707059) STATS - SET, 31.4, 0
2018-11-14 18:12:12 (11179835799162) STATS - SET, 31.5, 0
2018-11-14 18:12:12 (11179835879464) STATS - SET, 31.6, 0
2018-11-14 18:12:12 (11179835959267) STATS - SET, 31.7, 0
2018-11-14 18:12:12 (11179836095272) STATS - SET, 31.8, 1
2018-11-14 18:12:12 (11179836285778) STATS - GET, 0.1, 0
2018-11-14 18:12:12 (11179836784195) STATS - GET, 0.2, 0
2018-11-14 18:12:12 (11179837187609) STATS - GET, 0.3, 0
2018-11-14 18:12:12 (11179837276212) STATS - GET, 0.4, 0
2018-11-14 18:12:12 (11179837358415) STATS - GET, 0.5, 0
2018-11-14 18:12:12 (11179837439417) STATS - GET, 0.6, 0
2018-11-14 18:12:12 (11179837523820) STATS - GET, 0.7, 0
2018-11-14 18:12:12 (11179837616023) STATS - GET, 0.8, 0
2018-11-14 18:12:12 (11179837708427) STATS - GET, 0.9, 0
2018-11-14 18:12:12 (11179837785129) STATS - GET, 1.0, 0
2018-11-14 18:12:12 (11179844637362) STATS - GET, 1.1, 0
2018-11-14 18:12:12 (11179844739766) STATS - GET, 1.2, 0
2018-11-14 18:12:12 (11179844810768) STATS - GET, 1.3, 0
2018-11-14 18:12:12 (11179844878970) STATS - GET, 1.4, 0
2018-11-14 18:12:12 (11179844951673) STATS - GET, 1.5, 0
2018-11-14 18:12:12 (11179845027975) STATS - GET, 1.6, 2
2018-11-14 18:12:12 (11179845092678) STATS - GET, 1.7, 48
2018-11-14 18:12:12 (11179845161080) STATS - GET, 1.8, 223
2018-11-14 18:12:12 (11179845226682) STATS - GET, 1.9, 525
2018-11-14 18:12:12 (11179845288884) STATS - GET, 2.0, 990
2018-11-14 18:12:12 (11179845352086) STATS - GET, 2.1, 1311
2018-11-14 18:12:12 (11179845417889) STATS - GET, 2.2, 1710
2018-11-14 18:12:12 (11179845483591) STATS - GET, 2.3, 1828
2018-11-14 18:12:12 (11179845554393) STATS - GET, 2.4, 1815
2018-11-14 18:12:12 (11179845618795) STATS - GET, 2.5, 1774
2018-11-14 18:12:12 (11179845682198) STATS - GET, 2.6, 1552
2018-11-14 18:12:12 (11179845746300) STATS - GET, 2.7, 1436
2018-11-14 18:12:12 (11179845810702) STATS - GET, 2.8, 1240
2018-11-14 18:12:12 (11179845877904) STATS - GET, 2.9, 1078
2018-11-14 18:12:12 (11179845940906) STATS - GET, 3.0, 970
2018-11-14 18:12:12 (11179846005909) STATS - GET, 3.1, 845
2018-11-14 18:12:12 (11179846071711) STATS - GET, 3.2, 739
2018-11-14 18:12:12 (11179846136813) STATS - GET, 3.3, 633
2018-11-14 18:12:12 (11179846201015) STATS - GET, 3.4, 602
2018-11-14 18:12:12 (11179846264517) STATS - GET, 3.5, 505
2018-11-14 18:12:12 (11179846327620) STATS - GET, 3.6, 450
2018-11-14 18:12:12 (11179846391822) STATS - GET, 3.7, 409
2018-11-14 18:12:12 (11179846456224) STATS - GET, 3.8, 373
2018-11-14 18:12:12 (11179846534027) STATS - GET, 3.9, 340
2018-11-14 18:12:12 (11179846605429) STATS - GET, 4.0, 327
2018-11-14 18:12:12 (11179846671931) STATS - GET, 4.1, 260
2018-11-14 18:12:12 (11179846802736) STATS - GET, 4.2, 248
2018-11-14 18:12:12 (11179846880238) STATS - GET, 4.3, 221
2018-11-14 18:12:12 (11179847020543) STATS - GET, 4.4, 242
2018-11-14 18:12:12 (11179847095246) STATS - GET, 4.5, 188
2018-11-14 18:12:12 (11179847287452) STATS - GET, 4.6, 190
2018-11-14 18:12:12 (11179847399356) STATS - GET, 4.7, 185
2018-11-14 18:12:12 (11179854407594) STATS - GET, 4.8, 174
2018-11-14 18:12:12 (11179854649302) STATS - GET, 4.9, 161
2018-11-14 18:12:12 (11179854760206) STATS - GET, 5.0, 164
2018-11-14 18:12:12 (11179854872210) STATS - GET, 5.1, 144
2018-11-14 18:12:12 (11179854942412) STATS - GET, 5.2, 167
2018-11-14 18:12:12 (11179855008215) STATS - GET, 5.3, 149
2018-11-14 18:12:12 (11179855094618) STATS - GET, 5.4, 116
2018-11-14 18:12:12 (11179855173820) STATS - GET, 5.5, 133
2018-11-14 18:12:12 (11179855234422) STATS - GET, 5.6, 134
2018-11-14 18:12:12 (11179855291324) STATS - GET, 5.7, 124
2018-11-14 18:12:12 (11179855362627) STATS - GET, 5.8, 118
2018-11-14 18:12:12 (11179855434429) STATS - GET, 5.9, 124
2018-11-14 18:12:12 (11179855506432) STATS - GET, 6.0, 110
2018-11-14 18:12:12 (11179855571234) STATS - GET, 6.1, 111
2018-11-14 18:12:12 (11179855634536) STATS - GET, 6.2, 124
2018-11-14 18:12:12 (11179855697138) STATS - GET, 6.3, 157
2018-11-14 18:12:12 (11179855760240) STATS - GET, 6.4, 108
2018-11-14 18:12:12 (11179855882844) STATS - GET, 6.5, 123
2018-11-14 18:12:12 (11179855965147) STATS - GET, 6.6, 116
2018-11-14 18:12:12 (11179856044850) STATS - GET, 6.7, 127
2018-11-14 18:12:12 (11179856130553) STATS - GET, 6.8, 115
2018-11-14 18:12:12 (11179856186955) STATS - GET, 6.9, 130
2018-11-14 18:12:12 (11179856240556) STATS - GET, 7.0, 125
2018-11-14 18:12:12 (11179856296258) STATS - GET, 7.1, 107
2018-11-14 18:12:12 (11179856351760) STATS - GET, 7.2, 117
2018-11-14 18:12:12 (11179856408562) STATS - GET, 7.3, 102
2018-11-14 18:12:12 (11179856465164) STATS - GET, 7.4, 132
2018-11-14 18:12:12 (11179856521066) STATS - GET, 7.5, 148
2018-11-14 18:12:12 (11179856577968) STATS - GET, 7.6, 140
2018-11-14 18:12:12 (11179856633970) STATS - GET, 7.7, 159
2018-11-14 18:12:12 (11179856689772) STATS - GET, 7.8, 157
2018-11-14 18:12:12 (11179856747974) STATS - GET, 7.9, 182
2018-11-14 18:12:12 (11179856802476) STATS - GET, 8.0, 184
2018-11-14 18:12:12 (11179856858778) STATS - GET, 8.1, 232
2018-11-14 18:12:12 (11179856915579) STATS - GET, 8.2, 221
2018-11-14 18:12:12 (11179856974781) STATS - GET, 8.3, 256
2018-11-14 18:12:12 (11179857031083) STATS - GET, 8.4, 265
2018-11-14 18:12:12 (11179857088385) STATS - GET, 8.5, 248
2018-11-14 18:12:12 (11179857148487) STATS - GET, 8.6, 267
2018-11-14 18:12:12 (11179857205689) STATS - GET, 8.7, 237
2018-11-14 18:12:12 (11179857264491) STATS - GET, 8.8, 208
2018-11-14 18:12:12 (11179857322093) STATS - GET, 8.9, 227
2018-11-14 18:12:12 (11179864430335) STATS - GET, 9.0, 208
2018-11-14 18:12:12 (11179864495637) STATS - GET, 9.1, 203
2018-11-14 18:12:12 (11179864554039) STATS - GET, 9.2, 174
2018-11-14 18:12:12 (11179864614541) STATS - GET, 9.3, 143
2018-11-14 18:12:12 (11179864690944) STATS - GET, 9.4, 119
2018-11-14 18:12:12 (11179864747446) STATS - GET, 9.5, 103
2018-11-14 18:12:12 (11179864803148) STATS - GET, 9.6, 110
2018-11-14 18:12:12 (11179864857749) STATS - GET, 9.7, 97
2018-11-14 18:12:12 (11179864912551) STATS - GET, 9.8, 106
2018-11-14 18:12:12 (11179864968053) STATS - GET, 9.9, 93
2018-11-14 18:12:12 (11179865032155) STATS - GET, 10.0, 102
2018-11-14 18:12:12 (11179865085057) STATS - GET, 10.1, 112
2018-11-14 18:12:12 (11179865139259) STATS - GET, 10.2, 110
2018-11-14 18:12:12 (11179865348966) STATS - GET, 10.3, 108
2018-11-14 18:12:12 (11179865420769) STATS - GET, 10.4, 131
2018-11-14 18:12:12 (11179865480971) STATS - GET, 10.5, 139
2018-11-14 18:12:12 (11179865541673) STATS - GET, 10.6, 150
2018-11-14 18:12:12 (11179865602175) STATS - GET, 10.7, 208
2018-11-14 18:12:12 (11179865667577) STATS - GET, 10.8, 261
2018-11-14 18:12:12 (11179865728379) STATS - GET, 10.9, 326
2018-11-14 18:12:12 (11179865785081) STATS - GET, 11.0, 263
2018-11-14 18:12:12 (11179865884484) STATS - GET, 11.1, 196
2018-11-14 18:12:12 (11179865945086) STATS - GET, 11.2, 140
2018-11-14 18:12:12 (11179866004288) STATS - GET, 11.3, 98
2018-11-14 18:12:12 (11179866068191) STATS - GET, 11.4, 103
2018-11-14 18:12:12 (11179866129593) STATS - GET, 11.5, 71
2018-11-14 18:12:12 (11179866210995) STATS - GET, 11.6, 61
2018-11-14 18:12:12 (11179866291298) STATS - GET, 11.7, 57
2018-11-14 18:12:12 (11179866347400) STATS - GET, 11.8, 62
2018-11-14 18:12:12 (11179866405902) STATS - GET, 11.9, 50
2018-11-14 18:12:12 (11179866459504) STATS - GET, 12.0, 49
2018-11-14 18:12:12 (11179866514906) STATS - GET, 12.1, 42
2018-11-14 18:12:12 (11179866570808) STATS - GET, 12.2, 33
2018-11-14 18:12:12 (11179866635710) STATS - GET, 12.3, 46
2018-11-14 18:12:12 (11179866699612) STATS - GET, 12.4, 41
2018-11-14 18:12:12 (11179866754914) STATS - GET, 12.5, 25
2018-11-14 18:12:12 (11179866810116) STATS - GET, 12.6, 35
2018-11-14 18:12:12 (11179866865418) STATS - GET, 12.7, 41
2018-11-14 18:12:12 (11179866920420) STATS - GET, 12.8, 38
2018-11-14 18:12:12 (11179866999822) STATS - GET, 12.9, 29
2018-11-14 18:12:12 (11179867064824) STATS - GET, 13.0, 38
2018-11-14 18:12:12 (11179867134627) STATS - GET, 13.1, 35
2018-11-14 18:12:12 (11179867193929) STATS - GET, 13.2, 37
2018-11-14 18:12:12 (11179874281570) STATS - GET, 13.3, 30
2018-11-14 18:12:12 (11179874340972) STATS - GET, 13.4, 28
2018-11-14 18:12:12 (11179874391673) STATS - GET, 13.5, 29
2018-11-14 18:12:12 (11179874441375) STATS - GET, 13.6, 29
2018-11-14 18:12:12 (11179874490377) STATS - GET, 13.7, 21
2018-11-14 18:12:12 (11179874540079) STATS - GET, 13.8, 17
2018-11-14 18:12:12 (11179874588080) STATS - GET, 13.9, 12
2018-11-14 18:12:12 (11179874636182) STATS - GET, 14.0, 21
2018-11-14 18:12:12 (11179874686584) STATS - GET, 14.1, 25
2018-11-14 18:12:12 (11179874735285) STATS - GET, 14.2, 16
2018-11-14 18:12:12 (11179874783087) STATS - GET, 14.3, 22
2018-11-14 18:12:12 (11179874830888) STATS - GET, 14.4, 19
2018-11-14 18:12:12 (11179874878590) STATS - GET, 14.5, 18
2018-11-14 18:12:12 (11179874927692) STATS - GET, 14.6, 14
2018-11-14 18:12:12 (11179874977493) STATS - GET, 14.7, 15
2018-11-14 18:12:12 (11179875024895) STATS - GET, 14.8, 17
2018-11-14 18:12:12 (11179875073697) STATS - GET, 14.9, 7
2018-11-14 18:12:12 (11179875122498) STATS - GET, 15.0, 20
2018-11-14 18:12:12 (11179875194201) STATS - GET, 15.1, 15
2018-11-14 18:12:12 (11179875258903) STATS - GET, 15.2, 11
2018-11-14 18:12:12 (11179875321805) STATS - GET, 15.3, 10
2018-11-14 18:12:12 (11179875385907) STATS - GET, 15.4, 5
2018-11-14 18:12:12 (11179875438909) STATS - GET, 15.5, 11
2018-11-14 18:12:12 (11179875494611) STATS - GET, 15.6, 15
2018-11-14 18:12:12 (11179875557913) STATS - GET, 15.7, 15
2018-11-14 18:12:12 (11179875631016) STATS - GET, 15.8, 12
2018-11-14 18:12:12 (11179875685717) STATS - GET, 15.9, 12
2018-11-14 18:12:12 (11179875762120) STATS - GET, 16.0, 6
2018-11-14 18:12:12 (11179875830622) STATS - GET, 16.1, 9
2018-11-14 18:12:12 (11179875893325) STATS - GET, 16.2, 9
2018-11-14 18:12:12 (11179875944326) STATS - GET, 16.3, 9
2018-11-14 18:12:12 (11179875994828) STATS - GET, 16.4, 9
2018-11-14 18:12:12 (11179876077831) STATS - GET, 16.5, 4
2018-11-14 18:12:12 (11179876133833) STATS - GET, 16.6, 6
2018-11-14 18:12:12 (11179876216536) STATS - GET, 16.7, 7
2018-11-14 18:12:12 (11179876265737) STATS - GET, 16.8, 4
2018-11-14 18:12:12 (11179876315439) STATS - GET, 16.9, 11
2018-11-14 18:12:12 (11179876373941) STATS - GET, 17.0, 3
2018-11-14 18:12:12 (11179876454044) STATS - GET, 17.1, 8
2018-11-14 18:12:12 (11179876509045) STATS - GET, 17.2, 8
2018-11-14 18:12:12 (11179876560747) STATS - GET, 17.3, 8
2018-11-14 18:12:12 (11179876623949) STATS - GET, 17.4, 13
2018-11-14 18:12:12 (11179876743753) STATS - GET, 17.5, 8
2018-11-14 18:12:12 (11179876830856) STATS - GET, 17.6, 9
2018-11-14 18:12:12 (11179877116666) STATS - GET, 17.7, 17
2018-11-14 18:12:12 (11179884310811) STATS - GET, 17.8, 10
2018-11-14 18:12:12 (11179884413014) STATS - GET, 17.9, 8
2018-11-14 18:12:12 (11179884493717) STATS - GET, 18.0, 11
2018-11-14 18:12:12 (11179884557419) STATS - GET, 18.1, 13
2018-11-14 18:12:12 (11179884641722) STATS - GET, 18.2, 9
2018-11-14 18:12:12 (11179884700424) STATS - GET, 18.3, 2
2018-11-14 18:12:12 (11179884749326) STATS - GET, 18.4, 12
2018-11-14 18:12:12 (11179884796327) STATS - GET, 18.5, 8
2018-11-14 18:12:12 (11179884842529) STATS - GET, 18.6, 4
2018-11-14 18:12:12 (11179884889130) STATS - GET, 18.7, 1
2018-11-14 18:12:12 (11179884935332) STATS - GET, 18.8, 5
2018-11-14 18:12:12 (11179884981533) STATS - GET, 18.9, 7
2018-11-14 18:12:12 (11179885027835) STATS - GET, 19.0, 5
2018-11-14 18:12:12 (11179885074837) STATS - GET, 19.1, 3
2018-11-14 18:12:12 (11179885121638) STATS - GET, 19.2, 4
2018-11-14 18:12:12 (11179885190041) STATS - GET, 19.3, 5
2018-11-14 18:12:12 (11179885248943) STATS - GET, 19.4, 3
2018-11-14 18:12:12 (11179885297944) STATS - GET, 19.5, 4
2018-11-14 18:12:12 (11179885354846) STATS - GET, 19.6, 6
2018-11-14 18:12:12 (11179885402548) STATS - GET, 19.7, 6
2018-11-14 18:12:12 (11179885449549) STATS - GET, 19.8, 3
2018-11-14 18:12:12 (11179885495951) STATS - GET, 19.9, 3
2018-11-14 18:12:12 (11179885540952) STATS - GET, 20.0, 4
2018-11-14 18:12:12 (11179885586954) STATS - GET, 20.1, 2
2018-11-14 18:12:12 (11179885633856) STATS - GET, 20.2, 3
2018-11-14 18:12:12 (11179885703258) STATS - GET, 20.3, 4
2018-11-14 18:12:12 (11179885772060) STATS - GET, 20.4, 3
2018-11-14 18:12:12 (11179885820162) STATS - GET, 20.5, 4
2018-11-14 18:12:12 (11179885865464) STATS - GET, 20.6, 2
2018-11-14 18:12:12 (11179885913165) STATS - GET, 20.7, 1
2018-11-14 18:12:12 (11179885971067) STATS - GET, 20.8, 3
2018-11-14 18:12:12 (11179886019569) STATS - GET, 20.9, 3
2018-11-14 18:12:12 (11179886064470) STATS - GET, 21.0, 5
2018-11-14 18:12:12 (11179886110372) STATS - GET, 21.1, 3
2018-11-14 18:12:12 (11179886156873) STATS - GET, 21.2, 2
2018-11-14 18:12:12 (11179886202775) STATS - GET, 21.3, 2
2018-11-14 18:12:12 (11179886249677) STATS - GET, 21.4, 3
2018-11-14 18:12:12 (11179886296178) STATS - GET, 21.5, 0
2018-11-14 18:12:12 (11179886366581) STATS - GET, 21.6, 2
2018-11-14 18:12:12 (11179886414682) STATS - GET, 21.7, 1
2018-11-14 18:12:12 (11179886463384) STATS - GET, 21.8, 0
2018-11-14 18:12:12 (11179886510485) STATS - GET, 21.9, 0
2018-11-14 18:12:12 (11179886566287) STATS - GET, 22.0, 1
2018-11-14 18:12:12 (11179886611489) STATS - GET, 22.1, 0
2018-11-14 18:12:12 (11179886657490) STATS - GET, 22.2, 2
2018-11-14 18:12:12 (11179886727593) STATS - GET, 22.3, 1
2018-11-14 18:12:12 (11179886777595) STATS - GET, 22.4, 3
2018-11-14 18:12:12 (11179886826796) STATS - GET, 22.5, 2
2018-11-14 18:12:12 (11179886875098) STATS - GET, 22.6, 2
2018-11-14 18:12:12 (11179886923999) STATS - GET, 22.7, 1
2018-11-14 18:12:12 (11179886972101) STATS - GET, 22.8, 0
2018-11-14 18:12:12 (11179887024603) STATS - GET, 22.9, 0
2018-11-14 18:12:12 (11179894068242) STATS - GET, 23.0, 1
2018-11-14 18:12:12 (11179894181846) STATS - GET, 23.1, 0
2018-11-14 18:12:12 (11179894241248) STATS - GET, 23.2, 1
2018-11-14 18:12:12 (11179894283950) STATS - GET, 23.3, 0
2018-11-14 18:12:12 (11179894360852) STATS - GET, 23.4, 0
2018-11-14 18:12:12 (11179894418854) STATS - GET, 23.5, 1
2018-11-14 18:12:12 (11179894465256) STATS - GET, 23.6, 2
2018-11-14 18:12:12 (11179894522558) STATS - GET, 23.7, 0
2018-11-14 18:12:12 (11179894579060) STATS - GET, 23.8, 1
2018-11-14 18:12:12 (11179894649662) STATS - GET, 23.9, 1
2018-11-14 18:12:12 (11179894698264) STATS - GET, 24.0, 3
2018-11-14 18:12:12 (11179894746865) STATS - GET, 24.1, 1
2018-11-14 18:12:12 (11179894835468) STATS - GET, 24.2, 0
2018-11-14 18:12:12 (11179894889670) STATS - GET, 24.3, 0
2018-11-14 18:12:12 (11179894945972) STATS - GET, 24.4, 0
2018-11-14 18:12:12 (11179894990374) STATS - GET, 24.5, 1
2018-11-14 18:12:12 (11179895033975) STATS - GET, 24.6, 0
2018-11-14 18:12:12 (11179895077577) STATS - GET, 24.7, 1
2018-11-14 18:12:12 (11179895133179) STATS - GET, 24.8, 0
2018-11-14 18:12:12 (11179895175780) STATS - GET, 24.9, 0
2018-11-14 18:12:12 (11179895216181) STATS - GET, 25.0, 0
2018-11-14 18:12:12 (11179895258183) STATS - GET, 25.1, 0
2018-11-14 18:12:12 (11179895301284) STATS - GET, 25.2, 0
2018-11-14 18:12:12 (11179895343086) STATS - GET, 25.3, 0
2018-11-14 18:12:12 (11179895385687) STATS - GET, 25.4, 1
2018-11-14 18:12:12 (11179895428589) STATS - GET, 25.5, 0
2018-11-14 18:12:12 (11179895470890) STATS - GET, 25.6, 1
2018-11-14 18:12:12 (11179895513891) STATS - GET, 25.7, 0
2018-11-14 18:12:12 (11179895556293) STATS - GET, 25.8, 1
2018-11-14 18:12:12 (11179895598894) STATS - GET, 25.9, 1
2018-11-14 18:12:12 (11179895639396) STATS - GET, 26.0, 0
2018-11-14 18:12:12 (11179895681297) STATS - GET, 26.1, 0
2018-11-14 18:12:12 (11179895723499) STATS - GET, 26.2, 0
2018-11-14 18:12:12 (11179895767600) STATS - GET, 26.3, 0
2018-11-14 18:12:12 (11179895823702) STATS - GET, 26.4, 0
2018-11-14 18:12:12 (11179895867703) STATS - GET, 26.5, 1
2018-11-14 18:12:12 (11179895911305) STATS - GET, 26.6, 1
2018-11-14 18:12:12 (11179895955006) STATS - GET, 26.7, 1
2018-11-14 18:12:12 (11179895998908) STATS - GET, 26.8, 0
2018-11-14 18:12:12 (11179896071910) STATS - GET, 26.9, 0
2018-11-14 18:12:12 (11179896113612) STATS - GET, 27.0, 1
2018-11-14 18:12:12 (11179896158713) STATS - GET, 27.1, 0
2018-11-14 18:12:12 (11179896202215) STATS - GET, 27.2, 0
2018-11-14 18:12:12 (11179896244116) STATS - GET, 27.3, 0
2018-11-14 18:12:12 (11179896286418) STATS - GET, 27.4, 0
2018-11-14 18:12:12 (11179896329119) STATS - GET, 27.5, 0
2018-11-14 18:12:12 (11179896371121) STATS - GET, 27.6, 2
2018-11-14 18:12:12 (11179896413422) STATS - GET, 27.7, 1
2018-11-14 18:12:12 (11179896458224) STATS - GET, 27.8, 0
2018-11-14 18:12:12 (11179896513025) STATS - GET, 27.9, 0
2018-11-14 18:12:12 (11179896556027) STATS - GET, 28.0, 0
2018-11-14 18:12:12 (11179896602928) STATS - GET, 28.1, 0
2018-11-14 18:12:12 (11179896648330) STATS - GET, 28.2, 0
2018-11-14 18:12:12 (11179896692832) STATS - GET, 28.3, 0
2018-11-14 18:12:12 (11179896755934) STATS - GET, 28.4, 0
2018-11-14 18:12:12 (11179896803335) STATS - GET, 28.5, 1
2018-11-14 18:12:12 (11179896848437) STATS - GET, 28.6, 0
2018-11-14 18:12:12 (11179896904339) STATS - GET, 28.7, 0
2018-11-14 18:12:12 (11179896958941) STATS - GET, 28.8, 0
2018-11-14 18:12:12 (11179903999080) STATS - GET, 28.9, 0
2018-11-14 18:12:12 (11179904067182) STATS - GET, 29.0, 0
2018-11-14 18:12:12 (11179904105284) STATS - GET, 29.1, 0
2018-11-14 18:12:12 (11179904140585) STATS - GET, 29.2, 0
2018-11-14 18:12:12 (11179904198387) STATS - GET, 29.3, 0
2018-11-14 18:12:12 (11179904264289) STATS - GET, 29.4, 0
2018-11-14 18:12:12 (11179904316691) STATS - GET, 29.5, 0
2018-11-14 18:12:12 (11179904355392) STATS - GET, 29.6, 1
2018-11-14 18:12:12 (11179904414394) STATS - GET, 29.7, 1
2018-11-14 18:12:12 (11179904457095) STATS - GET, 29.8, 0
2018-11-14 18:12:12 (11179904495497) STATS - GET, 29.9, 0
2018-11-14 18:12:12 (11179904557399) STATS - GET, 30.0, 0
2018-11-14 18:12:12 (11179904608201) STATS - GET, 30.1, 0
2018-11-14 18:12:12 (11179904646202) STATS - GET, 30.2, 1
2018-11-14 18:12:12 (11179904685403) STATS - GET, 30.3, 0
2018-11-14 18:12:12 (11179904725905) STATS - GET, 30.4, 0
2018-11-14 18:12:12 (11179904774206) STATS - GET, 30.5, 0
2018-11-14 18:12:12 (11179904856909) STATS - GET, 30.6, 0
2018-11-14 18:12:12 (11179904901211) STATS - GET, 30.7, 1
2018-11-14 18:12:12 (11179904938412) STATS - GET, 30.8, 2
2018-11-14 18:12:12 (11179904976913) STATS - GET, 30.9, 0
2018-11-14 18:12:12 (11179905015614) STATS - GET, 31.0, 0
2018-11-14 18:12:12 (11179905068816) STATS - GET, 31.1, 0
2018-11-14 18:12:12 (11179905113518) STATS - GET, 31.2, 0
2018-11-14 18:12:12 (11179905151619) STATS - GET, 31.3, 0
2018-11-14 18:12:12 (11179905188520) STATS - GET, 31.4, 0
2018-11-14 18:12:12 (11179905225422) STATS - GET, 31.5, 0
2018-11-14 18:12:12 (11179905263223) STATS - GET, 31.6, 0
2018-11-14 18:12:12 (11179905300224) STATS - GET, 31.7, 2
2018-11-14 18:12:12 (11179905336325) STATS - GET, 31.8, 0
2018-11-14 18:12:12 (11179905397927) STATS - GET, 31.9, 0
2018-11-14 18:12:12 (11179905429829) STATS - GET, 32.0, 0
2018-11-14 18:12:12 (11179905464230) STATS - GET, 32.1, 1
2018-11-14 18:12:12 (11179905525032) STATS - GET, 32.2, 0
2018-11-14 18:12:12 (11179905576634) STATS - GET, 32.3, 1
2018-11-14 18:12:12 (11179905616035) STATS - GET, 32.4, 1
2018-11-14 18:12:12 (11179905654236) STATS - GET, 32.5, 0
2018-11-14 18:12:12 (11179906041749) STATS - GET, 32.6, 1
2018-11-14 18:12:12 (11179906084151) STATS - GET, 32.7, 1
2018-11-14 18:12:12 (11179906123052) STATS - GET, 32.8, 0
2018-11-14 18:12:12 (11179906160653) STATS - GET, 32.9, 1
2018-11-14 18:12:12 (11179906196255) STATS - GET, 33.0, 0
2018-11-14 18:12:12 (11179906233356) STATS - GET, 33.1, 0
2018-11-14 18:12:12 (11179906273457) STATS - GET, 33.2, 0
2018-11-14 18:12:12 (11179906323959) STATS - GET, 33.3, 0
2018-11-14 18:12:12 (11179906359860) STATS - GET, 33.4, 0
2018-11-14 18:12:12 (11179906479964) STATS - GET, 33.5, 1
2018-11-14 18:12:12 (11179906522166) STATS - GET, 33.6, 0
2018-11-14 18:12:12 (11179906559167) STATS - GET, 33.7, 0
2018-11-14 18:12:12 (11179906595968) STATS - GET, 33.8, 0
2018-11-14 18:12:12 (11179906632769) STATS - GET, 33.9, 0
2018-11-14 18:12:12 (11179906667271) STATS - GET, 34.0, 0
2018-11-14 18:12:12 (11179906702572) STATS - GET, 34.1, 0
2018-11-14 18:12:12 (11179906741273) STATS - GET, 34.2, 0
2018-11-14 18:12:12 (11179906788775) STATS - GET, 34.3, 0
2018-11-14 18:12:12 (11179913908117) STATS - GET, 34.4, 0
2018-11-14 18:12:12 (11179914191326) STATS - GET, 34.5, 0
2018-11-14 18:12:12 (11179914271529) STATS - GET, 34.6, 0
2018-11-14 18:12:12 (11179914312630) STATS - GET, 34.7, 0
2018-11-14 18:12:12 (11179914347632) STATS - GET, 34.8, 0
2018-11-14 18:12:12 (11179914384833) STATS - GET, 34.9, 0
2018-11-14 18:12:12 (11179914416834) STATS - GET, 35.0, 0
2018-11-14 18:12:12 (11179914565739) STATS - GET, 35.1, 0
2018-11-14 18:12:12 (11179914614241) STATS - GET, 35.2, 0
2018-11-14 18:12:12 (11179914647942) STATS - GET, 35.3, 0
2018-11-14 18:12:12 (11179914681443) STATS - GET, 35.4, 1
2018-11-14 18:12:12 (11179914713944) STATS - GET, 35.5, 0
2018-11-14 18:12:12 (11179914746445) STATS - GET, 35.6, 0
2018-11-14 18:12:12 (11179914778446) STATS - GET, 35.7, 0
2018-11-14 18:12:12 (11179914820948) STATS - GET, 35.8, 1
2018-11-14 18:12:12 (11179914913551) STATS - GET, 35.9, 0
2018-11-14 18:12:12 (11179914950652) STATS - GET, 36.0, 0
2018-11-14 18:12:12 (11179914983953) STATS - GET, 36.1, 0
2018-11-14 18:12:12 (11179915016554) STATS - GET, 36.2, 0
2018-11-14 18:12:12 (11179915049556) STATS - GET, 36.3, 0
2018-11-14 18:12:12 (11179915102057) STATS - GET, 36.4, 0
2018-11-14 18:12:12 (11179915141059) STATS - GET, 36.5, 0
2018-11-14 18:12:12 (11179915174060) STATS - GET, 36.6, 1
2018-11-14 18:12:12 (11179915206461) STATS - GET, 36.7, 0
2018-11-14 18:12:12 (11179915238762) STATS - GET, 36.8, 0
2018-11-14 18:12:12 (11179915271463) STATS - GET, 36.9, 0
2018-11-14 18:12:12 (11179915302564) STATS - GET, 37.0, 0
2018-11-14 18:12:12 (11179915334565) STATS - GET, 37.1, 0
2018-11-14 18:12:12 (11179915367166) STATS - GET, 37.2, 0
2018-11-14 18:12:12 (11179915409668) STATS - GET, 37.3, 0
2018-11-14 18:12:12 (11179915440969) STATS - GET, 37.4, 0
2018-11-14 18:12:12 (11179915471970) STATS - GET, 37.5, 0
2018-11-14 18:12:12 (11179915502871) STATS - GET, 37.6, 0
2018-11-14 18:12:12 (11179915545672) STATS - GET, 37.7, 0
2018-11-14 18:12:12 (11179915577973) STATS - GET, 37.8, 0
2018-11-14 18:12:12 (11179915610075) STATS - GET, 37.9, 1
2018-11-14 18:12:12 (11179915640576) STATS - GET, 38.0, 0
2018-11-14 18:12:12 (11179915672877) STATS - GET, 38.1, 0
2018-11-14 18:12:12 (11179915704478) STATS - GET, 38.2, 0
2018-11-14 18:12:12 (11179915736379) STATS - GET, 38.3, 0
2018-11-14 18:12:12 (11179915768580) STATS - GET, 38.4, 0
2018-11-14 18:12:12 (11179915800781) STATS - GET, 38.5, 0
2018-11-14 18:12:12 (11179915832982) STATS - GET, 38.6, 0
2018-11-14 18:12:12 (11179915864583) STATS - GET, 38.7, 0
2018-11-14 18:12:12 (11179915898884) STATS - GET, 38.8, 0
2018-11-14 18:12:12 (11179915932186) STATS - GET, 38.9, 0
2018-11-14 18:12:12 (11179915963087) STATS - GET, 39.0, 0
2018-11-14 18:12:12 (11179915994888) STATS - GET, 39.1, 0
2018-11-14 18:12:12 (11179916045889) STATS - GET, 39.2, 0
2018-11-14 18:12:12 (11179916079391) STATS - GET, 39.3, 0
2018-11-14 18:12:12 (11179916111992) STATS - GET, 39.4, 0
2018-11-14 18:12:12 (11179916144193) STATS - GET, 39.5, 0
2018-11-14 18:12:12 (11179916179894) STATS - GET, 39.6, 1
2018-11-14 18:12:12 (11179916214195) STATS - GET, 39.7, 0
2018-11-14 18:12:12 (11179916246796) STATS - GET, 39.8, 0
2018-11-14 18:12:12 (11179916279597) STATS - GET, 39.9, 0
2018-11-14 18:12:12 (11179916310198) STATS - GET, 40.0, 0
2018-11-14 18:12:12 (11179916342099) STATS - GET, 40.1, 0
2018-11-14 18:12:12 (11179916373701) STATS - GET, 40.2, 0
2018-11-14 18:12:12 (11179916405802) STATS - GET, 40.3, 0
2018-11-14 18:12:12 (11179916438203) STATS - GET, 40.4, 0
2018-11-14 18:12:12 (11179916470304) STATS - GET, 40.5, 0
2018-11-14 18:12:12 (11179916527106) STATS - GET, 40.6, 0
2018-11-14 18:12:12 (11179916563007) STATS - GET, 40.7, 0
2018-11-14 18:12:12 (11179916595808) STATS - GET, 40.8, 0
2018-11-14 18:12:12 (11179916628309) STATS - GET, 40.9, 0
2018-11-14 18:12:12 (11179916659010) STATS - GET, 41.0, 0
2018-11-14 18:12:12 (11179916690611) STATS - GET, 41.1, 0
2018-11-14 18:12:12 (11179916722512) STATS - GET, 41.2, 0
2018-11-14 18:12:12 (11179916755214) STATS - GET, 41.3, 0
2018-11-14 18:12:12 (11179916787115) STATS - GET, 41.4, 0
2018-11-14 18:12:12 (11179916819316) STATS - GET, 41.5, 0
2018-11-14 18:12:12 (11179916851217) STATS - GET, 41.6, 0
2018-11-14 18:12:12 (11179923778752) STATS - GET, 41.7, 0
2018-11-14 18:12:12 (11179923908957) STATS - GET, 41.8, 0
2018-11-14 18:12:12 (11179923957458) STATS - GET, 41.9, 0
2018-11-14 18:12:12 (11179923996960) STATS - GET, 42.0, 0
2018-11-14 18:12:12 (11179924055962) STATS - GET, 42.1, 0
2018-11-14 18:12:12 (11179924086663) STATS - GET, 42.2, 0
2018-11-14 18:12:12 (11179924116664) STATS - GET, 42.3, 0
2018-11-14 18:12:12 (11179924146065) STATS - GET, 42.4, 0
2018-11-14 18:12:12 (11179924174466) STATS - GET, 42.5, 0
2018-11-14 18:12:12 (11179924207567) STATS - GET, 42.6, 0
2018-11-14 18:12:12 (11179930583884) STATS - GET, 42.7, 0
2018-11-14 18:12:12 (11179930682687) STATS - GET, 42.8, 0
2018-11-14 18:12:12 (11179930719888) STATS - GET, 42.9, 0
2018-11-14 18:12:12 (11179930754089) STATS - GET, 43.0, 0
2018-11-14 18:12:12 (11179930792291) STATS - GET, 43.1, 0
2018-11-14 18:12:12 (11179930846192) STATS - GET, 43.2, 0
2018-11-14 18:12:12 (11179930943196) STATS - GET, 43.3, 0
2018-11-14 18:12:12 (11179931115102) STATS - GET, 43.4, 0
2018-11-14 18:12:12 (11179931151603) STATS - GET, 43.5, 0
2018-11-14 18:12:12 (11179931181004) STATS - GET, 43.6, 0
2018-11-14 18:12:12 (11179931207505) STATS - GET, 43.7, 0
2018-11-14 18:12:12 (11179931233606) STATS - GET, 43.8, 0
2018-11-14 18:12:12 (11179931259807) STATS - GET, 43.9, 0
2018-11-14 18:12:12 (11179931307108) STATS - GET, 44.0, 0
2018-11-14 18:12:12 (11179931335209) STATS - GET, 44.1, 0
2018-11-14 18:12:12 (11179931377211) STATS - GET, 44.2, 0
2018-11-14 18:12:12 (11179931425412) STATS - GET, 44.3, 0
2018-11-14 18:12:12 (11179931467214) STATS - GET, 44.4, 0
2018-11-14 18:12:12 (11179931679521) STATS - GET, 44.5, 0
2018-11-14 18:12:12 (11179931718222) STATS - GET, 44.6, 0
2018-11-14 18:12:12 (11179931744323) STATS - GET, 44.7, 0
2018-11-14 18:12:12 (11179931769824) STATS - GET, 44.8, 0
2018-11-14 18:12:12 (11179931831726) STATS - GET, 44.9, 0
2018-11-14 18:12:12 (11179931864527) STATS - GET, 45.0, 0
2018-11-14 18:12:12 (11179931891328) STATS - GET, 45.1, 0
2018-11-14 18:12:12 (11179931916729) STATS - GET, 45.2, 0
2018-11-14 18:12:12 (11179931954030) STATS - GET, 45.3, 0
2018-11-14 18:12:12 (11179931983631) STATS - GET, 45.4, 0
2018-11-14 18:12:12 (11179932024833) STATS - GET, 45.5, 0
2018-11-14 18:12:12 (11179932052633) STATS - GET, 45.6, 0
2018-11-14 18:12:12 (11179932077234) STATS - GET, 45.7, 0
2018-11-14 18:12:12 (11179932102935) STATS - GET, 45.8, 0
2018-11-14 18:12:12 (11179932127836) STATS - GET, 45.9, 0
2018-11-14 18:12:12 (11179932152937) STATS - GET, 46.0, 0
2018-11-14 18:12:12 (11179932177738) STATS - GET, 46.1, 0
2018-11-14 18:12:12 (11179932202239) STATS - GET, 46.2, 0
2018-11-14 18:12:12 (11179932227039) STATS - GET, 46.3, 0
2018-11-14 18:12:12 (11179932266741) STATS - GET, 46.4, 0
2018-11-14 18:12:12 (11179932295242) STATS - GET, 46.5, 0
2018-11-14 18:12:12 (11179932320343) STATS - GET, 46.6, 0
2018-11-14 18:12:12 (11179932356844) STATS - GET, 46.7, 0
2018-11-14 18:12:12 (11179932381145) STATS - GET, 46.8, 0
2018-11-14 18:12:12 (11179932404645) STATS - GET, 46.9, 0
2018-11-14 18:12:12 (11179932467248) STATS - GET, 47.0, 0
2018-11-14 18:12:12 (11179932497749) STATS - GET, 47.1, 0
2018-11-14 18:12:12 (11179932523950) STATS - GET, 47.2, 0
2018-11-14 18:12:12 (11179932567151) STATS - GET, 47.3, 0
2018-11-14 18:12:12 (11179932595052) STATS - GET, 47.4, 0
2018-11-14 18:12:12 (11179932619653) STATS - GET, 47.5, 0
2018-11-14 18:12:12 (11179932643854) STATS - GET, 47.6, 0
2018-11-14 18:12:12 (11179932667554) STATS - GET, 47.7, 0
2018-11-14 18:12:12 (11179932691455) STATS - GET, 47.8, 0
2018-11-14 18:12:12 (11179932714956) STATS - GET, 47.9, 0
2018-11-14 18:12:12 (11179932738457) STATS - GET, 48.0, 0
2018-11-14 18:12:12 (11179932761958) STATS - GET, 48.1, 0
2018-11-14 18:12:12 (11179932785658) STATS - GET, 48.2, 0
2018-11-14 18:12:12 (11179932882362) STATS - GET, 48.3, 0
2018-11-14 18:12:12 (11179932911263) STATS - GET, 48.4, 0
2018-11-14 18:12:12 (11179932936364) STATS - GET, 48.5, 0
2018-11-14 18:12:12 (11179932960564) STATS - GET, 48.6, 0
2018-11-14 18:12:12 (11179933694989) STATS - GET, 48.7, 0
2018-11-14 18:12:12 (11179933763592) STATS - GET, 48.8, 1
2018-11-14 18:12:12 (11179933794393) STATS - GET, 48.9, 0
2018-11-14 18:12:12 (11179933823594) STATS - GET, 49.0, 0
2018-11-14 18:12:12 (11179933849295) STATS - GET, 49.1, 0
2018-11-14 18:12:12 (11179933873495) STATS - GET, 49.2, 0
2018-11-14 18:12:12 (11179933897196) STATS - GET, 49.3, 0
2018-11-14 18:12:12 (11179933920097) STATS - GET, 49.4, 0
2018-11-14 18:12:12 (11179933942998) STATS - GET, 49.5, 1
2018-11-14 18:12:12 (11179933965599) STATS - GET, 49.6, 0
2018-11-14 18:12:12 (11179933988199) STATS - GET, 49.7, 0
2018-11-14 18:12:12 (11179934011100) STATS - GET, 49.8, 0
2018-11-14 18:12:12 (11179934033701) STATS - GET, 49.9, 0
2018-11-14 18:12:12 (11179934057202) STATS - GET, 50.0, 0
2018-11-14 18:12:12 (11179934079702) STATS - GET, 50.1, 0
2018-11-14 18:12:12 (11179934102603) STATS - GET, 50.2, 0
2018-11-14 18:12:12 (11179934125504) STATS - GET, 50.3, 0
2018-11-14 18:12:12 (11179934148105) STATS - GET, 50.4, 0
2018-11-14 18:12:12 (11179934171206) STATS - GET, 50.5, 0
2018-11-14 18:12:12 (11179934193506) STATS - GET, 50.6, 0
2018-11-14 18:12:12 (11179934216007) STATS - GET, 50.7, 0
2018-11-14 18:12:12 (11179934238208) STATS - GET, 50.8, 1
2018-11-14 18:12:12 (11179934260609) STATS - GET, 50.9, 0
2018-11-14 18:12:12 (11179934283409) STATS - GET, 51.0, 0
2018-11-14 18:12:12 (11179934305910) STATS - GET, 51.1, 0
2018-11-14 18:12:12 (11179934331511) STATS - GET, 51.2, 0
2018-11-14 18:12:12 (11179934366812) STATS - GET, 51.3, 0
2018-11-14 18:12:12 (11179934391313) STATS - GET, 51.4, 0
2018-11-14 18:12:12 (11179934426814) STATS - GET, 51.5, 0
2018-11-14 18:12:12 (11179934454115) STATS - GET, 51.6, 0
2018-11-14 18:12:12 (11179934477116) STATS - GET, 51.7, 0
2018-11-14 18:12:12 (11179934499717) STATS - GET, 51.8, 0
2018-11-14 18:12:12 (11179934533718) STATS - GET, 51.9, 0
2018-11-14 18:12:12 (11179934572119) STATS - GET, 52.0, 1
2018-11-14 18:12:12 (11179934595420) STATS - GET, 52.1, 0
2018-11-14 18:12:12 (11179934617921) STATS - GET, 52.2, 0
2018-11-14 18:12:12 (11179934640821) STATS - GET, 52.3, 0
2018-11-14 18:12:12 (11179934663722) STATS - GET, 52.4, 0
2018-11-14 18:12:12 (11179934685823) STATS - GET, 52.5, 0
2018-11-14 18:12:12 (11179934708224) STATS - GET, 52.6, 0
2018-11-14 18:12:12 (11179934730425) STATS - GET, 52.7, 0
2018-11-14 18:12:12 (11179934752925) STATS - GET, 52.8, 0
2018-11-14 18:12:12 (11179934775326) STATS - GET, 52.9, 0
2018-11-14 18:12:12 (11179934797827) STATS - GET, 53.0, 0
2018-11-14 18:12:12 (11179934827528) STATS - GET, 53.1, 0
2018-11-14 18:12:12 (11179934852829) STATS - GET, 53.2, 0
2018-11-14 18:12:12 (11179934876129) STATS - GET, 53.3, 0
2018-11-14 18:12:12 (11179934898630) STATS - GET, 53.4, 0
2018-11-14 18:12:12 (11179934922931) STATS - GET, 53.5, 0
2018-11-14 18:12:12 (11179934945432) STATS - GET, 53.6, 0
2018-11-14 18:12:12 (11179934967433) STATS - GET, 53.7, 0
2018-11-14 18:12:12 (11179934989633) STATS - GET, 53.8, 0
2018-11-14 18:12:12 (11179935011934) STATS - GET, 53.9, 0
2018-11-14 18:12:12 (11179935034035) STATS - GET, 54.0, 0
2018-11-14 18:12:12 (11179935055836) STATS - GET, 54.1, 0
2018-11-14 18:12:12 (11179935077536) STATS - GET, 54.2, 0
2018-11-14 18:12:12 (11179935100137) STATS - GET, 54.3, 0
2018-11-14 18:12:12 (11179935122238) STATS - GET, 54.4, 0
2018-11-14 18:12:12 (11179935144539) STATS - GET, 54.5, 0
2018-11-14 18:12:12 (11179935166439) STATS - GET, 54.6, 0
2018-11-14 18:12:12 (11179935188440) STATS - GET, 54.7, 0
2018-11-14 18:12:12 (11179935210541) STATS - GET, 54.8, 0
2018-11-14 18:12:12 (11179935232542) STATS - GET, 54.9, 0
2018-11-14 18:12:12 (11179935255742) STATS - GET, 55.0, 0
2018-11-14 18:12:12 (11179935279643) STATS - GET, 55.1, 0
2018-11-14 18:12:12 (11179935302244) STATS - GET, 55.2, 0
2018-11-14 18:12:12 (11179935324845) STATS - GET, 55.3, 0
2018-11-14 18:12:12 (11179935346845) STATS - GET, 55.4, 0
2018-11-14 18:12:12 (11179935368646) STATS - GET, 55.5, 0
2018-11-14 18:12:12 (11179935390647) STATS - GET, 55.6, 0
2018-11-14 18:12:12 (11179935412348) STATS - GET, 55.7, 0
2018-11-14 18:12:12 (11179935434648) STATS - GET, 55.8, 0
2018-11-14 18:12:12 (11179935458749) STATS - GET, 55.9, 0
2018-11-14 18:12:12 (11179935482450) STATS - GET, 56.0, 0
2018-11-14 18:12:12 (11179935520551) STATS - GET, 56.1, 0
2018-11-14 18:12:12 (11179935552152) STATS - GET, 56.2, 0
2018-11-14 18:12:12 (11179935578053) STATS - GET, 56.3, 0
2018-11-14 18:12:12 (11179935600954) STATS - GET, 56.4, 0
2018-11-14 18:12:12 (11179935623355) STATS - GET, 56.5, 0
2018-11-14 18:12:12 (11179935645256) STATS - GET, 56.6, 0
2018-11-14 18:12:12 (11179935667056) STATS - GET, 56.7, 0
2018-11-14 18:12:12 (11179935690457) STATS - GET, 56.8, 0
2018-11-14 18:12:12 (11179935713058) STATS - GET, 56.9, 0
2018-11-14 18:12:12 (11179935735259) STATS - GET, 57.0, 0
2018-11-14 18:12:12 (11179935759159) STATS - GET, 57.1, 0
2018-11-14 18:12:12 (11179935781060) STATS - GET, 57.2, 0
2018-11-14 18:12:12 (11179935802961) STATS - GET, 57.3, 0
2018-11-14 18:12:12 (11179935825062) STATS - GET, 57.4, 0
2018-11-14 18:12:12 (11179935847162) STATS - GET, 57.5, 0
2018-11-14 18:12:12 (11179935869163) STATS - GET, 57.6, 0
2018-11-14 18:12:12 (11179935891864) STATS - GET, 57.7, 0
2018-11-14 18:12:12 (11179935915565) STATS - GET, 57.8, 0
2018-11-14 18:12:12 (11179935938066) STATS - GET, 57.9, 0
2018-11-14 18:12:12 (11179935960366) STATS - GET, 58.0, 0
2018-11-14 18:12:12 (11179935982367) STATS - GET, 58.1, 0
2018-11-14 18:12:12 (11179936019668) STATS - GET, 58.2, 0
2018-11-14 18:12:12 (11179936046069) STATS - GET, 58.3, 0
2018-11-14 18:12:12 (11179936068570) STATS - GET, 58.4, 0
2018-11-14 18:12:12 (11179936090671) STATS - GET, 58.5, 0
2018-11-14 18:12:12 (11179936112972) STATS - GET, 58.6, 0
2018-11-14 18:12:12 (11179936134772) STATS - GET, 58.7, 0
2018-11-14 18:12:12 (11179936156873) STATS - GET, 58.8, 0
2018-11-14 18:12:12 (11179936178774) STATS - GET, 58.9, 0
2018-11-14 18:12:12 (11179936201275) STATS - GET, 59.0, 0
2018-11-14 18:12:12 (11179936223175) STATS - GET, 59.1, 0
2018-11-14 18:12:12 (11179936247276) STATS - GET, 59.2, 0
2018-11-14 18:12:12 (11179936269877) STATS - GET, 59.3, 0
2018-11-14 18:12:12 (11179936291878) STATS - GET, 59.4, 0
2018-11-14 18:12:12 (11179936324079) STATS - GET, 59.5, 0
2018-11-14 18:12:12 (11179936345579) STATS - GET, 59.6, 0
2018-11-14 18:12:12 (11179936378181) STATS - GET, 59.7, 0
2018-11-14 18:12:12 (11179936398981) STATS - GET, 59.8, 0
2018-11-14 18:12:12 (11179936419782) STATS - GET, 59.9, 0
2018-11-14 18:12:12 (11179936441183) STATS - GET, 60.0, 0
2018-11-14 18:12:12 (11179936462183) STATS - GET, 60.1, 0
2018-11-14 18:12:12 (11179936482784) STATS - GET, 60.2, 0
2018-11-14 18:12:12 (11179936503785) STATS - GET, 60.3, 0
2018-11-14 18:12:12 (11179936525186) STATS - GET, 60.4, 0
2018-11-14 18:12:12 (11179936545986) STATS - GET, 60.5, 0
2018-11-14 18:12:12 (11179936566687) STATS - GET, 60.6, 0
2018-11-14 18:12:12 (11179936587288) STATS - GET, 60.7, 0
2018-11-14 18:12:12 (11179943644528) STATS - GET, 60.8, 0
2018-11-14 18:12:12 (11179943707330) STATS - GET, 60.9, 0
2018-11-14 18:12:12 (11179943731830) STATS - GET, 61.0, 0
2018-11-14 18:12:12 (11179943753431) STATS - GET, 61.1, 0
2018-11-14 18:12:12 (11179943773432) STATS - GET, 61.2, 0
2018-11-14 18:12:12 (11179943793833) STATS - GET, 61.3, 0
2018-11-14 18:12:12 (11179943813733) STATS - GET, 61.4, 0
2018-11-14 18:12:12 (11179943833134) STATS - GET, 61.5, 0
2018-11-14 18:12:12 (11179943865035) STATS - GET, 61.6, 0
2018-11-14 18:12:12 (11179943899136) STATS - GET, 61.7, 0
2018-11-14 18:12:12 (11179943921237) STATS - GET, 61.8, 0
2018-11-14 18:12:12 (11179943940638) STATS - GET, 61.9, 0
2018-11-14 18:12:12 (11179943960538) STATS - GET, 62.0, 0
2018-11-14 18:12:12 (11179943979339) STATS - GET, 62.1, 0
2018-11-14 18:12:12 (11179944051441) STATS - GET, 62.2, 0
2018-11-14 18:12:12 (11179944074742) STATS - GET, 62.3, 0
2018-11-14 18:12:12 (11179944095243) STATS - GET, 62.4, 0
2018-11-14 18:12:12 (11179944115044) STATS - GET, 62.5, 0
2018-11-14 18:12:12 (11179944135544) STATS - GET, 62.6, 0
2018-11-14 18:12:12 (11179944155045) STATS - GET, 62.7, 0
2018-11-14 18:12:12 (11179944196046) STATS - GET, 62.8, 1
2018-11-14 18:12:12 (11179944219247) STATS - GET, 62.9, 0
2018-11-14 18:12:12 (11179944240248) STATS - GET, 63.0, 0
2018-11-14 18:12:12 (11179944259948) STATS - GET, 63.1, 0
2018-11-14 18:12:12 (11179944279349) STATS - GET, 63.2, 0
2018-11-14 18:12:12 (11179944298850) STATS - GET, 63.3, 0
2018-11-14 18:12:12 (11179944318350) STATS - GET, 63.4, 0
2018-11-14 18:12:12 (11179944337751) STATS - GET, 63.5, 0
2018-11-14 18:12:12 (11179944356952) STATS - GET, 63.6, 0
2018-11-14 18:12:12 (11179944376052) STATS - GET, 63.7, 0
2018-11-14 18:12:12 (11179944395553) STATS - GET, 63.8, 0
2018-11-14 18:12:12 (11179944415054) STATS - GET, 63.9, 0
2018-11-14 18:12:12 (11179944434754) STATS - GET, 64.0, 0
2018-11-14 18:12:12 (11179944454155) STATS - GET, 64.1, 0
2018-11-14 18:12:12 (11179944473456) STATS - GET, 64.2, 0
2018-11-14 18:12:12 (11179944492956) STATS - GET, 64.3, 0
2018-11-14 18:12:12 (11179944512357) STATS - GET, 64.4, 0
2018-11-14 18:12:12 (11179944531758) STATS - GET, 64.5, 0
2018-11-14 18:12:12 (11179944551358) STATS - GET, 64.6, 0
2018-11-14 18:12:12 (11179944570559) STATS - GET, 64.7, 0
2018-11-14 18:12:12 (11179944589860) STATS - GET, 64.8, 0
2018-11-14 18:12:12 (11179944608960) STATS - GET, 64.9, 0
2018-11-14 18:12:12 (11179944628261) STATS - GET, 65.0, 0
2018-11-14 18:12:12 (11179944658162) STATS - GET, 65.1, 0
2018-11-14 18:12:12 (11179944676763) STATS - GET, 65.2, 0
2018-11-14 18:12:12 (11179944695563) STATS - GET, 65.3, 0
2018-11-14 18:12:12 (11179944713964) STATS - GET, 65.4, 0
2018-11-14 18:12:12 (11179944732365) STATS - GET, 65.5, 0
2018-11-14 18:12:12 (11179944751065) STATS - GET, 65.6, 0
2018-11-14 18:12:12 (11179944769566) STATS - GET, 65.7, 0
2018-11-14 18:12:12 (11179944788566) STATS - GET, 65.8, 0
2018-11-14 18:12:12 (11179944807067) STATS - GET, 65.9, 0
2018-11-14 18:12:12 (11179944825868) STATS - GET, 66.0, 0
2018-11-14 18:12:12 (11179944844668) STATS - GET, 66.1, 0
2018-11-14 18:12:12 (11179944863269) STATS - GET, 66.2, 0
2018-11-14 18:12:12 (11179944882670) STATS - GET, 66.3, 0
2018-11-14 18:12:12 (11179944901270) STATS - GET, 66.4, 0
2018-11-14 18:12:12 (11179944919871) STATS - GET, 66.5, 0
2018-11-14 18:12:12 (11179944938772) STATS - GET, 66.6, 0
2018-11-14 18:12:12 (11179944968073) STATS - GET, 66.7, 0
2018-11-14 18:12:12 (11179945002674) STATS - GET, 66.8, 0
2018-11-14 18:12:12 (11179945022174) STATS - GET, 66.9, 0
2018-11-14 18:12:12 (11179945041775) STATS - GET, 67.0, 0
2018-11-14 18:12:12 (11179945060976) STATS - GET, 67.1, 0
2018-11-14 18:12:12 (11179945079976) STATS - GET, 67.2, 0
2018-11-14 18:12:12 (11179945099577) STATS - GET, 67.3, 0
2018-11-14 18:12:12 (11179945118378) STATS - GET, 67.4, 0
2018-11-14 18:12:12 (11179945136878) STATS - GET, 67.5, 0
2018-11-14 18:12:12 (11179945168079) STATS - GET, 67.6, 0
2018-11-14 18:12:12 (11179945187380) STATS - GET, 67.7, 0
2018-11-14 18:12:12 (11179945206981) STATS - GET, 67.8, 0
2018-11-14 18:12:12 (11179945226281) STATS - GET, 67.9, 0
2018-11-14 18:12:12 (11179945245782) STATS - GET, 68.0, 0
2018-11-14 18:12:12 (11179945265183) STATS - GET, 68.1, 0
2018-11-14 18:12:12 (11179945284383) STATS - GET, 68.2, 0
2018-11-14 18:12:12 (11179945304084) STATS - GET, 68.3, 0
2018-11-14 18:12:12 (11179945322985) STATS - GET, 68.4, 0
2018-11-14 18:12:12 (11179945351686) STATS - GET, 68.5, 0
2018-11-14 18:12:12 (11179945373586) STATS - GET, 68.6, 0
2018-11-14 18:12:12 (11179945393287) STATS - GET, 68.7, 0
2018-11-14 18:12:12 (11179945412588) STATS - GET, 68.8, 0
2018-11-14 18:12:12 (11179945449689) STATS - GET, 68.9, 0
2018-11-14 18:12:12 (11179945481390) STATS - GET, 69.0, 0
2018-11-14 18:12:12 (11179945502591) STATS - GET, 69.1, 0
2018-11-14 18:12:12 (11179945867003) STATS - GET, 69.2, 0
2018-11-14 18:12:12 (11179945899704) STATS - GET, 69.3, 0
2018-11-14 18:12:12 (11179945921205) STATS - GET, 69.4, 0
2018-11-14 18:12:12 (11179945941106) STATS - GET, 69.5, 0
2018-11-14 18:12:12 (11179945965106) STATS - GET, 69.6, 0
2018-11-14 18:12:12 (11179945985007) STATS - GET, 69.7, 0
2018-11-14 18:12:12 (11179946004908) STATS - GET, 69.8, 0
2018-11-14 18:12:12 (11179946024408) STATS - GET, 69.9, 0
2018-11-14 18:12:12 (11179946045509) STATS - GET, 70.0, 0
2018-11-14 18:12:12 (11179946064910) STATS - GET, 70.1, 0
2018-11-14 18:12:12 (11179946086411) STATS - GET, 70.2, 0
2018-11-14 18:12:12 (11179946107811) STATS - GET, 70.3, 0
2018-11-14 18:12:12 (11179946127412) STATS - GET, 70.4, 0
2018-11-14 18:12:12 (11179946147513) STATS - GET, 70.5, 0
2018-11-14 18:12:12 (11179946169613) STATS - GET, 70.6, 0
2018-11-14 18:12:12 (11179946189714) STATS - GET, 70.7, 0
2018-11-14 18:12:12 (11179946209015) STATS - GET, 70.8, 0
2018-11-14 18:12:12 (11179946227815) STATS - GET, 70.9, 0
2018-11-14 18:12:12 (11179946247216) STATS - GET, 71.0, 0
2018-11-14 18:12:12 (11179946266417) STATS - GET, 71.1, 0
2018-11-14 18:12:12 (11179946285217) STATS - GET, 71.2, 0
2018-11-14 18:12:12 (11179946304218) STATS - GET, 71.3, 0
2018-11-14 18:12:12 (11179946323319) STATS - GET, 71.4, 0
2018-11-14 18:12:12 (11179946342219) STATS - GET, 71.5, 0
2018-11-14 18:12:12 (11179946361220) STATS - GET, 71.6, 0
2018-11-14 18:12:12 (11179946380121) STATS - GET, 71.7, 0
2018-11-14 18:12:12 (11179946399321) STATS - GET, 71.8, 1
2018-11-14 18:12:12 (11179946432822) INFO  - END: Middleware stopped.
