2018-11-14 17:50:21 (9868903435058) INFO  - START: Middleware listening on address 10.0.0.4:8888.
2018-11-14 17:51:44 (9952094662588) STATS -  5.00, 874, 0, 0.282311, 2.594361, 3.171746, 2.935685, 0.000000, 3.407806, 1096, 0, 3277, 0.00, 0.00, 3
2018-11-14 17:51:44 (9952123912122) STATS - 10.00, 1089, 0, 0.141387, 2.033723, 2.411780, 2.323606, 0.000000, 2.499953, 1362, 0, 4086, 0.00, 0.00, 3
2018-11-14 17:51:44 (9952172448439) STATS - 15.00, 1083, 0, 0.149576, 2.063809, 2.446392, 2.341233, 0.000000, 2.551551, 1353, 0, 4065, 0.00, 0.00, 3
2018-11-14 17:51:44 (9952204138859) STATS - 20.00, 1132, 0, 0.162292, 1.962174, 2.326467, 2.183996, 0.000000, 2.468938, 1416, 0, 4246, 0.00, 0.00, 3
2018-11-14 17:51:44 (9952242536717) STATS - 25.00, 1133, 0, 0.142333, 1.942618, 2.296649, 2.163336, 0.000000, 2.429962, 1417, 0, 4249, 0.00, 0.00, 3
2018-11-14 17:51:44 (9952272769786) STATS - 30.00, 1106, 0, 0.151816, 1.976337, 2.341391, 2.235388, 0.000000, 2.447394, 1382, 0, 4148, 0.00, 0.00, 3
2018-11-14 17:51:44 (9952302270329) STATS - 35.00, 1094, 0, 0.157793, 2.068220, 2.449497, 2.372473, 0.000000, 2.526522, 1369, 0, 4105, 0.00, 0.00, 3
2018-11-14 17:51:44 (9952331189352) STATS - 40.00, 1112, 0, 0.151122, 1.988639, 2.377164, 2.306151, 0.000000, 2.448176, 1391, 0, 4170, 0.00, 0.00, 3
2018-11-14 17:51:44 (9952349900614) STATS - 45.00, 1108, 0, 0.140714, 2.073955, 2.425580, 2.294824, 0.000000, 2.556336, 1386, 0, 4155, 0.00, 0.00, 3
2018-11-14 17:51:44 (9952360166577) STATS - 50.00, 1106, 0, 0.148469, 1.969915, 2.349798, 2.207747, 0.000000, 2.491848, 1382, 0, 4148, 0.00, 0.00, 3
2018-11-14 17:51:44 (9952371055462) STATS - 55.00, 1148, 0, 0.146169, 1.898019, 2.244220, 2.101212, 0.000000, 2.387228, 1435, 0, 4306, 0.00, 0.00, 3
2018-11-14 17:51:44 (9952381134418) STATS - 60.00, 1139, 0, 0.150641, 1.891675, 2.257380, 2.187497, 0.000000, 2.327263, 1425, 0, 4274, 0.00, 0.00, 3
2018-11-14 17:51:44 (9952391070269) STATS - 65.00, 1103, 0, 0.169464, 2.010962, 2.401297, 2.284765, 0.000000, 2.517829, 1379, 0, 4139, 0.00, 0.00, 3
2018-11-14 17:51:44 (9952400595506) STATS - 70.00, 1110, 0, 0.141166, 2.027285, 2.400153, 2.271805, 0.000000, 2.528500, 1388, 0, 4164, 0.00, 0.00, 3
2018-11-14 17:51:44 (9952401930753) STATS - 70.00, 11, 0, 0.111981, 2.231258, 2.520488, 2.461431, 0.000000, 2.579546, 16, 0, 42, 0.00, 0.00, 3
2018-11-14 17:51:45 (9952826775477) STATS - Type, Interval, Responses
2018-11-14 17:51:45 (9952827136790) STATS - SET, 0.1, 0
2018-11-14 17:51:45 (9952827277595) STATS - SET, 0.2, 0
2018-11-14 17:51:45 (9952827441001) STATS - SET, 0.3, 0
2018-11-14 17:51:45 (9952827623707) STATS - SET, 0.4, 0
2018-11-14 17:51:45 (9952827789213) STATS - SET, 0.5, 0
2018-11-14 17:51:45 (9952827983920) STATS - SET, 0.6, 0
2018-11-14 17:51:45 (9952828381834) STATS - SET, 0.7, 31
2018-11-14 17:51:45 (9952828530339) STATS - SET, 0.8, 191
2018-11-14 17:51:45 (9952828731946) STATS - SET, 0.9, 659
2018-11-14 17:51:45 (9952828917553) STATS - SET, 1.0, 1155
2018-11-14 17:51:45 (9952829091359) STATS - SET, 1.1, 1514
2018-11-14 17:51:45 (9952829276766) STATS - SET, 1.2, 1784
2018-11-14 17:51:45 (9952829464872) STATS - SET, 1.3, 1732
2018-11-14 17:51:45 (9952836517922) STATS - SET, 1.4, 1558
2018-11-14 17:51:45 (9952836893435) STATS - SET, 1.5, 1277
2018-11-14 17:51:45 (9952837061641) STATS - SET, 1.6, 1137
2018-11-14 17:51:45 (9952837210746) STATS - SET, 1.7, 898
2018-11-14 17:51:45 (9952837390252) STATS - SET, 1.8, 736
2018-11-14 17:51:45 (9952837575859) STATS - SET, 1.9, 666
2018-11-14 17:51:45 (9952837737165) STATS - SET, 2.0, 491
2018-11-14 17:51:45 (9952837909071) STATS - SET, 2.1, 423
2018-11-14 17:51:45 (9952838049876) STATS - SET, 2.2, 321
2018-11-14 17:51:45 (9952838226982) STATS - SET, 2.3, 264
2018-11-14 17:51:45 (9952838370687) STATS - SET, 2.4, 223
2018-11-14 17:51:45 (9952838543793) STATS - SET, 2.5, 209
2018-11-14 17:51:45 (9952838736600) STATS - SET, 2.6, 175
2018-11-14 17:51:45 (9952838929707) STATS - SET, 2.7, 145
2018-11-14 17:51:45 (9952839069912) STATS - SET, 2.8, 125
2018-11-14 17:51:45 (9952839289020) STATS - SET, 2.9, 129
2018-11-14 17:51:45 (9952846399771) STATS - SET, 3.0, 90
2018-11-14 17:51:45 (9952846524775) STATS - SET, 3.1, 71
2018-11-14 17:51:45 (9952846641680) STATS - SET, 3.2, 55
2018-11-14 17:51:45 (9952846756884) STATS - SET, 3.3, 62
2018-11-14 17:51:45 (9952847181399) STATS - SET, 3.4, 55
2018-11-14 17:51:45 (9952847358105) STATS - SET, 3.5, 48
2018-11-14 17:51:45 (9952847505210) STATS - SET, 3.6, 51
2018-11-14 17:51:45 (9952847724918) STATS - SET, 3.7, 58
2018-11-14 17:51:45 (9952847874223) STATS - SET, 3.8, 47
2018-11-14 17:51:45 (9952848031729) STATS - SET, 3.9, 45
2018-11-14 17:51:45 (9952848196235) STATS - SET, 4.0, 45
2018-11-14 17:51:45 (9952848322139) STATS - SET, 4.1, 45
2018-11-14 17:51:45 (9952848470044) STATS - SET, 4.2, 35
2018-11-14 17:51:45 (9952848580348) STATS - SET, 4.3, 39
2018-11-14 17:51:45 (9952848692252) STATS - SET, 4.4, 43
2018-11-14 17:51:45 (9952848830557) STATS - SET, 4.5, 37
2018-11-14 17:51:45 (9952848974162) STATS - SET, 4.6, 41
2018-11-14 17:51:45 (9952849138968) STATS - SET, 4.7, 50
2018-11-14 17:51:45 (9952856209618) STATS - SET, 4.8, 46
2018-11-14 17:51:45 (9952856341923) STATS - SET, 4.9, 37
2018-11-14 17:51:45 (9952856461627) STATS - SET, 5.0, 42
2018-11-14 17:51:45 (9952856582131) STATS - SET, 5.1, 38
2018-11-14 17:51:45 (9952856720036) STATS - SET, 5.2, 44
2018-11-14 17:51:45 (9952856881142) STATS - SET, 5.3, 47
2018-11-14 17:51:45 (9952856999746) STATS - SET, 5.4, 35
2018-11-14 17:51:45 (9952857115850) STATS - SET, 5.5, 34
2018-11-14 17:51:45 (9952857249755) STATS - SET, 5.6, 33
2018-11-14 17:51:45 (9952857359759) STATS - SET, 5.7, 36
2018-11-14 17:51:45 (9952857515964) STATS - SET, 5.8, 44
2018-11-14 17:51:45 (9952857633568) STATS - SET, 5.9, 32
2018-11-14 17:51:45 (9952857748072) STATS - SET, 6.0, 37
2018-11-14 17:51:45 (9952857885777) STATS - SET, 6.1, 34
2018-11-14 17:51:45 (9952858074784) STATS - SET, 6.2, 39
2018-11-14 17:51:45 (9952858224589) STATS - SET, 6.3, 44
2018-11-14 17:51:45 (9952858344293) STATS - SET, 6.4, 52
2018-11-14 17:51:45 (9952858460898) STATS - SET, 6.5, 57
2018-11-14 17:51:45 (9952858620503) STATS - SET, 6.6, 88
2018-11-14 17:51:45 (9952858727207) STATS - SET, 6.7, 85
2018-11-14 17:51:45 (9952858882412) STATS - SET, 6.8, 104
2018-11-14 17:51:45 (9952865921661) STATS - SET, 6.9, 107
2018-11-14 17:51:45 (9952866123769) STATS - SET, 7.0, 91
2018-11-14 17:51:45 (9952866256273) STATS - SET, 7.1, 98
2018-11-14 17:51:45 (9952866373477) STATS - SET, 7.2, 106
2018-11-14 17:51:45 (9952866483381) STATS - SET, 7.3, 100
2018-11-14 17:51:45 (9952866621586) STATS - SET, 7.4, 114
2018-11-14 17:51:45 (9952866720290) STATS - SET, 7.5, 105
2018-11-14 17:51:45 (9952866817993) STATS - SET, 7.6, 105
2018-11-14 17:51:45 (9952866916197) STATS - SET, 7.7, 70
2018-11-14 17:51:45 (9952867012900) STATS - SET, 7.8, 54
2018-11-14 17:51:45 (9952867109203) STATS - SET, 7.9, 47
2018-11-14 17:51:45 (9952867202707) STATS - SET, 8.0, 41
2018-11-14 17:51:45 (9952867320111) STATS - SET, 8.1, 34
2018-11-14 17:51:45 (9952867449015) STATS - SET, 8.2, 18
2018-11-14 17:51:45 (9952867568820) STATS - SET, 8.3, 18
2018-11-14 17:51:45 (9952867677323) STATS - SET, 8.4, 15
2018-11-14 17:51:45 (9952867803828) STATS - SET, 8.5, 16
2018-11-14 17:51:45 (9952867911332) STATS - SET, 8.6, 10
2018-11-14 17:51:45 (9952868026736) STATS - SET, 8.7, 14
2018-11-14 17:51:45 (9952868149140) STATS - SET, 8.8, 11
2018-11-14 17:51:45 (9952868301546) STATS - SET, 8.9, 16
2018-11-14 17:51:45 (9952868415450) STATS - SET, 9.0, 12
2018-11-14 17:51:45 (9952868528054) STATS - SET, 9.1, 8
2018-11-14 17:51:45 (9952875532301) STATS - SET, 9.2, 13
2018-11-14 17:51:45 (9952875835812) STATS - SET, 9.3, 14
2018-11-14 17:51:45 (9952875934015) STATS - SET, 9.4, 8
2018-11-14 17:51:45 (9952876057620) STATS - SET, 9.5, 15
2018-11-14 17:51:45 (9952876161924) STATS - SET, 9.6, 7
2018-11-14 17:51:45 (9952876257527) STATS - SET, 9.7, 12
2018-11-14 17:51:45 (9952876394232) STATS - SET, 9.8, 11
2018-11-14 17:51:45 (9952876497235) STATS - SET, 9.9, 15
2018-11-14 17:51:45 (9952876611739) STATS - SET, 10.0, 26
2018-11-14 17:51:45 (9952876708743) STATS - SET, 10.1, 13
2018-11-14 17:51:45 (9952876802546) STATS - SET, 10.2, 6
2018-11-14 17:51:45 (9952876956952) STATS - SET, 10.3, 6
2018-11-14 17:51:45 (9952877090656) STATS - SET, 10.4, 2
2018-11-14 17:51:45 (9952877196860) STATS - SET, 10.5, 2
2018-11-14 17:51:45 (9952877300964) STATS - SET, 10.6, 0
2018-11-14 17:51:45 (9952877449169) STATS - SET, 10.7, 2
2018-11-14 17:51:45 (9952877581174) STATS - SET, 10.8, 1
2018-11-14 17:51:45 (9952877755880) STATS - SET, 10.9, 1
2018-11-14 17:51:45 (9952877885684) STATS - SET, 11.0, 2
2018-11-14 17:51:45 (9952878039190) STATS - SET, 11.1, 2
2018-11-14 17:51:45 (9952878180395) STATS - SET, 11.2, 2
2018-11-14 17:51:45 (9952878307199) STATS - SET, 11.3, 1
2018-11-14 17:51:45 (9952885354849) STATS - SET, 11.4, 1
2018-11-14 17:51:45 (9952885593457) STATS - SET, 11.5, 1
2018-11-14 17:51:45 (9952885688060) STATS - SET, 11.6, 2
2018-11-14 17:51:45 (9952885783164) STATS - SET, 11.7, 1
2018-11-14 17:51:45 (9952885926169) STATS - SET, 11.8, 3
2018-11-14 17:51:45 (9952886026572) STATS - SET, 11.9, 0
2018-11-14 17:51:45 (9952886122276) STATS - SET, 12.0, 0
2018-11-14 17:51:45 (9952886230780) STATS - SET, 12.1, 3
2018-11-14 17:51:45 (9952886322883) STATS - SET, 12.2, 1
2018-11-14 17:51:45 (9952886413386) STATS - SET, 12.3, 0
2018-11-14 17:51:45 (9952886506289) STATS - SET, 12.4, 1
2018-11-14 17:51:45 (9952886598193) STATS - SET, 12.5, 6
2018-11-14 17:51:45 (9952886689696) STATS - SET, 12.6, 2
2018-11-14 17:51:45 (9952886804900) STATS - SET, 12.7, 1
2018-11-14 17:51:45 (9952886906303) STATS - SET, 12.8, 1
2018-11-14 17:51:45 (9952887014407) STATS - SET, 12.9, 4
2018-11-14 17:51:45 (9952887104610) STATS - SET, 13.0, 0
2018-11-14 17:51:45 (9952887195414) STATS - SET, 13.1, 2
2018-11-14 17:51:45 (9952887302117) STATS - SET, 13.2, 0
2018-11-14 17:51:45 (9952887398521) STATS - SET, 13.3, 1
2018-11-14 17:51:45 (9952887495324) STATS - SET, 13.4, 1
2018-11-14 17:51:45 (9952887591528) STATS - SET, 13.5, 2
2018-11-14 17:51:45 (9952887689331) STATS - SET, 13.6, 0
2018-11-14 17:51:45 (9952887785735) STATS - SET, 13.7, 0
2018-11-14 17:51:45 (9952887881438) STATS - SET, 13.8, 2
2018-11-14 17:51:45 (9952887979041) STATS - SET, 13.9, 0
2018-11-14 17:51:45 (9952888121146) STATS - SET, 14.0, 1
2018-11-14 17:51:45 (9952895261599) STATS - SET, 14.1, 2
2018-11-14 17:51:45 (9952895412704) STATS - SET, 14.2, 0
2018-11-14 17:51:45 (9952895503707) STATS - SET, 14.3, 1
2018-11-14 17:51:45 (9952895593111) STATS - SET, 14.4, 0
2018-11-14 17:51:45 (9952895728715) STATS - SET, 14.5, 2
2018-11-14 17:51:45 (9952895839119) STATS - SET, 14.6, 0
2018-11-14 17:51:45 (9952895936823) STATS - SET, 14.7, 1
2018-11-14 17:51:45 (9952896074628) STATS - SET, 14.8, 0
2018-11-14 17:51:45 (9952896169031) STATS - SET, 14.9, 1
2018-11-14 17:51:45 (9952896281535) STATS - SET, 15.0, 2
2018-11-14 17:51:45 (9952896373738) STATS - SET, 15.1, 0
2018-11-14 17:51:45 (9952896542544) STATS - SET, 15.2, 2
2018-11-14 17:51:45 (9952896650348) STATS - SET, 15.3, 1
2018-11-14 17:51:45 (9952896762652) STATS - SET, 15.4, 0
2018-11-14 17:51:45 (9952897057962) STATS - SET, 15.5, 0
2018-11-14 17:51:45 (9952897177467) STATS - SET, 15.6, 0
2018-11-14 17:51:45 (9952897285070) STATS - SET, 15.7, 0
2018-11-14 17:51:45 (9952897398775) STATS - SET, 15.8, 0
2018-11-14 17:51:45 (9952897498978) STATS - SET, 15.9, 0
2018-11-14 17:51:45 (9952897598882) STATS - SET, 16.0, 0
2018-11-14 17:51:45 (9952897700485) STATS - SET, 16.1, 0
2018-11-14 17:51:45 (9952897859791) STATS - SET, 16.2, 0
2018-11-14 17:51:45 (9952904953342) STATS - SET, 16.3, 0
2018-11-14 17:51:45 (9952905100447) STATS - SET, 16.4, 0
2018-11-14 17:51:45 (9952905212251) STATS - SET, 16.5, 1
2018-11-14 17:51:45 (9952905304954) STATS - SET, 16.6, 0
2018-11-14 17:51:45 (9952905396857) STATS - SET, 16.7, 0
2018-11-14 17:51:45 (9952905528062) STATS - SET, 16.8, 0
2018-11-14 17:51:45 (9952905625365) STATS - SET, 16.9, 0
2018-11-14 17:51:45 (9952905720069) STATS - SET, 17.0, 1
2018-11-14 17:51:45 (9952905822372) STATS - SET, 17.1, 0
2018-11-14 17:51:45 (9952905912476) STATS - SET, 17.2, 1
2018-11-14 17:51:45 (9952906010379) STATS - SET, 17.3, 0
2018-11-14 17:51:45 (9952906101182) STATS - SET, 17.4, 0
2018-11-14 17:51:45 (9952906192885) STATS - SET, 17.5, 0
2018-11-14 17:51:45 (9952906288089) STATS - SET, 17.6, 0
2018-11-14 17:51:45 (9952906377192) STATS - SET, 17.7, 0
2018-11-14 17:51:45 (9952906465395) STATS - SET, 17.8, 0
2018-11-14 17:51:45 (9952906554198) STATS - SET, 17.9, 0
2018-11-14 17:51:45 (9952906640301) STATS - SET, 18.0, 0
2018-11-14 17:51:45 (9952906727904) STATS - SET, 18.1, 0
2018-11-14 17:51:45 (9952906816908) STATS - SET, 18.2, 0
2018-11-14 17:51:45 (9952906941912) STATS - SET, 18.3, 0
2018-11-14 17:51:45 (9952907052916) STATS - SET, 18.4, 0
2018-11-14 17:51:45 (9952907154619) STATS - SET, 18.5, 0
2018-11-14 17:51:45 (9952907270824) STATS - SET, 18.6, 0
2018-11-14 17:51:45 (9952907372427) STATS - SET, 18.7, 0
2018-11-14 17:51:45 (9952907474631) STATS - SET, 18.8, 1
2018-11-14 17:51:45 (9952907572734) STATS - SET, 18.9, 0
2018-11-14 17:51:45 (9952907665738) STATS - SET, 19.0, 0
2018-11-14 17:51:45 (9952907760841) STATS - SET, 19.1, 0
2018-11-14 17:51:45 (9952914868692) STATS - SET, 19.2, 0
2018-11-14 17:51:45 (9952915133202) STATS - SET, 19.3, 0
2018-11-14 17:51:45 (9952915240305) STATS - SET, 19.4, 0
2018-11-14 17:51:45 (9952915333909) STATS - SET, 19.5, 0
2018-11-14 17:51:45 (9952915435712) STATS - SET, 19.6, 0
2018-11-14 17:51:45 (9952915539216) STATS - SET, 19.7, 0
2018-11-14 17:51:45 (9952915701122) STATS - SET, 19.8, 0
2018-11-14 17:51:45 (9952915799925) STATS - SET, 19.9, 0
2018-11-14 17:51:45 (9952915894329) STATS - SET, 20.0, 0
2018-11-14 17:51:45 (9952916089235) STATS - SET, 20.1, 0
2018-11-14 17:51:45 (9952916193039) STATS - SET, 20.2, 0
2018-11-14 17:51:45 (9952916291343) STATS - SET, 20.3, 0
2018-11-14 17:51:45 (9952916409047) STATS - SET, 20.4, 0
2018-11-14 17:51:45 (9952916497250) STATS - SET, 20.5, 0
2018-11-14 17:51:45 (9952916584653) STATS - SET, 20.6, 0
2018-11-14 17:51:45 (9952916671556) STATS - SET, 20.7, 0
2018-11-14 17:51:45 (9952916758559) STATS - SET, 20.8, 0
2018-11-14 17:51:45 (9952916845562) STATS - SET, 20.9, 0
2018-11-14 17:51:45 (9952916931265) STATS - SET, 21.0, 0
2018-11-14 17:51:45 (9952917033169) STATS - SET, 21.1, 0
2018-11-14 17:51:45 (9952917125872) STATS - SET, 21.2, 0
2018-11-14 17:51:45 (9952917217375) STATS - SET, 21.3, 0
2018-11-14 17:51:45 (9952917321979) STATS - SET, 21.4, 0
2018-11-14 17:51:45 (9952917417482) STATS - SET, 21.5, 0
2018-11-14 17:51:45 (9952917505386) STATS - SET, 21.6, 0
2018-11-14 17:51:45 (9952917592489) STATS - SET, 21.7, 1
2018-11-14 17:51:45 (9952917679492) STATS - SET, 21.8, 0
2018-11-14 17:51:45 (9952917766695) STATS - SET, 21.9, 0
2018-11-14 17:51:45 (9952924829945) STATS - SET, 22.0, 0
2018-11-14 17:51:45 (9952925203758) STATS - SET, 22.1, 0
2018-11-14 17:51:45 (9952925353363) STATS - SET, 22.2, 1
2018-11-14 17:51:45 (9952925636273) STATS - SET, 22.3, 1
2018-11-14 17:51:45 (9952925762878) STATS - SET, 22.4, 0
2018-11-14 17:51:45 (9952925855681) STATS - SET, 22.5, 0
2018-11-14 17:51:45 (9952925968285) STATS - SET, 22.6, 0
2018-11-14 17:51:45 (9952926054688) STATS - SET, 22.7, 0
2018-11-14 17:51:45 (9952926142591) STATS - SET, 22.8, 0
2018-11-14 17:51:45 (9952926227894) STATS - SET, 22.9, 0
2018-11-14 17:51:45 (9952926309597) STATS - SET, 23.0, 0
2018-11-14 17:51:45 (9952926394200) STATS - SET, 23.1, 0
2018-11-14 17:51:45 (9952926484903) STATS - SET, 23.2, 0
2018-11-14 17:51:45 (9952926570306) STATS - SET, 23.3, 0
2018-11-14 17:51:45 (9952926659509) STATS - SET, 23.4, 0
2018-11-14 17:51:45 (9952926744312) STATS - SET, 23.5, 0
2018-11-14 17:51:45 (9952926842016) STATS - SET, 23.6, 0
2018-11-14 17:51:45 (9952927054223) STATS - SET, 23.7, 0
2018-11-14 17:51:45 (9952927154527) STATS - SET, 23.8, 0
2018-11-14 17:51:45 (9952927259830) STATS - SET, 23.9, 0
2018-11-14 17:51:45 (9952927386835) STATS - SET, 24.0, 0
2018-11-14 17:51:45 (9952927520840) STATS - SET, 24.1, 0
2018-11-14 17:51:45 (9952927626943) STATS - SET, 24.2, 0
2018-11-14 17:51:45 (9952927718647) STATS - SET, 24.3, 0
2018-11-14 17:51:45 (9952934933502) STATS - SET, 24.4, 0
2018-11-14 17:51:45 (9952935043006) STATS - SET, 24.5, 0
2018-11-14 17:51:45 (9952935154410) STATS - SET, 24.6, 0
2018-11-14 17:51:45 (9952935242613) STATS - SET, 24.7, 0
2018-11-14 17:51:45 (9952935328416) STATS - SET, 24.8, 0
2018-11-14 17:51:45 (9952935414119) STATS - SET, 24.9, 0
2018-11-14 17:51:45 (9952935496222) STATS - SET, 25.0, 0
2018-11-14 17:51:45 (9952935606226) STATS - SET, 25.1, 1
2018-11-14 17:51:45 (9952935698429) STATS - SET, 25.2, 0
2018-11-14 17:51:45 (9952935790032) STATS - SET, 25.3, 0
2018-11-14 17:51:45 (9952935891836) STATS - SET, 25.4, 0
2018-11-14 17:51:45 (9952935988939) STATS - SET, 25.5, 0
2018-11-14 17:51:45 (9952936091143) STATS - SET, 25.6, 0
2018-11-14 17:51:45 (9952936176246) STATS - SET, 25.7, 0
2018-11-14 17:51:45 (9952936260649) STATS - SET, 25.8, 0
2018-11-14 17:51:45 (9952936344052) STATS - SET, 25.9, 0
2018-11-14 17:51:45 (9952936425255) STATS - SET, 26.0, 0
2018-11-14 17:51:45 (9952936508458) STATS - SET, 26.1, 0
2018-11-14 17:51:45 (9952936594361) STATS - SET, 26.2, 0
2018-11-14 17:51:45 (9952936677364) STATS - SET, 26.3, 0
2018-11-14 17:51:45 (9952936761066) STATS - SET, 26.4, 0
2018-11-14 17:51:45 (9952936844669) STATS - SET, 26.5, 0
2018-11-14 17:51:45 (9952936929272) STATS - SET, 26.6, 0
2018-11-14 17:51:45 (9952937014175) STATS - SET, 26.7, 0
2018-11-14 17:51:45 (9952937097978) STATS - SET, 26.8, 0
2018-11-14 17:51:45 (9952937183381) STATS - SET, 26.9, 0
2018-11-14 17:51:45 (9952937264284) STATS - SET, 27.0, 0
2018-11-14 17:51:45 (9952937347287) STATS - SET, 27.1, 0
2018-11-14 17:51:45 (9952937430890) STATS - SET, 27.2, 0
2018-11-14 17:51:45 (9952937514593) STATS - SET, 27.3, 0
2018-11-14 17:51:45 (9952937597696) STATS - SET, 27.4, 0
2018-11-14 17:51:45 (9952944750549) STATS - SET, 27.5, 0
2018-11-14 17:51:45 (9952947978163) STATS - SET, 27.6, 0
2018-11-14 17:51:45 (9952948114668) STATS - SET, 27.7, 0
2018-11-14 17:51:45 (9952948216672) STATS - SET, 27.8, 0
2018-11-14 17:51:45 (9952948323575) STATS - SET, 27.9, 0
2018-11-14 17:51:45 (9952948402678) STATS - SET, 28.0, 0
2018-11-14 17:51:45 (9952948483481) STATS - SET, 28.1, 0
2018-11-14 17:51:45 (9952948562784) STATS - SET, 28.2, 0
2018-11-14 17:51:45 (9952948688188) STATS - SET, 28.3, 0
2018-11-14 17:51:45 (9952948825993) STATS - SET, 28.4, 0
2018-11-14 17:51:45 (9952948914196) STATS - SET, 28.5, 0
2018-11-14 17:51:45 (9952948998399) STATS - SET, 28.6, 0
2018-11-14 17:51:45 (9952949093803) STATS - SET, 28.7, 0
2018-11-14 17:51:45 (9952949177506) STATS - SET, 28.8, 0
2018-11-14 17:51:45 (9952949260108) STATS - SET, 28.9, 0
2018-11-14 17:51:45 (9952949375213) STATS - SET, 29.0, 0
2018-11-14 17:51:45 (9952949459916) STATS - SET, 29.1, 0
2018-11-14 17:51:45 (9952949540018) STATS - SET, 29.2, 0
2018-11-14 17:51:45 (9952949620721) STATS - SET, 29.3, 0
2018-11-14 17:51:45 (9952949700424) STATS - SET, 29.4, 0
2018-11-14 17:51:45 (9952949791427) STATS - SET, 29.5, 0
2018-11-14 17:51:45 (9952949874130) STATS - SET, 29.6, 0
2018-11-14 17:51:45 (9952949952133) STATS - SET, 29.7, 0
2018-11-14 17:51:45 (9952950032736) STATS - SET, 29.8, 0
2018-11-14 17:51:45 (9952950112139) STATS - SET, 29.9, 0
2018-11-14 17:51:45 (9952950189041) STATS - SET, 30.0, 0
2018-11-14 17:51:45 (9952950294045) STATS - SET, 30.1, 0
2018-11-14 17:51:45 (9952950399249) STATS - SET, 30.2, 0
2018-11-14 17:51:45 (9952950481452) STATS - SET, 30.3, 0
2018-11-14 17:51:45 (9952954864207) STATS - SET, 30.4, 0
2018-11-14 17:51:45 (9952955041513) STATS - SET, 30.5, 0
2018-11-14 17:51:45 (9952955158517) STATS - SET, 30.6, 0
2018-11-14 17:51:45 (9952955236620) STATS - SET, 30.7, 0
2018-11-14 17:51:45 (9952955313223) STATS - SET, 30.8, 0
2018-11-14 17:51:45 (9952955462928) STATS - SET, 30.9, 0
2018-11-14 17:51:45 (9952955538030) STATS - SET, 31.0, 0
2018-11-14 17:51:45 (9952955613833) STATS - SET, 31.1, 0
2018-11-14 17:51:45 (9952955689336) STATS - SET, 31.2, 0
2018-11-14 17:51:45 (9952955774639) STATS - SET, 31.3, 0
2018-11-14 17:51:45 (9952955847541) STATS - SET, 31.4, 0
2018-11-14 17:51:45 (9952955920244) STATS - SET, 31.5, 0
2018-11-14 17:51:45 (9952955991947) STATS - SET, 31.6, 0
2018-11-14 17:51:45 (9952956078250) STATS - SET, 31.7, 0
2018-11-14 17:51:45 (9952956191954) STATS - SET, 31.8, 0
2018-11-14 17:51:45 (9952956275057) STATS - SET, 31.9, 0
2018-11-14 17:51:45 (9952956354759) STATS - SET, 32.0, 0
2018-11-14 17:51:45 (9952956434162) STATS - SET, 32.1, 0
2018-11-14 17:51:45 (9952956513165) STATS - SET, 32.2, 0
2018-11-14 17:51:45 (9952956603568) STATS - SET, 32.3, 0
2018-11-14 17:51:45 (9952956703072) STATS - SET, 32.4, 0
2018-11-14 17:51:45 (9952956777274) STATS - SET, 32.5, 0
2018-11-14 17:51:45 (9952956858077) STATS - SET, 32.6, 0
2018-11-14 17:51:45 (9952956930380) STATS - SET, 32.7, 0
2018-11-14 17:51:45 (9952957002882) STATS - SET, 32.8, 0
2018-11-14 17:51:45 (9952957073885) STATS - SET, 32.9, 0
2018-11-14 17:51:45 (9952957143187) STATS - SET, 33.0, 0
2018-11-14 17:51:45 (9952957214190) STATS - SET, 33.1, 0
2018-11-14 17:51:45 (9952957286492) STATS - SET, 33.2, 0
2018-11-14 17:51:45 (9952957358895) STATS - SET, 33.3, 0
2018-11-14 17:51:45 (9952957443798) STATS - SET, 33.4, 0
2018-11-14 17:51:45 (9952964518448) STATS - SET, 33.5, 0
2018-11-14 17:51:45 (9952964659553) STATS - SET, 33.6, 0
2018-11-14 17:51:45 (9952964739956) STATS - SET, 33.7, 0
2018-11-14 17:51:45 (9952964814659) STATS - SET, 33.8, 0
2018-11-14 17:51:45 (9952964886061) STATS - SET, 33.9, 0
2018-11-14 17:51:45 (9952964952863) STATS - SET, 34.0, 0
2018-11-14 17:51:45 (9952965032666) STATS - SET, 34.1, 0
2018-11-14 17:51:45 (9952965106569) STATS - SET, 34.2, 0
2018-11-14 17:51:45 (9952965192272) STATS - SET, 34.3, 0
2018-11-14 17:51:45 (9952965269375) STATS - SET, 34.4, 0
2018-11-14 17:51:45 (9952965345177) STATS - SET, 34.5, 0
2018-11-14 17:51:45 (9952965420080) STATS - SET, 34.6, 0
2018-11-14 17:51:45 (9952965558685) STATS - SET, 34.7, 0
2018-11-14 17:51:45 (9952965668089) STATS - SET, 34.8, 0
2018-11-14 17:51:45 (9952965743891) STATS - SET, 34.9, 0
2018-11-14 17:51:45 (9952965814194) STATS - SET, 35.0, 0
2018-11-14 17:51:45 (9952965885196) STATS - SET, 35.1, 0
2018-11-14 17:51:45 (9952965964699) STATS - SET, 35.2, 0
2018-11-14 17:51:45 (9952966032402) STATS - SET, 35.3, 0
2018-11-14 17:51:45 (9952966100704) STATS - SET, 35.4, 0
2018-11-14 17:51:45 (9952966170506) STATS - SET, 35.5, 0
2018-11-14 17:51:45 (9952966240709) STATS - SET, 35.6, 0
2018-11-14 17:51:45 (9952966309111) STATS - SET, 35.7, 0
2018-11-14 17:51:45 (9952966377814) STATS - SET, 35.8, 0
2018-11-14 17:51:45 (9952966446516) STATS - SET, 35.9, 0
2018-11-14 17:51:45 (9952966546720) STATS - SET, 36.0, 0
2018-11-14 17:51:45 (9952966619322) STATS - SET, 36.1, 0
2018-11-14 17:51:45 (9952966737727) STATS - SET, 36.2, 0
2018-11-14 17:51:45 (9952966837230) STATS - SET, 36.3, 0
2018-11-14 17:51:45 (9952966927533) STATS - SET, 36.4, 0
2018-11-14 17:51:45 (9952967017336) STATS - SET, 36.5, 0
2018-11-14 17:51:45 (9952967096239) STATS - SET, 36.6, 0
2018-11-14 17:51:45 (9952967212043) STATS - SET, 36.7, 0
2018-11-14 17:51:45 (9952967296046) STATS - SET, 36.8, 0
2018-11-14 17:51:45 (9952967389950) STATS - SET, 36.9, 0
2018-11-14 17:51:45 (9952967456352) STATS - SET, 37.0, 0
2018-11-14 17:51:45 (9952974648306) STATS - SET, 37.1, 0
2018-11-14 17:51:45 (9952974718609) STATS - SET, 37.2, 0
2018-11-14 17:51:45 (9952974816412) STATS - SET, 37.3, 0
2018-11-14 17:51:45 (9952974913016) STATS - SET, 37.4, 0
2018-11-14 17:51:45 (9952974994619) STATS - SET, 37.5, 0
2018-11-14 17:51:45 (9952975101922) STATS - SET, 37.6, 0
2018-11-14 17:51:45 (9952975179025) STATS - SET, 37.7, 0
2018-11-14 17:51:45 (9952975249628) STATS - SET, 37.8, 0
2018-11-14 17:51:45 (9952975330530) STATS - SET, 37.9, 0
2018-11-14 17:51:45 (9952975422134) STATS - SET, 38.0, 0
2018-11-14 17:51:45 (9952975483936) STATS - SET, 38.1, 0
2018-11-14 17:51:45 (9952975546238) STATS - SET, 38.2, 0
2018-11-14 17:51:45 (9952975610340) STATS - SET, 38.3, 0
2018-11-14 17:51:45 (9952975695943) STATS - SET, 38.4, 0
2018-11-14 17:51:45 (9952975776646) STATS - SET, 38.5, 0
2018-11-14 17:51:45 (9952975843149) STATS - SET, 38.6, 0
2018-11-14 17:51:45 (9952975908051) STATS - SET, 38.7, 0
2018-11-14 17:51:45 (9952975972953) STATS - SET, 38.8, 0
2018-11-14 17:51:45 (9952976071057) STATS - SET, 38.9, 0
2018-11-14 17:51:45 (9952976173060) STATS - SET, 39.0, 0
2018-11-14 17:51:45 (9952976239963) STATS - SET, 39.1, 0
2018-11-14 17:51:45 (9952976301965) STATS - SET, 39.2, 0
2018-11-14 17:51:45 (9952976363767) STATS - SET, 39.3, 0
2018-11-14 17:51:45 (9952976425869) STATS - SET, 39.4, 0
2018-11-14 17:51:45 (9952976487771) STATS - SET, 39.5, 0
2018-11-14 17:51:45 (9952976549573) STATS - SET, 39.6, 0
2018-11-14 17:51:45 (9952976613676) STATS - SET, 39.7, 0
2018-11-14 17:51:45 (9952976675578) STATS - SET, 39.8, 0
2018-11-14 17:51:45 (9952976736880) STATS - SET, 39.9, 0
2018-11-14 17:51:45 (9952976796382) STATS - SET, 40.0, 0
2018-11-14 17:51:45 (9952976860384) STATS - SET, 40.1, 0
2018-11-14 17:51:45 (9952976922987) STATS - SET, 40.2, 0
2018-11-14 17:51:45 (9952976984889) STATS - SET, 40.3, 0
2018-11-14 17:51:45 (9952977045591) STATS - SET, 40.4, 0
2018-11-14 17:51:45 (9952977106493) STATS - SET, 40.5, 0
2018-11-14 17:51:45 (9952977169595) STATS - SET, 40.6, 0
2018-11-14 17:51:45 (9952977232698) STATS - SET, 40.7, 0
2018-11-14 17:51:45 (9952977294600) STATS - SET, 40.8, 0
2018-11-14 17:51:45 (9952977357102) STATS - SET, 40.9, 0
2018-11-14 17:51:45 (9952984415352) STATS - SET, 41.0, 0
2018-11-14 17:51:45 (9952984519055) STATS - SET, 41.1, 0
2018-11-14 17:51:45 (9952984583358) STATS - SET, 41.2, 0
2018-11-14 17:51:45 (9952984642760) STATS - SET, 41.3, 0
2018-11-14 17:51:45 (9952984701162) STATS - SET, 41.4, 0
2018-11-14 17:51:45 (9952984758164) STATS - SET, 41.5, 0
2018-11-14 17:51:45 (9952984814866) STATS - SET, 41.6, 0
2018-11-14 17:51:45 (9952984870968) STATS - SET, 41.7, 0
2018-11-14 17:51:45 (9952984956171) STATS - SET, 41.8, 0
2018-11-14 17:51:45 (9952985028073) STATS - SET, 41.9, 0
2018-11-14 17:51:45 (9952985098476) STATS - SET, 42.0, 0
2018-11-14 17:51:45 (9952985158578) STATS - SET, 42.1, 0
2018-11-14 17:51:45 (9952985218480) STATS - SET, 42.2, 0
2018-11-14 17:51:45 (9952985279182) STATS - SET, 42.3, 0
2018-11-14 17:51:45 (9952985361585) STATS - SET, 42.4, 0
2018-11-14 17:51:45 (9952985417887) STATS - SET, 42.5, 0
2018-11-14 17:51:45 (9952985527991) STATS - SET, 42.6, 0
2018-11-14 17:51:45 (9952985593293) STATS - SET, 42.7, 0
2018-11-14 17:51:45 (9952985687097) STATS - SET, 42.8, 0
2018-11-14 17:51:45 (9952985796801) STATS - SET, 42.9, 0
2018-11-14 17:51:45 (9952985856503) STATS - SET, 43.0, 0
2018-11-14 17:51:45 (9952985920205) STATS - SET, 43.1, 0
2018-11-14 17:51:45 (9952985986707) STATS - SET, 43.2, 0
2018-11-14 17:51:45 (9952986047609) STATS - SET, 43.3, 0
2018-11-14 17:51:45 (9952986116312) STATS - SET, 43.4, 0
2018-11-14 17:51:45 (9952986172914) STATS - SET, 43.5, 0
2018-11-14 17:51:45 (9952986229116) STATS - SET, 43.6, 0
2018-11-14 17:51:45 (9952986286018) STATS - SET, 43.7, 0
2018-11-14 17:51:45 (9952986343020) STATS - SET, 43.8, 0
2018-11-14 17:51:45 (9952986399922) STATS - SET, 43.9, 0
2018-11-14 17:51:45 (9952986465824) STATS - SET, 44.0, 0
2018-11-14 17:51:45 (9952986523426) STATS - SET, 44.1, 0
2018-11-14 17:51:45 (9952986581428) STATS - SET, 44.2, 0
2018-11-14 17:51:45 (9952986641530) STATS - SET, 44.3, 0
2018-11-14 17:51:45 (9952986700932) STATS - SET, 44.4, 0
2018-11-14 17:51:45 (9952986759835) STATS - SET, 44.5, 0
2018-11-14 17:51:45 (9952986818637) STATS - SET, 44.6, 0
2018-11-14 17:51:45 (9952986885339) STATS - SET, 44.7, 0
2018-11-14 17:51:45 (9952986941741) STATS - SET, 44.8, 0
2018-11-14 17:51:45 (9952986998043) STATS - SET, 44.9, 0
2018-11-14 17:51:45 (9952987051945) STATS - SET, 45.0, 0
2018-11-14 17:51:45 (9952987129648) STATS - SET, 45.1, 0
2018-11-14 17:51:45 (9952987186550) STATS - SET, 45.2, 0
2018-11-14 17:51:45 (9952987243852) STATS - SET, 45.3, 0
2018-11-14 17:51:45 (9952987300854) STATS - SET, 45.4, 0
2018-11-14 17:51:45 (9952994495808) STATS - SET, 45.5, 0
2018-11-14 17:51:45 (9952994642513) STATS - SET, 45.6, 0
2018-11-14 17:51:45 (9952994714616) STATS - SET, 45.7, 0
2018-11-14 17:51:45 (9952994771118) STATS - SET, 45.8, 0
2018-11-14 17:51:45 (9952994828820) STATS - SET, 45.9, 0
2018-11-14 17:51:45 (9952994880822) STATS - SET, 46.0, 0
2018-11-14 17:51:45 (9952994934724) STATS - SET, 46.1, 0
2018-11-14 17:51:45 (9952994988126) STATS - SET, 46.2, 0
2018-11-14 17:51:45 (9952995042027) STATS - SET, 46.3, 0
2018-11-14 17:51:45 (9952995095129) STATS - SET, 46.4, 0
2018-11-14 17:51:45 (9952995148631) STATS - SET, 46.5, 0
2018-11-14 17:51:45 (9952995201833) STATS - SET, 46.6, 0
2018-11-14 17:51:45 (9952995255935) STATS - SET, 46.7, 0
2018-11-14 17:51:45 (9952995310137) STATS - SET, 46.8, 0
2018-11-14 17:51:45 (9952995366739) STATS - SET, 46.9, 0
2018-11-14 17:51:45 (9952995419141) STATS - SET, 47.0, 0
2018-11-14 17:51:45 (9952995473443) STATS - SET, 47.1, 0
2018-11-14 17:51:45 (9952995528545) STATS - SET, 47.2, 0
2018-11-14 17:51:45 (9952995582047) STATS - SET, 47.3, 0
2018-11-14 17:51:45 (9952995637949) STATS - SET, 47.4, 0
2018-11-14 17:51:45 (9952995691850) STATS - SET, 47.5, 0
2018-11-14 17:51:45 (9952995744852) STATS - SET, 47.6, 0
2018-11-14 17:51:45 (9952995832255) STATS - SET, 47.7, 0
2018-11-14 17:51:45 (9952995904558) STATS - SET, 47.8, 0
2018-11-14 17:51:45 (9952995977161) STATS - SET, 47.9, 0
2018-11-14 17:51:45 (9952996048663) STATS - SET, 48.0, 0
2018-11-14 17:51:45 (9952996106665) STATS - SET, 48.1, 0
2018-11-14 17:51:45 (9952996163567) STATS - SET, 48.2, 0
2018-11-14 17:51:45 (9952996253170) STATS - SET, 48.3, 0
2018-11-14 17:51:45 (9952996323473) STATS - SET, 48.4, 0
2018-11-14 17:51:45 (9952996379575) STATS - SET, 48.5, 0
2018-11-14 17:51:45 (9952996450277) STATS - SET, 48.6, 0
2018-11-14 17:51:45 (9952996506279) STATS - SET, 48.7, 0
2018-11-14 17:51:45 (9952996561181) STATS - SET, 48.8, 0
2018-11-14 17:51:45 (9952996616083) STATS - SET, 48.9, 0
2018-11-14 17:51:45 (9952996669285) STATS - SET, 49.0, 0
2018-11-14 17:51:45 (9952996723487) STATS - SET, 49.1, 0
2018-11-14 17:51:45 (9952996787189) STATS - SET, 49.2, 0
2018-11-14 17:51:45 (9952996880492) STATS - SET, 49.3, 0
2018-11-14 17:51:45 (9952996977596) STATS - SET, 49.4, 0
2018-11-14 17:51:45 (9953003917741) STATS - SET, 49.5, 0
2018-11-14 17:51:45 (9953004159450) STATS - SET, 49.6, 0
2018-11-14 17:51:45 (9953004237353) STATS - SET, 49.7, 0
2018-11-14 17:51:45 (9953004297455) STATS - SET, 49.8, 0
2018-11-14 17:51:45 (9953004364557) STATS - SET, 49.9, 0
2018-11-14 17:51:45 (9953004439660) STATS - SET, 50.0, 0
2018-11-14 17:51:45 (9953004490562) STATS - SET, 50.1, 0
2018-11-14 17:51:45 (9953004541263) STATS - SET, 50.2, 0
2018-11-14 17:51:45 (9953004592365) STATS - SET, 50.3, 0
2018-11-14 17:51:45 (9953004643467) STATS - SET, 50.4, 0
2018-11-14 17:51:45 (9953004693869) STATS - SET, 50.5, 0
2018-11-14 17:51:45 (9953004744671) STATS - SET, 50.6, 0
2018-11-14 17:51:45 (9953004821573) STATS - SET, 50.7, 0
2018-11-14 17:51:45 (9953004874475) STATS - SET, 50.8, 0
2018-11-14 17:51:45 (9953004925777) STATS - SET, 50.9, 0
2018-11-14 17:51:45 (9953004972779) STATS - SET, 51.0, 0
2018-11-14 17:51:45 (9953005048381) STATS - SET, 51.1, 0
2018-11-14 17:51:45 (9953005156685) STATS - SET, 51.2, 0
2018-11-14 17:51:45 (9953005226288) STATS - SET, 51.3, 0
2018-11-14 17:51:45 (9953005281390) STATS - SET, 51.4, 0
2018-11-14 17:51:45 (9953005335791) STATS - SET, 51.5, 0
2018-11-14 17:51:45 (9953005389793) STATS - SET, 51.6, 0
2018-11-14 17:51:45 (9953005443795) STATS - SET, 51.7, 0
2018-11-14 17:51:45 (9953005519098) STATS - SET, 51.8, 0
2018-11-14 17:51:45 (9953005569100) STATS - SET, 51.9, 0
2018-11-14 17:51:45 (9953005617001) STATS - SET, 52.0, 0
2018-11-14 17:51:45 (9953005666403) STATS - SET, 52.1, 0
2018-11-14 17:51:45 (9953005715905) STATS - SET, 52.2, 0
2018-11-14 17:51:45 (9953005765607) STATS - SET, 52.3, 0
2018-11-14 17:51:45 (9953005815208) STATS - SET, 52.4, 0
2018-11-14 17:51:45 (9953005866210) STATS - SET, 52.5, 0
2018-11-14 17:51:45 (9953005917112) STATS - SET, 52.6, 0
2018-11-14 17:51:45 (9953005967414) STATS - SET, 52.7, 0
2018-11-14 17:51:45 (9953006017816) STATS - SET, 52.8, 0
2018-11-14 17:51:45 (9953006068717) STATS - SET, 52.9, 0
2018-11-14 17:51:45 (9953006115819) STATS - SET, 53.0, 0
2018-11-14 17:51:45 (9953006164321) STATS - SET, 53.1, 0
2018-11-14 17:51:45 (9953006214023) STATS - SET, 53.2, 0
2018-11-14 17:51:45 (9953006275925) STATS - SET, 53.3, 0
2018-11-14 17:51:45 (9953006358628) STATS - SET, 53.4, 0
2018-11-14 17:51:45 (9953006417130) STATS - SET, 53.5, 0
2018-11-14 17:51:45 (9953006469632) STATS - SET, 53.6, 0
2018-11-14 17:51:45 (9953006522833) STATS - SET, 53.7, 0
2018-11-14 17:51:45 (9953006575835) STATS - SET, 53.8, 0
2018-11-14 17:51:45 (9953006628237) STATS - SET, 53.9, 0
2018-11-14 17:51:45 (9953006677639) STATS - SET, 54.0, 0
2018-11-14 17:51:45 (9953006730141) STATS - SET, 54.1, 0
2018-11-14 17:51:45 (9953006792043) STATS - SET, 54.2, 0
2018-11-14 17:51:45 (9953013964797) STATS - SET, 54.3, 0
2018-11-14 17:51:45 (9953014178904) STATS - SET, 54.4, 0
2018-11-14 17:51:45 (9953014230706) STATS - SET, 54.5, 0
2018-11-14 17:51:45 (9953014278808) STATS - SET, 54.6, 0
2018-11-14 17:51:45 (9953014326409) STATS - SET, 54.7, 0
2018-11-14 17:51:45 (9953014374211) STATS - SET, 54.8, 0
2018-11-14 17:51:45 (9953014421613) STATS - SET, 54.9, 0
2018-11-14 17:51:45 (9953014466214) STATS - SET, 55.0, 0
2018-11-14 17:51:45 (9953014513416) STATS - SET, 55.1, 0
2018-11-14 17:51:45 (9953014560718) STATS - SET, 55.2, 0
2018-11-14 17:51:45 (9953014609319) STATS - SET, 55.3, 0
2018-11-14 17:51:45 (9953014659221) STATS - SET, 55.4, 0
2018-11-14 17:51:45 (9953014707323) STATS - SET, 55.5, 0
2018-11-14 17:51:45 (9953014757125) STATS - SET, 55.6, 0
2018-11-14 17:51:45 (9953014836827) STATS - SET, 55.7, 0
2018-11-14 17:51:45 (9953014904730) STATS - SET, 55.8, 0
2018-11-14 17:51:45 (9953014977432) STATS - SET, 55.9, 0
2018-11-14 17:51:45 (9953015034834) STATS - SET, 56.0, 0
2018-11-14 17:51:45 (9953015091536) STATS - SET, 56.1, 0
2018-11-14 17:51:45 (9953015143038) STATS - SET, 56.2, 0
2018-11-14 17:51:45 (9953015194340) STATS - SET, 56.3, 0
2018-11-14 17:51:45 (9953015245742) STATS - SET, 56.4, 0
2018-11-14 17:51:45 (9953015296644) STATS - SET, 56.5, 0
2018-11-14 17:51:45 (9953015401447) STATS - SET, 56.6, 0
2018-11-14 17:51:45 (9953015462350) STATS - SET, 56.7, 0
2018-11-14 17:51:45 (9953015526652) STATS - SET, 56.8, 0
2018-11-14 17:51:45 (9953015577854) STATS - SET, 56.9, 0
2018-11-14 17:51:45 (9953015625955) STATS - SET, 57.0, 0
2018-11-14 17:51:45 (9953015677957) STATS - SET, 57.1, 0
2018-11-14 17:51:45 (9953015730959) STATS - SET, 57.2, 0
2018-11-14 17:51:45 (9953015804962) STATS - SET, 57.3, 0
2018-11-14 17:51:45 (9953015852263) STATS - SET, 57.4, 0
2018-11-14 17:51:45 (9953015900765) STATS - SET, 57.5, 0
2018-11-14 17:51:45 (9953015947967) STATS - SET, 57.6, 0
2018-11-14 17:51:45 (9953015994268) STATS - SET, 57.7, 0
2018-11-14 17:51:45 (9953016055971) STATS - SET, 57.8, 0
2018-11-14 17:51:45 (9953016103372) STATS - SET, 57.9, 0
2018-11-14 17:51:45 (9953016147774) STATS - SET, 58.0, 0
2018-11-14 17:51:45 (9953016193975) STATS - SET, 58.1, 0
2018-11-14 17:51:45 (9953016242677) STATS - SET, 58.2, 0
2018-11-14 17:51:45 (9953016289079) STATS - SET, 58.3, 0
2018-11-14 17:51:45 (9953016335180) STATS - SET, 58.4, 0
2018-11-14 17:51:45 (9953016381482) STATS - SET, 58.5, 0
2018-11-14 17:51:45 (9953016427284) STATS - SET, 58.6, 0
2018-11-14 17:51:45 (9953016473185) STATS - SET, 58.7, 0
2018-11-14 17:51:45 (9953016519987) STATS - SET, 58.8, 0
2018-11-14 17:51:45 (9953016567189) STATS - SET, 58.9, 0
2018-11-14 17:51:45 (9953016613090) STATS - SET, 59.0, 0
2018-11-14 17:51:45 (9953016659792) STATS - SET, 59.1, 0
2018-11-14 17:51:45 (9953016706494) STATS - SET, 59.2, 0
2018-11-14 17:51:45 (9953023935749) STATS - SET, 59.3, 0
2018-11-14 17:51:45 (9953023985851) STATS - SET, 59.4, 0
2018-11-14 17:51:45 (9953024040353) STATS - SET, 59.5, 0
2018-11-14 17:51:45 (9953024080454) STATS - SET, 59.6, 0
2018-11-14 17:51:45 (9953024119556) STATS - SET, 59.7, 0
2018-11-14 17:51:45 (9953024161857) STATS - SET, 59.8, 0
2018-11-14 17:51:45 (9953024200859) STATS - SET, 59.9, 0
2018-11-14 17:51:45 (9953024238260) STATS - SET, 60.0, 0
2018-11-14 17:51:45 (9953024276761) STATS - SET, 60.1, 0
2018-11-14 17:51:45 (9953024314563) STATS - SET, 60.2, 0
2018-11-14 17:51:45 (9953024352564) STATS - SET, 60.3, 0
2018-11-14 17:51:45 (9953024390165) STATS - SET, 60.4, 0
2018-11-14 17:51:45 (9953024428467) STATS - SET, 60.5, 0
2018-11-14 17:51:45 (9953024468468) STATS - SET, 60.6, 0
2018-11-14 17:51:45 (9953024506369) STATS - SET, 60.7, 0
2018-11-14 17:51:45 (9953024545971) STATS - SET, 60.8, 0
2018-11-14 17:51:45 (9953024584072) STATS - SET, 60.9, 0
2018-11-14 17:51:45 (9953024621473) STATS - SET, 61.0, 0
2018-11-14 17:51:45 (9953024680276) STATS - SET, 61.1, 0
2018-11-14 17:51:45 (9953024723777) STATS - SET, 61.2, 0
2018-11-14 17:51:45 (9953024775079) STATS - SET, 61.3, 0
2018-11-14 17:51:45 (9953024813780) STATS - SET, 61.4, 0
2018-11-14 17:51:45 (9953024852782) STATS - SET, 61.5, 0
2018-11-14 17:51:45 (9953024891283) STATS - SET, 61.6, 0
2018-11-14 17:51:45 (9953024930484) STATS - SET, 61.7, 0
2018-11-14 17:51:45 (9953024993387) STATS - SET, 61.8, 0
2018-11-14 17:51:45 (9953025035688) STATS - SET, 61.9, 0
2018-11-14 17:51:45 (9953025073389) STATS - SET, 62.0, 0
2018-11-14 17:51:45 (9953025116391) STATS - SET, 62.1, 0
2018-11-14 17:51:45 (9953025159692) STATS - SET, 62.2, 0
2018-11-14 17:51:45 (9953025226395) STATS - SET, 62.3, 0
2018-11-14 17:51:45 (9953025296797) STATS - SET, 62.4, 0
2018-11-14 17:51:45 (9953025387001) STATS - SET, 62.5, 0
2018-11-14 17:51:45 (9953025770314) STATS - SET, 62.6, 0
2018-11-14 17:51:45 (9953026193929) STATS - SET, 62.7, 0
2018-11-14 17:51:45 (9953026254431) STATS - SET, 62.8, 0
2018-11-14 17:51:45 (9953026297033) STATS - SET, 62.9, 0
2018-11-14 17:51:45 (9953026340334) STATS - SET, 63.0, 0
2018-11-14 17:51:45 (9953026381336) STATS - SET, 63.1, 0
2018-11-14 17:51:45 (9953026421937) STATS - SET, 63.2, 0
2018-11-14 17:51:45 (9953026463239) STATS - SET, 63.3, 0
2018-11-14 17:51:45 (9953026514540) STATS - SET, 63.4, 0
2018-11-14 17:51:45 (9953026552042) STATS - SET, 63.5, 0
2018-11-14 17:51:45 (9953026588743) STATS - SET, 63.6, 0
2018-11-14 17:51:45 (9953026625244) STATS - SET, 63.7, 0
2018-11-14 17:51:45 (9953026662246) STATS - SET, 63.8, 0
2018-11-14 17:51:45 (9953026701547) STATS - SET, 63.9, 0
2018-11-14 17:51:45 (9953026740448) STATS - SET, 64.0, 0
2018-11-14 17:51:45 (9953033707795) STATS - SET, 64.1, 0
2018-11-14 17:51:45 (9953033779297) STATS - SET, 64.2, 0
2018-11-14 17:51:45 (9953033819799) STATS - SET, 64.3, 0
2018-11-14 17:51:45 (9953033855700) STATS - SET, 64.4, 0
2018-11-14 17:51:45 (9953033890401) STATS - SET, 64.5, 0
2018-11-14 17:51:45 (9953033924202) STATS - SET, 64.6, 0
2018-11-14 17:51:45 (9953033958204) STATS - SET, 64.7, 0
2018-11-14 17:51:45 (9953033991905) STATS - SET, 64.8, 0
2018-11-14 17:51:45 (9953034025806) STATS - SET, 64.9, 0
2018-11-14 17:51:45 (9953034058007) STATS - SET, 65.0, 0
2018-11-14 17:51:45 (9953034091708) STATS - SET, 65.1, 0
2018-11-14 17:51:45 (9953034125410) STATS - SET, 65.2, 0
2018-11-14 17:51:45 (9953034190112) STATS - SET, 65.3, 0
2018-11-14 17:51:45 (9953034249114) STATS - SET, 65.4, 0
2018-11-14 17:51:45 (9953034296816) STATS - SET, 65.5, 0
2018-11-14 17:51:45 (9953034334517) STATS - SET, 65.6, 0
2018-11-14 17:51:45 (9953034406119) STATS - SET, 65.7, 0
2018-11-14 17:51:45 (9953034444021) STATS - SET, 65.8, 0
2018-11-14 17:51:45 (9953034480722) STATS - SET, 65.9, 0
2018-11-14 17:51:45 (9953034517423) STATS - SET, 66.0, 0
2018-11-14 17:51:45 (9953034555825) STATS - SET, 66.1, 0
2018-11-14 17:51:45 (9953034599426) STATS - SET, 66.2, 0
2018-11-14 17:51:45 (9953034642728) STATS - SET, 66.3, 0
2018-11-14 17:51:45 (9953034681229) STATS - SET, 66.4, 0
2018-11-14 17:51:45 (9953034722131) STATS - SET, 66.5, 0
2018-11-14 17:51:45 (9953034761432) STATS - SET, 66.6, 0
2018-11-14 17:51:45 (9953034823934) STATS - SET, 66.7, 0
2018-11-14 17:51:45 (9953034859636) STATS - SET, 66.8, 0
2018-11-14 17:51:45 (9953034894837) STATS - SET, 66.9, 0
2018-11-14 17:51:45 (9953034928038) STATS - SET, 67.0, 0
2018-11-14 17:51:45 (9953034963439) STATS - SET, 67.1, 0
2018-11-14 17:51:45 (9953034999240) STATS - SET, 67.2, 0
2018-11-14 17:51:45 (9953035035042) STATS - SET, 67.3, 0
2018-11-14 17:51:45 (9953035070343) STATS - SET, 67.4, 0
2018-11-14 17:51:45 (9953035105544) STATS - SET, 67.5, 0
2018-11-14 17:51:45 (9953035142946) STATS - SET, 67.6, 0
2018-11-14 17:51:45 (9953035179647) STATS - SET, 67.7, 0
2018-11-14 17:51:45 (9953035232649) STATS - SET, 67.8, 0
2018-11-14 17:51:45 (9953035270050) STATS - SET, 67.9, 0
2018-11-14 17:51:45 (9953035302951) STATS - SET, 68.0, 0
2018-11-14 17:51:45 (9953035338252) STATS - SET, 68.1, 0
2018-11-14 17:51:45 (9953035376254) STATS - SET, 68.2, 0
2018-11-14 17:51:45 (9953035411855) STATS - SET, 68.3, 0
2018-11-14 17:51:45 (9953035446256) STATS - SET, 68.4, 0
2018-11-14 17:51:45 (9953035482158) STATS - SET, 68.5, 0
2018-11-14 17:51:45 (9953035536759) STATS - SET, 68.6, 0
2018-11-14 17:51:45 (9953035573061) STATS - SET, 68.7, 0
2018-11-14 17:51:45 (9953035608362) STATS - SET, 68.8, 0
2018-11-14 17:51:45 (9953035643663) STATS - SET, 68.9, 0
2018-11-14 17:51:45 (9953035677364) STATS - SET, 69.0, 0
2018-11-14 17:51:45 (9953035712966) STATS - SET, 69.1, 0
2018-11-14 17:51:45 (9953035747967) STATS - SET, 69.2, 0
2018-11-14 17:51:45 (9953035792768) STATS - SET, 69.3, 0
2018-11-14 17:51:45 (9953035826270) STATS - SET, 69.4, 0
2018-11-14 17:51:45 (9953035859671) STATS - SET, 69.5, 0
2018-11-14 17:51:45 (9953035892972) STATS - SET, 69.6, 0
2018-11-14 17:51:45 (9953035928373) STATS - SET, 69.7, 0
2018-11-14 17:51:45 (9953035962475) STATS - SET, 69.8, 0
2018-11-14 17:51:45 (9953035995876) STATS - SET, 69.9, 0
2018-11-14 17:51:45 (9953036043477) STATS - SET, 70.0, 0
2018-11-14 17:51:45 (9953036077779) STATS - SET, 70.1, 0
2018-11-14 17:51:45 (9953036111580) STATS - SET, 70.2, 0
2018-11-14 17:51:45 (9953036145981) STATS - SET, 70.3, 0
2018-11-14 17:51:45 (9953036181582) STATS - SET, 70.4, 0
2018-11-14 17:51:45 (9953036215283) STATS - SET, 70.5, 0
2018-11-14 17:51:45 (9953036248985) STATS - SET, 70.6, 0
2018-11-14 17:51:45 (9953036282286) STATS - SET, 70.7, 0
2018-11-14 17:51:45 (9953036316287) STATS - SET, 70.8, 0
2018-11-14 17:51:45 (9953036349788) STATS - SET, 70.9, 0
2018-11-14 17:51:45 (9953036381389) STATS - SET, 71.0, 0
2018-11-14 17:51:45 (9953036426991) STATS - SET, 71.1, 0
2018-11-14 17:51:45 (9953036461592) STATS - SET, 71.2, 0
2018-11-14 17:51:45 (9953036496693) STATS - SET, 71.3, 0
2018-11-14 17:51:45 (9953036531495) STATS - SET, 71.4, 0
2018-11-14 17:51:45 (9953043547243) STATS - SET, 71.5, 0
2018-11-14 17:51:45 (9953043626346) STATS - SET, 71.6, 0
2018-11-14 17:51:45 (9953043664147) STATS - SET, 71.7, 0
2018-11-14 17:51:45 (9953043697348) STATS - SET, 71.8, 0
2018-11-14 17:51:45 (9953043729149) STATS - SET, 71.9, 0
2018-11-14 17:51:45 (9953043758450) STATS - SET, 72.0, 0
2018-11-14 17:51:45 (9953043789651) STATS - SET, 72.1, 0
2018-11-14 17:51:45 (9953043820552) STATS - SET, 72.2, 0
2018-11-14 17:51:45 (9953043854754) STATS - SET, 72.3, 0
2018-11-14 17:51:45 (9953043886655) STATS - SET, 72.4, 0
2018-11-14 17:51:45 (9953043919856) STATS - SET, 72.5, 0
2018-11-14 17:51:45 (9953043952957) STATS - SET, 72.6, 0
2018-11-14 17:51:45 (9953043983958) STATS - SET, 72.7, 0
2018-11-14 17:51:45 (9953044026260) STATS - SET, 72.8, 0
2018-11-14 17:51:45 (9953044058861) STATS - SET, 72.9, 0
2018-11-14 17:51:45 (9953044087562) STATS - SET, 73.0, 0
2018-11-14 17:51:45 (9953044118463) STATS - SET, 73.1, 0
2018-11-14 17:51:45 (9953044148564) STATS - SET, 73.2, 0
2018-11-14 17:51:45 (9953044178865) STATS - SET, 73.3, 0
2018-11-14 17:51:45 (9953044209066) STATS - SET, 73.4, 0
2018-11-14 17:51:45 (9953044239367) STATS - SET, 73.5, 0
2018-11-14 17:51:45 (9953044269868) STATS - SET, 73.6, 0
2018-11-14 17:51:45 (9953044300369) STATS - SET, 73.7, 0
2018-11-14 17:51:45 (9953044330470) STATS - SET, 73.8, 0
2018-11-14 17:51:45 (9953044362072) STATS - SET, 73.9, 0
2018-11-14 17:51:45 (9953044390973) STATS - SET, 74.0, 0
2018-11-14 17:51:45 (9953044421774) STATS - SET, 74.1, 0
2018-11-14 17:51:45 (9953044451875) STATS - SET, 74.2, 0
2018-11-14 17:51:45 (9953046527348) STATS - SET, 74.3, 0
2018-11-14 17:51:45 (9953046568850) STATS - SET, 74.4, 0
2018-11-14 17:51:45 (9953046686554) STATS - SET, 74.5, 0
2018-11-14 17:51:45 (9953046750256) STATS - SET, 74.6, 0
2018-11-14 17:51:45 (9953046786057) STATS - SET, 74.7, 0
2018-11-14 17:51:45 (9953046824159) STATS - SET, 74.8, 0
2018-11-14 17:51:45 (9953046866460) STATS - SET, 74.9, 0
2018-11-14 17:51:45 (9953046921862) STATS - SET, 75.0, 0
2018-11-14 17:51:45 (9953046992365) STATS - SET, 75.1, 0
2018-11-14 17:51:45 (9953047083468) STATS - SET, 75.2, 0
2018-11-14 17:51:45 (9953047123669) STATS - SET, 75.3, 0
2018-11-14 17:51:45 (9953047166871) STATS - SET, 75.4, 0
2018-11-14 17:51:45 (9953047201472) STATS - SET, 75.5, 0
2018-11-14 17:51:45 (9953047237873) STATS - SET, 75.6, 0
2018-11-14 17:51:45 (9953047272074) STATS - SET, 75.7, 0
2018-11-14 17:51:45 (9953047305976) STATS - SET, 75.8, 0
2018-11-14 17:51:45 (9953047339077) STATS - SET, 75.9, 0
2018-11-14 17:51:45 (9953047370778) STATS - SET, 76.0, 0
2018-11-14 17:51:45 (9953047404579) STATS - SET, 76.1, 0
2018-11-14 17:51:45 (9953047437980) STATS - SET, 76.2, 0
2018-11-14 17:51:45 (9953047472082) STATS - SET, 76.3, 0
2018-11-14 17:51:45 (9953047507383) STATS - SET, 76.4, 0
2018-11-14 17:51:45 (9953047541684) STATS - SET, 76.5, 0
2018-11-14 17:51:45 (9953047575085) STATS - SET, 76.6, 0
2018-11-14 17:51:45 (9953047610286) STATS - SET, 76.7, 0
2018-11-14 17:51:45 (9953047647788) STATS - SET, 76.8, 0
2018-11-14 17:51:45 (9953047682089) STATS - SET, 76.9, 0
2018-11-14 17:51:45 (9953047713890) STATS - SET, 77.0, 0
2018-11-14 17:51:45 (9953047747391) STATS - SET, 77.1, 0
2018-11-14 17:51:45 (9953047780392) STATS - SET, 77.2, 0
2018-11-14 17:51:45 (9953047814494) STATS - SET, 77.3, 0
2018-11-14 17:51:45 (9953047847795) STATS - SET, 77.4, 0
2018-11-14 17:51:45 (9953047881096) STATS - SET, 77.5, 0
2018-11-14 17:51:45 (9953047914997) STATS - SET, 77.6, 0
2018-11-14 17:51:45 (9953047948798) STATS - SET, 77.7, 0
2018-11-14 17:51:45 (9953047982900) STATS - SET, 77.8, 0
2018-11-14 17:51:45 (9953048032801) STATS - SET, 77.9, 0
2018-11-14 17:51:45 (9953048067003) STATS - SET, 78.0, 0
2018-11-14 17:51:45 (9953048101104) STATS - SET, 78.1, 0
2018-11-14 17:51:45 (9953048134305) STATS - SET, 78.2, 0
2018-11-14 17:51:45 (9953048170006) STATS - SET, 78.3, 0
2018-11-14 17:51:45 (9953048218708) STATS - SET, 78.4, 0
2018-11-14 17:51:45 (9953048256009) STATS - SET, 78.5, 0
2018-11-14 17:51:45 (9953048290610) STATS - SET, 78.6, 0
2018-11-14 17:51:45 (9953048324212) STATS - SET, 78.7, 0
2018-11-14 17:51:45 (9953048358213) STATS - SET, 78.8, 0
2018-11-14 17:51:45 (9953053464893) STATS - SET, 78.9, 0
2018-11-14 17:51:45 (9953053626299) STATS - SET, 79.0, 0
2018-11-14 17:51:45 (9953053740903) STATS - SET, 79.1, 0
2018-11-14 17:51:45 (9953053790205) STATS - SET, 79.2, 0
2018-11-14 17:51:45 (9953053819706) STATS - SET, 79.3, 0
2018-11-14 17:51:45 (9953053847707) STATS - SET, 79.4, 0
2018-11-14 17:51:45 (9953053874908) STATS - SET, 79.5, 0
2018-11-14 17:51:45 (9953053901609) STATS - SET, 79.6, 0
2018-11-14 17:51:45 (9953053930410) STATS - SET, 79.7, 0
2018-11-14 17:51:45 (9953053957711) STATS - SET, 79.8, 0
2018-11-14 17:51:45 (9953053984212) STATS - SET, 79.9, 0
2018-11-14 17:51:45 (9953054020313) STATS - SET, 80.0, 0
2018-11-14 17:51:45 (9953054065715) STATS - SET, 80.1, 0
2018-11-14 17:51:45 (9953054093516) STATS - SET, 80.2, 0
2018-11-14 17:51:45 (9953054120417) STATS - SET, 80.3, 0
2018-11-14 17:51:45 (9953054146318) STATS - SET, 80.4, 0
2018-11-14 17:51:45 (9953054172518) STATS - SET, 80.5, 0
2018-11-14 17:51:45 (9953054199119) STATS - SET, 80.6, 0
2018-11-14 17:51:45 (9953054225520) STATS - SET, 80.7, 0
2018-11-14 17:51:45 (9953054251521) STATS - SET, 80.8, 0
2018-11-14 17:51:45 (9953054277522) STATS - SET, 80.9, 0
2018-11-14 17:51:45 (9953054306123) STATS - SET, 81.0, 0
2018-11-14 17:51:45 (9953054333024) STATS - SET, 81.1, 0
2018-11-14 17:51:45 (9953054359525) STATS - SET, 81.2, 0
2018-11-14 17:51:45 (9953054385826) STATS - SET, 81.3, 0
2018-11-14 17:51:45 (9953054412227) STATS - SET, 81.4, 0
2018-11-14 17:51:45 (9953054438628) STATS - SET, 81.5, 0
2018-11-14 17:51:45 (9953054465229) STATS - SET, 81.6, 0
2018-11-14 17:51:45 (9953054491430) STATS - SET, 81.7, 0
2018-11-14 17:51:45 (9953054518331) STATS - SET, 81.8, 0
2018-11-14 17:51:45 (9953054544532) STATS - SET, 81.9, 0
2018-11-14 17:51:45 (9953054572133) STATS - SET, 82.0, 0
2018-11-14 17:51:45 (9953054616934) STATS - SET, 82.1, 0
2018-11-14 17:51:45 (9953054646035) STATS - SET, 82.2, 0
2018-11-14 17:51:45 (9953054673336) STATS - SET, 82.3, 0
2018-11-14 17:51:45 (9953054699637) STATS - SET, 82.4, 0
2018-11-14 17:51:45 (9953054725738) STATS - SET, 82.5, 0
2018-11-14 17:51:45 (9953054752339) STATS - SET, 82.6, 0
2018-11-14 17:51:45 (9953054778440) STATS - SET, 82.7, 0
2018-11-14 17:51:45 (9953054804841) STATS - SET, 82.8, 0
2018-11-14 17:51:45 (9953054844142) STATS - SET, 82.9, 0
2018-11-14 17:51:45 (9953054895244) STATS - SET, 83.0, 0
2018-11-14 17:51:45 (9953054925145) STATS - SET, 83.1, 0
2018-11-14 17:51:45 (9953054953046) STATS - SET, 83.2, 0
2018-11-14 17:51:45 (9953054980947) STATS - SET, 83.3, 0
2018-11-14 17:51:45 (9953055008348) STATS - SET, 83.4, 0
2018-11-14 17:51:45 (9953055035949) STATS - SET, 83.5, 0
2018-11-14 17:51:45 (9953055063650) STATS - SET, 83.6, 0
2018-11-14 17:51:45 (9953055096451) STATS - SET, 83.7, 0
2018-11-14 17:51:45 (9953055133852) STATS - SET, 83.8, 0
2018-11-14 17:51:45 (9953055162653) STATS - SET, 83.9, 1
2018-11-14 17:51:45 (9953055200155) STATS - SET, 84.0, 0
2018-11-14 17:51:45 (9953055226656) STATS - SET, 84.1, 0
2018-11-14 17:51:45 (9953055252857) STATS - SET, 84.2, 0
2018-11-14 17:51:45 (9953055279158) STATS - SET, 84.3, 0
2018-11-14 17:51:45 (9953055305159) STATS - SET, 84.4, 0
2018-11-14 17:51:45 (9953055331359) STATS - SET, 84.5, 0
2018-11-14 17:51:45 (9953055357660) STATS - SET, 84.6, 0
2018-11-14 17:51:45 (9953055384061) STATS - SET, 84.7, 0
2018-11-14 17:51:45 (9953055410862) STATS - SET, 84.8, 0
2018-11-14 17:51:45 (9953055437463) STATS - SET, 84.9, 0
2018-11-14 17:51:45 (9953055465164) STATS - SET, 85.0, 0
2018-11-14 17:51:45 (9953055492565) STATS - SET, 85.1, 0
2018-11-14 17:51:45 (9953055518866) STATS - SET, 85.2, 0
2018-11-14 17:51:45 (9953055547367) STATS - SET, 85.3, 0
2018-11-14 17:51:45 (9953055573868) STATS - SET, 85.4, 0
2018-11-14 17:51:45 (9953055600269) STATS - SET, 85.5, 0
2018-11-14 17:51:45 (9953055626870) STATS - SET, 85.6, 0
2018-11-14 17:51:45 (9953055653471) STATS - SET, 85.7, 0
2018-11-14 17:51:45 (9953055679872) STATS - SET, 85.8, 0
2018-11-14 17:51:45 (9953055705873) STATS - SET, 85.9, 0
2018-11-14 17:51:45 (9953055731874) STATS - SET, 86.0, 0
2018-11-14 17:51:45 (9953055758275) STATS - SET, 86.1, 0
2018-11-14 17:51:45 (9953055784675) STATS - SET, 86.2, 0
2018-11-14 17:51:45 (9953055811576) STATS - SET, 86.3, 0
2018-11-14 17:51:45 (9953055837877) STATS - SET, 86.4, 0
2018-11-14 17:51:45 (9953055864278) STATS - SET, 86.5, 0
2018-11-14 17:51:45 (9953055891079) STATS - SET, 86.6, 0
2018-11-14 17:51:45 (9953055918480) STATS - SET, 86.7, 0
2018-11-14 17:51:45 (9953055946481) STATS - SET, 86.8, 0
2018-11-14 17:51:45 (9953055972582) STATS - SET, 86.9, 0
2018-11-14 17:51:45 (9953055998483) STATS - SET, 87.0, 0
2018-11-14 17:51:45 (9953056040185) STATS - SET, 87.1, 0
2018-11-14 17:51:45 (9953056068786) STATS - SET, 87.2, 0
2018-11-14 17:51:45 (9953056097187) STATS - SET, 87.3, 0
2018-11-14 17:51:45 (9953056123987) STATS - SET, 87.4, 1
2018-11-14 17:51:45 (9953056150888) STATS - GET, 0.1, 0
2018-11-14 17:51:45 (9953056177489) STATS - GET, 0.2, 0
2018-11-14 17:51:45 (9953056205790) STATS - GET, 0.3, 0
2018-11-14 17:51:45 (9953056233691) STATS - GET, 0.4, 0
2018-11-14 17:51:45 (9953056287193) STATS - GET, 0.5, 0
2018-11-14 17:51:45 (9953056327895) STATS - GET, 0.6, 0
2018-11-14 17:51:45 (9953056358696) STATS - GET, 0.7, 0
2018-11-14 17:51:45 (9953063428546) STATS - GET, 0.8, 0
2018-11-14 17:51:45 (9953063498548) STATS - GET, 0.9, 18
2018-11-14 17:51:45 (9953063539250) STATS - GET, 1.0, 377
2018-11-14 17:51:45 (9953063578251) STATS - GET, 1.1, 1513
2018-11-14 17:51:45 (9953063609552) STATS - GET, 1.2, 2996
2018-11-14 17:51:45 (9953063635953) STATS - GET, 1.3, 4126
2018-11-14 17:51:45 (9953063662254) STATS - GET, 1.4, 5017
2018-11-14 17:51:45 (9953063688155) STATS - GET, 1.5, 5368
2018-11-14 17:51:45 (9953063713956) STATS - GET, 1.6, 4809
2018-11-14 17:51:45 (9953063739857) STATS - GET, 1.7, 4142
2018-11-14 17:51:45 (9953063765758) STATS - GET, 1.8, 3509
2018-11-14 17:51:45 (9953063791259) STATS - GET, 1.9, 2845
2018-11-14 17:51:45 (9953063816359) STATS - GET, 2.0, 2465
2018-11-14 17:51:45 (9953063847361) STATS - GET, 2.1, 2014
2018-11-14 17:51:45 (9953063880562) STATS - GET, 2.2, 1724
2018-11-14 17:51:45 (9953063908363) STATS - GET, 2.3, 1328
2018-11-14 17:51:45 (9953063934264) STATS - GET, 2.4, 1094
2018-11-14 17:51:45 (9953063959565) STATS - GET, 2.5, 912
2018-11-14 17:51:45 (9953063985865) STATS - GET, 2.6, 788
2018-11-14 17:51:45 (9953064023567) STATS - GET, 2.7, 604
2018-11-14 17:51:45 (9953064063868) STATS - GET, 2.8, 544
2018-11-14 17:51:45 (9953064091869) STATS - GET, 2.9, 441
2018-11-14 17:51:45 (9953064117170) STATS - GET, 3.0, 379
2018-11-14 17:51:45 (9953064142471) STATS - GET, 3.1, 352
2018-11-14 17:51:45 (9953064344478) STATS - GET, 3.2, 362
2018-11-14 17:51:45 (9953064383580) STATS - GET, 3.3, 255
2018-11-14 17:51:45 (9953064410380) STATS - GET, 3.4, 254
2018-11-14 17:51:45 (9953064436281) STATS - GET, 3.5, 197
2018-11-14 17:51:45 (9953064467683) STATS - GET, 3.6, 180
2018-11-14 17:51:45 (9953064495384) STATS - GET, 3.7, 165
2018-11-14 17:51:45 (9953064521484) STATS - GET, 3.8, 131
2018-11-14 17:51:45 (9953064549885) STATS - GET, 3.9, 162
2018-11-14 17:51:45 (9953064588087) STATS - GET, 4.0, 136
2018-11-14 17:51:45 (9953064615988) STATS - GET, 4.1, 128
2018-11-14 17:51:45 (9953064642689) STATS - GET, 4.2, 125
2018-11-14 17:51:45 (9953064669690) STATS - GET, 4.3, 133
2018-11-14 17:51:45 (9953064697491) STATS - GET, 4.4, 107
2018-11-14 17:51:45 (9953064725992) STATS - GET, 4.5, 109
2018-11-14 17:51:45 (9953064763793) STATS - GET, 4.6, 127
2018-11-14 17:51:45 (9953064791394) STATS - GET, 4.7, 113
2018-11-14 17:51:45 (9953064826695) STATS - GET, 4.8, 118
2018-11-14 17:51:45 (9953064855596) STATS - GET, 4.9, 109
2018-11-14 17:51:45 (9953064882697) STATS - GET, 5.0, 128
2018-11-14 17:51:45 (9953064931799) STATS - GET, 5.1, 129
2018-11-14 17:51:45 (9953064956900) STATS - GET, 5.2, 120
2018-11-14 17:51:45 (9953064982201) STATS - GET, 5.3, 131
2018-11-14 17:51:45 (9953065007202) STATS - GET, 5.4, 119
2018-11-14 17:51:45 (9953065031902) STATS - GET, 5.5, 121
2018-11-14 17:51:45 (9953065056803) STATS - GET, 5.6, 114
2018-11-14 17:51:45 (9953065082004) STATS - GET, 5.7, 104
2018-11-14 17:51:45 (9953065107405) STATS - GET, 5.8, 108
2018-11-14 17:51:45 (9953065132306) STATS - GET, 5.9, 114
2018-11-14 17:51:45 (9953065157207) STATS - GET, 6.0, 111
2018-11-14 17:51:45 (9953065182908) STATS - GET, 6.1, 136
2018-11-14 17:51:45 (9953065208409) STATS - GET, 6.2, 136
2018-11-14 17:51:45 (9953065233710) STATS - GET, 6.3, 135
2018-11-14 17:51:45 (9953065258310) STATS - GET, 6.4, 114
2018-11-14 17:51:45 (9953065283311) STATS - GET, 6.5, 127
2018-11-14 17:51:45 (9953065310912) STATS - GET, 6.6, 144
2018-11-14 17:51:45 (9953065336113) STATS - GET, 6.7, 167
2018-11-14 17:51:45 (9953065361214) STATS - GET, 6.8, 201
2018-11-14 17:51:45 (9953065386115) STATS - GET, 6.9, 207
2018-11-14 17:51:45 (9953065410616) STATS - GET, 7.0, 265
2018-11-14 17:51:45 (9953065435517) STATS - GET, 7.1, 277
2018-11-14 17:51:45 (9953065460318) STATS - GET, 7.2, 261
2018-11-14 17:51:45 (9953065485519) STATS - GET, 7.3, 239
2018-11-14 17:51:45 (9953065522920) STATS - GET, 7.4, 301
2018-11-14 17:51:45 (9953065572322) STATS - GET, 7.5, 333
2018-11-14 17:51:45 (9953065600523) STATS - GET, 7.6, 312
2018-11-14 17:51:45 (9953065628124) STATS - GET, 7.7, 283
2018-11-14 17:51:45 (9953065656125) STATS - GET, 7.8, 261
2018-11-14 17:51:45 (9953065683626) STATS - GET, 7.9, 222
2018-11-14 17:51:45 (9953065710626) STATS - GET, 8.0, 199
2018-11-14 17:51:45 (9953065738427) STATS - GET, 8.1, 199
2018-11-14 17:51:45 (9953065766128) STATS - GET, 8.2, 165
2018-11-14 17:51:45 (9953065793229) STATS - GET, 8.3, 120
2018-11-14 17:51:45 (9953065820730) STATS - GET, 8.4, 68
2018-11-14 17:51:45 (9953065848631) STATS - GET, 8.5, 68
2018-11-14 17:51:45 (9953065886033) STATS - GET, 8.6, 44
2018-11-14 17:51:45 (9953065913434) STATS - GET, 8.7, 50
2018-11-14 17:51:45 (9953065939735) STATS - GET, 8.8, 42
2018-11-14 17:51:45 (9953065965936) STATS - GET, 8.9, 24
2018-11-14 17:51:45 (9953066023838) STATS - GET, 9.0, 45
2018-11-14 17:51:45 (9953066079440) STATS - GET, 9.1, 40
2018-11-14 17:51:45 (9953066116241) STATS - GET, 9.2, 39
2018-11-14 17:51:45 (9953066143342) STATS - GET, 9.3, 45
2018-11-14 17:51:45 (9953066168443) STATS - GET, 9.4, 44
2018-11-14 17:51:45 (9953066192844) STATS - GET, 9.5, 54
2018-11-14 17:51:45 (9953066217244) STATS - GET, 9.6, 40
2018-11-14 17:51:45 (9953066254346) STATS - GET, 9.7, 44
2018-11-14 17:51:45 (9953066280047) STATS - GET, 9.8, 38
2018-11-14 17:51:45 (9953073298395) STATS - GET, 9.9, 36
2018-11-14 17:51:45 (9953073352297) STATS - GET, 10.0, 30
2018-11-14 17:51:45 (9953073385798) STATS - GET, 10.1, 30
2018-11-14 17:51:45 (9953073435800) STATS - GET, 10.2, 46
2018-11-14 17:51:45 (9953073462501) STATS - GET, 10.3, 38
2018-11-14 17:51:45 (9953073487902) STATS - GET, 10.4, 31
2018-11-14 17:51:45 (9953073512702) STATS - GET, 10.5, 13
2018-11-14 17:51:45 (9953073537403) STATS - GET, 10.6, 8
2018-11-14 17:51:45 (9953073562504) STATS - GET, 10.7, 12
2018-11-14 17:51:45 (9953073586905) STATS - GET, 10.8, 6
2018-11-14 17:51:45 (9953073611306) STATS - GET, 10.9, 4
2018-11-14 17:51:45 (9953073636107) STATS - GET, 11.0, 5
2018-11-14 17:51:45 (9953073660308) STATS - GET, 11.1, 6
2018-11-14 17:51:45 (9953073685008) STATS - GET, 11.2, 6
2018-11-14 17:51:45 (9953073709209) STATS - GET, 11.3, 10
2018-11-14 17:51:45 (9953073733410) STATS - GET, 11.4, 8
2018-11-14 17:51:45 (9953073757711) STATS - GET, 11.5, 3
2018-11-14 17:51:45 (9953073793912) STATS - GET, 11.6, 6
2018-11-14 17:51:45 (9953073827814) STATS - GET, 11.7, 3
2018-11-14 17:51:45 (9953073850314) STATS - GET, 11.8, 5
2018-11-14 17:51:45 (9953073872115) STATS - GET, 11.9, 6
2018-11-14 17:51:45 (9953073894316) STATS - GET, 12.0, 3
2018-11-14 17:51:45 (9953073916517) STATS - GET, 12.1, 4
2018-11-14 17:51:45 (9953073963018) STATS - GET, 12.2, 5
2018-11-14 17:51:45 (9953073986619) STATS - GET, 12.3, 4
2018-11-14 17:51:45 (9953074021720) STATS - GET, 12.4, 3
2018-11-14 17:51:45 (9953074046021) STATS - GET, 12.5, 3
2018-11-14 17:51:45 (9953074070222) STATS - GET, 12.6, 4
2018-11-14 17:51:45 (9953074136624) STATS - GET, 12.7, 4
2018-11-14 17:51:45 (9953074181626) STATS - GET, 12.8, 5
2018-11-14 17:51:45 (9953074207527) STATS - GET, 12.9, 1
2018-11-14 17:51:45 (9953074232828) STATS - GET, 13.0, 8
2018-11-14 17:51:45 (9953074257629) STATS - GET, 13.1, 1
2018-11-14 17:51:45 (9953074370533) STATS - GET, 13.2, 6
2018-11-14 17:51:45 (9953074454836) STATS - GET, 13.3, 4
2018-11-14 17:51:45 (9953074539139) STATS - GET, 13.4, 4
2018-11-14 17:51:45 (9953074566740) STATS - GET, 13.5, 6
2018-11-14 17:51:45 (9953074667043) STATS - GET, 13.6, 8
2018-11-14 17:51:45 (9953074693844) STATS - GET, 13.7, 9
2018-11-14 17:51:45 (9953074718945) STATS - GET, 13.8, 4
2018-11-14 17:51:45 (9953074743246) STATS - GET, 13.9, 4
2018-11-14 17:51:45 (9953074818549) STATS - GET, 14.0, 1
2018-11-14 17:51:45 (9953074851150) STATS - GET, 14.1, 3
2018-11-14 17:51:45 (9953074876151) STATS - GET, 14.2, 1
2018-11-14 17:51:45 (9953074900351) STATS - GET, 14.3, 2
2018-11-14 17:51:45 (9953074924152) STATS - GET, 14.4, 4
2018-11-14 17:51:45 (9953074947853) STATS - GET, 14.5, 2
2018-11-14 17:51:45 (9953074975654) STATS - GET, 14.6, 3
2018-11-14 17:51:45 (9953075000355) STATS - GET, 14.7, 3
2018-11-14 17:51:45 (9953075024456) STATS - GET, 14.8, 1
2018-11-14 17:51:45 (9953075048657) STATS - GET, 14.9, 1
2018-11-14 17:51:45 (9953075073658) STATS - GET, 15.0, 2
2018-11-14 17:51:45 (9953075098058) STATS - GET, 15.1, 3
2018-11-14 17:51:45 (9953075122159) STATS - GET, 15.2, 3
2018-11-14 17:51:45 (9953075146060) STATS - GET, 15.3, 1
2018-11-14 17:51:45 (9953075176561) STATS - GET, 15.4, 1
2018-11-14 17:51:45 (9953075200062) STATS - GET, 15.5, 0
2018-11-14 17:51:45 (9953075223963) STATS - GET, 15.6, 4
2018-11-14 17:51:45 (9953075247864) STATS - GET, 15.7, 5
2018-11-14 17:51:45 (9953075271465) STATS - GET, 15.8, 1
2018-11-14 17:51:45 (9953075295265) STATS - GET, 15.9, 6
2018-11-14 17:51:45 (9953075319166) STATS - GET, 16.0, 0
2018-11-14 17:51:45 (9953075343067) STATS - GET, 16.1, 1
2018-11-14 17:51:45 (9953075367368) STATS - GET, 16.2, 1
2018-11-14 17:51:45 (9953075391369) STATS - GET, 16.3, 0
2018-11-14 17:51:45 (9953075425270) STATS - GET, 16.4, 5
2018-11-14 17:51:45 (9953075450971) STATS - GET, 16.5, 0
2018-11-14 17:51:45 (9953075475272) STATS - GET, 16.6, 0
2018-11-14 17:51:45 (9953075499273) STATS - GET, 16.7, 1
2018-11-14 17:51:45 (9953075533374) STATS - GET, 16.8, 0
2018-11-14 17:51:45 (9953075556875) STATS - GET, 16.9, 1
2018-11-14 17:51:45 (9953075592676) STATS - GET, 17.0, 2
2018-11-14 17:51:45 (9953075615477) STATS - GET, 17.1, 0
2018-11-14 17:51:45 (9953075640278) STATS - GET, 17.2, 1
2018-11-14 17:51:45 (9953075664778) STATS - GET, 17.3, 0
2018-11-14 17:51:45 (9953075699380) STATS - GET, 17.4, 1
2018-11-14 17:51:45 (9953075721680) STATS - GET, 17.5, 0
2018-11-14 17:51:45 (9953075743181) STATS - GET, 17.6, 1
2018-11-14 17:51:45 (9953075764782) STATS - GET, 17.7, 2
2018-11-14 17:51:45 (9953075786083) STATS - GET, 17.8, 1
2018-11-14 17:51:45 (9953075807584) STATS - GET, 17.9, 0
2018-11-14 17:51:45 (9953075829584) STATS - GET, 18.0, 1
2018-11-14 17:51:45 (9953075850685) STATS - GET, 18.1, 0
2018-11-14 17:51:45 (9953075872386) STATS - GET, 18.2, 0
2018-11-14 17:51:45 (9953075893387) STATS - GET, 18.3, 1
2018-11-14 17:51:45 (9953075914887) STATS - GET, 18.4, 4
2018-11-14 17:51:45 (9953075935888) STATS - GET, 18.5, 2
2018-11-14 17:51:45 (9953075957289) STATS - GET, 18.6, 0
2018-11-14 17:51:45 (9953075978790) STATS - GET, 18.7, 1
2018-11-14 17:51:45 (9953076000190) STATS - GET, 18.8, 1
2018-11-14 17:51:45 (9953076037092) STATS - GET, 18.9, 0
2018-11-14 17:51:45 (9953076059592) STATS - GET, 19.0, 1
2018-11-14 17:51:45 (9953076080993) STATS - GET, 19.1, 0
2018-11-14 17:51:45 (9953076102894) STATS - GET, 19.2, 1
2018-11-14 17:51:45 (9953076124095) STATS - GET, 19.3, 1
2018-11-14 17:51:45 (9953076159496) STATS - GET, 19.4, 0
2018-11-14 17:51:45 (9953076206198) STATS - GET, 19.5, 0
2018-11-14 17:51:45 (9953076229998) STATS - GET, 19.6, 0
2018-11-14 17:51:45 (9953076253999) STATS - GET, 19.7, 4
2018-11-14 17:51:45 (9953076277900) STATS - GET, 19.8, 1
2018-11-14 17:51:45 (9953076306501) STATS - GET, 19.9, 1
2018-11-14 17:51:45 (9953076333402) STATS - GET, 20.0, 0
2018-11-14 17:51:45 (9953076358103) STATS - GET, 20.1, 1
2018-11-14 17:51:45 (9953076382104) STATS - GET, 20.2, 3
2018-11-14 17:51:45 (9953076405605) STATS - GET, 20.3, 0
2018-11-14 17:51:45 (9953083419253) STATS - GET, 20.4, 0
2018-11-14 17:51:45 (9953083488355) STATS - GET, 20.5, 0
2018-11-14 17:51:45 (9953083512156) STATS - GET, 20.6, 1
2018-11-14 17:51:45 (9953083533857) STATS - GET, 20.7, 0
2018-11-14 17:51:45 (9953083553957) STATS - GET, 20.8, 0
2018-11-14 17:51:45 (9953083574058) STATS - GET, 20.9, 0
2018-11-14 17:51:45 (9953083594459) STATS - GET, 21.0, 0
2018-11-14 17:51:45 (9953083616960) STATS - GET, 21.1, 0
2018-11-14 17:51:45 (9953083638360) STATS - GET, 21.2, 0
2018-11-14 17:51:45 (9953083658761) STATS - GET, 21.3, 0
2018-11-14 17:51:45 (9953083678362) STATS - GET, 21.4, 0
2018-11-14 17:51:45 (9953083697863) STATS - GET, 21.5, 0
2018-11-14 17:51:45 (9953083716663) STATS - GET, 21.6, 0
2018-11-14 17:51:45 (9953083735764) STATS - GET, 21.7, 0
2018-11-14 17:51:45 (9953083754465) STATS - GET, 21.8, 0
2018-11-14 17:51:45 (9953083773365) STATS - GET, 21.9, 0
2018-11-14 17:51:45 (9953083794466) STATS - GET, 22.0, 0
2018-11-14 17:51:45 (9953083813667) STATS - GET, 22.1, 0
2018-11-14 17:51:45 (9953083832767) STATS - GET, 22.2, 0
2018-11-14 17:51:45 (9953083851368) STATS - GET, 22.3, 0
2018-11-14 17:51:45 (9953083870269) STATS - GET, 22.4, 1
2018-11-14 17:51:45 (9953083889069) STATS - GET, 22.5, 1
2018-11-14 17:51:45 (9953083907570) STATS - GET, 22.6, 1
2018-11-14 17:51:45 (9953083926271) STATS - GET, 22.7, 0
2018-11-14 17:51:45 (9953083944971) STATS - GET, 22.8, 0
2018-11-14 17:51:45 (9953083963872) STATS - GET, 22.9, 0
2018-11-14 17:51:45 (9953083983173) STATS - GET, 23.0, 0
2018-11-14 17:51:45 (9953084012574) STATS - GET, 23.1, 0
2018-11-14 17:51:45 (9953084035474) STATS - GET, 23.2, 1
2018-11-14 17:51:45 (9953084072976) STATS - GET, 23.3, 0
2018-11-14 17:51:45 (9953084095377) STATS - GET, 23.4, 0
2018-11-14 17:51:45 (9953084114377) STATS - GET, 23.5, 0
2018-11-14 17:51:45 (9953084132878) STATS - GET, 23.6, 0
2018-11-14 17:51:45 (9953084151479) STATS - GET, 23.7, 0
2018-11-14 17:51:45 (9953084170079) STATS - GET, 23.8, 0
2018-11-14 17:51:45 (9953084201380) STATS - GET, 23.9, 0
2018-11-14 17:51:45 (9953084224281) STATS - GET, 24.0, 1
2018-11-14 17:51:45 (9953084243482) STATS - GET, 24.1, 0
2018-11-14 17:51:45 (9953084261983) STATS - GET, 24.2, 1
2018-11-14 17:51:45 (9953084280583) STATS - GET, 24.3, 0
2018-11-14 17:51:45 (9953084299184) STATS - GET, 24.4, 0
2018-11-14 17:51:45 (9953084317384) STATS - GET, 24.5, 1
2018-11-14 17:51:45 (9953084335785) STATS - GET, 24.6, 0
2018-11-14 17:51:45 (9953084354186) STATS - GET, 24.7, 0
2018-11-14 17:51:45 (9953084372886) STATS - GET, 24.8, 0
2018-11-14 17:51:45 (9953084391287) STATS - GET, 24.9, 0
2018-11-14 17:51:45 (9953084410088) STATS - GET, 25.0, 0
2018-11-14 17:51:45 (9953084428788) STATS - GET, 25.1, 0
2018-11-14 17:51:45 (9953084447389) STATS - GET, 25.2, 0
2018-11-14 17:51:45 (9953084465690) STATS - GET, 25.3, 0
2018-11-14 17:51:45 (9953084484090) STATS - GET, 25.4, 0
2018-11-14 17:51:45 (9953084502391) STATS - GET, 25.5, 0
2018-11-14 17:51:45 (9953084537892) STATS - GET, 25.6, 0
2018-11-14 17:51:45 (9953084573594) STATS - GET, 25.7, 0
2018-11-14 17:51:45 (9953084594494) STATS - GET, 25.8, 0
2018-11-14 17:51:45 (9953084615595) STATS - GET, 25.9, 0
2018-11-14 17:51:45 (9953084637796) STATS - GET, 26.0, 0
2018-11-14 17:51:45 (9953084677197) STATS - GET, 26.1, 0
2018-11-14 17:51:45 (9953084717199) STATS - GET, 26.2, 0
2018-11-14 17:51:45 (9953084738499) STATS - GET, 26.3, 0
2018-11-14 17:51:45 (9953084758800) STATS - GET, 26.4, 0
2018-11-14 17:51:45 (9953084778301) STATS - GET, 26.5, 0
2018-11-14 17:51:45 (9953084797301) STATS - GET, 26.6, 0
2018-11-14 17:51:45 (9953084816402) STATS - GET, 26.7, 1
2018-11-14 17:51:45 (9953084835703) STATS - GET, 26.8, 1
2018-11-14 17:51:45 (9953084854903) STATS - GET, 26.9, 0
2018-11-14 17:51:45 (9953084874004) STATS - GET, 27.0, 0
2018-11-14 17:51:45 (9953084892505) STATS - GET, 27.1, 0
2018-11-14 17:51:45 (9953084911205) STATS - GET, 27.2, 0
2018-11-14 17:51:45 (9953084929506) STATS - GET, 27.3, 0
2018-11-14 17:51:45 (9953084948007) STATS - GET, 27.4, 0
2018-11-14 17:51:45 (9953084966807) STATS - GET, 27.5, 0
2018-11-14 17:51:45 (9953084985408) STATS - GET, 27.6, 0
2018-11-14 17:51:45 (9953085003809) STATS - GET, 27.7, 0
2018-11-14 17:51:45 (9953085022109) STATS - GET, 27.8, 0
2018-11-14 17:51:45 (9953085040610) STATS - GET, 27.9, 0
2018-11-14 17:51:45 (9953085059311) STATS - GET, 28.0, 0
2018-11-14 17:51:45 (9953085077711) STATS - GET, 28.1, 0
2018-11-14 17:51:45 (9953085096312) STATS - GET, 28.2, 1
2018-11-14 17:51:45 (9953085115113) STATS - GET, 28.3, 0
2018-11-14 17:51:45 (9953085133713) STATS - GET, 28.4, 0
2018-11-14 17:51:45 (9953085152114) STATS - GET, 28.5, 0
2018-11-14 17:51:45 (9953085170815) STATS - GET, 28.6, 0
2018-11-14 17:51:45 (9953085189515) STATS - GET, 28.7, 0
2018-11-14 17:51:45 (9953085207916) STATS - GET, 28.8, 0
2018-11-14 17:51:45 (9953085226417) STATS - GET, 28.9, 0
2018-11-14 17:51:45 (9953085245517) STATS - GET, 29.0, 0
2018-11-14 17:51:45 (9953085263818) STATS - GET, 29.1, 0
2018-11-14 17:51:45 (9953085282219) STATS - GET, 29.2, 0
2018-11-14 17:51:45 (9953085300819) STATS - GET, 29.3, 1
2018-11-14 17:51:45 (9953085319420) STATS - GET, 29.4, 0
2018-11-14 17:51:45 (9953085337821) STATS - GET, 29.5, 1
2018-11-14 17:51:45 (9953085356321) STATS - GET, 29.6, 1
2018-11-14 17:51:45 (9953085374822) STATS - GET, 29.7, 1
2018-11-14 17:51:45 (9953085393823) STATS - GET, 29.8, 0
2018-11-14 17:51:45 (9953085412823) STATS - GET, 29.9, 0
2018-11-14 17:51:45 (9953085431424) STATS - GET, 30.0, 0
2018-11-14 17:51:45 (9953085451025) STATS - GET, 30.1, 0
2018-11-14 17:51:45 (9953085470225) STATS - GET, 30.2, 0
2018-11-14 17:51:45 (9953085488826) STATS - GET, 30.3, 0
2018-11-14 17:51:45 (9953085515327) STATS - GET, 30.4, 1
2018-11-14 17:51:45 (9953085542128) STATS - GET, 30.5, 0
2018-11-14 17:51:45 (9953085562028) STATS - GET, 30.6, 0
2018-11-14 17:51:45 (9953085581229) STATS - GET, 30.7, 0
2018-11-14 17:51:45 (9953085599730) STATS - GET, 30.8, 0
2018-11-14 17:51:45 (9953085618530) STATS - GET, 30.9, 0
2018-11-14 17:51:45 (9953085637631) STATS - GET, 31.0, 0
2018-11-14 17:51:45 (9953085656432) STATS - GET, 31.1, 0
2018-11-14 17:51:45 (9953085676433) STATS - GET, 31.2, 0
2018-11-14 17:51:45 (9953085696833) STATS - GET, 31.3, 0
2018-11-14 17:51:45 (9953085716034) STATS - GET, 31.4, 0
2018-11-14 17:51:45 (9953085734535) STATS - GET, 31.5, 0
2018-11-14 17:51:45 (9953085752935) STATS - GET, 31.6, 0
2018-11-14 17:51:45 (9953085771536) STATS - GET, 31.7, 0
2018-11-14 17:51:45 (9953085790037) STATS - GET, 31.8, 0
2018-11-14 17:51:45 (9953085810437) STATS - GET, 31.9, 0
2018-11-14 17:51:45 (9953085829538) STATS - GET, 32.0, 0
2018-11-14 17:51:45 (9953085849339) STATS - GET, 32.1, 0
2018-11-14 17:51:45 (9953085867739) STATS - GET, 32.2, 0
2018-11-14 17:51:45 (9953085886640) STATS - GET, 32.3, 0
2018-11-14 17:51:45 (9953085904941) STATS - GET, 32.4, 1
2018-11-14 17:51:45 (9953085922941) STATS - GET, 32.5, 0
2018-11-14 17:51:45 (9953085941442) STATS - GET, 32.6, 0
2018-11-14 17:51:45 (9953085959643) STATS - GET, 32.7, 0
2018-11-14 17:51:45 (9953085978043) STATS - GET, 32.8, 0
2018-11-14 17:51:45 (9953085996444) STATS - GET, 32.9, 0
2018-11-14 17:51:45 (9953086015545) STATS - GET, 33.0, 0
2018-11-14 17:51:45 (9953086033745) STATS - GET, 33.1, 0
2018-11-14 17:51:45 (9953086052546) STATS - GET, 33.2, 0
2018-11-14 17:51:45 (9953086071246) STATS - GET, 33.3, 0
2018-11-14 17:51:45 (9953086089847) STATS - GET, 33.4, 0
2018-11-14 17:51:45 (9953086109348) STATS - GET, 33.5, 0
2018-11-14 17:51:45 (9953093539911) STATS - GET, 33.6, 0
2018-11-14 17:51:45 (9953093587412) STATS - GET, 33.7, 0
2018-11-14 17:51:45 (9953093613113) STATS - GET, 33.8, 0
2018-11-14 17:51:45 (9953093634214) STATS - GET, 33.9, 0
2018-11-14 17:51:45 (9953093677115) STATS - GET, 34.0, 0
2018-11-14 17:51:45 (9953093694816) STATS - GET, 34.1, 0
2018-11-14 17:51:45 (9953093714817) STATS - GET, 34.2, 0
2018-11-14 17:51:45 (9953093733017) STATS - GET, 34.3, 0
2018-11-14 17:51:45 (9953093750218) STATS - GET, 34.4, 0
2018-11-14 17:51:45 (9953093767019) STATS - GET, 34.5, 0
2018-11-14 17:51:45 (9953093783619) STATS - GET, 34.6, 0
2018-11-14 17:51:45 (9953093800320) STATS - GET, 34.7, 0
2018-11-14 17:51:45 (9953093817020) STATS - GET, 34.8, 0
2018-11-14 17:51:45 (9953093833821) STATS - GET, 34.9, 0
2018-11-14 17:51:45 (9953093850922) STATS - GET, 35.0, 0
2018-11-14 17:51:45 (9953093867622) STATS - GET, 35.1, 0
2018-11-14 17:51:45 (9953093883823) STATS - GET, 35.2, 0
2018-11-14 17:51:45 (9953093912724) STATS - GET, 35.3, 0
2018-11-14 17:51:45 (9953093930124) STATS - GET, 35.4, 0
2018-11-14 17:51:45 (9953093946725) STATS - GET, 35.5, 0
2018-11-14 17:51:45 (9953093965126) STATS - GET, 35.6, 0
2018-11-14 17:51:45 (9953093981726) STATS - GET, 35.7, 0
2018-11-14 17:51:45 (9953094001427) STATS - GET, 35.8, 0
2018-11-14 17:51:45 (9953094018628) STATS - GET, 35.9, 0
2018-11-14 17:51:45 (9953094035528) STATS - GET, 36.0, 0
2018-11-14 17:51:45 (9953094052229) STATS - GET, 36.1, 0
2018-11-14 17:51:45 (9953094068729) STATS - GET, 36.2, 0
2018-11-14 17:51:45 (9953094085130) STATS - GET, 36.3, 0
2018-11-14 17:51:45 (9953094102030) STATS - GET, 36.4, 0
2018-11-14 17:51:45 (9953094118231) STATS - GET, 36.5, 0
2018-11-14 17:51:45 (9953094134732) STATS - GET, 36.6, 0
2018-11-14 17:51:45 (9953094151032) STATS - GET, 36.7, 0
2018-11-14 17:51:45 (9953094167533) STATS - GET, 36.8, 0
2018-11-14 17:51:45 (9953094184233) STATS - GET, 36.9, 0
2018-11-14 17:51:45 (9953094201234) STATS - GET, 37.0, 0
2018-11-14 17:51:45 (9953094217835) STATS - GET, 37.1, 0
2018-11-14 17:51:45 (9953094234135) STATS - GET, 37.2, 0
2018-11-14 17:51:45 (9953094250736) STATS - GET, 37.3, 0
2018-11-14 17:51:45 (9953094267536) STATS - GET, 37.4, 0
2018-11-14 17:51:45 (9953094284137) STATS - GET, 37.5, 0
2018-11-14 17:51:45 (9953094300638) STATS - GET, 37.6, 0
2018-11-14 17:51:45 (9953094334339) STATS - GET, 37.7, 0
2018-11-14 17:51:45 (9953094354139) STATS - GET, 37.8, 0
2018-11-14 17:51:45 (9953094371040) STATS - GET, 37.9, 0
2018-11-14 17:51:45 (9953094387841) STATS - GET, 38.0, 0
2018-11-14 17:51:45 (9953094403941) STATS - GET, 38.1, 0
2018-11-14 17:51:45 (9953094420042) STATS - GET, 38.2, 0
2018-11-14 17:51:45 (9953094436642) STATS - GET, 38.3, 0
2018-11-14 17:51:45 (9953094452943) STATS - GET, 38.4, 0
2018-11-14 17:51:45 (9953094469043) STATS - GET, 38.5, 0
2018-11-14 17:51:45 (9953094488144) STATS - GET, 38.6, 0
2018-11-14 17:51:45 (9953094511245) STATS - GET, 38.7, 0
2018-11-14 17:51:45 (9953094530646) STATS - GET, 38.8, 0
2018-11-14 17:51:45 (9953094565547) STATS - GET, 38.9, 0
2018-11-14 17:51:45 (9953094596848) STATS - GET, 39.0, 0
2018-11-14 17:51:45 (9953094614849) STATS - GET, 39.1, 0
2018-11-14 17:51:45 (9953094631449) STATS - GET, 39.2, 0
2018-11-14 17:51:45 (9953094648250) STATS - GET, 39.3, 0
2018-11-14 17:51:45 (9953094664750) STATS - GET, 39.4, 0
2018-11-14 17:51:45 (9953094681351) STATS - GET, 39.5, 0
2018-11-14 17:51:45 (9953094697552) STATS - GET, 39.6, 0
2018-11-14 17:51:45 (9953094713552) STATS - GET, 39.7, 0
2018-11-14 17:51:45 (9953094730053) STATS - GET, 39.8, 0
2018-11-14 17:51:45 (9953094746753) STATS - GET, 39.9, 0
2018-11-14 17:51:45 (9953094763754) STATS - GET, 40.0, 0
2018-11-14 17:51:45 (9953094780254) STATS - GET, 40.1, 0
2018-11-14 17:51:45 (9953094796555) STATS - GET, 40.2, 0
2018-11-14 17:51:45 (9953094813156) STATS - GET, 40.3, 0
2018-11-14 17:51:45 (9953094829556) STATS - GET, 40.4, 0
2018-11-14 17:51:45 (9953094846457) STATS - GET, 40.5, 0
2018-11-14 17:51:45 (9953094862557) STATS - GET, 40.6, 0
2018-11-14 17:51:45 (9953094888158) STATS - GET, 40.7, 0
2018-11-14 17:51:45 (9953094906359) STATS - GET, 40.8, 0
2018-11-14 17:51:45 (9953094923160) STATS - GET, 40.9, 0
2018-11-14 17:51:45 (9953094940460) STATS - GET, 41.0, 0
2018-11-14 17:51:45 (9953094957161) STATS - GET, 41.1, 0
2018-11-14 17:51:45 (9953094973561) STATS - GET, 41.2, 0
2018-11-14 17:51:45 (9953094990062) STATS - GET, 41.3, 0
2018-11-14 17:51:45 (9953095006362) STATS - GET, 41.4, 0
2018-11-14 17:51:45 (9953095022763) STATS - GET, 41.5, 0
2018-11-14 17:51:45 (9953095039064) STATS - GET, 41.6, 0
2018-11-14 17:51:45 (9953095055364) STATS - GET, 41.7, 0
2018-11-14 17:51:45 (9953095071865) STATS - GET, 41.8, 0
2018-11-14 17:51:45 (9953095088365) STATS - GET, 41.9, 0
2018-11-14 17:51:45 (9953095105766) STATS - GET, 42.0, 0
2018-11-14 17:51:45 (9953095122467) STATS - GET, 42.1, 0
2018-11-14 17:51:45 (9953095138767) STATS - GET, 42.2, 0
2018-11-14 17:51:45 (9953095155268) STATS - GET, 42.3, 0
2018-11-14 17:51:45 (9953095171868) STATS - GET, 42.4, 0
2018-11-14 17:51:45 (9953095188169) STATS - GET, 42.5, 0
2018-11-14 17:51:45 (9953095204669) STATS - GET, 42.6, 0
2018-11-14 17:51:45 (9953095220970) STATS - GET, 42.7, 0
2018-11-14 17:51:45 (9953095237671) STATS - GET, 42.8, 0
2018-11-14 17:51:45 (9953095255871) STATS - GET, 42.9, 0
2018-11-14 17:51:45 (9953095273072) STATS - GET, 43.0, 0
2018-11-14 17:51:45 (9953095289772) STATS - GET, 43.1, 0
2018-11-14 17:51:45 (9953095307873) STATS - GET, 43.2, 0
2018-11-14 17:51:45 (9953095324574) STATS - GET, 43.3, 0
2018-11-14 17:51:45 (9953095340974) STATS - GET, 43.4, 0
2018-11-14 17:51:45 (9953095357275) STATS - GET, 43.5, 0
2018-11-14 17:51:45 (9953095373575) STATS - GET, 43.6, 0
2018-11-14 17:51:45 (9953095389776) STATS - GET, 43.7, 0
2018-11-14 17:51:45 (9953095406077) STATS - GET, 43.8, 0
2018-11-14 17:51:45 (9953095422577) STATS - GET, 43.9, 0
2018-11-14 17:51:45 (9953095439478) STATS - GET, 44.0, 0
2018-11-14 17:51:45 (9953095455778) STATS - GET, 44.1, 0
2018-11-14 17:51:45 (9953095472379) STATS - GET, 44.2, 0
2018-11-14 17:51:45 (9953095488880) STATS - GET, 44.3, 0
2018-11-14 17:51:45 (9953095505580) STATS - GET, 44.4, 0
2018-11-14 17:51:45 (9953095521781) STATS - GET, 44.5, 0
2018-11-14 17:51:45 (9953095538081) STATS - GET, 44.6, 0
2018-11-14 17:51:45 (9953095554382) STATS - GET, 44.7, 0
2018-11-14 17:51:45 (9953095572082) STATS - GET, 44.8, 0
2018-11-14 17:51:45 (9953095588783) STATS - GET, 44.9, 0
2018-11-14 17:51:45 (9953095605684) STATS - GET, 45.0, 0
2018-11-14 17:51:45 (9953095622484) STATS - GET, 45.1, 0
2018-11-14 17:51:45 (9953095638885) STATS - GET, 45.2, 0
2018-11-14 17:51:45 (9953095656485) STATS - GET, 45.3, 0
2018-11-14 17:51:45 (9953095673386) STATS - GET, 45.4, 0
2018-11-14 17:51:45 (9953095689487) STATS - GET, 45.5, 0
2018-11-14 17:51:45 (9953095705687) STATS - GET, 45.6, 0
2018-11-14 17:51:45 (9953095721888) STATS - GET, 45.7, 0
2018-11-14 17:51:45 (9953095738088) STATS - GET, 45.8, 0
2018-11-14 17:51:45 (9953095754289) STATS - GET, 45.9, 0
2018-11-14 17:51:45 (9953095770889) STATS - GET, 46.0, 0
2018-11-14 17:51:45 (9953095799290) STATS - GET, 46.1, 0
2018-11-14 17:51:45 (9953095816491) STATS - GET, 46.2, 0
2018-11-14 17:51:45 (9953095845292) STATS - GET, 46.3, 0
2018-11-14 17:51:45 (9953095863093) STATS - GET, 46.4, 0
2018-11-14 17:51:45 (9953095880893) STATS - GET, 46.5, 0
2018-11-14 17:51:45 (9953095900194) STATS - GET, 46.6, 0
2018-11-14 17:51:45 (9953095917595) STATS - GET, 46.7, 0
2018-11-14 17:51:45 (9953095935295) STATS - GET, 46.8, 0
2018-11-14 17:51:45 (9953095954296) STATS - GET, 46.9, 0
2018-11-14 17:51:45 (9953095973897) STATS - GET, 47.0, 0
2018-11-14 17:51:45 (9953095991897) STATS - GET, 47.1, 0
2018-11-14 17:51:45 (9953096039599) STATS - GET, 47.2, 0
2018-11-14 17:51:45 (9953096059600) STATS - GET, 47.3, 0
2018-11-14 17:51:45 (9953096081000) STATS - GET, 47.4, 0
2018-11-14 17:51:45 (9953096100601) STATS - GET, 47.5, 0
2018-11-14 17:51:45 (9953096122702) STATS - GET, 47.6, 0
2018-11-14 17:51:45 (9953096141503) STATS - GET, 47.7, 0
2018-11-14 17:51:45 (9953096160203) STATS - GET, 47.8, 0
2018-11-14 17:51:45 (9953096178704) STATS - GET, 47.9, 0
2018-11-14 17:51:45 (9953096197505) STATS - GET, 48.0, 0
2018-11-14 17:51:45 (9953096216105) STATS - GET, 48.1, 0
2018-11-14 17:51:45 (9953096234306) STATS - GET, 48.2, 0
2018-11-14 17:51:45 (9953096252607) STATS - GET, 48.3, 0
2018-11-14 17:51:45 (9953096271507) STATS - GET, 48.4, 0
2018-11-14 17:51:45 (9953096289708) STATS - GET, 48.5, 0
2018-11-14 17:51:45 (9953096307808) STATS - GET, 48.6, 0
2018-11-14 17:51:45 (9953096326109) STATS - GET, 48.7, 0
2018-11-14 17:51:45 (9953096346210) STATS - GET, 48.8, 0
2018-11-14 17:51:45 (9953103642368) STATS - GET, 48.9, 0
2018-11-14 17:51:45 (9953103715670) STATS - GET, 49.0, 0
2018-11-14 17:51:45 (9953103738471) STATS - GET, 49.1, 0
2018-11-14 17:51:45 (9953103755872) STATS - GET, 49.2, 0
2018-11-14 17:51:45 (9953103772472) STATS - GET, 49.3, 0
2018-11-14 17:51:45 (9953103788573) STATS - GET, 49.4, 0
2018-11-14 17:51:45 (9953103806474) STATS - GET, 49.5, 0
2018-11-14 17:51:45 (9953103883476) STATS - GET, 49.6, 0
2018-11-14 17:51:45 (9953103906277) STATS - GET, 49.7, 0
2018-11-14 17:51:45 (9953103921978) STATS - GET, 49.8, 0
2018-11-14 17:51:45 (9953103938578) STATS - GET, 49.9, 0
2018-11-14 17:51:45 (9953103954779) STATS - GET, 50.0, 0
2018-11-14 17:51:45 (9953103975380) STATS - GET, 50.1, 0
2018-11-14 17:51:45 (9953103990580) STATS - GET, 50.2, 0
2018-11-14 17:51:45 (9953104020281) STATS - GET, 50.3, 0
2018-11-14 17:51:45 (9953104038082) STATS - GET, 50.4, 0
2018-11-14 17:51:45 (9953104053182) STATS - GET, 50.5, 0
2018-11-14 17:51:45 (9953104068183) STATS - GET, 50.6, 0
2018-11-14 17:51:45 (9953104083183) STATS - GET, 50.7, 0
2018-11-14 17:51:45 (9953104098884) STATS - GET, 50.8, 0
2018-11-14 17:51:45 (9953104114185) STATS - GET, 50.9, 0
2018-11-14 17:51:45 (9953104129885) STATS - GET, 51.0, 0
2018-11-14 17:51:45 (9953104145086) STATS - GET, 51.1, 0
2018-11-14 17:51:45 (9953104159886) STATS - GET, 51.2, 0
2018-11-14 17:51:45 (9953104236789) STATS - GET, 51.3, 0
2018-11-14 17:51:45 (9953104263190) STATS - GET, 51.4, 0
2018-11-14 17:51:45 (9953104282590) STATS - GET, 51.5, 0
2018-11-14 17:51:45 (9953104298591) STATS - GET, 51.6, 0
2018-11-14 17:51:45 (9953104316892) STATS - GET, 51.7, 0
2018-11-14 17:51:45 (9953104352593) STATS - GET, 51.8, 0
2018-11-14 17:51:45 (9953104431596) STATS - GET, 51.9, 0
2018-11-14 17:51:45 (9953104455697) STATS - GET, 52.0, 0
2018-11-14 17:51:45 (9953104616302) STATS - GET, 52.1, 0
2018-11-14 17:51:45 (9953104640803) STATS - GET, 52.2, 0
2018-11-14 17:51:45 (9953104659704) STATS - GET, 52.3, 0
2018-11-14 17:51:45 (9953104687705) STATS - GET, 52.4, 0
2018-11-14 17:51:45 (9953104703105) STATS - GET, 52.5, 0
2018-11-14 17:51:45 (9953104719206) STATS - GET, 52.6, 0
2018-11-14 17:51:45 (9953104735006) STATS - GET, 52.7, 0
2018-11-14 17:51:45 (9953104750107) STATS - GET, 52.8, 0
2018-11-14 17:51:45 (9953104765408) STATS - GET, 52.9, 0
2018-11-14 17:51:45 (9953104781408) STATS - GET, 53.0, 0
2018-11-14 17:51:45 (9953104796809) STATS - GET, 53.1, 0
2018-11-14 17:51:45 (9953104837610) STATS - GET, 53.2, 0
2018-11-14 17:51:45 (9953105040517) STATS - GET, 53.3, 0
2018-11-14 17:51:45 (9953105061218) STATS - GET, 53.4, 0
2018-11-14 17:51:45 (9953105078219) STATS - GET, 53.5, 0
2018-11-14 17:51:45 (9953105094219) STATS - GET, 53.6, 0
2018-11-14 17:51:45 (9953105109920) STATS - GET, 53.7, 0
2018-11-14 17:51:45 (9953105125820) STATS - GET, 53.8, 0
2018-11-14 17:51:45 (9953105141821) STATS - GET, 53.9, 0
2018-11-14 17:51:45 (9953105158721) STATS - GET, 54.0, 0
2018-11-14 17:51:45 (9953105174422) STATS - GET, 54.1, 0
2018-11-14 17:51:45 (9953105190023) STATS - GET, 54.2, 0
2018-11-14 17:51:45 (9953105206723) STATS - GET, 54.3, 0
2018-11-14 17:51:45 (9953105222424) STATS - GET, 54.4, 0
2018-11-14 17:51:45 (9953105237824) STATS - GET, 54.5, 0
2018-11-14 17:51:45 (9953105253425) STATS - GET, 54.6, 0
2018-11-14 17:51:45 (9953105268925) STATS - GET, 54.7, 0
2018-11-14 17:51:45 (9953105284726) STATS - GET, 54.8, 0
2018-11-14 17:51:45 (9953105300426) STATS - GET, 54.9, 0
2018-11-14 17:51:45 (9953105316227) STATS - GET, 55.0, 0
2018-11-14 17:51:45 (9953105342328) STATS - GET, 55.1, 0
2018-11-14 17:51:45 (9953105357328) STATS - GET, 55.2, 0
2018-11-14 17:51:45 (9953105372629) STATS - GET, 55.3, 0
2018-11-14 17:51:45 (9953105387830) STATS - GET, 55.4, 0
2018-11-14 17:51:45 (9953105402830) STATS - GET, 55.5, 0
2018-11-14 17:51:45 (9953105418031) STATS - GET, 55.6, 0
2018-11-14 17:51:45 (9953105435731) STATS - GET, 55.7, 0
2018-11-14 17:51:45 (9953105452032) STATS - GET, 55.8, 0
2018-11-14 17:51:45 (9953105481333) STATS - GET, 55.9, 0
2018-11-14 17:51:45 (9953105497433) STATS - GET, 56.0, 0
2018-11-14 17:51:45 (9953105512234) STATS - GET, 56.1, 0
2018-11-14 17:51:45 (9953105537535) STATS - GET, 56.2, 0
2018-11-14 17:51:45 (9953105551535) STATS - GET, 56.3, 0
2018-11-14 17:51:45 (9953105566236) STATS - GET, 56.4, 0
2018-11-14 17:51:45 (9953105580236) STATS - GET, 56.5, 0
2018-11-14 17:51:45 (9953105594137) STATS - GET, 56.6, 0
2018-11-14 17:51:45 (9953105608137) STATS - GET, 56.7, 0
2018-11-14 17:51:45 (9953105622138) STATS - GET, 56.8, 0
2018-11-14 17:51:45 (9953105636338) STATS - GET, 56.9, 0
2018-11-14 17:51:45 (9953105650539) STATS - GET, 57.0, 0
2018-11-14 17:51:45 (9953105664239) STATS - GET, 57.1, 0
2018-11-14 17:51:45 (9953105677940) STATS - GET, 57.2, 0
2018-11-14 17:51:45 (9953105691840) STATS - GET, 57.3, 0
2018-11-14 17:51:45 (9953105705841) STATS - GET, 57.4, 0
2018-11-14 17:51:45 (9953105719741) STATS - GET, 57.5, 0
2018-11-14 17:51:45 (9953105733442) STATS - GET, 57.6, 0
2018-11-14 17:51:45 (9953105747342) STATS - GET, 57.7, 0
2018-11-14 17:51:45 (9953105761643) STATS - GET, 57.8, 0
2018-11-14 17:51:45 (9953105775543) STATS - GET, 57.9, 0
2018-11-14 17:51:45 (9953105789544) STATS - GET, 58.0, 0
2018-11-14 17:51:45 (9953105803444) STATS - GET, 58.1, 0
2018-11-14 17:51:45 (9953105817345) STATS - GET, 58.2, 0
2018-11-14 17:51:45 (9953105831845) STATS - GET, 58.3, 0
2018-11-14 17:51:45 (9953105846046) STATS - GET, 58.4, 0
2018-11-14 17:51:45 (9953105860246) STATS - GET, 58.5, 0
2018-11-14 17:51:45 (9953105874247) STATS - GET, 58.6, 0
2018-11-14 17:51:45 (9953105899648) STATS - GET, 58.7, 0
2018-11-14 17:51:45 (9953105914448) STATS - GET, 58.8, 0
2018-11-14 17:51:45 (9953105929049) STATS - GET, 58.9, 0
2018-11-14 17:51:45 (9953105943749) STATS - GET, 59.0, 0
2018-11-14 17:51:45 (9953105958250) STATS - GET, 59.1, 0
2018-11-14 17:51:45 (9953105972750) STATS - GET, 59.2, 0
2018-11-14 17:51:45 (9953105987451) STATS - GET, 59.3, 0
2018-11-14 17:51:45 (9953106002151) STATS - GET, 59.4, 0
2018-11-14 17:51:45 (9953106028352) STATS - GET, 59.5, 0
2018-11-14 17:51:45 (9953106043453) STATS - GET, 59.6, 0
2018-11-14 17:51:45 (9953106058353) STATS - GET, 59.7, 0
2018-11-14 17:51:45 (9953106073454) STATS - GET, 59.8, 0
2018-11-14 17:51:45 (9953106088254) STATS - GET, 59.9, 0
2018-11-14 17:51:45 (9953106103555) STATS - GET, 60.0, 0
2018-11-14 17:51:45 (9953106118555) STATS - GET, 60.1, 0
2018-11-14 17:51:45 (9953106133356) STATS - GET, 60.2, 0
2018-11-14 17:51:45 (9953106148256) STATS - GET, 60.3, 0
2018-11-14 17:51:45 (9953106175257) STATS - GET, 60.4, 0
2018-11-14 17:51:45 (9953106190658) STATS - GET, 60.5, 0
2018-11-14 17:51:45 (9953106207659) STATS - GET, 60.6, 0
2018-11-14 17:51:45 (9953106222859) STATS - GET, 60.7, 0
2018-11-14 17:51:45 (9953106238460) STATS - GET, 60.8, 0
2018-11-14 17:51:45 (9953106254060) STATS - GET, 60.9, 0
2018-11-14 17:51:45 (9953106269561) STATS - GET, 61.0, 0
2018-11-14 17:51:45 (9953106284761) STATS - GET, 61.1, 0
2018-11-14 17:51:45 (9953106300062) STATS - GET, 61.2, 0
2018-11-14 17:51:45 (9953106315362) STATS - GET, 61.3, 0
2018-11-14 17:51:45 (9953106330563) STATS - GET, 61.4, 0
2018-11-14 17:51:45 (9953106345863) STATS - GET, 61.5, 0
2018-11-14 17:51:45 (9953106360964) STATS - GET, 61.6, 0
2018-11-14 17:51:45 (9953106376165) STATS - GET, 61.7, 0
2018-11-14 17:51:45 (9953106391665) STATS - GET, 61.8, 0
2018-11-14 17:51:45 (9953106407066) STATS - GET, 61.9, 0
2018-11-14 17:51:45 (9953106422666) STATS - GET, 62.0, 0
2018-11-14 17:51:45 (9953106437767) STATS - GET, 62.1, 0
2018-11-14 17:51:45 (9953106452967) STATS - GET, 62.2, 0
2018-11-14 17:51:45 (9953106468568) STATS - GET, 62.3, 0
2018-11-14 17:51:45 (9953106484268) STATS - GET, 62.4, 0
2018-11-14 17:51:45 (9953106499669) STATS - GET, 62.5, 0
2018-11-14 17:51:45 (9953106515369) STATS - GET, 62.6, 0
2018-11-14 17:51:45 (9953106530670) STATS - GET, 62.7, 0
2018-11-14 17:51:45 (9953106546271) STATS - GET, 62.8, 0
2018-11-14 17:51:45 (9953106562071) STATS - GET, 62.9, 0
2018-11-14 17:51:45 (9953106577672) STATS - GET, 63.0, 0
2018-11-14 17:51:45 (9953106593072) STATS - GET, 63.1, 0
2018-11-14 17:51:45 (9953106608573) STATS - GET, 63.2, 0
2018-11-14 17:51:45 (9953106625873) STATS - GET, 63.3, 0
2018-11-14 17:51:45 (9953106643174) STATS - GET, 63.4, 0
2018-11-14 17:51:45 (9953106658575) STATS - GET, 63.5, 0
2018-11-14 17:51:45 (9953106674075) STATS - GET, 63.6, 0
2018-11-14 17:51:45 (9953106689276) STATS - GET, 63.7, 0
2018-11-14 17:51:45 (9953106704676) STATS - GET, 63.8, 0
2018-11-14 17:51:45 (9953106720177) STATS - GET, 63.9, 0
2018-11-14 17:51:45 (9953106736377) STATS - GET, 64.0, 0
2018-11-14 17:51:45 (9953106751778) STATS - GET, 64.1, 0
2018-11-14 17:51:45 (9953106767378) STATS - GET, 64.2, 0
2018-11-14 17:51:45 (9953113312610) STATS - GET, 64.3, 0
2018-11-14 17:51:45 (9953113375012) STATS - GET, 64.4, 0
2018-11-14 17:51:45 (9953113397313) STATS - GET, 64.5, 0
2018-11-14 17:51:45 (9953113421814) STATS - GET, 64.6, 0
2018-11-14 17:51:45 (9953113439914) STATS - GET, 64.7, 0
2018-11-14 17:51:45 (9953113451915) STATS - GET, 64.8, 0
2018-11-14 17:51:45 (9953113463515) STATS - GET, 64.9, 0
2018-11-14 17:51:45 (9953113476216) STATS - GET, 65.0, 0
2018-11-14 17:51:45 (9953113488316) STATS - GET, 65.1, 0
2018-11-14 17:51:45 (9953113499816) STATS - GET, 65.2, 0
2018-11-14 17:51:45 (9953113511417) STATS - GET, 65.3, 0
2018-11-14 17:51:45 (9953113522917) STATS - GET, 65.4, 0
2018-11-14 17:51:45 (9953113534318) STATS - GET, 65.5, 0
2018-11-14 17:51:45 (9953113545818) STATS - GET, 65.6, 0
2018-11-14 17:51:45 (9953113557218) STATS - GET, 65.7, 0
2018-11-14 17:51:45 (9953113568519) STATS - GET, 65.8, 0
2018-11-14 17:51:45 (9953113579819) STATS - GET, 65.9, 0
2018-11-14 17:51:45 (9953113591420) STATS - GET, 66.0, 0
2018-11-14 17:51:45 (9953113603720) STATS - GET, 66.1, 0
2018-11-14 17:51:45 (9953113616521) STATS - GET, 66.2, 0
2018-11-14 17:51:45 (9953113628521) STATS - GET, 66.3, 0
2018-11-14 17:51:45 (9953113656422) STATS - GET, 66.4, 0
2018-11-14 17:51:45 (9953113670822) STATS - GET, 66.5, 0
2018-11-14 17:51:45 (9953113682523) STATS - GET, 66.6, 0
2018-11-14 17:51:45 (9953113693823) STATS - GET, 66.7, 0
2018-11-14 17:51:45 (9953113705224) STATS - GET, 66.8, 0
2018-11-14 17:51:45 (9953113716324) STATS - GET, 66.9, 0
2018-11-14 17:51:45 (9953113728325) STATS - GET, 67.0, 0
2018-11-14 17:51:45 (9953113739525) STATS - GET, 67.1, 0
2018-11-14 17:51:45 (9953113750925) STATS - GET, 67.2, 0
2018-11-14 17:51:45 (9953113762326) STATS - GET, 67.3, 0
2018-11-14 17:51:45 (9953113773426) STATS - GET, 67.4, 0
2018-11-14 17:51:45 (9953113784527) STATS - GET, 67.5, 0
2018-11-14 17:51:45 (9953113796027) STATS - GET, 67.6, 0
2018-11-14 17:51:45 (9953113807327) STATS - GET, 67.7, 0
2018-11-14 17:51:45 (9953113818428) STATS - GET, 67.8, 0
2018-11-14 17:51:45 (9953113829428) STATS - GET, 67.9, 0
2018-11-14 17:51:45 (9953113845029) STATS - GET, 68.0, 0
2018-11-14 17:51:45 (9953113856529) STATS - GET, 68.1, 0
2018-11-14 17:51:45 (9953113867629) STATS - GET, 68.2, 0
2018-11-14 17:51:45 (9953113878930) STATS - GET, 68.3, 0
2018-11-14 17:51:45 (9953113890030) STATS - GET, 68.4, 0
2018-11-14 17:51:45 (9953113901231) STATS - GET, 68.5, 0
2018-11-14 17:51:45 (9953113912331) STATS - GET, 68.6, 0
2018-11-14 17:51:45 (9953113923231) STATS - GET, 68.7, 0
2018-11-14 17:51:45 (9953113934332) STATS - GET, 68.8, 0
2018-11-14 17:51:45 (9953113945632) STATS - GET, 68.9, 0
2018-11-14 17:51:45 (9953113956733) STATS - GET, 69.0, 0
2018-11-14 17:51:45 (9953113967833) STATS - GET, 69.1, 0
2018-11-14 17:51:45 (9953113979233) STATS - GET, 69.2, 0
2018-11-14 17:51:45 (9953113990334) STATS - GET, 69.3, 0
2018-11-14 17:51:45 (9953114002434) STATS - GET, 69.4, 0
2018-11-14 17:51:45 (9953114013935) STATS - GET, 69.5, 0
2018-11-14 17:51:45 (9953114025135) STATS - GET, 69.6, 0
2018-11-14 17:51:45 (9953114036335) STATS - GET, 69.7, 0
2018-11-14 17:51:45 (9953114047336) STATS - GET, 69.8, 0
2018-11-14 17:51:45 (9953114058236) STATS - GET, 69.9, 0
2018-11-14 17:51:45 (9953114069637) STATS - GET, 70.0, 0
2018-11-14 17:51:45 (9953114081037) STATS - GET, 70.1, 0
2018-11-14 17:51:45 (9953114092037) STATS - GET, 70.2, 0
2018-11-14 17:51:45 (9953114103338) STATS - GET, 70.3, 0
2018-11-14 17:51:45 (9953114114438) STATS - GET, 70.4, 0
2018-11-14 17:51:45 (9953114125439) STATS - GET, 70.5, 0
2018-11-14 17:51:45 (9953114136639) STATS - GET, 70.6, 0
2018-11-14 17:51:45 (9953114163840) STATS - GET, 70.7, 0
2018-11-14 17:51:45 (9953114177440) STATS - GET, 70.8, 0
2018-11-14 17:51:45 (9953114188941) STATS - GET, 70.9, 0
2018-11-14 17:51:45 (9953114200741) STATS - GET, 71.0, 0
2018-11-14 17:51:45 (9953114221342) STATS - GET, 71.1, 0
2018-11-14 17:51:45 (9953114244843) STATS - GET, 71.2, 0
2018-11-14 17:51:45 (9953114257343) STATS - GET, 71.3, 0
2018-11-14 17:51:45 (9953114269144) STATS - GET, 71.4, 0
2018-11-14 17:51:45 (9953114281144) STATS - GET, 71.5, 0
2018-11-14 17:51:45 (9953114293244) STATS - GET, 71.6, 0
2018-11-14 17:51:45 (9953114305245) STATS - GET, 71.7, 0
2018-11-14 17:51:45 (9953114317145) STATS - GET, 71.8, 0
2018-11-14 17:51:45 (9953114328846) STATS - GET, 71.9, 0
2018-11-14 17:51:45 (9953114340846) STATS - GET, 72.0, 0
2018-11-14 17:51:45 (9953114352647) STATS - GET, 72.1, 0
2018-11-14 17:51:45 (9953114364247) STATS - GET, 72.2, 0
2018-11-14 17:51:45 (9953114376447) STATS - GET, 72.3, 0
2018-11-14 17:51:45 (9953114388448) STATS - GET, 72.4, 0
2018-11-14 17:51:45 (9953114401548) STATS - GET, 72.5, 0
2018-11-14 17:51:45 (9953114414049) STATS - GET, 72.6, 0
2018-11-14 17:51:45 (9953114426049) STATS - GET, 72.7, 1
2018-11-14 17:51:45 (9953114437750) STATS - GET, 72.8, 0
2018-11-14 17:51:45 (9953114449450) STATS - GET, 72.9, 0
2018-11-14 17:51:45 (9953114461250) STATS - GET, 73.0, 0
2018-11-14 17:51:45 (9953114473151) STATS - GET, 73.1, 0
2018-11-14 17:51:45 (9953114514852) STATS - GET, 73.2, 0
2018-11-14 17:51:45 (9953114527453) STATS - GET, 73.3, 0
2018-11-14 17:51:45 (9953114549954) STATS - GET, 73.4, 0
2018-11-14 17:51:45 (9953114561054) STATS - GET, 73.5, 0
2018-11-14 17:51:45 (9953114572854) STATS - GET, 73.6, 0
2018-11-14 17:51:45 (9953114583955) STATS - GET, 73.7, 0
2018-11-14 17:51:45 (9953114595255) STATS - GET, 73.8, 0
2018-11-14 17:51:45 (9953114606456) STATS - GET, 73.9, 0
2018-11-14 17:51:45 (9953114617956) STATS - GET, 74.0, 0
2018-11-14 17:51:45 (9953114629456) STATS - GET, 74.1, 0
2018-11-14 17:51:45 (9953114640757) STATS - GET, 74.2, 0
2018-11-14 17:51:45 (9953114653557) STATS - GET, 74.3, 0
2018-11-14 17:51:45 (9953114665258) STATS - GET, 74.4, 0
2018-11-14 17:51:45 (9953114676558) STATS - GET, 74.5, 0
2018-11-14 17:51:45 (9953114687958) STATS - GET, 74.6, 0
2018-11-14 17:51:45 (9953114699959) STATS - GET, 74.7, 0
2018-11-14 17:51:45 (9953114711859) STATS - GET, 74.8, 0
2018-11-14 17:51:45 (9953114723260) STATS - GET, 74.9, 0
2018-11-14 17:51:45 (9953114734960) STATS - GET, 75.0, 0
2018-11-14 17:51:45 (9953114746461) STATS - GET, 75.1, 0
2018-11-14 17:51:45 (9953114757961) STATS - GET, 75.2, 0
2018-11-14 17:51:45 (9953114769661) STATS - GET, 75.3, 0
2018-11-14 17:51:45 (9953114781262) STATS - GET, 75.4, 0
2018-11-14 17:51:45 (9953114792262) STATS - GET, 75.5, 0
2018-11-14 17:51:45 (9953114803963) STATS - GET, 75.6, 0
2018-11-14 17:51:45 (9953114815263) STATS - GET, 75.7, 0
2018-11-14 17:51:45 (9953114826663) STATS - GET, 75.8, 0
2018-11-14 17:51:45 (9953114838264) STATS - GET, 75.9, 0
2018-11-14 17:51:45 (9953114849764) STATS - GET, 76.0, 0
2018-11-14 17:51:45 (9953114861665) STATS - GET, 76.1, 0
2018-11-14 17:51:45 (9953114872965) STATS - GET, 76.2, 0
2018-11-14 17:51:45 (9953114884165) STATS - GET, 76.3, 0
2018-11-14 17:51:45 (9953114895466) STATS - GET, 76.4, 0
2018-11-14 17:51:45 (9953114906866) STATS - GET, 76.5, 0
2018-11-14 17:51:45 (9953114918367) STATS - GET, 76.6, 0
2018-11-14 17:51:45 (9953114929767) STATS - GET, 76.7, 0
2018-11-14 17:51:45 (9953114941267) STATS - GET, 76.8, 0
2018-11-14 17:51:45 (9953114953668) STATS - GET, 76.9, 0
2018-11-14 17:51:45 (9953114965468) STATS - GET, 77.0, 0
2018-11-14 17:51:45 (9953114978169) STATS - GET, 77.1, 0
2018-11-14 17:51:45 (9953114990069) STATS - GET, 77.2, 0
2018-11-14 17:51:45 (9953115002970) STATS - GET, 77.3, 0
2018-11-14 17:51:45 (9953115015370) STATS - GET, 77.4, 0
2018-11-14 17:51:45 (9953115027170) STATS - GET, 77.5, 0
2018-11-14 17:51:45 (9953115038771) STATS - GET, 77.6, 0
2018-11-14 17:51:45 (9953115050071) STATS - GET, 77.7, 0
2018-11-14 17:51:45 (9953115061372) STATS - GET, 77.8, 0
2018-11-14 17:51:45 (9953115072672) STATS - GET, 77.9, 0
2018-11-14 17:51:45 (9953115084072) STATS - GET, 78.0, 0
2018-11-14 17:51:45 (9953115095973) STATS - GET, 78.1, 0
2018-11-14 17:51:45 (9953115107173) STATS - GET, 78.2, 0
2018-11-14 17:51:45 (9953115118574) STATS - GET, 78.3, 0
2018-11-14 17:51:45 (9953115129774) STATS - GET, 78.4, 0
2018-11-14 17:51:45 (9953115141074) STATS - GET, 78.5, 0
2018-11-14 17:51:45 (9953115152375) STATS - GET, 78.6, 0
2018-11-14 17:51:45 (9953115163575) STATS - GET, 78.7, 1
2018-11-14 17:51:45 (9953115174876) STATS - GET, 78.8, 0
2018-11-14 17:51:45 (9953115186076) STATS - GET, 78.9, 0
2018-11-14 17:51:45 (9953115197376) STATS - GET, 79.0, 0
2018-11-14 17:51:45 (9953115208777) STATS - GET, 79.1, 0
2018-11-14 17:51:45 (9953115219877) STATS - GET, 79.2, 0
2018-11-14 17:51:45 (9953115231278) STATS - GET, 79.3, 0
2018-11-14 17:51:45 (9953115242278) STATS - GET, 79.4, 0
2018-11-14 17:51:45 (9953115253678) STATS - GET, 79.5, 0
2018-11-14 17:51:45 (9953115265079) STATS - GET, 79.6, 0
2018-11-14 17:51:45 (9953115276379) STATS - GET, 79.7, 0
2018-11-14 17:51:45 (9953115287680) STATS - GET, 79.8, 0
2018-11-14 17:51:45 (9953115298880) STATS - GET, 79.9, 0
2018-11-14 17:51:45 (9953115310380) STATS - GET, 80.0, 0
2018-11-14 17:51:45 (9953115321781) STATS - GET, 80.1, 0
2018-11-14 17:51:45 (9953115333081) STATS - GET, 80.2, 0
2018-11-14 17:51:45 (9953115344482) STATS - GET, 80.3, 0
2018-11-14 17:51:45 (9953115355782) STATS - GET, 80.4, 0
2018-11-14 17:51:45 (9953115367182) STATS - GET, 80.5, 0
2018-11-14 17:51:45 (9953115378583) STATS - GET, 80.6, 0
2018-11-14 17:51:45 (9953115389983) STATS - GET, 80.7, 0
2018-11-14 17:51:45 (9953115413484) STATS - GET, 80.8, 0
2018-11-14 17:51:45 (9953115427085) STATS - GET, 80.9, 0
2018-11-14 17:51:45 (9953115438585) STATS - GET, 81.0, 0
2018-11-14 17:51:45 (9953115459386) STATS - GET, 81.1, 0
2018-11-14 17:51:45 (9953115471786) STATS - GET, 81.2, 0
2018-11-14 17:51:45 (9953115483287) STATS - GET, 81.3, 0
2018-11-14 17:51:45 (9953115494387) STATS - GET, 81.4, 0
2018-11-14 17:51:45 (9953115505287) STATS - GET, 81.5, 0
2018-11-14 17:51:45 (9953115516988) STATS - GET, 81.6, 0
2018-11-14 17:51:45 (9953115530188) STATS - GET, 81.7, 0
2018-11-14 17:51:45 (9953115541889) STATS - GET, 81.8, 0
2018-11-14 17:51:45 (9953115553089) STATS - GET, 81.9, 1
2018-11-14 17:51:45 (9953115564689) STATS - GET, 82.0, 0
2018-11-14 17:51:45 (9953115576090) STATS - GET, 82.1, 0
2018-11-14 17:51:45 (9953115587490) STATS - GET, 82.2, 0
2018-11-14 17:51:45 (9953115598891) STATS - GET, 82.3, 0
2018-11-14 17:51:45 (9953115609991) STATS - GET, 82.4, 0
2018-11-14 17:51:45 (9953115632492) STATS - GET, 82.5, 0
2018-11-14 17:51:45 (9953115644392) STATS - GET, 82.6, 0
2018-11-14 17:51:45 (9953115667493) STATS - GET, 82.7, 0
2018-11-14 17:51:45 (9953115679994) STATS - GET, 82.8, 0
2018-11-14 17:51:45 (9953115691994) STATS - GET, 82.9, 0
2018-11-14 17:51:45 (9953115703994) STATS - GET, 83.0, 0
2018-11-14 17:51:45 (9953115716195) STATS - GET, 83.1, 1
2018-11-14 17:51:45 (9953115770997) INFO  - END: Middleware stopped.
